0.0, 303734
0.01, 298186
0.02, 291804
0.03, 291804
0.04, 291804
0.05, 291804
0.06, 291804
0.07, 291804
0.08, 291804
0.09, 291804
0.1, 291804
0.11, 284308
0.12, 284308
0.13, 284308
0.14, 284308
0.15, 284308
0.16, 284308
0.17, 284308
0.18, 284308
0.19, 284308
0.2, 284308
0.21, 284308
0.22, 284308
0.23, 284308
0.24, 284308
0.25, 284308
0.26, 284308
0.27, 284308
0.28, 284308
0.29, 284308
0.3, 284308
0.31, 284308
0.32, 284308
0.33, 284308
0.34, 284308
0.35, 284117
0.36, 284117
0.37, 284117
0.38, 284117
0.39, 284117
0.4, 284117
0.41, 284117
0.42, 284117
0.43, 284117
0.44, 284117
0.45, 284117
0.46, 284117
0.47, 284117
0.48, 284117
0.49, 284117
0.5, 284117
0.51, 284117
0.52, 284117
0.53, 284117
0.54, 284117
0.55, 284117
0.56, 284117
0.57, 284117
0.58, 284117
0.59, 284117
0.6, 284117
0.61, 284117
0.62, 284117
0.63, 284117
0.64, 284117
0.65, 284117
0.66, 284117
0.67, 284117
0.68, 284117
0.69, 284117
0.7, 284117
0.71, 284117
0.72, 284117
0.73, 284117
0.74, 284117
0.75, 284117
0.76, 284117
0.77, 284117
0.78, 284117
0.79, 284117
0.8, 284117
0.81, 284117
0.82, 284117
0.83, 284117
0.84, 284117
0.85, 280243
0.86, 280243
0.87, 280243
0.88, 280243
0.89, 280243
0.9, 280243
0.91, 280243
0.92, 280243
0.93, 280243
0.94, 280243
0.95, 280243
0.96, 280243
0.97, 280243
0.98, 280243
0.99, 280243
1.0, 280243
1.01, 280243
1.02, 280243
1.03, 280243
1.04, 280243
1.05, 280243
1.06, 280243
1.07, 280243
1.08, 280243
1.09, 280243
1.1, 280243
1.11, 280243
1.12, 280243
1.13, 280243
1.14, 280243
1.15, 280243
1.16, 280243
1.17, 280243
1.18, 280243
1.19, 280243
1.2, 280243
1.21, 280243
1.22, 280243
1.23, 280243
1.24, 280243
1.25, 280243
1.26, 280243
1.27, 280243
1.28, 280243
1.29, 280243
1.3, 280243
1.31, 280243
1.32, 280243
1.33, 280243
1.34, 280243
1.35, 280243
1.36, 280243
1.37, 280243
1.38, 280243
1.39, 280243
1.4, 280243
1.41, 280243
1.42, 280243
1.43, 280243
1.44, 280243
1.45, 280243
1.46, 280243
1.47, 280243
1.48, 280243
1.49, 280243
1.5, 280243
1.51, 280243
1.52, 280243
1.53, 280243
1.54, 280243
1.55, 280243
1.56, 280243
1.57, 280243
1.58, 280243
1.59, 280243
1.6, 280243
1.61, 280243
1.62, 280243
1.63, 279537
1.64, 279537
1.65, 279537
1.66, 279537
1.67, 279537
1.68, 279537
1.69, 279537
1.7, 279537
1.71, 279537
1.72, 279537
1.73, 279537
1.74, 279537
1.75, 279537
1.76, 279537
1.77, 279537
1.78, 279537
1.79, 279537
1.8, 279537
1.81, 279537
1.82, 279537
1.83, 279537
1.84, 279537
1.85, 279537
1.86, 279537
1.87, 279537
1.88, 279537
1.89, 279537
1.9, 279537
1.91, 279537
1.92, 279537
1.93, 279537
1.94, 279537
1.95, 279537
1.96, 279537
1.97, 279537
1.98, 279537
1.99, 279537
2.0, 279537
2.01, 279537
2.02, 279537
2.03, 279537
2.04, 279537
2.05, 279537
2.06, 279537
2.07, 279537
2.08, 279537
2.09, 279537
2.1, 279537
2.11, 279537
2.12, 279537
2.13, 279537
2.14, 279537
2.15, 279537
2.16, 279537
2.17, 279537
2.18, 279537
2.19, 279537
2.2, 279537
2.21, 279537
2.22, 279537
2.23, 279537
2.24, 279537
2.25, 279537
2.26, 279537
2.27, 279537
2.28, 279537
2.29, 279537
2.3, 279537
2.31, 279537
2.32, 279537
2.33, 279537
2.34, 279537
2.35, 279537
2.36, 279537
2.37, 279537
2.38, 279537
2.39, 279537
2.4, 279537
2.41, 279537
2.42, 279537
2.43, 279537
2.44, 279537
2.45, 279537
2.46, 279537
2.47, 279537
2.48, 279537
2.49, 279537
2.5, 279537
2.51, 279537
2.52, 279537
2.53, 279537
2.54, 279537
2.55, 279537
2.56, 279537
2.57, 279537
2.58, 279537
2.59, 279537
2.6, 279537
2.61, 279537
2.62, 279537
2.63, 279537
2.64, 279537
2.65, 279537
2.66, 279537
2.67, 279537
2.68, 279537
2.69, 279537
2.7, 279537
2.71, 279537
2.72, 279537
2.73, 279537
2.74, 279537
2.75, 279537
2.76, 279537
2.77, 279537
2.78, 279537
2.79, 279537
2.8, 279537
2.81, 279537
2.82, 279537
2.83, 279537
2.84, 279537
2.85, 279537
2.86, 279537
2.87, 279537
2.88, 279537
2.89, 279537
2.9, 279537
2.91, 279537
2.92, 279537
2.93, 279537
2.94, 279537
2.95, 279537
2.96, 279537
2.97, 279537
2.98, 279537
2.99, 279537
3.0, 279537
3.01, 279537
3.02, 279537
3.03, 279537
3.04, 279537
3.05, 279537
3.06, 279537
3.07, 279537
3.08, 279537
3.09, 279537
3.1, 279537
3.11, 279537
3.12, 279537
3.13, 279537
3.14, 279537
3.15, 279537
3.16, 279537
3.17, 279537
3.18, 279537
3.19, 279537
3.2, 279537
3.21, 279537
3.22, 279537
3.23, 279537
3.24, 279537
3.25, 279537
3.26, 279537
3.27, 279537
3.28, 279537
3.29, 279537
3.3, 279537
3.31, 279537
3.32, 279537
3.33, 279537
3.34, 279537
3.35, 279537
3.36, 279537
3.37, 279537
3.38, 279537
3.39, 279537
3.4, 279537
3.41, 279537
3.42, 279537
3.43, 279537
3.44, 279537
3.45, 279537
3.46, 279537
3.47, 279537
3.48, 279537
3.49, 279537
3.5, 279537
3.51, 279537
3.52, 279537
3.53, 279537
3.54, 279537
3.55, 279537
3.56, 279537
3.57, 279537
3.58, 279537
3.59, 279537
3.6, 279537
3.61, 279537
3.62, 279537
3.63, 279537
3.64, 279537
3.65, 279537
3.66, 279537
3.67, 279537
3.68, 279537
3.69, 277952
3.7, 277952
3.71, 277952
3.72, 277952
3.73, 277952
3.74, 277952
3.75, 277952
3.76, 277952
3.77, 277952
3.78, 277952
3.79, 277952
3.8, 277952
3.81, 277952
3.82, 277952
3.83, 277952
3.84, 277952
3.85, 277952
3.86, 277952
3.87, 277952
3.88, 277952
3.89, 277952
3.9, 277952
3.91, 277952
3.92, 277952
3.93, 277952
3.94, 277952
3.95, 277952
3.96, 277952
3.97, 277952
3.98, 277952
3.99, 277952
4.0, 277952
4.01, 277952
4.02, 277952
4.03, 277952
4.04, 277952
4.05, 277952
4.06, 277952
4.07, 277952
4.08, 277952
4.09, 277952
4.1, 277952
4.11, 277952
4.12, 277952
4.13, 277952
4.14, 277952
4.15, 277952
4.16, 277952
4.17, 277952
4.18, 277952
4.19, 277952
4.2, 277952
4.21, 277952
4.22, 277952
4.23, 277952
4.24, 277952
4.25, 277952
4.26, 277952
4.27, 277952
4.28, 277952
4.29, 277952
4.3, 277952
4.31, 277952
4.32, 277952
4.33, 277952
4.34, 277952
4.35, 277952
4.36, 277952
4.37, 277952
4.38, 277952
4.39, 277952
4.4, 277952
4.41, 277952
4.42, 277952
4.43, 277952
4.44, 277952
4.45, 277952
4.46, 277952
4.47, 277952
4.48, 277952
4.49, 277952
4.5, 277952
4.51, 277952
4.52, 277952
4.53, 277952
4.54, 277952
4.55, 277952
4.56, 277952
4.57, 277952
4.58, 277952
4.59, 277952
4.6, 277952
4.61, 277952
4.62, 277952
4.63, 277952
4.64, 277952
4.65, 277952
4.66, 277952
4.67, 277952
4.68, 277952
4.69, 277952
4.7, 277952
4.71, 277952
4.72, 277952
4.73, 277952
4.74, 277952
4.75, 277952
4.76, 277952
4.77, 277952
4.78, 277952
4.79, 277952
4.8, 277952
4.81, 277952
4.82, 277952
4.83, 277952
4.84, 277952
4.85, 277952
4.86, 277952
4.87, 277952
4.88, 277952
4.89, 277952
4.9, 277952
4.91, 277952
4.92, 277952
4.93, 277952
4.94, 277952
4.95, 277952
4.96, 277952
4.97, 277952
4.98, 277952
4.99, 277952
5.0, 277952
5.01, 277952
5.02, 277952
5.03, 277952
5.04, 277952
5.05, 277952
5.06, 277952
5.07, 277952
5.08, 277952
5.09, 277952
5.1, 277952
5.11, 277952
5.12, 277952
5.13, 277952
5.14, 277952
5.15, 277952
5.16, 277952
5.17, 277952
5.18, 277952
5.19, 277952
5.2, 277952
5.21, 277952
5.22, 277952
5.23, 277952
5.24, 277952
5.25, 277952
5.26, 277952
5.27, 277952
5.28, 277952
5.29, 277952
5.3, 277952
5.31, 277952
5.32, 277952
5.33, 277952
5.34, 277952
5.35, 277952
5.36, 277952
5.37, 277952
5.38, 277952
5.39, 277952
5.4, 277952
5.41, 277952
5.42, 277952
5.43, 277952
5.44, 277952
5.45, 277952
5.46, 277952
5.47, 277952
5.48, 277952
5.49, 277952
5.5, 277952
5.51, 277952
5.52, 277952
5.53, 277952
5.54, 277952
5.55, 277952
5.56, 277952
5.57, 277952
5.58, 277952
5.59, 277952
5.6, 277952
5.61, 277952
5.62, 277952
5.63, 277952
5.64, 277952
5.65, 277952
5.66, 277952
5.67, 277952
5.68, 277952
5.69, 277952
5.7, 277952
5.71, 277952
5.72, 277952
5.73, 277952
5.74, 277952
5.75, 277952
5.76, 277952
5.77, 277952
5.78, 277952
5.79, 277952
5.8, 277952
5.81, 277952
5.82, 277952
5.83, 277952
5.84, 277952
5.85, 277952
5.86, 277952
5.87, 277952
5.88, 277952
5.89, 277952
5.9, 277952
5.91, 277952
5.92, 277952
5.93, 277952
5.94, 277952
5.95, 277952
5.96, 277952
5.97, 277952
5.98, 277952
5.99, 277952
6.0, 277952
6.01, 277952
6.02, 277952
6.03, 277952
6.04, 277952
6.05, 277952
6.06, 277952
6.07, 277952
6.08, 277952
6.09, 277952
6.1, 277952
6.11, 277952
6.13, 277952
6.14, 277952
6.15, 277952
6.16, 277952
6.17, 277952
6.18, 277952
6.19, 277952
6.2, 277952
6.21, 277952
6.22, 277952
6.23, 277952
6.24, 277952
6.25, 277952
6.26, 277952
6.27, 277952
6.28, 277952
6.29, 277952
6.3, 277952
6.31, 277952
6.32, 277952
6.33, 277952
6.34, 277952
6.35, 277952
6.36, 277952
6.37, 277952
6.38, 277952
6.39, 277952
6.4, 277952
6.41, 277952
6.42, 277952
6.43, 277952
6.44, 277952
6.45, 277952
6.46, 277952
6.47, 277952
6.48, 277952
6.49, 277952
6.5, 277952
6.51, 277952
6.52, 277952
6.53, 277952
6.54, 277952
6.55, 277952
6.56, 277952
6.57, 277952
6.58, 277952
6.59, 277952
6.6, 277952
6.61, 277952
6.62, 277952
6.63, 277952
6.64, 277952
6.65, 277952
6.66, 277952
6.67, 277952
6.68, 277952
6.69, 277952
6.7, 277952
6.71, 277952
6.72, 277952
6.73, 277952
6.74, 277952
6.75, 277952
6.76, 277952
6.77, 277952
6.78, 277952
6.79, 277952
6.8, 277952
6.81, 277952
6.82, 277952
6.83, 277952
6.84, 277952
6.85, 277952
6.86, 277952
6.87, 277952
6.88, 277952
6.89, 277952
6.9, 277952
6.91, 277952
6.92, 277952
6.93, 277952
6.94, 277952
6.95, 277952
6.96, 277952
6.97, 277952
6.98, 277952
6.99, 277952
7.0, 277952
7.01, 277952
7.02, 277952
7.03, 277952
7.04, 277952
7.05, 277952
7.06, 277952
7.07, 277952
7.08, 277952
7.09, 277952
7.1, 277952
7.11, 277952
7.12, 277952
7.13, 277952
7.14, 277952
7.15, 277952
7.16, 277952
7.17, 277952
7.18, 277952
7.19, 277952
7.2, 277952
7.21, 277952
7.22, 277952
7.23, 277952
7.24, 277952
7.25, 277952
7.26, 277952
7.27, 277952
7.28, 277952
7.29, 277952
7.3, 277952
7.31, 277952
7.32, 277952
7.33, 277952
7.34, 277952
7.35, 277952
7.36, 277952
7.37, 277952
7.38, 277952
7.39, 277952
7.4, 277952
7.41, 277952
7.42, 277952
7.43, 277952
7.44, 277952
7.45, 277952
7.46, 277952
7.47, 277952
7.48, 277952
7.49, 277952
7.5, 277952
7.51, 277952
7.52, 277952
7.53, 277952
7.54, 277952
7.55, 277952
7.56, 277952
7.57, 277952
7.58, 277952
7.59, 277952
7.6, 277952
7.61, 277952
7.62, 277952
7.63, 277952
7.64, 277952
7.65, 277952
7.66, 277952
7.67, 277952
7.68, 277952
7.69, 277952
7.7, 277952
7.71, 277952
7.72, 277952
7.73, 277952
7.74, 277952
7.75, 277952
7.76, 277952
7.77, 277952
7.78, 277952
7.79, 277952
7.8, 277952
7.81, 277952
7.82, 277952
7.83, 277952
7.84, 277952
7.85, 277952
7.86, 277952
7.87, 277952
7.88, 277952
7.89, 277952
7.9, 277952
7.91, 277952
7.92, 277952
7.93, 277952
7.94, 277952
7.95, 277952
7.96, 277952
7.97, 277952
7.98, 277952
7.99, 277952
8.0, 277952
8.01, 277952
8.02, 277952
8.03, 277952
8.04, 277952
8.05, 277952
8.06, 277952
8.07, 277952
8.08, 277952
8.09, 277952
8.1, 277952
8.11, 277952
8.12, 277952
8.13, 277952
8.14, 277952
8.15, 277952
8.16, 277952
8.17, 277952
8.18, 277952
8.19, 277952
8.2, 277952
8.21, 277952
8.22, 277952
8.23, 277952
8.24, 277952
8.25, 277952
8.26, 277952
8.27, 277952
8.28, 277952
8.29, 277952
8.3, 277952
8.31, 277952
8.32, 277952
8.33, 277952
8.34, 277952
8.35, 277952
8.36, 277952
8.37, 277952
8.38, 277952
8.39, 277952
8.4, 277952
8.41, 277952
8.42, 277952
8.43, 277952
8.44, 277952
8.45, 277952
8.46, 277952
8.47, 277952
8.48, 277952
8.49, 277952
8.5, 277952
8.51, 277952
8.52, 277952
8.53, 277952
8.54, 277952
8.55, 277952
8.56, 277952
8.57, 277952
8.58, 277952
8.59, 277952
8.6, 277952
8.61, 277952
8.62, 277952
8.63, 277952
8.64, 277952
8.65, 277952
8.66, 277952
8.67, 277952
8.68, 277952
8.69, 277952
8.7, 277952
8.71, 277952
8.72, 277952
8.73, 277952
8.74, 277952
8.75, 277952
8.76, 277952
8.77, 277952
8.78, 277952
8.79, 277952
8.8, 277952
8.81, 277952
8.82, 277952
8.83, 277952
8.84, 277952
8.85, 277952
8.86, 277952
8.87, 277952
8.88, 277952
8.89, 277952
8.9, 277952
8.91, 277952
8.92, 277952
8.93, 277952
8.94, 277952
8.95, 277952
8.96, 277952
8.97, 277952
8.98, 277952
8.99, 277952
9.0, 277952
9.01, 277952
9.02, 277952
9.03, 277952
9.04, 277952
9.05, 277952
9.06, 277952
9.07, 277952
9.08, 277952
9.09, 277952
9.1, 277952
9.11, 277952
9.12, 277952
9.13, 277952
9.14, 277952
9.15, 277952
9.16, 277952
9.17, 277952
9.18, 277952
9.19, 277952
9.2, 277952
9.21, 277952
9.22, 277952
9.23, 277952
9.24, 277952
9.25, 277952
9.26, 277952
9.27, 277952
9.28, 277952
9.29, 277952
9.3, 277952
9.31, 277952
9.32, 277952
9.33, 277952
9.34, 277952
9.35, 277952
9.36, 277952
9.37, 277952
9.38, 277952
9.39, 277952
9.4, 277952
9.41, 277952
9.42, 277952
9.43, 277952
9.44, 277952
9.45, 277952
9.46, 277952
9.47, 277952
9.48, 277952
9.49, 277952
9.5, 277952
9.51, 277952
9.52, 277952
9.53, 277952
9.54, 277952
9.55, 277952
9.56, 277952
9.57, 277952
9.58, 277952
9.59, 277952
9.6, 277952
9.61, 277952
9.62, 277952
9.63, 277952
9.64, 277952
9.65, 277952
9.66, 277952
9.67, 277952
9.68, 277952
9.69, 277952
9.7, 277952
9.71, 277952
9.72, 277952
9.73, 277952
9.74, 277952
9.75, 277952
9.76, 277952
9.77, 277952
9.78, 277952
9.79, 277952
9.8, 277952
9.81, 277952
9.82, 277952
9.83, 277952
9.84, 277952
9.85, 277952
9.86, 277952
9.87, 277952
9.88, 277952
9.89, 277952
9.9, 277952
9.91, 277952
9.92, 277952
9.93, 277952
9.94, 277952
9.95, 277952
9.96, 277952
9.97, 277952
9.98, 277952
9.99, 277952
10.0, 277952
10.01, 277952
10.02, 277952
10.03, 277952
10.04, 277952
10.05, 277952
10.06, 277952
10.07, 277952
10.08, 277952
10.09, 277952
10.1, 277952
10.11, 277952
10.12, 277952
10.13, 277952
10.14, 277952
10.15, 277952
10.16, 277952
10.17, 277952
10.18, 277952
10.19, 277952
10.2, 277952
10.21, 277952
10.22, 277952
10.23, 277952
10.24, 277952
10.25, 277952
10.26, 277952
10.27, 277952
10.28, 277952
10.29, 277952
10.3, 277952
10.31, 277952
10.32, 277952
10.33, 277952
10.34, 277952
10.35, 277952
10.36, 277952
10.37, 277952
10.38, 277952
10.39, 277952
10.4, 277952
10.41, 277952
10.42, 277952
10.43, 277952
10.44, 277952
10.45, 277952
10.46, 277952
10.47, 277952
10.48, 277952
10.49, 277952
10.5, 277952
10.51, 277952
10.52, 277952
10.53, 277952
10.54, 277952
10.55, 277952
10.56, 277952
10.57, 277952
10.58, 277952
10.59, 277952
10.6, 277952
10.61, 277952
10.62, 277952
10.63, 277952
10.64, 277952
10.65, 277952
10.66, 277952
10.67, 277952
10.68, 277952
10.69, 277952
10.7, 277952
10.71, 277952
10.72, 277952
10.73, 277952
10.74, 277952
10.75, 277952
10.76, 277952
10.77, 277952
10.78, 277952
10.79, 277952
10.8, 277952
10.81, 277952
10.82, 277952
10.83, 277952
10.84, 277952
10.85, 277952
10.86, 277952
10.87, 277952
10.88, 277952
10.89, 277952
10.9, 277952
10.91, 277952
10.92, 277952
10.93, 277952
10.94, 277952
10.95, 277952
10.96, 277952
10.97, 277952
10.98, 277952
10.99, 277952
11.0, 277952
11.01, 277952
11.02, 277952
11.03, 277952
11.04, 277952
11.05, 277952
11.06, 277952
11.07, 277952
11.08, 277952
11.09, 277952
11.1, 277952
11.11, 277952
11.12, 277952
11.13, 277952
11.14, 277952
11.15, 277952
11.16, 277952
11.17, 277952
11.18, 277952
11.19, 277952
11.2, 277952
11.21, 277952
11.22, 277952
11.23, 277952
11.24, 277952
11.25, 277952
11.26, 277952
11.27, 277952
11.28, 277952
11.29, 277952
11.3, 277952
11.31, 277952
11.32, 277952
11.33, 277952
11.34, 277952
11.35, 277952
11.36, 277952
11.37, 277952
11.38, 277952
11.39, 277952
11.4, 277952
11.41, 277952
11.42, 277952
11.43, 277952
11.44, 277952
11.45, 277952
11.46, 277952
11.47, 277952
11.48, 277952
11.49, 277952
11.5, 277952
11.51, 277952
11.52, 277952
11.53, 277952
11.54, 277952
11.55, 277952
11.56, 277952
11.57, 277952
11.58, 277952
11.59, 277952
11.6, 277952
11.61, 277952
11.62, 277952
11.63, 277952
11.64, 277952
11.65, 277952
11.66, 277952
11.67, 277952
11.68, 277952
11.69, 277952
11.7, 277952
11.71, 277952
11.72, 277952
11.73, 277952
11.74, 277952
11.75, 277952
11.76, 277952
11.77, 277952
11.78, 277952
11.79, 277952
11.8, 277952
11.81, 277952
11.82, 277952
11.83, 277952
11.84, 277952
11.85, 277952
11.86, 277952
11.87, 277952
11.88, 277952
11.89, 277952
11.9, 277952
11.91, 277952
11.92, 277952
11.93, 277952
11.94, 277952
11.95, 277952
11.96, 277952
11.97, 277952
11.98, 277952
11.99, 277952
12.0, 277952
12.01, 277952
12.02, 277952
12.03, 277952
12.04, 277952
12.05, 277952
12.06, 277952
12.07, 277952
12.08, 277952
12.09, 277952
12.1, 277952
12.11, 277952
12.12, 277952
12.13, 277952
12.14, 277952
12.15, 277952
12.16, 277952
12.17, 277952
12.18, 277952
12.19, 277952
12.2, 277952
12.21, 277952
12.22, 277952
12.23, 277952
12.24, 277952
12.25, 277952
12.26, 277952
12.27, 277952
12.28, 277952
12.29, 277952
12.3, 277952
12.31, 277952
12.32, 277952
12.33, 277952
12.34, 277952
12.35, 277952
12.36, 277952
12.37, 277952
12.38, 277952
12.39, 277952
12.4, 277952
12.41, 277952
12.42, 277952
12.43, 277952
12.44, 277952
12.45, 277952
12.46, 277952
12.47, 277952
12.48, 277952
12.49, 277952
12.5, 277952
12.51, 277952
12.52, 277952
12.53, 277952
12.54, 277952
12.55, 277952
12.56, 277952
12.57, 277952
12.58, 277952
12.59, 277952
12.6, 277952
12.61, 277952
12.62, 277952
12.63, 277952
12.64, 277952
12.65, 277952
12.66, 277952
12.67, 277952
12.68, 277952
12.69, 277952
12.7, 277952
12.71, 277952
12.72, 277952
12.73, 277952
12.74, 277952
12.75, 277952
12.76, 277952
12.77, 277952
12.78, 277952
12.79, 277952
12.8, 277952
12.81, 277952
12.82, 277952
12.83, 277952
12.84, 277952
12.85, 277952
12.86, 277952
12.87, 277952
12.88, 277952
12.89, 277952
12.9, 277952
12.91, 277952
12.92, 277952
12.93, 277952
12.94, 277952
12.95, 277952
12.96, 277952
12.97, 277952
12.98, 277952
12.99, 277952
13.0, 277952
13.01, 277952
13.02, 277952
13.03, 277952
13.04, 277952
13.05, 277952
13.06, 277952
13.07, 277952
13.08, 277952
13.09, 277952
13.1, 277952
13.11, 277952
13.12, 277952
13.13, 277952
13.14, 277952
13.15, 277952
13.16, 277952
13.17, 277952
13.18, 277952
13.19, 277952
13.2, 277952
13.21, 277952
13.22, 277952
13.23, 277952
13.24, 277952
13.25, 277952
13.26, 277952
13.27, 277952
13.28, 277952
13.29, 277952
13.3, 277952
13.31, 277952
13.32, 277952
13.33, 277952
13.34, 277952
13.35, 277952
13.36, 277952
13.37, 277952
13.38, 277952
13.39, 277952
13.4, 277952
13.41, 277952
13.42, 277952
13.43, 277952
13.44, 277952
13.45, 277952
13.46, 277952
13.47, 277952
13.48, 277952
13.49, 277952
13.5, 277952
13.51, 277952
13.52, 277952
13.53, 277952
13.54, 277952
13.55, 277952
13.56, 277952
13.57, 277952
13.58, 277952
13.59, 277952
13.6, 277952
13.61, 277952
13.62, 277952
13.63, 277952
13.64, 277952
13.65, 277952
13.66, 277952
13.67, 277952
13.68, 277952
13.69, 277952
13.7, 277952
13.71, 277952
13.72, 277952
13.73, 277952
13.74, 277952
13.75, 277952
13.76, 277952
13.77, 277952
13.78, 277952
13.79, 277952
13.8, 277952
13.81, 277952
13.82, 277952
13.83, 277952
13.84, 277952
13.85, 277952
13.86, 277952
13.87, 277952
13.88, 277952
13.89, 277952
13.9, 277952
13.91, 277952
13.92, 277952
13.93, 277952
13.94, 277952
13.95, 277952
13.96, 277952
13.97, 277952
13.98, 277952
13.99, 277952
14.0, 277952
14.01, 277952
14.02, 277952
14.03, 277952
14.04, 277952
14.05, 277952
14.06, 277952
14.07, 277952
14.08, 277952
14.09, 277952
14.1, 277952
14.11, 277952
14.12, 277952
14.13, 277952
14.14, 277952
14.15, 277952
14.16, 277952
14.17, 277952
14.18, 277952
14.19, 277952
14.2, 277952
14.21, 277952
14.22, 277952
14.23, 277952
14.24, 277952
14.25, 277952
14.26, 277952
14.27, 277952
14.28, 277952
14.29, 277952
14.3, 277952
14.31, 277952
14.32, 277952
14.33, 277952
14.34, 277952
14.35, 277952
14.36, 277952
14.37, 277952
14.38, 277952
14.39, 277952
14.4, 277952
14.41, 277952
14.42, 277952
14.43, 277952
14.44, 277952
14.45, 277952
14.46, 277952
14.47, 277952
14.48, 277952
14.49, 277952
14.5, 277952
14.51, 277952
14.52, 277952
14.53, 277952
14.54, 277952
14.55, 277952
14.56, 277952
14.57, 277952
14.58, 277952
14.59, 277952
14.6, 277952
14.61, 277952
14.62, 277952
14.63, 277952
14.64, 277952
14.65, 277952
14.66, 277952
14.67, 277952
14.68, 277952
14.69, 277952
14.7, 277952
14.71, 277952
14.72, 277952
14.73, 277952
14.74, 277952
14.75, 277952
14.76, 277952
14.77, 277952
14.78, 277952
14.79, 277952
14.8, 277952
14.81, 277952
14.82, 277952
14.83, 277952
14.84, 277952
14.85, 277952
14.86, 277952
14.87, 277952
14.88, 277952
14.89, 277952
14.9, 277952
14.91, 277952
14.92, 277952
14.93, 277952
14.94, 277952
14.95, 277952
14.96, 277952
14.97, 277952
14.98, 277952
14.99, 277952
15.0, 277952
15.01, 277952
15.02, 277952
15.03, 277952
15.04, 277952
15.05, 277952
15.06, 277952
15.07, 277952
15.08, 277952
15.09, 277952
15.1, 277952
15.11, 277952
15.12, 277952
15.13, 277952
15.14, 277952
15.15, 277952
15.16, 277952
15.17, 277952
15.18, 277952
15.19, 277952
15.2, 277952
15.21, 277952
15.22, 277952
15.23, 277952
15.24, 277952
15.25, 277952
15.26, 277952
15.27, 277952
15.28, 277952
15.29, 277952
15.3, 277952
15.31, 277952
15.32, 277952
15.33, 277952
15.34, 277952
15.35, 277952
15.36, 277952
15.37, 277952
15.38, 277952
15.39, 277952
15.4, 277952
15.41, 277952
15.42, 277952
15.43, 277952
15.44, 277952
15.45, 277952
15.46, 277952
15.47, 277952
15.48, 277952
15.49, 277952
15.5, 277952
15.51, 277952
15.52, 277952
15.53, 277952
15.54, 277952
15.55, 277952
15.56, 277952
15.57, 277952
15.58, 277952
15.59, 277952
15.6, 277952
15.61, 277952
15.62, 277952
15.63, 277952
15.64, 277952
15.65, 277952
15.66, 277952
15.67, 277952
15.68, 277952
15.69, 277952
15.7, 277952
15.71, 277952
15.72, 277952
15.73, 277952
15.74, 277952
15.75, 277952
15.76, 277952
15.77, 277952
15.78, 277952
15.79, 277952
15.8, 277952
15.81, 277952
15.82, 277952
15.83, 277952
15.84, 277952
15.85, 277952
15.86, 277952
15.87, 277952
15.88, 277952
15.89, 277952
15.9, 277952
15.91, 277952
15.92, 277952
15.93, 277952
15.94, 277952
15.95, 277952
15.96, 277952
15.97, 277952
15.98, 277952
15.99, 277952
16.0, 277952
16.01, 277952
16.02, 277952
16.03, 277952
16.04, 277952
16.05, 277952
16.06, 277952
16.07, 277952
16.08, 277952
16.09, 277952
16.1, 277952
16.11, 277952
16.12, 277952
16.13, 277952
16.14, 277952
16.15, 277952
16.16, 277952
16.17, 277952
16.18, 277952
16.19, 277952
16.2, 277952
16.21, 277952
16.22, 277952
16.23, 277952
16.24, 277952
16.25, 277952
16.26, 277952
16.27, 277952
16.28, 277952
16.29, 277952
16.3, 277952
16.31, 277952
16.32, 277952
16.33, 277952
16.34, 277952
16.35, 277952
16.36, 277952
16.37, 277952
16.38, 277952
16.39, 277952
16.4, 277952
16.41, 277952
16.42, 277952
16.43, 277952
16.44, 277952
16.45, 277952
16.46, 277952
16.47, 277952
16.48, 277952
16.49, 277952
16.5, 277952
16.51, 277952
16.52, 277952
16.53, 277952
16.54, 277952
16.55, 277952
16.56, 277952
16.57, 277952
16.58, 277952
16.59, 277952
16.6, 277952
16.61, 277952
16.62, 277952
16.63, 277952
16.64, 277952
16.65, 277952
16.66, 277952
16.67, 277952
16.68, 277952
16.69, 277952
16.7, 277952
16.71, 277952
16.72, 277952
16.73, 277952
16.74, 277952
16.75, 277952
16.76, 277952
16.77, 277952
16.78, 277952
16.79, 277952
16.8, 277952
16.81, 277952
16.82, 277952
16.83, 277952
16.84, 277952
16.85, 277952
16.86, 277952
16.87, 277952
16.88, 277952
16.89, 277952
16.9, 277952
16.91, 277952
16.92, 277952
16.93, 277952
16.94, 277952
16.95, 277952
16.96, 277952
16.97, 277952
16.98, 277952
16.99, 277952
17.0, 277952
17.01, 277952
17.02, 277952
17.03, 277952
17.04, 277952
17.05, 277952
17.06, 277952
17.07, 277952
17.08, 277952
17.09, 277952
17.1, 277952
17.11, 277952
17.12, 277952
17.13, 277952
17.14, 277952
17.15, 277952
17.16, 277952
17.17, 277952
17.18, 277952
17.19, 277952
17.2, 277952
17.21, 277952
17.22, 277952
17.23, 277952
17.24, 277952
17.25, 277952
17.26, 277952
17.27, 277952
17.28, 277952
17.29, 277952
17.3, 277952
17.31, 277952
17.32, 277952
17.33, 277952
17.34, 277952
17.35, 277952
17.36, 277952
17.37, 277952
17.38, 277952
17.39, 277952
17.4, 277952
17.41, 277952
17.42, 277952
17.43, 277952
17.44, 277952
17.45, 277952
17.46, 277952
17.47, 277952
17.48, 277952
17.49, 277952
17.5, 277952
17.51, 277952
17.52, 277952
17.53, 277952
17.54, 277952
17.55, 277952
17.56, 277952
17.57, 277952
17.58, 277952
17.59, 277952
17.6, 277952
17.61, 277952
17.62, 277952
17.63, 277952
17.64, 277952
17.65, 277952
17.66, 277952
17.67, 277952
17.68, 277952
17.69, 277952
17.7, 277952
17.71, 277952
17.72, 277952
17.73, 277952
17.74, 277952
17.75, 277952
17.76, 277952
17.77, 277952
17.78, 277952
17.79, 277952
17.8, 277952
17.81, 277952
17.82, 277952
17.83, 277952
17.84, 277952
17.85, 277952
17.86, 277952
17.87, 277952
17.88, 277952
17.89, 277952
17.9, 277952
17.91, 277952
17.92, 277952
17.93, 277952
17.94, 277952
17.95, 277952
17.96, 277952
17.97, 277952
17.98, 277952
17.99, 277952
18.0, 277952
18.01, 277952
18.02, 277952
18.03, 277952
18.04, 277952
18.05, 277952
18.06, 277952
18.07, 277952
18.08, 277952
18.09, 277952
18.1, 277952
18.11, 277952
18.12, 277952
18.13, 277952
18.14, 277952
18.15, 277952
18.16, 277952
18.17, 277952
18.18, 277952
18.19, 277952
18.2, 277952
18.21, 277952
18.22, 277952
18.23, 277952
18.24, 277952
18.25, 277952
18.26, 277952
18.27, 277952
18.28, 277952
18.29, 277952
18.3, 277952
18.31, 277952
18.32, 277952
18.33, 277952
18.34, 277952
18.35, 277952
18.36, 277952
18.37, 277952
18.38, 277952
18.39, 277952
18.4, 277952
18.41, 277952
18.42, 277952
18.43, 277952
18.44, 277952
18.45, 277952
18.46, 277952
18.47, 277952
18.48, 277952
18.49, 277952
18.5, 277952
18.51, 277952
18.52, 277952
18.53, 277952
18.54, 277952
18.55, 277952
18.56, 277952
18.57, 277952
18.58, 277952
18.59, 277952
18.6, 277952
18.61, 277952
18.62, 277952
18.63, 277952
18.64, 277952
18.65, 277952
18.66, 277952
18.67, 277952
18.68, 277952
18.69, 277952
18.7, 277952
18.71, 277952
18.72, 277952
18.73, 277952
18.74, 277952
18.75, 277952
18.76, 277952
18.77, 277952
18.78, 277952
18.79, 277952
18.8, 277952
18.81, 277952
18.82, 277952
18.83, 277952
18.84, 277952
18.85, 277952
18.86, 277952
18.87, 277952
18.88, 277952
18.89, 277952
18.9, 277952
18.91, 277952
18.92, 277952
18.93, 277952
18.94, 277952
18.95, 277952
18.96, 277952
18.97, 277952
18.98, 277952
18.99, 277952
19.0, 277952
19.01, 277952
19.02, 277952
19.03, 277952
19.04, 277952
19.05, 277952
19.06, 277952
19.07, 277952
19.08, 277952
19.09, 277952
19.1, 277952
19.11, 277952
19.12, 277952
19.13, 277952
19.14, 277952
19.15, 277952
19.16, 277952
19.17, 277952
19.18, 277952
19.19, 277952
19.2, 277952
19.21, 277952
19.22, 277952
19.23, 277952
19.24, 277952
19.25, 277952
19.26, 277952
19.27, 277952
19.28, 277952
19.29, 277952
19.3, 277952
19.31, 277952
19.32, 277952
19.33, 277952
19.34, 277952
19.35, 277952
19.36, 277952
19.37, 277952
19.38, 277952
19.39, 277952
19.4, 277952
19.41, 277952
19.42, 277952
19.43, 277952
19.44, 277952
19.45, 277952
19.46, 277952
19.47, 277952
19.48, 277952
19.49, 277952
19.5, 277952
19.51, 277952
19.52, 277952
19.53, 277952
19.54, 277952
19.55, 277952
19.56, 277952
19.57, 277952
19.58, 277952
19.59, 277952
19.6, 277952
19.61, 277952
19.62, 277952
19.63, 277952
19.64, 277952
19.65, 277952
19.66, 277952
19.67, 277952
19.68, 277952
19.69, 277952
19.7, 277952
19.71, 277952
19.72, 277952
19.73, 277952
19.74, 277952
19.75, 277952
19.76, 277952
19.77, 277952
19.78, 277952
19.79, 277952
19.8, 277952
19.81, 277952
19.82, 277952
19.83, 277952
19.84, 277952
19.85, 277952
19.86, 277952
19.87, 277952
19.88, 277952
19.89, 277952
19.9, 277952
19.91, 277952
19.92, 277952
19.93, 277952
19.94, 277952
19.95, 277952
19.96, 277952
19.97, 277952
19.98, 277952
19.99, 277952
20.0, 277952
20.01, 277952
20.02, 277952
20.03, 277952
20.04, 277952
20.05, 277952
20.06, 277952
20.07, 277952
20.08, 277952
20.09, 277952
20.1, 277952
20.11, 277952
20.12, 277952
20.13, 277952
20.14, 277952
20.15, 277952
20.16, 277952
20.17, 277952
20.18, 277952
20.19, 277952
20.2, 277952
20.21, 277952
20.22, 277952
20.23, 277952
20.24, 277952
20.25, 277952
20.26, 277952
20.27, 277952
20.28, 277952
20.29, 277952
20.3, 277952
20.31, 277952
20.32, 277952
20.33, 277952
20.34, 277952
20.35, 277952
20.36, 277952
20.37, 277952
20.38, 277952
20.39, 277952
20.4, 277952
20.41, 277952
20.42, 277952
20.43, 277952
20.44, 277952
20.45, 277952
20.46, 277952
20.47, 277952
20.48, 277952
20.49, 277952
20.5, 277952
20.51, 277952
20.52, 277952
20.53, 277952
20.54, 277952
20.55, 277952
20.56, 277952
20.57, 277952
20.58, 277952
20.59, 277952
20.6, 277952
20.61, 277952
20.62, 277952
20.63, 277952
20.64, 277952
20.65, 277952
20.66, 277952
20.67, 277952
20.68, 277952
20.69, 277952
20.7, 277952
20.71, 277952
20.72, 277952
20.73, 277952
20.74, 277952
20.75, 277952
20.76, 277952
20.77, 277952
20.78, 277952
20.79, 277952
20.8, 277952
20.81, 277952
20.82, 277952
20.83, 277952
20.84, 277952
20.85, 277952
20.86, 277952
20.87, 277952
20.88, 277952
20.89, 277952
20.9, 277952
20.91, 277952
20.92, 277952
20.93, 277952
20.94, 277952
20.95, 277952
20.96, 277952
20.97, 277952
20.98, 277952
20.99, 277952
21.0, 277952
21.01, 277952
21.02, 277952
21.03, 277952
21.04, 277952
21.05, 277952
21.06, 277952
21.07, 277952
21.08, 277952
21.09, 277952
21.1, 277952
21.11, 277952
21.12, 277952
21.13, 277952
21.14, 277952
21.15, 277952
21.16, 277952
21.17, 277952
21.18, 277952
21.19, 277952
21.2, 277952
21.21, 277952
21.22, 277952
21.23, 277952
21.24, 277952
21.25, 277952
21.26, 277952
21.27, 277952
21.28, 277952
21.29, 277952
21.3, 277952
21.31, 277952
21.32, 277952
21.33, 277952
21.34, 277952
21.35, 277952
21.36, 277952
21.37, 277952
21.38, 277952
21.39, 277952
21.4, 277952
21.41, 277952
21.42, 277952
21.43, 277952
21.44, 277952
21.45, 277952
21.46, 277952
21.47, 277952
21.48, 277952
21.49, 277952
21.5, 277952
21.51, 277952
21.52, 277952
21.53, 277952
21.54, 277952
21.55, 277952
21.56, 277952
21.57, 277952
21.58, 277952
21.59, 277952
21.6, 277952
21.61, 277952
21.62, 277952
21.63, 277952
21.64, 277952
21.65, 277952
21.66, 277952
21.67, 277952
21.68, 277952
21.69, 277952
21.7, 277952
21.71, 277952
21.72, 277952
21.73, 277952
21.74, 277952
21.75, 277952
21.76, 277952
21.77, 277952
21.78, 277952
21.79, 277952
21.8, 277952
21.81, 277952
21.82, 277952
21.83, 277952
21.84, 277952
21.85, 277952
21.86, 277952
21.87, 277952
21.88, 277952
21.89, 277952
21.9, 277952
21.91, 277952
21.92, 277952
21.93, 277952
21.94, 277952
21.95, 277952
21.96, 277952
21.97, 277952
21.98, 277952
21.99, 277952
22.0, 277952
22.01, 277952
22.02, 277952
22.03, 277952
22.04, 277952
22.05, 277952
22.06, 277952
22.07, 277952
22.08, 277952
22.09, 277952
22.1, 277952
22.11, 277952
22.12, 277952
22.13, 277952
22.14, 277952
22.15, 277952
22.16, 277952
22.17, 277952
22.18, 277952
22.19, 277952
22.2, 277952
22.21, 277952
22.22, 277952
22.23, 277952
22.24, 277952
22.25, 277952
22.26, 277952
22.27, 277952
22.28, 277952
22.29, 277952
22.3, 277952
22.31, 277952
22.32, 277952
22.33, 277952
22.34, 277952
22.35, 277952
22.36, 277952
22.37, 277952
22.38, 277952
22.39, 277952
22.4, 277952
22.41, 277952
22.42, 277952
22.43, 277952
22.44, 277952
22.45, 277952
22.46, 277952
22.47, 277952
22.48, 277952
22.49, 277952
22.5, 277952
22.51, 277952
22.52, 277952
22.53, 277952
22.54, 277952
22.55, 277952
22.56, 277952
22.57, 277952
22.58, 277952
22.59, 277952
22.6, 277952
22.61, 277952
22.62, 277952
22.63, 277952
22.64, 277952
22.65, 277952
22.66, 277952
22.67, 277952
22.68, 277952
22.69, 277952
22.7, 277952
22.71, 277952
22.72, 277952
22.73, 277952
22.74, 277952
22.75, 277952
22.76, 277952
22.77, 277952
22.78, 277952
22.79, 277952
22.8, 277952
22.81, 277952
22.82, 277952
22.83, 277952
22.84, 277952
22.85, 277952
22.86, 277952
22.87, 277952
22.88, 277952
22.89, 277952
22.9, 277952
22.91, 277952
22.92, 277952
22.93, 277952
22.94, 277952
22.95, 277952
22.96, 277952
22.97, 277952
22.98, 277952
22.99, 277952
23.0, 277952
23.01, 277952
23.02, 277952
23.03, 277952
23.04, 277952
23.05, 277952
23.06, 277952
23.07, 277952
23.08, 277952
23.09, 277952
23.1, 277952
23.11, 277952
23.12, 277952
23.13, 277952
23.14, 277952
23.15, 277952
23.16, 277952
23.17, 277952
23.18, 277952
23.19, 277952
23.2, 277952
23.21, 277952
23.22, 277952
23.23, 277952
23.24, 277952
23.25, 277952
23.26, 277952
23.27, 277952
23.28, 277952
23.29, 277952
23.3, 277952
23.31, 277952
23.32, 277952
23.33, 277952
23.34, 277952
23.35, 277952
23.36, 277952
23.37, 277952
23.38, 277952
23.39, 277952
23.4, 277952
23.41, 277952
23.42, 277952
23.43, 277952
23.44, 277952
23.45, 277952
23.46, 277952
23.47, 277952
23.48, 277952
23.49, 277952
23.5, 277952
23.51, 277952
23.52, 277952
23.53, 277952
23.54, 277952
23.55, 277952
23.56, 277952
23.57, 277952
23.58, 277952
23.59, 277952
23.6, 277952
23.61, 277952
23.62, 277952
23.63, 277952
23.64, 277952
23.65, 277952
23.66, 277952
23.67, 277952
23.68, 277952
23.69, 277952
23.7, 277952
23.71, 277952
23.72, 277952
23.73, 277952
23.74, 277952
23.75, 277952
23.76, 277952
23.77, 277952
23.78, 277952
23.79, 277952
23.8, 277952
23.81, 277952
23.82, 277952
23.83, 277952
23.84, 277952
23.85, 277952
23.86, 277952
23.87, 277952
23.88, 277952
23.89, 277952
23.9, 277952
23.91, 277952
23.92, 277952
23.93, 277952
23.94, 277952
23.95, 277952
23.96, 277952
23.97, 277952
23.98, 277952
23.99, 277952
24.0, 277952
24.01, 277952
24.02, 277952
24.03, 277952
24.04, 277952
24.05, 277952
24.06, 277952
24.07, 277952
24.08, 277952
24.09, 277952
24.1, 277952
24.11, 277952
24.12, 277952
24.13, 277952
24.14, 277952
24.15, 277952
24.16, 277952
24.17, 277952
24.18, 277952
24.19, 277952
24.2, 277952
24.21, 277952
24.22, 277952
24.23, 277952
24.24, 277952
24.25, 277952
24.26, 277952
24.27, 277952
24.28, 277952
24.29, 277952
24.3, 277952
24.31, 277952
24.32, 277952
24.33, 277952
24.34, 277952
24.35, 277952
24.36, 277952
24.37, 277952
24.38, 277952
24.39, 277952
24.4, 277952
24.41, 277952
24.42, 277952
24.43, 277952
24.44, 277952
24.45, 277952
24.46, 277952
24.47, 277952
24.48, 277952
24.49, 277952
24.5, 277952
24.51, 277952
24.52, 277952
24.53, 277952
24.54, 277952
24.55, 277952
24.56, 277952
24.57, 277952
24.58, 277952
24.59, 277952
24.6, 277952
24.61, 277952
24.62, 277952
24.63, 277952
24.64, 277952
24.65, 277952
24.66, 277952
24.67, 277952
24.68, 277952
24.69, 277952
24.7, 277952
24.71, 277952
24.72, 277952
24.73, 277952
24.74, 277952
24.75, 277952
24.76, 277952
24.77, 277952
24.78, 277952
24.79, 277952
24.8, 277952
24.81, 277952
24.82, 277952
24.83, 277952
24.84, 277952
24.85, 277952
24.86, 277952
24.87, 277952
24.88, 277952
24.89, 277952
24.9, 277952
24.91, 277952
24.92, 277952
24.93, 277952
24.94, 277952
24.95, 277952
24.96, 277952
24.97, 277952
24.98, 277952
24.99, 277952
25.0, 277952
25.01, 277952
25.02, 277952
25.03, 277952
25.04, 277952
25.05, 277952
25.06, 277952
25.07, 277952
25.08, 277952
25.09, 277952
25.1, 277952
25.11, 277952
25.12, 277952
25.13, 277952
25.14, 277952
25.15, 277952
25.16, 277952
25.17, 277952
25.18, 277952
25.19, 277952
25.2, 277952
25.21, 277952
25.22, 277952
25.23, 277952
25.24, 277952
25.25, 277952
25.26, 277952
25.27, 277952
25.28, 277952
25.29, 277952
25.3, 277952
25.31, 277952
25.32, 277952
25.33, 277952
25.34, 277952
25.35, 277952
25.36, 277952
25.37, 277952
25.38, 277952
25.39, 277952
25.4, 277952
25.41, 277952
25.42, 277952
25.43, 277952
25.44, 277952
25.45, 277952
25.46, 277952
25.47, 277952
25.48, 277952
25.49, 277952
25.5, 277952
25.51, 277952
25.52, 277952
25.53, 277952
25.54, 277952
25.55, 277952
25.56, 277952
25.57, 277952
25.58, 277952
25.59, 277952
25.6, 277952
25.61, 277952
25.62, 277952
25.63, 277952
25.64, 277952
25.65, 277952
25.66, 277952
25.67, 277952
25.68, 277952
25.69, 277952
25.7, 277952
25.71, 277952
25.72, 277952
25.73, 277952
25.74, 277952
25.75, 277952
25.76, 277952
25.77, 277952
25.78, 277952
25.79, 277952
25.8, 277952
25.81, 277952
25.82, 277952
25.83, 277952
25.84, 277952
25.85, 277952
25.86, 277952
25.87, 277952
25.88, 277952
25.89, 277952
25.9, 277952
25.91, 277952
25.92, 277952
25.93, 277952
25.94, 277952
25.95, 277952
25.96, 277952
25.97, 277952
25.98, 277952
25.99, 277952
26.0, 277952
26.01, 277952
26.02, 277952
26.03, 277952
26.04, 277952
26.05, 277952
26.06, 277952
26.07, 277952
26.08, 277952
26.09, 277952
26.1, 277952
26.11, 277952
26.12, 277952
26.13, 277952
26.14, 277952
26.15, 277952
26.16, 277952
26.17, 277952
26.18, 277952
26.19, 277952
26.2, 277952
26.21, 277952
26.22, 277952
26.23, 277952
26.24, 277952
26.25, 277952
26.26, 277952
26.27, 277952
26.28, 277952
26.29, 277952
26.3, 277952
26.31, 277952
26.32, 277952
26.33, 277952
26.34, 277952
26.35, 277952
26.36, 277952
26.37, 277952
26.38, 277952
26.39, 277952
26.4, 277952
26.41, 277952
26.42, 277952
26.43, 277952
26.44, 277952
26.45, 277952
26.46, 277952
26.47, 277952
26.48, 277952
26.49, 277952
26.5, 277952
26.51, 277952
26.52, 277952
26.53, 277952
26.54, 277952
26.55, 277952
26.56, 277952
26.57, 277952
26.58, 277952
26.59, 277952
26.6, 277952
26.61, 277952
26.62, 277952
26.63, 277952
26.64, 277952
26.65, 277952
26.66, 277952
26.67, 277952
26.68, 277952
26.69, 277952
26.7, 277952
26.71, 277952
26.72, 277952
26.73, 277952
26.74, 277952
26.75, 277952
26.76, 277952
26.77, 277952
26.78, 277952
26.79, 277952
26.8, 277952
26.81, 277952
26.82, 277952
26.83, 277952
26.84, 277952
26.85, 277952
26.86, 277952
26.87, 277952
26.88, 277952
26.89, 277952
26.9, 277952
26.91, 277952
26.92, 277952
26.93, 277952
26.94, 277952
26.95, 277952
26.96, 277952
26.97, 277952
26.98, 277952
26.99, 277952
27.0, 277952
27.01, 277952
27.02, 277952
27.03, 277952
27.04, 277952
27.05, 277952
27.06, 277952
27.07, 277952
27.08, 277952
27.09, 277952
27.1, 277952
27.11, 277952
27.12, 277952
27.13, 277952
27.14, 277952
27.15, 277952
27.16, 277952
27.17, 277952
27.18, 277952
27.19, 277952
27.2, 277952
27.21, 277952
27.22, 277952
27.23, 277952
27.24, 277952
27.25, 277952
27.26, 277952
27.27, 277952
27.28, 277952
27.29, 277952
27.3, 277952
27.31, 277952
27.32, 277952
27.33, 277952
27.34, 277952
27.35, 277952
27.36, 277952
27.37, 277952
27.38, 277952
27.39, 277952
27.4, 277952
27.41, 277952
27.42, 277952
27.43, 277952
27.44, 277952
27.45, 277952
27.46, 277952
27.47, 277952
27.48, 277952
27.49, 277952
27.5, 277952
27.51, 277952
27.52, 277952
27.53, 277952
27.54, 277952
27.55, 277952
27.56, 277952
27.57, 277952
27.58, 277952
27.59, 277952
27.6, 277952
27.61, 277952
27.62, 277952
27.63, 277952
27.64, 277952
27.65, 277952
27.66, 277952
27.67, 277952
27.68, 277952
27.69, 277952
27.7, 277952
27.71, 277952
27.72, 277952
27.73, 277952
27.74, 277952
27.75, 277952
27.76, 277952
27.77, 277952
27.78, 277952
27.79, 277952
27.8, 277952
27.81, 277952
27.82, 277952
27.83, 277952
27.84, 277952
27.85, 277952
27.86, 277952
27.87, 277952
27.88, 277952
27.89, 277952
27.9, 277952
27.91, 277952
27.92, 277952
27.93, 277952
27.94, 277952
27.95, 277952
27.96, 277952
27.97, 277952
27.98, 277952
27.99, 277952
28.0, 277952
28.01, 277952
28.02, 277952
28.03, 277952
28.04, 277952
28.05, 277952
28.06, 277952
28.07, 277952
28.08, 277952
28.09, 277952
28.1, 277952
28.11, 277952
28.12, 277952
28.13, 277952
28.14, 277952
28.15, 277952
28.16, 277952
28.17, 277952
28.18, 277952
28.19, 277952
28.2, 277952
28.21, 277952
28.22, 277952
28.23, 277952
28.24, 277952
28.25, 277952
28.26, 277952
28.27, 277952
28.28, 277952
28.29, 277952
28.3, 277952
28.31, 277952
28.32, 277952
28.33, 277952
28.34, 277952
28.35, 277952
28.36, 277952
28.37, 277952
28.38, 277952
28.39, 277952
28.4, 277952
28.41, 277952
28.42, 277952
28.43, 277952
28.44, 277952
28.45, 277952
28.46, 277952
28.47, 277952
28.48, 277952
28.49, 277952
28.5, 277952
28.51, 277952
28.52, 277952
28.53, 277952
28.54, 277952
28.55, 277952
28.56, 277952
28.57, 277952
28.58, 277952
28.59, 277952
28.6, 277952
28.61, 277952
28.62, 277952
28.63, 277952
28.64, 277952
28.65, 277952
28.66, 277952
28.67, 277952
28.68, 277952
28.69, 277952
28.7, 277952
28.71, 277952
28.72, 277952
28.73, 277952
28.74, 277952
28.75, 277952
28.76, 277952
28.77, 277952
28.78, 277952
28.79, 277952
28.8, 277952
28.81, 277952
28.82, 277952
28.83, 277952
28.84, 277952
28.85, 277952
28.86, 277952
28.87, 277952
28.88, 277952
28.89, 277952
28.9, 277952
28.91, 277952
28.92, 277952
28.93, 277952
28.94, 277952
28.95, 277952
28.96, 277952
28.97, 277952
28.98, 277952
28.99, 277952
29.0, 277952
29.01, 277952
29.02, 277952
29.03, 277952
29.04, 277952
29.05, 277952
29.06, 277952
29.07, 277952
29.08, 277952
29.09, 277952
29.1, 277952
29.11, 277952
29.12, 277952
29.13, 277952
29.14, 277952
29.15, 277952
29.18, 277952
29.19, 277952
29.2, 277952
29.21, 277952
29.22, 277952
29.23, 277952
29.24, 277952
29.25, 277952
29.26, 277952
29.27, 277952
29.28, 277952
29.29, 277952
29.3, 277952
29.31, 277952
29.32, 277952
29.33, 277952
29.34, 277952
29.35, 277952
29.36, 277952
29.37, 277952
29.38, 277952
29.39, 277952
29.4, 277952
29.41, 277952
29.42, 277952
29.43, 277952
29.44, 277952
29.45, 277952
29.46, 277952
29.47, 277952
29.48, 277952
29.49, 277952
29.5, 277952
29.51, 277952
29.52, 277952
29.53, 277952
29.54, 277952
29.55, 277952
29.56, 277952
29.57, 277952
29.58, 277952
29.59, 277952
29.6, 277952
29.61, 277952
29.62, 277952
29.63, 277952
29.64, 277952
29.65, 277952
29.66, 277952
29.67, 277952
29.68, 277952
29.69, 277952
29.7, 277952
29.71, 277952
29.72, 277952
29.73, 277952
29.74, 277952
29.75, 277952
29.76, 277952
29.77, 277952
29.78, 277952
29.79, 277952
29.8, 277952
29.81, 277952
29.82, 277952
29.83, 277952
29.84, 277952
29.85, 277952
29.86, 277952
29.87, 277952
29.88, 277952
29.89, 277952
29.9, 277952
29.91, 277952
29.92, 277952
29.93, 277952
29.94, 277952
29.95, 277952
29.96, 277952
29.97, 277952
29.98, 277952
29.99, 277952
30.0, 277952
30.01, 277952
30.02, 277952
30.03, 277952
30.04, 277952
30.05, 277952
30.06, 277952
30.07, 277952
30.08, 277952
30.09, 277952
30.1, 277952
30.11, 277952
30.12, 277952
30.13, 277952
30.14, 277952
30.15, 277952
30.16, 277952
30.17, 277952
30.18, 277952
30.19, 277952
30.2, 277952
30.21, 277952
30.22, 277952
30.23, 277952
30.24, 277952
30.25, 277952
30.26, 277952
30.27, 277952
30.28, 277952
30.29, 277952
30.3, 277952
30.31, 277952
30.32, 277952
30.33, 277952
30.34, 277952
30.35, 277952
30.36, 277952
30.37, 277952
30.38, 277952
30.39, 277952
30.4, 277952
30.41, 277952
30.42, 277952
30.43, 277952
30.44, 277952
30.45, 277952
30.46, 277952
30.47, 277952
30.48, 277952
30.49, 277952
30.5, 277952
30.51, 277952
30.52, 277952
30.53, 277952
30.54, 277952
30.55, 277952
30.56, 277952
30.57, 277952
30.58, 277952
30.59, 277952
30.6, 277952
30.61, 277952
30.62, 277952
30.63, 277952
30.64, 277952
30.65, 277952
30.66, 277952
30.67, 277952
30.68, 277952
30.69, 277952
30.7, 277952
30.71, 277952
30.72, 277952
30.73, 277952
30.74, 277952
30.75, 277952
30.76, 277952
30.77, 277952
30.78, 277952
30.79, 277952
30.8, 277952
30.81, 277952
30.82, 277952
30.83, 277952
30.84, 277952
30.85, 277952
30.86, 277952
30.87, 277952
30.88, 277952
30.89, 277952
30.9, 277952
30.91, 277952
30.92, 277952
30.93, 277952
30.94, 277952
30.95, 277952
30.96, 277952
30.97, 277952
30.98, 277952
30.99, 277952
31.0, 277952
31.01, 277952
31.02, 277952
31.03, 277952
31.04, 277952
31.05, 277952
31.06, 277952
31.07, 277952
31.08, 277952
31.09, 277952
31.1, 277952
31.11, 277952
31.12, 277952
31.13, 277952
31.14, 277952
31.15, 277952
31.16, 277952
31.17, 277952
31.18, 277952
31.19, 277952
31.2, 277952
31.21, 277952
31.22, 277952
31.23, 277952
31.24, 277952
31.25, 277952
31.26, 277952
31.27, 277952
31.28, 277952
31.29, 277952
31.3, 277952
31.31, 277952
31.32, 277952
31.33, 277952
31.34, 277952
31.35, 277952
31.36, 277952
31.37, 277952
31.38, 277952
31.39, 277952
31.4, 277952
31.41, 277952
31.42, 277952
31.43, 277952
31.44, 277952
31.45, 277952
31.46, 277952
31.47, 277952
31.48, 277952
31.49, 277952
31.5, 277952
31.51, 277952
31.52, 277952
31.53, 277952
31.54, 277952
31.55, 277952
31.56, 277952
31.57, 277952
31.58, 277952
31.59, 277952
31.6, 277952
31.61, 277952
31.62, 277952
31.63, 277952
31.64, 277952
31.65, 277952
31.66, 277952
31.67, 277952
31.68, 277952
31.69, 277952
31.7, 277952
31.71, 277952
31.72, 277952
31.73, 277952
31.74, 277952
31.75, 277952
31.76, 277952
31.77, 277952
31.78, 277952
31.79, 277952
31.8, 277952
31.81, 277952
31.82, 277952
31.83, 277952
31.84, 277952
31.85, 277952
31.86, 277952
31.87, 277952
31.88, 277952
31.89, 277952
31.9, 277952
31.91, 277952
31.92, 277952
31.93, 277952
31.94, 277952
31.95, 277952
31.96, 277952
31.97, 277952
31.98, 277952
31.99, 277952
32.0, 277952
32.01, 277952
32.02, 277952
32.03, 277952
32.04, 277952
32.05, 277952
32.06, 277952
32.07, 277952
32.08, 277952
32.09, 277952
32.1, 277952
32.11, 277952
32.12, 277952
32.13, 277952
32.14, 277952
32.15, 277952
32.16, 277952
32.17, 277952
32.18, 277952
32.19, 277952
32.2, 277952
32.21, 277952
32.22, 277952
32.23, 277952
32.24, 277952
32.25, 277952
32.26, 277952
32.27, 277952
32.28, 277952
32.29, 277952
32.3, 277952
32.31, 277952
32.32, 277952
32.33, 277952
32.34, 277952
32.35, 277952
32.36, 277952
32.37, 277952
32.38, 277952
32.39, 277952
32.4, 277952
32.41, 277952
32.42, 277952
32.43, 277952
32.44, 277952
32.45, 277952
32.46, 277952
32.47, 277952
32.48, 277952
32.49, 277952
32.5, 277952
32.51, 277952
32.52, 277952
32.53, 277952
32.54, 277952
32.55, 277952
32.56, 277952
32.57, 277952
32.58, 277952
32.59, 277952
32.6, 277952
32.61, 277952
32.62, 277952
32.63, 277952
32.64, 277952
32.65, 277952
32.66, 277952
32.67, 277952
32.68, 277952
32.69, 277952
32.7, 277952
32.71, 277952
32.72, 277952
32.73, 277952
32.74, 277952
32.75, 277952
32.76, 277952
32.77, 277952
32.78, 277952
32.79, 277952
32.8, 277952
32.81, 277952
32.82, 277952
32.83, 277952
32.84, 277952
32.85, 277952
32.86, 277952
32.87, 277952
32.88, 277952
32.89, 277952
32.9, 277952
32.91, 277952
32.92, 277952
32.93, 277952
32.94, 277952
32.95, 277952
32.96, 277952
32.97, 277952
32.98, 277952
32.99, 277952
33.0, 277952
33.01, 277952
33.02, 277952
33.03, 277952
33.04, 277952
33.05, 277952
33.06, 277952
33.07, 277952
33.08, 277952
33.09, 277952
33.1, 277952
33.11, 277952
33.12, 277952
33.13, 277952
33.14, 277952
33.15, 277952
33.16, 277952
33.17, 277952
33.18, 277952
33.19, 277952
33.2, 277952
33.21, 277952
33.22, 277952
33.23, 277952
33.24, 277952
33.25, 277952
33.26, 277952
33.27, 277952
33.28, 277952
33.29, 277952
33.3, 277952
33.31, 277952
33.32, 277952
33.33, 277952
33.34, 277952
33.35, 277952
33.36, 277952
33.37, 277952
33.38, 277952
33.39, 277952
33.4, 277952
33.41, 277952
33.42, 277952
33.43, 277952
33.44, 277952
33.45, 277952
33.46, 277952
33.47, 277952
33.48, 277952
33.49, 277952
33.5, 277952
33.51, 277952
33.52, 277952
33.53, 277952
33.54, 277952
33.55, 277952
33.56, 277952
33.57, 277952
33.58, 277952
33.59, 277952
33.6, 277952
33.61, 277952
33.62, 277952
33.63, 277952
33.64, 277952
33.65, 277952
33.66, 277952
33.67, 277952
33.68, 277952
33.69, 277952
33.7, 277952
33.71, 277952
33.72, 277952
33.73, 277952
33.74, 277952
33.75, 277952
33.76, 277952
33.77, 277952
33.78, 277952
33.79, 277952
33.8, 277952
33.81, 277952
33.82, 277952
33.83, 277952
33.84, 277952
33.85, 277952
33.86, 277952
33.87, 277952
33.88, 277952
33.89, 277952
33.9, 277952
33.91, 277952
33.92, 277952
33.93, 277952
33.94, 277952
33.95, 277952
33.96, 277952
33.97, 277952
33.98, 277952
33.99, 277952
34.0, 277952
34.01, 277952
34.02, 277952
34.03, 277952
34.04, 277952
34.05, 277952
34.06, 277952
34.07, 277952
34.08, 277952
34.09, 277952
34.1, 277952
34.11, 277952
34.12, 277952
34.13, 277952
34.14, 277952
34.15, 277952
34.16, 277952
34.17, 277952
34.18, 277952
34.19, 277952
34.2, 277952
34.21, 277952
34.22, 277952
34.23, 277952
34.24, 277952
34.25, 277952
34.26, 277952
34.27, 277952
34.28, 277952
34.29, 277952
34.3, 277952
34.31, 277952
34.32, 277952
34.33, 277952
34.34, 277952
34.35, 277952
34.36, 277952
34.37, 277952
34.38, 277952
34.39, 277952
34.4, 277952
34.41, 277952
34.42, 277952
34.43, 277952
34.44, 277952
34.45, 277952
34.46, 277952
34.47, 277952
34.48, 277952
34.49, 277952
34.5, 277952
34.51, 277952
34.52, 277952
34.53, 277952
34.54, 277952
34.55, 277952
34.56, 277952
34.57, 277952
34.58, 277952
34.59, 277952
34.6, 277952
34.61, 277952
34.62, 277952
34.63, 277952
34.64, 277952
34.65, 277952
34.66, 277952
34.67, 277952
34.68, 277952
34.69, 277952
34.7, 277952
34.71, 277952
34.72, 277952
34.73, 277952
34.74, 277952
34.75, 277952
34.76, 277952
34.77, 277952
34.78, 277952
34.79, 277952
34.8, 277952
34.81, 277952
34.82, 277952
34.83, 277952
34.84, 277952
34.85, 277952
34.86, 277952
34.87, 277952
34.88, 277952
34.89, 277952
34.9, 277952
34.91, 277952
34.92, 277952
34.93, 277952
34.94, 277952
34.95, 277952
34.96, 277952
34.97, 277952
34.98, 277952
34.99, 277952
35.0, 277952
35.01, 277952
35.02, 277952
35.03, 277952
35.04, 277952
35.05, 277952
35.06, 277952
35.07, 277952
35.08, 277952
35.09, 277952
35.1, 277952
35.11, 277952
35.12, 277952
35.13, 277952
35.14, 277952
35.15, 277952
35.16, 277952
35.17, 277952
35.18, 277952
35.19, 277952
35.2, 277952
35.21, 277952
35.22, 277952
35.23, 277952
35.24, 277952
35.25, 277952
35.26, 277952
35.27, 277952
35.28, 277952
35.29, 277952
35.3, 277952
35.31, 277952
35.32, 277952
35.33, 277952
35.34, 277952
35.35, 277952
35.36, 277952
35.37, 277952
35.38, 277952
35.39, 277952
35.4, 277952
35.41, 277952
35.42, 277952
35.43, 277952
35.44, 277952
35.45, 277952
35.46, 277952
35.47, 277952
35.48, 277952
35.49, 277952
35.5, 277952
35.51, 277952
35.52, 277952
35.53, 277952
35.54, 277952
35.55, 277952
35.56, 277952
35.57, 277952
35.58, 277952
35.59, 277952
35.6, 277952
35.61, 277952
35.62, 277952
35.63, 277952
35.64, 277952
35.65, 277952
35.66, 277952
35.67, 277952
35.68, 277952
35.69, 277952
35.7, 277952
35.71, 277952
35.72, 277952
35.73, 277952
35.74, 277952
35.75, 277952
35.76, 277952
35.77, 277952
35.78, 277952
35.79, 277952
35.8, 277952
35.81, 277952
35.82, 277952
35.83, 277952
35.84, 277952
35.85, 277952
35.86, 277952
35.87, 277952
35.88, 277952
35.89, 277952
35.9, 277952
35.91, 277952
35.92, 277952
35.93, 277952
35.94, 277952
35.95, 277952
35.96, 277952
35.97, 277952
35.98, 277952
35.99, 277952
36.0, 277952
36.01, 277952
36.02, 277952
36.03, 277952
36.04, 277952
36.05, 277952
36.06, 277952
36.07, 277952
36.08, 277952
36.09, 277952
36.1, 277952
36.11, 277952
36.12, 277952
36.13, 277952
36.14, 277952
36.15, 277952
36.16, 277952
36.17, 277952
36.18, 277952
36.19, 277952
36.2, 277952
36.21, 277952
36.22, 277952
36.23, 277952
36.24, 277952
36.25, 277952
36.26, 277952
36.27, 277952
36.28, 277952
36.29, 277952
36.3, 277952
36.31, 277952
36.32, 277952
36.33, 277952
36.34, 277952
36.35, 277952
36.36, 277952
36.37, 277952
36.38, 277952
36.39, 277952
36.4, 277952
36.41, 277952
36.42, 277952
36.43, 277952
36.44, 277952
36.45, 277952
36.46, 277952
36.47, 277952
36.48, 277952
36.49, 277952
36.5, 277952
36.51, 277952
36.52, 277952
36.53, 277952
36.54, 277952
36.55, 277952
36.56, 277952
36.57, 277952
36.58, 277952
36.59, 277952
36.6, 277952
36.61, 277952
36.62, 277952
36.63, 277952
36.64, 277952
36.65, 277952
36.66, 277952
36.67, 277952
36.68, 277952
36.69, 277952
36.7, 277952
36.71, 277952
36.72, 277952
36.73, 277952
36.74, 277952
36.75, 277952
36.76, 277952
36.77, 277952
36.78, 277952
36.79, 277952
36.8, 277952
36.81, 277952
36.82, 277952
36.83, 277952
36.84, 277952
36.85, 277952
36.86, 277952
36.87, 277952
36.88, 277952
36.89, 277952
36.9, 277952
36.91, 277952
36.92, 277952
36.93, 277952
36.94, 277952
36.95, 277952
36.96, 277952
36.97, 277952
36.98, 277952
36.99, 277952
37.0, 277952
37.01, 277952
37.02, 277952
37.03, 277952
37.04, 277952
37.05, 277952
37.06, 277952
37.07, 277952
37.08, 277952
37.09, 277952
37.1, 277952
37.11, 277952
37.12, 277952
37.13, 277952
37.14, 277952
37.15, 277952
37.16, 277952
37.17, 277952
37.18, 277952
37.19, 277952
37.2, 277952
37.21, 277952
37.22, 277952
37.23, 277952
37.24, 277952
37.25, 277952
37.26, 277952
37.27, 277952
37.28, 277952
37.29, 277952
37.3, 277952
37.31, 277952
37.32, 277952
37.33, 277952
37.34, 277952
37.35, 277952
37.36, 277952
37.37, 277952
37.38, 277952
37.39, 277952
37.4, 277952
37.41, 277952
37.42, 277952
37.43, 277952
37.44, 277952
37.45, 277952
37.46, 277952
37.47, 277952
37.48, 277952
37.49, 277952
37.5, 277952
37.51, 277952
37.52, 277952
37.53, 277952
37.54, 277952
37.55, 277952
37.56, 277952
37.57, 277952
37.58, 277952
37.59, 277952
37.6, 277952
37.61, 277952
37.62, 277952
37.63, 277952
37.64, 277952
37.65, 277952
37.66, 277952
37.67, 277952
37.68, 277952
37.69, 277952
37.7, 277952
37.71, 277952
37.72, 277952
37.73, 277952
37.74, 277952
37.75, 277952
37.76, 277952
37.77, 277952
37.78, 277952
37.79, 277952
37.8, 277952
37.81, 277952
37.82, 277952
37.83, 277952
37.84, 277952
37.85, 277952
37.86, 277952
37.87, 277952
37.88, 277952
37.89, 277952
37.9, 277952
37.91, 277952
37.92, 277952
37.93, 277952
37.94, 277952
37.95, 277952
37.96, 277952
37.97, 277952
37.98, 277952
37.99, 277952
38.0, 277952
38.01, 277952
38.02, 277952
38.03, 277952
38.04, 277952
38.05, 277952
38.06, 277952
38.07, 277952
38.08, 277952
38.09, 277952
38.1, 277952
38.11, 277952
38.12, 277952
38.13, 277952
38.14, 277952
38.15, 277952
38.16, 277952
38.17, 277952
38.18, 277952
38.19, 277952
38.2, 277952
38.21, 277952
38.22, 277952
38.23, 277952
38.24, 277952
38.25, 277952
38.26, 277952
38.27, 277952
38.28, 277952
38.29, 277952
38.3, 277952
38.31, 277952
38.32, 277952
38.33, 277952
38.34, 277952
38.35, 277952
38.36, 277952
38.37, 277952
38.38, 277952
38.39, 277952
38.4, 277952
38.41, 277952
38.42, 277952
38.43, 277952
38.44, 277952
38.45, 277952
38.46, 277952
38.47, 277952
38.48, 277952
38.49, 277952
38.5, 277952
38.51, 277952
38.52, 277952
38.53, 277952
38.54, 277952
38.55, 277952
38.56, 277952
38.57, 277952
38.58, 277952
38.59, 277952
38.6, 277952
38.61, 277952
38.62, 277952
38.63, 277952
38.64, 277952
38.65, 277952
38.66, 277952
38.67, 277952
38.68, 277952
38.69, 277952
38.7, 277952
38.71, 277952
38.72, 277952
38.73, 277952
38.74, 277952
38.75, 277952
38.76, 277952
38.77, 277952
38.78, 277952
38.79, 277952
38.8, 277952
38.81, 277952
38.82, 277952
38.83, 277952
38.84, 277952
38.85, 277952
38.86, 277952
38.87, 277952
38.88, 277952
38.89, 277952
38.9, 277952
38.91, 277952
38.92, 277952
38.93, 277952
38.94, 277952
38.95, 277952
38.96, 277952
38.97, 277952
38.98, 277952
38.99, 277952
39.0, 277952
39.01, 277952
39.02, 277952
39.03, 277952
39.04, 277952
39.05, 277952
39.06, 277952
39.07, 277952
39.08, 277952
39.09, 277952
39.1, 277952
39.11, 277952
39.12, 277952
39.13, 277952
39.14, 277952
39.15, 277952
39.16, 277952
39.17, 277952
39.18, 277952
39.19, 277952
39.2, 277952
39.21, 277952
39.22, 277952
39.23, 277952
39.24, 277952
39.25, 277952
39.26, 277952
39.27, 277952
39.28, 277952
39.29, 277952
39.3, 277952
39.31, 277952
39.32, 277952
39.33, 277952
39.34, 277952
39.35, 277952
39.36, 277952
39.37, 277952
39.38, 277952
39.39, 277952
39.4, 277952
39.41, 277952
39.42, 277952
39.43, 277952
39.44, 277952
39.45, 277952
39.46, 277952
39.47, 277952
39.48, 277952
39.49, 277952
39.5, 277952
39.51, 277952
39.52, 277952
39.53, 277952
39.54, 277952
39.55, 277952
39.56, 277952
39.57, 277952
39.58, 277952
39.59, 277952
39.6, 277952
39.61, 277952
39.62, 277952
39.63, 277952
39.64, 277952
39.65, 277952
39.66, 277952
39.67, 277952
39.68, 277952
39.69, 277952
39.7, 277952
39.71, 277952
39.72, 277952
39.73, 277952
39.74, 277952
39.75, 277952
39.76, 277952
39.77, 277952
39.78, 277952
39.79, 277952
39.8, 277952
39.81, 277952
39.82, 277952
39.83, 277952
39.84, 277952
39.88, 277952
39.89, 277952
39.9, 277952
39.91, 277952
39.92, 277952
39.93, 277952
39.94, 277952
39.95, 277952
39.96, 277952
39.97, 277952
39.98, 277952
39.99, 277952
40.0, 277952
40.01, 277952
40.02, 277952
40.03, 277952
40.04, 277952
40.05, 277952
40.06, 277952
40.07, 277952
40.08, 277952
40.09, 277952
40.1, 277952
40.11, 277952
40.12, 277952
40.13, 277952
40.14, 277952
40.15, 277952
40.16, 277952
40.17, 277952
40.18, 277952
40.19, 277952
40.2, 277952
40.21, 277952
40.22, 277952
40.23, 277952
40.24, 277952
40.25, 277952
40.26, 277952
40.27, 277952
40.28, 277952
40.29, 277952
40.3, 277952
40.31, 277952
40.32, 277952
40.33, 277952
40.34, 277952
40.35, 277952
40.36, 277952
40.37, 277952
40.38, 277952
40.39, 277952
40.4, 277952
40.41, 277952
40.42, 277952
40.43, 277952
40.44, 277952
40.45, 277952
40.46, 277952
40.47, 277952
40.48, 277952
40.49, 277952
40.5, 277952
40.51, 277952
40.52, 277952
40.53, 277952
40.54, 277952
40.55, 277952
40.56, 277952
40.57, 277952
40.58, 277952
40.59, 277952
40.6, 277952
40.61, 277952
40.62, 277952
40.63, 277952
40.64, 277952
40.65, 277952
40.66, 277952
40.67, 277952
40.68, 277952
40.69, 277952
40.7, 277952
40.71, 277952
40.72, 277952
40.73, 277952
40.74, 277952
40.75, 277952
40.76, 277952
40.77, 277952
40.78, 277952
40.79, 277952
40.8, 277952
40.81, 277952
40.82, 277952
40.83, 277952
40.84, 277952
40.85, 277952
40.86, 277952
40.87, 277952
40.88, 277952
40.89, 277952
40.9, 277952
40.91, 277952
40.92, 277952
40.93, 277952
40.94, 277952
40.95, 277952
40.96, 277952
40.97, 277952
40.98, 277952
40.99, 277952
41.0, 277952
41.01, 277952
41.02, 277952
41.03, 277952
41.04, 277952
41.05, 277952
41.06, 277952
41.07, 277952
41.08, 277952
41.09, 277952
41.1, 277952
41.11, 277952
41.12, 277952
41.13, 277952
41.14, 277952
41.15, 277952
41.16, 277952
41.17, 277952
41.18, 277952
41.19, 277952
41.2, 277952
41.21, 277952
41.22, 277952
41.23, 277952
41.24, 277952
41.25, 277952
41.26, 277952
41.27, 277952
41.28, 277952
41.29, 277952
41.3, 277952
41.31, 277952
41.32, 277952
41.33, 277952
41.34, 277952
41.35, 277952
41.36, 277952
41.37, 277952
41.38, 277952
41.39, 277952
41.4, 277952
41.41, 277952
41.42, 277952
41.43, 277952
41.44, 277952
41.45, 277952
41.46, 277952
41.47, 277952
41.48, 277952
41.49, 277952
41.5, 277952
41.51, 277952
41.52, 277952
41.53, 277952
41.54, 277952
41.55, 277952
41.56, 277952
41.57, 277952
41.58, 277952
41.59, 277952
41.6, 277952
41.61, 277952
41.62, 277952
41.63, 277952
41.64, 277952
41.65, 277952
41.66, 277952
41.67, 277952
41.68, 277952
41.69, 277952
41.7, 277952
41.71, 277952
41.72, 277952
41.73, 277952
41.74, 277952
41.75, 277952
41.76, 277952
41.77, 277952
41.78, 277952
41.79, 277952
41.8, 277952
41.81, 277952
41.82, 277952
41.83, 277952
41.84, 277952
41.85, 277952
41.86, 277952
41.87, 277952
41.88, 277952
41.89, 277952
41.9, 277952
41.91, 277952
41.92, 277952
41.93, 277952
41.94, 277952
41.95, 277952
41.96, 277952
41.97, 277952
41.98, 277952
41.99, 277952
42.0, 277952
42.01, 277952
42.02, 277952
42.03, 277952
42.04, 277952
42.05, 277952
42.06, 277952
42.07, 277952
42.08, 277952
42.09, 277952
42.1, 277952
42.11, 277952
42.12, 277952
42.13, 277952
42.14, 277952
42.15, 277952
42.16, 277952
42.17, 277952
42.18, 277952
42.19, 277952
42.2, 277952
42.21, 277952
42.22, 277952
42.23, 277952
42.24, 277952
42.25, 277952
42.26, 277952
42.27, 277952
42.28, 277952
42.29, 277952
42.3, 277952
42.31, 277952
42.32, 277952
42.33, 277952
42.34, 277952
42.35, 277952
42.36, 277952
42.37, 277952
42.38, 277952
42.39, 277952
42.4, 277952
42.41, 277952
42.42, 277952
42.43, 277952
42.44, 277952
42.45, 277952
42.46, 277952
42.47, 277952
42.48, 277952
42.49, 277952
42.5, 277952
42.51, 277952
42.52, 277952
42.53, 277952
42.54, 277952
42.55, 277952
42.56, 277952
42.57, 277952
42.58, 277952
42.59, 277952
42.6, 277952
42.61, 277952
42.62, 277952
42.63, 277952
42.64, 277952
42.65, 277952
42.66, 277952
42.67, 277952
42.68, 277952
42.69, 277952
42.7, 277952
42.71, 277952
42.72, 277952
42.73, 277952
42.74, 277952
42.75, 277952
42.76, 277952
42.77, 277952
42.78, 277952
42.79, 277952
42.8, 277952
42.81, 277952
42.82, 277952
42.83, 277952
42.84, 277952
42.85, 277952
42.86, 277952
42.87, 277952
42.88, 277952
42.89, 277952
42.9, 277952
42.91, 277952
42.92, 277952
42.93, 277952
42.94, 277952
42.95, 277952
42.96, 277952
42.97, 277952
42.98, 277952
42.99, 277952
43.0, 277952
43.01, 277952
43.02, 277952
43.03, 277952
43.04, 277952
43.05, 277952
43.06, 277952
43.07, 277952
43.08, 277952
43.09, 277952
43.1, 277952
43.11, 277952
43.12, 277952
43.13, 277952
43.14, 277952
43.15, 277952
43.16, 277952
43.17, 277952
43.18, 277952
43.19, 277952
43.2, 277952
43.21, 277952
43.22, 277952
43.23, 277952
43.24, 277952
43.25, 277952
43.26, 277952
43.27, 277952
43.28, 277952
43.29, 277952
43.3, 277952
43.31, 277952
43.32, 277952
43.33, 277952
43.34, 277952
43.35, 277952
43.36, 277952
43.37, 277952
43.38, 277952
43.39, 277952
43.4, 277952
43.41, 277952
43.42, 277952
43.43, 277952
43.44, 277952
43.45, 277952
43.46, 277952
43.47, 277952
43.48, 277952
43.49, 277952
43.5, 277952
43.51, 277952
43.52, 277952
43.53, 277952
43.54, 277952
43.55, 277952
43.56, 277952
43.57, 277952
43.58, 277952
43.59, 277952
43.6, 277952
43.61, 277952
43.62, 277952
43.63, 277952
43.64, 277952
43.65, 277952
43.66, 277952
43.67, 277952
43.68, 277952
43.69, 277952
43.7, 277952
43.71, 277952
43.72, 277952
43.73, 277952
43.74, 277952
43.75, 277952
43.76, 277952
43.77, 277952
43.78, 277952
43.79, 277952
43.8, 277952
43.81, 277952
43.82, 277952
43.83, 277952
43.84, 277952
43.85, 277952
43.86, 277952
43.87, 277952
43.88, 277952
43.89, 277952
43.9, 277952
43.91, 277952
43.92, 277952
43.93, 277952
43.94, 277952
43.95, 277952
43.96, 277952
43.97, 277952
43.98, 277952
43.99, 277952
44.0, 277952
44.01, 277952
44.02, 277952
44.03, 277952
44.04, 277952
44.05, 277952
44.06, 277952
44.07, 277952
44.08, 277952
44.09, 277952
44.1, 277952
44.11, 277952
44.12, 277952
44.13, 277952
44.14, 277952
44.15, 277952
44.16, 277952
44.17, 277952
44.18, 277952
44.19, 277952
44.2, 277952
44.21, 277952
44.22, 277952
44.23, 277952
44.24, 277952
44.25, 277952
44.26, 277952
44.27, 277952
44.28, 277952
44.29, 277952
44.3, 277952
44.31, 277952
44.32, 277952
44.33, 277952
44.34, 277952
44.35, 277952
44.36, 277952
44.37, 277952
44.38, 277952
44.39, 277952
44.4, 277952
44.41, 277952
44.42, 277952
44.43, 277952
44.44, 277952
44.45, 277952
44.46, 277952
44.47, 277952
44.48, 277952
44.49, 277952
44.5, 277952
44.51, 277952
44.52, 277952
44.53, 277952
44.54, 277952
44.55, 277952
44.56, 277952
44.57, 277952
44.58, 277952
44.59, 277952
44.6, 277952
44.61, 277952
44.62, 277952
44.63, 277952
44.64, 277952
44.65, 277952
44.66, 277952
44.67, 277952
44.68, 277952
44.69, 277952
44.7, 277952
44.71, 277952
44.72, 277952
44.73, 277952
44.74, 277952
44.75, 277952
44.76, 277952
44.77, 277952
44.78, 277952
44.79, 277952
44.8, 277952
44.81, 277952
44.82, 277952
44.83, 277952
44.84, 277952
44.85, 277952
44.86, 277952
44.87, 277952
44.88, 277952
44.89, 277952
44.9, 277952
44.91, 277952
44.92, 277952
44.93, 277952
44.94, 277952
44.95, 277952
44.96, 277952
44.97, 277952
44.98, 277952
44.99, 277952
45.0, 277952
45.01, 277952
45.02, 277952
45.03, 277952
45.04, 277952
45.05, 277952
45.06, 277952
45.07, 277952
45.08, 277952
45.09, 277952
45.1, 277952
45.11, 277952
45.12, 277952
45.13, 277952
45.14, 277952
45.15, 277952
45.16, 277952
45.17, 277952
45.18, 277952
45.19, 277952
45.2, 277952
45.21, 277952
45.22, 277952
45.23, 277952
45.24, 277952
45.25, 277952
45.26, 277952
45.27, 277952
45.28, 277952
45.29, 277952
45.3, 277952
45.31, 277952
45.32, 277952
45.33, 277952
45.34, 277952
45.35, 277952
45.36, 277952
45.37, 277952
45.38, 277952
45.39, 277952
45.4, 277952
45.41, 277952
45.42, 277952
45.43, 277952
45.44, 277952
45.45, 277952
45.46, 277952
45.47, 277952
45.48, 277952
45.49, 277952
45.5, 277952
45.51, 277952
45.52, 277952
45.53, 277952
45.54, 277952
45.55, 277952
45.56, 277952
45.57, 277952
45.58, 277952
45.59, 277952
45.6, 277952
45.61, 277952
45.62, 277952
45.63, 277952
45.64, 277952
45.65, 277952
45.66, 277952
45.67, 277952
45.68, 277952
45.69, 277952
45.7, 277952
45.71, 277952
45.72, 277952
45.73, 277952
45.74, 277952
45.75, 277952
45.76, 277952
45.77, 277952
45.78, 277952
45.79, 277952
45.8, 277952
45.81, 277952
45.82, 277952
45.83, 277952
45.84, 277952
45.85, 277952
45.86, 277952
45.87, 277952
45.88, 277952
45.89, 277952
45.9, 277952
45.91, 277952
45.92, 277952
45.93, 277952
45.94, 277952
45.95, 277952
45.96, 277952
45.97, 277952
45.98, 277952
45.99, 277952
46.0, 277952
46.01, 277952
46.02, 277952
46.03, 277952
46.04, 277952
46.05, 277952
46.06, 277952
46.07, 277952
46.08, 277952
46.09, 277952
46.1, 277952
46.11, 277952
46.12, 277952
46.13, 277952
46.14, 277952
46.15, 277952
46.16, 277952
46.17, 277952
46.18, 277952
46.19, 277952
46.2, 277952
46.21, 277952
46.22, 277952
46.23, 277952
46.24, 277952
46.25, 277952
46.26, 277952
46.27, 277952
46.28, 277952
46.29, 277952
46.3, 277952
46.31, 277952
46.32, 277952
46.33, 277952
46.34, 277952
46.35, 277952
46.36, 277952
46.37, 277952
46.38, 277952
46.39, 277952
46.4, 277952
46.41, 277952
46.42, 277952
46.43, 277952
46.44, 277952
46.45, 277952
46.46, 277952
46.47, 277952
46.48, 277952
46.49, 277952
46.5, 277952
46.51, 277952
46.52, 277952
46.53, 277952
46.54, 277952
46.55, 277952
46.56, 277952
46.57, 277952
46.58, 277952
46.59, 277952
46.6, 277952
46.61, 277952
46.62, 277952
46.63, 277952
46.64, 277952
46.65, 277952
46.66, 277952
46.67, 277952
46.68, 277952
46.69, 277952
46.7, 277952
46.71, 277952
46.72, 277952
46.73, 277952
46.74, 277952
46.75, 277952
46.76, 277952
46.77, 277952
46.78, 277952
46.79, 277952
46.8, 277952
46.81, 277952
46.82, 277952
46.83, 277952
46.84, 277952
46.85, 277952
46.86, 277952
46.87, 277952
46.88, 277952
46.89, 277952
46.9, 277952
46.91, 277952
46.92, 277952
46.93, 277952
46.94, 277952
46.95, 277952
46.96, 277952
46.97, 277952
46.98, 277952
46.99, 277952
47.0, 277952
47.01, 277952
47.02, 277952
47.03, 277952
47.04, 277952
47.05, 277952
47.06, 277952
47.07, 277952
47.08, 277952
47.09, 277952
47.1, 277952
47.11, 277952
47.12, 277952
47.13, 277952
47.14, 277952
47.15, 277952
47.16, 277952
47.17, 277952
47.18, 277952
47.19, 277952
47.2, 277952
47.21, 277952
47.22, 277952
47.23, 277952
47.24, 277952
47.25, 277952
47.26, 277952
47.27, 277952
47.28, 277952
47.29, 277952
47.3, 277952
47.31, 277952
47.32, 277952
47.33, 277952
47.34, 277952
47.35, 277952
47.36, 277952
47.37, 277952
47.38, 277952
47.39, 277952
47.4, 277952
47.41, 277952
47.42, 277952
47.43, 277952
47.44, 277952
47.45, 277952
47.46, 277952
47.47, 277952
47.48, 277952
47.49, 277952
47.5, 277952
47.51, 277952
47.52, 277952
47.53, 277952
47.54, 277952
47.55, 277952
47.56, 277952
47.57, 277952
47.58, 277952
47.59, 277952
47.6, 277952
47.61, 277952
47.62, 277952
47.63, 277952
47.64, 277952
47.65, 277952
47.66, 277952
47.67, 277952
47.68, 277952
47.69, 277952
47.7, 277952
47.71, 277952
47.72, 277952
47.73, 277952
47.74, 277952
47.75, 277952
47.76, 277952
47.77, 277952
47.78, 277952
47.79, 277952
47.8, 277952
47.81, 277952
47.82, 277952
47.83, 277952
47.84, 277952
47.85, 277952
47.86, 277952
47.87, 277952
47.88, 277952
47.89, 277952
47.9, 277952
47.91, 277952
47.92, 277952
47.93, 277952
47.94, 277952
47.95, 277952
47.96, 277952
47.97, 277952
47.98, 277952
47.99, 277952
48.0, 277952
48.01, 277952
48.02, 277952
48.03, 277952
48.04, 277952
48.05, 277952
48.06, 277952
48.07, 277952
48.08, 277952
48.09, 277952
48.1, 277952
48.11, 277952
48.12, 277952
48.13, 277952
48.14, 277952
48.15, 277952
48.16, 277952
48.17, 277952
48.18, 277952
48.19, 277952
48.2, 277952
48.21, 277952
48.22, 277952
48.23, 277952
48.24, 277952
48.25, 277952
48.26, 277952
48.27, 277952
48.28, 277952
48.29, 277952
48.3, 277952
48.31, 277952
48.32, 277952
48.33, 277952
48.34, 277952
48.35, 277952
48.36, 277952
48.37, 277952
48.38, 277952
48.39, 277952
48.4, 277952
48.41, 277952
48.42, 277952
48.43, 277952
48.44, 277952
48.45, 277952
48.46, 277952
48.47, 277952
48.48, 277952
48.49, 277952
48.5, 277952
48.51, 277952
48.52, 277952
48.53, 277952
48.54, 277952
48.55, 277952
48.56, 277952
48.57, 277952
48.58, 277952
48.59, 277952
48.6, 277952
48.61, 277952
48.62, 277952
48.63, 277952
48.64, 277952
48.65, 277952
48.66, 277952
48.67, 277952
48.68, 277952
48.69, 277952
48.7, 277952
48.71, 277952
48.72, 277952
48.73, 277952
48.74, 277952
48.75, 277952
48.76, 277952
48.77, 277952
48.78, 277952
48.79, 277952
48.8, 277952
48.81, 277952
48.82, 277952
48.83, 277952
48.84, 277952
48.85, 277952
48.86, 277952
48.87, 277952
48.88, 277952
48.89, 277952
48.9, 277952
48.91, 277952
48.92, 277952
48.93, 277952
48.94, 277952
48.95, 277952
48.96, 277952
48.97, 277952
48.98, 277952
48.99, 277952
49.0, 277952
49.01, 277952
49.02, 277952
49.03, 277952
49.04, 277952
49.05, 277952
49.06, 277952
49.07, 277952
49.08, 277952
49.09, 277952
49.1, 277952
49.11, 277952
49.12, 277952
49.13, 277952
49.14, 277952
49.15, 277952
49.16, 277952
49.17, 277952
49.18, 277952
49.19, 277952
49.2, 277952
49.21, 277952
49.22, 277952
49.23, 277952
49.24, 277952
49.25, 277952
49.26, 277952
49.27, 277952
49.28, 277952
49.29, 277952
49.3, 277952
49.31, 277952
49.32, 277952
49.33, 277952
49.34, 277952
49.35, 277952
49.36, 277952
49.37, 277952
49.38, 277952
49.39, 277952
49.4, 277952
49.41, 277952
49.42, 277952
49.43, 277952
49.44, 277952
49.45, 277952
49.46, 277952
49.47, 277952
49.48, 277952
49.49, 277952
49.5, 277952
49.51, 277952
49.52, 277952
49.53, 277952
49.54, 277952
49.55, 277952
49.56, 277952
49.57, 277952
49.58, 277952
49.59, 277952
49.6, 277952
49.61, 277952
49.64, 277952
49.65, 277952
49.66, 277952
49.67, 277952
49.68, 277952
49.69, 277952
49.7, 277952
49.71, 277952
49.72, 277952
49.73, 277952
49.74, 277952
49.75, 277952
49.76, 277952
49.77, 277952
49.78, 277952
49.79, 277952
49.8, 277952
49.81, 277952
49.82, 277952
49.83, 277952
49.84, 277952
49.85, 277952
49.86, 277952
49.87, 277952
49.88, 277952
49.89, 277952
49.9, 277952
49.91, 277952
49.92, 277952
49.93, 277952
49.94, 277952
49.95, 277952
49.96, 277952
49.97, 277952
49.98, 277952
49.99, 277952
50.0, 277952
50.01, 277952
50.02, 277952
50.03, 277952
50.04, 277952
50.05, 277952
50.06, 277952
50.07, 277952
50.08, 277952
50.09, 277952
50.1, 277952
50.11, 277952
50.12, 277952
50.13, 277952
50.14, 277952
50.15, 277952
50.16, 277952
50.17, 277952
50.18, 277952
50.19, 277952
50.2, 277952
50.21, 277952
50.22, 277952
50.23, 277952
50.24, 277952
50.25, 277952
50.26, 277952
50.27, 277952
50.28, 277952
50.29, 277952
50.3, 277952
50.31, 277952
50.32, 277952
50.33, 277952
50.34, 277952
50.35, 277952
50.36, 277952
50.37, 277952
50.38, 277952
50.39, 277952
50.4, 277952
50.41, 277952
50.42, 277952
50.43, 277952
50.44, 277952
50.45, 277952
50.46, 277952
50.47, 277952
50.48, 277952
50.49, 277952
50.5, 277952
50.51, 277952
50.52, 277952
50.53, 277952
50.54, 277952
50.55, 277952
50.56, 277952
50.57, 277952
50.58, 277952
50.59, 277952
50.6, 277952
50.61, 277952
50.62, 277952
50.63, 277952
50.64, 277952
50.65, 277952
50.66, 277952
50.67, 277952
50.68, 277952
50.69, 277952
50.7, 277952
50.71, 277952
50.72, 277952
50.73, 277952
50.74, 277952
50.75, 277952
50.76, 277952
50.77, 277952
50.78, 277952
50.79, 277952
50.8, 277952
50.81, 277952
50.82, 277952
50.83, 277952
50.84, 277952
50.85, 277952
50.86, 277952
50.87, 277952
50.88, 277952
50.89, 277952
50.9, 277952
50.91, 277952
50.92, 277952
50.93, 277952
50.94, 277952
50.95, 277952
50.96, 277952
50.97, 277952
50.98, 277952
50.99, 277952
51.0, 277952
51.01, 277952
51.02, 277952
51.03, 277952
51.04, 277952
51.05, 277952
51.06, 277952
51.07, 277952
51.08, 277952
51.09, 277952
51.1, 277952
51.11, 277952
51.12, 277952
51.13, 277952
51.14, 277952
51.15, 277952
51.16, 277952
51.17, 277952
51.18, 277952
51.19, 277952
51.2, 277952
51.21, 277952
51.22, 277952
51.23, 277952
51.24, 277952
51.25, 277952
51.26, 277952
51.27, 277952
51.28, 277952
51.29, 277952
51.3, 277952
51.31, 277952
51.32, 277952
51.33, 277952
51.34, 277952
51.35, 277952
51.36, 277952
51.37, 277952
51.38, 277952
51.39, 277952
51.4, 277952
51.41, 277952
51.42, 277952
51.43, 277952
51.44, 277952
51.45, 277952
51.46, 277952
51.47, 277952
51.48, 277952
51.49, 277952
51.5, 277952
51.51, 277952
51.52, 277952
51.53, 277952
51.54, 277952
51.55, 277952
51.56, 277952
51.57, 277952
51.58, 277952
51.59, 277952
51.6, 277952
51.61, 277952
51.62, 277952
51.63, 277952
51.64, 277952
51.65, 277952
51.66, 277952
51.67, 277952
51.68, 277952
51.69, 277952
51.7, 277952
51.71, 277952
51.72, 277952
51.73, 277952
51.74, 277952
51.75, 277952
51.76, 277952
51.77, 277952
51.78, 277952
51.79, 277952
51.8, 277952
51.81, 277952
51.82, 277952
51.83, 277952
51.84, 277952
51.85, 277952
51.86, 277952
51.87, 277952
51.88, 277952
51.89, 277952
51.9, 277952
51.91, 277952
51.92, 277952
51.93, 277952
51.94, 277952
51.95, 277952
51.96, 277952
51.97, 277952
51.98, 277952
51.99, 277952
52.0, 277952
52.01, 277952
52.02, 277952
52.03, 277952
52.04, 277952
52.05, 277952
52.06, 277952
52.07, 277952
52.08, 277952
52.09, 277952
52.1, 277952
52.11, 277952
52.12, 277952
52.13, 277952
52.14, 277952
52.15, 277952
52.16, 277952
52.17, 277952
52.18, 277952
52.19, 277952
52.2, 277952
52.21, 277952
52.22, 277952
52.23, 277952
52.24, 277952
52.25, 277952
52.26, 277952
52.27, 277952
52.28, 277952
52.29, 277952
52.3, 277952
52.31, 277952
52.32, 277952
52.33, 277952
52.34, 277952
52.35, 277952
52.36, 277952
52.37, 277952
52.38, 277952
52.39, 277952
52.4, 277952
52.41, 277952
52.42, 277952
52.43, 277952
52.44, 277952
52.45, 277952
52.46, 277952
52.47, 277952
52.48, 277952
52.49, 277952
52.5, 277952
52.51, 277952
52.52, 277952
52.53, 277952
52.54, 277952
52.55, 277952
52.56, 277952
52.57, 277952
52.58, 277952
52.59, 277952
52.6, 277952
52.61, 277952
52.62, 277952
52.63, 277952
52.64, 277952
52.65, 277952
52.66, 277952
52.67, 277952
52.68, 277952
52.69, 277952
52.7, 277952
52.71, 277952
52.72, 277952
52.73, 277952
52.74, 277952
52.75, 277952
52.76, 277952
52.77, 277952
52.78, 277952
52.79, 277952
52.8, 277952
52.81, 277952
52.82, 277952
52.83, 277952
52.84, 277952
52.85, 277952
52.86, 277952
52.87, 277952
52.88, 277952
52.89, 277952
52.9, 277952
52.91, 277952
52.92, 277952
52.93, 277952
52.94, 277952
52.95, 277952
52.96, 277952
52.97, 277952
52.98, 277952
52.99, 277952
53.0, 277952
53.01, 277952
53.02, 277952
53.03, 277952
53.04, 277952
53.05, 277952
53.06, 277952
53.07, 277952
53.08, 277952
53.09, 277952
53.1, 277952
53.11, 277952
53.12, 277952
53.13, 277952
53.14, 277952
53.15, 277952
53.16, 277952
53.17, 277952
53.18, 277952
53.19, 277952
53.2, 277952
53.21, 277952
53.22, 277952
53.23, 277952
53.24, 277952
53.25, 277952
53.26, 277952
53.27, 277952
53.28, 277952
53.29, 277952
53.3, 277952
53.31, 277952
53.32, 277952
53.33, 277952
53.34, 277952
53.35, 277952
53.36, 277952
53.37, 277952
53.38, 277952
53.39, 277952
53.4, 277952
53.41, 277952
53.42, 277952
53.43, 277952
53.44, 277952
53.45, 277952
53.46, 277952
53.47, 277952
53.48, 277952
53.49, 277952
53.5, 277952
53.51, 277952
53.52, 277952
53.53, 277952
53.54, 277952
53.55, 277952
53.56, 277952
53.57, 277952
53.58, 277952
53.59, 277952
53.6, 277952
53.61, 277952
53.62, 277952
53.63, 277952
53.64, 277952
53.65, 277952
53.66, 277952
53.67, 277952
53.68, 277952
53.69, 277952
53.7, 277952
53.71, 277952
53.72, 277952
53.73, 277952
53.74, 277952
53.75, 277952
53.76, 277952
53.77, 277952
53.78, 277952
53.79, 277952
53.8, 277952
53.81, 277952
53.82, 277952
53.83, 277952
53.84, 277952
53.85, 277952
53.86, 277952
53.87, 277952
53.88, 277952
53.89, 277952
53.9, 277952
53.91, 277952
53.92, 277952
53.93, 277952
53.94, 277952
53.95, 277952
53.96, 277952
53.97, 277952
53.98, 277952
53.99, 277952
54.0, 277952
54.01, 277952
54.02, 277952
54.03, 277952
54.04, 277952
54.05, 277952
54.06, 277952
54.07, 277952
54.08, 277952
54.09, 277952
54.1, 277952
54.11, 277952
54.12, 277952
54.13, 277952
54.14, 277952
54.15, 277952
54.16, 277952
54.17, 277952
54.18, 277952
54.19, 277952
54.2, 277952
54.21, 277952
54.22, 277952
54.23, 277952
54.24, 277952
54.25, 277952
54.26, 277952
54.27, 277952
54.28, 277952
54.29, 277952
54.3, 277952
54.31, 277952
54.32, 277952
54.33, 277952
54.34, 277952
54.35, 277952
54.36, 277952
54.37, 277952
54.38, 277952
54.39, 277952
54.4, 277952
54.41, 277952
54.42, 277952
54.43, 277952
54.44, 277952
54.45, 277952
54.46, 277952
54.47, 277952
54.48, 277952
54.49, 277952
54.5, 277952
54.51, 277952
54.52, 277952
54.53, 277952
54.54, 277952
54.55, 277952
54.56, 277952
54.57, 277952
54.58, 277952
54.59, 277952
54.6, 277952
54.61, 277952
54.62, 277952
54.63, 277952
54.64, 277952
54.65, 277952
54.66, 277952
54.67, 277952
54.68, 277952
54.69, 277952
54.7, 277952
54.71, 277952
54.72, 277952
54.73, 277952
54.74, 277952
54.75, 277952
54.76, 277952
54.77, 277952
54.78, 277952
54.79, 277952
54.8, 277952
54.81, 277952
54.82, 277952
54.83, 277952
54.84, 277952
54.85, 277952
54.86, 277952
54.87, 277952
54.88, 277952
54.89, 277952
54.9, 277952
54.91, 277952
54.92, 277952
54.93, 277952
54.94, 277952
54.95, 277952
54.96, 277952
54.97, 277952
54.98, 277952
54.99, 277952
55.0, 277952
55.01, 277952
55.02, 277952
55.03, 277952
55.04, 277952
55.05, 277952
55.06, 277952
55.07, 277952
55.08, 277952
55.09, 277952
55.1, 277952
55.11, 277952
55.12, 277952
55.13, 277952
55.14, 277952
55.15, 277952
55.16, 277952
55.17, 277952
55.18, 277952
55.19, 277952
55.2, 277952
55.21, 277952
55.22, 277952
55.23, 277952
55.24, 277952
55.25, 277952
55.26, 277952
55.27, 277952
55.28, 277952
55.29, 277952
55.3, 277952
55.31, 277952
55.32, 277952
55.33, 277952
55.34, 277952
55.35, 277952
55.36, 277952
55.37, 277952
55.38, 277952
55.39, 277952
55.4, 277952
55.41, 277952
55.42, 277952
55.43, 277952
55.44, 277952
55.45, 277952
55.46, 277952
55.47, 277952
55.48, 277952
55.49, 277952
55.5, 277952
55.51, 277952
55.52, 277952
55.53, 277952
55.54, 277952
55.55, 277952
55.56, 277952
55.57, 277952
55.58, 277952
55.59, 277952
55.6, 277952
55.61, 277952
55.62, 277952
55.63, 277952
55.64, 277952
55.65, 277952
55.66, 277952
55.67, 277952
55.68, 277952
55.69, 277952
55.7, 277952
55.71, 277952
55.72, 277952
55.73, 277952
55.74, 277952
55.75, 277952
55.76, 277952
55.77, 277952
55.78, 277952
55.79, 277952
55.8, 277952
55.81, 277952
55.82, 277952
55.83, 277952
55.84, 277952
55.85, 277952
55.86, 277952
55.87, 277952
55.88, 277952
55.89, 277952
55.9, 277952
55.91, 277952
55.92, 277952
55.93, 277952
55.94, 277952
55.95, 277952
55.96, 277952
55.97, 277952
55.98, 277952
55.99, 277952
56.0, 277952
56.01, 277952
56.02, 277952
56.03, 277952
56.04, 277952
56.05, 277952
56.06, 277952
56.07, 277952
56.08, 277952
56.09, 277952
56.1, 277952
56.11, 277952
56.12, 277952
56.13, 277952
56.14, 277952
56.15, 277952
56.16, 277952
56.17, 277952
56.18, 277952
56.19, 277952
56.2, 277952
56.21, 277952
56.22, 277952
56.23, 277952
56.24, 277952
56.25, 277952
56.26, 277952
56.27, 277952
56.28, 277952
56.29, 277952
56.3, 277952
56.31, 277952
56.32, 277952
56.33, 277952
56.34, 277952
56.35, 277952
56.36, 277952
56.37, 277952
56.38, 277952
56.39, 277952
56.4, 277952
56.41, 277952
56.42, 277952
56.43, 277952
56.44, 277952
56.45, 277952
56.46, 277952
56.47, 277952
56.48, 277952
56.49, 277952
56.5, 277952
56.51, 277952
56.52, 277952
56.53, 277952
56.54, 277952
56.55, 277952
56.56, 277952
56.57, 277952
56.58, 277952
56.59, 277952
56.6, 277952
56.61, 277952
56.62, 277952
56.63, 277952
56.64, 277952
56.65, 277952
56.66, 277952
56.67, 277952
56.68, 277952
56.69, 277952
56.7, 277952
56.71, 277952
56.72, 277952
56.73, 277952
56.74, 277952
56.75, 277952
56.76, 277952
56.77, 277952
56.78, 277952
56.79, 277952
56.8, 277952
56.81, 277952
56.82, 277952
56.83, 277952
56.84, 277952
56.85, 277952
56.86, 277952
56.87, 277952
56.88, 277952
56.89, 277952
56.9, 277952
56.91, 277952
56.92, 277952
56.93, 277952
56.94, 277952
56.95, 277952
56.96, 277952
56.97, 277952
56.98, 277952
56.99, 277952
57.0, 277952
57.01, 277952
57.02, 277952
57.03, 277952
57.04, 277952
57.05, 277952
57.06, 277952
57.07, 277952
57.08, 277952
57.09, 277952
57.1, 277952
57.11, 277952
57.12, 277952
57.13, 277952
57.14, 277952
57.15, 277952
57.16, 277952
57.17, 277952
57.18, 277952
57.19, 277952
57.2, 277952
57.21, 277952
57.22, 277952
57.23, 277952
57.24, 277952
57.25, 277952
57.26, 277952
57.27, 277952
57.28, 277952
57.29, 277952
57.3, 277952
57.31, 277952
57.32, 277952
57.33, 277952
57.34, 277952
57.35, 277952
57.36, 277952
57.37, 277952
57.38, 277952
57.39, 277952
57.4, 277952
57.41, 277952
57.42, 277952
57.43, 277952
57.44, 277952
57.45, 277952
57.46, 277952
57.47, 277952
57.48, 277952
57.49, 277952
57.5, 277952
57.51, 277952
57.52, 277952
57.53, 277952
57.54, 277952
57.55, 277952
57.56, 277952
57.57, 277952
57.58, 277952
57.59, 277952
57.6, 277952
57.61, 277952
57.63, 277952
57.64, 277952
57.65, 277952
57.66, 277952
57.67, 277952
57.68, 277952
57.69, 277952
57.7, 277952
57.71, 277952
57.72, 277952
57.73, 277952
57.74, 277952
57.75, 277952
57.76, 277952
57.77, 277952
57.78, 277952
57.79, 277952
57.8, 277952
57.81, 277952
57.82, 277952
57.83, 277952
57.84, 277952
57.85, 277952
57.86, 277952
57.87, 277952
57.88, 277952
57.89, 277952
57.9, 277952
57.91, 277952
57.92, 277952
57.93, 277952
57.94, 277952
57.95, 277952
57.96, 277952
57.97, 277952
57.98, 277952
57.99, 277952
58.0, 277952
58.01, 277952
58.02, 277952
58.03, 277952
58.04, 277952
58.05, 277952
58.06, 277952
58.07, 277952
58.08, 277952
58.09, 277952
58.1, 277952
58.11, 277952
58.12, 277952
58.13, 277952
58.14, 277952
58.15, 277952
58.16, 277952
58.17, 277952
58.18, 277952
58.19, 277952
58.2, 277952
58.21, 277952
58.22, 277952
58.23, 277952
58.24, 277952
58.25, 277952
58.26, 277952
58.27, 277952
58.28, 277952
58.29, 277952
58.3, 277952
58.31, 277952
58.32, 277952
58.33, 277952
58.34, 277952
58.35, 277952
58.36, 277952
58.37, 277952
58.38, 277952
58.39, 277952
58.4, 277952
58.41, 277952
58.42, 277952
58.43, 277952
58.44, 277952
58.45, 277952
58.46, 277952
58.47, 277952
58.48, 277952
58.49, 277952
58.5, 277952
58.51, 277952
58.52, 277952
58.53, 277952
58.54, 277952
58.55, 277952
58.56, 277952
58.57, 277952
58.58, 277952
58.59, 277952
58.6, 277952
58.61, 277952
58.62, 277952
58.63, 277952
58.64, 277952
58.65, 277952
58.66, 277952
58.67, 277952
58.68, 277952
58.69, 277952
58.7, 277952
58.71, 277952
58.72, 277952
58.73, 277952
58.74, 277952
58.75, 277952
58.76, 277952
58.77, 277952
58.78, 277952
58.79, 277952
58.8, 277952
58.81, 277952
58.82, 277952
58.83, 277952
58.84, 277952
58.85, 277952
58.86, 277952
58.87, 277952
58.88, 277952
58.89, 277952
58.9, 277952
58.91, 277952
58.92, 277952
58.93, 277952
58.94, 277952
58.95, 277952
58.96, 277952
58.97, 277952
58.98, 277952
58.99, 277952
59.0, 277952
59.01, 277952
59.02, 277952
59.03, 277952
59.04, 277952
59.05, 277952
59.06, 277952
59.07, 277952
59.08, 277952
59.09, 277952
59.1, 277952
59.11, 277952
59.12, 277952
59.13, 277952
59.14, 277952
59.15, 277952
59.16, 277952
59.17, 277952
59.18, 277952
59.19, 277952
59.2, 277952
59.21, 277952
59.22, 277952
59.23, 277952
59.24, 277952
59.25, 277952
59.26, 277952
59.27, 277952
59.28, 277952
59.29, 277952
59.3, 277952
59.31, 277952
59.32, 277952
59.33, 277952
59.34, 277952
59.35, 277952
59.36, 277952
59.37, 277952
59.38, 277952
59.39, 277952
59.4, 277952
59.41, 277952
59.42, 277952
59.43, 277952
59.44, 277952
59.45, 277952
59.46, 277952
59.47, 277952
59.48, 277952
59.49, 277952
59.5, 277952
59.51, 277952
59.52, 277952
59.53, 277952
59.54, 277952
59.55, 277952
59.56, 277952
59.57, 277952
59.58, 277952
59.59, 277952
59.6, 277952
59.61, 277952
59.62, 277952
59.63, 277952
59.64, 277952
59.65, 277952
59.66, 277952
59.67, 277952
59.68, 277952
59.69, 277952
59.7, 277952
59.71, 277952
59.72, 277952
59.73, 277952
59.74, 277952
59.75, 277952
59.76, 277952
59.77, 277952
59.78, 277952
59.79, 277952
59.8, 277952
59.81, 277952
59.82, 277952
59.83, 277952
59.84, 277952
59.85, 277952
59.86, 277952
59.87, 277952
59.88, 277952
59.89, 277952
59.9, 277952
59.91, 277952
59.92, 277952
59.93, 277952
59.94, 277952
59.95, 277952
59.96, 277952
59.97, 277952
59.98, 277952
59.99, 277952
