0.0, 517864
0.01, 481764
0.02, 474634
0.03, 474634
0.04, 474634
0.05, 474634
0.06, 474634
0.07, 474634
0.08, 474634
0.09, 469510
0.1, 469510
0.11, 469510
0.12, 469510
0.13, 469510
0.14, 469510
0.15, 469510
0.16, 469510
0.17, 469510
0.18, 469510
0.19, 465456
0.2, 456896
0.21, 456896
0.22, 456896
0.23, 456896
0.24, 456896
0.25, 456896
0.26, 456896
0.27, 456896
0.28, 456896
0.29, 456896
0.3, 456896
0.31, 456896
0.32, 456896
0.33, 456896
0.34, 456896
0.35, 456896
0.36, 456896
0.37, 456896
0.38, 456896
0.39, 456896
0.4, 456896
0.41, 456896
0.42, 456896
0.43, 456896
0.44, 456896
0.45, 456896
0.46, 456896
0.47, 456896
0.48, 456896
0.49, 456896
0.5, 456896
0.51, 456896
0.52, 456896
0.53, 456896
0.54, 456896
0.55, 456896
0.56, 456896
0.57, 456896
0.58, 456896
0.59, 456896
0.6, 456896
0.61, 456896
0.62, 456896
0.63, 456896
0.64, 456896
0.65, 456896
0.66, 456896
0.67, 456896
0.68, 456896
0.69, 456896
0.7, 456896
0.71, 456896
0.72, 456896
0.73, 456896
0.74, 456896
0.75, 456896
0.76, 456896
0.77, 456896
0.78, 456896
0.79, 456896
0.8, 456896
0.81, 456896
0.82, 456896
0.83, 456896
0.84, 456896
0.85, 456896
0.86, 456896
0.87, 456896
0.88, 456896
0.89, 456896
0.9, 456896
0.91, 456896
0.92, 456896
0.93, 456896
0.94, 456896
0.95, 456896
0.96, 456896
0.97, 456896
0.98, 456896
0.99, 456896
1.0, 456896
1.01, 456896
1.02, 456896
1.03, 456896
1.04, 456896
1.05, 456896
1.06, 456896
1.07, 456896
1.08, 456896
1.09, 456896
1.1, 456896
1.11, 456896
1.12, 456896
1.13, 456896
1.14, 456896
1.15, 456896
1.16, 456896
1.17, 456896
1.18, 456896
1.19, 456896
1.2, 456896
1.21, 456896
1.22, 456896
1.23, 456896
1.24, 456896
1.25, 456896
1.26, 456896
1.27, 456896
1.28, 456896
1.29, 456896
1.3, 456896
1.31, 456896
1.32, 456896
1.33, 456896
1.34, 456896
1.35, 456896
1.36, 456896
1.37, 456896
1.38, 456896
1.39, 456896
1.4, 456896
1.41, 456896
1.42, 456896
1.43, 456896
1.44, 456896
1.45, 456896
1.46, 456896
1.47, 456896
1.48, 456896
1.49, 456896
1.5, 456896
1.51, 456896
1.52, 456896
1.53, 456896
1.54, 456896
1.55, 456896
1.56, 456896
1.57, 456896
1.58, 456896
1.59, 456896
1.6, 456896
1.61, 456896
1.62, 456896
1.63, 456896
1.64, 456896
1.65, 456896
1.66, 456896
1.67, 456896
1.68, 456896
1.69, 456896
1.7, 456896
1.71, 456896
1.72, 456896
1.73, 456896
1.74, 456896
1.75, 456896
1.76, 456896
1.77, 456896
1.78, 456896
1.79, 456896
1.8, 456896
1.81, 456896
1.82, 456896
1.83, 456896
1.84, 456896
1.85, 456896
1.86, 456896
1.87, 456896
1.88, 456896
1.89, 456896
1.9, 456896
1.91, 456896
1.92, 456896
1.93, 456896
1.94, 456896
1.95, 456896
1.96, 456896
1.97, 456896
1.98, 456896
1.99, 456896
2.0, 456896
2.01, 456896
2.02, 456896
2.03, 456896
2.04, 456896
2.05, 456896
2.06, 456896
2.07, 456896
2.08, 456896
2.09, 456896
2.1, 456896
2.11, 456896
2.12, 456896
2.13, 456896
2.14, 456896
2.15, 456896
2.16, 456896
2.17, 456896
2.18, 456896
2.19, 456896
2.2, 456896
2.21, 456896
2.22, 456896
2.23, 456896
2.24, 456896
2.25, 456896
2.26, 456896
2.27, 456896
2.28, 456896
2.29, 456896
2.3, 456896
2.31, 456896
2.32, 456896
2.33, 456896
2.34, 456896
2.35, 456896
2.36, 456896
2.37, 456896
2.38, 456896
2.39, 456896
2.4, 456896
2.41, 456896
2.42, 456896
2.43, 456896
2.44, 456896
2.45, 456896
2.46, 456896
2.47, 456896
2.48, 456896
2.49, 456896
2.5, 456896
2.51, 456896
2.52, 456896
2.53, 456896
2.54, 456896
2.55, 456896
2.56, 456896
2.57, 456896
2.58, 456325
2.59, 456325
2.6, 456325
2.61, 456325
2.62, 456325
2.63, 456325
2.64, 456325
2.65, 456325
2.66, 456325
2.67, 456325
2.68, 456325
2.69, 456325
2.7, 456325
2.71, 456325
2.72, 456325
2.73, 456325
2.74, 456325
2.75, 456325
2.76, 456325
2.77, 456325
2.78, 456325
2.79, 456325
2.8, 456325
2.81, 456325
2.82, 456325
2.83, 456325
2.84, 456325
2.85, 456325
2.86, 456325
2.87, 456325
2.88, 456325
2.89, 456325
2.9, 456325
2.91, 456325
2.92, 456325
2.93, 456325
2.94, 456325
2.95, 456325
2.96, 456325
2.97, 456325
2.98, 456325
2.99, 456325
3.0, 456325
3.01, 456325
3.02, 456325
3.03, 456325
3.04, 456325
3.05, 456325
3.06, 456325
3.07, 456325
3.08, 456325
3.09, 456325
3.1, 456325
3.11, 456325
3.12, 456325
3.13, 456325
3.14, 456325
3.15, 456325
3.16, 456325
3.17, 456325
3.18, 456325
3.19, 456325
3.2, 456325
3.21, 456325
3.22, 456325
3.23, 456325
3.24, 456325
3.25, 456325
3.26, 456325
3.27, 456325
3.28, 456325
3.29, 456325
3.3, 456325
3.31, 456325
3.32, 456325
3.33, 456325
3.34, 456325
3.35, 456325
3.36, 456325
3.37, 456325
3.38, 456325
3.39, 456325
3.4, 452117
3.41, 452117
3.42, 452117
3.43, 452117
3.44, 452117
3.45, 452117
3.46, 452117
3.47, 452117
3.48, 452117
3.49, 452117
3.5, 452117
3.51, 452117
3.52, 452117
3.53, 452117
3.54, 452117
3.55, 452117
3.56, 452117
3.57, 452117
3.58, 452117
3.59, 452117
3.6, 452117
3.61, 452117
3.62, 452117
3.63, 452117
3.64, 452117
3.65, 452117
3.66, 452117
3.67, 452117
3.68, 452117
3.69, 452117
3.7, 452117
3.71, 452117
3.72, 452117
3.73, 452117
3.74, 452117
3.75, 452117
3.76, 452117
3.77, 452117
3.78, 452117
3.79, 452117
3.8, 452117
3.81, 452117
3.82, 452117
3.83, 452117
3.84, 452117
3.85, 452117
3.86, 452117
3.87, 452117
3.88, 452117
3.89, 452117
3.9, 452117
3.91, 452117
3.92, 452117
3.93, 452117
3.94, 452117
3.95, 452117
3.96, 452117
3.97, 452117
3.98, 452117
3.99, 452117
4.0, 452117
4.01, 452117
4.02, 452117
4.03, 452117
4.04, 452117
4.05, 452117
4.06, 452117
4.07, 452117
4.08, 452117
4.09, 452117
4.1, 452117
4.11, 452117
4.12, 452117
4.13, 452117
4.14, 447090
4.15, 447090
4.16, 447090
4.17, 447090
4.18, 447090
4.19, 447090
4.2, 447090
4.21, 447090
4.22, 447090
4.23, 447090
4.24, 447090
4.25, 447090
4.26, 447090
4.27, 447090
4.28, 447090
4.29, 447090
4.3, 447090
4.31, 447090
4.32, 447090
4.33, 447090
4.34, 447090
4.35, 447090
4.36, 447090
4.37, 447090
4.38, 447090
4.39, 447090
4.4, 447090
4.41, 447090
4.42, 447090
4.43, 447090
4.44, 447090
4.45, 447090
4.46, 447090
4.47, 447090
4.48, 447090
4.49, 447090
4.5, 447090
4.51, 447090
4.52, 447090
4.53, 447090
4.54, 447090
4.55, 447090
4.56, 447090
4.57, 447090
4.58, 447090
4.59, 447090
4.6, 447090
4.61, 447090
4.62, 447090
4.63, 447090
4.64, 447090
4.65, 447090
4.66, 447090
4.67, 447090
4.68, 447090
4.69, 447090
4.7, 447090
4.71, 447090
4.72, 447090
4.73, 447090
4.74, 447090
4.75, 447090
4.76, 447090
4.77, 447090
4.78, 447090
4.79, 447090
4.8, 447090
4.81, 447090
4.82, 447090
4.83, 447090
4.84, 447090
4.85, 447090
4.86, 447090
4.87, 447090
4.88, 447090
4.89, 447090
4.9, 447090
4.91, 447090
4.92, 447090
4.93, 447090
4.94, 447090
4.95, 447090
4.96, 447090
4.97, 447090
4.98, 447090
4.99, 447090
5.0, 447090
5.01, 447090
5.02, 447090
5.03, 447090
5.04, 447090
5.05, 447090
5.06, 447090
5.07, 447090
5.08, 447090
5.09, 447090
5.1, 447090
5.11, 447090
5.12, 447090
5.13, 447090
5.14, 447090
5.15, 447090
5.16, 447090
5.17, 447090
5.18, 447090
5.19, 447090
5.2, 447090
5.21, 447090
5.22, 447090
5.23, 447090
5.24, 447090
5.25, 447090
5.26, 447090
5.27, 447090
5.28, 447090
5.29, 447090
5.3, 447090
5.31, 447090
5.32, 447090
5.33, 447090
5.34, 447090
5.35, 447090
5.36, 447090
5.37, 447090
5.38, 447090
5.39, 447090
5.4, 447090
5.41, 447090
5.42, 447090
5.43, 447090
5.44, 447090
5.45, 447090
5.46, 447090
5.47, 447090
5.48, 447090
5.49, 447090
5.5, 447090
5.51, 447090
5.52, 447090
5.53, 447090
5.54, 447090
5.55, 447090
5.56, 447090
5.57, 447090
5.58, 447090
5.59, 447090
5.6, 447090
5.61, 447090
5.62, 447090
5.63, 447090
5.64, 447090
5.65, 447090
5.66, 447090
5.67, 447090
5.68, 447090
5.69, 447090
5.7, 447090
5.71, 447090
5.72, 447090
5.73, 447090
5.74, 447090
5.75, 447090
5.76, 447090
5.77, 447090
5.78, 447090
5.79, 447090
5.8, 447090
5.81, 447090
5.82, 447090
5.83, 447090
5.84, 447090
5.85, 447090
5.86, 447090
5.87, 447090
5.88, 447090
5.89, 447090
5.9, 447090
5.91, 447090
5.92, 447090
5.93, 447090
5.94, 447090
5.95, 447090
5.96, 447090
5.97, 447090
5.98, 447090
5.99, 447090
6.0, 447090
6.01, 447090
6.02, 447090
6.03, 447090
6.04, 447090
6.05, 447090
6.06, 447090
6.07, 447090
6.08, 447090
6.09, 447090
6.1, 447090
6.11, 447090
6.12, 447090
6.13, 447090
6.14, 447090
6.15, 447090
6.16, 447090
6.17, 447090
6.18, 447090
6.19, 447090
6.2, 447090
6.21, 447090
6.22, 447090
6.23, 447090
6.24, 447090
6.25, 447090
6.26, 447090
6.27, 447090
6.28, 447090
6.29, 447090
6.3, 447090
6.31, 447090
6.32, 447090
6.33, 447090
6.34, 447090
6.35, 447090
6.36, 447090
6.37, 447090
6.38, 447090
6.39, 447090
6.4, 447090
6.41, 447090
6.42, 447090
6.43, 447090
6.44, 447090
6.45, 447090
6.46, 447090
6.47, 447090
6.48, 447090
6.49, 447090
6.5, 447090
6.51, 447090
6.52, 447090
6.53, 447090
6.54, 447090
6.55, 447090
6.56, 447090
6.57, 447090
6.58, 447090
6.59, 447090
6.6, 447090
6.61, 447090
6.62, 447090
6.63, 447090
6.64, 447090
6.65, 447090
6.66, 447090
6.67, 447090
6.68, 447090
6.69, 447090
6.7, 447090
6.71, 447090
6.72, 447090
6.73, 447090
6.74, 447090
6.75, 447090
6.76, 447090
6.77, 447090
6.78, 447090
6.79, 447090
6.8, 447090
6.81, 447090
6.82, 447090
6.83, 447090
6.84, 447090
6.85, 447090
6.86, 447090
6.87, 447090
6.88, 447090
6.89, 447090
6.9, 447090
6.91, 447090
6.92, 447090
6.93, 447090
6.94, 447090
6.95, 447090
6.96, 447090
6.97, 447090
6.98, 447090
6.99, 447090
7.0, 447090
7.01, 447090
7.02, 447090
7.03, 447090
7.04, 447090
7.05, 447090
7.06, 447090
7.07, 447090
7.08, 447090
7.09, 447090
7.1, 447090
7.11, 447090
7.12, 447090
7.13, 447090
7.14, 447090
7.15, 447090
7.16, 447090
7.17, 447090
7.18, 447090
7.19, 447090
7.2, 447090
7.21, 447090
7.22, 447090
7.23, 447090
7.24, 447090
7.25, 447090
7.26, 447090
7.27, 447090
7.28, 447090
7.29, 447090
7.3, 447090
7.31, 447090
7.32, 447090
7.33, 447090
7.34, 447090
7.35, 447090
7.36, 447090
7.37, 447090
7.38, 447090
7.39, 447090
7.4, 447090
7.41, 447090
7.42, 447090
7.43, 447090
7.44, 447090
7.45, 447090
7.46, 447090
7.47, 447090
7.48, 447090
7.49, 447090
7.5, 447090
7.51, 447090
7.52, 447090
7.53, 447090
7.54, 447090
7.55, 447090
7.56, 447090
7.57, 447090
7.58, 447090
7.59, 447090
7.6, 447090
7.61, 447090
7.62, 447090
7.63, 447090
7.64, 447090
7.65, 447090
7.66, 447090
7.67, 447090
7.68, 447090
7.69, 447090
7.7, 447090
7.71, 447090
7.72, 447090
7.73, 447090
7.74, 447090
7.75, 447090
7.76, 447090
7.77, 447090
7.78, 447090
7.79, 447090
7.8, 447090
7.81, 447090
7.82, 447090
7.83, 447090
7.84, 447090
7.85, 447090
7.86, 447090
7.87, 447090
7.88, 447090
7.89, 447090
7.9, 447090
7.91, 447090
7.92, 447090
7.93, 447090
7.94, 447090
7.95, 447090
7.96, 447090
7.97, 447090
7.98, 447090
7.99, 447090
8.0, 447090
8.01, 447090
8.02, 447090
8.03, 447090
8.04, 447090
8.05, 447090
8.06, 447090
8.07, 447090
8.08, 447090
8.09, 447090
8.1, 447090
8.11, 447090
8.12, 447090
8.13, 447090
8.14, 447090
8.15, 447090
8.16, 447090
8.17, 447090
8.18, 447090
8.19, 447090
8.2, 447090
8.21, 447090
8.22, 447090
8.23, 447090
8.24, 447090
8.25, 447090
8.26, 447090
8.27, 447090
8.28, 447090
8.29, 447090
8.3, 447090
8.31, 447090
8.32, 447090
8.33, 447090
8.34, 447090
8.35, 447090
8.36, 447090
8.37, 447090
8.38, 447090
8.39, 447090
8.4, 447090
8.41, 447090
8.42, 447090
8.43, 447090
8.44, 447090
8.45, 447090
8.46, 447090
8.47, 447090
8.48, 447090
8.49, 447090
8.5, 447090
8.51, 447090
8.52, 447090
8.53, 447090
8.54, 447090
8.55, 447090
8.56, 447090
8.57, 447090
8.58, 447090
8.59, 447090
8.6, 447090
8.61, 447090
8.62, 447090
8.63, 447090
8.64, 447090
8.65, 447090
8.66, 447090
8.67, 447090
8.68, 447090
8.69, 447090
8.7, 447090
8.71, 447090
8.72, 447090
8.73, 447090
8.74, 447090
8.75, 447090
8.76, 447090
8.77, 447090
8.78, 447090
8.79, 447090
8.8, 447090
8.81, 447090
8.82, 447090
8.83, 447090
8.84, 447090
8.85, 447090
8.86, 447090
8.87, 447090
8.88, 447090
8.89, 447090
8.9, 447090
8.91, 447090
8.92, 447090
8.93, 447090
8.94, 447090
8.95, 447090
8.96, 447090
8.97, 447090
8.98, 447090
8.99, 447090
9.0, 447090
9.01, 447090
9.02, 447090
9.03, 447090
9.04, 447090
9.05, 447090
9.06, 447090
9.07, 447090
9.08, 447090
9.09, 447090
9.1, 447090
9.11, 447090
9.12, 447090
9.13, 447090
9.14, 447090
9.15, 447090
9.16, 447090
9.17, 447090
9.18, 447090
9.19, 447090
9.2, 447090
9.21, 447090
9.22, 447090
9.23, 447090
9.24, 447090
9.25, 447090
9.26, 447090
9.27, 447090
9.28, 447090
9.29, 447090
9.3, 447090
9.31, 447090
9.32, 447090
9.33, 447090
9.34, 447090
9.35, 447090
9.36, 447090
9.37, 447090
9.38, 447090
9.39, 447090
9.4, 447090
9.41, 447090
9.42, 447090
9.43, 447090
9.44, 447090
9.45, 447090
9.46, 447090
9.47, 447090
9.48, 447090
9.49, 447090
9.5, 447090
9.51, 447090
9.52, 447090
9.53, 447090
9.54, 447090
9.55, 447090
9.56, 447090
9.57, 447090
9.58, 447090
9.59, 447090
9.6, 447090
9.61, 447090
9.62, 447090
9.63, 447090
9.64, 447090
9.65, 447090
9.66, 447090
9.67, 447090
9.68, 447090
9.69, 447090
9.7, 447090
9.71, 447090
9.72, 447090
9.73, 447090
9.74, 447090
9.75, 447090
9.76, 447090
9.77, 447090
9.78, 447090
9.79, 447090
9.8, 447090
9.81, 447090
9.82, 447090
9.83, 447090
9.84, 447090
9.85, 447090
9.86, 447090
9.87, 447090
9.88, 447090
9.89, 447090
9.9, 447090
9.91, 447090
9.92, 447090
9.93, 447090
9.94, 447090
9.95, 447090
9.96, 447090
9.97, 447090
9.98, 447090
9.99, 447090
10.0, 447090
10.01, 447090
10.02, 447090
10.03, 447090
10.04, 447090
10.05, 447090
10.06, 447090
10.07, 447090
10.08, 447090
10.09, 447090
10.1, 447090
10.11, 447090
10.12, 447090
10.13, 447090
10.14, 447090
10.15, 447090
10.16, 447090
10.17, 447090
10.18, 447090
10.19, 447090
10.2, 447090
10.21, 447090
10.22, 447090
10.23, 447090
10.24, 447090
10.25, 447090
10.26, 447090
10.27, 447090
10.28, 447090
10.29, 447090
10.3, 447090
10.31, 447090
10.32, 447090
10.33, 447090
10.34, 447090
10.35, 447090
10.36, 447090
10.37, 447090
10.38, 447090
10.39, 447090
10.4, 447090
10.41, 447090
10.42, 447090
10.43, 447090
10.44, 447090
10.45, 447090
10.46, 447090
10.47, 447090
10.48, 447090
10.49, 447090
10.5, 447090
10.51, 447090
10.52, 447090
10.53, 447090
10.54, 447090
10.55, 447090
10.56, 447090
10.57, 447090
10.58, 447090
10.59, 447090
10.6, 447090
10.61, 447090
10.62, 447090
10.63, 447090
10.64, 447090
10.65, 447090
10.66, 447090
10.67, 447090
10.68, 447090
10.69, 447090
10.7, 447090
10.71, 447090
10.72, 447090
10.73, 447090
10.74, 447090
10.75, 447090
10.76, 447090
10.77, 447090
10.78, 447090
10.79, 447090
10.8, 447090
10.81, 447090
10.82, 447090
10.83, 447090
10.84, 447090
10.85, 447090
10.86, 447090
10.87, 447090
10.88, 447090
10.89, 447090
10.9, 447090
10.91, 447090
10.92, 447090
10.93, 447090
10.94, 447090
10.95, 447090
10.96, 447090
10.97, 447090
10.98, 447090
10.99, 447090
11.0, 447090
11.01, 447090
11.02, 447090
11.03, 447090
11.04, 447090
11.05, 447090
11.06, 447090
11.07, 447090
11.08, 447090
11.09, 447090
11.1, 447090
11.11, 447090
11.12, 447090
11.13, 447090
11.14, 447090
11.15, 447090
11.16, 447090
11.17, 447090
11.18, 447090
11.19, 447090
11.2, 447090
11.21, 447090
11.22, 447090
11.23, 447090
11.24, 447090
11.25, 447090
11.26, 447090
11.27, 447090
11.28, 447090
11.29, 447090
11.3, 447090
11.31, 447090
11.32, 447090
11.33, 447090
11.34, 447090
11.35, 447090
11.36, 447090
11.37, 447090
11.38, 447090
11.39, 447090
11.4, 447090
11.41, 447090
11.42, 447090
11.43, 447090
11.44, 447090
11.45, 447090
11.46, 447090
11.47, 447090
11.48, 447090
11.49, 447090
11.5, 447090
11.51, 447090
11.52, 447090
11.53, 447090
11.54, 447090
11.55, 447090
11.56, 447090
11.57, 447090
11.58, 447090
11.59, 447090
11.6, 447090
11.61, 447090
11.62, 447090
11.63, 447090
11.64, 447090
11.65, 447090
11.66, 447090
11.67, 447090
11.68, 447090
11.69, 447090
11.7, 447090
11.71, 447090
11.72, 447090
11.73, 447090
11.74, 447090
11.75, 447090
11.76, 447090
11.77, 447090
11.78, 447090
11.79, 447090
11.8, 447090
11.81, 447090
11.82, 447090
11.83, 447090
11.84, 447090
11.85, 447090
11.86, 447090
11.87, 447090
11.88, 447090
11.89, 447090
11.9, 447090
11.91, 447090
11.92, 447090
11.93, 447090
11.94, 447090
11.95, 447090
11.96, 447090
11.97, 447090
11.98, 447090
11.99, 447090
12.0, 447090
12.01, 447090
12.02, 447090
12.03, 447090
12.04, 447090
12.05, 447090
12.06, 447090
12.07, 447090
12.08, 447090
12.09, 447090
12.1, 447090
12.11, 447090
12.12, 447090
12.13, 447090
12.14, 447090
12.15, 447090
12.16, 447090
12.17, 447090
12.18, 447090
12.19, 447090
12.2, 447090
12.21, 447090
12.22, 447090
12.23, 447090
12.24, 447090
12.25, 447090
12.26, 447090
12.27, 447090
12.28, 447090
12.29, 447090
12.3, 447090
12.31, 447090
12.32, 447090
12.33, 447090
12.34, 447090
12.35, 447090
12.36, 447090
12.37, 447090
12.38, 447090
12.39, 447090
12.4, 447090
12.41, 447090
12.42, 447090
12.43, 447090
12.44, 447090
12.45, 447090
12.46, 447090
12.47, 447090
12.48, 447090
12.49, 447090
12.5, 447090
12.51, 447090
12.52, 447090
12.53, 447090
12.54, 447090
12.55, 447090
12.56, 447090
12.57, 447090
12.58, 447090
12.59, 447090
12.6, 447090
12.61, 447090
12.62, 447090
12.63, 447090
12.64, 447090
12.65, 447090
12.66, 447090
12.67, 447090
12.68, 447090
12.69, 447090
12.7, 447090
12.71, 447090
12.72, 447090
12.73, 447090
12.74, 447090
12.75, 447090
12.76, 447090
12.77, 447090
12.78, 447090
12.79, 447090
12.8, 447090
12.81, 447090
12.82, 447090
12.83, 447090
12.84, 447090
12.85, 447090
12.86, 425904
12.87, 425904
12.88, 425904
12.89, 425904
12.9, 425904
12.91, 425904
12.92, 425904
12.93, 425904
12.94, 425904
12.95, 425904
12.96, 425904
12.97, 425904
12.98, 425904
12.99, 425904
13.0, 425904
13.01, 425904
13.02, 425904
13.03, 425904
13.04, 425904
13.05, 425904
13.06, 425904
13.07, 425904
13.08, 425904
13.09, 425904
13.1, 425904
13.11, 425904
13.12, 425904
13.13, 425904
13.14, 425904
13.15, 425904
13.16, 425904
13.17, 425904
13.18, 425904
13.19, 425904
13.2, 425904
13.21, 425904
13.22, 425904
13.23, 425904
13.24, 425904
13.25, 425904
13.26, 425904
13.27, 425904
13.28, 425904
13.29, 425904
13.3, 425904
13.31, 425904
13.32, 425904
13.33, 425904
13.34, 425904
13.35, 425904
13.36, 425904
13.37, 425904
13.38, 425904
13.39, 425904
13.4, 425904
13.41, 425904
13.42, 425904
13.43, 425904
13.44, 425904
13.45, 425904
13.46, 425904
13.47, 425904
13.48, 425904
13.49, 425904
13.5, 425904
13.51, 425904
13.52, 425904
13.53, 425904
13.54, 425904
13.55, 425904
13.56, 425904
13.57, 425904
13.58, 425904
13.59, 425904
13.6, 425904
13.61, 425904
13.62, 425904
13.63, 425904
13.64, 425904
13.65, 425904
13.66, 425904
13.67, 425904
13.68, 425904
13.69, 425904
13.7, 425904
13.71, 425904
13.72, 425904
13.73, 425904
13.74, 425904
13.75, 425904
13.76, 425904
13.77, 425904
13.78, 425904
13.79, 425904
13.8, 425904
13.81, 425904
13.82, 425904
13.83, 425904
13.84, 425904
13.85, 425904
13.86, 425904
13.87, 425904
13.88, 425904
13.89, 425904
13.9, 425904
13.91, 425904
13.92, 425904
13.93, 425904
13.94, 425904
13.95, 425904
13.96, 425904
13.97, 425904
13.98, 425904
13.99, 425904
14.0, 425904
14.01, 425904
14.02, 425904
14.03, 425904
14.04, 425904
14.05, 425904
14.06, 425904
14.07, 425904
14.08, 425904
14.09, 425904
14.1, 425904
14.11, 425904
14.12, 425904
14.13, 425904
14.14, 425904
14.15, 425904
14.16, 425904
14.17, 425904
14.18, 425904
14.19, 425904
14.2, 425904
14.21, 425904
14.22, 425904
14.23, 425904
14.24, 425904
14.25, 425904
14.26, 425904
14.27, 425904
14.28, 425904
14.29, 425904
14.3, 425904
14.31, 425904
14.32, 425904
14.33, 425904
14.34, 425904
14.35, 425904
14.36, 425904
14.37, 425904
14.38, 425904
14.39, 425904
14.4, 425904
14.41, 425904
14.42, 425904
14.43, 425904
14.44, 425904
14.45, 425904
14.46, 425904
14.47, 425904
14.48, 425904
14.49, 425904
14.5, 425904
14.51, 425904
14.52, 425904
14.53, 425904
14.54, 425904
14.55, 425904
14.56, 425904
14.57, 425904
14.58, 425904
14.59, 425904
14.6, 425904
14.61, 425904
14.62, 425904
14.63, 425904
14.64, 425904
14.65, 425904
14.66, 425904
14.67, 425904
14.68, 425904
14.69, 425904
14.7, 425904
14.71, 425904
14.72, 425904
14.73, 425904
14.74, 425904
14.75, 425904
14.76, 425904
14.77, 425904
14.78, 425904
14.79, 425904
14.8, 425904
14.81, 425904
14.82, 425904
14.83, 425904
14.84, 425904
14.85, 425904
14.86, 425904
14.87, 425904
14.88, 425904
14.89, 425904
14.9, 425904
14.91, 425904
14.92, 425904
14.93, 425904
14.94, 425904
14.95, 425904
14.96, 425904
14.97, 425904
14.98, 425904
14.99, 425904
15.0, 425904
15.01, 425904
15.02, 425904
15.03, 425904
15.04, 425904
15.05, 425904
15.06, 425904
15.07, 425904
15.08, 425904
15.09, 425904
15.1, 425904
15.11, 425904
15.12, 425904
15.13, 425904
15.14, 425904
15.15, 425904
15.16, 425904
15.17, 425904
15.18, 425904
15.19, 425904
15.2, 425904
15.21, 425904
15.22, 425904
15.23, 425904
15.24, 425904
15.25, 425904
15.26, 425904
15.27, 425904
15.28, 425904
15.29, 425904
15.3, 425904
15.31, 425904
15.32, 425904
15.33, 425904
15.34, 425904
15.35, 425904
15.36, 425904
15.37, 425904
15.38, 425904
15.39, 425904
15.4, 425904
15.41, 425904
15.42, 425904
15.43, 425904
15.44, 425904
15.45, 425904
15.46, 425904
15.47, 425904
15.48, 425904
15.49, 425904
15.5, 425904
15.51, 425904
15.52, 425904
15.53, 425904
15.54, 425904
15.55, 425904
15.56, 425904
15.57, 425904
15.58, 425904
15.59, 425904
15.6, 425904
15.61, 425904
15.62, 425904
15.63, 425904
15.64, 425904
15.65, 425904
15.66, 425904
15.67, 425904
15.68, 425904
15.69, 425904
15.7, 425904
15.71, 425904
15.72, 425904
15.73, 425904
15.74, 425904
15.75, 425904
15.76, 425904
15.77, 425904
15.78, 425904
15.79, 425904
15.8, 425904
15.81, 425904
15.82, 425904
15.83, 425904
15.84, 425904
15.85, 425904
15.86, 425904
15.87, 425904
15.88, 425904
15.89, 425904
15.9, 425904
15.91, 425904
15.92, 425904
15.93, 425904
15.94, 425904
15.95, 425904
15.96, 425904
15.97, 425904
15.98, 425904
15.99, 425904
16.0, 425904
16.01, 425904
16.02, 425904
16.03, 425904
16.04, 425904
16.05, 425904
16.06, 425904
16.07, 425904
16.08, 425904
16.09, 425904
16.1, 425904
16.11, 425904
16.12, 425904
16.13, 425904
16.14, 425904
16.15, 425904
16.16, 425904
16.17, 425904
16.18, 425904
16.19, 425904
16.2, 425904
16.21, 425904
16.22, 425904
16.23, 425904
16.24, 425904
16.25, 425904
16.26, 425904
16.27, 425904
16.28, 425904
16.29, 425904
16.3, 425904
16.31, 425904
16.32, 425904
16.33, 425904
16.34, 425904
16.35, 425904
16.36, 425904
16.37, 425904
16.38, 425904
16.39, 425904
16.4, 425904
16.41, 425904
16.42, 425904
16.43, 425904
16.44, 425904
16.45, 425904
16.46, 425904
16.47, 425904
16.48, 425904
16.49, 425904
16.5, 425904
16.51, 425904
16.52, 425904
16.53, 425904
16.54, 425904
16.55, 425904
16.56, 425904
16.57, 425904
16.58, 425904
16.59, 425904
16.6, 425904
16.61, 425904
16.62, 425904
16.63, 425904
16.64, 425904
16.65, 425904
16.66, 425904
16.67, 425904
16.68, 425904
16.69, 425904
16.7, 425904
16.71, 425904
16.72, 425904
16.73, 425904
16.74, 425904
16.75, 425904
16.76, 425904
16.77, 425904
16.78, 425904
16.79, 425904
16.8, 425904
16.81, 425904
16.82, 425904
16.83, 425904
16.84, 425904
16.85, 425904
16.86, 425904
16.87, 425904
16.88, 425904
16.89, 425904
16.9, 425904
16.91, 425904
16.92, 425904
16.93, 425904
16.94, 425904
16.95, 425904
16.96, 425904
16.97, 425904
16.98, 425904
16.99, 425904
17.0, 425904
17.01, 425904
17.02, 425904
17.03, 425904
17.04, 425904
17.05, 425904
17.06, 425904
17.07, 425904
17.08, 425904
17.09, 425904
17.1, 425904
17.11, 425904
17.12, 425904
17.13, 425904
17.14, 425904
17.15, 425904
17.16, 425904
17.17, 425904
17.18, 425904
17.19, 425904
17.2, 425904
17.21, 425904
17.22, 425904
17.23, 425904
17.24, 425904
17.25, 425904
17.26, 425904
17.27, 425904
17.28, 425904
17.29, 425904
17.3, 425904
17.31, 425904
17.32, 425904
17.33, 425904
17.34, 425904
17.35, 425904
17.36, 425904
17.37, 425904
17.38, 425904
17.39, 425904
17.4, 425904
17.41, 425904
17.42, 425904
17.43, 425904
17.44, 425904
17.45, 425904
17.46, 425904
17.47, 425904
17.48, 425904
17.49, 425904
17.5, 425904
17.51, 425904
17.52, 425904
17.53, 425904
17.54, 425904
17.55, 425904
17.56, 425904
17.57, 425904
17.58, 425904
17.59, 425904
17.6, 425904
17.61, 425904
17.62, 425904
17.63, 425904
17.64, 425904
17.65, 425904
17.66, 425904
17.67, 425904
17.68, 425904
17.69, 425904
17.7, 425904
17.71, 425904
17.72, 425904
17.73, 425904
17.74, 425904
17.75, 425904
17.76, 425904
17.77, 425904
17.78, 425904
17.79, 425904
17.8, 425904
17.81, 425904
17.82, 425904
17.83, 425904
17.84, 425904
17.85, 425904
17.86, 425904
17.87, 425904
17.88, 425904
17.89, 425904
17.9, 425904
17.91, 425904
17.92, 425904
17.93, 425904
17.94, 425904
17.95, 425904
17.96, 425904
17.97, 425904
17.98, 425904
17.99, 425904
18.0, 425904
18.01, 425904
18.02, 425904
18.03, 425904
18.04, 425904
18.05, 425904
18.06, 425904
18.07, 425904
18.08, 425904
18.09, 425904
18.1, 425904
18.11, 425904
18.12, 425904
18.13, 425904
18.14, 425904
18.15, 425904
18.16, 425904
18.17, 425904
18.18, 425904
18.19, 425904
18.2, 425904
18.21, 425904
18.22, 425904
18.23, 425904
18.24, 425904
18.25, 425904
18.26, 425904
18.27, 425904
18.28, 425904
18.29, 425904
18.3, 425904
18.31, 425904
18.32, 425904
18.33, 425904
18.34, 425904
18.35, 425904
18.36, 425904
18.37, 425904
18.38, 425904
18.39, 425904
18.4, 425904
18.41, 425904
18.42, 425904
18.43, 425904
18.44, 425904
18.45, 425904
18.46, 425904
18.47, 425904
18.48, 425904
18.49, 425904
18.5, 425904
18.51, 425904
18.52, 425904
18.53, 425904
18.54, 425904
18.55, 425904
18.56, 425904
18.57, 425904
18.58, 425904
18.59, 425904
18.6, 425904
18.61, 425904
18.62, 425904
18.63, 425904
18.64, 425904
18.65, 425904
18.66, 425904
18.67, 425904
18.68, 425904
18.69, 425904
18.7, 425904
18.71, 425904
18.72, 425904
18.73, 425904
18.74, 425904
18.75, 425904
18.76, 425904
18.77, 425904
18.78, 425904
18.79, 425904
18.8, 425904
18.81, 425904
18.82, 425904
18.83, 425904
18.84, 425904
18.85, 425904
18.86, 425904
18.87, 425904
18.88, 425904
18.89, 425904
18.9, 425904
18.91, 425904
18.92, 425904
18.93, 425904
18.94, 425904
18.95, 425904
18.96, 425904
18.97, 425904
18.98, 425904
18.99, 425904
19.0, 425904
19.01, 425904
19.02, 425904
19.03, 425904
19.04, 425904
19.05, 425904
19.06, 425904
19.07, 425904
19.08, 425904
19.09, 425904
19.1, 425904
19.11, 425904
19.12, 425904
19.13, 425904
19.14, 425904
19.15, 425904
19.16, 425904
19.17, 425904
19.18, 425904
19.19, 425904
19.2, 425904
19.21, 425904
19.22, 425904
19.23, 425904
19.24, 425904
19.25, 425904
19.26, 425904
19.27, 425904
19.28, 425904
19.29, 425904
19.3, 425904
19.31, 425904
19.32, 425904
19.33, 425904
19.34, 425904
19.35, 425904
19.36, 425904
19.37, 425904
19.38, 425904
19.39, 425904
19.4, 425904
19.41, 425904
19.42, 425904
19.43, 425904
19.44, 425904
19.45, 425904
19.46, 425904
19.47, 425904
19.48, 425904
19.49, 425904
19.5, 425904
19.51, 425904
19.52, 425904
19.53, 425904
19.54, 425904
19.55, 425904
19.56, 425904
19.57, 425904
19.58, 425904
19.59, 425904
19.6, 425904
19.61, 425904
19.62, 425904
19.63, 425904
19.64, 425904
19.65, 425904
19.66, 425904
19.67, 425904
19.68, 425904
19.69, 425904
19.7, 425904
19.71, 425904
19.72, 425904
19.73, 425904
19.74, 425904
19.75, 425904
19.76, 425904
19.77, 425904
19.78, 425904
19.79, 425904
19.8, 425904
19.81, 425904
19.82, 425904
19.83, 425904
19.84, 425904
19.85, 425904
19.86, 425904
19.87, 425904
19.88, 425904
19.89, 425904
19.9, 425904
19.91, 425904
19.92, 425904
19.93, 425904
19.94, 425904
19.95, 425904
19.96, 425904
19.97, 425904
19.98, 425904
19.99, 425904
20.0, 425904
20.01, 425904
20.02, 425904
20.03, 425904
20.04, 425904
20.05, 425904
20.06, 425904
20.07, 425904
20.08, 425904
20.09, 425904
20.1, 425904
20.11, 425904
20.12, 425904
20.13, 425904
20.14, 425904
20.15, 425904
20.16, 425904
20.17, 425904
20.18, 425904
20.19, 425904
20.2, 425904
20.21, 425904
20.22, 425904
20.23, 425904
20.24, 425904
20.25, 425904
20.26, 425904
20.27, 425904
20.28, 425904
20.29, 425904
20.3, 425904
20.31, 425904
20.32, 425904
20.33, 425904
20.34, 425904
20.35, 425904
20.36, 425904
20.37, 425904
20.38, 425904
20.39, 425904
20.4, 425904
20.41, 425904
20.42, 425904
20.43, 425904
20.44, 425904
20.45, 425904
20.46, 425904
20.47, 425904
20.48, 425904
20.49, 425904
20.5, 425904
20.51, 425904
20.52, 425904
20.53, 425904
20.54, 425904
20.55, 425904
20.56, 425904
20.57, 425904
20.58, 425904
20.59, 425904
20.6, 425904
20.61, 425904
20.62, 425904
20.63, 425904
20.64, 425904
20.65, 425904
20.66, 425904
20.67, 425904
20.68, 425904
20.69, 425904
20.7, 425904
20.71, 425904
20.72, 425904
20.73, 425904
20.74, 425904
20.75, 425904
20.76, 425904
20.77, 425904
20.78, 425904
20.79, 425904
20.8, 425904
20.81, 425904
20.82, 425904
20.83, 425904
20.84, 425904
20.85, 425904
20.86, 425904
20.87, 425904
20.88, 425904
20.89, 425904
20.9, 425904
20.91, 425904
20.92, 425904
20.93, 425904
20.94, 425904
20.95, 425904
20.96, 425904
20.97, 425904
20.98, 425904
20.99, 425904
21.0, 425904
21.01, 425904
21.02, 425904
21.03, 425904
21.04, 425904
21.05, 425904
21.06, 425904
21.07, 425904
21.08, 425904
21.09, 425904
21.1, 425904
21.11, 425904
21.12, 425904
21.13, 425904
21.14, 425904
21.15, 425904
21.16, 425904
21.17, 425904
21.18, 425904
21.19, 425904
21.2, 425904
21.21, 425904
21.22, 425904
21.23, 425904
21.24, 425904
21.25, 425904
21.26, 425904
21.27, 425904
21.28, 425904
21.29, 425904
21.3, 425904
21.31, 425904
21.32, 425904
21.33, 425904
21.34, 425904
21.35, 425904
21.36, 425904
21.37, 425904
21.38, 425904
21.39, 425904
21.4, 425904
21.41, 425904
21.42, 425904
21.43, 425904
21.44, 425904
21.45, 425904
21.46, 425904
21.47, 425904
21.48, 425904
21.49, 425904
21.5, 425904
21.51, 425904
21.52, 425904
21.53, 425904
21.54, 425904
21.55, 425904
21.56, 425904
21.57, 425904
21.58, 425904
21.59, 425904
21.6, 425904
21.61, 425904
21.62, 425904
21.63, 425904
21.64, 425904
21.65, 425904
21.66, 425904
21.67, 425904
21.68, 425904
21.69, 425904
21.7, 425904
21.71, 425904
21.72, 425904
21.73, 425904
21.74, 425904
21.75, 425904
21.76, 425904
21.77, 425904
21.78, 425904
21.79, 425904
21.8, 425904
21.81, 425904
21.82, 425904
21.83, 425904
21.84, 425904
21.85, 425904
21.86, 425904
21.87, 425904
21.88, 425904
21.89, 425904
21.9, 425904
21.91, 425904
21.92, 425904
21.93, 425904
21.94, 425904
21.95, 425904
21.96, 425904
21.97, 425904
21.98, 425904
21.99, 425904
22.0, 425904
22.01, 425904
22.02, 425904
22.03, 425904
22.04, 425904
22.05, 425904
22.06, 425904
22.07, 425904
22.08, 425904
22.09, 425904
22.1, 425904
22.11, 425904
22.12, 425904
22.13, 425904
22.14, 425904
22.15, 425904
22.16, 425904
22.17, 425904
22.18, 425904
22.19, 425904
22.2, 425904
22.21, 425904
22.22, 425904
22.23, 425904
22.24, 425904
22.25, 425904
22.26, 425904
22.27, 425904
22.28, 425904
22.29, 425904
22.3, 425904
22.31, 425904
22.32, 425904
22.33, 425904
22.34, 425904
22.35, 425904
22.36, 425904
22.37, 425904
22.38, 425904
22.39, 425904
22.4, 425904
22.41, 425904
22.42, 425904
22.43, 425904
22.44, 425904
22.45, 425904
22.46, 425904
22.47, 425904
22.48, 425904
22.49, 425904
22.5, 425904
22.51, 425904
22.52, 425904
22.53, 425904
22.54, 425904
22.55, 425904
22.56, 425904
22.57, 425904
22.58, 425904
22.59, 425904
22.6, 425904
22.61, 425904
22.62, 425904
22.63, 425904
22.64, 425904
22.65, 425904
22.66, 425904
22.67, 425904
22.68, 425904
22.69, 425904
22.7, 425904
22.71, 425904
22.72, 425904
22.73, 425904
22.74, 425904
22.75, 425904
22.76, 425904
22.77, 425904
22.78, 425904
22.79, 425904
22.8, 425904
22.81, 425904
22.82, 425904
22.83, 425904
22.84, 425904
22.85, 425904
22.86, 425904
22.87, 425904
22.88, 425904
22.89, 425904
22.9, 425904
22.91, 425904
22.92, 425904
22.93, 425904
22.94, 425904
22.95, 425904
22.96, 425904
22.97, 425904
22.98, 425904
22.99, 425904
23.0, 425904
23.01, 425904
23.02, 425904
23.03, 425904
23.04, 425904
23.05, 425904
23.06, 425904
23.07, 425904
23.08, 425904
23.09, 425904
23.1, 425904
23.11, 425904
23.12, 425904
23.13, 425904
23.14, 425904
23.15, 425904
23.16, 425904
23.17, 425904
23.18, 425904
23.19, 425904
23.2, 425904
23.21, 425904
23.22, 425904
23.23, 425904
23.24, 425904
23.25, 425904
23.26, 425904
23.27, 425904
23.28, 425904
23.29, 425904
23.3, 425904
23.31, 425904
23.32, 425904
23.33, 425904
23.34, 425904
23.35, 425904
23.36, 425904
23.37, 425904
23.38, 425904
23.39, 425904
23.4, 425904
23.41, 425904
23.42, 425904
23.43, 425904
23.44, 425904
23.45, 425904
23.46, 425904
23.47, 425904
23.48, 425904
23.49, 425904
23.5, 425904
23.51, 425904
23.52, 425904
23.53, 425904
23.54, 425904
23.55, 425904
23.56, 425904
23.57, 425904
23.58, 425904
23.59, 425904
23.6, 425904
23.61, 425904
23.62, 425904
23.63, 425904
23.64, 425904
23.65, 425904
23.66, 425904
23.67, 425904
23.68, 425904
23.69, 425904
23.7, 425904
23.71, 425904
23.72, 425904
23.73, 425904
23.74, 425904
23.75, 425904
23.76, 425904
23.77, 425904
23.78, 425904
23.79, 425904
23.8, 425904
23.81, 425904
23.82, 425904
23.83, 425904
23.84, 425904
23.85, 425904
23.86, 425904
23.87, 425904
23.88, 425904
23.89, 425904
23.9, 425904
23.91, 425904
23.92, 425904
23.93, 425904
23.94, 425904
23.95, 425904
23.96, 425904
23.97, 425904
23.98, 425904
23.99, 425904
24.0, 425904
24.01, 425904
24.02, 425904
24.03, 425904
24.04, 425904
24.05, 425904
24.06, 425904
24.07, 425904
24.08, 425904
24.09, 425904
24.1, 425904
24.11, 425904
24.12, 425904
24.13, 425904
24.14, 425904
24.15, 425904
24.16, 425904
24.17, 425904
24.18, 425904
24.19, 425904
24.2, 425904
24.21, 425904
24.22, 425904
24.23, 425904
24.24, 425904
24.25, 425904
24.26, 425904
24.27, 425904
24.28, 425904
24.29, 425904
24.3, 425904
24.31, 425904
24.32, 425904
24.33, 425904
24.34, 425904
24.35, 425904
24.36, 425904
24.37, 425904
24.38, 425904
24.39, 425904
24.4, 425904
24.41, 425904
24.42, 425904
24.43, 425904
24.44, 425904
24.45, 425904
24.46, 425904
24.47, 425904
24.48, 425904
24.49, 425904
24.5, 425904
24.51, 425904
24.52, 425904
24.53, 425904
24.54, 425904
24.55, 425904
24.56, 425904
24.57, 425904
24.58, 425904
24.59, 425904
24.6, 425904
24.61, 425904
24.62, 425904
24.63, 425904
24.64, 425904
24.65, 425904
24.66, 425904
24.67, 425904
24.68, 425904
24.69, 425904
24.7, 425904
24.71, 425904
24.72, 425904
24.73, 425904
24.74, 425904
24.75, 425904
24.76, 425904
24.77, 425904
24.78, 425904
24.79, 425904
24.8, 425904
24.81, 425904
24.82, 425904
24.83, 425904
24.84, 425904
24.85, 425904
24.86, 425904
24.87, 425904
24.88, 425904
24.89, 425904
24.9, 425904
24.91, 425904
24.92, 425904
24.93, 425904
24.94, 425904
24.95, 425904
24.96, 425904
24.97, 425904
24.98, 425904
24.99, 425904
25.0, 425904
25.01, 425904
25.02, 425904
25.03, 425904
25.04, 425904
25.05, 425904
25.06, 425904
25.07, 425904
25.08, 425904
25.09, 425904
25.1, 425904
25.11, 425904
25.12, 425904
25.13, 425904
25.14, 425904
25.15, 425904
25.16, 425904
25.17, 425904
25.18, 425904
25.19, 425904
25.2, 425904
25.21, 425904
25.22, 425904
25.23, 425904
25.24, 425904
25.25, 425904
25.26, 425904
25.27, 425904
25.28, 425904
25.29, 425904
25.3, 425904
25.31, 425904
25.32, 425904
25.33, 425904
25.34, 425904
25.35, 425904
25.36, 425904
25.37, 425904
25.38, 425904
25.39, 425904
25.4, 425904
25.41, 425904
25.42, 425904
25.43, 425904
25.44, 425904
25.45, 425904
25.46, 425904
25.47, 425904
25.48, 425904
25.49, 425904
25.5, 425904
25.51, 425904
25.52, 425904
25.53, 425904
25.54, 425904
25.55, 425904
25.56, 425904
25.57, 425904
25.58, 425904
25.59, 425904
25.6, 425904
25.61, 425904
25.62, 425904
25.63, 425904
25.64, 425904
25.65, 425904
25.66, 425904
25.67, 425904
25.68, 425904
25.69, 425904
25.7, 425904
25.71, 425904
25.72, 425904
25.73, 425904
25.74, 425904
25.75, 425904
25.76, 425904
25.77, 425904
25.78, 425904
25.79, 425904
25.8, 425904
25.81, 425904
25.82, 425904
25.83, 425904
25.84, 425904
25.85, 425904
25.86, 425904
25.87, 425904
25.88, 425904
25.89, 425904
25.9, 425904
25.91, 425904
25.92, 425904
25.93, 425904
25.94, 425904
25.95, 425904
25.96, 425904
25.97, 425904
25.98, 425904
25.99, 425904
26.0, 425904
26.01, 425904
26.02, 425904
26.03, 425904
26.04, 425904
26.05, 425904
26.06, 425904
26.07, 425904
26.08, 425904
26.09, 425904
26.1, 425904
26.11, 425904
26.12, 425904
26.13, 425904
26.14, 425904
26.15, 425904
26.16, 425904
26.17, 425904
26.18, 425904
26.19, 425904
26.2, 425904
26.21, 425904
26.22, 425904
26.23, 425904
26.24, 425904
26.25, 425904
26.26, 425904
26.27, 425904
26.28, 425904
26.29, 425904
26.3, 425904
26.31, 425904
26.32, 425904
26.33, 425904
26.34, 425904
26.35, 425904
26.36, 425904
26.37, 425904
26.38, 425904
26.39, 425904
26.4, 425904
26.41, 425904
26.42, 425904
26.43, 425904
26.44, 425904
26.45, 425904
26.46, 425904
26.47, 425904
26.48, 425904
26.49, 425904
26.5, 425904
26.51, 425904
26.52, 425904
26.53, 425904
26.54, 425904
26.55, 425904
26.56, 425904
26.57, 425904
26.58, 425904
26.59, 425904
26.6, 425904
26.61, 425904
26.62, 425904
26.63, 425904
26.64, 425904
26.65, 425904
26.66, 425904
26.67, 425904
26.68, 425904
26.69, 425904
26.7, 425904
26.71, 425904
26.72, 425904
26.73, 425904
26.74, 425904
26.75, 425904
26.76, 425904
26.77, 425904
26.78, 425904
26.79, 425904
26.8, 425904
26.81, 425904
26.82, 425904
26.83, 425904
26.84, 425904
26.85, 425904
26.86, 425904
26.87, 425904
26.88, 425904
26.89, 425904
26.9, 425904
26.91, 425904
26.92, 425904
26.93, 425904
26.94, 425904
26.95, 425904
26.96, 425904
26.97, 425904
26.98, 425904
26.99, 425904
27.0, 425904
27.01, 425904
27.02, 425904
27.03, 425904
27.04, 425904
27.05, 425904
27.06, 425904
27.07, 425904
27.08, 425904
27.09, 425904
27.1, 425904
27.11, 425904
27.12, 425904
27.13, 425904
27.14, 425904
27.15, 425904
27.16, 425904
27.17, 425904
27.18, 425904
27.19, 425904
27.2, 425904
27.21, 425904
27.22, 425904
27.23, 425904
27.24, 425904
27.25, 425904
27.26, 425904
27.27, 425904
27.28, 425904
27.29, 425904
27.3, 425904
27.31, 425904
27.32, 425904
27.33, 425904
27.34, 425904
27.35, 425904
27.36, 425904
27.37, 425904
27.38, 425904
27.39, 425904
27.4, 425904
27.41, 425904
27.42, 425904
27.43, 425904
27.44, 425904
27.45, 425904
27.46, 425904
27.47, 425904
27.48, 425904
27.49, 425904
27.5, 425904
27.51, 425904
27.52, 425904
27.53, 425904
27.54, 425904
27.55, 425904
27.56, 425904
27.57, 425904
27.58, 425904
27.59, 425904
27.6, 425904
27.61, 425904
27.62, 425904
27.63, 425904
27.64, 425904
27.65, 425904
27.66, 425904
27.67, 425904
27.68, 425904
27.69, 425904
27.7, 425904
27.71, 425904
27.72, 425904
27.73, 425904
27.74, 425904
27.75, 425904
27.76, 425904
27.77, 425904
27.78, 425904
27.79, 425904
27.8, 425904
27.81, 425904
27.82, 425904
27.83, 425904
27.84, 425904
27.85, 425904
27.86, 425904
27.87, 425904
27.88, 425904
27.89, 425904
27.9, 425904
27.91, 425904
27.92, 425904
27.93, 425904
27.94, 425904
27.95, 425904
27.96, 425904
27.97, 425904
27.98, 425904
27.99, 425904
28.0, 425904
28.01, 425904
28.02, 425904
28.03, 425904
28.04, 425904
28.05, 425904
28.06, 425904
28.07, 425904
28.08, 425904
28.09, 425904
28.1, 425904
28.11, 425904
28.12, 425904
28.13, 425904
28.14, 425904
28.15, 425904
28.16, 425904
28.17, 425904
28.18, 425904
28.19, 425904
28.2, 425904
28.21, 425904
28.22, 425904
28.23, 425904
28.24, 425904
28.25, 425904
28.26, 425904
28.27, 425904
28.28, 425904
28.29, 425904
28.3, 425904
28.31, 425904
28.32, 425904
28.33, 425904
28.34, 425904
28.35, 425904
28.36, 425904
28.37, 425904
28.38, 425904
28.39, 425904
28.4, 425904
28.41, 425904
28.42, 425904
28.43, 425904
28.44, 425904
28.45, 425904
28.46, 425904
28.47, 425904
28.48, 425904
28.49, 425904
28.5, 425904
28.51, 425904
28.52, 425904
28.53, 425904
28.54, 425904
28.55, 425904
28.56, 425904
28.57, 425904
28.58, 425904
28.59, 425904
28.6, 425904
28.61, 425904
28.62, 425904
28.63, 425904
28.64, 425904
28.65, 425904
28.66, 425904
28.67, 425904
28.68, 425904
28.69, 425904
28.7, 425904
28.71, 425904
28.72, 425904
28.73, 425904
28.74, 425904
28.75, 425904
28.76, 425904
28.77, 425904
28.78, 425904
28.79, 425904
28.8, 425904
28.81, 425904
28.82, 425904
28.83, 425904
28.84, 425904
28.85, 425904
28.86, 425904
28.87, 425904
28.88, 425904
28.89, 425904
28.9, 425904
28.91, 425904
28.92, 425904
28.93, 425904
28.94, 425904
28.95, 425904
28.96, 425904
28.97, 425904
28.98, 425904
28.99, 425904
29.0, 425904
29.01, 425904
29.02, 425904
29.03, 425904
29.04, 425904
29.05, 425904
29.06, 425904
29.07, 425904
29.08, 425904
29.09, 425904
29.1, 425904
29.11, 425904
29.12, 425904
29.13, 425904
29.14, 425904
29.15, 425904
29.16, 425904
29.17, 425904
29.18, 425904
29.19, 425904
29.2, 425904
29.21, 425904
29.22, 425904
29.23, 425904
29.24, 425904
29.25, 425904
29.26, 425904
29.27, 425904
29.28, 425904
29.29, 425904
29.3, 425904
29.31, 425904
29.32, 425904
29.33, 425904
29.34, 425904
29.35, 425904
29.36, 425904
29.37, 425904
29.38, 425904
29.39, 425904
29.4, 425904
29.41, 425904
29.42, 425904
29.43, 425904
29.44, 425904
29.45, 425904
29.46, 425904
29.47, 425904
29.48, 425904
29.49, 425904
29.5, 425904
29.51, 425904
29.52, 425904
29.53, 425904
29.54, 425904
29.55, 425904
29.56, 425904
29.57, 425904
29.58, 425904
29.59, 425904
29.6, 425904
29.61, 425904
29.62, 425904
29.63, 425904
29.64, 425904
29.65, 425904
29.66, 425904
29.67, 425904
29.68, 425904
29.69, 425904
29.7, 425904
29.71, 425904
29.72, 425904
29.73, 425904
29.74, 425904
29.75, 425904
29.76, 425904
29.77, 425904
29.78, 425904
29.79, 425904
29.8, 425904
29.81, 425904
29.82, 425904
29.83, 425904
29.84, 425904
29.85, 425904
29.86, 425904
29.87, 425904
29.88, 425904
29.89, 425904
29.9, 425904
29.91, 425904
29.92, 425904
29.93, 425904
29.94, 425904
29.95, 425904
29.96, 425904
29.97, 425904
29.98, 425904
29.99, 425904
30.0, 425904
30.01, 425904
30.02, 425904
30.03, 425904
30.04, 425904
30.05, 425904
30.06, 425904
30.07, 425904
30.08, 425904
30.09, 425904
30.1, 425904
30.11, 425904
30.12, 425904
30.13, 425904
30.14, 425904
30.15, 425904
30.16, 425904
30.17, 425904
30.18, 425904
30.19, 425904
30.2, 425904
30.21, 425904
30.22, 425904
30.23, 425904
30.24, 425904
30.25, 425904
30.26, 425904
30.27, 425904
30.28, 425904
30.29, 425904
30.3, 425904
30.31, 425904
30.32, 425904
30.33, 425904
30.34, 425904
30.35, 425904
30.36, 425904
30.37, 425904
30.38, 425904
30.39, 425904
30.4, 425904
30.41, 425904
30.42, 425904
30.43, 425904
30.44, 425904
30.45, 425904
30.46, 425904
30.47, 425904
30.48, 425904
30.49, 425904
30.5, 425904
30.51, 425904
30.52, 425904
30.53, 425904
30.54, 425904
30.55, 425904
30.56, 425904
30.57, 425904
30.58, 425904
30.59, 425904
30.6, 425904
30.61, 425904
30.62, 425904
30.63, 425904
30.64, 425904
30.65, 425904
30.66, 425904
30.67, 425904
30.68, 425904
30.69, 425904
30.7, 425904
30.71, 425904
30.72, 425904
30.73, 425904
30.74, 425904
30.75, 425904
30.76, 425904
30.77, 425904
30.78, 425904
30.79, 425904
30.8, 425904
30.81, 425904
30.82, 425904
30.83, 425904
30.84, 425904
30.85, 425904
30.86, 425904
30.87, 425904
30.88, 425904
30.89, 425904
30.9, 425904
30.91, 425904
30.92, 425904
30.93, 425904
30.94, 425904
30.95, 425904
30.96, 425904
30.97, 425904
30.98, 425904
30.99, 425904
31.0, 425904
31.01, 425904
31.02, 425904
31.03, 425904
31.04, 425904
31.05, 425904
31.06, 425904
31.07, 425904
31.08, 425904
31.09, 425904
31.1, 425904
31.11, 425904
31.12, 425904
31.13, 425904
31.14, 425904
31.15, 425904
31.16, 425904
31.17, 425904
31.18, 425904
31.19, 425904
31.2, 425904
31.21, 425904
31.22, 425904
31.23, 425904
31.24, 425904
31.25, 425904
31.26, 425904
31.27, 425904
31.28, 425904
31.29, 425904
31.3, 425904
31.31, 425904
31.32, 425904
31.33, 425904
31.34, 425904
31.35, 425904
31.36, 425904
31.37, 425904
31.38, 425904
31.39, 425904
31.4, 425904
31.41, 425904
31.42, 425904
31.43, 425904
31.44, 425904
31.45, 425904
31.46, 425904
31.47, 425904
31.48, 425904
31.49, 425904
31.5, 425904
31.51, 425904
31.52, 425904
31.53, 425904
31.54, 425904
31.55, 425904
31.56, 425904
31.57, 425904
31.58, 425904
31.59, 425904
31.6, 425904
31.61, 425904
31.62, 425904
31.63, 425904
31.64, 425904
31.65, 425904
31.66, 425904
31.67, 425904
31.68, 425904
31.69, 425904
31.7, 425904
31.71, 425904
31.72, 425904
31.73, 425904
31.74, 425904
31.75, 425904
31.76, 425904
31.77, 425904
31.78, 425904
31.79, 425904
31.8, 425904
31.81, 425904
31.82, 425904
31.83, 425904
31.84, 425904
31.85, 425904
31.86, 425904
31.87, 425904
31.88, 425904
31.89, 425904
31.9, 425904
31.91, 425904
31.92, 425904
31.93, 425904
31.94, 425904
31.95, 425904
31.96, 425904
31.97, 425904
31.98, 425904
31.99, 425904
32.0, 425904
32.01, 425904
32.02, 425904
32.03, 425904
32.04, 425904
32.05, 425904
32.06, 425904
32.07, 425904
32.08, 425904
32.09, 425904
32.1, 425904
32.11, 425904
32.12, 425904
32.13, 425904
32.14, 425904
32.15, 425904
32.16, 425904
32.17, 425904
32.18, 425904
32.19, 425904
32.2, 425904
32.21, 425904
32.22, 425904
32.23, 425904
32.24, 425904
32.25, 425904
32.26, 425904
32.27, 425904
32.28, 425904
32.29, 425904
32.3, 425904
32.31, 425904
32.32, 425904
32.33, 425904
32.34, 425904
32.35, 425904
32.36, 425904
32.37, 425904
32.38, 425904
32.39, 425904
32.4, 425904
32.41, 425904
32.42, 425904
32.43, 425904
32.44, 425904
32.45, 425904
32.46, 425904
32.47, 425904
32.48, 425904
32.49, 425904
32.5, 425904
32.51, 425904
32.52, 425904
32.53, 425904
32.54, 425904
32.55, 425904
32.56, 425904
32.57, 425904
32.58, 425904
32.59, 425904
32.6, 425904
32.61, 425904
32.62, 425904
32.63, 425904
32.64, 425904
32.65, 425904
32.66, 425904
32.67, 425904
32.68, 425904
32.69, 425904
32.7, 425904
32.71, 425904
32.72, 425904
32.73, 425904
32.74, 425904
32.75, 425904
32.76, 425904
32.77, 425904
32.78, 425904
32.79, 425904
32.8, 425904
32.81, 425904
32.82, 425904
32.83, 425904
32.84, 425904
32.85, 425904
32.86, 425904
32.87, 425904
32.88, 425904
32.89, 425904
32.9, 425904
32.91, 425904
32.92, 425904
32.93, 425904
32.94, 425904
32.95, 425904
32.96, 425904
32.97, 425904
32.98, 425904
32.99, 425904
33.0, 425904
33.01, 425904
33.02, 425904
33.03, 425904
33.04, 425904
33.05, 425904
33.06, 425904
33.07, 425904
33.08, 425904
33.09, 425904
33.1, 425904
33.11, 425904
33.12, 425904
33.13, 425904
33.14, 425904
33.15, 425904
33.16, 425904
33.17, 425904
33.18, 425904
33.19, 425904
33.2, 425904
33.21, 425904
33.22, 425904
33.23, 425904
33.24, 425904
33.25, 425904
33.26, 425904
33.27, 425904
33.28, 425904
33.29, 425904
33.3, 425904
33.31, 425904
33.32, 425904
33.33, 425904
33.34, 425904
33.35, 425904
33.36, 425904
33.37, 425904
33.38, 425904
33.39, 425904
33.4, 425904
33.41, 425904
33.42, 425904
33.43, 425904
33.44, 425904
33.45, 425904
33.46, 425904
33.47, 425904
33.48, 425904
33.49, 425904
33.5, 425904
33.51, 425904
33.52, 425904
33.53, 425904
33.54, 425904
33.55, 425904
33.56, 425904
33.57, 425904
33.58, 425904
33.59, 425904
33.6, 425904
33.61, 425904
33.62, 425904
33.63, 425904
33.64, 425904
33.65, 425904
33.66, 425904
33.67, 425904
33.68, 425904
33.69, 425904
33.7, 425904
33.71, 425904
33.72, 425904
33.73, 425904
33.74, 425904
33.75, 425904
33.76, 425904
33.77, 425904
33.78, 425904
33.79, 425904
33.8, 425904
33.81, 425904
33.82, 425904
33.83, 425904
33.84, 425904
33.85, 425904
33.86, 425904
33.87, 425904
33.88, 425904
33.89, 425904
33.9, 425904
33.91, 425904
33.92, 425904
33.93, 425904
33.94, 425904
33.95, 425904
33.96, 425904
33.97, 425904
33.98, 425904
33.99, 425904
34.0, 425904
34.01, 425904
34.02, 425904
34.03, 425904
34.04, 425904
34.05, 425904
34.06, 425904
34.07, 425904
34.08, 425904
34.09, 425904
34.1, 425904
34.11, 425904
34.12, 425904
34.13, 425904
34.14, 425904
34.15, 425904
34.16, 425904
34.17, 425904
34.18, 425904
34.19, 425904
34.2, 425904
34.21, 425904
34.22, 425904
34.23, 425904
34.24, 425904
34.25, 425904
34.26, 425904
34.27, 425904
34.28, 425904
34.29, 425904
34.3, 425904
34.31, 425904
34.32, 425904
34.33, 425904
34.34, 425904
34.35, 425904
34.36, 425904
34.37, 425904
34.38, 425904
34.39, 425904
34.4, 425904
34.41, 425904
34.42, 425904
34.43, 425904
34.44, 425904
34.45, 425904
34.46, 425904
34.47, 425904
34.48, 425904
34.49, 425904
34.5, 425904
34.51, 425904
34.52, 425904
34.53, 425904
34.54, 425904
34.55, 425904
34.56, 425904
34.57, 425904
34.58, 425904
34.59, 425904
34.6, 425904
34.61, 425904
34.62, 425904
34.63, 425904
34.64, 425904
34.65, 425904
34.66, 425904
34.67, 425904
34.68, 425904
34.69, 425904
34.7, 425904
34.71, 425904
34.72, 425904
34.73, 425904
34.74, 425904
34.75, 425904
34.76, 425904
34.77, 425904
34.78, 425904
34.79, 425904
34.8, 425904
34.81, 425904
34.82, 425904
34.83, 425904
34.84, 425904
34.85, 425904
34.86, 425904
34.87, 425904
34.88, 425904
34.89, 425904
34.9, 425904
34.91, 425904
34.92, 425904
34.93, 425904
34.94, 425904
34.95, 425904
34.96, 425904
34.97, 425904
34.98, 425904
34.99, 425904
35.0, 425904
35.01, 425904
35.02, 425904
35.03, 425904
35.04, 425904
35.05, 425904
35.06, 425904
35.07, 425904
35.08, 425904
35.09, 425904
35.1, 425904
35.11, 425904
35.12, 425904
35.13, 425904
35.14, 425904
35.15, 425904
35.16, 425904
35.17, 425904
35.18, 425904
35.19, 425904
35.2, 425904
35.21, 425904
35.22, 425904
35.23, 425904
35.24, 425904
35.25, 425904
35.26, 425904
35.27, 425904
35.28, 425904
35.29, 425904
35.3, 425904
35.31, 425904
35.32, 425904
35.33, 425904
35.34, 425904
35.35, 425904
35.36, 425904
35.37, 425904
35.38, 425904
35.39, 425904
35.4, 425904
35.41, 425904
35.42, 425904
35.43, 425904
35.44, 425904
35.45, 425904
35.46, 425904
35.47, 425904
35.48, 425904
35.49, 425904
35.5, 425904
35.51, 425904
35.52, 425904
35.53, 425904
35.54, 425904
35.55, 425904
35.56, 425904
35.57, 425904
35.58, 425904
35.59, 425904
35.6, 425904
35.61, 425904
35.62, 425904
35.63, 425904
35.64, 425904
35.65, 425904
35.66, 425904
35.67, 425904
35.68, 425904
35.69, 425904
35.7, 425904
35.71, 425904
35.72, 425904
35.73, 425904
35.74, 425904
35.75, 425904
35.76, 425904
35.77, 425904
35.78, 425904
35.79, 425904
35.8, 425904
35.81, 425904
35.82, 425904
35.83, 425904
35.84, 425904
35.85, 425904
35.86, 425904
35.87, 425904
35.88, 425904
35.89, 425904
35.9, 425904
35.91, 425904
35.92, 425904
35.93, 425904
35.94, 425904
35.95, 425904
35.96, 425904
35.97, 425904
35.98, 425904
35.99, 425904
36.0, 425904
36.01, 425904
36.02, 425904
36.03, 425904
36.04, 425904
36.05, 425904
36.06, 425904
36.07, 425904
36.08, 425904
36.09, 425904
36.1, 425904
36.11, 425904
36.12, 425904
36.13, 425904
36.14, 425904
36.15, 425904
36.16, 425904
36.17, 425904
36.18, 425904
36.19, 425904
36.2, 425904
36.21, 425904
36.22, 425904
36.23, 425904
36.24, 425904
36.25, 425904
36.26, 425904
36.27, 425904
36.28, 425904
36.29, 425904
36.3, 425904
36.31, 425904
36.32, 425904
36.33, 425904
36.34, 425904
36.35, 425904
36.36, 425904
36.37, 425904
36.38, 425904
36.39, 425904
36.4, 425904
36.41, 425904
36.42, 425904
36.43, 425904
36.44, 425904
36.45, 425904
36.46, 425904
36.47, 425904
36.48, 425904
36.49, 425904
36.5, 425904
36.51, 425904
36.52, 425904
36.53, 425904
36.54, 425904
36.55, 425904
36.56, 425904
36.57, 425904
36.58, 425904
36.59, 425904
36.6, 425904
36.61, 425904
36.62, 425904
36.63, 425904
36.64, 425904
36.65, 425904
36.66, 425904
36.67, 425904
36.68, 425904
36.69, 425904
36.7, 425904
36.71, 425904
36.72, 425904
36.73, 425904
36.74, 425904
36.75, 425904
36.76, 425904
36.77, 425904
36.78, 425904
36.79, 425904
36.8, 425904
36.81, 425904
36.82, 425904
36.83, 425904
36.84, 425904
36.85, 425904
36.86, 425904
36.87, 425904
36.88, 425904
36.89, 425904
36.9, 425904
36.91, 425904
36.92, 425904
36.93, 425904
36.94, 425904
36.95, 425904
36.96, 425904
36.97, 425904
36.98, 425904
36.99, 425904
37.0, 425904
37.01, 425904
37.02, 425904
37.03, 425904
37.04, 425904
37.05, 425904
37.06, 425904
37.07, 425904
37.08, 425904
37.09, 425904
37.1, 425904
37.11, 425904
37.12, 425904
37.13, 425904
37.14, 425904
37.15, 425904
37.16, 425904
37.17, 425904
37.18, 425904
37.19, 425904
37.2, 425904
37.21, 425904
37.22, 425904
37.23, 425904
37.24, 425904
37.26, 425904
37.27, 425904
37.28, 425904
37.29, 425904
37.3, 425904
37.31, 425904
37.32, 425904
37.33, 425904
37.34, 425904
37.35, 425904
37.36, 425904
37.37, 425904
37.38, 425904
37.39, 425904
37.4, 425904
37.41, 425904
37.42, 425904
37.43, 425904
37.44, 425904
37.45, 425904
37.46, 425904
37.47, 425904
37.48, 425904
37.49, 425904
37.5, 425904
37.51, 425904
37.52, 425904
37.53, 425904
37.54, 425904
37.55, 425904
37.56, 425904
37.57, 425904
37.58, 425904
37.59, 425904
37.6, 425904
37.61, 425904
37.62, 425904
37.63, 425904
37.64, 425904
37.65, 425904
37.66, 425904
37.67, 425904
37.68, 425904
37.69, 425904
37.7, 425904
37.71, 425904
37.72, 425904
37.73, 425904
37.74, 425904
37.75, 425904
37.76, 425904
37.77, 425904
37.78, 425904
37.79, 425904
37.8, 425904
37.81, 425904
37.82, 425904
37.83, 425904
37.84, 425904
37.85, 425904
37.86, 425904
37.87, 425904
37.88, 425904
37.89, 425904
37.9, 425904
37.91, 425904
37.92, 425904
37.93, 425904
37.94, 425904
37.95, 425904
37.96, 425904
37.97, 425904
37.98, 425904
37.99, 425904
38.0, 425904
38.01, 425904
38.02, 425904
38.03, 425904
38.04, 425904
38.05, 425904
38.06, 425904
38.07, 425904
38.08, 425904
38.09, 425904
38.1, 425904
38.11, 425904
38.12, 425904
38.13, 425904
38.14, 425904
38.15, 425904
38.16, 425904
38.17, 425904
38.18, 425904
38.19, 425904
38.2, 425904
38.21, 425904
38.22, 425904
38.23, 425904
38.24, 425904
38.25, 425904
38.26, 425904
38.27, 425904
38.28, 425904
38.29, 425904
38.3, 425904
38.31, 425904
38.32, 425904
38.33, 425904
38.34, 425904
38.35, 425904
38.36, 425904
38.37, 425904
38.38, 425904
38.39, 425904
38.4, 425904
38.41, 425904
38.42, 425904
38.43, 425904
38.44, 425904
38.45, 425904
38.46, 425904
38.47, 425904
38.48, 425904
38.49, 425904
38.5, 425904
38.51, 425904
38.52, 425904
38.53, 425904
38.54, 425904
38.55, 425904
38.56, 425904
38.57, 425904
38.58, 425904
38.59, 425904
38.6, 425904
38.61, 425904
38.62, 425904
38.63, 425904
38.64, 425904
38.65, 425904
38.66, 425904
38.67, 425904
38.68, 425904
38.69, 425904
38.7, 425904
38.71, 425904
38.72, 425904
38.73, 425904
38.74, 425904
38.75, 425904
38.76, 425904
38.77, 425904
38.78, 425904
38.79, 425904
38.8, 425904
38.81, 425904
38.82, 425904
38.83, 425904
38.84, 425904
38.85, 425904
38.86, 425904
38.87, 425904
38.88, 425904
38.89, 425904
38.9, 425904
38.91, 425904
38.92, 425904
38.93, 425904
38.94, 425904
38.95, 425904
38.96, 425904
38.97, 425904
38.98, 425904
38.99, 425904
39.0, 425904
39.01, 425904
39.02, 425904
39.03, 425904
39.04, 425904
39.05, 425904
39.06, 425904
39.07, 425904
39.08, 425904
39.09, 425904
39.1, 425904
39.11, 425904
39.12, 425904
39.13, 425904
39.14, 425904
39.15, 425904
39.16, 425904
39.17, 425904
39.18, 425904
39.19, 425904
39.2, 425904
39.21, 425904
39.22, 425904
39.23, 425904
39.24, 425904
39.25, 425904
39.26, 425904
39.27, 425904
39.28, 425904
39.29, 425904
39.3, 425904
39.31, 425904
39.32, 425904
39.33, 425904
39.34, 425904
39.35, 425904
39.36, 425904
39.37, 425904
39.38, 425904
39.39, 425904
39.4, 425904
39.41, 425904
39.42, 425904
39.43, 425904
39.44, 425904
39.45, 425904
39.46, 425904
39.47, 425904
39.48, 425904
39.49, 425904
39.5, 425904
39.51, 425904
39.52, 425904
39.53, 425904
39.54, 425904
39.55, 425904
39.56, 425904
39.57, 425904
39.58, 425904
39.59, 425904
39.6, 425904
39.61, 425904
39.62, 425904
39.63, 425904
39.64, 425904
39.65, 425904
39.66, 425904
39.67, 425904
39.68, 425904
39.69, 425904
39.7, 425904
39.71, 425904
39.72, 425904
39.73, 425904
39.74, 425904
39.75, 425904
39.76, 425904
39.77, 425904
39.78, 425904
39.79, 425904
39.8, 425904
39.81, 425904
39.82, 425904
39.83, 425904
39.84, 425904
39.85, 425904
39.86, 425904
39.87, 425904
39.88, 425904
39.89, 425904
39.9, 425904
39.91, 425904
39.92, 425904
39.93, 425904
39.94, 425904
39.95, 425904
39.96, 425904
39.97, 425904
39.98, 425904
39.99, 425904
40.0, 425904
40.01, 425904
40.02, 425904
40.03, 425904
40.04, 425904
40.05, 425904
40.06, 425904
40.07, 425904
40.08, 425904
40.09, 425904
40.1, 425904
40.11, 425904
40.12, 425904
40.13, 425904
40.14, 425904
40.15, 425904
40.16, 425904
40.17, 425904
40.18, 425904
40.19, 425904
40.2, 425904
40.21, 425904
40.22, 425904
40.23, 425904
40.24, 425904
40.25, 425904
40.26, 425904
40.27, 425904
40.28, 425904
40.29, 425904
40.3, 425904
40.31, 425904
40.32, 425904
40.33, 425904
40.34, 425904
40.35, 425904
40.36, 425904
40.37, 425904
40.38, 425904
40.39, 425904
40.4, 425904
40.41, 425904
40.42, 425904
40.43, 425904
40.44, 425904
40.45, 425904
40.46, 425904
40.47, 425904
40.48, 425904
40.49, 425904
40.5, 425904
40.51, 425904
40.52, 425904
40.53, 425904
40.54, 425904
40.55, 425904
40.56, 425904
40.57, 425904
40.58, 425904
40.59, 425904
40.6, 425904
40.61, 425904
40.62, 425904
40.63, 425904
40.64, 425904
40.65, 425904
40.66, 425904
40.67, 425904
40.68, 425904
40.69, 425904
40.7, 425904
40.71, 425904
40.72, 425904
40.73, 425904
40.74, 425904
40.75, 425904
40.76, 425904
40.77, 425904
40.78, 425904
40.79, 425904
40.8, 425904
40.81, 425904
40.82, 425904
40.83, 425904
40.84, 425904
40.85, 425904
40.86, 425904
40.87, 425904
40.88, 425904
40.89, 425904
40.9, 425904
40.91, 425904
40.92, 425904
40.93, 425904
40.94, 425904
40.95, 425904
40.96, 425904
40.97, 425904
40.98, 425904
40.99, 425904
41.0, 425904
41.01, 425904
41.02, 425904
41.03, 425904
41.04, 425904
41.05, 425904
41.06, 425904
41.07, 425904
41.08, 425904
41.09, 425904
41.1, 425904
41.11, 425904
41.12, 425904
41.13, 425904
41.14, 425904
41.15, 425904
41.16, 425904
41.17, 425904
41.18, 425904
41.19, 425904
41.2, 425904
41.21, 425904
41.22, 425904
41.23, 425904
41.24, 425904
41.25, 425904
41.26, 425904
41.27, 425904
41.28, 425904
41.29, 425904
41.3, 425904
41.31, 425904
41.32, 425904
41.33, 425904
41.34, 425904
41.35, 425904
41.36, 425904
41.37, 425904
41.38, 425904
41.39, 425904
41.4, 425904
41.41, 425904
41.42, 425904
41.43, 425904
41.44, 425904
41.45, 425904
41.46, 425904
41.47, 425904
41.48, 425904
41.49, 425904
41.5, 425904
41.51, 425904
41.52, 425904
41.53, 425904
41.54, 425904
41.55, 425904
41.56, 425904
41.57, 425904
41.58, 425904
41.59, 425904
41.6, 425904
41.61, 425904
41.62, 425904
41.63, 425904
41.64, 425904
41.65, 425904
41.66, 425904
41.67, 425904
41.68, 425904
41.69, 425904
41.7, 425904
41.71, 425904
41.72, 425904
41.73, 425904
41.74, 425904
41.75, 425904
41.76, 425904
41.77, 425904
41.78, 425904
41.79, 425904
41.8, 425904
41.81, 425904
41.82, 425904
41.83, 425904
41.84, 425904
41.85, 425904
41.86, 425904
41.87, 425904
41.88, 425904
41.89, 425904
41.9, 425904
41.91, 425904
41.92, 425904
41.93, 425904
41.94, 425904
41.95, 425904
41.96, 425904
41.97, 425904
41.98, 425904
41.99, 425904
42.0, 425904
42.01, 425904
42.02, 425904
42.03, 425904
42.04, 425904
42.05, 425904
42.06, 425904
42.07, 425904
42.08, 425904
42.09, 425904
42.1, 425904
42.11, 425904
42.12, 425904
42.13, 425904
42.14, 425904
42.15, 425904
42.16, 425904
42.17, 425904
42.18, 425904
42.19, 425904
42.2, 425904
42.21, 425904
42.22, 425904
42.23, 425904
42.24, 425904
42.25, 425904
42.26, 425904
42.27, 425904
42.28, 425904
42.29, 425904
42.3, 425904
42.31, 425904
42.32, 425904
42.33, 425904
42.34, 425904
42.35, 425904
42.36, 425904
42.37, 425904
42.38, 425904
42.39, 425904
42.4, 425904
42.41, 425904
42.42, 425904
42.43, 425904
42.44, 425904
42.45, 425904
42.46, 425904
42.47, 425904
42.48, 425904
42.49, 425904
42.5, 425904
42.51, 425904
42.52, 425904
42.53, 425904
42.54, 425904
42.55, 425904
42.56, 425904
42.57, 425904
42.58, 425904
42.59, 425904
42.6, 425904
42.61, 425904
42.62, 425904
42.63, 425904
42.64, 425904
42.65, 425904
42.66, 425904
42.67, 425904
42.68, 425904
42.69, 425904
42.7, 425904
42.71, 425904
42.72, 425904
42.73, 425904
42.74, 425904
42.75, 425904
42.76, 425904
42.77, 425904
42.78, 425904
42.79, 425904
42.8, 425904
42.81, 425904
42.82, 425904
42.83, 425904
42.84, 425904
42.85, 425904
42.86, 425904
42.87, 425904
42.88, 425904
42.89, 425904
42.9, 425904
42.91, 425904
42.92, 425904
42.93, 425904
42.94, 425904
42.95, 425904
42.96, 425904
42.97, 425904
42.98, 425904
42.99, 425904
43.0, 425904
43.01, 425904
43.02, 425904
43.03, 425904
43.04, 425904
43.05, 425904
43.06, 425904
43.07, 425904
43.08, 425904
43.09, 425904
43.1, 425904
43.11, 425904
43.12, 425904
43.13, 425904
43.14, 425904
43.15, 425904
43.16, 425904
43.17, 425904
43.18, 425904
43.19, 425904
43.2, 425904
43.21, 425904
43.22, 425904
43.23, 425904
43.24, 425904
43.25, 425904
43.26, 425904
43.27, 425904
43.28, 425904
43.29, 425904
43.3, 425904
43.31, 425904
43.32, 425904
43.33, 425904
43.34, 425904
43.35, 425904
43.36, 425904
43.37, 425904
43.38, 425904
43.39, 425904
43.4, 425904
43.41, 425904
43.42, 425904
43.43, 425904
43.44, 425904
43.45, 425904
43.46, 425904
43.47, 425904
43.48, 425904
43.49, 425904
43.5, 425904
43.51, 425904
43.52, 425904
43.53, 425904
43.54, 425904
43.55, 425904
43.56, 425904
43.57, 425904
43.58, 425904
43.59, 425904
43.6, 425904
43.61, 425904
43.62, 425904
43.63, 425904
43.64, 425904
43.65, 425904
43.66, 425904
43.67, 425904
43.68, 425904
43.69, 425904
43.7, 425904
43.71, 425904
43.72, 425904
43.73, 425904
43.74, 425904
43.75, 425904
43.76, 425904
43.77, 425904
43.78, 425904
43.79, 425904
43.8, 425904
43.81, 425904
43.82, 425904
43.83, 425904
43.84, 425904
43.85, 425904
43.86, 425904
43.87, 425904
43.88, 425904
43.89, 425904
43.9, 425904
43.91, 425904
43.92, 425904
43.93, 425904
43.94, 425904
43.95, 425904
43.96, 425904
43.97, 425904
43.98, 425904
43.99, 425904
44.0, 425904
44.01, 425904
44.02, 425904
44.03, 425904
44.04, 425904
44.05, 425904
44.06, 425904
44.07, 425904
44.08, 425904
44.09, 425904
44.1, 425904
44.11, 425904
44.12, 425904
44.13, 425904
44.14, 425904
44.15, 425904
44.16, 425904
44.17, 425904
44.18, 425904
44.19, 425904
44.2, 425904
44.21, 425904
44.22, 425904
44.23, 425904
44.24, 425904
44.25, 425904
44.26, 425904
44.27, 425904
44.28, 425904
44.29, 425904
44.3, 425904
44.31, 425904
44.32, 425904
44.33, 425904
44.34, 425904
44.35, 425904
44.36, 425904
44.37, 425904
44.38, 425904
44.39, 425904
44.4, 425904
44.41, 425904
44.42, 425904
44.43, 425904
44.44, 425904
44.45, 425904
44.46, 425904
44.47, 425904
44.48, 425904
44.49, 425904
44.5, 425904
44.51, 425904
44.52, 425904
44.53, 425904
44.54, 425904
44.55, 425904
44.56, 425904
44.57, 425904
44.58, 425904
44.59, 425904
44.6, 425904
44.61, 425904
44.62, 425904
44.63, 425904
44.64, 425904
44.65, 425904
44.66, 425904
44.67, 425904
44.68, 425904
44.69, 425904
44.7, 425904
44.71, 425904
44.72, 425904
44.73, 425904
44.74, 425904
44.75, 425904
44.76, 425904
44.77, 425904
44.78, 425904
44.79, 425904
44.8, 425904
44.81, 425904
44.82, 425904
44.83, 425904
44.84, 425904
44.85, 425904
44.86, 425904
44.87, 425904
44.88, 425904
44.89, 425904
44.9, 425904
44.91, 425904
44.92, 425904
44.93, 425904
44.94, 425904
44.95, 425904
44.96, 425904
44.97, 425904
44.98, 425904
44.99, 425904
45.0, 425904
45.01, 425904
45.02, 425904
45.03, 425904
45.04, 425904
45.05, 425904
45.06, 425904
45.07, 425904
45.08, 425904
45.09, 425904
45.1, 425904
45.11, 425904
45.12, 425904
45.13, 425904
45.14, 425904
45.15, 425904
45.16, 425904
45.17, 425904
45.18, 425904
45.19, 425904
45.2, 425904
45.21, 425904
45.22, 425904
45.23, 425904
45.24, 425904
45.25, 425904
45.26, 425904
45.27, 425904
45.28, 425904
45.29, 425904
45.3, 425904
45.31, 425904
45.32, 425904
45.33, 425904
45.34, 425904
45.35, 425904
45.36, 425904
45.37, 425904
45.38, 425904
45.39, 425904
45.4, 425904
45.41, 425904
45.42, 425904
45.43, 425904
45.44, 425904
45.45, 425904
45.46, 425904
45.47, 425904
45.48, 425904
45.49, 425904
45.5, 425904
45.51, 425904
45.52, 425904
45.53, 425904
45.54, 425904
45.55, 425904
45.56, 425904
45.57, 425904
45.58, 425904
45.59, 425904
45.6, 425904
45.61, 425904
45.62, 425904
45.63, 425904
45.64, 425904
45.65, 425904
45.66, 425904
45.67, 425904
45.68, 425904
45.69, 425904
45.7, 425904
45.71, 425904
45.72, 425904
45.73, 425904
45.74, 425904
45.75, 425904
45.76, 425904
45.77, 425904
45.78, 425904
45.79, 425904
45.8, 425904
45.81, 425904
45.82, 425904
45.83, 425904
45.84, 425904
45.85, 425904
45.86, 425904
45.87, 425904
45.88, 425904
45.89, 425904
45.9, 425904
45.91, 425904
45.92, 425904
45.93, 425904
45.94, 425904
45.95, 425904
45.96, 425904
45.97, 425904
45.98, 425904
45.99, 425904
46.0, 425904
46.01, 425904
46.02, 425904
46.03, 425904
46.04, 425904
46.05, 425904
46.06, 425904
46.07, 425904
46.08, 425904
46.09, 425904
46.1, 425904
46.11, 425904
46.12, 425904
46.13, 425904
46.14, 425904
46.15, 425904
46.16, 425904
46.17, 425904
46.18, 425904
46.19, 425904
46.2, 425904
46.21, 425904
46.22, 425904
46.23, 425904
46.24, 425904
46.25, 425904
46.26, 425904
46.27, 425904
46.28, 425904
46.29, 425904
46.3, 425904
46.31, 425904
46.32, 425904
46.33, 425904
46.34, 425904
46.35, 425904
46.36, 425904
46.37, 425904
46.38, 425904
46.39, 425904
46.4, 425904
46.41, 425904
46.42, 425904
46.43, 425904
46.44, 425904
46.45, 425904
46.46, 425904
46.47, 425904
46.48, 425904
46.49, 425904
46.5, 425904
46.51, 425904
46.52, 425904
46.53, 425904
46.54, 425904
46.55, 425904
46.56, 425904
46.57, 425904
46.58, 425904
46.59, 425904
46.6, 425904
46.61, 425904
46.62, 425904
46.63, 425904
46.64, 425904
46.65, 425904
46.66, 425904
46.67, 425904
46.68, 425904
46.69, 425904
46.7, 425904
46.71, 425904
46.72, 425904
46.73, 425904
46.74, 425904
46.75, 425904
46.76, 425904
46.77, 425904
46.78, 425904
46.79, 425904
46.8, 425904
46.81, 425904
46.82, 425904
46.83, 425904
46.84, 425904
46.85, 425904
46.86, 425904
46.87, 425904
46.88, 425904
46.89, 425904
46.9, 425904
46.91, 425904
46.92, 425904
46.93, 425904
46.94, 425904
46.95, 425904
46.96, 425904
46.97, 425904
46.98, 425904
46.99, 425904
47.0, 425904
47.01, 425904
47.02, 425904
47.03, 425904
47.04, 425904
47.05, 425904
47.06, 425904
47.07, 425904
47.08, 425904
47.09, 425904
47.1, 425904
47.11, 425904
47.12, 425904
47.13, 425904
47.14, 425904
47.15, 425904
47.16, 425904
47.17, 425904
47.18, 425904
47.19, 425904
47.2, 425904
47.21, 425904
47.22, 425904
47.23, 425904
47.24, 425904
47.25, 425904
47.26, 425904
47.27, 425904
47.28, 425904
47.29, 425904
47.3, 425904
47.31, 425904
47.32, 425904
47.33, 425904
47.34, 425904
47.35, 425904
47.36, 425904
47.37, 425904
47.38, 425904
47.39, 425904
47.4, 425904
47.41, 425904
47.42, 425904
47.43, 425904
47.44, 425904
47.45, 425904
47.46, 425904
47.47, 425904
47.48, 425904
47.49, 425904
47.5, 425904
47.51, 425904
47.52, 425904
47.53, 425904
47.54, 425904
47.55, 425904
47.56, 425904
47.57, 425904
47.58, 425904
47.59, 425904
47.6, 425904
47.61, 425904
47.62, 425904
47.63, 425904
47.64, 425904
47.65, 425904
47.66, 425904
47.67, 425904
47.68, 425904
47.69, 425904
47.7, 425904
47.71, 425904
47.72, 425904
47.73, 425904
47.74, 425904
47.75, 425904
47.76, 425904
47.77, 425904
47.78, 425904
47.79, 425904
47.8, 425904
47.81, 425904
47.82, 425904
47.83, 425904
47.84, 425904
47.85, 425904
47.86, 425904
47.87, 425904
47.88, 425904
47.89, 425904
47.9, 425904
47.91, 425904
47.92, 425904
47.93, 425904
47.94, 425904
47.95, 425904
47.96, 425904
47.97, 425904
47.98, 425904
47.99, 425904
48.0, 425904
48.01, 425904
48.02, 425904
48.03, 425904
48.04, 425904
48.05, 425904
48.06, 425904
48.07, 425904
48.08, 425904
48.09, 425904
48.1, 425904
48.11, 425904
48.12, 425904
48.13, 425904
48.14, 425904
48.15, 425904
48.16, 425904
48.17, 425904
48.18, 425904
48.19, 425904
48.2, 425904
48.21, 425904
48.22, 425904
48.23, 425904
48.24, 425904
48.25, 425904
48.26, 425904
48.27, 425904
48.28, 425904
48.29, 425904
48.3, 425904
48.31, 425904
48.32, 425904
48.33, 425904
48.34, 425904
48.35, 425904
48.36, 425904
48.37, 425904
48.38, 425904
48.39, 425904
48.4, 425904
48.41, 425904
48.42, 425904
48.43, 425904
48.44, 425904
48.45, 425904
48.46, 425904
48.47, 425904
48.48, 425904
48.49, 425904
48.5, 425904
48.51, 425904
48.52, 425904
48.53, 425904
48.54, 425904
48.55, 425904
48.56, 425904
48.57, 425904
48.58, 425904
48.59, 425904
48.6, 425904
48.61, 425904
48.62, 425904
48.63, 425904
48.64, 425904
48.65, 425904
48.66, 425904
48.67, 425904
48.68, 425904
48.69, 425904
48.7, 425904
48.71, 425904
48.72, 425904
48.73, 425904
48.74, 425904
48.75, 425904
48.76, 425904
48.77, 425904
48.78, 425904
48.79, 425904
48.8, 425904
48.81, 425904
48.82, 425904
48.83, 425904
48.84, 425904
48.85, 425904
48.86, 425904
48.87, 425904
48.88, 425904
48.89, 425904
48.9, 425904
48.91, 425904
48.92, 425904
48.93, 425904
48.94, 425904
48.95, 425904
48.96, 425904
48.97, 425904
48.98, 425904
48.99, 425904
49.0, 425904
49.01, 425904
49.02, 425904
49.03, 425904
49.04, 425904
49.05, 425904
49.06, 425904
49.07, 425904
49.08, 425904
49.09, 425904
49.1, 425904
49.11, 425904
49.12, 425904
49.13, 425904
49.14, 425904
49.15, 425904
49.16, 425904
49.17, 425904
49.18, 425904
49.19, 425904
49.2, 425904
49.21, 425904
49.22, 425904
49.23, 425904
49.24, 425904
49.25, 425904
49.26, 425904
49.27, 425904
49.28, 425904
49.29, 425904
49.3, 425904
49.31, 425904
49.32, 425904
49.33, 425904
49.34, 425904
49.35, 425904
49.36, 425904
49.37, 425904
49.38, 425904
49.39, 425904
49.4, 425904
49.41, 425904
49.42, 425904
49.43, 425904
49.44, 425904
49.45, 425904
49.46, 425904
49.47, 425904
49.48, 425904
49.49, 425904
49.5, 425904
49.51, 425904
49.52, 425904
49.53, 425904
49.54, 425904
49.55, 425904
49.56, 425904
49.57, 425904
49.58, 425904
49.59, 425904
49.6, 425904
49.61, 425904
49.62, 425904
49.63, 425904
49.64, 425904
49.65, 425904
49.66, 425904
49.67, 425904
49.68, 425904
49.69, 425904
49.7, 425904
49.71, 425904
49.72, 425904
49.73, 425904
49.74, 425904
49.75, 425904
49.76, 425904
49.77, 425904
49.78, 425904
49.79, 425904
49.8, 425904
49.81, 425904
49.82, 425904
49.83, 425904
49.84, 425904
49.85, 425904
49.86, 425904
49.87, 425904
49.88, 425904
49.89, 425904
49.9, 425904
49.91, 425904
49.92, 425904
49.93, 425904
49.94, 425904
49.95, 425904
49.96, 425904
49.97, 425904
49.98, 425904
49.99, 425904
50.0, 425904
50.01, 425904
50.02, 425904
50.03, 425904
50.04, 425904
50.05, 425904
50.06, 425904
50.07, 425904
50.08, 425904
50.09, 425904
50.1, 425904
50.11, 425904
50.12, 425904
50.13, 425904
50.14, 425904
50.15, 425904
50.16, 425904
50.17, 425904
50.18, 425904
50.19, 425904
50.2, 425904
50.21, 425904
50.22, 425904
50.23, 425904
50.24, 425904
50.25, 425904
50.26, 425904
50.27, 425904
50.28, 425904
50.29, 425904
50.3, 425904
50.31, 425904
50.32, 425904
50.33, 425904
50.34, 425904
50.35, 425904
50.36, 425904
50.37, 425904
50.38, 425904
50.39, 425904
50.4, 425904
50.41, 425904
50.42, 425904
50.43, 425904
50.44, 425904
50.45, 425904
50.46, 425904
50.47, 425904
50.48, 425904
50.49, 425904
50.5, 425904
50.51, 425904
50.52, 425904
50.53, 425904
50.54, 425904
50.55, 425904
50.56, 425904
50.57, 425904
50.58, 425904
50.59, 425904
50.6, 425904
50.61, 425904
50.62, 425904
50.63, 425904
50.64, 425904
50.65, 425904
50.66, 425904
50.67, 425904
50.68, 425904
50.69, 425904
50.7, 425904
50.71, 425904
50.72, 425904
50.73, 425904
50.74, 425904
50.75, 425904
50.76, 425904
50.77, 425904
50.78, 425904
50.79, 425904
50.8, 425904
50.81, 425904
50.82, 425904
50.83, 425904
50.84, 425904
50.85, 425904
50.86, 425904
50.87, 425904
50.88, 425904
50.89, 425904
50.9, 425904
50.91, 425904
50.92, 425904
50.93, 425904
50.94, 425904
50.95, 425904
50.96, 425904
50.97, 425904
50.98, 425904
50.99, 425904
51.0, 425904
51.01, 425904
51.02, 425904
51.03, 425904
51.04, 425904
51.05, 425904
51.06, 425904
51.07, 425904
51.08, 425904
51.09, 425904
51.1, 425904
51.11, 425904
51.12, 425904
51.13, 425904
51.14, 425904
51.15, 425904
51.16, 425904
51.17, 425904
51.18, 425904
51.19, 425904
51.2, 425904
51.21, 425904
51.22, 425904
51.23, 425904
51.24, 425904
51.25, 425904
51.26, 425904
51.27, 425904
51.28, 425904
51.29, 425904
51.3, 425904
51.31, 425904
51.32, 425904
51.33, 425904
51.34, 425904
51.35, 425904
51.36, 425904
51.37, 425904
51.38, 425904
51.39, 425904
51.4, 425904
51.41, 425904
51.42, 425904
51.43, 425904
51.44, 425904
51.45, 425904
51.46, 425904
51.47, 425904
51.48, 425904
51.49, 425904
51.5, 425904
51.51, 425904
51.52, 425904
51.53, 425904
51.54, 425904
51.55, 425904
51.56, 425904
51.57, 425904
51.58, 425904
51.59, 425904
51.6, 425904
51.61, 425904
51.62, 425904
51.63, 425904
51.64, 425904
51.65, 425904
51.66, 425904
51.67, 425904
51.68, 425904
51.69, 425904
51.7, 425904
51.71, 425904
51.72, 425904
51.73, 425904
51.74, 425904
51.75, 425904
51.76, 425904
51.77, 425904
51.78, 425904
51.79, 425904
51.8, 425904
51.81, 425904
51.82, 425904
51.83, 425904
51.84, 425904
51.85, 425904
51.86, 425904
51.87, 425904
51.88, 425904
51.89, 425904
51.9, 425904
51.91, 425904
51.92, 425904
51.93, 425904
51.94, 425904
51.95, 425904
51.96, 425904
51.97, 425904
51.98, 425904
51.99, 425904
52.0, 425904
52.01, 425904
52.02, 425904
52.03, 425904
52.04, 425904
52.05, 425904
52.06, 425904
52.07, 425904
52.08, 425904
52.09, 425904
52.1, 425904
52.11, 425904
52.12, 425904
52.13, 425904
52.14, 425904
52.15, 425904
52.16, 425904
52.17, 425904
52.18, 425904
52.19, 425904
52.2, 425904
52.21, 425904
52.22, 425904
52.23, 425904
52.24, 425904
52.25, 425904
52.26, 425904
52.27, 425904
52.28, 425904
52.29, 425904
52.3, 425904
52.31, 425904
52.32, 425904
52.33, 425904
52.34, 425904
52.35, 425904
52.36, 425904
52.37, 425904
52.38, 425904
52.39, 425904
52.4, 425904
52.41, 425904
52.42, 425904
52.43, 425904
52.44, 425904
52.45, 425904
52.46, 425904
52.47, 425904
52.48, 425904
52.49, 425904
52.5, 425904
52.51, 425904
52.52, 425904
52.53, 425904
52.54, 425904
52.55, 425904
52.56, 425904
52.57, 425904
52.58, 425904
52.59, 425904
52.6, 425904
52.61, 425904
52.62, 425904
52.63, 425904
52.64, 425904
52.65, 425904
52.66, 425904
52.67, 425904
52.68, 425904
52.69, 425904
52.7, 425904
52.71, 425904
52.72, 425904
52.73, 425904
52.74, 425904
52.75, 425904
52.76, 425904
52.77, 425904
52.78, 425904
52.79, 425904
52.8, 425904
52.81, 425904
52.82, 425904
52.83, 425904
52.84, 425904
52.85, 425904
52.86, 425904
52.87, 425904
52.88, 425904
52.89, 425904
52.9, 425904
52.91, 425904
52.92, 425904
52.93, 425904
52.94, 425904
52.95, 425904
52.96, 425904
52.97, 425904
52.98, 425904
52.99, 425904
53.0, 425904
53.01, 425904
53.02, 425904
53.03, 425904
53.04, 425904
53.05, 425904
53.06, 425904
53.07, 425904
53.08, 425904
53.09, 425904
53.1, 425904
53.11, 425904
53.12, 425904
53.13, 425904
53.14, 425904
53.15, 425904
53.16, 425904
53.17, 425904
53.18, 425904
53.19, 425904
53.2, 425904
53.21, 425904
53.22, 425904
53.23, 425904
53.24, 425904
53.25, 425904
53.26, 425904
53.27, 425904
53.28, 425904
53.29, 425904
53.3, 425904
53.31, 425904
53.32, 425904
53.33, 425904
53.34, 425904
53.35, 425904
53.36, 425904
53.37, 425904
53.38, 425904
53.39, 425904
53.4, 425904
53.41, 425904
53.42, 425904
53.43, 425904
53.44, 425904
53.45, 425904
53.46, 425904
53.47, 425904
53.48, 425904
53.49, 425904
53.5, 425904
53.51, 425904
53.52, 425904
53.53, 425904
53.54, 425904
53.55, 425904
53.56, 425904
53.57, 425904
53.58, 425904
53.59, 425904
53.6, 425904
53.61, 425904
53.62, 425904
53.63, 425904
53.64, 425904
53.65, 425904
53.66, 425904
53.67, 425904
53.68, 425904
53.69, 425904
53.7, 425904
53.71, 425904
53.72, 425904
53.73, 425904
53.74, 425904
53.75, 425904
53.76, 425904
53.77, 425904
53.78, 425904
53.79, 425904
53.8, 425904
53.81, 425904
53.82, 425904
53.83, 425904
53.84, 425904
53.85, 425904
53.86, 425904
53.87, 425904
53.88, 425904
53.89, 425904
53.9, 425904
53.91, 425904
53.92, 425904
53.93, 425904
53.94, 425904
53.95, 425904
53.96, 425904
53.97, 425904
53.98, 425904
53.99, 425904
54.0, 425904
54.01, 425904
54.02, 425904
54.03, 425904
54.04, 425904
54.05, 425904
54.06, 425904
54.07, 425904
54.08, 425904
54.09, 425904
54.1, 425904
54.11, 425904
54.12, 425904
54.13, 425904
54.14, 425904
54.15, 425904
54.16, 425904
54.17, 425904
54.18, 425904
54.19, 425904
54.2, 425904
54.21, 425904
54.22, 425904
54.23, 425904
54.24, 425904
54.25, 425904
54.26, 425904
54.27, 425904
54.28, 425904
54.29, 425904
54.3, 425904
54.31, 425904
54.32, 425904
54.33, 425904
54.34, 425904
54.35, 425904
54.36, 425904
54.37, 425904
54.38, 425904
54.39, 425904
54.4, 425904
54.41, 425904
54.42, 425904
54.43, 425904
54.44, 425904
54.45, 425904
54.46, 425904
54.47, 425904
54.48, 425904
54.49, 425904
54.5, 425904
54.51, 425904
54.52, 425904
54.53, 425904
54.54, 425904
54.55, 425904
54.56, 425904
54.57, 425904
54.58, 425904
54.59, 425904
54.6, 425904
54.61, 425904
54.62, 425904
54.63, 425904
54.64, 425904
54.65, 425904
54.66, 425904
54.67, 425904
54.68, 425904
54.69, 425904
54.7, 425904
54.71, 425904
54.72, 425904
54.73, 425904
54.74, 425904
54.75, 425904
54.76, 425904
54.77, 425904
54.78, 425904
54.79, 425904
54.8, 425904
54.81, 425904
54.82, 425904
54.83, 425904
54.84, 425904
54.85, 425904
54.86, 425904
54.87, 425904
54.88, 425904
54.89, 425904
54.9, 425904
54.91, 425904
54.92, 425904
54.93, 425904
54.94, 425904
54.95, 425904
54.96, 425904
54.97, 425904
54.98, 425904
54.99, 425904
55.0, 425904
55.01, 425904
55.02, 425904
55.03, 425904
55.04, 425904
55.05, 425904
55.06, 425904
55.07, 425904
55.08, 425904
55.09, 425904
55.1, 425904
55.11, 425904
55.12, 425904
55.13, 425904
55.14, 425904
55.15, 425904
55.16, 425904
55.17, 425904
55.18, 425904
55.19, 425904
55.2, 425904
55.21, 425904
55.22, 425904
55.23, 425904
55.24, 425904
55.25, 425904
55.26, 425904
55.27, 425904
55.28, 425904
55.29, 425904
55.3, 425904
55.31, 425904
55.32, 425904
55.33, 425904
55.34, 425904
55.35, 425904
55.36, 425904
55.37, 425904
55.38, 425904
55.39, 425904
55.4, 425904
55.41, 425904
55.42, 425904
55.43, 425904
55.44, 425904
55.45, 425904
55.46, 425904
55.47, 425904
55.48, 425904
55.49, 425904
55.5, 425904
55.51, 425904
55.52, 425904
55.53, 425904
55.54, 425904
55.55, 425904
55.56, 425904
55.57, 425904
55.58, 425904
55.59, 425904
55.6, 425904
55.61, 425904
55.62, 425904
55.63, 425904
55.64, 425904
55.65, 425904
55.66, 425904
55.67, 425904
55.68, 425904
55.69, 425904
55.7, 425904
55.71, 425904
55.72, 425904
55.73, 425904
55.74, 425904
55.75, 425904
55.76, 425904
55.77, 425904
55.78, 425904
55.79, 425904
55.8, 425904
55.81, 425904
55.82, 425904
55.83, 425904
55.84, 425904
55.85, 425904
55.86, 425904
55.87, 425904
55.88, 425904
55.89, 425904
55.9, 425904
55.91, 425904
55.92, 425904
55.93, 425904
55.94, 425904
55.95, 425904
55.96, 425904
55.97, 425904
55.98, 425904
55.99, 425904
56.0, 425904
56.01, 425904
56.02, 425904
56.03, 425904
56.04, 425904
56.05, 425904
56.06, 425904
56.07, 425904
56.08, 425904
56.09, 425904
56.1, 425904
56.11, 425904
56.12, 425904
56.13, 425904
56.14, 425904
56.15, 425904
56.16, 425904
56.17, 425904
56.18, 425904
56.19, 425904
56.2, 425904
56.21, 425904
56.22, 425904
56.23, 425904
56.24, 425904
56.25, 425904
56.26, 425904
56.27, 425904
56.28, 425904
56.29, 425904
56.3, 425904
56.31, 425904
56.32, 425904
56.33, 425904
56.34, 425904
56.35, 425904
56.36, 425904
56.37, 425904
56.38, 425904
56.39, 425904
56.4, 425904
56.41, 425904
56.42, 425904
56.43, 425904
56.44, 425904
56.45, 425904
56.46, 425904
56.47, 425904
56.48, 425904
56.49, 425904
56.5, 425904
56.51, 425904
56.52, 425904
56.53, 425904
56.54, 425904
56.55, 425904
56.56, 425904
56.57, 425904
56.58, 425904
56.59, 425904
56.6, 425904
56.61, 425904
56.62, 425904
56.63, 425904
56.64, 425904
56.65, 425904
56.66, 425904
56.67, 425904
56.68, 425904
56.69, 425904
56.7, 425904
56.71, 425904
56.72, 425904
56.73, 425904
56.74, 425904
56.75, 425904
56.76, 425904
56.77, 425904
56.78, 425904
56.79, 425904
56.8, 425904
56.81, 425904
56.82, 425904
56.83, 425904
56.84, 425904
56.85, 425904
56.86, 425904
56.87, 425904
56.88, 425904
56.89, 425904
56.9, 425904
56.91, 425904
56.92, 425904
56.93, 425904
56.94, 425904
56.95, 425904
56.96, 425904
56.97, 425904
56.98, 425904
56.99, 425904
57.0, 425904
57.01, 425904
57.02, 425904
57.03, 425904
57.04, 425904
57.05, 425904
57.06, 425904
57.07, 425904
57.08, 425904
57.09, 425904
57.1, 425904
57.11, 425904
57.12, 425904
57.13, 425904
57.14, 425904
57.15, 425904
57.16, 425904
57.17, 425904
57.18, 425904
57.19, 425904
57.2, 425904
57.21, 425904
57.22, 425904
57.23, 425904
57.24, 425904
57.25, 425904
57.26, 425904
57.27, 425904
57.28, 425904
57.29, 425904
57.3, 425904
57.31, 425904
57.32, 425904
57.33, 425904
57.34, 425904
57.35, 425904
57.36, 425904
57.37, 425904
57.38, 425904
57.39, 425904
57.4, 425904
57.41, 425904
57.42, 425904
57.43, 425904
57.44, 425904
57.45, 425904
57.46, 425904
57.47, 425904
57.48, 425904
57.49, 425904
57.5, 425904
57.51, 425904
57.52, 425904
57.53, 425904
57.54, 425904
57.55, 425904
57.56, 425904
57.57, 425904
57.58, 425904
57.59, 425904
57.6, 425904
57.61, 425904
57.62, 425904
57.63, 425904
57.64, 425904
57.65, 425904
57.66, 425904
57.67, 425904
57.68, 425904
57.69, 425904
57.7, 425904
57.71, 425904
57.72, 425904
57.73, 425904
57.74, 425904
57.75, 425904
57.76, 425904
57.77, 425904
57.78, 425904
57.79, 425904
57.8, 425904
57.81, 425904
57.82, 425904
57.83, 425904
57.84, 425904
57.85, 425904
57.86, 425904
57.87, 425904
57.88, 425904
57.89, 425904
57.9, 425904
57.91, 425904
57.92, 425904
57.93, 425904
57.94, 425904
57.95, 425904
57.96, 425904
57.97, 425904
57.98, 425904
57.99, 425904
58.0, 425904
58.01, 425904
58.02, 425904
58.03, 425904
58.04, 425904
58.05, 425904
58.06, 425904
58.07, 425904
58.08, 425904
58.09, 425904
58.1, 425904
58.11, 425904
58.12, 425904
58.13, 425904
58.14, 425904
58.15, 425904
58.16, 425904
58.17, 425904
58.18, 425904
58.19, 425904
58.2, 425904
58.21, 425904
58.22, 425904
58.23, 425904
58.24, 425904
58.25, 425904
58.26, 425904
58.27, 425904
58.28, 425904
58.29, 425904
58.3, 425904
58.31, 425904
58.32, 425904
58.33, 425904
58.34, 425904
58.35, 425904
58.36, 425904
58.37, 425904
58.38, 425904
58.39, 425904
58.4, 425904
58.41, 425904
58.42, 425904
58.43, 425904
58.44, 425904
58.45, 425904
58.46, 425904
58.47, 425904
58.48, 425904
58.49, 425904
58.5, 425904
58.51, 425904
58.52, 425904
58.53, 425904
58.54, 425904
58.55, 425904
58.56, 425904
58.57, 425904
58.58, 425904
58.59, 425904
58.6, 425904
58.61, 425904
58.62, 425904
58.63, 425904
58.64, 425904
58.65, 425904
58.66, 425904
58.67, 425904
58.68, 425904
58.69, 425904
58.7, 425904
58.71, 425904
58.72, 425904
58.73, 425904
58.74, 425904
58.75, 425904
58.76, 425904
58.77, 425904
58.78, 425904
58.79, 425904
58.8, 425904
58.81, 425904
58.82, 425904
58.83, 425904
58.84, 425904
58.85, 425904
58.86, 425904
58.87, 425904
58.88, 425904
58.89, 425904
58.9, 425904
58.91, 425904
58.92, 425904
58.93, 425904
58.94, 425904
58.95, 425904
58.96, 425904
58.97, 425904
58.98, 425904
58.99, 425904
59.0, 425904
59.01, 425904
59.02, 425904
59.03, 425904
59.04, 425904
59.05, 425904
59.06, 425904
59.07, 425904
59.08, 425904
59.09, 425904
59.1, 425904
59.11, 425904
59.12, 425904
59.13, 425904
59.14, 425904
59.15, 425904
59.16, 425904
59.17, 425904
59.18, 425904
59.19, 425904
59.2, 425904
59.21, 425904
59.22, 425904
59.23, 425904
59.24, 425904
59.25, 425904
59.26, 425904
59.27, 425904
59.28, 425904
59.29, 425904
59.3, 425904
59.31, 425904
59.32, 425904
59.33, 425904
59.34, 425904
59.35, 425904
59.36, 425904
59.37, 425904
59.38, 425904
59.39, 425904
59.4, 425904
59.41, 425904
59.42, 425904
59.43, 425904
59.44, 425904
59.45, 425904
59.46, 425904
59.47, 425904
59.48, 425904
59.49, 425904
59.5, 425904
59.51, 425904
59.52, 425904
59.53, 425904
59.54, 425904
59.55, 425904
59.56, 425904
59.57, 425904
59.58, 425904
59.59, 425904
59.6, 425904
59.61, 425904
59.62, 425904
59.63, 425904
59.64, 425904
59.65, 425904
59.66, 425904
59.67, 425904
59.68, 425904
59.69, 425904
59.7, 425904
59.71, 425904
59.72, 425904
59.73, 425904
59.74, 425904
59.75, 425904
59.76, 425904
59.77, 425904
59.78, 425904
59.79, 425904
59.8, 425904
59.81, 425904
59.82, 425904
59.83, 425904
59.84, 425904
59.85, 425904
59.86, 425904
59.87, 425904
59.88, 425904
59.89, 425904
59.9, 425904
59.91, 425904
59.92, 425904
59.93, 425904
59.94, 425904
59.95, 425904
59.96, 425904
59.97, 425904
59.98, 425904
59.99, 425904
