0.0, 520685
0.01, 491479
0.02, 491479
0.03, 491479
0.04, 472484
0.05, 472484
0.06, 472484
0.07, 470359
0.08, 470359
0.09, 470359
0.1, 470359
0.11, 470359
0.12, 470359
0.13, 470359
0.14, 470359
0.15, 470359
0.16, 470359
0.17, 452919
0.18, 452919
0.19, 452919
0.2, 452919
0.21, 452919
0.22, 452919
0.23, 452919
0.24, 452919
0.25, 452919
0.26, 452919
0.27, 452919
0.28, 452919
0.29, 452919
0.3, 452919
0.31, 452919
0.32, 452919
0.33, 452919
0.34, 452919
0.35, 452919
0.36, 452919
0.37, 452919
0.38, 452919
0.39, 452919
0.4, 452919
0.41, 452919
0.42, 452919
0.43, 452919
0.44, 452919
0.45, 452919
0.46, 452919
0.47, 452919
0.48, 452919
0.49, 452919
0.5, 452919
0.51, 452919
0.52, 452919
0.53, 452919
0.54, 452919
0.55, 452919
0.56, 452919
0.57, 452919
0.58, 452919
0.59, 452919
0.6, 452919
0.61, 452919
0.62, 452919
0.63, 452919
0.64, 452919
0.65, 452919
0.66, 452919
0.67, 452919
0.68, 452919
0.69, 452919
0.7, 452919
0.71, 452919
0.72, 452919
0.73, 452919
0.74, 452919
0.75, 452919
0.76, 452919
0.77, 452919
0.78, 452919
0.79, 452919
0.8, 452919
0.81, 452919
0.82, 452919
0.83, 452919
0.84, 452919
0.85, 452919
0.86, 452919
0.87, 452919
0.88, 452919
0.89, 452919
0.9, 452919
0.91, 452919
0.92, 452919
0.93, 452919
0.94, 452919
0.95, 452919
0.96, 452919
0.97, 452919
0.98, 452919
0.99, 452919
1.0, 452919
1.01, 452919
1.02, 452919
1.03, 452919
1.04, 452919
1.05, 452919
1.06, 452919
1.07, 452919
1.08, 452919
1.09, 452919
1.1, 452919
1.11, 452919
1.12, 452919
1.13, 452919
1.14, 452919
1.15, 452919
1.16, 452919
1.17, 452919
1.18, 452919
1.19, 452919
1.2, 452919
1.21, 452919
1.22, 452919
1.23, 452919
1.24, 452919
1.25, 452919
1.26, 452919
1.27, 452919
1.28, 452919
1.29, 452919
1.3, 452919
1.31, 452919
1.32, 452919
1.33, 452919
1.34, 452919
1.35, 452919
1.36, 452919
1.37, 452919
1.38, 452919
1.39, 452919
1.4, 452919
1.41, 452919
1.42, 452919
1.43, 452919
1.44, 452919
1.45, 452919
1.46, 452919
1.47, 452919
1.48, 452919
1.49, 452919
1.5, 452919
1.51, 452919
1.52, 452919
1.53, 452919
1.54, 452919
1.55, 452919
1.56, 452919
1.57, 452919
1.58, 452919
1.59, 452919
1.6, 452919
1.61, 448381
1.62, 448381
1.63, 448381
1.64, 448381
1.65, 448381
1.66, 448381
1.67, 448381
1.68, 448381
1.69, 448381
1.7, 448381
1.71, 448381
1.72, 448381
1.73, 448381
1.74, 448381
1.75, 448381
1.76, 448381
1.77, 448381
1.78, 448381
1.79, 448381
1.8, 448381
1.81, 448381
1.82, 448381
1.83, 448381
1.84, 448381
1.85, 448381
1.86, 448381
1.87, 448381
1.88, 448381
1.89, 448381
1.9, 448381
1.91, 448381
1.92, 448381
1.93, 448381
1.94, 448381
1.95, 448381
1.96, 448381
1.97, 448381
1.98, 448381
1.99, 448381
2.0, 448381
2.01, 448381
2.02, 448381
2.03, 448381
2.04, 448381
2.05, 448381
2.06, 448381
2.07, 448381
2.08, 448381
2.09, 448381
2.1, 448381
2.11, 448381
2.12, 448381
2.13, 448381
2.14, 448381
2.15, 448381
2.16, 448381
2.17, 448381
2.18, 448381
2.19, 448381
2.2, 448381
2.21, 448381
2.22, 448381
2.23, 448381
2.24, 448381
2.25, 448381
2.26, 448381
2.27, 448381
2.28, 448381
2.29, 448381
2.3, 448381
2.31, 448381
2.32, 448381
2.33, 448381
2.34, 448381
2.35, 448381
2.36, 448381
2.37, 448381
2.38, 448381
2.39, 448381
2.4, 448381
2.41, 448381
2.42, 448381
2.43, 448381
2.44, 448381
2.45, 448381
2.46, 448381
2.47, 448381
2.48, 448381
2.49, 448381
2.5, 448381
2.51, 448381
2.52, 448381
2.53, 448381
2.54, 448381
2.55, 448381
2.56, 448381
2.57, 448381
2.58, 448381
2.59, 448381
2.6, 448381
2.61, 448381
2.62, 448381
2.63, 448381
2.64, 448381
2.65, 448381
2.66, 448381
2.67, 448381
2.68, 448381
2.69, 448381
2.7, 448381
2.71, 448381
2.72, 448381
2.73, 448381
2.74, 448381
2.75, 448381
2.76, 448381
2.77, 448381
2.78, 448381
2.79, 448381
2.8, 448381
2.81, 448381
2.82, 448381
2.83, 448381
2.84, 448381
2.85, 448381
2.86, 448381
2.87, 448381
2.88, 448381
2.89, 448381
2.9, 448381
2.91, 448381
2.92, 448381
2.93, 448381
2.94, 448381
2.95, 448381
2.96, 448381
2.97, 448381
2.98, 448381
2.99, 448381
3.0, 448381
3.01, 448381
3.02, 448381
3.03, 448381
3.04, 448381
3.05, 448381
3.06, 448381
3.07, 448381
3.08, 448381
3.09, 448381
3.1, 448381
3.11, 448381
3.12, 448381
3.13, 448381
3.14, 448381
3.15, 448381
3.16, 448381
3.17, 448381
3.18, 448381
3.19, 448381
3.2, 448381
3.21, 448381
3.22, 448381
3.23, 448381
3.24, 448381
3.25, 448381
3.26, 448381
3.27, 448381
3.28, 448381
3.29, 448381
3.3, 448381
3.31, 448381
3.32, 448381
3.33, 448381
3.34, 448381
3.35, 448381
3.36, 448381
3.37, 448381
3.38, 448381
3.39, 448381
3.4, 448381
3.41, 448381
3.42, 448381
3.43, 448381
3.44, 448381
3.45, 448381
3.46, 448381
3.47, 448381
3.48, 448381
3.49, 448381
3.5, 448381
3.51, 448381
3.52, 448381
3.53, 448381
3.54, 448381
3.55, 448381
3.56, 448381
3.57, 448381
3.58, 448381
3.59, 448381
3.6, 448381
3.61, 448381
3.62, 448381
3.63, 448381
3.64, 448381
3.65, 448381
3.66, 448381
3.67, 448381
3.68, 448381
3.69, 448381
3.7, 448381
3.71, 448381
3.72, 448381
3.73, 448381
3.74, 448381
3.75, 448381
3.76, 448381
3.77, 448381
3.78, 448381
3.79, 448381
3.8, 448381
3.81, 447775
3.82, 447775
3.83, 447775
3.84, 447775
3.85, 447775
3.86, 447775
3.87, 447775
3.88, 447775
3.89, 447775
3.9, 447775
3.91, 447775
3.92, 447775
3.93, 447775
3.94, 447775
3.95, 447775
3.96, 447775
3.97, 447775
3.98, 447775
3.99, 447775
4.0, 447775
4.01, 447775
4.02, 447775
4.03, 447775
4.04, 447775
4.05, 447775
4.06, 447775
4.07, 447775
4.08, 447775
4.09, 447775
4.1, 447775
4.11, 447775
4.12, 447775
4.13, 447775
4.14, 447775
4.15, 447775
4.16, 447775
4.17, 447775
4.18, 447775
4.19, 447775
4.2, 447775
4.21, 447775
4.22, 447775
4.23, 447775
4.24, 447775
4.25, 447775
4.26, 447775
4.27, 447775
4.28, 447775
4.29, 447775
4.3, 447775
4.31, 447775
4.32, 447775
4.33, 447775
4.34, 447775
4.35, 447775
4.36, 447775
4.37, 447775
4.38, 447775
4.39, 447775
4.4, 447775
4.41, 447775
4.42, 447775
4.43, 447775
4.44, 447775
4.45, 447775
4.46, 447775
4.47, 447775
4.48, 447775
4.49, 447775
4.5, 447775
4.51, 447775
4.52, 447775
4.53, 447775
4.54, 447775
4.55, 447775
4.56, 447775
4.57, 447775
4.58, 447775
4.59, 447775
4.6, 447775
4.61, 447775
4.62, 447775
4.63, 447775
4.64, 447775
4.65, 447775
4.66, 447775
4.67, 447775
4.68, 447775
4.69, 447775
4.7, 447775
4.71, 447775
4.72, 447775
4.73, 447775
4.74, 447775
4.75, 447775
4.76, 447775
4.77, 447775
4.78, 447775
4.79, 447775
4.8, 447775
4.81, 447775
4.82, 447775
4.83, 447775
4.84, 447775
4.85, 447775
4.86, 447775
4.87, 447775
4.88, 447775
4.89, 447775
4.9, 447775
4.91, 447775
4.92, 447775
4.93, 447775
4.94, 447775
4.95, 447775
4.96, 447775
4.97, 447775
4.98, 447775
4.99, 447775
5.0, 447775
5.01, 447775
5.02, 447775
5.03, 447775
5.04, 447775
5.05, 447775
5.06, 444226
5.07, 444226
5.08, 444226
5.09, 444226
5.1, 444226
5.11, 444226
5.12, 444226
5.13, 444226
5.14, 444226
5.15, 444226
5.16, 444226
5.17, 444226
5.18, 444226
5.19, 444226
5.2, 444226
5.21, 444226
5.22, 444226
5.23, 444226
5.24, 444226
5.25, 444226
5.26, 444226
5.27, 444226
5.28, 444226
5.29, 444226
5.3, 444226
5.31, 444226
5.32, 444226
5.33, 444226
5.34, 444226
5.35, 444226
5.36, 444226
5.37, 444226
5.38, 444226
5.39, 444226
5.4, 444226
5.41, 444226
5.42, 444226
5.43, 444226
5.44, 444226
5.45, 444226
5.46, 444226
5.47, 444226
5.48, 444226
5.49, 444226
5.5, 444226
5.51, 444226
5.52, 444226
5.53, 444226
5.54, 444226
5.55, 444226
5.56, 444226
5.57, 444226
5.58, 444226
5.59, 444226
5.6, 444226
5.61, 444226
5.62, 444226
5.63, 444226
5.64, 444226
5.65, 444226
5.66, 444226
5.67, 444226
5.68, 444226
5.69, 444226
5.7, 444226
5.71, 444226
5.72, 444226
5.73, 444226
5.74, 444226
5.75, 444226
5.76, 444226
5.77, 444226
5.78, 444226
5.79, 444226
5.8, 444226
5.81, 444226
5.82, 444226
5.83, 444226
5.84, 444226
5.85, 444226
5.86, 444226
5.87, 444226
5.88, 444226
5.89, 444226
5.9, 444226
5.91, 444226
5.92, 444226
5.93, 444226
5.94, 444226
5.95, 444226
5.96, 444226
5.97, 444226
5.98, 444226
5.99, 444226
6.0, 444226
6.01, 444226
6.02, 444226
6.03, 444226
6.04, 444226
6.05, 444226
6.06, 444226
6.07, 444226
6.08, 444226
6.09, 444226
6.1, 444226
6.11, 444226
6.12, 444226
6.13, 444226
6.14, 444226
6.15, 444226
6.16, 444226
6.17, 444226
6.18, 444226
6.19, 444226
6.2, 444226
6.21, 444226
6.22, 444226
6.23, 444226
6.24, 444226
6.25, 444226
6.26, 444226
6.27, 444226
6.28, 444226
6.29, 444226
6.3, 444226
6.31, 444226
6.32, 444226
6.33, 444226
6.34, 444226
6.35, 444226
6.36, 444226
6.37, 444226
6.38, 444226
6.39, 444226
6.4, 444226
6.41, 444226
6.42, 444226
6.43, 444226
6.44, 444226
6.45, 444226
6.46, 444226
6.47, 444226
6.48, 444226
6.49, 444226
6.5, 444226
6.51, 444226
6.52, 444226
6.53, 444226
6.54, 444226
6.55, 444226
6.56, 444226
6.57, 444226
6.58, 444226
6.59, 444226
6.6, 444226
6.61, 444226
6.62, 444226
6.63, 444226
6.64, 444226
6.65, 444226
6.66, 444226
6.67, 444226
6.68, 444226
6.69, 444226
6.7, 444226
6.71, 444226
6.72, 444226
6.73, 444226
6.74, 444226
6.75, 444226
6.76, 444226
6.77, 444226
6.78, 444226
6.79, 444226
6.8, 444226
6.81, 444226
6.82, 444226
6.83, 444226
6.84, 444226
6.85, 444226
6.86, 444226
6.87, 444226
6.88, 444226
6.89, 444226
6.9, 444226
6.91, 444226
6.92, 444226
6.93, 444226
6.94, 444226
6.95, 444226
6.96, 444226
6.97, 444226
6.98, 444226
6.99, 444226
7.0, 444226
7.01, 444226
7.02, 444226
7.03, 444226
7.04, 444226
7.05, 444226
7.06, 444226
7.07, 444226
7.08, 444226
7.09, 444226
7.1, 444226
7.11, 444226
7.12, 444226
7.13, 444226
7.14, 444226
7.15, 444226
7.16, 444226
7.17, 444226
7.18, 444226
7.19, 444226
7.2, 444226
7.21, 444226
7.22, 444226
7.23, 444226
7.24, 444226
7.25, 444226
7.26, 444226
7.27, 444226
7.28, 444226
7.29, 444226
7.3, 444226
7.31, 444226
7.32, 444226
7.33, 444226
7.34, 444226
7.35, 444226
7.36, 444226
7.37, 444226
7.38, 444226
7.39, 444226
7.4, 444226
7.41, 444226
7.42, 444226
7.43, 444226
7.44, 444226
7.45, 444226
7.46, 444226
7.47, 444226
7.48, 444226
7.49, 444226
7.5, 444226
7.51, 444226
7.52, 444226
7.53, 444226
7.54, 444226
7.55, 444226
7.56, 444226
7.57, 444226
7.58, 444226
7.59, 444226
7.6, 444226
7.61, 444226
7.62, 444226
7.63, 444226
7.64, 444226
7.65, 444226
7.66, 444226
7.67, 444226
7.68, 444226
7.69, 444226
7.7, 444226
7.71, 444226
7.72, 444226
7.73, 444226
7.74, 444226
7.75, 444226
7.76, 444226
7.77, 444226
7.78, 444226
7.79, 444226
7.8, 444226
7.81, 444226
7.82, 444226
7.83, 444226
7.84, 444226
7.85, 444226
7.86, 444226
7.87, 444226
7.88, 444226
7.89, 444226
7.9, 444226
7.91, 444226
7.92, 444226
7.93, 444226
7.94, 444226
7.95, 444226
7.96, 444226
7.97, 444226
7.98, 444226
7.99, 444226
8.0, 444226
8.01, 444226
8.02, 444226
8.03, 444226
8.04, 444226
8.05, 444226
8.06, 444226
8.07, 444226
8.08, 444226
8.09, 444226
8.1, 444226
8.11, 444226
8.12, 444226
8.13, 444226
8.14, 444226
8.15, 444226
8.16, 444226
8.17, 444226
8.18, 444226
8.19, 444226
8.2, 444226
8.21, 444226
8.22, 444226
8.23, 444226
8.24, 444226
8.25, 444226
8.26, 444226
8.27, 444226
8.28, 444226
8.29, 444226
8.3, 444226
8.31, 444226
8.32, 444226
8.33, 444226
8.34, 444226
8.35, 444226
8.36, 444226
8.37, 444226
8.38, 444226
8.39, 444226
8.4, 444226
8.41, 444226
8.42, 444226
8.43, 444226
8.44, 444226
8.45, 444226
8.46, 444226
8.47, 444226
8.48, 444226
8.49, 444226
8.5, 444226
8.51, 444226
8.52, 444226
8.53, 444226
8.54, 444226
8.55, 444226
8.56, 431957
8.57, 431957
8.58, 431957
8.59, 431957
8.6, 431957
8.61, 431957
8.62, 431957
8.63, 431957
8.64, 431957
8.65, 431957
8.66, 431957
8.67, 431957
8.68, 431957
8.69, 431957
8.7, 431957
8.71, 431957
8.72, 431957
8.73, 431957
8.74, 431957
8.75, 431957
8.76, 431957
8.77, 431957
8.78, 431957
8.79, 431957
8.8, 431957
8.81, 431957
8.82, 431957
8.83, 431957
8.84, 431957
8.85, 431957
8.86, 431957
8.87, 431957
8.88, 431957
8.89, 431957
8.9, 431957
8.91, 431957
8.92, 431957
8.93, 431957
8.94, 431957
8.95, 431957
8.96, 431957
8.97, 431957
8.98, 431957
8.99, 431957
9.0, 431957
9.01, 431957
9.02, 431957
9.03, 431957
9.04, 431957
9.05, 431957
9.06, 431957
9.07, 431957
9.08, 431957
9.09, 431957
9.1, 431957
9.11, 431957
9.12, 431957
9.13, 431957
9.14, 431957
9.15, 431957
9.16, 431957
9.17, 431957
9.18, 431957
9.19, 431957
9.2, 431957
9.21, 431957
9.22, 431957
9.23, 431957
9.24, 431957
9.25, 431957
9.26, 431957
9.27, 431957
9.28, 431957
9.29, 431957
9.3, 431957
9.31, 431957
9.32, 431957
9.33, 431957
9.34, 431957
9.35, 431957
9.36, 431957
9.37, 431957
9.38, 431957
9.39, 431957
9.4, 431957
9.41, 431957
9.42, 431957
9.43, 431957
9.44, 431957
9.45, 431957
9.46, 431957
9.47, 431957
9.48, 431957
9.49, 431957
9.5, 431957
9.51, 431957
9.52, 431957
9.53, 431957
9.54, 431957
9.55, 431957
9.56, 431957
9.57, 431957
9.58, 431957
9.59, 431957
9.6, 431957
9.61, 431957
9.62, 431957
9.63, 431957
9.64, 431957
9.65, 431957
9.66, 431957
9.67, 431957
9.68, 431957
9.69, 431957
9.7, 431957
9.71, 431957
9.72, 431957
9.73, 431957
9.74, 431957
9.75, 431957
9.76, 431957
9.77, 431957
9.78, 431957
9.79, 431957
9.8, 431957
9.81, 431957
9.82, 431957
9.83, 431957
9.84, 431957
9.85, 431957
9.86, 431957
9.87, 431957
9.88, 431957
9.89, 431957
9.9, 431957
9.91, 431957
9.92, 431957
9.93, 431957
9.94, 431957
9.95, 431957
9.96, 431957
9.97, 431957
9.98, 431957
9.99, 431957
10.0, 431957
10.01, 431957
10.02, 431957
10.03, 431957
10.04, 431957
10.05, 431957
10.06, 431957
10.07, 431957
10.08, 431957
10.09, 431957
10.1, 431957
10.11, 431957
10.12, 431957
10.13, 431957
10.14, 431957
10.15, 431957
10.16, 431957
10.17, 431957
10.18, 431957
10.19, 431957
10.2, 431957
10.21, 431957
10.22, 431957
10.23, 431957
10.24, 431957
10.25, 431957
10.26, 431957
10.27, 431957
10.28, 431957
10.29, 431957
10.3, 431957
10.31, 431957
10.32, 431957
10.33, 431957
10.34, 431957
10.35, 431957
10.36, 431957
10.37, 431957
10.38, 431957
10.39, 431957
10.4, 431957
10.41, 431957
10.42, 431957
10.43, 431957
10.44, 431957
10.45, 431957
10.46, 431957
10.47, 431957
10.48, 431957
10.49, 431957
10.5, 431957
10.51, 431957
10.52, 431957
10.53, 431957
10.54, 431957
10.55, 431957
10.56, 431957
10.57, 431957
10.58, 431957
10.59, 431957
10.6, 431957
10.61, 431957
10.62, 431957
10.63, 431957
10.64, 431957
10.65, 431957
10.66, 431957
10.67, 431957
10.68, 431957
10.69, 431957
10.7, 431957
10.71, 431957
10.72, 431957
10.73, 431957
10.74, 431957
10.75, 431957
10.76, 431957
10.77, 431957
10.78, 431957
10.79, 431957
10.8, 431957
10.81, 431957
10.82, 431957
10.83, 431957
10.84, 431957
10.85, 431957
10.86, 431957
10.87, 431957
10.88, 431957
10.89, 431957
10.9, 431957
10.91, 431957
10.92, 431957
10.93, 431957
10.94, 431957
10.95, 431957
10.96, 431957
10.97, 431957
10.98, 431957
10.99, 431957
11.0, 431957
11.01, 431957
11.02, 431957
11.03, 431957
11.04, 431957
11.05, 431957
11.06, 431957
11.07, 431957
11.08, 431957
11.09, 431957
11.1, 431957
11.11, 431957
11.12, 431957
11.13, 431957
11.14, 431957
11.15, 431957
11.16, 431957
11.17, 431957
11.18, 431957
11.19, 431957
11.2, 431957
11.21, 431957
11.22, 431957
11.23, 431957
11.24, 431957
11.25, 431957
11.26, 431957
11.27, 431957
11.28, 431957
11.29, 431957
11.3, 431957
11.31, 431957
11.32, 431957
11.33, 431957
11.34, 431957
11.35, 431957
11.36, 431957
11.37, 431957
11.38, 431957
11.39, 431957
11.4, 431957
11.41, 431957
11.42, 431957
11.43, 431957
11.44, 431957
11.45, 431957
11.46, 431957
11.47, 431957
11.48, 431957
11.49, 431957
11.5, 431957
11.51, 431957
11.52, 431957
11.53, 431957
11.54, 431957
11.55, 431957
11.56, 431957
11.57, 431957
11.58, 431957
11.59, 431957
11.6, 431957
11.61, 431957
11.62, 431957
11.63, 431957
11.64, 431957
11.65, 431957
11.66, 431957
11.67, 431957
11.68, 431957
11.69, 431957
11.7, 431957
11.71, 431957
11.72, 431957
11.73, 431957
11.74, 431957
11.75, 431957
11.76, 431957
11.77, 431957
11.78, 431957
11.79, 431957
11.8, 431957
11.81, 431957
11.82, 431957
11.83, 431957
11.84, 431957
11.85, 431957
11.86, 431957
11.87, 431957
11.88, 431957
11.89, 431957
11.9, 431957
11.91, 431957
11.92, 431957
11.93, 431957
11.94, 431957
11.95, 431957
11.96, 431957
11.97, 431957
11.98, 431957
11.99, 431957
12.0, 431957
12.01, 431957
12.02, 431957
12.03, 431957
12.04, 431957
12.05, 431957
12.06, 431957
12.07, 431957
12.08, 431957
12.09, 431957
12.1, 431957
12.11, 431957
12.12, 431957
12.13, 431957
12.14, 431957
12.15, 431957
12.16, 431957
12.17, 431957
12.18, 431957
12.19, 431957
12.2, 431957
12.21, 431957
12.22, 431957
12.23, 431957
12.24, 431957
12.25, 431957
12.26, 431957
12.27, 431957
12.28, 431957
12.29, 431957
12.3, 431957
12.31, 431957
12.32, 431957
12.33, 431957
12.34, 431957
12.35, 431957
12.36, 431957
12.37, 431957
12.38, 431957
12.39, 431957
12.4, 431957
12.41, 431957
12.42, 431957
12.43, 431957
12.44, 431957
12.45, 431957
12.46, 431957
12.47, 431957
12.48, 431957
12.49, 431957
12.5, 431957
12.51, 431957
12.52, 431957
12.53, 431957
12.54, 431957
12.55, 431957
12.56, 431957
12.57, 431957
12.58, 431957
12.59, 431957
12.6, 431957
12.61, 431957
12.62, 431957
12.63, 431957
12.64, 431957
12.65, 431957
12.66, 431957
12.67, 431957
12.68, 431957
12.69, 431957
12.7, 431957
12.71, 431957
12.72, 431957
12.73, 431957
12.74, 431957
12.75, 431957
12.76, 431957
12.77, 431957
12.78, 431957
12.79, 431957
12.8, 431957
12.81, 431957
12.82, 431957
12.83, 431957
12.84, 431957
12.85, 431957
12.86, 431957
12.87, 431957
12.88, 431957
12.89, 431957
12.9, 431957
12.91, 431957
12.92, 431957
12.93, 431957
12.94, 431957
12.95, 431957
12.96, 431957
12.97, 431957
12.98, 431957
12.99, 431957
13.0, 431957
13.01, 431957
13.02, 431957
13.03, 431957
13.04, 431957
13.05, 431957
13.06, 431957
13.07, 431957
13.08, 431957
13.09, 431957
13.1, 431957
13.11, 431957
13.12, 431957
13.13, 431957
13.14, 431957
13.15, 431957
13.16, 431957
13.17, 431957
13.18, 431957
13.19, 431957
13.2, 431957
13.21, 431957
13.22, 431957
13.23, 431957
13.24, 431957
13.25, 431957
13.26, 431957
13.27, 431957
13.28, 431957
13.29, 431957
13.3, 431957
13.31, 431957
13.32, 431957
13.33, 431957
13.34, 431957
13.35, 431957
13.36, 431957
13.37, 431957
13.38, 431957
13.39, 431957
13.4, 431957
13.41, 431957
13.42, 431957
13.43, 431957
13.44, 431957
13.45, 431957
13.46, 431957
13.47, 431957
13.48, 431957
13.49, 431957
13.5, 431957
13.51, 431957
13.52, 431957
13.53, 431957
13.54, 431957
13.55, 431957
13.56, 431957
13.57, 431957
13.58, 431957
13.59, 431957
13.6, 431957
13.61, 431957
13.62, 431957
13.63, 431957
13.64, 431957
13.65, 431957
13.66, 431957
13.67, 431957
13.68, 431957
13.69, 431957
13.7, 431957
13.71, 431957
13.72, 431957
13.73, 431957
13.74, 431957
13.75, 431957
13.76, 431957
13.77, 431957
13.78, 431957
13.79, 431957
13.8, 431957
13.81, 431957
13.82, 431957
13.83, 431957
13.84, 431957
13.85, 431957
13.86, 431957
13.87, 431957
13.88, 431957
13.89, 431957
13.9, 431957
13.91, 431957
13.92, 431957
13.93, 431957
13.94, 431957
13.95, 431957
13.96, 431957
13.97, 431957
13.98, 431957
13.99, 431957
14.0, 431957
14.01, 431957
14.02, 431957
14.03, 431957
14.04, 431957
14.05, 431957
14.06, 431957
14.07, 431957
14.08, 431957
14.09, 431957
14.1, 431957
14.11, 431957
14.12, 431957
14.13, 431957
14.14, 431957
14.15, 431957
14.16, 431957
14.17, 431957
14.18, 431957
14.19, 431957
14.2, 431957
14.21, 431957
14.22, 431957
14.23, 431957
14.24, 431957
14.25, 431957
14.26, 431957
14.27, 431957
14.28, 431957
14.29, 431957
14.3, 431957
14.31, 431957
14.32, 431957
14.33, 431957
14.34, 431957
14.35, 431957
14.36, 431957
14.37, 431957
14.38, 431957
14.39, 431957
14.4, 431957
14.41, 431957
14.42, 431957
14.43, 431957
14.44, 431957
14.45, 431957
14.46, 431957
14.47, 431957
14.48, 431957
14.49, 431957
14.5, 431957
14.51, 431957
14.52, 431957
14.53, 431957
14.54, 431957
14.55, 431957
14.56, 431957
14.57, 431957
14.58, 431957
14.59, 431957
14.6, 431957
14.61, 431957
14.62, 431957
14.65, 431957
14.66, 431957
14.67, 431957
14.68, 431957
14.69, 431957
14.7, 431957
14.71, 431957
14.72, 431957
14.73, 431957
14.74, 431957
14.75, 431957
14.76, 431957
14.77, 431957
14.78, 431957
14.79, 431957
14.8, 431957
14.81, 431957
14.82, 431957
14.83, 431957
14.84, 431957
14.85, 431957
14.86, 431957
14.87, 431957
14.88, 431957
14.89, 431957
14.9, 431957
14.91, 431957
14.92, 431957
14.93, 431957
14.94, 431957
14.95, 431957
14.96, 431957
14.97, 431957
14.98, 431957
14.99, 431957
15.0, 431957
15.01, 431957
15.02, 431957
15.03, 431957
15.04, 431957
15.05, 431957
15.06, 431957
15.07, 431957
15.08, 431957
15.09, 431957
15.1, 431957
15.11, 431957
15.12, 431957
15.13, 431957
15.14, 431957
15.15, 431957
15.16, 431957
15.17, 431957
15.18, 431957
15.19, 431957
15.2, 431957
15.21, 431957
15.22, 431957
15.23, 431957
15.24, 431957
15.25, 431957
15.26, 431957
15.27, 431957
15.28, 431957
15.29, 431957
15.3, 431957
15.31, 431957
15.32, 431957
15.33, 431957
15.34, 431957
15.35, 431957
15.36, 431957
15.37, 431957
15.38, 431957
15.39, 431957
15.4, 431957
15.41, 431957
15.42, 431957
15.43, 431957
15.44, 431957
15.45, 431957
15.46, 431957
15.47, 431957
15.48, 431957
15.49, 431957
15.5, 431957
15.51, 431957
15.52, 431957
15.53, 431957
15.54, 431957
15.55, 431957
15.56, 431957
15.57, 431957
15.58, 431957
15.59, 431957
15.6, 431957
15.61, 431957
15.62, 431957
15.63, 431957
15.64, 431957
15.65, 431957
15.66, 431957
15.67, 431957
15.68, 431957
15.69, 431957
15.7, 431957
15.71, 431957
15.72, 431957
15.73, 431957
15.74, 431957
15.75, 431957
15.76, 431957
15.77, 431957
15.78, 431957
15.79, 431957
15.8, 431957
15.81, 431957
15.82, 431957
15.83, 431957
15.84, 431957
15.85, 431957
15.86, 431957
15.87, 431957
15.88, 431957
15.89, 431957
15.9, 431957
15.91, 431957
15.92, 431957
15.93, 431957
15.94, 431957
15.95, 431957
15.96, 431957
15.97, 431957
15.98, 431957
15.99, 431957
16.0, 431957
16.01, 431957
16.02, 431957
16.03, 431957
16.04, 431957
16.05, 431957
16.06, 431957
16.07, 431957
16.08, 431957
16.09, 431957
16.1, 431957
16.11, 431957
16.12, 431957
16.13, 431957
16.14, 431957
16.15, 431957
16.16, 431957
16.17, 431957
16.18, 431957
16.19, 431957
16.2, 431957
16.21, 431957
16.22, 431957
16.23, 431957
16.24, 431957
16.25, 431957
16.26, 431957
16.27, 431957
16.28, 431957
16.29, 431957
16.3, 431957
16.31, 431957
16.32, 431957
16.33, 431957
16.34, 431957
16.35, 431957
16.36, 431957
16.37, 431957
16.38, 431957
16.39, 431957
16.4, 431957
16.41, 431957
16.42, 431957
16.43, 431957
16.44, 431957
16.45, 431957
16.46, 431957
16.47, 431957
16.48, 431957
16.49, 431957
16.5, 431957
16.51, 431957
16.52, 431957
16.53, 431957
16.54, 431957
16.55, 431957
16.56, 431957
16.57, 431957
16.58, 431957
16.59, 431957
16.6, 431957
16.61, 431957
16.62, 431957
16.63, 431957
16.64, 431957
16.65, 431957
16.66, 431957
16.67, 431957
16.68, 431957
16.69, 431957
16.7, 431957
16.71, 431957
16.72, 431957
16.73, 431957
16.74, 431957
16.75, 431957
16.76, 431957
16.77, 431957
16.78, 431957
16.79, 431957
16.8, 431957
16.81, 431957
16.82, 431957
16.83, 431957
16.84, 431957
16.85, 431957
16.86, 431957
16.87, 431957
16.88, 431957
16.89, 431957
16.9, 431957
16.91, 431957
16.92, 431957
16.93, 431957
16.94, 431957
16.95, 431957
16.96, 431957
16.97, 431957
16.98, 431957
16.99, 431957
17.0, 431957
17.01, 431957
17.02, 431957
17.03, 431957
17.04, 431957
17.05, 431957
17.06, 431957
17.07, 431957
17.08, 431957
17.09, 431957
17.1, 431957
17.11, 431957
17.12, 431957
17.13, 431957
17.14, 431957
17.15, 431957
17.16, 431957
17.17, 431957
17.18, 431957
17.19, 431957
17.2, 431957
17.21, 431957
17.22, 431957
17.23, 431957
17.24, 431957
17.25, 431957
17.26, 431957
17.27, 431957
17.28, 431957
17.29, 431957
17.3, 431957
17.31, 431957
17.32, 431957
17.33, 431957
17.34, 431957
17.35, 431957
17.36, 431957
17.37, 431957
17.38, 431957
17.39, 431957
17.4, 431957
17.41, 431957
17.42, 431957
17.43, 431957
17.44, 431957
17.45, 431957
17.46, 431957
17.47, 431957
17.48, 431957
17.49, 431957
17.5, 431957
17.51, 431957
17.52, 431957
17.53, 431957
17.54, 431957
17.55, 431957
17.56, 431957
17.57, 431957
17.58, 431957
17.59, 431957
17.6, 431957
17.61, 431957
17.62, 431957
17.63, 431957
17.64, 431957
17.65, 431957
17.66, 431957
17.67, 431957
17.68, 431957
17.69, 431957
17.7, 431957
17.71, 431957
17.72, 431957
17.73, 431957
17.74, 431957
17.75, 431957
17.76, 431957
17.77, 431957
17.78, 431957
17.79, 431957
17.8, 431957
17.81, 431957
17.82, 431957
17.83, 431957
17.84, 431957
17.85, 431957
17.86, 431957
17.87, 431957
17.88, 431957
17.89, 431957
17.9, 431957
17.91, 431957
17.92, 431957
17.93, 431957
17.94, 431957
17.95, 431957
17.96, 431957
17.97, 431957
17.98, 431957
17.99, 431957
18.0, 431957
18.01, 431957
18.02, 431957
18.03, 431957
18.04, 431957
18.05, 431957
18.06, 431957
18.07, 431957
18.08, 431957
18.09, 431957
18.1, 431957
18.11, 431957
18.12, 431957
18.13, 431957
18.14, 431957
18.15, 431957
18.16, 431957
18.17, 431957
18.18, 431957
18.19, 431957
18.2, 431957
18.21, 431957
18.22, 431957
18.23, 431957
18.24, 431957
18.25, 431957
18.26, 431957
18.27, 431957
18.28, 431957
18.29, 431957
18.3, 431957
18.31, 431957
18.32, 431957
18.33, 431957
18.34, 431957
18.35, 431957
18.36, 431957
18.37, 431957
18.38, 431957
18.39, 431957
18.4, 431957
18.41, 431957
18.42, 431957
18.43, 431957
18.44, 431957
18.45, 431957
18.46, 431957
18.47, 431957
18.48, 431957
18.49, 431957
18.5, 431957
18.51, 431957
18.52, 431957
18.53, 431957
18.54, 431957
18.55, 431957
18.56, 431957
18.57, 431957
18.58, 431957
18.59, 431957
18.6, 431957
18.61, 431957
18.62, 431957
18.63, 431957
18.64, 431957
18.65, 431957
18.66, 431957
18.67, 431957
18.68, 431957
18.69, 431957
18.7, 431957
18.71, 431957
18.72, 431957
18.73, 431957
18.74, 431957
18.75, 431957
18.76, 431957
18.77, 431957
18.78, 431957
18.79, 431957
18.8, 431957
18.81, 431957
18.82, 431957
18.83, 431957
18.84, 431957
18.85, 431957
18.86, 431957
18.87, 431957
18.88, 431957
18.89, 431957
18.9, 431957
18.91, 431957
18.92, 431957
18.93, 431957
18.94, 431957
18.95, 431957
18.96, 431957
18.97, 431957
18.98, 431957
18.99, 431957
19.0, 431957
19.01, 431957
19.02, 431957
19.03, 431957
19.04, 431957
19.05, 431957
19.06, 431957
19.07, 431957
19.08, 431957
19.09, 431957
19.1, 431957
19.11, 431957
19.12, 431957
19.13, 431957
19.14, 431957
19.15, 431957
19.16, 431957
19.17, 431957
19.18, 431957
19.19, 431957
19.2, 431957
19.21, 431957
19.22, 431957
19.23, 431957
19.24, 431957
19.25, 431957
19.26, 431957
19.27, 431957
19.28, 431957
19.29, 431957
19.3, 431957
19.31, 431957
19.32, 431957
19.33, 431957
19.34, 431957
19.35, 431957
19.36, 431957
19.37, 431957
19.38, 431957
19.39, 431957
19.4, 431957
19.41, 431957
19.42, 431957
19.43, 431957
19.44, 431957
19.45, 431957
19.46, 431957
19.47, 431957
19.48, 431957
19.49, 431957
19.5, 431957
19.51, 431957
19.52, 431957
19.53, 431957
19.54, 431957
19.55, 431957
19.56, 431957
19.57, 431957
19.58, 431957
19.59, 431957
19.6, 431957
19.61, 431957
19.62, 431957
19.63, 431957
19.64, 431957
19.65, 431957
19.66, 431957
19.67, 431957
19.68, 431957
19.69, 431957
19.7, 431957
19.71, 431957
19.72, 431957
19.73, 431957
19.74, 431957
19.75, 431957
19.76, 431957
19.77, 431957
19.78, 431957
19.79, 431957
19.8, 431957
19.81, 431957
19.82, 431957
19.83, 431957
19.84, 431957
19.85, 431957
19.86, 431957
19.87, 431957
19.88, 431957
19.89, 431957
19.9, 431957
19.91, 431957
19.92, 431957
19.93, 431957
19.94, 431957
19.95, 431957
19.96, 431957
19.97, 431957
19.98, 431957
19.99, 431957
20.0, 431957
20.01, 431957
20.02, 431957
20.03, 431957
20.04, 431957
20.05, 431957
20.06, 431957
20.07, 431957
20.08, 431957
20.09, 431957
20.1, 431957
20.11, 431957
20.12, 431957
20.13, 431957
20.14, 431957
20.15, 431957
20.16, 431957
20.17, 431957
20.18, 431957
20.19, 431957
20.2, 431957
20.21, 431957
20.22, 431957
20.23, 431957
20.24, 431957
20.25, 431957
20.26, 431957
20.27, 431957
20.28, 431957
20.29, 431957
20.3, 431957
20.31, 431957
20.32, 431957
20.33, 431957
20.34, 431957
20.35, 431957
20.36, 431957
20.37, 431957
20.38, 431957
20.39, 431957
20.4, 431957
20.41, 431957
20.42, 431957
20.43, 431957
20.44, 431957
20.45, 431957
20.46, 431957
20.47, 431957
20.48, 431957
20.49, 431957
20.5, 431957
20.51, 431957
20.52, 431957
20.53, 431957
20.54, 431957
20.55, 431957
20.56, 431957
20.57, 431957
20.58, 431957
20.59, 431957
20.6, 431957
20.61, 431957
20.62, 431957
20.63, 431957
20.64, 431957
20.65, 431957
20.66, 431957
20.67, 431957
20.68, 431957
20.69, 431957
20.7, 431957
20.71, 431957
20.72, 431957
20.73, 431957
20.74, 431957
20.75, 431957
20.76, 431957
20.77, 431957
20.78, 431957
20.79, 431957
20.8, 431957
20.81, 431957
20.82, 431957
20.83, 431957
20.84, 431957
20.85, 431957
20.86, 431957
20.87, 431957
20.88, 431957
20.89, 431957
20.9, 431957
20.91, 431957
20.92, 431957
20.93, 431957
20.94, 431957
20.95, 431957
20.96, 431957
20.97, 431957
20.98, 431957
20.99, 431957
21.0, 431957
21.01, 431957
21.02, 431957
21.03, 431957
21.04, 431957
21.05, 431957
21.06, 431957
21.07, 431957
21.08, 431957
21.09, 431957
21.1, 431957
21.11, 431957
21.12, 431957
21.13, 431957
21.14, 431957
21.15, 431957
21.16, 431957
21.17, 431957
21.18, 431957
21.19, 431957
21.2, 431957
21.21, 431957
21.22, 431957
21.23, 431957
21.24, 431957
21.25, 431957
21.26, 431957
21.27, 431957
21.28, 431957
21.29, 431957
21.3, 431957
21.31, 431957
21.32, 431957
21.33, 431957
21.34, 431957
21.35, 431957
21.36, 431957
21.37, 431957
21.38, 431957
21.39, 431957
21.4, 431957
21.41, 431957
21.42, 431957
21.43, 431957
21.44, 431957
21.45, 431957
21.46, 431957
21.47, 431957
21.48, 431957
21.49, 431957
21.5, 431957
21.51, 431957
21.52, 431957
21.53, 431957
21.54, 431957
21.55, 431957
21.56, 431957
21.57, 431957
21.58, 431957
21.59, 431957
21.6, 431957
21.61, 431957
21.62, 431957
21.63, 431957
21.64, 431957
21.65, 431957
21.66, 431957
21.67, 431957
21.68, 431957
21.69, 431957
21.7, 431957
21.71, 431957
21.72, 431957
21.73, 431957
21.74, 431957
21.75, 431957
21.76, 431957
21.77, 431957
21.78, 431957
21.79, 431957
21.8, 431957
21.81, 431957
21.82, 431957
21.83, 431957
21.84, 431957
21.85, 431957
21.86, 431957
21.87, 431957
21.88, 431957
21.89, 431957
21.9, 431957
21.91, 431957
21.92, 431957
21.93, 431957
21.94, 431957
21.95, 431957
21.96, 431957
21.97, 431957
21.98, 431957
21.99, 431957
22.0, 431957
22.01, 431957
22.02, 431957
22.03, 431957
22.04, 431957
22.05, 431957
22.06, 431957
22.07, 431957
22.08, 431957
22.09, 431957
22.1, 431957
22.11, 431957
22.12, 431957
22.13, 431957
22.14, 431957
22.15, 431957
22.16, 431957
22.17, 431957
22.18, 431957
22.19, 431957
22.2, 431957
22.21, 431957
22.22, 431957
22.23, 431957
22.24, 431957
22.25, 431957
22.26, 431957
22.27, 431957
22.28, 431957
22.29, 431957
22.3, 431957
22.31, 431957
22.32, 431957
22.33, 431957
22.34, 431957
22.35, 431957
22.36, 431957
22.37, 431957
22.38, 431957
22.39, 431957
22.4, 431957
22.41, 431957
22.42, 431957
22.43, 431957
22.44, 431957
22.45, 431957
22.46, 431957
22.47, 431957
22.48, 431957
22.49, 431957
22.5, 431957
22.51, 431957
22.52, 431957
22.53, 431957
22.54, 431957
22.55, 431957
22.56, 431957
22.57, 431957
22.58, 431957
22.59, 431957
22.6, 431957
22.61, 431957
22.62, 431957
22.63, 431957
22.64, 431957
22.65, 431957
22.66, 431957
22.67, 431957
22.68, 431957
22.69, 431957
22.7, 431957
22.71, 431957
22.72, 431957
22.73, 431957
22.74, 431957
22.75, 431957
22.76, 431957
22.77, 431957
22.78, 431957
22.79, 431957
22.8, 431957
22.81, 431957
22.82, 431957
22.83, 431957
22.84, 431957
22.85, 431957
22.86, 431957
22.87, 431957
22.88, 431957
22.89, 431957
22.9, 431957
22.91, 431957
22.92, 431957
22.93, 431957
22.94, 431957
22.95, 431957
22.96, 431957
22.97, 431957
22.98, 431957
22.99, 431957
23.0, 431957
23.01, 431957
23.02, 431957
23.03, 431957
23.04, 431957
23.05, 431957
23.06, 431957
23.07, 431957
23.08, 431957
23.09, 431957
23.1, 431957
23.11, 431957
23.12, 431957
23.13, 431957
23.14, 431957
23.15, 431957
23.16, 431957
23.17, 431957
23.18, 431957
23.19, 431957
23.2, 431957
23.21, 431957
23.22, 431957
23.23, 431957
23.24, 431957
23.25, 431957
23.26, 431957
23.27, 431957
23.28, 431957
23.29, 431957
23.3, 431957
23.31, 431957
23.32, 431957
23.33, 431957
23.34, 431957
23.35, 431957
23.36, 431957
23.37, 431957
23.38, 431957
23.39, 431957
23.4, 431957
23.41, 431957
23.42, 431957
23.43, 431957
23.44, 431957
23.45, 431957
23.46, 431957
23.47, 431957
23.48, 431957
23.49, 431957
23.5, 431957
23.51, 431957
23.52, 431957
23.53, 431957
23.54, 431957
23.55, 431957
23.56, 431957
23.57, 431957
23.58, 431957
23.59, 431957
23.6, 431957
23.61, 431957
23.62, 431957
23.63, 431957
23.64, 431957
23.65, 431957
23.66, 431957
23.67, 431957
23.68, 431957
23.69, 431957
23.7, 431957
23.71, 431957
23.72, 431957
23.73, 431957
23.74, 431957
23.75, 431957
23.76, 431957
23.77, 431957
23.78, 431957
23.79, 431957
23.8, 431957
23.81, 431957
23.82, 431957
23.83, 431957
23.84, 431957
23.85, 431957
23.86, 431957
23.87, 431957
23.88, 431957
23.89, 431957
23.9, 431957
23.91, 431957
23.92, 431957
23.93, 431957
23.94, 431957
23.95, 431957
23.96, 431957
23.97, 431957
23.98, 431957
23.99, 431957
24.0, 431957
24.01, 431957
24.02, 431957
24.03, 431957
24.04, 431957
24.05, 431957
24.06, 431957
24.07, 431957
24.08, 431957
24.09, 431957
24.1, 431957
24.11, 431957
24.12, 431957
24.13, 431957
24.14, 431957
24.15, 431957
24.16, 431957
24.17, 431957
24.18, 431957
24.19, 431957
24.2, 431957
24.21, 431957
24.22, 431957
24.23, 431957
24.24, 431957
24.25, 431957
24.26, 431957
24.27, 431957
24.28, 431957
24.29, 431957
24.3, 431957
24.31, 431957
24.32, 431957
24.33, 431957
24.34, 431957
24.35, 431957
24.36, 431957
24.37, 431957
24.38, 431957
24.39, 431957
24.4, 431957
24.41, 431957
24.42, 431957
24.43, 431957
24.44, 431957
24.45, 431957
24.46, 431957
24.47, 431957
24.48, 431957
24.49, 431957
24.5, 431957
24.51, 431957
24.52, 431957
24.53, 431957
24.54, 431957
24.55, 431957
24.56, 431957
24.57, 431957
24.58, 431957
24.59, 431957
24.6, 431957
24.61, 431957
24.62, 431957
24.63, 431957
24.64, 431957
24.65, 431957
24.66, 431957
24.67, 431957
24.68, 431957
24.69, 431957
24.7, 431957
24.71, 426907
24.72, 426907
24.73, 426907
24.74, 426907
24.75, 426907
24.76, 426907
24.77, 426907
24.78, 426907
24.79, 426907
24.8, 426907
24.81, 426907
24.82, 426907
24.83, 426907
24.84, 426907
24.85, 426907
24.86, 426907
24.87, 426907
24.88, 426907
24.89, 426907
24.9, 426907
24.91, 426907
24.92, 426907
24.93, 426907
24.94, 426907
24.95, 426907
24.96, 426907
24.97, 426907
24.98, 426907
24.99, 426907
25.0, 426907
25.01, 426907
25.02, 426907
25.03, 426907
25.04, 426907
25.05, 426907
25.06, 426907
25.07, 426907
25.08, 426907
25.09, 426907
25.1, 426907
25.11, 426907
25.12, 426907
25.13, 426907
25.14, 426907
25.15, 426907
25.16, 426907
25.17, 426907
25.18, 426907
25.19, 426907
25.2, 426907
25.21, 426907
25.22, 426907
25.23, 426907
25.24, 426907
25.25, 426907
25.26, 426907
25.27, 426907
25.28, 426907
25.29, 426907
25.3, 426907
25.31, 426907
25.32, 426907
25.33, 426907
25.34, 426907
25.35, 426907
25.36, 426907
25.37, 426907
25.38, 426907
25.39, 426907
25.4, 426907
25.41, 426907
25.42, 426907
25.43, 426907
25.44, 426907
25.45, 426907
25.46, 426907
25.47, 426907
25.48, 426907
25.49, 426907
25.5, 426907
25.51, 426907
25.52, 426907
25.53, 426907
25.54, 426907
25.55, 426907
25.56, 426907
25.57, 426907
25.58, 426907
25.59, 426907
25.6, 426907
25.61, 426907
25.62, 426907
25.63, 426907
25.64, 426907
25.65, 426907
25.66, 426907
25.67, 426907
25.68, 426907
25.69, 426907
25.7, 426907
25.71, 426907
25.72, 426907
25.73, 426907
25.74, 426907
25.75, 426907
25.76, 426907
25.77, 426907
25.78, 426907
25.79, 426907
25.8, 426907
25.81, 426907
25.82, 426907
25.83, 426907
25.84, 426907
25.85, 426907
25.86, 426907
25.87, 426907
25.88, 426907
25.89, 426907
25.9, 426907
25.91, 426907
25.92, 426907
25.93, 426907
25.94, 426907
25.95, 426907
25.96, 426907
25.97, 426907
25.98, 426907
25.99, 426907
26.0, 426907
26.01, 426907
26.02, 426907
26.03, 426907
26.04, 426907
26.05, 426907
26.06, 426907
26.07, 426907
26.08, 426907
26.09, 426907
26.1, 426907
26.11, 426907
26.12, 426907
26.13, 426907
26.14, 426907
26.15, 426907
26.16, 426907
26.17, 426907
26.18, 426907
26.19, 426907
26.2, 426907
26.22, 426907
26.23, 426907
26.24, 426907
26.25, 426907
26.26, 426907
26.27, 426907
26.28, 426907
26.29, 426907
26.3, 426907
26.31, 426907
26.32, 426907
26.33, 426907
26.34, 426907
26.35, 426907
26.36, 426907
26.37, 426907
26.38, 426907
26.39, 426907
26.4, 426907
26.41, 426907
26.42, 426907
26.43, 426907
26.44, 426907
26.45, 426907
26.46, 426907
26.47, 426907
26.48, 426907
26.49, 426907
26.5, 426907
26.51, 426907
26.52, 426907
26.53, 426907
26.54, 426907
26.55, 426907
26.56, 426907
26.57, 426907
26.58, 426907
26.59, 426907
26.6, 426907
26.61, 426907
26.62, 426907
26.63, 426907
26.64, 426907
26.65, 426907
26.66, 426907
26.67, 426907
26.68, 426907
26.69, 426907
26.7, 426907
26.71, 426907
26.72, 426907
26.73, 426907
26.74, 426907
26.75, 426907
26.76, 426907
26.77, 426907
26.78, 426907
26.79, 426907
26.8, 426907
26.81, 426907
26.82, 426907
26.83, 426907
26.84, 426907
26.85, 426907
26.86, 426907
26.87, 426907
26.88, 426907
26.89, 426907
26.9, 426907
26.91, 426907
26.92, 426907
26.93, 426907
26.94, 426907
26.95, 426907
26.96, 426907
26.97, 426907
26.98, 426907
26.99, 426907
27.0, 426907
27.01, 426907
27.02, 426907
27.03, 426907
27.04, 426907
27.05, 426907
27.06, 426907
27.07, 426907
27.08, 426907
27.09, 426907
27.1, 426907
27.11, 426907
27.12, 426907
27.13, 426907
27.14, 426907
27.15, 426907
27.16, 426907
27.17, 426907
27.18, 426907
27.19, 426907
27.2, 426907
27.21, 426907
27.22, 426907
27.23, 426907
27.24, 426907
27.25, 426907
27.26, 426907
27.27, 426907
27.28, 426907
27.29, 426907
27.3, 426907
27.31, 426907
27.32, 426907
27.33, 426907
27.34, 426907
27.35, 426907
27.36, 426907
27.37, 426907
27.38, 426907
27.39, 426907
27.4, 426907
27.41, 426907
27.42, 426907
27.43, 426907
27.44, 426907
27.45, 426907
27.46, 426907
27.47, 426907
27.48, 426907
27.49, 426907
27.5, 426907
27.51, 426907
27.52, 426907
27.53, 426907
27.54, 426907
27.55, 426907
27.56, 426907
27.57, 426907
27.58, 426907
27.59, 426907
27.6, 426907
27.61, 426907
27.62, 426907
27.63, 426907
27.64, 426907
27.65, 426907
27.66, 426907
27.67, 426907
27.68, 426907
27.69, 426907
27.7, 426907
27.71, 426907
27.72, 426907
27.73, 426907
27.74, 426907
27.75, 426907
27.76, 426907
27.77, 426907
27.78, 426907
27.79, 426907
27.8, 426907
27.81, 426907
27.82, 426907
27.83, 426907
27.84, 426907
27.85, 426907
27.86, 426907
27.87, 426907
27.88, 426907
27.89, 426907
27.9, 426907
27.91, 426907
27.92, 426907
27.93, 426907
27.94, 426907
27.95, 426907
27.96, 426907
27.97, 426907
27.98, 426907
27.99, 426907
28.0, 426907
28.01, 426907
28.02, 426907
28.03, 426907
28.04, 426907
28.05, 426907
28.06, 426907
28.07, 426907
28.08, 426907
28.09, 426907
28.1, 426907
28.11, 426907
28.12, 426907
28.13, 426907
28.14, 426907
28.15, 426907
28.16, 426907
28.17, 426907
28.18, 426907
28.19, 426907
28.2, 426907
28.21, 426907
28.22, 426907
28.23, 426907
28.24, 426907
28.25, 426907
28.26, 426907
28.27, 426907
28.28, 426907
28.29, 426907
28.3, 426907
28.31, 426907
28.32, 426907
28.33, 426907
28.34, 426907
28.35, 426907
28.36, 426907
28.37, 426907
28.38, 426907
28.39, 426907
28.4, 426907
28.41, 426907
28.42, 426907
28.43, 426907
28.44, 426907
28.45, 426907
28.46, 426907
28.47, 426907
28.48, 426907
28.49, 426907
28.5, 426907
28.51, 426907
28.52, 426907
28.53, 426907
28.54, 426907
28.55, 426907
28.56, 426907
28.57, 426907
28.58, 426907
28.59, 426907
28.6, 426907
28.61, 426907
28.62, 426907
28.63, 426907
28.64, 426907
28.65, 426907
28.66, 426907
28.67, 426907
28.68, 426907
28.69, 426907
28.7, 426907
28.71, 426907
28.72, 426907
28.73, 426907
28.74, 426907
28.75, 426907
28.76, 426907
28.77, 426907
28.78, 426907
28.79, 426907
28.8, 426907
28.81, 426907
28.82, 426907
28.83, 426907
28.84, 426907
28.85, 426907
28.86, 426907
28.87, 426907
28.88, 426907
28.89, 426907
28.9, 426907
28.91, 426907
28.92, 426907
28.93, 426907
28.94, 426907
28.95, 426907
28.96, 426907
28.97, 426907
28.98, 426907
28.99, 426907
29.0, 426907
29.01, 426907
29.02, 426907
29.03, 426907
29.04, 426907
29.05, 426907
29.06, 426907
29.07, 426907
29.08, 426907
29.09, 426907
29.1, 426907
29.11, 426907
29.12, 426907
29.13, 426907
29.14, 426907
29.15, 426907
29.16, 426907
29.17, 426907
29.18, 426907
29.19, 426907
29.2, 426907
29.21, 426907
29.22, 426907
29.23, 426907
29.24, 426907
29.25, 426907
29.26, 426907
29.27, 426907
29.28, 426907
29.29, 426907
29.3, 426907
29.31, 426907
29.32, 426907
29.33, 426907
29.34, 426907
29.35, 426907
29.36, 426907
29.37, 426907
29.38, 426907
29.39, 426907
29.4, 426907
29.41, 426907
29.42, 426907
29.43, 426907
29.44, 426907
29.45, 426907
29.46, 426907
29.47, 426907
29.48, 426907
29.49, 426907
29.5, 426907
29.51, 426907
29.52, 426907
29.53, 426907
29.54, 426907
29.55, 426907
29.56, 426907
29.57, 426907
29.58, 426907
29.59, 426907
29.6, 426907
29.61, 426907
29.62, 426907
29.63, 426907
29.64, 426907
29.65, 426907
29.66, 426907
29.67, 426907
29.68, 426907
29.69, 426907
29.7, 426907
29.71, 426907
29.72, 426907
29.73, 426907
29.74, 426907
29.75, 426907
29.76, 426907
29.77, 426907
29.78, 426907
29.79, 426907
29.8, 426907
29.81, 426907
29.82, 426907
29.83, 426907
29.84, 426907
29.85, 426907
29.86, 426907
29.87, 426907
29.88, 426907
29.89, 426907
29.9, 426907
29.91, 426907
29.92, 426907
29.93, 426907
29.94, 426907
29.95, 426907
29.96, 426907
29.97, 426907
29.98, 426907
29.99, 426907
30.0, 426907
30.01, 426907
30.02, 426907
30.03, 426907
30.04, 426907
30.05, 426907
30.06, 426907
30.07, 426907
30.08, 426907
30.09, 426907
30.1, 426907
30.11, 426907
30.12, 426907
30.13, 426907
30.14, 426907
30.15, 426907
30.16, 426907
30.17, 426907
30.18, 426907
30.19, 426907
30.2, 426907
30.21, 426907
30.22, 426907
30.23, 426907
30.24, 426907
30.25, 426907
30.26, 426907
30.27, 426907
30.28, 426907
30.29, 426907
30.3, 426907
30.31, 426907
30.32, 426907
30.33, 426907
30.34, 426907
30.35, 426907
30.36, 426907
30.37, 426907
30.38, 426907
30.39, 426907
30.4, 426907
30.41, 426907
30.42, 426907
30.43, 426907
30.44, 426907
30.45, 426907
30.46, 426907
30.47, 426907
30.48, 426907
30.49, 426907
30.5, 426907
30.51, 426907
30.52, 426907
30.53, 426907
30.54, 426907
30.55, 426907
30.56, 426907
30.57, 426907
30.58, 426907
30.59, 426907
30.6, 426907
30.61, 426907
30.62, 426907
30.63, 426907
30.64, 426907
30.65, 426907
30.66, 426907
30.67, 426907
30.68, 426907
30.69, 426907
30.7, 426907
30.71, 426907
30.72, 426907
30.73, 426907
30.74, 426907
30.75, 426907
30.76, 426907
30.77, 426907
30.78, 426907
30.79, 426907
30.8, 426907
30.81, 426907
30.82, 426907
30.83, 426907
30.84, 426907
30.85, 426907
30.86, 426907
30.87, 426907
30.88, 426907
30.89, 426907
30.9, 426907
30.91, 426907
30.92, 426907
30.93, 426907
30.94, 426907
30.95, 426907
30.96, 426907
30.97, 426907
30.98, 426907
30.99, 426907
31.0, 426907
31.01, 426907
31.02, 426907
31.03, 426907
31.04, 426907
31.05, 426907
31.06, 426907
31.07, 426907
31.08, 426907
31.09, 426907
31.1, 426907
31.11, 426907
31.12, 426907
31.13, 426907
31.14, 426907
31.15, 426907
31.16, 426907
31.17, 426907
31.18, 426907
31.19, 426907
31.2, 426907
31.21, 426907
31.22, 426907
31.23, 426907
31.24, 426907
31.25, 426907
31.26, 426907
31.27, 426907
31.28, 426907
31.29, 426907
31.3, 426907
31.31, 426907
31.32, 426907
31.33, 426907
31.34, 426907
31.35, 426907
31.36, 426907
31.37, 426907
31.38, 426907
31.39, 426907
31.4, 426907
31.41, 426907
31.42, 426907
31.43, 426907
31.44, 426907
31.45, 426907
31.46, 426907
31.47, 426907
31.48, 426907
31.49, 426907
31.5, 426907
31.51, 426907
31.52, 426907
31.53, 426907
31.54, 426907
31.55, 426907
31.56, 426907
31.57, 426907
31.58, 426907
31.59, 426907
31.6, 426907
31.61, 426907
31.62, 426907
31.63, 426907
31.64, 426907
31.65, 426907
31.66, 426907
31.67, 426907
31.68, 426907
31.69, 426907
31.7, 426907
31.71, 426907
31.72, 426907
31.73, 426907
31.74, 426907
31.75, 426907
31.76, 426907
31.77, 426907
31.78, 426907
31.79, 426907
31.8, 426907
31.81, 426907
31.82, 426907
31.83, 426907
31.84, 426907
31.85, 426907
31.86, 426907
31.87, 426907
31.88, 426907
31.89, 426907
31.9, 426907
31.91, 426907
31.92, 426907
31.93, 426907
31.94, 426907
31.95, 426907
31.96, 426907
31.97, 426907
31.98, 426907
31.99, 426907
32.0, 426907
32.01, 426907
32.02, 426907
32.03, 426907
32.04, 426907
32.05, 426907
32.06, 426907
32.07, 426907
32.08, 426907
32.09, 426907
32.1, 426907
32.11, 426907
32.12, 426907
32.13, 426907
32.14, 426907
32.15, 426907
32.16, 426907
32.17, 426907
32.18, 426907
32.19, 426907
32.2, 426907
32.21, 426907
32.22, 426907
32.23, 426907
32.24, 426907
32.25, 426907
32.26, 426907
32.27, 426907
32.28, 426907
32.29, 426907
32.3, 426907
32.31, 426907
32.32, 426907
32.33, 426907
32.34, 426907
32.35, 426907
32.36, 426907
32.37, 426907
32.38, 426907
32.39, 426907
32.4, 426907
32.41, 426907
32.42, 426907
32.43, 426907
32.44, 426907
32.45, 426907
32.46, 426907
32.47, 426907
32.48, 426907
32.49, 426907
32.5, 426907
32.51, 426907
32.52, 426907
32.53, 426907
32.54, 426907
32.55, 426907
32.56, 426907
32.57, 426907
32.58, 426907
32.59, 426907
32.6, 426907
32.61, 426907
32.62, 426907
32.63, 426907
32.64, 426907
32.65, 426907
32.66, 426907
32.67, 426907
32.68, 426907
32.69, 426907
32.7, 426907
32.71, 426907
32.72, 426907
32.73, 426907
32.74, 426907
32.75, 426907
32.76, 426907
32.77, 426907
32.78, 426907
32.79, 426907
32.8, 426907
32.81, 426907
32.82, 426907
32.83, 426907
32.84, 426907
32.85, 426907
32.86, 426907
32.87, 426907
32.88, 426907
32.89, 426907
32.92, 426907
32.93, 426907
32.94, 426907
32.95, 426907
32.96, 426907
32.97, 426907
32.98, 426907
32.99, 426907
33.0, 426907
33.01, 426907
33.02, 426907
33.03, 426907
33.04, 426907
33.05, 426907
33.06, 426907
33.07, 426907
33.08, 426907
33.09, 426907
33.1, 426907
33.11, 426907
33.12, 426907
33.13, 426907
33.14, 426907
33.15, 426907
33.16, 426907
33.17, 426907
33.18, 426907
33.19, 426907
33.2, 426907
33.21, 426907
33.22, 426907
33.23, 426907
33.24, 426907
33.25, 426907
33.26, 426907
33.27, 426907
33.28, 426907
33.29, 426907
33.3, 426907
33.31, 426907
33.32, 426907
33.33, 426907
33.34, 426907
33.35, 426907
33.36, 426907
33.37, 426907
33.38, 426907
33.39, 426907
33.4, 426907
33.41, 426907
33.42, 426907
33.43, 426907
33.44, 426907
33.45, 426907
33.46, 426907
33.47, 426907
33.48, 426907
33.49, 426907
33.5, 426907
33.51, 426907
33.52, 426907
33.53, 426907
33.54, 426907
33.55, 426907
33.56, 426907
33.57, 426907
33.58, 426907
33.59, 426907
33.6, 426907
33.61, 426907
33.62, 426907
33.63, 426907
33.64, 426907
33.65, 426907
33.66, 426907
33.67, 426907
33.68, 426907
33.69, 426907
33.7, 426907
33.71, 426907
33.72, 426907
33.73, 426907
33.74, 426907
33.75, 426907
33.76, 426907
33.77, 426907
33.78, 426907
33.79, 426907
33.8, 426907
33.81, 426907
33.82, 426907
33.83, 426907
33.84, 426907
33.85, 426907
33.86, 426907
33.87, 426907
33.88, 426907
33.89, 426907
33.9, 426907
33.91, 426907
33.92, 426907
33.93, 426907
33.94, 426907
33.95, 426907
33.96, 426907
33.97, 426907
33.98, 426907
33.99, 426907
34.0, 426907
34.01, 426907
34.02, 426907
34.03, 426907
34.04, 426907
34.05, 426907
34.06, 426907
34.07, 426907
34.08, 426907
34.09, 426907
34.1, 426907
34.11, 426907
34.12, 426907
34.13, 426907
34.14, 426907
34.15, 426907
34.16, 426907
34.17, 426907
34.18, 426907
34.19, 426907
34.2, 426907
34.21, 426907
34.22, 426907
34.23, 426907
34.24, 426907
34.25, 426907
34.26, 426907
34.27, 426907
34.28, 426907
34.29, 426907
34.3, 426907
34.31, 426907
34.32, 426907
34.33, 426907
34.34, 426907
34.35, 426907
34.36, 426907
34.37, 426907
34.38, 426907
34.39, 426907
34.4, 426907
34.41, 426907
34.42, 426907
34.43, 426907
34.44, 426907
34.45, 426907
34.46, 426907
34.47, 426907
34.48, 426907
34.49, 426907
34.5, 426907
34.51, 426907
34.52, 426907
34.53, 426907
34.54, 426907
34.55, 426907
34.56, 426907
34.57, 426907
34.58, 426907
34.59, 426907
34.6, 426907
34.61, 426907
34.62, 426907
34.63, 426907
34.64, 426907
34.65, 426907
34.66, 426907
34.67, 426907
34.68, 426907
34.69, 426907
34.7, 426907
34.71, 426907
34.72, 426907
34.73, 426907
34.74, 426907
34.75, 426907
34.76, 426907
34.77, 426907
34.78, 426907
34.79, 426907
34.8, 426907
34.81, 426907
34.82, 426907
34.83, 426907
34.84, 426907
34.85, 426907
34.86, 426907
34.87, 426907
34.88, 426907
34.89, 426907
34.9, 426907
34.91, 426907
34.92, 426907
34.93, 426907
34.94, 426907
34.95, 426907
34.96, 426907
34.97, 426907
34.98, 426907
34.99, 426907
35.0, 426907
35.01, 426907
35.02, 426907
35.03, 426907
35.04, 426907
35.05, 426907
35.06, 426907
35.07, 426907
35.08, 426907
35.09, 426907
35.1, 426907
35.11, 426907
35.12, 426907
35.13, 426907
35.14, 426907
35.15, 426907
35.16, 426907
35.17, 426907
35.18, 426907
35.19, 426907
35.2, 426907
35.21, 426907
35.22, 426907
35.23, 426907
35.24, 426907
35.25, 426907
35.26, 426907
35.27, 426907
35.28, 426907
35.29, 426907
35.3, 426907
35.31, 426907
35.32, 426907
35.33, 426907
35.34, 426907
35.35, 426907
35.36, 426907
35.37, 426907
35.38, 426907
35.39, 426907
35.4, 426907
35.41, 426907
35.42, 426907
35.43, 426907
35.44, 426907
35.45, 426907
35.46, 426907
35.47, 426907
35.48, 426907
35.49, 426907
35.5, 426907
35.51, 426907
35.52, 426907
35.53, 426907
35.54, 426907
35.55, 426907
35.56, 426907
35.57, 426907
35.58, 426907
35.59, 426907
35.6, 426907
35.61, 426907
35.62, 426907
35.63, 426907
35.64, 426907
35.65, 426907
35.66, 426907
35.67, 426907
35.68, 426907
35.69, 426907
35.7, 426907
35.71, 426907
35.72, 426907
35.73, 426907
35.74, 426907
35.75, 426907
35.76, 426907
35.77, 426907
35.78, 426907
35.79, 426907
35.8, 426907
35.81, 426907
35.82, 426907
35.83, 426907
35.84, 426907
35.85, 426907
35.86, 426907
35.87, 426907
35.88, 426907
35.89, 426907
35.9, 426907
35.91, 426907
35.92, 426907
35.93, 426907
35.94, 426907
35.95, 426907
35.96, 426907
35.97, 426907
35.98, 426907
35.99, 426907
36.0, 426907
36.01, 426907
36.02, 426907
36.03, 426907
36.04, 426907
36.05, 426907
36.06, 426907
36.07, 426907
36.08, 426907
36.09, 426907
36.1, 426907
36.11, 426907
36.12, 426907
36.13, 426907
36.14, 426907
36.15, 426907
36.16, 426907
36.17, 426907
36.18, 426907
36.19, 426907
36.2, 426907
36.21, 426907
36.22, 426907
36.23, 426907
36.24, 426907
36.25, 426907
36.26, 426907
36.27, 426907
36.28, 426907
36.29, 426907
36.3, 426907
36.31, 426907
36.32, 426907
36.33, 426907
36.34, 426907
36.35, 426907
36.36, 426907
36.37, 426907
36.38, 426907
36.39, 426907
36.4, 426907
36.41, 426907
36.42, 426907
36.43, 426907
36.44, 426907
36.45, 426907
36.46, 426907
36.47, 426907
36.48, 426907
36.49, 426907
36.5, 426907
36.51, 426907
36.52, 426907
36.53, 426907
36.54, 426907
36.55, 426907
36.56, 426907
36.57, 426907
36.58, 426907
36.59, 426907
36.6, 426907
36.61, 426907
36.62, 426907
36.63, 426907
36.64, 426907
36.65, 426907
36.66, 426907
36.67, 426907
36.68, 426907
36.69, 426907
36.7, 426907
36.71, 426907
36.72, 426907
36.73, 426907
36.74, 426907
36.75, 426907
36.76, 426907
36.77, 426907
36.78, 426907
36.79, 426907
36.8, 426907
36.81, 426907
36.82, 426907
36.83, 426907
36.84, 426907
36.85, 426907
36.86, 426907
36.87, 426907
36.88, 426907
36.89, 426907
36.9, 426907
36.91, 426907
36.92, 426907
36.93, 426907
36.94, 426907
36.95, 426907
36.96, 426907
36.97, 426907
36.98, 426907
36.99, 426907
37.0, 426907
37.01, 426907
37.02, 426907
37.03, 426907
37.04, 426907
37.05, 426907
37.06, 426907
37.07, 426907
37.08, 426907
37.09, 426907
37.1, 426907
37.11, 426907
37.12, 426907
37.13, 426907
37.14, 426907
37.15, 426907
37.16, 426907
37.17, 426907
37.18, 426907
37.19, 426907
37.2, 426907
37.21, 426907
37.22, 426907
37.23, 426907
37.24, 426907
37.25, 426907
37.26, 426907
37.27, 426907
37.28, 426907
37.29, 426907
37.3, 426907
37.31, 426907
37.32, 426907
37.33, 426907
37.34, 426907
37.35, 426907
37.36, 426907
37.37, 426907
37.38, 426907
37.39, 426907
37.4, 426907
37.41, 426907
37.42, 426907
37.43, 426907
37.44, 426907
37.45, 426907
37.46, 426907
37.47, 426907
37.48, 426907
37.49, 426907
37.5, 426907
37.51, 426907
37.52, 426907
37.53, 426907
37.54, 426907
37.55, 426907
37.56, 426907
37.57, 426907
37.58, 426907
37.59, 426907
37.6, 426907
37.61, 426907
37.62, 426907
37.63, 426907
37.64, 426907
37.65, 426907
37.66, 426907
37.67, 426907
37.68, 426907
37.69, 426907
37.7, 426907
37.71, 426907
37.72, 426907
37.73, 426907
37.74, 426907
37.75, 426907
37.76, 426907
37.77, 426907
37.78, 426907
37.79, 426907
37.8, 426907
37.81, 426907
37.82, 426907
37.83, 426907
37.84, 426907
37.85, 426907
37.86, 426907
37.87, 426907
37.88, 426907
37.89, 426907
37.9, 426907
37.91, 426907
37.92, 426907
37.93, 426907
37.94, 426907
37.95, 426907
37.96, 426907
37.97, 426907
37.98, 426907
37.99, 426907
38.0, 426907
38.01, 426907
38.02, 426907
38.03, 426907
38.04, 426907
38.05, 426907
38.06, 426907
38.07, 426907
38.08, 426907
38.09, 426907
38.1, 426907
38.11, 426907
38.12, 426907
38.13, 426907
38.14, 426907
38.15, 426907
38.16, 426907
38.17, 426907
38.18, 426907
38.19, 426907
38.2, 426907
38.21, 426907
38.22, 426907
38.23, 426907
38.24, 426907
38.25, 426907
38.26, 426907
38.27, 426907
38.28, 426907
38.29, 426907
38.3, 426907
38.31, 426907
38.32, 426907
38.33, 426907
38.34, 426907
38.35, 426907
38.36, 426907
38.37, 426907
38.38, 426907
38.39, 426907
38.4, 426907
38.41, 426907
38.42, 426907
38.43, 426907
38.44, 426907
38.45, 426907
38.46, 426907
38.47, 426907
38.48, 426907
38.49, 426907
38.5, 426907
38.51, 426907
38.52, 426907
38.53, 426907
38.54, 426907
38.55, 426907
38.56, 426907
38.57, 426907
38.58, 426907
38.59, 426907
38.6, 426907
38.61, 426907
38.62, 426907
38.63, 426907
38.64, 426907
38.65, 426907
38.66, 426907
38.67, 426907
38.68, 426907
38.69, 426907
38.7, 426907
38.71, 426907
38.72, 426907
38.73, 426907
38.74, 426907
38.75, 426907
38.76, 426907
38.77, 426907
38.78, 426907
38.79, 426907
38.8, 426907
38.81, 426907
38.82, 426907
38.83, 426907
38.84, 426907
38.85, 426907
38.86, 426907
38.87, 426907
38.88, 426907
38.89, 426907
38.9, 426907
38.91, 426907
38.92, 426907
38.93, 426907
38.94, 426907
38.95, 426907
38.96, 426907
38.97, 426907
38.98, 426907
38.99, 426907
39.0, 426907
39.01, 426907
39.02, 426907
39.03, 426907
39.04, 426907
39.05, 426907
39.06, 426907
39.07, 426907
39.08, 426907
39.09, 426907
39.1, 426907
39.11, 426907
39.12, 426907
39.13, 426907
39.14, 426907
39.15, 426907
39.16, 426907
39.17, 426907
39.18, 426907
39.19, 426907
39.2, 426907
39.21, 426907
39.22, 426907
39.23, 426907
39.24, 426907
39.25, 426907
39.26, 426907
39.27, 426907
39.28, 426907
39.29, 426907
39.3, 426907
39.31, 426907
39.32, 426907
39.33, 426907
39.34, 426907
39.35, 426907
39.36, 426907
39.37, 426907
39.38, 426907
39.39, 426907
39.4, 426907
39.41, 426907
39.42, 426907
39.43, 426907
39.44, 426907
39.45, 426907
39.46, 426907
39.47, 426907
39.48, 426907
39.49, 426907
39.5, 426907
39.51, 426907
39.52, 426907
39.53, 426907
39.54, 426907
39.55, 426907
39.56, 426907
39.57, 426907
39.58, 426907
39.59, 426907
39.6, 426907
39.61, 426907
39.62, 426907
39.63, 426907
39.64, 426907
39.65, 426907
39.66, 426907
39.67, 426907
39.68, 426907
39.69, 426907
39.7, 426907
39.71, 426907
39.72, 426907
39.73, 426907
39.74, 426907
39.75, 426907
39.76, 426907
39.77, 426907
39.78, 426907
39.79, 426907
39.8, 426907
39.81, 426907
39.82, 426907
39.83, 426907
39.84, 426907
39.85, 426907
39.86, 426907
39.87, 426907
39.88, 426907
39.89, 426907
39.9, 426907
39.91, 426907
39.92, 426907
39.93, 426907
39.94, 426907
39.95, 426907
39.96, 426907
39.97, 426907
39.98, 426907
39.99, 426907
40.0, 426907
40.01, 426907
40.02, 426907
40.03, 426907
40.04, 426907
40.05, 426907
40.06, 426907
40.07, 426907
40.08, 426907
40.09, 426907
40.1, 426907
40.11, 426907
40.12, 426907
40.13, 426907
40.14, 426907
40.15, 426907
40.16, 426907
40.17, 426907
40.18, 426907
40.19, 426907
40.2, 426907
40.21, 426907
40.22, 426907
40.23, 426907
40.24, 426907
40.25, 426907
40.26, 426907
40.27, 426907
40.28, 426907
40.29, 426907
40.3, 426907
40.31, 426907
40.32, 426907
40.33, 426907
40.34, 426907
40.35, 426907
40.36, 426907
40.37, 426907
40.38, 426907
40.39, 426907
40.4, 426907
40.41, 426907
40.42, 426907
40.43, 426907
40.44, 426907
40.45, 426907
40.46, 426907
40.47, 426907
40.48, 426907
40.49, 426907
40.5, 426907
40.51, 426907
40.52, 426907
40.53, 426907
40.54, 426907
40.55, 426907
40.56, 426907
40.57, 426907
40.58, 426907
40.59, 426907
40.6, 426907
40.61, 426907
40.62, 426907
40.63, 426907
40.64, 426907
40.65, 426907
40.66, 426907
40.67, 426907
40.68, 426907
40.69, 426907
40.7, 426907
40.71, 426907
40.72, 426907
40.73, 426907
40.74, 426907
40.75, 426907
40.76, 426907
40.77, 426907
40.78, 426907
40.79, 426907
40.8, 426907
40.81, 426907
40.82, 426907
40.83, 426907
40.84, 426907
40.85, 426907
40.86, 426907
40.87, 426907
40.88, 426907
40.89, 426907
40.9, 426907
40.91, 426907
40.92, 426907
40.93, 426907
40.94, 426907
40.95, 426907
40.96, 426907
40.97, 426907
40.98, 426907
40.99, 426907
41.0, 426907
41.01, 426907
41.02, 426907
41.03, 426907
41.04, 426907
41.05, 426907
41.06, 426907
41.07, 426907
41.08, 426907
41.09, 426907
41.1, 426907
41.11, 426907
41.12, 426907
41.13, 426907
41.14, 426907
41.15, 426907
41.16, 426907
41.17, 426907
41.18, 426907
41.19, 426907
41.2, 426907
41.21, 426907
41.22, 426907
41.23, 426907
41.24, 426907
41.25, 426907
41.26, 426907
41.27, 426907
41.28, 426907
41.29, 426907
41.3, 426907
41.31, 426907
41.32, 426907
41.33, 426907
41.34, 426907
41.35, 426907
41.36, 426907
41.37, 426907
41.38, 426907
41.39, 426907
41.4, 426907
41.41, 426907
41.42, 426907
41.43, 426907
41.44, 426907
41.45, 426907
41.46, 426907
41.47, 426907
41.48, 426907
41.49, 426907
41.5, 426907
41.51, 426907
41.52, 426907
41.53, 426907
41.54, 426907
41.55, 426907
41.56, 426907
41.57, 426907
41.58, 426907
41.59, 426907
41.6, 426907
41.61, 426907
41.62, 426907
41.63, 426907
41.64, 426907
41.65, 426907
41.66, 426907
41.67, 426907
41.68, 426907
41.69, 426907
41.7, 426907
41.71, 426907
41.72, 426907
41.73, 426907
41.74, 426907
41.75, 426907
41.76, 426907
41.77, 426907
41.78, 426907
41.79, 426907
41.8, 426907
41.81, 426907
41.82, 426907
41.83, 426907
41.84, 426907
41.85, 426907
41.86, 426907
41.87, 426907
41.88, 426907
41.89, 426907
41.9, 426907
41.91, 426907
41.92, 426907
41.93, 426907
41.94, 426907
41.95, 426907
41.96, 426907
41.97, 426907
41.98, 426907
41.99, 426907
42.0, 426907
42.01, 426907
42.02, 426907
42.03, 426907
42.04, 426907
42.05, 426907
42.06, 426907
42.07, 426907
42.08, 426907
42.09, 426907
42.1, 426907
42.11, 426907
42.12, 426907
42.13, 426907
42.14, 426907
42.15, 426907
42.16, 426907
42.17, 426907
42.18, 426907
42.19, 426907
42.2, 426907
42.21, 426907
42.22, 426907
42.23, 426907
42.24, 426907
42.25, 426907
42.26, 426907
42.27, 426907
42.28, 426907
42.29, 426907
42.3, 426907
42.31, 426907
42.32, 426907
42.33, 426907
42.34, 426907
42.35, 426907
42.36, 426907
42.37, 426907
42.38, 426907
42.39, 426907
42.4, 426907
42.41, 426907
42.42, 426907
42.43, 426907
42.44, 426907
42.45, 426907
42.46, 426907
42.47, 426907
42.48, 426907
42.49, 426907
42.5, 426907
42.51, 426907
42.52, 426907
42.53, 426907
42.54, 426907
42.55, 426907
42.56, 426907
42.57, 426907
42.58, 426907
42.59, 426907
42.6, 426907
42.61, 426907
42.62, 426907
42.63, 426907
42.64, 426907
42.67, 426907
42.68, 426907
42.69, 426907
42.7, 426907
42.71, 426907
42.72, 426907
42.73, 426907
42.74, 426907
42.75, 426907
42.76, 426907
42.77, 426907
42.78, 426907
42.79, 426907
42.8, 426907
42.81, 426907
42.82, 426907
42.83, 426907
42.84, 426907
42.85, 426907
42.86, 426907
42.87, 426907
42.88, 426907
42.89, 426907
42.9, 426907
42.91, 426907
42.92, 426907
42.93, 426907
42.94, 426907
42.95, 426907
42.96, 426907
42.97, 426907
42.98, 426907
42.99, 426907
43.0, 426907
43.01, 426907
43.02, 426907
43.03, 426907
43.04, 426907
43.05, 426907
43.06, 426907
43.07, 426907
43.08, 426907
43.09, 426907
43.1, 426907
43.11, 426907
43.12, 426907
43.13, 426907
43.14, 426907
43.15, 426907
43.16, 426907
43.17, 426907
43.18, 426907
43.19, 426907
43.2, 426907
43.21, 426907
43.22, 426907
43.23, 426907
43.24, 426907
43.25, 426907
43.26, 426907
43.27, 426907
43.28, 426907
43.29, 426907
43.3, 426907
43.31, 426907
43.32, 426907
43.33, 426907
43.34, 426907
43.35, 426907
43.36, 426907
43.37, 426907
43.38, 426907
43.39, 426907
43.4, 426907
43.41, 426907
43.42, 426907
43.43, 426907
43.44, 426907
43.45, 426907
43.46, 426907
43.47, 426907
43.48, 426907
43.49, 426907
43.5, 426907
43.51, 426907
43.52, 426907
43.53, 426907
43.54, 426907
43.55, 426907
43.56, 426907
43.57, 426907
43.58, 426907
43.59, 426907
43.6, 426907
43.61, 426907
43.62, 426907
43.63, 426907
43.64, 426907
43.65, 426907
43.66, 426907
43.67, 426907
43.68, 426907
43.69, 426907
43.7, 426907
43.71, 426907
43.72, 426907
43.73, 426907
43.74, 426907
43.75, 426907
43.76, 426907
43.77, 426907
43.78, 426907
43.79, 426907
43.8, 426907
43.81, 426907
43.82, 426907
43.83, 426907
43.84, 426907
43.85, 426907
43.86, 426907
43.87, 426907
43.88, 426907
43.89, 426907
43.9, 426907
43.91, 426907
43.92, 426907
43.93, 426907
43.94, 426907
43.95, 426907
43.96, 426907
43.97, 426907
43.98, 426907
43.99, 426907
44.0, 426907
44.01, 426907
44.02, 426907
44.03, 426907
44.04, 426907
44.05, 426907
44.06, 426907
44.07, 426907
44.08, 426907
44.09, 426907
44.1, 426907
44.11, 426907
44.12, 426907
44.13, 426907
44.14, 426907
44.15, 426907
44.16, 426907
44.17, 426907
44.18, 426907
44.19, 426907
44.2, 426907
44.21, 426907
44.22, 426907
44.23, 426907
44.24, 426907
44.25, 426907
44.26, 426907
44.27, 426907
44.28, 426907
44.29, 426907
44.3, 426907
44.31, 426907
44.32, 426907
44.33, 426907
44.34, 426907
44.35, 426907
44.36, 426907
44.37, 426907
44.38, 426907
44.39, 426907
44.4, 426907
44.41, 426907
44.42, 426907
44.43, 426907
44.44, 426907
44.45, 426907
44.46, 426907
44.47, 426907
44.48, 426907
44.49, 426907
44.5, 426907
44.51, 426907
44.52, 426907
44.53, 426907
44.54, 426907
44.55, 426907
44.56, 426907
44.57, 426907
44.58, 426907
44.59, 426907
44.6, 426907
44.61, 426907
44.62, 426907
44.63, 426907
44.64, 426907
44.65, 426907
44.66, 426907
44.67, 426907
44.68, 426907
44.69, 426907
44.7, 426907
44.71, 426907
44.72, 426907
44.73, 426907
44.74, 426907
44.75, 426907
44.76, 426907
44.77, 426907
44.78, 426907
44.79, 426907
44.8, 426907
44.81, 426907
44.82, 426907
44.83, 426907
44.84, 426907
44.85, 426907
44.86, 426907
44.87, 426907
44.88, 426907
44.89, 426907
44.9, 426907
44.91, 426907
44.92, 426907
44.93, 426907
44.94, 426907
44.95, 426907
44.96, 426907
44.97, 426907
44.98, 426907
44.99, 426907
45.0, 426907
45.01, 426907
45.02, 426907
45.03, 426907
45.04, 426907
45.05, 426907
45.06, 426907
45.07, 426907
45.08, 426907
45.09, 426907
45.1, 426907
45.11, 426907
45.12, 426907
45.13, 426907
45.14, 426907
45.15, 426907
45.16, 426907
45.17, 426907
45.18, 426907
45.19, 426907
45.2, 426907
45.21, 426907
45.22, 426907
45.23, 426907
45.24, 426907
45.25, 426907
45.26, 426907
45.27, 426907
45.28, 426907
45.29, 426907
45.3, 426907
45.31, 426907
45.32, 426907
45.33, 426907
45.34, 426907
45.35, 426907
45.36, 426907
45.37, 426907
45.38, 426907
45.39, 426907
45.4, 426907
45.41, 426907
45.42, 426907
45.43, 426907
45.44, 426907
45.45, 426907
45.46, 426907
45.47, 426907
45.48, 426907
45.49, 426907
45.5, 426907
45.51, 426907
45.52, 426907
45.53, 426907
45.54, 426907
45.55, 426907
45.56, 426907
45.57, 426907
45.58, 426907
45.59, 426907
45.6, 426907
45.61, 426907
45.62, 426907
45.63, 426907
45.64, 426907
45.65, 426907
45.66, 426907
45.67, 426907
45.68, 426907
45.69, 426907
45.7, 426907
45.71, 426907
45.72, 426907
45.73, 426907
45.74, 426907
45.75, 426907
45.76, 426907
45.77, 426907
45.78, 426907
45.79, 426907
45.8, 426907
45.81, 426907
45.82, 426907
45.83, 426907
45.84, 426907
45.85, 426907
45.86, 426907
45.87, 426907
45.88, 426907
45.89, 426907
45.9, 426907
45.91, 426907
45.92, 426907
45.93, 426907
45.94, 426907
45.95, 426907
45.96, 426907
45.97, 426907
45.98, 426907
45.99, 426907
46.0, 426907
46.01, 426907
46.02, 426907
46.03, 426907
46.04, 426907
46.05, 426907
46.06, 426907
46.07, 426907
46.08, 426907
46.09, 426907
46.1, 426907
46.11, 426907
46.12, 426907
46.13, 426907
46.14, 426907
46.15, 426907
46.16, 426907
46.17, 426907
46.18, 426907
46.19, 426907
46.2, 426907
46.21, 426907
46.22, 426907
46.23, 426907
46.24, 426907
46.25, 426907
46.26, 426907
46.27, 426907
46.28, 426907
46.29, 426907
46.3, 426907
46.31, 426907
46.32, 426907
46.33, 426907
46.34, 426907
46.35, 426907
46.36, 426907
46.37, 426907
46.38, 426907
46.39, 426907
46.4, 426907
46.41, 426907
46.42, 426907
46.43, 426907
46.44, 426907
46.45, 426907
46.46, 426907
46.47, 426907
46.48, 426907
46.49, 426907
46.5, 426907
46.51, 426907
46.52, 426907
46.53, 426907
46.54, 426907
46.55, 426907
46.56, 426907
46.57, 426907
46.58, 426907
46.59, 426907
46.6, 426907
46.61, 426907
46.62, 426907
46.63, 426907
46.64, 426907
46.65, 426907
46.66, 426907
46.67, 426907
46.68, 426907
46.69, 426907
46.7, 426907
46.71, 426907
46.72, 426907
46.73, 426907
46.74, 426907
46.75, 426907
46.76, 426907
46.77, 426907
46.78, 426907
46.79, 426907
46.8, 426907
46.81, 426907
46.82, 426907
46.83, 426907
46.84, 426907
46.85, 426907
46.86, 426907
46.87, 426907
46.88, 426907
46.89, 426907
46.9, 426907
46.91, 426907
46.92, 426907
46.93, 426907
46.94, 426907
46.95, 426907
46.96, 426907
46.97, 426907
46.98, 426907
46.99, 426907
47.0, 426907
47.01, 426907
47.02, 426907
47.03, 426907
47.04, 426907
47.05, 426907
47.06, 426907
47.07, 426907
47.08, 426907
47.09, 426907
47.1, 426907
47.11, 426907
47.12, 426907
47.13, 426907
47.14, 426907
47.15, 426907
47.16, 426907
47.17, 426907
47.18, 426907
47.19, 426907
47.2, 426907
47.21, 426907
47.22, 426907
47.23, 426907
47.24, 426907
47.25, 426907
47.26, 426907
47.27, 426907
47.28, 426907
47.29, 426907
47.3, 426907
47.31, 426907
47.32, 426907
47.33, 426907
47.34, 426907
47.35, 426907
47.36, 426907
47.37, 426907
47.38, 426907
47.39, 426907
47.4, 426907
47.41, 426907
47.42, 426907
47.43, 426907
47.44, 426907
47.45, 426907
47.46, 426907
47.47, 426907
47.48, 426907
47.49, 426907
47.5, 426907
47.51, 426907
47.52, 426907
47.53, 426907
47.54, 426907
47.55, 426907
47.56, 426907
47.57, 426907
47.58, 426907
47.59, 426907
47.6, 426907
47.61, 426907
47.62, 426907
47.63, 426907
47.64, 426907
47.65, 426907
47.66, 426907
47.67, 426907
47.68, 426907
47.69, 426907
47.7, 426907
47.71, 426907
47.72, 426907
47.73, 426907
47.74, 426907
47.75, 426907
47.76, 426907
47.77, 426907
47.78, 426907
47.79, 426907
47.8, 426907
47.81, 426907
47.82, 426907
47.83, 426907
47.84, 426907
47.85, 426907
47.86, 426907
47.87, 426907
47.88, 426907
47.89, 426907
47.9, 426907
47.91, 426907
47.92, 426907
47.93, 426907
47.94, 426907
47.95, 426907
47.96, 426907
47.97, 426907
47.98, 426907
47.99, 426907
48.0, 426907
48.01, 426907
48.02, 426907
48.03, 426907
48.04, 426907
48.05, 426907
48.06, 426907
48.07, 426907
48.08, 426907
48.09, 426907
48.1, 426907
48.11, 426907
48.12, 426907
48.13, 426907
48.14, 426907
48.15, 426907
48.16, 426907
48.17, 426907
48.18, 426907
48.19, 426907
48.2, 426907
48.21, 426907
48.22, 426907
48.23, 426907
48.24, 426907
48.25, 426907
48.26, 426907
48.27, 426907
48.28, 426907
48.29, 426907
48.3, 426907
48.31, 426907
48.32, 426907
48.33, 426907
48.34, 426907
48.35, 426907
48.36, 426907
48.37, 426907
48.38, 426907
48.39, 426907
48.4, 426907
48.41, 426907
48.42, 426907
48.43, 426907
48.44, 426907
48.45, 426907
48.46, 426907
48.47, 426907
48.48, 426907
48.49, 426907
48.5, 426907
48.51, 426907
48.52, 426907
48.53, 426907
48.54, 426907
48.55, 426907
48.56, 426907
48.57, 426907
48.58, 426907
48.59, 426907
48.6, 426907
48.61, 426907
48.62, 426907
48.63, 426907
48.64, 426907
48.65, 426907
48.66, 426907
48.67, 426907
48.68, 426907
48.69, 426907
48.7, 426907
48.71, 426907
48.72, 426907
48.73, 426907
48.74, 426907
48.75, 426907
48.76, 426907
48.77, 426907
48.78, 426907
48.79, 426907
48.8, 426907
48.81, 426907
48.82, 426907
48.83, 426907
48.84, 426907
48.85, 426907
48.86, 426907
48.87, 426907
48.88, 426907
48.89, 426907
48.9, 426907
48.91, 426907
48.92, 426907
48.93, 426907
48.94, 426907
48.95, 426907
48.96, 426907
48.97, 426907
48.98, 426907
48.99, 426907
49.0, 426907
49.01, 426907
49.02, 426907
49.03, 426907
49.04, 426907
49.05, 426907
49.06, 426907
49.07, 426907
49.08, 426907
49.09, 426907
49.1, 426907
49.11, 426907
49.12, 426907
49.13, 426907
49.14, 426907
49.15, 426907
49.16, 426907
49.17, 426907
49.18, 426907
49.19, 426907
49.2, 426907
49.21, 426907
49.22, 426907
49.23, 426907
49.24, 426907
49.25, 426907
49.26, 426907
49.27, 426907
49.28, 426907
49.29, 426907
49.3, 426907
49.31, 426907
49.32, 426907
49.33, 426907
49.34, 426907
49.35, 426907
49.36, 426907
49.37, 426907
49.38, 426907
49.39, 426907
49.4, 426907
49.41, 426907
49.42, 426907
49.43, 426907
49.44, 426907
49.45, 426907
49.46, 426907
49.47, 426907
49.48, 426907
49.49, 426907
49.5, 426907
49.51, 426907
49.52, 426907
49.53, 426907
49.54, 426907
49.55, 426907
49.56, 426907
49.57, 426907
49.58, 426907
49.59, 426907
49.6, 426907
49.61, 426907
49.62, 426907
49.63, 426907
49.64, 426907
49.65, 426907
49.66, 426907
49.67, 426907
49.68, 426907
49.69, 426907
49.7, 426907
49.71, 426907
49.72, 426907
49.73, 426907
49.74, 426907
49.75, 426907
49.76, 426907
49.77, 426907
49.78, 426907
49.79, 426907
49.8, 426907
49.81, 426907
49.82, 426907
49.83, 426907
49.84, 426907
49.85, 426907
49.86, 426907
49.87, 426907
49.88, 426907
49.89, 426907
49.9, 426907
49.91, 426907
49.92, 426907
49.93, 426907
49.94, 426907
49.95, 426907
49.96, 426907
49.97, 426907
49.98, 426907
49.99, 426907
50.0, 426907
50.01, 426907
50.02, 426907
50.03, 426907
50.04, 426907
50.05, 426907
50.06, 426907
50.07, 426907
50.08, 426907
50.09, 426907
50.1, 426907
50.11, 426907
50.12, 426907
50.13, 426907
50.14, 426907
50.15, 426907
50.16, 426907
50.17, 426907
50.18, 426907
50.19, 426907
50.2, 426907
50.21, 426907
50.22, 426907
50.23, 426907
50.24, 426907
50.25, 426907
50.26, 426907
50.27, 426907
50.28, 426907
50.29, 426907
50.3, 426907
50.31, 426907
50.32, 426907
50.33, 426907
50.34, 426907
50.35, 426907
50.36, 426907
50.37, 426907
50.38, 426907
50.39, 426907
50.4, 426907
50.41, 426907
50.42, 426907
50.43, 426907
50.44, 426907
50.45, 426907
50.46, 426907
50.47, 426907
50.48, 426907
50.49, 426907
50.5, 426907
50.51, 426907
50.52, 426907
50.53, 426907
50.54, 426907
50.55, 426907
50.56, 426907
50.57, 426907
50.6, 426907
50.61, 426907
50.62, 426907
50.63, 426907
50.64, 426907
50.65, 426907
50.66, 426907
50.67, 426907
50.68, 426907
50.69, 426907
50.7, 426907
50.71, 426907
50.72, 426907
50.73, 426907
50.74, 426907
50.75, 426907
50.76, 426907
50.77, 426907
50.78, 426907
50.79, 426907
50.8, 426907
50.81, 426907
50.82, 426907
50.83, 426907
50.84, 426907
50.85, 426907
50.86, 426907
50.87, 426907
50.88, 426907
50.89, 426907
50.9, 426907
50.91, 426907
50.92, 426907
50.93, 426907
50.94, 426907
50.95, 426907
50.96, 426907
50.97, 426907
50.98, 426907
50.99, 426907
51.0, 426907
51.01, 426907
51.02, 426907
51.03, 426907
51.04, 426907
51.05, 426907
51.06, 426907
51.07, 426907
51.08, 426907
51.09, 426907
51.1, 426907
51.11, 426907
51.12, 426907
51.13, 426907
51.14, 426907
51.15, 426907
51.16, 426907
51.17, 426907
51.18, 426907
51.19, 426907
51.2, 426907
51.21, 426907
51.22, 426907
51.23, 426907
51.24, 426907
51.25, 426907
51.26, 426907
51.27, 426907
51.28, 426907
51.29, 426907
51.3, 426907
51.31, 426907
51.32, 426907
51.33, 426907
51.34, 426907
51.35, 426907
51.36, 426907
51.37, 426907
51.38, 426907
51.39, 426907
51.4, 426907
51.41, 426907
51.42, 426907
51.43, 426907
51.44, 426907
51.45, 426907
51.46, 426907
51.47, 426907
51.48, 426907
51.49, 426907
51.5, 426907
51.51, 426907
51.52, 426907
51.53, 426907
51.54, 426907
51.55, 426907
51.56, 426907
51.57, 426907
51.58, 426907
51.59, 426907
51.6, 426907
51.61, 426907
51.62, 426907
51.63, 426907
51.64, 426907
51.65, 426907
51.66, 426907
51.67, 426907
51.68, 426907
51.69, 426907
51.7, 426907
51.71, 426907
51.72, 426907
51.73, 426907
51.74, 426907
51.75, 426907
51.76, 426907
51.77, 426907
51.78, 426907
51.79, 426907
51.8, 426907
51.81, 426907
51.82, 426907
51.83, 426907
51.84, 426907
51.85, 426907
51.86, 426907
51.87, 426907
51.88, 426907
51.89, 426907
51.9, 426907
51.91, 426907
51.92, 426907
51.93, 426907
51.94, 426907
51.95, 426907
51.96, 426907
51.97, 426907
51.98, 426907
51.99, 426907
52.0, 426907
52.01, 426907
52.02, 426907
52.03, 426907
52.04, 426907
52.05, 426907
52.06, 426907
52.07, 426907
52.08, 426907
52.09, 426907
52.1, 426907
52.11, 426907
52.12, 426907
52.13, 426907
52.14, 426907
52.15, 426907
52.16, 426907
52.17, 426907
52.18, 426907
52.19, 426907
52.2, 426907
52.21, 426907
52.22, 426907
52.23, 426907
52.24, 426907
52.25, 426907
52.26, 426907
52.27, 426907
52.28, 426907
52.29, 426907
52.3, 426907
52.31, 426907
52.32, 426907
52.33, 426907
52.34, 426907
52.35, 426907
52.36, 426907
52.37, 426907
52.38, 426907
52.39, 426907
52.4, 426907
52.41, 426907
52.42, 426907
52.43, 426907
52.44, 426907
52.45, 426907
52.46, 426907
52.47, 426907
52.48, 426907
52.49, 426907
52.5, 426907
52.51, 426907
52.52, 426907
52.53, 426907
52.54, 426907
52.55, 426907
52.56, 426907
52.57, 426907
52.58, 426907
52.59, 426907
52.6, 426907
52.61, 426907
52.62, 426907
52.63, 426907
52.64, 426907
52.65, 426907
52.66, 426907
52.67, 426907
52.68, 426907
52.69, 426907
52.7, 426907
52.71, 426907
52.72, 426907
52.73, 426907
52.74, 426907
52.75, 426907
52.76, 426907
52.77, 426907
52.78, 426907
52.79, 426907
52.8, 426907
52.81, 426907
52.82, 426907
52.83, 426907
52.84, 426907
52.85, 426907
52.86, 426907
52.87, 426907
52.88, 426907
52.89, 426907
52.9, 426907
52.91, 426907
52.92, 426907
52.93, 426907
52.94, 426907
52.95, 426907
52.96, 426907
52.97, 426907
52.98, 426907
52.99, 426907
53.0, 426907
53.01, 426907
53.02, 426907
53.03, 426907
53.04, 426907
53.05, 426907
53.06, 426907
53.07, 426907
53.08, 426907
53.09, 426907
53.1, 426907
53.11, 426907
53.12, 426907
53.13, 426907
53.14, 426907
53.15, 426907
53.16, 426907
53.17, 426907
53.18, 426907
53.19, 426907
53.2, 426907
53.21, 426907
53.22, 426907
53.23, 426907
53.24, 426907
53.25, 426907
53.26, 426907
53.27, 426907
53.28, 426907
53.29, 426907
53.3, 426907
53.31, 426907
53.32, 426907
53.33, 426907
53.34, 426907
53.35, 426907
53.36, 426907
53.37, 426907
53.38, 426907
53.39, 426907
53.4, 426907
53.41, 426907
53.42, 426907
53.43, 426907
53.44, 426907
53.45, 426907
53.46, 426907
53.47, 426907
53.48, 426907
53.49, 426907
53.5, 426907
53.51, 426907
53.52, 426907
53.53, 426907
53.54, 426907
53.55, 426907
53.56, 426907
53.57, 426907
53.58, 426907
53.59, 426907
53.6, 426907
53.61, 426907
53.62, 426907
53.63, 426907
53.64, 426907
53.65, 426907
53.66, 426907
53.67, 426907
53.68, 426907
53.69, 426907
53.7, 426907
53.71, 426907
53.72, 426907
53.73, 426907
53.74, 426907
53.75, 426907
53.76, 426907
53.77, 426907
53.78, 426907
53.79, 426907
53.8, 426907
53.81, 426907
53.82, 426907
53.83, 426907
53.84, 426907
53.85, 426907
53.86, 426907
53.87, 426907
53.88, 426907
53.89, 426907
53.9, 426907
53.91, 426907
53.92, 426907
53.93, 426907
53.94, 426907
53.95, 426907
53.96, 426907
53.97, 426907
53.98, 426907
53.99, 426907
54.0, 426907
54.01, 426907
54.02, 426907
54.03, 426907
54.04, 426907
54.05, 426907
54.06, 426907
54.07, 426907
54.08, 426907
54.09, 426907
54.1, 426907
54.11, 426907
54.12, 426907
54.13, 426907
54.14, 426907
54.15, 426907
54.16, 426907
54.17, 426907
54.18, 426907
54.19, 426907
54.2, 426907
54.21, 426907
54.22, 426907
54.23, 426907
54.24, 426907
54.25, 426907
54.26, 426907
54.27, 426907
54.28, 426907
54.29, 426907
54.3, 426907
54.31, 426907
54.32, 426907
54.33, 426907
54.34, 426907
54.35, 426907
54.36, 426907
54.37, 426907
54.38, 426907
54.39, 426907
54.4, 426907
54.41, 426907
54.42, 426907
54.43, 426907
54.44, 426907
54.45, 426907
54.46, 426907
54.47, 426907
54.48, 426907
54.49, 426907
54.5, 426907
54.51, 426907
54.52, 426907
54.53, 426907
54.54, 426907
54.55, 426907
54.56, 426907
54.57, 426907
54.58, 426907
54.59, 426907
54.6, 426907
54.61, 426907
54.62, 426907
54.63, 426907
54.64, 426907
54.65, 426907
54.66, 426907
54.67, 426907
54.68, 426907
54.69, 426907
54.7, 426907
54.71, 426907
54.72, 426907
54.73, 426907
54.74, 426907
54.75, 426907
54.76, 426907
54.77, 426907
54.78, 426907
54.79, 426907
54.8, 426907
54.81, 426907
54.82, 426907
54.83, 426907
54.84, 426907
54.85, 426907
54.86, 426907
54.87, 426907
54.88, 426907
54.89, 426907
54.9, 426907
54.91, 426907
54.92, 426907
54.93, 426907
54.94, 426907
54.95, 426907
54.96, 426907
54.97, 426907
54.98, 426907
54.99, 426907
55.0, 426907
55.01, 426907
55.02, 426907
55.03, 426907
55.04, 426907
55.05, 426907
55.06, 426907
55.07, 426907
55.08, 426907
55.09, 426907
55.1, 426907
55.11, 426907
55.12, 426907
55.13, 426907
55.14, 426907
55.15, 426907
55.16, 426907
55.17, 426907
55.18, 426907
55.19, 426907
55.2, 426907
55.21, 426907
55.22, 426907
55.23, 426907
55.24, 426907
55.25, 426907
55.26, 426907
55.27, 426907
55.28, 426907
55.29, 426907
55.3, 426907
55.31, 426907
55.32, 426907
55.33, 426907
55.34, 426907
55.35, 426907
55.36, 426907
55.37, 426907
55.38, 426907
55.39, 426907
55.4, 426907
55.41, 426907
55.42, 426907
55.43, 426907
55.44, 426907
55.45, 426907
55.46, 426907
55.47, 426907
55.48, 426907
55.49, 426907
55.5, 426907
55.51, 426907
55.52, 426907
55.53, 426907
55.54, 426907
55.55, 426907
55.56, 426907
55.57, 426907
55.58, 426907
55.59, 426907
55.6, 426907
55.61, 426907
55.62, 426907
55.63, 426907
55.64, 426907
55.65, 426907
55.66, 426907
55.67, 426907
55.68, 426907
55.69, 426907
55.7, 426907
55.71, 426907
55.72, 426907
55.73, 426907
55.74, 426907
55.75, 426907
55.76, 426907
55.77, 426907
55.78, 426907
55.79, 426907
55.8, 426907
55.81, 426907
55.82, 426907
55.83, 426907
55.84, 426907
55.85, 426907
55.86, 426907
55.87, 426907
55.88, 426907
55.89, 426907
55.9, 426907
55.91, 426907
55.92, 426907
55.93, 426907
55.94, 426907
55.95, 426907
55.96, 426907
55.97, 426907
55.98, 426907
55.99, 426907
56.0, 426907
56.01, 426907
56.02, 426907
56.03, 426907
56.04, 426907
56.05, 426907
56.06, 426907
56.07, 426907
56.08, 426907
56.09, 426907
56.1, 426907
56.11, 426907
56.12, 426907
56.13, 426907
56.14, 426907
56.15, 426907
56.16, 426907
56.17, 426907
56.18, 426907
56.19, 426907
56.2, 426907
56.21, 426907
56.22, 426907
56.23, 426907
56.24, 426907
56.25, 426907
56.26, 426907
56.27, 426907
56.28, 426907
56.29, 426907
56.3, 426907
56.31, 426907
56.32, 426907
56.33, 426907
56.34, 426907
56.35, 426907
56.36, 426907
56.37, 426907
56.38, 426907
56.39, 426907
56.4, 426907
56.41, 426907
56.42, 426907
56.43, 426907
56.44, 426907
56.45, 426907
56.46, 426907
56.47, 426907
56.48, 426907
56.49, 426907
56.5, 426907
56.51, 426907
56.52, 426907
56.54, 426907
56.55, 426907
56.56, 426907
56.57, 426907
56.58, 426907
56.59, 426907
56.6, 426907
56.61, 426907
56.62, 426907
56.63, 426907
56.64, 426907
56.65, 426907
56.66, 426907
56.67, 426907
56.68, 426907
56.69, 426907
56.7, 426907
56.71, 426907
56.72, 426907
56.73, 426907
56.74, 426907
56.75, 426907
56.76, 426907
56.77, 426907
56.78, 426907
56.79, 426907
56.8, 426907
56.81, 426907
56.82, 426907
56.83, 426907
56.84, 426907
56.85, 426907
56.86, 426907
56.87, 426907
56.88, 426907
56.89, 426907
56.9, 426907
56.91, 426907
56.92, 426907
56.93, 426907
56.94, 426907
56.95, 426907
56.96, 426907
56.97, 426907
56.98, 426907
56.99, 426907
57.0, 426907
57.01, 426907
57.02, 426907
57.03, 426907
57.04, 426907
57.05, 426907
57.06, 426907
57.07, 426907
57.08, 426907
57.09, 426907
57.1, 426907
57.11, 426907
57.12, 426907
57.13, 426907
57.14, 426907
57.15, 426907
57.16, 426907
57.17, 426907
57.18, 426907
57.19, 426907
57.2, 426907
57.21, 426907
57.22, 426907
57.23, 426907
57.24, 426907
57.25, 426907
57.26, 426907
57.27, 426907
57.28, 426907
57.29, 426907
57.3, 426907
57.31, 426907
57.32, 426907
57.33, 426907
57.34, 426907
57.35, 426907
57.36, 426907
57.37, 426907
57.38, 426907
57.39, 426907
57.4, 426907
57.41, 426907
57.42, 426907
57.43, 426907
57.44, 426907
57.45, 426907
57.46, 426907
57.47, 426907
57.48, 426907
57.49, 426907
57.5, 426907
57.51, 426907
57.52, 426907
57.53, 426907
57.54, 426907
57.55, 426907
57.56, 426907
57.57, 426907
57.58, 426907
57.59, 426907
57.6, 426907
57.61, 426907
57.62, 426907
57.63, 426907
57.64, 426907
57.65, 426907
57.66, 426907
57.67, 426907
57.68, 426907
57.69, 426907
57.7, 426907
57.71, 426907
57.72, 426907
57.73, 426907
57.74, 426907
57.75, 426907
57.76, 426907
57.77, 426907
57.78, 426907
57.79, 426907
57.8, 426907
57.81, 426907
57.82, 426907
57.83, 426907
57.84, 426907
57.85, 426907
57.86, 426907
57.87, 426907
57.88, 426907
57.89, 426907
57.9, 426907
57.91, 426907
57.92, 426907
57.93, 426907
57.94, 426907
57.95, 426907
57.96, 426907
57.97, 426907
57.98, 426907
57.99, 426907
58.0, 426907
58.01, 426907
58.02, 426907
58.03, 426907
58.04, 426907
58.05, 426907
58.06, 426907
58.07, 426907
58.08, 426907
58.09, 426907
58.1, 426907
58.11, 426907
58.12, 426907
58.13, 426907
58.14, 426907
58.15, 426907
58.16, 426907
58.17, 426907
58.18, 426907
58.19, 426907
58.2, 426907
58.21, 426907
58.22, 426907
58.23, 426907
58.24, 426907
58.25, 426907
58.26, 426907
58.27, 426907
58.28, 426907
58.29, 426907
58.3, 426907
58.31, 426907
58.32, 426907
58.33, 426907
58.34, 426907
58.35, 426907
58.36, 426907
58.37, 426907
58.38, 426907
58.39, 426907
58.4, 426907
58.41, 426907
58.42, 426907
58.43, 426907
58.44, 426907
58.45, 426907
58.46, 426907
58.47, 426907
58.48, 426907
58.49, 426907
58.5, 426907
58.51, 426907
58.52, 426907
58.53, 426907
58.54, 426907
58.55, 426907
58.56, 426907
58.57, 426907
58.58, 426907
58.59, 426907
58.6, 426907
58.61, 426907
58.62, 426907
58.63, 426907
58.64, 426907
58.65, 426907
58.66, 426907
58.67, 426907
58.68, 426907
58.69, 426907
58.7, 426907
58.71, 426907
58.72, 426907
58.73, 426907
58.74, 426907
58.75, 426907
58.76, 426907
58.77, 426907
58.78, 426907
58.79, 426907
58.8, 426907
58.81, 426907
58.82, 426907
58.83, 426907
58.84, 426907
58.85, 426907
58.86, 426907
58.87, 426907
58.88, 426907
58.89, 426907
58.9, 426907
58.91, 426907
58.92, 426907
58.93, 426907
58.94, 426907
58.95, 426907
58.96, 426907
58.97, 426907
58.98, 426907
58.99, 426907
59.0, 426907
59.01, 426907
59.02, 426907
59.03, 426907
59.04, 426907
59.05, 426907
59.06, 426907
59.07, 426907
59.08, 426907
59.09, 426907
59.1, 426907
59.11, 426907
59.12, 426907
59.13, 426907
59.14, 426907
59.15, 426907
59.16, 426907
59.17, 426907
59.18, 426907
59.19, 426907
59.2, 426907
59.21, 426907
59.22, 426907
59.23, 426907
59.24, 426907
59.25, 426907
59.26, 426907
59.27, 426907
59.28, 426907
59.29, 426907
59.3, 426907
59.31, 426907
59.32, 426907
59.33, 426907
59.34, 426907
59.35, 426907
59.36, 426907
59.37, 426907
59.38, 426907
59.39, 426907
59.4, 426907
59.41, 426907
59.42, 426907
59.43, 426907
59.44, 426907
59.45, 426907
59.46, 426907
59.47, 426907
59.48, 426907
59.49, 426907
59.5, 426907
59.51, 426907
59.52, 426907
59.53, 426907
59.54, 426907
59.55, 426907
59.56, 426907
59.57, 426907
59.58, 426907
59.59, 426907
59.6, 426907
59.61, 426907
59.62, 426907
59.63, 426907
59.64, 426907
59.65, 426907
59.66, 426907
59.67, 426907
59.68, 426907
59.69, 426907
59.7, 426907
59.71, 426907
59.72, 426907
59.73, 426907
59.74, 426907
59.75, 426907
59.76, 426907
59.77, 426907
59.78, 426907
59.79, 426907
59.8, 426907
59.81, 426907
59.82, 426907
59.83, 426907
59.84, 426907
59.85, 426907
59.86, 426907
59.87, 426907
59.88, 426907
59.89, 426907
59.9, 426907
59.91, 426907
59.92, 426907
59.93, 426907
59.94, 426907
59.95, 426907
59.96, 426907
59.97, 426907
59.98, 426907
59.99, 426907
