0.0, 517282
0.01, 517282
0.02, 473095
0.03, 473095
0.04, 473095
0.05, 473095
0.06, 473095
0.07, 473095
0.08, 473095
0.09, 464924
0.1, 464924
0.11, 464924
0.12, 464924
0.13, 464924
0.14, 464924
0.15, 464924
0.16, 464924
0.17, 464924
0.18, 464924
0.19, 464924
0.2, 464924
0.21, 464924
0.22, 464924
0.23, 464924
0.24, 464924
0.25, 464924
0.26, 464924
0.27, 464924
0.28, 464924
0.29, 464924
0.3, 464924
0.31, 464924
0.32, 464924
0.33, 464924
0.34, 464924
0.35, 464924
0.36, 464924
0.37, 464924
0.38, 464924
0.39, 464924
0.4, 464924
0.41, 464924
0.42, 464924
0.43, 464924
0.44, 464924
0.45, 464924
0.46, 464924
0.47, 464924
0.48, 464924
0.49, 464924
0.5, 464924
0.51, 464924
0.52, 464924
0.53, 464924
0.54, 464924
0.55, 464924
0.56, 464924
0.57, 464924
0.58, 464924
0.59, 464924
0.6, 464924
0.61, 464924
0.62, 464924
0.63, 464924
0.64, 464924
0.65, 464924
0.66, 464924
0.67, 464924
0.68, 464924
0.69, 464924
0.7, 464924
0.71, 464924
0.72, 464924
0.73, 464924
0.74, 464924
0.75, 464924
0.76, 464924
0.77, 464924
0.78, 464924
0.79, 464924
0.8, 464924
0.81, 464924
0.82, 464924
0.83, 464924
0.84, 464924
0.85, 464924
0.86, 464924
0.87, 464924
0.88, 464924
0.89, 464924
0.9, 464924
0.91, 464924
0.92, 464924
0.93, 464924
0.94, 464924
0.95, 464924
0.96, 464924
0.97, 464924
0.98, 464924
0.99, 464924
1.0, 464924
1.01, 464924
1.02, 464924
1.03, 464924
1.04, 464924
1.05, 464924
1.06, 464924
1.07, 464924
1.08, 464924
1.09, 464924
1.1, 464924
1.11, 464924
1.12, 464924
1.13, 464924
1.14, 464924
1.15, 464924
1.16, 464924
1.17, 464924
1.18, 459354
1.19, 459354
1.2, 459354
1.21, 459354
1.22, 459354
1.23, 459354
1.24, 459354
1.25, 459354
1.26, 459354
1.27, 459354
1.28, 459354
1.29, 459354
1.3, 459354
1.31, 459354
1.32, 459354
1.33, 459354
1.34, 459354
1.35, 459354
1.36, 459354
1.37, 459354
1.38, 459354
1.39, 459354
1.4, 459354
1.41, 459354
1.42, 459354
1.43, 459354
1.44, 456665
1.45, 456665
1.46, 456665
1.47, 456665
1.48, 456665
1.49, 456665
1.5, 456665
1.51, 456665
1.52, 456665
1.53, 456665
1.54, 456665
1.55, 456665
1.56, 456665
1.57, 456665
1.58, 456665
1.59, 456665
1.6, 456665
1.61, 456665
1.62, 456665
1.63, 456665
1.64, 456665
1.65, 456665
1.66, 456665
1.67, 456665
1.68, 456665
1.69, 456665
1.7, 456665
1.71, 456665
1.72, 456665
1.73, 456665
1.74, 456665
1.75, 456665
1.76, 456665
1.77, 456665
1.78, 456665
1.79, 456665
1.8, 456665
1.81, 456665
1.82, 456665
1.83, 456665
1.84, 456665
1.85, 456665
1.86, 456665
1.87, 456665
1.88, 456665
1.89, 451764
1.9, 451764
1.91, 451764
1.92, 451764
1.93, 451764
1.94, 451764
1.95, 451764
1.96, 451764
1.97, 451764
1.98, 451764
1.99, 451764
2.0, 451764
2.01, 451764
2.02, 451764
2.03, 451764
2.04, 451764
2.05, 451764
2.06, 451764
2.07, 451764
2.08, 451764
2.09, 451764
2.1, 451764
2.11, 451764
2.12, 451764
2.13, 451764
2.14, 451764
2.15, 451764
2.16, 451764
2.17, 451764
2.18, 451764
2.19, 451764
2.2, 451764
2.21, 451764
2.22, 451764
2.23, 451764
2.24, 451764
2.25, 451764
2.26, 451764
2.27, 451764
2.28, 451764
2.29, 451764
2.3, 451764
2.31, 451764
2.32, 451764
2.33, 451764
2.34, 451764
2.35, 451764
2.36, 451764
2.37, 451764
2.38, 451764
2.39, 451764
2.4, 451764
2.41, 451764
2.42, 451764
2.43, 451764
2.44, 451764
2.45, 451764
2.46, 451764
2.47, 451764
2.48, 451764
2.49, 451764
2.5, 451764
2.51, 451764
2.52, 451764
2.53, 451764
2.54, 451764
2.55, 451764
2.56, 451764
2.57, 451764
2.58, 451764
2.59, 451764
2.6, 451764
2.61, 451764
2.62, 451764
2.63, 451764
2.64, 451764
2.65, 451764
2.66, 451764
2.67, 451764
2.68, 451764
2.69, 451764
2.7, 451764
2.71, 451764
2.72, 451764
2.73, 451764
2.74, 451764
2.75, 451764
2.76, 451764
2.77, 451764
2.78, 451764
2.79, 451764
2.8, 451764
2.81, 451764
2.82, 451764
2.83, 451764
2.84, 451764
2.85, 451764
2.86, 451764
2.87, 451764
2.88, 451764
2.89, 451764
2.9, 451764
2.91, 451764
2.92, 451764
2.93, 451764
2.94, 451764
2.95, 451764
2.96, 451764
2.97, 451764
2.98, 451764
2.99, 451764
3.0, 451764
3.01, 451764
3.02, 451764
3.03, 451764
3.04, 451764
3.05, 451764
3.06, 451764
3.07, 451764
3.08, 451764
3.09, 451764
3.1, 451764
3.11, 451764
3.12, 451764
3.13, 451764
3.14, 451764
3.15, 451764
3.16, 451764
3.17, 451764
3.18, 451764
3.19, 451764
3.2, 451764
3.21, 451764
3.22, 451764
3.23, 451764
3.24, 451764
3.25, 451764
3.26, 451764
3.27, 451764
3.28, 451764
3.29, 451764
3.3, 451764
3.31, 451764
3.32, 451764
3.33, 451764
3.34, 451764
3.35, 451764
3.36, 451764
3.37, 451764
3.38, 451764
3.39, 451764
3.4, 451764
3.41, 451764
3.42, 451764
3.43, 451764
3.44, 451764
3.45, 451764
3.46, 451764
3.47, 451764
3.48, 451764
3.49, 451764
3.5, 451764
3.51, 451764
3.52, 451764
3.53, 451764
3.54, 451764
3.55, 451764
3.56, 451764
3.57, 451764
3.58, 451764
3.59, 451764
3.6, 451764
3.61, 451764
3.62, 451764
3.63, 451764
3.64, 451764
3.65, 451764
3.66, 451764
3.67, 451764
3.68, 451764
3.69, 451764
3.7, 451764
3.71, 451764
3.72, 451764
3.73, 451764
3.74, 451764
3.75, 451764
3.76, 451764
3.77, 451764
3.78, 451764
3.79, 451764
3.8, 451764
3.81, 451764
3.82, 445523
3.83, 445523
3.84, 445523
3.85, 445523
3.86, 445523
3.87, 445523
3.88, 445523
3.89, 445523
3.9, 445523
3.91, 445523
3.92, 445523
3.93, 445523
3.94, 445523
3.95, 445523
3.96, 445523
3.97, 445523
3.98, 445523
3.99, 445523
4.0, 445523
4.01, 445523
4.02, 445523
4.03, 445523
4.04, 445523
4.05, 445523
4.06, 445523
4.07, 445523
4.08, 445523
4.09, 445523
4.1, 445523
4.11, 445523
4.12, 445523
4.13, 445523
4.14, 445523
4.15, 445523
4.16, 445523
4.17, 445523
4.18, 445523
4.19, 445523
4.2, 445523
4.21, 445523
4.22, 445523
4.23, 445523
4.24, 445523
4.25, 445523
4.26, 445523
4.27, 445523
4.28, 445523
4.29, 445523
4.3, 445523
4.31, 445523
4.32, 445523
4.33, 445523
4.34, 445523
4.35, 445523
4.36, 445523
4.37, 445523
4.38, 445523
4.39, 445523
4.4, 445523
4.41, 445523
4.42, 445523
4.43, 445523
4.44, 445523
4.45, 445523
4.46, 445523
4.47, 445523
4.48, 445523
4.49, 445523
4.5, 445523
4.51, 445523
4.52, 445523
4.53, 445523
4.54, 445523
4.55, 445523
4.56, 445523
4.57, 445523
4.58, 445523
4.59, 445523
4.6, 445523
4.61, 445523
4.62, 445523
4.63, 445523
4.64, 445523
4.65, 445523
4.66, 445523
4.67, 445523
4.68, 445523
4.69, 445523
4.7, 445523
4.71, 445523
4.72, 445523
4.73, 445523
4.74, 445523
4.75, 445523
4.76, 445523
4.77, 445523
4.78, 445523
4.79, 445523
4.8, 445523
4.81, 445523
4.82, 445523
4.83, 445523
4.84, 445523
4.85, 445523
4.86, 445523
4.87, 445523
4.88, 445523
4.89, 445523
4.9, 445523
4.91, 445523
4.92, 445523
4.93, 445523
4.94, 445523
4.95, 445523
4.96, 445523
4.97, 445523
4.98, 445523
4.99, 445523
5.0, 445523
5.01, 445523
5.02, 445523
5.03, 445523
5.04, 445523
5.05, 445523
5.06, 445523
5.07, 445523
5.08, 445523
5.09, 445523
5.1, 445523
5.11, 445523
5.12, 445523
5.13, 445523
5.14, 445523
5.15, 445523
5.16, 445523
5.17, 445523
5.18, 445523
5.19, 445523
5.2, 445523
5.21, 445523
5.22, 445523
5.23, 445523
5.24, 445523
5.25, 445523
5.26, 445523
5.27, 445523
5.28, 445523
5.29, 445523
5.3, 445523
5.31, 445523
5.32, 445523
5.33, 445523
5.34, 445523
5.35, 445523
5.36, 445523
5.37, 445523
5.38, 445523
5.39, 445523
5.4, 445523
5.41, 445523
5.42, 445523
5.43, 445523
5.44, 445523
5.45, 445523
5.46, 445523
5.47, 445523
5.48, 445523
5.49, 445523
5.5, 445523
5.51, 445523
5.52, 445523
5.53, 445523
5.54, 445523
5.55, 445523
5.56, 445523
5.57, 445523
5.58, 445523
5.59, 445523
5.6, 445523
5.61, 445523
5.62, 445523
5.63, 445523
5.64, 445523
5.65, 445523
5.66, 445523
5.67, 445523
5.68, 445523
5.69, 445523
5.7, 445523
5.71, 445523
5.72, 445523
5.73, 445523
5.74, 445523
5.75, 445523
5.76, 445523
5.77, 445523
5.78, 445523
5.79, 445523
5.8, 445523
5.81, 445523
5.82, 445523
5.83, 445523
5.84, 445523
5.85, 445523
5.86, 445523
5.87, 445523
5.88, 445523
5.89, 445523
5.9, 445523
5.91, 445523
5.92, 445523
5.93, 445523
5.94, 445523
5.95, 445523
5.96, 445523
5.97, 445523
5.98, 445523
5.99, 445523
6.0, 445523
6.01, 445523
6.02, 445523
6.03, 445523
6.04, 445523
6.05, 445523
6.06, 445523
6.07, 445523
6.08, 445523
6.09, 445523
6.1, 445523
6.11, 445523
6.12, 445523
6.13, 445523
6.14, 445523
6.15, 445523
6.16, 445523
6.17, 445523
6.18, 445523
6.19, 445523
6.2, 445523
6.21, 445523
6.22, 445523
6.23, 445523
6.24, 445523
6.25, 445523
6.26, 445523
6.27, 445523
6.28, 445523
6.29, 445523
6.3, 445523
6.31, 445523
6.32, 445523
6.33, 445523
6.34, 445523
6.35, 445523
6.36, 445523
6.37, 445523
6.38, 445523
6.39, 445523
6.4, 445523
6.41, 445523
6.42, 445523
6.43, 445523
6.44, 445523
6.45, 445523
6.46, 445523
6.47, 445523
6.48, 445523
6.49, 445523
6.5, 445523
6.51, 445523
6.52, 445523
6.53, 445523
6.54, 445523
6.55, 445523
6.56, 445523
6.57, 445523
6.58, 445523
6.59, 445523
6.6, 445523
6.61, 445523
6.62, 445523
6.63, 445523
6.64, 445523
6.65, 445523
6.66, 445523
6.67, 445523
6.68, 445523
6.69, 445523
6.7, 445523
6.71, 445523
6.72, 445523
6.73, 445523
6.74, 445523
6.75, 445523
6.76, 445523
6.77, 445523
6.78, 445523
6.79, 445523
6.8, 445523
6.81, 445523
6.82, 445523
6.83, 445523
6.84, 445523
6.85, 445523
6.86, 445523
6.87, 445523
6.88, 445523
6.89, 445523
6.9, 445523
6.91, 445523
6.92, 445523
6.93, 445523
6.94, 445523
6.95, 445523
6.96, 445523
6.97, 445523
6.98, 445523
6.99, 445523
7.0, 445523
7.01, 445523
7.02, 445523
7.03, 445523
7.04, 445523
7.05, 445523
7.06, 445523
7.07, 445523
7.08, 445523
7.09, 445523
7.1, 445523
7.11, 445523
7.12, 445523
7.13, 445523
7.14, 445523
7.15, 445523
7.16, 445523
7.17, 445523
7.18, 445523
7.19, 445523
7.2, 445523
7.21, 445523
7.22, 445523
7.23, 445523
7.24, 445523
7.25, 445523
7.26, 445523
7.27, 445523
7.28, 445523
7.29, 445523
7.3, 445523
7.31, 445523
7.32, 445523
7.33, 445523
7.34, 445523
7.35, 445523
7.36, 445523
7.37, 445523
7.38, 445523
7.39, 445523
7.4, 445523
7.41, 445523
7.42, 445523
7.43, 445523
7.44, 445523
7.45, 445523
7.46, 445523
7.47, 445523
7.48, 445523
7.49, 445523
7.5, 445523
7.51, 445523
7.52, 445523
7.53, 445523
7.54, 445523
7.55, 445523
7.56, 445523
7.57, 445523
7.58, 445523
7.59, 445523
7.6, 445523
7.61, 445523
7.62, 445523
7.63, 445523
7.64, 445523
7.65, 445523
7.66, 445523
7.67, 445523
7.68, 445523
7.69, 445523
7.7, 445523
7.71, 445523
7.72, 445523
7.73, 445523
7.74, 445523
7.75, 445523
7.76, 445523
7.77, 445523
7.78, 445523
7.79, 445523
7.8, 445523
7.81, 445523
7.82, 445523
7.83, 445523
7.84, 445523
7.85, 445523
7.86, 445523
7.87, 445523
7.88, 445523
7.89, 445523
7.9, 445523
7.91, 445523
7.92, 445523
7.93, 445523
7.94, 445523
7.95, 445523
7.96, 445523
7.97, 445523
7.98, 445523
7.99, 445523
8.0, 445523
8.01, 445523
8.02, 445523
8.03, 445523
8.04, 445523
8.05, 445523
8.06, 445523
8.07, 445523
8.08, 445523
8.09, 445523
8.1, 445523
8.11, 445523
8.12, 445523
8.13, 445523
8.14, 445523
8.15, 445523
8.16, 445523
8.17, 445523
8.18, 445523
8.19, 445523
8.2, 445523
8.21, 445523
8.22, 445523
8.23, 445523
8.24, 445523
8.25, 445523
8.26, 445523
8.27, 445523
8.28, 445523
8.29, 445523
8.3, 445523
8.31, 445523
8.32, 445523
8.33, 445523
8.34, 445523
8.35, 445523
8.36, 445523
8.37, 445523
8.38, 445523
8.39, 445523
8.4, 445523
8.41, 445523
8.42, 445523
8.43, 445523
8.44, 445523
8.45, 445523
8.46, 445523
8.47, 445523
8.48, 445523
8.49, 445523
8.5, 445523
8.51, 445523
8.52, 445523
8.53, 445523
8.54, 445523
8.55, 445523
8.56, 445523
8.57, 445523
8.58, 445523
8.59, 445523
8.6, 445523
8.61, 445523
8.62, 445523
8.63, 445523
8.64, 445523
8.65, 445523
8.66, 445523
8.67, 445523
8.68, 445523
8.69, 445523
8.7, 445523
8.71, 445523
8.72, 445523
8.73, 445523
8.74, 445523
8.75, 445523
8.76, 445523
8.77, 445523
8.78, 445523
8.79, 445523
8.8, 445523
8.81, 445523
8.82, 445523
8.83, 445523
8.84, 445523
8.85, 445523
8.86, 445523
8.87, 445523
8.88, 445523
8.89, 445523
8.9, 445523
8.91, 445523
8.92, 445523
8.93, 445523
8.94, 445523
8.95, 445523
8.96, 445523
8.97, 445523
8.98, 445523
8.99, 445523
9.0, 445523
9.01, 445523
9.02, 445523
9.03, 445523
9.04, 445523
9.05, 445523
9.06, 445523
9.07, 445523
9.08, 445523
9.09, 445523
9.1, 445523
9.11, 445523
9.12, 445523
9.13, 445523
9.14, 445523
9.15, 445523
9.16, 445523
9.17, 445523
9.18, 445523
9.19, 445523
9.2, 445523
9.21, 445523
9.22, 445523
9.23, 445523
9.24, 445523
9.25, 445523
9.26, 445523
9.27, 445523
9.28, 445523
9.29, 445523
9.3, 445523
9.31, 445523
9.32, 445523
9.33, 445523
9.34, 445523
9.35, 445523
9.36, 445523
9.37, 445523
9.38, 445523
9.39, 445523
9.4, 445523
9.41, 445523
9.42, 445523
9.43, 445523
9.44, 445523
9.45, 445523
9.46, 445523
9.47, 445523
9.48, 445523
9.49, 445523
9.5, 445523
9.51, 445523
9.52, 445523
9.53, 445523
9.54, 445523
9.55, 445523
9.56, 445523
9.57, 445523
9.58, 445523
9.59, 445523
9.6, 445523
9.61, 445523
9.62, 445523
9.63, 445523
9.64, 445523
9.65, 445523
9.66, 445523
9.67, 445523
9.68, 445523
9.69, 445523
9.7, 445523
9.71, 445523
9.72, 445523
9.73, 445523
9.74, 445523
9.75, 445523
9.76, 445523
9.77, 445523
9.78, 445523
9.79, 445523
9.8, 445523
9.81, 445523
9.82, 445523
9.83, 445523
9.84, 445523
9.85, 445523
9.86, 445523
9.87, 445523
9.88, 445523
9.89, 445523
9.9, 445523
9.91, 445523
9.92, 445523
9.93, 445523
9.94, 445523
9.95, 445523
9.96, 445523
9.97, 445523
9.98, 445523
9.99, 445523
10.0, 445523
10.01, 445523
10.02, 445523
10.03, 445523
10.04, 445523
10.05, 445523
10.06, 445523
10.07, 445523
10.08, 445523
10.09, 445523
10.1, 445523
10.11, 445523
10.12, 445523
10.13, 445523
10.14, 445523
10.15, 445523
10.16, 445523
10.17, 445523
10.18, 445523
10.19, 445523
10.2, 445523
10.21, 445523
10.22, 445523
10.23, 445523
10.24, 445523
10.25, 445523
10.26, 445523
10.27, 445523
10.28, 445523
10.29, 445523
10.3, 445523
10.31, 445523
10.32, 445523
10.33, 445523
10.34, 445523
10.35, 445523
10.36, 445523
10.37, 445523
10.38, 445523
10.39, 445523
10.4, 445523
10.41, 445523
10.42, 445523
10.43, 445523
10.44, 445523
10.45, 445523
10.46, 445523
10.47, 445523
10.48, 445523
10.49, 445523
10.5, 445523
10.51, 445523
10.52, 445523
10.53, 445523
10.54, 445523
10.55, 445523
10.56, 445523
10.57, 445523
10.58, 445523
10.59, 445523
10.6, 445523
10.61, 445523
10.62, 445523
10.63, 445523
10.64, 445523
10.65, 445523
10.66, 445523
10.67, 445523
10.68, 445523
10.69, 445523
10.7, 445523
10.71, 445523
10.72, 445523
10.73, 445523
10.74, 445523
10.75, 445523
10.76, 445523
10.77, 445523
10.78, 445523
10.79, 445523
10.8, 445523
10.81, 445523
10.82, 445523
10.83, 445523
10.84, 445523
10.85, 445523
10.86, 445523
10.87, 445523
10.88, 445523
10.89, 445523
10.9, 445523
10.91, 445523
10.92, 445523
10.93, 445523
10.94, 445523
10.95, 445523
10.96, 445523
10.97, 445523
10.98, 445523
10.99, 445523
11.0, 445523
11.01, 445523
11.02, 445523
11.03, 445523
11.04, 445523
11.05, 445523
11.06, 445523
11.07, 445523
11.08, 445523
11.09, 445523
11.1, 445523
11.11, 445523
11.12, 445523
11.13, 445523
11.14, 445523
11.15, 445523
11.16, 445523
11.17, 445523
11.18, 445523
11.19, 445523
11.2, 445523
11.21, 445523
11.22, 445523
11.23, 445523
11.24, 445523
11.25, 445523
11.26, 445523
11.27, 445523
11.28, 445523
11.29, 445523
11.3, 445523
11.31, 445523
11.32, 445523
11.33, 445523
11.34, 445523
11.35, 445523
11.36, 445523
11.37, 444159
11.38, 444159
11.39, 444159
11.4, 444159
11.41, 444159
11.42, 444159
11.43, 444159
11.44, 444159
11.45, 444159
11.46, 444159
11.47, 444159
11.48, 444159
11.49, 444159
11.5, 444159
11.51, 444159
11.52, 444159
11.53, 444159
11.54, 444159
11.55, 444159
11.56, 444159
11.57, 444159
11.58, 444159
11.59, 444159
11.6, 444159
11.61, 444159
11.62, 444159
11.63, 444159
11.64, 444159
11.65, 444159
11.66, 444159
11.67, 444159
11.68, 444159
11.69, 444159
11.7, 444159
11.71, 444159
11.72, 444159
11.73, 444159
11.74, 444159
11.75, 444159
11.76, 444159
11.77, 444159
11.78, 444159
11.79, 444159
11.8, 444159
11.81, 444159
11.82, 444159
11.83, 444159
11.84, 444159
11.85, 444159
11.86, 444159
11.87, 444159
11.88, 444159
11.89, 444159
11.9, 444159
11.91, 444159
11.92, 444159
11.93, 444159
11.94, 444159
11.95, 444159
11.96, 444159
11.97, 444159
11.98, 444159
11.99, 444159
12.0, 444159
12.01, 444159
12.02, 444159
12.03, 444159
12.04, 444159
12.05, 444159
12.06, 444159
12.07, 444159
12.08, 444159
12.09, 444159
12.1, 444159
12.11, 444159
12.12, 444159
12.13, 444159
12.14, 444159
12.15, 444159
12.16, 444159
12.17, 444159
12.18, 444159
12.19, 444159
12.2, 444159
12.21, 444159
12.22, 444159
12.23, 444159
12.24, 444159
12.25, 444159
12.26, 444159
12.27, 444159
12.28, 444159
12.29, 444159
12.3, 444159
12.31, 444159
12.32, 444159
12.33, 444159
12.34, 444159
12.35, 444159
12.36, 444159
12.37, 444159
12.38, 444159
12.39, 444159
12.4, 444159
12.41, 444159
12.42, 444159
12.43, 444159
12.44, 444159
12.45, 444159
12.46, 444159
12.47, 444159
12.48, 444159
12.49, 444159
12.5, 444159
12.51, 444159
12.52, 444159
12.53, 444159
12.54, 444159
12.55, 444159
12.56, 444159
12.57, 444159
12.58, 444159
12.59, 444159
12.6, 444159
12.61, 444159
12.62, 444159
12.63, 444159
12.64, 444159
12.65, 444159
12.66, 444159
12.67, 444159
12.68, 444159
12.69, 444159
12.7, 444159
12.71, 444159
12.72, 444159
12.73, 444159
12.74, 444159
12.75, 444159
12.76, 444159
12.77, 444159
12.78, 444159
12.79, 444159
12.8, 444159
12.81, 444159
12.82, 444159
12.83, 444159
12.84, 444159
12.85, 444159
12.86, 444159
12.87, 444159
12.88, 444159
12.89, 444159
12.9, 444159
12.91, 444159
12.92, 444159
12.93, 444159
12.94, 444159
12.95, 444159
12.96, 444159
12.97, 444159
12.98, 444159
12.99, 444159
13.0, 444159
13.01, 444159
13.02, 444159
13.03, 444159
13.04, 444159
13.05, 444159
13.06, 444159
13.07, 444159
13.08, 444159
13.09, 444159
13.1, 444159
13.11, 444159
13.12, 444159
13.13, 444159
13.14, 444159
13.15, 444159
13.16, 444159
13.17, 444159
13.18, 444159
13.19, 444159
13.2, 444159
13.21, 444159
13.22, 444159
13.23, 444159
13.24, 444159
13.25, 444159
13.26, 444159
13.27, 444159
13.28, 444159
13.29, 444159
13.3, 444159
13.31, 444159
13.32, 444159
13.33, 444159
13.34, 444159
13.35, 444159
13.36, 444159
13.37, 444159
13.38, 444159
13.39, 444159
13.4, 444159
13.41, 444159
13.42, 444159
13.43, 444159
13.44, 444159
13.45, 444159
13.46, 444159
13.47, 444159
13.48, 444159
13.49, 444159
13.5, 444159
13.51, 444159
13.52, 444159
13.53, 444159
13.54, 444159
13.55, 444159
13.56, 444159
13.57, 444159
13.58, 444159
13.59, 444159
13.6, 444159
13.61, 444159
13.62, 444159
13.63, 444159
13.64, 444159
13.65, 444159
13.66, 444159
13.67, 444159
13.68, 444159
13.69, 444159
13.7, 444159
13.71, 444159
13.72, 444159
13.73, 444159
13.74, 444159
13.75, 444159
13.76, 444159
13.77, 444159
13.78, 444159
13.79, 444159
13.8, 444159
13.81, 444159
13.82, 444159
13.83, 444159
13.84, 444159
13.85, 444159
13.86, 444159
13.87, 444159
13.88, 444159
13.89, 444159
13.9, 444159
13.91, 444159
13.92, 444159
13.93, 444159
13.94, 444159
13.95, 444159
13.96, 444159
13.97, 444159
13.98, 444159
13.99, 444159
14.0, 444159
14.01, 444159
14.02, 444159
14.03, 444159
14.04, 444159
14.05, 444159
14.06, 444159
14.07, 444159
14.08, 444159
14.09, 444159
14.1, 444159
14.11, 444159
14.12, 444159
14.13, 444159
14.14, 444159
14.15, 444159
14.16, 444159
14.17, 444159
14.18, 444159
14.19, 444159
14.2, 444159
14.21, 444159
14.22, 444159
14.23, 444159
14.24, 444159
14.25, 444159
14.26, 444159
14.27, 444159
14.28, 444159
14.29, 444159
14.3, 444159
14.31, 444159
14.32, 444159
14.33, 444159
14.34, 444159
14.35, 444159
14.36, 444159
14.37, 444159
14.38, 444159
14.39, 444159
14.4, 444159
14.41, 444159
14.42, 444159
14.43, 444159
14.44, 444159
14.45, 444159
14.46, 444159
14.47, 444159
14.48, 444159
14.49, 444159
14.5, 444159
14.51, 444159
14.52, 444159
14.53, 444159
14.54, 444159
14.55, 444159
14.56, 444159
14.57, 444159
14.58, 444159
14.59, 444159
14.6, 444159
14.61, 444159
14.62, 444159
14.63, 444159
14.64, 444159
14.65, 444159
14.66, 444159
14.67, 444159
14.68, 444159
14.69, 444159
14.7, 444159
14.71, 444159
14.72, 444159
14.73, 444159
14.74, 444159
14.75, 444159
14.76, 444159
14.77, 444159
14.78, 444159
14.79, 444159
14.8, 444159
14.81, 444159
14.82, 444159
14.83, 444159
14.84, 444159
14.85, 444159
14.86, 444159
14.87, 444159
14.88, 444159
14.89, 444159
14.9, 444159
14.91, 444159
14.92, 444159
14.93, 444159
14.94, 444159
14.95, 444159
14.96, 444159
14.97, 444159
14.98, 444159
14.99, 444159
15.0, 444159
15.01, 444159
15.02, 444159
15.03, 444159
15.04, 444159
15.05, 444159
15.06, 444159
15.07, 444159
15.08, 444159
15.09, 444159
15.1, 444159
15.11, 444159
15.12, 444159
15.13, 444159
15.14, 444159
15.15, 444159
15.16, 444159
15.17, 444159
15.18, 444159
15.19, 444159
15.2, 444159
15.21, 444159
15.22, 444159
15.23, 444159
15.24, 444159
15.25, 444159
15.26, 444159
15.27, 444159
15.28, 444159
15.29, 444159
15.3, 444159
15.31, 444159
15.32, 444159
15.33, 444159
15.34, 444159
15.35, 444159
15.36, 444159
15.37, 444159
15.38, 444159
15.39, 444159
15.4, 444159
15.41, 444159
15.42, 444159
15.43, 444159
15.44, 444159
15.45, 444159
15.46, 444159
15.47, 444159
15.48, 444159
15.49, 444159
15.5, 444159
15.51, 444159
15.52, 444159
15.53, 444159
15.54, 444159
15.55, 444159
15.56, 444159
15.57, 444159
15.58, 444159
15.59, 444159
15.6, 444159
15.61, 444159
15.62, 444159
15.63, 444159
15.64, 444159
15.65, 444159
15.66, 444159
15.67, 444159
15.68, 444159
15.69, 444159
15.7, 444159
15.71, 444159
15.72, 444159
15.73, 444159
15.74, 444159
15.75, 444159
15.76, 444159
15.77, 444159
15.78, 444159
15.79, 444159
15.8, 444159
15.81, 444159
15.82, 444159
15.83, 444159
15.84, 444159
15.85, 444159
15.86, 444159
15.87, 444159
15.88, 444159
15.89, 444159
15.9, 444159
15.91, 444159
15.92, 444159
15.93, 444159
15.94, 444159
15.95, 444159
15.96, 444159
15.97, 444159
15.98, 444159
15.99, 444159
16.0, 444159
16.01, 444159
16.02, 444159
16.03, 444159
16.04, 444159
16.05, 444159
16.06, 444159
16.07, 444159
16.08, 444159
16.09, 444159
16.1, 444159
16.11, 444159
16.12, 444159
16.13, 444159
16.14, 444159
16.15, 444159
16.16, 444159
16.17, 444159
16.18, 444159
16.19, 444159
16.2, 444159
16.21, 444159
16.22, 444159
16.23, 444159
16.24, 444159
16.25, 444159
16.26, 444159
16.27, 444159
16.28, 444159
16.29, 444159
16.3, 444159
16.31, 444159
16.32, 444159
16.33, 444159
16.34, 444159
16.35, 444159
16.36, 444159
16.37, 444159
16.38, 444159
16.39, 444159
16.4, 444159
16.41, 444159
16.42, 444159
16.43, 444159
16.44, 444159
16.45, 444159
16.46, 444159
16.47, 444159
16.48, 444159
16.49, 444159
16.5, 444159
16.51, 444159
16.52, 444159
16.53, 444159
16.54, 444159
16.55, 444159
16.56, 444159
16.57, 444159
16.58, 444159
16.59, 444159
16.6, 444159
16.61, 444159
16.62, 444159
16.63, 444159
16.64, 444159
16.65, 444159
16.66, 444159
16.67, 444159
16.68, 444159
16.69, 444159
16.7, 444159
16.71, 444159
16.72, 444159
16.73, 444159
16.74, 444159
16.75, 444159
16.76, 444159
16.77, 444159
16.78, 444159
16.79, 444159
16.8, 444159
16.81, 444159
16.82, 444159
16.83, 444159
16.84, 444159
16.85, 444159
16.86, 444159
16.87, 444159
16.88, 444159
16.89, 444159
16.9, 444159
16.91, 444159
16.92, 444159
16.93, 444159
16.94, 444159
16.95, 444159
16.96, 444159
16.97, 444159
16.98, 444159
16.99, 444159
17.0, 444159
17.01, 444159
17.02, 444159
17.03, 444159
17.04, 444159
17.05, 444159
17.06, 444159
17.07, 444159
17.08, 444159
17.09, 444159
17.1, 444159
17.11, 428261
17.12, 428261
17.13, 428261
17.14, 428261
17.15, 428261
17.16, 428261
17.17, 428261
17.18, 428261
17.19, 428261
17.2, 428261
17.21, 428261
17.22, 428261
17.23, 428261
17.24, 428261
17.25, 428261
17.26, 428261
17.27, 428261
17.28, 428261
17.29, 428261
17.3, 428261
17.31, 428261
17.32, 428261
17.33, 428261
17.34, 428261
17.35, 428261
17.36, 428261
17.37, 428261
17.38, 428261
17.39, 428261
17.4, 428261
17.41, 428261
17.42, 428261
17.43, 428261
17.44, 428261
17.45, 428261
17.46, 428261
17.47, 428261
17.48, 428261
17.49, 428261
17.5, 428261
17.51, 428261
17.52, 428261
17.53, 428261
17.54, 428261
17.55, 428261
17.56, 428261
17.57, 428261
17.58, 428261
17.59, 428261
17.6, 428261
17.61, 428261
17.62, 428261
17.63, 428261
17.64, 428261
17.65, 428261
17.66, 428261
17.67, 428261
17.68, 428261
17.69, 428261
17.7, 428261
17.71, 428261
17.72, 428261
17.73, 428261
17.74, 428261
17.75, 428261
17.76, 428261
17.77, 428261
17.78, 428261
17.79, 428261
17.8, 428261
17.81, 428261
17.82, 428261
17.83, 428261
17.84, 428261
17.85, 428261
17.86, 428261
17.87, 428261
17.88, 428261
17.89, 428261
17.9, 428261
17.91, 428261
17.92, 428261
17.93, 428261
17.94, 428261
17.95, 428261
17.96, 428261
17.97, 428261
17.98, 428261
17.99, 428261
18.0, 428261
18.01, 428261
18.02, 428261
18.03, 428261
18.04, 428261
18.05, 428261
18.06, 428261
18.07, 428261
18.08, 428261
18.09, 428261
18.1, 428261
18.11, 428261
18.12, 428261
18.13, 428261
18.14, 428261
18.15, 428261
18.16, 428261
18.17, 428261
18.18, 428261
18.19, 428261
18.2, 428261
18.21, 428261
18.22, 428261
18.23, 428261
18.24, 428261
18.25, 428261
18.26, 428261
18.27, 428261
18.28, 428261
18.29, 428261
18.3, 428261
18.31, 428261
18.32, 428261
18.33, 428261
18.34, 428261
18.35, 428261
18.36, 428261
18.37, 428261
18.38, 428261
18.39, 428261
18.4, 428261
18.41, 428261
18.42, 428261
18.43, 428261
18.44, 428261
18.45, 428261
18.46, 428261
18.47, 428261
18.48, 428261
18.49, 428261
18.5, 428261
18.51, 428261
18.52, 428261
18.53, 428261
18.54, 428261
18.55, 428261
18.56, 428261
18.57, 428261
18.58, 428261
18.59, 428261
18.6, 428261
18.61, 428261
18.62, 428261
18.63, 428261
18.64, 428261
18.65, 428261
18.66, 428261
18.67, 428261
18.68, 428261
18.69, 428261
18.7, 428261
18.71, 428261
18.72, 428261
18.73, 428261
18.74, 428261
18.75, 428261
18.76, 428261
18.77, 428261
18.78, 428261
18.79, 428261
18.8, 428261
18.81, 428261
18.82, 428261
18.83, 428261
18.84, 428261
18.85, 428261
18.86, 428261
18.87, 428261
18.88, 428261
18.89, 428261
18.9, 428261
18.91, 428261
18.92, 428261
18.93, 428261
18.94, 428261
18.95, 428261
18.96, 428261
18.97, 428261
18.98, 428261
18.99, 428261
19.0, 428261
19.01, 428261
19.02, 428261
19.03, 428261
19.04, 428261
19.05, 428261
19.06, 428261
19.07, 428261
19.08, 428261
19.09, 428261
19.1, 428261
19.11, 428261
19.12, 428261
19.13, 428261
19.14, 428261
19.15, 428261
19.16, 428261
19.17, 428261
19.18, 428261
19.19, 428261
19.2, 428261
19.21, 428261
19.22, 428261
19.23, 428261
19.24, 428261
19.25, 428261
19.26, 428261
19.27, 428261
19.28, 428261
19.29, 428261
19.3, 428261
19.31, 428261
19.32, 428261
19.33, 428261
19.34, 428261
19.35, 428261
19.36, 428261
19.37, 428261
19.38, 428261
19.39, 428261
19.4, 428261
19.41, 428261
19.42, 428261
19.43, 428261
19.44, 428261
19.45, 428261
19.46, 428261
19.47, 428261
19.48, 428261
19.49, 428261
19.5, 428261
19.51, 428261
19.52, 428261
19.53, 428261
19.54, 428261
19.55, 428261
19.56, 428261
19.57, 428261
19.58, 428261
19.59, 428261
19.6, 428261
19.61, 428261
19.62, 428261
19.63, 428261
19.64, 428261
19.65, 428261
19.66, 428261
19.67, 428261
19.68, 428261
19.69, 428261
19.7, 428261
19.71, 428261
19.72, 428261
19.73, 428261
19.74, 428261
19.75, 428261
19.76, 428261
19.77, 428261
19.78, 428261
19.79, 428261
19.8, 428261
19.81, 428261
19.82, 428261
19.83, 428261
19.84, 428261
19.85, 428261
19.86, 428261
19.87, 428261
19.88, 428261
19.89, 428261
19.9, 428261
19.91, 428261
19.92, 428261
19.93, 428261
19.94, 428261
19.95, 428261
19.96, 428261
19.97, 428261
19.98, 428261
19.99, 428261
20.0, 428261
20.01, 428261
20.02, 428261
20.03, 428261
20.04, 428261
20.05, 428261
20.06, 428261
20.07, 428261
20.08, 428261
20.09, 428261
20.1, 428261
20.11, 428261
20.12, 428261
20.13, 428261
20.14, 428261
20.15, 428261
20.16, 428261
20.17, 428261
20.18, 428261
20.19, 428261
20.2, 428261
20.21, 428261
20.22, 428261
20.23, 428261
20.24, 428261
20.25, 428261
20.26, 428261
20.27, 428261
20.28, 428261
20.29, 428261
20.3, 428261
20.31, 428261
20.32, 428261
20.33, 428261
20.34, 428261
20.35, 428261
20.36, 428261
20.37, 428261
20.38, 428261
20.39, 428261
20.4, 428261
20.41, 428261
20.42, 428261
20.43, 428261
20.44, 428261
20.45, 428261
20.46, 428261
20.47, 428261
20.48, 428261
20.49, 428261
20.5, 428261
20.51, 428261
20.52, 428261
20.53, 428261
20.54, 428261
20.55, 428261
20.56, 428261
20.57, 428261
20.58, 428261
20.59, 428261
20.6, 428261
20.61, 428261
20.62, 428261
20.63, 428261
20.64, 428261
20.65, 428261
20.66, 428261
20.67, 428261
20.68, 428261
20.69, 428261
20.7, 428261
20.71, 428261
20.72, 428261
20.73, 428261
20.74, 428261
20.75, 428261
20.76, 428261
20.77, 428261
20.78, 428261
20.79, 428261
20.8, 428261
20.81, 428261
20.82, 428261
20.83, 428261
20.84, 428261
20.85, 428261
20.86, 428261
20.87, 428261
20.88, 428261
20.89, 428261
20.9, 428261
20.91, 428261
20.92, 428261
20.93, 428261
20.94, 428261
20.95, 428261
20.96, 428261
20.97, 428261
20.98, 428261
20.99, 428261
21.0, 428261
21.01, 428261
21.02, 428261
21.03, 428261
21.04, 428261
21.05, 428261
21.06, 428261
21.07, 428261
21.08, 428261
21.09, 428261
21.1, 428261
21.11, 428261
21.12, 428261
21.13, 428261
21.14, 428261
21.15, 428261
21.16, 428261
21.17, 428261
21.18, 428261
21.19, 428261
21.2, 428261
21.21, 428261
21.22, 428261
21.23, 428261
21.24, 428261
21.25, 428261
21.26, 428261
21.27, 428261
21.28, 428261
21.29, 428261
21.3, 428261
21.31, 428261
21.32, 428261
21.33, 428261
21.34, 428261
21.35, 428261
21.36, 428261
21.37, 428261
21.38, 428261
21.39, 428261
21.4, 428261
21.41, 428261
21.42, 428261
21.43, 428261
21.44, 428261
21.45, 428261
21.46, 428261
21.47, 428261
21.48, 428261
21.49, 428261
21.5, 428261
21.51, 428261
21.52, 428261
21.53, 428261
21.54, 428261
21.55, 428261
21.56, 428261
21.57, 428261
21.58, 428261
21.59, 428261
21.6, 428261
21.61, 428261
21.62, 428261
21.63, 428261
21.64, 428261
21.65, 428261
21.66, 428261
21.67, 428261
21.68, 428261
21.69, 428261
21.7, 428261
21.71, 428261
21.72, 428261
21.73, 428261
21.74, 428261
21.75, 428261
21.76, 428261
21.77, 428261
21.78, 428261
21.79, 428261
21.8, 428261
21.81, 428261
21.82, 428261
21.83, 428261
21.84, 428261
21.85, 428261
21.86, 428261
21.87, 428261
21.88, 428261
21.89, 428261
21.9, 428261
21.91, 428261
21.92, 428261
21.93, 428261
21.94, 428261
21.95, 428261
21.96, 428261
21.97, 428261
21.98, 428261
21.99, 428261
22.0, 428261
22.01, 428261
22.02, 428261
22.03, 428261
22.04, 428261
22.05, 428261
22.06, 428261
22.07, 428261
22.08, 428261
22.09, 428261
22.1, 428261
22.11, 428261
22.12, 428261
22.13, 428261
22.14, 428261
22.15, 428261
22.16, 428261
22.17, 428261
22.18, 428261
22.19, 428261
22.2, 428261
22.21, 428261
22.22, 428261
22.23, 428261
22.24, 428261
22.25, 428261
22.26, 428261
22.27, 428261
22.28, 428261
22.29, 428261
22.3, 428261
22.31, 428261
22.32, 428261
22.33, 428261
22.34, 428261
22.35, 428261
22.36, 428261
22.37, 428261
22.38, 428261
22.39, 428261
22.4, 428261
22.41, 428261
22.42, 428261
22.43, 428261
22.44, 428261
22.45, 428261
22.46, 428261
22.47, 428261
22.48, 428261
22.49, 428261
22.5, 428261
22.51, 428261
22.52, 428261
22.53, 428261
22.54, 428261
22.55, 428261
22.56, 428261
22.57, 428261
22.58, 428261
22.59, 428261
22.6, 428261
22.61, 428261
22.62, 428261
22.63, 428261
22.64, 428261
22.65, 428261
22.66, 428261
22.67, 428261
22.68, 428261
22.69, 428261
22.7, 428261
22.71, 428261
22.72, 428261
22.73, 428261
22.74, 428261
22.75, 428261
22.76, 428261
22.77, 428261
22.78, 428261
22.79, 428261
22.8, 428261
22.81, 428261
22.82, 428261
22.83, 428261
22.84, 428261
22.85, 428261
22.86, 428261
22.87, 428261
22.88, 428261
22.89, 428261
22.9, 428261
22.91, 428261
22.92, 428261
22.93, 428261
22.94, 428261
22.95, 428261
22.96, 428261
22.97, 428261
22.98, 428261
22.99, 428261
23.0, 428261
23.01, 428261
23.02, 428261
23.03, 428261
23.04, 428261
23.05, 428261
23.06, 428261
23.07, 428261
23.08, 428261
23.09, 428261
23.1, 428261
23.11, 428261
23.12, 428261
23.13, 428261
23.14, 428261
23.15, 428261
23.16, 428261
23.17, 428261
23.18, 428261
23.19, 428261
23.2, 428261
23.21, 428261
23.22, 428261
23.23, 428261
23.24, 428261
23.25, 428261
23.26, 428261
23.27, 428261
23.28, 428261
23.29, 428261
23.3, 428261
23.31, 428261
23.32, 428261
23.33, 428261
23.34, 428261
23.35, 428261
23.36, 428261
23.37, 428261
23.38, 428261
23.39, 428261
23.4, 428261
23.41, 428261
23.42, 428261
23.43, 428261
23.44, 428261
23.45, 428261
23.46, 428261
23.47, 428261
23.48, 428261
23.49, 428261
23.5, 428261
23.51, 428261
23.52, 428261
23.53, 428261
23.54, 428261
23.55, 428261
23.56, 428261
23.57, 428261
23.58, 428261
23.59, 428261
23.6, 428261
23.61, 428261
23.62, 428261
23.63, 428261
23.64, 428261
23.65, 428261
23.66, 428261
23.67, 428261
23.68, 428261
23.69, 428261
23.7, 428261
23.71, 428261
23.72, 428261
23.73, 428261
23.74, 428261
23.75, 428261
23.76, 428261
23.77, 428261
23.78, 428261
23.79, 428261
23.8, 428261
23.81, 428261
23.82, 428261
23.83, 428261
23.84, 428261
23.85, 428261
23.86, 428261
23.87, 428261
23.88, 428261
23.89, 428261
23.9, 428261
23.91, 428261
23.92, 428261
23.93, 428261
23.94, 428261
23.95, 428261
23.96, 428261
23.97, 428261
23.98, 428261
23.99, 428261
24.0, 428261
24.01, 428261
24.02, 428261
24.03, 428261
24.04, 428261
24.05, 428261
24.06, 428261
24.07, 428261
24.08, 428261
24.09, 428261
24.1, 428261
24.11, 428261
24.12, 428261
24.13, 428261
24.14, 428261
24.15, 428261
24.16, 428261
24.17, 428261
24.18, 428261
24.19, 428261
24.2, 428261
24.21, 428261
24.22, 428261
24.23, 428261
24.24, 428261
24.25, 428261
24.26, 428261
24.27, 428261
24.28, 428261
24.29, 428261
24.3, 428261
24.31, 428261
24.32, 428261
24.33, 428261
24.34, 428261
24.35, 428261
24.36, 428261
24.37, 428261
24.38, 428261
24.39, 428261
24.4, 428261
24.41, 428261
24.42, 428261
24.43, 428261
24.44, 428261
24.45, 428261
24.46, 428261
24.47, 428261
24.48, 428261
24.49, 428261
24.5, 428261
24.51, 428261
24.52, 428261
24.53, 428261
24.54, 428261
24.55, 428261
24.56, 428261
24.57, 428261
24.58, 428261
24.59, 428261
24.6, 428261
24.61, 428261
24.62, 428261
24.63, 428261
24.64, 428261
24.65, 428261
24.66, 428261
24.67, 428261
24.68, 428261
24.69, 428261
24.7, 428261
24.71, 428261
24.72, 428261
24.73, 428261
24.74, 428261
24.75, 428261
24.76, 428261
24.77, 428261
24.78, 428261
24.79, 428261
24.8, 428261
24.81, 428261
24.82, 428261
24.83, 428261
24.84, 428261
24.85, 428261
24.86, 428261
24.87, 428261
24.88, 428261
24.89, 428261
24.9, 428261
24.91, 428261
24.92, 428261
24.93, 428261
24.94, 428261
24.95, 428261
24.96, 428261
24.97, 428261
24.98, 428261
24.99, 428261
25.0, 428261
25.01, 428261
25.02, 428261
25.03, 428261
25.04, 428261
25.05, 428261
25.06, 428261
25.07, 428261
25.08, 428261
25.09, 428261
25.1, 428261
25.11, 428261
25.12, 428261
25.13, 428261
25.14, 428261
25.15, 428261
25.16, 428261
25.17, 428261
25.18, 428261
25.19, 428261
25.2, 428261
25.21, 428261
25.22, 428261
25.23, 428261
25.24, 428261
25.25, 428261
25.26, 428261
25.27, 428261
25.28, 428261
25.29, 428261
25.3, 428261
25.31, 428261
25.32, 428261
25.33, 428261
25.34, 428261
25.35, 428261
25.36, 428261
25.37, 428261
25.38, 428261
25.39, 428261
25.4, 428261
25.41, 428261
25.42, 428261
25.43, 428261
25.44, 428261
25.45, 428261
25.46, 428261
25.47, 428261
25.48, 428261
25.49, 428261
25.5, 428261
25.51, 428261
25.52, 428261
25.53, 428261
25.54, 428261
25.55, 428261
25.56, 428261
25.57, 428261
25.58, 428261
25.59, 428261
25.6, 428261
25.61, 428261
25.62, 428261
25.63, 428261
25.64, 428261
25.65, 428261
25.66, 428261
25.67, 428261
25.68, 428261
25.69, 428261
25.7, 428261
25.71, 428261
25.72, 428261
25.73, 428261
25.74, 428261
25.75, 428261
25.76, 428261
25.77, 428261
25.78, 428261
25.79, 428261
25.8, 428261
25.81, 428261
25.82, 428261
25.83, 428261
25.84, 428261
25.85, 428261
25.86, 428261
25.87, 428261
25.88, 428261
25.89, 428261
25.9, 428261
25.91, 428261
25.92, 428261
25.93, 428261
25.94, 428261
25.95, 428261
25.96, 428261
25.97, 428261
25.98, 428261
25.99, 428261
26.0, 428261
26.01, 428261
26.02, 428261
26.03, 428261
26.04, 428261
26.05, 428261
26.06, 428261
26.07, 428261
26.08, 428261
26.09, 428261
26.1, 428261
26.11, 428261
26.12, 428261
26.13, 428261
26.14, 428261
26.15, 428261
26.16, 428261
26.17, 428261
26.18, 428261
26.19, 428261
26.2, 428261
26.21, 428261
26.22, 428261
26.23, 428261
26.24, 428261
26.25, 428261
26.26, 428261
26.27, 428261
26.28, 428261
26.29, 428261
26.3, 428261
26.31, 428261
26.32, 428261
26.33, 428261
26.34, 428261
26.35, 428261
26.36, 428261
26.37, 428261
26.38, 428261
26.39, 428261
26.4, 428261
26.41, 428261
26.42, 428261
26.43, 428261
26.44, 428261
26.45, 428261
26.46, 428261
26.47, 428261
26.48, 428261
26.49, 428261
26.5, 428261
26.51, 428261
26.52, 428261
26.53, 428261
26.54, 428261
26.55, 428261
26.56, 428261
26.57, 428261
26.58, 428261
26.59, 428261
26.6, 428261
26.61, 428261
26.62, 428261
26.63, 428261
26.64, 428261
26.65, 428261
26.66, 428261
26.67, 428261
26.68, 428261
26.69, 428261
26.7, 428261
26.71, 428261
26.72, 428261
26.73, 428261
26.74, 428261
26.75, 428261
26.76, 428261
26.77, 428261
26.78, 428261
26.79, 428261
26.8, 428261
26.81, 428261
26.82, 428261
26.83, 428261
26.84, 428261
26.85, 428261
26.86, 428261
26.87, 428261
26.88, 428261
26.89, 428261
26.9, 428261
26.91, 428261
26.92, 428261
26.93, 428261
26.94, 428261
26.95, 428261
26.96, 428261
26.97, 428261
26.98, 428261
26.99, 428261
27.0, 428261
27.01, 428261
27.02, 428261
27.03, 428261
27.04, 428261
27.05, 428261
27.06, 428261
27.07, 428261
27.08, 428261
27.09, 428261
27.1, 428261
27.11, 428261
27.12, 428261
27.13, 428261
27.14, 428261
27.15, 428261
27.16, 428261
27.17, 428261
27.18, 428261
27.19, 428261
27.2, 428261
27.21, 428261
27.22, 428261
27.23, 428261
27.24, 428261
27.25, 428261
27.26, 428261
27.27, 428261
27.28, 428261
27.29, 428261
27.3, 428261
27.31, 428261
27.32, 428261
27.33, 428261
27.34, 428261
27.35, 428261
27.36, 428261
27.37, 428261
27.38, 428261
27.39, 428261
27.4, 428261
27.41, 428261
27.42, 428261
27.43, 428261
27.44, 428261
27.45, 428261
27.46, 428261
27.47, 428261
27.48, 428261
27.49, 428261
27.5, 428261
27.51, 428261
27.52, 428261
27.53, 428261
27.54, 428261
27.55, 428261
27.56, 428261
27.57, 428261
27.58, 428261
27.59, 428261
27.6, 428261
27.61, 428261
27.62, 428261
27.63, 428261
27.64, 428261
27.65, 428261
27.66, 428261
27.67, 428261
27.68, 428261
27.69, 428261
27.7, 428261
27.71, 428261
27.72, 428261
27.73, 428261
27.74, 428261
27.75, 428261
27.76, 428261
27.79, 428261
27.8, 428261
27.81, 428261
27.82, 428261
27.83, 428261
27.84, 428261
27.85, 428261
27.86, 428261
27.87, 428261
27.88, 428261
27.89, 428261
27.9, 428261
27.91, 428261
27.92, 428261
27.93, 428261
27.94, 428261
27.95, 428261
27.96, 428261
27.97, 428261
27.98, 428261
27.99, 428261
28.0, 428261
28.01, 428261
28.02, 428261
28.03, 428261
28.04, 428261
28.05, 428261
28.06, 428261
28.07, 428261
28.08, 428261
28.09, 428261
28.1, 428261
28.11, 428261
28.12, 428261
28.13, 428261
28.14, 428261
28.15, 428261
28.16, 428261
28.17, 428261
28.18, 428261
28.19, 428261
28.2, 428261
28.21, 428261
28.22, 428261
28.23, 428261
28.24, 428261
28.25, 428261
28.26, 428261
28.27, 428261
28.28, 428261
28.29, 428261
28.3, 428261
28.31, 428261
28.32, 428261
28.33, 428261
28.34, 428261
28.35, 428261
28.36, 428261
28.37, 428261
28.38, 428261
28.39, 428261
28.4, 428261
28.41, 428261
28.42, 428261
28.43, 428261
28.44, 428261
28.45, 428261
28.46, 428261
28.47, 428261
28.48, 428261
28.49, 428261
28.5, 428261
28.51, 428261
28.52, 428261
28.53, 428261
28.54, 428261
28.55, 428261
28.56, 428261
28.57, 428261
28.58, 428261
28.59, 428261
28.6, 428261
28.61, 428261
28.62, 428261
28.63, 428261
28.64, 428261
28.65, 428261
28.66, 428261
28.67, 428261
28.68, 428261
28.69, 428261
28.7, 428261
28.71, 428261
28.72, 428261
28.73, 428261
28.74, 428261
28.75, 428261
28.76, 428261
28.77, 428261
28.78, 428261
28.79, 428261
28.8, 428261
28.81, 428261
28.82, 428261
28.83, 428261
28.84, 428261
28.85, 428261
28.86, 428261
28.87, 428261
28.88, 428261
28.89, 428261
28.9, 428261
28.91, 428261
28.92, 428261
28.93, 428261
28.94, 428261
28.95, 428261
28.96, 428261
28.97, 428261
28.98, 428261
28.99, 428261
29.0, 428261
29.01, 428261
29.02, 428261
29.03, 428261
29.04, 428261
29.05, 428261
29.06, 428261
29.07, 428261
29.08, 428261
29.09, 428261
29.1, 428261
29.11, 428261
29.12, 428261
29.13, 428261
29.14, 428261
29.15, 428261
29.16, 428261
29.17, 428261
29.18, 428261
29.19, 428261
29.2, 428261
29.21, 428261
29.22, 428261
29.23, 428261
29.24, 428261
29.25, 428261
29.26, 428261
29.27, 428261
29.28, 428261
29.29, 428261
29.3, 428261
29.31, 428261
29.32, 428261
29.33, 428261
29.34, 428261
29.35, 428261
29.36, 428261
29.37, 428261
29.38, 428261
29.39, 428261
29.4, 428261
29.41, 428261
29.42, 428261
29.43, 428261
29.44, 428261
29.45, 428261
29.46, 428261
29.47, 428261
29.48, 428261
29.49, 428261
29.5, 428261
29.51, 428261
29.52, 428261
29.53, 428261
29.54, 428261
29.55, 428261
29.56, 428261
29.57, 428261
29.58, 428261
29.59, 428261
29.6, 428261
29.61, 428261
29.62, 428261
29.63, 428261
29.64, 428261
29.65, 428261
29.66, 428261
29.67, 428261
29.68, 428261
29.69, 428261
29.7, 428261
29.71, 428261
29.72, 428261
29.73, 428261
29.74, 428261
29.75, 428261
29.76, 428261
29.77, 428261
29.78, 428261
29.79, 428261
29.8, 428261
29.81, 428261
29.82, 428261
29.83, 428261
29.84, 428261
29.85, 428261
29.86, 428261
29.87, 428261
29.88, 428261
29.89, 428261
29.9, 428261
29.91, 428261
29.92, 428261
29.93, 428261
29.94, 428261
29.95, 428261
29.96, 428261
29.97, 428261
29.98, 428261
29.99, 428261
30.0, 428261
30.01, 428261
30.02, 428261
30.03, 428261
30.04, 428261
30.05, 428261
30.06, 428261
30.07, 428261
30.08, 428261
30.09, 428261
30.1, 428261
30.11, 428261
30.12, 428261
30.13, 428261
30.14, 428261
30.15, 428261
30.16, 428261
30.17, 428261
30.18, 428261
30.19, 428261
30.2, 428261
30.21, 428261
30.22, 428261
30.23, 428261
30.24, 428261
30.25, 428261
30.26, 428261
30.27, 428261
30.28, 428261
30.29, 428261
30.3, 428261
30.31, 428261
30.32, 428261
30.33, 428261
30.34, 428261
30.35, 428261
30.36, 428261
30.37, 428261
30.38, 428261
30.39, 428261
30.4, 428261
30.41, 428261
30.42, 428261
30.43, 428261
30.44, 428261
30.45, 428261
30.46, 428261
30.47, 428261
30.48, 428261
30.49, 428261
30.5, 428261
30.51, 428261
30.52, 428261
30.53, 428261
30.54, 428261
30.55, 428261
30.56, 428261
30.57, 428261
30.58, 428261
30.59, 428261
30.6, 428261
30.61, 428261
30.62, 428261
30.63, 428261
30.64, 428261
30.65, 428261
30.66, 428261
30.67, 428261
30.68, 428261
30.69, 428261
30.7, 428261
30.71, 428261
30.72, 428261
30.73, 428261
30.74, 428261
30.75, 428261
30.76, 428261
30.77, 428261
30.78, 428261
30.79, 428261
30.8, 428261
30.81, 428261
30.82, 428261
30.83, 428261
30.84, 428261
30.85, 428261
30.86, 428261
30.87, 428261
30.88, 428261
30.89, 428261
30.9, 428261
30.91, 428261
30.92, 428261
30.93, 428261
30.94, 428261
30.95, 428261
30.96, 428261
30.97, 428261
30.98, 428261
30.99, 428261
31.0, 428261
31.01, 428261
31.02, 428261
31.03, 428261
31.04, 428261
31.05, 428261
31.06, 428261
31.07, 428261
31.08, 428261
31.09, 428261
31.1, 428261
31.11, 428261
31.12, 428261
31.13, 428261
31.14, 428261
31.15, 428261
31.16, 428261
31.17, 428261
31.18, 428261
31.19, 428261
31.2, 428261
31.21, 428261
31.22, 428261
31.23, 428261
31.24, 428261
31.25, 428261
31.26, 428261
31.27, 428261
31.28, 428261
31.29, 428261
31.3, 428261
31.31, 428261
31.32, 428261
31.33, 428261
31.34, 428261
31.35, 428261
31.36, 428261
31.37, 428261
31.38, 428261
31.39, 428261
31.4, 428261
31.41, 428261
31.42, 428261
31.43, 428261
31.44, 428261
31.45, 428261
31.46, 428261
31.47, 428261
31.48, 428261
31.49, 428261
31.5, 428261
31.51, 428261
31.52, 428261
31.53, 428261
31.54, 428261
31.55, 428261
31.56, 428261
31.57, 428261
31.58, 428261
31.59, 428261
31.6, 428261
31.61, 428261
31.62, 428261
31.63, 428261
31.64, 428261
31.65, 428261
31.66, 428261
31.67, 428261
31.68, 428261
31.69, 428261
31.7, 428261
31.71, 428261
31.72, 428261
31.73, 428261
31.74, 428261
31.75, 428261
31.76, 428261
31.77, 428261
31.78, 428261
31.79, 428261
31.8, 428261
31.81, 428261
31.82, 428261
31.83, 428261
31.84, 428261
31.85, 428261
31.86, 428261
31.87, 428261
31.88, 428261
31.89, 428261
31.9, 428261
31.91, 428261
31.92, 428261
31.93, 428261
31.94, 428261
31.95, 428261
31.96, 428261
31.97, 428261
31.98, 428261
31.99, 428261
32.0, 428261
32.01, 428261
32.02, 428261
32.03, 428261
32.04, 428261
32.05, 428261
32.06, 428261
32.07, 428261
32.08, 428261
32.09, 428261
32.1, 428261
32.11, 428261
32.12, 428261
32.13, 428261
32.14, 428261
32.15, 428261
32.16, 428261
32.17, 428261
32.18, 428261
32.19, 428261
32.2, 428261
32.21, 428261
32.22, 428261
32.23, 428261
32.24, 428261
32.25, 428261
32.26, 428261
32.27, 428261
32.28, 428261
32.29, 428261
32.3, 428261
32.31, 428261
32.32, 428261
32.33, 428261
32.34, 428261
32.35, 428261
32.36, 428261
32.37, 428261
32.38, 428261
32.39, 428261
32.4, 428261
32.41, 428261
32.42, 428261
32.43, 428261
32.44, 428261
32.45, 428261
32.46, 428261
32.47, 428261
32.48, 428261
32.49, 428261
32.5, 428261
32.51, 428261
32.52, 428261
32.53, 428261
32.54, 428261
32.55, 428261
32.56, 428261
32.57, 428261
32.58, 428261
32.59, 428261
32.6, 428261
32.61, 428261
32.62, 428261
32.63, 428261
32.64, 428261
32.65, 428261
32.66, 428261
32.67, 428261
32.68, 428261
32.69, 428261
32.7, 428261
32.71, 428261
32.72, 428261
32.73, 428261
32.74, 428261
32.75, 428261
32.76, 428261
32.77, 428261
32.78, 428261
32.79, 428261
32.8, 428261
32.81, 428261
32.82, 428261
32.83, 428261
32.84, 428261
32.85, 428261
32.86, 428261
32.87, 428261
32.88, 428261
32.89, 428261
32.9, 428261
32.91, 428261
32.92, 428261
32.93, 428261
32.94, 428261
32.95, 428261
32.96, 428261
32.97, 428261
32.98, 428261
32.99, 428261
33.0, 428261
33.01, 428261
33.02, 428261
33.03, 428261
33.04, 428261
33.05, 428261
33.06, 428261
33.07, 428261
33.08, 428261
33.09, 428261
33.1, 428261
33.11, 428261
33.12, 428261
33.13, 428261
33.14, 428261
33.15, 428261
33.16, 428261
33.17, 428261
33.18, 428261
33.19, 428261
33.2, 428261
33.21, 428261
33.22, 428261
33.23, 428261
33.24, 428261
33.25, 428261
33.26, 428261
33.27, 428261
33.28, 428261
33.29, 428261
33.3, 428261
33.31, 428261
33.32, 428261
33.33, 428261
33.34, 428261
33.35, 428261
33.36, 428261
33.37, 428261
33.38, 428261
33.39, 428261
33.4, 428261
33.41, 428261
33.42, 428261
33.43, 428261
33.44, 428261
33.45, 428261
33.46, 428261
33.47, 428261
33.48, 428261
33.49, 428261
33.5, 428261
33.51, 428261
33.52, 428261
33.53, 428261
33.54, 428261
33.55, 428261
33.56, 428261
33.57, 428261
33.58, 428261
33.59, 428261
33.6, 428261
33.61, 428261
33.62, 428261
33.63, 428261
33.64, 428261
33.65, 428261
33.66, 428261
33.67, 428261
33.68, 428261
33.69, 428261
33.7, 428261
33.71, 428261
33.72, 428261
33.73, 428261
33.74, 428261
33.75, 428261
33.76, 428261
33.77, 428261
33.78, 428261
33.79, 428261
33.8, 428261
33.81, 428261
33.82, 428261
33.83, 428261
33.84, 428261
33.85, 428261
33.86, 428261
33.87, 428261
33.88, 428261
33.89, 428261
33.9, 428261
33.91, 428261
33.92, 428261
33.93, 428261
33.94, 428261
33.95, 428261
33.96, 428261
33.97, 428261
33.98, 428261
33.99, 428261
34.0, 428261
34.01, 428261
34.02, 428261
34.03, 428261
34.04, 428261
34.05, 428261
34.06, 428261
34.07, 428261
34.08, 428261
34.09, 428261
34.1, 428261
34.11, 428261
34.12, 428261
34.13, 428261
34.14, 428261
34.15, 428261
34.16, 428261
34.17, 428261
34.18, 428261
34.19, 428261
34.2, 428261
34.21, 428261
34.22, 428261
34.23, 428261
34.24, 428261
34.25, 428261
34.26, 428261
34.27, 428261
34.28, 428261
34.29, 428261
34.3, 428261
34.31, 428261
34.32, 428261
34.33, 428261
34.34, 428261
34.35, 428261
34.36, 428261
34.37, 428261
34.38, 428261
34.39, 428261
34.4, 428261
34.41, 428261
34.42, 428261
34.43, 428261
34.44, 428261
34.45, 428261
34.46, 428261
34.47, 428261
34.48, 428261
34.49, 428261
34.5, 428261
34.51, 428261
34.52, 428261
34.53, 428261
34.54, 428261
34.55, 428261
34.56, 428261
34.57, 428261
34.58, 428261
34.59, 428261
34.6, 428261
34.61, 428261
34.62, 428261
34.63, 428261
34.64, 428261
34.65, 428261
34.66, 428261
34.67, 428261
34.68, 428261
34.69, 428261
34.7, 428261
34.71, 428261
34.72, 428261
34.73, 428261
34.74, 428261
34.75, 428261
34.76, 428261
34.77, 428261
34.78, 428261
34.79, 428261
34.8, 428261
34.81, 428261
34.82, 428261
34.83, 428261
34.84, 428261
34.85, 428261
34.86, 428261
34.87, 428261
34.88, 428261
34.89, 428261
34.9, 428261
34.91, 428261
34.92, 428261
34.93, 428261
34.94, 428261
34.95, 428261
34.96, 428261
34.97, 428261
34.98, 428261
34.99, 428261
35.0, 428261
35.01, 428261
35.02, 428261
35.03, 428261
35.04, 428261
35.05, 428261
35.06, 428261
35.07, 428261
35.08, 428261
35.09, 428261
35.1, 428261
35.11, 428261
35.12, 428261
35.13, 428261
35.14, 428261
35.15, 428261
35.16, 428261
35.17, 428261
35.18, 428261
35.19, 428261
35.2, 428261
35.21, 428261
35.22, 428261
35.23, 428261
35.24, 428261
35.25, 428261
35.26, 428261
35.27, 428261
35.28, 428261
35.29, 428261
35.3, 428261
35.31, 428261
35.32, 428261
35.33, 428261
35.34, 428261
35.35, 428261
35.36, 428261
35.37, 428261
35.38, 428261
35.39, 428261
35.4, 428261
35.41, 428261
35.42, 428261
35.43, 428261
35.44, 428261
35.45, 428261
35.46, 428261
35.47, 428261
35.48, 428261
35.49, 428261
35.5, 428261
35.51, 428261
35.52, 428261
35.53, 428261
35.54, 428261
35.55, 428261
35.56, 428261
35.57, 428261
35.58, 428261
35.59, 428261
35.6, 428261
35.61, 428261
35.62, 428261
35.63, 428261
35.64, 428261
35.65, 428261
35.66, 428261
35.67, 428261
35.68, 428261
35.69, 428261
35.7, 428261
35.71, 428261
35.72, 428261
35.73, 428261
35.74, 428261
35.75, 428261
35.76, 428261
35.77, 428261
35.78, 428261
35.79, 428261
35.8, 428261
35.81, 428261
35.82, 428261
35.83, 428261
35.84, 428261
35.85, 428261
35.86, 428261
35.87, 428261
35.88, 428261
35.89, 428261
35.9, 428261
35.91, 428261
35.92, 428261
35.93, 428261
35.94, 428261
35.95, 428261
35.96, 428261
35.97, 428261
35.98, 428261
35.99, 428261
36.0, 428261
36.01, 428261
36.02, 428261
36.03, 428261
36.04, 428261
36.05, 428261
36.06, 428261
36.07, 428261
36.08, 428261
36.09, 428261
36.1, 428261
36.11, 428261
36.12, 428261
36.13, 428261
36.14, 428261
36.15, 428261
36.16, 428261
36.17, 428261
36.18, 428261
36.19, 428261
36.2, 428261
36.21, 428261
36.22, 428261
36.23, 428261
36.24, 428261
36.25, 428261
36.26, 428261
36.27, 428261
36.28, 428261
36.29, 428261
36.3, 428261
36.31, 428261
36.32, 428261
36.33, 428261
36.34, 428261
36.35, 428261
36.36, 428261
36.37, 428261
36.38, 428261
36.39, 428261
36.4, 428261
36.41, 428261
36.42, 428261
36.43, 428261
36.44, 428261
36.45, 428261
36.46, 428261
36.47, 428261
36.48, 428261
36.49, 428261
36.5, 428261
36.51, 428261
36.52, 428261
36.53, 428261
36.54, 428261
36.55, 428261
36.56, 428261
36.57, 428261
36.58, 428261
36.59, 428261
36.6, 428261
36.61, 428261
36.62, 428261
36.63, 428261
36.64, 428261
36.65, 428261
36.66, 428261
36.67, 428261
36.68, 428261
36.69, 428261
36.7, 428261
36.71, 428261
36.72, 428261
36.73, 428261
36.74, 428261
36.75, 428261
36.76, 428261
36.77, 428261
36.78, 428261
36.79, 428261
36.8, 428261
36.81, 428261
36.82, 428261
36.83, 428261
36.84, 428261
36.85, 428261
36.86, 428261
36.87, 428261
36.88, 428261
36.89, 428261
36.9, 428261
36.91, 428261
36.92, 428261
36.93, 428261
36.94, 428261
36.95, 428261
36.96, 428261
36.97, 428261
36.98, 428261
36.99, 428261
37.0, 428261
37.01, 428261
37.02, 428261
37.03, 428261
37.04, 428261
37.05, 428261
37.06, 428261
37.07, 428261
37.08, 428261
37.09, 428261
37.1, 428261
37.11, 428261
37.12, 428261
37.13, 428261
37.14, 428261
37.15, 428261
37.16, 428261
37.17, 428261
37.18, 428261
37.19, 428261
37.2, 428261
37.21, 428261
37.22, 428261
37.23, 428261
37.24, 428261
37.25, 428261
37.26, 428261
37.27, 428261
37.28, 428261
37.29, 428261
37.3, 428261
37.31, 428261
37.32, 428261
37.33, 428261
37.34, 428261
37.35, 428261
37.36, 428261
37.37, 428261
37.38, 428261
37.39, 428261
37.4, 428261
37.41, 428261
37.42, 428261
37.43, 428261
37.44, 428261
37.45, 428261
37.46, 428261
37.47, 428261
37.48, 428261
37.49, 428261
37.5, 428261
37.51, 428261
37.52, 428261
37.53, 428261
37.54, 428261
37.55, 428261
37.56, 428261
37.57, 428261
37.58, 428261
37.59, 428261
37.6, 428261
37.61, 428261
37.62, 428261
37.63, 428261
37.64, 428261
37.65, 428261
37.66, 428261
37.67, 428261
37.68, 428261
37.69, 428261
37.7, 428261
37.71, 428261
37.72, 428261
37.73, 428261
37.74, 428261
37.75, 428261
37.76, 428261
37.77, 428261
37.78, 428261
37.79, 428261
37.8, 428261
37.81, 428261
37.82, 428261
37.83, 428261
37.84, 428261
37.85, 428261
37.86, 428261
37.87, 428261
37.88, 428261
37.89, 428261
37.9, 428261
37.91, 428261
37.92, 428261
37.93, 428261
37.94, 428261
37.95, 428261
37.96, 428261
37.97, 428261
37.98, 428261
37.99, 428261
38.0, 428261
38.01, 428261
38.02, 428261
38.03, 428261
38.04, 428261
38.05, 428261
38.06, 428261
38.07, 428261
38.08, 428261
38.09, 428261
38.1, 428261
38.11, 428261
38.12, 428261
38.13, 428261
38.14, 428261
38.15, 428261
38.16, 428261
38.17, 428261
38.18, 428261
38.19, 428261
38.2, 428261
38.21, 428261
38.22, 428261
38.23, 428261
38.24, 428261
38.25, 428261
38.26, 428261
38.27, 428261
38.28, 428261
38.29, 428261
38.3, 428261
38.31, 428261
38.32, 428261
38.33, 428261
38.34, 428261
38.35, 428261
38.36, 428261
38.37, 428261
38.38, 428261
38.39, 428261
38.4, 428261
38.41, 428261
38.42, 428261
38.43, 428261
38.44, 428261
38.45, 428261
38.46, 428261
38.47, 428261
38.48, 428261
38.49, 428261
38.5, 428261
38.51, 428261
38.52, 428261
38.53, 428261
38.54, 428261
38.55, 428261
38.56, 428261
38.57, 428261
38.58, 428261
38.59, 428261
38.6, 428261
38.61, 428261
38.62, 428261
38.63, 428261
38.64, 428261
38.65, 428261
38.66, 428261
38.67, 428261
38.68, 428261
38.69, 428261
38.7, 428261
38.71, 428261
38.72, 428261
38.73, 428261
38.74, 428261
38.75, 428261
38.76, 428261
38.77, 428261
38.78, 428261
38.79, 428261
38.8, 428261
38.81, 428261
38.82, 428261
38.83, 428261
38.84, 428261
38.85, 428261
38.86, 428261
38.87, 428261
38.88, 428261
38.89, 428261
38.9, 428261
38.91, 428261
38.92, 428261
38.93, 428261
38.94, 428261
38.95, 428261
38.96, 428261
38.97, 428261
38.98, 428261
38.99, 428261
39.0, 428261
39.01, 428261
39.02, 428261
39.03, 428261
39.04, 428261
39.05, 428261
39.06, 428261
39.07, 428261
39.08, 428261
39.09, 428261
39.1, 428261
39.11, 428261
39.12, 428261
39.13, 428261
39.14, 428261
39.15, 428261
39.16, 428261
39.17, 428261
39.18, 428261
39.19, 428261
39.2, 428261
39.21, 428261
39.22, 428261
39.23, 428261
39.24, 428261
39.25, 428261
39.26, 428261
39.27, 428261
39.28, 428261
39.29, 428261
39.3, 428261
39.31, 428261
39.32, 428261
39.33, 428261
39.34, 428261
39.35, 428261
39.36, 428261
39.37, 428261
39.38, 428261
39.39, 428261
39.4, 428261
39.41, 428261
39.42, 428261
39.43, 428261
39.44, 428261
39.45, 428261
39.46, 428261
39.47, 428261
39.48, 428261
39.49, 428261
39.5, 428261
39.51, 428261
39.52, 428261
39.53, 428261
39.54, 428261
39.55, 428261
39.56, 428261
39.57, 428261
39.58, 428261
39.59, 428261
39.6, 428261
39.61, 428261
39.62, 428261
39.63, 428261
39.64, 428261
39.65, 428261
39.66, 428261
39.67, 428261
39.68, 428261
39.69, 428261
39.7, 428261
39.71, 428261
39.72, 428261
39.73, 428261
39.74, 428261
39.75, 428261
39.76, 428261
39.77, 428261
39.78, 428261
39.79, 428261
39.8, 428261
39.81, 428261
39.82, 428261
39.83, 428261
39.84, 428261
39.85, 428261
39.86, 428261
39.87, 428261
39.88, 428261
39.89, 428261
39.9, 428261
39.91, 428261
39.92, 428261
39.93, 428261
39.94, 428261
39.95, 428261
39.96, 428261
39.97, 428261
39.98, 428261
39.99, 428261
40.0, 428261
40.01, 428261
40.02, 428261
40.03, 428261
40.04, 428261
40.05, 428261
40.06, 428261
40.07, 428261
40.08, 428261
40.09, 428261
40.1, 428261
40.11, 428261
40.12, 428261
40.13, 428261
40.14, 428261
40.15, 428261
40.16, 428261
40.17, 428261
40.18, 428261
40.19, 428261
40.2, 428261
40.21, 428261
40.22, 428261
40.23, 428261
40.24, 428261
40.25, 428261
40.26, 428261
40.27, 428261
40.28, 428261
40.29, 428261
40.3, 428261
40.31, 428261
40.32, 428261
40.33, 428261
40.34, 428261
40.35, 428261
40.36, 428261
40.37, 428261
40.38, 428261
40.39, 428261
40.4, 428261
40.41, 428261
40.42, 428261
40.43, 428261
40.44, 428261
40.45, 428261
40.46, 428261
40.47, 428261
40.48, 428261
40.49, 428261
40.5, 428261
40.51, 428261
40.52, 428261
40.53, 428261
40.54, 428261
40.55, 428261
40.56, 428261
40.57, 428261
40.58, 428261
40.59, 428261
40.6, 428261
40.61, 428261
40.62, 428261
40.63, 428261
40.64, 428261
40.65, 428261
40.66, 428261
40.67, 428261
40.68, 428261
40.69, 428261
40.7, 428261
40.71, 428261
40.72, 428261
40.73, 428261
40.74, 428261
40.75, 428261
40.76, 428261
40.77, 428261
40.78, 428261
40.79, 428261
40.8, 428261
40.81, 428261
40.82, 428261
40.83, 428261
40.84, 428261
40.85, 428261
40.86, 428261
40.87, 428261
40.88, 428261
40.89, 428261
40.9, 428261
40.91, 428261
40.92, 428261
40.93, 428261
40.94, 428261
40.95, 428261
40.96, 428261
40.97, 428261
40.98, 428261
40.99, 428261
41.0, 428261
41.01, 428261
41.02, 428261
41.03, 428261
41.04, 428261
41.05, 428261
41.06, 428261
41.07, 428261
41.08, 428261
41.09, 428261
41.1, 428261
41.11, 428261
41.12, 428261
41.13, 428261
41.14, 428261
41.15, 428261
41.16, 428261
41.17, 428261
41.18, 428261
41.19, 428261
41.2, 428261
41.21, 428261
41.22, 428261
41.23, 428261
41.24, 428261
41.25, 428261
41.26, 428261
41.27, 428261
41.28, 428261
41.29, 428261
41.3, 428261
41.31, 428261
41.32, 428261
41.33, 428261
41.34, 428261
41.35, 428261
41.36, 428261
41.37, 428261
41.38, 428261
41.39, 428261
41.4, 428261
41.41, 428261
41.42, 428261
41.43, 428261
41.44, 428261
41.45, 428261
41.46, 428261
41.47, 428261
41.48, 428261
41.49, 428261
41.5, 428261
41.51, 428261
41.52, 428261
41.53, 428261
41.54, 428261
41.55, 428261
41.56, 428261
41.57, 428261
41.58, 428261
41.59, 428261
41.6, 428261
41.61, 428261
41.62, 428261
41.63, 428261
41.64, 428261
41.65, 428261
41.66, 428261
41.67, 428261
41.68, 428261
41.69, 428261
41.7, 428261
41.71, 428261
41.72, 428261
41.73, 428261
41.74, 428261
41.75, 428261
41.76, 428261
41.77, 428261
41.78, 428261
41.79, 428261
41.8, 428261
41.81, 428261
41.82, 428261
41.83, 428261
41.84, 428261
41.85, 428261
41.86, 428261
41.87, 428261
41.88, 428261
41.89, 428261
41.9, 428261
41.91, 428261
41.92, 428261
41.93, 428261
41.94, 428261
41.95, 428261
41.96, 428261
41.97, 428261
41.98, 428261
41.99, 428261
42.0, 428261
42.01, 428261
42.02, 428261
42.03, 428261
42.04, 428261
42.05, 428261
42.06, 428261
42.07, 428261
42.08, 428261
42.09, 428261
42.1, 428261
42.11, 428261
42.12, 428261
42.13, 428261
42.14, 428261
42.15, 428261
42.16, 428261
42.17, 428261
42.18, 428261
42.19, 428261
42.2, 428261
42.21, 428261
42.22, 428261
42.23, 428261
42.24, 428261
42.25, 428261
42.26, 428261
42.27, 428261
42.28, 428261
42.29, 428261
42.3, 428261
42.31, 428261
42.32, 428261
42.33, 428261
42.34, 428261
42.35, 428261
42.36, 428261
42.37, 428261
42.38, 428261
42.39, 428261
42.4, 428261
42.41, 428261
42.42, 428261
42.43, 428261
42.44, 428261
42.45, 428261
42.46, 428261
42.47, 428261
42.48, 428261
42.49, 428261
42.5, 428261
42.51, 428261
42.52, 428261
42.53, 428261
42.54, 428261
42.55, 428261
42.56, 428261
42.57, 428261
42.58, 428261
42.59, 428261
42.6, 428261
42.61, 428261
42.62, 428261
42.63, 428261
42.64, 428261
42.65, 428261
42.66, 428261
42.67, 428261
42.68, 428261
42.69, 428261
42.7, 428261
42.71, 428261
42.72, 428261
42.73, 428261
42.74, 428261
42.75, 428261
42.76, 428261
42.77, 428261
42.78, 428261
42.79, 428261
42.8, 428261
42.81, 428261
42.82, 428261
42.83, 428261
42.84, 428261
42.85, 428261
42.86, 428261
42.87, 428261
42.88, 428261
42.89, 428261
42.9, 428261
42.91, 428261
42.92, 428261
42.93, 428261
42.94, 428261
42.95, 428261
42.96, 428261
42.97, 428261
42.98, 428261
42.99, 428261
43.0, 428261
43.01, 428261
43.02, 428261
43.03, 428261
43.04, 428261
43.05, 428261
43.06, 428261
43.07, 428261
43.08, 428261
43.09, 428261
43.1, 428261
43.11, 428261
43.12, 428261
43.13, 428261
43.14, 428261
43.15, 428261
43.16, 428261
43.17, 428261
43.18, 428261
43.19, 428261
43.2, 428261
43.21, 428261
43.22, 428261
43.23, 428261
43.24, 428261
43.25, 428261
43.26, 428261
43.27, 428261
43.28, 428261
43.29, 428261
43.3, 428261
43.31, 428261
43.32, 428261
43.33, 428261
43.34, 428261
43.35, 428261
43.36, 428261
43.37, 428261
43.38, 428261
43.39, 428261
43.4, 428261
43.41, 428261
43.42, 428261
43.43, 428261
43.44, 428261
43.45, 428261
43.46, 428261
43.47, 428261
43.48, 428261
43.49, 428261
43.5, 428261
43.51, 428261
43.52, 428261
43.53, 428261
43.54, 428261
43.55, 428261
43.56, 428261
43.57, 428261
43.58, 428261
43.59, 428261
43.6, 428261
43.61, 428261
43.62, 428261
43.63, 428261
43.64, 428261
43.65, 428261
43.66, 428261
43.67, 428261
43.68, 428261
43.69, 428261
43.7, 428261
43.71, 428261
43.72, 428261
43.73, 428261
43.74, 428261
43.75, 428261
43.76, 428261
43.77, 428261
43.78, 428261
43.79, 428261
43.8, 428261
43.81, 428261
43.82, 428261
43.83, 428261
43.84, 428261
43.85, 428261
43.86, 428261
43.87, 428261
43.88, 428261
43.89, 428261
43.9, 428261
43.91, 428261
43.92, 428261
43.93, 428261
43.94, 428261
43.95, 428261
43.96, 428261
43.97, 428261
43.98, 428261
43.99, 428261
44.0, 428261
44.01, 428261
44.02, 428261
44.03, 428261
44.04, 428261
44.05, 428261
44.06, 428261
44.07, 428261
44.08, 428261
44.09, 428261
44.1, 428261
44.11, 428261
44.12, 428261
44.13, 428261
44.14, 428261
44.15, 428261
44.16, 428261
44.17, 428261
44.18, 428261
44.19, 428261
44.2, 428261
44.21, 428261
44.22, 428261
44.23, 428261
44.24, 428261
44.25, 428261
44.26, 428261
44.27, 428261
44.28, 428261
44.29, 428261
44.3, 428261
44.31, 428261
44.32, 428261
44.33, 428261
44.34, 428261
44.35, 428261
44.36, 428261
44.37, 428261
44.38, 428261
44.39, 428261
44.4, 428261
44.41, 428261
44.42, 428261
44.43, 428261
44.44, 428261
44.45, 428261
44.46, 428261
44.47, 428261
44.48, 428261
44.49, 428261
44.5, 428261
44.51, 428261
44.52, 428261
44.53, 428261
44.54, 428261
44.55, 428261
44.56, 428261
44.57, 428261
44.58, 428261
44.59, 428261
44.6, 428261
44.61, 428261
44.62, 428261
44.63, 428261
44.64, 428261
44.65, 428261
44.66, 428261
44.67, 428261
44.68, 428261
44.69, 428261
44.7, 428261
44.71, 428261
44.72, 428261
44.73, 428261
44.74, 428261
44.75, 428261
44.76, 428261
44.77, 428261
44.78, 428261
44.79, 428261
44.8, 428261
44.81, 428261
44.82, 428261
44.83, 428261
44.84, 428261
44.85, 428261
44.86, 428261
44.87, 428261
44.88, 428261
44.89, 428261
44.9, 428261
44.91, 428261
44.92, 428261
44.93, 428261
44.94, 428261
44.95, 428261
44.96, 428261
44.97, 428261
44.98, 428261
44.99, 428261
45.0, 428261
45.01, 428261
45.02, 428261
45.03, 428261
45.04, 428261
45.05, 428261
45.06, 428261
45.07, 428261
45.08, 428261
45.09, 428261
45.1, 428261
45.11, 428261
45.12, 428261
45.13, 428261
45.14, 428261
45.15, 428261
45.16, 428261
45.17, 428261
45.18, 428261
45.19, 428261
45.2, 428261
45.21, 428261
45.22, 428261
45.23, 428261
45.24, 428261
45.25, 428261
45.26, 428261
45.27, 428261
45.28, 428261
45.29, 428261
45.3, 428261
45.31, 428261
45.32, 428261
45.33, 428261
45.34, 428261
45.35, 428261
45.36, 428261
45.37, 428261
45.38, 428261
45.39, 428261
45.4, 428261
45.41, 428261
45.42, 428261
45.43, 428261
45.44, 428261
45.45, 428261
45.46, 428261
45.47, 428261
45.48, 428261
45.49, 428261
45.5, 428261
45.51, 428261
45.52, 428261
45.53, 428261
45.54, 428261
45.55, 428261
45.56, 428261
45.57, 428261
45.58, 428261
45.59, 428261
45.6, 428261
45.61, 428261
45.62, 428261
45.63, 428261
45.64, 428261
45.65, 428261
45.66, 428261
45.67, 428261
45.68, 428261
45.69, 428261
45.7, 428261
45.71, 428261
45.72, 428261
45.73, 428261
45.74, 428261
45.75, 428261
45.76, 428261
45.77, 428261
45.78, 428261
45.79, 428261
45.8, 428261
45.81, 428261
45.82, 428261
45.83, 428261
45.84, 428261
45.85, 428261
45.86, 428261
45.87, 428261
45.88, 428261
45.89, 428261
45.9, 428261
45.91, 428261
45.92, 428261
45.93, 428261
45.94, 428261
45.95, 428261
45.96, 428261
45.97, 428261
45.98, 428261
45.99, 428261
46.0, 428261
46.01, 428261
46.02, 428261
46.03, 428261
46.04, 428261
46.05, 428261
46.06, 428261
46.07, 428261
46.08, 428261
46.09, 428261
46.1, 428261
46.11, 428261
46.12, 428261
46.13, 428261
46.14, 428261
46.15, 428261
46.16, 428261
46.17, 428261
46.18, 428261
46.19, 428261
46.2, 428261
46.21, 428261
46.22, 428261
46.23, 428261
46.24, 428261
46.25, 428261
46.26, 428261
46.27, 428261
46.28, 428261
46.29, 428261
46.3, 428261
46.31, 428261
46.32, 428261
46.33, 428261
46.34, 428261
46.35, 428261
46.36, 428261
46.37, 428261
46.38, 428261
46.39, 428261
46.4, 428261
46.41, 428261
46.42, 428261
46.43, 428261
46.44, 428261
46.45, 428261
46.46, 428261
46.47, 428261
46.48, 428261
46.49, 428261
46.5, 428261
46.51, 428261
46.52, 428261
46.53, 428261
46.54, 428261
46.55, 428261
46.56, 428261
46.57, 428261
46.58, 428261
46.59, 428261
46.6, 428261
46.61, 428261
46.62, 428261
46.63, 428261
46.64, 428261
46.65, 428261
46.66, 428261
46.67, 428261
46.68, 428261
46.69, 428261
46.7, 428261
46.71, 428261
46.72, 428261
46.73, 428261
46.74, 428261
46.75, 428261
46.76, 428261
46.77, 428261
46.78, 428261
46.79, 428261
46.8, 428261
46.81, 428261
46.82, 428261
46.83, 428261
46.84, 428261
46.85, 428261
46.86, 428261
46.87, 428261
46.88, 428261
46.89, 428261
46.9, 428261
46.91, 428261
46.92, 428261
46.93, 428261
46.94, 428261
46.95, 428261
46.96, 428261
46.97, 428261
46.98, 428261
46.99, 428261
47.0, 428261
47.01, 428261
47.02, 428261
47.03, 428261
47.04, 428261
47.05, 428261
47.06, 428261
47.07, 428261
47.08, 428261
47.09, 428261
47.1, 428261
47.11, 428261
47.12, 428261
47.13, 428261
47.14, 428261
47.15, 428261
47.16, 428261
47.17, 428261
47.18, 428261
47.19, 428261
47.2, 428261
47.21, 428261
47.22, 428261
47.23, 428261
47.24, 428261
47.25, 428261
47.26, 428261
47.27, 428261
47.28, 428261
47.29, 428261
47.3, 428261
47.31, 428261
47.32, 428261
47.33, 428261
47.34, 428261
47.35, 428261
47.36, 428261
47.37, 428261
47.38, 428261
47.39, 428261
47.4, 428261
47.41, 428261
47.42, 428261
47.43, 428261
47.44, 428261
47.45, 428261
47.46, 428261
47.47, 428261
47.48, 428261
47.49, 428261
47.5, 428261
47.51, 428261
47.52, 428261
47.53, 428261
47.54, 428261
47.55, 428261
47.56, 428261
47.57, 428261
47.58, 428261
47.59, 428261
47.6, 428261
47.61, 428261
47.62, 428261
47.63, 428261
47.64, 428261
47.65, 428261
47.66, 428261
47.67, 428261
47.68, 428261
47.69, 428261
47.7, 428261
47.71, 428261
47.72, 428261
47.73, 428261
47.74, 428261
47.75, 428261
47.76, 428261
47.77, 428261
47.78, 428261
47.79, 428261
47.8, 428261
47.81, 428261
47.82, 428261
47.83, 428261
47.84, 428261
47.85, 428261
47.86, 428261
47.87, 428261
47.88, 428261
47.89, 428261
47.9, 428261
47.91, 428261
47.92, 428261
47.93, 428261
47.94, 428261
47.95, 428261
47.96, 428261
47.97, 428261
47.98, 428261
47.99, 428261
48.0, 428261
48.01, 428261
48.02, 428261
48.03, 428261
48.04, 428261
48.05, 428261
48.06, 428261
48.07, 428261
48.08, 428261
48.09, 428261
48.1, 428261
48.11, 428261
48.12, 428261
48.13, 428261
48.14, 428261
48.15, 428261
48.16, 428261
48.17, 428261
48.18, 428261
48.19, 428261
48.2, 428261
48.21, 428261
48.22, 428261
48.23, 428261
48.24, 428261
48.25, 428261
48.26, 428261
48.27, 428261
48.28, 428261
48.29, 428261
48.3, 428261
48.31, 428261
48.32, 428261
48.33, 428261
48.34, 428261
48.35, 428261
48.36, 428261
48.37, 428261
48.38, 428261
48.39, 428261
48.4, 428261
48.41, 428261
48.42, 428261
48.43, 428261
48.44, 428261
48.45, 428261
48.46, 428261
48.47, 428261
48.48, 428261
48.49, 428261
48.5, 428261
48.51, 428261
48.52, 428261
48.53, 428261
48.54, 428261
48.55, 428261
48.56, 428261
48.57, 428261
48.58, 428261
48.59, 428261
48.6, 428261
48.61, 428261
48.62, 428261
48.63, 428261
48.64, 428261
48.65, 428261
48.66, 428261
48.67, 428261
48.68, 428261
48.69, 428261
48.7, 428261
48.71, 428261
48.72, 428261
48.73, 428261
48.74, 428261
48.75, 428261
48.76, 428261
48.77, 428261
48.78, 428261
48.79, 428261
48.8, 428261
48.81, 428261
48.82, 428261
48.83, 428261
48.84, 428261
48.85, 428261
48.86, 428261
48.87, 428261
48.88, 428261
48.89, 428261
48.9, 428261
48.91, 428261
48.92, 428261
48.93, 428261
48.94, 428261
48.95, 428261
48.96, 428261
48.97, 428261
48.98, 428261
48.99, 428261
49.0, 428261
49.01, 428261
49.02, 428261
49.03, 428261
49.04, 428261
49.05, 428261
49.06, 428261
49.07, 428261
49.08, 428261
49.09, 428261
49.1, 428261
49.11, 428261
49.12, 428261
49.13, 428261
49.14, 428261
49.15, 428261
49.16, 428261
49.17, 428261
49.18, 428261
49.19, 428261
49.2, 428261
49.21, 428261
49.22, 428261
49.23, 428261
49.24, 428261
49.25, 428261
49.26, 428261
49.27, 428261
49.28, 428261
49.29, 428261
49.3, 428261
49.31, 428261
49.32, 428261
49.33, 428261
49.34, 428261
49.35, 428261
49.36, 428261
49.37, 428261
49.38, 428261
49.39, 428261
49.4, 428261
49.41, 428261
49.42, 428261
49.43, 428261
49.44, 428261
49.45, 428261
49.46, 428261
49.47, 428261
49.48, 428261
49.49, 428261
49.5, 428261
49.51, 428261
49.52, 428261
49.53, 428261
49.54, 428261
49.55, 428261
49.56, 428261
49.57, 428261
49.58, 428261
49.59, 428261
49.6, 428261
49.61, 428261
49.62, 428261
49.63, 428261
49.64, 428261
49.65, 428261
49.66, 428261
49.67, 428261
49.68, 428261
49.69, 428261
49.7, 428261
49.71, 428261
49.72, 428261
49.73, 428261
49.74, 428261
49.75, 428261
49.76, 428261
49.77, 428261
49.78, 428261
49.79, 428261
49.8, 428261
49.81, 428261
49.82, 428261
49.83, 428261
49.84, 428261
49.85, 428261
49.86, 428261
49.87, 428261
49.88, 428261
49.89, 428261
49.9, 428261
49.91, 428261
49.92, 428261
49.93, 428261
49.94, 428261
49.95, 428261
49.96, 428261
49.97, 428261
49.98, 428261
49.99, 428261
50.0, 428261
50.01, 428261
50.02, 428261
50.03, 428261
50.04, 428261
50.05, 428261
50.06, 428261
50.07, 428261
50.08, 428261
50.09, 428261
50.1, 428261
50.11, 428261
50.12, 428261
50.13, 428261
50.14, 428261
50.15, 428261
50.16, 428261
50.17, 428261
50.18, 428261
50.19, 428261
50.2, 428261
50.21, 428261
50.22, 428261
50.23, 428261
50.24, 428261
50.25, 428261
50.26, 428261
50.27, 428261
50.28, 428261
50.29, 428261
50.3, 428261
50.31, 428261
50.32, 428261
50.33, 428261
50.34, 428261
50.35, 428261
50.36, 428261
50.37, 428261
50.38, 428261
50.39, 428261
50.4, 428261
50.41, 428261
50.42, 428261
50.43, 428261
50.44, 428261
50.45, 428261
50.46, 428261
50.47, 428261
50.48, 428261
50.49, 428261
50.5, 428261
50.51, 428261
50.52, 428261
50.53, 428261
50.54, 428261
50.55, 428261
50.56, 428261
50.57, 428261
50.58, 428261
50.59, 428261
50.6, 428261
50.61, 428261
50.62, 428261
50.63, 428261
50.64, 428261
50.65, 428261
50.66, 428261
50.67, 428261
50.68, 428261
50.69, 428261
50.7, 428261
50.71, 428261
50.72, 428261
50.73, 428261
50.74, 428261
50.75, 428261
50.76, 428261
50.77, 428261
50.78, 428261
50.79, 428261
50.8, 428261
50.81, 428261
50.82, 428261
50.83, 428261
50.84, 428261
50.85, 428261
50.86, 428261
50.87, 428261
50.88, 428261
50.89, 428261
50.9, 428261
50.91, 428261
50.92, 428261
50.93, 428261
50.94, 428261
50.95, 428261
50.96, 428261
50.97, 428261
50.98, 428261
50.99, 428261
51.0, 428261
51.01, 428261
51.02, 428261
51.03, 428261
51.04, 428261
51.05, 428261
51.06, 428261
51.07, 428261
51.08, 428261
51.09, 428261
51.1, 428261
51.11, 428261
51.12, 428261
51.13, 428261
51.14, 428261
51.15, 428261
51.16, 428261
51.17, 428261
51.18, 428261
51.19, 428261
51.2, 428261
51.21, 428261
51.22, 428261
51.23, 428261
51.24, 428261
51.25, 428261
51.26, 428261
51.27, 428261
51.28, 428261
51.29, 428261
51.3, 428261
51.31, 428261
51.32, 428261
51.33, 428261
51.34, 428261
51.35, 428261
51.36, 428261
51.37, 428261
51.38, 428261
51.39, 428261
51.4, 428261
51.41, 428261
51.42, 428261
51.43, 428261
51.44, 428261
51.45, 428261
51.46, 428261
51.47, 428261
51.48, 428261
51.49, 428261
51.5, 428261
51.51, 428261
51.52, 428261
51.53, 428261
51.54, 428261
51.55, 428261
51.56, 428261
51.57, 428261
51.58, 428261
51.59, 428261
51.6, 428261
51.61, 428261
51.62, 428261
51.63, 428261
51.64, 428261
51.65, 428261
51.66, 428261
51.67, 428261
51.68, 428261
51.69, 428261
51.7, 428261
51.71, 428261
51.72, 428261
51.73, 428261
51.74, 428261
51.75, 428261
51.76, 428261
51.77, 428261
51.78, 428261
51.79, 428261
51.8, 428261
51.81, 428261
51.82, 428261
51.83, 428261
51.84, 428261
51.85, 428261
51.86, 428261
51.87, 428261
51.88, 428261
51.89, 428261
51.9, 428261
51.91, 428261
51.92, 428261
51.93, 428261
51.94, 428261
51.95, 428261
51.96, 428261
51.97, 428261
51.98, 428261
51.99, 428261
52.0, 428261
52.01, 428261
52.02, 428261
52.03, 428261
52.04, 428261
52.05, 428261
52.06, 428261
52.07, 428261
52.08, 428261
52.09, 428261
52.1, 428261
52.11, 428261
52.12, 428261
52.13, 428261
52.14, 428261
52.15, 428261
52.16, 428261
52.17, 428261
52.18, 428261
52.19, 428261
52.2, 428261
52.21, 428261
52.22, 428261
52.23, 428261
52.24, 428261
52.25, 428261
52.26, 428261
52.27, 428261
52.28, 428261
52.29, 428261
52.3, 428261
52.31, 428261
52.32, 428261
52.33, 428261
52.34, 428261
52.35, 428261
52.36, 428261
52.37, 428261
52.38, 428261
52.39, 428261
52.4, 428261
52.41, 428261
52.42, 428261
52.43, 428261
52.44, 428261
52.45, 428261
52.46, 428261
52.47, 428261
52.48, 428261
52.49, 428261
52.5, 428261
52.51, 428261
52.52, 428261
52.53, 428261
52.54, 428261
52.55, 428261
52.56, 428261
52.57, 428261
52.58, 428261
52.59, 428261
52.6, 428261
52.61, 428261
52.62, 428261
52.63, 428261
52.64, 428261
52.65, 428261
52.66, 428261
52.67, 428261
52.68, 428261
52.69, 428261
52.7, 428261
52.71, 428261
52.72, 428261
52.73, 428261
52.74, 428261
52.75, 428261
52.76, 428261
52.77, 428261
52.78, 428261
52.79, 428261
52.8, 428261
52.81, 428261
52.82, 428261
52.83, 428261
52.84, 428261
52.85, 428261
52.86, 428261
52.87, 428261
52.88, 428261
52.89, 428261
52.9, 428261
52.91, 428261
52.92, 428261
52.93, 428261
52.94, 428261
52.95, 428261
52.96, 428261
52.97, 428261
52.98, 428261
52.99, 428261
53.0, 428261
53.01, 428261
53.02, 428261
53.03, 428261
53.04, 428261
53.05, 428261
53.06, 428261
53.07, 428261
53.08, 428261
53.09, 428261
53.1, 428261
53.11, 428261
53.12, 428261
53.13, 428261
53.14, 428261
53.15, 428261
53.16, 428261
53.17, 428261
53.18, 428261
53.19, 428261
53.2, 428261
53.21, 428261
53.22, 428261
53.23, 428261
53.24, 428261
53.25, 428261
53.26, 428261
53.27, 428261
53.28, 428261
53.29, 428261
53.3, 428261
53.31, 428261
53.32, 428261
53.33, 428261
53.34, 428261
53.35, 428261
53.36, 428261
53.37, 428261
53.38, 428261
53.39, 428261
53.4, 428261
53.41, 428261
53.42, 428261
53.43, 428261
53.44, 428261
53.45, 428261
53.46, 428261
53.47, 428261
53.48, 428261
53.49, 428261
53.5, 428261
53.51, 428261
53.52, 428261
53.53, 428261
53.54, 428261
53.55, 428261
53.56, 428261
53.57, 428261
53.58, 428261
53.59, 428261
53.6, 428261
53.61, 428261
53.62, 428261
53.63, 428261
53.64, 428261
53.65, 428261
53.66, 428261
53.67, 428261
53.68, 428261
53.69, 428261
53.7, 428261
53.71, 428261
53.72, 428261
53.73, 428261
53.74, 428261
53.75, 428261
53.76, 428261
53.77, 428261
53.78, 428261
53.79, 428261
53.8, 428261
53.81, 428261
53.82, 428261
53.83, 428261
53.84, 428261
53.85, 428261
53.86, 428261
53.87, 428261
53.88, 428261
53.89, 428261
53.9, 428261
53.91, 428261
53.92, 428261
53.93, 428261
53.94, 428261
53.95, 428261
53.96, 428261
53.97, 428261
53.98, 428261
53.99, 428261
54.0, 428261
54.01, 428261
54.02, 428261
54.03, 428261
54.04, 428261
54.05, 428261
54.06, 428261
54.07, 428261
54.08, 428261
54.09, 428261
54.1, 428261
54.11, 428261
54.12, 428261
54.13, 428261
54.14, 428261
54.15, 428261
54.16, 428261
54.17, 428261
54.18, 428261
54.19, 428261
54.2, 428261
54.21, 428261
54.22, 428261
54.23, 428261
54.24, 428261
54.25, 428261
54.26, 428261
54.27, 428261
54.28, 428261
54.29, 428261
54.3, 428261
54.31, 428261
54.32, 428261
54.33, 428261
54.34, 428261
54.35, 428261
54.36, 428261
54.37, 428261
54.38, 428261
54.39, 428261
54.4, 428261
54.41, 428261
54.42, 428261
54.43, 428261
54.44, 428261
54.45, 428261
54.46, 428261
54.47, 428261
54.48, 428261
54.49, 428261
54.5, 428261
54.51, 428261
54.52, 428261
54.53, 428261
54.54, 428261
54.55, 428261
54.56, 428261
54.57, 428261
54.58, 428261
54.59, 428261
54.6, 428261
54.61, 428261
54.62, 428261
54.63, 428261
54.64, 428261
54.65, 428261
54.66, 428261
54.67, 428261
54.68, 428261
54.69, 428261
54.7, 428261
54.71, 428261
54.72, 428261
54.73, 428261
54.74, 428261
54.75, 428261
54.76, 428261
54.77, 428261
54.78, 428261
54.79, 428261
54.8, 428261
54.81, 428261
54.82, 428261
54.83, 428261
54.84, 428261
54.85, 428261
54.86, 428261
54.87, 428261
54.88, 428261
54.89, 428261
54.9, 428261
54.91, 428261
54.92, 428261
54.93, 428261
54.94, 428261
54.95, 428261
54.96, 428261
54.97, 428261
54.98, 428261
54.99, 428261
55.0, 428261
55.01, 428261
55.02, 428261
55.03, 428261
55.04, 428261
55.05, 428261
55.06, 428261
55.07, 428261
55.08, 428261
55.09, 428261
55.1, 428261
55.11, 428261
55.12, 428261
55.13, 428261
55.14, 428261
55.15, 428261
55.16, 428261
55.17, 428261
55.18, 428261
55.19, 428261
55.2, 428261
55.21, 428261
55.22, 428261
55.23, 428261
55.24, 428261
55.25, 428261
55.26, 428261
55.27, 428261
55.28, 428261
55.29, 428261
55.3, 428261
55.31, 428261
55.32, 428261
55.33, 428261
55.34, 428261
55.35, 428261
55.36, 428261
55.37, 428261
55.38, 428261
55.39, 428261
55.4, 428261
55.41, 428261
55.42, 428261
55.43, 428261
55.44, 428261
55.45, 428261
55.46, 428261
55.47, 428261
55.48, 428261
55.49, 428261
55.5, 428261
55.51, 428261
55.52, 428261
55.53, 428261
55.54, 428261
55.55, 428261
55.56, 428261
55.57, 428261
55.58, 428261
55.59, 428261
55.6, 428261
55.61, 428261
55.62, 428261
55.63, 428261
55.64, 428261
55.65, 428261
55.66, 428261
55.67, 428261
55.68, 428261
55.69, 428261
55.7, 428261
55.71, 428261
55.72, 428261
55.73, 428261
55.74, 428261
55.75, 428261
55.76, 428261
55.77, 428261
55.78, 428261
55.79, 428261
55.8, 428261
55.81, 428261
55.82, 428261
55.83, 428261
55.84, 428261
55.85, 428261
55.86, 428261
55.87, 428261
55.88, 428261
55.89, 428261
55.9, 428261
55.91, 428261
55.92, 428261
55.93, 428261
55.94, 428261
55.95, 428261
55.96, 428261
55.97, 428261
55.98, 428261
55.99, 428261
56.0, 428261
56.01, 428261
56.02, 428261
56.03, 428261
56.04, 428261
56.05, 428261
56.06, 428261
56.07, 428261
56.08, 428261
56.09, 428261
56.1, 428261
56.11, 428261
56.12, 428261
56.13, 428261
56.14, 428261
56.15, 428261
56.16, 428261
56.17, 428261
56.18, 428261
56.19, 428261
56.2, 428261
56.21, 428261
56.22, 428261
56.23, 428261
56.24, 428261
56.25, 428261
56.26, 428261
56.27, 428261
56.28, 428261
56.29, 428261
56.3, 428261
56.31, 428261
56.32, 428261
56.33, 428261
56.34, 428261
56.35, 428261
56.36, 428261
56.37, 428261
56.38, 428261
56.39, 428261
56.4, 428261
56.41, 428261
56.42, 428261
56.43, 428261
56.44, 428261
56.45, 428261
56.46, 428261
56.47, 428261
56.48, 428261
56.49, 428261
56.5, 428261
56.51, 428261
56.52, 428261
56.53, 428261
56.54, 428261
56.55, 428261
56.56, 428261
56.57, 428261
56.58, 428261
56.59, 428261
56.6, 428261
56.61, 428261
56.62, 428261
56.63, 428261
56.64, 428261
56.65, 428261
56.66, 428261
56.67, 428261
56.68, 428261
56.69, 428261
56.7, 428261
56.71, 428261
56.72, 428261
56.73, 428261
56.74, 428261
56.75, 428261
56.76, 428261
56.77, 428261
56.78, 428261
56.79, 428261
56.8, 428261
56.81, 428261
56.82, 428261
56.83, 428261
56.84, 428261
56.85, 428261
56.86, 428261
56.87, 428261
56.88, 428261
56.89, 428261
56.9, 428261
56.91, 428261
56.92, 428261
56.93, 428261
56.94, 428261
56.95, 428261
56.96, 428261
56.97, 428261
56.98, 428261
56.99, 428261
57.0, 428261
57.01, 428261
57.02, 428261
57.03, 428261
57.04, 428261
57.05, 428261
57.06, 428261
57.07, 428261
57.08, 428261
57.09, 428261
57.1, 428261
57.11, 428261
57.12, 428261
57.13, 428261
57.14, 428261
57.15, 428261
57.16, 428261
57.17, 428261
57.18, 428261
57.19, 428261
57.2, 428261
57.21, 428261
57.22, 428261
57.23, 428261
57.24, 428261
57.25, 428261
57.26, 428261
57.27, 428261
57.28, 428261
57.29, 428261
57.3, 428261
57.31, 428261
57.32, 428261
57.33, 428261
57.34, 428261
57.35, 428261
57.36, 428261
57.37, 428261
57.38, 428261
57.39, 428261
57.4, 428261
57.41, 428261
57.42, 428261
57.43, 428261
57.44, 428261
57.45, 428261
57.46, 428261
57.47, 428261
57.48, 428261
57.49, 428261
57.5, 428261
57.51, 428261
57.52, 428261
57.53, 428261
57.54, 428261
57.55, 428261
57.56, 428261
57.57, 428261
57.58, 428261
57.59, 428261
57.6, 428261
57.61, 428261
57.62, 428261
57.63, 428261
57.64, 428261
57.65, 428261
57.66, 428261
57.67, 428261
57.68, 428261
57.69, 428261
57.7, 428261
57.71, 428261
57.72, 428261
57.73, 428261
57.74, 428261
57.75, 428261
57.76, 428261
57.77, 428261
57.78, 428261
57.79, 428261
57.8, 428261
57.81, 428261
57.82, 428261
57.83, 428261
57.84, 428261
57.85, 428261
57.86, 428261
57.87, 428261
57.88, 428261
57.89, 428261
57.9, 428261
57.91, 428261
57.92, 428261
57.93, 428261
57.94, 428261
57.95, 428261
57.96, 428261
57.97, 428261
57.98, 428261
57.99, 428261
58.0, 428261
58.01, 428261
58.02, 428261
58.03, 428261
58.04, 428261
58.05, 428261
58.06, 428261
58.07, 428261
58.08, 428261
58.09, 428261
58.1, 428261
58.11, 428261
58.12, 428261
58.13, 428261
58.14, 428261
58.15, 428261
58.16, 428261
58.17, 428261
58.18, 428261
58.19, 428261
58.2, 428261
58.21, 428261
58.22, 428261
58.23, 428261
58.24, 428261
58.25, 428261
58.26, 428261
58.27, 428261
58.28, 428261
58.29, 428261
58.3, 428261
58.31, 428261
58.32, 428261
58.33, 428261
58.34, 428261
58.35, 428261
58.36, 428261
58.37, 428261
58.38, 428261
58.39, 428261
58.4, 428261
58.41, 428261
58.42, 428261
58.43, 428261
58.44, 428261
58.45, 428261
58.46, 428261
58.47, 428261
58.48, 428261
58.49, 428261
58.5, 428261
58.51, 428261
58.52, 428261
58.53, 428261
58.54, 428261
58.55, 428261
58.56, 428261
58.57, 428261
58.58, 428261
58.59, 428261
58.6, 428261
58.61, 428261
58.62, 428261
58.63, 428261
58.64, 428261
58.65, 428261
58.66, 428261
58.67, 428261
58.68, 428261
58.69, 428261
58.7, 428261
58.71, 428261
58.72, 428261
58.73, 428261
58.74, 428261
58.75, 428261
58.76, 428261
58.77, 428261
58.78, 428261
58.79, 428261
58.8, 428261
58.81, 428261
58.82, 428261
58.83, 428261
58.84, 428261
58.85, 428261
58.86, 428261
58.87, 428261
58.88, 428261
58.89, 428261
58.9, 428261
58.91, 428261
58.92, 428261
58.93, 428261
58.94, 428261
58.95, 428261
58.96, 428261
58.97, 428261
58.98, 428261
58.99, 428261
59.0, 428261
59.01, 428261
59.02, 428261
59.03, 428261
59.04, 428261
59.05, 428261
59.06, 428261
59.07, 428261
59.08, 428261
59.09, 428261
59.1, 428261
59.11, 428261
59.12, 428261
59.13, 428261
59.14, 428261
59.15, 428261
59.16, 428261
59.17, 428261
59.18, 428261
59.19, 428261
59.2, 428261
59.21, 428261
59.22, 428261
59.23, 428261
59.24, 428261
59.25, 428261
59.26, 428261
59.27, 428261
59.28, 428261
59.29, 428261
59.3, 428261
59.31, 428261
59.32, 428261
59.33, 428261
59.34, 428261
59.35, 428261
59.36, 428261
59.37, 428261
59.38, 428261
59.39, 428261
59.4, 428261
59.41, 428261
59.42, 428261
59.43, 428261
59.44, 428261
59.45, 428261
59.46, 428261
59.47, 428261
59.48, 428261
59.49, 428261
59.5, 428261
59.51, 428261
59.52, 428261
59.53, 428261
59.54, 428261
59.55, 428261
59.56, 428261
59.57, 428261
59.58, 428261
59.59, 428261
59.6, 428261
59.61, 428261
59.62, 428261
59.63, 428261
59.64, 428261
59.65, 428261
59.66, 428261
59.67, 428261
59.68, 428261
59.69, 428261
59.7, 428261
59.71, 428261
59.72, 428261
59.73, 428261
59.74, 428261
59.75, 428261
59.76, 428261
59.77, 428261
59.78, 428261
59.79, 428261
59.8, 428261
59.81, 428261
59.82, 428261
59.83, 428261
59.84, 428261
59.85, 428261
59.86, 428261
59.87, 428261
59.88, 428261
59.89, 428261
59.9, 428261
59.91, 428261
59.92, 428261
59.93, 428261
59.94, 428261
59.95, 428261
59.96, 428261
59.97, 428261
59.98, 428261
59.99, 428261
