0.0, 497978
0.01, 497978
0.02, 497978
0.03, 497978
0.04, 497978
0.05, 490350
0.06, 490350
0.07, 467353
0.08, 467353
0.09, 459120
0.1, 459120
0.11, 459120
0.12, 459120
0.13, 459120
0.14, 459120
0.15, 459120
0.16, 459120
0.17, 459120
0.18, 459120
0.19, 459120
0.2, 459120
0.21, 459120
0.22, 459120
0.23, 459120
0.24, 459120
0.25, 459120
0.26, 459120
0.27, 459120
0.28, 459120
0.29, 459120
0.3, 459120
0.31, 459120
0.32, 459120
0.33, 459120
0.34, 459120
0.35, 459120
0.36, 459120
0.37, 459120
0.38, 459120
0.39, 459120
0.4, 459120
0.41, 459120
0.42, 459120
0.43, 459120
0.44, 459120
0.45, 459120
0.46, 459120
0.47, 459120
0.48, 459120
0.49, 459120
0.5, 459120
0.51, 459120
0.52, 459120
0.53, 459120
0.54, 459120
0.55, 459120
0.56, 459120
0.57, 450884
0.58, 450884
0.59, 450884
0.6, 450884
0.61, 450884
0.62, 450884
0.63, 450884
0.64, 450884
0.65, 450884
0.66, 450884
0.67, 450884
0.68, 450884
0.69, 450884
0.7, 450884
0.71, 450884
0.72, 450884
0.73, 450884
0.74, 450884
0.75, 450884
0.76, 450884
0.77, 450884
0.78, 450884
0.79, 450884
0.8, 450884
0.81, 450884
0.82, 450884
0.83, 450884
0.84, 450884
0.85, 450884
0.86, 450884
0.87, 450884
0.88, 450884
0.89, 450884
0.9, 450884
0.91, 450884
0.92, 450884
0.93, 450884
0.94, 450884
0.95, 450884
0.96, 450884
0.97, 450884
0.98, 450884
0.99, 450884
1.0, 450884
1.01, 450884
1.02, 450884
1.03, 450884
1.04, 450884
1.05, 450884
1.06, 450884
1.07, 450884
1.08, 450884
1.09, 450884
1.1, 450884
1.11, 450884
1.12, 450884
1.13, 450884
1.14, 450884
1.15, 450884
1.16, 450884
1.17, 450884
1.18, 450884
1.19, 450884
1.2, 450884
1.21, 450884
1.22, 450884
1.23, 450884
1.24, 450884
1.25, 450884
1.26, 450884
1.27, 450884
1.28, 450884
1.29, 450884
1.3, 450884
1.31, 450884
1.32, 450884
1.33, 450884
1.34, 444934
1.35, 444934
1.36, 444934
1.37, 444934
1.38, 444934
1.39, 444934
1.4, 444934
1.41, 444934
1.42, 444934
1.43, 444934
1.44, 444934
1.45, 444934
1.46, 444934
1.47, 444934
1.48, 444934
1.49, 444934
1.5, 444934
1.51, 444934
1.52, 444934
1.53, 444934
1.54, 444934
1.55, 444934
1.56, 444934
1.57, 444934
1.58, 444934
1.59, 444934
1.6, 444934
1.61, 444934
1.62, 444934
1.63, 444934
1.64, 444934
1.65, 444934
1.66, 444934
1.67, 444934
1.68, 444934
1.69, 444934
1.7, 444934
1.71, 444934
1.72, 444934
1.73, 444934
1.74, 444934
1.75, 444934
1.76, 444934
1.77, 444934
1.78, 444934
1.79, 444934
1.8, 444934
1.81, 444934
1.82, 444934
1.83, 444934
1.84, 444934
1.85, 444934
1.86, 444934
1.87, 444934
1.88, 444934
1.89, 444934
1.9, 444934
1.91, 444934
1.92, 444934
1.93, 444934
1.94, 444934
1.95, 444934
1.96, 444934
1.97, 444934
1.98, 444934
1.99, 444934
2.0, 444934
2.01, 444934
2.02, 444934
2.03, 444934
2.04, 444934
2.05, 444934
2.06, 444934
2.07, 444934
2.08, 444934
2.09, 444934
2.1, 444934
2.11, 444934
2.12, 444934
2.13, 444934
2.14, 444934
2.15, 444934
2.16, 444934
2.17, 444934
2.18, 444934
2.19, 444934
2.2, 444934
2.21, 444934
2.22, 444934
2.23, 444934
2.24, 444934
2.25, 444934
2.26, 444934
2.27, 444934
2.28, 444934
2.29, 444934
2.3, 444934
2.31, 444934
2.32, 444934
2.33, 444934
2.34, 444934
2.35, 444934
2.36, 444934
2.37, 444934
2.38, 444934
2.39, 444934
2.4, 444934
2.41, 444934
2.42, 444934
2.43, 444934
2.44, 444934
2.45, 444934
2.46, 444934
2.47, 444934
2.48, 444934
2.49, 444934
2.5, 444934
2.51, 444934
2.52, 444934
2.53, 444934
2.54, 444934
2.55, 444934
2.56, 444934
2.57, 444934
2.58, 444934
2.59, 444934
2.6, 444934
2.61, 444934
2.62, 444934
2.63, 444934
2.64, 444934
2.65, 444934
2.66, 444934
2.67, 444934
2.68, 444934
2.69, 444934
2.7, 444934
2.71, 444934
2.72, 444934
2.73, 444934
2.74, 444934
2.75, 444934
2.76, 444934
2.77, 444934
2.78, 444934
2.79, 444934
2.8, 444934
2.81, 444934
2.82, 444934
2.83, 444934
2.84, 444934
2.85, 444934
2.86, 444934
2.87, 444934
2.88, 444934
2.89, 444934
2.9, 444934
2.91, 444934
2.92, 444934
2.93, 444934
2.94, 444934
2.95, 444934
2.96, 444934
2.97, 444934
2.98, 444934
2.99, 444934
3.0, 444934
3.01, 444934
3.02, 444934
3.03, 444934
3.04, 444934
3.05, 444934
3.06, 444934
3.07, 444934
3.08, 444934
3.09, 444934
3.1, 444934
3.11, 444934
3.12, 444934
3.13, 444934
3.14, 444934
3.15, 444934
3.16, 444934
3.17, 444934
3.18, 444934
3.19, 444934
3.2, 444934
3.21, 444934
3.22, 444934
3.23, 444934
3.24, 444934
3.25, 444934
3.26, 444934
3.27, 444934
3.28, 444934
3.29, 444934
3.3, 444934
3.31, 444934
3.32, 444934
3.33, 444934
3.34, 444934
3.35, 444934
3.36, 444934
3.37, 444934
3.38, 444934
3.39, 444934
3.4, 444934
3.41, 444934
3.42, 444934
3.43, 444934
3.44, 444934
3.45, 444934
3.46, 444934
3.47, 444934
3.48, 444934
3.49, 444934
3.5, 444934
3.51, 444934
3.52, 444934
3.53, 444934
3.54, 444934
3.55, 444934
3.56, 444934
3.57, 444934
3.58, 444934
3.59, 444934
3.6, 444934
3.61, 444934
3.62, 444934
3.63, 444934
3.64, 444934
3.65, 444934
3.66, 444934
3.67, 444934
3.68, 444934
3.69, 444934
3.7, 444934
3.71, 444934
3.72, 444934
3.73, 444934
3.74, 444934
3.75, 444934
3.76, 444934
3.77, 444934
3.78, 444934
3.79, 444934
3.8, 444934
3.81, 444934
3.82, 444934
3.83, 444934
3.84, 444934
3.85, 444934
3.86, 444934
3.87, 444934
3.88, 444934
3.89, 444934
3.9, 444934
3.91, 444934
3.92, 444934
3.93, 444934
3.94, 444934
3.95, 444934
3.96, 444934
3.97, 444934
3.98, 444934
3.99, 444934
4.0, 444934
4.01, 444934
4.02, 444934
4.03, 444934
4.04, 444934
4.05, 444934
4.06, 444934
4.07, 444934
4.08, 444934
4.09, 444934
4.1, 444934
4.11, 444934
4.12, 444934
4.13, 444934
4.14, 444934
4.15, 444934
4.16, 444934
4.17, 444934
4.18, 444934
4.19, 444934
4.2, 444934
4.21, 444934
4.22, 444934
4.23, 444934
4.24, 444934
4.25, 444934
4.26, 444934
4.27, 444934
4.28, 444934
4.29, 444934
4.3, 444934
4.31, 444934
4.32, 444934
4.33, 444934
4.34, 444934
4.35, 444934
4.36, 444934
4.37, 444934
4.38, 444934
4.39, 444934
4.4, 444934
4.41, 444934
4.42, 444934
4.43, 444934
4.44, 444934
4.45, 444934
4.46, 444934
4.47, 444934
4.48, 444934
4.49, 444934
4.5, 444934
4.51, 444934
4.52, 444934
4.53, 444934
4.54, 444934
4.55, 444934
4.56, 444934
4.57, 444934
4.58, 444934
4.59, 444934
4.6, 444934
4.61, 444934
4.62, 444934
4.63, 444934
4.64, 444934
4.65, 444934
4.66, 444934
4.67, 444934
4.68, 444934
4.69, 444934
4.7, 444934
4.71, 444934
4.72, 444934
4.73, 444934
4.74, 444934
4.75, 444934
4.76, 444934
4.77, 444934
4.78, 444934
4.79, 444934
4.8, 444934
4.81, 444934
4.82, 444934
4.83, 444934
4.84, 444934
4.85, 444934
4.86, 444934
4.87, 444934
4.88, 444934
4.89, 444934
4.9, 444934
4.91, 444934
4.92, 444934
4.93, 444934
4.94, 444934
4.95, 444934
4.96, 444934
4.97, 444934
4.98, 444934
4.99, 444934
5.0, 444934
5.01, 444934
5.02, 444934
5.03, 444934
5.04, 444934
5.05, 444934
5.06, 444934
5.07, 444934
5.08, 444934
5.09, 444934
5.1, 444934
5.11, 444934
5.12, 444934
5.13, 444934
5.14, 444934
5.15, 444934
5.16, 444934
5.17, 444934
5.18, 444934
5.19, 444934
5.2, 444934
5.21, 444934
5.22, 444934
5.23, 444934
5.24, 444934
5.25, 444934
5.26, 444934
5.27, 444934
5.28, 444934
5.29, 444934
5.3, 444934
5.31, 444934
5.32, 444934
5.33, 444934
5.34, 444934
5.35, 444934
5.36, 444934
5.37, 444934
5.38, 444934
5.39, 444934
5.4, 444934
5.41, 444934
5.42, 444934
5.43, 444934
5.44, 444934
5.45, 444934
5.46, 444934
5.47, 444934
5.48, 444934
5.49, 444934
5.5, 444934
5.51, 444934
5.52, 444934
5.53, 444934
5.54, 444934
5.55, 444934
5.56, 444934
5.57, 444934
5.58, 444934
5.59, 444934
5.6, 444934
5.61, 444934
5.62, 444934
5.63, 444934
5.64, 444934
5.65, 444934
5.66, 444934
5.67, 444934
5.68, 444934
5.69, 444934
5.7, 444934
5.71, 444934
5.72, 444934
5.73, 444934
5.74, 444934
5.75, 444934
5.76, 444934
5.77, 444934
5.78, 444934
5.79, 444934
5.8, 444934
5.81, 444934
5.82, 444934
5.83, 444934
5.84, 444934
5.85, 444934
5.86, 444934
5.87, 444934
5.88, 444934
5.89, 444934
5.9, 444934
5.91, 444934
5.92, 444934
5.93, 444934
5.94, 444934
5.95, 444934
5.96, 444934
5.97, 444934
5.98, 444934
5.99, 444934
6.0, 444934
6.01, 444934
6.02, 444934
6.03, 444934
6.04, 444934
6.05, 444934
6.06, 444934
6.07, 444934
6.08, 444934
6.09, 444934
6.1, 444934
6.11, 444934
6.12, 444934
6.13, 444934
6.14, 444934
6.15, 444934
6.16, 444934
6.17, 444934
6.18, 444934
6.19, 444934
6.2, 444934
6.21, 444934
6.22, 444934
6.23, 444934
6.24, 444934
6.25, 444934
6.26, 444934
6.27, 444934
6.28, 444934
6.29, 444934
6.3, 444934
6.31, 444934
6.32, 444934
6.33, 444934
6.34, 444934
6.35, 444934
6.36, 444934
6.37, 444934
6.38, 444934
6.39, 444934
6.4, 444934
6.41, 444934
6.42, 444934
6.43, 444934
6.44, 444934
6.45, 444934
6.46, 444934
6.47, 444934
6.48, 444934
6.49, 444934
6.5, 444934
6.51, 444934
6.52, 444934
6.53, 444934
6.54, 444934
6.55, 444934
6.56, 444934
6.57, 444934
6.58, 444934
6.59, 444934
6.6, 444934
6.61, 444934
6.62, 444934
6.63, 444934
6.64, 444934
6.65, 444934
6.66, 444934
6.67, 444934
6.68, 444934
6.69, 444934
6.7, 444934
6.71, 444934
6.72, 444934
6.73, 444934
6.74, 444934
6.75, 444934
6.76, 444934
6.77, 444934
6.78, 444934
6.79, 444934
6.8, 444934
6.81, 444934
6.82, 444934
6.83, 444934
6.84, 444934
6.85, 444934
6.86, 444934
6.87, 444934
6.88, 444934
6.89, 444934
6.9, 444934
6.91, 444934
6.92, 444934
6.93, 444934
6.94, 444934
6.95, 444934
6.96, 444934
6.97, 444934
6.98, 444934
6.99, 444934
7.0, 444934
7.01, 444934
7.02, 444934
7.03, 444934
7.04, 444934
7.05, 444934
7.06, 444934
7.07, 444934
7.08, 444934
7.09, 444934
7.1, 444934
7.11, 444934
7.12, 444934
7.13, 444934
7.14, 444934
7.15, 444934
7.16, 444934
7.17, 444934
7.18, 444934
7.19, 444934
7.2, 444934
7.21, 444934
7.22, 444934
7.23, 444934
7.24, 444934
7.25, 444934
7.26, 444934
7.27, 444934
7.28, 444934
7.29, 444934
7.3, 444934
7.31, 444934
7.32, 444934
7.33, 444934
7.34, 444934
7.35, 444934
7.36, 444934
7.37, 444934
7.38, 444934
7.39, 444934
7.4, 444934
7.41, 444934
7.42, 444934
7.43, 444934
7.44, 444934
7.45, 444934
7.46, 444934
7.47, 444934
7.48, 444934
7.49, 444934
7.5, 444934
7.51, 444934
7.52, 444934
7.53, 444934
7.54, 444934
7.55, 444934
7.56, 444934
7.57, 444934
7.58, 444934
7.59, 444934
7.6, 444934
7.61, 444934
7.62, 444934
7.63, 444934
7.64, 444934
7.65, 444934
7.66, 444934
7.67, 444934
7.68, 444934
7.69, 444934
7.7, 444934
7.71, 444934
7.72, 444934
7.73, 444934
7.74, 444934
7.75, 444934
7.76, 444934
7.77, 444934
7.78, 444934
7.79, 444934
7.8, 444934
7.81, 444934
7.82, 444934
7.83, 444934
7.84, 444934
7.85, 444934
7.86, 444934
7.87, 444934
7.88, 444934
7.89, 444934
7.9, 444934
7.91, 444934
7.92, 444934
7.93, 444934
7.94, 444934
7.95, 444934
7.96, 444934
7.97, 444934
7.98, 444934
7.99, 444934
8.0, 444934
8.01, 444934
8.02, 444934
8.03, 444934
8.04, 444934
8.05, 444934
8.06, 444934
8.07, 444934
8.08, 444934
8.09, 444934
8.1, 444934
8.11, 444934
8.12, 444934
8.13, 444934
8.14, 444934
8.15, 444934
8.16, 444934
8.17, 444934
8.18, 444934
8.19, 444934
8.2, 444934
8.21, 444934
8.22, 444934
8.23, 444934
8.24, 444934
8.25, 444934
8.26, 444934
8.27, 444934
8.28, 444934
8.29, 444934
8.3, 444934
8.31, 444934
8.32, 444934
8.33, 444934
8.34, 444934
8.35, 444934
8.36, 444934
8.37, 444934
8.38, 444934
8.39, 444934
8.4, 444934
8.41, 444934
8.42, 444934
8.43, 444934
8.44, 444934
8.45, 444934
8.46, 444934
8.47, 444934
8.48, 444934
8.49, 444934
8.5, 444934
8.51, 444934
8.52, 444934
8.53, 444934
8.54, 444934
8.55, 444934
8.56, 444934
8.57, 444934
8.58, 444934
8.59, 444934
8.6, 444934
8.61, 444934
8.62, 444934
8.63, 444934
8.64, 444934
8.65, 444934
8.66, 444934
8.67, 444934
8.68, 444934
8.69, 444934
8.7, 444934
8.71, 444934
8.72, 444934
8.73, 444934
8.74, 444934
8.75, 444934
8.76, 444934
8.77, 444934
8.78, 444934
8.79, 444934
8.8, 444934
8.81, 444934
8.82, 444934
8.83, 444934
8.84, 444934
8.85, 444934
8.86, 444934
8.87, 444934
8.88, 444934
8.89, 444934
8.9, 444934
8.91, 444934
8.92, 444934
8.93, 444934
8.94, 444934
8.95, 444934
8.96, 444934
8.97, 444934
8.98, 444934
8.99, 444934
9.0, 444934
9.01, 444934
9.02, 444934
9.03, 444934
9.04, 444934
9.05, 444934
9.06, 444934
9.07, 444934
9.08, 444934
9.09, 444934
9.1, 444934
9.11, 444934
9.12, 444934
9.13, 444934
9.14, 444934
9.15, 444934
9.16, 444934
9.17, 444934
9.18, 444934
9.19, 444934
9.2, 444934
9.21, 444934
9.22, 444934
9.23, 444934
9.24, 444934
9.25, 444934
9.26, 444934
9.27, 444934
9.28, 444934
9.29, 444934
9.3, 444934
9.31, 444934
9.32, 444934
9.33, 444934
9.34, 444934
9.35, 444934
9.36, 444934
9.37, 444934
9.38, 444934
9.39, 444934
9.4, 444934
9.41, 444934
9.42, 444934
9.43, 444934
9.44, 444934
9.45, 444934
9.46, 444934
9.47, 444934
9.48, 444934
9.49, 444934
9.5, 444934
9.51, 444934
9.52, 444934
9.53, 444934
9.54, 444934
9.55, 444934
9.56, 444934
9.57, 444934
9.58, 444934
9.59, 444934
9.6, 444934
9.61, 444934
9.62, 444934
9.63, 444934
9.64, 444934
9.65, 444934
9.66, 444934
9.67, 444934
9.68, 444934
9.69, 444934
9.7, 444934
9.71, 444934
9.72, 444934
9.73, 444934
9.74, 444934
9.75, 444934
9.76, 444934
9.77, 444934
9.78, 444934
9.79, 444934
9.8, 444934
9.81, 444934
9.82, 444934
9.83, 444934
9.84, 444934
9.85, 444934
9.86, 444934
9.87, 444934
9.88, 444934
9.89, 444934
9.9, 444934
9.91, 444934
9.92, 444934
9.93, 444934
9.94, 444934
9.95, 444934
9.96, 444934
9.97, 444934
9.98, 444934
9.99, 444934
10.0, 444934
10.01, 444934
10.02, 444934
10.03, 444934
10.04, 444934
10.05, 444934
10.06, 444934
10.07, 444934
10.08, 444934
10.09, 444934
10.1, 444934
10.11, 444934
10.12, 444934
10.13, 444934
10.14, 444934
10.15, 444934
10.16, 444934
10.17, 444934
10.18, 444934
10.19, 444934
10.2, 444934
10.21, 444934
10.22, 444934
10.23, 444934
10.24, 444934
10.25, 444934
10.26, 444934
10.27, 444934
10.28, 444934
10.29, 444934
10.3, 444934
10.31, 444934
10.32, 444934
10.33, 444934
10.34, 444934
10.35, 444934
10.36, 444934
10.37, 444934
10.38, 444934
10.39, 444934
10.4, 444934
10.41, 444934
10.42, 444934
10.43, 444934
10.44, 444934
10.45, 444934
10.46, 444934
10.47, 444934
10.48, 444934
10.49, 444934
10.5, 444934
10.51, 444934
10.52, 436800
10.53, 436800
10.54, 436800
10.55, 436800
10.56, 436800
10.57, 436800
10.58, 436800
10.59, 436800
10.6, 436800
10.61, 436800
10.62, 436800
10.63, 436800
10.64, 436800
10.65, 436800
10.66, 436800
10.67, 436800
10.68, 436800
10.69, 436800
10.7, 436800
10.71, 436800
10.72, 436800
10.73, 436800
10.74, 436800
10.75, 436800
10.76, 436800
10.77, 436800
10.78, 436800
10.79, 436800
10.8, 436800
10.81, 436800
10.82, 436800
10.83, 436800
10.84, 436800
10.85, 436800
10.86, 436800
10.87, 436800
10.88, 436800
10.89, 436800
10.9, 436800
10.91, 436800
10.92, 436800
10.93, 436800
10.94, 436800
10.95, 436800
10.96, 436800
10.97, 436800
10.98, 436800
10.99, 436800
11.0, 436800
11.01, 436800
11.02, 436800
11.03, 436800
11.04, 436800
11.05, 436800
11.06, 436800
11.07, 436800
11.08, 436800
11.09, 436800
11.1, 436800
11.11, 436800
11.12, 436800
11.13, 436800
11.14, 436800
11.15, 436800
11.16, 436800
11.17, 436800
11.18, 436800
11.19, 436800
11.2, 436800
11.21, 436800
11.22, 436800
11.23, 436800
11.24, 436800
11.25, 436800
11.26, 436800
11.27, 436800
11.28, 436800
11.29, 436800
11.3, 436800
11.31, 436800
11.32, 436800
11.33, 436800
11.34, 436800
11.35, 436800
11.36, 436800
11.37, 436800
11.38, 436800
11.39, 436800
11.4, 436800
11.41, 436800
11.42, 436800
11.43, 436800
11.44, 436800
11.45, 436800
11.46, 436800
11.47, 436800
11.48, 436800
11.49, 436800
11.5, 436800
11.51, 436800
11.52, 436800
11.53, 436800
11.54, 436800
11.55, 436800
11.56, 436800
11.57, 436800
11.58, 436800
11.59, 436800
11.6, 436800
11.61, 436800
11.62, 436800
11.63, 436800
11.64, 436800
11.65, 436800
11.66, 436800
11.67, 436800
11.68, 436800
11.69, 436800
11.7, 436800
11.71, 436800
11.72, 436800
11.73, 436800
11.74, 436800
11.75, 436800
11.76, 436800
11.77, 436800
11.78, 436800
11.79, 436800
11.8, 436800
11.81, 436800
11.82, 436800
11.83, 436800
11.84, 436800
11.85, 436800
11.86, 436800
11.87, 436800
11.88, 436800
11.89, 436800
11.9, 436800
11.91, 436800
11.92, 436800
11.93, 436800
11.94, 436800
11.95, 436800
11.96, 436800
11.97, 436800
11.98, 436800
11.99, 436800
12.0, 436800
12.01, 436800
12.02, 436800
12.03, 436800
12.04, 436800
12.05, 436800
12.06, 436800
12.07, 436800
12.08, 436800
12.09, 436800
12.1, 436800
12.11, 436800
12.12, 436800
12.13, 436800
12.14, 436800
12.15, 436800
12.16, 436800
12.17, 436800
12.18, 436800
12.19, 436800
12.2, 436800
12.21, 436800
12.22, 436800
12.23, 436800
12.24, 436800
12.25, 436800
12.26, 436800
12.27, 436800
12.28, 436800
12.29, 436800
12.3, 436800
12.31, 436800
12.32, 436800
12.33, 436800
12.34, 436800
12.35, 436800
12.36, 436800
12.37, 436800
12.38, 436800
12.39, 436800
12.4, 436800
12.41, 436800
12.42, 436800
12.43, 436800
12.44, 436800
12.45, 436800
12.46, 436800
12.47, 436800
12.48, 436800
12.49, 436800
12.5, 436800
12.51, 436800
12.52, 436800
12.53, 436800
12.54, 436800
12.55, 436800
12.56, 436800
12.57, 436800
12.58, 436800
12.59, 436800
12.6, 436800
12.61, 436800
12.62, 436800
12.63, 436800
12.64, 436800
12.65, 436800
12.66, 436800
12.67, 436800
12.68, 436800
12.69, 436800
12.7, 436800
12.71, 436800
12.72, 436800
12.73, 436800
12.74, 436800
12.75, 436800
12.76, 436800
12.77, 436800
12.78, 436800
12.79, 436800
12.8, 436800
12.81, 436800
12.82, 436800
12.83, 436800
12.84, 436800
12.85, 436800
12.86, 436800
12.87, 436800
12.88, 436800
12.89, 436800
12.9, 436800
12.91, 436800
12.92, 436800
12.93, 436800
12.94, 436800
12.95, 436800
12.96, 436800
12.97, 436800
12.98, 436800
12.99, 436800
13.0, 436800
13.01, 436800
13.02, 436800
13.03, 436800
13.04, 436800
13.05, 436800
13.06, 436800
13.07, 436800
13.08, 436800
13.09, 436800
13.1, 436800
13.11, 436800
13.12, 436800
13.13, 436800
13.14, 436800
13.15, 436800
13.16, 436800
13.17, 436800
13.18, 436800
13.19, 436800
13.2, 436800
13.21, 436800
13.22, 436800
13.23, 436800
13.24, 436800
13.25, 436800
13.26, 436800
13.27, 436800
13.28, 436800
13.29, 436800
13.3, 436800
13.31, 436800
13.32, 436800
13.33, 436800
13.34, 436800
13.35, 436800
13.36, 436800
13.37, 436800
13.38, 436800
13.39, 436800
13.4, 436800
13.41, 436800
13.42, 436800
13.43, 436800
13.44, 436800
13.45, 436800
13.46, 436800
13.47, 436800
13.48, 436800
13.49, 436800
13.5, 436800
13.51, 436800
13.52, 436800
13.53, 436800
13.54, 436800
13.55, 436800
13.56, 436800
13.57, 436800
13.58, 436800
13.59, 436800
13.6, 436800
13.61, 436800
13.62, 436800
13.63, 436800
13.64, 436800
13.65, 436800
13.66, 436800
13.67, 436800
13.68, 436800
13.69, 436800
13.7, 436800
13.71, 436800
13.72, 436800
13.73, 436800
13.74, 436800
13.75, 436800
13.76, 436800
13.77, 436800
13.78, 436800
13.79, 436800
13.8, 436800
13.81, 436800
13.82, 436800
13.83, 436800
13.84, 436800
13.85, 436800
13.86, 436800
13.87, 436800
13.88, 436800
13.89, 436800
13.9, 436800
13.91, 436800
13.92, 436800
13.93, 436800
13.94, 436800
13.95, 436800
13.96, 436800
13.97, 436800
13.98, 436800
13.99, 436800
14.0, 436800
14.01, 436800
14.02, 436800
14.03, 436800
14.04, 436800
14.05, 436800
14.06, 436800
14.07, 436800
14.08, 436800
14.09, 436800
14.1, 436800
14.11, 436800
14.12, 436800
14.13, 436800
14.14, 436800
14.15, 436800
14.16, 436800
14.17, 436800
14.18, 436800
14.19, 436800
14.2, 436800
14.21, 436800
14.22, 436800
14.23, 436800
14.24, 436800
14.25, 436800
14.26, 436800
14.27, 436800
14.28, 436800
14.29, 436800
14.3, 436800
14.31, 436800
14.32, 436800
14.33, 436800
14.34, 436800
14.35, 436800
14.36, 436800
14.37, 436800
14.38, 436800
14.39, 436800
14.4, 436800
14.41, 436800
14.42, 436800
14.43, 436800
14.44, 436800
14.45, 436800
14.46, 436800
14.47, 436800
14.48, 436800
14.49, 436800
14.5, 436800
14.51, 436800
14.52, 436800
14.53, 436800
14.54, 436800
14.55, 436800
14.56, 436800
14.57, 436800
14.58, 436800
14.59, 436800
14.6, 436800
14.61, 436800
14.62, 436800
14.63, 436800
14.64, 436800
14.65, 436800
14.66, 436800
14.67, 436800
14.68, 436800
14.69, 436800
14.7, 436800
14.71, 436800
14.72, 436800
14.73, 436800
14.74, 436800
14.75, 436800
14.76, 436800
14.77, 436800
14.78, 436800
14.79, 436800
14.8, 436800
14.81, 436800
14.82, 436800
14.83, 436800
14.84, 436800
14.85, 436800
14.86, 436800
14.87, 436800
14.88, 436800
14.89, 436800
14.9, 436800
14.91, 436800
14.92, 436800
14.93, 436800
14.94, 436800
14.95, 436800
14.96, 436800
14.97, 436800
14.98, 436800
14.99, 436800
15.0, 436800
15.01, 436800
15.02, 436800
15.03, 436800
15.04, 436800
15.05, 436800
15.06, 436800
15.07, 436800
15.08, 436800
15.09, 436800
15.1, 436800
15.11, 436800
15.12, 436800
15.13, 436800
15.14, 436800
15.15, 436800
15.16, 436800
15.17, 436800
15.18, 436800
15.19, 436800
15.2, 436800
15.21, 436800
15.22, 436800
15.23, 436800
15.24, 436800
15.25, 436800
15.26, 436800
15.27, 436800
15.28, 436800
15.29, 436800
15.3, 436800
15.31, 436800
15.32, 436800
15.33, 436800
15.34, 436800
15.35, 436800
15.36, 436800
15.37, 436800
15.38, 436800
15.39, 436800
15.4, 436800
15.41, 436800
15.42, 436800
15.43, 436800
15.44, 436800
15.45, 436800
15.46, 436800
15.47, 436800
15.48, 436800
15.49, 436800
15.5, 436800
15.51, 436800
15.52, 436800
15.53, 436800
15.54, 436800
15.55, 436800
15.56, 436800
15.57, 436800
15.58, 436800
15.59, 436800
15.6, 436800
15.61, 436800
15.62, 436800
15.63, 436800
15.64, 436800
15.65, 436800
15.66, 436800
15.67, 436800
15.68, 436800
15.69, 436800
15.7, 436800
15.71, 436800
15.72, 436800
15.73, 436800
15.74, 436800
15.75, 436800
15.76, 436800
15.77, 436800
15.78, 436800
15.79, 436800
15.8, 436800
15.81, 436800
15.82, 436800
15.83, 436800
15.84, 436800
15.85, 436800
15.86, 436800
15.87, 436800
15.88, 436800
15.89, 436800
15.9, 436800
15.91, 436800
15.92, 436800
15.93, 436800
15.94, 436800
15.95, 436800
15.96, 436800
15.97, 436800
15.98, 436800
15.99, 436800
16.0, 436800
16.01, 436800
16.02, 436800
16.03, 436800
16.04, 436800
16.05, 436800
16.06, 436800
16.07, 436800
16.08, 436800
16.09, 436800
16.1, 436800
16.11, 436800
16.12, 436800
16.13, 436800
16.14, 436800
16.15, 436800
16.16, 436800
16.17, 436800
16.18, 436800
16.19, 436800
16.2, 436800
16.21, 436800
16.22, 436800
16.23, 436800
16.24, 436800
16.25, 436800
16.26, 436800
16.27, 436800
16.28, 436800
16.29, 436800
16.3, 436800
16.31, 436800
16.32, 436800
16.33, 436800
16.34, 436800
16.35, 436800
16.36, 436800
16.37, 436800
16.38, 436800
16.39, 436800
16.4, 436800
16.41, 436800
16.42, 436800
16.43, 436800
16.44, 436800
16.45, 436800
16.46, 436800
16.47, 436800
16.48, 436800
16.49, 436800
16.5, 436800
16.51, 436800
16.52, 436800
16.53, 436800
16.54, 436800
16.55, 436800
16.56, 436800
16.57, 436800
16.58, 436800
16.59, 436800
16.6, 436800
16.61, 436800
16.62, 436800
16.63, 436800
16.64, 436800
16.65, 436800
16.66, 436800
16.67, 436800
16.68, 436800
16.69, 436800
16.7, 436800
16.71, 436800
16.72, 436800
16.73, 436800
16.74, 436800
16.75, 436800
16.76, 436800
16.77, 436800
16.78, 436800
16.79, 436800
16.8, 436800
16.81, 436800
16.82, 436800
16.83, 436800
16.84, 436800
16.85, 436800
16.86, 436800
16.87, 436800
16.88, 436800
16.89, 436800
16.9, 436800
16.91, 436800
16.92, 436800
16.93, 436800
16.94, 436800
16.95, 436800
16.96, 436800
16.97, 436800
16.98, 436800
16.99, 436800
17.0, 436800
17.01, 436800
17.02, 436800
17.03, 436800
17.04, 436800
17.05, 436800
17.06, 436800
17.07, 436800
17.08, 436800
17.09, 436800
17.1, 436800
17.11, 436800
17.12, 436800
17.13, 436800
17.14, 436800
17.15, 436800
17.16, 436800
17.17, 436800
17.18, 436800
17.19, 436800
17.2, 436800
17.21, 436800
17.22, 436800
17.23, 436800
17.24, 436800
17.25, 436800
17.26, 436800
17.27, 436800
17.28, 436800
17.29, 436800
17.3, 436800
17.31, 436800
17.32, 436800
17.33, 436800
17.34, 436800
17.35, 436800
17.36, 436800
17.37, 436800
17.38, 436800
17.39, 436800
17.4, 436800
17.41, 436800
17.42, 436800
17.43, 436800
17.44, 436800
17.45, 436800
17.46, 436800
17.47, 436800
17.48, 436800
17.49, 436800
17.5, 436782
17.51, 436782
17.52, 436782
17.53, 436782
17.54, 436782
17.55, 436782
17.56, 436782
17.57, 436782
17.58, 436782
17.59, 436782
17.6, 436782
17.61, 436782
17.62, 436782
17.63, 436782
17.64, 436782
17.65, 436782
17.66, 436782
17.67, 436782
17.68, 436782
17.69, 436782
17.7, 436782
17.71, 436782
17.72, 436782
17.73, 436782
17.74, 436782
17.75, 436782
17.76, 436782
17.77, 436782
17.78, 436782
17.79, 436782
17.8, 436782
17.81, 436782
17.82, 436782
17.83, 436782
17.84, 436782
17.85, 436782
17.86, 436782
17.87, 436782
17.88, 436782
17.89, 436782
17.9, 436782
17.91, 436782
17.92, 436782
17.93, 436782
17.94, 436782
17.95, 436782
17.96, 436782
17.97, 436782
17.98, 436782
17.99, 436782
18.0, 436782
18.01, 436782
18.02, 436782
18.03, 436782
18.04, 436782
18.05, 436782
18.06, 436782
18.07, 436782
18.08, 436782
18.09, 436782
18.1, 436782
18.11, 436782
18.12, 436782
18.13, 436782
18.14, 436782
18.15, 436782
18.16, 436782
18.17, 436782
18.18, 436782
18.19, 436782
18.2, 436782
18.21, 436782
18.22, 436782
18.23, 436782
18.24, 436782
18.25, 436782
18.26, 436782
18.27, 436782
18.28, 436782
18.29, 436782
18.3, 436782
18.31, 436782
18.32, 436782
18.33, 436782
18.34, 436782
18.35, 436782
18.36, 436782
18.37, 436782
18.38, 436782
18.39, 436782
18.4, 436782
18.41, 436782
18.42, 436782
18.43, 436782
18.44, 436782
18.45, 436782
18.46, 436782
18.47, 436782
18.48, 436782
18.49, 436782
18.5, 436782
18.51, 436782
18.52, 436782
18.53, 436782
18.54, 436782
18.55, 436782
18.56, 436782
18.57, 436782
18.58, 436782
18.59, 436782
18.6, 436782
18.61, 436782
18.62, 436782
18.63, 436782
18.64, 436782
18.65, 436782
18.66, 436782
18.67, 436782
18.68, 436782
18.69, 436782
18.7, 436782
18.71, 436782
18.72, 436782
18.73, 436782
18.74, 436782
18.75, 436782
18.76, 436782
18.77, 436782
18.78, 436782
18.79, 436782
18.8, 436782
18.81, 436782
18.82, 436782
18.83, 436782
18.84, 436782
18.85, 436782
18.86, 436782
18.87, 436782
18.88, 436782
18.89, 436782
18.9, 436782
18.91, 436782
18.92, 436782
18.93, 436782
18.94, 436782
18.95, 436782
18.96, 436782
18.97, 436782
18.98, 436782
18.99, 436782
19.0, 436782
19.01, 436782
19.02, 436782
19.03, 436782
19.04, 436782
19.05, 436782
19.06, 436782
19.07, 436782
19.08, 436782
19.09, 436782
19.1, 436782
19.11, 436782
19.12, 436782
19.13, 436782
19.14, 436782
19.15, 436782
19.16, 436782
19.17, 436782
19.18, 436782
19.19, 436782
19.2, 436782
19.21, 436782
19.22, 436782
19.23, 436782
19.24, 436782
19.25, 436782
19.26, 436782
19.27, 436782
19.28, 436782
19.29, 436782
19.3, 436782
19.31, 436782
19.32, 436782
19.33, 436782
19.34, 436782
19.35, 436782
19.36, 436782
19.37, 436782
19.38, 436782
19.39, 436782
19.4, 436782
19.41, 436782
19.42, 436782
19.43, 436782
19.44, 436782
19.45, 436782
19.46, 436782
19.47, 436782
19.48, 436782
19.49, 436782
19.5, 436782
19.51, 436782
19.52, 436782
19.53, 436782
19.54, 436782
19.55, 436782
19.56, 436782
19.57, 436782
19.58, 436782
19.59, 436782
19.6, 436782
19.61, 436782
19.62, 436782
19.63, 436782
19.64, 436782
19.65, 436782
19.66, 436782
19.67, 436782
19.68, 436782
19.69, 436782
19.7, 436782
19.71, 436782
19.72, 436782
19.73, 436782
19.74, 436782
19.75, 436782
19.76, 436782
19.77, 436782
19.78, 436782
19.79, 436782
19.8, 436782
19.81, 436782
19.82, 436782
19.83, 436782
19.84, 436782
19.85, 436782
19.86, 436782
19.87, 436782
19.88, 436782
19.89, 436782
19.9, 436782
19.91, 436782
19.92, 436782
19.93, 436782
19.94, 436782
19.95, 436782
19.96, 436782
19.97, 436782
19.98, 436782
19.99, 436782
20.0, 436782
20.01, 436782
20.02, 436782
20.03, 436782
20.04, 436782
20.05, 436782
20.06, 436782
20.07, 436782
20.08, 436782
20.09, 436782
20.1, 436782
20.11, 436782
20.12, 436782
20.13, 436782
20.14, 436782
20.15, 436782
20.16, 436782
20.17, 436782
20.18, 436782
20.19, 436782
20.2, 436782
20.21, 436782
20.22, 436782
20.23, 436782
20.24, 436782
20.25, 436782
20.26, 436782
20.27, 436782
20.28, 436782
20.29, 436782
20.3, 436782
20.31, 436782
20.32, 436782
20.33, 436782
20.34, 436782
20.35, 436782
20.36, 436782
20.37, 436782
20.38, 436782
20.39, 436782
20.4, 436782
20.41, 436782
20.42, 436782
20.43, 436782
20.44, 436782
20.45, 436782
20.46, 436782
20.47, 436782
20.48, 436782
20.49, 436782
20.5, 436782
20.51, 436782
20.52, 436782
20.53, 436782
20.54, 436782
20.55, 436782
20.56, 436782
20.57, 436782
20.58, 436782
20.59, 436782
20.6, 436782
20.61, 436782
20.62, 436782
20.63, 436782
20.64, 436782
20.65, 436782
20.66, 436782
20.67, 436782
20.68, 436782
20.69, 436782
20.7, 436782
20.71, 436782
20.72, 436782
20.73, 436782
20.74, 436782
20.75, 436782
20.76, 436782
20.77, 436782
20.78, 436782
20.79, 436782
20.8, 436782
20.81, 436782
20.82, 436782
20.83, 436782
20.84, 436782
20.85, 436782
20.86, 436782
20.87, 436782
20.88, 436782
20.89, 436782
20.9, 436782
20.91, 436782
20.92, 436782
20.93, 436782
20.94, 436782
20.95, 436782
20.96, 436782
20.97, 436782
20.98, 436782
20.99, 436782
21.0, 436782
21.01, 436782
21.02, 436782
21.03, 436782
21.04, 436782
21.05, 436782
21.06, 436782
21.07, 436782
21.08, 436782
21.09, 436782
21.1, 436782
21.11, 436782
21.12, 436782
21.13, 436782
21.14, 436782
21.15, 436782
21.16, 436782
21.17, 436782
21.18, 436782
21.19, 436782
21.2, 436782
21.21, 436782
21.22, 436782
21.23, 436782
21.24, 436782
21.25, 436782
21.26, 436782
21.27, 436782
21.28, 436782
21.29, 436782
21.3, 436782
21.31, 436782
21.32, 436782
21.33, 436782
21.34, 436782
21.35, 436782
21.36, 436782
21.37, 436782
21.38, 436782
21.39, 436782
21.4, 436782
21.41, 436782
21.42, 436782
21.43, 436782
21.44, 436782
21.45, 436782
21.46, 436782
21.47, 436782
21.48, 436782
21.49, 436782
21.5, 436782
21.51, 436782
21.52, 436782
21.53, 436782
21.54, 436782
21.55, 436782
21.56, 436782
21.57, 436782
21.58, 436782
21.59, 436782
21.6, 436782
21.61, 436782
21.62, 436782
21.63, 436782
21.64, 436782
21.65, 436782
21.66, 436782
21.67, 436782
21.68, 436782
21.69, 436782
21.7, 436782
21.71, 436782
21.72, 436782
21.73, 436782
21.74, 436782
21.75, 436782
21.76, 436782
21.77, 436782
21.78, 436782
21.79, 436782
21.8, 436782
21.81, 436782
21.82, 436782
21.83, 436782
21.84, 436782
21.85, 436782
21.86, 436782
21.87, 436782
21.88, 436782
21.89, 436782
21.9, 436782
21.91, 436782
21.92, 436782
21.93, 436782
21.94, 436782
21.95, 436782
21.96, 436782
21.97, 436782
21.98, 436782
21.99, 436782
22.0, 436782
22.01, 436782
22.02, 436782
22.03, 436782
22.04, 436782
22.05, 436782
22.06, 436782
22.07, 436782
22.08, 436782
22.09, 436782
22.1, 436782
22.11, 436782
22.12, 436782
22.13, 436782
22.14, 436782
22.15, 436782
22.16, 436782
22.17, 436782
22.18, 436782
22.19, 436782
22.2, 436782
22.21, 436782
22.22, 436782
22.23, 436782
22.24, 436782
22.25, 436782
22.26, 436782
22.27, 436782
22.28, 436782
22.29, 436782
22.3, 436782
22.31, 436782
22.32, 436782
22.33, 436782
22.34, 436782
22.35, 436782
22.36, 436782
22.37, 436782
22.38, 436782
22.39, 436782
22.4, 436782
22.41, 436782
22.42, 436782
22.43, 436782
22.44, 436782
22.45, 436782
22.46, 436782
22.47, 436782
22.48, 436782
22.49, 436782
22.5, 436782
22.51, 436782
22.52, 436782
22.53, 436782
22.54, 436782
22.55, 436782
22.56, 436782
22.57, 436782
22.58, 436782
22.59, 436782
22.6, 436782
22.61, 436782
22.62, 436782
22.63, 436782
22.64, 436782
22.65, 436782
22.66, 436782
22.67, 436782
22.68, 436782
22.69, 436782
22.7, 436782
22.71, 436782
22.72, 436782
22.73, 436782
22.74, 436782
22.75, 436782
22.76, 436782
22.77, 436782
22.78, 436782
22.79, 436782
22.8, 436782
22.81, 436782
22.82, 436782
22.83, 436782
22.84, 436782
22.85, 436782
22.86, 436782
22.87, 436782
22.88, 436782
22.89, 436782
22.9, 436782
22.91, 436782
22.92, 436782
22.93, 436782
22.94, 436782
22.95, 436782
22.96, 436782
22.97, 436782
22.98, 436782
22.99, 436782
23.0, 436782
23.01, 436782
23.02, 436782
23.03, 436782
23.04, 436782
23.05, 436782
23.06, 436782
23.07, 436782
23.08, 436782
23.09, 436782
23.1, 436782
23.11, 436782
23.12, 436782
23.13, 436782
23.14, 436782
23.15, 436782
23.16, 436782
23.17, 436782
23.18, 436782
23.19, 436782
23.2, 436782
23.21, 436782
23.22, 436782
23.23, 436782
23.24, 436782
23.25, 436782
23.26, 436782
23.27, 436782
23.28, 436782
23.29, 436782
23.3, 436782
23.31, 436782
23.32, 436782
23.33, 436782
23.34, 436782
23.35, 436782
23.36, 436782
23.37, 436782
23.38, 436782
23.39, 436782
23.4, 436782
23.41, 436782
23.42, 436782
23.43, 436782
23.44, 436782
23.45, 436782
23.46, 436782
23.47, 436782
23.48, 436782
23.49, 436782
23.5, 436782
23.51, 436782
23.52, 436782
23.53, 436782
23.54, 436782
23.55, 436782
23.56, 436782
23.57, 436782
23.58, 436782
23.59, 436782
23.6, 436782
23.61, 436782
23.62, 436782
23.63, 436782
23.64, 436782
23.65, 436782
23.66, 436782
23.67, 436782
23.68, 436782
23.69, 436782
23.7, 436782
23.71, 436782
23.72, 436782
23.73, 436782
23.74, 436782
23.75, 436782
23.76, 436782
23.77, 436782
23.78, 436782
23.79, 436782
23.8, 436782
23.81, 436782
23.82, 436782
23.83, 436782
23.84, 436782
23.85, 436782
23.86, 436782
23.87, 436782
23.88, 436782
23.89, 436782
23.9, 436782
23.91, 436782
23.92, 436782
23.93, 436782
23.94, 436782
23.95, 436782
23.96, 436782
23.97, 436782
23.98, 436782
23.99, 436782
24.0, 436782
24.01, 436782
24.02, 436782
24.03, 436782
24.04, 436782
24.05, 436782
24.06, 436782
24.07, 436782
24.08, 436782
24.09, 436782
24.1, 436782
24.11, 436782
24.12, 436782
24.13, 436782
24.14, 436782
24.15, 436782
24.16, 436782
24.17, 436782
24.18, 436782
24.19, 436782
24.2, 436782
24.21, 436782
24.22, 436782
24.23, 436782
24.24, 436782
24.25, 436782
24.26, 436782
24.27, 436782
24.28, 436782
24.29, 436782
24.3, 436782
24.31, 436782
24.32, 436782
24.33, 436782
24.34, 436782
24.35, 436782
24.36, 436782
24.37, 436782
24.38, 436782
24.39, 436782
24.4, 436782
24.41, 436782
24.42, 436782
24.43, 436782
24.44, 436782
24.45, 436782
24.46, 436782
24.47, 436782
24.48, 436782
24.49, 436782
24.5, 436782
24.51, 436782
24.52, 436782
24.53, 436782
24.54, 436782
24.55, 436782
24.56, 436782
24.57, 436782
24.58, 436782
24.59, 436782
24.6, 436782
24.61, 436782
24.62, 436782
24.63, 436782
24.64, 436782
24.65, 436782
24.66, 436782
24.67, 436782
24.68, 436782
24.69, 436782
24.7, 436782
24.71, 436782
24.72, 436782
24.73, 436782
24.74, 436782
24.75, 436782
24.76, 436782
24.77, 436782
24.78, 436782
24.79, 436782
24.8, 436782
24.81, 436782
24.82, 436782
24.83, 436782
24.84, 436782
24.85, 436782
24.86, 436782
24.87, 436782
24.88, 436782
24.89, 436782
24.9, 436782
24.91, 436782
24.92, 436782
24.93, 436782
24.94, 436782
24.95, 436782
24.96, 436782
24.97, 436782
24.98, 436782
24.99, 436782
25.0, 436782
25.01, 436782
25.02, 436782
25.03, 436782
25.04, 436782
25.05, 436782
25.06, 436782
25.07, 436782
25.08, 436782
25.09, 436782
25.1, 436782
25.11, 436782
25.12, 436782
25.13, 436782
25.14, 436782
25.15, 436782
25.16, 436782
25.17, 436782
25.18, 436782
25.19, 436782
25.2, 436782
25.21, 436782
25.22, 436782
25.23, 436782
25.24, 436782
25.25, 436782
25.26, 436782
25.27, 436782
25.28, 436782
25.29, 436782
25.3, 436782
25.31, 436782
25.32, 436782
25.33, 436782
25.34, 436782
25.35, 436782
25.36, 436782
25.37, 436782
25.38, 436782
25.39, 436782
25.4, 436782
25.41, 436782
25.42, 436782
25.43, 436782
25.44, 436782
25.45, 436782
25.46, 436782
25.47, 436782
25.48, 436782
25.49, 436782
25.5, 436782
25.51, 436782
25.52, 436782
25.53, 436782
25.54, 436782
25.55, 436782
25.56, 436782
25.57, 436782
25.58, 436782
25.59, 436782
25.6, 436782
25.61, 436782
25.62, 436782
25.63, 436782
25.64, 436782
25.65, 436782
25.66, 436782
25.67, 436782
25.68, 436782
25.69, 436782
25.7, 436782
25.71, 436782
25.72, 436782
25.73, 436782
25.74, 436782
25.75, 436782
25.76, 436782
25.77, 436782
25.78, 436782
25.79, 436782
25.8, 436782
25.81, 436782
25.82, 436782
25.83, 436782
25.84, 436782
25.85, 436782
25.86, 436782
25.87, 436782
25.88, 436782
25.89, 436782
25.9, 436782
25.91, 436782
25.92, 436782
25.93, 436782
25.94, 436782
25.95, 436782
25.96, 436782
25.97, 436782
25.98, 436782
25.99, 436782
26.0, 436782
26.01, 436782
26.02, 436782
26.03, 436782
26.04, 436782
26.05, 436782
26.06, 436782
26.07, 436782
26.08, 436782
26.09, 436782
26.1, 436782
26.11, 436782
26.12, 436782
26.13, 436782
26.14, 436782
26.15, 436782
26.16, 436782
26.17, 436782
26.18, 436782
26.19, 436782
26.2, 436782
26.21, 436782
26.22, 436782
26.23, 436782
26.24, 436782
26.25, 436782
26.26, 436782
26.27, 436782
26.28, 436782
26.29, 436782
26.3, 436782
26.31, 436782
26.32, 436782
26.33, 436782
26.34, 436782
26.35, 436782
26.36, 436782
26.37, 436782
26.38, 436782
26.39, 436782
26.4, 436782
26.41, 436782
26.42, 436782
26.43, 436782
26.44, 436782
26.45, 436782
26.46, 436782
26.47, 436782
26.48, 436782
26.49, 436782
26.5, 436782
26.51, 436782
26.52, 436782
26.53, 436782
26.54, 436782
26.55, 436782
26.56, 436782
26.57, 436782
26.58, 436782
26.59, 436782
26.6, 436782
26.61, 436782
26.62, 436782
26.63, 436782
26.64, 436782
26.65, 436782
26.66, 436782
26.67, 436782
26.68, 436782
26.69, 436782
26.7, 436782
26.71, 436782
26.72, 436782
26.73, 436782
26.74, 436782
26.75, 436782
26.76, 436782
26.77, 436782
26.78, 436782
26.79, 436782
26.8, 436782
26.81, 436782
26.82, 436782
26.83, 436782
26.84, 436782
26.85, 436782
26.86, 436782
26.87, 436782
26.88, 436782
26.89, 436782
26.9, 436782
26.91, 436782
26.92, 436782
26.93, 436782
26.94, 436782
26.95, 436782
26.96, 436782
26.97, 436782
26.98, 436782
26.99, 436782
27.0, 436782
27.01, 436782
27.02, 436782
27.03, 436782
27.04, 436782
27.05, 436782
27.06, 436782
27.07, 436782
27.08, 436782
27.09, 436782
27.1, 436782
27.11, 436782
27.12, 436782
27.13, 436782
27.14, 436782
27.15, 436782
27.16, 436782
27.17, 436782
27.18, 436782
27.19, 436782
27.2, 436782
27.21, 436782
27.22, 436782
27.23, 436782
27.24, 436782
27.25, 436782
27.26, 436782
27.27, 436782
27.28, 436782
27.29, 436782
27.3, 436782
27.31, 436782
27.32, 436782
27.33, 436782
27.34, 436782
27.35, 436782
27.36, 436782
27.37, 436782
27.38, 436782
27.39, 436782
27.4, 436782
27.41, 436782
27.42, 436782
27.43, 436782
27.44, 436782
27.45, 436782
27.46, 436782
27.47, 436782
27.48, 436782
27.49, 436782
27.5, 436782
27.51, 436782
27.52, 436782
27.53, 436782
27.54, 436782
27.55, 436782
27.56, 436782
27.57, 436782
27.58, 436782
27.59, 436782
27.6, 436782
27.61, 436782
27.62, 436782
27.63, 436782
27.64, 436782
27.65, 436782
27.66, 436782
27.67, 436782
27.68, 436782
27.69, 436782
27.7, 436782
27.71, 436782
27.72, 436782
27.73, 436782
27.74, 436782
27.75, 436782
27.76, 436782
27.77, 436782
27.78, 436782
27.79, 436782
27.8, 436782
27.81, 436782
27.82, 436782
27.83, 436782
27.84, 436782
27.85, 436782
27.86, 436782
27.87, 436782
27.88, 436782
27.89, 436782
27.9, 436782
27.91, 436782
27.92, 436782
27.93, 436782
27.94, 436782
27.95, 436782
27.96, 436782
27.97, 436782
27.98, 436782
27.99, 436782
28.0, 436782
28.01, 436782
28.02, 436782
28.03, 436782
28.04, 436782
28.05, 436782
28.06, 436782
28.07, 436782
28.08, 436782
28.09, 436782
28.1, 436782
28.11, 436782
28.12, 436782
28.13, 436782
28.14, 436782
28.15, 436782
28.16, 436782
28.17, 436782
28.18, 436782
28.19, 436782
28.2, 436782
28.21, 436782
28.22, 436782
28.23, 436782
28.24, 436782
28.25, 436782
28.26, 436782
28.27, 436782
28.28, 436782
28.29, 436782
28.3, 436782
28.31, 436782
28.32, 436782
28.33, 436782
28.34, 436782
28.35, 436782
28.36, 436782
28.37, 436782
28.38, 436782
28.39, 436782
28.4, 436782
28.41, 436782
28.42, 436782
28.43, 436782
28.44, 436782
28.45, 436782
28.46, 436782
28.47, 436782
28.48, 436782
28.49, 436782
28.5, 436782
28.51, 436782
28.52, 436782
28.53, 436782
28.54, 436782
28.55, 436782
28.56, 436782
28.57, 436782
28.58, 436782
28.59, 436782
28.6, 436782
28.61, 436782
28.62, 436782
28.63, 436782
28.64, 436782
28.65, 436782
28.66, 436782
28.67, 436782
28.68, 436782
28.69, 436782
28.7, 436782
28.71, 436782
28.72, 436782
28.73, 436782
28.74, 436782
28.75, 436782
28.76, 436782
28.77, 436782
28.78, 436782
28.79, 436782
28.8, 436782
28.81, 436782
28.82, 436782
28.83, 436782
28.84, 436782
28.85, 436782
28.86, 436782
28.87, 436782
28.88, 436782
28.89, 436782
28.9, 436782
28.91, 436782
28.92, 436782
28.93, 436782
28.94, 436782
28.95, 436782
28.96, 436782
28.97, 436782
28.98, 436782
28.99, 436782
29.0, 436782
29.01, 436782
29.02, 436782
29.03, 436782
29.04, 436782
29.05, 436782
29.06, 436782
29.07, 436782
29.08, 436782
29.09, 436782
29.1, 436782
29.11, 436782
29.12, 436782
29.13, 436782
29.14, 436782
29.15, 436782
29.16, 436782
29.17, 436782
29.18, 436782
29.19, 436782
29.2, 436782
29.21, 436782
29.22, 436782
29.23, 436782
29.24, 436782
29.25, 436782
29.26, 436782
29.27, 436782
29.28, 436782
29.29, 436782
29.3, 436782
29.31, 436782
29.32, 436782
29.33, 436782
29.34, 436782
29.35, 436782
29.36, 436782
29.37, 436782
29.38, 436782
29.39, 436782
29.4, 436782
29.41, 436782
29.42, 436782
29.43, 436782
29.44, 436782
29.45, 436782
29.46, 436782
29.47, 436782
29.48, 436782
29.49, 436782
29.5, 436782
29.51, 436782
29.52, 436782
29.53, 436782
29.54, 436782
29.55, 436782
29.56, 436782
29.57, 436782
29.58, 436782
29.59, 436782
29.6, 436782
29.61, 436782
29.62, 436782
29.63, 436782
29.64, 436782
29.65, 436782
29.66, 436782
29.67, 436782
29.68, 436782
29.69, 436782
29.7, 436782
29.71, 436782
29.72, 436782
29.73, 436782
29.74, 436782
29.75, 436782
29.76, 436782
29.77, 436782
29.78, 436782
29.79, 436782
29.8, 436782
29.81, 436782
29.82, 436782
29.83, 436782
29.84, 436782
29.85, 436782
29.86, 436782
29.87, 436782
29.88, 436782
29.89, 436782
29.9, 436782
29.91, 436782
29.92, 436782
29.93, 436782
29.94, 436782
29.95, 436782
29.96, 436782
29.97, 436782
29.98, 436782
29.99, 436782
30.0, 436782
30.01, 436782
30.02, 436782
30.03, 436782
30.04, 436782
30.05, 436782
30.06, 436782
30.07, 436782
30.08, 436782
30.09, 436782
30.1, 436782
30.11, 436782
30.12, 436782
30.13, 436782
30.14, 436782
30.15, 436782
30.16, 436782
30.17, 436782
30.18, 436782
30.19, 436782
30.2, 436782
30.21, 436782
30.22, 436782
30.23, 436782
30.24, 436782
30.25, 436782
30.26, 436782
30.27, 436782
30.28, 436782
30.29, 436782
30.3, 436782
30.31, 436782
30.32, 436782
30.33, 436782
30.34, 436782
30.35, 436782
30.36, 436782
30.37, 436782
30.38, 436782
30.39, 436782
30.4, 436782
30.41, 436782
30.42, 436782
30.43, 436782
30.44, 436782
30.45, 436782
30.46, 436782
30.47, 436782
30.48, 436782
30.49, 436782
30.5, 436782
30.51, 436782
30.52, 436782
30.53, 436782
30.54, 436782
30.55, 436782
30.56, 436782
30.57, 436782
30.58, 436782
30.59, 436782
30.6, 436782
30.61, 436782
30.62, 436782
30.63, 436782
30.64, 436782
30.65, 436782
30.66, 436782
30.67, 436782
30.68, 436782
30.69, 436782
30.7, 436782
30.71, 436782
30.72, 436782
30.73, 436782
30.74, 436782
30.75, 436782
30.76, 436782
30.77, 436782
30.78, 436782
30.79, 436782
30.8, 436782
30.81, 436782
30.82, 436782
30.83, 436782
30.84, 436782
30.85, 436782
30.86, 436782
30.87, 436782
30.88, 436782
30.89, 436782
30.9, 436782
30.91, 436782
30.92, 436782
30.93, 436782
30.94, 436782
30.95, 436782
30.96, 436782
30.97, 436782
30.98, 436782
30.99, 436782
31.0, 436782
31.01, 436782
31.02, 436782
31.03, 436782
31.04, 436782
31.05, 436782
31.06, 436782
31.07, 436782
31.08, 436782
31.09, 436782
31.1, 436782
31.11, 436782
31.12, 436782
31.13, 436782
31.14, 436782
31.15, 436782
31.16, 436782
31.17, 436782
31.18, 436782
31.19, 436782
31.2, 436782
31.21, 436782
31.22, 436782
31.23, 436782
31.24, 436782
31.25, 436782
31.26, 436782
31.27, 436782
31.28, 436782
31.29, 436782
31.3, 436782
31.31, 436782
31.32, 436782
31.33, 436782
31.34, 436782
31.35, 436782
31.36, 436782
31.37, 436782
31.38, 436782
31.39, 436782
31.4, 436782
31.41, 436782
31.42, 436782
31.43, 436782
31.44, 436782
31.45, 436782
31.46, 436782
31.47, 436782
31.48, 436782
31.49, 436782
31.5, 436782
31.51, 436782
31.52, 436782
31.53, 436782
31.54, 436782
31.55, 436782
31.56, 436782
31.57, 436782
31.58, 436782
31.59, 436782
31.6, 436782
31.61, 436782
31.62, 436782
31.63, 436782
31.64, 436782
31.65, 436782
31.66, 436782
31.67, 436782
31.68, 436782
31.69, 436782
31.7, 436782
31.71, 436782
31.72, 436782
31.73, 436782
31.74, 436782
31.75, 436782
31.76, 436782
31.77, 436782
31.78, 436782
31.79, 436782
31.8, 436782
31.81, 436782
31.82, 436782
31.83, 436782
31.84, 436782
31.85, 436782
31.86, 436782
31.87, 436782
31.88, 436782
31.89, 436782
31.9, 436782
31.91, 436782
31.92, 436782
31.93, 436782
31.94, 436782
31.95, 436782
31.96, 436782
31.97, 436782
31.98, 436782
31.99, 436782
32.0, 436782
32.01, 436782
32.02, 436782
32.03, 436782
32.04, 436782
32.05, 436782
32.06, 436782
32.07, 436782
32.08, 436782
32.09, 436782
32.1, 436782
32.11, 436782
32.12, 436782
32.13, 436782
32.14, 436782
32.15, 436782
32.16, 436782
32.17, 436782
32.18, 436782
32.19, 436782
32.2, 436782
32.21, 436782
32.22, 436782
32.23, 436782
32.24, 436782
32.25, 436782
32.26, 436782
32.27, 436782
32.28, 436782
32.29, 436782
32.3, 436782
32.31, 436782
32.32, 436782
32.33, 436782
32.34, 436782
32.35, 436782
32.36, 436782
32.37, 436782
32.38, 436782
32.39, 436782
32.4, 436782
32.41, 436782
32.42, 436782
32.43, 436782
32.44, 436782
32.45, 436782
32.46, 436782
32.47, 436782
32.48, 436782
32.49, 436782
32.5, 436782
32.51, 436782
32.52, 436782
32.53, 436782
32.54, 436782
32.55, 436782
32.56, 436782
32.57, 436782
32.58, 436782
32.59, 436782
32.6, 436782
32.61, 436782
32.62, 436782
32.63, 436782
32.64, 436782
32.65, 436782
32.66, 436782
32.67, 436782
32.68, 436782
32.69, 436782
32.7, 436782
32.71, 436782
32.72, 436782
32.73, 436782
32.74, 436782
32.75, 436782
32.76, 436782
32.77, 436782
32.78, 436782
32.79, 436782
32.8, 436782
32.81, 436782
32.82, 436782
32.83, 436782
32.84, 436782
32.85, 436782
32.86, 436782
32.87, 436782
32.88, 436782
32.89, 436782
32.9, 436782
32.91, 436782
32.92, 436782
32.93, 436782
32.94, 436782
32.95, 436782
32.96, 436782
32.97, 436782
32.98, 436782
32.99, 436782
33.0, 436782
33.01, 436782
33.02, 436782
33.03, 436782
33.04, 436782
33.05, 436782
33.06, 436782
33.07, 436782
33.08, 436782
33.09, 436782
33.1, 436782
33.11, 436782
33.12, 436782
33.13, 436782
33.14, 436782
33.15, 436782
33.16, 436782
33.17, 436782
33.18, 436782
33.19, 436782
33.2, 436782
33.21, 436782
33.22, 436782
33.23, 436782
33.24, 436782
33.25, 436782
33.26, 436782
33.27, 436782
33.28, 436782
33.29, 436782
33.3, 436782
33.31, 436782
33.32, 436782
33.33, 436782
33.34, 436782
33.35, 436782
33.36, 436782
33.37, 436782
33.38, 436782
33.39, 436782
33.4, 436782
33.41, 436782
33.42, 436782
33.43, 436782
33.44, 436782
33.45, 436782
33.46, 436782
33.47, 436782
33.48, 436782
33.49, 436782
33.5, 436782
33.51, 436782
33.52, 436782
33.53, 436782
33.54, 436782
33.55, 436782
33.56, 436782
33.57, 436782
33.58, 436782
33.59, 436782
33.6, 436782
33.61, 436782
33.62, 436782
33.63, 436782
33.64, 436782
33.65, 436782
33.66, 436782
33.67, 436782
33.68, 436782
33.69, 436782
33.7, 436782
33.71, 436782
33.72, 436782
33.73, 436782
33.74, 436782
33.75, 436782
33.76, 436782
33.77, 436782
33.78, 436782
33.79, 436782
33.8, 436782
33.81, 436782
33.82, 436782
33.83, 436782
33.84, 436782
33.85, 436782
33.86, 436782
33.87, 436782
33.88, 436782
33.89, 436782
33.9, 436782
33.91, 436782
33.92, 436782
33.93, 436782
33.94, 436782
33.95, 436782
33.96, 436782
33.97, 436782
33.98, 436782
33.99, 436782
34.0, 436782
34.01, 436782
34.02, 436782
34.03, 436782
34.04, 436782
34.05, 436782
34.06, 436782
34.07, 436782
34.08, 436782
34.09, 436782
34.1, 436782
34.11, 436782
34.12, 436782
34.13, 436782
34.14, 436782
34.15, 436782
34.16, 436782
34.17, 436782
34.18, 436782
34.19, 436782
34.2, 436782
34.21, 436782
34.22, 436782
34.23, 436782
34.24, 436782
34.25, 436782
34.26, 436782
34.27, 436782
34.28, 436782
34.29, 436782
34.3, 436782
34.31, 436782
34.32, 436782
34.33, 436782
34.34, 436782
34.35, 436782
34.36, 436782
34.37, 436782
34.38, 436782
34.39, 436782
34.4, 436782
34.41, 436782
34.42, 436782
34.43, 436782
34.44, 436782
34.45, 436782
34.46, 436782
34.47, 436782
34.48, 436782
34.49, 436782
34.5, 436782
34.51, 436782
34.52, 436782
34.53, 436782
34.54, 436782
34.55, 436782
34.56, 436782
34.57, 436782
34.58, 436782
34.59, 436782
34.6, 436782
34.61, 436782
34.62, 436782
34.63, 436782
34.64, 436782
34.65, 436782
34.66, 436782
34.67, 436782
34.68, 436782
34.69, 436782
34.7, 436782
34.71, 436782
34.72, 436782
34.73, 436782
34.74, 436782
34.75, 436782
34.76, 436782
34.77, 436782
34.78, 436782
34.79, 436782
34.8, 436782
34.81, 436782
34.82, 436782
34.83, 436782
34.84, 436782
34.85, 436782
34.86, 436782
34.87, 436782
34.88, 436782
34.89, 436782
34.9, 436782
34.91, 436782
34.92, 436782
34.93, 436782
34.94, 436782
34.95, 436782
34.96, 436782
34.97, 436782
34.98, 436782
34.99, 436782
35.0, 436782
35.01, 436782
35.02, 436782
35.03, 436782
35.04, 436782
35.05, 436782
35.06, 436782
35.07, 436782
35.08, 436782
35.09, 436782
35.1, 436782
35.11, 436782
35.12, 436782
35.13, 436782
35.14, 436782
35.15, 436782
35.16, 436782
35.17, 436782
35.18, 436782
35.19, 436782
35.2, 436782
35.21, 436782
35.22, 436782
35.23, 436782
35.24, 436782
35.25, 436782
35.26, 436782
35.27, 436782
35.28, 436782
35.29, 436782
35.3, 436782
35.31, 436782
35.32, 436782
35.33, 436782
35.34, 436782
35.35, 436782
35.36, 436782
35.37, 436782
35.38, 436782
35.39, 436782
35.4, 436782
35.41, 436782
35.42, 436782
35.43, 436782
35.44, 436782
35.45, 436782
35.46, 436782
35.47, 436782
35.48, 436782
35.49, 436782
35.5, 436782
35.51, 436782
35.52, 436782
35.53, 436782
35.54, 436782
35.55, 436782
35.56, 436782
35.57, 436782
35.58, 436782
35.59, 436782
35.6, 436782
35.61, 436782
35.62, 436782
35.63, 436782
35.64, 436782
35.65, 436782
35.66, 436782
35.67, 436782
35.68, 436782
35.69, 436782
35.7, 436782
35.71, 436782
35.72, 436782
35.73, 436782
35.74, 436782
35.75, 436782
35.76, 436782
35.77, 436782
35.78, 436782
35.79, 436782
35.8, 436782
35.81, 436782
35.82, 436782
35.83, 436782
35.84, 436782
35.85, 436782
35.86, 436782
35.87, 436782
35.88, 436782
35.89, 436782
35.9, 436782
35.91, 436782
35.92, 436782
35.93, 436782
35.94, 436782
35.95, 436782
35.96, 436782
35.97, 436782
35.98, 436782
35.99, 436782
36.0, 436782
36.01, 436782
36.02, 436782
36.03, 436782
36.04, 436782
36.05, 436782
36.06, 436782
36.07, 436782
36.08, 436782
36.09, 436782
36.1, 436782
36.11, 436782
36.12, 436782
36.13, 436782
36.14, 436782
36.15, 436782
36.16, 436782
36.19, 436782
36.2, 436782
36.21, 436782
36.22, 436782
36.23, 436782
36.24, 436782
36.25, 436782
36.26, 436782
36.27, 436782
36.28, 436782
36.29, 436782
36.3, 436782
36.31, 436782
36.32, 436782
36.33, 436782
36.34, 436782
36.35, 436782
36.36, 436782
36.37, 436782
36.38, 436782
36.39, 436782
36.4, 436782
36.41, 436782
36.42, 436782
36.43, 436782
36.44, 436782
36.45, 436782
36.46, 436782
36.47, 436782
36.48, 436782
36.49, 436782
36.5, 436782
36.51, 436782
36.52, 436782
36.53, 436782
36.54, 436782
36.55, 436782
36.56, 436782
36.57, 436782
36.58, 436782
36.59, 436782
36.6, 436782
36.61, 436782
36.62, 436782
36.63, 436782
36.64, 436782
36.65, 436782
36.66, 436782
36.67, 436782
36.68, 436782
36.69, 436782
36.7, 436782
36.71, 436782
36.72, 436782
36.73, 436782
36.74, 436782
36.75, 436782
36.76, 436782
36.77, 436782
36.78, 436782
36.79, 436782
36.8, 436782
36.81, 436782
36.82, 436782
36.83, 436782
36.84, 436782
36.85, 436782
36.86, 436782
36.87, 436782
36.88, 436782
36.89, 436782
36.9, 436782
36.91, 436782
36.92, 436782
36.93, 436782
36.94, 436782
36.95, 436782
36.96, 436782
36.97, 436782
36.98, 436782
36.99, 436782
37.0, 436782
37.01, 436782
37.02, 436782
37.03, 436782
37.04, 436782
37.05, 436782
37.06, 436782
37.07, 436782
37.08, 436782
37.09, 436782
37.1, 436782
37.11, 436782
37.12, 436782
37.13, 436782
37.14, 436782
37.15, 436782
37.16, 436782
37.17, 436782
37.18, 436782
37.19, 436782
37.2, 436782
37.21, 436782
37.22, 436782
37.23, 436782
37.24, 436782
37.25, 436782
37.26, 436782
37.27, 436782
37.28, 436782
37.29, 436782
37.3, 436782
37.31, 436782
37.32, 436782
37.33, 436782
37.34, 436782
37.35, 436782
37.36, 436782
37.37, 436782
37.38, 436782
37.39, 436782
37.4, 436782
37.41, 436782
37.42, 436782
37.43, 436782
37.44, 436782
37.45, 436782
37.46, 436782
37.47, 436782
37.48, 436782
37.49, 436782
37.5, 436782
37.51, 436782
37.52, 436782
37.53, 436782
37.54, 436782
37.55, 436782
37.56, 436782
37.57, 436782
37.58, 436782
37.59, 436782
37.6, 436782
37.61, 436782
37.62, 436782
37.63, 436782
37.64, 436782
37.65, 436782
37.66, 436782
37.67, 436782
37.68, 436782
37.69, 436782
37.7, 436782
37.71, 436782
37.72, 436782
37.73, 436782
37.74, 436782
37.75, 436782
37.76, 436782
37.77, 436782
37.78, 436782
37.79, 436782
37.8, 436782
37.81, 436782
37.82, 436782
37.83, 436782
37.84, 436782
37.85, 436782
37.86, 436782
37.87, 436782
37.88, 436782
37.89, 436782
37.9, 436782
37.91, 436782
37.92, 436782
37.93, 436782
37.94, 436782
37.95, 436782
37.96, 436782
37.97, 436782
37.98, 436782
37.99, 436782
38.0, 436782
38.01, 436782
38.02, 436782
38.03, 436782
38.04, 436782
38.05, 436782
38.06, 436782
38.07, 436782
38.08, 436782
38.09, 436782
38.1, 436782
38.11, 436782
38.12, 436782
38.13, 436782
38.14, 436782
38.15, 436782
38.16, 436782
38.17, 436782
38.18, 436782
38.19, 436782
38.2, 436782
38.21, 436782
38.22, 436782
38.23, 436782
38.24, 436782
38.25, 436782
38.26, 436782
38.27, 436782
38.28, 436782
38.29, 436782
38.3, 436782
38.31, 436782
38.32, 436782
38.33, 436782
38.34, 436782
38.35, 436782
38.36, 436782
38.37, 436782
38.38, 436782
38.39, 436782
38.4, 436782
38.41, 436782
38.42, 436782
38.43, 436782
38.44, 436782
38.45, 436782
38.46, 436782
38.47, 436782
38.48, 436782
38.49, 436782
38.5, 436782
38.51, 436782
38.52, 436782
38.53, 436782
38.54, 436782
38.55, 436782
38.56, 436782
38.57, 436782
38.58, 436782
38.59, 436782
38.6, 436782
38.61, 436782
38.62, 436782
38.63, 436782
38.64, 436782
38.65, 436782
38.66, 436782
38.67, 436782
38.68, 436782
38.69, 436782
38.7, 436782
38.71, 436782
38.72, 436782
38.73, 436782
38.74, 436782
38.75, 436782
38.76, 436782
38.77, 436782
38.78, 436782
38.79, 436782
38.8, 436782
38.81, 436782
38.82, 436782
38.83, 436782
38.84, 436782
38.85, 436782
38.86, 436782
38.87, 436782
38.88, 436782
38.89, 436782
38.9, 436782
38.91, 436782
38.92, 436782
38.93, 436782
38.94, 436782
38.95, 436782
38.96, 436782
38.97, 436782
38.98, 436782
38.99, 436782
39.0, 436782
39.01, 436782
39.02, 436782
39.03, 436782
39.04, 436782
39.05, 436782
39.06, 436782
39.07, 436782
39.08, 436782
39.09, 436782
39.1, 436782
39.11, 436782
39.12, 436782
39.13, 436782
39.14, 436782
39.15, 436782
39.16, 436782
39.17, 436782
39.18, 436782
39.19, 436782
39.2, 436782
39.21, 436782
39.22, 436782
39.23, 436782
39.24, 436782
39.25, 436782
39.26, 436782
39.27, 436782
39.28, 436782
39.29, 436782
39.3, 436782
39.31, 436782
39.32, 436782
39.33, 436782
39.34, 436782
39.35, 436782
39.36, 436782
39.37, 436782
39.38, 436782
39.39, 436782
39.4, 436782
39.41, 436782
39.42, 436782
39.43, 436782
39.44, 436782
39.45, 436782
39.46, 436782
39.47, 436782
39.48, 436782
39.49, 436782
39.5, 436782
39.51, 436782
39.52, 436782
39.53, 436782
39.54, 436782
39.55, 436782
39.56, 436782
39.57, 436782
39.58, 436782
39.59, 436782
39.6, 436782
39.61, 436782
39.62, 436782
39.63, 436782
39.64, 436782
39.65, 436782
39.66, 436782
39.67, 436782
39.68, 436782
39.69, 436782
39.7, 436782
39.71, 436782
39.72, 436782
39.73, 436782
39.74, 436782
39.75, 436782
39.76, 436782
39.77, 436782
39.78, 436782
39.79, 436782
39.8, 436782
39.81, 436782
39.82, 436782
39.83, 436782
39.84, 436782
39.85, 436782
39.86, 436782
39.87, 436782
39.88, 436782
39.89, 436782
39.9, 436782
39.91, 436782
39.92, 436782
39.93, 436782
39.94, 436782
39.95, 436782
39.96, 436782
39.97, 436782
39.98, 436782
39.99, 436782
40.0, 436782
40.01, 436782
40.02, 436782
40.03, 436782
40.04, 436782
40.05, 436782
40.06, 436782
40.07, 436782
40.08, 436782
40.09, 436782
40.1, 436782
40.11, 436782
40.12, 436782
40.13, 436782
40.14, 436782
40.15, 436782
40.16, 436782
40.17, 436782
40.18, 436782
40.19, 436782
40.2, 436782
40.21, 436782
40.22, 436782
40.23, 436782
40.24, 436782
40.25, 436782
40.26, 436782
40.27, 436782
40.28, 436782
40.29, 436782
40.3, 436782
40.31, 436782
40.32, 436782
40.33, 436782
40.34, 436782
40.35, 436782
40.36, 436782
40.37, 436782
40.38, 436782
40.39, 436782
40.4, 436782
40.41, 436782
40.42, 436782
40.43, 436782
40.44, 436782
40.45, 436782
40.46, 436782
40.47, 436782
40.48, 436782
40.49, 436782
40.5, 436782
40.51, 436782
40.52, 436782
40.53, 436782
40.54, 436782
40.55, 436782
40.56, 436782
40.57, 436782
40.58, 436782
40.59, 436782
40.6, 436782
40.61, 436782
40.62, 436782
40.63, 436782
40.64, 436782
40.65, 436782
40.66, 436782
40.67, 436782
40.68, 436782
40.69, 436782
40.7, 436782
40.71, 436782
40.72, 436782
40.73, 436782
40.74, 436782
40.75, 436782
40.76, 436782
40.77, 436782
40.78, 436782
40.79, 436782
40.8, 436782
40.81, 436782
40.82, 436782
40.83, 436782
40.84, 436782
40.85, 436782
40.86, 436782
40.87, 436782
40.88, 436782
40.89, 436782
40.9, 436782
40.91, 436782
40.92, 436782
40.93, 436782
40.94, 436782
40.95, 436782
40.96, 436782
40.97, 436782
40.98, 436782
40.99, 436782
41.0, 436782
41.01, 436782
41.02, 436782
41.03, 436782
41.04, 436782
41.05, 436782
41.06, 436782
41.07, 436782
41.08, 436782
41.09, 436782
41.1, 436782
41.11, 436782
41.12, 436782
41.13, 436782
41.14, 436782
41.15, 436782
41.16, 436782
41.17, 436782
41.18, 436782
41.19, 436782
41.2, 436782
41.21, 436782
41.22, 436782
41.23, 436782
41.24, 436782
41.25, 436782
41.26, 436782
41.27, 436782
41.28, 436782
41.29, 436782
41.3, 436782
41.31, 436782
41.32, 436782
41.33, 436782
41.34, 436782
41.35, 436782
41.36, 436782
41.37, 436782
41.38, 436782
41.39, 436782
41.4, 436782
41.41, 436782
41.42, 436782
41.43, 436782
41.44, 436782
41.45, 436782
41.46, 436782
41.47, 436782
41.48, 436782
41.49, 436782
41.5, 436782
41.51, 436782
41.52, 436782
41.53, 436782
41.54, 436782
41.55, 436782
41.56, 436782
41.57, 436782
41.58, 436782
41.59, 436782
41.6, 436782
41.61, 436782
41.62, 436782
41.63, 436782
41.64, 436782
41.65, 436782
41.66, 436782
41.67, 436782
41.68, 436782
41.69, 436782
41.7, 436782
41.71, 436782
41.72, 436782
41.73, 436782
41.74, 436782
41.75, 436782
41.76, 436782
41.77, 436782
41.78, 436782
41.79, 436782
41.8, 436782
41.81, 436782
41.82, 436782
41.83, 436782
41.84, 436782
41.85, 436782
41.86, 436782
41.87, 436782
41.88, 436782
41.89, 436782
41.9, 436782
41.91, 436782
41.92, 436782
41.93, 436782
41.94, 436782
41.95, 436782
41.96, 436782
41.97, 436782
41.98, 436782
41.99, 436782
42.0, 436782
42.01, 436782
42.02, 436782
42.03, 436782
42.04, 436782
42.05, 436782
42.06, 436782
42.07, 436782
42.08, 436782
42.09, 436782
42.1, 436782
42.11, 436782
42.12, 436782
42.13, 436782
42.14, 436782
42.15, 436782
42.16, 436782
42.17, 436782
42.18, 436782
42.19, 436782
42.2, 436782
42.21, 436782
42.22, 436782
42.23, 436782
42.24, 436782
42.25, 436782
42.26, 436782
42.27, 436782
42.28, 436782
42.29, 436782
42.3, 436782
42.31, 436782
42.32, 436782
42.33, 436782
42.34, 436782
42.35, 436782
42.36, 436782
42.37, 436782
42.38, 436782
42.39, 436782
42.4, 436782
42.41, 436782
42.42, 436782
42.43, 436782
42.44, 436782
42.45, 436782
42.46, 436782
42.47, 436782
42.48, 436782
42.49, 436782
42.5, 436782
42.51, 436782
42.52, 436782
42.53, 436782
42.54, 436782
42.55, 436782
42.56, 436782
42.57, 436782
42.58, 436782
42.59, 436782
42.6, 436782
42.61, 436782
42.62, 436782
42.63, 436782
42.64, 436782
42.65, 436782
42.66, 436782
42.67, 436782
42.68, 436782
42.69, 436782
42.7, 436782
42.71, 436782
42.72, 436782
42.73, 436782
42.74, 436782
42.75, 436782
42.76, 436782
42.77, 436782
42.78, 436782
42.79, 436782
42.8, 436782
42.81, 436782
42.82, 436782
42.83, 436782
42.84, 436782
42.85, 436782
42.86, 436782
42.87, 436782
42.88, 436782
42.89, 436782
42.9, 436782
42.91, 436782
42.92, 436782
42.93, 436782
42.94, 436782
42.95, 436782
42.96, 436782
42.97, 436782
42.98, 436782
42.99, 436782
43.0, 436782
43.01, 436782
43.02, 436782
43.03, 436782
43.04, 436782
43.05, 436782
43.06, 436782
43.07, 436782
43.08, 436782
43.09, 436782
43.1, 436782
43.11, 436782
43.12, 436782
43.13, 436782
43.14, 436782
43.15, 436782
43.16, 436782
43.17, 436782
43.18, 436782
43.19, 436782
43.2, 436782
43.21, 436782
43.22, 436782
43.23, 436782
43.24, 436782
43.25, 436782
43.26, 436782
43.27, 436782
43.28, 436782
43.29, 436782
43.3, 436782
43.31, 436782
43.32, 427242
43.33, 427242
43.34, 427242
43.35, 427242
43.36, 427242
43.37, 427242
43.38, 427242
43.39, 427242
43.4, 427242
43.41, 427242
43.42, 427242
43.43, 427242
43.44, 427242
43.45, 427242
43.46, 427242
43.47, 427242
43.48, 427242
43.49, 427242
43.5, 427242
43.51, 427242
43.52, 427242
43.53, 427242
43.54, 427242
43.55, 427242
43.56, 427242
43.57, 427242
43.58, 427242
43.59, 427242
43.6, 427242
43.61, 427242
43.62, 427242
43.63, 427242
43.64, 427242
43.65, 427242
43.66, 427242
43.67, 427242
43.68, 427242
43.69, 427242
43.7, 427242
43.71, 427242
43.72, 427242
43.73, 427242
43.74, 427242
43.75, 427242
43.76, 427242
43.77, 427242
43.78, 427242
43.79, 427242
43.8, 427242
43.81, 427242
43.82, 427242
43.83, 427242
43.84, 427242
43.85, 427242
43.86, 427242
43.87, 427242
43.88, 427242
43.89, 427242
43.9, 427242
43.91, 427242
43.92, 427242
43.93, 427242
43.94, 427242
43.95, 427242
43.96, 427242
43.97, 427242
43.98, 427242
43.99, 427242
44.0, 427242
44.01, 427242
44.02, 427242
44.03, 427242
44.04, 427242
44.05, 427242
44.06, 427242
44.07, 427242
44.08, 427242
44.09, 427242
44.1, 427242
44.11, 427242
44.12, 427242
44.13, 427242
44.14, 427242
44.15, 427242
44.16, 427242
44.17, 427242
44.18, 427242
44.19, 427242
44.2, 427242
44.21, 427242
44.22, 427242
44.23, 427242
44.24, 427242
44.25, 427242
44.26, 427242
44.27, 427242
44.28, 427242
44.29, 427242
44.3, 427242
44.31, 427242
44.32, 427242
44.33, 427242
44.34, 427242
44.35, 427242
44.36, 427242
44.37, 427242
44.38, 427242
44.39, 427242
44.4, 427242
44.41, 427242
44.42, 427242
44.43, 427242
44.44, 427242
44.45, 427242
44.46, 427242
44.47, 427242
44.48, 427242
44.49, 427242
44.5, 427242
44.51, 427242
44.52, 427242
44.53, 427242
44.54, 427242
44.55, 427242
44.56, 427242
44.57, 427242
44.58, 427242
44.59, 427242
44.6, 427242
44.61, 427242
44.62, 427242
44.63, 427242
44.64, 427242
44.65, 427242
44.66, 427242
44.67, 427242
44.68, 427242
44.69, 427242
44.7, 427242
44.71, 427242
44.72, 427242
44.73, 427242
44.74, 427242
44.75, 427242
44.76, 427242
44.77, 427242
44.78, 427242
44.79, 427242
44.8, 427242
44.81, 427242
44.82, 427242
44.83, 427242
44.84, 427242
44.85, 427242
44.86, 427242
44.87, 427242
44.88, 427242
44.89, 427242
44.9, 427242
44.91, 427242
44.92, 427242
44.93, 427242
44.94, 427242
44.95, 427242
44.96, 427242
44.97, 427242
44.98, 427242
44.99, 427242
45.0, 427242
45.01, 427242
45.02, 427242
45.03, 427242
45.04, 427242
45.05, 427242
45.06, 427242
45.07, 427242
45.08, 427242
45.09, 427242
45.1, 427242
45.11, 427242
45.12, 427242
45.13, 427242
45.14, 427242
45.15, 427242
45.16, 427242
45.17, 427242
45.18, 427242
45.19, 427242
45.2, 427242
45.21, 427242
45.22, 427242
45.23, 427242
45.24, 427242
45.25, 427242
45.26, 427242
45.27, 427242
45.28, 427242
45.29, 427242
45.3, 427242
45.31, 427242
45.32, 427242
45.33, 427242
45.34, 427242
45.35, 427242
45.36, 427242
45.37, 427242
45.38, 427242
45.39, 427242
45.4, 427242
45.41, 427242
45.42, 427242
45.43, 427242
45.44, 427242
45.45, 427242
45.46, 427242
45.47, 427242
45.48, 427242
45.49, 427242
45.5, 427242
45.51, 427242
45.52, 427242
45.53, 427242
45.54, 427242
45.55, 427242
45.56, 427242
45.57, 427242
45.58, 427242
45.59, 427242
45.6, 427242
45.61, 427242
45.62, 427242
45.63, 427242
45.64, 427242
45.65, 427242
45.66, 427242
45.67, 427242
45.68, 427242
45.69, 427242
45.7, 427242
45.71, 427242
45.72, 427242
45.73, 427242
45.74, 427242
45.75, 427242
45.76, 427242
45.77, 427242
45.78, 427242
45.79, 427242
45.8, 427242
45.81, 427242
45.82, 427242
45.83, 427242
45.84, 427242
45.85, 427242
45.86, 427242
45.87, 427242
45.88, 427242
45.89, 427242
45.9, 427242
45.91, 427242
45.92, 427242
45.93, 427242
45.94, 427242
45.95, 427242
45.96, 427242
45.97, 427242
45.98, 427242
45.99, 427242
46.0, 427242
46.01, 427242
46.02, 427242
46.03, 427242
46.04, 427242
46.05, 427242
46.06, 427242
46.07, 427242
46.08, 427242
46.09, 427242
46.1, 427242
46.11, 427242
46.12, 427242
46.13, 427242
46.14, 427242
46.15, 427242
46.16, 427242
46.17, 427242
46.18, 427242
46.19, 427242
46.2, 427242
46.21, 427242
46.22, 427242
46.23, 427242
46.24, 427242
46.25, 427242
46.26, 427242
46.27, 427242
46.28, 427242
46.29, 427242
46.3, 427242
46.31, 427242
46.32, 427242
46.33, 427242
46.34, 427242
46.35, 427242
46.36, 427242
46.37, 427242
46.38, 427242
46.39, 427242
46.4, 427242
46.41, 427242
46.42, 427242
46.43, 427242
46.44, 427242
46.45, 427242
46.46, 427242
46.47, 427242
46.48, 427242
46.49, 427242
46.5, 427242
46.51, 427242
46.52, 427242
46.53, 427242
46.54, 427242
46.55, 427242
46.56, 427242
46.57, 427242
46.58, 427242
46.59, 427242
46.6, 427242
46.61, 427242
46.62, 427242
46.63, 427242
46.64, 427242
46.65, 427242
46.66, 427242
46.67, 427242
46.68, 427242
46.69, 427242
46.7, 427242
46.71, 427242
46.72, 427242
46.73, 427242
46.74, 427242
46.75, 427242
46.76, 427242
46.77, 427242
46.78, 427242
46.79, 427242
46.8, 427242
46.81, 427242
46.82, 427242
46.83, 427242
46.84, 427242
46.85, 427242
46.86, 427242
46.87, 427242
46.88, 427242
46.89, 427242
46.9, 427242
46.91, 427242
46.92, 427242
46.93, 427242
46.94, 427242
46.95, 427242
46.96, 427242
46.97, 427242
46.98, 427242
46.99, 427242
47.0, 427242
47.01, 427242
47.02, 427242
47.03, 427242
47.04, 427242
47.05, 427242
47.06, 427242
47.07, 427242
47.08, 427242
47.09, 427242
47.1, 427242
47.11, 427242
47.12, 427242
47.13, 427242
47.14, 427242
47.15, 427242
47.16, 427242
47.17, 427242
47.18, 427242
47.19, 427242
47.2, 427242
47.21, 427242
47.22, 427242
47.23, 427242
47.24, 427242
47.25, 427242
47.26, 427242
47.27, 427242
47.28, 427242
47.29, 427242
47.3, 427242
47.31, 427242
47.32, 427242
47.33, 427242
47.34, 427242
47.35, 427242
47.36, 427242
47.37, 427242
47.38, 427242
47.39, 427242
47.4, 427242
47.41, 427242
47.42, 427242
47.43, 427242
47.44, 427242
47.45, 427242
47.46, 427242
47.47, 427242
47.48, 427242
47.49, 427242
47.5, 427242
47.51, 427242
47.52, 427242
47.53, 427242
47.54, 427242
47.55, 427242
47.56, 427242
47.57, 427242
47.58, 427242
47.59, 427242
47.6, 427242
47.63, 427242
47.64, 427242
47.65, 427242
47.66, 427242
47.67, 427242
47.68, 427242
47.69, 427242
47.7, 427242
47.71, 427242
47.72, 427242
47.73, 427242
47.74, 427242
47.75, 427242
47.76, 427242
47.77, 427242
47.78, 427242
47.79, 427242
47.8, 427242
47.81, 427242
47.82, 427242
47.83, 427242
47.84, 427242
47.85, 427242
47.86, 427242
47.87, 427242
47.88, 427242
47.89, 427242
47.9, 427242
47.91, 427242
47.92, 427242
47.93, 427242
47.94, 427242
47.95, 427242
47.96, 427242
47.97, 427242
47.98, 427242
47.99, 427242
48.0, 427242
48.01, 427242
48.02, 427242
48.03, 427242
48.04, 427242
48.05, 427242
48.06, 427242
48.07, 427242
48.08, 427242
48.09, 427242
48.1, 427242
48.11, 427242
48.12, 427242
48.13, 427242
48.14, 427242
48.15, 427242
48.16, 427242
48.17, 427242
48.18, 427242
48.19, 427242
48.2, 427242
48.21, 427242
48.22, 427242
48.23, 427242
48.24, 427242
48.25, 427242
48.26, 427242
48.27, 427242
48.28, 427242
48.29, 427242
48.3, 427242
48.31, 427242
48.32, 427242
48.33, 427242
48.34, 427242
48.35, 427242
48.36, 427242
48.37, 427242
48.38, 427242
48.39, 427242
48.4, 427242
48.41, 427242
48.42, 427242
48.43, 427242
48.44, 427242
48.45, 427242
48.46, 427242
48.47, 427242
48.48, 427242
48.49, 427242
48.5, 427242
48.51, 427242
48.52, 427242
48.53, 427242
48.54, 427242
48.55, 427242
48.56, 427242
48.57, 427242
48.58, 427242
48.59, 427242
48.6, 427242
48.61, 427242
48.62, 427242
48.63, 427242
48.64, 427242
48.65, 427242
48.66, 427242
48.67, 427242
48.68, 427242
48.69, 427242
48.7, 427242
48.71, 427242
48.72, 427242
48.73, 427242
48.74, 427242
48.75, 427242
48.76, 427242
48.77, 427242
48.78, 427242
48.79, 427242
48.8, 427242
48.81, 427242
48.82, 427242
48.83, 427242
48.84, 427242
48.85, 427242
48.86, 427242
48.87, 427242
48.88, 427242
48.89, 427242
48.9, 427242
48.91, 427242
48.92, 427242
48.93, 427242
48.94, 427242
48.95, 427242
48.96, 427242
48.97, 427242
48.98, 427242
48.99, 427242
49.0, 427242
49.01, 427242
49.02, 427242
49.03, 427242
49.04, 427242
49.05, 427242
49.06, 427242
49.07, 427242
49.08, 427242
49.09, 427242
49.1, 427242
49.11, 427242
49.12, 427242
49.13, 427242
49.14, 427242
49.15, 427242
49.16, 427242
49.17, 427242
49.18, 427242
49.19, 427242
49.2, 427242
49.21, 427242
49.22, 427242
49.23, 427242
49.24, 427242
49.25, 427242
49.26, 427242
49.27, 427242
49.28, 427242
49.29, 427242
49.3, 427242
49.31, 427242
49.32, 427242
49.33, 427242
49.34, 427242
49.35, 427242
49.36, 427242
49.37, 427242
49.38, 427242
49.39, 427242
49.4, 427242
49.41, 427242
49.42, 427242
49.43, 427242
49.44, 427242
49.45, 427242
49.46, 427242
49.47, 427242
49.48, 427242
49.49, 427242
49.5, 427242
49.51, 427242
49.52, 427242
49.53, 427242
49.54, 427242
49.55, 427242
49.56, 427242
49.57, 427242
49.58, 427242
49.59, 427242
49.6, 427242
49.61, 427242
49.62, 427242
49.63, 427242
49.64, 427242
49.65, 427242
49.66, 427242
49.67, 427242
49.68, 427242
49.69, 427242
49.7, 427242
49.71, 427242
49.72, 427242
49.73, 427242
49.74, 427242
49.75, 427242
49.76, 427242
49.77, 427242
49.78, 427242
49.79, 427242
49.8, 427242
49.81, 427242
49.82, 427242
49.83, 427242
49.84, 427242
49.85, 427242
49.86, 427242
49.87, 427242
49.88, 427242
49.89, 427242
49.9, 427242
49.91, 427242
49.92, 427242
49.93, 427242
49.94, 427242
49.95, 427242
49.96, 427242
49.97, 427242
49.98, 427242
49.99, 427242
50.0, 427242
50.01, 427242
50.02, 427242
50.03, 427242
50.04, 427242
50.05, 427242
50.06, 427242
50.07, 427242
50.08, 427242
50.09, 427242
50.1, 427242
50.11, 427242
50.12, 427242
50.13, 427242
50.14, 427242
50.15, 427242
50.16, 427242
50.17, 427242
50.18, 427242
50.19, 427242
50.2, 427242
50.21, 427242
50.22, 427242
50.23, 427242
50.24, 427242
50.25, 427242
50.26, 427242
50.27, 427242
50.28, 427242
50.29, 427242
50.3, 427242
50.31, 427242
50.32, 427242
50.33, 427242
50.34, 427242
50.35, 427242
50.36, 427242
50.37, 427242
50.38, 427242
50.39, 427242
50.4, 427242
50.41, 427242
50.42, 427242
50.43, 427242
50.44, 427242
50.45, 427242
50.46, 427242
50.47, 427242
50.48, 427242
50.49, 427242
50.5, 427242
50.51, 427242
50.52, 427242
50.53, 427242
50.54, 427242
50.55, 427242
50.56, 427242
50.57, 427242
50.58, 427242
50.59, 427242
50.6, 427242
50.61, 427242
50.62, 427242
50.63, 427242
50.64, 427242
50.65, 427242
50.66, 427242
50.67, 427242
50.68, 427242
50.69, 427242
50.7, 427242
50.71, 427242
50.72, 427242
50.73, 427242
50.74, 427242
50.75, 427242
50.76, 427242
50.77, 427242
50.78, 427242
50.79, 427242
50.8, 427242
50.81, 427242
50.82, 427242
50.83, 427242
50.84, 427242
50.85, 427242
50.86, 427242
50.87, 427242
50.88, 427242
50.89, 427242
50.9, 427242
50.91, 427242
50.92, 427242
50.93, 427242
50.94, 427242
50.95, 427242
50.96, 427242
50.97, 427242
50.98, 427242
50.99, 427242
51.0, 427242
51.01, 427242
51.02, 427242
51.03, 427242
51.04, 427242
51.05, 427242
51.06, 427242
51.07, 427242
51.08, 427242
51.09, 427242
51.1, 427242
51.11, 427242
51.12, 427242
51.13, 427242
51.14, 427242
51.15, 427242
51.16, 427242
51.17, 427242
51.18, 427242
51.19, 427242
51.2, 427242
51.21, 427242
51.22, 427242
51.23, 427242
51.24, 427242
51.25, 427242
51.26, 427242
51.27, 427242
51.28, 427242
51.29, 427242
51.3, 427242
51.31, 427242
51.32, 427242
51.33, 427242
51.34, 427242
51.35, 427242
51.36, 427242
51.37, 427242
51.38, 427242
51.39, 427242
51.4, 427242
51.41, 427242
51.42, 427242
51.43, 427242
51.44, 427242
51.45, 427242
51.46, 427242
51.47, 427242
51.48, 427242
51.49, 427242
51.5, 427242
51.51, 427242
51.52, 427242
51.53, 427242
51.54, 427242
51.55, 427242
51.56, 427242
51.57, 427242
51.58, 427242
51.59, 427242
51.6, 427242
51.61, 427242
51.62, 427242
51.63, 427242
51.64, 427242
51.65, 427242
51.66, 427242
51.67, 427242
51.68, 427242
51.69, 427242
51.7, 427242
51.71, 427242
51.72, 427242
51.73, 427242
51.74, 427242
51.75, 427242
51.76, 427242
51.77, 427242
51.78, 427242
51.79, 427242
51.8, 427242
51.81, 427242
51.82, 427242
51.83, 427242
51.84, 427242
51.85, 427242
51.86, 427242
51.87, 427242
51.88, 427242
51.89, 427242
51.9, 427242
51.91, 427242
51.92, 427242
51.93, 427242
51.94, 427242
51.95, 427242
51.96, 427242
51.97, 427242
51.98, 427242
51.99, 427242
52.0, 427242
52.01, 427242
52.02, 427242
52.03, 427242
52.04, 427242
52.05, 427242
52.06, 427242
52.07, 427242
52.08, 427242
52.09, 427242
52.1, 427242
52.11, 427242
52.12, 427242
52.13, 427242
52.14, 427242
52.15, 427242
52.16, 427242
52.17, 427242
52.18, 427242
52.19, 427242
52.2, 427242
52.21, 427242
52.22, 427242
52.23, 427242
52.24, 427242
52.25, 427242
52.26, 427242
52.27, 427242
52.28, 427242
52.29, 427242
52.3, 427242
52.31, 427242
52.32, 427242
52.33, 427242
52.34, 427242
52.35, 427242
52.36, 427242
52.37, 427242
52.38, 427242
52.39, 427242
52.4, 427242
52.41, 427242
52.42, 427242
52.43, 427242
52.44, 427242
52.45, 427242
52.46, 427242
52.47, 427242
52.48, 427242
52.49, 427242
52.5, 427242
52.51, 427242
52.52, 427242
52.53, 427242
52.54, 427242
52.55, 427242
52.56, 427242
52.57, 427242
52.58, 427242
52.59, 427242
52.6, 427242
52.61, 427242
52.62, 427242
52.63, 427242
52.64, 427242
52.65, 427242
52.66, 427242
52.67, 427242
52.68, 427242
52.69, 427242
52.7, 427242
52.71, 427242
52.72, 427242
52.73, 427242
52.74, 427242
52.75, 427242
52.76, 427242
52.77, 427242
52.78, 427242
52.79, 427242
52.8, 427242
52.81, 427242
52.82, 427242
52.83, 427242
52.84, 427242
52.85, 427242
52.86, 427242
52.87, 427242
52.88, 427242
52.89, 427242
52.9, 427242
52.91, 427242
52.92, 427242
52.93, 427242
52.94, 427242
52.95, 427242
52.96, 427242
52.97, 427242
52.98, 427242
52.99, 427242
53.0, 427242
53.01, 427242
53.02, 427242
53.03, 427242
53.04, 427242
53.05, 427242
53.06, 427242
53.07, 427242
53.08, 427242
53.09, 427242
53.1, 427242
53.11, 427242
53.12, 427242
53.13, 427242
53.14, 427242
53.15, 427242
53.16, 427242
53.17, 427242
53.18, 427242
53.19, 427242
53.2, 427242
53.21, 427242
53.22, 427242
53.23, 427242
53.24, 427242
53.25, 427242
53.26, 427242
53.27, 427242
53.28, 427242
53.29, 427242
53.3, 427242
53.31, 427242
53.32, 427242
53.33, 427242
53.34, 427242
53.35, 427242
53.36, 427242
53.37, 427242
53.38, 427242
53.39, 427242
53.4, 427242
53.41, 427242
53.42, 427242
53.43, 427242
53.44, 427242
53.45, 427242
53.46, 427242
53.47, 427242
53.48, 427242
53.49, 427242
53.5, 427242
53.51, 427242
53.52, 427242
53.53, 427242
53.54, 427242
53.55, 427242
53.56, 427242
53.57, 427242
53.58, 427242
53.59, 427242
53.6, 427242
53.61, 427242
53.62, 427242
53.63, 427242
53.64, 427242
53.65, 427242
53.66, 427242
53.67, 427242
53.68, 427242
53.69, 427242
53.7, 427242
53.71, 427242
53.72, 427242
53.73, 427242
53.74, 427242
53.75, 427242
53.76, 427242
53.77, 427242
53.78, 427242
53.79, 427242
53.8, 427242
53.81, 427242
53.82, 427242
53.83, 427242
53.84, 427242
53.85, 427242
53.86, 427242
53.87, 427242
53.88, 427242
53.89, 427242
53.9, 427242
53.91, 427242
53.92, 427242
53.93, 427242
53.94, 427242
53.95, 427242
53.96, 427242
53.97, 427242
53.98, 427242
53.99, 427242
54.0, 427242
54.01, 427242
54.02, 427242
54.03, 427242
54.04, 427242
54.05, 427242
54.06, 427242
54.07, 427242
54.08, 427242
54.09, 427242
54.1, 427242
54.11, 427242
54.12, 427242
54.13, 427242
54.14, 427242
54.15, 427242
54.16, 427242
54.17, 427242
54.18, 427242
54.19, 427242
54.2, 427242
54.21, 427242
54.22, 427242
54.23, 427242
54.24, 427242
54.25, 427242
54.26, 427242
54.27, 427242
54.28, 427242
54.29, 427242
54.3, 427242
54.31, 427242
54.32, 427242
54.33, 427242
54.34, 427242
54.35, 427242
54.36, 427242
54.37, 427242
54.38, 427242
54.39, 427242
54.4, 427242
54.41, 427242
54.42, 427242
54.43, 427242
54.44, 427242
54.45, 427242
54.46, 427242
54.47, 427242
54.48, 427242
54.49, 427242
54.5, 427242
54.51, 427242
54.52, 427242
54.53, 427242
54.54, 427242
54.55, 427242
54.56, 427242
54.57, 427242
54.58, 427242
54.59, 427242
54.6, 427242
54.61, 427242
54.62, 427242
54.63, 427242
54.64, 427242
54.65, 427242
54.66, 427242
54.67, 427242
54.68, 427242
54.69, 427242
54.7, 427242
54.71, 427242
54.72, 427242
54.73, 427242
54.74, 427242
54.75, 427242
54.76, 427242
54.77, 427242
54.78, 427242
54.79, 427242
54.8, 427242
54.81, 427242
54.82, 427242
54.83, 427242
54.84, 427242
54.85, 427242
54.86, 427242
54.87, 427242
54.88, 427242
54.89, 427242
54.9, 427242
54.91, 427242
54.92, 427242
54.93, 427242
54.94, 427242
54.95, 427242
54.96, 427242
54.97, 427242
54.98, 427242
54.99, 427242
55.0, 427242
55.01, 427242
55.02, 427242
55.03, 427242
55.04, 427242
55.05, 427242
55.06, 427242
55.07, 427242
55.08, 427242
55.09, 427242
55.1, 427242
55.11, 427242
55.12, 427242
55.13, 427242
55.14, 427242
55.15, 427242
55.16, 427242
55.17, 427242
55.18, 427242
55.19, 427242
55.2, 427242
55.21, 427242
55.22, 427242
55.23, 427242
55.24, 427242
55.25, 427242
55.26, 427242
55.27, 427242
55.28, 427242
55.29, 427242
55.3, 427242
55.31, 427242
55.32, 427242
55.33, 427242
55.34, 427242
55.35, 427242
55.36, 427242
55.37, 427242
55.38, 427242
55.39, 427242
55.4, 427242
55.41, 427242
55.42, 427242
55.43, 427242
55.44, 427242
55.45, 427242
55.46, 427242
55.47, 427242
55.48, 427242
55.49, 427242
55.5, 427242
55.51, 427242
55.52, 427242
55.53, 427242
55.54, 427242
55.55, 427242
55.56, 427242
55.57, 427242
55.58, 427242
55.59, 427242
55.6, 427242
55.61, 427242
55.62, 427242
55.63, 427242
55.64, 427242
55.65, 427242
55.66, 427242
55.67, 427242
55.68, 427242
55.69, 427242
55.7, 427242
55.71, 427242
55.72, 427242
55.73, 427242
55.74, 427242
55.75, 427242
55.76, 427242
55.77, 427242
55.78, 427242
55.79, 427242
55.8, 427242
55.81, 427242
55.82, 427242
55.83, 427242
55.84, 427242
55.85, 427242
55.86, 427242
55.87, 427242
55.88, 427242
55.89, 427242
55.9, 427242
55.91, 427242
55.92, 427242
55.93, 427242
55.94, 427242
55.95, 427242
55.96, 427242
55.97, 427242
55.98, 427242
55.99, 427242
56.0, 427242
56.01, 427242
56.02, 427242
56.03, 427242
56.04, 427242
56.05, 427242
56.06, 427242
56.07, 427242
56.08, 427242
56.09, 427242
56.1, 427242
56.11, 427242
56.12, 427242
56.13, 427242
56.14, 427242
56.15, 427242
56.16, 427242
56.17, 427242
56.18, 427242
56.19, 427242
56.2, 427242
56.21, 427242
56.22, 427242
56.23, 427242
56.24, 427242
56.25, 427242
56.26, 427242
56.27, 427242
56.28, 427242
56.29, 427242
56.3, 427242
56.31, 427242
56.32, 427242
56.33, 427242
56.34, 427242
56.35, 427242
56.36, 427242
56.37, 427242
56.38, 427242
56.39, 427242
56.4, 427242
56.41, 427242
56.42, 427242
56.43, 427242
56.44, 427242
56.45, 427242
56.46, 427242
56.47, 427242
56.48, 427242
56.49, 427242
56.5, 427242
56.51, 427242
56.52, 427242
56.53, 427242
56.54, 427242
56.55, 427242
56.56, 427242
56.57, 427242
56.58, 427242
56.59, 427242
56.6, 427242
56.61, 427242
56.62, 427242
56.63, 427242
56.64, 427242
56.65, 427242
56.66, 427242
56.67, 427242
56.68, 427242
56.69, 427242
56.7, 427242
56.71, 427242
56.72, 427242
56.73, 427242
56.74, 427242
56.75, 427242
56.76, 427242
56.77, 427242
56.78, 427242
56.79, 427242
56.8, 427242
56.81, 427242
56.82, 427242
56.83, 427242
56.84, 427242
56.85, 427242
56.86, 427242
56.87, 427242
56.88, 427242
56.89, 427242
56.9, 427242
56.91, 427242
56.92, 427242
56.93, 427242
56.94, 427242
56.95, 427242
56.96, 427242
56.97, 427242
56.98, 427242
56.99, 427242
57.0, 427242
57.01, 427242
57.02, 427242
57.03, 427242
57.04, 427242
57.05, 427242
57.06, 427242
57.07, 427242
57.08, 427242
57.09, 427242
57.1, 427242
57.11, 427242
57.12, 427242
57.13, 427242
57.14, 427242
57.15, 427242
57.16, 427242
57.17, 427242
57.18, 427242
57.19, 427242
57.2, 427242
57.21, 427242
57.22, 427242
57.23, 427242
57.24, 427242
57.25, 427242
57.26, 427242
57.27, 427242
57.28, 427242
57.29, 427242
57.3, 427242
57.31, 427242
57.32, 427242
57.33, 427242
57.34, 427242
57.35, 427242
57.36, 427242
57.37, 427242
57.38, 427242
57.39, 427242
57.4, 427242
57.41, 427242
57.42, 427242
57.43, 427242
57.44, 427242
57.45, 427242
57.46, 427242
57.47, 427242
57.48, 427242
57.49, 427242
57.5, 427242
57.51, 427242
57.52, 427242
57.53, 427242
57.54, 427242
57.55, 427242
57.56, 427242
57.57, 427242
57.58, 427242
57.59, 427242
57.6, 427242
57.61, 427242
57.62, 427242
57.63, 427242
57.64, 427242
57.65, 427242
57.66, 427242
57.67, 427242
57.68, 427242
57.69, 427242
57.7, 427242
57.71, 427242
57.72, 427242
57.73, 427242
57.74, 427242
57.75, 427242
57.76, 427242
57.77, 427242
57.78, 427242
57.79, 427242
57.8, 427242
57.81, 427242
57.82, 427242
57.83, 427242
57.84, 427242
57.85, 427242
57.86, 427242
57.87, 427242
57.88, 427242
57.89, 427242
57.9, 427242
57.91, 427242
57.92, 427242
57.93, 427242
57.94, 427242
57.95, 427242
57.96, 427242
57.97, 427242
57.98, 427242
57.99, 427242
58.0, 427242
58.01, 427242
58.02, 427242
58.03, 427242
58.04, 427242
58.05, 427242
58.06, 427242
58.07, 427242
58.08, 427242
58.09, 427242
58.1, 427242
58.11, 427242
58.12, 427242
58.13, 427242
58.14, 427242
58.15, 427242
58.16, 427242
58.17, 427242
58.18, 427242
58.19, 427242
58.2, 427242
58.21, 427242
58.22, 427242
58.23, 427242
58.24, 427242
58.25, 427242
58.26, 427242
58.27, 427242
58.28, 427242
58.29, 427242
58.3, 427242
58.31, 427242
58.32, 427242
58.33, 427242
58.34, 427242
58.35, 427242
58.36, 427242
58.37, 427242
58.38, 427242
58.39, 427242
58.4, 427242
58.41, 427242
58.42, 427242
58.43, 427242
58.44, 427242
58.45, 427242
58.46, 427242
58.47, 427242
58.48, 427242
58.49, 427242
58.5, 427242
58.51, 427242
58.52, 427242
58.53, 427242
58.54, 427242
58.55, 427242
58.56, 427242
58.57, 427242
58.58, 427242
58.59, 427242
58.6, 427242
58.61, 427242
58.62, 427242
58.63, 427242
58.64, 427242
58.65, 427242
58.66, 427242
58.67, 427242
58.68, 427242
58.69, 427242
58.7, 427242
58.71, 427242
58.72, 427242
58.73, 427242
58.74, 427242
58.75, 427242
58.76, 427242
58.77, 427242
58.78, 427242
58.79, 427242
58.8, 427242
58.81, 427242
58.82, 427242
58.83, 427242
58.84, 427242
58.85, 427242
58.86, 427242
58.87, 427242
58.88, 427242
58.89, 427242
58.9, 427242
58.91, 427242
58.92, 427242
58.93, 427242
58.94, 427242
58.95, 427242
58.96, 427242
58.97, 427242
58.98, 427242
58.99, 427242
59.0, 427242
59.01, 427242
59.02, 427242
59.03, 427242
59.04, 427242
59.05, 427242
59.06, 427242
59.07, 427242
59.08, 427242
59.09, 427242
59.1, 427242
59.11, 427242
59.12, 427242
59.13, 427242
59.14, 427242
59.15, 427242
59.16, 427242
59.17, 427242
59.18, 427242
59.19, 427242
59.2, 427242
59.21, 427242
59.22, 427242
59.23, 427242
59.24, 427242
59.25, 427242
59.26, 427242
59.27, 427242
59.28, 427242
59.29, 427242
59.3, 427242
59.31, 427242
59.32, 427242
59.33, 427242
59.34, 427242
59.35, 427242
59.36, 427242
59.37, 427242
59.38, 427242
59.39, 427242
59.4, 427242
59.41, 427242
59.42, 427242
59.43, 427242
59.44, 427242
59.45, 427242
59.46, 427242
59.47, 427242
59.48, 427242
59.49, 427242
59.5, 427242
59.51, 427242
59.52, 427242
59.53, 427242
59.54, 427242
59.55, 427242
59.56, 427242
59.57, 427242
59.58, 427242
59.59, 427242
59.6, 427242
59.61, 427242
59.62, 427242
59.63, 427242
59.64, 427242
59.65, 427242
59.66, 427242
59.67, 427242
59.68, 427242
59.69, 427242
59.7, 427242
59.71, 427242
59.72, 427242
59.73, 427242
59.74, 427242
59.75, 427242
59.76, 427242
59.77, 427242
59.78, 427242
59.79, 427242
59.8, 427242
59.81, 427242
59.82, 427242
59.83, 427242
59.84, 427242
59.85, 427242
59.86, 427242
59.87, 427242
59.88, 427242
59.89, 427242
59.9, 427242
59.91, 427242
59.92, 427242
59.93, 427242
59.94, 427242
59.95, 427242
59.96, 427242
59.97, 427242
59.98, 427242
59.99, 427242
