0.0, 526474
0.01, 505708
0.02, 456702
0.03, 456702
0.04, 456702
0.07, 456702
0.08, 456702
0.09, 456702
0.1, 456702
0.11, 456702
0.12, 456702
0.13, 456702
0.14, 456702
0.15, 456702
0.16, 456702
0.17, 456702
0.18, 456702
0.19, 456702
0.2, 456702
0.21, 456702
0.22, 456702
0.23, 456702
0.24, 456702
0.25, 456702
0.26, 456702
0.27, 456702
0.28, 456702
0.29, 456702
0.3, 456702
0.31, 456702
0.32, 456702
0.33, 456702
0.34, 456702
0.35, 456702
0.36, 456702
0.37, 456702
0.38, 456702
0.39, 456702
0.4, 456702
0.41, 456702
0.42, 456702
0.43, 456702
0.44, 456702
0.45, 456702
0.46, 456702
0.47, 456702
0.48, 456702
0.49, 456702
0.5, 456702
0.51, 456702
0.52, 456702
0.53, 456702
0.54, 456702
0.55, 456702
0.56, 456702
0.57, 456702
0.58, 456702
0.59, 456702
0.6, 456702
0.61, 456702
0.62, 456702
0.63, 456702
0.64, 456702
0.65, 456702
0.66, 456702
0.67, 456702
0.68, 456702
0.69, 456702
0.7, 456702
0.71, 456702
0.72, 456702
0.73, 456702
0.74, 456702
0.75, 456702
0.76, 456702
0.77, 456702
0.78, 456702
0.79, 456702
0.8, 456702
0.81, 456702
0.82, 456702
0.83, 456702
0.84, 456702
0.85, 456702
0.86, 456702
0.87, 456702
0.88, 456702
0.89, 456702
0.9, 456702
0.91, 456702
0.92, 456702
0.93, 456702
0.94, 456702
0.95, 456702
0.96, 456702
0.97, 456702
0.98, 456702
0.99, 456702
1.0, 456702
1.01, 456702
1.02, 456702
1.03, 456702
1.04, 456702
1.05, 456702
1.06, 456702
1.07, 456702
1.08, 456702
1.09, 456702
1.1, 456702
1.11, 456702
1.12, 456702
1.13, 456702
1.14, 456702
1.15, 456702
1.16, 456702
1.17, 456702
1.18, 456702
1.19, 456702
1.2, 456702
1.21, 456702
1.22, 456702
1.23, 456702
1.24, 456702
1.25, 456702
1.26, 456702
1.27, 456702
1.28, 456702
1.29, 456702
1.3, 456702
1.31, 456702
1.32, 456702
1.33, 456702
1.34, 456702
1.35, 456702
1.36, 456702
1.37, 456702
1.38, 456702
1.39, 456702
1.4, 456702
1.41, 456702
1.42, 456702
1.43, 456702
1.44, 456702
1.45, 456702
1.46, 456702
1.47, 456702
1.48, 456702
1.49, 456702
1.5, 456702
1.51, 456702
1.52, 456702
1.53, 456702
1.54, 456702
1.55, 456702
1.56, 456702
1.57, 456702
1.58, 456702
1.59, 456702
1.6, 456702
1.61, 456702
1.62, 456702
1.63, 456702
1.64, 456702
1.65, 456702
1.66, 456702
1.67, 456702
1.68, 456702
1.69, 456702
1.7, 456702
1.71, 456702
1.72, 456702
1.73, 456702
1.74, 456702
1.75, 456702
1.76, 456702
1.77, 456702
1.78, 456702
1.79, 456702
1.8, 456702
1.81, 456702
1.82, 456702
1.83, 456702
1.84, 456702
1.85, 456702
1.86, 456702
1.87, 456702
1.88, 456702
1.89, 456702
1.9, 456702
1.91, 456702
1.92, 456702
1.93, 456702
1.94, 456702
1.95, 456702
1.96, 456702
1.97, 456702
1.98, 456702
1.99, 456702
2.0, 456702
2.01, 456702
2.02, 456702
2.03, 456702
2.04, 456702
2.05, 456702
2.06, 456702
2.07, 456702
2.08, 456702
2.09, 456702
2.1, 456702
2.11, 456702
2.12, 456702
2.13, 456702
2.14, 456702
2.15, 456702
2.16, 456702
2.17, 456702
2.18, 456702
2.19, 456702
2.2, 456702
2.21, 456702
2.22, 456702
2.23, 456702
2.24, 456702
2.25, 456702
2.26, 456702
2.27, 456702
2.28, 456702
2.29, 456702
2.3, 456702
2.31, 456702
2.32, 456702
2.33, 456702
2.34, 456702
2.35, 456702
2.36, 456702
2.37, 456702
2.38, 456702
2.39, 456702
2.4, 456702
2.41, 456702
2.42, 456702
2.43, 456702
2.44, 456702
2.45, 456702
2.46, 456702
2.47, 456702
2.48, 456702
2.49, 456702
2.5, 456702
2.51, 456702
2.52, 456702
2.53, 456702
2.54, 456702
2.55, 456702
2.56, 456702
2.57, 456702
2.58, 456702
2.59, 456702
2.6, 456702
2.61, 456702
2.62, 456702
2.63, 456702
2.64, 451863
2.65, 451863
2.66, 451863
2.67, 451863
2.68, 451863
2.69, 451863
2.7, 451863
2.71, 451863
2.72, 451863
2.73, 451863
2.74, 451863
2.75, 451863
2.76, 451863
2.77, 451863
2.78, 451863
2.79, 451863
2.8, 451863
2.81, 451863
2.82, 451863
2.83, 451863
2.84, 451863
2.85, 451863
2.86, 451863
2.87, 451863
2.88, 451863
2.89, 451863
2.9, 451863
2.91, 451863
2.92, 451863
2.93, 451863
2.94, 451863
2.95, 451863
2.96, 451863
2.97, 451863
2.98, 451863
2.99, 451863
3.0, 451863
3.01, 451863
3.02, 451863
3.03, 451863
3.04, 451863
3.05, 451863
3.06, 451863
3.07, 451863
3.08, 451863
3.09, 451863
3.1, 451863
3.11, 451863
3.12, 451863
3.13, 451863
3.14, 451863
3.15, 451863
3.16, 451863
3.17, 451863
3.18, 451863
3.19, 451863
3.2, 451863
3.21, 451863
3.22, 451863
3.23, 451863
3.24, 451863
3.25, 451863
3.26, 451863
3.27, 451863
3.28, 451863
3.29, 451863
3.3, 451863
3.31, 451863
3.32, 451863
3.33, 451863
3.34, 451863
3.35, 451863
3.36, 451863
3.37, 451863
3.38, 451863
3.39, 451863
3.4, 451863
3.41, 451863
3.42, 451863
3.43, 451863
3.44, 451863
3.45, 451863
3.46, 451863
3.47, 451863
3.48, 451863
3.49, 451863
3.5, 451863
3.51, 451863
3.52, 451863
3.53, 451863
3.54, 451863
3.55, 451863
3.56, 451863
3.57, 451863
3.58, 451863
3.59, 451863
3.6, 451863
3.61, 451863
3.62, 451863
3.63, 451863
3.64, 451863
3.65, 451863
3.66, 451863
3.67, 451863
3.68, 451863
3.69, 451863
3.7, 451863
3.71, 451863
3.72, 451863
3.73, 451863
3.74, 451863
3.75, 451863
3.76, 451863
3.77, 451863
3.78, 451863
3.79, 451863
3.8, 451863
3.81, 451863
3.82, 451863
3.83, 451863
3.84, 451863
3.85, 451863
3.86, 451863
3.87, 451863
3.88, 451863
3.89, 451863
3.9, 451863
3.91, 451863
3.92, 451863
3.93, 451863
3.94, 451863
3.95, 451863
3.96, 451863
3.97, 451863
3.98, 451863
3.99, 451863
4.0, 451863
4.01, 451863
4.02, 451863
4.03, 451863
4.04, 451863
4.05, 451863
4.06, 451863
4.07, 451863
4.08, 447320
4.09, 447320
4.1, 447320
4.11, 447320
4.12, 447320
4.13, 447320
4.14, 447320
4.15, 447320
4.16, 447320
4.17, 447320
4.18, 447320
4.19, 447320
4.2, 447320
4.21, 447320
4.22, 447320
4.23, 447320
4.24, 447320
4.25, 447320
4.26, 447320
4.27, 447320
4.28, 447320
4.29, 447320
4.3, 447320
4.31, 447320
4.32, 447320
4.33, 447320
4.34, 447320
4.35, 447320
4.36, 447320
4.37, 447320
4.38, 447320
4.39, 447320
4.4, 447320
4.41, 447320
4.42, 447320
4.43, 447320
4.44, 447320
4.45, 447320
4.46, 447320
4.47, 447320
4.48, 447320
4.49, 447320
4.5, 447320
4.51, 447320
4.52, 447320
4.53, 447320
4.54, 447320
4.55, 447320
4.56, 447320
4.57, 447320
4.58, 447320
4.59, 447320
4.6, 447320
4.61, 447320
4.62, 447320
4.63, 447320
4.64, 447320
4.65, 447320
4.66, 447320
4.67, 447320
4.68, 447320
4.69, 447320
4.7, 447320
4.71, 447320
4.72, 447320
4.73, 447320
4.74, 447320
4.75, 447320
4.76, 447320
4.77, 447320
4.78, 447320
4.79, 447320
4.8, 447320
4.81, 447320
4.82, 447320
4.83, 447320
4.84, 447320
4.85, 447320
4.86, 447320
4.87, 447320
4.88, 447320
4.89, 447320
4.9, 447320
4.91, 447320
4.92, 447320
4.93, 447320
4.94, 447320
4.95, 447320
4.96, 447320
4.97, 447320
4.98, 447320
4.99, 447320
5.0, 447320
5.01, 447320
5.02, 447320
5.03, 447320
5.04, 447320
5.05, 447320
5.06, 447320
5.07, 447320
5.08, 447320
5.09, 447320
5.1, 447320
5.11, 447320
5.12, 447320
5.13, 447320
5.14, 447320
5.15, 447320
5.16, 447320
5.17, 447320
5.18, 447320
5.19, 447320
5.2, 447320
5.21, 447320
5.22, 447320
5.23, 447320
5.24, 447320
5.25, 447320
5.26, 447320
5.27, 447320
5.28, 447320
5.29, 447320
5.3, 447320
5.31, 447320
5.32, 447320
5.33, 447320
5.34, 447320
5.35, 447320
5.36, 447320
5.37, 447320
5.38, 447320
5.39, 447320
5.4, 447320
5.41, 447320
5.42, 447320
5.43, 447320
5.44, 447320
5.45, 447320
5.46, 447320
5.47, 447320
5.48, 447320
5.49, 447320
5.5, 447320
5.51, 447320
5.52, 447320
5.53, 447320
5.54, 447320
5.55, 447320
5.56, 447320
5.57, 447320
5.58, 447320
5.59, 447320
5.6, 447320
5.61, 447320
5.62, 447320
5.63, 447320
5.64, 447320
5.65, 447320
5.66, 447320
5.67, 447320
5.68, 447320
5.69, 447320
5.7, 447320
5.71, 447320
5.72, 447320
5.73, 447320
5.74, 447320
5.75, 447320
5.76, 447320
5.77, 447320
5.78, 447320
5.79, 447320
5.8, 447320
5.81, 447320
5.82, 447320
5.83, 447320
5.84, 447320
5.85, 447320
5.86, 447320
5.87, 447320
5.88, 447320
5.89, 447320
5.9, 447320
5.91, 447320
5.92, 447320
5.93, 447320
5.94, 447320
5.95, 447320
5.96, 447320
5.97, 447320
5.98, 447320
5.99, 447320
6.0, 447320
6.01, 447320
6.02, 447320
6.03, 447320
6.04, 447320
6.05, 447320
6.06, 447320
6.07, 447320
6.08, 447320
6.09, 447320
6.1, 447320
6.11, 447320
6.12, 447320
6.13, 447320
6.14, 447320
6.15, 447320
6.16, 447320
6.17, 447320
6.18, 447320
6.19, 447320
6.2, 447320
6.21, 447320
6.22, 447320
6.23, 447320
6.24, 447320
6.25, 447320
6.26, 447320
6.27, 447320
6.28, 447320
6.29, 447320
6.3, 447320
6.31, 447320
6.32, 447320
6.33, 447320
6.34, 447320
6.35, 447320
6.36, 447320
6.37, 447320
6.38, 447320
6.39, 447320
6.4, 447320
6.41, 447320
6.42, 447320
6.43, 447320
6.44, 447320
6.45, 447320
6.46, 447320
6.47, 447320
6.48, 447320
6.49, 447320
6.5, 447320
6.51, 447320
6.52, 447320
6.53, 447320
6.54, 447320
6.55, 447320
6.56, 447320
6.57, 447320
6.58, 447320
6.59, 447320
6.6, 447320
6.61, 447320
6.62, 447320
6.63, 447320
6.64, 447320
6.65, 447320
6.66, 447320
6.67, 447320
6.68, 447320
6.69, 447320
6.7, 447320
6.71, 447320
6.72, 447320
6.73, 447320
6.74, 447320
6.75, 447320
6.76, 447320
6.77, 447320
6.78, 447320
6.79, 447320
6.8, 447320
6.81, 447320
6.82, 447320
6.83, 447320
6.84, 447320
6.85, 447320
6.86, 447320
6.87, 447320
6.88, 447320
6.89, 447320
6.9, 447320
6.91, 447320
6.92, 447320
6.93, 447320
6.94, 447320
6.95, 447320
6.96, 447320
6.97, 447320
6.98, 447320
6.99, 447320
7.0, 447320
7.01, 447320
7.02, 447320
7.03, 447320
7.04, 447320
7.05, 447320
7.06, 447320
7.07, 447320
7.08, 447320
7.09, 447320
7.1, 447320
7.11, 447320
7.12, 447320
7.13, 447320
7.14, 447320
7.15, 447320
7.16, 447320
7.17, 447320
7.18, 447320
7.19, 447320
7.2, 447320
7.21, 447320
7.22, 447320
7.23, 447320
7.24, 447320
7.25, 447320
7.26, 447320
7.27, 447320
7.28, 447320
7.29, 447320
7.3, 447320
7.31, 447320
7.32, 447320
7.33, 447320
7.34, 447320
7.35, 447320
7.36, 447320
7.37, 447320
7.38, 447320
7.39, 447320
7.4, 447320
7.41, 447320
7.42, 447320
7.43, 447320
7.44, 447320
7.45, 447320
7.46, 447320
7.47, 447320
7.48, 447320
7.49, 447320
7.5, 447320
7.51, 447320
7.52, 447320
7.53, 447320
7.54, 447320
7.55, 447320
7.56, 447320
7.57, 447320
7.58, 447320
7.59, 447320
7.6, 447320
7.61, 447320
7.62, 447320
7.63, 447320
7.64, 447320
7.65, 447320
7.66, 447320
7.67, 447320
7.68, 447320
7.69, 447320
7.7, 447320
7.71, 447320
7.72, 447320
7.73, 447320
7.74, 447320
7.75, 447320
7.76, 447320
7.77, 447320
7.78, 447320
7.79, 447320
7.8, 447320
7.81, 447320
7.82, 447320
7.83, 447320
7.84, 447320
7.85, 447320
7.86, 447320
7.87, 447320
7.88, 447320
7.89, 447320
7.9, 447320
7.91, 447320
7.92, 447320
7.93, 447320
7.94, 447320
7.95, 447320
7.96, 447320
7.97, 447320
7.98, 447320
7.99, 447320
8.0, 447320
8.01, 447320
8.02, 447320
8.03, 447320
8.04, 447320
8.05, 447320
8.06, 447320
8.07, 447320
8.08, 447320
8.09, 447320
8.1, 447320
8.11, 447320
8.12, 447320
8.13, 447320
8.14, 447320
8.15, 447320
8.16, 447320
8.17, 447320
8.18, 447320
8.19, 447320
8.2, 447320
8.21, 447320
8.22, 447320
8.23, 447320
8.24, 447320
8.25, 447320
8.26, 447320
8.27, 447320
8.28, 447320
8.29, 447320
8.3, 447320
8.31, 447320
8.32, 447320
8.33, 447320
8.34, 447320
8.35, 447320
8.36, 447320
8.37, 447320
8.38, 447320
8.39, 447320
8.4, 447320
8.41, 447320
8.42, 447320
8.43, 447320
8.44, 447320
8.45, 447320
8.46, 447320
8.47, 447320
8.48, 447320
8.49, 447320
8.5, 447320
8.51, 447320
8.52, 447320
8.53, 447320
8.54, 447320
8.55, 447320
8.56, 447320
8.57, 447320
8.58, 447320
8.59, 447320
8.6, 447320
8.61, 447320
8.62, 447320
8.63, 447320
8.64, 447320
8.65, 447320
8.66, 447320
8.67, 447320
8.68, 447320
8.69, 447320
8.7, 447320
8.71, 447320
8.72, 447320
8.73, 447320
8.74, 447320
8.75, 447320
8.76, 447320
8.77, 447320
8.78, 447320
8.79, 447320
8.8, 447320
8.81, 447320
8.82, 447320
8.83, 447320
8.84, 447320
8.85, 447320
8.86, 447320
8.87, 447320
8.88, 447320
8.89, 447320
8.9, 447320
8.91, 447320
8.92, 447320
8.93, 447320
8.94, 447320
8.95, 447320
8.96, 447320
8.97, 447320
8.98, 447320
8.99, 447320
9.0, 447320
9.01, 447320
9.02, 447320
9.03, 447320
9.04, 447320
9.05, 447320
9.06, 447320
9.07, 447320
9.08, 447320
9.09, 447320
9.1, 447320
9.11, 447320
9.12, 447320
9.13, 447320
9.14, 447320
9.15, 447320
9.16, 447320
9.17, 447320
9.18, 447320
9.19, 447320
9.2, 447320
9.21, 447320
9.22, 447320
9.23, 447320
9.24, 447320
9.25, 447320
9.26, 447320
9.27, 447320
9.28, 447320
9.29, 447320
9.3, 447320
9.31, 447320
9.32, 447320
9.33, 447320
9.34, 447320
9.35, 447320
9.36, 447320
9.37, 447320
9.38, 447320
9.39, 447320
9.4, 447320
9.41, 447320
9.42, 447320
9.43, 447320
9.44, 447320
9.45, 447320
9.46, 447320
9.47, 447320
9.48, 447320
9.49, 447320
9.5, 447320
9.51, 447320
9.52, 447320
9.53, 447320
9.54, 447320
9.55, 447320
9.56, 447320
9.57, 447320
9.58, 447320
9.59, 447320
9.6, 447320
9.61, 447320
9.62, 447320
9.63, 447320
9.64, 447320
9.65, 447320
9.66, 447320
9.67, 447320
9.68, 447320
9.69, 447320
9.7, 447320
9.71, 447320
9.72, 447320
9.73, 447320
9.74, 447320
9.75, 447320
9.76, 447320
9.77, 447320
9.78, 447320
9.79, 447320
9.8, 447320
9.81, 447320
9.82, 447320
9.83, 447320
9.84, 447320
9.85, 447320
9.86, 447320
9.87, 447320
9.88, 447320
9.89, 447320
9.9, 447320
9.91, 447320
9.92, 447320
9.93, 447320
9.94, 447320
9.95, 447320
9.96, 447320
9.97, 447320
9.98, 447320
9.99, 447320
10.0, 447320
10.01, 447320
10.02, 447320
10.03, 447320
10.04, 447320
10.05, 447320
10.06, 447320
10.07, 447320
10.08, 447320
10.09, 447320
10.1, 447320
10.11, 447320
10.12, 447320
10.13, 447320
10.14, 447320
10.15, 447320
10.16, 447320
10.17, 447320
10.18, 447320
10.19, 447320
10.2, 447320
10.21, 447320
10.22, 447320
10.23, 447320
10.24, 447320
10.25, 447320
10.26, 447320
10.27, 447320
10.28, 447320
10.29, 447320
10.3, 447320
10.31, 447320
10.32, 447320
10.33, 447320
10.34, 447320
10.35, 447320
10.36, 447320
10.37, 447320
10.38, 447320
10.39, 447320
10.4, 447320
10.41, 447320
10.42, 447320
10.43, 447320
10.44, 447320
10.45, 447320
10.46, 447320
10.47, 447320
10.48, 447320
10.49, 447320
10.5, 447320
10.51, 447320
10.52, 447320
10.53, 447320
10.54, 447320
10.55, 447320
10.56, 447320
10.57, 447320
10.58, 447320
10.59, 447320
10.6, 447320
10.61, 447320
10.62, 447320
10.63, 447320
10.64, 447320
10.65, 447320
10.66, 447320
10.67, 447320
10.68, 447320
10.69, 447320
10.7, 447320
10.71, 447320
10.72, 447320
10.73, 447320
10.74, 447320
10.75, 447320
10.76, 447320
10.77, 447320
10.78, 447320
10.79, 447320
10.8, 447320
10.81, 447320
10.82, 447320
10.83, 447320
10.84, 447320
10.85, 447320
10.86, 447320
10.87, 447320
10.88, 447320
10.89, 447320
10.9, 447320
10.91, 447320
10.92, 447320
10.93, 447320
10.94, 447320
10.95, 447320
10.96, 447320
10.97, 447320
10.98, 447320
10.99, 447320
11.0, 447320
11.01, 442202
11.02, 442202
11.03, 442202
11.04, 442202
11.05, 442202
11.06, 442202
11.07, 442202
11.08, 442202
11.09, 442202
11.1, 442202
11.11, 442202
11.12, 442202
11.13, 442202
11.14, 442202
11.15, 442202
11.16, 442202
11.17, 442202
11.18, 442202
11.19, 442202
11.2, 442202
11.21, 442202
11.22, 442202
11.23, 442202
11.24, 442202
11.25, 442202
11.26, 442202
11.27, 442202
11.28, 442202
11.29, 442202
11.3, 442202
11.31, 442202
11.32, 442202
11.33, 442202
11.34, 442202
11.35, 442202
11.36, 442202
11.37, 442202
11.38, 442202
11.39, 442202
11.4, 442202
11.41, 442202
11.42, 442202
11.43, 442202
11.44, 442202
11.45, 442202
11.46, 442202
11.47, 442202
11.48, 442202
11.49, 442202
11.5, 442202
11.51, 442202
11.52, 442202
11.53, 442202
11.54, 442202
11.55, 442202
11.56, 442202
11.57, 442202
11.58, 442202
11.59, 442202
11.6, 442202
11.61, 442202
11.62, 442202
11.63, 442202
11.64, 442202
11.65, 442202
11.66, 442202
11.67, 442202
11.68, 442202
11.69, 442202
11.7, 442202
11.71, 442202
11.72, 442202
11.73, 442202
11.74, 442202
11.75, 442202
11.76, 442202
11.77, 442202
11.78, 442202
11.79, 442202
11.8, 442202
11.81, 442202
11.82, 442202
11.83, 442202
11.84, 442202
11.85, 442202
11.86, 442202
11.87, 442202
11.88, 442202
11.89, 442202
11.9, 442202
11.91, 442202
11.92, 442202
11.93, 442202
11.94, 442202
11.95, 442202
11.96, 442202
11.97, 442202
11.98, 442202
11.99, 442202
12.0, 442202
12.01, 442202
12.02, 442202
12.03, 442202
12.04, 442202
12.05, 442202
12.06, 442202
12.07, 442202
12.08, 442202
12.09, 442202
12.1, 442202
12.11, 442202
12.12, 442202
12.13, 442202
12.14, 442202
12.15, 442202
12.16, 442202
12.17, 442202
12.18, 442202
12.19, 442202
12.2, 442202
12.21, 442202
12.22, 442202
12.23, 442202
12.24, 442202
12.25, 442202
12.26, 442202
12.27, 442202
12.28, 442202
12.29, 442202
12.3, 442202
12.31, 442202
12.32, 442202
12.33, 442202
12.34, 442202
12.35, 442202
12.36, 442202
12.37, 442202
12.38, 442202
12.39, 442202
12.4, 442202
12.41, 442202
12.42, 442202
12.43, 442202
12.44, 442202
12.45, 442202
12.46, 442202
12.47, 442202
12.48, 442202
12.49, 442202
12.5, 442202
12.51, 442202
12.52, 442202
12.53, 442202
12.54, 442202
12.55, 442202
12.56, 442202
12.57, 442202
12.58, 442202
12.59, 442202
12.6, 442202
12.61, 442202
12.62, 442202
12.63, 442202
12.64, 442202
12.65, 442202
12.66, 442202
12.67, 442202
12.68, 442202
12.69, 442202
12.7, 442202
12.71, 442202
12.72, 442202
12.73, 442202
12.74, 442202
12.75, 442202
12.76, 442202
12.77, 442202
12.78, 442202
12.79, 442202
12.8, 442202
12.81, 442202
12.82, 442202
12.83, 442202
12.84, 442202
12.85, 442202
12.86, 442202
12.87, 442202
12.88, 442202
12.89, 442202
12.9, 442202
12.91, 442202
12.92, 442202
12.93, 442202
12.94, 442202
12.95, 442202
12.96, 442202
12.97, 442202
12.98, 442202
12.99, 442202
13.0, 442202
13.01, 442202
13.02, 442202
13.03, 442202
13.04, 442202
13.05, 442202
13.06, 442202
13.07, 442202
13.08, 442202
13.09, 442202
13.1, 442202
13.11, 442202
13.12, 442202
13.13, 442202
13.14, 442202
13.15, 442202
13.16, 442202
13.17, 442202
13.18, 442202
13.19, 442202
13.2, 442202
13.21, 442202
13.22, 442202
13.23, 442202
13.24, 442202
13.25, 442202
13.26, 442202
13.27, 442202
13.28, 442202
13.29, 442202
13.3, 442202
13.31, 442202
13.32, 442202
13.33, 442202
13.34, 442202
13.35, 442202
13.36, 442202
13.37, 442202
13.38, 442202
13.39, 442202
13.4, 442202
13.41, 442202
13.42, 442202
13.43, 442202
13.44, 442202
13.45, 442202
13.46, 442202
13.47, 442202
13.48, 442202
13.49, 442202
13.5, 442202
13.51, 442202
13.52, 442202
13.53, 442202
13.54, 442202
13.55, 442202
13.56, 442202
13.57, 442202
13.58, 442202
13.59, 442202
13.6, 442202
13.61, 442202
13.62, 442202
13.63, 442202
13.64, 442202
13.65, 442202
13.66, 442202
13.67, 442202
13.68, 442202
13.69, 442202
13.7, 442202
13.71, 442202
13.72, 442202
13.73, 442202
13.74, 442202
13.75, 442202
13.76, 442202
13.77, 442202
13.78, 442202
13.79, 442202
13.8, 442202
13.81, 442202
13.82, 442202
13.83, 442202
13.84, 442202
13.85, 442202
13.86, 442202
13.87, 442202
13.88, 442202
13.89, 442202
13.9, 442202
13.91, 442202
13.92, 442202
13.93, 442202
13.94, 442202
13.95, 442202
13.96, 442202
13.97, 442202
13.98, 442202
13.99, 442202
14.0, 442202
14.01, 442202
14.02, 442202
14.03, 442202
14.04, 442202
14.05, 442202
14.06, 442202
14.07, 442202
14.08, 442202
14.09, 442202
14.1, 442202
14.11, 442202
14.12, 442202
14.13, 442202
14.14, 442202
14.15, 442202
14.16, 442202
14.17, 442202
14.18, 442202
14.19, 442202
14.2, 442202
14.21, 442202
14.22, 442202
14.23, 442202
14.24, 442202
14.25, 442202
14.26, 442202
14.27, 442202
14.28, 442202
14.29, 442202
14.3, 442202
14.31, 442202
14.32, 442202
14.33, 442202
14.34, 442202
14.35, 442202
14.36, 442202
14.37, 442202
14.38, 442202
14.39, 442202
14.4, 442202
14.41, 442202
14.42, 442202
14.43, 442202
14.44, 442202
14.45, 442202
14.46, 442202
14.47, 442202
14.48, 442202
14.49, 442202
14.5, 442202
14.51, 442202
14.52, 442202
14.53, 442202
14.54, 442202
14.55, 442202
14.56, 442202
14.57, 442202
14.58, 442202
14.59, 442202
14.6, 442202
14.61, 442202
14.62, 442202
14.63, 442202
14.64, 442202
14.65, 442202
14.66, 442202
14.67, 442202
14.68, 442202
14.69, 442202
14.7, 442202
14.71, 442202
14.72, 442202
14.73, 442202
14.74, 442202
14.75, 442202
14.76, 442202
14.77, 442202
14.78, 442202
14.79, 442202
14.8, 442202
14.81, 442202
14.82, 442202
14.83, 442202
14.84, 442202
14.85, 442202
14.86, 442202
14.87, 442202
14.88, 442202
14.89, 442202
14.9, 442202
14.91, 442202
14.92, 442202
14.93, 442202
14.94, 442202
14.95, 442202
14.96, 442202
14.97, 442202
14.98, 442202
14.99, 442202
15.0, 442202
15.01, 442202
15.02, 442202
15.03, 442202
15.04, 442202
15.05, 442202
15.06, 442202
15.07, 442202
15.08, 442202
15.09, 442202
15.1, 442202
15.11, 442202
15.12, 442202
15.13, 442202
15.14, 442202
15.15, 442202
15.16, 442202
15.17, 442202
15.18, 442202
15.19, 442202
15.2, 442202
15.21, 442202
15.22, 442202
15.23, 442202
15.24, 442202
15.25, 442202
15.26, 442202
15.27, 442202
15.28, 442202
15.29, 442202
15.3, 442202
15.31, 442202
15.32, 442202
15.33, 442202
15.34, 442202
15.35, 442202
15.36, 442202
15.37, 442202
15.38, 442202
15.39, 442202
15.4, 442202
15.41, 442202
15.42, 442202
15.43, 442202
15.44, 442202
15.45, 442202
15.46, 442202
15.47, 442202
15.48, 442202
15.49, 442202
15.5, 442202
15.51, 442202
15.52, 442202
15.53, 442202
15.54, 442202
15.55, 442202
15.56, 442202
15.57, 442202
15.58, 442202
15.59, 442202
15.6, 442202
15.61, 442202
15.62, 442202
15.63, 442202
15.64, 442202
15.65, 442202
15.66, 442202
15.67, 442202
15.68, 442202
15.69, 442202
15.7, 442202
15.71, 442202
15.72, 442202
15.73, 442202
15.74, 442202
15.75, 442202
15.76, 442202
15.77, 442202
15.78, 442202
15.79, 442202
15.8, 442202
15.81, 442202
15.82, 442202
15.83, 442202
15.84, 442202
15.85, 442202
15.86, 442202
15.87, 442202
15.88, 442202
15.89, 442202
15.9, 442202
15.91, 442202
15.92, 442202
15.93, 442202
15.94, 442202
15.95, 442202
15.96, 442202
15.97, 442202
15.98, 442202
15.99, 442202
16.0, 442202
16.01, 442202
16.02, 442202
16.03, 442202
16.04, 442202
16.05, 442202
16.06, 442202
16.07, 442202
16.08, 442202
16.09, 442202
16.1, 442202
16.11, 442202
16.12, 442202
16.13, 442202
16.14, 442202
16.15, 442202
16.16, 442202
16.17, 442202
16.18, 442202
16.19, 442202
16.2, 442202
16.21, 442202
16.22, 442202
16.23, 442202
16.24, 442202
16.25, 442202
16.26, 442202
16.27, 442202
16.28, 442202
16.29, 442202
16.3, 442202
16.31, 442202
16.32, 442202
16.33, 442202
16.34, 442202
16.35, 442202
16.36, 442202
16.37, 442202
16.38, 442202
16.39, 442202
16.4, 442202
16.41, 442202
16.42, 442202
16.43, 442202
16.44, 442202
16.45, 442202
16.46, 442202
16.47, 442202
16.48, 442202
16.49, 442202
16.5, 442202
16.51, 442202
16.52, 442202
16.53, 442202
16.54, 442202
16.55, 442202
16.56, 442202
16.57, 442202
16.58, 442202
16.59, 442202
16.6, 442202
16.61, 442202
16.62, 442202
16.63, 442202
16.64, 442202
16.65, 442202
16.66, 442202
16.67, 442202
16.68, 442202
16.69, 442202
16.7, 442202
16.71, 442202
16.72, 442202
16.73, 442202
16.74, 442202
16.75, 442202
16.76, 442202
16.77, 442202
16.78, 442202
16.79, 442202
16.8, 442202
16.81, 442202
16.82, 442202
16.83, 442202
16.84, 442202
16.85, 442202
16.86, 442202
16.87, 442202
16.88, 442202
16.89, 442202
16.9, 442202
16.91, 442202
16.92, 442202
16.93, 442202
16.94, 442202
16.95, 442202
16.96, 442202
16.97, 442202
16.98, 442202
16.99, 442202
17.0, 442202
17.01, 442202
17.02, 442202
17.03, 442202
17.04, 442202
17.05, 442202
17.06, 442202
17.07, 442202
17.08, 442202
17.09, 442202
17.1, 442202
17.11, 442202
17.12, 442202
17.13, 442202
17.14, 442202
17.15, 442202
17.16, 442202
17.17, 442202
17.18, 442202
17.19, 442202
17.2, 442202
17.21, 442202
17.22, 442202
17.23, 442202
17.24, 442202
17.25, 442202
17.26, 442202
17.27, 442202
17.28, 442202
17.29, 442202
17.3, 442202
17.31, 442202
17.32, 442202
17.33, 442202
17.34, 442202
17.35, 442202
17.36, 442202
17.37, 442202
17.38, 442202
17.39, 442202
17.4, 442202
17.41, 442202
17.42, 442202
17.43, 442202
17.44, 442202
17.45, 442202
17.46, 442202
17.47, 442202
17.48, 442202
17.49, 442202
17.5, 442202
17.51, 442202
17.52, 442202
17.53, 442202
17.54, 442202
17.55, 442202
17.56, 442202
17.57, 442202
17.58, 442202
17.59, 442202
17.6, 442202
17.61, 442202
17.62, 442202
17.63, 442202
17.64, 442202
17.65, 442202
17.66, 442202
17.67, 442202
17.68, 442202
17.69, 442202
17.7, 442202
17.71, 442202
17.72, 442202
17.73, 442202
17.74, 442202
17.75, 442202
17.76, 442202
17.77, 442202
17.78, 442202
17.79, 442202
17.8, 442202
17.81, 442202
17.82, 442202
17.83, 442202
17.84, 442202
17.85, 442202
17.86, 442202
17.87, 442202
17.88, 442202
17.89, 442202
17.9, 442202
17.91, 442202
17.92, 442202
17.93, 442202
17.94, 442202
17.95, 442202
17.96, 442202
17.97, 442202
17.98, 442202
17.99, 442202
18.0, 442202
18.01, 442202
18.02, 442202
18.03, 442202
18.04, 442202
18.05, 442202
18.06, 442202
18.07, 442202
18.08, 442202
18.09, 442202
18.1, 442202
18.11, 442202
18.12, 442202
18.13, 442202
18.14, 442202
18.15, 442202
18.16, 442202
18.17, 442202
18.18, 442202
18.19, 442202
18.2, 442202
18.21, 442202
18.22, 442202
18.23, 442202
18.24, 442202
18.25, 442202
18.26, 442202
18.27, 442202
18.28, 442202
18.29, 442202
18.3, 442202
18.31, 442202
18.32, 442202
18.33, 442202
18.34, 442202
18.35, 442202
18.36, 442202
18.37, 442202
18.38, 442202
18.39, 442202
18.4, 442202
18.41, 442202
18.42, 442202
18.43, 442202
18.44, 442202
18.45, 442202
18.46, 442202
18.47, 442202
18.48, 442202
18.49, 442202
18.5, 442202
18.51, 442202
18.52, 442202
18.53, 442202
18.54, 442202
18.55, 442202
18.56, 442202
18.57, 442202
18.58, 442202
18.59, 442202
18.6, 442202
18.61, 442202
18.62, 442202
18.63, 442202
18.64, 442202
18.65, 442202
18.66, 442202
18.67, 442202
18.68, 442202
18.69, 442202
18.7, 442202
18.71, 442202
18.72, 442202
18.73, 442202
18.74, 442202
18.75, 442202
18.76, 442202
18.77, 442202
18.78, 442202
18.79, 442202
18.8, 442202
18.81, 442202
18.82, 442202
18.83, 442202
18.84, 442202
18.85, 442202
18.86, 442202
18.87, 442202
18.88, 442202
18.89, 442202
18.9, 442202
18.91, 442202
18.92, 442202
18.93, 442202
18.94, 442202
18.95, 442202
18.96, 442202
18.97, 442202
18.98, 442202
18.99, 442202
19.0, 442202
19.01, 442202
19.02, 442202
19.03, 442202
19.04, 442202
19.05, 442202
19.06, 442202
19.07, 442202
19.08, 442202
19.09, 442202
19.1, 442202
19.11, 442202
19.12, 442202
19.13, 442202
19.14, 442202
19.15, 442202
19.16, 442202
19.17, 442202
19.18, 442202
19.19, 442202
19.2, 442202
19.21, 442202
19.22, 442202
19.23, 442202
19.24, 442202
19.25, 442202
19.26, 442202
19.27, 442202
19.28, 442202
19.29, 442202
19.3, 442202
19.31, 442202
19.32, 442202
19.33, 442202
19.34, 442202
19.35, 442202
19.36, 442202
19.37, 442202
19.38, 442202
19.39, 442202
19.4, 442202
19.41, 442202
19.42, 442202
19.43, 442202
19.44, 442202
19.45, 442202
19.46, 442202
19.47, 442202
19.48, 442202
19.49, 442202
19.5, 442202
19.51, 442202
19.52, 442202
19.53, 442202
19.54, 442202
19.55, 442202
19.56, 442202
19.57, 442202
19.58, 442202
19.59, 442202
19.6, 442202
19.61, 442202
19.62, 442202
19.63, 442202
19.64, 442202
19.65, 442202
19.66, 442202
19.67, 442202
19.68, 442202
19.69, 442202
19.7, 442202
19.71, 442202
19.72, 442202
19.73, 442202
19.74, 442202
19.75, 442202
19.76, 442202
19.77, 442202
19.78, 442202
19.79, 442202
19.8, 442202
19.81, 442202
19.82, 442202
19.83, 442202
19.84, 442202
19.85, 442202
19.86, 442202
19.87, 442202
19.88, 442202
19.89, 442202
19.9, 442202
19.91, 442202
19.92, 442202
19.93, 442202
19.94, 442202
19.95, 442202
19.96, 442202
19.97, 442202
19.98, 442202
19.99, 442202
20.0, 442202
20.01, 442202
20.02, 442202
20.03, 442202
20.04, 442202
20.05, 442202
20.06, 442202
20.07, 442202
20.08, 442202
20.09, 442202
20.1, 442202
20.11, 442202
20.12, 442202
20.13, 442202
20.14, 442202
20.15, 442202
20.16, 442202
20.17, 442202
20.18, 442202
20.19, 442202
20.2, 442202
20.21, 442202
20.22, 442202
20.23, 442202
20.24, 442202
20.25, 442202
20.26, 442202
20.27, 442202
20.28, 442202
20.29, 442202
20.3, 442202
20.31, 442202
20.32, 442202
20.33, 442202
20.34, 442202
20.35, 442202
20.36, 442202
20.37, 442202
20.38, 442202
20.39, 442202
20.4, 442202
20.41, 442202
20.42, 442202
20.43, 442202
20.44, 442202
20.45, 442202
20.46, 442202
20.47, 442202
20.48, 442202
20.49, 442202
20.5, 442202
20.51, 442202
20.52, 442202
20.53, 442202
20.54, 442202
20.55, 442202
20.56, 442202
20.57, 442202
20.58, 442202
20.59, 442202
20.6, 442202
20.61, 442202
20.62, 442202
20.63, 442202
20.64, 442202
20.65, 442202
20.66, 442202
20.67, 442202
20.68, 442202
20.69, 442202
20.7, 442202
20.71, 442202
20.72, 442202
20.73, 442202
20.74, 442202
20.75, 442202
20.76, 442202
20.77, 442202
20.78, 442202
20.79, 442202
20.8, 442202
20.81, 442202
20.82, 442202
20.83, 442202
20.84, 442202
20.85, 442202
20.86, 442202
20.87, 442202
20.88, 442202
20.89, 442202
20.9, 442202
20.91, 442202
20.92, 442202
20.93, 442202
20.94, 442202
20.95, 442202
20.96, 442202
20.97, 442202
20.98, 442202
20.99, 442202
21.0, 442202
21.01, 442202
21.02, 442202
21.03, 442202
21.04, 442202
21.05, 442202
21.06, 442202
21.07, 442202
21.08, 442202
21.09, 442202
21.1, 442202
21.11, 442202
21.12, 442202
21.13, 442202
21.14, 442202
21.15, 442202
21.16, 442202
21.17, 442202
21.18, 442202
21.19, 442202
21.2, 442202
21.21, 442202
21.22, 442202
21.23, 442202
21.24, 442202
21.25, 442202
21.26, 442202
21.27, 442202
21.28, 442202
21.29, 442202
21.3, 442202
21.31, 442202
21.32, 442202
21.33, 442202
21.34, 442202
21.35, 442202
21.36, 442202
21.37, 442202
21.38, 442202
21.39, 442202
21.4, 442202
21.41, 442202
21.42, 442202
21.43, 442202
21.44, 442202
21.45, 442202
21.46, 442202
21.47, 442202
21.48, 442202
21.49, 442202
21.5, 442202
21.51, 442202
21.52, 442202
21.53, 442202
21.54, 442202
21.55, 442202
21.56, 442202
21.57, 442202
21.58, 442202
21.59, 442202
21.6, 442202
21.61, 442202
21.62, 442202
21.63, 442202
21.64, 442202
21.65, 442202
21.66, 442202
21.67, 442202
21.68, 442202
21.69, 442202
21.7, 442202
21.71, 442202
21.72, 442202
21.73, 442202
21.74, 442202
21.75, 442202
21.76, 442202
21.77, 442202
21.78, 442202
21.79, 442202
21.8, 442202
21.81, 442202
21.82, 442202
21.83, 442202
21.84, 442202
21.85, 442202
21.86, 442202
21.87, 442202
21.88, 442202
21.89, 442202
21.9, 442202
21.91, 442202
21.92, 442202
21.93, 442202
21.94, 442202
21.95, 442202
21.96, 442202
21.97, 442202
21.98, 442202
21.99, 442202
22.0, 442202
22.01, 442202
22.02, 442202
22.03, 442202
22.04, 442202
22.05, 442202
22.06, 442202
22.07, 442202
22.08, 442202
22.09, 442202
22.1, 442202
22.11, 442202
22.12, 442202
22.13, 442202
22.14, 442202
22.15, 442202
22.16, 442202
22.17, 442202
22.18, 442202
22.19, 442202
22.2, 442202
22.21, 442202
22.22, 442202
22.23, 442202
22.24, 442202
22.25, 442202
22.26, 442202
22.27, 442202
22.28, 442202
22.29, 442202
22.3, 442202
22.31, 442202
22.32, 442202
22.33, 442202
22.34, 442202
22.35, 442202
22.36, 442202
22.37, 442202
22.38, 442202
22.39, 442202
22.4, 442202
22.41, 442202
22.42, 442202
22.43, 442202
22.44, 442202
22.45, 442202
22.46, 442202
22.47, 442202
22.48, 442202
22.49, 442202
22.5, 442202
22.51, 442202
22.52, 442202
22.53, 442202
22.54, 442202
22.55, 442202
22.56, 442202
22.57, 442202
22.58, 442202
22.59, 442202
22.6, 442202
22.61, 442202
22.62, 442202
22.63, 442202
22.64, 442202
22.65, 442202
22.66, 442202
22.67, 442202
22.68, 442202
22.69, 442202
22.7, 442202
22.71, 442202
22.72, 442202
22.73, 442202
22.74, 442202
22.75, 442202
22.76, 442202
22.77, 442202
22.78, 442202
22.79, 442202
22.8, 442202
22.81, 442202
22.82, 442202
22.83, 442202
22.84, 442202
22.85, 442202
22.86, 442202
22.87, 442202
22.88, 442202
22.89, 442202
22.9, 442202
22.91, 442202
22.92, 442202
22.93, 442202
22.94, 442202
22.95, 442202
22.96, 442202
22.97, 442202
22.98, 442202
22.99, 442202
23.0, 442202
23.01, 442202
23.02, 442202
23.03, 442202
23.04, 442202
23.05, 442202
23.06, 442202
23.07, 442202
23.08, 442202
23.09, 442202
23.1, 442202
23.11, 442202
23.12, 442202
23.13, 442202
23.14, 442202
23.15, 442202
23.16, 442202
23.17, 442202
23.18, 442202
23.19, 442202
23.2, 442202
23.21, 442202
23.22, 442202
23.23, 442202
23.24, 442202
23.25, 442202
23.26, 442202
23.27, 442202
23.28, 442202
23.29, 442202
23.3, 442202
23.31, 442202
23.32, 442202
23.33, 442202
23.34, 442202
23.35, 442202
23.36, 442202
23.37, 442202
23.38, 442202
23.39, 442202
23.4, 442202
23.41, 442202
23.42, 442202
23.43, 442202
23.44, 442202
23.45, 442202
23.46, 442202
23.47, 442202
23.48, 442202
23.49, 442202
23.5, 442202
23.51, 442202
23.52, 442202
23.53, 442202
23.54, 442202
23.55, 442202
23.56, 442202
23.57, 442202
23.58, 442202
23.59, 442202
23.6, 442202
23.61, 442202
23.62, 442202
23.63, 442202
23.64, 442202
23.65, 442202
23.66, 442202
23.67, 442202
23.68, 442202
23.69, 442202
23.7, 442202
23.71, 442202
23.72, 442202
23.73, 442202
23.74, 442202
23.75, 442202
23.76, 442202
23.77, 442202
23.78, 442202
23.79, 442202
23.8, 442202
23.81, 442202
23.82, 442202
23.83, 442202
23.84, 442202
23.85, 442202
23.86, 442202
23.87, 442202
23.88, 442202
23.89, 442202
23.9, 442202
23.91, 442202
23.92, 442202
23.93, 442202
23.94, 442202
23.95, 442202
23.96, 442202
23.97, 442202
23.98, 442202
23.99, 442202
24.0, 442202
24.01, 442202
24.02, 442202
24.03, 442202
24.04, 442202
24.05, 442202
24.06, 442202
24.07, 442202
24.08, 442202
24.09, 442202
24.1, 442202
24.11, 442202
24.12, 442202
24.13, 442202
24.14, 442202
24.15, 442202
24.16, 442202
24.17, 442202
24.18, 442202
24.19, 442202
24.2, 442202
24.21, 442202
24.22, 442202
24.23, 442202
24.24, 442202
24.25, 442202
24.26, 442202
24.27, 442202
24.28, 442202
24.29, 442202
24.3, 442202
24.31, 442202
24.32, 442202
24.33, 442202
24.34, 442202
24.35, 442202
24.36, 442202
24.37, 442202
24.38, 442202
24.39, 442202
24.4, 442202
24.41, 442202
24.42, 442202
24.43, 442202
24.44, 442202
24.45, 442202
24.46, 442202
24.47, 442202
24.48, 442202
24.49, 442202
24.5, 442202
24.51, 442202
24.52, 442202
24.53, 442202
24.54, 442202
24.55, 442202
24.56, 442202
24.57, 442202
24.58, 442202
24.59, 442202
24.6, 442202
24.61, 442202
24.62, 442202
24.63, 442202
24.64, 442202
24.65, 442202
24.66, 442202
24.67, 442202
24.68, 442202
24.69, 442202
24.7, 442202
24.71, 442202
24.72, 442202
24.73, 442202
24.74, 442202
24.75, 442202
24.76, 442202
24.77, 442202
24.78, 442202
24.79, 442202
24.8, 442202
24.81, 442202
24.82, 442202
24.83, 442202
24.84, 442202
24.85, 442202
24.86, 442202
24.87, 442202
24.88, 442202
24.89, 442202
24.9, 442202
24.91, 442202
24.92, 442202
24.93, 442202
24.94, 442202
24.95, 442202
24.96, 442202
24.97, 442202
24.98, 442202
24.99, 442202
25.0, 442202
25.01, 442202
25.02, 442202
25.03, 442202
25.04, 442202
25.05, 442202
25.06, 442202
25.07, 442202
25.08, 442202
25.09, 442202
25.1, 442202
25.11, 442202
25.12, 442202
25.13, 442202
25.14, 442202
25.15, 442202
25.16, 442202
25.17, 442202
25.18, 442202
25.19, 442202
25.2, 442202
25.21, 442202
25.22, 442202
25.23, 442202
25.24, 442202
25.25, 442202
25.26, 442202
25.27, 442202
25.28, 442202
25.29, 442202
25.3, 442202
25.31, 442202
25.32, 442202
25.33, 442202
25.34, 442202
25.35, 442202
25.36, 442202
25.37, 442202
25.38, 442202
25.39, 442202
25.4, 442202
25.41, 442202
25.42, 442202
25.43, 442202
25.44, 442202
25.45, 442202
25.46, 442202
25.47, 442202
25.48, 442202
25.49, 442202
25.5, 442202
25.51, 442202
25.52, 442202
25.53, 442202
25.54, 442202
25.55, 442202
25.56, 442202
25.57, 442202
25.58, 442202
25.59, 442202
25.6, 442202
25.61, 442202
25.62, 442202
25.63, 442202
25.64, 442202
25.65, 442202
25.66, 442202
25.67, 442202
25.68, 442202
25.69, 442202
25.7, 442202
25.71, 442202
25.72, 442202
25.73, 442202
25.74, 442202
25.75, 442202
25.76, 442202
25.77, 442202
25.78, 442202
25.79, 442202
25.8, 442202
25.81, 442202
25.82, 442202
25.83, 442202
25.84, 442202
25.85, 442202
25.86, 442202
25.87, 442202
25.88, 442202
25.89, 442202
25.9, 442202
25.91, 442202
25.92, 442202
25.93, 442202
25.94, 442202
25.95, 442202
25.96, 442202
25.97, 442202
25.98, 442202
25.99, 442202
26.0, 442202
26.01, 442202
26.02, 442202
26.03, 442202
26.04, 442202
26.05, 442202
26.06, 442202
26.07, 442202
26.08, 442202
26.09, 442202
26.1, 442202
26.11, 442202
26.12, 442202
26.13, 442202
26.14, 442202
26.15, 442202
26.16, 442202
26.17, 442202
26.18, 442202
26.19, 442202
26.2, 442202
26.21, 442202
26.22, 442202
26.23, 442202
26.24, 442202
26.25, 442202
26.26, 442202
26.27, 442202
26.28, 442202
26.29, 442202
26.3, 442202
26.31, 442202
26.32, 442202
26.33, 442202
26.34, 442202
26.35, 442202
26.36, 442202
26.37, 442202
26.38, 442202
26.39, 442202
26.4, 442202
26.41, 442202
26.42, 442202
26.43, 442202
26.44, 442202
26.45, 442202
26.46, 442202
26.47, 442202
26.48, 442202
26.49, 442202
26.5, 442202
26.51, 442202
26.52, 442202
26.53, 442202
26.54, 442202
26.55, 442202
26.56, 442202
26.57, 442202
26.58, 442202
26.59, 442202
26.6, 442202
26.61, 442202
26.62, 442202
26.63, 442202
26.64, 442202
26.65, 442202
26.66, 442202
26.67, 442202
26.68, 442202
26.69, 442202
26.7, 442202
26.71, 442202
26.72, 442202
26.73, 442202
26.74, 442202
26.75, 442202
26.76, 442202
26.77, 442202
26.78, 442202
26.79, 442202
26.8, 442202
26.81, 442202
26.82, 442202
26.83, 442202
26.84, 442202
26.85, 442202
26.86, 442202
26.87, 442202
26.88, 442202
26.89, 442202
26.9, 442202
26.91, 442202
26.92, 442202
26.93, 442202
26.94, 442202
26.95, 442202
26.96, 442202
26.97, 442202
26.98, 442202
26.99, 442202
27.0, 442202
27.01, 442202
27.02, 442202
27.03, 442202
27.04, 442202
27.05, 442202
27.06, 442202
27.07, 442202
27.08, 442202
27.09, 442202
27.1, 442202
27.11, 442202
27.12, 442202
27.13, 442202
27.14, 442202
27.15, 442202
27.16, 442202
27.17, 442202
27.18, 442202
27.19, 442202
27.2, 442202
27.21, 442202
27.22, 442202
27.23, 442202
27.24, 442202
27.25, 442202
27.26, 442202
27.27, 442202
27.28, 442202
27.29, 442202
27.3, 442202
27.31, 442202
27.32, 442202
27.33, 442202
27.34, 442202
27.35, 442202
27.36, 442202
27.37, 442202
27.38, 442202
27.39, 442202
27.4, 442202
27.41, 442202
27.42, 442202
27.43, 442202
27.44, 442202
27.45, 442202
27.46, 442202
27.47, 442202
27.48, 442202
27.49, 442202
27.5, 442202
27.51, 442202
27.52, 442202
27.53, 442202
27.54, 442202
27.55, 442202
27.56, 442202
27.57, 442202
27.58, 442202
27.59, 442202
27.6, 442202
27.61, 442202
27.62, 442202
27.63, 442202
27.64, 442202
27.65, 442202
27.66, 442202
27.67, 442202
27.68, 442202
27.69, 442202
27.7, 442202
27.71, 442202
27.72, 442202
27.73, 442202
27.74, 442202
27.75, 442202
27.76, 442202
27.77, 442202
27.78, 442202
27.79, 442202
27.8, 442202
27.81, 442202
27.82, 442202
27.83, 442202
27.84, 442202
27.85, 442202
27.86, 442202
27.87, 442202
27.88, 442202
27.89, 442202
27.9, 442202
27.91, 442202
27.92, 442202
27.93, 442202
27.94, 442202
27.95, 442202
27.96, 442202
27.97, 442202
27.98, 442202
27.99, 442202
28.0, 442202
28.01, 442202
28.02, 442202
28.03, 442202
28.04, 442202
28.05, 442202
28.06, 442202
28.07, 442202
28.08, 442202
28.09, 442202
28.1, 442202
28.11, 442202
28.12, 442202
28.13, 442202
28.14, 442202
28.15, 442202
28.16, 442202
28.17, 442202
28.18, 442202
28.19, 442202
28.2, 442202
28.21, 442202
28.22, 442202
28.23, 442202
28.24, 442202
28.25, 442202
28.26, 442202
28.27, 442202
28.28, 442202
28.29, 442202
28.3, 442202
28.31, 442202
28.32, 442202
28.33, 442202
28.34, 442202
28.35, 442202
28.36, 442202
28.37, 442202
28.38, 442202
28.39, 442202
28.4, 442202
28.41, 442202
28.42, 442202
28.43, 442202
28.44, 442202
28.45, 442202
28.46, 442202
28.47, 442202
28.48, 442202
28.49, 442202
28.5, 442202
28.51, 442202
28.52, 442202
28.53, 442202
28.54, 442202
28.55, 442202
28.56, 442202
28.57, 442202
28.58, 442202
28.59, 442202
28.6, 442202
28.61, 442202
28.62, 442202
28.63, 442202
28.64, 442202
28.65, 442202
28.66, 442202
28.67, 442202
28.68, 442202
28.69, 442202
28.7, 442202
28.71, 442202
28.72, 442202
28.73, 442202
28.74, 442202
28.75, 442202
28.76, 442202
28.77, 442202
28.78, 442202
28.79, 442202
28.8, 442202
28.81, 442202
28.82, 442202
28.83, 442202
28.84, 442202
28.85, 442202
28.86, 442202
28.87, 442202
28.88, 442202
28.89, 442202
28.9, 442202
28.91, 442202
28.92, 442202
28.93, 442202
28.94, 442202
28.95, 442202
28.96, 442202
28.97, 442202
28.98, 442202
28.99, 442202
29.0, 442202
29.01, 442202
29.02, 442202
29.03, 442202
29.04, 442202
29.05, 442202
29.06, 442202
29.07, 442202
29.08, 442202
29.09, 442202
29.1, 442202
29.11, 442202
29.12, 442202
29.13, 442202
29.14, 442202
29.15, 442202
29.16, 442202
29.17, 442202
29.18, 442202
29.19, 442202
29.2, 442202
29.21, 442202
29.22, 442202
29.23, 442202
29.24, 442202
29.25, 442202
29.26, 442202
29.27, 442202
29.28, 442202
29.29, 442202
29.3, 442202
29.31, 442202
29.32, 442202
29.33, 442202
29.34, 442202
29.35, 442202
29.36, 442202
29.37, 442202
29.38, 442202
29.39, 442202
29.4, 442202
29.41, 442202
29.42, 442202
29.43, 442202
29.44, 442202
29.45, 442202
29.46, 442202
29.47, 442202
29.48, 442202
29.49, 442202
29.5, 442202
29.51, 442202
29.52, 442202
29.53, 442202
29.54, 442202
29.55, 442202
29.56, 442202
29.57, 442202
29.58, 442202
29.59, 442202
29.6, 442202
29.61, 442202
29.62, 442202
29.63, 442202
29.64, 442202
29.65, 442202
29.66, 442202
29.67, 442202
29.68, 442202
29.69, 442202
29.7, 442202
29.71, 442202
29.72, 442202
29.73, 442202
29.74, 442202
29.75, 442202
29.76, 442202
29.77, 442202
29.78, 442202
29.79, 442202
29.8, 442202
29.81, 442202
29.82, 442202
29.83, 442202
29.84, 442202
29.85, 442202
29.86, 442202
29.87, 442202
29.88, 442202
29.89, 442202
29.9, 442202
29.91, 442202
29.92, 442202
29.93, 442202
29.94, 442202
29.95, 442202
29.96, 442202
29.97, 442202
29.98, 442202
29.99, 442202
30.0, 442202
30.01, 442202
30.02, 442202
30.03, 442202
30.04, 442202
30.05, 442202
30.06, 442202
30.07, 442202
30.08, 442202
30.09, 442202
30.1, 442202
30.11, 442202
30.12, 442202
30.13, 442202
30.14, 442202
30.15, 442202
30.16, 442202
30.17, 442202
30.18, 442202
30.19, 442202
30.2, 442202
30.21, 442202
30.22, 442202
30.23, 442202
30.24, 442202
30.25, 442202
30.26, 442202
30.27, 442202
30.28, 442202
30.29, 442202
30.3, 442202
30.31, 442202
30.32, 442202
30.33, 442202
30.34, 442202
30.35, 442202
30.36, 442202
30.37, 442202
30.38, 442202
30.39, 442202
30.4, 442202
30.41, 442202
30.42, 442202
30.43, 442202
30.44, 442202
30.45, 442202
30.46, 442202
30.47, 442202
30.48, 442202
30.49, 442202
30.5, 442202
30.51, 442202
30.52, 442202
30.53, 442202
30.54, 442202
30.55, 442202
30.56, 442202
30.57, 442202
30.58, 442202
30.59, 442202
30.6, 442202
30.61, 442202
30.62, 442202
30.63, 442202
30.64, 442202
30.65, 442202
30.66, 442202
30.67, 442202
30.68, 442202
30.69, 442202
30.7, 442202
30.71, 442202
30.72, 442202
30.73, 442202
30.74, 442202
30.75, 442202
30.76, 442202
30.77, 442202
30.78, 442202
30.79, 442202
30.8, 442202
30.81, 442202
30.82, 442202
30.83, 442202
30.84, 442202
30.85, 442202
30.86, 442202
30.87, 442202
30.88, 442202
30.89, 442202
30.9, 442202
30.91, 442202
30.92, 442202
30.93, 442202
30.94, 442202
30.95, 442202
30.96, 442202
30.97, 442202
30.98, 442202
30.99, 442202
31.0, 442202
31.01, 442202
31.02, 442202
31.03, 442202
31.04, 442202
31.05, 442202
31.06, 442202
31.07, 442202
31.08, 442202
31.09, 442202
31.1, 442202
31.11, 442202
31.12, 442202
31.13, 442202
31.14, 442202
31.15, 442202
31.16, 442202
31.17, 442202
31.18, 442202
31.19, 442202
31.2, 442202
31.21, 442202
31.22, 442202
31.23, 442202
31.24, 442202
31.25, 442202
31.26, 442202
31.27, 442202
31.28, 442202
31.29, 442202
31.3, 442202
31.31, 442202
31.32, 442202
31.33, 442202
31.34, 442202
31.35, 442202
31.36, 442202
31.37, 442202
31.38, 442202
31.39, 442202
31.4, 442202
31.41, 442202
31.42, 442202
31.43, 442202
31.44, 442202
31.45, 442202
31.46, 442202
31.47, 442202
31.48, 442202
31.49, 442202
31.5, 442202
31.51, 442202
31.52, 442202
31.53, 442202
31.54, 442202
31.55, 442202
31.56, 442202
31.57, 442202
31.58, 442202
31.59, 442202
31.6, 442202
31.61, 442202
31.62, 442202
31.63, 442202
31.64, 442202
31.65, 442202
31.66, 442202
31.67, 442202
31.68, 442202
31.69, 442202
31.7, 442202
31.71, 442202
31.72, 442202
31.73, 442202
31.74, 442202
31.75, 442202
31.76, 442202
31.77, 442202
31.78, 442202
31.79, 442202
31.8, 442202
31.81, 442202
31.82, 442202
31.83, 442202
31.84, 442202
31.85, 442202
31.86, 442202
31.87, 442202
31.88, 442202
31.89, 442202
31.9, 442202
31.91, 442202
31.92, 442202
31.93, 442202
31.94, 442202
31.95, 442202
31.96, 442202
31.97, 442202
31.98, 442202
31.99, 442202
32.0, 442202
32.01, 442202
32.02, 442202
32.03, 442202
32.04, 442202
32.05, 442202
32.06, 442202
32.07, 442202
32.08, 442202
32.09, 442202
32.1, 442202
32.11, 442202
32.12, 442202
32.13, 442202
32.14, 442202
32.15, 442202
32.16, 442202
32.17, 442202
32.18, 442202
32.19, 442202
32.2, 442202
32.21, 442202
32.22, 442202
32.23, 442202
32.24, 442202
32.25, 442202
32.26, 442202
32.27, 442202
32.28, 442202
32.29, 442202
32.3, 442202
32.31, 442202
32.32, 442202
32.33, 442202
32.34, 442202
32.35, 442202
32.36, 442202
32.37, 442202
32.38, 442202
32.39, 442202
32.4, 442202
32.41, 442202
32.42, 442202
32.43, 442202
32.44, 442202
32.45, 442202
32.46, 442202
32.47, 442202
32.48, 442202
32.49, 442202
32.5, 442202
32.51, 442202
32.52, 442202
32.53, 442202
32.54, 442202
32.55, 442202
32.56, 442202
32.57, 442202
32.58, 442202
32.59, 442202
32.6, 442202
32.61, 442202
32.62, 442202
32.63, 442202
32.64, 442202
32.65, 442202
32.66, 442202
32.67, 442202
32.68, 442202
32.69, 442202
32.7, 442202
32.71, 442202
32.72, 442202
32.73, 442202
32.74, 442202
32.75, 442202
32.76, 442202
32.77, 442202
32.78, 442202
32.79, 442202
32.8, 442202
32.81, 442202
32.82, 442202
32.83, 442202
32.84, 442202
32.85, 442202
32.86, 442202
32.87, 442202
32.88, 442202
32.89, 442202
32.9, 442202
32.91, 442202
32.92, 442202
32.93, 442202
32.94, 442202
32.95, 442202
32.96, 442202
32.97, 442202
32.98, 442202
32.99, 442202
33.0, 442202
33.01, 442202
33.02, 442202
33.03, 442202
33.04, 442202
33.05, 442202
33.06, 442202
33.07, 442202
33.08, 442202
33.09, 442202
33.1, 442202
33.11, 442202
33.12, 442202
33.13, 442202
33.14, 442202
33.15, 442202
33.16, 442202
33.17, 442202
33.18, 442202
33.19, 442202
33.2, 442202
33.21, 442202
33.22, 442202
33.23, 442202
33.24, 442202
33.25, 442202
33.26, 442202
33.27, 442202
33.28, 442202
33.29, 442202
33.3, 442202
33.31, 442202
33.32, 442202
33.33, 442202
33.34, 442202
33.35, 442202
33.36, 442202
33.37, 442202
33.38, 442202
33.39, 442202
33.4, 442202
33.41, 442202
33.42, 442202
33.43, 442202
33.44, 442202
33.45, 442202
33.46, 442202
33.47, 442202
33.48, 442202
33.49, 442202
33.5, 442202
33.51, 442202
33.52, 442202
33.53, 442202
33.54, 442202
33.55, 442202
33.56, 442202
33.57, 442202
33.58, 442202
33.59, 442202
33.6, 442202
33.61, 442202
33.62, 442202
33.63, 442202
33.64, 442202
33.65, 442202
33.66, 442202
33.67, 442202
33.68, 442202
33.69, 442202
33.7, 442202
33.71, 442202
33.72, 442202
33.73, 442202
33.74, 442202
33.75, 442202
33.76, 442202
33.77, 442202
33.78, 442202
33.79, 442202
33.8, 442202
33.81, 442202
33.82, 442202
33.83, 442202
33.84, 442202
33.85, 442202
33.86, 442202
33.87, 442202
33.88, 442202
33.89, 442202
33.9, 442202
33.91, 442202
33.92, 442202
33.93, 442202
33.94, 442202
33.95, 442202
33.96, 442202
33.97, 442202
33.98, 442202
33.99, 442202
34.0, 442202
34.01, 442202
34.02, 442202
34.03, 442202
34.04, 442202
34.05, 442202
34.06, 442202
34.07, 442202
34.08, 442202
34.09, 442202
34.1, 442202
34.11, 442202
34.12, 442202
34.13, 442202
34.14, 442202
34.15, 442202
34.16, 442202
34.17, 442202
34.18, 442202
34.19, 442202
34.2, 442202
34.21, 442202
34.22, 442202
34.23, 442202
34.24, 442202
34.25, 442202
34.26, 442202
34.27, 442202
34.28, 442202
34.29, 442202
34.3, 442202
34.31, 442202
34.32, 442202
34.33, 442202
34.34, 442202
34.35, 442202
34.36, 442202
34.37, 442202
34.38, 442202
34.39, 442202
34.4, 442202
34.41, 442202
34.42, 442202
34.43, 442202
34.44, 442202
34.45, 442202
34.46, 442202
34.47, 442202
34.48, 442202
34.49, 442202
34.5, 442202
34.51, 442202
34.52, 442202
34.53, 442202
34.54, 442202
34.55, 442202
34.56, 442202
34.57, 442202
34.58, 442202
34.59, 442202
34.6, 442202
34.61, 442202
34.62, 442202
34.63, 442202
34.64, 442202
34.65, 442202
34.66, 442202
34.67, 442202
34.68, 442202
34.69, 442202
34.7, 442202
34.71, 442202
34.72, 442202
34.73, 442202
34.74, 442202
34.75, 442202
34.76, 442202
34.77, 442202
34.78, 442202
34.79, 442202
34.8, 442202
34.81, 442202
34.82, 442202
34.83, 442202
34.84, 442202
34.85, 442202
34.86, 442202
34.87, 442202
34.88, 442202
34.89, 442202
34.9, 442202
34.91, 442202
34.92, 442202
34.93, 442202
34.94, 442202
34.95, 442202
34.96, 442202
34.97, 442202
34.98, 442202
34.99, 442202
35.0, 442202
35.01, 442202
35.02, 442202
35.03, 442202
35.04, 442202
35.05, 442202
35.06, 442202
35.07, 442202
35.08, 442202
35.09, 442202
35.1, 442202
35.11, 442202
35.12, 442202
35.13, 442202
35.14, 442202
35.15, 442202
35.16, 442202
35.17, 442202
35.18, 442202
35.19, 442202
35.2, 442202
35.21, 442202
35.22, 442202
35.23, 442202
35.24, 442202
35.25, 442202
35.26, 442202
35.27, 442202
35.28, 442202
35.29, 442202
35.3, 442202
35.31, 442202
35.32, 442202
35.33, 442202
35.34, 442202
35.35, 442202
35.36, 442202
35.37, 442202
35.38, 442202
35.39, 442202
35.4, 442202
35.41, 442202
35.42, 442202
35.43, 442202
35.44, 442202
35.45, 442202
35.46, 442202
35.47, 442202
35.48, 442202
35.49, 442202
35.5, 442202
35.51, 442202
35.52, 442202
35.53, 442202
35.54, 442202
35.55, 442202
35.56, 442202
35.57, 442202
35.58, 442202
35.59, 442202
35.6, 442202
35.61, 442202
35.62, 442202
35.63, 442202
35.64, 442202
35.65, 442202
35.66, 442202
35.67, 442202
35.68, 442202
35.69, 442202
35.7, 442202
35.71, 442202
35.72, 442202
35.73, 442202
35.74, 442202
35.75, 442202
35.76, 442202
35.77, 442202
35.78, 442202
35.79, 442202
35.8, 442202
35.81, 442202
35.82, 442202
35.83, 442202
35.84, 442202
35.85, 442202
35.86, 442202
35.87, 442202
35.88, 442202
35.89, 442202
35.9, 442202
35.91, 442202
35.92, 442202
35.93, 442202
35.94, 442202
35.95, 442202
35.96, 442202
35.97, 442202
35.98, 442202
35.99, 442202
36.0, 442202
36.01, 442202
36.02, 442202
36.03, 442202
36.04, 442202
36.05, 442202
36.06, 442202
36.07, 442202
36.08, 442202
36.09, 442202
36.1, 442202
36.11, 442202
36.12, 442202
36.13, 442202
36.14, 442202
36.15, 442202
36.16, 442202
36.17, 442202
36.18, 442202
36.19, 442202
36.2, 442202
36.21, 442202
36.22, 442202
36.23, 442202
36.24, 442202
36.25, 442202
36.26, 442202
36.27, 442202
36.28, 442202
36.29, 442202
36.3, 442202
36.31, 442202
36.32, 442202
36.33, 442202
36.34, 442202
36.35, 442202
36.36, 442202
36.37, 442202
36.38, 442202
36.39, 442202
36.4, 442202
36.41, 442202
36.42, 442202
36.43, 442202
36.44, 442202
36.45, 442202
36.46, 442202
36.47, 442202
36.48, 442202
36.49, 442202
36.5, 442202
36.51, 442202
36.52, 442202
36.53, 442202
36.54, 442202
36.55, 442202
36.56, 442202
36.57, 442202
36.58, 442202
36.59, 442202
36.6, 442202
36.61, 442202
36.62, 442202
36.63, 442202
36.64, 442202
36.65, 442202
36.66, 442202
36.67, 442202
36.68, 442202
36.69, 442202
36.7, 442202
36.71, 442202
36.72, 442202
36.73, 442202
36.74, 442202
36.75, 442202
36.76, 442202
36.77, 442202
36.78, 442202
36.79, 442202
36.8, 442202
36.81, 442202
36.82, 442202
36.83, 442202
36.84, 442202
36.85, 442202
36.86, 442202
36.87, 442202
36.88, 442202
36.89, 442202
36.9, 442202
36.91, 442202
36.92, 442202
36.93, 442202
36.94, 442202
36.95, 442202
36.96, 442202
36.97, 442202
36.98, 442202
36.99, 442202
37.0, 442202
37.01, 442202
37.02, 442202
37.03, 442202
37.04, 442202
37.05, 442202
37.06, 442202
37.07, 442202
37.08, 442202
37.09, 442202
37.1, 442202
37.11, 442202
37.12, 442202
37.13, 442202
37.14, 442202
37.15, 442202
37.16, 442202
37.17, 442202
37.18, 442202
37.19, 442202
37.2, 442202
37.21, 442202
37.22, 442202
37.23, 442202
37.24, 442202
37.25, 442202
37.26, 442202
37.27, 442202
37.28, 442202
37.29, 442202
37.3, 442202
37.31, 442202
37.32, 442202
37.33, 442202
37.34, 442202
37.35, 442202
37.36, 442202
37.37, 442202
37.38, 442202
37.39, 442202
37.4, 442202
37.41, 442202
37.42, 442202
37.43, 442202
37.44, 442202
37.45, 442202
37.46, 442202
37.47, 442202
37.48, 442202
37.49, 442202
37.5, 442202
37.51, 442202
37.52, 442202
37.53, 442202
37.54, 442202
37.55, 442202
37.56, 442202
37.57, 442202
37.58, 442202
37.59, 442202
37.6, 442202
37.61, 442202
37.62, 442202
37.63, 442202
37.64, 442202
37.65, 442202
37.66, 442202
37.67, 442202
37.68, 442202
37.69, 442202
37.7, 442202
37.71, 442202
37.72, 442202
37.73, 442202
37.74, 442202
37.75, 442202
37.76, 442202
37.77, 442202
37.78, 442202
37.79, 442202
37.8, 442202
37.81, 442202
37.82, 442202
37.83, 442202
37.84, 442202
37.85, 442202
37.86, 442202
37.87, 442202
37.88, 442202
37.89, 442202
37.9, 442202
37.91, 442202
37.92, 442202
37.93, 442202
37.94, 442202
37.95, 442202
37.96, 442202
37.97, 442202
37.98, 442202
37.99, 442202
38.0, 442202
38.01, 442202
38.02, 442202
38.03, 442202
38.04, 442202
38.05, 442202
38.06, 442202
38.07, 442202
38.08, 442202
38.09, 442202
38.1, 442202
38.11, 442202
38.12, 442202
38.13, 442202
38.14, 442202
38.15, 442202
38.16, 442202
38.17, 442202
38.18, 442202
38.19, 442202
38.2, 442202
38.21, 442202
38.22, 442202
38.23, 442202
38.24, 442202
38.25, 442202
38.26, 442202
38.27, 442202
38.28, 442202
38.29, 442202
38.3, 442202
38.31, 442202
38.32, 442202
38.33, 442202
38.34, 442202
38.35, 442202
38.36, 442202
38.37, 442202
38.38, 442202
38.39, 442202
38.4, 442202
38.41, 442202
38.42, 442202
38.43, 442202
38.44, 442202
38.45, 442202
38.46, 442202
38.47, 442202
38.48, 442202
38.49, 442202
38.5, 442202
38.51, 442202
38.52, 442202
38.53, 442202
38.54, 442202
38.55, 442202
38.56, 442202
38.57, 442202
38.58, 442202
38.59, 442202
38.6, 442202
38.61, 442202
38.62, 442202
38.63, 442202
38.64, 442202
38.65, 442202
38.66, 442202
38.67, 442202
38.68, 442202
38.69, 442202
38.7, 442202
38.71, 442202
38.72, 442202
38.73, 442202
38.74, 442202
38.75, 442202
38.76, 442202
38.77, 442202
38.78, 442202
38.79, 442202
38.8, 442202
38.81, 442202
38.82, 442202
38.83, 442202
38.84, 442202
38.85, 442202
38.86, 442202
38.87, 442202
38.88, 442202
38.89, 442202
38.9, 442202
38.91, 442202
38.92, 442202
38.93, 442202
38.94, 442202
38.95, 442202
38.96, 442202
38.97, 442202
38.98, 442202
38.99, 442202
39.0, 442202
39.01, 442202
39.02, 442202
39.03, 442202
39.04, 442202
39.05, 442202
39.06, 442202
39.07, 442202
39.08, 442202
39.09, 442202
39.1, 442202
39.11, 442202
39.12, 442202
39.13, 442202
39.14, 442202
39.15, 442202
39.16, 442202
39.17, 442202
39.18, 442202
39.19, 442202
39.2, 442202
39.21, 442202
39.22, 442202
39.23, 442202
39.24, 442202
39.25, 442202
39.26, 442202
39.27, 442202
39.28, 442202
39.29, 442202
39.3, 442202
39.31, 442202
39.32, 442202
39.33, 442202
39.34, 442202
39.35, 442202
39.36, 442202
39.37, 442202
39.38, 442202
39.39, 442202
39.4, 442202
39.41, 442202
39.42, 442202
39.43, 442202
39.44, 442202
39.45, 442202
39.46, 442202
39.47, 442202
39.48, 442202
39.49, 442202
39.5, 442202
39.51, 442202
39.52, 442202
39.53, 442202
39.54, 442202
39.55, 442202
39.56, 442202
39.57, 442202
39.58, 442202
39.59, 442202
39.6, 442202
39.61, 442202
39.62, 442202
39.63, 442202
39.64, 442202
39.65, 442202
39.66, 442202
39.67, 442202
39.68, 442202
39.69, 442202
39.7, 442202
39.71, 442202
39.72, 442202
39.73, 442202
39.74, 442202
39.75, 442202
39.76, 442202
39.77, 442202
39.78, 442202
39.79, 442202
39.8, 442202
39.81, 442202
39.82, 442202
39.83, 442202
39.84, 442202
39.85, 439144
39.86, 439144
39.87, 439144
39.88, 439144
39.89, 439144
39.9, 439144
39.91, 439144
39.92, 439144
39.93, 439144
39.94, 439144
39.95, 439144
39.96, 424438
39.97, 424438
39.98, 424438
39.99, 424438
40.0, 424438
40.01, 424438
40.02, 424438
40.03, 424438
40.04, 424438
40.05, 424438
40.06, 424438
40.07, 424438
40.08, 424438
40.09, 424438
40.1, 424438
40.11, 424438
40.12, 424438
40.13, 424438
40.14, 424438
40.15, 424438
40.16, 424438
40.17, 424438
40.18, 424438
40.19, 424438
40.2, 424438
40.21, 424438
40.22, 424438
40.23, 424438
40.24, 424438
40.25, 424438
40.26, 424438
40.27, 424438
40.28, 424438
40.29, 424438
40.3, 424438
40.31, 424438
40.32, 424438
40.33, 424438
40.34, 424438
40.35, 424438
40.36, 424438
40.37, 424438
40.38, 424438
40.39, 424438
40.4, 424438
40.41, 424438
40.42, 424438
40.43, 424438
40.44, 424438
40.45, 424438
40.46, 424438
40.47, 424438
40.48, 424438
40.49, 424438
40.5, 424438
40.51, 424438
40.52, 424438
40.53, 424438
40.54, 424438
40.55, 424438
40.56, 424438
40.57, 424438
40.58, 424438
40.59, 424438
40.6, 424438
40.61, 424438
40.62, 424438
40.63, 424438
40.64, 424438
40.65, 424438
40.66, 424438
40.67, 424438
40.68, 424438
40.69, 424438
40.7, 424438
40.71, 424438
40.72, 424438
40.73, 424438
40.74, 424438
40.75, 424438
40.76, 424438
40.77, 424438
40.78, 424438
40.79, 424438
40.8, 424438
40.81, 424438
40.82, 424438
40.83, 424438
40.84, 424438
40.85, 424438
40.86, 424438
40.87, 424438
40.88, 424438
40.89, 424438
40.9, 424438
40.91, 424438
40.92, 424438
40.93, 424438
40.94, 424438
40.95, 424438
40.96, 424438
40.97, 424438
40.98, 424438
40.99, 424438
41.0, 424438
41.01, 424438
41.02, 424438
41.03, 424438
41.04, 424438
41.05, 424438
41.06, 424438
41.07, 424438
41.08, 424438
41.09, 424438
41.1, 424438
41.11, 424438
41.12, 424438
41.13, 424438
41.14, 424438
41.15, 424438
41.16, 424438
41.17, 424438
41.18, 424438
41.19, 424438
41.2, 424438
41.21, 424438
41.22, 424438
41.23, 424438
41.24, 424438
41.25, 424438
41.26, 424438
41.27, 424438
41.28, 424438
41.29, 424438
41.3, 424438
41.31, 424438
41.32, 424438
41.33, 424438
41.34, 424438
41.35, 424438
41.36, 424438
41.37, 424438
41.38, 424438
41.39, 424438
41.4, 424438
41.41, 424438
41.42, 424438
41.43, 424438
41.44, 424438
41.45, 424438
41.46, 424438
41.47, 424438
41.48, 424438
41.49, 424438
41.5, 424438
41.51, 424438
41.52, 424438
41.53, 424438
41.54, 424438
41.55, 424438
41.56, 424438
41.57, 424438
41.58, 424438
41.59, 424438
41.6, 424438
41.61, 424438
41.62, 424438
41.63, 424438
41.64, 424438
41.65, 424438
41.66, 424438
41.67, 424438
41.68, 424438
41.69, 424438
41.7, 424438
41.71, 424438
41.72, 424438
41.73, 424438
41.74, 424438
41.75, 424438
41.76, 424438
41.77, 424438
41.78, 424438
41.79, 424438
41.8, 424438
41.81, 424438
41.82, 424438
41.83, 424438
41.84, 424438
41.85, 424438
41.86, 424438
41.87, 424438
41.88, 424438
41.89, 424438
41.9, 424438
41.91, 424438
41.92, 424438
41.93, 424438
41.94, 424438
41.95, 424438
41.96, 424438
41.97, 424438
41.98, 424438
41.99, 424438
42.0, 424438
42.01, 424438
42.02, 424438
42.03, 424438
42.04, 424438
42.05, 424438
42.06, 424438
42.07, 424438
42.08, 424438
42.09, 424438
42.1, 424438
42.11, 424438
42.12, 424438
42.13, 424438
42.14, 424438
42.15, 424438
42.16, 424438
42.17, 424438
42.18, 424438
42.19, 424438
42.2, 424438
42.21, 424438
42.22, 424438
42.23, 424438
42.24, 424438
42.25, 424438
42.26, 424438
42.27, 424438
42.28, 424438
42.29, 424438
42.3, 424438
42.31, 424438
42.32, 424438
42.33, 424438
42.34, 424438
42.35, 424438
42.36, 424438
42.37, 424438
42.38, 424438
42.39, 424438
42.4, 424438
42.41, 424438
42.42, 424438
42.43, 424438
42.44, 424438
42.45, 424438
42.46, 424438
42.47, 424438
42.48, 424438
42.49, 424438
42.5, 424438
42.51, 424438
42.52, 424438
42.53, 424438
42.54, 424438
42.55, 424438
42.56, 424438
42.57, 424438
42.58, 424438
42.59, 424438
42.6, 424438
42.61, 424438
42.62, 424438
42.63, 424438
42.64, 424438
42.65, 424438
42.66, 424438
42.67, 424438
42.68, 424438
42.69, 424438
42.7, 424438
42.71, 424438
42.72, 424438
42.73, 424438
42.74, 424438
42.75, 424438
42.76, 424438
42.77, 424438
42.78, 424438
42.79, 424438
42.8, 424438
42.81, 424438
42.82, 424438
42.83, 424438
42.84, 424438
42.85, 424438
42.86, 424438
42.87, 424438
42.88, 424438
42.89, 424438
42.9, 424438
42.91, 424438
42.92, 424438
42.93, 424438
42.94, 424438
42.95, 424438
42.96, 424438
42.97, 424438
42.98, 424438
42.99, 424438
43.0, 424438
43.01, 424438
43.02, 424438
43.03, 424438
43.04, 424438
43.05, 424438
43.06, 424438
43.07, 424438
43.08, 424438
43.09, 424438
43.1, 424438
43.11, 424438
43.12, 424438
43.13, 424438
43.14, 424438
43.15, 424438
43.16, 424438
43.17, 424438
43.18, 424438
43.19, 424438
43.2, 424438
43.21, 424438
43.22, 424438
43.23, 424438
43.24, 424438
43.25, 424438
43.26, 424438
43.27, 424438
43.28, 424438
43.29, 424438
43.3, 424438
43.31, 424438
43.32, 424438
43.33, 424438
43.34, 424438
43.35, 424438
43.36, 424438
43.37, 424438
43.38, 424438
43.39, 424438
43.4, 424438
43.41, 424438
43.42, 424438
43.43, 424438
43.44, 424438
43.45, 424438
43.46, 424438
43.47, 424438
43.48, 424438
43.49, 424438
43.5, 424438
43.51, 424438
43.52, 424438
43.53, 424438
43.54, 424438
43.55, 424438
43.56, 424438
43.57, 424438
43.58, 424438
43.59, 424438
43.6, 424438
43.61, 424438
43.62, 424438
43.63, 424438
43.64, 424438
43.65, 424438
43.66, 424438
43.67, 424438
43.68, 424438
43.69, 424438
43.7, 424438
43.71, 424438
43.72, 424438
43.73, 424438
43.74, 424438
43.75, 424438
43.76, 424438
43.77, 424438
43.78, 424438
43.79, 424438
43.8, 424438
43.81, 424438
43.82, 424438
43.83, 424438
43.84, 424438
43.85, 424438
43.86, 424438
43.87, 424438
43.88, 424438
43.89, 424438
43.9, 424438
43.91, 424438
43.92, 424438
43.93, 424438
43.94, 424438
43.95, 424438
43.96, 424438
43.97, 424438
43.98, 424438
43.99, 424438
44.0, 424438
44.01, 424438
44.02, 424438
44.03, 424438
44.04, 424438
44.05, 424438
44.06, 424438
44.07, 424438
44.08, 424438
44.09, 424438
44.1, 424438
44.11, 424438
44.12, 424438
44.13, 424438
44.14, 424438
44.15, 424438
44.16, 424438
44.17, 424438
44.18, 424438
44.19, 424438
44.2, 424438
44.21, 424438
44.22, 424438
44.23, 424438
44.24, 424438
44.25, 424438
44.26, 424438
44.27, 424438
44.28, 424438
44.29, 424438
44.3, 424438
44.31, 424438
44.32, 424438
44.33, 424438
44.34, 424438
44.35, 424438
44.36, 424438
44.37, 424438
44.38, 424438
44.39, 424438
44.4, 424438
44.41, 424438
44.42, 424438
44.43, 424438
44.44, 424438
44.45, 424438
44.46, 424438
44.47, 424438
44.48, 424438
44.49, 424438
44.5, 424438
44.51, 424438
44.52, 424438
44.53, 424438
44.54, 424438
44.55, 424438
44.56, 424438
44.57, 424438
44.58, 424438
44.59, 424438
44.6, 424438
44.61, 424438
44.62, 424438
44.63, 424438
44.64, 424438
44.65, 424438
44.66, 424438
44.67, 424438
44.68, 424438
44.69, 424438
44.7, 424438
44.71, 424438
44.72, 424438
44.73, 424438
44.74, 424438
44.75, 424438
44.76, 424438
44.77, 424438
44.78, 424438
44.79, 424438
44.8, 424438
44.81, 424438
44.82, 424438
44.83, 424438
44.84, 424438
44.85, 424438
44.86, 424438
44.87, 424438
44.88, 424438
44.89, 424438
44.9, 424438
44.91, 424438
44.92, 424438
44.93, 424438
44.94, 424438
44.95, 424438
44.96, 424438
44.97, 424438
44.98, 424438
44.99, 424438
45.0, 424438
45.01, 424438
45.02, 424438
45.03, 424438
45.04, 424438
45.05, 424438
45.06, 424438
45.07, 424438
45.08, 424438
45.09, 424438
45.1, 424438
45.11, 424438
45.12, 424438
45.13, 424438
45.14, 424438
45.15, 424438
45.16, 424438
45.17, 424438
45.18, 424438
45.19, 424438
45.2, 424438
45.21, 424438
45.22, 424438
45.23, 424438
45.24, 424438
45.25, 424438
45.26, 424438
45.27, 424438
45.28, 424438
45.29, 424438
45.3, 424438
45.31, 424438
45.32, 424438
45.33, 424438
45.34, 424438
45.35, 424438
45.36, 424438
45.37, 424438
45.38, 424438
45.39, 424438
45.4, 424438
45.41, 424438
45.42, 424438
45.43, 424438
45.44, 424438
45.45, 424438
45.46, 424438
45.47, 424438
45.48, 424438
45.49, 424438
45.5, 424438
45.51, 424438
45.52, 424438
45.53, 424438
45.54, 424438
45.55, 424438
45.56, 424438
45.57, 424438
45.58, 424438
45.59, 424438
45.6, 424438
45.61, 424438
45.62, 424438
45.63, 424438
45.64, 424438
45.65, 424438
45.66, 424438
45.67, 424438
45.68, 424438
45.69, 424438
45.7, 424438
45.71, 424438
45.72, 424438
45.73, 424438
45.74, 424438
45.75, 424438
45.76, 424438
45.77, 424438
45.78, 424438
45.79, 424438
45.8, 424438
45.81, 424438
45.82, 424438
45.83, 424438
45.84, 424438
45.85, 424438
45.86, 424438
45.87, 424438
45.88, 424438
45.89, 424438
45.9, 424438
45.91, 424438
45.92, 424438
45.93, 424438
45.94, 424438
45.95, 424438
45.96, 424438
45.97, 424438
45.98, 424438
45.99, 424438
46.0, 424438
46.01, 424438
46.02, 424438
46.03, 424438
46.04, 424438
46.05, 424438
46.06, 424438
46.07, 424438
46.08, 424438
46.09, 424438
46.1, 424438
46.11, 424438
46.12, 424438
46.13, 424438
46.14, 424438
46.15, 424438
46.16, 424438
46.17, 424438
46.18, 424438
46.19, 424438
46.2, 424438
46.21, 424438
46.22, 424438
46.23, 424438
46.24, 424438
46.25, 424438
46.26, 424438
46.27, 424438
46.28, 424438
46.29, 424438
46.3, 424438
46.31, 424438
46.32, 424438
46.33, 424438
46.34, 424438
46.35, 424438
46.36, 424438
46.37, 424438
46.38, 424438
46.39, 424438
46.4, 424438
46.41, 424438
46.42, 424438
46.43, 424438
46.44, 424438
46.45, 424438
46.46, 424438
46.47, 424438
46.48, 424438
46.49, 424438
46.5, 424438
46.51, 424438
46.52, 424438
46.53, 424438
46.54, 424438
46.55, 424438
46.56, 424438
46.57, 424438
46.58, 424438
46.59, 424438
46.6, 424438
46.61, 424438
46.62, 424438
46.63, 424438
46.64, 424438
46.65, 424438
46.66, 424438
46.67, 424438
46.68, 424438
46.69, 424438
46.7, 424438
46.71, 424438
46.72, 424438
46.73, 424438
46.74, 424438
46.75, 424438
46.76, 424438
46.77, 424438
46.78, 424438
46.79, 424438
46.8, 424438
46.81, 424438
46.82, 424438
46.83, 424438
46.84, 424438
46.85, 424438
46.86, 424438
46.87, 424438
46.88, 424438
46.89, 424438
46.9, 424438
46.91, 424438
46.92, 424438
46.93, 424438
46.94, 424438
46.95, 424438
46.96, 424438
46.97, 424438
46.98, 424438
46.99, 424438
47.0, 424438
47.01, 424438
47.02, 424438
47.03, 424438
47.04, 424438
47.05, 424438
47.06, 424438
47.07, 424438
47.08, 424438
47.09, 424438
47.1, 424438
47.11, 424438
47.12, 424438
47.13, 424438
47.14, 424438
47.15, 424438
47.16, 424438
47.17, 424438
47.18, 424438
47.19, 424438
47.2, 424438
47.21, 424438
47.22, 424438
47.23, 424438
47.24, 424438
47.25, 424438
47.26, 424438
47.27, 424438
47.28, 424438
47.29, 424438
47.3, 424438
47.31, 424438
47.32, 424438
47.33, 424438
47.34, 424438
47.35, 424438
47.36, 424438
47.37, 424438
47.38, 424438
47.39, 424438
47.4, 424438
47.41, 424438
47.42, 424438
47.43, 424438
47.44, 424438
47.45, 424438
47.46, 424438
47.47, 424438
47.48, 424438
47.49, 424438
47.5, 424438
47.51, 424438
47.52, 424438
47.53, 424438
47.54, 424438
47.55, 424438
47.56, 424438
47.57, 424438
47.58, 424438
47.59, 424438
47.6, 424438
47.61, 424438
47.62, 424438
47.63, 424438
47.64, 424438
47.65, 424438
47.66, 424438
47.67, 424438
47.68, 424438
47.69, 424438
47.7, 424438
47.71, 424438
47.72, 424438
47.73, 424438
47.74, 424438
47.75, 424438
47.76, 424438
47.77, 424438
47.78, 424438
47.79, 424438
47.8, 424438
47.81, 424438
47.82, 424438
47.83, 424438
47.84, 424438
47.85, 424438
47.86, 424438
47.87, 424438
47.88, 424438
47.89, 424438
47.9, 424438
47.91, 424438
47.92, 424438
47.93, 424438
47.94, 424438
47.95, 424438
47.96, 424438
47.97, 424438
47.98, 424438
47.99, 424438
48.0, 424438
48.01, 424438
48.02, 424438
48.03, 424438
48.04, 424438
48.05, 424438
48.06, 424438
48.07, 424438
48.08, 424438
48.09, 424438
48.1, 424438
48.11, 424438
48.12, 424438
48.13, 424438
48.14, 424438
48.15, 424438
48.16, 424438
48.17, 424438
48.18, 424438
48.19, 424438
48.2, 424438
48.21, 424438
48.22, 424438
48.23, 424438
48.24, 424438
48.25, 424438
48.26, 424438
48.27, 424438
48.28, 424438
48.29, 424438
48.3, 424438
48.31, 424438
48.32, 424438
48.33, 424438
48.34, 424438
48.35, 424438
48.36, 424438
48.37, 424438
48.38, 424438
48.39, 424438
48.4, 424438
48.41, 424438
48.42, 424438
48.43, 424438
48.44, 424438
48.45, 424438
48.46, 424438
48.47, 424438
48.48, 424438
48.49, 424438
48.5, 424438
48.51, 424438
48.52, 424438
48.53, 424438
48.54, 424438
48.55, 424438
48.56, 424438
48.57, 424438
48.58, 424438
48.59, 424438
48.6, 424438
48.61, 424438
48.62, 424438
48.63, 424438
48.64, 424438
48.65, 424438
48.66, 424438
48.67, 424438
48.68, 424438
48.69, 424438
48.7, 424438
48.71, 424438
48.72, 424438
48.73, 424438
48.74, 424438
48.75, 424438
48.76, 424438
48.77, 424438
48.78, 424438
48.79, 424438
48.8, 424438
48.81, 424438
48.82, 424438
48.83, 424438
48.84, 424438
48.85, 424438
48.86, 424438
48.87, 424438
48.88, 424438
48.89, 424438
48.9, 424438
48.91, 424438
48.92, 424438
48.93, 424438
48.94, 424438
48.95, 424438
48.96, 424438
48.97, 424438
48.98, 424438
48.99, 424438
49.0, 424438
49.01, 424438
49.02, 424438
49.03, 424438
49.04, 424438
49.05, 424438
49.06, 424438
49.07, 424438
49.08, 424438
49.09, 424438
49.1, 424438
49.11, 424438
49.12, 424438
49.13, 424438
49.14, 424438
49.15, 424438
49.16, 424438
49.17, 424438
49.18, 424438
49.19, 424438
49.2, 424438
49.21, 424438
49.22, 424438
49.23, 424438
49.24, 424438
49.25, 424438
49.26, 424438
49.27, 424438
49.28, 424438
49.29, 424438
49.3, 424438
49.31, 424438
49.32, 424438
49.33, 424438
49.34, 424438
49.35, 424438
49.36, 424438
49.37, 424438
49.38, 424438
49.39, 424438
49.4, 424438
49.41, 424438
49.42, 424438
49.43, 424438
49.44, 424438
49.45, 424438
49.46, 424438
49.47, 424438
49.48, 424438
49.49, 424438
49.5, 424438
49.51, 424438
49.52, 424438
49.53, 424438
49.54, 424438
49.55, 424438
49.56, 424438
49.57, 424438
49.58, 424438
49.59, 424438
49.6, 424438
49.61, 424438
49.62, 424438
49.63, 424438
49.64, 424438
49.65, 424438
49.66, 424438
49.67, 424438
49.68, 424438
49.69, 424438
49.7, 424438
49.71, 424438
49.72, 424438
49.73, 424438
49.74, 424438
49.75, 424438
49.76, 424438
49.77, 424438
49.78, 424438
49.79, 424438
49.8, 424438
49.81, 424438
49.82, 424438
49.83, 424438
49.84, 424438
49.85, 424438
49.86, 424438
49.87, 424438
49.88, 424438
49.89, 424438
49.9, 424438
49.91, 424438
49.92, 424438
49.93, 424438
49.94, 424438
49.95, 424438
49.96, 424438
49.97, 424438
49.98, 424438
49.99, 424438
50.0, 424438
50.01, 424438
50.02, 424438
50.03, 424438
50.04, 424438
50.05, 424438
50.06, 424438
50.07, 424438
50.08, 424438
50.09, 424438
50.1, 424438
50.11, 424438
50.12, 424438
50.13, 424438
50.14, 424438
50.15, 424438
50.16, 424438
50.17, 424438
50.18, 424438
50.19, 424438
50.2, 424438
50.21, 424438
50.22, 424438
50.23, 424438
50.24, 424438
50.25, 424438
50.26, 424438
50.27, 424438
50.28, 424438
50.29, 424438
50.3, 424438
50.31, 424438
50.32, 424438
50.33, 424438
50.34, 424438
50.35, 424438
50.36, 424438
50.37, 424438
50.38, 424438
50.39, 424438
50.4, 424438
50.41, 424438
50.42, 424438
50.43, 424438
50.44, 424438
50.45, 424438
50.46, 424438
50.47, 424438
50.48, 424438
50.49, 424438
50.5, 424438
50.51, 424438
50.52, 424438
50.53, 424438
50.54, 424438
50.55, 424438
50.56, 424438
50.57, 424438
50.58, 424438
50.59, 424438
50.6, 424438
50.61, 424438
50.62, 424438
50.63, 424438
50.64, 424438
50.65, 424438
50.66, 424438
50.67, 424438
50.68, 424438
50.69, 424438
50.7, 424438
50.71, 424438
50.72, 424438
50.73, 424438
50.74, 424438
50.75, 424438
50.76, 424438
50.77, 424438
50.78, 424438
50.79, 424438
50.8, 424438
50.81, 424438
50.82, 424438
50.83, 424438
50.84, 424438
50.85, 424438
50.86, 424438
50.87, 424438
50.88, 424438
50.89, 424438
50.9, 424438
50.91, 424438
50.92, 424438
50.93, 424438
50.94, 424438
50.95, 424438
50.96, 424438
50.97, 424438
50.98, 424438
50.99, 424438
51.0, 424438
51.01, 424438
51.02, 424438
51.03, 424438
51.04, 424438
51.05, 424438
51.06, 424438
51.07, 424438
51.08, 424438
51.09, 424438
51.1, 424438
51.11, 424438
51.12, 424438
51.13, 424438
51.14, 424438
51.15, 424438
51.16, 424438
51.17, 424438
51.18, 424438
51.19, 424438
51.2, 424438
51.21, 424438
51.22, 424438
51.23, 424438
51.24, 424438
51.25, 424438
51.26, 424438
51.27, 424438
51.28, 424438
51.29, 424438
51.3, 424438
51.31, 424438
51.32, 424438
51.33, 424438
51.34, 424438
51.35, 424438
51.36, 424438
51.37, 424438
51.38, 424438
51.39, 424438
51.4, 424438
51.41, 424438
51.42, 424438
51.43, 424438
51.44, 424438
51.45, 424438
51.46, 424438
51.47, 424438
51.48, 424438
51.49, 424438
51.5, 424438
51.51, 424438
51.52, 424438
51.53, 424438
51.54, 424438
51.55, 424438
51.56, 424438
51.57, 424438
51.58, 424438
51.59, 424438
51.6, 424438
51.61, 424438
51.62, 424438
51.63, 424438
51.64, 424438
51.65, 424438
51.66, 424438
51.67, 424438
51.68, 424438
51.69, 424438
51.7, 424438
51.71, 424438
51.72, 424438
51.73, 424438
51.74, 424438
51.75, 424438
51.76, 424438
51.77, 424438
51.78, 424438
51.79, 424438
51.8, 424438
51.81, 424438
51.82, 424438
51.83, 424438
51.84, 424438
51.85, 424438
51.86, 424438
51.87, 424438
51.88, 424438
51.89, 424438
51.9, 424438
51.91, 424438
51.92, 424438
51.93, 424438
51.94, 424438
51.95, 424438
51.96, 424438
51.97, 424438
51.98, 424438
51.99, 424438
52.0, 424438
52.01, 424438
52.02, 424438
52.03, 424438
52.04, 424438
52.05, 424438
52.06, 424438
52.07, 424438
52.08, 424438
52.1, 424438
52.11, 424438
52.12, 424438
52.13, 424438
52.14, 424438
52.15, 424438
52.16, 424438
52.17, 424438
52.18, 424438
52.19, 424438
52.2, 424438
52.21, 424438
52.22, 424438
52.23, 424438
52.24, 424438
52.25, 424438
52.26, 424438
52.27, 424438
52.28, 424438
52.29, 424438
52.3, 424438
52.31, 424438
52.32, 424438
52.33, 424438
52.34, 424438
52.35, 424438
52.36, 424438
52.37, 424438
52.38, 424438
52.39, 424438
52.4, 424438
52.41, 424438
52.42, 424438
52.43, 424438
52.44, 424438
52.45, 424438
52.46, 424438
52.47, 424438
52.48, 424438
52.49, 424438
52.5, 424438
52.51, 424438
52.52, 424438
52.53, 424438
52.54, 424438
52.55, 424438
52.56, 424438
52.57, 424438
52.58, 424438
52.59, 424438
52.6, 424438
52.61, 424438
52.62, 424438
52.63, 424438
52.64, 424438
52.65, 424438
52.66, 424438
52.67, 424438
52.68, 424438
52.69, 424438
52.7, 424438
52.71, 424438
52.72, 424438
52.73, 424438
52.74, 424438
52.75, 424438
52.76, 424438
52.77, 424438
52.78, 424438
52.79, 424438
52.8, 424438
52.81, 424438
52.82, 424438
52.83, 424438
52.84, 424438
52.85, 424438
52.86, 424438
52.87, 424438
52.88, 424438
52.89, 424438
52.9, 424438
52.91, 424438
52.92, 424438
52.93, 424438
52.94, 424438
52.95, 424438
52.96, 424438
52.97, 424438
52.98, 424438
52.99, 424438
53.0, 424438
53.01, 424438
53.02, 424438
53.03, 424438
53.04, 424438
53.05, 424438
53.06, 424438
53.07, 424438
53.08, 424438
53.09, 424438
53.1, 424438
53.11, 424438
53.12, 424438
53.13, 424438
53.14, 424438
53.15, 424438
53.16, 424438
53.17, 424438
53.18, 424438
53.19, 424438
53.2, 424438
53.21, 424438
53.22, 424438
53.23, 424438
53.24, 424438
53.25, 424438
53.26, 424438
53.27, 424438
53.28, 424438
53.29, 424438
53.3, 424438
53.31, 424438
53.32, 424438
53.33, 424438
53.34, 424438
53.35, 424438
53.36, 424438
53.37, 424438
53.38, 424438
53.39, 424438
53.4, 424438
53.41, 424438
53.42, 424438
53.43, 424438
53.44, 424438
53.45, 424438
53.46, 424438
53.47, 424438
53.48, 424438
53.49, 424438
53.5, 424438
53.51, 424438
53.52, 424438
53.53, 424438
53.54, 424438
53.55, 424438
53.56, 424438
53.57, 424438
53.58, 424438
53.59, 424438
53.6, 424438
53.61, 424438
53.62, 424438
53.63, 424438
53.64, 424438
53.65, 424438
53.66, 424438
53.67, 424438
53.68, 424438
53.69, 424438
53.7, 424438
53.71, 424438
53.72, 424438
53.73, 424438
53.74, 424438
53.75, 424438
53.76, 424438
53.77, 424438
53.78, 424438
53.79, 424438
53.8, 424438
53.81, 424438
53.82, 424438
53.83, 424438
53.84, 424438
53.85, 424438
53.86, 424438
53.87, 424438
53.88, 424438
53.89, 424438
53.9, 424438
53.91, 424438
53.92, 424438
53.93, 424438
53.94, 424438
53.95, 424438
53.96, 424438
53.97, 424438
53.98, 424438
53.99, 424438
54.0, 424438
54.01, 424438
54.02, 424438
54.03, 424438
54.04, 424438
54.05, 424438
54.06, 424438
54.07, 424438
54.08, 424438
54.09, 424438
54.1, 424438
54.11, 424438
54.12, 424438
54.13, 424438
54.14, 424438
54.15, 424438
54.16, 424438
54.17, 424438
54.18, 424438
54.19, 424438
54.2, 424438
54.21, 424438
54.22, 424438
54.23, 424438
54.24, 424438
54.25, 424438
54.26, 424438
54.27, 424438
54.28, 424438
54.29, 424438
54.3, 424438
54.31, 424438
54.32, 424438
54.33, 424438
54.34, 424438
54.35, 424438
54.36, 424438
54.37, 424438
54.38, 424438
54.39, 424438
54.4, 424438
54.41, 424438
54.42, 424438
54.43, 424438
54.44, 424438
54.45, 424438
54.46, 424438
54.47, 424438
54.48, 424438
54.49, 424438
54.5, 424438
54.51, 424438
54.52, 424438
54.53, 424438
54.54, 424438
54.55, 424438
54.56, 424438
54.57, 424438
54.58, 424438
54.59, 424438
54.6, 424438
54.61, 424438
54.62, 424438
54.63, 424438
54.64, 424438
54.65, 424438
54.66, 424438
54.67, 424438
54.68, 424438
54.69, 424438
54.7, 424438
54.71, 424438
54.72, 424438
54.73, 424438
54.74, 424438
54.75, 424438
54.76, 424438
54.77, 424438
54.78, 424438
54.79, 424438
54.8, 424438
54.81, 424438
54.82, 424438
54.83, 424438
54.84, 424438
54.85, 424438
54.86, 424438
54.87, 424438
54.88, 424438
54.89, 424438
54.9, 424438
54.91, 424438
54.92, 424438
54.93, 424438
54.94, 424438
54.95, 424438
54.96, 424438
54.97, 424438
54.98, 424438
54.99, 424438
55.0, 424438
55.01, 424438
55.02, 424438
55.03, 424438
55.04, 424438
55.05, 424438
55.06, 424438
55.07, 424438
55.08, 424438
55.09, 424438
55.1, 424438
55.11, 424438
55.12, 424438
55.13, 424438
55.14, 424438
55.15, 424438
55.16, 424438
55.17, 424438
55.18, 424438
55.19, 424438
55.2, 424438
55.21, 424438
55.22, 424438
55.23, 424438
55.24, 424438
55.25, 424438
55.26, 424438
55.27, 424438
55.28, 424438
55.29, 424438
55.3, 424438
55.31, 424438
55.32, 424438
55.33, 424438
55.34, 424438
55.35, 424438
55.36, 424438
55.37, 424438
55.38, 424438
55.39, 424438
55.4, 424438
55.41, 424438
55.42, 424438
55.43, 424438
55.44, 424438
55.45, 424438
55.46, 424438
55.47, 424438
55.48, 424438
55.49, 424438
55.5, 424438
55.51, 424438
55.52, 424438
55.53, 424438
55.54, 424438
55.55, 424438
55.56, 424438
55.57, 424438
55.58, 424438
55.59, 424438
55.6, 424438
55.61, 424438
55.62, 424438
55.63, 424438
55.64, 424438
55.65, 424438
55.66, 424438
55.67, 424438
55.68, 424438
55.69, 424438
55.7, 424438
55.71, 424438
55.72, 424438
55.73, 424438
55.74, 424438
55.75, 424438
55.76, 424438
55.77, 424438
55.78, 424438
55.79, 424438
55.8, 424438
55.81, 424438
55.82, 424438
55.83, 424438
55.84, 424438
55.85, 424438
55.86, 424438
55.87, 424438
55.88, 424438
55.89, 424438
55.9, 424438
55.91, 424438
55.92, 424438
55.93, 424438
55.94, 424438
55.95, 424438
55.96, 424438
55.97, 424438
55.98, 424438
55.99, 424438
56.0, 424438
56.01, 424438
56.02, 424438
56.03, 424438
56.04, 424438
56.05, 424438
56.06, 424438
56.07, 424438
56.08, 424438
56.09, 424438
56.1, 424438
56.11, 424438
56.12, 424438
56.13, 424438
56.14, 424438
56.15, 424438
56.16, 424438
56.17, 424438
56.18, 424438
56.19, 424438
56.2, 424438
56.21, 424438
56.22, 424438
56.23, 424438
56.24, 424438
56.25, 424438
56.26, 424438
56.27, 424438
56.28, 424438
56.29, 424438
56.3, 424438
56.31, 424438
56.32, 424438
56.33, 424438
56.34, 424438
56.35, 424438
56.36, 424438
56.37, 424438
56.38, 424438
56.39, 424438
56.4, 424438
56.41, 424438
56.42, 424438
56.43, 424438
56.44, 424438
56.45, 424438
56.46, 424438
56.47, 424438
56.48, 424438
56.49, 424438
56.5, 424438
56.51, 424438
56.52, 424438
56.53, 424438
56.54, 424438
56.55, 424438
56.56, 424438
56.57, 424438
56.58, 424438
56.59, 424438
56.6, 424438
56.61, 424438
56.62, 424438
56.63, 424438
56.64, 424438
56.65, 424438
56.66, 424438
56.67, 424438
56.68, 424438
56.69, 424438
56.7, 424438
56.71, 424438
56.72, 424438
56.73, 424438
56.74, 424438
56.75, 424438
56.76, 424438
56.77, 424438
56.78, 424438
56.79, 424438
56.8, 424438
56.81, 424438
56.82, 424438
56.83, 424438
56.84, 424438
56.85, 424438
56.86, 424438
56.87, 424438
56.88, 424438
56.89, 424438
56.9, 424438
56.91, 424438
56.92, 424438
56.93, 424438
56.94, 424438
56.95, 424438
56.96, 424438
56.97, 424438
56.98, 424438
56.99, 424438
57.0, 424438
57.01, 424438
57.02, 424438
57.03, 424438
57.04, 424438
57.05, 424438
57.06, 424438
57.07, 424438
57.08, 424438
57.09, 424438
57.1, 424438
57.11, 424438
57.12, 424438
57.13, 424438
57.14, 424438
57.15, 424438
57.16, 424438
57.17, 424438
57.18, 424438
57.19, 424438
57.2, 424438
57.21, 424438
57.22, 424438
57.23, 424438
57.24, 424438
57.25, 424438
57.26, 424438
57.27, 424438
57.28, 424438
57.29, 424438
57.3, 424438
57.31, 424438
57.32, 424438
57.33, 424438
57.34, 424438
57.35, 424438
57.36, 424438
57.37, 424438
57.38, 424438
57.39, 424438
57.4, 424438
57.41, 424438
57.42, 424438
57.43, 424438
57.44, 424438
57.45, 424438
57.46, 424438
57.47, 424438
57.48, 424438
57.49, 424438
57.5, 424438
57.51, 424438
57.52, 424438
57.53, 424438
57.56, 424438
57.57, 424438
57.58, 424438
57.59, 424438
57.6, 424438
57.61, 424438
57.62, 424438
57.63, 424438
57.64, 424438
57.65, 424438
57.66, 424438
57.67, 424438
57.68, 424438
57.69, 424438
57.7, 424438
57.71, 424438
57.72, 424438
57.73, 424438
57.74, 424438
57.75, 424438
57.76, 424438
57.77, 424438
57.78, 424438
57.79, 424438
57.8, 424438
57.81, 424438
57.82, 424438
57.83, 424438
57.84, 424438
57.85, 424438
57.86, 424438
57.87, 424438
57.88, 424438
57.89, 424438
57.9, 424438
57.91, 424438
57.92, 424438
57.93, 424438
57.94, 424438
57.95, 424438
57.96, 424438
57.97, 424438
57.98, 424438
57.99, 424438
58.0, 424438
58.01, 424438
58.02, 424438
58.03, 424438
58.04, 424438
58.05, 424438
58.06, 424438
58.07, 424438
58.08, 424438
58.09, 424438
58.1, 424438
58.11, 424438
58.12, 424438
58.13, 424438
58.14, 424438
58.15, 424438
58.16, 424438
58.17, 424438
58.18, 424438
58.19, 424438
58.2, 424438
58.21, 424438
58.22, 424438
58.23, 424438
58.24, 424438
58.25, 424438
58.26, 424438
58.27, 424438
58.28, 424438
58.29, 424438
58.3, 424438
58.31, 424438
58.32, 424438
58.33, 424438
58.34, 424438
58.35, 424438
58.36, 424438
58.37, 424438
58.38, 424438
58.39, 424438
58.4, 424438
58.41, 424438
58.42, 424438
58.43, 424438
58.44, 424438
58.45, 424438
58.46, 424438
58.47, 424438
58.48, 424438
58.49, 424438
58.5, 424438
58.51, 424438
58.52, 424438
58.53, 424438
58.54, 424438
58.55, 424438
58.56, 424438
58.57, 424438
58.58, 424438
58.59, 424438
58.6, 424438
58.61, 424438
58.62, 424438
58.63, 424438
58.64, 424438
58.65, 424438
58.66, 424438
58.67, 424438
58.68, 424438
58.69, 424438
58.7, 424438
58.71, 424438
58.72, 424438
58.73, 424438
58.74, 424438
58.75, 424438
58.76, 424438
58.77, 424438
58.78, 424438
58.79, 424438
58.8, 424438
58.81, 424438
58.82, 424438
58.83, 424438
58.84, 424438
58.85, 424438
58.86, 424438
58.87, 424438
58.88, 424438
58.89, 424438
58.9, 424438
58.91, 424438
58.92, 424438
58.93, 424438
58.94, 424438
58.95, 424438
58.96, 424438
58.97, 424438
58.98, 424438
58.99, 424438
59.0, 424438
59.01, 424438
59.02, 424438
59.03, 424438
59.04, 424438
59.05, 424438
59.06, 424438
59.07, 424438
59.08, 424438
59.09, 424438
59.1, 424438
59.11, 424438
59.12, 424438
59.13, 424438
59.14, 424438
59.15, 424438
59.16, 424438
59.17, 424438
59.18, 424438
59.19, 424438
59.2, 424438
59.21, 424438
59.22, 424438
59.23, 424438
59.24, 424438
59.25, 424438
59.26, 424438
59.27, 424438
59.28, 424438
59.29, 424438
59.3, 424438
59.31, 424438
59.32, 424438
59.33, 424438
59.34, 424438
59.35, 424438
59.36, 424438
59.37, 424438
59.38, 424438
59.39, 424438
59.4, 424438
59.41, 424438
59.42, 424438
59.43, 424438
59.44, 424438
59.45, 424438
59.46, 424438
59.47, 424438
59.48, 424438
59.49, 424438
59.5, 424438
59.51, 424438
59.52, 424438
59.53, 424438
59.54, 424438
59.55, 424438
59.56, 424438
59.57, 424438
59.58, 424438
59.59, 424438
59.6, 424438
59.61, 424438
59.62, 424438
59.63, 424438
59.64, 424438
59.65, 424438
59.66, 424438
59.67, 424438
59.68, 424438
59.69, 424438
59.7, 424438
59.71, 424438
59.72, 424438
59.73, 424438
59.74, 424438
59.75, 424438
59.76, 424438
59.77, 424438
59.78, 424438
59.79, 424438
59.8, 424438
59.81, 424438
59.82, 424438
59.83, 424438
59.84, 424438
59.85, 424438
59.86, 424438
59.87, 424438
59.88, 424438
59.89, 424438
59.9, 424438
59.91, 424438
59.92, 424438
59.93, 424438
59.94, 424438
59.95, 424438
59.96, 424438
59.97, 424438
59.98, 424438
59.99, 424438
