0.0, 508615
0.01, 507303
0.02, 483699
0.03, 483699
0.04, 483699
0.05, 483699
0.06, 483699
0.07, 483699
0.08, 483699
0.09, 483699
0.1, 483699
0.11, 483699
0.12, 483699
0.13, 483699
0.14, 457192
0.15, 457192
0.16, 457192
0.17, 457192
0.18, 457192
0.19, 457192
0.2, 457192
0.21, 457192
0.22, 457192
0.23, 457192
0.24, 457192
0.25, 457192
0.26, 457192
0.27, 457192
0.28, 457192
0.29, 457192
0.3, 457192
0.31, 457192
0.32, 457192
0.33, 457192
0.34, 457192
0.35, 457192
0.36, 457192
0.37, 457192
0.38, 457192
0.39, 457192
0.4, 457192
0.41, 457192
0.42, 457192
0.43, 457192
0.44, 457192
0.45, 457192
0.46, 457192
0.47, 457192
0.48, 457192
0.49, 457192
0.5, 457192
0.51, 457192
0.52, 457192
0.53, 457192
0.54, 457192
0.55, 457192
0.56, 457192
0.57, 457192
0.58, 457192
0.59, 457192
0.6, 457192
0.61, 457192
0.62, 457192
0.63, 457192
0.64, 457192
0.65, 457192
0.66, 457192
0.67, 457192
0.68, 457192
0.69, 457192
0.7, 457192
0.71, 457192
0.72, 457192
0.73, 457192
0.74, 457192
0.75, 457192
0.76, 457192
0.77, 457192
0.78, 457192
0.79, 457192
0.8, 457192
0.81, 457192
0.82, 457192
0.83, 457192
0.84, 457192
0.85, 457192
0.86, 457192
0.87, 457192
0.88, 457192
0.89, 457192
0.9, 457192
0.91, 457192
0.92, 457192
0.93, 457192
0.94, 457192
0.95, 457192
0.96, 457192
0.97, 457192
0.98, 457192
0.99, 457192
1.0, 457192
1.01, 457192
1.02, 457192
1.03, 457192
1.04, 457192
1.05, 457192
1.06, 457192
1.07, 457192
1.08, 457192
1.09, 457192
1.1, 457192
1.11, 457192
1.12, 457192
1.13, 457192
1.14, 457192
1.15, 457192
1.16, 457192
1.17, 457192
1.18, 457192
1.19, 457192
1.2, 457192
1.21, 457192
1.22, 457192
1.23, 457192
1.24, 457192
1.25, 457192
1.26, 457192
1.27, 457192
1.28, 457192
1.29, 457192
1.3, 457192
1.31, 457192
1.32, 457192
1.33, 457192
1.34, 457192
1.35, 457192
1.36, 457192
1.37, 457192
1.38, 457192
1.39, 457192
1.4, 457192
1.41, 457192
1.42, 457192
1.43, 457192
1.44, 457192
1.45, 457192
1.46, 457192
1.47, 457192
1.48, 457192
1.49, 457192
1.5, 457192
1.51, 457192
1.52, 457192
1.53, 457192
1.54, 457192
1.55, 457192
1.56, 457192
1.57, 457192
1.58, 457192
1.59, 457192
1.6, 457192
1.61, 457192
1.62, 457192
1.63, 457192
1.64, 457192
1.65, 457192
1.66, 457192
1.67, 457192
1.68, 457192
1.69, 457192
1.7, 457192
1.71, 457192
1.72, 457192
1.73, 457192
1.74, 457192
1.75, 457192
1.76, 457192
1.77, 457192
1.78, 457192
1.79, 457192
1.8, 457192
1.81, 457192
1.82, 457192
1.83, 457192
1.84, 457192
1.85, 457192
1.86, 457192
1.87, 457192
1.88, 457192
1.89, 457192
1.9, 457192
1.91, 457192
1.92, 457192
1.93, 457192
1.94, 457192
1.95, 457192
1.96, 457192
1.97, 457192
1.98, 457192
1.99, 457192
2.0, 457192
2.01, 457192
2.02, 457192
2.03, 457192
2.04, 457192
2.05, 457192
2.06, 457192
2.07, 457192
2.08, 457192
2.09, 457192
2.1, 457192
2.11, 457192
2.12, 457192
2.13, 457192
2.14, 457192
2.15, 457192
2.16, 457192
2.17, 457192
2.18, 457192
2.19, 457192
2.2, 457192
2.21, 457192
2.22, 457192
2.23, 457192
2.24, 457192
2.25, 457192
2.26, 457192
2.27, 456472
2.28, 456472
2.29, 456472
2.3, 456472
2.31, 456472
2.32, 456472
2.33, 456472
2.34, 456472
2.35, 456472
2.36, 456472
2.37, 456472
2.38, 456472
2.39, 456472
2.4, 456472
2.41, 456472
2.42, 456472
2.43, 456472
2.44, 456472
2.45, 456472
2.46, 456472
2.47, 456472
2.48, 456472
2.49, 456472
2.5, 456472
2.51, 456472
2.52, 456472
2.53, 456472
2.54, 456472
2.55, 456472
2.56, 456472
2.57, 456472
2.58, 456472
2.59, 456472
2.6, 456472
2.61, 456472
2.62, 456472
2.63, 456472
2.64, 456472
2.65, 456472
2.66, 456472
2.67, 456472
2.68, 456472
2.69, 456472
2.7, 456472
2.71, 456472
2.72, 456472
2.73, 456472
2.74, 456472
2.75, 456472
2.76, 456472
2.77, 456472
2.78, 456472
2.79, 456472
2.8, 456472
2.81, 456472
2.82, 456472
2.83, 456472
2.84, 456472
2.85, 456472
2.86, 456472
2.87, 456472
2.88, 456472
2.89, 456472
2.9, 456472
2.91, 456472
2.92, 456472
2.93, 456472
2.94, 456472
2.95, 456472
2.96, 456472
2.97, 456472
2.98, 456472
2.99, 456472
3.0, 456472
3.01, 456472
3.02, 456472
3.03, 456472
3.04, 456472
3.05, 456472
3.06, 456472
3.07, 456472
3.08, 456472
3.09, 456472
3.1, 456472
3.11, 456472
3.12, 456472
3.13, 456472
3.14, 456472
3.15, 456472
3.16, 456472
3.17, 456472
3.18, 456472
3.19, 456472
3.2, 456472
3.21, 456472
3.22, 456472
3.23, 456472
3.24, 456472
3.25, 456472
3.26, 456472
3.27, 456472
3.28, 456472
3.29, 456472
3.3, 456472
3.31, 456472
3.32, 456472
3.33, 456472
3.34, 456472
3.35, 456472
3.36, 456472
3.37, 456472
3.38, 456472
3.39, 456472
3.4, 456472
3.41, 456472
3.42, 456472
3.43, 456472
3.44, 456472
3.45, 456472
3.46, 456472
3.47, 456472
3.48, 456472
3.49, 456472
3.5, 456472
3.51, 456472
3.52, 456472
3.53, 456472
3.54, 456472
3.55, 456472
3.56, 456472
3.57, 456472
3.58, 456472
3.59, 456472
3.6, 456472
3.61, 456472
3.62, 456472
3.63, 456472
3.64, 456472
3.65, 456472
3.66, 456472
3.67, 456472
3.68, 456472
3.69, 456472
3.7, 456472
3.71, 456472
3.72, 456472
3.73, 456472
3.74, 456472
3.75, 456472
3.76, 456472
3.77, 456472
3.78, 456472
3.79, 456472
3.8, 456472
3.81, 456472
3.82, 456472
3.83, 456472
3.84, 456472
3.85, 456472
3.86, 456472
3.87, 456472
3.88, 456472
3.89, 456472
3.9, 456472
3.91, 456472
3.92, 456472
3.93, 456472
3.94, 456472
3.95, 456472
3.96, 453817
3.97, 453817
3.98, 453817
3.99, 453817
4.0, 453817
4.01, 453817
4.02, 453817
4.03, 453817
4.04, 453817
4.05, 453817
4.06, 453817
4.07, 453817
4.08, 453817
4.09, 453817
4.1, 453817
4.11, 453817
4.12, 453817
4.13, 453817
4.14, 453817
4.15, 453817
4.16, 453817
4.17, 453817
4.18, 453817
4.19, 453817
4.2, 453817
4.21, 453817
4.22, 453817
4.23, 453817
4.24, 453817
4.25, 453817
4.26, 453817
4.27, 453817
4.28, 453817
4.29, 453817
4.3, 453817
4.31, 453817
4.32, 453817
4.33, 453817
4.34, 453817
4.35, 453817
4.36, 453817
4.37, 453817
4.38, 453817
4.39, 453817
4.4, 453817
4.41, 453817
4.42, 453817
4.43, 453817
4.44, 453817
4.45, 453817
4.46, 453817
4.47, 453817
4.48, 453817
4.49, 453817
4.5, 453817
4.51, 453817
4.52, 453817
4.53, 453817
4.54, 453817
4.55, 453817
4.56, 453817
4.57, 453817
4.58, 453817
4.59, 453817
4.6, 453817
4.61, 453817
4.62, 453817
4.63, 453817
4.64, 453817
4.65, 453817
4.66, 453817
4.67, 453817
4.68, 453817
4.69, 453817
4.7, 453817
4.71, 453817
4.72, 453817
4.73, 453817
4.74, 453817
4.75, 453817
4.76, 453817
4.77, 453817
4.78, 453817
4.79, 453817
4.8, 453817
4.81, 453817
4.82, 453817
4.83, 453817
4.84, 453817
4.85, 453817
4.86, 453817
4.87, 453817
4.88, 453817
4.89, 453817
4.9, 453817
4.91, 453817
4.92, 453817
4.93, 453817
4.94, 453817
4.95, 453817
4.96, 453817
4.97, 453817
4.98, 453817
4.99, 453817
5.0, 453817
5.01, 453817
5.02, 453817
5.03, 453817
5.04, 453817
5.05, 453817
5.06, 453817
5.07, 453817
5.08, 453817
5.09, 453817
5.1, 453817
5.11, 453817
5.12, 453817
5.13, 453817
5.14, 453817
5.15, 453817
5.16, 453817
5.17, 453817
5.18, 453817
5.19, 453817
5.2, 453817
5.21, 453817
5.22, 453817
5.23, 453817
5.24, 453817
5.25, 453817
5.26, 453817
5.27, 453817
5.28, 453817
5.29, 453817
5.3, 453817
5.31, 453817
5.32, 453817
5.33, 453817
5.34, 453817
5.35, 453817
5.36, 453817
5.37, 453817
5.38, 453817
5.39, 453817
5.4, 453817
5.41, 453817
5.42, 453817
5.43, 453817
5.44, 453817
5.45, 453817
5.46, 453817
5.47, 453817
5.48, 453817
5.49, 453817
5.5, 453817
5.51, 453817
5.52, 453817
5.53, 453817
5.54, 453817
5.55, 453817
5.56, 453817
5.57, 453817
5.58, 453817
5.59, 453817
5.6, 453817
5.61, 453817
5.62, 453817
5.63, 453817
5.64, 450750
5.65, 450750
5.66, 433452
5.67, 433452
5.68, 433452
5.69, 433452
5.7, 433452
5.71, 433452
5.72, 433452
5.73, 433452
5.74, 433452
5.75, 433452
5.76, 433452
5.77, 433452
5.78, 433452
5.79, 433452
5.8, 433452
5.81, 433452
5.82, 433452
5.83, 433452
5.84, 433452
5.85, 433452
5.86, 433452
5.87, 433452
5.88, 433452
5.89, 433452
5.9, 433452
5.91, 433452
5.92, 433452
5.93, 433452
5.94, 433452
5.95, 433452
5.96, 433452
5.97, 433452
5.98, 433452
5.99, 433452
6.0, 433452
6.01, 433452
6.02, 433452
6.03, 433452
6.04, 433452
6.05, 433452
6.06, 433452
6.07, 433452
6.08, 433452
6.09, 433452
6.1, 433452
6.11, 433452
6.12, 433452
6.13, 433452
6.14, 433452
6.15, 433452
6.16, 433452
6.17, 433452
6.18, 433452
6.19, 433452
6.2, 433452
6.21, 433452
6.22, 433452
6.23, 433452
6.24, 433452
6.25, 433452
6.26, 433452
6.27, 433452
6.28, 433452
6.29, 433452
6.3, 433452
6.31, 433452
6.32, 433452
6.33, 433452
6.34, 433452
6.35, 433452
6.36, 433452
6.37, 433452
6.38, 433452
6.39, 433452
6.4, 433452
6.41, 433452
6.42, 433452
6.43, 433452
6.44, 433452
6.45, 433452
6.46, 433452
6.47, 433452
6.48, 433452
6.49, 433452
6.5, 433452
6.51, 433452
6.52, 433452
6.53, 433452
6.54, 433452
6.55, 433452
6.56, 433452
6.57, 433452
6.58, 433452
6.59, 433452
6.6, 433452
6.61, 433452
6.62, 433452
6.63, 433452
6.64, 433452
6.65, 433452
6.66, 433452
6.67, 433452
6.68, 433452
6.69, 433452
6.7, 433452
6.71, 433452
6.72, 433452
6.73, 433452
6.74, 433452
6.75, 433452
6.76, 433452
6.77, 433452
6.78, 433452
6.79, 433452
6.8, 433452
6.81, 433452
6.82, 433452
6.83, 433452
6.84, 433452
6.85, 433452
6.86, 433452
6.87, 433452
6.88, 433452
6.89, 433452
6.9, 433452
6.91, 433452
6.92, 433452
6.93, 433452
6.94, 433452
6.95, 433452
6.96, 433452
6.97, 433452
6.98, 433452
6.99, 433452
7.0, 433452
7.01, 433452
7.02, 433452
7.03, 433452
7.04, 433452
7.05, 433452
7.06, 433452
7.07, 433452
7.08, 433452
7.09, 433452
7.1, 433452
7.11, 433452
7.12, 433452
7.13, 433452
7.14, 433452
7.15, 433452
7.16, 433452
7.17, 433452
7.18, 433452
7.19, 433452
7.2, 433452
7.21, 433452
7.22, 433452
7.23, 433452
7.24, 433452
7.25, 433452
7.26, 433452
7.27, 433452
7.28, 433452
7.29, 433452
7.3, 433452
7.31, 433452
7.32, 433452
7.33, 433452
7.34, 433452
7.35, 433452
7.36, 433452
7.37, 433452
7.38, 433452
7.39, 433452
7.4, 433452
7.41, 433452
7.42, 433452
7.43, 433452
7.44, 433452
7.45, 433452
7.46, 433452
7.47, 433452
7.48, 433452
7.49, 433452
7.5, 433452
7.51, 433452
7.52, 433452
7.53, 433452
7.54, 433452
7.55, 433452
7.56, 433452
7.57, 433452
7.58, 433452
7.59, 433452
7.6, 433452
7.61, 433452
7.62, 433452
7.63, 433452
7.64, 433452
7.65, 433452
7.66, 433452
7.67, 433452
7.68, 433452
7.69, 433452
7.7, 433452
7.71, 433452
7.72, 433452
7.73, 433452
7.74, 433452
7.75, 433452
7.76, 433452
7.77, 433452
7.78, 433452
7.79, 433452
7.8, 433452
7.81, 433452
7.82, 433452
7.83, 433452
7.84, 433452
7.85, 433452
7.86, 433452
7.87, 433452
7.88, 433452
7.89, 433452
7.9, 433452
7.91, 433452
7.92, 433452
7.93, 433452
7.94, 433452
7.95, 433452
7.96, 433452
7.97, 433452
7.98, 433452
7.99, 433452
8.0, 433452
8.01, 433452
8.02, 433452
8.03, 433452
8.04, 433452
8.05, 433452
8.06, 433452
8.07, 433452
8.08, 433452
8.09, 433452
8.1, 433452
8.11, 433452
8.12, 433452
8.13, 433452
8.14, 433452
8.15, 433452
8.16, 433452
8.17, 433452
8.18, 433452
8.19, 433452
8.2, 433452
8.21, 433452
8.22, 433452
8.23, 433452
8.24, 433452
8.25, 433452
8.26, 433452
8.27, 433452
8.28, 433452
8.29, 433452
8.3, 433452
8.31, 433452
8.32, 433452
8.33, 433452
8.34, 433452
8.35, 433452
8.36, 433452
8.37, 433452
8.38, 433452
8.39, 433452
8.4, 433452
8.41, 433452
8.42, 433452
8.43, 433452
8.44, 433452
8.45, 433452
8.46, 433452
8.47, 433452
8.48, 433452
8.49, 433452
8.5, 433452
8.51, 433452
8.52, 433452
8.53, 433452
8.54, 433452
8.55, 433452
8.56, 433452
8.57, 433452
8.58, 433452
8.59, 433452
8.6, 433452
8.61, 433452
8.62, 433452
8.63, 433452
8.64, 433452
8.65, 433452
8.66, 433452
8.67, 433452
8.68, 433452
8.69, 433452
8.7, 433452
8.71, 433452
8.72, 433452
8.73, 433452
8.74, 433452
8.75, 433452
8.76, 433452
8.77, 433452
8.78, 433452
8.79, 433452
8.8, 433452
8.81, 433452
8.82, 433452
8.83, 433452
8.84, 433452
8.85, 433452
8.86, 433452
8.87, 433452
8.88, 433452
8.89, 433452
8.9, 433452
8.91, 433452
8.92, 433452
8.93, 433452
8.94, 433452
8.95, 433452
8.96, 433452
8.97, 433452
8.98, 433452
8.99, 433452
9.0, 433452
9.01, 433452
9.02, 433452
9.03, 433452
9.04, 433452
9.05, 433452
9.06, 433452
9.07, 433452
9.08, 433452
9.09, 433452
9.1, 433452
9.11, 433452
9.12, 433452
9.13, 433452
9.14, 433452
9.15, 433452
9.16, 433452
9.17, 433452
9.18, 433452
9.19, 433452
9.2, 433452
9.21, 433452
9.22, 433452
9.23, 433452
9.24, 433452
9.25, 433452
9.26, 433452
9.27, 433452
9.28, 433452
9.29, 433452
9.3, 433452
9.31, 433452
9.32, 433452
9.33, 433452
9.34, 433452
9.35, 433452
9.36, 433452
9.37, 433452
9.38, 433452
9.39, 433452
9.4, 433452
9.41, 433452
9.42, 433452
9.43, 433452
9.44, 433452
9.45, 433452
9.46, 433452
9.47, 433452
9.48, 433452
9.49, 433452
9.5, 433452
9.51, 433452
9.52, 433452
9.53, 433452
9.54, 433452
9.55, 433452
9.56, 433452
9.57, 433452
9.58, 433452
9.59, 433452
9.6, 433452
9.61, 433452
9.62, 433452
9.63, 433452
9.64, 433452
9.65, 433452
9.66, 433452
9.67, 433452
9.68, 433452
9.69, 433452
9.7, 433452
9.71, 433452
9.72, 433452
9.73, 433452
9.74, 433452
9.75, 433452
9.76, 433452
9.77, 433452
9.78, 433452
9.79, 433452
9.8, 433452
9.81, 433452
9.82, 433452
9.83, 433452
9.84, 433452
9.85, 433452
9.86, 433452
9.87, 433452
9.88, 433452
9.89, 433452
9.9, 433452
9.91, 433452
9.92, 433452
9.93, 433452
9.94, 433452
9.95, 433452
9.96, 433452
9.97, 433452
9.98, 433452
9.99, 433452
10.0, 433452
10.01, 433452
10.02, 433452
10.03, 433452
10.04, 433452
10.05, 433452
10.06, 433452
10.07, 433452
10.08, 433452
10.09, 433452
10.1, 433452
10.11, 433452
10.12, 433452
10.13, 433452
10.14, 433452
10.15, 433452
10.16, 433452
10.17, 433452
10.18, 433452
10.19, 433452
10.2, 433452
10.21, 433452
10.22, 433452
10.23, 433452
10.24, 433452
10.25, 433452
10.26, 433452
10.27, 433452
10.28, 433452
10.29, 433452
10.3, 433452
10.31, 433452
10.32, 433452
10.33, 433452
10.34, 433452
10.35, 433452
10.36, 433452
10.37, 433452
10.38, 433452
10.39, 433452
10.4, 433452
10.41, 433452
10.42, 433452
10.43, 433452
10.44, 433452
10.45, 433452
10.46, 433452
10.47, 433452
10.48, 433452
10.49, 433452
10.5, 433452
10.51, 433452
10.52, 433452
10.53, 433452
10.54, 433452
10.55, 433452
10.56, 433452
10.57, 433452
10.58, 433452
10.59, 433452
10.6, 433452
10.61, 433452
10.62, 433452
10.63, 433452
10.64, 433452
10.65, 433452
10.66, 433452
10.67, 433452
10.68, 433452
10.69, 433452
10.7, 433452
10.71, 433452
10.72, 433452
10.73, 433452
10.74, 433452
10.75, 433452
10.76, 433452
10.77, 433452
10.78, 433452
10.79, 433452
10.8, 433452
10.81, 433452
10.82, 433452
10.83, 433452
10.84, 433452
10.85, 433452
10.86, 433452
10.87, 433452
10.88, 433452
10.89, 433452
10.9, 433452
10.91, 433452
10.92, 433452
10.93, 433452
10.94, 433452
10.95, 433452
10.96, 433452
10.97, 433452
10.98, 433452
10.99, 433452
11.0, 433452
11.01, 433452
11.02, 433452
11.03, 433452
11.04, 433452
11.05, 433452
11.06, 433452
11.07, 433452
11.08, 433452
11.09, 433452
11.1, 433452
11.11, 433452
11.12, 433452
11.13, 433452
11.14, 433452
11.15, 433452
11.16, 433452
11.17, 433452
11.18, 433452
11.19, 433452
11.2, 433452
11.21, 433452
11.22, 433452
11.23, 433452
11.24, 433452
11.25, 433452
11.26, 433452
11.27, 433452
11.28, 433452
11.29, 433452
11.3, 433452
11.31, 433452
11.32, 433452
11.33, 433452
11.34, 433452
11.35, 433452
11.36, 433452
11.37, 433452
11.38, 433452
11.39, 433452
11.4, 433452
11.41, 433452
11.42, 433452
11.43, 433452
11.44, 433452
11.45, 433452
11.46, 433452
11.47, 433452
11.48, 433452
11.49, 433452
11.5, 433452
11.51, 433452
11.52, 433452
11.53, 433452
11.54, 433452
11.55, 433452
11.56, 433452
11.57, 433452
11.58, 433452
11.59, 433452
11.6, 433452
11.61, 433452
11.62, 433452
11.63, 433452
11.64, 433452
11.65, 433452
11.66, 433452
11.67, 433452
11.68, 433452
11.69, 433452
11.7, 433452
11.71, 433452
11.72, 433452
11.73, 433452
11.74, 433452
11.75, 433452
11.76, 433452
11.77, 433452
11.78, 433452
11.79, 433452
11.8, 433452
11.81, 433452
11.82, 433452
11.83, 433452
11.84, 433452
11.85, 433452
11.86, 433452
11.87, 433452
11.88, 433452
11.89, 433452
11.9, 433452
11.91, 433452
11.92, 433452
11.93, 433452
11.94, 433452
11.95, 433452
11.96, 433452
11.97, 433452
11.98, 433452
11.99, 433452
12.0, 433452
12.01, 433452
12.02, 433452
12.03, 433452
12.04, 433452
12.05, 433452
12.06, 433452
12.07, 433452
12.08, 433452
12.09, 433452
12.1, 433452
12.11, 433452
12.12, 433452
12.13, 433452
12.14, 433452
12.15, 433452
12.16, 433452
12.17, 433452
12.18, 433452
12.19, 433452
12.2, 433452
12.21, 433452
12.22, 433452
12.23, 433452
12.24, 433452
12.25, 433452
12.26, 433452
12.27, 433452
12.28, 433452
12.29, 433452
12.3, 433452
12.31, 433452
12.32, 433452
12.33, 433452
12.34, 433452
12.35, 433452
12.36, 433452
12.37, 433452
12.38, 433452
12.39, 433452
12.4, 433452
12.41, 433452
12.42, 433452
12.43, 433452
12.44, 433452
12.45, 433452
12.46, 433452
12.47, 433452
12.48, 433452
12.49, 433452
12.5, 433452
12.51, 433452
12.52, 433452
12.53, 433452
12.54, 433452
12.55, 433452
12.56, 433452
12.57, 433452
12.58, 433452
12.59, 433452
12.6, 433452
12.61, 433452
12.62, 433452
12.63, 433452
12.64, 433452
12.65, 433452
12.66, 433452
12.67, 433452
12.68, 433452
12.69, 433452
12.7, 433452
12.71, 433452
12.72, 433452
12.73, 433452
12.74, 433452
12.75, 433452
12.76, 433452
12.77, 433452
12.78, 433452
12.79, 433452
12.8, 433452
12.81, 433452
12.82, 433452
12.83, 433452
12.84, 433452
12.85, 433452
12.86, 433452
12.87, 433452
12.88, 433452
12.89, 433452
12.9, 433452
12.91, 433452
12.92, 433452
12.93, 433452
12.94, 433452
12.95, 433452
12.96, 433452
12.97, 433452
12.98, 433452
12.99, 433452
13.0, 433452
13.01, 433452
13.02, 433452
13.03, 433452
13.04, 433452
13.05, 433452
13.06, 433452
13.07, 433452
13.08, 433452
13.09, 433452
13.1, 433452
13.11, 433452
13.12, 433452
13.13, 433452
13.14, 433452
13.15, 433452
13.16, 433452
13.17, 433452
13.18, 433452
13.19, 433452
13.2, 433452
13.21, 433452
13.22, 433452
13.23, 433452
13.24, 433452
13.25, 433452
13.26, 433452
13.27, 433452
13.28, 433452
13.29, 433452
13.3, 433452
13.31, 433452
13.32, 433452
13.33, 433452
13.34, 433452
13.35, 433452
13.36, 433452
13.37, 433452
13.38, 433452
13.39, 433452
13.4, 433452
13.41, 433452
13.42, 433452
13.43, 433452
13.44, 433452
13.45, 433452
13.46, 433452
13.47, 433452
13.48, 433452
13.49, 433452
13.5, 433452
13.51, 433452
13.52, 433452
13.53, 433452
13.54, 433452
13.55, 433452
13.56, 433452
13.57, 433452
13.58, 433452
13.59, 433452
13.6, 433452
13.61, 433452
13.62, 433452
13.63, 433452
13.64, 433452
13.65, 433452
13.66, 433452
13.67, 433452
13.68, 433452
13.69, 433452
13.7, 433452
13.71, 433452
13.72, 433452
13.73, 433452
13.74, 433452
13.75, 433452
13.76, 433452
13.77, 433452
13.78, 433452
13.79, 433452
13.8, 433452
13.81, 433452
13.82, 433452
13.83, 433452
13.84, 433452
13.85, 433452
13.86, 433452
13.87, 433452
13.88, 433452
13.89, 433452
13.9, 433452
13.91, 433452
13.92, 433452
13.93, 433452
13.94, 433452
13.95, 433452
13.96, 433452
13.97, 433452
13.98, 433452
13.99, 433452
14.0, 433452
14.01, 433452
14.02, 433452
14.03, 433452
14.04, 433452
14.05, 433452
14.06, 433452
14.07, 433452
14.08, 433452
14.09, 433452
14.1, 433452
14.11, 433452
14.12, 433452
14.13, 433452
14.14, 433452
14.15, 433452
14.16, 433452
14.17, 433452
14.18, 433452
14.19, 433452
14.2, 433452
14.21, 433452
14.22, 433452
14.23, 433452
14.24, 433452
14.25, 433452
14.26, 433452
14.27, 433452
14.28, 433452
14.29, 433452
14.3, 433452
14.31, 433452
14.32, 433452
14.33, 433452
14.34, 433452
14.35, 433452
14.36, 433452
14.37, 433452
14.38, 433452
14.39, 433452
14.4, 433452
14.41, 433452
14.42, 433452
14.43, 433452
14.44, 433452
14.45, 433452
14.46, 433452
14.47, 433452
14.48, 433452
14.49, 433452
14.5, 433452
14.51, 433452
14.52, 433452
14.53, 433452
14.54, 433452
14.55, 433452
14.56, 433452
14.57, 433452
14.58, 433452
14.59, 433452
14.6, 433452
14.61, 433452
14.62, 433452
14.63, 433452
14.64, 433452
14.65, 433452
14.66, 433452
14.67, 433452
14.68, 433452
14.69, 433452
14.7, 433452
14.71, 433452
14.72, 433452
14.73, 433452
14.74, 433452
14.75, 433452
14.76, 433452
14.77, 433452
14.78, 433452
14.79, 433452
14.8, 433452
14.81, 433452
14.82, 433452
14.83, 433452
14.84, 433452
14.85, 433452
14.86, 433452
14.87, 433452
14.88, 433452
14.89, 433452
14.9, 433452
14.91, 433452
14.92, 433452
14.93, 433452
14.94, 433452
14.95, 433452
14.96, 433452
14.97, 433452
14.98, 433452
14.99, 433452
15.0, 433452
15.01, 433452
15.02, 433452
15.03, 433452
15.04, 433452
15.05, 433452
15.06, 433452
15.07, 433452
15.08, 433452
15.09, 433452
15.1, 433452
15.11, 433452
15.12, 433452
15.13, 433452
15.14, 433452
15.15, 433452
15.16, 433452
15.17, 433452
15.18, 433452
15.19, 433452
15.2, 433452
15.21, 433452
15.22, 433452
15.23, 433452
15.24, 433452
15.25, 433452
15.26, 433452
15.27, 433452
15.28, 433452
15.29, 433452
15.3, 433452
15.31, 433452
15.32, 433452
15.33, 433452
15.34, 433452
15.35, 433452
15.36, 433452
15.37, 433452
15.38, 433452
15.39, 433452
15.4, 433452
15.41, 433452
15.42, 433452
15.43, 433452
15.44, 433452
15.45, 433452
15.46, 433452
15.47, 433452
15.48, 433452
15.49, 433452
15.5, 433452
15.51, 433452
15.52, 433452
15.53, 433452
15.54, 433452
15.55, 433452
15.56, 433452
15.57, 433452
15.58, 433452
15.59, 433452
15.6, 433452
15.61, 433452
15.62, 433452
15.63, 433452
15.64, 433452
15.65, 433452
15.66, 433452
15.67, 433452
15.68, 433452
15.69, 433452
15.7, 433452
15.71, 433452
15.72, 433452
15.73, 433452
15.74, 433452
15.75, 433452
15.76, 433452
15.77, 433452
15.78, 433452
15.79, 433452
15.8, 433452
15.81, 433452
15.82, 433452
15.83, 433452
15.84, 433452
15.85, 433452
15.86, 433452
15.87, 433452
15.88, 433452
15.89, 433452
15.9, 433452
15.91, 433452
15.92, 433452
15.93, 433452
15.94, 433452
15.95, 433452
15.96, 433452
15.97, 433452
15.98, 433452
15.99, 433452
16.0, 433452
16.01, 433452
16.02, 433452
16.03, 433452
16.04, 433452
16.05, 433452
16.06, 433452
16.07, 433452
16.08, 433452
16.09, 433452
16.1, 433452
16.11, 433452
16.12, 433452
16.13, 433452
16.14, 433452
16.15, 433452
16.16, 433452
16.17, 433452
16.18, 433452
16.19, 433452
16.2, 433452
16.21, 433452
16.22, 433452
16.23, 433452
16.24, 433452
16.25, 433452
16.26, 433452
16.27, 433452
16.28, 433452
16.29, 433452
16.3, 433452
16.31, 433452
16.32, 433452
16.33, 433452
16.34, 433452
16.35, 433452
16.36, 433452
16.37, 433452
16.38, 433452
16.39, 433452
16.4, 433452
16.41, 433452
16.42, 433452
16.43, 433452
16.44, 433452
16.45, 433452
16.46, 433452
16.47, 433452
16.48, 433452
16.49, 433452
16.5, 433452
16.51, 433452
16.52, 433452
16.53, 433452
16.54, 433452
16.55, 433452
16.56, 433452
16.57, 433452
16.58, 433452
16.59, 433452
16.6, 433452
16.61, 433452
16.62, 433452
16.63, 433452
16.64, 433452
16.65, 433452
16.66, 433452
16.67, 433452
16.68, 433452
16.69, 433452
16.7, 433452
16.71, 433452
16.72, 433452
16.73, 433452
16.74, 433452
16.75, 433452
16.76, 433452
16.77, 433452
16.78, 433452
16.79, 433452
16.8, 433452
16.81, 433452
16.82, 433452
16.83, 433452
16.84, 433452
16.85, 433452
16.86, 433452
16.87, 433452
16.88, 433452
16.89, 433452
16.9, 433452
16.91, 433452
16.92, 433452
16.93, 433452
16.94, 433452
16.95, 433452
16.96, 433452
16.97, 433452
16.98, 433452
16.99, 433452
17.0, 433452
17.01, 433452
17.02, 433452
17.03, 433452
17.04, 433452
17.05, 433452
17.06, 433452
17.07, 433452
17.08, 433452
17.09, 433452
17.1, 433452
17.11, 433452
17.12, 433452
17.13, 433452
17.14, 433452
17.15, 433452
17.16, 433452
17.17, 433452
17.18, 433452
17.19, 433452
17.2, 433452
17.21, 433452
17.22, 433452
17.23, 433452
17.24, 433452
17.25, 433452
17.26, 433452
17.27, 433452
17.28, 433452
17.29, 433452
17.3, 433452
17.31, 433452
17.32, 433452
17.33, 433452
17.34, 433452
17.35, 433452
17.36, 433452
17.37, 433452
17.38, 433452
17.39, 433452
17.4, 433452
17.41, 433452
17.42, 433452
17.43, 433452
17.44, 433452
17.45, 433452
17.46, 433452
17.47, 433452
17.48, 433452
17.49, 433452
17.5, 433452
17.51, 433452
17.52, 433452
17.53, 433452
17.54, 433452
17.55, 433452
17.56, 433452
17.57, 433452
17.58, 433452
17.59, 433452
17.6, 433452
17.61, 433452
17.62, 433452
17.63, 433452
17.64, 433452
17.65, 433452
17.66, 433452
17.67, 433452
17.68, 433452
17.69, 433452
17.7, 433452
17.71, 433452
17.72, 433452
17.73, 433452
17.74, 433452
17.75, 433452
17.76, 433452
17.77, 433452
17.78, 433452
17.79, 433452
17.8, 433452
17.81, 433452
17.82, 433452
17.83, 433452
17.84, 433452
17.85, 433452
17.86, 433452
17.87, 433452
17.88, 433452
17.89, 433452
17.9, 433452
17.91, 433452
17.92, 433452
17.93, 433452
17.94, 433452
17.95, 433452
17.96, 433452
17.97, 433452
17.98, 433452
17.99, 433452
18.0, 433452
18.01, 433452
18.02, 433452
18.03, 433452
18.04, 433452
18.05, 433452
18.06, 433452
18.07, 433452
18.08, 433452
18.09, 433452
18.1, 433452
18.11, 433452
18.12, 433452
18.13, 433452
18.14, 433452
18.15, 433452
18.16, 433452
18.17, 433452
18.18, 433452
18.19, 433452
18.2, 433452
18.21, 433452
18.22, 433452
18.23, 433452
18.24, 433452
18.25, 433452
18.26, 433452
18.27, 433452
18.28, 433452
18.29, 433452
18.3, 433452
18.31, 433452
18.32, 433452
18.33, 433452
18.34, 433452
18.35, 433452
18.36, 433452
18.37, 433452
18.38, 433452
18.39, 433452
18.4, 433452
18.41, 433452
18.42, 433452
18.43, 433452
18.44, 433452
18.45, 433452
18.46, 433452
18.47, 433452
18.48, 433452
18.49, 433452
18.5, 433452
18.51, 433452
18.52, 433452
18.53, 433452
18.54, 433452
18.55, 433452
18.56, 433452
18.57, 433452
18.58, 433452
18.59, 433452
18.6, 433452
18.61, 433452
18.62, 433452
18.63, 433452
18.64, 433452
18.65, 433452
18.66, 433452
18.67, 433452
18.68, 433452
18.69, 433452
18.7, 433452
18.71, 433452
18.72, 433452
18.73, 433452
18.74, 433452
18.75, 433452
18.76, 433452
18.77, 433452
18.78, 433452
18.79, 433452
18.8, 433452
18.81, 433452
18.82, 433452
18.83, 433452
18.84, 433452
18.85, 433452
18.86, 433452
18.87, 433452
18.88, 433452
18.89, 433452
18.9, 433452
18.91, 433452
18.92, 433452
18.93, 433452
18.94, 433452
18.95, 433452
18.96, 433452
18.97, 433452
18.98, 433452
18.99, 433452
19.0, 433452
19.01, 433452
19.02, 433452
19.03, 433452
19.04, 433452
19.05, 433452
19.06, 433452
19.07, 433452
19.08, 433452
19.09, 433452
19.1, 433452
19.11, 433452
19.12, 433452
19.13, 433452
19.14, 433452
19.15, 433452
19.16, 433452
19.17, 433452
19.18, 433452
19.19, 433452
19.2, 433452
19.21, 433452
19.22, 433452
19.23, 433452
19.24, 433452
19.25, 433452
19.26, 433452
19.27, 433452
19.28, 433452
19.29, 433452
19.3, 433452
19.31, 433452
19.32, 433452
19.33, 433452
19.34, 433452
19.35, 433452
19.36, 433452
19.37, 433452
19.38, 433452
19.39, 433452
19.4, 433452
19.41, 433452
19.42, 433452
19.43, 433452
19.44, 433452
19.45, 433452
19.46, 433452
19.47, 433452
19.48, 433452
19.49, 433452
19.5, 433452
19.51, 433452
19.52, 433452
19.53, 433452
19.54, 433452
19.55, 433452
19.56, 433452
19.57, 433452
19.58, 433452
19.59, 433452
19.6, 433452
19.61, 433452
19.62, 433452
19.63, 433452
19.64, 433452
19.65, 433452
19.66, 433452
19.67, 433452
19.68, 433452
19.69, 433452
19.7, 433452
19.71, 433452
19.72, 433452
19.73, 433452
19.74, 433452
19.75, 433452
19.76, 433452
19.77, 433452
19.78, 433452
19.79, 433452
19.8, 433452
19.81, 433452
19.82, 433452
19.83, 433452
19.84, 433452
19.85, 433452
19.86, 433452
19.87, 433452
19.88, 433452
19.89, 433452
19.9, 433452
19.91, 433452
19.92, 433452
19.93, 433452
19.94, 433452
19.95, 433452
19.96, 433452
19.97, 433452
19.98, 433452
19.99, 433452
20.0, 433452
20.01, 433452
20.02, 433452
20.03, 433452
20.04, 433452
20.05, 433452
20.06, 433452
20.07, 433452
20.08, 433452
20.09, 433452
20.1, 433452
20.11, 433452
20.12, 433452
20.13, 433452
20.14, 433452
20.15, 433452
20.16, 433452
20.17, 433452
20.18, 433452
20.19, 433452
20.2, 433452
20.21, 433452
20.22, 433452
20.23, 433452
20.24, 433452
20.25, 433452
20.26, 433452
20.27, 433452
20.28, 433452
20.29, 433452
20.3, 433452
20.31, 433452
20.32, 433452
20.33, 433452
20.34, 433452
20.35, 433452
20.36, 433452
20.37, 433452
20.38, 433452
20.39, 433452
20.4, 433452
20.41, 433452
20.42, 433452
20.43, 433452
20.44, 433452
20.45, 433452
20.46, 433452
20.47, 433452
20.48, 433452
20.49, 433452
20.5, 433452
20.51, 433452
20.52, 433452
20.53, 433452
20.54, 433452
20.55, 433452
20.56, 433452
20.57, 433452
20.58, 433452
20.59, 433452
20.6, 433452
20.61, 433452
20.62, 433452
20.63, 433452
20.64, 433452
20.65, 433452
20.66, 433452
20.67, 433452
20.68, 433452
20.69, 433452
20.7, 433452
20.71, 433452
20.72, 433452
20.73, 433452
20.74, 433452
20.75, 433452
20.76, 433452
20.77, 433452
20.78, 433452
20.79, 433452
20.8, 433452
20.81, 433452
20.82, 433452
20.83, 433452
20.84, 433452
20.85, 433452
20.86, 433452
20.87, 433452
20.88, 433452
20.89, 433452
20.9, 433452
20.91, 433452
20.92, 433452
20.93, 433452
20.94, 433452
20.95, 433452
20.96, 433452
20.97, 433452
20.98, 433452
20.99, 433452
21.0, 433452
21.01, 433452
21.02, 433452
21.03, 433452
21.04, 433452
21.05, 433452
21.06, 433452
21.07, 433452
21.08, 433452
21.09, 433452
21.1, 433452
21.11, 433452
21.12, 433452
21.13, 433452
21.14, 433452
21.15, 433452
21.16, 433452
21.17, 433452
21.18, 433452
21.19, 433452
21.2, 433452
21.21, 433452
21.22, 433452
21.23, 433452
21.24, 433452
21.25, 433452
21.26, 433452
21.27, 433452
21.28, 433452
21.29, 433452
21.3, 433452
21.31, 433452
21.32, 433452
21.33, 433452
21.34, 433452
21.35, 433452
21.36, 433452
21.37, 433452
21.38, 433452
21.39, 433452
21.4, 433452
21.41, 433452
21.42, 433452
21.43, 433452
21.44, 433452
21.45, 433452
21.46, 433452
21.47, 433452
21.48, 433452
21.49, 433452
21.5, 433452
21.51, 433452
21.52, 433452
21.53, 433452
21.54, 433452
21.55, 433452
21.56, 433452
21.57, 433452
21.58, 433452
21.59, 433452
21.6, 433452
21.61, 433452
21.62, 433452
21.63, 433452
21.64, 433452
21.65, 433452
21.66, 433452
21.67, 433452
21.68, 433452
21.69, 433452
21.7, 433452
21.71, 433452
21.72, 433452
21.73, 433452
21.74, 433452
21.75, 433452
21.76, 433452
21.77, 433452
21.78, 433452
21.79, 433452
21.8, 433452
21.81, 433452
21.82, 433452
21.83, 433452
21.84, 433452
21.85, 433452
21.86, 433452
21.87, 433452
21.88, 433452
21.89, 433452
21.9, 433452
21.91, 433452
21.92, 433452
21.93, 433452
21.94, 433452
21.95, 433452
21.96, 433452
21.97, 433452
21.98, 433452
21.99, 433452
22.0, 433452
22.01, 433452
22.02, 433452
22.03, 433452
22.04, 433452
22.05, 433452
22.06, 433452
22.07, 433452
22.08, 433452
22.09, 433452
22.1, 433452
22.11, 433452
22.12, 433452
22.13, 433452
22.14, 433452
22.15, 433452
22.16, 433452
22.17, 433452
22.18, 433452
22.19, 433452
22.2, 433452
22.21, 433452
22.22, 433452
22.23, 433452
22.24, 433452
22.25, 433452
22.26, 433452
22.27, 433452
22.28, 433452
22.29, 433452
22.3, 433452
22.31, 433452
22.32, 433452
22.33, 433452
22.34, 433452
22.35, 433452
22.36, 433452
22.37, 433452
22.38, 433452
22.39, 433452
22.4, 433452
22.41, 433452
22.42, 433452
22.43, 433452
22.44, 433452
22.45, 433452
22.46, 433452
22.47, 433452
22.48, 433452
22.49, 433452
22.5, 433452
22.51, 433452
22.52, 433452
22.53, 433452
22.54, 433452
22.55, 433452
22.56, 433452
22.57, 433452
22.58, 433452
22.59, 433452
22.6, 433452
22.61, 433452
22.62, 433452
22.63, 433452
22.64, 433452
22.65, 433452
22.66, 433452
22.67, 433452
22.68, 433452
22.69, 433452
22.7, 433452
22.71, 433452
22.72, 433452
22.73, 433452
22.74, 433452
22.75, 433452
22.76, 433452
22.77, 433452
22.78, 433452
22.79, 433452
22.8, 433452
22.81, 433452
22.82, 433452
22.83, 433452
22.84, 433452
22.85, 433452
22.86, 433452
22.87, 433452
22.88, 433452
22.89, 433452
22.9, 433452
22.91, 433452
22.92, 433452
22.93, 433452
22.94, 433452
22.95, 433452
22.96, 433452
22.97, 433452
22.98, 433452
22.99, 433452
23.0, 433452
23.01, 433452
23.02, 433452
23.03, 433452
23.04, 433452
23.05, 433452
23.06, 433452
23.07, 433452
23.08, 433452
23.09, 433452
23.1, 433452
23.11, 433452
23.12, 433452
23.13, 433452
23.14, 433452
23.15, 433452
23.16, 433452
23.17, 433452
23.18, 433452
23.19, 433452
23.2, 433452
23.21, 433452
23.22, 433452
23.23, 433452
23.24, 433452
23.25, 433452
23.26, 433452
23.27, 433452
23.28, 433452
23.29, 433452
23.3, 433452
23.31, 433452
23.32, 433452
23.33, 433452
23.34, 433452
23.35, 433452
23.36, 433452
23.37, 433452
23.38, 433452
23.39, 433452
23.4, 433452
23.41, 433452
23.42, 433452
23.43, 433452
23.44, 433452
23.45, 433452
23.46, 433452
23.47, 433452
23.48, 433452
23.49, 433452
23.5, 433452
23.51, 433452
23.52, 433452
23.53, 433452
23.54, 433452
23.55, 433452
23.56, 433452
23.57, 433452
23.58, 433452
23.59, 433452
23.6, 433452
23.61, 433452
23.62, 433452
23.63, 433452
23.64, 433452
23.65, 433452
23.66, 433452
23.67, 433452
23.68, 433452
23.69, 433452
23.7, 433452
23.71, 433452
23.72, 433452
23.73, 433452
23.74, 433452
23.75, 433452
23.76, 433452
23.77, 433452
23.78, 433452
23.79, 433452
23.8, 433452
23.81, 433452
23.82, 433452
23.83, 433452
23.84, 433452
23.85, 433452
23.86, 433452
23.87, 433452
23.88, 433452
23.89, 433452
23.9, 433452
23.91, 433452
23.92, 433452
23.93, 433452
23.94, 433452
23.95, 433452
23.96, 433452
23.97, 433452
23.98, 433452
23.99, 433452
24.0, 433452
24.01, 433452
24.02, 433452
24.03, 433452
24.04, 433452
24.05, 433452
24.06, 433452
24.07, 433452
24.08, 433452
24.09, 433452
24.1, 433452
24.11, 433452
24.12, 433452
24.13, 433452
24.14, 433452
24.15, 433452
24.16, 433452
24.17, 433452
24.18, 433452
24.19, 433452
24.2, 433452
24.21, 433452
24.22, 433452
24.23, 433452
24.24, 433452
24.25, 433452
24.26, 433452
24.27, 433452
24.28, 433452
24.29, 433452
24.3, 433452
24.31, 433452
24.32, 433452
24.33, 433452
24.34, 433452
24.35, 433452
24.36, 433452
24.37, 433452
24.38, 433452
24.39, 433452
24.4, 433452
24.41, 433452
24.42, 433452
24.43, 433452
24.44, 433452
24.45, 433452
24.46, 433452
24.47, 433452
24.48, 433452
24.49, 433452
24.5, 433452
24.51, 433452
24.52, 433452
24.53, 433452
24.54, 433452
24.55, 433452
24.56, 433452
24.57, 433452
24.58, 433452
24.59, 433452
24.6, 433452
24.61, 433452
24.62, 433452
24.63, 433452
24.64, 433452
24.65, 433452
24.66, 433452
24.67, 433452
24.68, 433452
24.69, 433452
24.7, 433452
24.71, 433452
24.72, 433452
24.73, 433452
24.74, 433452
24.75, 433452
24.76, 433452
24.77, 433452
24.78, 433452
24.79, 433452
24.8, 433452
24.81, 433452
24.82, 433452
24.83, 433452
24.84, 433452
24.85, 433452
24.86, 433452
24.87, 433452
24.88, 433452
24.89, 433452
24.9, 433452
24.91, 433452
24.92, 433452
24.93, 433452
24.94, 433452
24.95, 433452
24.96, 433452
24.97, 433452
24.98, 433452
24.99, 433452
25.0, 433452
25.01, 433452
25.02, 433452
25.03, 433452
25.04, 433452
25.05, 433452
25.06, 433452
25.07, 433452
25.08, 433452
25.09, 433452
25.1, 433452
25.11, 433452
25.12, 433452
25.13, 433452
25.14, 433452
25.15, 433452
25.16, 433452
25.17, 433452
25.18, 433452
25.19, 433452
25.2, 433452
25.21, 433452
25.22, 433452
25.23, 433452
25.24, 433452
25.25, 433452
25.26, 433452
25.27, 433452
25.28, 433452
25.29, 433452
25.3, 433452
25.31, 433452
25.32, 433452
25.33, 433452
25.34, 433452
25.35, 433452
25.36, 433452
25.37, 433452
25.38, 433452
25.39, 433452
25.4, 433452
25.41, 433452
25.42, 433452
25.43, 433452
25.44, 433452
25.45, 433452
25.46, 433452
25.47, 433452
25.48, 433452
25.49, 428941
25.5, 428941
25.51, 428941
25.52, 428941
25.53, 428941
25.54, 428941
25.55, 428941
25.56, 428941
25.57, 428941
25.58, 428941
25.59, 428941
25.6, 428941
25.61, 428941
25.62, 428941
25.63, 428941
25.64, 428941
25.65, 428941
25.66, 428941
25.67, 428941
25.68, 428941
25.69, 428941
25.7, 428941
25.71, 428941
25.72, 428941
25.73, 428941
25.74, 428941
25.75, 428941
25.76, 428941
25.77, 428941
25.78, 428941
25.79, 428941
25.8, 428941
25.81, 428941
25.82, 428941
25.83, 428941
25.84, 428941
25.85, 428941
25.86, 428941
25.87, 428941
25.88, 428941
25.89, 428941
25.9, 428941
25.91, 428941
25.92, 428941
25.93, 428941
25.94, 428941
25.95, 428941
25.96, 428941
25.97, 428941
25.98, 428941
25.99, 428941
26.0, 428941
26.01, 428941
26.02, 428941
26.03, 428941
26.04, 428941
26.05, 428941
26.06, 428941
26.07, 428941
26.08, 428941
26.09, 428941
26.1, 428941
26.11, 428941
26.12, 428941
26.13, 428941
26.14, 428941
26.15, 428941
26.16, 428941
26.17, 428941
26.18, 428941
26.19, 428941
26.2, 428941
26.21, 428941
26.22, 428941
26.23, 428941
26.24, 428941
26.25, 428941
26.26, 428941
26.27, 428941
26.28, 428941
26.29, 428941
26.3, 428941
26.31, 428941
26.32, 428941
26.33, 428941
26.34, 428941
26.35, 428941
26.36, 428941
26.37, 428941
26.38, 428941
26.39, 428941
26.4, 428941
26.41, 428941
26.42, 428941
26.43, 428941
26.44, 428941
26.45, 428941
26.46, 428941
26.47, 428941
26.48, 428941
26.49, 428941
26.5, 428941
26.51, 428941
26.52, 428941
26.53, 428941
26.54, 428941
26.55, 428941
26.56, 428941
26.57, 428941
26.58, 428941
26.59, 428941
26.6, 428941
26.61, 428941
26.62, 428941
26.63, 428941
26.64, 428941
26.65, 428941
26.66, 428941
26.67, 428941
26.68, 428941
26.69, 428941
26.7, 428941
26.71, 428941
26.72, 428941
26.73, 428941
26.74, 428941
26.75, 428941
26.76, 428941
26.77, 428941
26.78, 428941
26.79, 428941
26.8, 428941
26.81, 428941
26.82, 428941
26.83, 428941
26.84, 428941
26.85, 428941
26.86, 428941
26.87, 428941
26.88, 428941
26.89, 428941
26.9, 428941
26.91, 428941
26.92, 428941
26.93, 428941
26.94, 428941
26.95, 428941
26.96, 428941
26.97, 428941
26.98, 428941
26.99, 428941
27.0, 428941
27.01, 428941
27.02, 428941
27.03, 428941
27.04, 428941
27.05, 428941
27.06, 428941
27.07, 428941
27.08, 428941
27.09, 428941
27.1, 428941
27.11, 428941
27.12, 428941
27.13, 428941
27.14, 428941
27.15, 428941
27.16, 428941
27.17, 428941
27.18, 428941
27.19, 428941
27.2, 428941
27.21, 428941
27.22, 428941
27.23, 428941
27.24, 428941
27.25, 428941
27.26, 428941
27.27, 428941
27.28, 428941
27.29, 428941
27.3, 428941
27.31, 428941
27.32, 428941
27.33, 428941
27.34, 428941
27.35, 428941
27.36, 428941
27.37, 428941
27.38, 428941
27.39, 428941
27.4, 428941
27.41, 428941
27.42, 428941
27.43, 428941
27.44, 428941
27.45, 428941
27.46, 428941
27.47, 428941
27.48, 428941
27.49, 428941
27.5, 428941
27.51, 428941
27.52, 428941
27.53, 428941
27.54, 428941
27.55, 428941
27.56, 428941
27.57, 428941
27.58, 428941
27.59, 428941
27.6, 428941
27.61, 428941
27.62, 428941
27.63, 428941
27.64, 428941
27.65, 428941
27.66, 428941
27.67, 428941
27.68, 428941
27.69, 428941
27.7, 428941
27.71, 428941
27.72, 428941
27.73, 428941
27.74, 428941
27.75, 428941
27.76, 428941
27.77, 428941
27.78, 428941
27.79, 428941
27.8, 428941
27.81, 428941
27.82, 428941
27.83, 428941
27.84, 428941
27.85, 428941
27.86, 428941
27.87, 428941
27.88, 428941
27.89, 428941
27.9, 428941
27.91, 428941
27.92, 428941
27.95, 428941
27.96, 428941
27.97, 428941
27.98, 428941
27.99, 428941
28.0, 428941
28.01, 428941
28.02, 428941
28.03, 428941
28.04, 428941
28.05, 428941
28.06, 428941
28.07, 428941
28.08, 428941
28.09, 428941
28.1, 428941
28.11, 428941
28.12, 428941
28.13, 428941
28.14, 428941
28.15, 428941
28.16, 428941
28.17, 428941
28.18, 428941
28.19, 428941
28.2, 428941
28.21, 428941
28.22, 428941
28.23, 428941
28.24, 428941
28.25, 428941
28.26, 428941
28.27, 428941
28.28, 428941
28.29, 428941
28.3, 428941
28.31, 428941
28.32, 428941
28.33, 428941
28.34, 428941
28.35, 428941
28.36, 428941
28.37, 428941
28.38, 428941
28.39, 428941
28.4, 428941
28.41, 428941
28.42, 428941
28.43, 428941
28.44, 428941
28.45, 428941
28.46, 428941
28.47, 428941
28.48, 428941
28.49, 428941
28.5, 428941
28.51, 428941
28.52, 428941
28.53, 428941
28.54, 428941
28.55, 428941
28.56, 428941
28.57, 428941
28.58, 428941
28.59, 428941
28.6, 428941
28.61, 428941
28.62, 428941
28.63, 428941
28.64, 428941
28.65, 428941
28.66, 428941
28.67, 428941
28.68, 428941
28.69, 428941
28.7, 428941
28.71, 428941
28.72, 428941
28.73, 428941
28.74, 428941
28.75, 428941
28.76, 428941
28.77, 428941
28.78, 428941
28.79, 428941
28.8, 428941
28.81, 428941
28.82, 428941
28.83, 428941
28.84, 428941
28.85, 428941
28.86, 428941
28.87, 428941
28.88, 428941
28.89, 428941
28.9, 428941
28.91, 428941
28.92, 428941
28.93, 428941
28.94, 428941
28.95, 428941
28.96, 428941
28.97, 428941
28.98, 428941
28.99, 428941
29.0, 428941
29.01, 428941
29.02, 428941
29.03, 428941
29.04, 428941
29.05, 428941
29.06, 428941
29.07, 428941
29.08, 428941
29.09, 428941
29.1, 428941
29.11, 428941
29.12, 428941
29.13, 428941
29.14, 428941
29.15, 428941
29.16, 428941
29.17, 428941
29.18, 428941
29.19, 428941
29.2, 428941
29.21, 428941
29.22, 428941
29.23, 428941
29.24, 428941
29.25, 428941
29.26, 428941
29.27, 428941
29.28, 428941
29.29, 428941
29.3, 428941
29.31, 428941
29.32, 428941
29.33, 428941
29.34, 428941
29.35, 428941
29.36, 428941
29.37, 428941
29.38, 428941
29.39, 428941
29.4, 428941
29.41, 428941
29.42, 428941
29.43, 428941
29.44, 428941
29.45, 428941
29.46, 428941
29.47, 428941
29.48, 428941
29.49, 428941
29.5, 428941
29.51, 428941
29.52, 428941
29.53, 428941
29.54, 428941
29.55, 428941
29.56, 428941
29.57, 428941
29.58, 428941
29.59, 428941
29.6, 428941
29.61, 428941
29.62, 428941
29.63, 428941
29.64, 428941
29.65, 428941
29.66, 428941
29.67, 428941
29.68, 428941
29.69, 428941
29.7, 428941
29.71, 428941
29.72, 428941
29.73, 428941
29.74, 428941
29.75, 428941
29.76, 428941
29.77, 428941
29.78, 428941
29.79, 428941
29.8, 428941
29.81, 428941
29.82, 428941
29.83, 428941
29.84, 428941
29.85, 428941
29.86, 428941
29.87, 428941
29.88, 428941
29.89, 428941
29.9, 428941
29.91, 428941
29.92, 428941
29.93, 428941
29.94, 428941
29.95, 428941
29.96, 428941
29.97, 428941
29.98, 428941
29.99, 428941
30.0, 428941
30.01, 428941
30.02, 428941
30.03, 428941
30.04, 428941
30.05, 428941
30.06, 428941
30.07, 428941
30.08, 428941
30.09, 428941
30.1, 428941
30.11, 428941
30.12, 428941
30.13, 428941
30.14, 428941
30.15, 428941
30.16, 428941
30.17, 428941
30.18, 428941
30.19, 428941
30.2, 428941
30.21, 428941
30.22, 428941
30.23, 428941
30.24, 428941
30.25, 428941
30.26, 428941
30.27, 428941
30.28, 428941
30.29, 428941
30.3, 428941
30.31, 428941
30.32, 428941
30.33, 428941
30.34, 428941
30.35, 428941
30.36, 428941
30.37, 428941
30.38, 428941
30.39, 428941
30.4, 428941
30.41, 428941
30.42, 428941
30.43, 428941
30.44, 428941
30.45, 428941
30.46, 428941
30.47, 428941
30.48, 428941
30.49, 428941
30.5, 428941
30.51, 428941
30.52, 428941
30.53, 428941
30.54, 428941
30.55, 428941
30.56, 428941
30.57, 428941
30.58, 428941
30.59, 428941
30.6, 428941
30.61, 428941
30.62, 428941
30.63, 428941
30.64, 428941
30.65, 428941
30.66, 428941
30.67, 428941
30.68, 428941
30.69, 428941
30.7, 428941
30.71, 428941
30.72, 428941
30.73, 428941
30.74, 428941
30.75, 428941
30.76, 428941
30.77, 428941
30.78, 428941
30.79, 428941
30.8, 428941
30.81, 428941
30.82, 428941
30.83, 428941
30.84, 428941
30.85, 428941
30.86, 428941
30.87, 428941
30.88, 428941
30.89, 428941
30.9, 428941
30.91, 428941
30.92, 428941
30.93, 428941
30.94, 428941
30.95, 428941
30.96, 428941
30.97, 428941
30.98, 428941
30.99, 428941
31.0, 428941
31.01, 428941
31.02, 428941
31.03, 428941
31.04, 428941
31.05, 428941
31.06, 428941
31.07, 428941
31.08, 428941
31.09, 428941
31.1, 428941
31.11, 428941
31.12, 428941
31.13, 428941
31.14, 428941
31.15, 428941
31.16, 428941
31.17, 428941
31.18, 428941
31.19, 428941
31.2, 428941
31.21, 428941
31.22, 428941
31.23, 428941
31.24, 428941
31.25, 428941
31.26, 428941
31.27, 428941
31.28, 428941
31.29, 428941
31.3, 428941
31.31, 428941
31.32, 428941
31.33, 428941
31.34, 428941
31.35, 428941
31.36, 428941
31.37, 428941
31.38, 428941
31.39, 428941
31.4, 428941
31.41, 428941
31.42, 428941
31.43, 428941
31.44, 428941
31.45, 428941
31.46, 428941
31.47, 428941
31.48, 428941
31.49, 428941
31.5, 428941
31.51, 428941
31.52, 428941
31.53, 428941
31.54, 428941
31.55, 428941
31.56, 428941
31.57, 428941
31.58, 428941
31.59, 428941
31.6, 428941
31.61, 428941
31.62, 428941
31.63, 428941
31.64, 428941
31.65, 428941
31.66, 428941
31.67, 428941
31.68, 428941
31.69, 428941
31.7, 428941
31.71, 428941
31.72, 428941
31.73, 428941
31.74, 428941
31.75, 428941
31.76, 428941
31.77, 428941
31.78, 428941
31.79, 428941
31.8, 428941
31.81, 428941
31.82, 428941
31.83, 428941
31.84, 428941
31.85, 428941
31.86, 428941
31.87, 428941
31.88, 428941
31.89, 428941
31.9, 428941
31.91, 428941
31.92, 428941
31.93, 428941
31.94, 428941
31.95, 428941
31.96, 428941
31.97, 428941
31.98, 428941
31.99, 428941
32.0, 428941
32.01, 428941
32.02, 428941
32.03, 428941
32.04, 428941
32.05, 428941
32.06, 428941
32.07, 428941
32.08, 428941
32.09, 428941
32.1, 428941
32.11, 428941
32.12, 428941
32.13, 428941
32.14, 428941
32.15, 428941
32.16, 428941
32.17, 428941
32.18, 428941
32.19, 428941
32.2, 428941
32.21, 428941
32.22, 428941
32.23, 428941
32.24, 428941
32.25, 428941
32.26, 428941
32.27, 428941
32.28, 428941
32.29, 428941
32.3, 428941
32.31, 428941
32.32, 428941
32.33, 428941
32.34, 428941
32.35, 428941
32.36, 428941
32.37, 428941
32.38, 428941
32.39, 428941
32.4, 428941
32.41, 428941
32.42, 428941
32.43, 428941
32.44, 428941
32.45, 428941
32.46, 428941
32.47, 428941
32.48, 428941
32.49, 428941
32.5, 428941
32.51, 428941
32.52, 428941
32.53, 428941
32.54, 428941
32.55, 428941
32.56, 428941
32.57, 428941
32.58, 428941
32.59, 428941
32.6, 428941
32.61, 428941
32.62, 428941
32.63, 428941
32.64, 428941
32.65, 428941
32.66, 428941
32.67, 428941
32.68, 428941
32.69, 428941
32.7, 428941
32.71, 428941
32.72, 428941
32.73, 428941
32.74, 428941
32.75, 428941
32.76, 428941
32.77, 428941
32.78, 428941
32.79, 428941
32.8, 428941
32.81, 428941
32.82, 428941
32.83, 428941
32.84, 428941
32.85, 428941
32.86, 428941
32.87, 428941
32.88, 428941
32.89, 428941
32.9, 428941
32.91, 428941
32.92, 428941
32.93, 428941
32.94, 428941
32.95, 428941
32.96, 428941
32.97, 428941
32.98, 428941
32.99, 428941
33.0, 428941
33.01, 428941
33.02, 428941
33.03, 428941
33.04, 428941
33.05, 428941
33.06, 428941
33.07, 428941
33.08, 428941
33.09, 428941
33.1, 428941
33.11, 428941
33.12, 428941
33.13, 428941
33.14, 428941
33.15, 428941
33.16, 428941
33.17, 428941
33.18, 428941
33.19, 428941
33.2, 428941
33.21, 428941
33.22, 428941
33.23, 428941
33.24, 428941
33.25, 428941
33.26, 428941
33.27, 428941
33.28, 428941
33.29, 428941
33.3, 428941
33.31, 428941
33.32, 428941
33.33, 428941
33.34, 428941
33.35, 428941
33.36, 428941
33.37, 428941
33.38, 428941
33.39, 428941
33.4, 428941
33.41, 428941
33.42, 428941
33.43, 428941
33.44, 428941
33.45, 428941
33.46, 428941
33.47, 428941
33.48, 428941
33.49, 428941
33.5, 428941
33.51, 428941
33.52, 428941
33.53, 428941
33.54, 428941
33.55, 428941
33.56, 428941
33.57, 428941
33.58, 428941
33.59, 428941
33.6, 428941
33.61, 428941
33.62, 428941
33.63, 428941
33.64, 428941
33.65, 428941
33.66, 428941
33.67, 428941
33.68, 428941
33.69, 428941
33.7, 428941
33.71, 428941
33.72, 428941
33.73, 428941
33.74, 428941
33.75, 428941
33.76, 428941
33.77, 428941
33.78, 428941
33.79, 428941
33.8, 428941
33.81, 428941
33.82, 428941
33.83, 428941
33.84, 428941
33.85, 428941
33.86, 428941
33.87, 428941
33.88, 428941
33.89, 428941
33.9, 428941
33.91, 428941
33.92, 428941
33.93, 428941
33.94, 428941
33.95, 428941
33.96, 428941
33.97, 428941
33.98, 428941
33.99, 428941
34.0, 428941
34.01, 428941
34.02, 428941
34.03, 428941
34.04, 428941
34.05, 428941
34.06, 428941
34.07, 428941
34.08, 428941
34.09, 428941
34.1, 428941
34.11, 428941
34.12, 428941
34.13, 428941
34.14, 428941
34.15, 428941
34.16, 428941
34.17, 428941
34.18, 428941
34.19, 428941
34.2, 428941
34.21, 428941
34.22, 428941
34.23, 428941
34.24, 428941
34.25, 428941
34.26, 428941
34.27, 428941
34.28, 428941
34.29, 428941
34.3, 428941
34.31, 428941
34.32, 428941
34.33, 428941
34.34, 428941
34.35, 428941
34.36, 428941
34.37, 428941
34.38, 428941
34.39, 428941
34.4, 428941
34.41, 428941
34.42, 428941
34.43, 428941
34.44, 428941
34.45, 428941
34.46, 428941
34.47, 428941
34.48, 428941
34.49, 428941
34.5, 428941
34.51, 428941
34.52, 428941
34.53, 428941
34.54, 428941
34.55, 428941
34.56, 428941
34.57, 428941
34.58, 428941
34.59, 428941
34.6, 428941
34.61, 428941
34.62, 428941
34.63, 428941
34.64, 428941
34.65, 428941
34.66, 428941
34.67, 428941
34.68, 428941
34.69, 428941
34.7, 428941
34.71, 428941
34.72, 428941
34.73, 428941
34.74, 428941
34.75, 428941
34.76, 428941
34.77, 428941
34.78, 428941
34.79, 428941
34.8, 428941
34.81, 428941
34.82, 428941
34.83, 428941
34.84, 428941
34.85, 428941
34.86, 428941
34.87, 428941
34.88, 428941
34.89, 428941
34.9, 428941
34.91, 428941
34.92, 428941
34.93, 428941
34.94, 428941
34.95, 428941
34.96, 428941
34.97, 428941
34.98, 428941
34.99, 428941
35.0, 428941
35.01, 428941
35.02, 428941
35.03, 428941
35.04, 428941
35.05, 428941
35.06, 428941
35.07, 428941
35.08, 428941
35.09, 428941
35.1, 428941
35.11, 428941
35.12, 428941
35.13, 428941
35.14, 428941
35.15, 428941
35.16, 428941
35.17, 428941
35.18, 428941
35.19, 428941
35.2, 428941
35.21, 428941
35.22, 428941
35.23, 428941
35.24, 428941
35.25, 428941
35.26, 428941
35.27, 428941
35.28, 428941
35.29, 428941
35.3, 428941
35.31, 428941
35.32, 428941
35.33, 428941
35.34, 428941
35.35, 428941
35.36, 428941
35.37, 428941
35.38, 428941
35.39, 428941
35.4, 428941
35.41, 428941
35.42, 428941
35.43, 428941
35.44, 428941
35.45, 428941
35.46, 428941
35.47, 428941
35.48, 428941
35.49, 428941
35.5, 428941
35.51, 428941
35.52, 428941
35.53, 428941
35.54, 428941
35.55, 428941
35.56, 428941
35.57, 428941
35.58, 428941
35.59, 428941
35.6, 428941
35.61, 428941
35.62, 428941
35.63, 428941
35.64, 428941
35.65, 428941
35.66, 428941
35.67, 428941
35.68, 428941
35.69, 428941
35.7, 428941
35.71, 428941
35.72, 428941
35.73, 428941
35.74, 428941
35.75, 428941
35.76, 428941
35.77, 428941
35.78, 428941
35.79, 428941
35.8, 428941
35.81, 428941
35.82, 428941
35.83, 428941
35.84, 428941
35.85, 428941
35.86, 428941
35.87, 428941
35.88, 428941
35.89, 428941
35.9, 428941
35.91, 428941
35.92, 428941
35.93, 428941
35.94, 428941
35.95, 428941
35.96, 428941
35.97, 428941
35.98, 428941
35.99, 428941
36.0, 428941
36.01, 428941
36.02, 428941
36.03, 428941
36.04, 428941
36.05, 428941
36.06, 428941
36.07, 428941
36.08, 428941
36.09, 428941
36.1, 428941
36.11, 428941
36.12, 428941
36.13, 428941
36.14, 428941
36.15, 428941
36.16, 428941
36.17, 428941
36.18, 428941
36.19, 428941
36.2, 428941
36.21, 428941
36.22, 428941
36.23, 428941
36.24, 428941
36.25, 428941
36.26, 428941
36.27, 428941
36.28, 428941
36.29, 428941
36.3, 428941
36.31, 428941
36.32, 428941
36.33, 428941
36.34, 428941
36.35, 428941
36.36, 428941
36.37, 428941
36.38, 428941
36.39, 428941
36.4, 428941
36.41, 428941
36.42, 428941
36.43, 428941
36.44, 428941
36.45, 428941
36.46, 428941
36.47, 428941
36.48, 428941
36.49, 428941
36.5, 428941
36.51, 428941
36.52, 428941
36.53, 428941
36.54, 428941
36.55, 428941
36.56, 428941
36.57, 428941
36.58, 428941
36.59, 428941
36.6, 428941
36.61, 428941
36.62, 428941
36.63, 428941
36.64, 428941
36.65, 428941
36.66, 428941
36.67, 428941
36.68, 428941
36.69, 428941
36.7, 428941
36.71, 428941
36.72, 428941
36.73, 428941
36.74, 428941
36.75, 428941
36.76, 428941
36.77, 428941
36.78, 428941
36.79, 428941
36.8, 428941
36.81, 428941
36.82, 428941
36.83, 428941
36.84, 428941
36.85, 428941
36.86, 428941
36.87, 428941
36.88, 428941
36.89, 428941
36.9, 428941
36.91, 428941
36.92, 428941
36.93, 428941
36.94, 428941
36.95, 428941
36.96, 428941
36.97, 428941
36.98, 428941
36.99, 428941
37.0, 428941
37.01, 428941
37.02, 428941
37.03, 428941
37.04, 428941
37.05, 428941
37.06, 428941
37.07, 428941
37.08, 428941
37.09, 428941
37.1, 428941
37.11, 428941
37.12, 428941
37.13, 428941
37.14, 428941
37.15, 428941
37.16, 428941
37.17, 428941
37.18, 428941
37.19, 428941
37.2, 428941
37.21, 428941
37.22, 428941
37.23, 428941
37.24, 428941
37.25, 428941
37.26, 428941
37.27, 428941
37.28, 428941
37.29, 428941
37.3, 428941
37.31, 428941
37.32, 428941
37.33, 428941
37.34, 428941
37.35, 428941
37.36, 428941
37.37, 428941
37.38, 428941
37.39, 428941
37.4, 428941
37.41, 428941
37.42, 428941
37.43, 428941
37.44, 428941
37.45, 428941
37.46, 428941
37.47, 428941
37.48, 428941
37.49, 428941
37.5, 428941
37.51, 428941
37.52, 428941
37.53, 428941
37.54, 428941
37.55, 428941
37.56, 428941
37.57, 428941
37.58, 428941
37.59, 428941
37.6, 428941
37.61, 428941
37.62, 428941
37.63, 428941
37.64, 428941
37.65, 428941
37.66, 428941
37.67, 428941
37.68, 428941
37.69, 428941
37.7, 428941
37.71, 428941
37.72, 428941
37.73, 428941
37.74, 428941
37.75, 428941
37.76, 428941
37.77, 428941
37.78, 428941
37.79, 428941
37.8, 428941
37.81, 428941
37.82, 428941
37.83, 428941
37.84, 428941
37.85, 428941
37.86, 428941
37.87, 428941
37.88, 428941
37.89, 428941
37.9, 428941
37.91, 428941
37.92, 428941
37.93, 428941
37.94, 428941
37.95, 428941
37.96, 428941
37.97, 428941
37.98, 428941
37.99, 428941
38.0, 428941
38.01, 428941
38.02, 428941
38.03, 428941
38.04, 428941
38.05, 428941
38.06, 428941
38.07, 428941
38.08, 428941
38.09, 428941
38.1, 428941
38.11, 428941
38.12, 428941
38.13, 428941
38.14, 428941
38.15, 428941
38.16, 428941
38.17, 428941
38.18, 428941
38.19, 428941
38.2, 428941
38.21, 428941
38.22, 428941
38.23, 428941
38.24, 428941
38.25, 428941
38.26, 428941
38.27, 428941
38.28, 428941
38.29, 428941
38.3, 428941
38.31, 428941
38.32, 428941
38.33, 428941
38.34, 428941
38.35, 428941
38.36, 428941
38.37, 428941
38.38, 428941
38.39, 428941
38.4, 428941
38.41, 428941
38.42, 428941
38.43, 428941
38.44, 428941
38.45, 428941
38.46, 428941
38.47, 428941
38.48, 428941
38.49, 428941
38.5, 428941
38.51, 428941
38.52, 428941
38.53, 428941
38.54, 428941
38.55, 428941
38.56, 428941
38.57, 428941
38.58, 428941
38.59, 428941
38.6, 428941
38.61, 428941
38.62, 428941
38.63, 428941
38.64, 428941
38.65, 428941
38.66, 428941
38.67, 428941
38.68, 428941
38.69, 428941
38.7, 428941
38.71, 428941
38.72, 428941
38.73, 428941
38.74, 428941
38.75, 428941
38.76, 428941
38.77, 428941
38.78, 428941
38.79, 428941
38.8, 428941
38.81, 428941
38.82, 428941
38.83, 428941
38.84, 428941
38.85, 428941
38.86, 428941
38.87, 428941
38.88, 428941
38.89, 428941
38.9, 428941
38.91, 428941
38.92, 428941
38.93, 428941
38.94, 428941
38.95, 428941
38.96, 428941
38.97, 428941
38.98, 428941
38.99, 428941
39.0, 428941
39.01, 428941
39.02, 428941
39.03, 428941
39.04, 428941
39.05, 428941
39.06, 428941
39.07, 428941
39.08, 428941
39.09, 428941
39.1, 428941
39.11, 428941
39.12, 428941
39.13, 428941
39.14, 428941
39.15, 428941
39.16, 428941
39.17, 428941
39.18, 428941
39.19, 428941
39.2, 428941
39.21, 428941
39.22, 428941
39.23, 428941
39.24, 428941
39.25, 428941
39.26, 428941
39.27, 428941
39.28, 428941
39.29, 428941
39.3, 428941
39.31, 428941
39.32, 428941
39.33, 428941
39.34, 428941
39.35, 428941
39.36, 428941
39.37, 428941
39.38, 428941
39.39, 428941
39.4, 428941
39.41, 428941
39.42, 428941
39.43, 428941
39.44, 428941
39.45, 428941
39.46, 428941
39.47, 428941
39.48, 428941
39.49, 428941
39.5, 428941
39.51, 428941
39.52, 428941
39.53, 428941
39.54, 428941
39.55, 428941
39.56, 428941
39.57, 428941
39.58, 428941
39.59, 428941
39.6, 428941
39.61, 428941
39.62, 428941
39.63, 428941
39.64, 428941
39.65, 428941
39.66, 428941
39.67, 428941
39.68, 428941
39.69, 428941
39.7, 428941
39.71, 428941
39.72, 428941
39.73, 428941
39.74, 428941
39.75, 428941
39.76, 428941
39.77, 428941
39.78, 428941
39.79, 428941
39.8, 428941
39.81, 428941
39.82, 428941
39.83, 428941
39.84, 428941
39.85, 428941
39.86, 428941
39.87, 428941
39.88, 428941
39.89, 428941
39.9, 428941
39.91, 428941
39.92, 428941
39.93, 428941
39.94, 428941
39.95, 428941
39.96, 428941
39.97, 428941
39.98, 428941
39.99, 428941
40.0, 428941
40.01, 428941
40.02, 428941
40.03, 428941
40.04, 428941
40.05, 428941
40.06, 428941
40.07, 428941
40.08, 428941
40.09, 428941
40.1, 428941
40.11, 428941
40.12, 428941
40.13, 428941
40.14, 428941
40.15, 428941
40.16, 428941
40.17, 428941
40.18, 428941
40.19, 428941
40.2, 428941
40.21, 428941
40.22, 428941
40.23, 428941
40.24, 428941
40.25, 428941
40.26, 428941
40.27, 428941
40.28, 428941
40.29, 428941
40.3, 428941
40.31, 428941
40.32, 428941
40.33, 428941
40.34, 428941
40.35, 428941
40.36, 428941
40.37, 428941
40.38, 428941
40.39, 428941
40.4, 428941
40.41, 428941
40.42, 428941
40.43, 428941
40.44, 428941
40.45, 428941
40.46, 428941
40.47, 428941
40.48, 428941
40.49, 428941
40.5, 428941
40.51, 428941
40.52, 428941
40.53, 428941
40.54, 428941
40.55, 428941
40.56, 428941
40.57, 428941
40.58, 428941
40.59, 428941
40.6, 428941
40.61, 428941
40.62, 428941
40.63, 428941
40.64, 428941
40.65, 428941
40.66, 428941
40.67, 428941
40.68, 428941
40.69, 428941
40.7, 428941
40.71, 428941
40.72, 428941
40.73, 428941
40.74, 428941
40.75, 428941
40.76, 428941
40.77, 428941
40.78, 428941
40.79, 428941
40.8, 428941
40.81, 428941
40.82, 428941
40.83, 428941
40.84, 428941
40.85, 428941
40.86, 428941
40.87, 428941
40.88, 428941
40.89, 428941
40.9, 428941
40.91, 428941
40.92, 428941
40.93, 428941
40.94, 428941
40.95, 428941
40.96, 428941
40.97, 428941
40.98, 428941
40.99, 428941
41.0, 428941
41.01, 428941
41.02, 428941
41.03, 428941
41.04, 428941
41.05, 428941
41.06, 428941
41.07, 428941
41.08, 428941
41.09, 428941
41.1, 428941
41.11, 428941
41.12, 428941
41.13, 428941
41.14, 428941
41.15, 428941
41.16, 428941
41.17, 428941
41.18, 428941
41.19, 428941
41.2, 428941
41.21, 428941
41.22, 428941
41.23, 428941
41.24, 428941
41.25, 428941
41.26, 428941
41.27, 428941
41.28, 428941
41.29, 428941
41.3, 428941
41.31, 428941
41.32, 428941
41.33, 428941
41.34, 428941
41.35, 428941
41.36, 428941
41.37, 428941
41.38, 428941
41.39, 428941
41.4, 428941
41.41, 428941
41.42, 428941
41.43, 428941
41.44, 428941
41.45, 428941
41.46, 428941
41.47, 428941
41.48, 428941
41.49, 428941
41.5, 428941
41.51, 428941
41.52, 428941
41.53, 428941
41.54, 428941
41.55, 428941
41.56, 428941
41.57, 428941
41.58, 428941
41.59, 428941
41.6, 428941
41.61, 428941
41.62, 428941
41.63, 428941
41.64, 428941
41.65, 428941
41.66, 428941
41.67, 428941
41.68, 428941
41.69, 428941
41.7, 428941
41.71, 428941
41.72, 428941
41.73, 428941
41.74, 428941
41.75, 428941
41.76, 428941
41.77, 428941
41.78, 428941
41.79, 428941
41.8, 428941
41.81, 428941
41.82, 428941
41.83, 428941
41.84, 428941
41.85, 428941
41.86, 428941
41.87, 428941
41.88, 428941
41.89, 428941
41.9, 428941
41.91, 428941
41.92, 428941
41.93, 428941
41.94, 428941
41.95, 428941
41.96, 428941
41.97, 428941
41.98, 428941
41.99, 428941
42.0, 428941
42.01, 428941
42.02, 428941
42.03, 428941
42.04, 428941
42.05, 428941
42.06, 428941
42.07, 428941
42.08, 428941
42.09, 428941
42.1, 428941
42.11, 428941
42.12, 428941
42.13, 428941
42.14, 428941
42.15, 428941
42.16, 428941
42.17, 428941
42.18, 428941
42.19, 428941
42.2, 428941
42.21, 428941
42.22, 428941
42.23, 428941
42.24, 428941
42.25, 428941
42.26, 428941
42.27, 428941
42.28, 428941
42.29, 428941
42.3, 428941
42.31, 428941
42.32, 428941
42.33, 428941
42.34, 428941
42.35, 428941
42.36, 428941
42.37, 428941
42.38, 428941
42.39, 428941
42.4, 428941
42.41, 428941
42.42, 428941
42.43, 428941
42.44, 428941
42.45, 428941
42.46, 428941
42.47, 428941
42.48, 428941
42.49, 428941
42.5, 428941
42.51, 428941
42.52, 428941
42.53, 428941
42.54, 428941
42.55, 428941
42.56, 428941
42.57, 428941
42.58, 428941
42.59, 428941
42.6, 428941
42.61, 428941
42.62, 428941
42.63, 428941
42.64, 428941
42.65, 428941
42.66, 428941
42.67, 428941
42.68, 428941
42.69, 428941
42.7, 428941
42.71, 428941
42.72, 428941
42.73, 428941
42.74, 428941
42.75, 428941
42.76, 428941
42.77, 428941
42.78, 428941
42.79, 428941
42.8, 428941
42.81, 428941
42.82, 428941
42.83, 428941
42.84, 428941
42.85, 428941
42.86, 428941
42.87, 428941
42.88, 428941
42.89, 428941
42.9, 428941
42.91, 428941
42.92, 428941
42.93, 428941
42.94, 428941
42.95, 428941
42.96, 428941
42.97, 428941
42.98, 428941
42.99, 428941
43.0, 428941
43.01, 428941
43.02, 428941
43.03, 428941
43.04, 428941
43.05, 428941
43.06, 428941
43.07, 428941
43.08, 428941
43.09, 428941
43.1, 428941
43.11, 428941
43.12, 428941
43.13, 428941
43.14, 428941
43.15, 428941
43.16, 428941
43.17, 428941
43.18, 428941
43.19, 428941
43.2, 428941
43.21, 428941
43.22, 428941
43.23, 428941
43.24, 428941
43.25, 428941
43.26, 428941
43.27, 428941
43.28, 428941
43.29, 428941
43.3, 428941
43.31, 428941
43.32, 428941
43.33, 428941
43.34, 428941
43.35, 428941
43.36, 428941
43.37, 428941
43.38, 428941
43.39, 428941
43.4, 428941
43.41, 428941
43.42, 428941
43.43, 428941
43.44, 428941
43.45, 428941
43.46, 428941
43.47, 428941
43.48, 428941
43.49, 428941
43.5, 428941
43.51, 428941
43.52, 428941
43.53, 428941
43.54, 428941
43.55, 428941
43.56, 428941
43.57, 428941
43.58, 428941
43.59, 428941
43.6, 428941
43.61, 428941
43.62, 428941
43.63, 428941
43.64, 428941
43.65, 428941
43.66, 428941
43.67, 428941
43.68, 428941
43.69, 428941
43.7, 428941
43.71, 428941
43.72, 428941
43.73, 428941
43.74, 428941
43.75, 428941
43.76, 428941
43.77, 428941
43.78, 428941
43.79, 428941
43.8, 428941
43.81, 428941
43.82, 428941
43.83, 428941
43.84, 428941
43.85, 428941
43.86, 428941
43.87, 428941
43.88, 428941
43.89, 428941
43.9, 428941
43.91, 428941
43.92, 428941
43.93, 428941
43.94, 428941
43.95, 428941
43.96, 428941
43.97, 428941
43.98, 428941
43.99, 428941
44.0, 428941
44.01, 428941
44.02, 428941
44.03, 428941
44.04, 428941
44.05, 428941
44.06, 428941
44.07, 428941
44.08, 428941
44.09, 428941
44.1, 428941
44.11, 428941
44.12, 428941
44.13, 428941
44.14, 428941
44.15, 428941
44.16, 428941
44.17, 428941
44.18, 428941
44.19, 428941
44.2, 428941
44.21, 428941
44.22, 428941
44.23, 428941
44.24, 428941
44.25, 428941
44.26, 428941
44.27, 428941
44.28, 428941
44.29, 428941
44.3, 428941
44.31, 428941
44.32, 428941
44.33, 428941
44.34, 428941
44.35, 428941
44.36, 428941
44.37, 428941
44.38, 428941
44.39, 428941
44.4, 428941
44.41, 428941
44.42, 428941
44.43, 428941
44.44, 428941
44.45, 428941
44.46, 428941
44.47, 428941
44.48, 428941
44.49, 428941
44.5, 428941
44.51, 428941
44.52, 428941
44.53, 428941
44.54, 428941
44.55, 428941
44.56, 428941
44.57, 428941
44.58, 428941
44.59, 428941
44.6, 428941
44.61, 428941
44.62, 428941
44.63, 428941
44.64, 428941
44.65, 428941
44.66, 428941
44.67, 428941
44.68, 428941
44.69, 428941
44.7, 428941
44.71, 428941
44.72, 428941
44.73, 428941
44.74, 428941
44.75, 428941
44.76, 428941
44.77, 428941
44.78, 428941
44.79, 428941
44.8, 428941
44.81, 428941
44.82, 428941
44.83, 428941
44.84, 428941
44.85, 428941
44.86, 428941
44.87, 428941
44.88, 428941
44.89, 428941
44.9, 428941
44.91, 428941
44.92, 428941
44.93, 428941
44.94, 428941
44.95, 428941
44.96, 428941
44.97, 428941
44.98, 428941
44.99, 428941
45.0, 428941
45.01, 428941
45.02, 428941
45.03, 428941
45.04, 428941
45.05, 428941
45.06, 428941
45.07, 428941
45.08, 428941
45.09, 428941
45.1, 428941
45.11, 428941
45.12, 428941
45.13, 428941
45.14, 428941
45.15, 428941
45.16, 428941
45.17, 428941
45.18, 428941
45.19, 428941
45.2, 422370
45.21, 422370
45.22, 422370
45.23, 422370
45.24, 422370
45.25, 422370
45.26, 422370
45.27, 422370
45.28, 422370
45.29, 422370
45.3, 422370
45.31, 422370
45.32, 422370
45.33, 422370
45.34, 422370
45.35, 422370
45.36, 422370
45.37, 422370
45.38, 422370
45.39, 422370
45.4, 422370
45.41, 422370
45.42, 422370
45.43, 422370
45.44, 422370
45.45, 422370
45.46, 422370
45.47, 422370
45.48, 422370
45.49, 422370
45.5, 422370
45.51, 422370
45.52, 422370
45.53, 422370
45.54, 422370
45.55, 422370
45.56, 422370
45.57, 422370
45.58, 422370
45.59, 422370
45.6, 422370
45.61, 422370
45.62, 422370
45.63, 422370
45.64, 422370
45.65, 422370
45.66, 422370
45.67, 422370
45.68, 422370
45.69, 422370
45.7, 422370
45.71, 422370
45.72, 422370
45.73, 422370
45.74, 422370
45.75, 422370
45.76, 422370
45.77, 422370
45.78, 422370
45.79, 422370
45.8, 422370
45.81, 422370
45.82, 422370
45.83, 422370
45.84, 422370
45.85, 422370
45.86, 422370
45.87, 422370
45.88, 422370
45.89, 422370
45.9, 422370
45.91, 422370
45.92, 422370
45.93, 422370
45.94, 422370
45.95, 422370
45.96, 422370
45.97, 422370
45.98, 422370
45.99, 422370
46.0, 422370
46.01, 422370
46.02, 422370
46.03, 422370
46.04, 422370
46.05, 422370
46.06, 422370
46.07, 422370
46.08, 422370
46.09, 422370
46.1, 422370
46.11, 422370
46.12, 422370
46.13, 422370
46.14, 422370
46.15, 422370
46.16, 422370
46.17, 422370
46.18, 422370
46.19, 422370
46.2, 422370
46.21, 422370
46.22, 422370
46.23, 422370
46.24, 422370
46.25, 422370
46.26, 422370
46.27, 422370
46.28, 422370
46.29, 422370
46.3, 422370
46.31, 422370
46.32, 422370
46.33, 422370
46.34, 422370
46.35, 422370
46.36, 422370
46.37, 422370
46.38, 422370
46.39, 422370
46.4, 422370
46.41, 422370
46.42, 422370
46.43, 422370
46.44, 422370
46.45, 422370
46.46, 422370
46.47, 422370
46.48, 422370
46.49, 422370
46.5, 422370
46.51, 422370
46.52, 422370
46.53, 422370
46.54, 422370
46.55, 422370
46.56, 422370
46.57, 422370
46.58, 422370
46.59, 422370
46.6, 422370
46.61, 422370
46.62, 422370
46.63, 422370
46.64, 422370
46.65, 422370
46.66, 422370
46.67, 422370
46.68, 422370
46.69, 422370
46.7, 422370
46.71, 422370
46.72, 422370
46.73, 422370
46.74, 422370
46.75, 422370
46.76, 422370
46.77, 422370
46.78, 422370
46.79, 422370
46.8, 422370
46.81, 422370
46.82, 422370
46.83, 422370
46.84, 422370
46.85, 422370
46.86, 422370
46.87, 422370
46.88, 422370
46.89, 422370
46.9, 422370
46.91, 422370
46.92, 422370
46.93, 422370
46.94, 422370
46.95, 422370
46.96, 422370
46.97, 422370
46.98, 422370
46.99, 422370
47.0, 422370
47.01, 422370
47.02, 422370
47.03, 422370
47.04, 422370
47.05, 422370
47.06, 422370
47.07, 422370
47.08, 422370
47.09, 422370
47.1, 422370
47.11, 422370
47.12, 422370
47.13, 422370
47.14, 422370
47.15, 422370
47.16, 422370
47.17, 422370
47.18, 422370
47.19, 422370
47.2, 422370
47.21, 422370
47.22, 422370
47.23, 422370
47.24, 422370
47.25, 422370
47.26, 422370
47.27, 422370
47.28, 422370
47.29, 422370
47.3, 422370
47.31, 422370
47.32, 422370
47.33, 422370
47.34, 422370
47.35, 422370
47.36, 422370
47.37, 422370
47.38, 422370
47.39, 422370
47.4, 422370
47.41, 422370
47.42, 422370
47.43, 422370
47.44, 422370
47.45, 422370
47.46, 422370
47.47, 422370
47.48, 422370
47.49, 422370
47.5, 422370
47.51, 422370
47.52, 422370
47.53, 422370
47.54, 422370
47.55, 422370
47.56, 422370
47.57, 422370
47.58, 422370
47.59, 422370
47.6, 422370
47.61, 422370
47.62, 422370
47.63, 422370
47.64, 422370
47.65, 422370
47.66, 422370
47.67, 422370
47.68, 422370
47.69, 422370
47.7, 422370
47.71, 422370
47.72, 422370
47.73, 422370
47.74, 422370
47.75, 422370
47.76, 422370
47.77, 422370
47.78, 422370
47.79, 422370
47.8, 422370
47.81, 422370
47.82, 422370
47.83, 422370
47.84, 422370
47.85, 422370
47.86, 422370
47.87, 422370
47.88, 422370
47.89, 422370
47.9, 422370
47.91, 422370
47.92, 422370
47.93, 422370
47.94, 422370
47.95, 422370
47.96, 422370
47.97, 422370
47.98, 422370
47.99, 422370
48.0, 422370
48.01, 422370
48.02, 422370
48.03, 422370
48.04, 422370
48.05, 422370
48.06, 422370
48.07, 422370
48.08, 422370
48.09, 422370
48.1, 422370
48.11, 422370
48.12, 422370
48.13, 422370
48.14, 422370
48.15, 422370
48.16, 422370
48.17, 422370
48.18, 422370
48.19, 422370
48.2, 422370
48.21, 422370
48.22, 422370
48.23, 422370
48.24, 422370
48.25, 422370
48.26, 422370
48.27, 422370
48.28, 422370
48.29, 422370
48.3, 422370
48.31, 422370
48.32, 422370
48.33, 422370
48.34, 422370
48.35, 422370
48.36, 422370
48.37, 422370
48.38, 422370
48.39, 422370
48.4, 422370
48.41, 422370
48.42, 422370
48.43, 422370
48.44, 422370
48.45, 422370
48.46, 422370
48.47, 422370
48.48, 422370
48.49, 422370
48.5, 422370
48.51, 422370
48.52, 422370
48.53, 422370
48.54, 422370
48.55, 422370
48.56, 422370
48.57, 422370
48.58, 422370
48.59, 422370
48.6, 422370
48.61, 422370
48.62, 422370
48.63, 422370
48.64, 422370
48.65, 422370
48.66, 422370
48.67, 422370
48.68, 422370
48.69, 422370
48.7, 422370
48.71, 422370
48.72, 422370
48.73, 422370
48.74, 422370
48.75, 422370
48.76, 422370
48.77, 422370
48.78, 422370
48.79, 422370
48.8, 422370
48.81, 422370
48.82, 422370
48.83, 422370
48.84, 422370
48.85, 422370
48.86, 422370
48.87, 422370
48.88, 422370
48.89, 422370
48.9, 422370
48.91, 422370
48.92, 422370
48.93, 422370
48.94, 422370
48.95, 422370
48.96, 422370
48.97, 422370
48.98, 422370
48.99, 422370
49.0, 422370
49.01, 422370
49.02, 422370
49.03, 422370
49.04, 422370
49.05, 422370
49.06, 422370
49.07, 422370
49.08, 422370
49.09, 422370
49.1, 422370
49.11, 422370
49.12, 422370
49.13, 422370
49.14, 422370
49.15, 422370
49.16, 422370
49.17, 422370
49.18, 422370
49.19, 422370
49.2, 422370
49.21, 422370
49.22, 422370
49.23, 422370
49.24, 422370
49.25, 422370
49.26, 422370
49.27, 422370
49.28, 422370
49.29, 422370
49.3, 422370
49.31, 422370
49.32, 422370
49.33, 422370
49.34, 422370
49.35, 422370
49.36, 422370
49.37, 422370
49.38, 422370
49.39, 422370
49.4, 422370
49.41, 422370
49.42, 422370
49.43, 422370
49.44, 422370
49.45, 422370
49.46, 422370
49.47, 422370
49.48, 422370
49.49, 422370
49.5, 422370
49.51, 422370
49.52, 422370
49.53, 422370
49.54, 422370
49.55, 422370
49.56, 422370
49.57, 422370
49.58, 422370
49.59, 422370
49.6, 422370
49.61, 422370
49.62, 422370
49.63, 422370
49.64, 422370
49.65, 422370
49.66, 422370
49.67, 422370
49.68, 422370
49.69, 422370
49.7, 422370
49.71, 422370
49.72, 422370
49.73, 422370
49.74, 422370
49.75, 422370
49.76, 422370
49.77, 422370
49.78, 422370
49.79, 422370
49.8, 422370
49.81, 422370
49.82, 422370
49.83, 422370
49.84, 422370
49.85, 422370
49.86, 422370
49.87, 422370
49.88, 422370
49.89, 422370
49.9, 422370
49.91, 422370
49.92, 422370
49.93, 422370
49.94, 422370
49.95, 422370
49.96, 422370
49.97, 422370
49.98, 422370
49.99, 422370
50.0, 422370
50.01, 422370
50.02, 422370
50.03, 422370
50.04, 422370
50.05, 422370
50.06, 422370
50.07, 422370
50.08, 422370
50.09, 422370
50.1, 422370
50.11, 422370
50.12, 422370
50.13, 422370
50.14, 422370
50.15, 422370
50.16, 422370
50.17, 422370
50.18, 422370
50.19, 422370
50.2, 422370
50.21, 422370
50.22, 422370
50.23, 422370
50.24, 422370
50.25, 422370
50.26, 422370
50.27, 422370
50.28, 422370
50.29, 422370
50.3, 422370
50.31, 422370
50.32, 422370
50.33, 422370
50.34, 422370
50.35, 422370
50.36, 422370
50.37, 422370
50.38, 422370
50.39, 422370
50.4, 422370
50.41, 422370
50.42, 422370
50.43, 422370
50.44, 422370
50.45, 422370
50.46, 422370
50.47, 422370
50.48, 422370
50.49, 422370
50.5, 422370
50.51, 422370
50.52, 422370
50.53, 422370
50.54, 422370
50.55, 422370
50.56, 422370
50.57, 422370
50.58, 422370
50.59, 422370
50.6, 422370
50.61, 422370
50.62, 422370
50.63, 422370
50.64, 422370
50.65, 422370
50.66, 422370
50.67, 422370
50.68, 422370
50.69, 422370
50.7, 422370
50.71, 422370
50.72, 422370
50.73, 422370
50.74, 422370
50.75, 422370
50.76, 422370
50.77, 422370
50.78, 422370
50.79, 422370
50.8, 422370
50.81, 422370
50.82, 422370
50.83, 422370
50.84, 422370
50.85, 422370
50.86, 422370
50.87, 422370
50.88, 422370
50.89, 422370
50.9, 422370
50.91, 422370
50.92, 422370
50.93, 422370
50.94, 422370
50.95, 422370
50.96, 422370
50.97, 422370
50.98, 422370
50.99, 422370
51.0, 422370
51.01, 422370
51.02, 422370
51.03, 422370
51.04, 422370
51.05, 422370
51.06, 422370
51.07, 422370
51.08, 422370
51.09, 422370
51.1, 422370
51.11, 422370
51.12, 422370
51.13, 422370
51.14, 422370
51.15, 422370
51.16, 422370
51.17, 422370
51.18, 422370
51.19, 422370
51.2, 422370
51.21, 422370
51.22, 422370
51.23, 422370
51.24, 422370
51.25, 422370
51.26, 422370
51.27, 422370
51.28, 422370
51.29, 422370
51.3, 422370
51.31, 422370
51.32, 422370
51.33, 422370
51.34, 422370
51.35, 422370
51.36, 422370
51.37, 422370
51.38, 422370
51.39, 422370
51.4, 422370
51.41, 422370
51.42, 422370
51.43, 422370
51.44, 422370
51.45, 422370
51.46, 422370
51.47, 422370
51.48, 422370
51.49, 422370
51.5, 422370
51.51, 422370
51.52, 422370
51.53, 422370
51.54, 422370
51.55, 422370
51.56, 422370
51.57, 422370
51.58, 422370
51.59, 422370
51.6, 422370
51.61, 422370
51.62, 422370
51.63, 422370
51.64, 422370
51.65, 422370
51.66, 422370
51.67, 422370
51.68, 422370
51.69, 422370
51.7, 422370
51.71, 422370
51.72, 422370
51.73, 422370
51.74, 422370
51.75, 422370
51.76, 422370
51.77, 422370
51.78, 422370
51.79, 422370
51.8, 422370
51.81, 422370
51.82, 422370
51.83, 422370
51.84, 422370
51.85, 422370
51.86, 422370
51.87, 422370
51.88, 422370
51.89, 422370
51.9, 422370
51.91, 422370
51.92, 422370
51.93, 422370
51.94, 422370
51.95, 422370
51.96, 422370
51.97, 422370
51.98, 422370
51.99, 422370
52.0, 422370
52.01, 422370
52.02, 422370
52.03, 422370
52.04, 422370
52.05, 422370
52.06, 422370
52.07, 422370
52.08, 422370
52.09, 422370
52.1, 422370
52.11, 422370
52.12, 422370
52.13, 422370
52.14, 422370
52.15, 422370
52.16, 422370
52.17, 422370
52.18, 422370
52.19, 422370
52.2, 422370
52.21, 422370
52.22, 422370
52.23, 422370
52.24, 422370
52.25, 422370
52.26, 422370
52.27, 422370
52.28, 422370
52.29, 422370
52.3, 422370
52.31, 422370
52.32, 422370
52.33, 422370
52.34, 422370
52.35, 422370
52.36, 422370
52.37, 422370
52.38, 422370
52.39, 422370
52.4, 422370
52.41, 422370
52.42, 422370
52.43, 422370
52.44, 422370
52.45, 422370
52.46, 422370
52.47, 422370
52.48, 422370
52.49, 422370
52.5, 422370
52.51, 422370
52.52, 422370
52.53, 422370
52.54, 422370
52.55, 422370
52.56, 422370
52.57, 422370
52.58, 422370
52.59, 422370
52.6, 422370
52.61, 422370
52.62, 422370
52.63, 422370
52.64, 422370
52.65, 422370
52.66, 422370
52.67, 422370
52.68, 422370
52.69, 422370
52.7, 422370
52.71, 422370
52.72, 422370
52.73, 422370
52.74, 422370
52.75, 422370
52.76, 422370
52.77, 422370
52.78, 422370
52.79, 422370
52.8, 422370
52.81, 422370
52.82, 422370
52.83, 422370
52.84, 422370
52.85, 422370
52.86, 422370
52.87, 422370
52.88, 422370
52.89, 422370
52.9, 422370
52.91, 422370
52.92, 422370
52.93, 422370
52.94, 422370
52.95, 422370
52.96, 422370
52.97, 422370
52.98, 422370
52.99, 422370
53.0, 422370
53.01, 422370
53.02, 422370
53.03, 422370
53.04, 422370
53.05, 422370
53.06, 422370
53.07, 422370
53.08, 422370
53.09, 422370
53.1, 422370
53.11, 422370
53.12, 422370
53.13, 422370
53.14, 422370
53.15, 422370
53.16, 422370
53.17, 422370
53.18, 422370
53.19, 422370
53.2, 422370
53.21, 422370
53.22, 422370
53.23, 422370
53.24, 422370
53.25, 422370
53.26, 422370
53.27, 422370
53.28, 422370
53.29, 422370
53.3, 422370
53.31, 422370
53.32, 422370
53.33, 422370
53.34, 422370
53.35, 422370
53.36, 422370
53.37, 422370
53.38, 422370
53.39, 422370
53.4, 422370
53.41, 422370
53.42, 422370
53.43, 422370
53.44, 422370
53.45, 422370
53.46, 422370
53.47, 422370
53.48, 422370
53.49, 422370
53.5, 422370
53.51, 422370
53.52, 422370
53.53, 422370
53.54, 422370
53.55, 422370
53.56, 422370
53.57, 422370
53.58, 422370
53.59, 422370
53.6, 422370
53.61, 422370
53.62, 422370
53.63, 422370
53.64, 422370
53.65, 422370
53.66, 422370
53.67, 422370
53.68, 422370
53.69, 422370
53.7, 422370
53.71, 422370
53.72, 422370
53.73, 422370
53.74, 422370
53.75, 422370
53.76, 422370
53.77, 422370
53.78, 422370
53.79, 422370
53.8, 422370
53.81, 422370
53.82, 422370
53.83, 422370
53.84, 422370
53.85, 422370
53.86, 422370
53.87, 422370
53.88, 422370
53.89, 422370
53.9, 422370
53.91, 422370
53.92, 422370
53.93, 422370
53.94, 422370
53.95, 422370
53.96, 422370
53.97, 422370
53.98, 422370
53.99, 422370
54.0, 422370
54.01, 422370
54.02, 422370
54.03, 422370
54.04, 422370
54.05, 422370
54.06, 422370
54.07, 422370
54.08, 422370
54.09, 422370
54.1, 422370
54.11, 422370
54.12, 422370
54.13, 422370
54.14, 422370
54.15, 422370
54.16, 422370
54.17, 422370
54.18, 422370
54.19, 422370
54.2, 422370
54.21, 422370
54.22, 422370
54.23, 422370
54.24, 422370
54.25, 422370
54.26, 422370
54.27, 422370
54.28, 422370
54.29, 422370
54.3, 422370
54.31, 422370
54.32, 422370
54.33, 422370
54.34, 422370
54.35, 422370
54.36, 422370
54.37, 422370
54.38, 422370
54.39, 422370
54.4, 422370
54.41, 422370
54.42, 422370
54.43, 422370
54.44, 422370
54.45, 422370
54.46, 422370
54.47, 422370
54.48, 422370
54.49, 422370
54.5, 422370
54.51, 422370
54.52, 422370
54.53, 422370
54.54, 422370
54.55, 422370
54.56, 422370
54.57, 422370
54.58, 422370
54.59, 422370
54.6, 422370
54.61, 422370
54.62, 422370
54.63, 422370
54.64, 422370
54.65, 422370
54.66, 422370
54.67, 422370
54.68, 422370
54.69, 422370
54.7, 422370
54.71, 422370
54.72, 422370
54.73, 422370
54.74, 422370
54.75, 422370
54.76, 422370
54.77, 422370
54.78, 422370
54.79, 422370
54.8, 422370
54.81, 422370
54.82, 422370
54.83, 422370
54.84, 422370
54.85, 422370
54.86, 422370
54.87, 422370
54.88, 422370
54.89, 422370
54.9, 422370
54.91, 422370
54.92, 422370
54.93, 422370
54.94, 422370
54.95, 422370
54.96, 422370
54.97, 422370
54.98, 422370
54.99, 422370
55.0, 422370
55.01, 422370
55.02, 422370
55.03, 422370
55.04, 422370
55.05, 422370
55.06, 422370
55.07, 422370
55.08, 422370
55.09, 422370
55.1, 422370
55.11, 422370
55.12, 422370
55.13, 422370
55.14, 422370
55.15, 422370
55.16, 422370
55.17, 422370
55.18, 422370
55.19, 422370
55.2, 422370
55.21, 422370
55.22, 422370
55.23, 422370
55.24, 422370
55.25, 422370
55.26, 422370
55.27, 422370
55.28, 422370
55.29, 422370
55.3, 422370
55.31, 422370
55.32, 422370
55.33, 422370
55.34, 422370
55.35, 422370
55.36, 422370
55.37, 422370
55.38, 422370
55.39, 422370
55.4, 422370
55.41, 422370
55.42, 422370
55.43, 422370
55.44, 422370
55.45, 422370
55.46, 422370
55.47, 422370
55.48, 422370
55.49, 422370
55.5, 422370
55.51, 422370
55.52, 422370
55.53, 422370
55.54, 422370
55.55, 422370
55.56, 422370
55.57, 422370
55.58, 422370
55.59, 422370
55.6, 422370
55.61, 422370
55.62, 422370
55.63, 422370
55.64, 422370
55.65, 422370
55.66, 422370
55.67, 422370
55.68, 422370
55.69, 422370
55.7, 422370
55.71, 422370
55.72, 422370
55.73, 422370
55.74, 422370
55.75, 422370
55.76, 422370
55.77, 422370
55.78, 422370
55.79, 422370
55.8, 422370
55.81, 422370
55.82, 422370
55.83, 422370
55.84, 422370
55.85, 422370
55.86, 422370
55.87, 422370
55.88, 422370
55.89, 422370
55.9, 422370
55.91, 422370
55.92, 422370
55.93, 422370
55.94, 422370
55.95, 422370
55.96, 422370
55.97, 422370
55.98, 422370
55.99, 422370
56.0, 422370
56.01, 422370
56.02, 422370
56.03, 422370
56.04, 422370
56.05, 422370
56.06, 422370
56.07, 422370
56.08, 422370
56.09, 422370
56.1, 422370
56.11, 422370
56.12, 422370
56.13, 422370
56.14, 422370
56.15, 422370
56.16, 422370
56.17, 422370
56.18, 422370
56.19, 422370
56.2, 422370
56.21, 422370
56.22, 422370
56.23, 422370
56.24, 422370
56.25, 422370
56.26, 422370
56.27, 422370
56.28, 422370
56.29, 422370
56.3, 422370
56.31, 422370
56.32, 422370
56.33, 422370
56.34, 422370
56.35, 422370
56.36, 422370
56.37, 422370
56.38, 422370
56.39, 422370
56.4, 422370
56.41, 422370
56.42, 422370
56.43, 422370
56.44, 422370
56.45, 422370
56.46, 422370
56.47, 422370
56.48, 422370
56.49, 422370
56.5, 422370
56.51, 422370
56.52, 422370
56.53, 422370
56.54, 422370
56.55, 422370
56.56, 422370
56.57, 422370
56.58, 422370
56.59, 422370
56.6, 422370
56.61, 422370
56.62, 422370
56.63, 422370
56.64, 422370
56.65, 422370
56.66, 422370
56.67, 422370
56.68, 422370
56.69, 422370
56.7, 422370
56.71, 422370
56.72, 422370
56.73, 422370
56.74, 422370
56.75, 422370
56.76, 422370
56.77, 422370
56.78, 422370
56.79, 422370
56.8, 422370
56.81, 422370
56.82, 422370
56.83, 422370
56.84, 422370
56.85, 422370
56.86, 422370
56.87, 422370
56.88, 422370
56.89, 422370
56.9, 422370
56.91, 422370
56.92, 422370
56.93, 422370
56.94, 422370
56.95, 422370
56.96, 422370
56.97, 422370
56.98, 422370
56.99, 422370
57.0, 422370
57.01, 422370
57.02, 422370
57.03, 422370
57.04, 422370
57.05, 422370
57.06, 422370
57.07, 422370
57.08, 422370
57.09, 422370
57.1, 422370
57.11, 422370
57.12, 422370
57.13, 422370
57.14, 422370
57.15, 422370
57.16, 422370
57.17, 422370
57.18, 422370
57.19, 422370
57.2, 422370
57.21, 422370
57.22, 422370
57.23, 422370
57.24, 422370
57.25, 422370
57.26, 422370
57.27, 422370
57.28, 422370
57.29, 422370
57.3, 422370
57.31, 422370
57.32, 422370
57.33, 422370
57.34, 422370
57.35, 422370
57.36, 422370
57.37, 422370
57.38, 422370
57.39, 422370
57.4, 422370
57.41, 422370
57.42, 422370
57.43, 422370
57.44, 422370
57.45, 422370
57.46, 422370
57.47, 422370
57.48, 422370
57.49, 422370
57.5, 422370
57.51, 422370
57.52, 422370
57.53, 422370
57.54, 422370
57.55, 422370
57.56, 422370
57.57, 422370
57.58, 422370
57.59, 422370
57.6, 422370
57.61, 422370
57.62, 422370
57.63, 422370
57.64, 422370
57.65, 422370
57.66, 422370
57.67, 422370
57.68, 422370
57.69, 422370
57.7, 422370
57.71, 422370
57.72, 422370
57.73, 422370
57.74, 422370
57.75, 422370
57.76, 422370
57.77, 422370
57.78, 422370
57.79, 422370
57.8, 422370
57.81, 422370
57.82, 422370
57.83, 422370
57.84, 422370
57.85, 422370
57.86, 422370
57.87, 422370
57.88, 422370
57.89, 422370
57.9, 422370
57.91, 422370
57.92, 422370
57.93, 422370
57.94, 422370
57.95, 422370
57.96, 422370
57.97, 422370
57.98, 422370
57.99, 422370
58.0, 422370
58.01, 422370
58.02, 422370
58.03, 422370
58.04, 422370
58.05, 422370
58.06, 422370
58.07, 422370
58.08, 422370
58.09, 422370
58.1, 422370
58.11, 422370
58.12, 422370
58.13, 422370
58.14, 422370
58.15, 422370
58.16, 422370
58.17, 422370
58.18, 422370
58.19, 422370
58.2, 422370
58.21, 422370
58.22, 422370
58.23, 422370
58.24, 422370
58.25, 422370
58.26, 422370
58.27, 422370
58.28, 422370
58.29, 422370
58.3, 422370
58.31, 422370
58.32, 422370
58.33, 422370
58.34, 422370
58.35, 422370
58.36, 422370
58.37, 422370
58.38, 422370
58.39, 422370
58.4, 422370
58.41, 422370
58.42, 422370
58.43, 422370
58.44, 422370
58.45, 422370
58.46, 422370
58.47, 422370
58.48, 422370
58.49, 422370
58.5, 422370
58.51, 422370
58.52, 422370
58.53, 422370
58.54, 422370
58.55, 422370
58.56, 422370
58.57, 422370
58.58, 422370
58.59, 422370
58.6, 422370
58.61, 422370
58.62, 422370
58.63, 422370
58.64, 422370
58.65, 422370
58.66, 422370
58.67, 422370
58.68, 422370
58.69, 422370
58.7, 422370
58.71, 422370
58.72, 422370
58.73, 422370
58.74, 422370
58.75, 422370
58.76, 422370
58.77, 422370
58.78, 422370
58.79, 422370
58.8, 422370
58.81, 422370
58.82, 422370
58.83, 422370
58.84, 422370
58.85, 422370
58.86, 422370
58.87, 422370
58.88, 422370
58.89, 422370
58.9, 422370
58.91, 422370
58.92, 422370
58.93, 422370
58.94, 422370
58.95, 422370
58.96, 422370
58.97, 422370
58.98, 422370
58.99, 422370
59.0, 422370
59.01, 422370
59.02, 422370
59.03, 422370
59.04, 422370
59.05, 422370
59.06, 422370
59.07, 422370
59.08, 422370
59.09, 422370
59.1, 422370
59.11, 422370
59.12, 422370
59.13, 422370
59.14, 422370
59.15, 422370
59.16, 422370
59.17, 422370
59.18, 422370
59.19, 422370
59.2, 422370
59.21, 422370
59.22, 422370
59.23, 422370
59.24, 422370
59.25, 422370
59.26, 422370
59.27, 422370
59.28, 422370
59.29, 422370
59.3, 422370
59.31, 422370
59.32, 422370
59.33, 422370
59.34, 422370
59.35, 422370
59.36, 422370
59.37, 422370
59.38, 422370
59.39, 422370
59.4, 422370
59.41, 422370
59.42, 422370
59.43, 422370
59.44, 422370
59.45, 422370
59.46, 422370
59.47, 422370
59.48, 422370
59.49, 422370
59.5, 422370
59.51, 422370
59.52, 422370
59.53, 422370
59.54, 422370
59.55, 422370
59.56, 422370
59.57, 422370
59.58, 422370
59.59, 422370
59.6, 422370
59.61, 422370
59.62, 422370
59.63, 422370
59.64, 422370
59.65, 422370
59.66, 422370
59.67, 422370
59.68, 422370
59.69, 422370
59.7, 422370
59.71, 422370
59.72, 422370
59.73, 422370
59.74, 422370
59.75, 422370
59.76, 422370
59.77, 422370
59.78, 422370
59.79, 422370
59.8, 422370
59.81, 422370
59.82, 422370
59.83, 422370
59.84, 422370
59.85, 422370
59.86, 422370
59.87, 422370
59.88, 422370
59.89, 422370
59.9, 422370
59.91, 422370
59.92, 422370
59.93, 422370
59.94, 422370
59.95, 422370
59.96, 422370
59.97, 422370
59.98, 422370
59.99, 422370
