0.0, 489064
0.01, 487276
0.02, 487276
0.03, 486214
0.04, 478471
0.05, 478471
0.06, 467181
0.07, 467181
0.08, 467181
0.09, 467181
0.1, 467181
0.11, 467181
0.12, 467181
0.13, 467181
0.14, 467181
0.15, 467181
0.16, 467181
0.17, 467181
0.18, 467181
0.19, 467181
0.2, 467181
0.21, 467181
0.22, 467181
0.23, 467181
0.24, 467181
0.25, 467181
0.26, 467181
0.27, 467181
0.28, 467181
0.29, 467181
0.3, 467181
0.31, 467181
0.32, 467181
0.33, 467181
0.34, 467181
0.35, 467181
0.36, 467181
0.37, 467181
0.38, 467181
0.39, 467181
0.4, 467181
0.41, 467181
0.42, 467181
0.43, 467181
0.44, 467181
0.45, 467181
0.46, 467181
0.47, 462561
0.48, 462561
0.49, 462561
0.5, 462561
0.51, 462561
0.52, 462561
0.53, 462561
0.54, 462561
0.55, 462561
0.56, 462561
0.57, 462561
0.58, 462561
0.59, 462561
0.6, 462561
0.61, 462561
0.62, 456528
0.63, 456528
0.64, 456528
0.65, 456528
0.66, 456528
0.67, 456528
0.68, 456528
0.69, 456528
0.7, 456528
0.71, 456528
0.72, 456528
0.73, 456528
0.74, 456528
0.75, 456528
0.76, 456528
0.77, 456528
0.78, 456528
0.79, 456528
0.8, 456528
0.81, 456528
0.82, 456528
0.83, 456528
0.84, 456528
0.85, 456528
0.86, 456528
0.87, 456528
0.88, 456528
0.89, 456528
0.9, 456528
0.91, 456528
0.92, 456528
0.93, 456528
0.94, 456528
0.95, 456528
0.96, 456528
0.97, 456528
0.98, 456528
0.99, 456528
1.0, 456528
1.01, 456528
1.02, 456528
1.03, 456528
1.04, 456528
1.05, 456528
1.06, 456528
1.07, 456528
1.08, 456528
1.09, 456528
1.1, 456528
1.11, 456528
1.12, 456528
1.13, 456528
1.14, 456528
1.15, 456528
1.16, 456528
1.17, 456528
1.18, 456528
1.19, 456528
1.2, 456528
1.21, 456528
1.22, 456528
1.23, 456528
1.24, 456528
1.25, 456528
1.26, 456528
1.27, 456528
1.28, 456528
1.29, 456528
1.3, 456528
1.31, 456528
1.32, 456528
1.33, 456528
1.34, 456528
1.35, 456528
1.36, 456528
1.37, 456528
1.38, 456528
1.39, 456528
1.4, 456528
1.41, 456528
1.42, 456528
1.43, 456528
1.44, 447331
1.45, 447331
1.46, 447331
1.47, 447331
1.48, 447331
1.49, 447331
1.5, 447331
1.51, 447331
1.52, 447331
1.53, 447331
1.54, 447331
1.55, 447331
1.56, 447331
1.57, 447331
1.58, 447331
1.59, 447331
1.6, 447331
1.61, 447331
1.62, 447331
1.63, 447331
1.64, 447331
1.65, 447331
1.66, 447331
1.67, 447331
1.68, 447331
1.69, 447331
1.7, 447331
1.71, 447331
1.72, 447331
1.73, 447331
1.74, 447331
1.75, 447331
1.76, 447331
1.77, 447331
1.78, 447331
1.79, 447331
1.8, 447331
1.81, 447331
1.82, 447331
1.83, 447331
1.84, 447331
1.85, 447331
1.86, 447331
1.87, 447331
1.88, 447331
1.89, 447331
1.9, 447331
1.91, 447331
1.92, 447331
1.93, 447331
1.94, 447331
1.95, 447331
1.96, 447331
1.97, 447331
1.98, 447331
1.99, 447331
2.0, 447331
2.01, 447331
2.02, 447331
2.03, 447331
2.04, 447331
2.05, 447331
2.06, 447331
2.07, 447331
2.08, 447331
2.09, 447331
2.1, 447331
2.11, 447331
2.12, 447331
2.13, 447331
2.14, 447331
2.15, 447331
2.16, 447331
2.17, 447331
2.18, 447331
2.19, 447331
2.2, 447331
2.21, 447331
2.22, 447331
2.23, 447331
2.24, 447331
2.25, 447331
2.26, 447331
2.27, 447331
2.28, 447331
2.29, 447331
2.3, 447331
2.31, 447331
2.32, 447331
2.33, 447331
2.34, 447331
2.35, 447331
2.36, 447331
2.37, 447331
2.38, 447331
2.39, 447331
2.4, 447331
2.41, 447331
2.42, 447331
2.43, 447331
2.44, 447331
2.45, 447331
2.46, 447331
2.47, 447331
2.48, 447331
2.49, 447331
2.5, 447331
2.51, 447331
2.52, 447331
2.53, 447331
2.54, 447331
2.55, 447331
2.56, 447331
2.57, 447331
2.58, 447331
2.59, 447331
2.6, 447331
2.61, 447331
2.62, 447331
2.63, 447331
2.64, 447331
2.65, 447331
2.66, 447331
2.67, 447331
2.68, 447331
2.69, 447331
2.7, 447331
2.71, 447331
2.72, 447331
2.73, 447331
2.74, 447331
2.75, 447331
2.76, 447331
2.77, 447331
2.78, 447331
2.79, 447331
2.8, 447331
2.81, 447331
2.82, 447331
2.83, 447331
2.84, 447331
2.85, 447331
2.86, 447331
2.87, 447331
2.88, 447331
2.89, 447331
2.9, 447331
2.91, 447331
2.92, 447331
2.93, 447331
2.94, 447331
2.95, 447331
2.96, 447331
2.97, 447331
2.98, 447331
2.99, 447331
3.0, 447331
3.01, 447331
3.02, 447331
3.03, 447331
3.04, 447331
3.05, 447331
3.06, 447331
3.07, 447331
3.08, 447331
3.09, 447331
3.1, 447331
3.11, 447331
3.12, 447331
3.13, 447331
3.14, 447331
3.15, 447331
3.16, 447331
3.17, 447331
3.18, 447331
3.19, 447331
3.2, 447331
3.21, 447331
3.22, 447331
3.23, 447331
3.24, 447331
3.25, 447331
3.26, 447331
3.27, 447331
3.28, 447331
3.29, 447331
3.3, 447331
3.31, 447331
3.32, 447331
3.33, 447331
3.34, 447331
3.35, 447331
3.36, 447331
3.37, 447331
3.38, 447331
3.39, 447331
3.4, 447331
3.41, 447331
3.42, 447331
3.43, 447331
3.44, 447331
3.45, 447331
3.46, 447331
3.47, 447331
3.48, 447331
3.49, 447331
3.5, 447331
3.51, 447331
3.52, 447331
3.53, 447331
3.54, 447331
3.55, 447331
3.56, 447331
3.57, 447331
3.58, 447331
3.59, 447331
3.6, 447331
3.61, 447331
3.62, 447331
3.63, 447331
3.64, 447331
3.65, 447331
3.66, 447331
3.67, 447331
3.68, 447331
3.69, 447331
3.7, 447331
3.71, 447331
3.72, 447331
3.73, 447331
3.74, 447331
3.75, 447331
3.76, 447331
3.77, 447331
3.78, 447331
3.79, 447331
3.8, 447331
3.81, 447331
3.82, 447331
3.83, 447331
3.84, 447331
3.85, 447331
3.86, 447331
3.87, 447331
3.88, 447331
3.89, 447331
3.9, 447331
3.91, 447331
3.92, 447331
3.93, 447331
3.94, 447331
3.95, 447331
3.96, 447331
3.97, 447331
3.98, 447331
3.99, 447331
4.0, 447331
4.01, 447331
4.02, 447331
4.03, 447331
4.04, 447331
4.05, 447331
4.06, 447331
4.07, 447331
4.08, 447331
4.09, 447331
4.1, 447331
4.11, 447331
4.12, 447331
4.13, 447331
4.14, 447331
4.15, 447331
4.16, 447331
4.17, 447331
4.18, 447331
4.19, 447331
4.2, 447331
4.21, 447331
4.22, 447331
4.23, 447331
4.24, 447331
4.25, 447331
4.26, 447331
4.27, 447331
4.28, 447331
4.29, 447331
4.3, 447331
4.31, 447331
4.32, 447331
4.33, 447331
4.34, 447331
4.35, 447331
4.36, 447331
4.37, 447331
4.38, 447331
4.39, 447331
4.4, 447331
4.41, 447331
4.42, 447331
4.43, 447331
4.44, 447331
4.45, 447331
4.46, 447331
4.47, 447331
4.48, 447331
4.49, 447331
4.5, 447331
4.51, 447331
4.52, 447331
4.53, 447331
4.54, 447331
4.55, 447331
4.56, 447331
4.57, 447331
4.58, 447331
4.59, 447331
4.6, 447331
4.61, 447331
4.62, 447331
4.63, 447331
4.64, 447331
4.65, 447331
4.66, 447331
4.67, 447331
4.68, 447331
4.69, 447331
4.7, 447331
4.71, 447331
4.72, 447331
4.73, 447331
4.74, 447331
4.75, 447331
4.76, 447331
4.77, 447331
4.78, 447331
4.79, 447331
4.8, 447331
4.81, 447331
4.82, 447331
4.83, 447331
4.84, 447331
4.85, 447331
4.86, 447331
4.87, 447331
4.88, 447331
4.89, 447331
4.9, 447331
4.91, 447331
4.92, 447331
4.93, 447331
4.94, 447331
4.95, 447331
4.96, 447331
4.97, 447331
4.98, 447331
4.99, 447331
5.0, 447331
5.01, 447331
5.02, 447331
5.03, 447331
5.04, 447331
5.05, 447331
5.06, 447331
5.07, 447331
5.08, 447331
5.09, 447331
5.1, 447331
5.11, 447331
5.12, 447331
5.13, 447331
5.14, 447331
5.15, 447331
5.16, 447331
5.17, 447331
5.18, 447331
5.19, 447331
5.2, 447331
5.21, 447331
5.22, 447331
5.23, 447331
5.24, 447331
5.25, 447331
5.26, 447331
5.27, 447331
5.28, 447331
5.29, 447331
5.3, 447331
5.31, 447331
5.32, 447331
5.33, 447331
5.34, 447331
5.35, 447331
5.36, 447331
5.37, 447331
5.38, 447331
5.39, 447331
5.4, 447331
5.41, 447331
5.42, 447331
5.43, 447331
5.44, 447331
5.45, 447331
5.46, 447331
5.47, 447331
5.48, 447331
5.49, 447331
5.5, 447331
5.51, 447331
5.52, 447331
5.53, 447331
5.54, 447331
5.55, 447331
5.56, 447331
5.57, 447331
5.58, 447331
5.59, 447331
5.6, 447331
5.61, 447331
5.62, 447331
5.63, 447331
5.64, 447331
5.65, 447331
5.66, 447331
5.67, 447331
5.68, 447331
5.69, 447331
5.7, 447331
5.71, 447331
5.72, 447331
5.73, 447331
5.74, 447331
5.75, 447331
5.76, 447331
5.77, 447331
5.78, 447331
5.79, 447331
5.8, 447331
5.81, 447331
5.82, 447281
5.83, 447281
5.84, 447281
5.85, 447281
5.86, 447281
5.87, 447281
5.88, 447281
5.89, 447281
5.9, 447281
5.91, 447281
5.92, 447281
5.93, 447281
5.94, 447281
5.95, 447281
5.96, 447281
5.97, 447281
5.98, 447281
5.99, 447281
6.0, 447281
6.01, 447281
6.02, 447281
6.03, 447281
6.04, 447281
6.05, 447281
6.06, 447281
6.07, 447281
6.08, 447281
6.09, 447281
6.1, 447281
6.11, 447281
6.12, 447281
6.13, 447281
6.14, 447281
6.15, 447281
6.16, 447281
6.17, 447281
6.18, 447281
6.19, 447281
6.2, 447281
6.21, 447281
6.22, 447281
6.23, 447281
6.24, 447281
6.25, 447281
6.26, 447281
6.27, 447281
6.28, 447281
6.29, 447281
6.3, 447281
6.31, 447281
6.32, 447281
6.33, 447281
6.34, 447281
6.35, 447281
6.36, 447281
6.37, 447281
6.38, 447281
6.39, 447281
6.4, 447281
6.41, 447281
6.42, 447281
6.43, 447281
6.44, 447281
6.45, 447281
6.46, 447281
6.47, 447281
6.48, 447281
6.49, 447281
6.5, 447281
6.51, 447281
6.52, 447281
6.53, 447281
6.54, 447281
6.55, 447281
6.56, 447281
6.57, 447281
6.58, 447281
6.59, 447281
6.6, 447281
6.61, 447281
6.62, 447281
6.63, 447281
6.64, 447281
6.65, 447281
6.66, 447281
6.67, 447281
6.68, 447281
6.69, 447281
6.7, 447281
6.71, 447281
6.72, 447281
6.73, 447281
6.74, 447281
6.75, 447281
6.76, 447281
6.77, 447281
6.78, 447281
6.79, 447281
6.8, 447281
6.81, 447281
6.82, 447281
6.83, 447281
6.84, 447281
6.85, 447281
6.86, 447281
6.87, 447281
6.88, 447281
6.89, 447281
6.9, 447281
6.91, 447281
6.92, 447281
6.93, 447281
6.94, 447281
6.95, 447281
6.96, 447281
6.97, 447281
6.98, 447281
6.99, 447281
7.0, 447281
7.01, 447281
7.02, 447281
7.03, 447281
7.04, 447281
7.05, 447281
7.06, 447281
7.07, 447281
7.08, 447281
7.09, 447281
7.1, 447281
7.11, 447281
7.12, 447281
7.13, 447281
7.14, 447281
7.15, 447281
7.16, 447281
7.17, 447281
7.18, 447281
7.19, 447281
7.2, 447281
7.21, 447281
7.22, 447281
7.23, 447281
7.24, 447281
7.25, 447281
7.26, 447281
7.27, 447281
7.28, 447281
7.29, 447281
7.3, 447281
7.31, 447281
7.32, 447281
7.33, 447281
7.34, 447281
7.35, 447281
7.36, 447281
7.37, 447281
7.38, 447281
7.39, 444874
7.4, 444874
7.41, 444874
7.42, 444874
7.43, 444874
7.44, 444874
7.45, 444874
7.46, 444874
7.47, 444874
7.48, 444874
7.49, 444874
7.5, 444874
7.51, 444874
7.52, 444874
7.53, 444874
7.54, 444874
7.55, 444874
7.56, 444874
7.57, 444874
7.58, 444874
7.59, 444874
7.6, 444874
7.61, 444874
7.62, 444874
7.63, 444874
7.64, 444874
7.65, 444874
7.66, 444874
7.67, 444874
7.68, 444874
7.69, 444874
7.7, 444874
7.71, 444874
7.72, 444874
7.73, 444874
7.74, 444874
7.75, 444874
7.76, 444874
7.77, 444874
7.78, 444874
7.79, 444874
7.8, 444874
7.81, 444874
7.82, 444874
7.83, 444874
7.84, 444874
7.85, 444874
7.86, 444874
7.87, 444874
7.88, 444874
7.89, 444874
7.9, 444874
7.91, 444874
7.92, 444874
7.93, 444874
7.94, 444874
7.95, 444874
7.96, 444874
7.97, 444874
7.98, 444874
7.99, 444874
8.0, 444874
8.01, 444874
8.02, 444874
8.03, 444874
8.04, 444874
8.05, 444874
8.06, 444874
8.07, 444874
8.08, 444874
8.09, 444874
8.1, 444874
8.11, 444874
8.12, 444874
8.13, 444874
8.14, 444874
8.15, 444874
8.16, 444874
8.17, 444874
8.18, 444874
8.19, 444874
8.2, 444874
8.21, 444874
8.22, 444874
8.23, 444874
8.24, 444874
8.25, 444874
8.26, 444874
8.27, 444874
8.28, 444874
8.29, 444874
8.3, 444874
8.31, 444874
8.32, 444874
8.33, 444874
8.34, 444874
8.35, 444874
8.36, 444874
8.37, 444874
8.38, 444874
8.39, 444874
8.4, 444874
8.41, 444874
8.42, 444874
8.43, 444874
8.44, 444874
8.45, 444874
8.46, 444874
8.47, 444874
8.48, 444874
8.49, 444874
8.5, 444874
8.51, 444874
8.52, 444874
8.53, 444874
8.54, 444874
8.55, 444874
8.56, 444874
8.57, 444874
8.58, 444874
8.59, 444874
8.6, 444874
8.61, 444874
8.62, 444874
8.63, 444874
8.64, 444874
8.65, 444874
8.66, 444874
8.67, 444874
8.68, 444874
8.69, 444874
8.7, 444874
8.71, 444874
8.72, 444874
8.73, 444874
8.74, 444874
8.75, 444874
8.76, 444874
8.77, 444874
8.78, 444874
8.79, 444874
8.8, 444874
8.81, 444874
8.82, 444874
8.83, 444874
8.84, 444874
8.85, 444874
8.86, 444874
8.87, 444874
8.88, 444874
8.89, 444874
8.9, 444874
8.91, 444874
8.92, 444874
8.93, 444874
8.94, 444874
8.95, 444874
8.96, 444874
8.97, 444874
8.98, 444874
8.99, 444874
9.0, 444874
9.01, 444874
9.02, 444874
9.03, 444874
9.04, 444874
9.05, 444874
9.06, 444874
9.07, 444874
9.08, 444874
9.09, 444874
9.1, 444874
9.11, 444874
9.12, 444874
9.13, 444874
9.14, 444874
9.15, 444874
9.16, 444874
9.17, 444874
9.18, 444874
9.19, 444874
9.2, 444874
9.21, 444874
9.22, 444874
9.23, 444874
9.24, 444874
9.25, 444874
9.26, 444874
9.27, 444874
9.28, 444874
9.29, 444874
9.3, 444874
9.31, 444874
9.32, 444874
9.33, 444874
9.34, 444874
9.35, 444874
9.36, 444874
9.37, 444874
9.38, 444874
9.39, 444874
9.4, 444874
9.41, 444874
9.42, 444874
9.43, 444874
9.44, 444874
9.45, 444874
9.46, 444874
9.47, 444874
9.48, 444874
9.49, 444874
9.5, 444874
9.51, 444874
9.52, 444874
9.53, 444874
9.54, 444874
9.55, 444874
9.56, 444874
9.57, 444874
9.58, 444874
9.59, 444874
9.6, 444874
9.61, 444874
9.62, 444874
9.63, 444874
9.64, 444874
9.65, 444874
9.66, 444874
9.67, 444874
9.68, 444874
9.69, 444874
9.7, 444874
9.71, 444874
9.72, 444874
9.73, 444874
9.74, 444874
9.75, 444874
9.76, 444874
9.77, 444874
9.78, 444874
9.79, 444874
9.8, 444874
9.81, 444874
9.82, 444874
9.83, 444874
9.84, 444874
9.85, 444874
9.86, 444874
9.87, 444874
9.88, 444874
9.89, 444874
9.9, 444874
9.91, 444874
9.92, 444874
9.93, 444874
9.94, 444874
9.95, 444874
9.96, 444874
9.97, 444874
9.98, 444874
9.99, 444874
10.0, 444874
10.01, 444874
10.02, 444874
10.03, 444874
10.04, 444874
10.05, 444874
10.06, 444874
10.07, 444874
10.08, 444874
10.09, 444874
10.1, 444874
10.11, 444874
10.12, 444874
10.13, 444874
10.14, 444874
10.15, 444874
10.16, 444874
10.17, 444874
10.18, 444874
10.19, 444874
10.2, 444874
10.21, 444874
10.22, 444874
10.23, 444874
10.24, 444874
10.25, 444874
10.26, 444874
10.27, 444874
10.28, 444874
10.29, 444874
10.3, 444874
10.31, 444874
10.32, 444874
10.33, 444874
10.34, 444874
10.35, 444874
10.36, 444874
10.37, 444874
10.38, 444874
10.39, 444874
10.4, 444874
10.41, 444874
10.42, 444874
10.43, 444874
10.44, 444874
10.45, 444874
10.46, 444874
10.47, 444874
10.48, 444874
10.49, 444874
10.5, 444874
10.51, 444874
10.52, 444874
10.53, 444874
10.54, 444874
10.55, 444874
10.56, 444874
10.57, 444874
10.58, 444874
10.59, 444874
10.6, 444874
10.61, 444874
10.62, 444874
10.63, 444874
10.64, 444874
10.65, 444874
10.66, 444874
10.67, 444874
10.68, 444874
10.69, 444874
10.7, 444874
10.71, 444874
10.72, 444874
10.73, 444874
10.74, 444874
10.75, 444874
10.76, 444874
10.77, 444874
10.8, 444874
10.81, 444874
10.82, 444874
10.83, 444874
10.84, 444874
10.85, 444874
10.86, 444874
10.87, 444874
10.88, 444874
10.89, 444874
10.9, 444874
10.91, 444874
10.92, 444874
10.93, 444874
10.94, 444874
10.95, 444874
10.96, 444874
10.97, 444874
10.98, 444874
10.99, 444874
11.0, 444874
11.01, 444874
11.02, 444874
11.03, 444874
11.04, 444874
11.05, 444874
11.06, 444874
11.07, 444874
11.08, 444874
11.09, 444874
11.1, 444874
11.11, 444874
11.12, 444874
11.13, 444874
11.14, 444874
11.15, 444874
11.16, 444874
11.17, 444874
11.18, 444874
11.19, 444874
11.2, 444874
11.21, 444874
11.22, 444874
11.23, 444874
11.24, 444874
11.25, 444874
11.26, 444874
11.27, 444874
11.28, 444874
11.29, 444874
11.3, 444874
11.31, 444874
11.32, 444874
11.33, 444874
11.34, 444874
11.35, 444874
11.36, 444874
11.37, 444874
11.38, 444874
11.39, 444874
11.4, 444874
11.41, 444874
11.42, 444874
11.43, 444874
11.44, 444874
11.45, 444874
11.46, 444874
11.47, 444874
11.48, 444874
11.49, 444874
11.5, 444874
11.51, 444874
11.52, 444874
11.53, 444874
11.54, 444874
11.55, 444874
11.56, 444874
11.57, 444874
11.58, 444874
11.59, 444874
11.6, 444874
11.61, 444874
11.62, 444874
11.63, 444874
11.64, 444874
11.65, 444874
11.66, 444874
11.67, 444874
11.68, 444874
11.69, 444874
11.7, 444874
11.71, 444874
11.72, 444874
11.73, 444874
11.74, 444874
11.75, 444874
11.76, 444874
11.77, 444874
11.78, 444874
11.79, 444874
11.8, 444874
11.81, 444874
11.82, 444874
11.83, 444874
11.84, 444874
11.85, 444874
11.86, 444874
11.87, 444874
11.88, 444874
11.89, 444874
11.9, 444874
11.91, 444874
11.92, 444874
11.93, 444874
11.94, 444874
11.95, 444874
11.96, 444874
11.97, 444874
11.98, 444874
11.99, 444874
12.0, 444874
12.01, 444874
12.02, 444874
12.03, 444874
12.04, 444874
12.05, 444874
12.06, 444874
12.07, 444874
12.08, 444874
12.09, 444874
12.1, 444874
12.11, 444874
12.12, 444874
12.13, 444874
12.14, 444874
12.15, 444874
12.16, 444874
12.17, 444874
12.18, 444874
12.19, 444874
12.2, 444874
12.21, 444874
12.22, 444874
12.23, 444874
12.24, 444874
12.25, 444874
12.26, 444874
12.27, 444874
12.28, 444874
12.29, 444874
12.3, 444874
12.31, 444874
12.32, 444874
12.33, 444874
12.34, 444874
12.35, 444874
12.36, 444874
12.37, 444874
12.38, 444874
12.39, 444874
12.4, 444874
12.41, 444874
12.42, 444874
12.43, 444874
12.44, 444874
12.45, 444874
12.46, 444874
12.47, 444874
12.48, 444874
12.49, 444874
12.5, 444874
12.51, 444874
12.52, 444874
12.53, 444874
12.54, 444874
12.55, 444874
12.56, 444874
12.57, 444874
12.58, 444874
12.59, 444874
12.6, 444874
12.61, 444874
12.62, 444874
12.63, 444874
12.64, 444874
12.65, 444874
12.66, 444874
12.67, 444874
12.68, 444874
12.69, 444874
12.7, 444874
12.71, 444874
12.72, 444874
12.73, 444874
12.74, 444874
12.75, 444874
12.76, 444874
12.77, 444874
12.78, 444874
12.79, 444874
12.8, 444874
12.81, 444874
12.82, 444874
12.83, 444874
12.84, 444874
12.85, 444874
12.86, 444874
12.87, 444874
12.88, 444874
12.89, 435335
12.9, 435335
12.91, 435335
12.92, 435335
12.93, 435335
12.94, 435335
12.95, 435335
12.96, 435335
12.97, 435335
12.98, 435335
12.99, 435335
13.0, 435335
13.01, 435335
13.02, 435335
13.03, 435335
13.04, 435335
13.05, 435335
13.06, 435335
13.07, 435335
13.08, 435335
13.09, 435335
13.1, 435335
13.11, 435335
13.12, 435335
13.13, 435335
13.14, 435335
13.15, 435335
13.16, 435335
13.17, 435335
13.18, 435335
13.19, 435335
13.2, 435335
13.21, 435335
13.22, 435335
13.23, 435335
13.24, 435335
13.25, 435335
13.26, 435335
13.27, 435335
13.28, 435335
13.29, 435335
13.3, 435335
13.31, 435335
13.32, 435335
13.33, 435335
13.34, 435335
13.35, 435335
13.36, 435335
13.37, 435335
13.38, 435335
13.39, 435335
13.4, 435335
13.41, 435335
13.42, 435335
13.43, 435335
13.44, 435335
13.45, 435335
13.46, 435335
13.47, 435335
13.48, 435335
13.49, 435335
13.5, 435335
13.51, 435335
13.52, 435335
13.53, 435335
13.54, 435335
13.55, 435335
13.56, 435335
13.57, 435335
13.58, 435335
13.59, 435335
13.6, 435335
13.61, 435335
13.62, 435335
13.63, 435335
13.64, 435335
13.65, 435335
13.66, 435335
13.67, 435335
13.68, 435335
13.69, 435335
13.7, 435335
13.71, 435335
13.72, 435335
13.73, 435335
13.74, 435335
13.75, 435335
13.76, 435335
13.77, 435335
13.78, 435335
13.79, 435335
13.8, 435335
13.81, 435335
13.82, 435335
13.83, 435335
13.84, 435335
13.85, 435335
13.86, 435335
13.87, 435335
13.88, 435335
13.89, 435335
13.9, 435335
13.91, 435335
13.92, 435335
13.93, 435335
13.94, 435335
13.95, 435335
13.96, 435335
13.97, 435335
13.98, 435335
13.99, 435335
14.0, 435335
14.01, 435335
14.02, 435335
14.03, 435335
14.04, 435335
14.05, 435335
14.06, 435335
14.07, 435335
14.08, 435335
14.09, 435335
14.1, 435335
14.11, 435335
14.12, 435335
14.13, 435335
14.14, 435335
14.15, 435335
14.16, 435335
14.17, 435335
14.18, 435335
14.19, 435335
14.2, 435335
14.21, 435335
14.22, 435335
14.23, 435335
14.24, 435335
14.25, 435335
14.26, 435335
14.27, 435335
14.28, 435335
14.29, 435335
14.3, 435335
14.31, 435335
14.32, 435335
14.33, 435335
14.34, 435335
14.35, 435335
14.36, 435335
14.37, 435335
14.38, 435335
14.39, 435335
14.4, 435335
14.41, 435335
14.42, 435335
14.43, 435335
14.44, 435335
14.45, 435335
14.46, 435335
14.47, 435335
14.48, 435335
14.49, 435335
14.5, 435335
14.51, 435335
14.52, 435335
14.53, 435335
14.54, 435335
14.55, 435335
14.56, 435335
14.57, 435335
14.58, 435335
14.59, 435335
14.6, 435335
14.61, 435335
14.62, 435335
14.63, 435335
14.64, 435335
14.65, 435335
14.66, 435335
14.67, 435335
14.68, 435335
14.69, 435335
14.7, 435335
14.71, 435335
14.72, 435335
14.73, 435335
14.74, 435335
14.75, 435335
14.76, 435335
14.77, 435335
14.78, 435335
14.79, 435335
14.8, 435335
14.81, 435335
14.82, 435335
14.83, 435335
14.84, 435335
14.85, 435335
14.86, 435335
14.87, 435335
14.88, 435335
14.89, 435335
14.9, 435335
14.91, 435335
14.92, 435335
14.93, 435335
14.94, 435335
14.95, 435335
14.96, 435335
14.97, 435335
14.98, 435335
14.99, 435335
15.0, 435335
15.01, 435335
15.02, 435335
15.03, 435335
15.04, 435335
15.05, 435335
15.06, 435335
15.07, 435335
15.08, 435335
15.09, 435335
15.1, 435335
15.11, 435335
15.12, 435335
15.13, 435335
15.14, 435335
15.15, 435335
15.16, 435335
15.17, 435335
15.18, 435335
15.19, 435335
15.2, 435335
15.21, 435335
15.22, 435335
15.23, 435335
15.24, 435335
15.25, 435335
15.26, 435335
15.27, 435335
15.28, 435335
15.29, 435335
15.3, 435335
15.31, 435335
15.32, 435335
15.33, 435335
15.34, 435335
15.35, 435335
15.36, 435335
15.37, 435335
15.38, 435335
15.39, 435335
15.4, 435335
15.41, 435335
15.42, 435335
15.43, 435335
15.44, 435335
15.45, 435335
15.46, 435335
15.47, 435335
15.48, 435335
15.49, 435335
15.5, 435335
15.51, 435335
15.52, 435335
15.53, 435335
15.54, 435335
15.55, 435335
15.56, 435335
15.57, 435335
15.58, 435335
15.59, 435335
15.6, 435335
15.61, 435335
15.62, 435335
15.63, 435335
15.64, 435335
15.65, 435335
15.66, 435335
15.67, 435335
15.68, 435335
15.69, 435335
15.7, 435335
15.71, 435335
15.72, 435335
15.73, 435335
15.74, 435335
15.75, 435335
15.76, 435335
15.77, 435335
15.78, 435335
15.79, 435335
15.8, 435335
15.81, 435335
15.82, 435335
15.83, 435335
15.84, 435335
15.85, 435335
15.86, 435335
15.87, 435335
15.88, 435335
15.89, 435335
15.9, 435335
15.91, 435335
15.92, 435335
15.93, 435335
15.94, 435335
15.95, 435335
15.96, 435335
15.97, 435335
15.98, 435335
15.99, 435335
16.0, 435335
16.01, 435335
16.02, 435335
16.03, 435335
16.04, 435335
16.05, 435335
16.06, 435335
16.07, 435335
16.08, 435335
16.09, 435335
16.1, 435335
16.11, 435335
16.12, 435335
16.13, 435335
16.14, 435335
16.15, 435335
16.16, 435335
16.17, 435335
16.18, 435335
16.19, 435335
16.2, 435335
16.21, 435335
16.22, 435335
16.23, 435335
16.24, 435335
16.25, 435335
16.26, 435335
16.27, 435335
16.28, 435335
16.29, 435335
16.3, 435335
16.31, 435335
16.32, 435335
16.33, 435335
16.34, 435335
16.35, 435335
16.36, 435335
16.37, 423875
16.38, 423875
16.39, 423875
16.4, 423875
16.41, 423875
16.42, 423875
16.43, 423875
16.44, 423875
16.45, 423875
16.46, 423875
16.47, 423875
16.48, 423875
16.49, 423875
16.5, 423875
16.51, 423875
16.52, 423875
16.53, 423875
16.54, 423875
16.55, 423875
16.56, 423875
16.57, 423875
16.58, 423875
16.59, 423875
16.6, 423875
16.61, 423875
16.62, 423875
16.63, 423875
16.64, 423875
16.65, 423875
16.66, 423875
16.67, 423875
16.68, 423875
16.69, 423875
16.7, 423875
16.71, 423875
16.72, 423875
16.73, 423875
16.74, 423875
16.75, 423875
16.76, 423875
16.77, 423875
16.78, 423875
16.79, 423875
16.8, 423875
16.81, 423875
16.82, 423875
16.83, 423875
16.84, 423875
16.85, 423875
16.86, 423875
16.87, 423875
16.88, 423875
16.89, 423875
16.9, 423875
16.91, 423875
16.92, 423875
16.93, 423875
16.94, 423875
16.95, 423875
16.96, 423875
16.97, 423875
16.98, 423875
16.99, 423875
17.0, 423875
17.01, 423875
17.02, 423875
17.03, 423875
17.04, 423875
17.05, 423875
17.06, 423875
17.07, 423875
17.08, 423875
17.09, 423875
17.1, 423875
17.11, 423875
17.12, 423875
17.13, 423875
17.14, 423875
17.15, 423875
17.16, 423875
17.17, 423875
17.18, 423875
17.19, 423875
17.2, 423875
17.21, 423875
17.22, 423875
17.23, 423875
17.24, 423875
17.25, 423875
17.26, 423875
17.27, 423875
17.28, 423875
17.29, 423875
17.3, 423875
17.31, 423875
17.32, 423875
17.33, 423875
17.34, 423875
17.35, 423875
17.36, 423875
17.37, 423875
17.38, 423875
17.39, 423875
17.4, 423875
17.41, 423875
17.42, 423875
17.43, 423875
17.44, 423875
17.45, 423875
17.46, 423875
17.47, 423875
17.48, 423875
17.49, 423875
17.5, 423875
17.51, 423875
17.52, 423875
17.53, 423875
17.54, 423875
17.55, 423875
17.56, 423875
17.57, 423875
17.58, 423875
17.59, 423875
17.6, 423875
17.61, 423875
17.62, 423875
17.63, 423875
17.64, 423875
17.65, 423875
17.66, 423875
17.67, 423875
17.68, 423875
17.69, 423875
17.7, 423875
17.71, 423875
17.72, 423875
17.73, 423875
17.74, 423875
17.75, 423875
17.76, 423875
17.77, 423875
17.78, 423875
17.79, 423875
17.8, 423875
17.81, 423875
17.82, 423875
17.83, 423875
17.84, 423875
17.85, 423875
17.86, 423875
17.87, 423875
17.88, 423875
17.89, 423875
17.9, 423875
17.91, 423875
17.92, 423875
17.93, 423875
17.94, 423875
17.95, 423875
17.96, 423875
17.97, 423875
17.98, 423875
17.99, 423875
18.0, 423875
18.01, 423875
18.02, 423875
18.03, 423875
18.04, 423875
18.05, 423875
18.06, 423875
18.07, 423875
18.08, 423875
18.09, 423875
18.1, 423875
18.11, 423875
18.12, 423875
18.13, 423875
18.14, 423875
18.15, 423875
18.16, 423875
18.17, 423875
18.18, 423875
18.19, 423875
18.2, 423875
18.21, 423875
18.22, 423875
18.23, 423875
18.24, 423875
18.25, 423875
18.26, 423875
18.27, 423875
18.28, 423875
18.29, 423875
18.3, 423875
18.31, 423875
18.32, 423875
18.33, 423875
18.34, 423875
18.35, 423875
18.36, 423875
18.37, 423875
18.38, 423875
18.39, 423875
18.4, 423875
18.41, 423875
18.42, 423875
18.43, 423875
18.44, 423875
18.45, 423875
18.46, 423875
18.47, 423875
18.48, 423875
18.49, 423875
18.5, 423875
18.51, 423875
18.52, 423875
18.53, 423875
18.54, 423875
18.55, 423875
18.56, 423875
18.57, 423875
18.58, 423875
18.59, 423875
18.6, 423875
18.61, 423875
18.62, 423875
18.63, 423875
18.64, 423875
18.65, 423875
18.66, 423875
18.67, 423875
18.68, 423875
18.69, 423875
18.7, 423875
18.71, 423875
18.72, 423875
18.73, 423875
18.74, 423875
18.75, 423875
18.76, 423875
18.77, 423875
18.78, 423875
18.79, 423875
18.8, 423875
18.81, 423875
18.82, 423875
18.83, 423875
18.84, 423875
18.85, 423875
18.86, 423875
18.87, 423875
18.88, 423875
18.89, 423875
18.9, 423875
18.91, 423875
18.92, 423875
18.93, 423875
18.94, 423875
18.95, 423875
18.96, 423875
18.97, 423875
18.98, 423875
18.99, 423875
19.0, 423875
19.01, 423875
19.02, 423875
19.03, 423875
19.04, 423875
19.05, 423875
19.06, 423875
19.07, 423875
19.08, 423875
19.09, 423875
19.1, 423875
19.11, 423875
19.12, 423875
19.13, 423875
19.14, 423875
19.15, 423875
19.16, 423875
19.17, 423875
19.18, 423875
19.19, 423875
19.2, 423875
19.21, 423875
19.22, 423875
19.23, 423875
19.24, 423875
19.25, 423875
19.26, 423875
19.27, 423875
19.28, 423875
19.29, 423875
19.3, 423875
19.31, 423875
19.32, 423875
19.33, 423875
19.34, 423875
19.35, 423875
19.36, 423875
19.37, 423875
19.38, 423875
19.39, 423875
19.4, 423875
19.41, 423875
19.42, 423875
19.43, 423875
19.44, 423875
19.45, 423875
19.46, 423875
19.47, 423875
19.48, 423875
19.49, 423875
19.5, 423875
19.51, 423875
19.52, 423875
19.53, 423875
19.54, 423875
19.55, 423875
19.56, 423875
19.57, 423875
19.58, 423875
19.59, 423875
19.6, 423875
19.61, 423875
19.62, 423875
19.63, 423875
19.64, 423875
19.65, 423875
19.66, 423875
19.67, 423875
19.68, 423875
19.69, 423875
19.7, 423875
19.71, 423875
19.72, 423875
19.73, 423875
19.74, 423875
19.75, 423875
19.76, 423875
19.77, 423875
19.78, 423875
19.79, 423875
19.8, 423875
19.81, 423875
19.82, 423875
19.83, 423875
19.84, 423875
19.85, 423875
19.86, 423875
19.87, 423875
19.88, 423875
19.89, 423875
19.9, 423875
19.91, 423875
19.92, 423875
19.93, 423875
19.94, 423875
19.95, 423875
19.96, 423875
19.97, 423875
19.98, 423875
19.99, 423875
20.0, 423875
20.01, 423875
20.02, 423875
20.03, 423875
20.04, 423875
20.05, 423875
20.06, 423875
20.07, 423875
20.08, 423875
20.09, 423875
20.1, 423875
20.11, 423875
20.12, 423875
20.13, 423875
20.14, 423875
20.15, 423875
20.16, 423875
20.17, 423875
20.18, 423875
20.19, 423875
20.2, 423875
20.21, 423875
20.22, 423875
20.23, 423875
20.24, 423875
20.25, 423875
20.26, 423875
20.27, 423875
20.28, 423875
20.29, 423875
20.3, 423875
20.31, 423875
20.32, 423875
20.33, 423875
20.34, 423875
20.35, 423875
20.36, 423875
20.37, 423875
20.38, 423875
20.39, 423875
20.4, 423875
20.41, 423875
20.42, 423875
20.43, 423875
20.44, 423875
20.45, 423875
20.46, 423875
20.47, 423875
20.48, 423875
20.49, 423875
20.5, 423875
20.51, 423875
20.52, 423875
20.53, 423875
20.54, 423875
20.55, 423875
20.56, 423875
20.57, 423875
20.58, 423875
20.59, 423875
20.6, 423875
20.61, 423875
20.62, 423875
20.63, 423875
20.64, 423875
20.65, 423875
20.66, 423875
20.67, 423875
20.68, 423875
20.69, 423875
20.7, 423875
20.71, 423875
20.72, 423875
20.73, 423875
20.74, 423875
20.75, 423875
20.76, 423875
20.77, 423875
20.78, 423875
20.79, 423875
20.8, 423875
20.81, 423875
20.82, 423875
20.83, 423875
20.84, 423875
20.85, 423875
20.86, 423875
20.87, 423875
20.88, 423875
20.89, 423875
20.9, 423875
20.91, 423875
20.92, 423875
20.93, 423875
20.94, 423875
20.95, 423875
20.96, 423875
20.99, 423875
21.0, 423875
21.01, 423875
21.02, 423875
21.03, 423875
21.04, 423875
21.05, 423875
21.06, 423875
21.07, 423875
21.08, 423875
21.09, 423875
21.1, 423875
21.11, 423875
21.12, 423875
21.13, 423875
21.14, 423875
21.15, 423875
21.16, 423875
21.17, 423875
21.18, 423875
21.19, 423875
21.2, 423875
21.21, 423875
21.22, 423875
21.23, 423875
21.24, 423875
21.25, 423875
21.26, 423875
21.27, 423875
21.28, 423875
21.29, 423875
21.3, 423875
21.31, 423875
21.32, 423875
21.33, 423875
21.34, 423875
21.35, 423875
21.36, 423875
21.37, 423875
21.38, 423875
21.39, 423875
21.4, 423875
21.41, 423875
21.42, 423875
21.43, 423875
21.44, 423875
21.45, 423875
21.46, 423875
21.47, 423875
21.48, 423875
21.49, 423875
21.5, 423875
21.51, 423875
21.52, 423875
21.53, 423875
21.54, 423875
21.55, 423875
21.56, 423875
21.57, 423875
21.58, 423875
21.59, 423875
21.6, 423875
21.61, 423875
21.62, 423875
21.63, 423875
21.64, 423875
21.65, 423875
21.66, 423875
21.67, 423875
21.68, 423875
21.69, 423875
21.7, 423875
21.71, 423875
21.72, 423875
21.73, 423875
21.74, 423875
21.75, 423875
21.76, 423875
21.77, 423875
21.78, 423875
21.79, 423875
21.8, 423875
21.81, 423875
21.82, 423875
21.83, 423875
21.84, 423875
21.85, 423875
21.86, 423875
21.87, 423875
21.88, 423875
21.89, 423875
21.9, 423875
21.91, 423875
21.92, 423875
21.93, 423875
21.94, 423875
21.95, 423875
21.96, 423875
21.97, 423875
21.98, 423875
21.99, 423875
22.0, 423875
22.01, 423875
22.02, 423875
22.03, 423875
22.04, 423875
22.05, 423875
22.06, 423875
22.07, 423875
22.08, 423875
22.09, 423875
22.1, 423875
22.11, 423875
22.12, 423875
22.13, 423875
22.14, 423875
22.15, 423875
22.16, 423875
22.17, 423875
22.18, 423875
22.19, 423875
22.2, 423875
22.21, 423875
22.22, 423875
22.23, 423875
22.24, 423875
22.25, 423875
22.26, 423875
22.27, 423875
22.28, 423875
22.29, 423875
22.3, 423875
22.31, 423875
22.32, 423875
22.33, 423875
22.34, 423875
22.35, 423875
22.36, 423875
22.37, 423875
22.38, 423875
22.39, 423875
22.4, 423875
22.41, 423875
22.42, 423875
22.43, 423875
22.44, 423875
22.45, 423875
22.46, 423875
22.47, 423875
22.48, 423875
22.49, 423875
22.5, 423875
22.51, 423875
22.52, 423875
22.53, 423875
22.54, 423875
22.55, 423875
22.56, 423875
22.57, 423875
22.58, 423875
22.59, 423875
22.6, 423875
22.61, 423875
22.62, 423875
22.63, 423875
22.64, 423875
22.65, 423875
22.66, 423875
22.67, 423875
22.68, 423875
22.69, 423875
22.7, 423875
22.71, 423875
22.72, 423875
22.73, 423875
22.74, 423875
22.75, 423875
22.76, 423875
22.77, 423875
22.78, 423875
22.79, 423875
22.8, 423875
22.81, 423875
22.82, 423875
22.83, 423875
22.84, 423875
22.85, 423875
22.86, 423875
22.87, 423875
22.88, 423875
22.89, 423875
22.9, 423875
22.91, 423875
22.92, 423875
22.93, 423875
22.94, 423875
22.95, 423875
22.96, 423875
22.97, 423875
22.98, 423875
22.99, 423875
23.0, 423875
23.01, 423875
23.02, 423875
23.03, 423875
23.04, 423875
23.05, 423875
23.06, 423875
23.07, 423875
23.08, 423875
23.09, 423875
23.1, 423875
23.11, 423875
23.12, 423875
23.13, 423875
23.14, 423875
23.15, 423875
23.16, 423875
23.17, 423875
23.18, 423875
23.19, 423875
23.2, 423875
23.21, 423875
23.22, 423875
23.23, 423875
23.24, 423875
23.25, 423875
23.26, 423875
23.27, 423875
23.28, 423875
23.29, 423875
23.3, 423875
23.31, 423875
23.32, 423875
23.33, 423875
23.34, 423875
23.35, 423875
23.36, 423875
23.37, 423875
23.38, 423875
23.39, 423875
23.4, 423875
23.41, 423875
23.42, 423875
23.43, 423875
23.44, 423875
23.45, 423875
23.46, 423875
23.47, 423875
23.48, 423875
23.49, 423875
23.5, 423875
23.51, 423875
23.52, 423875
23.53, 423875
23.54, 423875
23.55, 423875
23.56, 423875
23.57, 423875
23.58, 423875
23.59, 423875
23.6, 423875
23.61, 423875
23.62, 423875
23.63, 423875
23.64, 423875
23.65, 423875
23.66, 423875
23.67, 423875
23.68, 423875
23.69, 423875
23.7, 423875
23.71, 423875
23.72, 423875
23.73, 423875
23.74, 423875
23.75, 423875
23.76, 423875
23.77, 423875
23.78, 423875
23.79, 423875
23.8, 423875
23.81, 423875
23.82, 423875
23.83, 423875
23.84, 423875
23.85, 423875
23.86, 423875
23.87, 423875
23.88, 423875
23.89, 423875
23.9, 423875
23.91, 423875
23.92, 423875
23.93, 423875
23.94, 423875
23.95, 423875
23.96, 423875
23.97, 423875
23.98, 423875
23.99, 423875
24.0, 423875
24.01, 423875
24.02, 423875
24.03, 423875
24.04, 423875
24.05, 423875
24.06, 423875
24.07, 423875
24.08, 423875
24.09, 423875
24.1, 423875
24.11, 423875
24.12, 423875
24.13, 423875
24.14, 423875
24.15, 423875
24.16, 423875
24.17, 423875
24.18, 423875
24.19, 423875
24.2, 423875
24.21, 423875
24.22, 423875
24.23, 423875
24.24, 423875
24.25, 423875
24.26, 423875
24.27, 423875
24.28, 423875
24.29, 423875
24.3, 423875
24.31, 423875
24.32, 423875
24.33, 423875
24.34, 423875
24.35, 423875
24.36, 423875
24.37, 423875
24.38, 423875
24.39, 423875
24.4, 423875
24.41, 423875
24.42, 423875
24.43, 423875
24.44, 423875
24.45, 423875
24.46, 423875
24.47, 423875
24.48, 423875
24.49, 423875
24.5, 423875
24.51, 423875
24.52, 423875
24.53, 423875
24.54, 423875
24.55, 423875
24.56, 423875
24.57, 423875
24.58, 423875
24.59, 423875
24.6, 423875
24.61, 423875
24.62, 423875
24.63, 423875
24.64, 423875
24.65, 423875
24.66, 423875
24.67, 423875
24.68, 423875
24.69, 423875
24.7, 423875
24.71, 423875
24.72, 423875
24.73, 423875
24.74, 423875
24.75, 423875
24.76, 423875
24.77, 423875
24.78, 423875
24.79, 423875
24.8, 423875
24.81, 423875
24.82, 423875
24.83, 423875
24.84, 423875
24.85, 423875
24.86, 423875
24.87, 423875
24.88, 423875
24.89, 423875
24.9, 423875
24.91, 423875
24.92, 423875
24.93, 423875
24.94, 423875
24.95, 423875
24.96, 423875
24.97, 423875
24.98, 423875
24.99, 423875
25.0, 423875
25.01, 423875
25.02, 423875
25.03, 423875
25.04, 423875
25.05, 423875
25.06, 423875
25.07, 423875
25.08, 423875
25.09, 423875
25.1, 423875
25.11, 423875
25.12, 423875
25.13, 423875
25.14, 423875
25.15, 423875
25.16, 423875
25.17, 423875
25.18, 423875
25.19, 423875
25.2, 423875
25.21, 423875
25.22, 423875
25.23, 423875
25.24, 423875
25.25, 423875
25.26, 423875
25.27, 423875
25.28, 423875
25.29, 423875
25.3, 423875
25.31, 423875
25.32, 423875
25.33, 423875
25.34, 423875
25.35, 423875
25.36, 423875
25.37, 423875
25.38, 423875
25.39, 423875
25.4, 423875
25.41, 423875
25.42, 423875
25.43, 423875
25.44, 423875
25.45, 423875
25.46, 423875
25.47, 423875
25.48, 423875
25.49, 423875
25.5, 423875
25.51, 423875
25.52, 423875
25.53, 423875
25.54, 423875
25.55, 423875
25.56, 423875
25.57, 423875
25.58, 423875
25.59, 423875
25.6, 423875
25.61, 423875
25.62, 423875
25.63, 423875
25.64, 423875
25.65, 423875
25.66, 423875
25.67, 423875
25.68, 423875
25.69, 423875
25.7, 423875
25.71, 423875
25.72, 423875
25.73, 423875
25.74, 423875
25.75, 423875
25.76, 423875
25.77, 423875
25.78, 423875
25.79, 423875
25.8, 423875
25.81, 423875
25.82, 423875
25.83, 423875
25.84, 423875
25.85, 423875
25.86, 423875
25.87, 423875
25.88, 423875
25.89, 423875
25.9, 423875
25.91, 423875
25.92, 423875
25.93, 423875
25.94, 423875
25.95, 423875
25.96, 423875
25.97, 423875
25.98, 423875
25.99, 423875
26.0, 423875
26.01, 423875
26.02, 423875
26.03, 423875
26.04, 423875
26.05, 423875
26.06, 423875
26.07, 423875
26.08, 423875
26.09, 423875
26.1, 423875
26.11, 423875
26.12, 423875
26.13, 423875
26.14, 423875
26.15, 423875
26.16, 423875
26.17, 423875
26.18, 423875
26.19, 423875
26.2, 423875
26.21, 423875
26.22, 423875
26.23, 423875
26.24, 423875
26.25, 423875
26.26, 423875
26.27, 423875
26.28, 423875
26.29, 423875
26.3, 423875
26.31, 423875
26.32, 423875
26.33, 423875
26.34, 423875
26.35, 423875
26.36, 423875
26.37, 423875
26.38, 423875
26.39, 423875
26.4, 423875
26.41, 423875
26.42, 423875
26.43, 423875
26.44, 423875
26.45, 423875
26.46, 423875
26.47, 423875
26.48, 423875
26.49, 423875
26.5, 423875
26.51, 423875
26.52, 423875
26.53, 423875
26.54, 423875
26.55, 423875
26.56, 423875
26.57, 423875
26.58, 423875
26.59, 423875
26.6, 423875
26.61, 423875
26.62, 423875
26.63, 423875
26.64, 423875
26.65, 423875
26.66, 423875
26.67, 423875
26.68, 423875
26.69, 423875
26.7, 423875
26.71, 423875
26.72, 423875
26.73, 423875
26.74, 423875
26.75, 423875
26.76, 423875
26.77, 423875
26.78, 423875
26.79, 423875
26.8, 423875
26.81, 423875
26.82, 423875
26.83, 423875
26.84, 423875
26.85, 423875
26.86, 423875
26.87, 423875
26.88, 423875
26.89, 423875
26.9, 423875
26.91, 423875
26.92, 423875
26.93, 423875
26.94, 423875
26.95, 423875
26.96, 423875
26.97, 423875
26.98, 423875
26.99, 423875
27.0, 423875
27.01, 423875
27.02, 423875
27.03, 423875
27.04, 423875
27.05, 423875
27.06, 423875
27.07, 423875
27.08, 423875
27.09, 423875
27.1, 423875
27.11, 423875
27.12, 423875
27.13, 423875
27.14, 423875
27.15, 423875
27.16, 423875
27.17, 423875
27.18, 423875
27.19, 423875
27.2, 423875
27.21, 423875
27.22, 423875
27.23, 423875
27.24, 423875
27.25, 423875
27.26, 423875
27.27, 423875
27.28, 423875
27.29, 423875
27.3, 423875
27.31, 423875
27.32, 423875
27.33, 423875
27.34, 423875
27.35, 423875
27.36, 423875
27.37, 423875
27.38, 423875
27.39, 423875
27.4, 423875
27.41, 423875
27.42, 423875
27.43, 423875
27.44, 423875
27.45, 423875
27.46, 423875
27.47, 423875
27.48, 423875
27.49, 423875
27.5, 423875
27.51, 423875
27.52, 423875
27.53, 423875
27.54, 423875
27.55, 423875
27.56, 423875
27.57, 423875
27.58, 423875
27.59, 423875
27.6, 423875
27.61, 423875
27.62, 423875
27.63, 423875
27.64, 423875
27.65, 423875
27.66, 423875
27.67, 423875
27.68, 423875
27.69, 423875
27.7, 423875
27.71, 423875
27.72, 423875
27.73, 423875
27.74, 423875
27.75, 423875
27.76, 423875
27.77, 423875
27.78, 423875
27.79, 423875
27.8, 423875
27.81, 423875
27.82, 423875
27.83, 423875
27.84, 423875
27.85, 423875
27.86, 423875
27.87, 423875
27.88, 423875
27.89, 423875
27.9, 423875
27.91, 423875
27.92, 423875
27.93, 423875
27.94, 423875
27.95, 423875
27.96, 423875
27.97, 423875
27.98, 423875
27.99, 423875
28.0, 423875
28.01, 423875
28.02, 423875
28.03, 423875
28.04, 423875
28.05, 423875
28.06, 423875
28.07, 423875
28.08, 423875
28.09, 423875
28.1, 423875
28.11, 423875
28.12, 423875
28.13, 423875
28.14, 423875
28.15, 423875
28.16, 423875
28.17, 423875
28.18, 423875
28.19, 423875
28.2, 423875
28.21, 423875
28.22, 423875
28.23, 423875
28.24, 423875
28.25, 423875
28.26, 423875
28.27, 423875
28.28, 423875
28.29, 423875
28.3, 423875
28.31, 423875
28.32, 423875
28.33, 423875
28.34, 423875
28.35, 423875
28.36, 423875
28.37, 423875
28.38, 423875
28.39, 423875
28.4, 423875
28.41, 423875
28.42, 423875
28.43, 423875
28.44, 423875
28.45, 423875
28.46, 423875
28.47, 423875
28.48, 423875
28.49, 423875
28.5, 423875
28.51, 423875
28.52, 423875
28.53, 423875
28.54, 423875
28.55, 423875
28.56, 423875
28.57, 423875
28.58, 423875
28.59, 423875
28.6, 423875
28.61, 423875
28.62, 423875
28.63, 423875
28.64, 423875
28.65, 423875
28.66, 423875
28.67, 423875
28.68, 423875
28.69, 423875
28.7, 423875
28.71, 423875
28.72, 423875
28.73, 423875
28.74, 423875
28.75, 423875
28.76, 423875
28.77, 423875
28.78, 423875
28.79, 423875
28.8, 423875
28.81, 423875
28.82, 423875
28.83, 423875
28.84, 423875
28.85, 423875
28.86, 423875
28.87, 423875
28.88, 423875
28.89, 423875
28.9, 423875
28.91, 423875
28.92, 423875
28.93, 423875
28.94, 423875
28.95, 423875
28.96, 423875
28.97, 423875
28.98, 423875
28.99, 423875
29.0, 423875
29.01, 423875
29.02, 423875
29.03, 423875
29.04, 423875
29.05, 423875
29.06, 423875
29.07, 423875
29.08, 423875
29.09, 423875
29.1, 423875
29.11, 423875
29.12, 423875
29.13, 423875
29.14, 423875
29.15, 423875
29.16, 423875
29.17, 423875
29.18, 423875
29.19, 423875
29.2, 423875
29.21, 423875
29.22, 423875
29.23, 423875
29.24, 423875
29.25, 423875
29.26, 423875
29.27, 423875
29.28, 423875
29.29, 423875
29.3, 423875
29.31, 423875
29.32, 423875
29.33, 423875
29.34, 423875
29.35, 423875
29.36, 423875
29.37, 423875
29.38, 423875
29.39, 423875
29.4, 423875
29.41, 423875
29.42, 423875
29.43, 423875
29.44, 423875
29.45, 423875
29.46, 423875
29.47, 423875
29.48, 423875
29.49, 423875
29.5, 423875
29.51, 423875
29.52, 423875
29.53, 423875
29.54, 423875
29.55, 423875
29.56, 423875
29.57, 423875
29.58, 423875
29.59, 423875
29.6, 423875
29.61, 423875
29.62, 423875
29.63, 423875
29.64, 423875
29.65, 423875
29.66, 423875
29.67, 423875
29.68, 423875
29.69, 423875
29.7, 423875
29.71, 423875
29.72, 423875
29.73, 423875
29.74, 423875
29.75, 423875
29.76, 423875
29.77, 423875
29.78, 423875
29.79, 423875
29.8, 423875
29.81, 423875
29.82, 423875
29.83, 423875
29.84, 423875
29.85, 423875
29.86, 423875
29.87, 423875
29.88, 423875
29.89, 423875
29.9, 423875
29.91, 423875
29.92, 423875
29.93, 423875
29.94, 423875
29.95, 423875
29.96, 423875
29.97, 423875
29.98, 423875
29.99, 423875
30.0, 423875
30.01, 423875
30.02, 423875
30.03, 423875
30.04, 423875
30.05, 423875
30.06, 423875
30.07, 423875
30.08, 423875
30.09, 423875
30.1, 423875
30.11, 423875
30.12, 423875
30.13, 423875
30.14, 423875
30.15, 423875
30.16, 423875
30.17, 423875
30.18, 423875
30.19, 423875
30.2, 423875
30.21, 423875
30.22, 423875
30.23, 423875
30.24, 423875
30.25, 423875
30.26, 423875
30.27, 423875
30.28, 423875
30.29, 423875
30.3, 423875
30.31, 423875
30.32, 423875
30.33, 423875
30.34, 423875
30.35, 423875
30.36, 423875
30.37, 423875
30.38, 423875
30.39, 423875
30.4, 423875
30.41, 423875
30.42, 423875
30.43, 423875
30.44, 423875
30.45, 423875
30.46, 423875
30.47, 423875
30.48, 423875
30.49, 423875
30.5, 423875
30.51, 423875
30.52, 423875
30.53, 423875
30.54, 423875
30.55, 423875
30.56, 423875
30.57, 423875
30.58, 423875
30.59, 423875
30.6, 423875
30.61, 423875
30.62, 423875
30.63, 423875
30.64, 423875
30.65, 423875
30.66, 423875
30.67, 423875
30.68, 423875
30.69, 423875
30.7, 423875
30.71, 423875
30.72, 423875
30.73, 423875
30.74, 423875
30.75, 423875
30.76, 423875
30.77, 423875
30.78, 423875
30.79, 423875
30.8, 423875
30.81, 423875
30.82, 423875
30.83, 423875
30.84, 423875
30.85, 423875
30.86, 423875
30.87, 423875
30.88, 423875
30.89, 423875
30.9, 423875
30.91, 423875
30.92, 423875
30.93, 423875
30.94, 423875
30.95, 423875
30.96, 423875
30.97, 423875
30.98, 423875
30.99, 423875
31.0, 423875
31.01, 423875
31.02, 423875
31.03, 423875
31.04, 423875
31.05, 423875
31.06, 423875
31.07, 423875
31.08, 423875
31.09, 423875
31.1, 423875
31.11, 423875
31.12, 423875
31.13, 423875
31.14, 423875
31.15, 423875
31.16, 423875
31.17, 423875
31.18, 423875
31.19, 423875
31.2, 423875
31.21, 423875
31.22, 423875
31.23, 423875
31.24, 423875
31.25, 423875
31.26, 423875
31.27, 423875
31.28, 423875
31.29, 423875
31.3, 423875
31.31, 423875
31.32, 423875
31.33, 423875
31.34, 423875
31.35, 423875
31.36, 423875
31.37, 423875
31.38, 423875
31.39, 423875
31.4, 423875
31.41, 423875
31.42, 423875
31.43, 423875
31.44, 423875
31.45, 423875
31.46, 423875
31.47, 423875
31.48, 423875
31.49, 423875
31.5, 423875
31.51, 423875
31.52, 423875
31.53, 423875
31.54, 423875
31.55, 423875
31.56, 423875
31.57, 423875
31.58, 423875
31.59, 423875
31.6, 423875
31.61, 423875
31.62, 423875
31.63, 423875
31.64, 423875
31.65, 423875
31.66, 423875
31.67, 423875
31.68, 423875
31.69, 423875
31.7, 423875
31.71, 423875
31.72, 423875
31.73, 423875
31.74, 423875
31.75, 423875
31.76, 423875
31.77, 423875
31.78, 423875
31.79, 423875
31.8, 423875
31.81, 423875
31.82, 423875
31.83, 423875
31.84, 423875
31.85, 423875
31.86, 423875
31.87, 423875
31.88, 423875
31.89, 423875
31.9, 423875
31.91, 423875
31.92, 423875
31.93, 423875
31.94, 423875
31.95, 423875
31.96, 423875
31.97, 423875
31.98, 423875
31.99, 423875
32.0, 423875
32.01, 423875
32.02, 423875
32.03, 423875
32.04, 423875
32.05, 423875
32.06, 423875
32.07, 423875
32.08, 423875
32.09, 423875
32.1, 423875
32.11, 423875
32.12, 423875
32.13, 423875
32.14, 423875
32.15, 423875
32.16, 423875
32.17, 423875
32.18, 423875
32.19, 423875
32.2, 423875
32.21, 423875
32.22, 423875
32.23, 423875
32.24, 423875
32.25, 423875
32.26, 423875
32.27, 423875
32.28, 423875
32.29, 423875
32.3, 423875
32.31, 423875
32.32, 423875
32.33, 423875
32.34, 423875
32.35, 423875
32.36, 423875
32.37, 423875
32.38, 423875
32.39, 423875
32.4, 423875
32.41, 423875
32.42, 423875
32.43, 423875
32.44, 423875
32.45, 423875
32.46, 423875
32.47, 423875
32.48, 423875
32.49, 423875
32.5, 423875
32.51, 423875
32.52, 423875
32.53, 423875
32.54, 423875
32.55, 423875
32.56, 423875
32.57, 423875
32.58, 423875
32.59, 423875
32.6, 423875
32.61, 423875
32.62, 423875
32.63, 423875
32.64, 423875
32.65, 423875
32.66, 423875
32.67, 423875
32.68, 423875
32.69, 423875
32.7, 423875
32.71, 423875
32.72, 423875
32.73, 423875
32.74, 423875
32.75, 423875
32.76, 423875
32.77, 423875
32.78, 423875
32.79, 423875
32.8, 423875
32.81, 423875
32.82, 423875
32.83, 423875
32.84, 423875
32.85, 423875
32.86, 423875
32.87, 423875
32.88, 423875
32.89, 423875
32.9, 423875
32.91, 423875
32.92, 423875
32.93, 423875
32.94, 423875
32.95, 423875
32.96, 423875
32.97, 423875
32.98, 423875
32.99, 423875
33.0, 423875
33.01, 423875
33.02, 423875
33.03, 423875
33.04, 423875
33.05, 423875
33.06, 423875
33.07, 423875
33.08, 423875
33.09, 423875
33.1, 423875
33.11, 423875
33.12, 423875
33.13, 423875
33.14, 423875
33.15, 423875
33.16, 423875
33.17, 423875
33.18, 423875
33.19, 423875
33.2, 423875
33.21, 423875
33.22, 423875
33.23, 423875
33.24, 423875
33.25, 423875
33.26, 423875
33.27, 423875
33.28, 423875
33.29, 423875
33.3, 423875
33.31, 423875
33.32, 423875
33.33, 423875
33.34, 423875
33.35, 423875
33.36, 423875
33.37, 423875
33.38, 423875
33.39, 423875
33.4, 423875
33.41, 423875
33.42, 423875
33.43, 423875
33.44, 423875
33.45, 423875
33.46, 423875
33.47, 423875
33.48, 423875
33.49, 423875
33.5, 423875
33.51, 423875
33.52, 423875
33.53, 423875
33.54, 423875
33.55, 423875
33.56, 423875
33.57, 423875
33.58, 423875
33.59, 423875
33.6, 423875
33.61, 423875
33.62, 423875
33.63, 423875
33.64, 423875
33.65, 423875
33.66, 423875
33.67, 423875
33.68, 423875
33.69, 423875
33.7, 423875
33.71, 423875
33.72, 423875
33.73, 423875
33.74, 423875
33.75, 423875
33.76, 423875
33.77, 423875
33.78, 423875
33.79, 423875
33.8, 423875
33.81, 423875
33.82, 423875
33.83, 423875
33.84, 423875
33.85, 423875
33.86, 423875
33.87, 423875
33.88, 423875
33.89, 423875
33.9, 423875
33.91, 423875
33.92, 423875
33.93, 423875
33.94, 423875
33.95, 423875
33.96, 423875
33.97, 423875
33.98, 423875
33.99, 423875
34.0, 423875
34.01, 423875
34.02, 423875
34.03, 423875
34.04, 423875
34.05, 423875
34.06, 423875
34.07, 423875
34.08, 423875
34.09, 423875
34.1, 423875
34.11, 423875
34.12, 423875
34.13, 423875
34.14, 423875
34.15, 423875
34.16, 423875
34.17, 423875
34.18, 423875
34.19, 423875
34.2, 423875
34.21, 423875
34.22, 423875
34.23, 423875
34.24, 423875
34.25, 423875
34.26, 423875
34.27, 423875
34.28, 423875
34.29, 423875
34.3, 423875
34.31, 423875
34.32, 423875
34.33, 423875
34.34, 423875
34.35, 423875
34.36, 423875
34.37, 423875
34.38, 423875
34.39, 423875
34.4, 423875
34.41, 423875
34.42, 423875
34.43, 423875
34.44, 423875
34.45, 423875
34.46, 423875
34.47, 423875
34.48, 423875
34.49, 423875
34.5, 423875
34.51, 423875
34.52, 423875
34.53, 423875
34.54, 423875
34.55, 423875
34.56, 423875
34.57, 423875
34.58, 423875
34.59, 423875
34.6, 423875
34.61, 423875
34.62, 423875
34.63, 423875
34.64, 423875
34.65, 423875
34.66, 423875
34.67, 423875
34.68, 423875
34.69, 423875
34.7, 423875
34.71, 423875
34.72, 423875
34.73, 423875
34.74, 423875
34.75, 423875
34.76, 423875
34.77, 423875
34.78, 423875
34.79, 423875
34.8, 423875
34.81, 423875
34.82, 423875
34.83, 423875
34.84, 423875
34.85, 423875
34.86, 423875
34.87, 423875
34.88, 423875
34.89, 423875
34.9, 423875
34.91, 423875
34.92, 423875
34.93, 423875
34.94, 423875
34.95, 423875
34.96, 423875
34.97, 423875
34.98, 423875
34.99, 423875
35.0, 423875
35.01, 423875
35.02, 423875
35.03, 423875
35.04, 423875
35.05, 423875
35.06, 423875
35.07, 423875
35.08, 423875
35.09, 423875
35.1, 423875
35.11, 423875
35.12, 423875
35.13, 423875
35.14, 423875
35.15, 423875
35.16, 423875
35.17, 423875
35.18, 423875
35.19, 423875
35.2, 423875
35.21, 423875
35.22, 423875
35.23, 423875
35.24, 423875
35.25, 423875
35.26, 423875
35.27, 423875
35.28, 423875
35.29, 423875
35.3, 423875
35.31, 423875
35.32, 423875
35.33, 423875
35.34, 423875
35.35, 423875
35.36, 423875
35.37, 423875
35.38, 423875
35.39, 423875
35.4, 423875
35.41, 423875
35.42, 423875
35.43, 423875
35.44, 423875
35.45, 423875
35.46, 423875
35.47, 423875
35.48, 423875
35.49, 423875
35.5, 423875
35.51, 423875
35.52, 423875
35.53, 423875
35.54, 423875
35.55, 423875
35.56, 423875
35.57, 423875
35.58, 423875
35.59, 423875
35.6, 423875
35.61, 423875
35.62, 423875
35.63, 423875
35.64, 423875
35.65, 423875
35.66, 423875
35.67, 423875
35.68, 423875
35.69, 423875
35.7, 423875
35.71, 423875
35.72, 423875
35.73, 423875
35.74, 423875
35.75, 423875
35.76, 423875
35.77, 423875
35.78, 423875
35.79, 423875
35.8, 423875
35.81, 423875
35.82, 423875
35.83, 423875
35.84, 423875
35.85, 423875
35.86, 423875
35.87, 423875
35.88, 423875
35.89, 423875
35.9, 423875
35.91, 423875
35.92, 423875
35.93, 423875
35.94, 423875
35.95, 423875
35.96, 423875
35.97, 423875
35.98, 423875
35.99, 423875
36.0, 423875
36.01, 423875
36.02, 423875
36.03, 423875
36.04, 423875
36.05, 423875
36.06, 423875
36.07, 423875
36.08, 423875
36.09, 423875
36.1, 423875
36.11, 423875
36.12, 423875
36.13, 423875
36.14, 423875
36.15, 423875
36.16, 423875
36.17, 423875
36.18, 423875
36.19, 423875
36.2, 423875
36.21, 423875
36.22, 423875
36.23, 423875
36.24, 423875
36.25, 423875
36.26, 423875
36.27, 423875
36.28, 423875
36.29, 423875
36.3, 423875
36.31, 423875
36.32, 423875
36.33, 423875
36.34, 423875
36.35, 423875
36.36, 423875
36.37, 423875
36.38, 423875
36.39, 423875
36.4, 423875
36.41, 423875
36.42, 423875
36.43, 423875
36.44, 423875
36.45, 423875
36.46, 423875
36.47, 423875
36.48, 423875
36.49, 423875
36.5, 423875
36.51, 423875
36.52, 423875
36.53, 423875
36.54, 423875
36.55, 423875
36.56, 423875
36.57, 423875
36.58, 423875
36.59, 423875
36.6, 423875
36.61, 423875
36.62, 423875
36.63, 423875
36.64, 423875
36.65, 423875
36.66, 423875
36.67, 423875
36.68, 423875
36.69, 423875
36.7, 423875
36.71, 423875
36.72, 423875
36.73, 423875
36.74, 423875
36.75, 423875
36.76, 423875
36.77, 423875
36.78, 423875
36.79, 423875
36.8, 423875
36.81, 423875
36.82, 423875
36.83, 423875
36.84, 423875
36.85, 423875
36.86, 423875
36.87, 423875
36.88, 423875
36.89, 423875
36.9, 423875
36.91, 423875
36.92, 423875
36.93, 423875
36.94, 423875
36.95, 423875
36.96, 423875
36.97, 423875
36.98, 423875
36.99, 423875
37.0, 423875
37.01, 423875
37.02, 423875
37.03, 423875
37.04, 423875
37.05, 423875
37.06, 423875
37.07, 423875
37.08, 423875
37.09, 423875
37.1, 423875
37.11, 423875
37.12, 423875
37.13, 423875
37.14, 423875
37.15, 423875
37.16, 423875
37.17, 423875
37.18, 423875
37.19, 423875
37.2, 423875
37.21, 423875
37.22, 423875
37.23, 423875
37.24, 423875
37.25, 423875
37.26, 423875
37.27, 423875
37.28, 423875
37.29, 423875
37.3, 423875
37.31, 423875
37.32, 423875
37.33, 423875
37.34, 423875
37.35, 423875
37.36, 423875
37.37, 423875
37.38, 423875
37.39, 423875
37.4, 423875
37.41, 423875
37.42, 423875
37.43, 423875
37.44, 423875
37.45, 423875
37.46, 423875
37.47, 423875
37.48, 423875
37.49, 423875
37.5, 423875
37.51, 423875
37.52, 423875
37.53, 423875
37.54, 423875
37.55, 423875
37.56, 423875
37.57, 423875
37.58, 423875
37.59, 423875
37.6, 423875
37.61, 423875
37.62, 423875
37.63, 423875
37.64, 423875
37.65, 423875
37.66, 423875
37.67, 423875
37.68, 423875
37.69, 423875
37.7, 423875
37.71, 423875
37.72, 423875
37.73, 423875
37.74, 423875
37.75, 423875
37.76, 423875
37.77, 423875
37.78, 423875
37.79, 423875
37.8, 423875
37.81, 423875
37.82, 423875
37.83, 423875
37.84, 423875
37.85, 423875
37.86, 423875
37.87, 423875
37.88, 423875
37.89, 423875
37.9, 423875
37.91, 423875
37.92, 423875
37.94, 423875
37.96, 423875
37.97, 423875
37.98, 423875
37.99, 423875
38.0, 423875
38.01, 423875
38.02, 423875
38.03, 423875
38.04, 423875
38.05, 423875
38.06, 423875
38.07, 423875
38.08, 423875
38.09, 423875
38.1, 423875
38.11, 423875
38.12, 423875
38.13, 423875
38.14, 423875
38.15, 423875
38.16, 423875
38.17, 423875
38.18, 423875
38.19, 423875
38.2, 423875
38.21, 423875
38.22, 423875
38.23, 423875
38.24, 423875
38.25, 423875
38.26, 423875
38.27, 423875
38.28, 423875
38.29, 423875
38.3, 423875
38.31, 423875
38.32, 423875
38.33, 423875
38.34, 423875
38.35, 423875
38.36, 423875
38.37, 423875
38.38, 423875
38.39, 423875
38.4, 423875
38.41, 423875
38.42, 423875
38.43, 423875
38.44, 423875
38.45, 423875
38.46, 423875
38.47, 423875
38.48, 423875
38.49, 423875
38.5, 423875
38.51, 423875
38.52, 423875
38.53, 423875
38.54, 423875
38.55, 423875
38.56, 423875
38.57, 423875
38.58, 423875
38.59, 423875
38.6, 423875
38.61, 423875
38.62, 423875
38.63, 423875
38.64, 423875
38.65, 423875
38.66, 423875
38.67, 423875
38.68, 423875
38.69, 423875
38.7, 423875
38.71, 423875
38.72, 423875
38.73, 423875
38.74, 423875
38.75, 423875
38.76, 423875
38.77, 423875
38.78, 423875
38.79, 423875
38.8, 423875
38.81, 423875
38.82, 423875
38.83, 423875
38.84, 423875
38.85, 423875
38.86, 423875
38.87, 423875
38.88, 423875
38.89, 423875
38.9, 423875
38.91, 423875
38.92, 423875
38.93, 423875
38.94, 423875
38.95, 423875
38.96, 423875
38.97, 423875
38.98, 423875
38.99, 423875
39.0, 423875
39.01, 423875
39.02, 423875
39.03, 423875
39.04, 423875
39.05, 423875
39.06, 423875
39.07, 423875
39.08, 423875
39.09, 423875
39.1, 423875
39.11, 423875
39.12, 423875
39.13, 423875
39.14, 423875
39.15, 423875
39.16, 423875
39.17, 423875
39.18, 423875
39.19, 423875
39.2, 423875
39.21, 423875
39.22, 423875
39.23, 423875
39.24, 423875
39.25, 423875
39.26, 423875
39.27, 423875
39.28, 423875
39.29, 423875
39.3, 423875
39.31, 423875
39.32, 423875
39.33, 423875
39.34, 423875
39.35, 423875
39.36, 423875
39.37, 423875
39.38, 423875
39.39, 423875
39.4, 423875
39.41, 423875
39.42, 423875
39.43, 423875
39.44, 423875
39.45, 423875
39.46, 423875
39.47, 423875
39.48, 423875
39.49, 423875
39.5, 423875
39.51, 423875
39.52, 423875
39.53, 423875
39.54, 423875
39.55, 423875
39.56, 423875
39.57, 423875
39.58, 423875
39.59, 423875
39.6, 423875
39.61, 423875
39.62, 423875
39.63, 423875
39.64, 423875
39.65, 423875
39.66, 423875
39.67, 423875
39.68, 423875
39.69, 423875
39.7, 423875
39.71, 423875
39.72, 423875
39.73, 423875
39.74, 423875
39.75, 423875
39.76, 423875
39.77, 423875
39.78, 423875
39.79, 423875
39.8, 423875
39.81, 423875
39.82, 423875
39.83, 423875
39.84, 423875
39.85, 423875
39.86, 423875
39.87, 423875
39.88, 423875
39.89, 423875
39.9, 423875
39.91, 423875
39.92, 423875
39.93, 423875
39.94, 423875
39.95, 423875
39.96, 423875
39.97, 423875
39.98, 423875
39.99, 423875
40.0, 423875
40.01, 423875
40.02, 423875
40.03, 423875
40.04, 423875
40.05, 423875
40.06, 423875
40.07, 423875
40.08, 423875
40.09, 423875
40.1, 423875
40.11, 423875
40.12, 423875
40.13, 423875
40.14, 423875
40.15, 423875
40.16, 423875
40.17, 423875
40.18, 423875
40.19, 423875
40.2, 423875
40.21, 423875
40.22, 423875
40.23, 423875
40.24, 423875
40.25, 423875
40.26, 423875
40.27, 423875
40.28, 423875
40.29, 423875
40.3, 423875
40.31, 423875
40.32, 423875
40.33, 423875
40.34, 423875
40.35, 423875
40.36, 423875
40.37, 423875
40.38, 423875
40.39, 423875
40.4, 423875
40.41, 423875
40.42, 423875
40.43, 423875
40.44, 423875
40.45, 423875
40.46, 423875
40.47, 423875
40.48, 423875
40.49, 423875
40.5, 423875
40.51, 423875
40.52, 423875
40.53, 423875
40.54, 423875
40.55, 423875
40.56, 423875
40.57, 423875
40.58, 423875
40.59, 423875
40.6, 423875
40.61, 423875
40.62, 423875
40.63, 423875
40.64, 423875
40.65, 423875
40.66, 423875
40.67, 423875
40.68, 423875
40.69, 423875
40.7, 423875
40.71, 423875
40.72, 423875
40.73, 423875
40.74, 423875
40.75, 423875
40.76, 423875
40.77, 423875
40.78, 423875
40.79, 423875
40.8, 423875
40.81, 423875
40.82, 423875
40.83, 423875
40.84, 423875
40.85, 423875
40.86, 423875
40.87, 423875
40.88, 423875
40.89, 423875
40.9, 423875
40.91, 423875
40.92, 423875
40.93, 423875
40.94, 423875
40.95, 423875
40.96, 423875
40.97, 423875
40.98, 423875
40.99, 423875
41.0, 423875
41.01, 423875
41.02, 423875
41.03, 423875
41.04, 423875
41.05, 423875
41.06, 423875
41.07, 423875
41.08, 423875
41.09, 423875
41.1, 423875
41.11, 423875
41.12, 423875
41.13, 423875
41.14, 423875
41.15, 423875
41.16, 423875
41.17, 423875
41.18, 423875
41.19, 423875
41.2, 423875
41.21, 423875
41.22, 423875
41.23, 423875
41.24, 423875
41.25, 423875
41.26, 423875
41.27, 423875
41.28, 423875
41.29, 423875
41.3, 423875
41.31, 423875
41.32, 423875
41.33, 423875
41.34, 423875
41.35, 423875
41.36, 423875
41.37, 423875
41.38, 423875
41.39, 423875
41.4, 423875
41.41, 423875
41.42, 423875
41.43, 423875
41.44, 423875
41.45, 423875
41.46, 423875
41.47, 423875
41.48, 423875
41.49, 423875
41.5, 423875
41.51, 423875
41.52, 423875
41.53, 423875
41.54, 423875
41.55, 423875
41.56, 423875
41.57, 423875
41.58, 423875
41.59, 423875
41.6, 423875
41.61, 423875
41.62, 423875
41.63, 423875
41.64, 423875
41.65, 423875
41.66, 423875
41.67, 423875
41.68, 423875
41.69, 423875
41.7, 423875
41.71, 423875
41.72, 423875
41.73, 423875
41.74, 423875
41.75, 423875
41.76, 423875
41.77, 423875
41.78, 423875
41.79, 423875
41.8, 423875
41.81, 423875
41.82, 423875
41.83, 423875
41.84, 423875
41.85, 423875
41.86, 423875
41.87, 423875
41.88, 423875
41.89, 423875
41.9, 423875
41.91, 423875
41.92, 423875
41.93, 423875
41.94, 423875
41.95, 423875
41.96, 423875
41.97, 423875
41.98, 423875
41.99, 423875
42.0, 423875
42.01, 423875
42.02, 423875
42.03, 423875
42.04, 423875
42.05, 423875
42.06, 423875
42.07, 423875
42.08, 423875
42.09, 423875
42.1, 423875
42.11, 423875
42.12, 423875
42.13, 423875
42.14, 423875
42.15, 423875
42.16, 423875
42.17, 423875
42.18, 423875
42.19, 423875
42.2, 423875
42.21, 423875
42.22, 423875
42.23, 423875
42.24, 423875
42.25, 423875
42.26, 423875
42.27, 423875
42.28, 423875
42.29, 423875
42.3, 423875
42.31, 423875
42.32, 423875
42.33, 423875
42.34, 423875
42.35, 423875
42.36, 423875
42.37, 423875
42.38, 423875
42.39, 423875
42.4, 423875
42.41, 423875
42.42, 423875
42.43, 423875
42.44, 423875
42.45, 423875
42.46, 423875
42.47, 423875
42.48, 423875
42.49, 423875
42.5, 423875
42.51, 423875
42.52, 423875
42.53, 423875
42.54, 423875
42.55, 423875
42.56, 423875
42.57, 423875
42.58, 423875
42.59, 423875
42.6, 423875
42.61, 423875
42.62, 423875
42.63, 423875
42.64, 423875
42.65, 423875
42.66, 423875
42.67, 423875
42.68, 423875
42.69, 423875
42.7, 423875
42.71, 423875
42.72, 423875
42.73, 423875
42.74, 423875
42.75, 423875
42.76, 423875
42.77, 423875
42.78, 423875
42.79, 423875
42.8, 423875
42.81, 423875
42.82, 423875
42.83, 423875
42.84, 423875
42.85, 423875
42.86, 423875
42.87, 423875
42.88, 423875
42.89, 423875
42.9, 423875
42.91, 423875
42.92, 423875
42.93, 423875
42.94, 423875
42.95, 423875
42.96, 423875
42.97, 423875
42.98, 423875
42.99, 423875
43.0, 423875
43.01, 423875
43.02, 423875
43.03, 423875
43.04, 423875
43.05, 423875
43.06, 423875
43.07, 423875
43.08, 423875
43.09, 423875
43.1, 423875
43.11, 423875
43.12, 423875
43.13, 423875
43.14, 423875
43.15, 423875
43.16, 423875
43.17, 423875
43.18, 423875
43.19, 423875
43.2, 423875
43.21, 423875
43.22, 423875
43.23, 423875
43.24, 423875
43.25, 423875
43.26, 423875
43.27, 423875
43.28, 423875
43.29, 423875
43.3, 423875
43.31, 423875
43.32, 423875
43.33, 423875
43.34, 423875
43.35, 423875
43.36, 423875
43.37, 423875
43.38, 423875
43.39, 423875
43.4, 423875
43.41, 423875
43.42, 423875
43.43, 423875
43.44, 423875
43.45, 423875
43.46, 423875
43.47, 423875
43.48, 423875
43.49, 423875
43.5, 423875
43.51, 423875
43.52, 423875
43.53, 423875
43.54, 423875
43.55, 423875
43.56, 423875
43.57, 423875
43.58, 423875
43.59, 423875
43.6, 423875
43.61, 423875
43.62, 423875
43.63, 423875
43.64, 423875
43.65, 423875
43.66, 423875
43.67, 423875
43.68, 423875
43.69, 423875
43.7, 423875
43.71, 423875
43.72, 423875
43.73, 423875
43.74, 423875
43.75, 423875
43.76, 423875
43.77, 423875
43.78, 423875
43.79, 423875
43.8, 423875
43.81, 423875
43.82, 423875
43.83, 423875
43.84, 423875
43.85, 423875
43.86, 423875
43.87, 423875
43.88, 423875
43.89, 423875
43.9, 423875
43.91, 423875
43.92, 423875
43.93, 423875
43.94, 423875
43.95, 423875
43.96, 423875
43.97, 423875
43.98, 423875
43.99, 423875
44.0, 423875
44.01, 423875
44.02, 423875
44.03, 423875
44.04, 423875
44.05, 423875
44.06, 423875
44.07, 423875
44.08, 423875
44.09, 423875
44.1, 423875
44.11, 423875
44.12, 423875
44.13, 423875
44.14, 423875
44.15, 423875
44.16, 423875
44.17, 423875
44.18, 423875
44.19, 423875
44.2, 423875
44.21, 423875
44.22, 423875
44.23, 423875
44.24, 423875
44.25, 423875
44.26, 423875
44.27, 423875
44.28, 423875
44.29, 423875
44.3, 423875
44.31, 423875
44.32, 423875
44.33, 423875
44.34, 423875
44.35, 423875
44.36, 423875
44.37, 423875
44.38, 423875
44.39, 423875
44.4, 423875
44.41, 423875
44.42, 423875
44.43, 423875
44.44, 423875
44.45, 423875
44.46, 423875
44.47, 423875
44.48, 423875
44.49, 423875
44.5, 423875
44.51, 423875
44.52, 423875
44.53, 423875
44.54, 423875
44.55, 423875
44.56, 423875
44.57, 423875
44.58, 423875
44.59, 423875
44.6, 423875
44.61, 423875
44.62, 423875
44.63, 423875
44.64, 423875
44.65, 423875
44.66, 423875
44.67, 423875
44.68, 423875
44.69, 423875
44.7, 423875
44.71, 423875
44.72, 423875
44.73, 423875
44.74, 423875
44.75, 423875
44.76, 423875
44.77, 423875
44.78, 423875
44.79, 423875
44.8, 423875
44.81, 423875
44.82, 423875
44.83, 423875
44.84, 423875
44.85, 423875
44.86, 423875
44.87, 423875
44.88, 423875
44.89, 423875
44.9, 423875
44.91, 423875
44.92, 423875
44.93, 423875
44.94, 423875
44.95, 423875
44.96, 423875
44.97, 423875
44.98, 423875
44.99, 423875
45.0, 423875
45.01, 423875
45.02, 423875
45.03, 423875
45.04, 423875
45.05, 423875
45.06, 423875
45.07, 423875
45.08, 423875
45.09, 423875
45.1, 423875
45.11, 423875
45.12, 423875
45.13, 423875
45.14, 423875
45.15, 423875
45.16, 423875
45.17, 423875
45.18, 423875
45.19, 423875
45.2, 423875
45.21, 423875
45.22, 423875
45.23, 423875
45.24, 423875
45.25, 423875
45.26, 423875
45.27, 423875
45.28, 423875
45.29, 423875
45.3, 423875
45.31, 423875
45.32, 423875
45.33, 423875
45.34, 423875
45.35, 423875
45.36, 423875
45.37, 423875
45.38, 423875
45.39, 423875
45.4, 423875
45.41, 423875
45.42, 423875
45.43, 423875
45.44, 423875
45.45, 423875
45.46, 423875
45.47, 423875
45.48, 423875
45.49, 423875
45.5, 423875
45.51, 423875
45.52, 423875
45.53, 423875
45.54, 423875
45.55, 423875
45.56, 423875
45.57, 423875
45.58, 423875
45.59, 423875
45.6, 423875
45.61, 423875
45.62, 423875
45.63, 423875
45.64, 423875
45.65, 423875
45.66, 423875
45.67, 423875
45.68, 423875
45.69, 423875
45.7, 423875
45.71, 423875
45.72, 423875
45.73, 423875
45.74, 423875
45.75, 423875
45.76, 423875
45.77, 423875
45.78, 423875
45.79, 423875
45.8, 423875
45.81, 423875
45.82, 423875
45.83, 423875
45.84, 423875
45.85, 423875
45.86, 423875
45.87, 423875
45.88, 423875
45.89, 423875
45.9, 423875
45.91, 423875
45.92, 423875
45.93, 423875
45.94, 423875
45.95, 423875
45.96, 423875
45.97, 423875
45.98, 423875
45.99, 423875
46.0, 423875
46.01, 423875
46.02, 423875
46.03, 423875
46.04, 423875
46.05, 423875
46.06, 423875
46.07, 423875
46.08, 423875
46.09, 423875
46.1, 423875
46.11, 423875
46.12, 423875
46.13, 423875
46.14, 423875
46.15, 423875
46.16, 423875
46.17, 423875
46.18, 423875
46.19, 423875
46.2, 423875
46.21, 423875
46.22, 423875
46.23, 423875
46.24, 423875
46.25, 423875
46.26, 423875
46.27, 423875
46.28, 423875
46.29, 423875
46.3, 423875
46.31, 423875
46.32, 423875
46.33, 423875
46.34, 423875
46.35, 423875
46.36, 423875
46.37, 423875
46.38, 423875
46.39, 423875
46.4, 423875
46.41, 423875
46.42, 423875
46.43, 423875
46.44, 423875
46.45, 423875
46.46, 423875
46.47, 423875
46.48, 423875
46.49, 423875
46.5, 423875
46.51, 423875
46.52, 423875
46.53, 423875
46.54, 423875
46.55, 423875
46.56, 423875
46.57, 423875
46.58, 423875
46.59, 423875
46.6, 423875
46.61, 423875
46.62, 423875
46.63, 423875
46.64, 423875
46.65, 423875
46.66, 423875
46.67, 423875
46.68, 423875
46.69, 423875
46.7, 423875
46.71, 423875
46.72, 423875
46.73, 423875
46.74, 423875
46.75, 423875
46.76, 423875
46.77, 423875
46.78, 423875
46.79, 423875
46.8, 423875
46.81, 423875
46.82, 423875
46.83, 423875
46.84, 423875
46.85, 423875
46.86, 423875
46.87, 423875
46.88, 423875
46.89, 423875
46.9, 423875
46.91, 423875
46.92, 423875
46.93, 423875
46.94, 423875
46.95, 423875
46.96, 423875
46.97, 423875
46.98, 423875
46.99, 423875
47.0, 423875
47.01, 423875
47.02, 423875
47.03, 423875
47.04, 423875
47.05, 423875
47.06, 423875
47.07, 423875
47.1, 423875
47.11, 423875
47.12, 423875
47.13, 423875
47.14, 423875
47.15, 423875
47.16, 423875
47.17, 423875
47.18, 423875
47.19, 423875
47.2, 423875
47.21, 423875
47.22, 423875
47.23, 423875
47.24, 423875
47.25, 423875
47.26, 423875
47.27, 423875
47.28, 423875
47.29, 423875
47.3, 423875
47.31, 423875
47.32, 423875
47.33, 423875
47.34, 423875
47.35, 423875
47.36, 423875
47.37, 423875
47.38, 423875
47.39, 423875
47.4, 423875
47.41, 423875
47.42, 423875
47.43, 423875
47.44, 423875
47.45, 423875
47.46, 423875
47.47, 423875
47.48, 423875
47.49, 423875
47.5, 423875
47.51, 423875
47.52, 423875
47.53, 423875
47.54, 423875
47.55, 423875
47.56, 423875
47.57, 423875
47.58, 423875
47.59, 423875
47.6, 423875
47.61, 423875
47.62, 423875
47.63, 423875
47.64, 423875
47.65, 423875
47.66, 423875
47.67, 423875
47.68, 423875
47.69, 423875
47.7, 423875
47.71, 423875
47.72, 423875
47.73, 423875
47.74, 423875
47.75, 423875
47.76, 423875
47.77, 423875
47.78, 423875
47.79, 423875
47.8, 423875
47.81, 423875
47.82, 423875
47.83, 423875
47.84, 423875
47.85, 423875
47.86, 423875
47.87, 423875
47.88, 423875
47.89, 423875
47.9, 423875
47.91, 423875
47.92, 423875
47.93, 423875
47.94, 423875
47.95, 423875
47.96, 423875
47.97, 423875
47.98, 423875
47.99, 423875
48.0, 423875
48.01, 423875
48.02, 423875
48.03, 423875
48.04, 423875
48.05, 423875
48.06, 423875
48.07, 423875
48.08, 423875
48.09, 423875
48.1, 423875
48.11, 423875
48.12, 423875
48.13, 423875
48.14, 423875
48.15, 423875
48.16, 423875
48.17, 423875
48.18, 423875
48.19, 423875
48.2, 423875
48.21, 423875
48.22, 423875
48.23, 423875
48.24, 423875
48.25, 423875
48.26, 423875
48.27, 423875
48.28, 423875
48.29, 423875
48.3, 423875
48.31, 423875
48.32, 423875
48.33, 423875
48.34, 423875
48.35, 423875
48.36, 423875
48.37, 423875
48.38, 423875
48.39, 423875
48.4, 423875
48.41, 423875
48.42, 423875
48.43, 423875
48.44, 423875
48.45, 423875
48.46, 423875
48.47, 423875
48.48, 423875
48.49, 423875
48.5, 423875
48.51, 423875
48.52, 423875
48.53, 423875
48.54, 423875
48.55, 423875
48.56, 423875
48.57, 423875
48.58, 423875
48.59, 423875
48.6, 423875
48.61, 423875
48.62, 423875
48.63, 423875
48.64, 423875
48.65, 423875
48.66, 423875
48.67, 423875
48.68, 423875
48.69, 423875
48.7, 423875
48.71, 423875
48.72, 423875
48.73, 423875
48.74, 423875
48.75, 423875
48.76, 423875
48.77, 423875
48.78, 423875
48.79, 423875
48.8, 423875
48.81, 423875
48.82, 423875
48.83, 423875
48.84, 423875
48.85, 423875
48.86, 423875
48.87, 423875
48.88, 423875
48.89, 423875
48.9, 423875
48.91, 423875
48.92, 423875
48.93, 423875
48.94, 423875
48.95, 423875
48.96, 423875
48.97, 423875
48.98, 423875
48.99, 423875
49.0, 423875
49.01, 423875
49.02, 423875
49.03, 423875
49.04, 423875
49.05, 423875
49.06, 423875
49.07, 423875
49.08, 423875
49.09, 423875
49.1, 423875
49.11, 423875
49.12, 423875
49.13, 423875
49.14, 423875
49.15, 423875
49.16, 423875
49.17, 423875
49.18, 423875
49.19, 423875
49.2, 423875
49.21, 423875
49.22, 423875
49.23, 423875
49.24, 423875
49.25, 423875
49.26, 423875
49.27, 423875
49.28, 423875
49.29, 423875
49.3, 423875
49.31, 423875
49.32, 423875
49.33, 423875
49.34, 423875
49.35, 423875
49.36, 423875
49.37, 423875
49.38, 423875
49.39, 423875
49.4, 423875
49.41, 423875
49.42, 423875
49.43, 423875
49.44, 423875
49.45, 423875
49.46, 423875
49.47, 423875
49.48, 423875
49.49, 423875
49.5, 423875
49.51, 423875
49.52, 423875
49.53, 423875
49.54, 423875
49.55, 423875
49.56, 423875
49.57, 423875
49.58, 423875
49.59, 423875
49.6, 423875
49.61, 423875
49.62, 423875
49.63, 423875
49.64, 423875
49.65, 423875
49.66, 423875
49.67, 423875
49.68, 423875
49.69, 423875
49.7, 423875
49.71, 423875
49.72, 423875
49.73, 423875
49.74, 423875
49.75, 423875
49.76, 423875
49.77, 423875
49.78, 423875
49.79, 423875
49.8, 423875
49.81, 423875
49.82, 423875
49.83, 423875
49.84, 423875
49.85, 423875
49.86, 423875
49.87, 423875
49.88, 423875
49.89, 423875
49.9, 423875
49.91, 423875
49.92, 423875
49.93, 423875
49.94, 423875
49.95, 423875
49.96, 423875
49.97, 423875
49.98, 423875
49.99, 423875
50.0, 423875
50.01, 423875
50.02, 423875
50.03, 423875
50.04, 423875
50.05, 423875
50.06, 423875
50.07, 423875
50.08, 423875
50.09, 423875
50.1, 423875
50.11, 423875
50.12, 423875
50.13, 423875
50.14, 423875
50.15, 423875
50.16, 423875
50.17, 423875
50.18, 423875
50.19, 423875
50.2, 423875
50.21, 423875
50.22, 423875
50.23, 423875
50.24, 423875
50.25, 423875
50.26, 423875
50.27, 423875
50.28, 423875
50.29, 423875
50.3, 423875
50.31, 423875
50.32, 423875
50.33, 423875
50.34, 423875
50.35, 423875
50.36, 423875
50.37, 423875
50.38, 423875
50.39, 423875
50.4, 423875
50.41, 423875
50.42, 423875
50.43, 423875
50.44, 423875
50.45, 423875
50.46, 423875
50.47, 423875
50.48, 423875
50.49, 423875
50.5, 423875
50.51, 423875
50.52, 423875
50.53, 423875
50.54, 423875
50.55, 423875
50.56, 423875
50.57, 423875
50.58, 423875
50.59, 423875
50.6, 423875
50.61, 423875
50.62, 423875
50.63, 423875
50.64, 423875
50.65, 423875
50.66, 423875
50.67, 423875
50.68, 423875
50.69, 423875
50.7, 423875
50.71, 423875
50.72, 423875
50.73, 423875
50.74, 423875
50.75, 423875
50.76, 423875
50.77, 423875
50.78, 423875
50.79, 423875
50.8, 423875
50.81, 423875
50.82, 423875
50.83, 423875
50.84, 423875
50.85, 423875
50.86, 423875
50.87, 423875
50.88, 423875
50.89, 423875
50.9, 423875
50.91, 423875
50.92, 423875
50.93, 423875
50.94, 423875
50.95, 423875
50.96, 423875
50.97, 423875
50.98, 423875
50.99, 423875
51.0, 423875
51.01, 423875
51.02, 423875
51.03, 423875
51.04, 423875
51.05, 423875
51.06, 423875
51.07, 423875
51.08, 423875
51.09, 423875
51.1, 423875
51.11, 423875
51.12, 423875
51.13, 423875
51.14, 423875
51.15, 423875
51.16, 423875
51.17, 423875
51.18, 423875
51.19, 423875
51.2, 423875
51.21, 423875
51.22, 423875
51.23, 423875
51.24, 423875
51.25, 423875
51.26, 423875
51.27, 423875
51.28, 423875
51.29, 423875
51.3, 423875
51.31, 423875
51.32, 423875
51.33, 423875
51.34, 423875
51.35, 423875
51.36, 423875
51.37, 423875
51.38, 423875
51.39, 423875
51.4, 423875
51.41, 423875
51.42, 423875
51.43, 423875
51.44, 423875
51.45, 423875
51.46, 423875
51.47, 423875
51.48, 423875
51.49, 423875
51.5, 423875
51.51, 423875
51.52, 423875
51.53, 423875
51.54, 423875
51.55, 423875
51.56, 423875
51.57, 423875
51.58, 423875
51.59, 423875
51.6, 423875
51.61, 423875
51.62, 423875
51.63, 423875
51.64, 423875
51.65, 423875
51.66, 423875
51.67, 423875
51.68, 423875
51.69, 423875
51.7, 423875
51.71, 423875
51.72, 423875
51.73, 423875
51.74, 423875
51.75, 423875
51.76, 423875
51.77, 423875
51.78, 423875
51.79, 423875
51.8, 423875
51.81, 423875
51.82, 423875
51.83, 423875
51.84, 423875
51.85, 423875
51.86, 423875
51.87, 423875
51.88, 423875
51.89, 423875
51.9, 423875
51.91, 423875
51.92, 423875
51.93, 423875
51.94, 423875
51.95, 423875
51.96, 423875
51.97, 423875
51.98, 423875
51.99, 423875
52.0, 423875
52.01, 423875
52.02, 423875
52.03, 423875
52.04, 423875
52.05, 423875
52.06, 423875
52.07, 423875
52.08, 423875
52.09, 423875
52.1, 423875
52.11, 423875
52.12, 423875
52.13, 423875
52.14, 423875
52.15, 423875
52.16, 423875
52.17, 423875
52.18, 423875
52.19, 423875
52.2, 423875
52.21, 423875
52.22, 423875
52.23, 423875
52.24, 423875
52.25, 423875
52.26, 423875
52.27, 423875
52.28, 423875
52.29, 423875
52.3, 423875
52.31, 423875
52.32, 423875
52.33, 423875
52.34, 423875
52.35, 423875
52.36, 423875
52.37, 423875
52.38, 423875
52.39, 423875
52.4, 423875
52.41, 423875
52.42, 423875
52.43, 423875
52.44, 423875
52.45, 423875
52.46, 423875
52.47, 423875
52.48, 423875
52.49, 423875
52.5, 423875
52.51, 423875
52.52, 423875
52.53, 423875
52.54, 423875
52.55, 423875
52.56, 423875
52.57, 423875
52.58, 423875
52.59, 423875
52.6, 423875
52.61, 423875
52.62, 423875
52.63, 423875
52.64, 423875
52.65, 423875
52.66, 423875
52.67, 423875
52.68, 423875
52.69, 423875
52.7, 423875
52.71, 423875
52.72, 423875
52.73, 423875
52.74, 423875
52.75, 423875
52.76, 423875
52.77, 423875
52.78, 423875
52.79, 423875
52.8, 423875
52.81, 423875
52.82, 423875
52.83, 423875
52.84, 423875
52.85, 423875
52.86, 423875
52.87, 423875
52.88, 423875
52.89, 423875
52.9, 423875
52.91, 423875
52.92, 423875
52.93, 423875
52.94, 423875
52.95, 423875
52.96, 423875
52.97, 423875
52.98, 423875
52.99, 423875
53.0, 423875
53.01, 423875
53.02, 423875
53.03, 423875
53.04, 423875
53.05, 423875
53.06, 423875
53.07, 423875
53.08, 423875
53.09, 423875
53.1, 423875
53.11, 423875
53.12, 423875
53.13, 423875
53.14, 423875
53.15, 423875
53.16, 423875
53.17, 423875
53.18, 423875
53.19, 423875
53.2, 423875
53.21, 423875
53.22, 423875
53.23, 423875
53.24, 423875
53.25, 423875
53.26, 423875
53.27, 423875
53.28, 423875
53.29, 423875
53.3, 423875
53.31, 423875
53.32, 423875
53.33, 423875
53.34, 423875
53.35, 423875
53.36, 423875
53.37, 423875
53.38, 423875
53.39, 423875
53.4, 423875
53.41, 423875
53.42, 423875
53.43, 423875
53.44, 423875
53.45, 423875
53.46, 423875
53.47, 423875
53.48, 423875
53.49, 423875
53.5, 423875
53.51, 423875
53.52, 423875
53.53, 423875
53.54, 423875
53.55, 423875
53.56, 423875
53.57, 423875
53.58, 423875
53.59, 423875
53.6, 423875
53.61, 423875
53.62, 423875
53.63, 423875
53.64, 423875
53.65, 423875
53.66, 423875
53.67, 423875
53.68, 423875
53.69, 423875
53.7, 423875
53.71, 423875
53.72, 423875
53.73, 423875
53.74, 423875
53.75, 423875
53.76, 423875
53.77, 423875
53.78, 423875
53.79, 423875
53.8, 423875
53.81, 423875
53.82, 423875
53.83, 423875
53.84, 423875
53.85, 423875
53.86, 423875
53.87, 423875
53.88, 423875
53.89, 423875
53.9, 423875
53.91, 423875
53.92, 423875
53.93, 423875
53.94, 423875
53.95, 423875
53.96, 423875
53.97, 423875
53.98, 423875
53.99, 423875
54.0, 423875
54.01, 423875
54.02, 423875
54.03, 423875
54.04, 423875
54.05, 423875
54.06, 423875
54.07, 423875
54.08, 423875
54.09, 423875
54.1, 423875
54.11, 423875
54.12, 423875
54.13, 423875
54.14, 423875
54.15, 423875
54.16, 423875
54.17, 423875
54.18, 423875
54.19, 423875
54.2, 423875
54.21, 423875
54.22, 423875
54.23, 423875
54.24, 423875
54.25, 423875
54.26, 423875
54.27, 423875
54.28, 423875
54.29, 423875
54.3, 423875
54.31, 423875
54.32, 423875
54.33, 423875
54.34, 423875
54.35, 423875
54.36, 423875
54.37, 423875
54.38, 423875
54.39, 423875
54.4, 423875
54.41, 423875
54.42, 423875
54.43, 423875
54.44, 423875
54.45, 423875
54.46, 423875
54.47, 423875
54.48, 423875
54.49, 423875
54.5, 423875
54.51, 423875
54.52, 423875
54.53, 423875
54.54, 423875
54.55, 423875
54.56, 423875
54.57, 423875
54.58, 423875
54.59, 423875
54.6, 423875
54.61, 423875
54.62, 423875
54.63, 423875
54.64, 423875
54.65, 423875
54.66, 423875
54.67, 423875
54.68, 423875
54.69, 423875
54.7, 423875
54.71, 423875
54.72, 423875
54.73, 423875
54.74, 423875
54.75, 423875
54.76, 423875
54.77, 423875
54.78, 423875
54.79, 423875
54.8, 423875
54.81, 423875
54.82, 423875
54.83, 423875
54.84, 423875
54.85, 423875
54.86, 423875
54.87, 423875
54.88, 423875
54.89, 423875
54.9, 423875
54.91, 423875
54.92, 423875
54.93, 423875
54.94, 423875
54.95, 423875
54.96, 423875
54.97, 423875
54.98, 423875
54.99, 423875
55.0, 423875
55.01, 423875
55.02, 423875
55.03, 423875
55.04, 423875
55.05, 423875
55.06, 423875
55.07, 423875
55.08, 423875
55.09, 423875
55.1, 423875
55.11, 423875
55.12, 423875
55.13, 423875
55.14, 423875
55.15, 423875
55.16, 423875
55.17, 423875
55.18, 423875
55.19, 423875
55.2, 423875
55.21, 423875
55.22, 423875
55.23, 423875
55.24, 423875
55.25, 423875
55.26, 423875
55.27, 423875
55.28, 423875
55.29, 423875
55.3, 423875
55.31, 423875
55.32, 423875
55.33, 423875
55.34, 423875
55.35, 423875
55.36, 423875
55.37, 423875
55.38, 423875
55.39, 423875
55.4, 423875
55.41, 423875
55.42, 423875
55.43, 423875
55.44, 423875
55.45, 423875
55.46, 423875
55.47, 423875
55.48, 423875
55.49, 423875
55.5, 423875
55.51, 423875
55.52, 423875
55.53, 423875
55.54, 423875
55.55, 423875
55.56, 423875
55.57, 423875
55.58, 423875
55.59, 423875
55.6, 423875
55.61, 423875
55.62, 423875
55.63, 423875
55.64, 423875
55.65, 423875
55.66, 423875
55.67, 423875
55.68, 423875
55.69, 423875
55.7, 423875
55.71, 423875
55.72, 423875
55.73, 423875
55.74, 423875
55.75, 423875
55.76, 423875
55.77, 423875
55.78, 423875
55.79, 423875
55.8, 423875
55.81, 423875
55.82, 423875
55.83, 423875
55.84, 423875
55.85, 423875
55.86, 423875
55.87, 423875
55.88, 423875
55.89, 423875
55.9, 423875
55.94, 423875
55.95, 423875
55.96, 423875
55.97, 423875
55.98, 423875
55.99, 423875
56.0, 423875
56.01, 423875
56.02, 423875
56.03, 423875
56.04, 423875
56.05, 423875
56.06, 423875
56.07, 423875
56.08, 423875
56.09, 423875
56.1, 423875
56.11, 423875
56.12, 423875
56.13, 423875
56.14, 423875
56.15, 423875
56.16, 423875
56.17, 423875
56.18, 423875
56.19, 423875
56.2, 423875
56.21, 423875
56.22, 423875
56.23, 423875
56.24, 423875
56.25, 423875
56.26, 423875
56.27, 423875
56.28, 423875
56.29, 423875
56.3, 423875
56.31, 423875
56.32, 423875
56.33, 423875
56.34, 423875
56.35, 423875
56.36, 423875
56.37, 423875
56.38, 423875
56.39, 423875
56.4, 423875
56.41, 423875
56.42, 423875
56.43, 423875
56.44, 423875
56.45, 423875
56.46, 423875
56.47, 423875
56.48, 423875
56.49, 423875
56.5, 423875
56.51, 423875
56.52, 423875
56.53, 423875
56.54, 423875
56.55, 423875
56.56, 423875
56.57, 423875
56.58, 423875
56.59, 423875
56.6, 423875
56.61, 423875
56.62, 423875
56.63, 423875
56.64, 423875
56.65, 423875
56.66, 423875
56.67, 423875
56.68, 423875
56.69, 423875
56.7, 423875
56.71, 423875
56.72, 423875
56.73, 423875
56.74, 423875
56.75, 423875
56.76, 423875
56.77, 423875
56.78, 423875
56.79, 423875
56.8, 423875
56.81, 423875
56.82, 423875
56.83, 423875
56.84, 423875
56.85, 423875
56.86, 423875
56.87, 423875
56.88, 423875
56.89, 423875
56.9, 423875
56.91, 423875
56.92, 423875
56.93, 423875
56.94, 423875
56.95, 423875
56.96, 423875
56.97, 423875
56.98, 423875
56.99, 423875
57.0, 423875
57.01, 423875
57.02, 423875
57.03, 423875
57.04, 423875
57.05, 423875
57.06, 423875
57.07, 423875
57.08, 423875
57.09, 423875
57.1, 423875
57.11, 423875
57.12, 423875
57.13, 423875
57.14, 423875
57.15, 423875
57.16, 423875
57.17, 423875
57.18, 423875
57.19, 423875
57.2, 423875
57.21, 423875
57.22, 423875
57.23, 423875
57.24, 423875
57.25, 423875
57.26, 423875
57.27, 423875
57.28, 423875
57.29, 423875
57.3, 423875
57.31, 423875
57.32, 423875
57.33, 423875
57.34, 423875
57.35, 423875
57.36, 423875
57.37, 423875
57.38, 423875
57.39, 423875
57.4, 423875
57.41, 423875
57.42, 423875
57.43, 423875
57.44, 423875
57.45, 423875
57.46, 423875
57.47, 423875
57.48, 423875
57.49, 423875
57.5, 423875
57.51, 423875
57.52, 423875
57.53, 423875
57.54, 423875
57.55, 423875
57.56, 423875
57.57, 423875
57.58, 423875
57.59, 423875
57.6, 423875
57.61, 423875
57.62, 423875
57.63, 423875
57.64, 423875
57.65, 423875
57.66, 423875
57.67, 423875
57.68, 423875
57.69, 423875
57.7, 423875
57.71, 423875
57.72, 423875
57.73, 423875
57.74, 423875
57.75, 423875
57.76, 423875
57.77, 423875
57.78, 423875
57.79, 423875
57.8, 423875
57.81, 423875
57.82, 423875
57.83, 423875
57.84, 423875
57.85, 423875
57.86, 423875
57.87, 423875
57.88, 423875
57.89, 423875
57.9, 423875
57.91, 423875
57.92, 423875
57.93, 423875
57.94, 423875
57.95, 423875
57.96, 423875
57.97, 423875
57.98, 423875
57.99, 423875
58.0, 423875
58.01, 423875
58.02, 423875
58.03, 423875
58.04, 423875
58.05, 423875
58.06, 423875
58.07, 423875
58.08, 423875
58.09, 423875
58.1, 423875
58.11, 423875
58.12, 423875
58.13, 423875
58.14, 423875
58.15, 423875
58.16, 423875
58.17, 423875
58.18, 423875
58.19, 423875
58.2, 423875
58.21, 423875
58.22, 423875
58.23, 423875
58.24, 423875
58.25, 423875
58.26, 423875
58.27, 423875
58.28, 423875
58.29, 423875
58.3, 423875
58.31, 423875
58.32, 423875
58.33, 423875
58.34, 423875
58.35, 423875
58.36, 423875
58.37, 423875
58.38, 423875
58.39, 423875
58.4, 423875
58.41, 423875
58.42, 423875
58.43, 423875
58.44, 423875
58.45, 423875
58.46, 423875
58.47, 423875
58.48, 423875
58.49, 423875
58.5, 423875
58.51, 423875
58.52, 423875
58.53, 423875
58.54, 423875
58.55, 423875
58.56, 423875
58.57, 423875
58.58, 423875
58.59, 423875
58.6, 423875
58.61, 423875
58.62, 423875
58.63, 423875
58.64, 423875
58.65, 423875
58.66, 423875
58.67, 423875
58.68, 423875
58.69, 423875
58.7, 423875
58.71, 423875
58.72, 423875
58.73, 423875
58.74, 423875
58.75, 423875
58.76, 423875
58.77, 423875
58.78, 423875
58.79, 423875
58.8, 423875
58.81, 423875
58.82, 423875
58.83, 423875
58.84, 423875
58.85, 423875
58.86, 423875
58.87, 423875
58.88, 423875
58.89, 423875
58.9, 423875
58.91, 423875
58.92, 423875
58.93, 423875
58.94, 423875
58.95, 423875
58.96, 423875
58.97, 423875
58.98, 423875
58.99, 423875
59.0, 423875
59.01, 423875
59.02, 423875
59.03, 423875
59.04, 423875
59.05, 423875
59.06, 423875
59.07, 423875
59.08, 423875
59.09, 423875
59.1, 423875
59.11, 423875
59.12, 423875
59.13, 423875
59.14, 423875
59.15, 423875
59.16, 423875
59.17, 423875
59.18, 423875
59.19, 423875
59.2, 423875
59.21, 423875
59.22, 423875
59.23, 423875
59.24, 423875
59.25, 423875
59.26, 423875
59.27, 423875
59.28, 423875
59.29, 423875
59.3, 423875
59.31, 423875
59.32, 423875
59.33, 423875
59.34, 423875
59.35, 423875
59.36, 423875
59.37, 423875
59.38, 423875
59.39, 423875
59.4, 423875
59.41, 423875
59.42, 423875
59.43, 423875
59.44, 423875
59.45, 423875
59.46, 423875
59.47, 423875
59.48, 423875
59.49, 423875
59.5, 423875
59.51, 423875
59.52, 423875
59.53, 423875
59.54, 423875
59.55, 423875
59.56, 423875
59.57, 423875
59.58, 423875
59.59, 423875
59.6, 423875
59.61, 423875
59.62, 423875
59.63, 423875
59.64, 423875
59.65, 423875
59.66, 423875
59.67, 423875
59.68, 423875
59.69, 423875
59.7, 423875
59.71, 423875
59.72, 423875
59.73, 423875
59.74, 423875
59.75, 423875
59.76, 423875
59.77, 423875
59.78, 423875
59.79, 423875
59.8, 423875
59.81, 423875
59.82, 423875
59.83, 423875
59.84, 423875
59.85, 423875
59.86, 423875
59.87, 423875
59.88, 423875
59.89, 423875
59.9, 423875
59.91, 423875
59.92, 423875
59.93, 423875
59.94, 423875
59.95, 423875
59.96, 423875
59.97, 423875
59.98, 423875
59.99, 423875
