0.0, 6471853
0.01, 6471853
0.02, 6471853
0.03, 6471853
0.04, 6471853
0.05, 6471853
0.06, 6471853
0.07, 6439771
0.08, 6439771
0.09, 6303238
0.1, 6303238
0.11, 6257069
0.12, 5983776
0.13, 5983776
0.14, 5983776
0.15, 5983776
0.16, 5983776
0.17, 5983776
0.18, 5983776
0.19, 5807395
0.2, 5807395
0.21, 5807395
0.22, 5807395
0.23, 5807395
0.24, 5807395
0.25, 5807395
0.26, 5807395
0.27, 5807395
0.28, 5807395
0.29, 5807395
0.3, 5807395
0.31, 5807395
0.32, 5807395
0.33, 5807395
0.34, 5807395
0.35, 5807395
0.36, 5807395
0.37, 5807395
0.38, 5807395
0.39, 5807395
0.4, 5807395
0.41, 5807395
0.42, 5807395
0.43, 5807395
0.44, 5807395
0.45, 5807395
0.46, 5807395
0.47, 5807395
0.48, 5807395
0.49, 5807395
0.5, 5807395
0.51, 5807395
0.52, 5807395
0.53, 5807395
0.54, 5807395
0.55, 5807395
0.56, 5807395
0.57, 5807395
0.58, 5807395
0.59, 5807395
0.6, 5807395
0.61, 5807395
0.62, 5807395
0.63, 5807395
0.64, 5807395
0.65, 5807395
0.66, 5807395
0.67, 5807395
0.68, 5807395
0.69, 5807395
0.7, 5807395
0.71, 5807395
0.72, 5807395
0.73, 5807395
0.74, 5807395
0.75, 5807395
0.76, 5807395
0.77, 5807395
0.78, 5807395
0.79, 5807395
0.8, 5807395
0.81, 5807395
0.82, 5807395
0.83, 5807395
0.84, 5807395
0.85, 5807395
0.86, 5807395
0.87, 5807395
0.88, 5807395
0.89, 5807395
0.9, 5807395
0.91, 5807395
0.92, 5807395
0.93, 5807395
0.94, 5807395
0.95, 5807395
0.96, 5807395
0.97, 5807395
0.98, 5807395
0.99, 5807395
1.0, 5807395
1.01, 5807395
1.02, 5807395
1.03, 5807395
1.04, 5807395
1.05, 5807395
1.06, 5807395
1.07, 5807395
1.08, 5807395
1.09, 5807395
1.1, 5807395
1.11, 5807395
1.12, 5807395
1.13, 5807395
1.14, 5807395
1.15, 5807395
1.16, 5807395
1.17, 5807395
1.18, 5807395
1.19, 5807395
1.2, 5807395
1.21, 5807395
1.22, 5807395
1.23, 5807395
1.24, 5807395
1.25, 5807395
1.26, 5807395
1.27, 5807395
1.28, 5807395
1.29, 5807395
1.3, 5807395
1.31, 5807395
1.32, 5807395
1.33, 5807395
1.34, 5807395
1.35, 5807395
1.36, 5807395
1.37, 5807395
1.38, 5807395
1.39, 5807395
1.4, 5807395
1.41, 5807395
1.42, 5796669
1.43, 5796669
1.44, 5796669
1.45, 5796669
1.46, 5796669
1.47, 5796669
1.48, 5796669
1.49, 5796669
1.5, 5796669
1.51, 5796669
1.52, 5796669
1.53, 5796669
1.54, 5796669
1.55, 5796669
1.56, 5796669
1.57, 5796669
1.58, 5796669
1.59, 5796669
1.6, 5796669
1.61, 5796669
1.62, 5796669
1.63, 5796669
1.64, 5796669
1.65, 5796669
1.66, 5796669
1.67, 5796669
1.68, 5796669
1.69, 5796669
1.7, 5796669
1.71, 5796669
1.72, 5796669
1.73, 5796669
1.74, 5796669
1.75, 5796669
1.76, 5796669
1.77, 5796669
1.78, 5796669
1.79, 5796669
1.8, 5796669
1.81, 5796669
1.82, 5796669
1.83, 5796669
1.84, 5796669
1.85, 5796669
1.86, 5796669
1.87, 5796669
1.88, 5796669
1.89, 5796669
1.9, 5796669
1.91, 5796669
1.92, 5796669
1.93, 5796669
1.94, 5796669
1.95, 5796669
1.96, 5796669
1.97, 5796669
1.98, 5796669
1.99, 5796669
2.0, 5796669
2.01, 5796669
2.02, 5796669
2.03, 5796669
2.04, 5796669
2.05, 5796669
2.06, 5796669
2.07, 5796669
2.08, 5796669
2.09, 5796669
2.1, 5796669
2.11, 5796669
2.12, 5796669
2.13, 5796669
2.14, 5796669
2.15, 5796669
2.16, 5796669
2.17, 5796669
2.18, 5796669
2.19, 5796669
2.2, 5796669
2.21, 5796669
2.22, 5796669
2.23, 5796669
2.24, 5796669
2.25, 5796669
2.26, 5796669
2.27, 5796669
2.28, 5796669
2.29, 5796669
2.3, 5796669
2.31, 5796669
2.32, 5796669
2.33, 5796669
2.34, 5796669
2.35, 5796669
2.36, 5796669
2.37, 5796669
2.38, 5796669
2.39, 5796669
2.4, 5796669
2.41, 5796669
2.42, 5796669
2.43, 5796669
2.44, 5796669
2.45, 5796669
2.46, 5796669
2.47, 5796669
2.48, 5796669
2.49, 5796669
2.5, 5796669
2.51, 5796669
2.52, 5796669
2.53, 5796669
2.54, 5796669
2.55, 5796669
2.56, 5796669
2.57, 5796669
2.58, 5796669
2.59, 5796669
2.6, 5796669
2.61, 5796669
2.62, 5796669
2.63, 5796669
2.64, 5796669
2.65, 5796669
2.66, 5796669
2.67, 5796669
2.68, 5796669
2.69, 5796669
2.7, 5796669
2.71, 5796669
2.72, 5796669
2.73, 5796669
2.74, 5796669
2.75, 5796669
2.76, 5796669
2.77, 5796669
2.78, 5796669
2.79, 5796669
2.8, 5796669
2.81, 5796669
2.82, 5796669
2.83, 5796669
2.84, 5796669
2.85, 5796669
2.86, 5796669
2.87, 5796669
2.88, 5796669
2.89, 5796669
2.9, 5796669
2.91, 5796669
2.92, 5796669
2.93, 5796669
2.94, 5796669
2.95, 5796669
2.96, 5796669
2.97, 5796669
2.98, 5796669
2.99, 5796669
3.0, 5796669
3.01, 5796669
3.02, 5796669
3.03, 5796669
3.04, 5796669
3.05, 5796669
3.06, 5796669
3.07, 5796669
3.08, 5796669
3.09, 5796669
3.1, 5796669
3.11, 5796669
3.12, 5796669
3.13, 5796669
3.14, 5796669
3.15, 5796669
3.16, 5796669
3.17, 5796669
3.18, 5796669
3.19, 5796669
3.2, 5796669
3.21, 5796669
3.22, 5796669
3.23, 5796669
3.24, 5796669
3.25, 5796669
3.26, 5796669
3.27, 5796669
3.28, 5796669
3.29, 5796669
3.3, 5796669
3.31, 5796669
3.32, 5796669
3.33, 5796669
3.34, 5796669
3.35, 5796669
3.36, 5796669
3.37, 5796669
3.38, 5796669
3.39, 5796669
3.4, 5796669
3.41, 5796669
3.42, 5796669
3.43, 5796669
3.44, 5796669
3.45, 5796669
3.46, 5796669
3.47, 5796669
3.48, 5796669
3.49, 5796669
3.5, 5796669
3.51, 5796669
3.52, 5796669
3.53, 5796669
3.54, 5796669
3.55, 5796669
3.56, 5796669
3.57, 5796669
3.58, 5796669
3.59, 5796669
3.6, 5796669
3.61, 5796669
3.62, 5796669
3.63, 5796669
3.64, 5796669
3.65, 5796669
3.66, 5796669
3.67, 5796669
3.68, 5796669
3.69, 5796669
3.7, 5796669
3.71, 5796669
3.72, 5796669
3.73, 5796669
3.74, 5796669
3.75, 5796669
3.76, 5796669
3.77, 5796669
3.78, 5796669
3.79, 5796669
3.8, 5796669
3.81, 5796669
3.82, 5796669
3.83, 5796669
3.84, 5796669
3.85, 5796669
3.86, 5796669
3.87, 5796669
3.88, 5796669
3.89, 5796669
3.9, 5796669
3.91, 5796669
3.92, 5796669
3.93, 5796669
3.94, 5796669
3.95, 5796669
3.96, 5796669
3.97, 5796669
3.98, 5796669
3.99, 5796669
4.0, 5796669
4.01, 5796669
4.02, 5796669
4.03, 5796669
4.04, 5796669
4.05, 5796669
4.06, 5796669
4.07, 5796669
4.08, 5796669
4.09, 5796669
4.1, 5796669
4.11, 5796669
4.12, 5796669
4.13, 5796669
4.14, 5796669
4.15, 5796669
4.16, 5796669
4.17, 5796669
4.18, 5796669
4.19, 5796669
4.2, 5796669
4.21, 5796669
4.22, 5796669
4.23, 5796669
4.24, 5796669
4.25, 5796669
4.26, 5796669
4.27, 5796669
4.28, 5796669
4.29, 5796669
4.3, 5796669
4.31, 5796669
4.32, 5796669
4.33, 5796669
4.34, 5796669
4.35, 5796669
4.36, 5796669
4.37, 5796669
4.38, 5796669
4.39, 5796669
4.4, 5796669
4.41, 5796669
4.42, 5796669
4.43, 5796669
4.44, 5796669
4.45, 5796669
4.46, 5796669
4.47, 5796669
4.48, 5796669
4.49, 5796669
4.5, 5796669
4.51, 5796669
4.52, 5796669
4.53, 5796669
4.54, 5796669
4.55, 5796669
4.56, 5796669
4.57, 5796669
4.58, 5796669
4.59, 5796669
4.6, 5796669
4.61, 5796669
4.62, 5796669
4.63, 5796669
4.64, 5796669
4.65, 5796669
4.66, 5796669
4.67, 5796669
4.68, 5796669
4.69, 5796669
4.7, 5796669
4.71, 5796669
4.72, 5796669
4.73, 5796669
4.74, 5796669
4.75, 5796669
4.76, 5796669
4.77, 5796669
4.78, 5796669
4.79, 5796669
4.8, 5796669
4.81, 5796669
4.82, 5796669
4.83, 5796669
4.84, 5796669
4.85, 5796669
4.86, 5796669
4.87, 5796669
4.88, 5796669
4.89, 5796669
4.9, 5796669
4.91, 5796669
4.92, 5796669
4.93, 5796669
4.94, 5796669
4.95, 5796669
4.96, 5796669
4.97, 5796669
4.98, 5796669
4.99, 5796669
5.0, 5796669
5.01, 5796669
5.02, 5796669
5.03, 5796669
5.04, 5796669
5.05, 5796669
5.06, 5796669
5.07, 5796669
5.08, 5796669
5.09, 5796669
5.1, 5796669
5.11, 5796669
5.12, 5796669
5.13, 5796669
5.14, 5796669
5.15, 5796669
5.16, 5796669
5.17, 5796669
5.18, 5796669
5.19, 5796669
5.2, 5796669
5.21, 5796669
5.22, 5796669
5.23, 5796669
5.24, 5796669
5.25, 5796669
5.26, 5796669
5.27, 5796669
5.28, 5796669
5.29, 5796669
5.3, 5796669
5.31, 5796669
5.32, 5796669
5.33, 5796669
5.34, 5796669
5.35, 5796669
5.36, 5796669
5.37, 5796669
5.38, 5796669
5.39, 5796669
5.4, 5796669
5.41, 5796669
5.42, 5796669
5.43, 5796669
5.44, 5796669
5.45, 5796669
5.46, 5796669
5.47, 5796669
5.48, 5796669
5.49, 5796669
5.5, 5796669
5.51, 5796669
5.52, 5796669
5.53, 5796669
5.54, 5796669
5.55, 5796669
5.56, 5796669
5.57, 5796669
5.58, 5796669
5.59, 5796669
5.6, 5796669
5.61, 5796669
5.62, 5796669
5.63, 5796669
5.64, 5796669
5.65, 5796669
5.66, 5796669
5.67, 5796669
5.68, 5796669
5.69, 5796669
5.7, 5796669
5.71, 5796669
5.72, 5796669
5.73, 5796669
5.74, 5796669
5.75, 5796669
5.76, 5796669
5.77, 5796669
5.78, 5796669
5.79, 5796669
5.8, 5796669
5.81, 5796669
5.82, 5796669
5.83, 5796669
5.84, 5796669
5.85, 5796669
5.86, 5796669
5.87, 5796669
5.88, 5796669
5.89, 5796669
5.9, 5796669
5.91, 5796669
5.92, 5796669
5.93, 5796669
5.94, 5796669
5.95, 5796669
5.96, 5796669
5.97, 5796669
5.98, 5796669
5.99, 5796669
6.0, 5796669
6.01, 5796669
6.02, 5796669
6.03, 5796669
6.04, 5796669
6.05, 5796669
6.06, 5796669
6.07, 5796669
6.08, 5796669
6.09, 5796669
6.1, 5796669
6.11, 5796669
6.12, 5796669
6.13, 5796669
6.14, 5796669
6.15, 5796669
6.16, 5796669
6.17, 5796669
6.18, 5796669
6.19, 5796669
6.2, 5796669
6.21, 5796669
6.22, 5796669
6.23, 5796669
6.24, 5796669
6.25, 5796669
6.26, 5796669
6.27, 5796669
6.28, 5796669
6.29, 5796669
6.3, 5796669
6.31, 5796669
6.32, 5796669
6.33, 5796669
6.34, 5796669
6.35, 5796669
6.36, 5796669
6.37, 5796669
6.38, 5796669
6.39, 5796669
6.4, 5796669
6.41, 5796669
6.42, 5796669
6.43, 5796669
6.44, 5796669
6.45, 5796669
6.46, 5796669
6.47, 5796669
6.48, 5796669
6.49, 5796669
6.5, 5796669
6.51, 5796669
6.52, 5796669
6.53, 5796669
6.54, 5796669
6.55, 5796669
6.56, 5796669
6.57, 5796669
6.58, 5796669
6.59, 5796669
6.6, 5765549
6.61, 5420851
6.62, 5420851
6.63, 5420851
6.64, 5420851
6.65, 5420851
6.66, 5420851
6.67, 5420851
6.68, 5420851
6.69, 5420851
6.7, 5420851
6.71, 5420851
6.72, 5420851
6.73, 5420851
6.74, 5420851
6.75, 5420851
6.76, 5420851
6.77, 5420851
6.78, 5420851
6.79, 5420851
6.8, 5420851
6.81, 5420851
6.82, 5420851
6.83, 5420851
6.84, 5420851
6.85, 5420851
6.86, 5420851
6.87, 5420851
6.88, 5420851
6.89, 5420851
6.9, 5420851
6.91, 5420851
6.92, 5420851
6.93, 5420851
6.94, 5420851
6.95, 5420851
6.96, 5420851
6.97, 5420851
6.98, 5420851
6.99, 5420851
7.0, 5420851
7.01, 5420851
7.02, 5420851
7.03, 5420851
7.04, 5420851
7.05, 5420851
7.06, 5420851
7.07, 5420851
7.08, 5420851
7.09, 5420851
7.1, 5420851
7.11, 5420851
7.12, 5420851
7.13, 5420851
7.14, 5420851
7.15, 5420851
7.16, 5420851
7.17, 5420851
7.18, 5420851
7.19, 5420851
7.2, 5420851
7.21, 5420851
7.22, 5420851
7.23, 5420851
7.24, 5420851
7.25, 5420851
7.26, 5420851
7.27, 5420851
7.28, 5420851
7.29, 5420851
7.3, 5420851
7.31, 5420851
7.32, 5420851
7.33, 5420851
7.34, 5420851
7.35, 5420851
7.36, 5420851
7.37, 5420851
7.38, 5420851
7.39, 5420851
7.4, 5420851
7.41, 5420851
7.42, 5420851
7.43, 5420851
7.44, 5420851
7.45, 5420851
7.46, 5420851
7.47, 5420851
7.48, 5420851
7.49, 5420851
7.5, 5420851
7.51, 5420851
7.52, 5420851
7.53, 5420851
7.54, 5420851
7.55, 5420851
7.56, 5420851
7.57, 5420851
7.58, 5420851
7.59, 5420851
7.6, 5420851
7.61, 5420851
7.62, 5420851
7.63, 5420851
7.64, 5420851
7.65, 5420851
7.66, 5420851
7.67, 5420851
7.68, 5420851
7.69, 5420851
7.7, 5420851
7.71, 5420851
7.72, 5420851
7.73, 5420851
7.74, 5420851
7.75, 5420851
7.76, 5420851
7.77, 5420851
7.78, 5420851
7.79, 5420851
7.8, 5420851
7.81, 5420851
7.82, 5420851
7.83, 5420851
7.84, 5420851
7.85, 5420851
7.86, 5420851
7.87, 5420851
7.88, 5420851
7.89, 5420851
7.9, 5420851
7.91, 5420851
7.92, 5420851
7.93, 5420851
7.94, 5420851
7.95, 5420851
7.96, 5420851
7.97, 5420851
7.98, 5420851
7.99, 5420851
8.0, 5420851
8.01, 5420851
8.02, 5420851
8.03, 5420851
8.04, 5420851
8.05, 5420851
8.06, 5420851
8.07, 5420851
8.08, 5420851
8.09, 5420851
8.1, 5420851
8.11, 5420851
8.12, 5420851
8.13, 5420851
8.14, 5420851
8.15, 5420851
8.16, 5420851
8.17, 5420851
8.18, 5420851
8.19, 5420851
8.2, 5420851
8.21, 5420851
8.22, 5420851
8.23, 5420851
8.24, 5420851
8.25, 5420851
8.26, 5420851
8.27, 5420851
8.28, 5420851
8.29, 5420851
8.3, 5420851
8.31, 5420851
8.32, 5420851
8.33, 5420851
8.34, 5420851
8.35, 5420851
8.36, 5420851
8.37, 5420851
8.38, 5420851
8.39, 5420851
8.4, 5420851
8.41, 5420851
8.42, 5420851
8.43, 5420851
8.44, 5420851
8.45, 5420851
8.46, 5420851
8.47, 5420851
8.48, 5420851
8.49, 5420851
8.5, 5420851
8.51, 5420851
8.52, 5420851
8.53, 5420851
8.54, 5420851
8.55, 5420851
8.56, 5420851
8.57, 5420851
8.58, 5420851
8.59, 5420851
8.6, 5420851
8.61, 5420851
8.62, 5420851
8.63, 5420851
8.64, 5420851
8.65, 5420851
8.66, 5420851
8.67, 5420851
8.68, 5420851
8.69, 5420851
8.7, 5420851
8.71, 5420851
8.72, 5420851
8.73, 5420851
8.74, 5420851
8.75, 5420851
8.76, 5420851
8.77, 5420851
8.78, 5420851
8.79, 5420851
8.8, 5420851
8.81, 5420851
8.82, 5420851
8.83, 5420851
8.84, 5420851
8.85, 5420851
8.86, 5420851
8.87, 5420851
8.88, 5420851
8.89, 5420851
8.9, 5420851
8.91, 5420851
8.92, 5420851
8.93, 5420851
8.94, 5420851
8.95, 5420851
8.96, 5420851
8.97, 5420851
8.98, 5420851
8.99, 5420851
9.0, 5420851
9.01, 5420851
9.02, 5420851
9.03, 5420851
9.04, 5420851
9.05, 5420851
9.06, 5420851
9.07, 5420851
9.08, 5420851
9.09, 5420851
9.1, 5420851
9.11, 5420851
9.12, 5420851
9.13, 5420851
9.14, 5420851
9.15, 5420851
9.16, 5420851
9.17, 5420851
9.18, 5420851
9.19, 5420851
9.2, 5420851
9.21, 5420851
9.22, 5420851
9.23, 5420851
9.24, 5420851
9.25, 5420851
9.26, 5420851
9.27, 5420851
9.28, 5420851
9.29, 5420851
9.3, 5420851
9.31, 5420851
9.32, 5420851
9.33, 5420851
9.34, 5420851
9.35, 5420851
9.36, 5420851
9.37, 5420851
9.38, 5420851
9.39, 5420851
9.4, 5420851
9.41, 5420851
9.42, 5420851
9.43, 5420851
9.44, 5420851
9.45, 5420851
9.46, 5420851
9.47, 5420851
9.48, 5420851
9.49, 5420851
9.5, 5420851
9.51, 5420851
9.52, 5420851
9.53, 5420851
9.54, 5420851
9.55, 5420851
9.56, 5420851
9.57, 5420851
9.58, 5420851
9.59, 5420851
9.6, 5420851
9.61, 5420851
9.62, 5420851
9.63, 5420851
9.64, 5420851
9.65, 5420851
9.66, 5420851
9.67, 5420851
9.68, 5420851
9.69, 5420851
9.7, 5420851
9.71, 5420851
9.72, 5420851
9.73, 5420851
9.74, 5420851
9.75, 5420851
9.76, 5420851
9.77, 5420851
9.78, 5420851
9.79, 5420851
9.8, 5420851
9.81, 5420851
9.82, 5420851
9.83, 5420851
9.84, 5420851
9.85, 5420851
9.86, 5420851
9.87, 5420851
9.88, 5420851
9.89, 5420851
9.9, 5420851
9.91, 5420851
9.92, 5420851
9.93, 5420851
9.94, 5420851
9.95, 5420851
9.96, 5420851
9.97, 5420851
9.98, 5420851
9.99, 5420851
10.0, 5420851
10.01, 5420851
10.02, 5420851
10.03, 5420851
10.04, 5420851
10.05, 5420851
10.06, 5420851
10.07, 5420851
10.08, 5420851
10.09, 5420851
10.1, 5420851
10.11, 5420851
10.12, 5420851
10.13, 5420851
10.14, 5420851
10.15, 5420851
10.16, 5420851
10.17, 5420851
10.18, 5420851
10.19, 5420851
10.2, 5420851
10.21, 5420851
10.22, 5420851
10.23, 5420851
10.24, 5420851
10.25, 5420851
10.26, 5420851
10.27, 5420851
10.28, 5420851
10.29, 5420851
10.3, 5420851
10.31, 5420851
10.32, 5420851
10.33, 5420851
10.34, 5420851
10.35, 5420851
10.36, 5420851
10.37, 5420851
10.38, 5420851
10.39, 5420851
10.4, 5420851
10.41, 5420851
10.42, 5420851
10.43, 5420851
10.44, 5420851
10.45, 5420851
10.46, 5420851
10.47, 5420851
10.48, 5420851
10.49, 5420851
10.5, 5420851
10.51, 5420851
10.52, 5420851
10.53, 5420851
10.54, 5420851
10.55, 5420851
10.56, 5420851
10.57, 5420851
10.58, 5420851
10.59, 5420851
10.6, 5420851
10.61, 5420851
10.62, 5420851
10.63, 5420851
10.64, 5420851
10.65, 5420851
10.66, 5420851
10.67, 5420851
10.68, 5420851
10.69, 5420851
10.7, 5420851
10.71, 5420851
10.72, 5420851
10.73, 5420851
10.74, 5420851
10.75, 5420851
10.76, 5420851
10.77, 5420851
10.78, 5420851
10.79, 5420851
10.8, 5420851
10.81, 5420851
10.82, 5420851
10.83, 5420851
10.84, 5420851
10.85, 5420851
10.86, 5420851
10.87, 5420851
10.88, 5420851
10.89, 5420851
10.9, 5420851
10.91, 5420851
10.92, 5420851
10.93, 5420851
10.94, 5420851
10.95, 5420851
10.96, 5420851
10.97, 5420851
10.98, 5420851
10.99, 5420851
11.0, 5420851
11.01, 5420851
11.02, 5420851
11.03, 5420851
11.04, 5420851
11.05, 5420851
11.06, 5420851
11.07, 5420851
11.08, 5420851
11.09, 5420851
11.1, 5420851
11.11, 5420851
11.12, 5420851
11.13, 5420851
11.14, 5420851
11.15, 5420851
11.16, 5420851
11.17, 5420851
11.18, 5420851
11.19, 5420851
11.2, 5420851
11.21, 5420851
11.22, 5420851
11.23, 5420851
11.24, 5420851
11.25, 5420851
11.26, 5420851
11.27, 5420851
11.28, 5420851
11.29, 5420851
11.3, 5420851
11.31, 5420851
11.32, 5420851
11.33, 5420851
11.34, 5420851
11.35, 5420851
11.36, 5420851
11.37, 5420851
11.38, 5420851
11.39, 5420851
11.4, 5420851
11.41, 5420851
11.42, 5420851
11.43, 5420851
11.44, 5420851
11.45, 5420851
11.46, 5420851
11.47, 5420851
11.48, 5420851
11.49, 5420851
11.5, 5420851
11.51, 5420851
11.52, 5420851
11.53, 5420851
11.54, 5420851
11.55, 5420851
11.56, 5420851
11.57, 5420851
11.58, 5420851
11.59, 5420851
11.6, 5420851
11.61, 5420851
11.62, 5420851
11.63, 5420851
11.64, 5420851
11.65, 5420851
11.66, 5420851
11.67, 5420851
11.68, 5420851
11.69, 5420851
11.7, 5420851
11.71, 5420851
11.72, 5420851
11.73, 5420851
11.74, 5420851
11.75, 5420851
11.76, 5420851
11.77, 5420851
11.78, 5420851
11.79, 5420851
11.8, 5420851
11.81, 5420851
11.82, 5420851
11.83, 5420851
11.84, 5420851
11.85, 5420851
11.86, 5420851
11.87, 5420851
11.88, 5420851
11.89, 5420851
11.9, 5420851
11.91, 5420851
11.92, 5420851
11.93, 5420851
11.94, 5420851
11.95, 5420851
11.96, 5420851
11.97, 5420851
11.98, 5420851
11.99, 5420851
12.0, 5420851
12.01, 5420851
12.02, 5420851
12.03, 5420851
12.04, 5420851
12.05, 5420851
12.06, 5420851
12.07, 5420851
12.08, 5420851
12.09, 5420851
12.1, 5420851
12.11, 5420851
12.12, 5420851
12.13, 5420851
12.14, 5420851
12.15, 5420851
12.16, 5420851
12.17, 5420851
12.18, 5420851
12.19, 5420851
12.2, 5420851
12.21, 5420851
12.22, 5420851
12.23, 5420851
12.24, 5420851
12.25, 5420851
12.26, 5420851
12.27, 5420851
12.28, 5420851
12.29, 5420851
12.3, 5420851
12.31, 5420851
12.32, 5420851
12.33, 5420851
12.34, 5420851
12.35, 5420851
12.36, 5420851
12.37, 5420851
12.38, 5420851
12.39, 5420851
12.4, 5420851
12.41, 5420851
12.42, 5420851
12.43, 5420851
12.44, 5420851
12.45, 5420851
12.46, 5420851
12.47, 5420851
12.48, 5420851
12.49, 5420851
12.5, 5420851
12.51, 5420851
12.52, 5420851
12.53, 5420851
12.54, 5420851
12.55, 5420851
12.56, 5420851
12.57, 5420851
12.58, 5420851
12.59, 5420851
12.6, 5420851
12.61, 5420851
12.62, 5420851
12.63, 5420851
12.64, 5420851
12.65, 5420851
12.66, 5420851
12.67, 5420851
12.68, 5420851
12.69, 5420851
12.7, 5420851
12.71, 5420851
12.72, 5420851
12.73, 5420851
12.74, 5420851
12.75, 5420851
12.76, 5420851
12.77, 5420851
12.78, 5420851
12.79, 5420851
12.8, 5420851
12.81, 5420851
12.82, 5420851
12.83, 5420851
12.84, 5420851
12.85, 5420851
12.86, 5420851
12.87, 5420851
12.88, 5420851
12.89, 5420851
12.9, 5420851
12.91, 5420851
12.92, 5420851
12.93, 5420851
12.94, 5420851
12.95, 5420851
12.96, 5420851
12.97, 5420851
12.98, 5420851
12.99, 5420851
13.0, 5420851
13.01, 5420851
13.02, 5420851
13.03, 5420851
13.04, 5420851
13.05, 5420851
13.06, 5420851
13.07, 5420851
13.08, 5420851
13.09, 5420851
13.1, 5420851
13.11, 5420851
13.12, 5420851
13.13, 5420851
13.14, 5420851
13.15, 5420851
13.16, 5420851
13.17, 5420851
13.18, 5420851
13.19, 5420851
13.2, 5420851
13.21, 5420851
13.22, 5420851
13.23, 5420851
13.24, 5420851
13.25, 5420851
13.26, 5420851
13.27, 5420851
13.28, 5420851
13.29, 5420851
13.3, 5420851
13.31, 5420851
13.32, 5420851
13.33, 5420851
13.34, 5420851
13.35, 5420851
13.36, 5420851
13.37, 5420851
13.38, 5420851
13.39, 5420851
13.4, 5420851
13.41, 5420851
13.42, 5420851
13.43, 5420851
13.44, 5420851
13.45, 5420851
13.46, 5420851
13.47, 5420851
13.48, 5420851
13.49, 5420851
13.5, 5420851
13.51, 5420851
13.52, 5420851
13.53, 5420851
13.54, 5420851
13.55, 5420851
13.56, 5420851
13.57, 5420851
13.58, 5420851
13.59, 5420851
13.6, 5420851
13.61, 5420851
13.62, 5420851
13.63, 5420851
13.64, 5420851
13.65, 5420851
13.66, 5420851
13.67, 5420851
13.68, 5420851
13.69, 5420851
13.7, 5420851
13.71, 5420851
13.72, 5420851
13.73, 5420851
13.74, 5420851
13.75, 5420851
13.76, 5420851
13.77, 5420851
13.78, 5420851
13.79, 5420851
13.8, 5420851
13.81, 5420851
13.82, 5420851
13.83, 5420851
13.84, 5420851
13.85, 5420851
13.86, 5420851
13.87, 5420851
13.88, 5420851
13.89, 5420851
13.9, 5420851
13.91, 5420851
13.92, 5420851
13.93, 5420851
13.94, 5420851
13.95, 5420851
13.96, 5420851
13.97, 5420851
13.98, 5420851
13.99, 5420851
14.0, 5420851
14.01, 5420851
14.02, 5420851
14.03, 5420851
14.04, 5420851
14.05, 5420851
14.06, 5420851
14.07, 5420851
14.08, 5420851
14.09, 5420851
14.1, 5420851
14.11, 5420851
14.12, 5420851
14.13, 5420851
14.14, 5420851
14.15, 5420851
14.16, 5420851
14.17, 5420851
14.18, 5420851
14.19, 5420851
14.2, 5420851
14.21, 5420851
14.22, 5420851
14.23, 5420851
14.24, 5420851
14.25, 5420851
14.26, 5420851
14.27, 5420851
14.28, 5420851
14.29, 5420851
14.3, 5420851
14.31, 5420851
14.32, 5420851
14.33, 5420851
14.34, 5420851
14.35, 5420851
14.36, 5420851
14.37, 5420851
14.38, 5420851
14.39, 5420851
14.4, 5420851
14.41, 5420851
14.42, 5420851
14.43, 5420851
14.44, 5420851
14.45, 5420851
14.46, 5420851
14.47, 5420851
14.48, 5420851
14.49, 5420851
14.5, 5420851
14.51, 5420851
14.52, 5420851
14.53, 5420851
14.54, 5420851
14.55, 5420851
14.56, 5420851
14.57, 5420851
14.58, 5420851
14.59, 5420851
14.6, 5420851
14.61, 5420851
14.62, 5420851
14.63, 5420851
14.64, 5420851
14.65, 5420851
14.66, 5420851
14.67, 5420851
14.68, 5420851
14.69, 5420851
14.7, 5420851
14.71, 5420851
14.72, 5420851
14.73, 5420851
14.74, 5420851
14.75, 5420851
14.76, 5420851
14.77, 5420851
14.78, 5420851
14.79, 5420851
14.8, 5420851
14.81, 5420851
14.82, 5420851
14.83, 5420851
14.84, 5420851
14.85, 5420851
14.86, 5420851
14.87, 5420851
14.88, 5420851
14.89, 5420851
14.9, 5420851
14.91, 5420851
14.92, 5420851
14.93, 5420851
14.94, 5420851
14.95, 5420851
14.96, 5420851
14.97, 5420851
14.98, 5420851
14.99, 5420851
15.0, 5420851
15.01, 5420851
15.02, 5420851
15.03, 5420851
15.04, 5420851
15.05, 5420851
15.06, 5420851
15.07, 5420851
15.08, 5420851
15.09, 5420851
15.1, 5420851
15.11, 5420851
15.12, 5420851
15.13, 5420851
15.14, 5420851
15.15, 5420851
15.16, 5420851
15.17, 5420851
15.18, 5420851
15.19, 5420851
15.2, 5420851
15.21, 5420851
15.22, 5420851
15.23, 5420851
15.24, 5420851
15.25, 5420851
15.26, 5420851
15.27, 5420851
15.28, 5420851
15.29, 5420851
15.3, 5420851
15.31, 5420851
15.32, 5420851
15.33, 5420851
15.34, 5420851
15.35, 5420851
15.36, 5420851
15.37, 5420851
15.38, 5420851
15.39, 5420851
15.4, 5420851
15.41, 5420851
15.42, 5420851
15.43, 5420851
15.44, 5420851
15.45, 5420851
15.46, 5420851
15.47, 5420851
15.48, 5420851
15.49, 5420851
15.5, 5420851
15.51, 5420851
15.52, 5420851
15.53, 5420851
15.54, 5420851
15.55, 5420851
15.56, 5420851
15.57, 5420851
15.58, 5420851
15.59, 5420851
15.6, 5420851
15.61, 5420851
15.62, 5420851
15.63, 5420851
15.64, 5420851
15.65, 5420851
15.66, 5420851
15.67, 5420851
15.68, 5420851
15.69, 5420851
15.7, 5420851
15.71, 5420851
15.72, 5420851
15.73, 5420851
15.74, 5420851
15.75, 5420851
15.76, 5420851
15.77, 5420851
15.78, 5420851
15.79, 5420851
15.8, 5420851
15.81, 5420851
15.82, 5420851
15.83, 5420851
15.84, 5420851
15.85, 5420851
15.86, 5420851
15.87, 5420851
15.88, 5420851
15.89, 5420851
15.9, 5420851
15.91, 5420851
15.92, 5420851
15.93, 5420851
15.94, 5420851
15.95, 5420851
15.96, 5420851
15.97, 5420851
15.98, 5420851
15.99, 5420851
16.0, 5420851
16.01, 5420851
16.02, 5420851
16.03, 5420851
16.04, 5420851
16.05, 5420851
16.06, 5420851
16.07, 5420851
16.08, 5420851
16.09, 5420851
16.1, 5420851
16.11, 5420851
16.12, 5420851
16.13, 5420851
16.14, 5420851
16.15, 5420851
16.16, 5420851
16.17, 5420851
16.18, 5420851
16.19, 5420851
16.2, 5420851
16.21, 5420851
16.22, 5420851
16.23, 5420851
16.24, 5420851
16.25, 5420851
16.26, 5420851
16.27, 5420851
16.28, 5420851
16.29, 5420851
16.3, 5420851
16.31, 5420851
16.32, 5420851
16.33, 5420851
16.34, 5420851
16.35, 5420851
16.36, 5420851
16.37, 5420851
16.38, 5420851
16.39, 5420851
16.4, 5420851
16.41, 5420851
16.42, 5420851
16.43, 5420851
16.44, 5420851
16.45, 5420851
16.46, 5420851
16.47, 5420851
16.48, 5420851
16.49, 5420851
16.5, 5420851
16.51, 5420851
16.52, 5420851
16.53, 5420851
16.54, 5420851
16.55, 5420851
16.56, 5420851
16.57, 5420851
16.58, 5420851
16.59, 5420851
16.6, 5420851
16.61, 5420851
16.62, 5420851
16.63, 5420851
16.64, 5420851
16.65, 5420851
16.66, 5420851
16.67, 5420851
16.68, 5420851
16.69, 5420851
16.7, 5420851
16.71, 5420851
16.72, 5420851
16.73, 5420851
16.74, 5420851
16.75, 5420851
16.76, 5420851
16.77, 5420851
16.78, 5420851
16.79, 5420851
16.8, 5420851
16.81, 5420851
16.82, 5420851
16.83, 5420851
16.84, 5420851
16.85, 5420851
16.86, 5420851
16.87, 5420851
16.88, 5420851
16.89, 5420851
16.9, 5420851
16.91, 5420851
16.92, 5420851
16.93, 5420851
16.94, 5420851
16.95, 5420851
16.96, 5420851
16.97, 5420851
16.98, 5420851
16.99, 5420851
17.0, 5420851
17.01, 5420851
17.02, 5420851
17.03, 5420851
17.04, 5420851
17.05, 5420851
17.06, 5420851
17.07, 5420851
17.08, 5420851
17.09, 5420851
17.1, 5420851
17.11, 5420851
17.12, 5420851
17.13, 5420851
17.14, 5420851
17.15, 5420851
17.16, 5420851
17.17, 5420851
17.18, 5420851
17.19, 5420851
17.2, 5420851
17.21, 5420851
17.22, 5420851
17.23, 5420851
17.24, 5420851
17.25, 5420851
17.26, 5420851
17.27, 5420851
17.28, 5420851
17.29, 5420851
17.3, 5420851
17.31, 5420851
17.32, 5420851
17.33, 5420851
17.34, 5420851
17.35, 5420851
17.36, 5420851
17.37, 5420851
17.38, 5420851
17.39, 5420851
17.4, 5420851
17.41, 5420851
17.42, 5420851
17.43, 5420851
17.44, 5420851
17.45, 5420851
17.46, 5420851
17.47, 5420851
17.48, 5420851
17.49, 5420851
17.5, 5420851
17.51, 5420851
17.52, 5420851
17.53, 5420851
17.54, 5420851
17.55, 5420851
17.56, 5420851
17.57, 5420851
17.58, 5420851
17.59, 5420851
17.6, 5420851
17.61, 5420851
17.62, 5420851
17.63, 5420851
17.64, 5420851
17.65, 5420851
17.66, 5420851
17.67, 5420851
17.68, 5420851
17.69, 5420851
17.7, 5420851
17.71, 5420851
17.72, 5420851
17.73, 5420851
17.74, 5420851
17.75, 5420851
17.76, 5420851
17.77, 5420851
17.78, 5420851
17.79, 5420851
17.8, 5420851
17.81, 5420851
17.82, 5420851
17.83, 5420851
17.84, 5420851
17.85, 5420851
17.86, 5420851
17.87, 5420851
17.88, 5420851
17.89, 5420851
17.9, 5420851
17.91, 5420851
17.92, 5420851
17.93, 5420851
17.94, 5420851
17.95, 5420851
17.96, 5420851
17.97, 5420851
17.98, 5420851
17.99, 5420851
18.0, 5420851
18.01, 5420851
18.02, 5420851
18.03, 5420851
18.04, 5420851
18.05, 5420851
18.06, 5420851
18.07, 5420851
18.08, 5420851
18.09, 5420851
18.1, 5420851
18.11, 5420851
18.12, 5420851
18.13, 5420851
18.14, 5420851
18.15, 5420851
18.16, 5420851
18.17, 5420851
18.18, 5420851
18.19, 5420851
18.2, 5420851
18.21, 5420851
18.22, 5420851
18.23, 5420851
18.24, 5420851
18.25, 5420851
18.26, 5420851
18.27, 5420851
18.28, 5420851
18.29, 5420851
18.3, 5420851
18.31, 5420851
18.32, 5420851
18.33, 5420851
18.34, 5420851
18.35, 5420851
18.36, 5420851
18.37, 5420851
18.38, 5420851
18.39, 5420851
18.4, 5420851
18.41, 5420851
18.42, 5420851
18.43, 5420851
18.44, 5420851
18.45, 5420851
18.46, 5420851
18.47, 5420851
18.48, 5420851
18.49, 5420851
18.5, 5420851
18.51, 5420851
18.52, 5420851
18.53, 5420851
18.54, 5420851
18.55, 5420851
18.56, 5420851
18.57, 5420851
18.58, 5420851
18.59, 5420851
18.6, 5420851
18.61, 5420851
18.62, 5420851
18.63, 5420851
18.64, 5420851
18.65, 5420851
18.66, 5420851
18.67, 5420851
18.68, 5420851
18.69, 5420851
18.7, 5420851
18.71, 5420851
18.72, 5420851
18.73, 5420851
18.74, 5420851
18.75, 5420851
18.76, 5420851
18.77, 5420851
18.78, 5420851
18.79, 5420851
18.8, 5420851
18.81, 5420851
18.82, 5420851
18.83, 5420851
18.84, 5420851
18.85, 5420851
18.86, 5420851
18.87, 5420851
18.88, 5420851
18.89, 5420851
18.9, 5420851
18.91, 5420851
18.92, 5420851
18.93, 5420851
18.94, 5420851
18.95, 5420851
18.96, 5420851
18.97, 5420851
18.98, 5420851
18.99, 5420851
19.0, 5420851
19.01, 5420851
19.02, 5420851
19.03, 5420851
19.04, 5420851
19.05, 5420851
19.06, 5420851
19.07, 5420851
19.08, 5420851
19.09, 5420851
19.1, 5420851
19.11, 5420851
19.12, 5420851
19.13, 5420851
19.14, 5420851
19.15, 5420851
19.16, 5420851
19.17, 5420851
19.18, 5420851
19.19, 5420851
19.2, 5420851
19.21, 5420851
19.22, 5420851
19.23, 5420851
19.24, 5420851
19.25, 5420851
19.26, 5420851
19.27, 5420851
19.28, 5420851
19.29, 5420851
19.3, 5420851
19.31, 5420851
19.32, 5420851
19.33, 5420851
19.34, 5420851
19.35, 5420851
19.36, 5420851
19.37, 5420851
19.38, 5420851
19.39, 5420851
19.4, 5420851
19.41, 5420851
19.42, 5420851
19.43, 5420851
19.44, 5420851
19.45, 5420851
19.46, 5420851
19.47, 5420851
19.48, 5420851
19.49, 5420851
19.5, 5420851
19.51, 5420851
19.52, 5420851
19.53, 5420851
19.54, 5420851
19.55, 5420851
19.56, 5420851
19.57, 5420851
19.58, 5420851
19.59, 5420851
19.6, 5420851
19.61, 5420851
19.62, 5420851
19.63, 5420851
19.64, 5420851
19.65, 5420851
19.66, 5420851
19.67, 5420851
19.68, 5420851
19.69, 5420851
19.7, 5420851
19.71, 5420851
19.72, 5420851
19.73, 5420851
19.74, 5420851
19.75, 5420851
19.76, 5420851
19.77, 5420851
19.78, 5420851
19.79, 5420851
19.8, 5420851
19.81, 5420851
19.82, 5420851
19.83, 5420851
19.84, 5420851
19.85, 5420851
19.86, 5420851
19.87, 5420851
19.88, 5420851
19.89, 5420851
19.9, 5420851
19.91, 5420851
19.92, 5420851
19.93, 5420851
19.94, 5420851
19.95, 5420851
19.96, 5420851
19.97, 5420851
19.98, 5420851
19.99, 5420851
20.0, 5420851
20.01, 5420851
20.02, 5420851
20.03, 5420851
20.04, 5420851
20.05, 5420851
20.06, 5420851
20.07, 5420851
20.08, 5420851
20.09, 5420851
20.1, 5420851
20.11, 5420851
20.12, 5420851
20.13, 5420851
20.14, 5420851
20.15, 5420851
20.16, 5420851
20.17, 5420851
20.18, 5420851
20.19, 5420851
20.2, 5420851
20.21, 5420851
20.22, 5420851
20.23, 5420851
20.24, 5420851
20.25, 5420851
20.26, 5420851
20.27, 5420851
20.28, 5420851
20.29, 5420851
20.3, 5420851
20.31, 5420851
20.32, 5420851
20.33, 5420851
20.34, 5420851
20.35, 5420851
20.36, 5420851
20.37, 5420851
20.38, 5420851
20.39, 5420851
20.4, 5420851
20.41, 5420851
20.42, 5420851
20.43, 5420851
20.44, 5420851
20.45, 5420851
20.46, 5420851
20.47, 5420851
20.48, 5420851
20.49, 5420851
20.5, 5420851
20.51, 5420851
20.52, 5420851
20.53, 5420851
20.54, 5420851
20.55, 5420851
20.56, 5420851
20.57, 5420851
20.58, 5420851
20.59, 5420851
20.6, 5420851
20.61, 5420851
20.62, 5420851
20.63, 5420851
20.64, 5420851
20.65, 5420851
20.66, 5420851
20.67, 5420851
20.68, 5420851
20.69, 5420851
20.7, 5420851
20.71, 5420851
20.72, 5420851
20.73, 5420851
20.74, 5420851
20.75, 5420851
20.76, 5420851
20.77, 5420851
20.78, 5420851
20.79, 5420851
20.8, 5420851
20.81, 5420851
20.82, 5420851
20.83, 5420851
20.84, 5420851
20.85, 5420851
20.86, 5420851
20.87, 5420851
20.88, 5420851
20.89, 5420851
20.9, 5420851
20.91, 5420851
20.92, 5420851
20.93, 5420851
20.94, 5420851
20.95, 5420851
20.96, 5420851
20.97, 5420851
20.98, 5420851
20.99, 5420851
21.0, 5420851
21.01, 5420851
21.02, 5420851
21.03, 5420851
21.04, 5420851
21.05, 5420851
21.06, 5420851
21.07, 5420851
21.08, 5420851
21.09, 5420851
21.1, 5420851
21.11, 5420851
21.12, 5420851
21.13, 5420851
21.14, 5420851
21.15, 5420851
21.16, 5420851
21.17, 5420851
21.18, 5420851
21.19, 5420851
21.2, 5420851
21.21, 5420851
21.22, 5420851
21.23, 5420851
21.24, 5420851
21.25, 5420851
21.26, 5420851
21.27, 5420851
21.28, 5420851
21.29, 5420851
21.3, 5420851
21.31, 5420851
21.32, 5420851
21.33, 5420851
21.34, 5420851
21.35, 5420851
21.36, 5420851
21.37, 5420851
21.38, 5420851
21.39, 5420851
21.4, 5420851
21.41, 5420851
21.42, 5420851
21.43, 5420851
21.44, 5420851
21.45, 5420851
21.46, 5420851
21.47, 5420851
21.48, 5420851
21.49, 5420851
21.5, 5420851
21.51, 5420851
21.52, 5420851
21.53, 5420851
21.54, 5420851
21.55, 5420851
21.56, 5420851
21.57, 5420851
21.58, 5420851
21.59, 5420851
21.6, 5420851
21.61, 5420851
21.62, 5420851
21.63, 5420851
21.64, 5420851
21.65, 5420851
21.66, 5420851
21.67, 5420851
21.68, 5420851
21.69, 5420851
21.7, 5420851
21.71, 5420851
21.72, 5420851
21.73, 5420851
21.74, 5420851
21.75, 5420851
21.76, 5420851
21.77, 5420851
21.78, 5420851
21.79, 5420851
21.8, 5420851
21.81, 5420851
21.82, 5420851
21.83, 5420851
21.84, 5420851
21.85, 5420851
21.86, 5420851
21.87, 5420851
21.88, 5420851
21.89, 5420851
21.9, 5420851
21.91, 5420851
21.92, 5420851
21.93, 5420851
21.94, 5420851
21.95, 5420851
21.96, 5420851
21.97, 5420851
21.98, 5420851
21.99, 5420851
22.0, 5420851
22.01, 5420851
22.02, 5420851
22.03, 5420851
22.04, 5420851
22.05, 5420851
22.06, 5420851
22.07, 5420851
22.08, 5420851
22.09, 5420851
22.1, 5420851
22.11, 5420851
22.12, 5420851
22.13, 5420851
22.14, 5420851
22.15, 5420851
22.16, 5420851
22.17, 5420851
22.18, 5420851
22.19, 5420851
22.2, 5420851
22.21, 5420851
22.22, 5420851
22.23, 5420851
22.24, 5420851
22.25, 5420851
22.26, 5420851
22.27, 5420851
22.28, 5420851
22.29, 5420851
22.3, 5420851
22.31, 5420851
22.32, 5420851
22.33, 5420851
22.34, 5420851
22.35, 5420851
22.36, 5420851
22.37, 5420851
22.38, 5420851
22.39, 5420851
22.4, 5420851
22.41, 5420851
22.42, 5420851
22.43, 5420851
22.44, 5420851
22.45, 5420851
22.46, 5420851
22.47, 5420851
22.48, 5420851
22.49, 5420851
22.5, 5420851
22.51, 5420851
22.52, 5420851
22.53, 5420851
22.54, 5420851
22.55, 5420851
22.56, 5420851
22.57, 5420851
22.58, 5420851
22.59, 5420851
22.6, 5420851
22.61, 5420851
22.62, 5420851
22.63, 5420851
22.64, 5420851
22.65, 5420851
22.66, 5420851
22.67, 5420851
22.68, 5420851
22.69, 5420851
22.7, 5420851
22.71, 5420851
22.72, 5420851
22.73, 5420851
22.74, 5420851
22.75, 5420851
22.76, 5420851
22.77, 5420851
22.78, 5420851
22.79, 5420851
22.8, 5420851
22.81, 5420851
22.82, 5420851
22.83, 5420851
22.84, 5420851
22.85, 5420851
22.86, 5420851
22.87, 5420851
22.88, 5420851
22.89, 5420851
22.9, 5420851
22.91, 5420851
22.92, 5420851
22.93, 5420851
22.94, 5420851
22.95, 5420851
22.96, 5420851
22.97, 5420851
22.98, 5420851
22.99, 5420851
23.0, 5420851
23.01, 5420851
23.02, 5420851
23.03, 5420851
23.04, 5420851
23.05, 5420851
23.06, 5420851
23.07, 5420851
23.08, 5420851
23.09, 5420851
23.1, 5420851
23.11, 5420851
23.12, 5420851
23.13, 5420851
23.14, 5420851
23.15, 5420851
23.16, 5420851
23.17, 5420851
23.18, 5420851
23.19, 5420851
23.2, 5420851
23.21, 5420851
23.22, 5420851
23.23, 5420851
23.24, 5420851
23.25, 5420851
23.26, 5420851
23.27, 5420851
23.28, 5420851
23.29, 5420851
23.3, 5420851
23.31, 5420851
23.32, 5415200
23.33, 5415200
23.34, 5415200
23.35, 5415200
23.36, 5415200
23.37, 5415200
23.38, 5415200
23.39, 5415200
23.4, 5415200
23.41, 5415200
23.42, 5415200
23.43, 5415200
23.44, 5415200
23.45, 5415200
23.46, 5415200
23.47, 5415200
23.48, 5415200
23.49, 5415200
23.5, 5415200
23.51, 5415200
23.52, 5415200
23.53, 5415200
23.54, 5415200
23.55, 5415200
23.56, 5415200
23.57, 5415200
23.58, 5415200
23.59, 5415200
23.6, 5415200
23.61, 5415200
23.62, 5415200
23.63, 5415200
23.64, 5415200
23.65, 5415200
23.66, 5415200
23.67, 5415200
23.68, 5415200
23.69, 5415200
23.7, 5415200
23.71, 5415200
23.72, 5415200
23.73, 5415200
23.74, 5415200
23.75, 5415200
23.76, 5415200
23.77, 5415200
23.78, 5415200
23.79, 5415200
23.8, 5415200
23.81, 5415200
23.82, 5415200
23.83, 5415200
23.84, 5415200
23.85, 5415200
23.86, 5415200
23.87, 5415200
23.88, 5415200
23.89, 5415200
23.9, 5415200
23.91, 5415200
23.92, 5415200
23.93, 5415200
23.94, 5415200
23.95, 5415200
23.96, 5415200
23.97, 5415200
23.98, 5415200
23.99, 5415200
24.0, 5415200
24.01, 5415200
24.02, 5415200
24.03, 5415200
24.04, 5415200
24.05, 5415200
24.06, 5415200
24.07, 5415200
24.08, 5415200
24.09, 5415200
24.1, 5415200
24.11, 5415200
24.12, 5415200
24.13, 5415200
24.14, 5415200
24.15, 5415200
24.16, 5415200
24.17, 5415200
24.18, 5415200
24.19, 5415200
24.2, 5415200
24.21, 5415200
24.22, 5415200
24.23, 5415200
24.24, 5415200
24.25, 5415200
24.26, 5415200
24.27, 5415200
24.28, 5415200
24.29, 5415200
24.3, 5415200
24.31, 5415200
24.32, 5415200
24.33, 5415200
24.34, 5415200
24.35, 5415200
24.36, 5415200
24.37, 5415200
24.38, 5415200
24.39, 5415200
24.4, 5415200
24.41, 5415200
24.42, 5415200
24.43, 5415200
24.44, 5415200
24.45, 5415200
24.46, 5415200
24.47, 5415200
24.48, 5415200
24.49, 5415200
24.5, 5415200
24.51, 5415200
24.52, 5415200
24.53, 5415200
24.54, 5415200
24.55, 5415200
24.56, 5415200
24.57, 5415200
24.58, 5415200
24.59, 5415200
24.6, 5415200
24.61, 5415200
24.62, 5415200
24.63, 5415200
24.64, 5415200
24.65, 5415200
24.66, 5415200
24.67, 5415200
24.68, 5415200
24.69, 5415200
24.7, 5415200
24.71, 5415200
24.72, 5415200
24.73, 5415200
24.74, 5415200
24.75, 5415200
24.76, 5415200
24.77, 5415200
24.78, 5415200
24.79, 5415200
24.8, 5415200
24.81, 5415200
24.82, 5415200
24.83, 5415200
24.84, 5415200
24.85, 5415200
24.86, 5415200
24.87, 5415200
24.88, 5415200
24.89, 5415200
24.9, 5415200
24.91, 5415200
24.92, 5415200
24.93, 5415200
24.94, 5415200
24.95, 5415200
24.96, 5415200
24.97, 5415200
24.98, 5415200
24.99, 5415200
25.0, 5415200
25.01, 5415200
25.02, 5415200
25.03, 5415200
25.04, 5415200
25.05, 5415200
25.06, 5415200
25.07, 5415200
25.08, 5415200
25.09, 5415200
25.1, 5415200
25.11, 5415200
25.12, 5415200
25.13, 5415200
25.14, 5415200
25.15, 5415200
25.16, 5415200
25.17, 5415200
25.18, 5415200
25.19, 5415200
25.2, 5415200
25.21, 5415200
25.22, 5415200
25.23, 5415200
25.24, 5415200
25.25, 5415200
25.26, 5415200
25.27, 5415200
25.28, 5415200
25.29, 5415200
25.3, 5415200
25.31, 5415200
25.32, 5415200
25.33, 5415200
25.34, 5415200
25.35, 5415200
25.36, 5415200
25.37, 5415200
25.38, 5415200
25.39, 5415200
25.4, 5415200
25.41, 5415200
25.42, 5415200
25.43, 5415200
25.44, 5415200
25.45, 5415200
25.46, 5415200
25.47, 5415200
25.48, 5415200
25.49, 5415200
25.5, 5415200
25.51, 5415200
25.52, 5415200
25.53, 5415200
25.54, 5415200
25.55, 5415200
25.56, 5415200
25.57, 5415200
25.58, 5415200
25.59, 5415200
25.6, 5415200
25.61, 5415200
25.62, 5415200
25.63, 5415200
25.64, 5415200
25.65, 5415200
25.66, 5415200
25.67, 5415200
25.68, 5415200
25.69, 5415200
25.7, 5415200
25.71, 5415200
25.72, 5415200
25.73, 5415200
25.74, 5415200
25.75, 5415200
25.76, 5415200
25.77, 5415200
25.78, 5415200
25.79, 5415200
25.8, 5415200
25.81, 5415200
25.82, 5415200
25.83, 5415200
25.84, 5415200
25.85, 5415200
25.86, 5415200
25.87, 5415200
25.88, 5415200
25.89, 5415200
25.9, 5415200
25.91, 5415200
25.92, 5415200
25.93, 5415200
25.94, 5415200
25.95, 5415200
25.96, 5415200
25.97, 5415200
25.98, 5415200
25.99, 5415200
26.0, 5415200
26.01, 5415200
26.02, 5415200
26.03, 5415200
26.04, 5415200
26.05, 5415200
26.06, 5415200
26.07, 5415200
26.08, 5415200
26.09, 5415200
26.1, 5415200
26.11, 5415200
26.12, 5415200
26.13, 5415200
26.14, 5415200
26.15, 5415200
26.16, 5415200
26.17, 5415200
26.18, 5415200
26.19, 5415200
26.2, 5415200
26.21, 5415200
26.22, 5415200
26.23, 5415200
26.24, 5415200
26.25, 5415200
26.26, 5415200
26.27, 5415200
26.28, 5415200
26.29, 5415200
26.3, 5415200
26.31, 5415200
26.32, 5415200
26.33, 5415200
26.34, 5415200
26.35, 5415200
26.36, 5415200
26.37, 5415200
26.38, 5415200
26.39, 5415200
26.4, 5415200
26.41, 5415200
26.42, 5415200
26.43, 5415200
26.44, 5415200
26.45, 5415200
26.46, 5415200
26.47, 5415200
26.48, 5415200
26.49, 5415200
26.5, 5415200
26.51, 5415200
26.52, 5415200
26.53, 5415200
26.54, 5415200
26.55, 5415200
26.56, 5415200
26.57, 5415200
26.58, 5415200
26.59, 5415200
26.6, 5415200
26.61, 5415200
26.62, 5415200
26.63, 5415200
26.64, 5415200
26.65, 5415200
26.66, 5415200
26.67, 5415200
26.68, 5415200
26.69, 5415200
26.7, 5415200
26.71, 5415200
26.72, 5415200
26.73, 5415200
26.74, 5415200
26.75, 5415200
26.76, 5415200
26.77, 5415200
26.78, 5415200
26.79, 5415200
26.8, 5415200
26.81, 5415200
26.82, 5415200
26.83, 5415200
26.84, 5415200
26.85, 5415200
26.86, 5415200
26.87, 5415200
26.88, 5415200
26.89, 5415200
26.9, 5415200
26.91, 5415200
26.92, 5415200
26.93, 5415200
26.94, 5415200
26.95, 5415200
26.96, 5415200
26.97, 5415200
26.98, 5415200
26.99, 5415200
27.0, 5415200
27.01, 5415200
27.02, 5415200
27.03, 5415200
27.04, 5415200
27.05, 5415200
27.06, 5415200
27.07, 5415200
27.08, 5415200
27.09, 5415200
27.1, 5415200
27.11, 5415200
27.12, 5415200
27.13, 5415200
27.14, 5415200
27.15, 5415200
27.16, 5415200
27.17, 5415200
27.18, 5415200
27.19, 5415200
27.2, 5415200
27.21, 5415200
27.22, 5415200
27.23, 5415200
27.24, 5415200
27.25, 5415200
27.26, 5415200
27.27, 5415200
27.28, 5415200
27.29, 5415200
27.3, 5415200
27.31, 5415200
27.32, 5415200
27.33, 5415200
27.34, 5415200
27.35, 5415200
27.36, 5415200
27.37, 5415200
27.38, 5415200
27.39, 5415200
27.4, 5415200
27.41, 5415200
27.42, 5415200
27.43, 5415200
27.44, 5415200
27.45, 5415200
27.46, 5415200
27.47, 5415200
27.48, 5415200
27.49, 5415200
27.5, 5415200
27.51, 5415200
27.52, 5415200
27.53, 5415200
27.54, 5415200
27.55, 5415200
27.56, 5415200
27.57, 5415200
27.58, 5415200
27.59, 5415200
27.6, 5415200
27.61, 5415200
27.62, 5415200
27.63, 5415200
27.64, 5415200
27.65, 5415200
27.66, 5415200
27.67, 5415200
27.68, 5415200
27.69, 5415200
27.7, 5415200
27.71, 5415200
27.72, 5415200
27.73, 5415200
27.74, 5415200
27.75, 5415200
27.76, 5415200
27.77, 5415200
27.78, 5415200
27.79, 5415200
27.8, 5415200
27.81, 5415200
27.82, 5415200
27.83, 5415200
27.84, 5415200
27.85, 5415200
27.86, 5415200
27.87, 5415200
27.88, 5415200
27.89, 5415200
27.9, 5415200
27.91, 5415200
27.92, 5415200
27.93, 5415200
27.94, 5415200
27.95, 5415200
27.96, 5415200
27.97, 5415200
27.98, 5415200
27.99, 5415200
28.0, 5415200
28.01, 5415200
28.02, 5415200
28.03, 5415200
28.04, 5415200
28.05, 5415200
28.06, 5415200
28.07, 5415200
28.08, 5415200
28.09, 5415200
28.1, 5415200
28.11, 5415200
28.12, 5415200
28.13, 5415200
28.14, 5415200
28.15, 5415200
28.16, 5415200
28.17, 5415200
28.18, 5415200
28.19, 5415200
28.2, 5415200
28.21, 5415200
28.22, 5415200
28.23, 5415200
28.24, 5415200
28.25, 5415200
28.26, 5415200
28.27, 5415200
28.28, 5415200
28.29, 5415200
28.3, 5415200
28.31, 5415200
28.32, 5415200
28.33, 5415200
28.34, 5415200
28.35, 5415200
28.36, 5415200
28.37, 5415200
28.38, 5415200
28.39, 5415200
28.4, 5415200
28.41, 5415200
28.42, 5415200
28.43, 5415200
28.44, 5415200
28.45, 5415200
28.46, 5415200
28.47, 5415200
28.48, 5415200
28.49, 5415200
28.5, 5415200
28.51, 5415200
28.52, 5415200
28.53, 5415200
28.54, 5415200
28.55, 5415200
28.56, 5415200
28.57, 5415200
28.58, 5415200
28.59, 5415200
28.6, 5415200
28.61, 5415200
28.62, 5415200
28.63, 5415200
28.64, 5415200
28.65, 5415200
28.66, 5415200
28.67, 5415200
28.68, 5415200
28.69, 5415200
28.7, 5415200
28.71, 5415200
28.72, 5415200
28.73, 5415200
28.74, 5415200
28.75, 5415200
28.76, 5415200
28.77, 5415200
28.78, 5415200
28.79, 5415200
28.8, 5415200
28.81, 5415200
28.82, 5415200
28.83, 5415200
28.84, 5415200
28.85, 5415200
28.86, 5415200
28.87, 5415200
28.88, 5415200
28.89, 5415200
28.9, 5415200
28.91, 5415200
28.92, 5415200
28.93, 5415200
28.94, 5415200
28.95, 5415200
28.96, 5415200
28.97, 5415200
28.98, 5415200
28.99, 5415200
29.0, 5415200
29.01, 5415200
29.02, 5415200
29.03, 5415200
29.04, 5415200
29.05, 5415200
29.06, 5415200
29.07, 5415200
29.08, 5415200
29.09, 5415200
29.1, 5415200
29.11, 5415200
29.12, 5415200
29.13, 5415200
29.14, 5415200
29.15, 5415200
29.16, 5415200
29.17, 5415200
29.18, 5415200
29.19, 5415200
29.2, 5415200
29.21, 5415200
29.22, 5415200
29.23, 5415200
29.24, 5415200
29.25, 5415200
29.26, 5415200
29.27, 5415200
29.28, 5415200
29.29, 5415200
29.3, 5415200
29.31, 5415200
29.32, 5415200
29.33, 5415200
29.34, 5415200
29.35, 5415200
29.36, 5415200
29.37, 5415200
29.38, 5415200
29.39, 5415200
29.4, 5415200
29.41, 5415200
29.42, 5415200
29.43, 5415200
29.44, 5415200
29.45, 5415200
29.46, 5415200
29.47, 5415200
29.48, 5415200
29.49, 5415200
29.5, 5415200
29.51, 5415200
29.52, 5415200
29.53, 5415200
29.54, 5415200
29.55, 5415200
29.56, 5415200
29.57, 5415200
29.58, 5415200
29.59, 5415200
29.6, 5415200
29.61, 5415200
29.62, 5415200
29.63, 5415200
29.64, 5415200
29.65, 5415200
29.66, 5415200
29.67, 5415200
29.68, 5415200
29.69, 5415200
29.7, 5415200
29.71, 5415200
29.72, 5415200
29.73, 5415200
29.74, 5415200
29.75, 5415200
29.76, 5415200
29.77, 5415200
29.78, 5415200
29.79, 5415200
29.8, 5415200
29.81, 5415200
29.82, 5415200
29.83, 5415200
29.84, 5415200
29.85, 5415200
29.86, 5415200
29.87, 5415200
29.88, 5415200
29.89, 5415200
29.9, 5415200
29.91, 5415200
29.92, 5415200
29.93, 5415200
29.94, 5415200
29.95, 5415200
29.96, 5415200
29.97, 5415200
29.98, 5415200
29.99, 5415200
30.0, 5415200
30.01, 5415200
30.02, 5415200
30.03, 5415200
30.04, 5415200
30.05, 5415200
30.06, 5415200
30.07, 5415200
30.08, 5415200
30.09, 5415200
30.1, 5415200
30.11, 5415200
30.12, 5415200
30.13, 5415200
30.14, 5415200
30.15, 5415200
30.16, 5415200
30.17, 5415200
30.18, 5415200
30.19, 5415200
30.2, 5415200
30.21, 5415200
30.22, 5415200
30.23, 5415200
30.24, 5415200
30.25, 5415200
30.26, 5415200
30.27, 5415200
30.28, 5415200
30.29, 5415200
30.3, 5415200
30.31, 5415200
30.32, 5415200
30.33, 5415200
30.34, 5415200
30.35, 5415200
30.36, 5415200
30.37, 5415200
30.38, 5415200
30.39, 5415200
30.4, 5415200
30.41, 5415200
30.42, 5415200
30.43, 5415200
30.44, 5415200
30.45, 5415200
30.46, 5415200
30.47, 5415200
30.48, 5415200
30.49, 5415200
30.5, 5415200
30.51, 5415200
30.52, 5415200
30.53, 5415200
30.54, 5415200
30.55, 5415200
30.56, 5415200
30.57, 5415200
30.58, 5415200
30.59, 5415200
30.6, 5415200
30.61, 5415200
30.62, 5415200
30.63, 5415200
30.64, 5415200
30.65, 5415200
30.66, 5415200
30.67, 5415200
30.68, 5415200
30.69, 5415200
30.7, 5415200
30.71, 5415200
30.72, 5415200
30.73, 5415200
30.74, 5415200
30.75, 5415200
30.76, 5415200
30.77, 5415200
30.78, 5415200
30.79, 5415200
30.8, 5415200
30.81, 5415200
30.82, 5415200
30.83, 5415200
30.84, 5415200
30.85, 5415200
30.86, 5415200
30.87, 5415200
30.88, 5415200
30.89, 5415200
30.9, 5415200
30.91, 5415200
30.92, 5415200
30.93, 5415200
30.94, 5415200
30.95, 5415200
30.96, 5415200
30.97, 5415200
30.98, 5415200
30.99, 5415200
31.0, 5415200
31.01, 5415200
31.02, 5415200
31.03, 5415200
31.04, 5415200
31.05, 5415200
31.06, 5415200
31.07, 5415200
31.08, 5415200
31.09, 5415200
31.1, 5415200
31.11, 5415200
31.12, 5415200
31.13, 5415200
31.14, 5415200
31.15, 5415200
31.16, 5415200
31.17, 5415200
31.18, 5415200
31.19, 5415200
31.2, 5415200
31.21, 5415200
31.22, 5415200
31.23, 5415200
31.24, 5415200
31.25, 5415200
31.26, 5415200
31.27, 5415200
31.28, 5415200
31.29, 5415200
31.3, 5415200
31.31, 5415200
31.32, 5415200
31.33, 5415200
31.34, 5415200
31.35, 5415200
31.36, 5415200
31.37, 5415200
31.38, 5415200
31.39, 5415200
31.4, 5415200
31.41, 5415200
31.42, 5415200
31.43, 5415200
31.44, 5415200
31.45, 5415200
31.46, 5415200
31.47, 5415200
31.48, 5415200
31.49, 5415200
31.5, 5415200
31.51, 5415200
31.52, 5415200
31.53, 5415200
31.54, 5415200
31.55, 5415200
31.56, 5415200
31.57, 5415200
31.58, 5415200
31.59, 5415200
31.6, 5415200
31.61, 5415200
31.62, 5415200
31.63, 5415200
31.64, 5415200
31.65, 5415200
31.66, 5415200
31.67, 5415200
31.68, 5415200
31.69, 5415200
31.7, 5415200
31.71, 5415200
31.72, 5415200
31.73, 5415200
31.74, 5415200
31.75, 5415200
31.76, 5415200
31.77, 5415200
31.78, 5415200
31.79, 5415200
31.8, 5415200
31.81, 5415200
31.82, 5415200
31.83, 5415200
31.84, 5415200
31.85, 5415200
31.86, 5415200
31.87, 5415200
31.88, 5415200
31.89, 5415200
31.9, 5415200
31.91, 5415200
31.92, 5415200
31.93, 5415200
31.94, 5415200
31.95, 5415200
31.96, 5415200
31.97, 5415200
31.98, 5415200
31.99, 5415200
32.0, 5415200
32.01, 5415200
32.02, 5415200
32.03, 5415200
32.04, 5415200
32.05, 5415200
32.06, 5415200
32.07, 5415200
32.08, 5415200
32.09, 5415200
32.1, 5415200
32.11, 5415200
32.12, 5415200
32.13, 5415200
32.14, 5415200
32.15, 5415200
32.16, 5415200
32.17, 5415200
32.18, 5415200
32.19, 5415200
32.2, 5415200
32.21, 5415200
32.22, 5415200
32.23, 5415200
32.24, 5415200
32.25, 5415200
32.26, 5415200
32.27, 5415200
32.28, 5415200
32.29, 5415200
32.3, 5415200
32.31, 5415200
32.32, 5415200
32.33, 5415200
32.34, 5415200
32.35, 5415200
32.36, 5415200
32.37, 5415200
32.38, 5415200
32.39, 5415200
32.4, 5415200
32.41, 5415200
32.42, 5415200
32.43, 5415200
32.44, 5415200
32.45, 5415200
32.46, 5415200
32.47, 5415200
32.48, 5415200
32.49, 5415200
32.5, 5415200
32.51, 5415200
32.52, 5415200
32.53, 5415200
32.54, 5415200
32.55, 5415200
32.56, 5415200
32.57, 5415200
32.58, 5415200
32.59, 5415200
32.6, 5415200
32.61, 5415200
32.62, 5415200
32.63, 5415200
32.64, 5415200
32.65, 5415200
32.66, 5415200
32.67, 5415200
32.68, 5415200
32.69, 5415200
32.7, 5415200
32.71, 5415200
32.72, 5415200
32.73, 5415200
32.74, 5415200
32.75, 5415200
32.76, 5415200
32.77, 5415200
32.78, 5415200
32.79, 5415200
32.8, 5415200
32.81, 5415200
32.82, 5415200
32.83, 5415200
32.84, 5415200
32.85, 5415200
32.86, 5415200
32.87, 5415200
32.88, 5415200
32.89, 5415200
32.9, 5415200
32.91, 5415200
32.92, 5415200
32.93, 5415200
32.94, 5415200
32.95, 5415200
32.96, 5415200
32.97, 5415200
32.98, 5415200
32.99, 5415200
33.0, 5415200
33.01, 5415200
33.02, 5415200
33.03, 5415200
33.04, 5415200
33.05, 5415200
33.06, 5415200
33.07, 5415200
33.08, 5415200
33.09, 5415200
33.1, 5415200
33.11, 5415200
33.12, 5415200
33.13, 5415200
33.14, 5415200
33.15, 5415200
33.16, 5415200
33.17, 5415200
33.18, 5415200
33.19, 5415200
33.2, 5415200
33.21, 5415200
33.22, 5415200
33.23, 5415200
33.24, 5415200
33.25, 5415200
33.26, 5415200
33.27, 5415200
33.28, 5415200
33.29, 5415200
33.3, 5415200
33.31, 5415200
33.32, 5415200
33.33, 5415200
33.34, 5415200
33.35, 5415200
33.36, 5415200
33.37, 5415200
33.38, 5415200
33.39, 5415200
33.4, 5415200
33.41, 5415200
33.42, 5415200
33.43, 5415200
33.44, 5415200
33.45, 5415200
33.46, 5415200
33.47, 5415200
33.48, 5415200
33.49, 5415200
33.5, 5415200
33.51, 5415200
33.52, 5415200
33.53, 5415200
33.54, 5415200
33.55, 5415200
33.56, 5415200
33.57, 5415200
33.58, 5415200
33.59, 5415200
33.6, 5415200
33.61, 5415200
33.62, 5415200
33.63, 5415200
33.64, 5415200
33.65, 5415200
33.66, 5415200
33.67, 5415200
33.68, 5415200
33.69, 5415200
33.7, 5415200
33.71, 5415200
33.72, 5415200
33.73, 5415200
33.74, 5415200
33.75, 5415200
33.76, 5415200
33.77, 5415200
33.78, 5415200
33.79, 5415200
33.8, 5415200
33.81, 5415200
33.82, 5415200
33.83, 5415200
33.84, 5415200
33.85, 5415200
33.86, 5415200
33.87, 5415200
33.88, 5415200
33.89, 5415200
33.9, 5415200
33.91, 5415200
33.92, 5415200
33.93, 5415200
33.94, 5415200
33.95, 5415200
33.96, 5415200
33.97, 5415200
33.98, 5415200
33.99, 5415200
34.0, 5415200
34.01, 5415200
34.02, 5415200
34.03, 5415200
34.04, 5415200
34.05, 5415200
34.06, 5415200
34.07, 5415200
34.08, 5415200
34.09, 5415200
34.1, 5415200
34.11, 5415200
34.12, 5415200
34.13, 5415200
34.14, 5415200
34.15, 5415200
34.16, 5415200
34.17, 5415200
34.18, 5415200
34.19, 5415200
34.2, 5415200
34.21, 5415200
34.22, 5415200
34.23, 5415200
34.24, 5415200
34.25, 5415200
34.26, 5415200
34.27, 5415200
34.28, 5415200
34.29, 5415200
34.3, 5415200
34.31, 5415200
34.32, 5415200
34.33, 5415200
34.34, 5415200
34.35, 5415200
34.36, 5415200
34.37, 5415200
34.38, 5415200
34.39, 5415200
34.4, 5415200
34.41, 5415200
34.42, 5415200
34.43, 5415200
34.44, 5415200
34.45, 5415200
34.46, 5415200
34.47, 5415200
34.48, 5415200
34.49, 5415200
34.5, 5415200
34.51, 5415200
34.52, 5415200
34.53, 5415200
34.54, 5415200
34.55, 5415200
34.56, 5415200
34.57, 5415200
34.58, 5415200
34.59, 5415200
34.6, 5415200
34.61, 5415200
34.62, 5415200
34.63, 5415200
34.64, 5415200
34.65, 5415200
34.66, 5415200
34.67, 5415200
34.68, 5415200
34.69, 5415200
34.7, 5415200
34.71, 5415200
34.72, 5415200
34.73, 5415200
34.74, 5415200
34.75, 5415200
34.76, 5415200
34.77, 5415200
34.78, 5415200
34.79, 5415200
34.8, 5415200
34.81, 5415200
34.82, 5415200
34.83, 5415200
34.84, 5415200
34.85, 5415200
34.86, 5415200
34.87, 5415200
34.88, 5415200
34.89, 5415200
34.9, 5415200
34.91, 5415200
34.92, 5415200
34.93, 5415200
34.94, 5415200
34.95, 5415200
34.96, 5415200
34.97, 5415200
34.98, 5415200
34.99, 5415200
35.0, 5415200
35.01, 5415200
35.02, 5415200
35.03, 5415200
35.04, 5415200
35.05, 5415200
35.06, 5415200
35.07, 5415200
35.08, 5415200
35.09, 5415200
35.1, 5415200
35.11, 5415200
35.12, 5415200
35.13, 5415200
35.14, 5415200
35.15, 5415200
35.16, 5415200
35.17, 5415200
35.18, 5415200
35.19, 5415200
35.2, 5415200
35.21, 5415200
35.22, 5415200
35.23, 5415200
35.24, 5415200
35.25, 5415200
35.26, 5415200
35.27, 5415200
35.28, 5415200
35.29, 5415200
35.3, 5415200
35.31, 5415200
35.32, 5415200
35.33, 5415200
35.34, 5415200
35.35, 5415200
35.36, 5415200
35.37, 5415200
35.38, 5415200
35.39, 5415200
35.4, 5415200
35.41, 5415200
35.42, 5415200
35.43, 5415200
35.44, 5415200
35.45, 5415200
35.46, 5415200
35.47, 5415200
35.48, 5415200
35.49, 5415200
35.5, 5415200
35.51, 5415200
35.52, 5415200
35.53, 5415200
35.54, 5415200
35.55, 5415200
35.56, 5415200
35.57, 5415200
35.58, 5415200
35.59, 5415200
35.6, 5415200
35.61, 5415200
35.62, 5415200
35.63, 5415200
35.64, 5415200
35.65, 5415200
35.66, 5415200
35.67, 5415200
35.68, 5415200
35.69, 5415200
35.7, 5415200
35.71, 5415200
35.72, 5415200
35.73, 5415200
35.74, 5415200
35.75, 5415200
35.76, 5415200
35.77, 5415200
35.78, 5415200
35.79, 5415200
35.8, 5415200
35.81, 5415200
35.82, 5415200
35.83, 5415200
35.84, 5415200
35.85, 5415200
35.86, 5415200
35.87, 5415200
35.88, 5415200
35.89, 5415200
35.9, 5415200
35.91, 5415200
35.92, 5415200
35.93, 5415200
35.94, 5415200
35.95, 5415200
35.96, 5415200
35.97, 5415200
35.98, 5415200
35.99, 5415200
36.0, 5415200
36.01, 5415200
36.02, 5415200
36.03, 5415200
36.04, 5415200
36.05, 5415200
36.06, 5415200
36.07, 5415200
36.08, 5415200
36.09, 5415200
36.1, 5415200
36.11, 5415200
36.12, 5415200
36.13, 5415200
36.14, 5415200
36.15, 5415200
36.16, 5415200
36.17, 5415200
36.18, 5415200
36.19, 5415200
36.2, 5415200
36.21, 5415200
36.22, 5415200
36.23, 5415200
36.24, 5415200
36.25, 5415200
36.26, 5415200
36.27, 5415200
36.28, 5415200
36.29, 5415200
36.3, 5415200
36.31, 5415200
36.32, 5415200
36.33, 5415200
36.34, 5415200
36.35, 5415200
36.36, 5415200
36.37, 5415200
36.38, 5415200
36.39, 5415200
36.4, 5415200
36.41, 5415200
36.42, 5415200
36.43, 5415200
36.44, 5415200
36.45, 5415200
36.46, 5415200
36.47, 5415200
36.48, 5415200
36.49, 5415200
36.5, 5415200
36.51, 5415200
36.52, 5415200
36.53, 5415200
36.54, 5415200
36.55, 5415200
36.56, 5415200
36.57, 5415200
36.58, 5415200
36.59, 5415200
36.6, 5415200
36.61, 5415200
36.62, 5415200
36.63, 5415200
36.64, 5415200
36.65, 5415200
36.66, 5415200
36.67, 5415200
36.68, 5415200
36.69, 5415200
36.7, 5415200
36.71, 5415200
36.72, 5415200
36.73, 5415200
36.74, 5415200
36.75, 5415200
36.76, 5415200
36.77, 5415200
36.78, 5415200
36.79, 5415200
36.8, 5415200
36.81, 5415200
36.82, 5415200
36.83, 5415200
36.84, 5415200
36.85, 5415200
36.86, 5415200
36.87, 5415200
36.88, 5415200
36.89, 5415200
36.9, 5415200
36.91, 5415200
36.92, 5415200
36.93, 5415200
36.94, 5415200
36.95, 5415200
36.96, 5415200
36.97, 5415200
36.98, 5415200
36.99, 5415200
37.0, 5415200
37.01, 5415200
37.02, 5415200
37.03, 5415200
37.04, 5415200
37.05, 5415200
37.06, 5415200
37.07, 5415200
37.08, 5415200
37.09, 5415200
37.1, 5415200
37.11, 5415200
37.12, 5415200
37.13, 5415200
37.14, 5415200
37.15, 5415200
37.16, 5415200
37.17, 5415200
37.18, 5415200
37.19, 5415200
37.2, 5415200
37.21, 5415200
37.22, 5415200
37.23, 5415200
37.24, 5415200
37.25, 5415200
37.26, 5415200
37.27, 5415200
37.28, 5415200
37.29, 5415200
37.3, 5415200
37.31, 5415200
37.32, 5415200
37.33, 5415200
37.34, 5415200
37.35, 5415200
37.36, 5415200
37.37, 5415200
37.38, 5415200
37.39, 5415200
37.4, 5415200
37.41, 5415200
37.42, 5415200
37.43, 5415200
37.44, 5415200
37.45, 5415200
37.46, 5415200
37.47, 5415200
37.48, 5415200
37.49, 5415200
37.5, 5415200
37.51, 5415200
37.52, 5415200
37.53, 5415200
37.54, 5415200
37.55, 5415200
37.56, 5415200
37.57, 5415200
37.58, 5415200
37.59, 5415200
37.6, 5415200
37.61, 5415200
37.62, 5415200
37.63, 5415200
37.64, 5415200
37.65, 5415200
37.66, 5415200
37.67, 5415200
37.68, 5415200
37.69, 5415200
37.7, 5415200
37.71, 5415200
37.72, 5415200
37.73, 5415200
37.74, 5415200
37.75, 5415200
37.76, 5415200
37.77, 5415200
37.78, 5415200
37.79, 5415200
37.8, 5415200
37.81, 5415200
37.82, 5415200
37.83, 5415200
37.84, 5415200
37.85, 5415200
37.86, 5415200
37.87, 5415200
37.88, 5415200
37.89, 5415200
37.9, 5415200
37.91, 5415200
37.92, 5415200
37.93, 5415200
37.94, 5415200
37.95, 5415200
37.96, 5415200
37.97, 5415200
37.98, 5415200
37.99, 5415200
38.0, 5415200
38.01, 5415200
38.02, 5415200
38.03, 5415200
38.04, 5415200
38.05, 5415200
38.06, 5415200
38.07, 5415200
38.08, 5415200
38.09, 5415200
38.1, 5415200
38.11, 5415200
38.12, 5415200
38.13, 5415200
38.14, 5415200
38.15, 5415200
38.16, 5415200
38.17, 5415200
38.18, 5415200
38.19, 5415200
38.2, 5415200
38.21, 5415200
38.22, 5415200
38.23, 5415200
38.24, 5415200
38.25, 5415200
38.26, 5415200
38.27, 5415200
38.28, 5415200
38.29, 5415200
38.3, 5415200
38.31, 5415200
38.32, 5415200
38.33, 5415200
38.34, 5415200
38.35, 5415200
38.36, 5415200
38.37, 5415200
38.38, 5415200
38.39, 5415200
38.4, 5415200
38.41, 5415200
38.42, 5415200
38.43, 5415200
38.44, 5415200
38.45, 5415200
38.46, 5415200
38.47, 5415200
38.48, 5415200
38.49, 5415200
38.5, 5415200
38.51, 5415200
38.52, 5415200
38.53, 5415200
38.54, 5415200
38.55, 5415200
38.56, 5415200
38.57, 5415200
38.58, 5415200
38.59, 5415200
38.6, 5415200
38.61, 5415200
38.62, 5415200
38.63, 5415200
38.64, 5415200
38.65, 5415200
38.66, 5415200
38.67, 5415200
38.68, 5415200
38.69, 5415200
38.7, 5415200
38.71, 5415200
38.72, 5415200
38.73, 5415200
38.74, 5415200
38.75, 5415200
38.76, 5415200
38.77, 5415200
38.78, 5415200
38.79, 5415200
38.8, 5415200
38.81, 5415200
38.82, 5415200
38.83, 5415200
38.84, 5415200
38.85, 5415200
38.86, 5415200
38.87, 5415200
38.88, 5415200
38.89, 5415200
38.9, 5415200
38.91, 5415200
38.92, 5415200
38.93, 5415200
38.94, 5415200
38.95, 5415200
38.96, 5415200
38.97, 5415200
38.98, 5415200
38.99, 5415200
39.0, 5415200
39.01, 5415200
39.02, 5415200
39.03, 5415200
39.04, 5415200
39.05, 5415200
39.06, 5415200
39.07, 5415200
39.08, 5415200
39.09, 5415200
39.1, 5415200
39.11, 5415200
39.12, 5415200
39.13, 5415200
39.14, 5415200
39.15, 5415200
39.16, 5415200
39.17, 5415200
39.18, 5415200
39.19, 5415200
39.2, 5415200
39.21, 5415200
39.22, 5415200
39.23, 5415200
39.24, 5415200
39.25, 5415200
39.26, 5415200
39.27, 5415200
39.28, 5415200
39.29, 5415200
39.3, 5415200
39.31, 5415200
39.32, 5415200
39.33, 5415200
39.34, 5415200
39.35, 5415200
39.36, 5415200
39.37, 5415200
39.38, 5415200
39.39, 5415200
39.4, 5415200
39.41, 5415200
39.42, 5415200
39.43, 5415200
39.44, 5415200
39.45, 5415200
39.46, 5415200
39.47, 5415200
39.48, 5415200
39.49, 5415200
39.5, 5415200
39.51, 5415200
39.52, 5415200
39.53, 5415200
39.54, 5415200
39.55, 5415200
39.56, 5415200
39.57, 5415200
39.58, 5415200
39.59, 5415200
39.6, 5415200
39.61, 5415200
39.62, 5415200
39.63, 5415200
39.64, 5415200
39.65, 5415200
39.66, 5415200
39.67, 5415200
39.68, 5415200
39.69, 5415200
39.7, 5415200
39.71, 5415200
39.72, 5415200
39.73, 5415200
39.74, 5415200
39.75, 5415200
39.76, 5415200
39.77, 5415200
39.78, 5415200
39.79, 5415200
39.8, 5415200
39.81, 5415200
39.82, 5415200
39.83, 5415200
39.84, 5415200
39.85, 5415200
39.86, 5415200
39.87, 5415200
39.88, 5415200
39.89, 5415200
39.9, 5415200
39.91, 5415200
39.92, 5415200
39.93, 5415200
39.94, 5415200
39.95, 5415200
39.96, 5415200
39.97, 5415200
39.98, 5415200
39.99, 5415200
40.0, 5415200
40.01, 5415200
40.02, 5415200
40.03, 5415200
40.04, 5415200
40.05, 5415200
40.06, 5415200
40.07, 5415200
40.08, 5415200
40.09, 5415200
40.1, 5415200
40.11, 5415200
40.12, 5415200
40.13, 5415200
40.14, 5415200
40.15, 5415200
40.16, 5415200
40.17, 5415200
40.18, 5415200
40.19, 5415200
40.2, 5415200
40.21, 5415200
40.22, 5415200
40.23, 5415200
40.24, 5415200
40.25, 5415200
40.26, 5415200
40.27, 5415200
40.28, 5415200
40.29, 5415200
40.3, 5415200
40.31, 5415200
40.32, 5415200
40.33, 5415200
40.34, 5415200
40.35, 5415200
40.36, 5415200
40.37, 5415200
40.38, 5415200
40.39, 5415200
40.4, 5415200
40.41, 5415200
40.42, 5415200
40.43, 5415200
40.44, 5415200
40.45, 5415200
40.46, 5415200
40.47, 5415200
40.48, 5415200
40.49, 5415200
40.5, 5415200
40.51, 5415200
40.52, 5415200
40.53, 5415200
40.54, 5415200
40.55, 5415200
40.56, 5415200
40.57, 5415200
40.58, 5415200
40.59, 5415200
40.6, 5415200
40.61, 5415200
40.62, 5415200
40.63, 5415200
40.64, 5415200
40.65, 5415200
40.66, 5415200
40.67, 5415200
40.68, 5415200
40.69, 5415200
40.7, 5415200
40.71, 5415200
40.72, 5415200
40.73, 5415200
40.74, 5415200
40.75, 5415200
40.76, 5415200
40.77, 5415200
40.78, 5415200
40.79, 5415200
40.8, 5415200
40.81, 5415200
40.82, 5415200
40.83, 5415200
40.84, 5415200
40.85, 5415200
40.86, 5415200
40.87, 5415200
40.88, 5415200
40.89, 5415200
40.9, 5415200
40.91, 5415200
40.92, 5415200
40.93, 5415200
40.94, 5415200
40.95, 5415200
40.96, 5415200
40.97, 5415200
40.98, 5415200
40.99, 5415200
41.0, 5415200
41.01, 5415200
41.02, 5415200
41.03, 5415200
41.04, 5415200
41.05, 5415200
41.06, 5415200
41.07, 5415200
41.08, 5415200
41.09, 5415200
41.1, 5415200
41.11, 5415200
41.12, 5415200
41.13, 5415200
41.14, 5415200
41.15, 5415200
41.16, 5415200
41.17, 5415200
41.18, 5415200
41.19, 5415200
41.2, 5415200
41.21, 5415200
41.22, 5415200
41.23, 5415200
41.24, 5415200
41.25, 5415200
41.26, 5415200
41.27, 5415200
41.28, 5415200
41.29, 5415200
41.3, 5415200
41.31, 5415200
41.32, 5415200
41.33, 5415200
41.34, 5415200
41.35, 5415200
41.36, 5415200
41.37, 5415200
41.38, 5415200
41.39, 5415200
41.4, 5415200
41.41, 5415200
41.42, 5415200
41.43, 5415200
41.44, 5415200
41.45, 5415200
41.46, 5415200
41.47, 5415200
41.48, 5415200
41.49, 5415200
41.5, 5415200
41.51, 5415200
41.52, 5415200
41.53, 5415200
41.54, 5415200
41.55, 5415200
41.56, 5415200
41.57, 5415200
41.58, 5415200
41.59, 5415200
41.6, 5415200
41.61, 5415200
41.62, 5415200
41.63, 5415200
41.64, 5415200
41.65, 5415200
41.66, 5415200
41.67, 5415200
41.68, 5415200
41.69, 5415200
41.7, 5415200
41.71, 5415200
41.72, 5415200
41.73, 5415200
41.74, 5415200
41.75, 5415200
41.76, 5415200
41.77, 5415200
41.78, 5415200
41.79, 5415200
41.8, 5415200
41.81, 5415200
41.82, 5415200
41.83, 5415200
41.84, 5415200
41.85, 5415200
41.86, 5415200
41.87, 5415200
41.88, 5415200
41.89, 5415200
41.9, 5415200
41.91, 5415200
41.92, 5415200
41.93, 5415200
41.94, 5415200
41.95, 5415200
41.96, 5415200
41.97, 5415200
41.98, 5415200
41.99, 5415200
42.0, 5415200
42.01, 5415200
42.02, 5415200
42.03, 5415200
42.04, 5415200
42.05, 5415200
42.06, 5415200
42.07, 5415200
42.08, 5415200
42.09, 5415200
42.1, 5415200
42.11, 5415200
42.12, 5415200
42.13, 5415200
42.14, 5415200
42.15, 5415200
42.16, 5415200
42.17, 5415200
42.18, 5415200
42.19, 5415200
42.2, 5415200
42.21, 5415200
42.22, 5415200
42.23, 5415200
42.24, 5415200
42.25, 5415200
42.26, 5415200
42.27, 5415200
42.28, 5415200
42.29, 5415200
42.3, 5415200
42.31, 5415200
42.32, 5415200
42.33, 5415200
42.34, 5415200
42.35, 5415200
42.36, 5415200
42.37, 5415200
42.38, 5415200
42.39, 5415200
42.4, 5415200
42.41, 5415200
42.42, 5415200
42.43, 5415200
42.44, 5415200
42.45, 5415200
42.46, 5415200
42.47, 5415200
42.48, 5415200
42.49, 5415200
42.5, 5415200
42.51, 5415200
42.52, 5415200
42.53, 5415200
42.54, 5415200
42.55, 5415200
42.56, 5415200
42.57, 5415200
42.58, 5415200
42.59, 5415200
42.6, 5415200
42.61, 5415200
42.62, 5415200
42.63, 5415200
42.64, 5415200
42.65, 5415200
42.66, 5415200
42.67, 5415200
42.68, 5415200
42.69, 5415200
42.7, 5415200
42.71, 5415200
42.72, 5415200
42.73, 5415200
42.74, 5415200
42.75, 5415200
42.76, 5415200
42.77, 5415200
42.78, 5415200
42.79, 5415200
42.8, 5415200
42.81, 5415200
42.82, 5415200
42.83, 5415200
42.84, 5415200
42.85, 5415200
42.86, 5415200
42.87, 5415200
42.88, 5415200
42.89, 5415200
42.9, 5415200
42.91, 5415200
42.92, 5415200
42.93, 5415200
42.94, 5415200
42.95, 5415200
42.96, 5415200
42.97, 5415200
42.98, 5415200
42.99, 5415200
43.0, 5415200
43.01, 5415200
43.02, 5415200
43.03, 5415200
43.04, 5415200
43.05, 5415200
43.06, 5415200
43.07, 5415200
43.08, 5415200
43.09, 5415200
43.1, 5415200
43.11, 5415200
43.12, 5415200
43.13, 5415200
43.14, 5415200
43.15, 5415200
43.16, 5415200
43.17, 5415200
43.18, 5415200
43.19, 5415200
43.2, 5415200
43.21, 5415200
43.22, 5415200
43.23, 5415200
43.24, 5415200
43.25, 5415200
43.26, 5415200
43.27, 5415200
43.28, 5415200
43.29, 5415200
43.3, 5415200
43.31, 5415200
43.32, 5415200
43.33, 5415200
43.34, 5415200
43.35, 5415200
43.36, 5415200
43.37, 5415200
43.38, 5415200
43.39, 5415200
43.4, 5415200
43.41, 5415200
43.42, 5415200
43.43, 5415200
43.44, 5415200
43.45, 5415200
43.46, 5415200
43.47, 5415200
43.48, 5415200
43.49, 5415200
43.5, 5415200
43.51, 5415200
43.52, 5415200
43.53, 5415200
43.54, 5415200
43.55, 5415200
43.56, 5415200
43.57, 5415200
43.58, 5415200
43.59, 5415200
43.6, 5415200
43.61, 5415200
43.62, 5415200
43.63, 5415200
43.64, 5415200
43.65, 5415200
43.66, 5415200
43.67, 5415200
43.68, 5415200
43.69, 5415200
43.7, 5415200
43.71, 5415200
43.72, 5415200
43.73, 5415200
43.74, 5415200
43.75, 5415200
43.76, 5415200
43.77, 5415200
43.78, 5415200
43.79, 5415200
43.8, 5415200
43.81, 5415200
43.82, 5415200
43.83, 5415200
43.84, 5415200
43.85, 5415200
43.86, 5415200
43.87, 5415200
43.88, 5415200
43.89, 5415200
43.9, 5415200
43.91, 5415200
43.92, 5415200
43.93, 5415200
43.94, 5415200
43.95, 5415200
43.96, 5415200
43.97, 5415200
43.98, 5415200
43.99, 5415200
44.0, 5415200
44.01, 5415200
44.02, 5415200
44.03, 5415200
44.04, 5415200
44.05, 5415200
44.06, 5415200
44.07, 5415200
44.08, 5415200
44.09, 5415200
44.1, 5415200
44.11, 5415200
44.12, 5415200
44.13, 5415200
44.14, 5415200
44.15, 5415200
44.16, 5415200
44.17, 5415200
44.18, 5415200
44.19, 5415200
44.2, 5415200
44.21, 5415200
44.22, 5415200
44.23, 5415200
44.24, 5415200
44.25, 5415200
44.26, 5415200
44.27, 5415200
44.28, 5415200
44.29, 5415200
44.3, 5415200
44.31, 5415200
44.32, 5415200
44.33, 5415200
44.34, 5415200
44.35, 5415200
44.36, 5415200
44.37, 5415200
44.38, 5415200
44.39, 5415200
44.4, 5415200
44.41, 5415200
44.42, 5415200
44.43, 5415200
44.44, 5415200
44.45, 5415200
44.46, 5415200
44.47, 5415200
44.48, 5415200
44.49, 5415200
44.5, 5415200
44.51, 5415200
44.52, 5415200
44.53, 5415200
44.54, 5415200
44.55, 5415200
44.56, 5415200
44.57, 5415200
44.58, 5415200
44.59, 5415200
44.6, 5415200
44.61, 5415200
44.62, 5415200
44.63, 5415200
44.64, 5415200
44.65, 5415200
44.66, 5415200
44.67, 5415200
44.68, 5415200
44.69, 5415200
44.7, 5415200
44.71, 5415200
44.72, 5415200
44.73, 5415200
44.74, 5415200
44.75, 5415200
44.76, 5415200
44.77, 5415200
44.78, 5415200
44.79, 5415200
44.8, 5415200
44.81, 5415200
44.82, 5415200
44.83, 5415200
44.84, 5415200
44.85, 5415200
44.86, 5415200
44.87, 5415200
44.88, 5415200
44.89, 5415200
44.9, 5415200
44.91, 5415200
44.92, 5415200
44.93, 5415200
44.94, 5415200
44.95, 5415200
44.96, 5415200
44.97, 5415200
44.98, 5415200
44.99, 5415200
45.0, 5415200
45.01, 5415200
45.02, 5415200
45.03, 5415200
45.04, 5415200
45.05, 5415200
45.06, 5415200
45.07, 5415200
45.08, 5415200
45.09, 5415200
45.1, 5415200
45.11, 5415200
45.12, 5415200
45.13, 5415200
45.14, 5415200
45.15, 5415200
45.16, 5415200
45.17, 5415200
45.18, 5415200
45.19, 5415200
45.2, 5415200
45.21, 5415200
45.22, 5415200
45.23, 5415200
45.24, 5415200
45.25, 5415200
45.26, 5415200
45.27, 5415200
45.28, 5415200
45.29, 5415200
45.3, 5415200
45.31, 5415200
45.32, 5415200
45.33, 5415200
45.34, 5415200
45.35, 5415200
45.36, 5415200
45.37, 5415200
45.38, 5415200
45.39, 5415200
45.4, 5415200
45.41, 5415200
45.42, 5415200
45.43, 5415200
45.44, 5415200
45.45, 5415200
45.46, 5415200
45.47, 5415200
45.48, 5415200
45.49, 5415200
45.5, 5415200
45.51, 5415200
45.52, 5415200
45.53, 5415200
45.54, 5415200
45.55, 5415200
45.56, 5415200
45.57, 5415200
45.58, 5415200
45.59, 5415200
45.6, 5415200
45.61, 5415200
45.62, 5415200
45.63, 5415200
45.64, 5415200
45.65, 5415200
45.66, 5415200
45.67, 5415200
45.68, 5415200
45.69, 5415200
45.7, 5415200
45.71, 5415200
45.72, 5415200
45.73, 5415200
45.74, 5415200
45.75, 5415200
45.76, 5415200
45.77, 5415200
45.78, 5415200
45.79, 5415200
45.8, 5415200
45.81, 5415200
45.82, 5415200
45.83, 5415200
45.84, 5415200
45.85, 5415200
45.86, 5415200
45.87, 5415200
45.88, 5415200
45.89, 5415200
45.9, 5415200
45.91, 5415200
45.92, 5415200
45.93, 5415200
45.94, 5415200
45.95, 5415200
45.96, 5415200
45.97, 5415200
45.98, 5415200
45.99, 5415200
46.0, 5415200
46.01, 5415200
46.02, 5415200
46.03, 5415200
46.04, 5415200
46.05, 5415200
46.06, 5415200
46.07, 5415200
46.08, 5415200
46.09, 5415200
46.1, 5415200
46.11, 5415200
46.12, 5415200
46.13, 5415200
46.14, 5415200
46.15, 5415200
46.16, 5415200
46.17, 5415200
46.18, 5415200
46.19, 5415200
46.2, 5415200
46.21, 5415200
46.22, 5415200
46.23, 5415200
46.24, 5415200
46.25, 5415200
46.26, 5415200
46.27, 5415200
46.28, 5415200
46.29, 5415200
46.3, 5415200
46.31, 5415200
46.32, 5415200
46.33, 5415200
46.34, 5415200
46.35, 5415200
46.36, 5415200
46.37, 5415200
46.38, 5415200
46.39, 5415200
46.4, 5415200
46.41, 5415200
46.42, 5415200
46.43, 5415200
46.44, 5415200
46.45, 5415200
46.46, 5415200
46.47, 5415200
46.48, 5415200
46.49, 5415200
46.5, 5415200
46.51, 5415200
46.52, 5415200
46.53, 5415200
46.54, 5415200
46.55, 5415200
46.56, 5415200
46.57, 5415200
46.58, 5415200
46.59, 5415200
46.6, 5415200
46.61, 5415200
46.62, 5415200
46.63, 5415200
46.64, 5415200
46.65, 5415200
46.66, 5415200
46.67, 5415200
46.68, 5415200
46.69, 5415200
46.7, 5415200
46.71, 5415200
46.72, 5415200
46.73, 5415200
46.74, 5415200
46.75, 5415200
46.76, 5415200
46.77, 5415200
46.78, 5415200
46.79, 5415200
46.8, 5415200
46.81, 5415200
46.82, 5415200
46.83, 5415200
46.84, 5415200
46.85, 5415200
46.86, 5415200
46.87, 5415200
46.88, 5415200
46.89, 5415200
46.9, 5415200
46.91, 5415200
46.92, 5415200
46.93, 5415200
46.94, 5415200
46.95, 5415200
46.96, 5415200
46.97, 5415200
46.98, 5415200
46.99, 5415200
47.0, 5415200
47.01, 5415200
47.02, 5415200
47.03, 5415200
47.04, 5415200
47.05, 5415200
47.06, 5415200
47.07, 5415200
47.08, 5415200
47.09, 5415200
47.1, 5415200
47.11, 5415200
47.12, 5415200
47.13, 5415200
47.14, 5415200
47.15, 5415200
47.16, 5415200
47.17, 5415200
47.18, 5415200
47.19, 5415200
47.2, 5415200
47.21, 5415200
47.22, 5415200
47.23, 5415200
47.24, 5415200
47.25, 5415200
47.26, 5415200
47.27, 5415200
47.28, 5415200
47.29, 5415200
47.3, 5415200
47.31, 5415200
47.32, 5415200
47.33, 5415200
47.34, 5415200
47.35, 5415200
47.36, 5415200
47.37, 5415200
47.38, 5415200
47.39, 5415200
47.4, 5415200
47.41, 5415200
47.42, 5415200
47.43, 5415200
47.44, 5415200
47.45, 5415200
47.46, 5415200
47.47, 5415200
47.48, 5415200
47.49, 5415200
47.5, 5415200
47.51, 5415200
47.52, 5415200
47.53, 5415200
47.54, 5415200
47.55, 5415200
47.56, 5415200
47.57, 5415200
47.58, 5415200
47.59, 5415200
47.6, 5415200
47.61, 5415200
47.62, 5415200
47.63, 5415200
47.64, 5415200
47.65, 5415200
47.66, 5415200
47.67, 5415200
47.68, 5415200
47.69, 5415200
47.7, 5415200
47.71, 5415200
47.72, 5415200
47.73, 5415200
47.74, 5415200
47.75, 5415200
47.76, 5415200
47.77, 5415200
47.78, 5415200
47.79, 5415200
47.8, 5415200
47.81, 5415200
47.82, 5415200
47.83, 5415200
47.84, 5415200
47.85, 5415200
47.86, 5415200
47.87, 5415200
47.88, 5415200
47.89, 5415200
47.9, 5415200
47.91, 5415200
47.92, 5415200
47.93, 5415200
47.94, 5415200
47.95, 5415200
47.96, 5415200
47.97, 5415200
47.98, 5415200
47.99, 5415200
48.0, 5415200
48.01, 5415200
48.02, 5415200
48.03, 5415200
48.04, 5415200
48.05, 5415200
48.06, 5415200
48.07, 5415200
48.08, 5415200
48.09, 5415200
48.1, 5415200
48.11, 5415200
48.12, 5415200
48.13, 5415200
48.14, 5415200
48.15, 5415200
48.16, 5415200
48.17, 5415200
48.18, 5415200
48.19, 5415200
48.2, 5415200
48.21, 5415200
48.22, 5415200
48.23, 5415200
48.24, 5415200
48.25, 5415200
48.26, 5415200
48.27, 5415200
48.28, 5415200
48.29, 5415200
48.3, 5415200
48.31, 5415200
48.32, 5415200
48.33, 5415200
48.34, 5415200
48.35, 5415200
48.36, 5415200
48.37, 5415200
48.38, 5415200
48.39, 5415200
48.4, 5415200
48.41, 5415200
48.42, 5415200
48.43, 5415200
48.44, 5415200
48.45, 5415200
48.46, 5415200
48.47, 5415200
48.48, 5415200
48.49, 5415200
48.5, 5415200
48.51, 5415200
48.52, 5415200
48.53, 5415200
48.54, 5415200
48.55, 5415200
48.56, 5415200
48.57, 5415200
48.58, 5415200
48.59, 5415200
48.6, 5415200
48.61, 5415200
48.62, 5415200
48.63, 5415200
48.64, 5415200
48.65, 5415200
48.66, 5415200
48.67, 5415200
48.68, 5415200
48.69, 5415200
48.7, 5415200
48.71, 5415200
48.72, 5415200
48.73, 5415200
48.74, 5415200
48.75, 5415200
48.76, 5415200
48.77, 5415200
48.78, 5415200
48.79, 5415200
48.8, 5415200
48.81, 5415200
48.82, 5415200
48.83, 5415200
48.84, 5415200
48.85, 5415200
48.86, 5415200
48.87, 5415200
48.88, 5415200
48.89, 5415200
48.9, 5415200
48.91, 5415200
48.92, 5415200
48.93, 5415200
48.94, 5415200
48.95, 5415200
48.96, 5415200
48.97, 5415200
48.98, 5415200
48.99, 5415200
49.0, 5415200
49.01, 5415200
49.02, 5415200
49.03, 5415200
49.04, 5415200
49.05, 5415200
49.06, 5415200
49.07, 5415200
49.08, 5415200
49.09, 5415200
49.1, 5415200
49.11, 5415200
49.12, 5415200
49.13, 5415200
49.14, 5415200
49.15, 5415200
49.16, 5415200
49.17, 5415200
49.18, 5415200
49.19, 5415200
49.2, 5415200
49.21, 5415200
49.22, 5415200
49.23, 5415200
49.24, 5415200
49.25, 5415200
49.26, 5415200
49.27, 5415200
49.28, 5415200
49.29, 5415200
49.3, 5415200
49.31, 5415200
49.32, 5415200
49.33, 5415200
49.34, 5415200
49.35, 5415200
49.36, 5415200
49.37, 5415200
49.38, 5415200
49.39, 5415200
49.4, 5415200
49.41, 5415200
49.42, 5415200
49.43, 5415200
49.44, 5415200
49.45, 5415200
49.46, 5415200
49.47, 5415200
49.48, 5415200
49.49, 5415200
49.5, 5415200
49.51, 5415200
49.52, 5415200
49.53, 5415200
49.54, 5415200
49.55, 5415200
49.56, 5415200
49.57, 5415200
49.58, 5415200
49.59, 5415200
49.6, 5415200
49.61, 5415200
49.62, 5415200
49.63, 5415200
49.64, 5415200
49.65, 5415200
49.66, 5415200
49.67, 5415200
49.68, 5415200
49.69, 5415200
49.7, 5415200
49.71, 5415200
49.72, 5415200
49.73, 5415200
49.74, 5415200
49.75, 5415200
49.76, 5415200
49.77, 5415200
49.78, 5415200
49.79, 5415200
49.8, 5415200
49.81, 5415200
49.82, 5415200
49.83, 5415200
49.84, 5415200
49.85, 5415200
49.86, 5415200
49.87, 5415200
49.88, 5415200
49.89, 5415200
49.9, 5415200
49.91, 5415200
49.92, 5415200
49.93, 5415200
49.94, 5415200
49.95, 5415200
49.96, 5415200
49.97, 5415200
49.98, 5415200
49.99, 5415200
50.0, 5415200
50.01, 5415200
50.02, 5415200
50.03, 5415200
50.04, 5415200
50.05, 5415200
50.06, 5415200
50.07, 5415200
50.08, 5415200
50.09, 5415200
50.1, 5415200
50.11, 5415200
50.12, 5415200
50.13, 5415200
50.14, 5415200
50.15, 5415200
50.16, 5415200
50.17, 5415200
50.18, 5415200
50.19, 5415200
50.2, 5415200
50.21, 5415200
50.22, 5415200
50.23, 5415200
50.24, 5415200
50.25, 5415200
50.26, 5415200
50.27, 5415200
50.28, 5415200
50.29, 5415200
50.3, 5415200
50.31, 5415200
50.32, 5415200
50.33, 5415200
50.34, 5415200
50.35, 5415200
50.36, 5415200
50.37, 5415200
50.38, 5415200
50.39, 5415200
50.4, 5415200
50.41, 5415200
50.42, 5415200
50.43, 5415200
50.44, 5415200
50.45, 5415200
50.46, 5415200
50.47, 5415200
50.48, 5415200
50.49, 5415200
50.5, 5415200
50.51, 5415200
50.52, 5415200
50.53, 5415200
50.54, 5415200
50.55, 5415200
50.56, 5415200
50.57, 5415200
50.58, 5415200
50.59, 5415200
50.6, 5415200
50.61, 5415200
50.62, 5415200
50.63, 5415200
50.64, 5415200
50.65, 5415200
50.66, 5415200
50.67, 5415200
50.68, 5415200
50.69, 5415200
50.7, 5415200
50.71, 5415200
50.72, 5415200
50.73, 5415200
50.74, 5415200
50.75, 5415200
50.76, 5415200
50.77, 5415200
50.78, 5415200
50.79, 5415200
50.8, 5415200
50.81, 5415200
50.82, 5415200
50.83, 5415200
50.84, 5415200
50.85, 5415200
50.86, 5415200
50.87, 5415200
50.88, 5415200
50.89, 5415200
50.9, 5415200
50.91, 5415200
50.92, 5415200
50.93, 5415200
50.94, 5415200
50.95, 5415200
50.96, 5415200
50.97, 5415200
50.98, 5415200
51.0, 5415200
51.01, 5415200
51.02, 5415200
51.03, 5415200
51.04, 5415200
51.05, 5415200
51.06, 5415200
51.07, 5415200
51.08, 5415200
51.09, 5415200
51.1, 5415200
51.11, 5415200
51.12, 5415200
51.13, 5415200
51.14, 5415200
51.15, 5415200
51.16, 5415200
51.17, 5415200
51.18, 5415200
51.19, 5415200
51.2, 5415200
51.21, 5415200
51.22, 5415200
51.23, 5415200
51.24, 5415200
51.25, 5415200
51.26, 5415200
51.27, 5415200
51.28, 5415200
51.29, 5415200
51.3, 5415200
51.31, 5415200
51.32, 5415200
51.33, 5415200
51.34, 5415200
51.35, 5415200
51.36, 5415200
51.37, 5415200
51.38, 5415200
51.39, 5415200
51.4, 5415200
51.41, 5415200
51.42, 5415200
51.43, 5415200
51.44, 5415200
51.45, 5415200
51.46, 5415200
51.47, 5415200
51.48, 5415200
51.49, 5415200
51.5, 5415200
51.51, 5415200
51.52, 5415200
51.53, 5415200
51.54, 5415200
51.55, 5415200
51.56, 5415200
51.57, 5415200
51.58, 5415200
51.59, 5415200
51.6, 5415200
51.61, 5415200
51.62, 5415200
51.63, 5415200
51.64, 5415200
51.65, 5415200
51.66, 5415200
51.67, 5415200
51.68, 5415200
51.69, 5415200
51.7, 5415200
51.71, 5415200
51.72, 5415200
51.73, 5415200
51.74, 5415200
51.75, 5415200
51.76, 5415200
51.77, 5415200
51.78, 5415200
51.79, 5415200
51.8, 5415200
51.81, 5415200
51.82, 5415200
51.83, 5415200
51.84, 5415200
51.85, 5415200
51.86, 5415200
51.87, 5415200
51.88, 5415200
51.89, 5415200
51.9, 5415200
51.91, 5415200
51.92, 5415200
51.93, 5415200
51.94, 5415200
51.95, 5415200
51.96, 5415200
51.97, 5415200
51.98, 5415200
51.99, 5415200
52.0, 5415200
52.01, 5415200
52.02, 5415200
52.03, 5415200
52.04, 5415200
52.05, 5415200
52.06, 5415200
52.07, 5415200
52.08, 5415200
52.09, 5415200
52.1, 5415200
52.11, 5415200
52.12, 5415200
52.13, 5415200
52.14, 5415200
52.15, 5415200
52.16, 5415200
52.17, 5415200
52.18, 5415200
52.19, 5415200
52.2, 5415200
52.21, 5415200
52.22, 5415200
52.23, 5415200
52.24, 5415200
52.25, 5415200
52.26, 5415200
52.27, 5415200
52.28, 5415200
52.29, 5415200
52.3, 5415200
52.31, 5415200
52.32, 5415200
52.33, 5415200
52.34, 5415200
52.35, 5415200
52.36, 5415200
52.37, 5415200
52.38, 5415200
52.39, 5415200
52.4, 5415200
52.41, 5415200
52.42, 5415200
52.43, 5415200
52.44, 5415200
52.45, 5415200
52.46, 5415200
52.47, 5415200
52.48, 5415200
52.49, 5415200
52.5, 5415200
52.51, 5415200
52.52, 5415200
52.53, 5415200
52.54, 5415200
52.55, 5415200
52.56, 5415200
52.57, 5415200
52.58, 5415200
52.59, 5415200
52.6, 5415200
52.61, 5415200
52.62, 5415200
52.63, 5415200
52.64, 5415200
52.65, 5415200
52.66, 5415200
52.67, 5415200
52.68, 5415200
52.69, 5415200
52.7, 5415200
52.71, 5415200
52.72, 5415200
52.73, 5415200
52.74, 5415200
52.75, 5415200
52.76, 5415200
52.77, 5415200
52.78, 5415200
52.79, 5415200
52.8, 5415200
52.81, 5415200
52.82, 5415200
52.83, 5415200
52.84, 5415200
52.85, 5415200
52.86, 5415200
52.87, 5415200
52.88, 5415200
52.89, 5415200
52.9, 5415200
52.91, 5415200
52.92, 5415200
52.93, 5415200
52.94, 5415200
52.95, 5415200
52.96, 5415200
52.97, 5415200
52.98, 5415200
52.99, 5415200
53.0, 5415200
53.01, 5415200
53.02, 5415200
53.03, 5415200
53.04, 5415200
53.05, 5415200
53.06, 5415200
53.07, 5415200
53.08, 5415200
53.09, 5415200
53.1, 5415200
53.11, 5415200
53.12, 5415200
53.13, 5415200
53.14, 5415200
53.15, 5415200
53.16, 5415200
53.17, 5415200
53.18, 5415200
53.19, 5415200
53.2, 5415200
53.21, 5415200
53.22, 5415200
53.23, 5415200
53.24, 5415200
53.25, 5415200
53.26, 5415200
53.27, 5415200
53.28, 5415200
53.29, 5415200
53.3, 5415200
53.31, 5415200
53.32, 5415200
53.33, 5415200
53.34, 5415200
53.35, 5415200
53.36, 5415200
53.37, 5415200
53.38, 5415200
53.39, 5415200
53.4, 5415200
53.41, 5415200
53.42, 5415200
53.43, 5415200
53.44, 5415200
53.45, 5415200
53.46, 5415200
53.47, 5415200
53.48, 5415200
53.49, 5415200
53.5, 5415200
53.51, 5415200
53.52, 5415200
53.53, 5415200
53.54, 5415200
53.55, 5415200
53.56, 5415200
53.57, 5415200
53.58, 5415200
53.59, 5415200
53.6, 5415200
53.61, 5415200
53.62, 5415200
53.63, 5415200
53.64, 5415200
53.65, 5415200
53.66, 5415200
53.67, 5415200
53.68, 5415200
53.69, 5415200
53.7, 5415200
53.71, 5415200
53.72, 5415200
53.73, 5415200
53.74, 5415200
53.75, 5415200
53.76, 5415200
53.77, 5415200
53.78, 5415200
53.79, 5415200
53.8, 5415200
53.81, 5415200
53.82, 5415200
53.83, 5415200
53.84, 5415200
53.85, 5415200
53.86, 5415200
53.87, 5415200
53.88, 5415200
53.89, 5415200
53.9, 5415200
53.91, 5415200
53.92, 5415200
53.93, 5415200
53.94, 5415200
53.95, 5415200
53.96, 5415200
53.97, 5415200
53.98, 5415200
53.99, 5415200
54.0, 5415200
54.01, 5415200
54.02, 5415200
54.03, 5415200
54.04, 5415200
54.05, 5415200
54.06, 5415200
54.07, 5415200
54.08, 5415200
54.09, 5415200
54.1, 5415200
54.11, 5415200
54.12, 5415200
54.13, 5415200
54.14, 5415200
54.15, 5415200
54.16, 5415200
54.17, 5415200
54.18, 5415200
54.19, 5415200
54.2, 5415200
54.21, 5415200
54.22, 5415200
54.23, 5415200
54.24, 5415200
54.25, 5415200
54.26, 5415200
54.27, 5415200
54.28, 5415200
54.29, 5415200
54.3, 5415200
54.31, 5415200
54.32, 5415200
54.33, 5415200
54.34, 5415200
54.35, 5415200
54.36, 5415200
54.37, 5415200
54.38, 5415200
54.39, 5415200
54.4, 5415200
54.41, 5415200
54.42, 5415200
54.43, 5415200
54.44, 5415200
54.45, 5415200
54.46, 5415200
54.47, 5415200
54.48, 5415200
54.49, 5415200
54.5, 5415200
54.51, 5415200
54.52, 5415200
54.53, 5415200
54.54, 5415200
54.55, 5415200
54.56, 5415200
54.57, 5415200
54.58, 5415200
54.59, 5415200
54.6, 5415200
54.61, 5415200
54.62, 5415200
54.63, 5415200
54.64, 5415200
54.65, 5415200
54.66, 5415200
54.67, 5415200
54.68, 5415200
54.69, 5415200
54.7, 5415200
54.71, 5415200
54.72, 5415200
54.73, 5415200
54.74, 5415200
54.75, 5415200
54.76, 5415200
54.77, 5415200
54.78, 5415200
54.79, 5415200
54.8, 5415200
54.81, 5415200
54.82, 5415200
54.83, 5415200
54.84, 5415200
54.85, 5415200
54.86, 5415200
54.87, 5415200
54.88, 5415200
54.89, 5415200
54.9, 5415200
54.91, 5415200
54.92, 5415200
54.93, 5415200
54.94, 5415200
54.95, 5415200
54.96, 5415200
54.97, 5415200
54.98, 5415200
54.99, 5415200
55.0, 5415200
55.01, 5415200
55.02, 5415200
55.03, 5415200
55.04, 5415200
55.05, 5415200
55.06, 5415200
55.07, 5415200
55.08, 5415200
55.09, 5415200
55.1, 5415200
55.11, 5415200
55.12, 5415200
55.13, 5415200
55.14, 5415200
55.15, 5415200
55.16, 5415200
55.17, 5415200
55.18, 5415200
55.19, 5415200
55.2, 5415200
55.21, 5415200
55.22, 5415200
55.23, 5415200
55.24, 5415200
55.25, 5415200
55.26, 5415200
55.27, 5415200
55.28, 5415200
55.29, 5415200
55.3, 5415200
55.31, 5415200
55.32, 5415200
55.33, 5415200
55.34, 5415200
55.35, 5415200
55.36, 5415200
55.37, 5415200
55.38, 5415200
55.39, 5415200
55.4, 5415200
55.41, 5415200
55.42, 5415200
55.43, 5415200
55.44, 5415200
55.45, 5415200
55.46, 5415200
55.47, 5415200
55.48, 5415200
55.49, 5415200
55.5, 5415200
55.51, 5415200
55.52, 5415200
55.53, 5415200
55.54, 5415200
55.55, 5415200
55.56, 5415200
55.57, 5415200
55.58, 5415200
55.59, 5415200
55.6, 5415200
55.61, 5415200
55.62, 5415200
55.63, 5415200
55.64, 5415200
55.65, 5415200
55.66, 5415200
55.67, 5415200
55.68, 5415200
55.69, 5415200
55.7, 5415200
55.71, 5415200
55.72, 5415200
55.73, 5415200
55.74, 5415200
55.75, 5415200
55.76, 5415200
55.77, 5415200
55.78, 5415200
55.79, 5415200
55.8, 5415200
55.81, 5415200
55.82, 5415200
55.83, 5415200
55.84, 5415200
55.85, 5415200
55.86, 5415200
55.87, 5415200
55.88, 5415200
55.89, 5415200
55.9, 5415200
55.91, 5415200
55.92, 5415200
55.93, 5415200
55.94, 5415200
55.95, 5415200
55.96, 5415200
55.97, 5415200
55.98, 5415200
55.99, 5415200
56.0, 5415200
56.01, 5415200
56.02, 5415200
56.03, 5415200
56.04, 5415200
56.05, 5415200
56.06, 5415200
56.07, 5415200
56.08, 5415200
56.09, 5415200
56.1, 5415200
56.11, 5415200
56.12, 5415200
56.13, 5415200
56.14, 5415200
56.15, 5415200
56.16, 5415200
56.17, 5415200
56.18, 5415200
56.19, 5415200
56.2, 5415200
56.21, 5415200
56.22, 5415200
56.23, 5415200
56.24, 5415200
56.25, 5415200
56.26, 5415200
56.27, 5415200
56.28, 5415200
56.29, 5415200
56.3, 5415200
56.31, 5415200
56.32, 5415200
56.33, 5415200
56.34, 5415200
56.35, 5415200
56.36, 5415200
56.37, 5415200
56.38, 5415200
56.39, 5415200
56.4, 5415200
56.41, 5415200
56.42, 5415200
56.43, 5415200
56.44, 5415200
56.45, 5415200
56.46, 5415200
56.47, 5415200
56.48, 5415200
56.49, 5415200
56.5, 5415200
56.51, 5415200
56.52, 5415200
56.53, 5415200
56.54, 5415200
56.55, 5415200
56.56, 5415200
56.57, 5415200
56.58, 5415200
56.59, 5415200
56.6, 5415200
56.61, 5415200
56.62, 5415200
56.63, 5415200
56.64, 5415200
56.65, 5415200
56.66, 5415200
56.67, 5415200
56.68, 5415200
56.69, 5415200
56.7, 5415200
56.71, 5415200
56.72, 5415200
56.73, 5415200
56.74, 5415200
56.75, 5415200
56.76, 5415200
56.77, 5415200
56.78, 5415200
56.79, 5415200
56.8, 5415200
56.81, 5415200
56.82, 5415200
56.83, 5415200
56.84, 5415200
56.85, 5415200
56.86, 5415200
56.87, 5415200
56.88, 5415200
56.89, 5415200
56.9, 5415200
56.91, 5415200
56.92, 5415200
56.93, 5415200
56.94, 5415200
56.95, 5415200
56.96, 5415200
56.97, 5415200
56.98, 5415200
56.99, 5415200
57.0, 5415200
57.01, 5415200
57.02, 5415200
57.03, 5415200
57.04, 5415200
57.05, 5415200
57.06, 5415200
57.07, 5415200
57.08, 5415200
57.09, 5415200
57.1, 5415200
57.11, 5415200
57.12, 5415200
57.13, 5415200
57.14, 5415200
57.15, 5415200
57.16, 5415200
57.17, 5415200
57.18, 5415200
57.19, 5415200
57.2, 5415200
57.21, 5415200
57.22, 5415200
57.23, 5415200
57.24, 5415200
57.25, 5415200
57.26, 5415200
57.27, 5415200
57.28, 5415200
57.29, 5415200
57.3, 5415200
57.31, 5415200
57.32, 5415200
57.33, 5415200
57.34, 5415200
57.35, 5415200
57.36, 5415200
57.37, 5415200
57.38, 5415200
57.39, 5415200
57.4, 5415200
57.41, 5415200
57.42, 5415200
57.43, 5415200
57.44, 5415200
57.45, 5415200
57.46, 5415200
57.47, 5415200
57.48, 5415200
57.49, 5415200
57.5, 5415200
57.51, 5415200
57.52, 5415200
57.53, 5415200
57.54, 5415200
57.55, 5415200
57.56, 5415200
57.57, 5415200
57.58, 5415200
57.59, 5415200
57.6, 5415200
57.61, 5415200
57.62, 5415200
57.63, 5415200
57.64, 5415200
57.65, 5415200
57.66, 5415200
57.67, 5415200
57.68, 5415200
57.69, 5415200
57.7, 5415200
57.71, 5415200
57.72, 5415200
57.73, 5415200
57.74, 5415200
57.75, 5415200
57.76, 5415200
57.77, 5415200
57.78, 5415200
57.79, 5415200
57.8, 5415200
57.81, 5415200
57.82, 5415200
57.83, 5415200
57.84, 5415200
57.85, 5415200
57.86, 5415200
57.87, 5415200
57.88, 5415200
57.89, 5415200
57.9, 5415200
57.91, 5415200
57.92, 5415200
57.93, 5415200
57.94, 5415200
57.95, 5415200
57.96, 5415200
57.97, 5415200
57.98, 5415200
57.99, 5415200
58.0, 5415200
58.01, 5415200
58.02, 5415200
58.03, 5415200
58.04, 5415200
58.05, 5415200
58.06, 5415200
58.07, 5415200
58.08, 5415200
58.09, 5415200
58.1, 5415200
58.11, 5415200
58.12, 5415200
58.13, 5415200
58.14, 5415200
58.15, 5415200
58.16, 5415200
58.17, 5415200
58.18, 5415200
58.19, 5415200
58.2, 5415200
58.21, 5415200
58.22, 5415200
58.23, 5415200
58.24, 5415200
58.25, 5415200
58.26, 5415200
58.27, 5415200
58.28, 5415200
58.29, 5415200
58.3, 5415200
58.31, 5415200
58.32, 5415200
58.33, 5415200
58.34, 5415200
58.35, 5415200
58.36, 5415200
58.37, 5415200
58.38, 5415200
58.39, 5415200
58.4, 5415200
58.41, 5415200
58.42, 5415200
58.43, 5415200
58.44, 5415200
58.45, 5415200
58.46, 5415200
58.47, 5415200
58.48, 5415200
58.49, 5415200
58.5, 5415200
58.51, 5415200
58.52, 5415200
58.53, 5415200
58.54, 5415200
58.55, 5415200
58.56, 5415200
58.57, 5415200
58.58, 5415200
58.59, 5415200
58.6, 5415200
58.61, 5415200
58.62, 5415200
58.63, 5415200
58.64, 5415200
58.65, 5415200
58.66, 5415200
58.67, 5415200
58.68, 5415200
58.69, 5415200
58.7, 5415200
58.71, 5415200
58.72, 5415200
58.73, 5415200
58.74, 5415200
58.75, 5415200
58.76, 5415200
58.77, 5415200
58.78, 5415200
58.79, 5415200
58.8, 5415200
58.81, 5415200
58.82, 5415200
58.83, 5415200
58.84, 5415200
58.85, 5415200
58.86, 5415200
58.87, 5415200
58.88, 5415200
58.89, 5415200
58.9, 5415200
58.91, 5415200
58.92, 5415200
58.93, 5415200
58.94, 5415200
58.95, 5415200
58.96, 5415200
58.97, 5415200
58.98, 5415200
58.99, 5415200
59.0, 5415200
59.01, 5415200
59.02, 5415200
59.03, 5415200
59.04, 5415200
59.05, 5415200
59.06, 5415200
59.07, 5415200
59.08, 5415200
59.09, 5415200
59.1, 5415200
59.11, 5415200
59.12, 5415200
59.13, 5415200
59.14, 5415200
59.15, 5415200
59.16, 5415200
59.17, 5415200
59.18, 5415200
59.19, 5415200
59.2, 5415200
59.21, 5415200
59.22, 5415200
59.23, 5415200
59.24, 5415200
59.25, 5415200
59.26, 5415200
59.27, 5415200
59.28, 5415200
59.29, 5415200
59.3, 5415200
59.31, 5415200
59.32, 5415200
59.33, 5415200
59.34, 5415200
59.35, 5415200
59.36, 5415200
59.37, 5415200
59.38, 5415200
59.39, 5415200
59.4, 5415200
59.41, 5415200
59.42, 5415200
59.43, 5415200
59.44, 5415200
59.45, 5415200
59.46, 5415200
59.47, 5415200
59.48, 5415200
59.49, 5415200
59.5, 5415200
59.51, 5415200
59.52, 5415200
59.53, 5415200
59.54, 5415200
59.55, 5415200
59.56, 5415200
59.57, 5415200
59.58, 5415200
59.59, 5415200
59.6, 5415200
59.61, 5415200
59.62, 5415200
59.63, 5415200
59.64, 5415200
59.65, 5415200
59.66, 5415200
59.67, 5415200
59.68, 5415200
59.69, 5415200
59.7, 5415200
59.71, 5415200
59.72, 5415200
59.73, 5415200
59.74, 5415200
59.75, 5415200
59.76, 5415200
59.77, 5415200
59.78, 5415200
59.79, 5415200
59.8, 5415200
59.81, 5415200
59.82, 5415200
59.83, 5415200
59.84, 5415200
59.85, 5415200
59.86, 5415200
59.87, 5415200
59.88, 5415200
59.89, 5415200
59.9, 5415200
59.91, 5415200
59.92, 5415200
59.93, 5415200
59.94, 5415200
59.95, 5415200
59.96, 5415200
59.97, 5415200
59.98, 5415200
59.99, 5415200
