0.0, 6777080
0.01, 6567963
0.02, 6490273
0.03, 6490273
0.04, 6490273
0.05, 6490273
0.06, 6244976
0.07, 5831924
0.08, 5831924
0.09, 5831924
0.1, 5831924
0.11, 5831924
0.12, 5831924
0.13, 5831924
0.14, 5831924
0.15, 5831924
0.16, 5831924
0.17, 5831924
0.18, 5831924
0.19, 5831924
0.2, 5831924
0.21, 5831924
0.22, 5831924
0.23, 5831924
0.24, 5831924
0.25, 5831924
0.26, 5831924
0.27, 5831924
0.28, 5831924
0.29, 5831924
0.3, 5831924
0.31, 5831924
0.32, 5831924
0.33, 5831924
0.34, 5831924
0.35, 5831924
0.36, 5831924
0.37, 5831924
0.38, 5831924
0.39, 5831924
0.4, 5831924
0.41, 5831924
0.42, 5831924
0.43, 5831924
0.44, 5831924
0.45, 5831924
0.46, 5831924
0.47, 5831924
0.48, 5831924
0.49, 5831924
0.5, 5831924
0.51, 5831924
0.52, 5831924
0.53, 5831924
0.54, 5831924
0.55, 5831924
0.56, 5831924
0.57, 5831924
0.58, 5831924
0.59, 5831924
0.6, 5831924
0.61, 5831924
0.62, 5831924
0.63, 5831924
0.64, 5831924
0.65, 5831924
0.66, 5831924
0.67, 5831924
0.68, 5831924
0.69, 5831924
0.7, 5831924
0.71, 5831924
0.72, 5831924
0.73, 5831924
0.74, 5831924
0.75, 5831924
0.76, 5831924
0.77, 5831924
0.78, 5831924
0.79, 5831924
0.8, 5831924
0.81, 5831924
0.82, 5831924
0.83, 5831924
0.84, 5831924
0.85, 5831924
0.86, 5831924
0.87, 5831924
0.88, 5831924
0.89, 5831924
0.9, 5831924
0.91, 5831924
0.92, 5831924
0.93, 5831924
0.94, 5831924
0.95, 5831924
0.96, 5831924
0.97, 5831924
0.98, 5831924
0.99, 5831924
1.0, 5831924
1.01, 5831924
1.02, 5831924
1.03, 5831924
1.04, 5831924
1.05, 5831924
1.06, 5831924
1.07, 5831924
1.08, 5831924
1.09, 5831924
1.1, 5831924
1.11, 5831924
1.12, 5831924
1.13, 5831924
1.14, 5831924
1.15, 5831924
1.16, 5831924
1.17, 5831924
1.18, 5831924
1.19, 5831924
1.2, 5831924
1.21, 5831924
1.22, 5831924
1.23, 5831924
1.24, 5831924
1.25, 5831924
1.26, 5831924
1.27, 5831924
1.28, 5737818
1.29, 5737818
1.3, 5737818
1.31, 5737818
1.32, 5737818
1.33, 5737818
1.34, 5737818
1.35, 5737818
1.36, 5737818
1.37, 5737818
1.38, 5737818
1.39, 5737818
1.4, 5737818
1.41, 5737818
1.42, 5737818
1.43, 5737818
1.44, 5737818
1.45, 5737818
1.46, 5737818
1.47, 5737818
1.48, 5737818
1.49, 5737818
1.5, 5737818
1.51, 5737818
1.52, 5737818
1.53, 5737818
1.54, 5737818
1.55, 5737818
1.56, 5737818
1.57, 5737818
1.58, 5737818
1.59, 5737818
1.6, 5737818
1.61, 5737818
1.62, 5737818
1.63, 5737818
1.64, 5737818
1.65, 5737818
1.66, 5737818
1.67, 5737818
1.68, 5737818
1.69, 5737818
1.7, 5737818
1.71, 5737818
1.72, 5737818
1.73, 5737818
1.74, 5737818
1.75, 5737818
1.76, 5737818
1.77, 5737818
1.78, 5737818
1.79, 5737818
1.8, 5737818
1.81, 5737818
1.82, 5737818
1.83, 5737818
1.84, 5737818
1.85, 5737818
1.86, 5737818
1.87, 5737818
1.88, 5737818
1.89, 5737818
1.9, 5737818
1.91, 5737818
1.92, 5737818
1.93, 5737818
1.94, 5737818
1.95, 5737818
1.96, 5737818
1.97, 5737818
1.98, 5737818
1.99, 5737818
2.0, 5737818
2.01, 5737818
2.02, 5737818
2.03, 5737818
2.04, 5737818
2.05, 5737818
2.06, 5737818
2.07, 5737818
2.08, 5737818
2.09, 5737818
2.1, 5737818
2.11, 5737818
2.12, 5737818
2.13, 5737818
2.14, 5737818
2.15, 5737818
2.16, 5737818
2.17, 5737818
2.18, 5737818
2.19, 5737818
2.2, 5737818
2.21, 5737818
2.22, 5737818
2.23, 5737818
2.24, 5737818
2.25, 5737818
2.26, 5737818
2.27, 5737818
2.28, 5737818
2.29, 5737818
2.3, 5737818
2.31, 5737818
2.32, 5737818
2.33, 5737818
2.34, 5737818
2.35, 5737818
2.36, 5737818
2.37, 5737818
2.38, 5737818
2.39, 5737818
2.4, 5737818
2.41, 5737818
2.42, 5737818
2.43, 5737818
2.44, 5737818
2.45, 5737818
2.46, 5737818
2.47, 5737818
2.48, 5737818
2.49, 5737818
2.5, 5737818
2.51, 5737818
2.52, 5737818
2.53, 5737818
2.54, 5737818
2.55, 5737818
2.56, 5737818
2.57, 5737818
2.58, 5737818
2.59, 5737818
2.6, 5737818
2.61, 5737818
2.62, 5737818
2.63, 5737818
2.64, 5737818
2.65, 5737818
2.66, 5737818
2.67, 5737818
2.68, 5737818
2.69, 5737818
2.7, 5737818
2.71, 5737818
2.72, 5737818
2.73, 5737818
2.74, 5737818
2.75, 5737818
2.76, 5737818
2.77, 5737818
2.78, 5737818
2.79, 5737818
2.8, 5737818
2.81, 5737818
2.82, 5737818
2.83, 5737818
2.84, 5737818
2.85, 5737818
2.86, 5737818
2.87, 5737818
2.88, 5737818
2.89, 5737818
2.9, 5737818
2.91, 5737818
2.92, 5737818
2.93, 5737818
2.94, 5737818
2.95, 5737818
2.96, 5737818
2.97, 5737818
2.98, 5737818
2.99, 5737818
3.0, 5737818
3.01, 5737818
3.02, 5737818
3.03, 5737818
3.04, 5737818
3.05, 5737818
3.06, 5737818
3.07, 5737818
3.08, 5737818
3.09, 5737818
3.1, 5737818
3.11, 5737818
3.12, 5737818
3.13, 5737818
3.14, 5737818
3.15, 5737818
3.16, 5737818
3.17, 5737818
3.18, 5737818
3.19, 5737818
3.2, 5737818
3.21, 5737818
3.22, 5737818
3.23, 5737818
3.24, 5737818
3.25, 5737818
3.26, 5737818
3.27, 5737818
3.28, 5737818
3.29, 5737818
3.3, 5737818
3.31, 5737818
3.32, 5737818
3.33, 5737818
3.34, 5737818
3.35, 5737818
3.36, 5737818
3.37, 5737818
3.38, 5737818
3.39, 5737818
3.4, 5737818
3.41, 5737818
3.42, 5737818
3.43, 5737818
3.44, 5737818
3.45, 5737818
3.46, 5737818
3.47, 5737818
3.48, 5737818
3.49, 5737818
3.5, 5737818
3.51, 5737818
3.52, 5737818
3.53, 5737818
3.54, 5737818
3.55, 5737818
3.56, 5737818
3.57, 5737818
3.58, 5737818
3.59, 5737818
3.6, 5737818
3.61, 5737818
3.62, 5737818
3.63, 5737818
3.64, 5737818
3.65, 5737818
3.66, 5737818
3.67, 5737818
3.68, 5737818
3.69, 5737818
3.7, 5737818
3.71, 5737818
3.72, 5737818
3.73, 5737818
3.74, 5737818
3.75, 5737818
3.76, 5737818
3.77, 5737818
3.78, 5737818
3.79, 5737818
3.8, 5737818
3.81, 5737818
3.82, 5737818
3.83, 5737818
3.84, 5737818
3.85, 5737818
3.86, 5737818
3.87, 5737818
3.88, 5737818
3.89, 5737818
3.9, 5737818
3.91, 5737818
3.92, 5737818
3.93, 5737818
3.94, 5737818
3.95, 5737818
3.96, 5737818
3.97, 5737818
3.98, 5737818
3.99, 5737818
4.0, 5737818
4.01, 5737818
4.02, 5737818
4.03, 5737818
4.04, 5737818
4.05, 5737818
4.06, 5737818
4.07, 5737818
4.08, 5737818
4.09, 5737818
4.1, 5737818
4.11, 5737818
4.12, 5737818
4.13, 5737818
4.14, 5737818
4.15, 5737818
4.16, 5737818
4.17, 5737818
4.18, 5737818
4.19, 5737818
4.2, 5737818
4.21, 5737818
4.22, 5737818
4.23, 5737818
4.24, 5737818
4.25, 5737818
4.26, 5737818
4.27, 5737818
4.28, 5737818
4.29, 5737818
4.3, 5737818
4.31, 5737818
4.32, 5737818
4.33, 5737818
4.34, 5737818
4.35, 5737818
4.36, 5737818
4.37, 5737818
4.38, 5737818
4.39, 5737818
4.4, 5737818
4.41, 5737818
4.42, 5737818
4.43, 5737818
4.44, 5737818
4.45, 5737818
4.46, 5737818
4.47, 5737818
4.48, 5737818
4.49, 5737818
4.5, 5737818
4.51, 5737818
4.52, 5737818
4.53, 5737818
4.54, 5737818
4.55, 5737818
4.56, 5737818
4.57, 5737818
4.58, 5737818
4.59, 5737818
4.6, 5737818
4.61, 5737818
4.62, 5737818
4.63, 5737818
4.64, 5737818
4.65, 5737818
4.66, 5737818
4.67, 5737818
4.68, 5737818
4.69, 5737818
4.7, 5737818
4.71, 5737818
4.72, 5737818
4.73, 5737818
4.74, 5737818
4.75, 5737818
4.76, 5737818
4.77, 5737818
4.78, 5737818
4.79, 5737818
4.8, 5737818
4.81, 5737818
4.82, 5737818
4.83, 5737818
4.84, 5737818
4.85, 5737818
4.86, 5737818
4.87, 5737818
4.88, 5737818
4.89, 5737818
4.9, 5737818
4.91, 5737818
4.92, 5737818
4.93, 5737818
4.94, 5737818
4.95, 5737818
4.96, 5737818
4.97, 5737818
4.98, 5737818
4.99, 5737818
5.0, 5737818
5.01, 5737818
5.02, 5737818
5.03, 5737818
5.04, 5737818
5.05, 5737818
5.06, 5737818
5.07, 5737818
5.08, 5737818
5.09, 5737818
5.1, 5737818
5.11, 5737818
5.12, 5737818
5.13, 5737818
5.14, 5737818
5.15, 5737818
5.16, 5737818
5.17, 5737818
5.18, 5737818
5.19, 5737818
5.2, 5737818
5.21, 5737818
5.22, 5737818
5.23, 5737818
5.24, 5737818
5.25, 5737818
5.26, 5737818
5.27, 5737818
5.28, 5737818
5.29, 5737818
5.3, 5737818
5.31, 5737818
5.32, 5737818
5.33, 5737818
5.34, 5737818
5.35, 5737818
5.36, 5737818
5.37, 5737818
5.38, 5737818
5.39, 5737818
5.4, 5737818
5.41, 5737818
5.42, 5737818
5.43, 5737818
5.44, 5737818
5.45, 5737818
5.46, 5737818
5.47, 5737818
5.48, 5737818
5.49, 5737818
5.5, 5737818
5.51, 5737818
5.52, 5737818
5.53, 5737818
5.54, 5737818
5.55, 5737818
5.56, 5737818
5.57, 5737818
5.58, 5737818
5.59, 5737818
5.6, 5737818
5.61, 5737818
5.62, 5737818
5.63, 5737818
5.64, 5737818
5.65, 5737818
5.66, 5737818
5.67, 5737818
5.68, 5737818
5.69, 5737818
5.7, 5737818
5.71, 5737818
5.72, 5737818
5.73, 5737818
5.74, 5737818
5.75, 5737818
5.76, 5737818
5.77, 5737818
5.78, 5737818
5.79, 5737818
5.8, 5737818
5.81, 5737818
5.82, 5737818
5.83, 5737818
5.84, 5737818
5.85, 5737818
5.86, 5737818
5.87, 5737818
5.88, 5737818
5.89, 5737818
5.9, 5737818
5.91, 5737818
5.92, 5737818
5.93, 5737818
5.94, 5737818
5.95, 5737818
5.96, 5737818
5.97, 5737818
5.98, 5737818
5.99, 5737818
6.0, 5737818
6.01, 5737818
6.02, 5737818
6.03, 5737818
6.04, 5737818
6.05, 5737818
6.06, 5737818
6.07, 5737818
6.08, 5737818
6.09, 5737818
6.1, 5737818
6.11, 5737818
6.12, 5737818
6.13, 5737818
6.14, 5737818
6.15, 5737818
6.16, 5737818
6.17, 5737818
6.18, 5737818
6.19, 5737818
6.2, 5737818
6.21, 5737818
6.22, 5737818
6.23, 5737818
6.24, 5737818
6.25, 5737818
6.26, 5737818
6.27, 5737818
6.28, 5737818
6.29, 5737818
6.3, 5737818
6.31, 5737818
6.32, 5737818
6.33, 5737818
6.34, 5737818
6.35, 5737818
6.36, 5737818
6.37, 5737818
6.38, 5737818
6.39, 5737818
6.4, 5737818
6.41, 5737818
6.42, 5737818
6.43, 5737818
6.44, 5737818
6.45, 5737818
6.46, 5737818
6.47, 5737818
6.48, 5737818
6.49, 5737818
6.5, 5737818
6.51, 5737818
6.52, 5737818
6.53, 5737818
6.54, 5737818
6.55, 5737818
6.56, 5737818
6.57, 5737818
6.58, 5737818
6.59, 5737818
6.6, 5737818
6.61, 5737818
6.62, 5737818
6.63, 5737818
6.64, 5737818
6.65, 5737818
6.66, 5737818
6.67, 5737818
6.68, 5737818
6.69, 5737818
6.7, 5737818
6.71, 5737818
6.72, 5737818
6.73, 5737818
6.74, 5737818
6.75, 5737818
6.76, 5737818
6.77, 5737818
6.78, 5737818
6.79, 5737818
6.8, 5737818
6.81, 5737818
6.82, 5737818
6.83, 5737818
6.84, 5737818
6.85, 5737818
6.86, 5737818
6.87, 5737818
6.88, 5737818
6.89, 5737818
6.9, 5737818
6.91, 5737818
6.92, 5737818
6.93, 5737818
6.94, 5737818
6.95, 5737818
6.96, 5737818
6.97, 5737818
6.98, 5737818
6.99, 5737818
7.0, 5737818
7.01, 5737818
7.02, 5737818
7.03, 5737818
7.04, 5737818
7.05, 5737818
7.06, 5737818
7.07, 5737818
7.08, 5737818
7.09, 5737818
7.1, 5737818
7.11, 5737818
7.12, 5737818
7.13, 5737818
7.14, 5737818
7.15, 5737818
7.16, 5737818
7.17, 5737818
7.18, 5737818
7.19, 5737818
7.2, 5737818
7.21, 5737818
7.22, 5737818
7.23, 5737818
7.24, 5737818
7.25, 5737818
7.26, 5737818
7.27, 5737818
7.28, 5737818
7.29, 5737818
7.3, 5737818
7.31, 5737818
7.32, 5737818
7.33, 5737818
7.34, 5737818
7.35, 5737818
7.36, 5737818
7.37, 5737818
7.38, 5737818
7.39, 5737818
7.4, 5737818
7.41, 5737818
7.42, 5737818
7.43, 5737818
7.44, 5737818
7.45, 5737818
7.46, 5737818
7.47, 5737818
7.48, 5737818
7.49, 5737818
7.5, 5737818
7.51, 5737818
7.52, 5737818
7.53, 5737818
7.54, 5737818
7.55, 5737818
7.56, 5737818
7.57, 5737818
7.58, 5737818
7.59, 5737818
7.6, 5737818
7.61, 5737818
7.62, 5737818
7.63, 5737818
7.64, 5737818
7.65, 5737818
7.66, 5737818
7.67, 5737818
7.68, 5737818
7.69, 5737818
7.7, 5737818
7.71, 5737818
7.72, 5737818
7.73, 5737818
7.74, 5737818
7.75, 5737818
7.76, 5737818
7.77, 5737818
7.78, 5737818
7.79, 5737818
7.8, 5737818
7.81, 5737818
7.82, 5737818
7.83, 5737818
7.84, 5737818
7.85, 5737818
7.86, 5737818
7.87, 5737818
7.88, 5737818
7.89, 5737818
7.9, 5737818
7.91, 5737818
7.92, 5737818
7.93, 5737818
7.94, 5737818
7.95, 5737818
7.96, 5737818
7.97, 5737818
7.98, 5737818
7.99, 5737818
8.0, 5737818
8.01, 5737818
8.02, 5737818
8.03, 5737818
8.04, 5737818
8.05, 5737818
8.06, 5737818
8.07, 5737818
8.08, 5737818
8.09, 5737818
8.1, 5737818
8.11, 5737818
8.12, 5737818
8.13, 5737818
8.14, 5737818
8.15, 5737818
8.16, 5737818
8.17, 5737818
8.18, 5737818
8.19, 5737818
8.2, 5737818
8.21, 5737818
8.22, 5737818
8.23, 5737818
8.24, 5737818
8.25, 5737818
8.26, 5737818
8.27, 5737818
8.28, 5737818
8.29, 5737818
8.3, 5737818
8.31, 5737818
8.32, 5737818
8.33, 5737818
8.34, 5737818
8.35, 5737818
8.36, 5737818
8.37, 5737818
8.38, 5737818
8.39, 5737818
8.4, 5737818
8.41, 5737818
8.42, 5737818
8.43, 5737818
8.44, 5737818
8.45, 5737818
8.46, 5737818
8.47, 5737818
8.48, 5737818
8.49, 5737818
8.5, 5737818
8.51, 5737818
8.52, 5737818
8.53, 5737818
8.54, 5737818
8.55, 5737818
8.56, 5737818
8.57, 5737818
8.58, 5737818
8.59, 5737818
8.6, 5737818
8.61, 5737818
8.62, 5737818
8.63, 5737818
8.64, 5737818
8.65, 5737818
8.66, 5737818
8.67, 5737818
8.68, 5737818
8.69, 5737818
8.7, 5737818
8.71, 5737818
8.72, 5737818
8.73, 5737818
8.74, 5737818
8.75, 5737818
8.76, 5737818
8.77, 5737818
8.78, 5737818
8.79, 5737818
8.8, 5737818
8.81, 5737818
8.82, 5737818
8.83, 5737818
8.84, 5737818
8.85, 5737818
8.86, 5737818
8.87, 5737818
8.88, 5737818
8.89, 5737818
8.9, 5737818
8.91, 5737818
8.92, 5737818
8.93, 5737818
8.94, 5737818
8.95, 5737818
8.96, 5737818
8.97, 5737818
8.98, 5737818
8.99, 5737818
9.0, 5737818
9.01, 5737818
9.02, 5737818
9.03, 5737818
9.04, 5737818
9.05, 5737818
9.06, 5737818
9.07, 5737818
9.08, 5737818
9.09, 5737818
9.1, 5737818
9.11, 5737818
9.12, 5737818
9.13, 5737818
9.14, 5737818
9.15, 5737818
9.16, 5737818
9.17, 5737818
9.18, 5737818
9.19, 5737818
9.2, 5737818
9.21, 5737818
9.22, 5737818
9.23, 5737818
9.24, 5737818
9.25, 5737818
9.26, 5737818
9.27, 5737818
9.28, 5737818
9.29, 5737818
9.3, 5737818
9.31, 5737818
9.32, 5737818
9.33, 5737818
9.34, 5737818
9.35, 5737818
9.36, 5737818
9.37, 5737818
9.38, 5737818
9.39, 5737818
9.4, 5737818
9.41, 5737818
9.42, 5737818
9.43, 5737818
9.44, 5737818
9.45, 5737818
9.46, 5737818
9.47, 5737818
9.48, 5737818
9.49, 5737818
9.5, 5737818
9.51, 5737818
9.52, 5737818
9.53, 5737818
9.54, 5737818
9.55, 5737818
9.56, 5737818
9.57, 5737818
9.58, 5737818
9.59, 5737818
9.6, 5737818
9.61, 5737818
9.62, 5737818
9.63, 5737818
9.64, 5737818
9.65, 5737818
9.66, 5737818
9.67, 5737818
9.68, 5737818
9.69, 5737818
9.7, 5737818
9.71, 5737818
9.72, 5737818
9.73, 5737818
9.74, 5737818
9.75, 5737818
9.76, 5737818
9.77, 5737818
9.78, 5737818
9.79, 5737818
9.8, 5737818
9.81, 5737818
9.82, 5737818
9.83, 5737818
9.84, 5737818
9.85, 5737818
9.86, 5737818
9.87, 5737818
9.88, 5737818
9.89, 5737818
9.9, 5737818
9.91, 5737818
9.92, 5737818
9.93, 5737818
9.94, 5737818
9.95, 5737818
9.96, 5737818
9.97, 5737818
9.98, 5737818
9.99, 5737818
10.0, 5737818
10.01, 5737818
10.02, 5737818
10.03, 5737818
10.04, 5737818
10.05, 5737818
10.06, 5737818
10.07, 5737818
10.08, 5737818
10.09, 5737818
10.1, 5737818
10.11, 5737818
10.12, 5737818
10.13, 5737818
10.14, 5737818
10.15, 5737818
10.16, 5737818
10.17, 5737818
10.18, 5737818
10.19, 5737818
10.2, 5737818
10.21, 5737818
10.22, 5737818
10.23, 5737818
10.24, 5737818
10.25, 5737818
10.26, 5737818
10.27, 5737818
10.28, 5737818
10.29, 5737818
10.3, 5737818
10.31, 5737818
10.32, 5737818
10.33, 5737818
10.34, 5737818
10.35, 5737818
10.36, 5737818
10.37, 5737818
10.38, 5737818
10.39, 5737818
10.4, 5737818
10.41, 5737818
10.42, 5737818
10.43, 5737818
10.44, 5737818
10.45, 5737818
10.46, 5737818
10.47, 5737818
10.48, 5737818
10.49, 5737818
10.5, 5737818
10.51, 5737818
10.52, 5737818
10.53, 5737818
10.54, 5737818
10.55, 5737818
10.56, 5737818
10.57, 5737818
10.58, 5737818
10.59, 5737818
10.6, 5737818
10.61, 5737818
10.62, 5737818
10.63, 5737818
10.64, 5737818
10.65, 5737818
10.66, 5737818
10.67, 5737818
10.68, 5737818
10.69, 5737818
10.7, 5737818
10.71, 5737818
10.72, 5737818
10.73, 5737818
10.74, 5737818
10.75, 5737818
10.76, 5737818
10.77, 5737818
10.78, 5737818
10.79, 5737818
10.8, 5737818
10.81, 5737818
10.82, 5737818
10.83, 5737818
10.84, 5737818
10.85, 5737818
10.86, 5737818
10.87, 5737818
10.88, 5737818
10.89, 5737818
10.9, 5737818
10.91, 5737818
10.92, 5737818
10.93, 5737818
10.94, 5737818
10.95, 5737818
10.96, 5737818
10.97, 5737818
10.98, 5737818
10.99, 5737818
11.0, 5737818
11.01, 5737818
11.02, 5737818
11.03, 5737818
11.04, 5737818
11.05, 5737818
11.06, 5737818
11.07, 5737818
11.08, 5737818
11.09, 5737818
11.1, 5737818
11.11, 5737818
11.12, 5737818
11.13, 5737818
11.14, 5737818
11.15, 5737818
11.16, 5737818
11.17, 5737818
11.18, 5737818
11.19, 5737818
11.2, 5737818
11.21, 5737818
11.22, 5737818
11.23, 5737818
11.24, 5737818
11.25, 5737818
11.26, 5737818
11.27, 5737818
11.28, 5737818
11.29, 5737818
11.3, 5737818
11.31, 5737818
11.32, 5737818
11.33, 5737818
11.34, 5737818
11.35, 5737818
11.36, 5737818
11.37, 5737818
11.38, 5737818
11.39, 5737818
11.4, 5737818
11.41, 5737818
11.42, 5737818
11.43, 5737818
11.44, 5737818
11.45, 5737818
11.46, 5737818
11.47, 5737818
11.48, 5737818
11.49, 5737818
11.5, 5737818
11.51, 5737818
11.52, 5737818
11.53, 5737818
11.54, 5737818
11.55, 5737818
11.56, 5737818
11.57, 5737818
11.58, 5737818
11.59, 5737818
11.6, 5737818
11.61, 5737818
11.62, 5737818
11.63, 5737818
11.64, 5737818
11.65, 5737818
11.66, 5737818
11.67, 5737818
11.68, 5737818
11.69, 5737818
11.7, 5737818
11.71, 5737818
11.72, 5737818
11.73, 5737818
11.74, 5737818
11.75, 5737818
11.76, 5737818
11.77, 5737818
11.78, 5737818
11.79, 5737818
11.8, 5737818
11.81, 5737818
11.82, 5737818
11.83, 5737818
11.84, 5737818
11.85, 5737818
11.86, 5737818
11.87, 5737818
11.88, 5737818
11.89, 5737818
11.9, 5737818
11.91, 5737818
11.92, 5737818
11.93, 5737818
11.94, 5737818
11.95, 5737818
11.96, 5737818
11.97, 5737818
11.98, 5737818
11.99, 5737818
12.0, 5737818
12.01, 5737818
12.02, 5737818
12.03, 5737818
12.04, 5737818
12.05, 5737818
12.06, 5737818
12.07, 5737818
12.08, 5737818
12.09, 5737818
12.1, 5737818
12.11, 5737818
12.12, 5737818
12.13, 5737818
12.14, 5737818
12.15, 5737818
12.16, 5737818
12.17, 5737818
12.18, 5737818
12.19, 5737818
12.2, 5737818
12.21, 5737818
12.22, 5737818
12.23, 5737818
12.24, 5737818
12.25, 5737818
12.26, 5737818
12.27, 5737818
12.28, 5737818
12.29, 5737818
12.3, 5737818
12.31, 5737818
12.32, 5737818
12.33, 5737818
12.34, 5737818
12.35, 5737818
12.36, 5737818
12.37, 5737818
12.38, 5737818
12.39, 5737818
12.4, 5737818
12.41, 5737818
12.42, 5737818
12.43, 5737818
12.44, 5737818
12.45, 5737818
12.46, 5737818
12.47, 5737818
12.48, 5737818
12.49, 5737818
12.5, 5737818
12.51, 5737818
12.52, 5737818
12.53, 5737818
12.54, 5737818
12.55, 5737818
12.56, 5737818
12.57, 5737818
12.58, 5737818
12.59, 5737818
12.6, 5737818
12.61, 5737818
12.62, 5737818
12.63, 5737818
12.64, 5737818
12.65, 5737818
12.66, 5737818
12.67, 5737818
12.68, 5737818
12.69, 5737818
12.7, 5737818
12.71, 5737818
12.72, 5737818
12.73, 5737818
12.74, 5737818
12.75, 5737818
12.76, 5737818
12.77, 5737818
12.78, 5737818
12.79, 5737818
12.8, 5737818
12.81, 5737818
12.82, 5737818
12.83, 5737818
12.84, 5737818
12.85, 5737818
12.86, 5737818
12.87, 5737818
12.88, 5737818
12.89, 5737818
12.9, 5737818
12.91, 5737818
12.92, 5737818
12.93, 5737818
12.94, 5737818
12.95, 5737818
12.96, 5737818
12.97, 5737818
12.98, 5737818
12.99, 5737818
13.0, 5737818
13.01, 5737818
13.02, 5737818
13.03, 5737818
13.04, 5737818
13.05, 5737818
13.06, 5737818
13.07, 5737818
13.08, 5737818
13.09, 5737818
13.1, 5737818
13.11, 5737818
13.12, 5737818
13.13, 5737818
13.14, 5737818
13.15, 5737818
13.16, 5737818
13.17, 5737818
13.18, 5737818
13.19, 5737818
13.2, 5737818
13.21, 5737818
13.22, 5737818
13.23, 5737818
13.24, 5737818
13.25, 5737818
13.26, 5737818
13.27, 5737818
13.28, 5737818
13.29, 5737818
13.3, 5737818
13.31, 5737818
13.32, 5737818
13.33, 5737818
13.34, 5737818
13.35, 5737818
13.36, 5737818
13.37, 5737818
13.38, 5737818
13.39, 5737818
13.4, 5737818
13.41, 5737818
13.42, 5737818
13.43, 5737818
13.44, 5737818
13.45, 5737818
13.46, 5737818
13.47, 5737818
13.48, 5737818
13.49, 5737818
13.5, 5737818
13.51, 5737818
13.52, 5737818
13.53, 5737818
13.54, 5737818
13.55, 5737818
13.56, 5737818
13.57, 5737818
13.58, 5737818
13.59, 5737818
13.6, 5737818
13.61, 5737818
13.62, 5737818
13.63, 5737818
13.64, 5737818
13.65, 5737818
13.66, 5737818
13.67, 5737818
13.68, 5737818
13.69, 5737818
13.7, 5737818
13.71, 5737818
13.72, 5737818
13.73, 5737818
13.74, 5737818
13.75, 5737818
13.76, 5737818
13.77, 5737818
13.78, 5737818
13.79, 5737818
13.8, 5737818
13.81, 5737818
13.82, 5737818
13.83, 5737818
13.84, 5737818
13.85, 5737818
13.86, 5737818
13.87, 5737818
13.88, 5737818
13.89, 5737818
13.9, 5737818
13.91, 5737818
13.92, 5737818
13.93, 5737818
13.94, 5737818
13.95, 5737818
13.96, 5737818
13.97, 5737818
13.98, 5737818
13.99, 5737818
14.0, 5737818
14.01, 5737818
14.02, 5737818
14.03, 5737818
14.04, 5737818
14.05, 5737818
14.06, 5737818
14.07, 5737818
14.08, 5737818
14.09, 5737818
14.1, 5737818
14.11, 5737818
14.12, 5737818
14.13, 5737818
14.14, 5737818
14.15, 5737818
14.16, 5737818
14.17, 5737818
14.18, 5737818
14.19, 5737818
14.2, 5737818
14.21, 5737818
14.22, 5737818
14.23, 5737818
14.24, 5737818
14.25, 5737818
14.26, 5737818
14.27, 5737818
14.28, 5737818
14.29, 5737818
14.3, 5737818
14.31, 5737818
14.32, 5737818
14.33, 5737818
14.34, 5737818
14.35, 5737818
14.36, 5737818
14.37, 5737818
14.38, 5737818
14.39, 5737818
14.4, 5737818
14.41, 5737818
14.42, 5737818
14.43, 5737818
14.44, 5737818
14.45, 5737818
14.46, 5737818
14.47, 5737818
14.48, 5737818
14.49, 5737818
14.5, 5737818
14.51, 5737818
14.52, 5737818
14.53, 5737818
14.54, 5737818
14.55, 5737818
14.56, 5737818
14.57, 5737818
14.58, 5737818
14.59, 5737818
14.6, 5737818
14.61, 5737818
14.62, 5737818
14.63, 5737818
14.64, 5737818
14.65, 5737818
14.66, 5737818
14.67, 5737818
14.68, 5737818
14.69, 5737818
14.7, 5737818
14.71, 5737818
14.72, 5737818
14.73, 5737818
14.74, 5737818
14.75, 5737818
14.76, 5737818
14.77, 5737818
14.78, 5737818
14.79, 5737818
14.8, 5737818
14.81, 5737818
14.82, 5737818
14.83, 5737818
14.84, 5737818
14.85, 5737818
14.86, 5737818
14.87, 5737818
14.88, 5737818
14.89, 5737818
14.9, 5737818
14.91, 5737818
14.92, 5737818
14.93, 5737818
14.94, 5737818
14.95, 5737818
14.96, 5737818
14.97, 5737818
14.98, 5737818
14.99, 5737818
15.0, 5737818
15.01, 5737818
15.02, 5737818
15.03, 5737818
15.04, 5737818
15.05, 5737818
15.06, 5737818
15.07, 5737818
15.08, 5737818
15.09, 5737818
15.1, 5737818
15.11, 5737818
15.12, 5737818
15.13, 5737818
15.14, 5737818
15.15, 5737818
15.16, 5737818
15.17, 5737818
15.18, 5737818
15.19, 5737818
15.2, 5737818
15.21, 5737818
15.22, 5737818
15.23, 5737818
15.24, 5737818
15.25, 5737818
15.26, 5737818
15.27, 5737818
15.28, 5737818
15.29, 5737818
15.3, 5737818
15.31, 5737818
15.32, 5737818
15.33, 5737818
15.34, 5737818
15.35, 5737818
15.36, 5737818
15.37, 5737818
15.38, 5737818
15.39, 5737818
15.4, 5737818
15.41, 5737818
15.42, 5737818
15.43, 5737818
15.44, 5737818
15.45, 5737818
15.46, 5737818
15.47, 5737818
15.48, 5737818
15.49, 5737818
15.5, 5737818
15.51, 5737818
15.52, 5737818
15.53, 5737818
15.54, 5737818
15.55, 5737818
15.56, 5737818
15.57, 5737818
15.58, 5737818
15.59, 5737818
15.6, 5737818
15.61, 5737818
15.62, 5737818
15.63, 5737818
15.64, 5737818
15.65, 5737818
15.66, 5737818
15.67, 5737818
15.68, 5737818
15.69, 5737818
15.7, 5737818
15.71, 5737818
15.72, 5737818
15.73, 5737818
15.74, 5737818
15.75, 5737818
15.76, 5737818
15.77, 5737818
15.78, 5737818
15.79, 5737818
15.8, 5737818
15.81, 5737818
15.82, 5737818
15.83, 5737818
15.84, 5737818
15.85, 5737818
15.86, 5737818
15.87, 5737818
15.88, 5737818
15.89, 5737818
15.9, 5737818
15.91, 5737818
15.92, 5737818
15.93, 5737818
15.94, 5737818
15.95, 5737818
15.96, 5737818
15.97, 5737818
15.98, 5737818
15.99, 5737818
16.0, 5737818
16.01, 5737818
16.02, 5737818
16.03, 5737818
16.04, 5737818
16.05, 5737818
16.06, 5737818
16.07, 5737818
16.08, 5737818
16.09, 5737818
16.1, 5737818
16.11, 5737818
16.12, 5737818
16.13, 5737818
16.14, 5737818
16.15, 5737818
16.16, 5737818
16.17, 5737818
16.18, 5737818
16.19, 5737818
16.2, 5737818
16.21, 5737818
16.22, 5737818
16.23, 5737818
16.24, 5737818
16.25, 5737818
16.26, 5737818
16.27, 5737818
16.28, 5737818
16.29, 5737818
16.3, 5737818
16.31, 5737818
16.32, 5737818
16.33, 5737818
16.34, 5737818
16.35, 5737818
16.36, 5737818
16.37, 5737818
16.38, 5737818
16.39, 5737818
16.4, 5737818
16.41, 5737818
16.42, 5737818
16.43, 5737818
16.44, 5737818
16.45, 5737818
16.46, 5737818
16.47, 5737818
16.48, 5737818
16.49, 5737818
16.5, 5737818
16.51, 5737818
16.52, 5737818
16.53, 5737818
16.54, 5737818
16.55, 5737818
16.56, 5737818
16.57, 5737818
16.58, 5737818
16.59, 5737818
16.6, 5737818
16.61, 5737818
16.62, 5737818
16.63, 5737818
16.64, 5737818
16.65, 5737818
16.66, 5737818
16.67, 5737818
16.68, 5737818
16.69, 5737818
16.7, 5737818
16.71, 5737818
16.72, 5737818
16.73, 5737818
16.74, 5737818
16.75, 5737818
16.76, 5737818
16.77, 5737818
16.78, 5737818
16.79, 5737818
16.8, 5737818
16.81, 5737818
16.82, 5737818
16.83, 5737818
16.84, 5737818
16.85, 5737818
16.86, 5737818
16.87, 5737818
16.88, 5737818
16.89, 5737818
16.9, 5737818
16.91, 5737818
16.92, 5737818
16.93, 5737818
16.94, 5737818
16.95, 5737818
16.96, 5737818
16.97, 5737818
16.98, 5737818
16.99, 5737818
17.0, 5737818
17.01, 5737818
17.02, 5737818
17.03, 5737818
17.04, 5737818
17.05, 5737818
17.06, 5737818
17.07, 5737818
17.08, 5737818
17.09, 5737818
17.1, 5737818
17.11, 5737818
17.12, 5737818
17.13, 5737818
17.14, 5737818
17.15, 5737818
17.16, 5737818
17.17, 5737818
17.18, 5737818
17.19, 5737818
17.2, 5737818
17.21, 5737818
17.22, 5737818
17.23, 5737818
17.24, 5737818
17.25, 5737818
17.26, 5737818
17.27, 5737818
17.28, 5737818
17.29, 5737818
17.3, 5737818
17.31, 5737818
17.32, 5737818
17.33, 5737818
17.34, 5737818
17.35, 5737818
17.36, 5737818
17.37, 5737818
17.38, 5737818
17.39, 5737818
17.4, 5737818
17.41, 5737818
17.42, 5737818
17.43, 5737818
17.44, 5737818
17.45, 5737818
17.46, 5737818
17.47, 5737818
17.48, 5737818
17.49, 5737818
17.5, 5737818
17.51, 5737818
17.52, 5737818
17.53, 5737818
17.54, 5737818
17.55, 5737818
17.56, 5737818
17.57, 5737818
17.58, 5737818
17.59, 5737818
17.6, 5737818
17.61, 5737818
17.62, 5737818
17.63, 5737818
17.64, 5737818
17.65, 5737818
17.66, 5737818
17.67, 5737818
17.68, 5737818
17.69, 5737818
17.7, 5737818
17.71, 5737818
17.72, 5737818
17.73, 5737818
17.74, 5737818
17.75, 5737818
17.76, 5737818
17.77, 5737818
17.78, 5737818
17.79, 5737818
17.8, 5737818
17.81, 5737818
17.82, 5737818
17.83, 5737818
17.84, 5737818
17.85, 5737818
17.86, 5737818
17.87, 5737818
17.88, 5737818
17.89, 5737818
17.9, 5737818
17.91, 5737818
17.92, 5737818
17.93, 5737818
17.94, 5737818
17.95, 5737818
17.96, 5737818
17.97, 5737818
17.98, 5737818
17.99, 5737818
18.0, 5737818
18.01, 5737818
18.02, 5737818
18.03, 5737818
18.04, 5737818
18.05, 5737818
18.06, 5737818
18.07, 5737818
18.08, 5737818
18.09, 5737818
18.1, 5737818
18.11, 5737818
18.12, 5737818
18.13, 5737818
18.14, 5737818
18.15, 5737818
18.16, 5737818
18.17, 5737818
18.18, 5737818
18.19, 5737818
18.2, 5737818
18.21, 5737818
18.22, 5737818
18.23, 5737818
18.24, 5737818
18.25, 5737818
18.26, 5737818
18.27, 5737818
18.28, 5737818
18.29, 5737818
18.3, 5737818
18.31, 5737818
18.32, 5737818
18.33, 5737818
18.34, 5737818
18.35, 5737818
18.36, 5737818
18.37, 5737818
18.38, 5737818
18.39, 5737818
18.4, 5737818
18.41, 5737818
18.42, 5737818
18.43, 5737818
18.44, 5737818
18.45, 5737818
18.46, 5737818
18.47, 5737818
18.48, 5737818
18.49, 5737818
18.5, 5737818
18.51, 5737818
18.52, 5737818
18.53, 5737818
18.54, 5737818
18.55, 5737818
18.56, 5737818
18.57, 5737818
18.58, 5737818
18.59, 5737818
18.6, 5737818
18.61, 5737818
18.62, 5737818
18.63, 5737818
18.64, 5737818
18.65, 5737818
18.66, 5737818
18.67, 5737818
18.68, 5737818
18.69, 5737818
18.7, 5737818
18.71, 5737818
18.72, 5737818
18.73, 5737818
18.74, 5737818
18.75, 5737818
18.76, 5737818
18.77, 5737818
18.78, 5737818
18.79, 5737818
18.8, 5737818
18.81, 5737818
18.82, 5737818
18.83, 5737818
18.84, 5737818
18.85, 5737818
18.86, 5737818
18.87, 5737818
18.88, 5737818
18.89, 5737818
18.9, 5737818
18.91, 5737818
18.92, 5737818
18.93, 5737818
18.94, 5737818
18.95, 5737818
18.96, 5737818
18.97, 5737818
18.98, 5737818
18.99, 5737818
19.0, 5737818
19.01, 5737818
19.02, 5737818
19.03, 5737818
19.04, 5737818
19.05, 5737818
19.06, 5737818
19.07, 5737818
19.08, 5737818
19.09, 5737818
19.1, 5737818
19.11, 5737818
19.12, 5737818
19.13, 5737818
19.14, 5737818
19.15, 5737818
19.16, 5737818
19.17, 5737818
19.18, 5737818
19.19, 5737818
19.2, 5737818
19.21, 5737818
19.22, 5737818
19.23, 5737818
19.24, 5737818
19.25, 5737818
19.26, 5737818
19.27, 5737818
19.28, 5737818
19.29, 5737818
19.3, 5737818
19.31, 5737818
19.32, 5737818
19.33, 5737818
19.34, 5737818
19.35, 5737818
19.36, 5737818
19.37, 5737818
19.38, 5737818
19.39, 5737818
19.4, 5737818
19.41, 5737818
19.42, 5737818
19.43, 5737818
19.44, 5737818
19.45, 5737818
19.46, 5737818
19.47, 5737818
19.48, 5737818
19.49, 5737818
19.5, 5737818
19.51, 5737818
19.52, 5737818
19.53, 5737818
19.54, 5737818
19.55, 5737818
19.56, 5737818
19.57, 5737818
19.58, 5737818
19.59, 5737818
19.6, 5737818
19.61, 5737818
19.62, 5737818
19.63, 5737818
19.64, 5737818
19.65, 5737818
19.66, 5737818
19.67, 5737818
19.68, 5737818
19.69, 5737818
19.7, 5737818
19.71, 5737818
19.72, 5737818
19.73, 5737818
19.74, 5737818
19.75, 5737818
19.76, 5737818
19.77, 5737818
19.78, 5737818
19.79, 5737818
19.8, 5737818
19.81, 5737818
19.82, 5737818
19.83, 5737818
19.84, 5737818
19.85, 5737818
19.86, 5737818
19.87, 5737818
19.88, 5737818
19.89, 5737818
19.9, 5737818
19.91, 5737818
19.92, 5737818
19.93, 5737818
19.94, 5737818
19.95, 5737818
19.96, 5737818
19.97, 5737818
19.98, 5737818
19.99, 5737818
20.0, 5737818
20.01, 5737818
20.02, 5737818
20.03, 5737818
20.04, 5737818
20.05, 5737818
20.06, 5737818
20.07, 5737818
20.08, 5737818
20.09, 5737818
20.1, 5737818
20.11, 5737818
20.12, 5737818
20.13, 5737818
20.14, 5737818
20.15, 5737818
20.16, 5737818
20.17, 5737818
20.18, 5737818
20.19, 5737818
20.2, 5737818
20.21, 5737818
20.22, 5737818
20.23, 5737818
20.24, 5737818
20.25, 5737818
20.26, 5737818
20.27, 5737818
20.28, 5737818
20.29, 5737818
20.3, 5737818
20.31, 5737818
20.32, 5737818
20.33, 5737818
20.34, 5737818
20.35, 5737818
20.36, 5737818
20.37, 5737818
20.38, 5737818
20.39, 5737818
20.4, 5737818
20.41, 5737818
20.42, 5737818
20.43, 5737818
20.44, 5737818
20.45, 5737818
20.46, 5737818
20.47, 5737818
20.48, 5737818
20.49, 5737818
20.5, 5737818
20.51, 5737818
20.52, 5737818
20.53, 5737818
20.54, 5737818
20.55, 5737818
20.56, 5737818
20.57, 5737818
20.58, 5737818
20.59, 5737818
20.6, 5737818
20.61, 5737818
20.62, 5737818
20.63, 5737818
20.64, 5737818
20.65, 5737818
20.66, 5737818
20.67, 5737818
20.68, 5737818
20.69, 5737818
20.7, 5737818
20.71, 5737818
20.72, 5737818
20.73, 5737818
20.74, 5737818
20.75, 5737818
20.76, 5737818
20.77, 5737818
20.78, 5737818
20.79, 5737818
20.8, 5737818
20.81, 5737818
20.82, 5737818
20.83, 5737818
20.84, 5737818
20.85, 5737818
20.86, 5737818
20.87, 5737818
20.88, 5737818
20.89, 5737818
20.9, 5737818
20.91, 5737818
20.92, 5737818
20.93, 5737818
20.94, 5737818
20.95, 5737818
20.96, 5737818
20.97, 5737818
20.98, 5737818
20.99, 5737818
21.0, 5737818
21.01, 5737818
21.02, 5737818
21.03, 5737818
21.04, 5737818
21.05, 5737818
21.06, 5737818
21.07, 5737818
21.08, 5737818
21.09, 5737818
21.1, 5737818
21.11, 5737818
21.12, 5737818
21.13, 5702107
21.14, 5702107
21.15, 5702107
21.16, 5702107
21.17, 5702107
21.18, 5702107
21.19, 5702107
21.2, 5702107
21.21, 5702107
21.22, 5702107
21.23, 5702107
21.24, 5702107
21.25, 5702107
21.26, 5702107
21.27, 5702107
21.28, 5702107
21.29, 5702107
21.3, 5702107
21.31, 5702107
21.32, 5702107
21.33, 5702107
21.34, 5702107
21.35, 5702107
21.36, 5702107
21.37, 5702107
21.38, 5702107
21.39, 5702107
21.4, 5702107
21.41, 5702107
21.42, 5702107
21.43, 5702107
21.44, 5702107
21.45, 5702107
21.46, 5702107
21.47, 5702107
21.48, 5702107
21.49, 5702107
21.5, 5702107
21.51, 5702107
21.52, 5702107
21.53, 5702107
21.54, 5702107
21.55, 5702107
21.56, 5702107
21.57, 5702107
21.58, 5702107
21.59, 5702107
21.6, 5702107
21.61, 5702107
21.62, 5702107
21.63, 5702107
21.64, 5702107
21.65, 5702107
21.66, 5702107
21.67, 5702107
21.68, 5702107
21.69, 5702107
21.7, 5702107
21.71, 5702107
21.72, 5702107
21.73, 5702107
21.74, 5702107
21.75, 5702107
21.76, 5702107
21.77, 5702107
21.78, 5702107
21.79, 5702107
21.8, 5702107
21.81, 5702107
21.82, 5702107
21.83, 5702107
21.84, 5702107
21.85, 5702107
21.86, 5702107
21.87, 5702107
21.88, 5702107
21.89, 5702107
21.9, 5702107
21.91, 5702107
21.92, 5702107
21.93, 5702107
21.94, 5702107
21.95, 5702107
21.96, 5702107
21.97, 5702107
21.98, 5702107
21.99, 5702107
22.0, 5702107
22.01, 5702107
22.02, 5702107
22.03, 5702107
22.04, 5702107
22.05, 5702107
22.06, 5702107
22.07, 5702107
22.08, 5702107
22.09, 5702107
22.1, 5702107
22.11, 5702107
22.12, 5702107
22.13, 5702107
22.14, 5702107
22.15, 5702107
22.16, 5702107
22.17, 5702107
22.18, 5702107
22.19, 5702107
22.2, 5702107
22.21, 5702107
22.22, 5702107
22.23, 5702107
22.24, 5702107
22.25, 5702107
22.26, 5702107
22.27, 5702107
22.28, 5702107
22.29, 5702107
22.3, 5702107
22.31, 5702107
22.32, 5702107
22.33, 5702107
22.34, 5702107
22.35, 5702107
22.36, 5702107
22.37, 5702107
22.38, 5702107
22.39, 5702107
22.4, 5702107
22.41, 5702107
22.42, 5702107
22.43, 5702107
22.44, 5702107
22.45, 5702107
22.46, 5702107
22.47, 5702107
22.48, 5702107
22.49, 5702107
22.5, 5702107
22.51, 5702107
22.52, 5702107
22.53, 5702107
22.54, 5702107
22.55, 5702107
22.56, 5702107
22.57, 5702107
22.58, 5702107
22.59, 5702107
22.6, 5702107
22.61, 5702107
22.62, 5702107
22.63, 5702107
22.64, 5702107
22.65, 5702107
22.66, 5702107
22.67, 5702107
22.68, 5702107
22.69, 5702107
22.7, 5702107
22.71, 5702107
22.72, 5702107
22.73, 5702107
22.74, 5702107
22.75, 5702107
22.76, 5702107
22.77, 5702107
22.78, 5702107
22.79, 5702107
22.8, 5702107
22.81, 5702107
22.82, 5702107
22.83, 5702107
22.84, 5702107
22.85, 5702107
22.86, 5702107
22.87, 5702107
22.88, 5702107
22.89, 5702107
22.9, 5702107
22.91, 5702107
22.92, 5702107
22.93, 5702107
22.94, 5702107
22.95, 5702107
22.96, 5702107
22.97, 5702107
22.98, 5702107
22.99, 5702107
23.0, 5702107
23.01, 5702107
23.02, 5702107
23.03, 5702107
23.04, 5702107
23.05, 5702107
23.06, 5702107
23.07, 5702107
23.08, 5702107
23.09, 5702107
23.1, 5702107
23.11, 5702107
23.12, 5702107
23.13, 5702107
23.14, 5702107
23.15, 5702107
23.16, 5702107
23.17, 5702107
23.18, 5702107
23.19, 5702107
23.2, 5702107
23.21, 5702107
23.22, 5702107
23.23, 5702107
23.24, 5702107
23.25, 5702107
23.26, 5702107
23.27, 5702107
23.28, 5702107
23.29, 5702107
23.3, 5702107
23.31, 5702107
23.32, 5702107
23.33, 5702107
23.34, 5702107
23.35, 5702107
23.36, 5702107
23.37, 5702107
23.38, 5702107
23.39, 5702107
23.4, 5702107
23.41, 5702107
23.42, 5702107
23.43, 5702107
23.44, 5702107
23.45, 5702107
23.46, 5702107
23.47, 5702107
23.48, 5702107
23.49, 5702107
23.5, 5702107
23.51, 5702107
23.52, 5702107
23.53, 5702107
23.54, 5702107
23.55, 5702107
23.56, 5702107
23.57, 5702107
23.58, 5702107
23.59, 5702107
23.6, 5702107
23.61, 5702107
23.62, 5702107
23.63, 5702107
23.64, 5702107
23.65, 5702107
23.66, 5702107
23.67, 5702107
23.68, 5702107
23.69, 5702107
23.7, 5702107
23.71, 5702107
23.72, 5702107
23.73, 5702107
23.74, 5702107
23.75, 5702107
23.76, 5702107
23.77, 5702107
23.78, 5702107
23.79, 5702107
23.8, 5702107
23.81, 5702107
23.82, 5702107
23.83, 5702107
23.84, 5702107
23.85, 5702107
23.86, 5702107
23.87, 5702107
23.88, 5702107
23.89, 5702107
23.9, 5702107
23.91, 5702107
23.92, 5702107
23.93, 5702107
23.94, 5702107
23.95, 5702107
23.96, 5702107
23.97, 5702107
23.98, 5702107
23.99, 5702107
24.0, 5702107
24.01, 5702107
24.02, 5702107
24.03, 5702107
24.04, 5702107
24.05, 5702107
24.06, 5702107
24.07, 5702107
24.08, 5702107
24.09, 5702107
24.1, 5702107
24.11, 5702107
24.12, 5702107
24.13, 5702107
24.14, 5702107
24.15, 5702107
24.16, 5702107
24.17, 5702107
24.18, 5702107
24.19, 5702107
24.2, 5702107
24.21, 5702107
24.22, 5702107
24.23, 5702107
24.24, 5702107
24.25, 5702107
24.26, 5702107
24.27, 5575481
24.28, 5575481
24.29, 5575481
24.3, 5575481
24.31, 5575481
24.32, 5575481
24.33, 5575481
24.34, 5575481
24.35, 5575481
24.36, 5575481
24.37, 5575481
24.38, 5575481
24.39, 5575481
24.4, 5575481
24.41, 5575481
24.42, 5575481
24.43, 5575481
24.44, 5575481
24.45, 5575481
24.46, 5575481
24.47, 5575481
24.48, 5575481
24.49, 5575481
24.5, 5575481
24.51, 5575481
24.52, 5575481
24.53, 5575481
24.54, 5575481
24.55, 5575481
24.56, 5575481
24.57, 5575481
24.58, 5575481
24.59, 5575481
24.6, 5575481
24.61, 5575481
24.62, 5575481
24.63, 5575481
24.64, 5575481
24.65, 5575481
24.66, 5575481
24.67, 5575481
24.68, 5575481
24.69, 5575481
24.7, 5575481
24.71, 5575481
24.72, 5575481
24.73, 5575481
24.74, 5575481
24.75, 5575481
24.76, 5575481
24.77, 5575481
24.78, 5575481
24.79, 5575481
24.8, 5575481
24.81, 5575481
24.82, 5575481
24.83, 5575481
24.84, 5575481
24.85, 5575481
24.86, 5575481
24.87, 5575481
24.88, 5575481
24.89, 5575481
24.9, 5575481
24.91, 5575481
24.92, 5575481
24.93, 5575481
24.94, 5575481
24.95, 5575481
24.96, 5575481
24.97, 5575481
24.98, 5575481
24.99, 5575481
25.0, 5575481
25.01, 5575481
25.02, 5575481
25.03, 5575481
25.04, 5575481
25.05, 5575481
25.06, 5575481
25.07, 5575481
25.08, 5575481
25.09, 5575481
25.1, 5575481
25.11, 5575481
25.12, 5575481
25.13, 5575481
25.14, 5575481
25.15, 5575481
25.16, 5575481
25.17, 5575481
25.18, 5575481
25.19, 5575481
25.2, 5575481
25.21, 5575481
25.22, 5575481
25.23, 5575481
25.24, 5575481
25.25, 5575481
25.26, 5575481
25.27, 5575481
25.28, 5575481
25.29, 5575481
25.3, 5575481
25.31, 5575481
25.32, 5575481
25.33, 5575481
25.34, 5575481
25.35, 5575481
25.36, 5575481
25.37, 5575481
25.38, 5575481
25.39, 5575481
25.4, 5575481
25.41, 5575481
25.42, 5575481
25.43, 5575481
25.44, 5575481
25.45, 5575481
25.46, 5575481
25.47, 5575481
25.48, 5575481
25.49, 5575481
25.5, 5575481
25.51, 5575481
25.52, 5575481
25.53, 5575481
25.54, 5575481
25.55, 5575481
25.56, 5575481
25.57, 5575481
25.58, 5575481
25.59, 5575481
25.6, 5575481
25.61, 5575481
25.62, 5575481
25.63, 5575481
25.64, 5575481
25.65, 5575481
25.66, 5575481
25.67, 5575481
25.68, 5575481
25.69, 5575481
25.7, 5575481
25.71, 5575481
25.72, 5575481
25.73, 5575481
25.74, 5575481
25.75, 5575481
25.76, 5575481
25.77, 5575481
25.78, 5575481
25.79, 5575481
25.8, 5575481
25.81, 5575481
25.82, 5575481
25.83, 5575481
25.84, 5575481
25.85, 5575481
25.86, 5575481
25.87, 5575481
25.88, 5575481
25.89, 5575481
25.9, 5575481
25.91, 5575481
25.92, 5575481
25.93, 5575481
25.94, 5575481
25.95, 5575481
25.96, 5575481
25.97, 5575481
25.98, 5575481
25.99, 5575481
26.0, 5575481
26.01, 5575481
26.02, 5575481
26.03, 5575481
26.04, 5575481
26.05, 5575481
26.06, 5575481
26.07, 5575481
26.08, 5575481
26.09, 5575481
26.1, 5575481
26.11, 5575481
26.12, 5575481
26.13, 5575481
26.14, 5575481
26.15, 5575481
26.16, 5575481
26.17, 5575481
26.18, 5575481
26.19, 5575481
26.2, 5575481
26.21, 5575481
26.22, 5575481
26.23, 5575481
26.24, 5575481
26.25, 5575481
26.26, 5575481
26.27, 5575481
26.28, 5575481
26.29, 5575481
26.3, 5575481
26.31, 5575481
26.32, 5575481
26.33, 5575481
26.34, 5575481
26.35, 5575481
26.36, 5575481
26.37, 5575481
26.38, 5575481
26.39, 5575481
26.4, 5575481
26.41, 5575481
26.42, 5575481
26.43, 5575481
26.44, 5575481
26.45, 5575481
26.46, 5575481
26.47, 5575481
26.48, 5575481
26.49, 5575481
26.5, 5575481
26.51, 5575481
26.52, 5575481
26.53, 5575481
26.54, 5575481
26.55, 5575481
26.56, 5575481
26.57, 5575481
26.58, 5575481
26.59, 5575481
26.6, 5575481
26.61, 5575481
26.62, 5575481
26.63, 5575481
26.64, 5575481
26.65, 5575481
26.66, 5575481
26.67, 5575481
26.68, 5575481
26.69, 5575481
26.7, 5575481
26.71, 5575481
26.72, 5575481
26.73, 5575481
26.74, 5575481
26.75, 5575481
26.76, 5575481
26.77, 5575481
26.78, 5575481
26.79, 5575481
26.8, 5575481
26.81, 5575481
26.82, 5575481
26.83, 5575481
26.84, 5575481
26.85, 5575481
26.86, 5575481
26.87, 5575481
26.88, 5575481
26.89, 5575481
26.9, 5575481
26.91, 5575481
26.92, 5575481
26.93, 5575481
26.94, 5575481
26.95, 5575481
26.96, 5575481
26.97, 5575481
26.98, 5575481
26.99, 5575481
27.0, 5575481
27.01, 5575481
27.02, 5575481
27.03, 5575481
27.04, 5575481
27.05, 5575481
27.06, 5575481
27.07, 5575481
27.08, 5575481
27.09, 5575481
27.1, 5575481
27.11, 5575481
27.12, 5575481
27.13, 5575481
27.14, 5575481
27.15, 5575481
27.16, 5575481
27.17, 5575481
27.18, 5575481
27.19, 5575481
27.2, 5575481
27.21, 5575481
27.22, 5575481
27.23, 5575481
27.24, 5575481
27.25, 5575481
27.26, 5575481
27.27, 5575481
27.28, 5575481
27.29, 5575481
27.3, 5575481
27.31, 5575481
27.32, 5575481
27.33, 5575481
27.34, 5575481
27.35, 5575481
27.36, 5575481
27.37, 5575481
27.38, 5575481
27.39, 5575481
27.4, 5575481
27.41, 5575481
27.42, 5575481
27.43, 5575481
27.44, 5575481
27.45, 5575481
27.46, 5575481
27.47, 5575481
27.48, 5575481
27.49, 5575481
27.5, 5575481
27.51, 5575481
27.52, 5575481
27.53, 5575481
27.54, 5575481
27.55, 5575481
27.56, 5575481
27.57, 5575481
27.58, 5575481
27.59, 5575481
27.6, 5575481
27.61, 5575481
27.62, 5575481
27.63, 5575481
27.64, 5575481
27.65, 5575481
27.66, 5575481
27.67, 5575481
27.68, 5575481
27.69, 5575481
27.7, 5575481
27.71, 5575481
27.72, 5575481
27.73, 5575481
27.74, 5575481
27.75, 5575481
27.76, 5575481
27.77, 5575481
27.78, 5575481
27.79, 5575481
27.8, 5575481
27.81, 5575481
27.82, 5575481
27.83, 5575481
27.84, 5575481
27.85, 5575481
27.86, 5575481
27.87, 5575481
27.88, 5575481
27.89, 5575481
27.9, 5575481
27.91, 5575481
27.92, 5575481
27.93, 5575481
27.94, 5575481
27.95, 5575481
27.96, 5575481
27.97, 5575481
27.98, 5575481
27.99, 5575481
28.0, 5575481
28.01, 5575481
28.02, 5575481
28.03, 5575481
28.04, 5575481
28.05, 5575481
28.06, 5575481
28.07, 5575481
28.08, 5575481
28.09, 5575481
28.1, 5575481
28.11, 5575481
28.12, 5575481
28.13, 5575481
28.14, 5575481
28.15, 5575481
28.16, 5575481
28.17, 5575481
28.18, 5575481
28.19, 5575481
28.2, 5575481
28.21, 5575481
28.22, 5575481
28.23, 5575481
28.24, 5575481
28.25, 5575481
28.26, 5575481
28.27, 5575481
28.28, 5575481
28.29, 5575481
28.3, 5575481
28.31, 5575481
28.32, 5575481
28.33, 5575481
28.34, 5575481
28.35, 5575481
28.36, 5575481
28.37, 5575481
28.38, 5575481
28.39, 5575481
28.4, 5575481
28.41, 5575481
28.42, 5575481
28.43, 5575481
28.44, 5575481
28.45, 5575481
28.46, 5575481
28.47, 5575481
28.48, 5575481
28.49, 5575481
28.5, 5575481
28.51, 5575481
28.52, 5575481
28.53, 5575481
28.54, 5575481
28.55, 5575481
28.56, 5575481
28.57, 5575481
28.58, 5575481
28.59, 5575481
28.6, 5575481
28.61, 5575481
28.62, 5575481
28.63, 5575481
28.64, 5575481
28.65, 5575481
28.66, 5575481
28.67, 5575481
28.68, 5575481
28.69, 5575481
28.7, 5575481
28.71, 5575481
28.72, 5575481
28.73, 5575481
28.74, 5575481
28.75, 5575481
28.76, 5575481
28.77, 5575481
28.78, 5575481
28.79, 5575481
28.8, 5575481
28.81, 5575481
28.82, 5575481
28.83, 5575481
28.84, 5575481
28.85, 5575481
28.86, 5575481
28.87, 5575481
28.88, 5575481
28.89, 5575481
28.9, 5575481
28.91, 5575481
28.92, 5575481
28.93, 5575481
28.94, 5575481
28.95, 5575481
28.96, 5575481
28.97, 5575481
28.98, 5575481
28.99, 5575481
29.0, 5575481
29.01, 5575481
29.02, 5575481
29.03, 5575481
29.04, 5575481
29.05, 5575481
29.06, 5575481
29.07, 5575481
29.08, 5575481
29.09, 5575481
29.1, 5575481
29.11, 5575481
29.12, 5575481
29.13, 5575481
29.14, 5575481
29.15, 5575481
29.16, 5575481
29.17, 5575481
29.18, 5575481
29.19, 5575481
29.2, 5575481
29.21, 5575481
29.22, 5575481
29.23, 5575481
29.24, 5575481
29.25, 5575481
29.26, 5575481
29.27, 5575481
29.28, 5575481
29.29, 5575481
29.3, 5575481
29.31, 5575481
29.32, 5575481
29.33, 5575481
29.34, 5575481
29.35, 5575481
29.36, 5575481
29.37, 5575481
29.38, 5575481
29.39, 5575481
29.4, 5575481
29.41, 5575481
29.42, 5575481
29.43, 5575481
29.44, 5575481
29.45, 5575481
29.46, 5575481
29.47, 5575481
29.48, 5575481
29.49, 5575481
29.5, 5575481
29.51, 5575481
29.52, 5575481
29.53, 5575481
29.54, 5575481
29.55, 5575481
29.56, 5575481
29.57, 5575481
29.58, 5575481
29.59, 5575481
29.6, 5575481
29.61, 5575481
29.62, 5575481
29.63, 5575481
29.64, 5575481
29.65, 5575481
29.66, 5575481
29.67, 5575481
29.68, 5575481
29.69, 5575481
29.7, 5575481
29.71, 5575481
29.72, 5575481
29.73, 5575481
29.74, 5575481
29.75, 5575481
29.76, 5575481
29.77, 5575481
29.78, 5575481
29.79, 5575481
29.8, 5575481
29.81, 5575481
29.82, 5575481
29.83, 5575481
29.84, 5575481
29.85, 5575481
29.86, 5575481
29.87, 5575481
29.88, 5575481
29.89, 5575481
29.9, 5575481
29.91, 5575481
29.92, 5575481
29.93, 5575481
29.94, 5575481
29.95, 5575481
29.96, 5575481
29.97, 5575481
29.98, 5575481
29.99, 5575481
30.0, 5575481
30.01, 5575481
30.02, 5575481
30.03, 5575481
30.04, 5575481
30.05, 5575481
30.06, 5575481
30.07, 5575481
30.08, 5575481
30.09, 5575481
30.1, 5575481
30.11, 5575481
30.12, 5575481
30.13, 5575481
30.14, 5575481
30.15, 5575481
30.16, 5575481
30.17, 5575481
30.18, 5575481
30.19, 5575481
30.2, 5575481
30.21, 5575481
30.22, 5575481
30.23, 5575481
30.24, 5575481
30.25, 5575481
30.26, 5575481
30.27, 5575481
30.28, 5575481
30.29, 5575481
30.3, 5575481
30.31, 5575481
30.32, 5575481
30.33, 5575481
30.34, 5575481
30.35, 5575481
30.36, 5575481
30.37, 5575481
30.38, 5575481
30.39, 5575481
30.4, 5575481
30.41, 5575481
30.42, 5575481
30.43, 5575481
30.44, 5575481
30.45, 5575481
30.46, 5575481
30.47, 5575481
30.48, 5575481
30.49, 5575481
30.5, 5575481
30.51, 5575481
30.52, 5575481
30.53, 5575481
30.54, 5575481
30.55, 5575481
30.56, 5575481
30.57, 5575481
30.58, 5575481
30.59, 5575481
30.6, 5575481
30.61, 5575481
30.62, 5575481
30.63, 5575481
30.64, 5575481
30.65, 5575481
30.66, 5575481
30.67, 5575481
30.68, 5575481
30.69, 5575481
30.7, 5575481
30.71, 5575481
30.72, 5575481
30.73, 5575481
30.74, 5575481
30.75, 5575481
30.76, 5575481
30.77, 5575481
30.78, 5575481
30.79, 5575481
30.8, 5575481
30.81, 5575481
30.82, 5575481
30.83, 5575481
30.84, 5575481
30.85, 5575481
30.86, 5575481
30.87, 5575481
30.88, 5575481
30.89, 5575481
30.9, 5575481
30.91, 5575481
30.92, 5575481
30.93, 5575481
30.94, 5575481
30.95, 5575481
30.96, 5575481
30.97, 5575481
30.98, 5575481
30.99, 5575481
31.0, 5575481
31.01, 5575481
31.02, 5575481
31.03, 5575481
31.04, 5575481
31.05, 5575481
31.06, 5575481
31.07, 5575481
31.08, 5575481
31.09, 5575481
31.1, 5575481
31.11, 5575481
31.12, 5575481
31.13, 5575481
31.14, 5575481
31.15, 5575481
31.16, 5575481
31.17, 5575481
31.18, 5575481
31.19, 5575481
31.2, 5575481
31.21, 5575481
31.22, 5575481
31.23, 5575481
31.24, 5575481
31.25, 5575481
31.26, 5575481
31.27, 5575481
31.28, 5575481
31.29, 5575481
31.3, 5575481
31.31, 5575481
31.32, 5575481
31.33, 5575481
31.34, 5575481
31.35, 5575481
31.36, 5575481
31.37, 5575481
31.38, 5575481
31.39, 5575481
31.4, 5575481
31.41, 5575481
31.42, 5575481
31.43, 5575481
31.44, 5575481
31.45, 5575481
31.46, 5575481
31.47, 5575481
31.48, 5575481
31.49, 5575481
31.5, 5575481
31.51, 5575481
31.52, 5575481
31.53, 5575481
31.54, 5575481
31.55, 5575481
31.56, 5575481
31.57, 5575481
31.58, 5575481
31.59, 5575481
31.6, 5575481
31.61, 5575481
31.62, 5575481
31.63, 5575481
31.64, 5575481
31.65, 5575481
31.66, 5575481
31.67, 5575481
31.68, 5575481
31.69, 5575481
31.7, 5575481
31.71, 5575481
31.72, 5575481
31.73, 5575481
31.74, 5575481
31.75, 5575481
31.76, 5575481
31.77, 5575481
31.78, 5575481
31.79, 5575481
31.8, 5575481
31.81, 5575481
31.82, 5575481
31.83, 5575481
31.84, 5575481
31.85, 5575481
31.86, 5575481
31.87, 5575481
31.88, 5575481
31.89, 5575481
31.9, 5575481
31.91, 5575481
31.92, 5575481
31.93, 5575481
31.94, 5575481
31.95, 5575481
31.96, 5575481
31.97, 5575481
31.98, 5575481
31.99, 5575481
32.0, 5575481
32.01, 5575481
32.02, 5575481
32.03, 5575481
32.04, 5575481
32.05, 5575481
32.06, 5575481
32.07, 5575481
32.08, 5575481
32.09, 5575481
32.1, 5575481
32.11, 5575481
32.12, 5575481
32.13, 5575481
32.14, 5575481
32.15, 5575481
32.16, 5575481
32.17, 5575481
32.18, 5575481
32.19, 5575481
32.2, 5575481
32.21, 5575481
32.22, 5575481
32.23, 5575481
32.24, 5575481
32.25, 5575481
32.26, 5575481
32.27, 5575481
32.28, 5575481
32.29, 5575481
32.3, 5575481
32.31, 5575481
32.32, 5575481
32.33, 5575481
32.34, 5575481
32.35, 5575481
32.36, 5575481
32.37, 5575481
32.38, 5575481
32.39, 5575481
32.4, 5575481
32.41, 5575481
32.42, 5575481
32.43, 5575481
32.44, 5575481
32.45, 5575481
32.46, 5575481
32.47, 5575481
32.48, 5575481
32.49, 5575481
32.5, 5575481
32.51, 5575481
32.52, 5575481
32.53, 5575481
32.54, 5575481
32.55, 5575481
32.56, 5575481
32.57, 5575481
32.58, 5575481
32.59, 5575481
32.6, 5575481
32.61, 5575481
32.62, 5575481
32.63, 5575481
32.64, 5575481
32.65, 5575481
32.66, 5575481
32.67, 5575481
32.68, 5575481
32.69, 5575481
32.7, 5575481
32.71, 5575481
32.72, 5575481
32.73, 5575481
32.74, 5575481
32.75, 5575481
32.76, 5575481
32.77, 5575481
32.78, 5575481
32.79, 5575481
32.8, 5575481
32.81, 5575481
32.82, 5575481
32.83, 5575481
32.84, 5575481
32.85, 5575481
32.86, 5575481
32.87, 5575481
32.88, 5575481
32.89, 5575481
32.9, 5575481
32.91, 5575481
32.92, 5575481
32.93, 5575481
32.94, 5575481
32.95, 5575481
32.96, 5575481
32.97, 5575481
32.98, 5575481
32.99, 5575481
33.0, 5575481
33.01, 5575481
33.02, 5575481
33.03, 5575481
33.04, 5575481
33.05, 5575481
33.06, 5575481
33.07, 5575481
33.08, 5575481
33.09, 5575481
33.1, 5575481
33.11, 5575481
33.12, 5575481
33.13, 5575481
33.14, 5575481
33.15, 5575481
33.16, 5575481
33.17, 5575481
33.18, 5575481
33.19, 5575481
33.2, 5575481
33.21, 5575481
33.22, 5575481
33.23, 5575481
33.24, 5575481
33.25, 5575481
33.26, 5575481
33.27, 5575481
33.28, 5575481
33.29, 5575481
33.3, 5575481
33.31, 5575481
33.32, 5575481
33.33, 5575481
33.34, 5575481
33.35, 5575481
33.36, 5575481
33.37, 5575481
33.38, 5575481
33.39, 5575481
33.4, 5575481
33.41, 5575481
33.42, 5575481
33.43, 5575481
33.44, 5575481
33.45, 5575481
33.46, 5575481
33.47, 5575481
33.48, 5575481
33.49, 5575481
33.5, 5575481
33.51, 5575481
33.52, 5575481
33.53, 5575481
33.54, 5575481
33.55, 5575481
33.56, 5575481
33.57, 5575481
33.58, 5575481
33.59, 5575481
33.6, 5575481
33.61, 5575481
33.62, 5575481
33.63, 5575481
33.64, 5575481
33.65, 5575481
33.66, 5575481
33.67, 5575481
33.68, 5575481
33.69, 5575481
33.7, 5575481
33.71, 5575481
33.72, 5575481
33.73, 5575481
33.74, 5575481
33.75, 5575481
33.76, 5575481
33.77, 5575481
33.78, 5575481
33.79, 5575481
33.8, 5575481
33.81, 5575481
33.82, 5575481
33.83, 5575481
33.84, 5575481
33.85, 5575481
33.86, 5575481
33.87, 5575481
33.88, 5575481
33.89, 5575481
33.9, 5575481
33.91, 5575481
33.92, 5575481
33.93, 5575481
33.94, 5575481
33.95, 5575481
33.96, 5575481
33.97, 5575481
33.98, 5575481
33.99, 5575481
34.0, 5575481
34.01, 5575481
34.02, 5575481
34.03, 5575481
34.04, 5575481
34.05, 5575481
34.06, 5575481
34.07, 5575481
34.08, 5575481
34.09, 5575481
34.1, 5575481
34.11, 5575481
34.12, 5575481
34.13, 5575481
34.14, 5575481
34.15, 5575481
34.16, 5575481
34.17, 5575481
34.18, 5575481
34.19, 5575481
34.2, 5575481
34.21, 5575481
34.22, 5575481
34.23, 5575481
34.24, 5575481
34.25, 5575481
34.26, 5575481
34.27, 5575481
34.28, 5575481
34.29, 5575481
34.3, 5575481
34.31, 5575481
34.32, 5575481
34.33, 5575481
34.34, 5575481
34.35, 5575481
34.36, 5575481
34.37, 5575481
34.38, 5575481
34.39, 5575481
34.4, 5575481
34.41, 5575481
34.42, 5575481
34.43, 5575481
34.44, 5575481
34.45, 5575481
34.46, 5575481
34.47, 5575481
34.48, 5575481
34.49, 5575481
34.5, 5575481
34.51, 5575481
34.52, 5575481
34.53, 5575481
34.54, 5575481
34.55, 5575481
34.56, 5575481
34.57, 5575481
34.58, 5575481
34.59, 5575481
34.6, 5575481
34.61, 5575481
34.62, 5575481
34.63, 5575481
34.64, 5575481
34.65, 5575481
34.66, 5575481
34.67, 5575481
34.68, 5575481
34.69, 5575481
34.7, 5575481
34.71, 5575481
34.72, 5575481
34.73, 5575481
34.74, 5575481
34.75, 5575481
34.76, 5575481
34.77, 5575481
34.78, 5575481
34.79, 5575481
34.8, 5575481
34.81, 5575481
34.82, 5575481
34.83, 5575481
34.84, 5575481
34.85, 5575481
34.86, 5575481
34.87, 5575481
34.88, 5575481
34.89, 5575481
34.9, 5575481
34.91, 5575481
34.92, 5575481
34.93, 5575481
34.94, 5575481
34.95, 5575481
34.96, 5575481
34.97, 5575481
34.98, 5575481
34.99, 5575481
35.0, 5575481
35.01, 5575481
35.02, 5575481
35.03, 5575481
35.04, 5575481
35.05, 5575481
35.06, 5575481
35.07, 5575481
35.08, 5575481
35.09, 5575481
35.1, 5575481
35.11, 5575481
35.12, 5575481
35.13, 5575481
35.14, 5575481
35.15, 5575481
35.16, 5575481
35.17, 5575481
35.18, 5575481
35.19, 5575481
35.2, 5575481
35.21, 5575481
35.22, 5575481
35.23, 5575481
35.24, 5575481
35.25, 5575481
35.26, 5575481
35.27, 5575481
35.28, 5575481
35.29, 5575481
35.3, 5575481
35.31, 5575481
35.32, 5575481
35.33, 5575481
35.34, 5575481
35.35, 5575481
35.36, 5575481
35.37, 5575481
35.38, 5575481
35.39, 5575481
35.4, 5575481
35.41, 5575481
35.42, 5575481
35.43, 5575481
35.44, 5575481
35.45, 5575481
35.46, 5575481
35.47, 5575481
35.48, 5575481
35.49, 5575481
35.5, 5575481
35.51, 5575481
35.52, 5575481
35.53, 5575481
35.54, 5575481
35.55, 5575481
35.56, 5575481
35.57, 5575481
35.58, 5575481
35.59, 5575481
35.6, 5575481
35.61, 5575481
35.62, 5575481
35.63, 5575481
35.64, 5575481
35.65, 5575481
35.66, 5575481
35.67, 5575481
35.68, 5575481
35.69, 5575481
35.7, 5575481
35.71, 5575481
35.72, 5575481
35.73, 5575481
35.74, 5575481
35.75, 5575481
35.76, 5575481
35.77, 5575481
35.78, 5575481
35.79, 5575481
35.8, 5575481
35.81, 5575481
35.82, 5575481
35.83, 5575481
35.84, 5575481
35.85, 5575481
35.86, 5575481
35.87, 5575481
35.88, 5575481
35.89, 5575481
35.9, 5575481
35.91, 5575481
35.92, 5575481
35.93, 5575481
35.94, 5575481
35.95, 5575481
35.96, 5575481
35.97, 5575481
35.98, 5575481
35.99, 5575481
36.0, 5575481
36.01, 5575481
36.02, 5575481
36.03, 5575481
36.04, 5575481
36.05, 5575481
36.06, 5575481
36.07, 5575481
36.08, 5575481
36.09, 5575481
36.1, 5575481
36.11, 5575481
36.12, 5575481
36.13, 5575481
36.14, 5575481
36.15, 5575481
36.16, 5575481
36.17, 5575481
36.18, 5575481
36.19, 5575481
36.2, 5575481
36.21, 5575481
36.22, 5575481
36.23, 5575481
36.24, 5575481
36.25, 5575481
36.26, 5575481
36.27, 5575481
36.28, 5575481
36.29, 5575481
36.3, 5575481
36.31, 5575481
36.32, 5575481
36.33, 5575481
36.34, 5575481
36.35, 5575481
36.36, 5575481
36.37, 5575481
36.38, 5575481
36.39, 5575481
36.4, 5575481
36.41, 5575481
36.42, 5575481
36.43, 5575481
36.44, 5575481
36.45, 5575481
36.46, 5575481
36.47, 5575481
36.48, 5575481
36.49, 5575481
36.5, 5575481
36.51, 5575481
36.52, 5575481
36.53, 5575481
36.54, 5575481
36.55, 5575481
36.56, 5575481
36.57, 5575481
36.58, 5575481
36.59, 5575481
36.6, 5575481
36.61, 5575481
36.62, 5575481
36.63, 5575481
36.64, 5575481
36.65, 5575481
36.66, 5575481
36.67, 5575481
36.68, 5575481
36.69, 5575481
36.7, 5575481
36.71, 5575481
36.72, 5575481
36.73, 5575481
36.74, 5575481
36.75, 5575481
36.76, 5575481
36.77, 5575481
36.78, 5575481
36.79, 5575481
36.8, 5575481
36.81, 5575481
36.82, 5575481
36.83, 5575481
36.84, 5575481
36.85, 5575481
36.86, 5575481
36.87, 5575481
36.88, 5575481
36.89, 5575481
36.9, 5575481
36.91, 5575481
36.92, 5575481
36.93, 5575481
36.94, 5575481
36.95, 5575481
36.96, 5575481
36.97, 5575481
36.98, 5575481
36.99, 5575481
37.0, 5575481
37.01, 5575481
37.02, 5575481
37.03, 5575481
37.04, 5575481
37.05, 5575481
37.06, 5575481
37.07, 5575481
37.08, 5575481
37.09, 5575481
37.1, 5575481
37.11, 5575481
37.12, 5575481
37.13, 5575481
37.14, 5575481
37.15, 5575481
37.16, 5575481
37.17, 5575481
37.18, 5575481
37.19, 5575481
37.2, 5575481
37.21, 5575481
37.22, 5575481
37.23, 5575481
37.24, 5575481
37.25, 5575481
37.26, 5575481
37.27, 5575481
37.28, 5575481
37.29, 5575481
37.3, 5575481
37.31, 5575481
37.32, 5575481
37.33, 5575481
37.34, 5575481
37.35, 5575481
37.36, 5575481
37.37, 5575481
37.38, 5575481
37.39, 5575481
37.4, 5575481
37.41, 5575481
37.42, 5575481
37.43, 5575481
37.44, 5575481
37.45, 5575481
37.46, 5575481
37.47, 5575481
37.48, 5575481
37.49, 5575481
37.5, 5575481
37.51, 5575481
37.52, 5575481
37.53, 5575481
37.54, 5575481
37.55, 5575481
37.56, 5575481
37.57, 5575481
37.58, 5575481
37.59, 5575481
37.6, 5575481
37.61, 5575481
37.62, 5575481
37.63, 5575481
37.64, 5575481
37.65, 5575481
37.66, 5575481
37.67, 5575481
37.68, 5575481
37.69, 5575481
37.7, 5575481
37.71, 5575481
37.72, 5575481
37.73, 5575481
37.74, 5575481
37.75, 5575481
37.76, 5575481
37.77, 5575481
37.78, 5575481
37.79, 5575481
37.8, 5575481
37.81, 5575481
37.82, 5575481
37.83, 5575481
37.84, 5575481
37.85, 5575481
37.86, 5575481
37.87, 5575481
37.88, 5575481
37.89, 5575481
37.9, 5575481
37.91, 5575481
37.92, 5575481
37.93, 5575481
37.94, 5575481
37.95, 5575481
37.96, 5575481
37.97, 5575481
37.98, 5575481
37.99, 5575481
38.0, 5575481
38.01, 5575481
38.02, 5575481
38.03, 5575481
38.04, 5575481
38.05, 5575481
38.06, 5575481
38.07, 5575481
38.08, 5575481
38.09, 5575481
38.1, 5575481
38.11, 5575481
38.12, 5575481
38.13, 5575481
38.14, 5575481
38.15, 5575481
38.16, 5575481
38.17, 5575481
38.18, 5575481
38.19, 5575481
38.2, 5575481
38.21, 5575481
38.22, 5575481
38.23, 5575481
38.24, 5575481
38.25, 5575481
38.26, 5575481
38.27, 5575481
38.28, 5575481
38.29, 5575481
38.3, 5575481
38.31, 5575481
38.32, 5575481
38.33, 5575481
38.34, 5575481
38.35, 5575481
38.36, 5575481
38.37, 5575481
38.38, 5575481
38.39, 5575481
38.4, 5575481
38.41, 5575481
38.42, 5575481
38.43, 5575481
38.44, 5575481
38.45, 5575481
38.46, 5575481
38.47, 5575481
38.48, 5575481
38.49, 5575481
38.5, 5575481
38.51, 5575481
38.52, 5575481
38.53, 5575481
38.54, 5575481
38.55, 5575481
38.56, 5575481
38.57, 5575481
38.58, 5575481
38.59, 5575481
38.6, 5575481
38.61, 5575481
38.62, 5575481
38.63, 5575481
38.64, 5575481
38.65, 5575481
38.66, 5575481
38.67, 5575481
38.68, 5575481
38.69, 5575481
38.7, 5575481
38.71, 5575481
38.72, 5575481
38.73, 5575481
38.74, 5575481
38.75, 5575481
38.76, 5575481
38.77, 5575481
38.78, 5575481
38.79, 5575481
38.8, 5575481
38.81, 5575481
38.82, 5575481
38.83, 5575481
38.84, 5575481
38.85, 5575481
38.86, 5575481
38.87, 5575481
38.88, 5575481
38.89, 5575481
38.9, 5575481
38.91, 5575481
38.92, 5575481
38.93, 5575481
38.94, 5575481
38.95, 5575481
38.96, 5575481
38.97, 5575481
38.98, 5575481
38.99, 5575481
39.0, 5575481
39.01, 5575481
39.02, 5575481
39.03, 5575481
39.04, 5575481
39.05, 5575481
39.06, 5575481
39.07, 5575481
39.08, 5575481
39.09, 5575481
39.1, 5575481
39.11, 5575481
39.12, 5575481
39.13, 5575481
39.14, 5575481
39.15, 5575481
39.16, 5575481
39.17, 5575481
39.18, 5575481
39.19, 5575481
39.21, 5575481
39.22, 5575481
39.23, 5575481
39.24, 5575481
39.25, 5575481
39.26, 5575481
39.27, 5575481
39.28, 5575481
39.29, 5575481
39.3, 5575481
39.31, 5575481
39.32, 5575481
39.33, 5575481
39.34, 5575481
39.35, 5575481
39.36, 5575481
39.37, 5575481
39.38, 5575481
39.39, 5575481
39.4, 5575481
39.41, 5575481
39.42, 5575481
39.43, 5575481
39.44, 5575481
39.45, 5575481
39.46, 5575481
39.47, 5575481
39.48, 5575481
39.49, 5575481
39.5, 5575481
39.51, 5575481
39.52, 5575481
39.53, 5575481
39.54, 5575481
39.55, 5575481
39.56, 5575481
39.57, 5575481
39.58, 5575481
39.59, 5575481
39.6, 5575481
39.61, 5575481
39.62, 5575481
39.63, 5575481
39.64, 5575481
39.65, 5575481
39.66, 5575481
39.67, 5575481
39.68, 5575481
39.69, 5575481
39.7, 5575481
39.71, 5575481
39.72, 5575481
39.73, 5575481
39.74, 5575481
39.75, 5575481
39.76, 5575481
39.77, 5575481
39.78, 5575481
39.79, 5575481
39.8, 5575481
39.81, 5575481
39.82, 5575481
39.83, 5575481
39.84, 5575481
39.85, 5575481
39.86, 5575481
39.87, 5575481
39.88, 5575481
39.89, 5575481
39.9, 5575481
39.91, 5575481
39.92, 5575481
39.93, 5575481
39.94, 5575481
39.95, 5575481
39.96, 5575481
39.97, 5575481
39.98, 5575481
39.99, 5575481
40.0, 5575481
40.01, 5575481
40.02, 5575481
40.03, 5575481
40.04, 5575481
40.05, 5575481
40.06, 5575481
40.07, 5575481
40.08, 5575481
40.09, 5575481
40.1, 5575481
40.11, 5575481
40.12, 5575481
40.13, 5575481
40.14, 5575481
40.15, 5575481
40.16, 5575481
40.17, 5575481
40.18, 5575481
40.19, 5575481
40.2, 5575481
40.21, 5575481
40.22, 5575481
40.23, 5575481
40.24, 5575481
40.25, 5575481
40.26, 5575481
40.27, 5575481
40.28, 5575481
40.29, 5575481
40.3, 5575481
40.31, 5575481
40.32, 5575481
40.33, 5575481
40.34, 5575481
40.35, 5575481
40.36, 5575481
40.37, 5575481
40.38, 5575481
40.39, 5575481
40.4, 5575481
40.41, 5575481
40.42, 5575481
40.43, 5575481
40.44, 5575481
40.45, 5575481
40.46, 5575481
40.47, 5575481
40.48, 5575481
40.49, 5575481
40.5, 5575481
40.51, 5575481
40.52, 5575481
40.53, 5575481
40.54, 5575481
40.55, 5575481
40.56, 5575481
40.57, 5575481
40.58, 5575481
40.59, 5575481
40.6, 5575481
40.61, 5575481
40.62, 5575481
40.63, 5575481
40.64, 5575481
40.65, 5575481
40.66, 5575481
40.67, 5575481
40.68, 5575481
40.69, 5575481
40.7, 5575481
40.71, 5575481
40.72, 5575481
40.73, 5575481
40.74, 5575481
40.75, 5575481
40.76, 5575481
40.77, 5575481
40.78, 5575481
40.79, 5575481
40.8, 5575481
40.81, 5575481
40.82, 5575481
40.83, 5575481
40.84, 5575481
40.85, 5575481
40.86, 5575481
40.87, 5575481
40.88, 5575481
40.89, 5575481
40.9, 5575481
40.91, 5575481
40.92, 5575481
40.93, 5575481
40.94, 5575481
40.95, 5575481
40.96, 5575481
40.97, 5575481
40.98, 5575481
40.99, 5575481
41.0, 5575481
41.01, 5575481
41.02, 5575481
41.03, 5575481
41.04, 5575481
41.05, 5575481
41.06, 5575481
41.07, 5575481
41.08, 5575481
41.09, 5575481
41.1, 5575481
41.11, 5575481
41.12, 5575481
41.13, 5575481
41.14, 5575481
41.15, 5575481
41.16, 5575481
41.17, 5575481
41.18, 5575481
41.19, 5575481
41.2, 5575481
41.21, 5575481
41.22, 5575481
41.23, 5575481
41.24, 5575481
41.25, 5575481
41.26, 5575481
41.27, 5575481
41.28, 5575481
41.29, 5575481
41.3, 5575481
41.31, 5575481
41.32, 5575481
41.33, 5575481
41.34, 5575481
41.35, 5575481
41.36, 5575481
41.37, 5575481
41.38, 5575481
41.39, 5575481
41.4, 5575481
41.41, 5575481
41.42, 5575481
41.43, 5575481
41.44, 5575481
41.45, 5575481
41.46, 5575481
41.47, 5575481
41.48, 5575481
41.49, 5575481
41.5, 5575481
41.51, 5575481
41.52, 5575481
41.53, 5575481
41.54, 5575481
41.55, 5575481
41.56, 5575481
41.57, 5575481
41.58, 5575481
41.59, 5575481
41.6, 5575481
41.61, 5575481
41.62, 5575481
41.63, 5575481
41.64, 5575481
41.65, 5575481
41.66, 5575481
41.67, 5575481
41.68, 5575481
41.69, 5575481
41.7, 5575481
41.71, 5575481
41.72, 5575481
41.73, 5575481
41.74, 5575481
41.75, 5575481
41.76, 5575481
41.77, 5575481
41.78, 5575481
41.79, 5575481
41.8, 5575481
41.81, 5575481
41.82, 5575481
41.83, 5575481
41.84, 5575481
41.85, 5575481
41.86, 5575481
41.87, 5575481
41.88, 5575481
41.89, 5575481
41.9, 5575481
41.91, 5575481
41.92, 5575481
41.93, 5575481
41.94, 5575481
41.95, 5575481
41.96, 5575481
41.97, 5575481
41.98, 5575481
41.99, 5575481
42.0, 5575481
42.01, 5575481
42.02, 5575481
42.03, 5575481
42.04, 5575481
42.05, 5575481
42.06, 5575481
42.07, 5575481
42.08, 5575481
42.09, 5575481
42.1, 5575481
42.11, 5575481
42.12, 5575481
42.13, 5575481
42.14, 5575481
42.15, 5575481
42.16, 5575481
42.17, 5575481
42.18, 5575481
42.19, 5575481
42.2, 5575481
42.21, 5575481
42.22, 5575481
42.23, 5575481
42.24, 5575481
42.25, 5575481
42.26, 5575481
42.27, 5575481
42.28, 5575481
42.29, 5575481
42.3, 5575481
42.31, 5575481
42.32, 5575481
42.33, 5575481
42.34, 5575481
42.35, 5575481
42.36, 5575481
42.37, 5575481
42.38, 5575481
42.39, 5575481
42.4, 5575481
42.41, 5575481
42.42, 5575481
42.43, 5575481
42.44, 5575481
42.45, 5575481
42.46, 5575481
42.47, 5575481
42.48, 5575481
42.49, 5575481
42.5, 5575481
42.51, 5575481
42.52, 5575481
42.53, 5575481
42.54, 5575481
42.55, 5575481
42.56, 5575481
42.57, 5575481
42.58, 5575481
42.59, 5575481
42.6, 5575481
42.61, 5575481
42.62, 5575481
42.63, 5575481
42.64, 5575481
42.65, 5575481
42.66, 5575481
42.67, 5575481
42.68, 5575481
42.69, 5575481
42.7, 5575481
42.71, 5575481
42.72, 5575481
42.73, 5575481
42.74, 5575481
42.75, 5575481
42.76, 5575481
42.77, 5575481
42.78, 5575481
42.79, 5575481
42.8, 5575481
42.81, 5575481
42.82, 5575481
42.83, 5575481
42.84, 5575481
42.85, 5575481
42.86, 5575481
42.87, 5575481
42.88, 5575481
42.89, 5575481
42.9, 5575481
42.91, 5575481
42.92, 5575481
42.93, 5575481
42.94, 5575481
42.95, 5575481
42.96, 5575481
42.97, 5575481
42.98, 5575481
42.99, 5575481
43.0, 5575481
43.01, 5575481
43.02, 5575481
43.03, 5575481
43.04, 5575481
43.05, 5575481
43.06, 5575481
43.07, 5575481
43.08, 5575481
43.09, 5575481
43.1, 5575481
43.11, 5575481
43.12, 5575481
43.13, 5575481
43.14, 5575481
43.15, 5575481
43.16, 5575481
43.17, 5575481
43.18, 5575481
43.19, 5575481
43.2, 5575481
43.21, 5575481
43.22, 5575481
43.23, 5575481
43.24, 5575481
43.25, 5575481
43.26, 5575481
43.27, 5575481
43.28, 5575481
43.29, 5575481
43.3, 5575481
43.31, 5575481
43.32, 5575481
43.33, 5575481
43.34, 5575481
43.35, 5575481
43.36, 5575481
43.37, 5575481
43.38, 5575481
43.39, 5575481
43.4, 5575481
43.41, 5575481
43.42, 5575481
43.43, 5575481
43.44, 5575481
43.45, 5575481
43.46, 5575481
43.47, 5575481
43.48, 5575481
43.49, 5575481
43.5, 5575481
43.51, 5575481
43.52, 5575481
43.53, 5575481
43.54, 5575481
43.55, 5575481
43.56, 5575481
43.57, 5575481
43.58, 5575481
43.59, 5575481
43.6, 5575481
43.61, 5575481
43.62, 5575481
43.63, 5575481
43.64, 5575481
43.65, 5575481
43.66, 5575481
43.67, 5575481
43.68, 5575481
43.69, 5575481
43.7, 5575481
43.71, 5575481
43.72, 5575481
43.73, 5575481
43.74, 5575481
43.75, 5575481
43.76, 5575481
43.77, 5575481
43.78, 5575481
43.79, 5575481
43.8, 5575481
43.81, 5575481
43.82, 5575481
43.83, 5575481
43.84, 5575481
43.85, 5575481
43.86, 5575481
43.87, 5575481
43.88, 5575481
43.89, 5575481
43.9, 5575481
43.91, 5575481
43.92, 5575481
43.93, 5575481
43.94, 5575481
43.95, 5575481
43.96, 5575481
43.97, 5575481
43.98, 5575481
43.99, 5575481
44.0, 5575481
44.01, 5575481
44.02, 5575481
44.03, 5575481
44.04, 5575481
44.05, 5575481
44.06, 5575481
44.07, 5575481
44.08, 5575481
44.09, 5575481
44.1, 5575481
44.11, 5575481
44.12, 5575481
44.13, 5575481
44.14, 5575481
44.15, 5575481
44.16, 5575481
44.17, 5575481
44.18, 5575481
44.19, 5575481
44.2, 5575481
44.21, 5575481
44.22, 5575481
44.23, 5575481
44.24, 5575481
44.25, 5575481
44.26, 5575481
44.27, 5575481
44.28, 5575481
44.29, 5575481
44.3, 5575481
44.31, 5575481
44.32, 5575481
44.33, 5575481
44.34, 5575481
44.35, 5575481
44.36, 5575481
44.37, 5575481
44.38, 5575481
44.39, 5575481
44.4, 5575481
44.41, 5575481
44.42, 5575481
44.43, 5575481
44.44, 5575481
44.45, 5575481
44.46, 5575481
44.47, 5575481
44.48, 5575481
44.49, 5575481
44.5, 5575481
44.51, 5575481
44.52, 5575481
44.53, 5575481
44.54, 5575481
44.55, 5575481
44.56, 5575481
44.57, 5575481
44.58, 5575481
44.59, 5575481
44.6, 5575481
44.61, 5575481
44.62, 5575481
44.63, 5575481
44.64, 5575481
44.65, 5575481
44.66, 5575481
44.67, 5575481
44.68, 5575481
44.69, 5575481
44.7, 5575481
44.71, 5575481
44.72, 5575481
44.73, 5575481
44.74, 5575481
44.75, 5575481
44.76, 5575481
44.77, 5575481
44.78, 5575481
44.79, 5575481
44.8, 5575481
44.81, 5575481
44.82, 5575481
44.83, 5575481
44.84, 5575481
44.85, 5575481
44.86, 5575481
44.87, 5575481
44.88, 5575481
44.89, 5575481
44.9, 5575481
44.91, 5575481
44.92, 5575481
44.93, 5575481
44.94, 5575481
44.95, 5575481
44.96, 5575481
44.97, 5575481
44.98, 5575481
44.99, 5575481
45.0, 5575481
45.01, 5575481
45.02, 5575481
45.03, 5575481
45.04, 5575481
45.05, 5575481
45.06, 5575481
45.07, 5575481
45.08, 5575481
45.09, 5575481
45.1, 5575481
45.11, 5575481
45.12, 5575481
45.13, 5575481
45.14, 5575481
45.15, 5575481
45.16, 5575481
45.17, 5575481
45.18, 5575481
45.19, 5575481
45.2, 5575481
45.21, 5575481
45.22, 5575481
45.23, 5575481
45.24, 5575481
45.25, 5575481
45.26, 5575481
45.27, 5575481
45.28, 5575481
45.29, 5575481
45.3, 5575481
45.31, 5575481
45.32, 5575481
45.33, 5575481
45.34, 5575481
45.35, 5575481
45.36, 5575481
45.37, 5575481
45.38, 5575481
45.39, 5575481
45.4, 5575481
45.41, 5575481
45.42, 5575481
45.43, 5575481
45.44, 5575481
45.45, 5575481
45.46, 5575481
45.47, 5575481
45.48, 5575481
45.49, 5575481
45.5, 5575481
45.51, 5575481
45.52, 5575481
45.53, 5575481
45.54, 5575481
45.55, 5575481
45.56, 5575481
45.57, 5575481
45.58, 5575481
45.59, 5575481
45.6, 5575481
45.61, 5575481
45.62, 5575481
45.63, 5575481
45.64, 5575481
45.65, 5575481
45.66, 5575481
45.67, 5575481
45.68, 5575481
45.69, 5575481
45.7, 5575481
45.71, 5575481
45.72, 5575481
45.73, 5575481
45.74, 5575481
45.75, 5575481
45.76, 5575481
45.77, 5575481
45.78, 5575481
45.79, 5575481
45.8, 5575481
45.81, 5575481
45.82, 5575481
45.83, 5575481
45.84, 5575481
45.85, 5575481
45.86, 5575481
45.87, 5575481
45.88, 5575481
45.89, 5575481
45.9, 5575481
45.91, 5575481
45.92, 5575481
45.93, 5575481
45.94, 5575481
45.95, 5575481
45.96, 5575481
45.97, 5575481
45.98, 5575481
45.99, 5575481
46.0, 5575481
46.01, 5575481
46.02, 5575481
46.03, 5575481
46.04, 5575481
46.05, 5575481
46.06, 5575481
46.07, 5575481
46.08, 5575481
46.09, 5575481
46.1, 5575481
46.11, 5575481
46.12, 5575481
46.13, 5575481
46.14, 5575481
46.15, 5575481
46.16, 5575481
46.17, 5575481
46.18, 5575481
46.19, 5575481
46.2, 5575481
46.21, 5575481
46.22, 5575481
46.23, 5575481
46.24, 5575481
46.25, 5575481
46.26, 5575481
46.27, 5575481
46.28, 5575481
46.29, 5575481
46.3, 5575481
46.31, 5575481
46.32, 5575481
46.33, 5575481
46.34, 5575481
46.35, 5575481
46.36, 5575481
46.37, 5575481
46.38, 5575481
46.39, 5575481
46.4, 5575481
46.41, 5575481
46.42, 5575481
46.43, 5575481
46.44, 5575481
46.45, 5575481
46.46, 5575481
46.47, 5575481
46.48, 5575481
46.49, 5575481
46.5, 5575481
46.51, 5575481
46.52, 5575481
46.53, 5575481
46.54, 5575481
46.55, 5575481
46.56, 5575481
46.57, 5575481
46.58, 5575481
46.59, 5575481
46.6, 5575481
46.61, 5575481
46.62, 5575481
46.63, 5575481
46.64, 5575481
46.65, 5575481
46.66, 5575481
46.67, 5575481
46.68, 5575481
46.69, 5575481
46.7, 5575481
46.71, 5575481
46.72, 5575481
46.73, 5575481
46.74, 5575481
46.75, 5575481
46.76, 5575481
46.77, 5575481
46.78, 5575481
46.79, 5575481
46.8, 5575481
46.81, 5575481
46.82, 5575481
46.83, 5575481
46.84, 5575481
46.85, 5575481
46.86, 5575481
46.87, 5575481
46.88, 5575481
46.89, 5575481
46.9, 5575481
46.91, 5575481
46.92, 5575481
46.93, 5575481
46.94, 5575481
46.95, 5575481
46.96, 5575481
46.97, 5575481
46.98, 5575481
46.99, 5575481
47.0, 5575481
47.01, 5575481
47.02, 5575481
47.03, 5575481
47.04, 5575481
47.05, 5575481
47.06, 5575481
47.07, 5575481
47.08, 5575481
47.09, 5575481
47.1, 5575481
47.11, 5575481
47.12, 5575481
47.13, 5575481
47.14, 5575481
47.15, 5575481
47.16, 5575481
47.17, 5575481
47.18, 5575481
47.19, 5575481
47.2, 5575481
47.21, 5575481
47.22, 5575481
47.23, 5575481
47.24, 5575481
47.25, 5575481
47.26, 5575481
47.27, 5575481
47.28, 5575481
47.29, 5575481
47.3, 5575481
47.31, 5575481
47.32, 5575481
47.33, 5575481
47.34, 5575481
47.35, 5575481
47.36, 5575481
47.37, 5575481
47.38, 5575481
47.39, 5575481
47.4, 5575481
47.41, 5575481
47.42, 5575481
47.43, 5575481
47.44, 5575481
47.45, 5575481
47.46, 5575481
47.47, 5575481
47.48, 5575481
47.49, 5575481
47.5, 5575481
47.51, 5575481
47.52, 5575481
47.53, 5575481
47.54, 5575481
47.55, 5575481
47.56, 5575481
47.57, 5575481
47.58, 5575481
47.59, 5575481
47.6, 5575481
47.61, 5575481
47.62, 5575481
47.63, 5575481
47.64, 5575481
47.65, 5575481
47.66, 5575481
47.67, 5575481
47.68, 5575481
47.69, 5575481
47.7, 5575481
47.71, 5575481
47.72, 5575481
47.73, 5575481
47.74, 5575481
47.75, 5575481
47.76, 5575481
47.77, 5575481
47.78, 5575481
47.79, 5575481
47.8, 5575481
47.81, 5575481
47.82, 5575481
47.83, 5575481
47.84, 5575481
47.85, 5575481
47.86, 5575481
47.87, 5575481
47.88, 5575481
47.89, 5575481
47.9, 5575481
47.91, 5575481
47.92, 5575481
47.93, 5575481
47.94, 5575481
47.95, 5575481
47.96, 5575481
47.97, 5575481
47.98, 5575481
47.99, 5575481
48.0, 5575481
48.01, 5575481
48.02, 5575481
48.03, 5575481
48.04, 5575481
48.05, 5575481
48.06, 5575481
48.07, 5575481
48.08, 5575481
48.09, 5575481
48.1, 5575481
48.11, 5575481
48.12, 5575481
48.13, 5575481
48.14, 5575481
48.15, 5575481
48.16, 5575481
48.17, 5575481
48.18, 5575481
48.19, 5575481
48.2, 5575481
48.21, 5575481
48.22, 5575481
48.23, 5575481
48.24, 5575481
48.25, 5575481
48.26, 5575481
48.27, 5575481
48.28, 5575481
48.29, 5575481
48.3, 5575481
48.31, 5575481
48.32, 5575481
48.33, 5575481
48.34, 5575481
48.35, 5575481
48.36, 5575481
48.37, 5575481
48.38, 5575481
48.39, 5575481
48.4, 5575481
48.41, 5575481
48.42, 5575481
48.43, 5575481
48.44, 5575481
48.45, 5575481
48.46, 5575481
48.47, 5575481
48.48, 5575481
48.49, 5575481
48.5, 5575481
48.51, 5575481
48.52, 5575481
48.53, 5575481
48.54, 5575481
48.55, 5575481
48.56, 5575481
48.57, 5575481
48.58, 5575481
48.59, 5575481
48.6, 5575481
48.61, 5575481
48.62, 5575481
48.63, 5575481
48.64, 5575481
48.65, 5575481
48.66, 5575481
48.67, 5575481
48.68, 5575481
48.69, 5575481
48.7, 5575481
48.71, 5575481
48.72, 5575481
48.73, 5575481
48.74, 5575481
48.75, 5575481
48.76, 5575481
48.77, 5575481
48.78, 5575481
48.79, 5575481
48.8, 5575481
48.81, 5575481
48.82, 5575481
48.83, 5575481
48.84, 5575481
48.85, 5575481
48.86, 5575481
48.87, 5575481
48.88, 5575481
48.89, 5575481
48.9, 5575481
48.91, 5575481
48.92, 5575481
48.93, 5575481
48.94, 5575481
48.95, 5575481
48.96, 5575481
48.97, 5575481
48.98, 5575481
48.99, 5575481
49.0, 5575481
49.01, 5575481
49.02, 5575481
49.03, 5575481
49.04, 5575481
49.05, 5575481
49.06, 5575481
49.07, 5575481
49.08, 5575481
49.09, 5575481
49.1, 5575481
49.11, 5575481
49.12, 5575481
49.13, 5575481
49.14, 5575481
49.15, 5575481
49.16, 5575481
49.17, 5575481
49.18, 5575481
49.19, 5575481
49.2, 5575481
49.21, 5575481
49.22, 5575481
49.23, 5575481
49.24, 5575481
49.25, 5575481
49.26, 5575481
49.27, 5575481
49.28, 5575481
49.29, 5575481
49.3, 5575481
49.31, 5575481
49.32, 5575481
49.33, 5575481
49.34, 5575481
49.35, 5575481
49.36, 5575481
49.37, 5575481
49.38, 5575481
49.39, 5575481
49.4, 5575481
49.41, 5575481
49.42, 5575481
49.43, 5575481
49.44, 5575481
49.45, 5575481
49.46, 5575481
49.47, 5575481
49.48, 5575481
49.49, 5575481
49.5, 5575481
49.51, 5575481
49.52, 5575481
49.53, 5575481
49.54, 5575481
49.55, 5575481
49.56, 5575481
49.57, 5575481
49.58, 5575481
49.59, 5575481
49.6, 5575481
49.61, 5575481
49.62, 5575481
49.63, 5575481
49.64, 5575481
49.65, 5575481
49.66, 5575481
49.67, 5575481
49.68, 5575481
49.69, 5575481
49.7, 5575481
49.71, 5575481
49.72, 5575481
49.73, 5575481
49.74, 5575481
49.75, 5575481
49.76, 5575481
49.77, 5575481
49.78, 5575481
49.79, 5575481
49.8, 5575481
49.81, 5575481
49.82, 5575481
49.83, 5575481
49.84, 5575481
49.85, 5575481
49.86, 5575481
49.87, 5575481
49.88, 5575481
49.89, 5575481
49.9, 5575481
49.91, 5575481
49.92, 5575481
49.93, 5575481
49.94, 5575481
49.95, 5575481
49.96, 5575481
49.97, 5575481
49.98, 5575481
49.99, 5575481
50.0, 5575481
50.01, 5575481
50.02, 5575481
50.03, 5575481
50.04, 5575481
50.05, 5575481
50.06, 5575481
50.07, 5575481
50.08, 5575481
50.09, 5575481
50.1, 5575481
50.11, 5575481
50.12, 5575481
50.13, 5575481
50.14, 5575481
50.15, 5575481
50.16, 5575481
50.17, 5575481
50.18, 5575481
50.19, 5575481
50.2, 5575481
50.21, 5575481
50.22, 5575481
50.23, 5575481
50.24, 5575481
50.25, 5575481
50.26, 5575481
50.27, 5575481
50.28, 5575481
50.29, 5575481
50.3, 5575481
50.31, 5575481
50.32, 5575481
50.33, 5575481
50.34, 5575481
50.35, 5575481
50.36, 5575481
50.37, 5575481
50.38, 5575481
50.39, 5575481
50.4, 5575481
50.41, 5575481
50.42, 5575481
50.43, 5575481
50.44, 5575481
50.45, 5575481
50.46, 5575481
50.47, 5575481
50.48, 5575481
50.49, 5575481
50.5, 5575481
50.51, 5575481
50.52, 5575481
50.53, 5575481
50.54, 5575481
50.55, 5575481
50.56, 5575481
50.57, 5575481
50.58, 5575481
50.59, 5575481
50.6, 5575481
50.61, 5575481
50.62, 5575481
50.63, 5575481
50.64, 5575481
50.65, 5575481
50.66, 5575481
50.67, 5575481
50.68, 5575481
50.69, 5575481
50.7, 5575481
50.71, 5575481
50.72, 5575481
50.73, 5575481
50.74, 5575481
50.75, 5575481
50.76, 5575481
50.77, 5575481
50.78, 5575481
50.79, 5575481
50.8, 5575481
50.81, 5575481
50.82, 5575481
50.83, 5575481
50.84, 5575481
50.85, 5575481
50.86, 5575481
50.87, 5575481
50.88, 5575481
50.89, 5575481
50.9, 5575481
50.91, 5575481
50.92, 5575481
50.93, 5575481
50.94, 5575481
50.95, 5575481
50.96, 5575481
50.97, 5575481
50.98, 5575481
50.99, 5575481
51.0, 5575481
51.01, 5575481
51.02, 5575481
51.03, 5575481
51.04, 5575481
51.05, 5575481
51.06, 5575481
51.07, 5575481
51.08, 5575481
51.09, 5575481
51.1, 5575481
51.11, 5575481
51.12, 5575481
51.13, 5575481
51.14, 5575481
51.15, 5575481
51.16, 5575481
51.17, 5575481
51.18, 5575481
51.19, 5575481
51.2, 5575481
51.21, 5575481
51.22, 5575481
51.23, 5575481
51.24, 5575481
51.25, 5575481
51.26, 5575481
51.27, 5575481
51.28, 5575481
51.29, 5575481
51.3, 5575481
51.31, 5575481
51.32, 5575481
51.33, 5575481
51.34, 5575481
51.35, 5575481
51.36, 5575481
51.37, 5575481
51.38, 5575481
51.39, 5575481
51.4, 5575481
51.41, 5575481
51.42, 5575481
51.43, 5575481
51.44, 5575481
51.45, 5575481
51.46, 5575481
51.47, 5575481
51.48, 5575481
51.49, 5575481
51.5, 5575481
51.51, 5575481
51.52, 5575481
51.53, 5575481
51.54, 5575481
51.55, 5575481
51.56, 5575481
51.57, 5575481
51.58, 5575481
51.59, 5575481
51.6, 5575481
51.61, 5575481
51.62, 5575481
51.63, 5575481
51.64, 5575481
51.65, 5575481
51.66, 5575481
51.67, 5575481
51.68, 5575481
51.69, 5575481
51.7, 5430119
51.71, 5430119
51.72, 5430119
51.73, 5430119
51.74, 5430119
51.75, 5430119
51.76, 5430119
51.77, 5430119
51.78, 5430119
51.79, 5430119
51.8, 5430119
51.81, 5430119
51.82, 5430119
51.83, 5430119
51.84, 5430119
51.85, 5430119
51.86, 5430119
51.87, 5430119
51.88, 5430119
51.89, 5430119
51.9, 5430119
51.91, 5430119
51.92, 5430119
51.93, 5430119
51.94, 5430119
51.95, 5430119
51.96, 5430119
51.97, 5430119
51.98, 5430119
51.99, 5430119
52.0, 5430119
52.01, 5430119
52.02, 5430119
52.03, 5430119
52.04, 5430119
52.05, 5430119
52.06, 5430119
52.07, 5430119
52.08, 5430119
52.09, 5430119
52.1, 5430119
52.11, 5430119
52.12, 5430119
52.13, 5430119
52.14, 5430119
52.15, 5430119
52.16, 5430119
52.17, 5430119
52.18, 5430119
52.19, 5430119
52.2, 5430119
52.21, 5430119
52.22, 5430119
52.23, 5430119
52.24, 5430119
52.25, 5430119
52.26, 5430119
52.27, 5430119
52.28, 5430119
52.29, 5430119
52.3, 5430119
52.31, 5430119
52.32, 5430119
52.33, 5430119
52.34, 5430119
52.35, 5430119
52.36, 5430119
52.37, 5430119
52.38, 5430119
52.39, 5430119
52.4, 5430119
52.41, 5430119
52.42, 5430119
52.43, 5430119
52.44, 5430119
52.45, 5430119
52.46, 5430119
52.47, 5430119
52.48, 5430119
52.49, 5430119
52.5, 5430119
52.51, 5430119
52.52, 5430119
52.53, 5430119
52.54, 5430119
52.55, 5430119
52.56, 5430119
52.57, 5430119
52.58, 5430119
52.59, 5430119
52.6, 5430119
52.61, 5430119
52.62, 5430119
52.63, 5430119
52.64, 5430119
52.65, 5430119
52.66, 5430119
52.67, 5430119
52.68, 5430119
52.69, 5430119
52.7, 5430119
52.71, 5430119
52.72, 5430119
52.73, 5430119
52.74, 5430119
52.75, 5430119
52.76, 5430119
52.77, 5430119
52.78, 5430119
52.79, 5430119
52.8, 5430119
52.81, 5430119
52.82, 5430119
52.83, 5430119
52.84, 5430119
52.85, 5430119
52.86, 5430119
52.87, 5430119
52.88, 5430119
52.89, 5430119
52.9, 5430119
52.91, 5430119
52.92, 5430119
52.93, 5430119
52.94, 5430119
52.95, 5430119
52.96, 5430119
52.97, 5430119
52.98, 5430119
52.99, 5430119
53.0, 5430119
53.01, 5430119
53.02, 5430119
53.03, 5430119
53.04, 5430119
53.05, 5430119
53.06, 5430119
53.07, 5430119
53.08, 5430119
53.09, 5430119
53.1, 5430119
53.11, 5430119
53.12, 5430119
53.13, 5430119
53.14, 5430119
53.15, 5430119
53.16, 5430119
53.17, 5430119
53.18, 5430119
53.19, 5430119
53.2, 5430119
53.21, 5430119
53.22, 5430119
53.23, 5430119
53.24, 5430119
53.25, 5430119
53.26, 5430119
53.27, 5430119
53.28, 5430119
53.29, 5430119
53.3, 5430119
53.31, 5430119
53.32, 5430119
53.33, 5430119
53.34, 5430119
53.35, 5430119
53.36, 5430119
53.37, 5430119
53.38, 5430119
53.39, 5430119
53.4, 5430119
53.41, 5430119
53.42, 5430119
53.43, 5430119
53.44, 5430119
53.45, 5430119
53.46, 5430119
53.47, 5430119
53.48, 5430119
53.49, 5430119
53.5, 5430119
53.51, 5430119
53.52, 5430119
53.53, 5430119
53.54, 5430119
53.55, 5430119
53.56, 5430119
53.57, 5430119
53.58, 5430119
53.59, 5430119
53.6, 5430119
53.61, 5430119
53.62, 5430119
53.63, 5430119
53.64, 5430119
53.65, 5430119
53.66, 5430119
53.67, 5430119
53.68, 5430119
53.69, 5430119
53.7, 5430119
53.71, 5430119
53.72, 5430119
53.73, 5430119
53.74, 5430119
53.75, 5430119
53.76, 5430119
53.77, 5430119
53.78, 5430119
53.79, 5430119
53.8, 5430119
53.81, 5430119
53.82, 5430119
53.83, 5430119
53.84, 5430119
53.85, 5430119
53.86, 5430119
53.87, 5430119
53.88, 5430119
53.89, 5430119
53.9, 5430119
53.91, 5430119
53.92, 5430119
53.93, 5430119
53.94, 5430119
53.95, 5430119
53.96, 5430119
53.97, 5430119
53.98, 5430119
53.99, 5430119
54.0, 5430119
54.01, 5430119
54.02, 5430119
54.03, 5430119
54.04, 5430119
54.05, 5430119
54.06, 5430119
54.07, 5430119
54.08, 5430119
54.09, 5430119
54.1, 5430119
54.11, 5430119
54.12, 5430119
54.13, 5430119
54.14, 5430119
54.15, 5430119
54.16, 5430119
54.17, 5430119
54.18, 5430119
54.19, 5430119
54.2, 5430119
54.21, 5430119
54.22, 5430119
54.23, 5430119
54.24, 5430119
54.25, 5430119
54.26, 5430119
54.27, 5430119
54.28, 5430119
54.29, 5430119
54.3, 5430119
54.31, 5430119
54.32, 5430119
54.33, 5430119
54.34, 5430119
54.35, 5430119
54.36, 5430119
54.37, 5430119
54.38, 5430119
54.39, 5430119
54.4, 5430119
54.41, 5430119
54.42, 5430119
54.43, 5430119
54.44, 5430119
54.45, 5430119
54.46, 5430119
54.47, 5430119
54.48, 5430119
54.49, 5430119
54.5, 5430119
54.51, 5430119
54.52, 5430119
54.53, 5430119
54.54, 5430119
54.55, 5430119
54.56, 5430119
54.57, 5430119
54.58, 5430119
54.59, 5430119
54.6, 5430119
54.61, 5430119
54.62, 5430119
54.63, 5430119
54.64, 5430119
54.65, 5430119
54.66, 5430119
54.67, 5430119
54.68, 5430119
54.69, 5430119
54.7, 5430119
54.71, 5430119
54.72, 5430119
54.73, 5430119
54.74, 5430119
54.75, 5430119
54.76, 5430119
54.77, 5430119
54.78, 5430119
54.79, 5430119
54.8, 5430119
54.81, 5430119
54.82, 5430119
54.83, 5430119
54.84, 5430119
54.85, 5430119
54.86, 5430119
54.87, 5430119
54.88, 5430119
54.89, 5430119
54.9, 5430119
54.91, 5430119
54.92, 5430119
54.93, 5430119
54.94, 5430119
54.95, 5430119
54.96, 5430119
54.97, 5430119
54.98, 5430119
54.99, 5430119
55.0, 5430119
55.01, 5430119
55.02, 5430119
55.03, 5430119
55.04, 5430119
55.05, 5430119
55.06, 5430119
55.07, 5430119
55.08, 5430119
55.09, 5430119
55.1, 5430119
55.11, 5430119
55.12, 5430119
55.13, 5430119
55.14, 5430119
55.15, 5430119
55.16, 5430119
55.17, 5430119
55.18, 5430119
55.19, 5430119
55.2, 5430119
55.21, 5430119
55.22, 5430119
55.23, 5430119
55.24, 5430119
55.25, 5430119
55.26, 5430119
55.27, 5430119
55.28, 5430119
55.29, 5430119
55.3, 5430119
55.31, 5430119
55.32, 5430119
55.33, 5430119
55.34, 5430119
55.35, 5430119
55.36, 5430119
55.37, 5430119
55.38, 5430119
55.39, 5430119
55.4, 5430119
55.41, 5430119
55.42, 5430119
55.43, 5430119
55.44, 5430119
55.45, 5430119
55.46, 5430119
55.47, 5430119
55.48, 5430119
55.49, 5430119
55.5, 5430119
55.51, 5430119
55.52, 5430119
55.53, 5430119
55.54, 5430119
55.55, 5430119
55.56, 5430119
55.57, 5430119
55.58, 5430119
55.59, 5430119
55.6, 5430119
55.61, 5430119
55.62, 5430119
55.63, 5430119
55.64, 5430119
55.65, 5430119
55.66, 5430119
55.67, 5430119
55.68, 5430119
55.69, 5430119
55.7, 5430119
55.71, 5430119
55.72, 5430119
55.73, 5430119
55.74, 5430119
55.75, 5430119
55.76, 5430119
55.77, 5430119
55.78, 5430119
55.79, 5430119
55.8, 5430119
55.81, 5430119
55.82, 5430119
55.83, 5430119
55.84, 5430119
55.85, 5430119
55.86, 5430119
55.87, 5430119
55.88, 5430119
55.89, 5430119
55.9, 5430119
55.91, 5430119
55.92, 5430119
55.93, 5430119
55.94, 5430119
55.95, 5430119
55.96, 5430119
55.97, 5430119
55.98, 5430119
55.99, 5430119
56.0, 5430119
56.01, 5430119
56.02, 5430119
56.03, 5430119
56.04, 5430119
56.05, 5430119
56.06, 5430119
56.07, 5430119
56.08, 5430119
56.09, 5430119
56.1, 5430119
56.11, 5430119
56.12, 5430119
56.13, 5430119
56.14, 5430119
56.15, 5430119
56.16, 5430119
56.17, 5430119
56.18, 5430119
56.19, 5430119
56.2, 5430119
56.21, 5430119
56.22, 5430119
56.23, 5430119
56.24, 5430119
56.25, 5430119
56.26, 5430119
56.27, 5430119
56.28, 5430119
56.29, 5430119
56.3, 5430119
56.31, 5430119
56.32, 5430119
56.33, 5430119
56.34, 5430119
56.35, 5430119
56.36, 5430119
56.37, 5430119
56.38, 5430119
56.39, 5430119
56.4, 5430119
56.41, 5430119
56.42, 5430119
56.43, 5430119
56.44, 5430119
56.45, 5430119
56.46, 5430119
56.47, 5430119
56.48, 5430119
56.49, 5430119
56.5, 5430119
56.51, 5430119
56.52, 5430119
56.53, 5430119
56.54, 5430119
56.55, 5430119
56.56, 5430119
56.57, 5430119
56.58, 5430119
56.59, 5430119
56.6, 5430119
56.61, 5430119
56.62, 5430119
56.63, 5430119
56.64, 5430119
56.65, 5430119
56.66, 5430119
56.67, 5430119
56.68, 5430119
56.69, 5430119
56.7, 5430119
56.71, 5430119
56.72, 5430119
56.73, 5430119
56.74, 5430119
56.75, 5430119
56.76, 5430119
56.77, 5430119
56.78, 5430119
56.79, 5430119
56.8, 5430119
56.81, 5430119
56.82, 5430119
56.83, 5430119
56.84, 5430119
56.85, 5430119
56.86, 5430119
56.87, 5430119
56.88, 5430119
56.89, 5430119
56.9, 5430119
56.91, 5430119
56.92, 5430119
56.93, 5430119
56.94, 5430119
56.95, 5430119
56.96, 5430119
56.97, 5430119
56.98, 5430119
56.99, 5430119
57.0, 5430119
57.01, 5430119
57.02, 5430119
57.03, 5430119
57.04, 5430119
57.05, 5430119
57.06, 5430119
57.07, 5430119
57.08, 5430119
57.09, 5430119
57.1, 5430119
57.11, 5430119
57.12, 5430119
57.13, 5430119
57.14, 5430119
57.15, 5430119
57.16, 5430119
57.17, 5430119
57.18, 5430119
57.19, 5430119
57.2, 5430119
57.21, 5430119
57.22, 5430119
57.23, 5430119
57.24, 5430119
57.25, 5430119
57.26, 5430119
57.27, 5430119
57.28, 5430119
57.29, 5430119
57.3, 5430119
57.31, 5430119
57.32, 5430119
57.33, 5430119
57.34, 5430119
57.35, 5430119
57.36, 5430119
57.37, 5430119
57.38, 5430119
57.39, 5430119
57.4, 5430119
57.41, 5430119
57.42, 5430119
57.43, 5430119
57.44, 5430119
57.45, 5430119
57.46, 5430119
57.47, 5430119
57.48, 5430119
57.49, 5430119
57.5, 5430119
57.51, 5430119
57.52, 5430119
57.53, 5430119
57.54, 5430119
57.55, 5430119
57.56, 5430119
57.57, 5430119
57.58, 5430119
57.59, 5430119
57.6, 5430119
57.61, 5430119
57.62, 5430119
57.63, 5430119
57.64, 5430119
57.65, 5430119
57.66, 5430119
57.67, 5430119
57.68, 5430119
57.69, 5430119
57.7, 5430119
57.71, 5430119
57.72, 5430119
57.73, 5430119
57.74, 5430119
57.75, 5430119
57.76, 5430119
57.77, 5430119
57.78, 5430119
57.79, 5430119
57.8, 5430119
57.81, 5430119
57.82, 5430119
57.83, 5430119
57.84, 5430119
57.85, 5430119
57.86, 5430119
57.87, 5430119
57.88, 5430119
57.89, 5430119
57.9, 5430119
57.91, 5430119
57.92, 5430119
57.93, 5430119
57.94, 5430119
57.95, 5430119
57.96, 5430119
57.97, 5430119
57.98, 5430119
57.99, 5430119
58.0, 5430119
58.01, 5430119
58.02, 5430119
58.03, 5430119
58.04, 5430119
58.05, 5430119
58.06, 5430119
58.07, 5430119
58.08, 5430119
58.09, 5430119
58.1, 5430119
58.11, 5430119
58.12, 5430119
58.13, 5430119
58.14, 5430119
58.15, 5430119
58.16, 5430119
58.17, 5430119
58.18, 5430119
58.19, 5430119
58.2, 5430119
58.21, 5430119
58.22, 5430119
58.23, 5430119
58.24, 5430119
58.25, 5430119
58.26, 5430119
58.27, 5430119
58.28, 5430119
58.29, 5430119
58.3, 5430119
58.31, 5430119
58.32, 5430119
58.33, 5430119
58.34, 5430119
58.35, 5430119
58.36, 5430119
58.37, 5430119
58.38, 5430119
58.39, 5430119
58.4, 5430119
58.41, 5430119
58.42, 5430119
58.43, 5430119
58.44, 5430119
58.45, 5430119
58.46, 5430119
58.47, 5430119
58.48, 5430119
58.49, 5430119
58.5, 5430119
58.51, 5430119
58.52, 5430119
58.53, 5430119
58.54, 5430119
58.55, 5430119
58.56, 5430119
58.57, 5430119
58.58, 5430119
58.59, 5430119
58.6, 5430119
58.61, 5430119
58.62, 5430119
58.63, 5430119
58.64, 5430119
58.65, 5430119
58.66, 5430119
58.67, 5430119
58.68, 5430119
58.69, 5430119
58.7, 5430119
58.71, 5430119
58.72, 5430119
58.73, 5430119
58.74, 5430119
58.75, 5430119
58.76, 5430119
58.77, 5430119
58.78, 5430119
58.79, 5430119
58.8, 5430119
58.81, 5430119
58.82, 5430119
58.83, 5430119
58.84, 5430119
58.85, 5430119
58.86, 5430119
58.87, 5430119
58.88, 5430119
58.89, 5430119
58.9, 5430119
58.91, 5430119
58.92, 5430119
58.93, 5430119
58.94, 5430119
58.95, 5430119
58.96, 5430119
58.97, 5430119
58.98, 5430119
58.99, 5430119
59.0, 5430119
59.01, 5430119
59.02, 5430119
59.03, 5430119
59.04, 5430119
59.05, 5430119
59.06, 5430119
59.07, 5430119
59.08, 5430119
59.09, 5430119
59.1, 5430119
59.11, 5430119
59.12, 5430119
59.13, 5430119
59.14, 5430119
59.15, 5430119
59.16, 5430119
59.17, 5430119
59.18, 5430119
59.19, 5430119
59.2, 5430119
59.21, 5430119
59.22, 5430119
59.23, 5430119
59.24, 5430119
59.25, 5430119
59.26, 5430119
59.27, 5430119
59.28, 5430119
59.29, 5430119
59.3, 5430119
59.31, 5430119
59.32, 5430119
59.33, 5430119
59.34, 5430119
59.35, 5430119
59.36, 5430119
59.37, 5430119
59.38, 5430119
59.39, 5430119
59.4, 5430119
59.41, 5430119
59.42, 5430119
59.43, 5430119
59.44, 5430119
59.45, 5430119
59.46, 5430119
59.47, 5430119
59.48, 5430119
59.49, 5430119
59.5, 5430119
59.51, 5430119
59.52, 5430119
59.53, 5430119
59.54, 5430119
59.55, 5430119
59.56, 5430119
59.57, 5430119
59.58, 5430119
59.59, 5430119
59.6, 5430119
59.61, 5430119
59.62, 5430119
59.63, 5430119
59.64, 5430119
59.65, 5430119
59.66, 5430119
59.67, 5430119
59.68, 5430119
59.69, 5430119
59.7, 5430119
59.71, 5430119
59.72, 5430119
59.73, 5430119
59.74, 5430119
59.75, 5430119
59.76, 5430119
59.77, 5430119
59.78, 5430119
59.79, 5430119
59.8, 5430119
59.81, 5430119
59.82, 5430119
59.83, 5430119
59.84, 5430119
59.85, 5430119
59.86, 5430119
59.87, 5430119
59.88, 5430119
59.89, 5430119
59.9, 5430119
59.91, 5430119
59.92, 5430119
59.93, 5430119
59.94, 5430119
59.95, 5430119
59.96, 5430119
59.97, 5430119
59.98, 5430119
59.99, 5430119
