0.0, 6504823
0.01, 6504823
0.02, 6504823
0.03, 6504823
0.04, 6464432
0.05, 6464432
0.06, 6464432
0.07, 6277578
0.08, 6277578
0.09, 6277578
0.1, 6277578
0.11, 6213267
0.12, 6213267
0.13, 6086372
0.14, 6086372
0.15, 6086372
0.16, 6086372
0.17, 6086372
0.18, 6086372
0.19, 6086372
0.2, 6086372
0.21, 6086372
0.22, 6086372
0.23, 6086372
0.24, 6086372
0.25, 6086372
0.26, 6086372
0.27, 6086372
0.28, 6086372
0.29, 6086372
0.3, 6086372
0.31, 6086372
0.32, 6086372
0.33, 6086372
0.34, 6086372
0.35, 6086372
0.36, 6086372
0.37, 6011976
0.38, 6011976
0.39, 6011976
0.4, 6011976
0.41, 6011976
0.42, 6011976
0.43, 6011976
0.44, 6011976
0.45, 6011976
0.46, 6011976
0.47, 6011976
0.48, 6011976
0.49, 6011976
0.5, 6011976
0.51, 6011976
0.52, 6011976
0.53, 6011976
0.54, 6011976
0.55, 6011976
0.56, 6011976
0.57, 6011976
0.58, 6011976
0.59, 6011976
0.6, 6011976
0.61, 6011976
0.62, 6011976
0.63, 6011976
0.64, 6011976
0.65, 6011976
0.66, 6011976
0.67, 6011976
0.68, 6011976
0.69, 6011976
0.7, 6011976
0.71, 6011976
0.72, 6011976
0.73, 6011976
0.74, 6011976
0.75, 6011976
0.76, 6011976
0.77, 6011976
0.78, 6011976
0.79, 6011976
0.8, 6011976
0.81, 6011976
0.82, 6011976
0.83, 6011976
0.84, 6011976
0.85, 6011976
0.86, 6011976
0.87, 6011976
0.88, 6011976
0.89, 6011976
0.9, 6011976
0.91, 6011976
0.92, 6011976
0.93, 6011976
0.94, 6011976
0.95, 6011976
0.96, 6011976
0.97, 6011950
0.98, 6011950
0.99, 6011950
1.0, 6011950
1.01, 6011950
1.02, 6011950
1.03, 6011950
1.04, 6011950
1.05, 6011950
1.06, 6011950
1.07, 6011950
1.08, 6011950
1.09, 6011950
1.1, 6011950
1.11, 6011950
1.12, 6011950
1.13, 6011950
1.14, 6011950
1.15, 6011950
1.16, 6011950
1.17, 6011950
1.18, 6011950
1.19, 6011950
1.2, 6011950
1.21, 6011950
1.22, 6011950
1.23, 6011950
1.24, 6011950
1.25, 6011950
1.26, 6011950
1.27, 6011950
1.28, 6011950
1.29, 6011950
1.3, 6011950
1.31, 6011950
1.32, 6011950
1.33, 6011950
1.34, 6011950
1.35, 6011950
1.36, 6011950
1.37, 6011950
1.38, 6011950
1.39, 6011950
1.4, 6011950
1.41, 6011950
1.42, 6011950
1.43, 6011950
1.44, 6011950
1.45, 6011950
1.46, 6011950
1.47, 6011950
1.48, 6011950
1.49, 6011950
1.5, 6011950
1.51, 6011950
1.52, 6011950
1.53, 6011950
1.54, 6011950
1.55, 6011950
1.56, 6011950
1.57, 6011950
1.58, 6011950
1.59, 6011950
1.6, 6011950
1.61, 6011950
1.62, 6011950
1.63, 6011950
1.64, 6011950
1.65, 6011950
1.66, 6011950
1.67, 6011950
1.68, 6011950
1.69, 6011950
1.7, 6011950
1.71, 6011950
1.72, 6011950
1.73, 6011950
1.74, 6011950
1.75, 6011950
1.76, 6011950
1.77, 6011950
1.78, 6011950
1.79, 6011950
1.8, 6011950
1.81, 6011950
1.82, 6011950
1.83, 6011950
1.84, 6011950
1.85, 6011950
1.86, 6011950
1.87, 6011950
1.88, 6011950
1.89, 6011950
1.9, 6011950
1.91, 6011950
1.92, 6011950
1.93, 6011950
1.94, 6011950
1.95, 6011950
1.96, 6011950
1.97, 6011950
1.98, 6011950
1.99, 6011950
2.0, 6011950
2.01, 6011950
2.02, 6011950
2.03, 6011950
2.04, 6011950
2.05, 6011950
2.06, 6011950
2.07, 6011950
2.08, 6011950
2.09, 6011950
2.1, 6011950
2.11, 6011950
2.12, 6011950
2.13, 6011950
2.14, 6011950
2.15, 6011950
2.16, 6011950
2.17, 6011950
2.18, 6011950
2.19, 6011950
2.2, 6011950
2.21, 6011950
2.22, 6011950
2.23, 6011950
2.24, 6011950
2.25, 6011950
2.26, 6011950
2.27, 6011950
2.28, 6011950
2.29, 6011950
2.3, 6011950
2.31, 6011950
2.32, 6011950
2.33, 6011950
2.34, 6011950
2.35, 6011950
2.36, 6011950
2.37, 6011950
2.38, 6011950
2.39, 6011950
2.4, 6011950
2.41, 6011950
2.42, 6011950
2.43, 6011950
2.44, 6011950
2.45, 6011950
2.46, 6011950
2.47, 6011950
2.48, 6011950
2.49, 6011950
2.5, 6011950
2.51, 6011950
2.52, 6011950
2.53, 6011950
2.54, 6011950
2.55, 6011950
2.56, 6011950
2.57, 6011950
2.58, 6011950
2.59, 6011950
2.6, 6011950
2.61, 6011950
2.62, 6011950
2.63, 6011950
2.64, 6011950
2.65, 6011950
2.66, 6011950
2.67, 6011950
2.68, 6011950
2.69, 6011950
2.7, 6011950
2.71, 6011950
2.72, 6011950
2.73, 5833387
2.74, 5727724
2.75, 5727724
2.76, 5727724
2.77, 5727724
2.78, 5727724
2.79, 5727724
2.8, 5727724
2.81, 5727724
2.82, 5727724
2.83, 5727724
2.84, 5727724
2.85, 5727724
2.86, 5727724
2.87, 5727724
2.88, 5727724
2.89, 5727724
2.9, 5727724
2.91, 5727724
2.92, 5727724
2.93, 5727724
2.94, 5727724
2.95, 5727724
2.96, 5727724
2.97, 5727724
2.98, 5727724
2.99, 5727724
3.0, 5727724
3.01, 5727724
3.02, 5727724
3.03, 5727724
3.04, 5727724
3.05, 5727724
3.06, 5727724
3.07, 5727724
3.08, 5727724
3.09, 5727724
3.1, 5727724
3.11, 5727724
3.12, 5727724
3.13, 5727724
3.14, 5727724
3.15, 5727724
3.16, 5727724
3.17, 5727724
3.18, 5727724
3.19, 5727724
3.2, 5727724
3.21, 5727724
3.22, 5727724
3.23, 5727724
3.24, 5727724
3.25, 5727724
3.26, 5727724
3.27, 5727724
3.28, 5727724
3.29, 5727724
3.3, 5727724
3.31, 5727724
3.32, 5727724
3.33, 5727724
3.34, 5727724
3.35, 5727724
3.36, 5727724
3.37, 5727724
3.38, 5727724
3.39, 5727724
3.4, 5727724
3.41, 5727724
3.42, 5727724
3.43, 5727724
3.44, 5727724
3.45, 5727724
3.46, 5727724
3.47, 5727724
3.48, 5727724
3.49, 5727724
3.5, 5727724
3.51, 5727724
3.52, 5727724
3.53, 5727724
3.54, 5727724
3.55, 5727724
3.56, 5727724
3.57, 5727724
3.58, 5727724
3.59, 5727724
3.6, 5727724
3.61, 5727724
3.62, 5727724
3.63, 5727724
3.64, 5727724
3.65, 5727724
3.66, 5727724
3.67, 5727724
3.68, 5727724
3.69, 5727724
3.7, 5727724
3.71, 5727724
3.72, 5727724
3.73, 5727724
3.74, 5727724
3.75, 5727724
3.76, 5727724
3.77, 5727724
3.78, 5727724
3.79, 5727724
3.8, 5727724
3.81, 5727724
3.82, 5727724
3.83, 5727724
3.84, 5727724
3.85, 5727724
3.86, 5727724
3.87, 5727724
3.88, 5727724
3.89, 5727724
3.9, 5727724
3.91, 5727724
3.92, 5727724
3.93, 5727724
3.94, 5727724
3.95, 5727724
3.96, 5727724
3.97, 5727724
3.98, 5727724
3.99, 5727724
4.0, 5727724
4.01, 5727724
4.02, 5727724
4.03, 5727724
4.04, 5727724
4.05, 5727724
4.06, 5727724
4.07, 5727724
4.08, 5727724
4.09, 5727724
4.1, 5727724
4.11, 5727724
4.12, 5727724
4.13, 5727724
4.14, 5727724
4.15, 5727724
4.16, 5727724
4.17, 5727724
4.18, 5727724
4.19, 5727724
4.2, 5727724
4.21, 5727724
4.22, 5727724
4.23, 5727724
4.24, 5727724
4.25, 5727724
4.26, 5727724
4.27, 5727724
4.28, 5727724
4.29, 5727724
4.3, 5727724
4.31, 5727724
4.32, 5727724
4.33, 5727724
4.34, 5727724
4.35, 5727724
4.36, 5727724
4.37, 5727724
4.38, 5727724
4.39, 5727724
4.4, 5727724
4.41, 5727724
4.42, 5727724
4.43, 5727724
4.44, 5727724
4.45, 5727724
4.46, 5727724
4.47, 5727724
4.48, 5727724
4.49, 5727724
4.5, 5727724
4.51, 5727724
4.52, 5727724
4.53, 5727724
4.54, 5727724
4.55, 5727724
4.56, 5727724
4.57, 5727724
4.58, 5727724
4.59, 5727724
4.6, 5727724
4.61, 5727724
4.62, 5727724
4.63, 5727724
4.64, 5727724
4.65, 5727724
4.66, 5727724
4.67, 5727724
4.68, 5727724
4.69, 5727724
4.7, 5727724
4.71, 5727724
4.72, 5727724
4.73, 5727724
4.74, 5727724
4.75, 5727724
4.76, 5727724
4.77, 5727724
4.78, 5727724
4.79, 5727724
4.8, 5727724
4.81, 5727724
4.82, 5727724
4.83, 5727724
4.84, 5727724
4.85, 5727724
4.86, 5727724
4.87, 5727724
4.88, 5727724
4.89, 5727724
4.9, 5727724
4.91, 5727724
4.92, 5727724
4.93, 5727724
4.94, 5727724
4.95, 5727724
4.96, 5727724
4.97, 5727724
4.98, 5727724
4.99, 5727724
5.0, 5727724
5.01, 5727724
5.02, 5727724
5.03, 5727724
5.04, 5727724
5.05, 5727724
5.06, 5727724
5.07, 5727724
5.08, 5727724
5.09, 5727724
5.1, 5727724
5.11, 5727724
5.12, 5727724
5.13, 5727724
5.14, 5727724
5.15, 5727724
5.16, 5727724
5.17, 5727724
5.18, 5727724
5.19, 5727724
5.2, 5727724
5.21, 5727724
5.22, 5727724
5.23, 5727724
5.24, 5727724
5.25, 5727724
5.26, 5727724
5.27, 5727724
5.28, 5727724
5.29, 5727724
5.3, 5727724
5.31, 5727724
5.32, 5727724
5.33, 5727724
5.34, 5727724
5.35, 5727724
5.36, 5727724
5.37, 5727724
5.38, 5727724
5.39, 5727724
5.4, 5727724
5.41, 5727724
5.42, 5727724
5.43, 5727724
5.44, 5727724
5.45, 5727724
5.46, 5727724
5.47, 5727724
5.48, 5727724
5.49, 5727724
5.5, 5727724
5.51, 5727724
5.52, 5727724
5.53, 5727724
5.54, 5727724
5.55, 5727724
5.56, 5727724
5.57, 5727724
5.58, 5727724
5.59, 5727724
5.6, 5727724
5.61, 5727724
5.62, 5727724
5.63, 5727724
5.64, 5727724
5.65, 5727724
5.66, 5727724
5.67, 5727724
5.68, 5727724
5.69, 5727724
5.7, 5727724
5.71, 5727724
5.72, 5727724
5.73, 5727724
5.74, 5727724
5.75, 5727724
5.76, 5727724
5.77, 5727724
5.78, 5727724
5.79, 5727724
5.8, 5727724
5.81, 5727724
5.82, 5727724
5.83, 5727724
5.84, 5727724
5.85, 5727724
5.86, 5727724
5.87, 5727724
5.88, 5727724
5.89, 5727724
5.9, 5727724
5.91, 5727724
5.92, 5727724
5.93, 5727724
5.94, 5727724
5.95, 5727724
5.96, 5727724
5.97, 5727724
5.98, 5727724
5.99, 5727724
6.0, 5727724
6.01, 5727724
6.02, 5727724
6.03, 5727724
6.04, 5727724
6.05, 5727724
6.06, 5727724
6.07, 5727724
6.08, 5727724
6.09, 5727724
6.1, 5727724
6.11, 5727724
6.12, 5727724
6.13, 5727724
6.14, 5727724
6.15, 5727724
6.16, 5727724
6.17, 5727724
6.18, 5727724
6.19, 5727724
6.2, 5727724
6.21, 5727724
6.22, 5727724
6.23, 5727724
6.24, 5727724
6.25, 5727724
6.26, 5727724
6.27, 5727724
6.28, 5727724
6.29, 5727724
6.3, 5727724
6.31, 5727724
6.32, 5727724
6.33, 5727724
6.34, 5727724
6.35, 5727724
6.36, 5727724
6.37, 5727724
6.38, 5727724
6.39, 5727724
6.4, 5727724
6.41, 5727724
6.42, 5727724
6.43, 5727724
6.44, 5727724
6.45, 5727724
6.46, 5727724
6.47, 5727724
6.48, 5727724
6.49, 5727724
6.5, 5727724
6.51, 5727724
6.52, 5727724
6.53, 5727724
6.54, 5727724
6.55, 5727724
6.56, 5727724
6.57, 5727724
6.58, 5727724
6.59, 5727724
6.6, 5727724
6.61, 5727724
6.62, 5727724
6.63, 5727724
6.64, 5727724
6.65, 5727724
6.66, 5727724
6.67, 5727724
6.68, 5727724
6.69, 5727724
6.7, 5727724
6.71, 5727724
6.72, 5727724
6.73, 5727724
6.74, 5727724
6.75, 5727724
6.76, 5727724
6.77, 5727724
6.78, 5727724
6.79, 5727724
6.8, 5727724
6.81, 5727724
6.82, 5727724
6.83, 5727724
6.84, 5727724
6.85, 5727724
6.86, 5727724
6.87, 5727724
6.88, 5727724
6.89, 5727724
6.9, 5727724
6.91, 5727724
6.92, 5727724
6.93, 5727724
6.94, 5727724
6.95, 5727724
6.96, 5727724
6.97, 5727724
6.98, 5727724
6.99, 5727724
7.0, 5727724
7.01, 5727724
7.02, 5727724
7.03, 5727724
7.04, 5727724
7.05, 5727724
7.06, 5727724
7.07, 5727724
7.08, 5727724
7.09, 5727724
7.1, 5727724
7.11, 5727724
7.12, 5727724
7.13, 5727724
7.14, 5727724
7.15, 5727724
7.16, 5727724
7.17, 5727724
7.18, 5727724
7.19, 5727724
7.2, 5727724
7.21, 5727724
7.22, 5727724
7.23, 5727724
7.24, 5727724
7.25, 5727724
7.26, 5727724
7.27, 5727724
7.28, 5727724
7.29, 5727724
7.3, 5727724
7.31, 5727724
7.32, 5727724
7.33, 5727724
7.34, 5727724
7.35, 5727724
7.36, 5727724
7.37, 5727724
7.38, 5727724
7.39, 5727724
7.4, 5727724
7.41, 5727724
7.42, 5727724
7.43, 5727724
7.44, 5727724
7.45, 5727724
7.46, 5727724
7.47, 5727724
7.48, 5727724
7.49, 5727724
7.5, 5727724
7.51, 5727724
7.52, 5727724
7.53, 5727724
7.54, 5727724
7.55, 5727724
7.56, 5727724
7.57, 5727724
7.58, 5727724
7.59, 5727724
7.6, 5727724
7.61, 5727724
7.62, 5727724
7.63, 5727724
7.64, 5727724
7.65, 5727724
7.66, 5727724
7.67, 5727724
7.68, 5727724
7.69, 5727724
7.7, 5727724
7.71, 5727724
7.72, 5727724
7.73, 5727724
7.74, 5727724
7.75, 5727724
7.76, 5727724
7.77, 5727724
7.78, 5727724
7.79, 5727724
7.8, 5727724
7.81, 5727724
7.82, 5727724
7.83, 5727724
7.84, 5727724
7.85, 5727724
7.86, 5727724
7.87, 5727724
7.88, 5727724
7.89, 5727724
7.9, 5727724
7.91, 5727724
7.92, 5727724
7.93, 5727724
7.94, 5727724
7.95, 5727724
7.96, 5727724
7.97, 5727724
7.98, 5727724
7.99, 5727724
8.0, 5727724
8.01, 5727724
8.02, 5727724
8.03, 5727724
8.04, 5727724
8.05, 5727724
8.06, 5727724
8.07, 5727724
8.08, 5727724
8.09, 5727724
8.1, 5727724
8.11, 5727724
8.12, 5727724
8.13, 5727724
8.14, 5727724
8.15, 5727724
8.16, 5727724
8.17, 5727724
8.18, 5727724
8.19, 5727724
8.2, 5727724
8.21, 5727724
8.22, 5727724
8.23, 5727724
8.24, 5727724
8.25, 5727724
8.26, 5727724
8.27, 5727724
8.28, 5727724
8.29, 5727724
8.3, 5727724
8.31, 5727724
8.32, 5727724
8.33, 5727724
8.34, 5727724
8.35, 5727724
8.36, 5727724
8.37, 5727724
8.38, 5727724
8.39, 5727724
8.4, 5727724
8.41, 5727724
8.42, 5727724
8.43, 5727724
8.44, 5727724
8.45, 5727724
8.46, 5727724
8.47, 5727724
8.48, 5727724
8.49, 5727724
8.5, 5727724
8.51, 5727724
8.52, 5727724
8.53, 5727724
8.54, 5727724
8.55, 5727724
8.56, 5727724
8.57, 5727724
8.58, 5727724
8.59, 5727724
8.6, 5727724
8.61, 5727724
8.62, 5727724
8.63, 5727724
8.64, 5727724
8.65, 5727724
8.66, 5727724
8.67, 5727724
8.68, 5727724
8.69, 5727724
8.7, 5727724
8.71, 5727724
8.72, 5727724
8.73, 5727724
8.74, 5727724
8.75, 5727724
8.76, 5727724
8.77, 5727724
8.78, 5727724
8.79, 5727724
8.8, 5727724
8.81, 5727724
8.82, 5727724
8.83, 5727724
8.84, 5727724
8.85, 5727724
8.86, 5727724
8.87, 5727724
8.88, 5727724
8.89, 5727724
8.9, 5727724
8.91, 5727724
8.92, 5727724
8.93, 5727724
8.94, 5727724
8.95, 5727724
8.96, 5727724
8.97, 5727724
8.98, 5727724
8.99, 5727724
9.0, 5727724
9.01, 5727724
9.02, 5727724
9.03, 5727724
9.04, 5727724
9.05, 5727724
9.06, 5727724
9.07, 5727724
9.08, 5727724
9.09, 5727724
9.1, 5727724
9.11, 5727724
9.12, 5727724
9.13, 5727724
9.14, 5727724
9.15, 5727724
9.16, 5727724
9.17, 5727724
9.18, 5727724
9.19, 5727724
9.2, 5727724
9.21, 5727724
9.22, 5727724
9.23, 5727724
9.24, 5727724
9.25, 5727724
9.26, 5727724
9.27, 5727724
9.28, 5727724
9.29, 5727724
9.3, 5727724
9.31, 5727724
9.32, 5727724
9.33, 5727724
9.34, 5727724
9.35, 5727724
9.36, 5727724
9.37, 5727724
9.38, 5727724
9.39, 5727724
9.4, 5727724
9.41, 5727724
9.42, 5727724
9.43, 5727724
9.44, 5727724
9.45, 5727724
9.46, 5727724
9.47, 5727724
9.48, 5727724
9.49, 5727724
9.5, 5727724
9.51, 5727724
9.52, 5727724
9.53, 5727724
9.54, 5727724
9.55, 5727724
9.56, 5727724
9.57, 5727724
9.58, 5727724
9.59, 5727724
9.6, 5727724
9.61, 5727724
9.62, 5727724
9.63, 5727724
9.64, 5727724
9.65, 5727724
9.66, 5727724
9.67, 5727724
9.68, 5727724
9.69, 5727724
9.7, 5727724
9.71, 5727724
9.72, 5727724
9.73, 5727724
9.74, 5727724
9.75, 5727724
9.76, 5727724
9.77, 5727724
9.78, 5727724
9.79, 5727724
9.8, 5727724
9.81, 5727724
9.82, 5727724
9.83, 5727724
9.84, 5727724
9.85, 5727724
9.86, 5727724
9.87, 5727724
9.88, 5727724
9.89, 5727724
9.9, 5727724
9.91, 5727724
9.92, 5727724
9.93, 5727724
9.94, 5727724
9.95, 5727724
9.96, 5727724
9.97, 5727724
9.98, 5727724
9.99, 5727724
10.0, 5727724
10.01, 5727724
10.02, 5727724
10.03, 5727724
10.04, 5727724
10.05, 5727724
10.06, 5727724
10.07, 5727724
10.08, 5727724
10.09, 5727724
10.1, 5727724
10.11, 5727724
10.12, 5727724
10.13, 5727724
10.14, 5727724
10.15, 5727724
10.16, 5727724
10.17, 5727724
10.18, 5727724
10.19, 5727724
10.2, 5727724
10.21, 5727724
10.22, 5727724
10.23, 5727724
10.24, 5727724
10.25, 5727724
10.26, 5727724
10.27, 5727724
10.28, 5727724
10.29, 5727724
10.3, 5727724
10.31, 5727724
10.32, 5727724
10.33, 5727724
10.34, 5727724
10.35, 5727724
10.36, 5727724
10.37, 5727724
10.38, 5727724
10.39, 5727724
10.4, 5727724
10.41, 5727724
10.42, 5727724
10.43, 5727724
10.44, 5727724
10.45, 5727724
10.46, 5727724
10.47, 5727724
10.48, 5727724
10.49, 5727724
10.5, 5727724
10.51, 5727724
10.52, 5727724
10.53, 5727724
10.54, 5727724
10.55, 5727724
10.56, 5727724
10.57, 5727724
10.58, 5727724
10.59, 5727724
10.6, 5727724
10.61, 5727724
10.62, 5727724
10.63, 5727724
10.64, 5727724
10.65, 5727724
10.66, 5727724
10.67, 5727724
10.68, 5727724
10.69, 5727724
10.7, 5727724
10.71, 5727724
10.72, 5727724
10.73, 5727724
10.74, 5727724
10.75, 5727724
10.76, 5727724
10.77, 5727724
10.78, 5727724
10.79, 5727724
10.8, 5727724
10.81, 5727724
10.82, 5727724
10.83, 5727724
10.84, 5727724
10.85, 5727724
10.86, 5727724
10.87, 5727724
10.88, 5727724
10.89, 5727724
10.9, 5727724
10.91, 5727724
10.92, 5727724
10.93, 5727724
10.94, 5727724
10.95, 5727724
10.96, 5727724
10.97, 5727724
10.98, 5727724
10.99, 5727724
11.0, 5727724
11.01, 5727724
11.02, 5727724
11.03, 5727724
11.04, 5727724
11.05, 5727724
11.06, 5727724
11.07, 5727724
11.08, 5727724
11.09, 5727724
11.1, 5727724
11.11, 5727724
11.12, 5727724
11.13, 5727724
11.14, 5727724
11.15, 5727724
11.16, 5727724
11.17, 5727724
11.18, 5727724
11.19, 5727724
11.2, 5727724
11.21, 5727724
11.22, 5727724
11.23, 5727724
11.24, 5727724
11.25, 5727724
11.26, 5727724
11.27, 5727724
11.28, 5727724
11.29, 5727724
11.3, 5727724
11.31, 5727724
11.32, 5727724
11.33, 5727724
11.34, 5727724
11.35, 5727724
11.36, 5727724
11.37, 5727724
11.38, 5727724
11.39, 5727724
11.4, 5727724
11.41, 5727724
11.42, 5727724
11.43, 5727724
11.44, 5727724
11.45, 5727724
11.46, 5727724
11.47, 5727724
11.48, 5727724
11.49, 5727724
11.5, 5727724
11.51, 5727724
11.52, 5727724
11.53, 5727724
11.54, 5727724
11.55, 5727724
11.56, 5727724
11.57, 5727724
11.58, 5727724
11.59, 5727724
11.6, 5727724
11.61, 5727724
11.62, 5727724
11.63, 5727724
11.64, 5727724
11.65, 5727724
11.66, 5727724
11.67, 5727724
11.68, 5727724
11.69, 5727724
11.7, 5727724
11.71, 5727724
11.72, 5727724
11.73, 5727724
11.74, 5727724
11.75, 5727724
11.76, 5727724
11.77, 5727724
11.78, 5727724
11.79, 5727724
11.8, 5727724
11.81, 5727724
11.82, 5727724
11.83, 5727724
11.84, 5727724
11.85, 5727724
11.86, 5727724
11.87, 5727724
11.88, 5727724
11.89, 5727724
11.9, 5727724
11.91, 5727724
11.92, 5727724
11.93, 5727724
11.94, 5727724
11.95, 5727724
11.96, 5727724
11.97, 5727724
11.98, 5727724
11.99, 5727724
12.0, 5727724
12.01, 5727724
12.02, 5727724
12.03, 5727724
12.04, 5727724
12.05, 5727724
12.06, 5727724
12.07, 5727724
12.08, 5727724
12.09, 5727724
12.1, 5727724
12.11, 5727724
12.12, 5727724
12.13, 5727724
12.14, 5727724
12.15, 5727724
12.16, 5727724
12.17, 5727724
12.18, 5727724
12.19, 5727724
12.2, 5727724
12.21, 5727724
12.22, 5727724
12.23, 5727724
12.24, 5727724
12.25, 5727724
12.26, 5727724
12.27, 5727724
12.28, 5727724
12.29, 5727724
12.3, 5727724
12.31, 5727724
12.32, 5727724
12.33, 5727724
12.34, 5727724
12.35, 5727724
12.36, 5727724
12.37, 5727724
12.38, 5727724
12.39, 5727724
12.4, 5727724
12.41, 5727724
12.42, 5727724
12.43, 5727724
12.44, 5727724
12.45, 5727724
12.46, 5727724
12.47, 5727724
12.48, 5727724
12.49, 5727724
12.5, 5727724
12.51, 5727724
12.52, 5727724
12.53, 5727724
12.54, 5727724
12.55, 5727724
12.56, 5727724
12.57, 5727724
12.58, 5727724
12.59, 5727724
12.6, 5727724
12.61, 5727724
12.62, 5727724
12.63, 5727724
12.64, 5727724
12.65, 5727724
12.66, 5727724
12.67, 5727724
12.68, 5727724
12.69, 5727724
12.7, 5727724
12.71, 5727724
12.72, 5727724
12.73, 5727724
12.74, 5727724
12.75, 5727724
12.76, 5727724
12.77, 5727724
12.78, 5727724
12.79, 5727724
12.8, 5727724
12.81, 5727724
12.82, 5727724
12.83, 5727724
12.84, 5727724
12.85, 5727724
12.86, 5727724
12.87, 5727724
12.88, 5727724
12.89, 5727724
12.9, 5727724
12.91, 5727724
12.92, 5727724
12.93, 5727724
12.94, 5727724
12.95, 5727724
12.96, 5727724
12.97, 5727724
12.98, 5727724
12.99, 5727724
13.0, 5727724
13.01, 5727724
13.02, 5727724
13.03, 5727724
13.04, 5727724
13.05, 5727724
13.06, 5727724
13.07, 5727724
13.08, 5727724
13.09, 5727724
13.1, 5727724
13.11, 5727724
13.12, 5727724
13.13, 5727724
13.14, 5727724
13.15, 5727724
13.16, 5727724
13.17, 5727724
13.18, 5727724
13.19, 5727724
13.2, 5727724
13.21, 5727724
13.22, 5727724
13.23, 5727724
13.24, 5727724
13.25, 5727724
13.26, 5727724
13.27, 5727724
13.28, 5727724
13.29, 5727724
13.3, 5727724
13.31, 5727724
13.32, 5727724
13.33, 5727724
13.34, 5727724
13.35, 5727724
13.36, 5727724
13.37, 5727724
13.38, 5727724
13.39, 5727724
13.4, 5727724
13.41, 5727724
13.42, 5727724
13.43, 5727724
13.44, 5727724
13.45, 5727724
13.46, 5727724
13.47, 5727724
13.48, 5727724
13.49, 5727724
13.5, 5727724
13.51, 5727724
13.52, 5727724
13.53, 5727724
13.54, 5727724
13.55, 5727724
13.56, 5727724
13.57, 5727724
13.58, 5727724
13.59, 5727724
13.6, 5727724
13.61, 5727724
13.62, 5727724
13.63, 5727724
13.64, 5727724
13.65, 5727724
13.66, 5727724
13.67, 5727724
13.68, 5727724
13.69, 5727724
13.7, 5727724
13.71, 5727724
13.72, 5727724
13.73, 5727724
13.74, 5727724
13.75, 5727724
13.76, 5727724
13.77, 5727724
13.78, 5727724
13.79, 5727724
13.8, 5727724
13.81, 5727724
13.82, 5727724
13.83, 5727724
13.84, 5727724
13.85, 5727724
13.86, 5727724
13.87, 5727724
13.88, 5727724
13.89, 5727724
13.9, 5727724
13.91, 5727724
13.92, 5727724
13.93, 5727724
13.94, 5727724
13.95, 5727724
13.96, 5727724
13.97, 5727724
13.98, 5727724
13.99, 5727724
14.0, 5727724
14.01, 5727724
14.02, 5727724
14.03, 5727724
14.04, 5727724
14.05, 5727724
14.06, 5727724
14.07, 5727724
14.08, 5727724
14.09, 5727724
14.1, 5727724
14.11, 5727724
14.12, 5727724
14.13, 5727724
14.14, 5727724
14.15, 5727724
14.16, 5727724
14.17, 5727724
14.18, 5727724
14.19, 5727724
14.2, 5727724
14.21, 5727724
14.22, 5727724
14.23, 5727724
14.24, 5727724
14.25, 5727724
14.26, 5727724
14.27, 5727724
14.28, 5727724
14.29, 5727724
14.3, 5727724
14.31, 5727724
14.32, 5727724
14.33, 5727724
14.34, 5727724
14.35, 5727724
14.36, 5727724
14.37, 5727724
14.38, 5727724
14.39, 5727724
14.4, 5727724
14.41, 5727724
14.42, 5727724
14.43, 5727724
14.44, 5727724
14.45, 5727724
14.46, 5727724
14.47, 5727724
14.48, 5727724
14.49, 5727724
14.5, 5727724
14.51, 5727724
14.52, 5727724
14.53, 5727724
14.54, 5727724
14.55, 5727724
14.56, 5727724
14.57, 5727724
14.58, 5727724
14.59, 5727724
14.6, 5727724
14.61, 5727724
14.62, 5727724
14.63, 5727724
14.64, 5727724
14.65, 5727724
14.66, 5727724
14.67, 5727724
14.68, 5727724
14.69, 5727724
14.7, 5727724
14.71, 5727724
14.72, 5727724
14.73, 5727724
14.74, 5727724
14.75, 5727724
14.76, 5727724
14.77, 5727724
14.78, 5727724
14.79, 5727724
14.8, 5727724
14.81, 5727724
14.82, 5727724
14.83, 5727724
14.84, 5727724
14.85, 5727724
14.86, 5727724
14.87, 5727724
14.88, 5727724
14.89, 5727724
14.9, 5727724
14.91, 5727724
14.92, 5727724
14.93, 5727724
14.94, 5727724
14.95, 5727724
14.96, 5727724
14.97, 5727724
14.98, 5727724
14.99, 5727724
15.0, 5727724
15.01, 5727724
15.02, 5727724
15.03, 5727724
15.04, 5727724
15.05, 5727724
15.06, 5727724
15.07, 5727724
15.08, 5727724
15.09, 5727724
15.1, 5727724
15.11, 5727724
15.12, 5727724
15.13, 5727724
15.14, 5727724
15.15, 5727724
15.16, 5727724
15.17, 5727724
15.18, 5727724
15.19, 5727724
15.2, 5727724
15.21, 5727724
15.22, 5727724
15.23, 5727724
15.24, 5727724
15.25, 5727724
15.26, 5727724
15.27, 5727724
15.28, 5727724
15.29, 5727724
15.3, 5727724
15.31, 5727724
15.32, 5727724
15.33, 5727724
15.34, 5727724
15.35, 5727724
15.36, 5727724
15.37, 5727724
15.38, 5727724
15.39, 5727724
15.4, 5727724
15.41, 5727724
15.42, 5727724
15.43, 5727724
15.44, 5727724
15.45, 5727724
15.46, 5727724
15.47, 5727724
15.48, 5727724
15.49, 5727724
15.5, 5727724
15.51, 5727724
15.52, 5727724
15.53, 5727724
15.54, 5727724
15.55, 5727724
15.56, 5727724
15.57, 5727724
15.58, 5727724
15.59, 5727724
15.6, 5727724
15.61, 5727724
15.62, 5727724
15.63, 5727724
15.64, 5727724
15.65, 5727724
15.66, 5727724
15.67, 5727724
15.68, 5727724
15.69, 5727724
15.7, 5727724
15.71, 5727724
15.72, 5727724
15.73, 5727724
15.74, 5727724
15.75, 5727724
15.76, 5727724
15.77, 5727724
15.78, 5727724
15.79, 5727724
15.8, 5727724
15.81, 5727724
15.82, 5727724
15.83, 5727724
15.84, 5727724
15.85, 5727724
15.86, 5727724
15.87, 5727724
15.88, 5727724
15.89, 5727724
15.9, 5727724
15.91, 5727724
15.92, 5727724
15.93, 5727724
15.94, 5727724
15.95, 5727724
15.96, 5727724
15.97, 5727724
15.98, 5727724
15.99, 5714525
16.0, 5714525
16.01, 5714525
16.02, 5714525
16.03, 5714525
16.04, 5714525
16.05, 5714525
16.06, 5714525
16.07, 5714525
16.08, 5714525
16.09, 5714525
16.1, 5714525
16.11, 5714525
16.12, 5714525
16.13, 5714525
16.14, 5714525
16.15, 5714525
16.16, 5714525
16.17, 5714525
16.18, 5714525
16.19, 5714525
16.2, 5714525
16.21, 5714525
16.22, 5714525
16.23, 5714525
16.24, 5714525
16.25, 5714525
16.26, 5714525
16.27, 5714525
16.28, 5714525
16.29, 5714525
16.3, 5714525
16.31, 5714525
16.32, 5714525
16.33, 5714525
16.34, 5714525
16.35, 5714525
16.36, 5714525
16.37, 5714525
16.38, 5714525
16.39, 5714525
16.4, 5714525
16.41, 5714525
16.42, 5714525
16.43, 5714525
16.44, 5714525
16.45, 5714525
16.46, 5714525
16.47, 5714525
16.48, 5714525
16.49, 5714525
16.5, 5714525
16.51, 5714525
16.52, 5714525
16.53, 5714525
16.54, 5714525
16.55, 5714525
16.56, 5714525
16.57, 5714525
16.58, 5714525
16.59, 5714525
16.6, 5714525
16.61, 5714525
16.62, 5714525
16.63, 5714525
16.64, 5714525
16.65, 5714525
16.66, 5714525
16.67, 5714525
16.68, 5714525
16.69, 5714525
16.7, 5714525
16.71, 5714525
16.72, 5714525
16.73, 5714525
16.74, 5714525
16.75, 5714525
16.76, 5714525
16.77, 5714525
16.78, 5714525
16.79, 5714525
16.8, 5714525
16.81, 5714525
16.82, 5714525
16.83, 5714525
16.84, 5714525
16.85, 5714525
16.86, 5714525
16.87, 5714525
16.88, 5714525
16.89, 5714525
16.9, 5714525
16.91, 5714525
16.92, 5714525
16.93, 5714525
16.94, 5714525
16.95, 5714525
16.96, 5714525
16.97, 5714525
16.98, 5714525
16.99, 5714525
17.0, 5714525
17.01, 5714525
17.02, 5714525
17.03, 5714525
17.04, 5714525
17.05, 5714525
17.06, 5714525
17.07, 5714525
17.08, 5714525
17.09, 5714525
17.1, 5714525
17.11, 5714525
17.12, 5714525
17.13, 5714525
17.14, 5714525
17.15, 5714525
17.16, 5714525
17.17, 5714525
17.18, 5714525
17.19, 5714525
17.2, 5714525
17.21, 5714525
17.22, 5714525
17.23, 5714525
17.24, 5714525
17.25, 5714525
17.26, 5714525
17.27, 5714525
17.28, 5714525
17.29, 5714525
17.3, 5714525
17.31, 5714525
17.32, 5714525
17.33, 5714525
17.34, 5714525
17.35, 5714525
17.36, 5714525
17.37, 5714525
17.38, 5714525
17.39, 5714525
17.4, 5714525
17.41, 5714525
17.42, 5714525
17.43, 5714525
17.44, 5714525
17.45, 5714525
17.46, 5714525
17.47, 5714525
17.48, 5714525
17.49, 5714525
17.5, 5714525
17.51, 5714525
17.52, 5714525
17.53, 5714525
17.54, 5714525
17.55, 5714525
17.56, 5714525
17.57, 5714525
17.58, 5714525
17.59, 5714525
17.6, 5714525
17.61, 5714525
17.62, 5714525
17.63, 5714525
17.64, 5714525
17.65, 5714525
17.66, 5714525
17.67, 5714525
17.68, 5714525
17.69, 5714525
17.7, 5714525
17.71, 5714525
17.72, 5714525
17.73, 5714525
17.74, 5714525
17.75, 5714525
17.76, 5714525
17.77, 5714525
17.78, 5714525
17.79, 5714525
17.8, 5714525
17.81, 5714525
17.82, 5714525
17.83, 5714525
17.84, 5714525
17.85, 5714525
17.86, 5714525
17.87, 5714525
17.88, 5714525
17.89, 5714525
17.9, 5714525
17.91, 5714525
17.92, 5714525
17.93, 5714525
17.94, 5714525
17.95, 5714525
17.96, 5714525
17.97, 5714525
17.98, 5714525
17.99, 5714525
18.0, 5714525
18.01, 5714525
18.02, 5714525
18.03, 5714525
18.04, 5714525
18.05, 5714525
18.06, 5714525
18.07, 5714525
18.08, 5714525
18.09, 5714525
18.1, 5714525
18.11, 5714525
18.12, 5714525
18.13, 5714525
18.14, 5714525
18.15, 5714525
18.16, 5714525
18.17, 5714525
18.18, 5714525
18.19, 5714525
18.2, 5714525
18.21, 5714525
18.22, 5714525
18.23, 5714525
18.24, 5714525
18.25, 5714525
18.26, 5714525
18.27, 5714525
18.28, 5714525
18.29, 5714525
18.3, 5714525
18.31, 5714525
18.32, 5714525
18.33, 5714525
18.34, 5714525
18.35, 5714525
18.36, 5714525
18.37, 5714525
18.38, 5714525
18.39, 5714525
18.4, 5714525
18.41, 5714525
18.42, 5714525
18.43, 5714525
18.44, 5714525
18.45, 5714525
18.46, 5714525
18.47, 5714525
18.48, 5714525
18.49, 5714525
18.5, 5714525
18.51, 5714525
18.52, 5714525
18.53, 5714525
18.54, 5714525
18.55, 5714525
18.56, 5714525
18.57, 5714525
18.58, 5714525
18.59, 5714525
18.6, 5714525
18.61, 5714525
18.62, 5714525
18.63, 5714525
18.64, 5714525
18.65, 5714525
18.66, 5714525
18.67, 5714525
18.68, 5714525
18.69, 5714525
18.7, 5714525
18.71, 5714525
18.72, 5714525
18.73, 5714525
18.74, 5714525
18.75, 5714525
18.76, 5714525
18.77, 5714525
18.78, 5714525
18.79, 5714525
18.8, 5714525
18.81, 5714525
18.82, 5714525
18.83, 5714525
18.84, 5714525
18.85, 5714525
18.86, 5714525
18.87, 5714525
18.88, 5714525
18.89, 5714525
18.9, 5714525
18.91, 5714525
18.92, 5714525
18.93, 5714525
18.94, 5714525
18.95, 5714525
18.96, 5714525
18.97, 5714525
18.98, 5714525
18.99, 5714525
19.0, 5714525
19.01, 5714525
19.02, 5714525
19.03, 5714525
19.04, 5714525
19.05, 5714525
19.06, 5714525
19.07, 5714525
19.08, 5714525
19.09, 5714525
19.1, 5714525
19.11, 5714525
19.12, 5714525
19.13, 5714525
19.14, 5714525
19.15, 5714525
19.16, 5714525
19.17, 5714525
19.18, 5714525
19.19, 5714525
19.2, 5714525
19.21, 5714525
19.22, 5714525
19.23, 5714525
19.24, 5714525
19.25, 5714525
19.26, 5714525
19.27, 5714525
19.28, 5714525
19.29, 5714525
19.3, 5714525
19.31, 5714525
19.32, 5714525
19.33, 5714525
19.34, 5714525
19.35, 5714525
19.36, 5714525
19.37, 5714525
19.38, 5714525
19.39, 5714525
19.4, 5714525
19.41, 5714525
19.42, 5714525
19.43, 5714525
19.44, 5714525
19.45, 5714525
19.46, 5714525
19.47, 5714525
19.48, 5714525
19.49, 5714525
19.5, 5714525
19.51, 5714525
19.52, 5714525
19.53, 5714525
19.54, 5714525
19.55, 5714525
19.56, 5714525
19.57, 5714525
19.58, 5714525
19.59, 5714525
19.6, 5714525
19.61, 5714525
19.62, 5714525
19.63, 5714525
19.64, 5714525
19.65, 5714525
19.66, 5714525
19.67, 5714525
19.68, 5714525
19.69, 5714525
19.7, 5714525
19.71, 5714525
19.72, 5714525
19.73, 5714525
19.74, 5714525
19.75, 5714525
19.76, 5714525
19.77, 5714525
19.78, 5714525
19.79, 5714525
19.8, 5714525
19.81, 5714525
19.82, 5714525
19.83, 5714525
19.84, 5714525
19.85, 5714525
19.86, 5714525
19.87, 5714525
19.88, 5714525
19.89, 5714525
19.9, 5714525
19.91, 5714525
19.92, 5714525
19.93, 5714525
19.94, 5714525
19.95, 5714525
19.96, 5714525
19.97, 5714525
19.98, 5714525
19.99, 5714525
20.0, 5714525
20.01, 5714525
20.02, 5714525
20.03, 5714525
20.04, 5714525
20.05, 5714525
20.06, 5714525
20.07, 5714525
20.08, 5714525
20.09, 5714525
20.1, 5714525
20.11, 5714525
20.12, 5714525
20.13, 5714525
20.14, 5714525
20.15, 5714525
20.16, 5714525
20.17, 5714525
20.18, 5714525
20.19, 5714525
20.2, 5714525
20.21, 5714525
20.22, 5714525
20.23, 5714525
20.24, 5714525
20.25, 5714525
20.26, 5714525
20.27, 5714525
20.28, 5714525
20.29, 5714525
20.3, 5714525
20.31, 5714525
20.32, 5714525
20.33, 5714525
20.34, 5714525
20.35, 5714525
20.36, 5714525
20.37, 5714525
20.38, 5714525
20.39, 5714525
20.4, 5714525
20.41, 5714525
20.42, 5714525
20.43, 5714525
20.44, 5714525
20.45, 5714525
20.46, 5714525
20.47, 5714525
20.48, 5714525
20.49, 5714525
20.5, 5714525
20.51, 5714525
20.52, 5714525
20.53, 5714525
20.54, 5714525
20.55, 5714525
20.56, 5714525
20.57, 5714525
20.58, 5714525
20.59, 5714525
20.6, 5714525
20.61, 5714525
20.62, 5714525
20.63, 5714525
20.64, 5714525
20.65, 5714525
20.66, 5714525
20.67, 5714525
20.68, 5714525
20.69, 5714525
20.7, 5714525
20.71, 5714525
20.72, 5714525
20.73, 5714525
20.74, 5714525
20.75, 5714525
20.76, 5714525
20.77, 5714525
20.78, 5714525
20.79, 5714525
20.8, 5714525
20.81, 5714525
20.82, 5714525
20.83, 5714525
20.84, 5714525
20.85, 5714525
20.86, 5714525
20.87, 5714525
20.88, 5714525
20.89, 5714525
20.9, 5714525
20.91, 5714525
20.92, 5714525
20.93, 5714525
20.94, 5714525
20.95, 5714525
20.96, 5714525
20.97, 5714525
20.98, 5714525
20.99, 5714525
21.0, 5714525
21.01, 5714525
21.02, 5714525
21.03, 5714525
21.04, 5714525
21.05, 5714525
21.06, 5714525
21.07, 5714525
21.08, 5714525
21.09, 5714525
21.1, 5714525
21.11, 5714525
21.12, 5714525
21.13, 5714525
21.14, 5714525
21.15, 5714525
21.16, 5714525
21.17, 5714525
21.18, 5714525
21.19, 5714525
21.2, 5714525
21.21, 5714525
21.22, 5714525
21.23, 5714525
21.24, 5714525
21.25, 5714525
21.26, 5714525
21.27, 5714525
21.28, 5714525
21.29, 5714525
21.3, 5714525
21.31, 5714525
21.32, 5714525
21.33, 5714525
21.34, 5714525
21.35, 5714525
21.36, 5714525
21.37, 5714525
21.38, 5714525
21.39, 5714525
21.4, 5714525
21.41, 5714525
21.42, 5714525
21.43, 5714525
21.44, 5714525
21.45, 5714525
21.46, 5714525
21.47, 5714525
21.48, 5714525
21.49, 5714525
21.5, 5714525
21.51, 5714525
21.52, 5714525
21.53, 5714525
21.54, 5714525
21.55, 5714525
21.56, 5714525
21.57, 5714525
21.58, 5714525
21.59, 5714525
21.6, 5714525
21.61, 5714525
21.62, 5714525
21.63, 5714525
21.64, 5714525
21.65, 5714525
21.66, 5714525
21.67, 5714525
21.68, 5714525
21.69, 5714525
21.7, 5714525
21.71, 5714525
21.72, 5714525
21.73, 5714525
21.74, 5714525
21.75, 5714525
21.76, 5714525
21.77, 5714525
21.78, 5714525
21.79, 5714525
21.8, 5714525
21.81, 5714525
21.82, 5714525
21.83, 5714525
21.84, 5714525
21.85, 5714525
21.86, 5714525
21.87, 5714525
21.88, 5714525
21.89, 5714525
21.9, 5714525
21.91, 5714525
21.92, 5714525
21.93, 5714525
21.94, 5714525
21.95, 5714525
21.96, 5714525
21.97, 5714525
21.98, 5714525
21.99, 5714525
22.0, 5714525
22.01, 5714525
22.02, 5714525
22.03, 5714525
22.04, 5714525
22.05, 5714525
22.06, 5714525
22.07, 5714525
22.08, 5714525
22.09, 5714525
22.1, 5714525
22.11, 5714525
22.12, 5714525
22.13, 5714525
22.14, 5714525
22.15, 5714525
22.16, 5714525
22.17, 5714525
22.18, 5714525
22.21, 5714525
22.22, 5714525
22.23, 5714525
22.24, 5714525
22.25, 5714525
22.26, 5714525
22.27, 5714525
22.28, 5714525
22.29, 5714525
22.3, 5714525
22.31, 5714525
22.32, 5714525
22.33, 5714525
22.34, 5714525
22.35, 5714525
22.36, 5714525
22.37, 5714525
22.38, 5714525
22.39, 5714525
22.4, 5714525
22.41, 5714525
22.42, 5714525
22.43, 5714525
22.44, 5714525
22.45, 5714525
22.46, 5714525
22.47, 5714525
22.48, 5714525
22.49, 5714525
22.5, 5714525
22.51, 5714525
22.52, 5714525
22.53, 5714525
22.54, 5714525
22.55, 5714525
22.56, 5714525
22.57, 5714525
22.58, 5714525
22.59, 5714525
22.6, 5714525
22.61, 5714525
22.62, 5714525
22.63, 5714525
22.64, 5714525
22.65, 5714525
22.66, 5714525
22.67, 5714525
22.68, 5714525
22.69, 5714525
22.7, 5714525
22.71, 5714525
22.72, 5714525
22.73, 5714525
22.74, 5714525
22.75, 5714525
22.76, 5714525
22.77, 5714525
22.78, 5714525
22.79, 5714525
22.8, 5714525
22.81, 5714525
22.82, 5714525
22.83, 5714525
22.84, 5714525
22.85, 5714525
22.86, 5714525
22.87, 5714525
22.88, 5714525
22.89, 5714525
22.9, 5714525
22.91, 5714525
22.92, 5714525
22.93, 5714525
22.94, 5714525
22.95, 5714525
22.96, 5714525
22.97, 5714525
22.98, 5714525
22.99, 5714525
23.0, 5714525
23.01, 5714525
23.02, 5714525
23.03, 5714525
23.04, 5714525
23.05, 5714525
23.06, 5714525
23.07, 5714525
23.08, 5714525
23.09, 5714525
23.1, 5714525
23.11, 5714525
23.12, 5714525
23.13, 5714525
23.14, 5714525
23.15, 5714525
23.16, 5714525
23.17, 5714525
23.18, 5714525
23.19, 5714525
23.2, 5714525
23.21, 5714525
23.22, 5714525
23.23, 5714525
23.24, 5714525
23.25, 5714525
23.26, 5714525
23.27, 5714525
23.28, 5714525
23.29, 5714525
23.3, 5714525
23.31, 5714525
23.32, 5714525
23.33, 5714525
23.34, 5714525
23.35, 5714525
23.36, 5714525
23.37, 5714525
23.38, 5714525
23.39, 5714525
23.4, 5714525
23.41, 5714525
23.42, 5714525
23.43, 5714525
23.44, 5714525
23.45, 5714525
23.46, 5714525
23.47, 5714525
23.48, 5714525
23.49, 5714525
23.5, 5714525
23.51, 5714525
23.52, 5714525
23.53, 5714525
23.54, 5714525
23.55, 5714525
23.56, 5714525
23.57, 5714525
23.58, 5714525
23.59, 5714525
23.6, 5714525
23.61, 5714525
23.62, 5714525
23.63, 5714525
23.64, 5714525
23.65, 5714525
23.66, 5714525
23.67, 5714525
23.68, 5714525
23.69, 5714525
23.7, 5714525
23.71, 5714525
23.72, 5714525
23.73, 5714525
23.74, 5714525
23.75, 5714525
23.76, 5714525
23.77, 5714525
23.78, 5714525
23.79, 5714525
23.8, 5714525
23.81, 5714525
23.82, 5714525
23.83, 5714525
23.84, 5714525
23.85, 5714525
23.86, 5714525
23.87, 5714525
23.88, 5714525
23.89, 5714525
23.9, 5714525
23.91, 5714525
23.92, 5714525
23.93, 5714525
23.94, 5714525
23.95, 5714525
23.96, 5714525
23.97, 5714525
23.98, 5714525
23.99, 5714525
24.0, 5714525
24.01, 5714525
24.02, 5714525
24.03, 5714525
24.04, 5714525
24.05, 5714525
24.06, 5714525
24.07, 5714525
24.08, 5714525
24.09, 5714525
24.1, 5714525
24.11, 5714525
24.12, 5714525
24.13, 5714525
24.14, 5714525
24.15, 5714525
24.16, 5714525
24.17, 5714525
24.18, 5714525
24.19, 5714525
24.2, 5714525
24.21, 5714525
24.22, 5714525
24.23, 5714525
24.24, 5714525
24.25, 5714525
24.26, 5714525
24.27, 5714525
24.28, 5714525
24.29, 5714525
24.3, 5714525
24.31, 5714525
24.32, 5714525
24.33, 5714525
24.34, 5714525
24.35, 5714525
24.36, 5714525
24.37, 5714525
24.38, 5714525
24.39, 5714525
24.4, 5714525
24.41, 5714525
24.42, 5714525
24.43, 5714525
24.44, 5714525
24.45, 5714525
24.46, 5714525
24.47, 5714525
24.48, 5714525
24.49, 5714525
24.5, 5714525
24.51, 5714525
24.52, 5714525
24.53, 5714525
24.54, 5714525
24.55, 5714525
24.56, 5714525
24.57, 5714525
24.58, 5714525
24.59, 5714525
24.6, 5714525
24.61, 5714525
24.62, 5714525
24.63, 5714525
24.64, 5714525
24.65, 5714525
24.66, 5714525
24.67, 5714525
24.68, 5714525
24.69, 5714525
24.7, 5714525
24.71, 5714525
24.72, 5714525
24.73, 5714525
24.74, 5714525
24.75, 5714525
24.76, 5714525
24.77, 5714525
24.78, 5714525
24.79, 5714525
24.8, 5714525
24.81, 5714525
24.82, 5714525
24.83, 5714525
24.84, 5714525
24.85, 5714525
24.86, 5714525
24.87, 5714525
24.88, 5714525
24.89, 5714525
24.9, 5714525
24.91, 5714525
24.92, 5714525
24.93, 5714525
24.94, 5714525
24.95, 5714525
24.96, 5714525
24.97, 5714525
24.98, 5714525
24.99, 5714525
25.0, 5714525
25.01, 5714525
25.02, 5714525
25.03, 5714525
25.04, 5714525
25.05, 5714525
25.06, 5714525
25.07, 5714525
25.08, 5714525
25.09, 5714525
25.1, 5714525
25.11, 5714525
25.12, 5714525
25.13, 5714525
25.14, 5714525
25.15, 5714525
25.16, 5714525
25.17, 5714525
25.18, 5714525
25.19, 5714525
25.2, 5714525
25.21, 5714525
25.22, 5714525
25.23, 5714525
25.24, 5714525
25.25, 5714525
25.26, 5714525
25.27, 5714525
25.28, 5714525
25.29, 5714525
25.3, 5714525
25.31, 5714525
25.32, 5714525
25.33, 5714525
25.34, 5714525
25.35, 5714525
25.36, 5714525
25.37, 5714525
25.38, 5714525
25.39, 5714525
25.4, 5714525
25.41, 5714525
25.42, 5714525
25.43, 5714525
25.44, 5714525
25.45, 5714525
25.46, 5714525
25.47, 5714525
25.48, 5714525
25.49, 5714525
25.5, 5714525
25.51, 5714525
25.52, 5714525
25.53, 5714525
25.54, 5714525
25.55, 5714525
25.56, 5714525
25.57, 5714525
25.58, 5714525
25.59, 5714525
25.6, 5714525
25.61, 5714525
25.62, 5714525
25.63, 5714525
25.64, 5714525
25.65, 5714525
25.66, 5714525
25.67, 5714525
25.68, 5714525
25.69, 5714525
25.7, 5714525
25.71, 5714525
25.72, 5714525
25.73, 5714525
25.74, 5714525
25.75, 5714525
25.76, 5714525
25.77, 5714525
25.78, 5714525
25.79, 5714525
25.8, 5714525
25.81, 5714525
25.82, 5714525
25.83, 5714525
25.84, 5714525
25.85, 5714525
25.86, 5714525
25.87, 5714525
25.88, 5714525
25.89, 5714525
25.9, 5714525
25.91, 5714525
25.92, 5714525
25.93, 5714525
25.94, 5714525
25.95, 5714525
25.96, 5714525
25.97, 5714525
25.98, 5714525
25.99, 5714525
26.0, 5714525
26.01, 5714525
26.02, 5714525
26.03, 5714525
26.04, 5714525
26.05, 5714525
26.06, 5714525
26.07, 5714525
26.08, 5714525
26.09, 5714525
26.1, 5714525
26.11, 5714525
26.12, 5714525
26.13, 5714525
26.14, 5714525
26.15, 5714525
26.16, 5714525
26.17, 5714525
26.18, 5714525
26.19, 5714525
26.2, 5714525
26.21, 5714525
26.22, 5714525
26.23, 5714525
26.24, 5714525
26.25, 5714525
26.26, 5714525
26.27, 5714525
26.28, 5714525
26.29, 5714525
26.3, 5714525
26.31, 5714525
26.32, 5714525
26.33, 5714525
26.34, 5714525
26.35, 5714525
26.36, 5714525
26.37, 5714525
26.38, 5714525
26.39, 5714525
26.4, 5714525
26.41, 5714525
26.42, 5714525
26.43, 5714525
26.44, 5714525
26.45, 5714525
26.46, 5714525
26.47, 5714525
26.48, 5714525
26.49, 5714525
26.5, 5714525
26.51, 5714525
26.52, 5714525
26.53, 5714525
26.54, 5714525
26.55, 5714525
26.56, 5714525
26.57, 5714525
26.58, 5714525
26.59, 5714525
26.6, 5714525
26.61, 5714525
26.62, 5714525
26.63, 5714525
26.64, 5714525
26.65, 5714525
26.66, 5714525
26.67, 5714525
26.68, 5714525
26.69, 5714525
26.7, 5714525
26.71, 5714525
26.72, 5714525
26.73, 5714525
26.74, 5714525
26.75, 5714525
26.76, 5714525
26.77, 5714525
26.78, 5714525
26.79, 5714525
26.8, 5714525
26.81, 5714525
26.82, 5714525
26.83, 5714525
26.84, 5714525
26.85, 5714525
26.86, 5714525
26.87, 5714525
26.88, 5714525
26.89, 5714525
26.9, 5714525
26.91, 5714525
26.92, 5714525
26.93, 5714525
26.94, 5714525
26.95, 5714525
26.96, 5714525
26.97, 5714525
26.98, 5714525
26.99, 5714525
27.0, 5714525
27.01, 5714525
27.02, 5714525
27.03, 5714525
27.04, 5714525
27.05, 5714525
27.06, 5714525
27.07, 5714525
27.08, 5714525
27.09, 5714525
27.1, 5714525
27.11, 5714525
27.12, 5714525
27.13, 5714525
27.14, 5714525
27.15, 5714525
27.16, 5714525
27.17, 5714525
27.18, 5714525
27.19, 5714525
27.2, 5714525
27.21, 5714525
27.22, 5714525
27.23, 5714525
27.24, 5714525
27.25, 5714525
27.26, 5714525
27.27, 5714525
27.28, 5714525
27.29, 5714525
27.3, 5714525
27.31, 5714525
27.32, 5714525
27.33, 5714525
27.34, 5714525
27.35, 5714525
27.36, 5714525
27.37, 5714525
27.38, 5714525
27.39, 5714525
27.4, 5714525
27.41, 5714525
27.42, 5714525
27.43, 5714525
27.44, 5714525
27.45, 5714525
27.46, 5714525
27.47, 5714525
27.48, 5714525
27.49, 5714525
27.5, 5714525
27.51, 5714525
27.52, 5714525
27.53, 5714525
27.54, 5714525
27.55, 5714525
27.56, 5714525
27.57, 5714525
27.58, 5714525
27.59, 5714525
27.6, 5714525
27.61, 5714525
27.62, 5714525
27.63, 5714525
27.64, 5714525
27.65, 5714525
27.66, 5714525
27.67, 5714525
27.68, 5714525
27.69, 5714525
27.7, 5714525
27.71, 5714525
27.72, 5714525
27.73, 5714525
27.74, 5714525
27.75, 5714525
27.76, 5714525
27.77, 5714525
27.78, 5714525
27.79, 5714525
27.8, 5714525
27.81, 5714525
27.82, 5714525
27.83, 5714525
27.84, 5714525
27.85, 5714525
27.86, 5714525
27.87, 5714525
27.88, 5714525
27.89, 5714525
27.9, 5714525
27.91, 5714525
27.92, 5714525
27.93, 5714525
27.94, 5714525
27.95, 5714525
27.96, 5714525
27.97, 5714525
27.98, 5714525
27.99, 5714525
28.0, 5714525
28.01, 5714525
28.02, 5714525
28.03, 5714525
28.04, 5714525
28.05, 5714525
28.06, 5714525
28.07, 5714525
28.08, 5714525
28.09, 5714525
28.1, 5714525
28.11, 5714525
28.12, 5714525
28.13, 5714525
28.14, 5714525
28.15, 5714525
28.16, 5714525
28.17, 5714525
28.18, 5714525
28.19, 5714525
28.2, 5714525
28.21, 5714525
28.22, 5714525
28.23, 5714525
28.24, 5714525
28.25, 5714525
28.26, 5714525
28.27, 5714525
28.28, 5714525
28.29, 5714525
28.3, 5714525
28.31, 5714525
28.32, 5714525
28.33, 5714525
28.34, 5714525
28.35, 5714525
28.36, 5714525
28.37, 5714525
28.38, 5714525
28.39, 5714525
28.4, 5714525
28.41, 5714525
28.42, 5714525
28.43, 5714525
28.44, 5714525
28.45, 5714525
28.46, 5714525
28.47, 5714525
28.48, 5714525
28.49, 5714525
28.5, 5714525
28.51, 5714525
28.52, 5714525
28.53, 5714525
28.54, 5714525
28.55, 5714525
28.56, 5714525
28.57, 5714525
28.58, 5714525
28.59, 5714525
28.6, 5714525
28.61, 5714525
28.62, 5714525
28.63, 5714525
28.64, 5714525
28.65, 5714525
28.66, 5714525
28.67, 5714525
28.68, 5714525
28.69, 5714525
28.7, 5714525
28.71, 5714525
28.72, 5714525
28.73, 5714525
28.74, 5714525
28.75, 5714525
28.76, 5714525
28.77, 5714525
28.78, 5714525
28.79, 5714525
28.8, 5714525
28.81, 5714525
28.82, 5714525
28.83, 5714525
28.84, 5714525
28.85, 5714525
28.88, 5714525
28.89, 5714525
28.9, 5714525
28.91, 5714525
28.92, 5714525
28.93, 5714525
28.94, 5714525
28.95, 5714525
28.96, 5714525
28.97, 5714525
28.98, 5714525
28.99, 5714525
29.0, 5714525
29.01, 5714525
29.02, 5714525
29.03, 5714525
29.04, 5714525
29.05, 5714525
29.06, 5714525
29.07, 5714525
29.08, 5714525
29.09, 5714525
29.1, 5714525
29.11, 5714525
29.12, 5714525
29.13, 5714525
29.14, 5714525
29.15, 5714525
29.16, 5714525
29.17, 5714525
29.18, 5714525
29.19, 5714525
29.2, 5714525
29.21, 5714525
29.22, 5714525
29.23, 5714525
29.24, 5714525
29.25, 5714525
29.26, 5714525
29.27, 5714525
29.28, 5714525
29.29, 5714525
29.3, 5714525
29.31, 5714525
29.32, 5714525
29.33, 5714525
29.34, 5714525
29.35, 5714525
29.36, 5714525
29.37, 5714525
29.38, 5714525
29.39, 5714525
29.4, 5714525
29.41, 5714525
29.42, 5714525
29.43, 5714525
29.44, 5714525
29.45, 5714525
29.46, 5714525
29.47, 5714525
29.48, 5714525
29.49, 5714525
29.5, 5714525
29.51, 5714525
29.52, 5714525
29.53, 5714525
29.54, 5714525
29.55, 5714525
29.56, 5714525
29.57, 5714525
29.58, 5714525
29.59, 5714525
29.6, 5714525
29.61, 5714525
29.62, 5714525
29.63, 5714525
29.64, 5714525
29.65, 5714525
29.66, 5714525
29.67, 5714525
29.68, 5714525
29.69, 5714525
29.7, 5714525
29.71, 5714525
29.72, 5714525
29.73, 5714525
29.74, 5714525
29.75, 5714525
29.76, 5714525
29.77, 5714525
29.78, 5714525
29.79, 5714525
29.8, 5714525
29.81, 5714525
29.82, 5714525
29.83, 5714525
29.84, 5714525
29.85, 5714525
29.86, 5714525
29.87, 5714525
29.88, 5714525
29.89, 5714525
29.9, 5714525
29.91, 5714525
29.92, 5714525
29.93, 5714525
29.94, 5714525
29.95, 5714525
29.96, 5714525
29.97, 5714525
29.98, 5714525
29.99, 5714525
30.0, 5714525
30.01, 5714525
30.02, 5714525
30.03, 5714525
30.04, 5714525
30.05, 5714525
30.06, 5714525
30.07, 5714525
30.08, 5714525
30.09, 5714525
30.1, 5714525
30.11, 5714525
30.12, 5714525
30.13, 5714525
30.14, 5714525
30.15, 5714525
30.16, 5714525
30.17, 5714525
30.18, 5714525
30.19, 5714525
30.2, 5714525
30.21, 5714525
30.22, 5714525
30.23, 5714525
30.24, 5714525
30.25, 5714525
30.26, 5714525
30.27, 5714525
30.28, 5714525
30.29, 5714525
30.3, 5714525
30.31, 5714525
30.32, 5714525
30.33, 5714525
30.34, 5714525
30.35, 5714525
30.36, 5714525
30.37, 5714525
30.38, 5714525
30.39, 5714525
30.4, 5714525
30.41, 5714525
30.42, 5714525
30.43, 5714525
30.44, 5714525
30.45, 5714525
30.46, 5714525
30.47, 5714525
30.48, 5714525
30.49, 5714525
30.5, 5714525
30.51, 5714525
30.52, 5714525
30.53, 5714525
30.54, 5714525
30.55, 5714525
30.56, 5714525
30.57, 5714525
30.58, 5714525
30.59, 5714525
30.6, 5714525
30.61, 5714525
30.62, 5714525
30.63, 5714525
30.64, 5714525
30.65, 5714525
30.66, 5714525
30.67, 5714525
30.68, 5714525
30.69, 5714525
30.7, 5714525
30.71, 5714525
30.72, 5714525
30.73, 5714525
30.74, 5714525
30.75, 5714525
30.76, 5714525
30.77, 5714525
30.78, 5714525
30.79, 5714525
30.8, 5714525
30.81, 5714525
30.82, 5714525
30.83, 5714525
30.84, 5714525
30.85, 5714525
30.86, 5714525
30.87, 5714525
30.88, 5714525
30.89, 5714525
30.9, 5714525
30.91, 5714525
30.92, 5714525
30.93, 5714525
30.94, 5714525
30.95, 5714525
30.96, 5714525
30.97, 5714525
30.98, 5714525
30.99, 5714525
31.0, 5714525
31.01, 5714525
31.02, 5714525
31.03, 5714525
31.04, 5714525
31.05, 5714525
31.06, 5714525
31.07, 5714525
31.08, 5714525
31.09, 5714525
31.1, 5714525
31.11, 5714525
31.12, 5714525
31.13, 5714525
31.14, 5714525
31.15, 5714525
31.16, 5714525
31.17, 5714525
31.18, 5714525
31.19, 5714525
31.2, 5714525
31.21, 5714525
31.22, 5714525
31.23, 5714525
31.24, 5714525
31.25, 5714525
31.26, 5714525
31.27, 5714525
31.28, 5714525
31.29, 5714525
31.3, 5714525
31.31, 5714525
31.32, 5714525
31.33, 5714525
31.34, 5714525
31.35, 5714525
31.36, 5714525
31.37, 5714525
31.38, 5714525
31.39, 5714525
31.4, 5714525
31.41, 5714525
31.42, 5714525
31.43, 5714525
31.44, 5714525
31.45, 5714525
31.46, 5714525
31.47, 5714525
31.48, 5714525
31.49, 5714525
31.5, 5714525
31.51, 5714525
31.52, 5714525
31.53, 5714525
31.54, 5714525
31.55, 5714525
31.56, 5714525
31.57, 5714525
31.58, 5714525
31.59, 5714525
31.6, 5714525
31.61, 5714525
31.62, 5714525
31.63, 5714525
31.64, 5714525
31.65, 5714525
31.66, 5714525
31.67, 5714525
31.68, 5714525
31.69, 5714525
31.7, 5714525
31.71, 5714525
31.72, 5714525
31.73, 5714525
31.74, 5714525
31.75, 5714525
31.76, 5714525
31.77, 5714525
31.78, 5714525
31.79, 5714525
31.8, 5714525
31.81, 5714525
31.82, 5714525
31.83, 5714525
31.84, 5714525
31.85, 5714525
31.86, 5714525
31.87, 5714525
31.88, 5714525
31.89, 5714525
31.9, 5714525
31.91, 5714525
31.92, 5714525
31.93, 5714525
31.94, 5714525
31.95, 5714525
31.96, 5714525
31.97, 5714525
31.98, 5714525
31.99, 5714525
32.0, 5714525
32.01, 5714525
32.02, 5714525
32.03, 5714525
32.04, 5714525
32.05, 5714525
32.06, 5714525
32.07, 5714525
32.08, 5714525
32.09, 5714525
32.1, 5714525
32.11, 5714525
32.12, 5714525
32.13, 5714525
32.14, 5714525
32.15, 5714525
32.16, 5714525
32.17, 5714525
32.18, 5714525
32.19, 5714525
32.2, 5714525
32.21, 5714525
32.22, 5714525
32.23, 5714525
32.24, 5714525
32.25, 5714525
32.26, 5714525
32.27, 5714525
32.28, 5714525
32.29, 5714525
32.3, 5714525
32.31, 5714525
32.32, 5714525
32.33, 5714525
32.34, 5714525
32.35, 5714525
32.36, 5714525
32.37, 5714525
32.38, 5714525
32.39, 5714525
32.4, 5714525
32.41, 5714525
32.42, 5714525
32.43, 5714525
32.44, 5714525
32.45, 5714525
32.46, 5714525
32.47, 5714525
32.48, 5714525
32.49, 5714525
32.5, 5714525
32.51, 5714525
32.52, 5714525
32.53, 5714525
32.54, 5714525
32.55, 5714525
32.56, 5714525
32.57, 5714525
32.58, 5714525
32.59, 5714525
32.6, 5714525
32.61, 5714525
32.62, 5714525
32.63, 5714525
32.64, 5714525
32.65, 5714525
32.66, 5714525
32.67, 5714525
32.68, 5714525
32.69, 5714525
32.7, 5714525
32.71, 5714525
32.72, 5714525
32.73, 5714525
32.74, 5714525
32.75, 5714525
32.76, 5714525
32.77, 5714525
32.78, 5714525
32.79, 5714525
32.8, 5714525
32.81, 5714525
32.82, 5714525
32.83, 5714525
32.84, 5714525
32.85, 5714525
32.86, 5714525
32.87, 5714525
32.88, 5714525
32.89, 5714525
32.9, 5714525
32.91, 5714525
32.92, 5714525
32.93, 5714525
32.94, 5714525
32.95, 5714525
32.96, 5714525
32.97, 5714525
32.98, 5714525
32.99, 5714525
33.0, 5714525
33.01, 5714525
33.02, 5714525
33.03, 5714525
33.04, 5714525
33.05, 5714525
33.06, 5714525
33.07, 5714525
33.08, 5714525
33.09, 5714525
33.1, 5714525
33.11, 5714525
33.12, 5714525
33.13, 5714525
33.14, 5714525
33.15, 5714525
33.16, 5714525
33.17, 5714525
33.18, 5714525
33.19, 5714525
33.2, 5714525
33.21, 5714525
33.22, 5714525
33.23, 5714525
33.24, 5714525
33.25, 5714525
33.26, 5714525
33.27, 5714525
33.28, 5714525
33.29, 5714525
33.3, 5714525
33.31, 5714525
33.32, 5714525
33.33, 5714525
33.34, 5714525
33.35, 5714525
33.36, 5714525
33.37, 5714525
33.38, 5714525
33.39, 5714525
33.4, 5714525
33.41, 5714525
33.42, 5714525
33.43, 5714525
33.44, 5714525
33.45, 5714525
33.46, 5714525
33.47, 5714525
33.48, 5714525
33.49, 5714525
33.5, 5714525
33.51, 5714525
33.52, 5714525
33.53, 5714525
33.54, 5714525
33.55, 5714525
33.56, 5714525
33.57, 5714525
33.58, 5714525
33.59, 5714525
33.6, 5714525
33.61, 5714525
33.62, 5714525
33.63, 5714525
33.64, 5714525
33.65, 5714525
33.66, 5714525
33.67, 5714525
33.68, 5714525
33.69, 5714525
33.7, 5714525
33.71, 5714525
33.72, 5714525
33.73, 5714525
33.74, 5714525
33.75, 5714525
33.76, 5714525
33.77, 5714525
33.78, 5714525
33.79, 5714525
33.8, 5714525
33.81, 5714525
33.82, 5714525
33.83, 5714525
33.84, 5714525
33.85, 5714525
33.86, 5714525
33.87, 5714525
33.88, 5714525
33.89, 5714525
33.9, 5714525
33.91, 5714525
33.92, 5714525
33.93, 5714525
33.94, 5714525
33.95, 5714525
33.96, 5714525
33.97, 5714525
33.98, 5714525
33.99, 5714525
34.0, 5714525
34.01, 5714525
34.02, 5714525
34.03, 5714525
34.04, 5714525
34.05, 5714525
34.06, 5714525
34.07, 5714525
34.08, 5714525
34.09, 5714525
34.1, 5714525
34.11, 5714525
34.12, 5714525
34.13, 5714525
34.14, 5714525
34.15, 5714525
34.16, 5714525
34.17, 5714525
34.18, 5714525
34.19, 5714525
34.2, 5714525
34.21, 5714525
34.22, 5714525
34.23, 5714525
34.24, 5714525
34.25, 5714525
34.26, 5714525
34.27, 5714525
34.28, 5714525
34.29, 5714525
34.3, 5714525
34.31, 5714525
34.32, 5714525
34.33, 5714525
34.34, 5714525
34.35, 5714525
34.36, 5714525
34.37, 5714525
34.38, 5714525
34.39, 5714525
34.4, 5714525
34.41, 5714525
34.42, 5714525
34.43, 5714525
34.44, 5714525
34.45, 5714525
34.46, 5714525
34.47, 5714525
34.48, 5714525
34.49, 5714525
34.5, 5714525
34.51, 5714525
34.52, 5714525
34.53, 5714525
34.54, 5714525
34.55, 5714525
34.56, 5714525
34.57, 5714525
34.58, 5714525
34.59, 5714525
34.6, 5714525
34.61, 5714525
34.62, 5714525
34.63, 5714525
34.64, 5714525
34.65, 5714525
34.66, 5714525
34.67, 5714525
34.68, 5714525
34.69, 5714525
34.7, 5714525
34.71, 5714525
34.72, 5714525
34.73, 5714525
34.74, 5714525
34.75, 5714525
34.76, 5714525
34.77, 5714525
34.78, 5714525
34.79, 5714525
34.8, 5714525
34.81, 5714525
34.82, 5714525
34.83, 5714525
34.84, 5714525
34.85, 5714525
34.86, 5714525
34.87, 5714525
34.88, 5714525
34.89, 5714525
34.9, 5714525
34.91, 5714525
34.92, 5714525
34.93, 5714525
34.94, 5714525
34.95, 5714525
34.96, 5714525
34.97, 5714525
34.98, 5714525
34.99, 5714525
35.0, 5714525
35.01, 5714525
35.02, 5714525
35.03, 5714525
35.04, 5714525
35.05, 5714525
35.06, 5714525
35.07, 5714525
35.08, 5714525
35.09, 5714525
35.1, 5714525
35.11, 5714525
35.12, 5714525
35.13, 5714525
35.14, 5714525
35.15, 5714525
35.16, 5714525
35.17, 5714525
35.18, 5714525
35.19, 5714525
35.2, 5714525
35.21, 5714525
35.22, 5714525
35.23, 5714525
35.24, 5714525
35.25, 5714525
35.26, 5714525
35.27, 5714525
35.28, 5714525
35.29, 5714525
35.3, 5714525
35.31, 5714525
35.32, 5714525
35.33, 5714525
35.34, 5714525
35.35, 5714525
35.36, 5714525
35.37, 5714525
35.38, 5714525
35.39, 5714525
35.4, 5714525
35.41, 5714525
35.42, 5714525
35.43, 5714525
35.44, 5714525
35.45, 5714525
35.46, 5714525
35.47, 5714525
35.48, 5714525
35.49, 5714525
35.5, 5714525
35.51, 5714525
35.52, 5714525
35.53, 5714525
35.54, 5714525
35.55, 5714525
35.56, 5714525
35.57, 5714525
35.58, 5714525
35.59, 5714525
35.6, 5714525
35.61, 5714525
35.62, 5714525
35.63, 5714525
35.64, 5714525
35.65, 5714525
35.66, 5714525
35.67, 5714525
35.68, 5714525
35.69, 5714525
35.7, 5714525
35.71, 5714525
35.72, 5714525
35.73, 5714525
35.74, 5714525
35.75, 5714525
35.76, 5714525
35.77, 5714525
35.78, 5714525
35.79, 5714525
35.8, 5714525
35.81, 5714525
35.82, 5714525
35.83, 5714525
35.84, 5714525
35.85, 5714525
35.86, 5714525
35.87, 5714525
35.88, 5714525
35.89, 5714525
35.9, 5714525
35.91, 5714525
35.92, 5714525
35.93, 5714525
35.94, 5714525
35.95, 5714525
35.96, 5714525
35.97, 5714525
35.98, 5714525
35.99, 5714525
36.0, 5714525
36.01, 5714525
36.02, 5714525
36.03, 5714525
36.04, 5714525
36.05, 5714525
36.06, 5714525
36.07, 5714525
36.08, 5714525
36.09, 5714525
36.1, 5714525
36.11, 5714525
36.12, 5714525
36.13, 5714525
36.14, 5714525
36.15, 5714525
36.16, 5714525
36.17, 5714525
36.18, 5714525
36.19, 5714525
36.2, 5714525
36.21, 5714525
36.22, 5714525
36.23, 5714525
36.24, 5714525
36.25, 5714525
36.26, 5714525
36.27, 5714525
36.28, 5714525
36.29, 5714525
36.3, 5714525
36.31, 5714525
36.32, 5714525
36.33, 5714525
36.34, 5714525
36.35, 5714525
36.36, 5714525
36.37, 5714525
36.38, 5714525
36.39, 5714525
36.4, 5714525
36.41, 5714525
36.42, 5714525
36.43, 5714525
36.44, 5714525
36.45, 5714525
36.46, 5714525
36.47, 5714525
36.48, 5714525
36.49, 5714525
36.5, 5714525
36.51, 5714525
36.52, 5714525
36.53, 5714525
36.54, 5714525
36.55, 5714525
36.56, 5714525
36.57, 5714525
36.58, 5714525
36.59, 5714525
36.6, 5714525
36.61, 5714525
36.62, 5714525
36.63, 5714525
36.64, 5714525
36.65, 5714525
36.66, 5714525
36.67, 5714525
36.68, 5714525
36.69, 5714525
36.7, 5714525
36.71, 5714525
36.72, 5714525
36.73, 5714525
36.74, 5714525
36.75, 5714525
36.76, 5714525
36.77, 5714525
36.78, 5714525
36.79, 5714525
36.8, 5714525
36.81, 5714525
36.82, 5714525
36.83, 5714525
36.84, 5714525
36.85, 5714525
36.86, 5714525
36.87, 5714525
36.88, 5714525
36.89, 5714525
36.9, 5714525
36.91, 5714525
36.92, 5714525
36.93, 5714525
36.94, 5714525
36.95, 5714525
36.96, 5714525
36.97, 5714525
36.98, 5714525
36.99, 5714525
37.0, 5714525
37.01, 5714525
37.02, 5714525
37.03, 5714525
37.04, 5714525
37.05, 5714525
37.06, 5714525
37.07, 5714525
37.08, 5714525
37.09, 5714525
37.1, 5714525
37.11, 5714525
37.12, 5714525
37.13, 5714525
37.14, 5714525
37.15, 5714525
37.16, 5714525
37.17, 5714525
37.18, 5714525
37.19, 5714525
37.2, 5714525
37.21, 5714525
37.22, 5714525
37.23, 5714525
37.24, 5714525
37.25, 5714525
37.26, 5714525
37.27, 5714525
37.28, 5714525
37.29, 5714525
37.3, 5714525
37.31, 5714525
37.32, 5714525
37.33, 5714525
37.34, 5714525
37.35, 5714525
37.36, 5714525
37.37, 5714525
37.38, 5714525
37.39, 5714525
37.4, 5714525
37.41, 5714525
37.42, 5714525
37.43, 5714525
37.44, 5714525
37.45, 5714525
37.46, 5714525
37.47, 5714525
37.48, 5714525
37.49, 5714525
37.5, 5714525
37.51, 5714525
37.52, 5714525
37.53, 5714525
37.54, 5714525
37.55, 5714525
37.56, 5714525
37.57, 5714525
37.58, 5714525
37.59, 5714525
37.6, 5714525
37.61, 5714525
37.62, 5714525
37.63, 5714525
37.64, 5714525
37.65, 5714525
37.66, 5714525
37.67, 5714525
37.68, 5714525
37.69, 5714525
37.7, 5714525
37.71, 5714525
37.72, 5714525
37.73, 5714525
37.74, 5714525
37.75, 5714525
37.76, 5714525
37.77, 5714525
37.78, 5714525
37.79, 5714525
37.8, 5714525
37.81, 5714525
37.82, 5714525
37.83, 5714525
37.84, 5714525
37.85, 5714525
37.86, 5714525
37.87, 5714525
37.88, 5714525
37.89, 5714525
37.9, 5714525
37.91, 5714525
37.92, 5714525
37.93, 5714525
37.94, 5714525
37.95, 5714525
37.96, 5714525
37.97, 5714525
37.98, 5714525
37.99, 5714525
38.0, 5714525
38.01, 5714525
38.02, 5714525
38.03, 5714525
38.04, 5714525
38.05, 5714525
38.06, 5714525
38.07, 5714525
38.08, 5714525
38.09, 5714525
38.1, 5714525
38.11, 5714525
38.12, 5714525
38.13, 5714525
38.14, 5714525
38.15, 5714525
38.16, 5714525
38.17, 5714525
38.18, 5714525
38.19, 5714525
38.2, 5714525
38.21, 5714525
38.22, 5714525
38.23, 5714525
38.24, 5714525
38.25, 5714525
38.26, 5714525
38.27, 5714525
38.28, 5714525
38.29, 5714525
38.3, 5714525
38.31, 5714525
38.32, 5714525
38.33, 5714525
38.34, 5714525
38.35, 5714525
38.36, 5714525
38.37, 5714525
38.38, 5714525
38.39, 5714525
38.4, 5714525
38.41, 5714525
38.42, 5714525
38.43, 5714525
38.44, 5714525
38.45, 5714525
38.46, 5714525
38.47, 5714525
38.48, 5714525
38.49, 5714525
38.5, 5714525
38.51, 5714525
38.52, 5714525
38.53, 5714525
38.54, 5714525
38.55, 5714525
38.56, 5714525
38.57, 5714525
38.58, 5714525
38.59, 5714525
38.6, 5714525
38.61, 5714525
38.62, 5714525
38.63, 5714525
38.64, 5714525
38.65, 5714525
38.66, 5714525
38.67, 5714525
38.68, 5714525
38.69, 5714525
38.7, 5714525
38.71, 5714525
38.72, 5714525
38.73, 5714525
38.74, 5714525
38.75, 5714525
38.76, 5714525
38.77, 5714525
38.78, 5714525
38.79, 5714525
38.8, 5714525
38.81, 5714525
38.82, 5714525
38.83, 5714525
38.84, 5714525
38.85, 5714525
38.86, 5714525
38.87, 5714525
38.88, 5714525
38.89, 5714525
38.9, 5714525
38.91, 5714525
38.92, 5714525
38.93, 5714525
38.94, 5714525
38.95, 5714525
38.96, 5714525
38.97, 5714525
38.98, 5714525
38.99, 5714525
39.0, 5714525
39.01, 5714525
39.02, 5714525
39.03, 5714525
39.04, 5714525
39.05, 5714525
39.06, 5714525
39.07, 5714525
39.08, 5714525
39.09, 5714525
39.1, 5714525
39.11, 5714525
39.12, 5714525
39.13, 5714525
39.14, 5714525
39.15, 5714525
39.16, 5714525
39.17, 5714525
39.18, 5714525
39.19, 5714525
39.2, 5714525
39.21, 5714525
39.22, 5714525
39.23, 5714525
39.24, 5714525
39.25, 5714525
39.26, 5714525
39.27, 5714525
39.28, 5714525
39.29, 5714525
39.3, 5714525
39.31, 5714525
39.32, 5714525
39.33, 5714525
39.34, 5714525
39.35, 5714525
39.36, 5714525
39.37, 5714525
39.38, 5714525
39.39, 5714525
39.4, 5714525
39.41, 5714525
39.42, 5714525
39.43, 5714525
39.44, 5714525
39.45, 5714525
39.46, 5714525
39.47, 5714525
39.48, 5714525
39.49, 5714525
39.5, 5714525
39.51, 5714525
39.52, 5714525
39.53, 5714525
39.54, 5714525
39.55, 5714525
39.56, 5714525
39.57, 5714525
39.58, 5714525
39.59, 5714525
39.6, 5714525
39.61, 5714525
39.62, 5714525
39.63, 5714525
39.64, 5714525
39.65, 5714525
39.66, 5714525
39.67, 5714525
39.68, 5714525
39.69, 5714525
39.7, 5714525
39.71, 5714525
39.72, 5714525
39.73, 5714525
39.74, 5714525
39.75, 5714525
39.76, 5714525
39.77, 5714525
39.78, 5714525
39.79, 5714525
39.8, 5714525
39.81, 5714525
39.82, 5714525
39.83, 5714525
39.84, 5714525
39.85, 5714525
39.86, 5714525
39.87, 5714525
39.88, 5714525
39.89, 5714525
39.9, 5714525
39.91, 5714525
39.92, 5714525
39.93, 5714525
39.94, 5714525
39.95, 5714525
39.96, 5714525
39.97, 5714525
39.98, 5714525
39.99, 5714525
40.0, 5714525
40.01, 5714525
40.02, 5714525
40.03, 5714525
40.04, 5714525
40.05, 5714525
40.06, 5714525
40.07, 5714525
40.08, 5714525
40.09, 5714525
40.1, 5714525
40.11, 5714525
40.12, 5714525
40.13, 5714525
40.14, 5714525
40.15, 5714525
40.16, 5714525
40.17, 5714525
40.18, 5714525
40.19, 5714525
40.2, 5714525
40.21, 5714525
40.22, 5714525
40.23, 5714525
40.24, 5714525
40.25, 5714525
40.26, 5714525
40.27, 5714525
40.28, 5714525
40.29, 5714525
40.3, 5714525
40.31, 5714525
40.32, 5714525
40.33, 5714525
40.34, 5714525
40.35, 5714525
40.36, 5714525
40.37, 5714525
40.38, 5714525
40.39, 5714525
40.4, 5714525
40.41, 5714525
40.42, 5714525
40.43, 5714525
40.44, 5714525
40.45, 5714525
40.46, 5714525
40.47, 5714525
40.48, 5714525
40.49, 5714525
40.5, 5714525
40.51, 5714525
40.52, 5714525
40.53, 5714525
40.54, 5714525
40.55, 5714525
40.56, 5714525
40.57, 5714525
40.58, 5714525
40.59, 5714525
40.6, 5714525
40.61, 5714525
40.62, 5714525
40.63, 5714525
40.64, 5714525
40.65, 5714525
40.66, 5714525
40.67, 5714525
40.68, 5714525
40.69, 5714525
40.7, 5714525
40.71, 5714525
40.72, 5714525
40.73, 5714525
40.74, 5714525
40.75, 5714525
40.76, 5714525
40.77, 5714525
40.78, 5714525
40.79, 5714525
40.8, 5714525
40.81, 5714525
40.82, 5714525
40.83, 5714525
40.84, 5714525
40.85, 5714525
40.86, 5714525
40.87, 5714525
40.88, 5714525
40.89, 5714525
40.9, 5714525
40.91, 5714525
40.92, 5714525
40.93, 5714525
40.94, 5714525
40.95, 5714525
40.96, 5714525
40.97, 5714525
40.98, 5714525
40.99, 5714525
41.0, 5714525
41.01, 5714525
41.02, 5714525
41.03, 5714525
41.04, 5714525
41.05, 5714525
41.06, 5714525
41.07, 5714525
41.08, 5714525
41.09, 5714525
41.1, 5714525
41.11, 5714525
41.12, 5714525
41.13, 5714525
41.14, 5714525
41.15, 5714525
41.16, 5714525
41.17, 5714525
41.18, 5714525
41.19, 5714525
41.2, 5714525
41.21, 5714525
41.22, 5714525
41.23, 5714525
41.24, 5714525
41.25, 5714525
41.26, 5714525
41.27, 5714525
41.28, 5714525
41.29, 5714525
41.3, 5714525
41.31, 5714525
41.32, 5714525
41.33, 5714525
41.34, 5714525
41.35, 5714525
41.36, 5714525
41.37, 5714525
41.38, 5714525
41.39, 5714525
41.4, 5714525
41.41, 5714525
41.42, 5714525
41.43, 5714525
41.44, 5714525
41.45, 5714525
41.46, 5714525
41.47, 5714525
41.48, 5714525
41.49, 5714525
41.5, 5714525
41.51, 5714525
41.52, 5714525
41.53, 5714525
41.54, 5714525
41.55, 5714525
41.56, 5714525
41.57, 5714525
41.58, 5714525
41.59, 5714525
41.6, 5714525
41.61, 5714525
41.62, 5714525
41.63, 5714525
41.64, 5714525
41.65, 5714525
41.66, 5714525
41.67, 5714525
41.68, 5714525
41.69, 5714525
41.7, 5714525
41.71, 5714525
41.72, 5714525
41.73, 5714525
41.74, 5714525
41.75, 5714525
41.76, 5714525
41.77, 5714525
41.78, 5714525
41.79, 5714525
41.8, 5714525
41.81, 5714525
41.82, 5714525
41.83, 5714525
41.84, 5714525
41.85, 5714525
41.86, 5714525
41.87, 5714525
41.88, 5714525
41.89, 5714525
41.9, 5714525
41.91, 5714525
41.92, 5714525
41.93, 5714525
41.94, 5714525
41.95, 5714525
41.96, 5714525
41.97, 5714525
41.98, 5714525
41.99, 5714525
42.0, 5714525
42.01, 5714525
42.02, 5714525
42.03, 5714525
42.04, 5714525
42.05, 5714525
42.06, 5714525
42.07, 5714525
42.08, 5714525
42.09, 5714525
42.1, 5714525
42.11, 5714525
42.12, 5714525
42.13, 5714525
42.14, 5714525
42.15, 5714525
42.16, 5714525
42.17, 5714525
42.18, 5714525
42.19, 5714525
42.2, 5714525
42.21, 5714525
42.22, 5714525
42.23, 5714525
42.24, 5714525
42.25, 5714525
42.26, 5714525
42.27, 5714525
42.28, 5714525
42.29, 5714525
42.3, 5714525
42.31, 5714525
42.32, 5714525
42.33, 5714525
42.34, 5714525
42.35, 5714525
42.36, 5714525
42.37, 5714525
42.38, 5714525
42.39, 5714525
42.4, 5714525
42.41, 5714525
42.42, 5714525
42.43, 5714525
42.44, 5714525
42.45, 5714525
42.46, 5714525
42.47, 5714525
42.48, 5714525
42.49, 5714525
42.5, 5714525
42.51, 5714525
42.52, 5714525
42.53, 5714525
42.54, 5714525
42.55, 5714525
42.56, 5714525
42.57, 5714525
42.58, 5714525
42.59, 5714525
42.6, 5714525
42.61, 5714525
42.62, 5714525
42.63, 5714525
42.64, 5714525
42.65, 5714525
42.66, 5714525
42.67, 5714525
42.68, 5714525
42.69, 5714525
42.7, 5714525
42.71, 5714525
42.72, 5714525
42.73, 5714525
42.74, 5714525
42.75, 5714525
42.76, 5714525
42.77, 5714525
42.78, 5714525
42.79, 5714525
42.8, 5714525
42.81, 5714525
42.82, 5714525
42.83, 5714525
42.84, 5714525
42.85, 5714525
42.86, 5714525
42.87, 5714525
42.88, 5714525
42.89, 5714525
42.9, 5714525
42.91, 5714525
42.92, 5714525
42.93, 5714525
42.94, 5714525
42.95, 5714525
42.96, 5714525
42.97, 5714525
42.98, 5714525
42.99, 5714525
43.0, 5714525
43.01, 5714525
43.02, 5714525
43.03, 5714525
43.04, 5714525
43.05, 5714525
43.06, 5714525
43.07, 5714525
43.08, 5714525
43.09, 5714525
43.1, 5714525
43.11, 5714525
43.12, 5714525
43.13, 5714525
43.14, 5714525
43.15, 5714525
43.16, 5714525
43.17, 5714525
43.18, 5714525
43.19, 5714525
43.2, 5714525
43.21, 5714525
43.22, 5714525
43.23, 5714525
43.24, 5714525
43.25, 5714525
43.26, 5714525
43.27, 5714525
43.28, 5714525
43.29, 5714525
43.3, 5714525
43.31, 5714525
43.32, 5714525
43.33, 5714525
43.34, 5714525
43.35, 5714525
43.36, 5714525
43.37, 5714525
43.38, 5714525
43.39, 5714525
43.4, 5714525
43.41, 5714525
43.42, 5714525
43.43, 5714525
43.44, 5714525
43.45, 5714525
43.46, 5714525
43.47, 5714525
43.48, 5714525
43.49, 5714525
43.5, 5714525
43.51, 5714525
43.52, 5714525
43.53, 5714525
43.54, 5714525
43.55, 5714525
43.56, 5714525
43.57, 5714525
43.58, 5714525
43.59, 5714525
43.6, 5714525
43.61, 5714525
43.62, 5714525
43.63, 5714525
43.64, 5714525
43.65, 5714525
43.66, 5714525
43.67, 5714525
43.68, 5714525
43.69, 5714525
43.7, 5714525
43.71, 5714525
43.72, 5714525
43.73, 5714525
43.74, 5714525
43.75, 5714525
43.76, 5714525
43.77, 5714525
43.78, 5714525
43.79, 5714525
43.8, 5714525
43.81, 5714525
43.82, 5714525
43.83, 5714525
43.84, 5714525
43.85, 5714525
43.86, 5714525
43.87, 5714525
43.88, 5714525
43.89, 5714525
43.9, 5714525
43.91, 5714525
43.92, 5714525
43.93, 5714525
43.94, 5714525
43.95, 5714525
43.96, 5714525
43.97, 5714525
43.98, 5714525
43.99, 5714525
44.0, 5714525
44.01, 5714525
44.02, 5714525
44.03, 5714525
44.04, 5714525
44.05, 5714525
44.06, 5714525
44.07, 5714525
44.08, 5714525
44.09, 5714525
44.1, 5714525
44.11, 5714525
44.12, 5714525
44.13, 5714525
44.14, 5714525
44.15, 5714525
44.16, 5714525
44.17, 5714525
44.18, 5714525
44.19, 5714525
44.2, 5714525
44.21, 5714525
44.22, 5714525
44.23, 5714525
44.24, 5714525
44.25, 5714525
44.26, 5714525
44.27, 5714525
44.28, 5714525
44.29, 5714525
44.3, 5714525
44.31, 5714525
44.32, 5714525
44.33, 5714525
44.34, 5714525
44.35, 5714525
44.36, 5714525
44.37, 5714525
44.38, 5714525
44.39, 5714525
44.4, 5714525
44.41, 5714525
44.42, 5714525
44.43, 5714525
44.44, 5714525
44.45, 5714525
44.46, 5714525
44.47, 5714525
44.48, 5714525
44.49, 5714525
44.5, 5714525
44.51, 5714525
44.52, 5714525
44.53, 5714525
44.54, 5714525
44.55, 5714525
44.56, 5714525
44.57, 5714525
44.58, 5714525
44.59, 5714525
44.6, 5714525
44.61, 5714525
44.62, 5714525
44.63, 5714525
44.64, 5714525
44.65, 5714525
44.66, 5714525
44.67, 5714525
44.68, 5714525
44.69, 5714525
44.7, 5714525
44.71, 5714525
44.72, 5714525
44.73, 5714525
44.74, 5714525
44.75, 5714525
44.76, 5714525
44.77, 5714525
44.78, 5714525
44.79, 5714525
44.8, 5714525
44.81, 5714525
44.82, 5714525
44.83, 5714525
44.84, 5714525
44.85, 5714525
44.86, 5714525
44.87, 5714525
44.88, 5714525
44.89, 5714525
44.9, 5714525
44.91, 5714525
44.92, 5714525
44.93, 5714525
44.94, 5714525
44.95, 5714525
44.96, 5714525
44.97, 5714525
44.98, 5714525
44.99, 5714525
45.0, 5714525
45.01, 5714525
45.02, 5714525
45.03, 5714525
45.04, 5714525
45.05, 5714525
45.06, 5714525
45.07, 5714525
45.08, 5714525
45.09, 5714525
45.1, 5714525
45.11, 5714525
45.12, 5714525
45.13, 5714525
45.14, 5714525
45.15, 5714525
45.16, 5714525
45.17, 5714525
45.18, 5714525
45.19, 5714525
45.2, 5714525
45.21, 5714525
45.22, 5714525
45.23, 5714525
45.24, 5714525
45.25, 5714525
45.26, 5714525
45.27, 5714525
45.28, 5714525
45.29, 5714525
45.3, 5714525
45.31, 5714525
45.32, 5714525
45.33, 5714525
45.34, 5714525
45.35, 5714525
45.36, 5714525
45.37, 5714525
45.38, 5714525
45.39, 5714525
45.4, 5714525
45.41, 5714525
45.42, 5714525
45.43, 5714525
45.44, 5714525
45.45, 5714525
45.46, 5714525
45.47, 5714525
45.48, 5714525
45.49, 5714525
45.5, 5714525
45.51, 5714525
45.52, 5714525
45.53, 5714525
45.54, 5714525
45.55, 5714525
45.56, 5714525
45.57, 5714525
45.58, 5714525
45.59, 5714525
45.6, 5714525
45.61, 5714525
45.62, 5714525
45.63, 5714525
45.64, 5714525
45.65, 5714525
45.66, 5714525
45.67, 5714525
45.68, 5714525
45.69, 5714525
45.7, 5714525
45.71, 5714525
45.72, 5714525
45.73, 5714525
45.74, 5714525
45.75, 5714525
45.76, 5714525
45.77, 5714525
45.78, 5714525
45.79, 5714525
45.8, 5714525
45.81, 5714525
45.82, 5714525
45.83, 5714525
45.84, 5714525
45.85, 5714525
45.86, 5714525
45.87, 5714525
45.88, 5714525
45.89, 5714525
45.9, 5714525
45.91, 5714525
45.92, 5714525
45.93, 5714525
45.94, 5714525
45.95, 5714525
45.96, 5714525
45.97, 5714525
45.98, 5714525
45.99, 5714525
46.0, 5714525
46.01, 5686165
46.02, 5686165
46.03, 5686165
46.04, 5686165
46.05, 5686165
46.06, 5686165
46.07, 5686165
46.08, 5686165
46.09, 5686165
46.1, 5686165
46.11, 5686165
46.12, 5686165
46.13, 5686165
46.14, 5686165
46.15, 5686165
46.16, 5686165
46.17, 5686165
46.18, 5686165
46.19, 5686165
46.2, 5686165
46.21, 5686165
46.22, 5686165
46.23, 5686165
46.24, 5686165
46.25, 5686165
46.26, 5686165
46.27, 5686165
46.28, 5686165
46.29, 5686165
46.3, 5686165
46.31, 5686165
46.32, 5686165
46.33, 5686165
46.34, 5686165
46.35, 5686165
46.36, 5686165
46.37, 5686165
46.38, 5686165
46.39, 5686165
46.4, 5686165
46.41, 5686165
46.42, 5686165
46.43, 5686165
46.44, 5686165
46.45, 5686165
46.46, 5686165
46.47, 5686165
46.48, 5686165
46.49, 5686165
46.5, 5686165
46.51, 5686165
46.52, 5686165
46.53, 5686165
46.54, 5686165
46.55, 5686165
46.56, 5686165
46.57, 5686165
46.58, 5686165
46.59, 5686165
46.6, 5686165
46.61, 5686165
46.62, 5686165
46.63, 5686165
46.64, 5686165
46.65, 5686165
46.66, 5686165
46.67, 5686165
46.68, 5686165
46.69, 5686165
46.7, 5686165
46.71, 5686165
46.72, 5686165
46.73, 5686165
46.74, 5686165
46.75, 5686165
46.76, 5686165
46.77, 5686165
46.78, 5686165
46.79, 5686165
46.8, 5686165
46.81, 5686165
46.82, 5686165
46.83, 5686165
46.84, 5686165
46.85, 5686165
46.86, 5686165
46.87, 5686165
46.88, 5686165
46.89, 5686165
46.9, 5686165
46.91, 5686165
46.92, 5686165
46.93, 5686165
46.94, 5686165
46.95, 5686165
46.96, 5686165
46.97, 5686165
46.98, 5686165
46.99, 5686165
47.0, 5686165
47.01, 5686165
47.02, 5686165
47.03, 5686165
47.04, 5686165
47.05, 5686165
47.06, 5686165
47.07, 5686165
47.08, 5686165
47.09, 5686165
47.1, 5686165
47.11, 5686165
47.12, 5686165
47.13, 5686165
47.14, 5686165
47.15, 5686165
47.16, 5686165
47.17, 5686165
47.18, 5686165
47.19, 5686165
47.2, 5686165
47.21, 5686165
47.22, 5686165
47.23, 5686165
47.24, 5686165
47.25, 5686165
47.26, 5686165
47.27, 5686165
47.28, 5686165
47.29, 5686165
47.3, 5686165
47.31, 5686165
47.32, 5686165
47.33, 5686165
47.34, 5686165
47.35, 5686165
47.36, 5686165
47.37, 5686165
47.38, 5686165
47.39, 5686165
47.4, 5686165
47.41, 5686165
47.42, 5686165
47.43, 5686165
47.44, 5686165
47.45, 5686165
47.46, 5686165
47.47, 5686165
47.48, 5686165
47.49, 5686165
47.5, 5686165
47.51, 5686165
47.52, 5686165
47.53, 5686165
47.54, 5686165
47.55, 5686165
47.56, 5686165
47.57, 5686165
47.58, 5686165
47.59, 5686165
47.6, 5686165
47.61, 5686165
47.62, 5686165
47.63, 5686165
47.64, 5686165
47.65, 5686165
47.66, 5686165
47.67, 5686165
47.68, 5686165
47.69, 5686165
47.7, 5686165
47.71, 5686165
47.72, 5686165
47.73, 5686165
47.74, 5686165
47.75, 5686165
47.76, 5686165
47.77, 5686165
47.78, 5686165
47.79, 5686165
47.8, 5686165
47.81, 5686165
47.82, 5686165
47.83, 5686165
47.84, 5686165
47.85, 5686165
47.86, 5686165
47.87, 5686165
47.88, 5686165
47.89, 5686165
47.9, 5686165
47.91, 5686165
47.92, 5686165
47.93, 5686165
47.94, 5686165
47.95, 5686165
47.96, 5686165
47.97, 5686165
47.98, 5686165
47.99, 5686165
48.0, 5686165
48.01, 5686165
48.02, 5686165
48.03, 5686165
48.04, 5686165
48.05, 5686165
48.06, 5686165
48.07, 5686165
48.08, 5686165
48.09, 5686165
48.1, 5686165
48.11, 5686165
48.12, 5686165
48.13, 5686165
48.14, 5686165
48.15, 5686165
48.16, 5686165
48.17, 5686165
48.18, 5686165
48.19, 5686165
48.2, 5686165
48.21, 5686165
48.22, 5686165
48.23, 5686165
48.24, 5686165
48.25, 5686165
48.26, 5686165
48.27, 5686165
48.28, 5686165
48.29, 5686165
48.3, 5686165
48.31, 5686165
48.32, 5686165
48.33, 5686165
48.34, 5686165
48.35, 5686165
48.36, 5686165
48.37, 5686165
48.38, 5686165
48.39, 5686165
48.4, 5686165
48.41, 5686165
48.42, 5686165
48.43, 5686165
48.44, 5686165
48.45, 5686165
48.46, 5686165
48.47, 5686165
48.48, 5686165
48.49, 5686165
48.5, 5686165
48.51, 5686165
48.52, 5686165
48.53, 5686165
48.54, 5686165
48.55, 5686165
48.56, 5686165
48.57, 5686165
48.58, 5686165
48.59, 5686165
48.6, 5686165
48.61, 5686165
48.62, 5686165
48.63, 5686165
48.64, 5686165
48.65, 5686165
48.66, 5686165
48.67, 5686165
48.68, 5686165
48.69, 5686165
48.7, 5686165
48.71, 5686165
48.72, 5686165
48.73, 5686165
48.74, 5686165
48.75, 5686165
48.76, 5686165
48.77, 5686165
48.78, 5686165
48.79, 5686165
48.8, 5686165
48.81, 5686165
48.82, 5686165
48.83, 5686165
48.84, 5686165
48.85, 5686165
48.86, 5686165
48.87, 5686165
48.88, 5686165
48.89, 5686165
48.9, 5686165
48.91, 5686165
48.92, 5686165
48.93, 5686165
48.94, 5686165
48.95, 5686165
48.96, 5686165
48.97, 5644795
48.98, 5644795
48.99, 5644795
49.0, 5644795
49.01, 5644795
49.02, 5644795
49.03, 5644795
49.04, 5644795
49.05, 5644795
49.06, 5644795
49.07, 5644795
49.08, 5644795
49.09, 5644795
49.1, 5644795
49.11, 5644795
49.12, 5644795
49.13, 5644795
49.14, 5644795
49.15, 5644795
49.16, 5644795
49.17, 5644795
49.18, 5644795
49.19, 5644795
49.2, 5644795
49.21, 5644795
49.22, 5644795
49.23, 5644795
49.24, 5644795
49.25, 5644795
49.26, 5644795
49.27, 5644795
49.28, 5644795
49.29, 5644795
49.3, 5644795
49.31, 5644795
49.32, 5644795
49.33, 5644795
49.34, 5644795
49.35, 5644795
49.36, 5644795
49.37, 5644795
49.38, 5644795
49.39, 5644795
49.4, 5644795
49.41, 5644795
49.42, 5644795
49.43, 5644795
49.44, 5644795
49.45, 5644795
49.46, 5644795
49.47, 5644795
49.48, 5644795
49.49, 5644795
49.5, 5644795
49.51, 5644795
49.52, 5644795
49.53, 5644795
49.54, 5644795
49.55, 5644795
49.56, 5644795
49.57, 5644795
49.58, 5644795
49.59, 5644795
49.6, 5644795
49.61, 5644795
49.62, 5644795
49.63, 5644795
49.64, 5644795
49.65, 5644795
49.66, 5644795
49.67, 5644795
49.68, 5644795
49.69, 5644795
49.7, 5644795
49.71, 5644795
49.72, 5644795
49.73, 5644795
49.74, 5644795
49.75, 5644795
49.76, 5644795
49.77, 5644795
49.78, 5644795
49.79, 5644795
49.8, 5644795
49.81, 5644795
49.82, 5644795
49.83, 5644795
49.84, 5644795
49.85, 5644795
49.86, 5644795
49.87, 5644795
49.88, 5644795
49.89, 5644795
49.9, 5644795
49.91, 5644795
49.92, 5644795
49.93, 5644795
49.94, 5644795
49.95, 5644795
49.96, 5644795
49.97, 5644795
49.98, 5644795
49.99, 5644795
50.0, 5644795
50.01, 5644795
50.02, 5644795
50.03, 5644795
50.04, 5644795
50.05, 5644795
50.06, 5644795
50.07, 5644795
50.08, 5644795
50.09, 5644795
50.1, 5644795
50.11, 5644795
50.12, 5644795
50.13, 5644795
50.14, 5644795
50.15, 5644795
50.16, 5644795
50.17, 5644795
50.18, 5644795
50.19, 5644795
50.2, 5644795
50.21, 5644795
50.22, 5644795
50.23, 5644795
50.24, 5644795
50.25, 5644795
50.26, 5644795
50.27, 5644795
50.28, 5644795
50.29, 5644795
50.3, 5644795
50.31, 5644795
50.32, 5644795
50.33, 5644795
50.34, 5644795
50.35, 5644795
50.36, 5644795
50.37, 5644795
50.38, 5644795
50.39, 5644795
50.4, 5644795
50.41, 5644795
50.42, 5644795
50.43, 5644795
50.44, 5644795
50.45, 5644795
50.46, 5644795
50.47, 5644795
50.48, 5644795
50.49, 5644795
50.5, 5644795
50.51, 5644795
50.52, 5644795
50.53, 5644795
50.54, 5644795
50.55, 5644795
50.56, 5644795
50.57, 5644795
50.58, 5644795
50.59, 5644795
50.6, 5644795
50.61, 5644795
50.62, 5644795
50.63, 5644795
50.64, 5644795
50.65, 5644795
50.66, 5644795
50.67, 5644795
50.68, 5644795
50.69, 5644795
50.7, 5644795
50.71, 5644795
50.72, 5644795
50.73, 5644795
50.74, 5644795
50.75, 5644795
50.76, 5644795
50.77, 5644795
50.78, 5644795
50.79, 5644795
50.8, 5644795
50.81, 5644795
50.82, 5644795
50.83, 5644795
50.84, 5644795
50.85, 5644795
50.86, 5644795
50.87, 5644795
50.88, 5644795
50.89, 5644795
50.9, 5644795
50.91, 5644795
50.92, 5644795
50.93, 5644795
50.94, 5644795
50.95, 5644795
50.96, 5644795
50.97, 5644795
50.98, 5644795
50.99, 5644795
51.0, 5644795
51.01, 5644795
51.02, 5644795
51.03, 5644795
51.04, 5644795
51.05, 5644795
51.06, 5644795
51.07, 5644795
51.08, 5644795
51.09, 5644795
51.1, 5644795
51.11, 5644795
51.12, 5644795
51.13, 5644795
51.14, 5644795
51.15, 5644795
51.16, 5644795
51.17, 5644795
51.18, 5644795
51.19, 5644795
51.2, 5644795
51.21, 5644795
51.22, 5644795
51.23, 5644795
51.24, 5644795
51.25, 5644795
51.26, 5644795
51.27, 5644795
51.28, 5644795
51.29, 5644795
51.3, 5644795
51.31, 5644795
51.32, 5644795
51.33, 5644795
51.34, 5644795
51.35, 5644795
51.36, 5644795
51.37, 5644795
51.38, 5644795
51.39, 5644795
51.4, 5644795
51.41, 5644795
51.42, 5644795
51.43, 5644795
51.44, 5644795
51.45, 5644795
51.46, 5644795
51.47, 5644795
51.48, 5644795
51.49, 5644795
51.5, 5644795
51.51, 5644795
51.52, 5644795
51.53, 5644795
51.54, 5644795
51.55, 5644795
51.56, 5644795
51.57, 5644795
51.58, 5644795
51.59, 5644795
51.6, 5644795
51.61, 5644795
51.62, 5644795
51.63, 5644795
51.64, 5644795
51.65, 5644795
51.66, 5644795
51.67, 5644795
51.68, 5644795
51.69, 5644795
51.7, 5644795
51.71, 5644795
51.72, 5644795
51.73, 5644795
51.74, 5644795
51.75, 5644795
51.76, 5644795
51.77, 5644795
51.78, 5644795
51.79, 5644795
51.8, 5644795
51.81, 5644795
51.82, 5644795
51.83, 5644795
51.84, 5644795
51.85, 5644795
51.86, 5644795
51.87, 5644795
51.88, 5644795
51.89, 5644795
51.9, 5644795
51.91, 5644795
51.92, 5644795
51.93, 5644795
51.94, 5644795
51.95, 5644795
51.96, 5644795
51.97, 5644795
51.98, 5644795
51.99, 5644795
52.0, 5644795
52.01, 5644795
52.02, 5644795
52.03, 5644795
52.04, 5644795
52.05, 5644795
52.06, 5644795
52.07, 5644795
52.08, 5644795
52.09, 5644795
52.1, 5644795
52.11, 5644795
52.12, 5644795
52.13, 5644795
52.14, 5644795
52.15, 5644795
52.16, 5644795
52.17, 5644795
52.18, 5644795
52.19, 5644795
52.2, 5644795
52.21, 5644795
52.22, 5644795
52.23, 5644795
52.24, 5644795
52.25, 5644795
52.26, 5644795
52.27, 5644795
52.28, 5644795
52.29, 5644795
52.3, 5644795
52.31, 5644795
52.32, 5644795
52.33, 5644795
52.34, 5644795
52.35, 5644795
52.36, 5644795
52.37, 5644795
52.38, 5644795
52.39, 5644795
52.4, 5644795
52.41, 5644795
52.42, 5644795
52.43, 5644795
52.44, 5644795
52.45, 5644795
52.46, 5644795
52.47, 5644795
52.48, 5644795
52.49, 5644795
52.5, 5644795
52.51, 5644795
52.52, 5644795
52.53, 5644795
52.54, 5644795
52.55, 5644795
52.56, 5644795
52.57, 5644795
52.58, 5644795
52.59, 5644795
52.6, 5644795
52.61, 5644795
52.62, 5644795
52.63, 5644795
52.64, 5644795
52.65, 5644795
52.66, 5644795
52.67, 5644795
52.68, 5644795
52.69, 5644795
52.7, 5644795
52.71, 5644795
52.72, 5644795
52.73, 5644795
52.74, 5644795
52.75, 5644795
52.76, 5644795
52.77, 5644795
52.78, 5644795
52.79, 5644795
52.8, 5644795
52.81, 5644795
52.82, 5644795
52.83, 5644795
52.84, 5644795
52.85, 5644795
52.86, 5644795
52.87, 5644795
52.88, 5644795
52.89, 5644795
52.9, 5644795
52.91, 5644795
52.92, 5644795
52.93, 5644795
52.94, 5644795
52.95, 5644795
52.96, 5644795
52.97, 5644795
52.98, 5644795
52.99, 5644795
53.0, 5644795
53.01, 5644795
53.02, 5644795
53.03, 5644795
53.04, 5644795
53.05, 5644795
53.06, 5644795
53.07, 5644795
53.08, 5644795
53.09, 5644795
53.1, 5644795
53.11, 5644795
53.12, 5644795
53.13, 5644795
53.14, 5644795
53.15, 5644795
53.16, 5644795
53.17, 5644795
53.18, 5644795
53.19, 5644795
53.2, 5644795
53.21, 5644795
53.22, 5644795
53.23, 5644795
53.24, 5644795
53.25, 5644795
53.26, 5644795
53.27, 5644795
53.28, 5644795
53.29, 5644795
53.3, 5644795
53.31, 5644795
53.32, 5644795
53.33, 5644795
53.34, 5644795
53.35, 5644795
53.36, 5644795
53.37, 5644795
53.38, 5644795
53.39, 5644795
53.4, 5644795
53.41, 5644795
53.42, 5644795
53.43, 5644795
53.44, 5644795
53.45, 5644795
53.46, 5644795
53.47, 5644795
53.48, 5644795
53.49, 5644795
53.5, 5644795
53.51, 5644795
53.52, 5644795
53.53, 5644795
53.54, 5644795
53.55, 5644795
53.56, 5644795
53.57, 5644795
53.58, 5644795
53.59, 5644795
53.6, 5644795
53.61, 5644795
53.62, 5644795
53.63, 5644795
53.64, 5644795
53.65, 5644795
53.66, 5644795
53.67, 5644795
53.68, 5644795
53.69, 5644795
53.7, 5644795
53.71, 5644795
53.72, 5644795
53.73, 5644795
53.74, 5644795
53.75, 5644795
53.76, 5644795
53.77, 5644795
53.78, 5644795
53.79, 5644795
53.8, 5644795
53.81, 5644795
53.82, 5644795
53.83, 5644795
53.84, 5644795
53.85, 5644795
53.86, 5644795
53.87, 5644795
53.88, 5644795
53.89, 5644795
53.9, 5644795
53.91, 5644795
53.92, 5644795
53.93, 5644795
53.94, 5644795
53.95, 5644795
53.96, 5644795
53.97, 5644795
53.98, 5644795
53.99, 5644795
54.0, 5644795
54.01, 5644795
54.02, 5644795
54.03, 5644795
54.04, 5644795
54.05, 5644795
54.06, 5644795
54.07, 5644795
54.08, 5644795
54.09, 5644795
54.1, 5644795
54.11, 5644795
54.12, 5644795
54.13, 5644795
54.14, 5644795
54.15, 5644795
54.16, 5644795
54.17, 5644795
54.18, 5644795
54.19, 5644795
54.2, 5644795
54.21, 5644795
54.22, 5644795
54.23, 5644795
54.24, 5644795
54.25, 5644795
54.26, 5644795
54.27, 5644795
54.28, 5644795
54.29, 5644795
54.3, 5644795
54.31, 5644795
54.32, 5644795
54.33, 5644795
54.34, 5644795
54.35, 5644795
54.36, 5644795
54.37, 5644795
54.38, 5644795
54.39, 5644795
54.4, 5644795
54.41, 5644795
54.42, 5644795
54.43, 5644795
54.44, 5644795
54.45, 5644795
54.46, 5644795
54.47, 5644795
54.48, 5644795
54.49, 5644795
54.5, 5644795
54.51, 5644795
54.52, 5644795
54.53, 5644795
54.54, 5644795
54.55, 5644795
54.56, 5644795
54.57, 5644795
54.58, 5644795
54.59, 5644795
54.6, 5644795
54.63, 5644795
54.64, 5644795
54.65, 5644795
54.66, 5644795
54.67, 5644795
54.68, 5644795
54.69, 5644795
54.7, 5644795
54.71, 5644795
54.72, 5644795
54.73, 5644795
54.74, 5644795
54.75, 5644795
54.76, 5644795
54.77, 5644795
54.78, 5644795
54.79, 5644795
54.8, 5644795
54.81, 5644795
54.82, 5644795
54.83, 5644795
54.84, 5644795
54.85, 5644795
54.86, 5644795
54.87, 5644795
54.88, 5644795
54.89, 5644795
54.9, 5644795
54.91, 5644795
54.92, 5644795
54.93, 5644795
54.94, 5644795
54.95, 5644795
54.96, 5644795
54.97, 5644795
54.98, 5644795
54.99, 5644795
55.0, 5644795
55.01, 5644795
55.02, 5644795
55.03, 5644795
55.04, 5644795
55.05, 5644795
55.06, 5644795
55.07, 5644795
55.08, 5644795
55.09, 5644795
55.1, 5644795
55.11, 5644795
55.12, 5644795
55.13, 5644795
55.14, 5644795
55.15, 5644795
55.16, 5644795
55.17, 5644795
55.18, 5644795
55.19, 5644795
55.2, 5644795
55.21, 5644795
55.22, 5644795
55.23, 5644795
55.24, 5644795
55.25, 5644795
55.26, 5644795
55.27, 5644795
55.28, 5644795
55.29, 5644795
55.3, 5644795
55.31, 5644795
55.32, 5644795
55.33, 5644795
55.34, 5644795
55.35, 5644795
55.36, 5644795
55.37, 5644795
55.38, 5644795
55.39, 5644795
55.4, 5644795
55.41, 5644795
55.42, 5644795
55.43, 5644795
55.44, 5644795
55.45, 5644795
55.46, 5644795
55.47, 5644795
55.48, 5644795
55.49, 5644795
55.5, 5644795
55.51, 5644795
55.52, 5644795
55.53, 5644795
55.54, 5644795
55.55, 5644795
55.56, 5644795
55.57, 5644795
55.58, 5644795
55.59, 5644795
55.6, 5644795
55.61, 5644795
55.62, 5644795
55.63, 5644795
55.64, 5644795
55.65, 5644795
55.66, 5644795
55.67, 5644795
55.68, 5644795
55.69, 5644795
55.7, 5644795
55.71, 5644795
55.72, 5644795
55.73, 5644795
55.74, 5644795
55.75, 5644795
55.76, 5644795
55.77, 5644795
55.78, 5644795
55.79, 5644795
55.8, 5644795
55.81, 5644795
55.82, 5644795
55.83, 5644795
55.84, 5644795
55.85, 5644795
55.86, 5644795
55.87, 5644795
55.88, 5644795
55.89, 5644795
55.9, 5644795
55.91, 5644795
55.92, 5644795
55.93, 5644795
55.94, 5644795
55.95, 5644795
55.96, 5644795
55.97, 5644795
55.98, 5644795
55.99, 5644795
56.0, 5644795
56.01, 5644795
56.02, 5644795
56.03, 5644795
56.04, 5644795
56.05, 5644795
56.06, 5644795
56.07, 5644795
56.08, 5644795
56.09, 5644795
56.1, 5644795
56.11, 5644795
56.12, 5644795
56.13, 5644795
56.14, 5644795
56.15, 5644795
56.16, 5644795
56.17, 5644795
56.18, 5644795
56.19, 5644795
56.2, 5644795
56.21, 5644795
56.22, 5644795
56.23, 5644795
56.24, 5644795
56.25, 5644795
56.26, 5644795
56.27, 5644795
56.28, 5644795
56.29, 5644795
56.3, 5644795
56.31, 5644795
56.32, 5644795
56.33, 5644795
56.34, 5644795
56.35, 5644795
56.36, 5644795
56.37, 5644795
56.38, 5644795
56.39, 5644795
56.4, 5644795
56.41, 5644795
56.42, 5644795
56.43, 5644795
56.44, 5644795
56.45, 5644795
56.46, 5644795
56.47, 5644795
56.48, 5644795
56.49, 5644795
56.5, 5644795
56.51, 5644795
56.52, 5644795
56.53, 5644795
56.54, 5644795
56.55, 5644795
56.56, 5644795
56.57, 5644795
56.58, 5644795
56.59, 5644795
56.6, 5644795
56.61, 5644795
56.62, 5644795
56.63, 5644795
56.64, 5644795
56.65, 5644795
56.66, 5644795
56.67, 5644795
56.68, 5644795
56.69, 5644795
56.7, 5644795
56.71, 5644795
56.72, 5644795
56.73, 5644795
56.74, 5644795
56.75, 5644795
56.76, 5644795
56.77, 5644795
56.78, 5644795
56.79, 5644795
56.8, 5644795
56.81, 5644795
56.82, 5644795
56.83, 5644795
56.84, 5644795
56.85, 5644795
56.86, 5644795
56.87, 5644795
56.88, 5644795
56.89, 5644795
56.9, 5644795
56.91, 5644795
56.92, 5644795
56.93, 5644795
56.94, 5644795
56.95, 5644795
56.96, 5644795
56.97, 5644795
56.98, 5644795
56.99, 5644795
57.0, 5644795
57.01, 5644795
57.02, 5644795
57.03, 5644795
57.04, 5644795
57.05, 5644795
57.06, 5644795
57.07, 5644795
57.08, 5644795
57.09, 5644795
57.1, 5644795
57.11, 5644795
57.12, 5644795
57.13, 5644795
57.14, 5644795
57.15, 5644795
57.16, 5644795
57.17, 5644795
57.18, 5644795
57.19, 5644795
57.2, 5644795
57.21, 5644795
57.22, 5644795
57.23, 5644795
57.24, 5644795
57.25, 5644795
57.26, 5644795
57.27, 5644795
57.28, 5644795
57.29, 5644795
57.3, 5644795
57.31, 5644795
57.32, 5644795
57.33, 5644795
57.34, 5644795
57.35, 5644795
57.36, 5644795
57.37, 5644795
57.38, 5644795
57.39, 5644795
57.4, 5644795
57.41, 5644795
57.42, 5644795
57.43, 5644795
57.44, 5644795
57.45, 5644795
57.46, 5644795
57.47, 5644795
57.48, 5644795
57.49, 5644795
57.5, 5644795
57.51, 5644795
57.52, 5644795
57.53, 5644795
57.54, 5644795
57.55, 5644795
57.56, 5644795
57.57, 5644795
57.58, 5644795
57.59, 5644795
57.6, 5644795
57.61, 5644795
57.62, 5644795
57.63, 5644795
57.64, 5644795
57.65, 5644795
57.66, 5644795
57.67, 5644795
57.68, 5644795
57.69, 5644795
57.7, 5644795
57.71, 5644795
57.72, 5644795
57.73, 5644795
57.74, 5644795
57.75, 5644795
57.76, 5644795
57.77, 5644795
57.78, 5644795
57.79, 5644795
57.8, 5644795
57.81, 5644795
57.82, 5644795
57.83, 5644795
57.84, 5644795
57.85, 5644795
57.86, 5644795
57.87, 5644795
57.88, 5644795
57.89, 5644795
57.9, 5644795
57.91, 5644795
57.92, 5644795
57.93, 5644795
57.94, 5644795
57.95, 5644795
57.96, 5644795
57.97, 5644795
57.98, 5644795
57.99, 5644795
58.0, 5644795
58.01, 5644795
58.02, 5644795
58.03, 5644795
58.04, 5644795
58.05, 5644795
58.06, 5644795
58.07, 5644795
58.08, 5644795
58.09, 5644795
58.1, 5644795
58.11, 5644795
58.12, 5644795
58.13, 5644795
58.14, 5644795
58.15, 5644795
58.16, 5644795
58.17, 5644795
58.18, 5644795
58.19, 5644795
58.2, 5644795
58.21, 5644795
58.22, 5644795
58.23, 5644795
58.24, 5644795
58.25, 5644795
58.26, 5644795
58.27, 5644795
58.28, 5644795
58.29, 5644795
58.3, 5644795
58.31, 5644795
58.32, 5644795
58.33, 5644795
58.34, 5644795
58.35, 5644795
58.36, 5644795
58.37, 5644795
58.38, 5644795
58.39, 5644795
58.4, 5644795
58.41, 5644795
58.42, 5644795
58.43, 5644795
58.44, 5644795
58.45, 5644795
58.46, 5644795
58.47, 5644795
58.48, 5644795
58.49, 5644795
58.5, 5644795
58.51, 5644795
58.52, 5644795
58.53, 5644795
58.54, 5644795
58.55, 5644795
58.56, 5644795
58.57, 5644795
58.58, 5644795
58.59, 5644795
58.6, 5644795
58.61, 5644795
58.62, 5644795
58.63, 5644795
58.64, 5644795
58.65, 5644795
58.66, 5644795
58.67, 5644795
58.68, 5644795
58.69, 5644795
58.7, 5644795
58.71, 5644795
58.72, 5644795
58.73, 5644795
58.74, 5644795
58.75, 5644795
58.76, 5644795
58.77, 5644795
58.78, 5644795
58.79, 5644795
58.8, 5644795
58.81, 5644795
58.82, 5644795
58.83, 5644795
58.84, 5644795
58.85, 5644795
58.86, 5644795
58.87, 5644795
58.88, 5644795
58.89, 5644795
58.9, 5644795
58.91, 5644795
58.92, 5644795
58.93, 5644795
58.94, 5644795
58.95, 5644795
58.96, 5644795
58.97, 5644795
58.98, 5644795
58.99, 5644795
59.0, 5644795
59.01, 5644795
59.02, 5644795
59.03, 5644795
59.04, 5644795
59.05, 5644795
59.06, 5644795
59.07, 5644795
59.08, 5644795
59.09, 5644795
59.1, 5644795
59.11, 5644795
59.12, 5644795
59.13, 5644795
59.14, 5644795
59.15, 5644795
59.16, 5644795
59.17, 5644795
59.18, 5644795
59.19, 5644795
59.2, 5644795
59.21, 5644795
59.22, 5644795
59.23, 5644795
59.24, 5644795
59.25, 5644795
59.26, 5644795
59.27, 5644795
59.28, 5644795
59.29, 5644795
59.3, 5644795
59.31, 5644795
59.32, 5644795
59.33, 5644795
59.34, 5644795
59.35, 5644795
59.36, 5644795
59.37, 5644795
59.38, 5644795
59.39, 5644795
59.4, 5644795
59.41, 5644795
59.42, 5644795
59.43, 5644795
59.44, 5644795
59.45, 5644795
59.46, 5644795
59.47, 5644795
59.48, 5644795
59.49, 5644795
59.5, 5644795
59.51, 5644795
59.52, 5644795
59.53, 5644795
59.54, 5644795
59.55, 5644795
59.56, 5644795
59.57, 5644795
59.58, 5644795
59.59, 5644795
59.6, 5644795
59.61, 5644795
59.62, 5644795
59.63, 5644795
59.64, 5644795
59.65, 5644795
59.66, 5644795
59.67, 5644795
59.68, 5644795
59.69, 5644795
59.7, 5644795
59.71, 5644795
59.72, 5644795
59.73, 5644795
59.74, 5644795
59.75, 5644795
59.76, 5644795
59.77, 5644795
59.78, 5644795
59.79, 5644795
59.8, 5644795
59.81, 5644795
59.82, 5644795
59.83, 5644795
59.84, 5644795
59.85, 5644795
59.86, 5644795
59.87, 5644795
59.88, 5644795
59.89, 5644795
59.9, 5644795
59.91, 5644795
59.92, 5644795
59.93, 5644795
59.94, 5644795
59.95, 5644795
59.96, 5644795
59.97, 5644795
59.98, 5644795
59.99, 5644795
