0.0, 3704211
0.01, 3545924
0.02, 3545924
0.03, 3262770
0.04, 3106125
0.05, 3106125
0.06, 3047723
0.07, 3047723
0.08, 3047723
0.09, 2957669
0.1, 2957669
0.11, 2957669
0.12, 2957669
0.13, 2957669
0.14, 2957669
0.15, 2957669
0.16, 2957669
0.17, 2957669
0.18, 2850443
0.19, 2850443
0.2, 2850443
0.21, 2850443
0.22, 2850443
0.23, 2850443
0.24, 2850443
0.25, 2850443
0.26, 2850443
0.27, 2850443
0.28, 2850443
0.29, 2850443
0.3, 2850443
0.31, 2850443
0.32, 2850443
0.33, 2850443
0.34, 2850443
0.35, 2850443
0.36, 2850443
0.37, 2850443
0.38, 2850443
0.39, 2850443
0.4, 2850443
0.41, 2850443
0.42, 2850443
0.43, 2850443
0.44, 2850443
0.45, 2850443
0.46, 2850443
0.47, 2850443
0.48, 2850443
0.49, 2850443
0.5, 2850443
0.51, 2850443
0.52, 2850443
0.53, 2850443
0.54, 2850443
0.55, 2850443
0.56, 2850443
0.57, 2850443
0.58, 2850443
0.59, 2850443
0.6, 2850443
0.61, 2850443
0.62, 2850443
0.63, 2850443
0.64, 2850443
0.65, 2850443
0.66, 2850443
0.67, 2850443
0.68, 2850443
0.69, 2850443
0.7, 2850443
0.71, 2850443
0.72, 2850443
0.73, 2850443
0.74, 2850443
0.75, 2850443
0.76, 2850443
0.77, 2850443
0.8, 2850443
0.81, 2850443
0.82, 2850443
0.83, 2850443
0.84, 2850443
0.85, 2850443
0.86, 2850443
0.87, 2850443
0.88, 2850443
0.89, 2850443
0.9, 2850443
0.91, 2850443
0.92, 2850443
0.93, 2850443
0.94, 2850443
0.95, 2850443
0.96, 2850443
0.97, 2850443
0.98, 2850443
0.99, 2850443
1.0, 2850443
1.01, 2850443
1.02, 2850443
1.03, 2850443
1.04, 2850443
1.05, 2850443
1.06, 2850443
1.07, 2850443
1.08, 2850443
1.09, 2850443
1.1, 2850443
1.11, 2850443
1.12, 2850443
1.13, 2850443
1.14, 2850443
1.15, 2850443
1.16, 2850443
1.17, 2850443
1.18, 2850443
1.19, 2850443
1.2, 2850443
1.21, 2850443
1.22, 2850443
1.23, 2850443
1.24, 2850443
1.25, 2850443
1.26, 2850443
1.27, 2850443
1.28, 2850443
1.29, 2850443
1.3, 2850443
1.31, 2850443
1.32, 2850443
1.33, 2850443
1.34, 2850443
1.35, 2850443
1.36, 2850443
1.37, 2850443
1.38, 2850443
1.39, 2850443
1.4, 2850443
1.41, 2850443
1.42, 2850443
1.43, 2850443
1.44, 2850443
1.45, 2850443
1.46, 2850443
1.47, 2850443
1.48, 2850443
1.49, 2850443
1.5, 2740726
1.51, 2740726
1.52, 2740726
1.53, 2740726
1.54, 2740726
1.55, 2740726
1.56, 2740726
1.57, 2740726
1.58, 2740726
1.59, 2740726
1.6, 2740726
1.61, 2740726
1.62, 2740726
1.63, 2740726
1.64, 2740726
1.65, 2740726
1.66, 2740726
1.67, 2740726
1.68, 2740726
1.69, 2740726
1.7, 2740726
1.71, 2740726
1.72, 2740726
1.73, 2740726
1.74, 2740726
1.75, 2740726
1.76, 2740726
1.77, 2740726
1.78, 2740726
1.79, 2740726
1.8, 2740726
1.81, 2740726
1.82, 2740726
1.83, 2740726
1.84, 2740726
1.85, 2740726
1.86, 2740726
1.87, 2740726
1.88, 2740726
1.89, 2740726
1.9, 2740726
1.91, 2740726
1.92, 2740726
1.93, 2740726
1.94, 2740726
1.95, 2740726
1.96, 2740726
1.97, 2740726
1.98, 2740726
1.99, 2740726
2.0, 2740726
2.01, 2740726
2.02, 2740726
2.03, 2740726
2.04, 2740726
2.05, 2740726
2.06, 2740726
2.07, 2740726
2.08, 2740726
2.09, 2740726
2.1, 2740726
2.11, 2740726
2.12, 2740726
2.13, 2740726
2.14, 2740726
2.15, 2740726
2.16, 2740726
2.17, 2740726
2.18, 2740726
2.19, 2740726
2.2, 2740726
2.21, 2740726
2.22, 2740726
2.23, 2740726
2.24, 2740726
2.25, 2740726
2.26, 2740726
2.27, 2740726
2.28, 2740726
2.29, 2740726
2.3, 2740726
2.31, 2740726
2.32, 2740726
2.33, 2740726
2.34, 2740726
2.35, 2740726
2.36, 2740726
2.37, 2740726
2.38, 2740726
2.39, 2740726
2.4, 2740726
2.41, 2740726
2.42, 2740726
2.43, 2740726
2.44, 2740726
2.45, 2740726
2.46, 2740726
2.47, 2740726
2.48, 2740726
2.49, 2740726
2.5, 2740726
2.51, 2740726
2.52, 2740726
2.53, 2635957
2.54, 2635957
2.55, 2635957
2.56, 2635957
2.57, 2635957
2.58, 2635957
2.59, 2635957
2.6, 2635957
2.61, 2635957
2.62, 2635957
2.63, 2635957
2.64, 2635957
2.65, 2635957
2.66, 2635957
2.67, 2635957
2.68, 2635957
2.69, 2635957
2.7, 2635957
2.71, 2635957
2.72, 2635957
2.73, 2635957
2.74, 2635957
2.75, 2635957
2.76, 2635957
2.77, 2635957
2.78, 2635957
2.79, 2635957
2.8, 2635957
2.81, 2635957
2.82, 2635957
2.83, 2635957
2.84, 2635957
2.85, 2635957
2.86, 2635957
2.87, 2635957
2.88, 2635957
2.89, 2635957
2.9, 2635957
2.91, 2635957
2.92, 2635957
2.93, 2635957
2.94, 2635957
2.95, 2635957
2.96, 2635957
2.97, 2635957
2.98, 2635957
2.99, 2635957
3.0, 2635957
3.01, 2635957
3.02, 2635957
3.03, 2635957
3.04, 2635957
3.05, 2635957
3.06, 2635957
3.07, 2635957
3.08, 2635957
3.09, 2635957
3.1, 2635957
3.11, 2635957
3.12, 2635957
3.13, 2635957
3.14, 2635957
3.15, 2635957
3.16, 2635957
3.17, 2635957
3.18, 2635957
3.19, 2635957
3.2, 2635957
3.21, 2635957
3.22, 2635957
3.23, 2635957
3.24, 2635957
3.25, 2635957
3.26, 2635957
3.27, 2635957
3.28, 2635957
3.29, 2635957
3.3, 2635957
3.31, 2635957
3.32, 2635957
3.33, 2635957
3.34, 2635957
3.35, 2635957
3.36, 2635957
3.37, 2635957
3.38, 2635957
3.39, 2635957
3.4, 2635957
3.41, 2635957
3.42, 2635957
3.43, 2635957
3.44, 2635957
3.45, 2635957
3.46, 2635957
3.47, 2635957
3.48, 2635957
3.49, 2635957
3.5, 2635957
3.51, 2635957
3.52, 2635957
3.53, 2635957
3.54, 2635957
3.55, 2635957
3.56, 2635957
3.57, 2635957
3.58, 2635957
3.59, 2635957
3.6, 2635957
3.61, 2635957
3.62, 2635957
3.63, 2635957
3.64, 2635957
3.65, 2635957
3.66, 2635957
3.67, 2635957
3.68, 2635957
3.69, 2635957
3.7, 2635957
3.71, 2635957
3.72, 2635957
3.73, 2635957
3.74, 2635957
3.75, 2635957
3.76, 2635957
3.77, 2635957
3.78, 2635957
3.79, 2635957
3.8, 2635957
3.81, 2635957
3.82, 2635957
3.83, 2635957
3.84, 2635957
3.85, 2635957
3.86, 2635957
3.87, 2635957
3.88, 2635957
3.89, 2635957
3.9, 2635957
3.91, 2635957
3.92, 2635957
3.93, 2635957
3.94, 2635957
3.95, 2635957
3.96, 2635957
3.97, 2635957
3.98, 2635957
3.99, 2635957
4.0, 2635957
4.01, 2635957
4.02, 2635957
4.03, 2635957
4.04, 2635957
4.05, 2635957
4.06, 2635957
4.07, 2635957
4.08, 2635957
4.09, 2635957
4.1, 2635957
4.11, 2635957
4.12, 2635957
4.13, 2635957
4.14, 2635957
4.15, 2635957
4.16, 2635957
4.17, 2635957
4.18, 2635957
4.19, 2635957
4.2, 2635957
4.21, 2635957
4.22, 2635957
4.23, 2635957
4.24, 2635957
4.25, 2635957
4.26, 2635957
4.27, 2635957
4.28, 2635957
4.29, 2635957
4.3, 2635957
4.31, 2635957
4.32, 2635957
4.33, 2635957
4.34, 2635957
4.35, 2635957
4.36, 2635957
4.37, 2635957
4.38, 2635957
4.39, 2635957
4.4, 2635957
4.41, 2635957
4.42, 2635957
4.43, 2635957
4.44, 2635957
4.45, 2635957
4.46, 2635957
4.47, 2635957
4.48, 2635957
4.49, 2635957
4.5, 2635957
4.51, 2635957
4.52, 2635957
4.53, 2635957
4.54, 2635957
4.55, 2635957
4.56, 2635957
4.57, 2635957
4.58, 2635957
4.59, 2635957
4.6, 2635957
4.61, 2635957
4.62, 2635957
4.63, 2635957
4.64, 2635957
4.65, 2635957
4.66, 2635957
4.67, 2635957
4.68, 2635957
4.69, 2635957
4.7, 2635957
4.71, 2635957
4.72, 2635957
4.73, 2635957
4.74, 2635957
4.75, 2635957
4.76, 2635957
4.77, 2635957
4.78, 2635957
4.79, 2635957
4.8, 2635957
4.81, 2635957
4.82, 2635957
4.83, 2635957
4.84, 2635957
4.85, 2635957
4.86, 2635957
4.87, 2635957
4.88, 2635957
4.89, 2635957
4.9, 2635957
4.91, 2635957
4.92, 2635957
4.93, 2635957
4.94, 2635957
4.95, 2635957
4.96, 2635957
4.97, 2635957
4.98, 2635957
4.99, 2635957
5.0, 2635957
5.01, 2635957
5.02, 2635957
5.03, 2635957
5.04, 2635957
5.05, 2635957
5.06, 2635957
5.07, 2635957
5.08, 2635957
5.09, 2635957
5.1, 2635957
5.11, 2635957
5.12, 2635957
5.13, 2635957
5.14, 2635957
5.15, 2635957
5.16, 2635957
5.17, 2635957
5.18, 2635957
5.19, 2635957
5.2, 2635957
5.21, 2635957
5.22, 2635957
5.23, 2635957
5.24, 2635957
5.25, 2635957
5.26, 2635957
5.27, 2635957
5.28, 2635957
5.29, 2635957
5.3, 2635957
5.31, 2635957
5.32, 2635957
5.33, 2635957
5.34, 2635957
5.35, 2635957
5.36, 2635957
5.37, 2635957
5.38, 2635957
5.39, 2635957
5.4, 2635957
5.41, 2635957
5.42, 2635957
5.43, 2635957
5.44, 2635957
5.45, 2635957
5.46, 2635957
5.47, 2635957
5.48, 2635957
5.49, 2635957
5.5, 2635957
5.51, 2635957
5.52, 2635957
5.53, 2635957
5.54, 2635957
5.55, 2635957
5.56, 2635957
5.57, 2635957
5.58, 2635957
5.59, 2635957
5.6, 2635957
5.61, 2635957
5.62, 2635957
5.63, 2635957
5.64, 2635957
5.65, 2635957
5.66, 2635957
5.67, 2635957
5.68, 2635957
5.69, 2635957
5.7, 2635957
5.71, 2635957
5.72, 2635957
5.73, 2635957
5.74, 2635957
5.75, 2635957
5.76, 2635957
5.77, 2635957
5.78, 2635957
5.79, 2635957
5.8, 2635957
5.81, 2635957
5.82, 2635957
5.83, 2635957
5.84, 2635957
5.85, 2635957
5.86, 2635957
5.87, 2635957
5.88, 2635957
5.89, 2635957
5.9, 2635957
5.91, 2635957
5.92, 2635957
5.93, 2635957
5.94, 2635957
5.95, 2635957
5.96, 2635957
5.97, 2635957
5.98, 2635957
5.99, 2635957
6.0, 2635957
6.01, 2635957
6.02, 2635957
6.03, 2635957
6.04, 2635957
6.05, 2635957
6.06, 2635957
6.07, 2635957
6.08, 2635957
6.09, 2635957
6.1, 2635957
6.11, 2635957
6.12, 2635957
6.13, 2635957
6.14, 2635957
6.15, 2635957
6.16, 2635957
6.17, 2635957
6.18, 2635957
6.19, 2635957
6.2, 2635957
6.21, 2635957
6.22, 2635957
6.23, 2635957
6.24, 2635957
6.25, 2635957
6.26, 2635957
6.27, 2635957
6.28, 2635957
6.29, 2635957
6.3, 2635957
6.31, 2635957
6.32, 2635957
6.33, 2635957
6.34, 2635957
6.35, 2635957
6.36, 2635957
6.37, 2635957
6.38, 2635957
6.39, 2635957
6.4, 2635957
6.41, 2635957
6.42, 2635957
6.43, 2635957
6.44, 2635957
6.45, 2635957
6.46, 2635957
6.47, 2635957
6.48, 2635957
6.49, 2635957
6.5, 2635957
6.51, 2635957
6.52, 2635957
6.53, 2635957
6.54, 2635957
6.55, 2635957
6.56, 2635957
6.57, 2635957
6.58, 2635957
6.59, 2635957
6.6, 2635957
6.61, 2635957
6.62, 2635957
6.63, 2635957
6.64, 2635957
6.65, 2635957
6.66, 2635957
6.67, 2635957
6.68, 2635957
6.69, 2635957
6.7, 2635957
6.71, 2635957
6.72, 2635957
6.73, 2635957
6.74, 2635957
6.75, 2635957
6.76, 2635957
6.77, 2635957
6.78, 2635957
6.79, 2635957
6.8, 2635957
6.81, 2635957
6.82, 2635957
6.83, 2635957
6.84, 2635957
6.85, 2635957
6.86, 2635957
6.87, 2635957
6.88, 2635957
6.89, 2635957
6.9, 2635957
6.91, 2635957
6.92, 2635957
6.93, 2635957
6.94, 2635957
6.95, 2635957
6.96, 2635957
6.97, 2635957
6.98, 2635957
6.99, 2635957
7.0, 2635957
7.01, 2635957
7.02, 2635957
7.03, 2635957
7.04, 2635957
7.05, 2635957
7.06, 2635957
7.07, 2635957
7.08, 2635957
7.09, 2635957
7.1, 2635957
7.11, 2635957
7.12, 2635957
7.13, 2635957
7.14, 2635957
7.15, 2635957
7.16, 2635957
7.17, 2635957
7.18, 2635957
7.19, 2635957
7.2, 2635957
7.21, 2635957
7.22, 2635957
7.23, 2635957
7.24, 2635957
7.25, 2635957
7.26, 2635957
7.27, 2635957
7.28, 2635957
7.29, 2635957
7.3, 2635957
7.31, 2635957
7.32, 2635957
7.33, 2635957
7.34, 2635957
7.35, 2635957
7.36, 2635957
7.37, 2635957
7.38, 2635957
7.39, 2635957
7.4, 2635957
7.41, 2635957
7.42, 2635957
7.43, 2635957
7.44, 2635957
7.45, 2635957
7.46, 2635957
7.47, 2635957
7.48, 2635957
7.49, 2635957
7.5, 2635957
7.51, 2635957
7.52, 2635957
7.53, 2635957
7.54, 2635957
7.55, 2635957
7.56, 2635957
7.57, 2635957
7.58, 2635957
7.59, 2635957
7.6, 2635957
7.61, 2635957
7.62, 2635957
7.63, 2635957
7.64, 2635957
7.65, 2635957
7.66, 2635957
7.67, 2635957
7.68, 2635957
7.69, 2635957
7.7, 2635957
7.71, 2635957
7.72, 2635957
7.73, 2635957
7.74, 2635957
7.75, 2635957
7.76, 2635957
7.77, 2635957
7.78, 2635957
7.79, 2635957
7.8, 2635957
7.81, 2635957
7.82, 2635957
7.83, 2635957
7.84, 2635957
7.85, 2635957
7.86, 2635957
7.87, 2635957
7.88, 2635957
7.89, 2635957
7.9, 2635957
7.91, 2635957
7.92, 2635957
7.93, 2635957
7.94, 2635957
7.95, 2635957
7.96, 2635957
7.97, 2635957
7.98, 2635957
7.99, 2635957
8.0, 2635957
8.01, 2635957
8.02, 2635957
8.03, 2635957
8.04, 2635957
8.05, 2635957
8.06, 2635957
8.07, 2635957
8.08, 2635957
8.09, 2635957
8.1, 2635957
8.11, 2635957
8.12, 2635957
8.13, 2635957
8.14, 2635957
8.15, 2635957
8.16, 2635957
8.17, 2635957
8.18, 2635957
8.19, 2635957
8.2, 2635957
8.21, 2635957
8.22, 2635957
8.23, 2635957
8.24, 2635957
8.25, 2635957
8.26, 2635957
8.27, 2635957
8.28, 2635957
8.29, 2635957
8.3, 2635957
8.31, 2635957
8.32, 2635957
8.33, 2635957
8.34, 2635957
8.35, 2635957
8.36, 2635957
8.37, 2635957
8.38, 2635957
8.39, 2635957
8.4, 2635957
8.41, 2635957
8.42, 2635957
8.43, 2635957
8.44, 2635957
8.45, 2635957
8.46, 2635957
8.47, 2635957
8.48, 2635957
8.49, 2635957
8.5, 2635957
8.51, 2635957
8.52, 2635957
8.53, 2635957
8.54, 2635957
8.55, 2635957
8.56, 2635957
8.57, 2635957
8.58, 2635957
8.59, 2635957
8.6, 2635957
8.61, 2635957
8.62, 2635957
8.63, 2635957
8.64, 2635957
8.65, 2635957
8.66, 2635957
8.67, 2635957
8.68, 2635957
8.69, 2635957
8.7, 2635957
8.71, 2635957
8.72, 2635957
8.73, 2635957
8.74, 2635957
8.75, 2635957
8.76, 2635957
8.77, 2635957
8.78, 2635957
8.79, 2635957
8.8, 2635957
8.81, 2635957
8.82, 2635957
8.83, 2635957
8.84, 2635957
8.85, 2635957
8.86, 2635957
8.87, 2635957
8.88, 2635957
8.89, 2635957
8.9, 2635957
8.91, 2635957
8.92, 2635957
8.93, 2635957
8.94, 2635957
8.95, 2635957
8.96, 2635957
8.97, 2635957
8.98, 2635957
8.99, 2635957
9.0, 2635957
9.01, 2635957
9.02, 2635957
9.03, 2635957
9.04, 2635957
9.05, 2635957
9.06, 2635957
9.07, 2635957
9.08, 2635957
9.09, 2635957
9.1, 2635957
9.11, 2635957
9.12, 2635957
9.13, 2635957
9.14, 2635957
9.15, 2635957
9.16, 2635957
9.17, 2635957
9.18, 2635957
9.19, 2635957
9.2, 2635957
9.21, 2635957
9.22, 2635957
9.23, 2635957
9.24, 2635957
9.25, 2635957
9.26, 2635957
9.27, 2635957
9.28, 2635957
9.29, 2635957
9.3, 2635957
9.31, 2635957
9.32, 2635957
9.33, 2635957
9.34, 2635957
9.35, 2635957
9.36, 2635957
9.37, 2635957
9.38, 2635957
9.39, 2635957
9.4, 2635957
9.41, 2635957
9.42, 2635957
9.43, 2635957
9.44, 2635957
9.45, 2635957
9.46, 2635957
9.47, 2635957
9.48, 2635957
9.49, 2635957
9.5, 2635957
9.51, 2635957
9.52, 2635957
9.53, 2635957
9.54, 2635957
9.55, 2635957
9.56, 2635957
9.57, 2635957
9.58, 2635957
9.59, 2635957
9.6, 2635957
9.61, 2635957
9.62, 2635957
9.63, 2635957
9.64, 2635957
9.65, 2635957
9.66, 2635957
9.67, 2635957
9.68, 2635957
9.69, 2635957
9.7, 2635957
9.71, 2635957
9.72, 2635957
9.73, 2635957
9.74, 2635957
9.75, 2635957
9.76, 2635957
9.77, 2635957
9.78, 2635957
9.79, 2635957
9.8, 2635957
9.81, 2635957
9.82, 2635957
9.83, 2635957
9.84, 2635957
9.85, 2635957
9.86, 2635957
9.87, 2635957
9.88, 2635957
9.89, 2635957
9.9, 2635957
9.91, 2635957
9.92, 2635957
9.93, 2625686
9.94, 2625686
9.95, 2625686
9.96, 2625686
9.97, 2625686
9.98, 2625686
9.99, 2625686
10.0, 2625686
10.01, 2625686
10.02, 2625686
10.03, 2625686
10.04, 2625686
10.05, 2625686
10.06, 2625686
10.07, 2625686
10.08, 2625686
10.09, 2625686
10.1, 2625686
10.11, 2625686
10.12, 2625686
10.13, 2625686
10.14, 2625686
10.15, 2625686
10.16, 2625686
10.17, 2625686
10.18, 2625686
10.19, 2625686
10.2, 2625686
10.21, 2625686
10.22, 2625686
10.23, 2625686
10.24, 2625686
10.25, 2625686
10.26, 2625686
10.27, 2625686
10.28, 2625686
10.29, 2625686
10.3, 2625686
10.31, 2625686
10.32, 2625686
10.33, 2625686
10.34, 2625686
10.35, 2625686
10.36, 2625686
10.37, 2625686
10.38, 2625686
10.39, 2625686
10.4, 2625686
10.41, 2625686
10.42, 2625686
10.43, 2625686
10.44, 2625686
10.45, 2625686
10.46, 2625686
10.47, 2625686
10.48, 2625686
10.49, 2625686
10.5, 2625686
10.51, 2625686
10.52, 2625686
10.53, 2625686
10.54, 2625686
10.55, 2625686
10.56, 2625686
10.57, 2625686
10.58, 2625686
10.59, 2625686
10.6, 2625686
10.61, 2625686
10.62, 2625686
10.63, 2625686
10.64, 2625686
10.65, 2625686
10.66, 2625686
10.67, 2625686
10.68, 2625686
10.69, 2625686
10.7, 2625686
10.71, 2625686
10.72, 2625686
10.73, 2625686
10.74, 2625686
10.75, 2625686
10.76, 2625686
10.77, 2625686
10.78, 2625686
10.79, 2625686
10.8, 2625686
10.81, 2625686
10.82, 2625686
10.83, 2625686
10.84, 2625686
10.85, 2625686
10.86, 2625686
10.87, 2625686
10.88, 2625686
10.89, 2625686
10.9, 2625686
10.91, 2625686
10.92, 2625686
10.93, 2625686
10.94, 2625686
10.95, 2625686
10.96, 2625686
10.97, 2625686
10.98, 2625686
10.99, 2625686
11.0, 2625686
11.01, 2625686
11.02, 2625686
11.03, 2625686
11.04, 2625686
11.05, 2625686
11.06, 2625686
11.07, 2625686
11.08, 2625686
11.09, 2625686
11.1, 2625686
11.11, 2625686
11.12, 2625686
11.13, 2625686
11.14, 2625686
11.15, 2625686
11.16, 2625686
11.17, 2625686
11.18, 2625686
11.19, 2625686
11.2, 2625686
11.21, 2625686
11.22, 2625686
11.23, 2625686
11.24, 2625686
11.25, 2625686
11.26, 2625686
11.27, 2625686
11.28, 2625686
11.29, 2625686
11.3, 2625686
11.31, 2625686
11.32, 2625686
11.33, 2625686
11.34, 2625686
11.35, 2625686
11.36, 2625686
11.37, 2625686
11.38, 2625686
11.39, 2625686
11.4, 2625686
11.41, 2625686
11.42, 2625686
11.43, 2625686
11.44, 2625686
11.45, 2625686
11.46, 2625686
11.47, 2625686
11.48, 2625686
11.49, 2625686
11.5, 2625686
11.51, 2625686
11.52, 2625686
11.53, 2625686
11.54, 2625686
11.55, 2625686
11.56, 2625686
11.57, 2625686
11.58, 2625686
11.59, 2625686
11.6, 2625686
11.61, 2625686
11.62, 2625686
11.63, 2625686
11.64, 2625686
11.65, 2625686
11.66, 2625686
11.67, 2625686
11.68, 2625686
11.69, 2625686
11.7, 2625686
11.71, 2625686
11.72, 2625686
11.73, 2625686
11.74, 2625686
11.75, 2625686
11.76, 2625686
11.77, 2625686
11.78, 2625686
11.79, 2625686
11.8, 2625686
11.81, 2625686
11.82, 2625686
11.83, 2625686
11.84, 2625686
11.85, 2625686
11.86, 2625686
11.87, 2625686
11.88, 2625686
11.89, 2625686
11.9, 2625686
11.91, 2625686
11.92, 2625686
11.93, 2625686
11.94, 2625686
11.95, 2625686
11.96, 2625686
11.97, 2625686
11.98, 2625686
11.99, 2625686
12.0, 2625686
12.01, 2625686
12.02, 2625686
12.03, 2625686
12.04, 2625686
12.05, 2625686
12.06, 2625686
12.07, 2625686
12.08, 2625686
12.09, 2625686
12.1, 2625686
12.11, 2625686
12.12, 2625686
12.13, 2625686
12.14, 2625686
12.15, 2625686
12.16, 2625686
12.17, 2625686
12.18, 2625686
12.19, 2625686
12.2, 2625686
12.21, 2625686
12.22, 2625686
12.23, 2625686
12.24, 2625686
12.25, 2625686
12.26, 2625686
12.27, 2625686
12.28, 2625686
12.29, 2625686
12.3, 2625686
12.31, 2625686
12.32, 2625686
12.33, 2625686
12.34, 2625686
12.35, 2625686
12.36, 2625686
12.37, 2625686
12.38, 2625686
12.39, 2625686
12.4, 2625686
12.41, 2625686
12.42, 2625686
12.43, 2625686
12.44, 2625686
12.45, 2625686
12.46, 2625686
12.47, 2625686
12.48, 2625686
12.49, 2625686
12.5, 2625686
12.51, 2625686
12.52, 2625686
12.53, 2625686
12.54, 2625686
12.55, 2625686
12.56, 2625686
12.57, 2625686
12.58, 2625686
12.59, 2625686
12.6, 2625686
12.61, 2625686
12.62, 2625686
12.63, 2625686
12.64, 2625686
12.65, 2625686
12.66, 2625686
12.67, 2625686
12.68, 2625686
12.69, 2625686
12.7, 2625686
12.71, 2625686
12.72, 2625686
12.73, 2625686
12.74, 2625686
12.75, 2625686
12.76, 2625686
12.77, 2625686
12.78, 2625686
12.79, 2625686
12.8, 2625686
12.81, 2625686
12.82, 2625686
12.83, 2625686
12.84, 2625686
12.85, 2625686
12.86, 2625686
12.87, 2625686
12.88, 2625686
12.89, 2625686
12.9, 2625686
12.91, 2625686
12.92, 2625686
12.93, 2625686
12.94, 2625686
12.95, 2625686
12.96, 2625686
12.97, 2625686
12.98, 2625686
12.99, 2625686
13.0, 2625686
13.01, 2625686
13.02, 2625686
13.03, 2625686
13.04, 2625686
13.05, 2625686
13.06, 2625686
13.07, 2625686
13.08, 2625686
13.09, 2625686
13.1, 2625686
13.11, 2625686
13.12, 2625686
13.13, 2625686
13.14, 2625686
13.15, 2625686
13.16, 2625686
13.17, 2625686
13.18, 2625686
13.19, 2625686
13.2, 2625686
13.21, 2625686
13.22, 2625686
13.23, 2625686
13.24, 2625686
13.25, 2625686
13.26, 2625686
13.27, 2625686
13.28, 2625686
13.29, 2625686
13.3, 2625686
13.31, 2625686
13.32, 2625686
13.33, 2625686
13.34, 2625686
13.35, 2625686
13.36, 2625686
13.37, 2625686
13.38, 2625686
13.39, 2625686
13.4, 2625686
13.41, 2625686
13.42, 2625686
13.43, 2625686
13.44, 2625686
13.45, 2625686
13.46, 2625686
13.47, 2625686
13.48, 2625686
13.49, 2625686
13.5, 2625686
13.51, 2625686
13.52, 2625686
13.53, 2625686
13.54, 2625686
13.55, 2625686
13.56, 2625686
13.57, 2625686
13.58, 2625686
13.59, 2625686
13.6, 2625686
13.61, 2625686
13.62, 2625686
13.63, 2625686
13.64, 2625686
13.65, 2625686
13.66, 2625686
13.67, 2625686
13.68, 2625686
13.69, 2625686
13.7, 2625686
13.71, 2625686
13.72, 2625686
13.73, 2625686
13.74, 2625686
13.75, 2625686
13.76, 2625686
13.77, 2625686
13.78, 2625686
13.79, 2625686
13.8, 2625686
13.81, 2625686
13.82, 2625686
13.83, 2625686
13.84, 2625686
13.85, 2625686
13.86, 2625686
13.87, 2625686
13.88, 2625686
13.89, 2625686
13.9, 2625686
13.91, 2625686
13.92, 2625686
13.93, 2625686
13.94, 2625686
13.95, 2625686
13.96, 2625686
13.97, 2625686
13.98, 2625686
13.99, 2625686
14.0, 2625686
14.01, 2625686
14.02, 2625686
14.03, 2625686
14.04, 2625686
14.05, 2625686
14.06, 2625686
14.07, 2625686
14.08, 2625686
14.09, 2625686
14.1, 2625686
14.11, 2625686
14.12, 2625686
14.13, 2625686
14.14, 2625686
14.15, 2625686
14.16, 2625686
14.17, 2625686
14.18, 2625686
14.19, 2625686
14.2, 2625686
14.21, 2625686
14.22, 2625686
14.23, 2625686
14.24, 2625686
14.25, 2625686
14.26, 2625686
14.27, 2625686
14.28, 2625686
14.29, 2625686
14.3, 2625686
14.31, 2625686
14.32, 2625686
14.33, 2625686
14.34, 2625686
14.35, 2625686
14.36, 2625686
14.37, 2625686
14.38, 2625686
14.39, 2625686
14.4, 2625686
14.41, 2625686
14.42, 2625686
14.43, 2625686
14.44, 2625686
14.45, 2625686
14.46, 2625686
14.47, 2625686
14.48, 2625686
14.49, 2625686
14.5, 2625686
14.51, 2625686
14.52, 2625686
14.53, 2625686
14.54, 2625686
14.55, 2625686
14.56, 2625686
14.57, 2625686
14.58, 2625686
14.59, 2625686
14.6, 2625686
14.61, 2625686
14.62, 2625686
14.63, 2625686
14.64, 2625686
14.65, 2625686
14.66, 2625686
14.67, 2625686
14.68, 2625686
14.69, 2625686
14.7, 2625686
14.71, 2625686
14.72, 2625686
14.73, 2625686
14.74, 2625686
14.75, 2625686
14.76, 2625686
14.77, 2625686
14.78, 2625686
14.79, 2625686
14.8, 2625686
14.81, 2625686
14.82, 2625686
14.83, 2625686
14.84, 2625686
14.85, 2625686
14.86, 2625686
14.87, 2625686
14.88, 2625686
14.89, 2625686
14.9, 2625686
14.91, 2625686
14.92, 2625686
14.93, 2625686
14.94, 2625686
14.95, 2625686
14.96, 2625686
14.97, 2625686
14.98, 2625686
14.99, 2625686
15.0, 2625686
15.01, 2625686
15.02, 2625686
15.03, 2625686
15.04, 2625686
15.05, 2625686
15.06, 2625686
15.07, 2625686
15.08, 2625686
15.09, 2625686
15.1, 2625686
15.11, 2625686
15.12, 2625686
15.13, 2625686
15.14, 2625686
15.15, 2625686
15.16, 2625686
15.17, 2625686
15.18, 2625686
15.19, 2625686
15.2, 2625686
15.21, 2625686
15.22, 2625686
15.23, 2625686
15.24, 2625686
15.25, 2625686
15.26, 2625686
15.27, 2625686
15.28, 2592212
15.29, 2592212
15.3, 2592212
15.31, 2592212
15.32, 2592212
15.33, 2592212
15.34, 2592212
15.35, 2592212
15.36, 2592212
15.37, 2592212
15.38, 2592212
15.39, 2592212
15.4, 2592212
15.41, 2592212
15.42, 2592212
15.43, 2592212
15.44, 2592212
15.45, 2592212
15.46, 2592212
15.47, 2592212
15.48, 2592212
15.49, 2592212
15.5, 2592212
15.51, 2592212
15.52, 2592212
15.53, 2592212
15.54, 2592212
15.55, 2592212
15.56, 2592212
15.57, 2592212
15.58, 2592212
15.59, 2592212
15.6, 2592212
15.61, 2592212
15.62, 2592212
15.63, 2592212
15.64, 2592212
15.65, 2592212
15.66, 2592212
15.67, 2592212
15.68, 2592212
15.69, 2592212
15.7, 2592212
15.71, 2592212
15.72, 2592212
15.73, 2592212
15.74, 2592212
15.75, 2592212
15.76, 2592212
15.77, 2592212
15.78, 2592212
15.79, 2592212
15.8, 2592212
15.81, 2592212
15.82, 2592212
15.83, 2592212
15.84, 2592212
15.85, 2592212
15.86, 2592212
15.87, 2592212
15.88, 2592212
15.89, 2592212
15.9, 2592212
15.91, 2592212
15.92, 2592212
15.93, 2592212
15.94, 2592212
15.95, 2592212
15.96, 2592212
15.97, 2592212
15.98, 2592212
15.99, 2592212
16.0, 2592212
16.01, 2592212
16.02, 2592212
16.03, 2592212
16.04, 2592212
16.05, 2592212
16.06, 2592212
16.07, 2592212
16.08, 2592212
16.09, 2592212
16.1, 2592212
16.11, 2592212
16.12, 2592212
16.13, 2592212
16.14, 2592212
16.15, 2592212
16.16, 2592212
16.17, 2592212
16.18, 2592212
16.19, 2592212
16.2, 2592212
16.21, 2592212
16.22, 2592212
16.23, 2592212
16.24, 2592212
16.25, 2592212
16.26, 2592212
16.27, 2592212
16.28, 2592212
16.29, 2592212
16.3, 2592212
16.31, 2592212
16.32, 2592212
16.33, 2592212
16.34, 2592212
16.35, 2592212
16.36, 2592212
16.37, 2592212
16.38, 2592212
16.39, 2592212
16.4, 2592212
16.41, 2592212
16.42, 2592212
16.43, 2592212
16.44, 2592212
16.45, 2592212
16.46, 2592212
16.47, 2592212
16.48, 2592212
16.49, 2592212
16.5, 2592212
16.51, 2592212
16.52, 2592212
16.53, 2592212
16.54, 2592212
16.55, 2592212
16.56, 2592212
16.57, 2592212
16.58, 2592212
16.59, 2592212
16.6, 2592212
16.61, 2592212
16.62, 2592212
16.63, 2592212
16.64, 2592212
16.65, 2592212
16.66, 2592212
16.67, 2592212
16.68, 2592212
16.69, 2592212
16.7, 2592212
16.71, 2592212
16.72, 2592212
16.73, 2592212
16.74, 2592212
16.75, 2592212
16.76, 2592212
16.77, 2592212
16.78, 2592212
16.79, 2592212
16.8, 2592212
16.81, 2592212
16.82, 2592212
16.83, 2592212
16.84, 2592212
16.85, 2592212
16.86, 2592212
16.87, 2592212
16.88, 2592212
16.89, 2592212
16.9, 2592212
16.91, 2592212
16.92, 2592212
16.93, 2592212
16.94, 2592212
16.95, 2592212
16.96, 2592212
16.97, 2592212
16.98, 2592212
16.99, 2592212
17.0, 2592212
17.01, 2592212
17.02, 2592212
17.03, 2592212
17.04, 2592212
17.05, 2592212
17.06, 2592212
17.07, 2592212
17.08, 2592212
17.09, 2592212
17.1, 2592212
17.11, 2592212
17.12, 2592212
17.13, 2592212
17.14, 2592212
17.15, 2592212
17.16, 2592212
17.17, 2592212
17.18, 2592212
17.19, 2592212
17.2, 2592212
17.21, 2592212
17.22, 2592212
17.23, 2592212
17.24, 2592212
17.25, 2592212
17.26, 2592212
17.27, 2592212
17.28, 2592212
17.29, 2592212
17.3, 2592212
17.31, 2592212
17.32, 2592212
17.33, 2592212
17.34, 2592212
17.35, 2592212
17.36, 2592212
17.37, 2592212
17.38, 2592212
17.39, 2592212
17.4, 2592212
17.41, 2592212
17.42, 2592212
17.43, 2592212
17.44, 2592212
17.45, 2592212
17.46, 2592212
17.47, 2592212
17.48, 2592212
17.49, 2592212
17.5, 2592212
17.51, 2592212
17.52, 2592212
17.53, 2592212
17.54, 2592212
17.55, 2592212
17.56, 2592212
17.57, 2592212
17.58, 2592212
17.59, 2592212
17.6, 2592212
17.61, 2592212
17.62, 2592212
17.63, 2592212
17.64, 2592212
17.65, 2592212
17.66, 2592212
17.67, 2592212
17.68, 2592212
17.69, 2592212
17.7, 2592212
17.71, 2592212
17.72, 2592212
17.73, 2592212
17.74, 2592212
17.75, 2592212
17.76, 2592212
17.77, 2592212
17.78, 2592212
17.79, 2592212
17.8, 2592212
17.81, 2592212
17.82, 2592212
17.83, 2592212
17.84, 2592212
17.85, 2592212
17.86, 2592212
17.87, 2592212
17.88, 2592212
17.89, 2592212
17.9, 2592212
17.91, 2592212
17.92, 2592212
17.93, 2592212
17.94, 2592212
17.95, 2592212
17.96, 2592212
17.97, 2592212
17.98, 2592212
17.99, 2592212
18.0, 2592212
18.01, 2592212
18.02, 2592212
18.03, 2592212
18.04, 2592212
18.05, 2592212
18.06, 2592212
18.07, 2592212
18.08, 2592212
18.09, 2592212
18.1, 2592212
18.11, 2592212
18.12, 2592212
18.13, 2592212
18.14, 2592212
18.15, 2592212
18.16, 2592212
18.17, 2592212
18.18, 2592212
18.19, 2592212
18.2, 2592212
18.21, 2592212
18.22, 2592212
18.23, 2592212
18.24, 2592212
18.25, 2592212
18.26, 2592212
18.27, 2592212
18.28, 2592212
18.29, 2592212
18.3, 2592212
18.31, 2592212
18.32, 2592212
18.33, 2592212
18.34, 2592212
18.35, 2592212
18.36, 2592212
18.37, 2592212
18.38, 2592212
18.39, 2592212
18.4, 2592212
18.41, 2592212
18.42, 2592212
18.43, 2592212
18.44, 2592212
18.45, 2592212
18.46, 2592212
18.47, 2592212
18.48, 2592212
18.49, 2592212
18.5, 2592212
18.51, 2592212
18.52, 2592212
18.53, 2592212
18.54, 2592212
18.55, 2592212
18.56, 2592212
18.57, 2592212
18.58, 2592212
18.59, 2592212
18.6, 2592212
18.61, 2592212
18.62, 2592212
18.63, 2592212
18.64, 2592212
18.65, 2592212
18.66, 2592212
18.67, 2592212
18.68, 2592212
18.69, 2592212
18.7, 2592212
18.71, 2592212
18.72, 2592212
18.73, 2592212
18.74, 2592212
18.75, 2592212
18.76, 2592212
18.77, 2592212
18.78, 2592212
18.79, 2592212
18.8, 2592212
18.81, 2592212
18.82, 2592212
18.83, 2592212
18.84, 2592212
18.85, 2592212
18.86, 2592212
18.87, 2592212
18.88, 2592212
18.89, 2592212
18.9, 2592212
18.91, 2592212
18.92, 2592212
18.93, 2592212
18.94, 2592212
18.95, 2592212
18.96, 2592212
18.97, 2592212
18.98, 2592212
18.99, 2592212
19.0, 2592212
19.01, 2592212
19.02, 2592212
19.03, 2592212
19.04, 2592212
19.05, 2592212
19.06, 2592212
19.07, 2592212
19.08, 2592212
19.09, 2592212
19.1, 2592212
19.11, 2592212
19.12, 2592212
19.13, 2592212
19.14, 2592212
19.15, 2592212
19.16, 2592212
19.17, 2592212
19.18, 2592212
19.19, 2592212
19.2, 2592212
19.21, 2592212
19.22, 2592212
19.23, 2592212
19.24, 2592212
19.25, 2592212
19.26, 2592212
19.27, 2592212
19.28, 2592212
19.29, 2592212
19.3, 2592212
19.31, 2592212
19.32, 2592212
19.33, 2592212
19.34, 2592212
19.35, 2592212
19.36, 2592212
19.37, 2592212
19.38, 2592212
19.39, 2592212
19.4, 2592212
19.41, 2592212
19.42, 2592212
19.43, 2592212
19.44, 2592212
19.45, 2592212
19.46, 2592212
19.47, 2592212
19.48, 2592212
19.49, 2592212
19.5, 2592212
19.51, 2592212
19.52, 2592212
19.53, 2592212
19.54, 2592212
19.55, 2592212
19.56, 2592212
19.57, 2592212
19.58, 2592212
19.59, 2592212
19.6, 2592212
19.61, 2592212
19.62, 2592212
19.63, 2592212
19.64, 2592212
19.65, 2592212
19.66, 2592212
19.67, 2592212
19.68, 2592212
19.69, 2592212
19.7, 2592212
19.71, 2592212
19.72, 2592212
19.73, 2592212
19.74, 2592212
19.75, 2592212
19.76, 2592212
19.77, 2592212
19.78, 2592212
19.79, 2592212
19.8, 2592212
19.81, 2592212
19.82, 2592212
19.83, 2592212
19.84, 2592212
19.85, 2592212
19.86, 2592212
19.87, 2592212
19.88, 2592212
19.89, 2592212
19.9, 2592212
19.91, 2592212
19.92, 2592212
19.93, 2592212
19.94, 2592212
19.95, 2592212
19.96, 2592212
19.97, 2592212
19.98, 2592212
19.99, 2592212
20.0, 2592212
20.01, 2592212
20.02, 2592212
20.03, 2592212
20.04, 2592212
20.05, 2592212
20.06, 2592212
20.07, 2592212
20.08, 2592212
20.09, 2592212
20.1, 2592212
20.11, 2592212
20.12, 2592212
20.13, 2592212
20.14, 2592212
20.15, 2592212
20.16, 2592212
20.17, 2592212
20.18, 2592212
20.19, 2592212
20.2, 2592212
20.21, 2592212
20.22, 2592212
20.23, 2592212
20.24, 2592212
20.25, 2592212
20.26, 2592212
20.27, 2592212
20.28, 2592212
20.29, 2592212
20.3, 2592212
20.31, 2592212
20.32, 2592212
20.33, 2592212
20.34, 2592212
20.35, 2592212
20.36, 2592212
20.37, 2592212
20.38, 2592212
20.39, 2592212
20.4, 2592212
20.41, 2592212
20.42, 2592212
20.43, 2592212
20.44, 2592212
20.45, 2592212
20.46, 2592212
20.47, 2592212
20.48, 2592212
20.49, 2592212
20.5, 2592212
20.51, 2592212
20.52, 2592212
20.53, 2592212
20.54, 2592212
20.55, 2592212
20.56, 2592212
20.57, 2592212
20.58, 2592212
20.59, 2592212
20.6, 2592212
20.61, 2592212
20.62, 2592212
20.63, 2494377
20.64, 2494377
20.65, 2494377
20.66, 2494377
20.67, 2494377
20.68, 2494377
20.69, 2494377
20.7, 2494377
20.71, 2494377
20.72, 2494377
20.73, 2494377
20.74, 2494377
20.75, 2494377
20.76, 2494377
20.77, 2494377
20.78, 2494377
20.79, 2494377
20.8, 2494377
20.81, 2494377
20.82, 2494377
20.83, 2494377
20.84, 2494377
20.85, 2494377
20.86, 2494377
20.87, 2494377
20.88, 2494377
20.89, 2494377
20.9, 2494377
20.91, 2494377
20.92, 2494377
20.93, 2494377
20.94, 2494377
20.95, 2494377
20.96, 2494377
20.97, 2494377
20.98, 2494377
20.99, 2494377
21.0, 2494377
21.01, 2494377
21.02, 2494377
21.03, 2494377
21.04, 2494377
21.05, 2494377
21.06, 2494377
21.07, 2494377
21.08, 2494377
21.09, 2494377
21.1, 2494377
21.11, 2494377
21.12, 2494377
21.13, 2494377
21.14, 2494377
21.15, 2494377
21.16, 2494377
21.17, 2494377
21.18, 2494377
21.19, 2494377
21.2, 2494377
21.21, 2494377
21.22, 2494377
21.23, 2494377
21.24, 2494377
21.25, 2494377
21.26, 2494377
21.27, 2494377
21.28, 2494377
21.29, 2494377
21.3, 2494377
21.31, 2494377
21.32, 2494377
21.33, 2494377
21.34, 2494377
21.35, 2494377
21.36, 2494377
21.37, 2494377
21.38, 2494377
21.39, 2494377
21.4, 2494377
21.41, 2494377
21.42, 2494377
21.43, 2494377
21.44, 2494377
21.45, 2494377
21.46, 2494377
21.47, 2494377
21.48, 2494377
21.49, 2494377
21.5, 2494377
21.51, 2494377
21.52, 2494377
21.53, 2494377
21.54, 2494377
21.55, 2494377
21.56, 2494377
21.57, 2494377
21.58, 2494377
21.59, 2494377
21.6, 2494377
21.61, 2494377
21.62, 2494377
21.63, 2494377
21.64, 2494377
21.65, 2494377
21.66, 2494377
21.67, 2494377
21.68, 2494377
21.69, 2494377
21.7, 2494377
21.71, 2494377
21.72, 2494377
21.73, 2494377
21.74, 2494377
21.75, 2494377
21.76, 2494377
21.77, 2494377
21.78, 2494377
21.79, 2494377
21.8, 2494377
21.81, 2494377
21.82, 2494377
21.83, 2494377
21.84, 2494377
21.85, 2494377
21.86, 2494377
21.87, 2494377
21.88, 2494377
21.89, 2494377
21.9, 2494377
21.91, 2494377
21.92, 2494377
21.93, 2494377
21.94, 2494377
21.95, 2494377
21.96, 2494377
21.97, 2494377
21.98, 2494377
21.99, 2494377
22.0, 2494377
22.01, 2494377
22.02, 2494377
22.03, 2494377
22.04, 2494377
22.05, 2494377
22.06, 2494377
22.07, 2494377
22.08, 2494377
22.09, 2494377
22.1, 2494377
22.11, 2494377
22.12, 2494377
22.13, 2494377
22.14, 2494377
22.15, 2494377
22.16, 2494377
22.17, 2494377
22.18, 2494377
22.19, 2494377
22.2, 2494377
22.21, 2494377
22.22, 2494377
22.23, 2494377
22.24, 2494377
22.25, 2494377
22.26, 2494377
22.27, 2494377
22.28, 2494377
22.29, 2494377
22.3, 2494377
22.31, 2494377
22.32, 2494377
22.33, 2494377
22.34, 2494377
22.35, 2494377
22.36, 2494377
22.37, 2494377
22.38, 2494377
22.39, 2494377
22.4, 2494377
22.41, 2494377
22.42, 2494377
22.43, 2494377
22.44, 2494377
22.45, 2494377
22.46, 2494377
22.47, 2494377
22.48, 2494377
22.49, 2494377
22.5, 2494377
22.51, 2494377
22.52, 2494377
22.53, 2494377
22.54, 2494377
22.55, 2494377
22.56, 2494377
22.57, 2494377
22.58, 2494377
22.59, 2494377
22.6, 2494377
22.61, 2494377
22.62, 2494377
22.63, 2494377
22.64, 2494377
22.65, 2494377
22.66, 2494377
22.67, 2494377
22.68, 2494377
22.69, 2494377
22.7, 2494377
22.71, 2494377
22.72, 2494377
22.73, 2494377
22.74, 2494377
22.75, 2494377
22.76, 2494377
22.77, 2494377
22.78, 2494377
22.79, 2494377
22.8, 2494377
22.81, 2494377
22.82, 2494377
22.83, 2494377
22.84, 2494377
22.85, 2494377
22.86, 2494377
22.87, 2494377
22.88, 2494377
22.89, 2494377
22.9, 2494377
22.91, 2494377
22.92, 2494377
22.93, 2494377
22.94, 2494377
22.95, 2494377
22.96, 2494377
22.97, 2494377
22.98, 2494377
22.99, 2494377
23.0, 2494377
23.01, 2494377
23.02, 2494377
23.03, 2494377
23.04, 2494377
23.05, 2494377
23.06, 2494377
23.07, 2494377
23.08, 2494377
23.09, 2494377
23.1, 2494377
23.11, 2494377
23.12, 2494377
23.13, 2494377
23.14, 2494377
23.15, 2494377
23.16, 2494377
23.17, 2494377
23.18, 2494377
23.19, 2494377
23.2, 2494377
23.21, 2494377
23.22, 2494377
23.23, 2494377
23.24, 2494377
23.25, 2494377
23.26, 2494377
23.27, 2494377
23.28, 2494377
23.29, 2494377
23.3, 2494377
23.31, 2494377
23.32, 2494377
23.33, 2494377
23.34, 2494377
23.35, 2494377
23.36, 2494377
23.37, 2494377
23.38, 2494377
23.39, 2494377
23.4, 2494377
23.41, 2494377
23.42, 2494377
23.43, 2494377
23.44, 2494377
23.45, 2494377
23.46, 2494377
23.47, 2494377
23.48, 2494377
23.49, 2494377
23.5, 2494377
23.51, 2494377
23.52, 2494377
23.53, 2494377
23.54, 2494377
23.55, 2494377
23.56, 2494377
23.57, 2494377
23.58, 2494377
23.59, 2494377
23.6, 2494377
23.61, 2494377
23.62, 2494377
23.63, 2494377
23.64, 2494377
23.65, 2494377
23.66, 2494377
23.67, 2494377
23.68, 2494377
23.69, 2494377
23.7, 2494377
23.71, 2494377
23.72, 2494377
23.73, 2494377
23.74, 2494377
23.75, 2494377
23.76, 2494377
23.77, 2494377
23.78, 2494377
23.79, 2494377
23.8, 2494377
23.81, 2494377
23.82, 2494377
23.83, 2494377
23.84, 2494377
23.85, 2494377
23.86, 2494377
23.87, 2494377
23.88, 2494377
23.89, 2494377
23.9, 2494377
23.91, 2494377
23.92, 2494377
23.93, 2494377
23.94, 2494377
23.95, 2494377
23.96, 2494377
23.97, 2494377
23.98, 2494377
23.99, 2494377
24.0, 2494377
24.01, 2494377
24.02, 2494377
24.03, 2494377
24.04, 2494377
24.05, 2494377
24.06, 2494377
24.07, 2494377
24.08, 2494377
24.09, 2494377
24.1, 2494377
24.11, 2494377
24.12, 2494377
24.13, 2494377
24.14, 2494377
24.15, 2494377
24.16, 2494377
24.17, 2494377
24.18, 2494377
24.19, 2494377
24.2, 2494377
24.21, 2494377
24.22, 2494377
24.23, 2494377
24.24, 2494377
24.25, 2494377
24.26, 2494377
24.27, 2494377
24.28, 2494377
24.29, 2494377
24.3, 2494377
24.31, 2494377
24.32, 2494377
24.33, 2494377
24.34, 2494377
24.35, 2494377
24.36, 2494377
24.37, 2494377
24.38, 2494377
24.39, 2494377
24.4, 2494377
24.41, 2494377
24.42, 2494377
24.43, 2494377
24.44, 2494377
24.45, 2494377
24.46, 2494377
24.47, 2494377
24.48, 2494377
24.49, 2494377
24.5, 2494377
24.51, 2494377
24.52, 2494377
24.53, 2494377
24.54, 2494377
24.55, 2494377
24.56, 2494377
24.57, 2494377
24.58, 2494377
24.59, 2494377
24.6, 2494377
24.61, 2494377
24.62, 2494377
24.63, 2494377
24.64, 2494377
24.65, 2494377
24.66, 2494377
24.67, 2494377
24.68, 2494377
24.69, 2494377
24.7, 2494377
24.71, 2494377
24.72, 2494377
24.73, 2494377
24.74, 2494377
24.75, 2494377
24.76, 2494377
24.77, 2494377
24.78, 2494377
24.79, 2494377
24.8, 2494377
24.81, 2494377
24.82, 2494377
24.83, 2494377
24.84, 2494377
24.85, 2494377
24.86, 2494377
24.87, 2494377
24.88, 2494377
24.89, 2494377
24.9, 2494377
24.91, 2494377
24.92, 2494377
24.93, 2494377
24.94, 2494377
24.95, 2494377
24.96, 2494377
24.97, 2494377
24.98, 2494377
24.99, 2494377
25.0, 2494377
25.01, 2494377
25.02, 2494377
25.03, 2494377
25.04, 2494377
25.05, 2494377
25.06, 2494377
25.07, 2494377
25.08, 2494377
25.09, 2494377
25.1, 2494377
25.11, 2494377
25.12, 2494377
25.13, 2494377
25.14, 2494377
25.15, 2494377
25.16, 2494377
25.17, 2494377
25.18, 2494377
25.19, 2494377
25.2, 2494377
25.21, 2494377
25.22, 2494377
25.23, 2494377
25.24, 2494377
25.25, 2494377
25.26, 2494377
25.27, 2494377
25.28, 2494377
25.29, 2494377
25.3, 2494377
25.31, 2494377
25.32, 2494377
25.33, 2494377
25.34, 2494377
25.35, 2494377
25.36, 2494377
25.37, 2494377
25.38, 2494377
25.39, 2494377
25.4, 2494377
25.41, 2494377
25.42, 2494377
25.43, 2494377
25.44, 2494377
25.45, 2494377
25.46, 2494377
25.47, 2494377
25.48, 2494377
25.49, 2494377
25.5, 2494377
25.51, 2494377
25.52, 2494377
25.53, 2494377
25.54, 2494377
25.55, 2494377
25.56, 2494377
25.57, 2494377
25.58, 2494377
25.59, 2494377
25.6, 2494377
25.61, 2494377
25.62, 2494377
25.63, 2494377
25.64, 2494377
25.65, 2494377
25.66, 2494377
25.67, 2494377
25.68, 2494377
25.69, 2494377
25.7, 2494377
25.71, 2494377
25.72, 2494377
25.73, 2494377
25.74, 2494377
25.75, 2494377
25.76, 2494377
25.77, 2494377
25.78, 2494377
25.79, 2494377
25.8, 2494377
25.81, 2494377
25.82, 2494377
25.83, 2494377
25.84, 2494377
25.85, 2494377
25.86, 2494377
25.87, 2494377
25.88, 2494377
25.89, 2494377
25.9, 2494377
25.91, 2494377
25.92, 2494377
25.93, 2494377
25.94, 2494377
25.95, 2494377
25.96, 2494377
25.97, 2494377
25.98, 2494377
25.99, 2494377
26.0, 2494377
26.01, 2494377
26.02, 2494377
26.03, 2494377
26.04, 2494377
26.05, 2494377
26.06, 2494377
26.07, 2494377
26.08, 2494377
26.09, 2494377
26.1, 2494377
26.11, 2494377
26.12, 2494377
26.13, 2494377
26.14, 2494377
26.15, 2494377
26.16, 2494377
26.17, 2494377
26.18, 2494377
26.19, 2494377
26.2, 2494377
26.21, 2494377
26.22, 2494377
26.23, 2494377
26.24, 2494377
26.25, 2494377
26.26, 2494377
26.29, 2494377
26.3, 2494377
26.31, 2494377
26.32, 2494377
26.33, 2494377
26.34, 2494377
26.35, 2494377
26.36, 2494377
26.37, 2494377
26.38, 2494377
26.39, 2494377
26.4, 2494377
26.41, 2494377
26.42, 2494377
26.43, 2494377
26.44, 2494377
26.45, 2494377
26.46, 2494377
26.47, 2494377
26.48, 2494377
26.49, 2494377
26.5, 2494377
26.51, 2494377
26.52, 2494377
26.53, 2494377
26.54, 2494377
26.55, 2494377
26.56, 2494377
26.57, 2494377
26.58, 2494377
26.59, 2494377
26.6, 2494377
26.61, 2494377
26.62, 2494377
26.63, 2494377
26.64, 2494377
26.65, 2494377
26.66, 2494377
26.67, 2494377
26.68, 2494377
26.69, 2494377
26.7, 2494377
26.71, 2494377
26.72, 2494377
26.73, 2494377
26.74, 2494377
26.75, 2494377
26.76, 2494377
26.77, 2494377
26.78, 2494377
26.79, 2494377
26.8, 2494377
26.81, 2494377
26.82, 2494377
26.83, 2494377
26.84, 2494377
26.85, 2494377
26.86, 2494377
26.87, 2494377
26.88, 2494377
26.89, 2494377
26.9, 2494377
26.91, 2494377
26.92, 2494377
26.93, 2494377
26.94, 2494377
26.95, 2494377
26.96, 2494377
26.97, 2494377
26.98, 2494377
26.99, 2494377
27.0, 2494377
27.01, 2494377
27.02, 2494377
27.03, 2494377
27.04, 2494377
27.05, 2494377
27.06, 2494377
27.07, 2494377
27.08, 2494377
27.09, 2494377
27.1, 2494377
27.11, 2494377
27.12, 2494377
27.13, 2494377
27.14, 2494377
27.15, 2494377
27.16, 2494377
27.17, 2494377
27.18, 2494377
27.19, 2494377
27.2, 2494377
27.21, 2494377
27.22, 2494377
27.23, 2494377
27.24, 2494377
27.25, 2494377
27.26, 2494377
27.27, 2494377
27.28, 2494377
27.29, 2494377
27.3, 2494377
27.31, 2494377
27.32, 2494377
27.33, 2494377
27.34, 2494377
27.35, 2494377
27.36, 2494377
27.37, 2494377
27.38, 2494377
27.39, 2494377
27.4, 2494377
27.41, 2494377
27.42, 2494377
27.43, 2494377
27.44, 2494377
27.45, 2494377
27.46, 2494377
27.47, 2494377
27.48, 2494377
27.49, 2494377
27.5, 2494377
27.51, 2494377
27.52, 2494377
27.53, 2494377
27.54, 2494377
27.55, 2494377
27.56, 2494377
27.57, 2494377
27.58, 2494377
27.59, 2494377
27.6, 2494377
27.61, 2494377
27.62, 2494377
27.63, 2494377
27.64, 2494377
27.65, 2494377
27.66, 2494377
27.67, 2494377
27.68, 2494377
27.69, 2494377
27.7, 2494377
27.71, 2494377
27.72, 2494377
27.73, 2494377
27.74, 2494377
27.75, 2494377
27.76, 2494377
27.77, 2494377
27.78, 2494377
27.79, 2494377
27.8, 2494377
27.81, 2494377
27.82, 2494377
27.83, 2494377
27.84, 2494377
27.85, 2494377
27.86, 2494377
27.87, 2494377
27.88, 2494377
27.89, 2494377
27.9, 2494377
27.91, 2494377
27.92, 2494377
27.93, 2494377
27.94, 2494377
27.95, 2494377
27.96, 2494377
27.97, 2494377
27.98, 2494377
27.99, 2494377
28.0, 2494377
28.01, 2494377
28.02, 2494377
28.03, 2494377
28.04, 2494377
28.05, 2494377
28.06, 2494377
28.07, 2494377
28.08, 2494377
28.09, 2494377
28.1, 2494377
28.11, 2494377
28.12, 2494377
28.13, 2494377
28.14, 2494377
28.15, 2494377
28.16, 2494377
28.17, 2494377
28.18, 2494377
28.19, 2494377
28.2, 2494377
28.21, 2494377
28.22, 2494377
28.23, 2494377
28.24, 2494377
28.25, 2494377
28.26, 2494377
28.27, 2494377
28.28, 2494377
28.29, 2494377
28.3, 2494377
28.31, 2494377
28.32, 2494377
28.33, 2494377
28.34, 2494377
28.35, 2494377
28.36, 2494377
28.37, 2494377
28.38, 2494377
28.39, 2494377
28.4, 2494377
28.41, 2494377
28.42, 2494377
28.43, 2494377
28.44, 2494377
28.45, 2494377
28.46, 2494377
28.47, 2494377
28.48, 2494377
28.49, 2494377
28.5, 2494377
28.51, 2494377
28.52, 2494377
28.53, 2494377
28.54, 2494377
28.55, 2494377
28.56, 2494377
28.57, 2494377
28.58, 2494377
28.59, 2494377
28.6, 2494377
28.61, 2494377
28.62, 2494377
28.63, 2494377
28.64, 2494377
28.65, 2494377
28.66, 2494377
28.67, 2494377
28.68, 2494377
28.69, 2494377
28.7, 2494377
28.71, 2494377
28.72, 2494377
28.73, 2494377
28.74, 2494377
28.75, 2494377
28.76, 2494377
28.77, 2494377
28.78, 2494377
28.79, 2494377
28.8, 2494377
28.81, 2494377
28.82, 2494377
28.83, 2494377
28.84, 2494377
28.85, 2494377
28.86, 2494377
28.87, 2494377
28.88, 2494377
28.89, 2494377
28.9, 2494377
28.91, 2494377
28.92, 2494377
28.93, 2494377
28.94, 2494377
28.95, 2494377
28.96, 2494377
28.97, 2494377
28.98, 2494377
28.99, 2494377
29.0, 2494377
29.01, 2494377
29.02, 2494377
29.03, 2494377
29.04, 2494377
29.05, 2494377
29.06, 2494377
29.07, 2494377
29.08, 2494377
29.09, 2494377
29.1, 2494377
29.11, 2494377
29.12, 2494377
29.13, 2494377
29.14, 2494377
29.15, 2494377
29.16, 2494377
29.17, 2494377
29.18, 2494377
29.19, 2494377
29.2, 2494377
29.21, 2494377
29.22, 2494377
29.23, 2494377
29.24, 2494377
29.25, 2494377
29.26, 2494377
29.27, 2494377
29.28, 2494377
29.29, 2494377
29.3, 2494377
29.31, 2494377
29.32, 2494377
29.33, 2494377
29.34, 2494377
29.35, 2494377
29.36, 2494377
29.37, 2494377
29.38, 2494377
29.39, 2494377
29.4, 2494377
29.41, 2494377
29.42, 2494377
29.43, 2494377
29.44, 2494377
29.45, 2494377
29.46, 2494377
29.47, 2494377
29.48, 2494377
29.49, 2494377
29.5, 2494377
29.51, 2494377
29.52, 2494377
29.53, 2494377
29.54, 2494377
29.55, 2494377
29.56, 2494377
29.57, 2494377
29.58, 2494377
29.59, 2494377
29.6, 2494377
29.61, 2494377
29.62, 2494377
29.63, 2494377
29.64, 2494377
29.65, 2494377
29.66, 2494377
29.67, 2494377
29.68, 2494377
29.69, 2494377
29.7, 2494377
29.71, 2494377
29.72, 2494377
29.73, 2494377
29.74, 2494377
29.75, 2494377
29.76, 2494377
29.77, 2494377
29.78, 2494377
29.79, 2494377
29.8, 2494377
29.81, 2494377
29.82, 2494377
29.83, 2494377
29.84, 2494377
29.85, 2494377
29.86, 2494377
29.87, 2494377
29.88, 2494377
29.89, 2494377
29.9, 2494377
29.91, 2494377
29.92, 2494377
29.93, 2494377
29.94, 2494377
29.95, 2494377
29.96, 2494377
29.97, 2494377
29.98, 2494377
29.99, 2494377
30.0, 2494377
30.01, 2494377
30.02, 2494377
30.03, 2494377
30.04, 2494377
30.05, 2494377
30.06, 2494377
30.07, 2494377
30.08, 2494377
30.09, 2494377
30.1, 2494377
30.11, 2494377
30.12, 2494377
30.13, 2494377
30.14, 2494377
30.15, 2494377
30.16, 2494377
30.17, 2494377
30.18, 2494377
30.19, 2494377
30.2, 2494377
30.21, 2494377
30.22, 2494377
30.23, 2494377
30.24, 2494377
30.25, 2494377
30.26, 2494377
30.27, 2494377
30.28, 2494377
30.29, 2494377
30.3, 2494377
30.31, 2494377
30.32, 2494377
30.33, 2494377
30.34, 2494377
30.35, 2494377
30.36, 2494377
30.37, 2494377
30.38, 2494377
30.39, 2494377
30.4, 2494377
30.41, 2494377
30.42, 2494377
30.43, 2494377
30.44, 2494377
30.45, 2494377
30.46, 2494377
30.47, 2494377
30.48, 2494377
30.49, 2494377
30.5, 2494377
30.51, 2494377
30.52, 2494377
30.53, 2494377
30.54, 2494377
30.55, 2494377
30.56, 2494377
30.57, 2494377
30.58, 2494377
30.59, 2494377
30.6, 2494377
30.61, 2494377
30.62, 2494377
30.63, 2494377
30.64, 2494377
30.65, 2494377
30.66, 2494377
30.67, 2494377
30.68, 2494377
30.69, 2494377
30.7, 2494377
30.71, 2494377
30.72, 2494377
30.73, 2494377
30.74, 2494377
30.75, 2494377
30.76, 2494377
30.77, 2494377
30.78, 2494377
30.79, 2494377
30.8, 2494377
30.81, 2494377
30.82, 2494377
30.83, 2494377
30.84, 2494377
30.85, 2494377
30.86, 2494377
30.87, 2494377
30.88, 2494377
30.89, 2494377
30.9, 2494377
30.91, 2494377
30.92, 2494377
30.93, 2494377
30.94, 2494377
30.95, 2494377
30.96, 2494377
30.97, 2494377
30.98, 2494377
30.99, 2494377
31.0, 2494377
31.01, 2494377
31.02, 2494377
31.03, 2494377
31.04, 2494377
31.05, 2494377
31.06, 2494377
31.07, 2494377
31.08, 2494377
31.09, 2494377
31.1, 2494377
31.11, 2494377
31.12, 2494377
31.13, 2494377
31.14, 2494377
31.15, 2494377
31.16, 2494377
31.17, 2494377
31.18, 2494377
31.19, 2494377
31.2, 2494377
31.21, 2494377
31.22, 2494377
31.23, 2494377
31.24, 2494377
31.25, 2494377
31.26, 2494377
31.27, 2494377
31.28, 2494377
31.29, 2494377
31.3, 2494377
31.31, 2494377
31.32, 2494377
31.33, 2494377
31.34, 2494377
31.35, 2494377
31.36, 2494377
31.37, 2494377
31.38, 2494377
31.39, 2494377
31.4, 2494377
31.41, 2494377
31.42, 2494377
31.43, 2494377
31.44, 2494377
31.45, 2494377
31.46, 2494377
31.47, 2494377
31.48, 2494377
31.49, 2494377
31.5, 2494377
31.51, 2494377
31.52, 2494377
31.53, 2494377
31.54, 2494377
31.55, 2494377
31.56, 2494377
31.57, 2494377
31.58, 2494377
31.59, 2494377
31.6, 2494377
31.61, 2494377
31.62, 2494377
31.63, 2494377
31.64, 2494377
31.65, 2494377
31.66, 2494377
31.67, 2494377
31.68, 2494377
31.69, 2494377
31.7, 2494377
31.71, 2494377
31.72, 2494377
31.73, 2494377
31.74, 2494377
31.75, 2494377
31.76, 2494377
31.77, 2494377
31.78, 2494377
31.79, 2494377
31.8, 2494377
31.81, 2494377
31.82, 2494377
31.83, 2494377
31.84, 2494377
31.85, 2494377
31.86, 2494377
31.87, 2494377
31.88, 2494377
31.89, 2494377
31.9, 2494377
31.91, 2494377
31.92, 2494377
31.93, 2494377
31.94, 2494377
31.95, 2494377
31.96, 2494377
31.97, 2494377
31.98, 2494377
31.99, 2494377
32.0, 2494377
32.01, 2494377
32.02, 2494377
32.03, 2494377
32.04, 2494377
32.05, 2494377
32.06, 2494377
32.07, 2494377
32.08, 2494377
32.09, 2494377
32.1, 2494377
32.11, 2494377
32.12, 2494377
32.13, 2494377
32.14, 2494377
32.15, 2494377
32.16, 2494377
32.17, 2494377
32.18, 2494377
32.19, 2494377
32.2, 2494377
32.21, 2494377
32.22, 2494377
32.23, 2494377
32.24, 2494377
32.25, 2494377
32.26, 2494377
32.27, 2494377
32.28, 2494377
32.29, 2494377
32.3, 2494377
32.31, 2494377
32.32, 2494377
32.33, 2494377
32.34, 2494377
32.35, 2494377
32.36, 2494377
32.37, 2494377
32.38, 2494377
32.39, 2494377
32.4, 2494377
32.41, 2494377
32.42, 2494377
32.43, 2494377
32.44, 2494377
32.45, 2494377
32.46, 2494377
32.47, 2494377
32.48, 2494377
32.49, 2494377
32.5, 2494377
32.51, 2494377
32.52, 2494377
32.53, 2494377
32.54, 2494377
32.55, 2494377
32.56, 2494377
32.57, 2494377
32.58, 2494377
32.59, 2494377
32.6, 2494377
32.61, 2494377
32.62, 2494377
32.63, 2494377
32.64, 2494377
32.65, 2494377
32.66, 2494377
32.67, 2494377
32.68, 2494377
32.69, 2494377
32.7, 2494377
32.71, 2494377
32.72, 2494377
32.73, 2494377
32.74, 2494377
32.75, 2494377
32.76, 2494377
32.77, 2494377
32.78, 2494377
32.79, 2494377
32.8, 2494377
32.81, 2494377
32.82, 2494377
32.83, 2494377
32.84, 2494377
32.85, 2494377
32.86, 2494377
32.87, 2494377
32.88, 2494377
32.89, 2494377
32.9, 2494377
32.91, 2494377
32.92, 2494377
32.93, 2494377
32.94, 2494377
32.95, 2494377
32.96, 2494377
32.97, 2494377
32.98, 2494377
32.99, 2494377
33.0, 2494377
33.01, 2494377
33.02, 2494377
33.03, 2494377
33.04, 2494377
33.05, 2494377
33.06, 2494377
33.07, 2494377
33.08, 2494377
33.09, 2494377
33.1, 2494377
33.11, 2494377
33.12, 2494377
33.13, 2494377
33.14, 2494377
33.15, 2494377
33.16, 2494377
33.17, 2494377
33.18, 2494377
33.19, 2494377
33.2, 2494377
33.21, 2494377
33.22, 2494377
33.23, 2494377
33.24, 2494377
33.25, 2494377
33.26, 2494377
33.27, 2494377
33.28, 2494377
33.29, 2494377
33.3, 2494377
33.31, 2494377
33.32, 2494377
33.33, 2494377
33.34, 2494377
33.35, 2494377
33.36, 2494377
33.37, 2494377
33.38, 2494377
33.39, 2494377
33.4, 2494377
33.41, 2494377
33.42, 2494377
33.43, 2494377
33.44, 2494377
33.45, 2494377
33.46, 2494377
33.47, 2494377
33.48, 2494377
33.49, 2494377
33.5, 2494377
33.51, 2494377
33.52, 2494377
33.53, 2494377
33.54, 2494377
33.55, 2494377
33.56, 2494377
33.57, 2494377
33.58, 2494377
33.59, 2494377
33.6, 2494377
33.61, 2494377
33.62, 2494377
33.63, 2494377
33.64, 2494377
33.65, 2494377
33.66, 2494377
33.67, 2494377
33.68, 2494377
33.69, 2494377
33.7, 2494377
33.71, 2494377
33.72, 2494377
33.73, 2494377
33.74, 2494377
33.75, 2494377
33.76, 2494377
33.77, 2494377
33.78, 2494377
33.79, 2494377
33.8, 2494377
33.81, 2494377
33.82, 2494377
33.83, 2494377
33.84, 2494377
33.85, 2494377
33.86, 2494377
33.87, 2494377
33.88, 2494377
33.89, 2494377
33.9, 2494377
33.91, 2494377
33.92, 2494377
33.93, 2494377
33.94, 2494377
33.95, 2494377
33.96, 2494377
33.97, 2494377
33.98, 2494377
33.99, 2494377
34.0, 2494377
34.01, 2494377
34.02, 2494377
34.03, 2494377
34.04, 2494377
34.05, 2494377
34.06, 2494377
34.07, 2494377
34.08, 2494377
34.09, 2494377
34.1, 2494377
34.11, 2494377
34.12, 2494377
34.13, 2494377
34.14, 2494377
34.15, 2494377
34.16, 2494377
34.17, 2494377
34.18, 2494377
34.19, 2494377
34.2, 2494377
34.21, 2494377
34.22, 2494377
34.23, 2494377
34.24, 2494377
34.25, 2494377
34.26, 2494377
34.27, 2494377
34.28, 2494377
34.29, 2494377
34.3, 2494377
34.31, 2494377
34.32, 2494377
34.33, 2494377
34.34, 2494377
34.35, 2494377
34.36, 2494377
34.37, 2494377
34.38, 2494377
34.39, 2494377
34.4, 2494377
34.41, 2494377
34.42, 2494377
34.43, 2494377
34.44, 2494377
34.45, 2494377
34.46, 2494377
34.47, 2494377
34.48, 2494377
34.49, 2494377
34.5, 2494377
34.51, 2494377
34.52, 2494377
34.53, 2494377
34.54, 2494377
34.55, 2494377
34.56, 2494377
34.57, 2494377
34.58, 2494377
34.59, 2494377
34.6, 2494377
34.61, 2494377
34.62, 2494377
34.63, 2494377
34.64, 2494377
34.65, 2494377
34.66, 2494377
34.67, 2494377
34.68, 2494377
34.69, 2494377
34.7, 2494377
34.71, 2494377
34.72, 2494377
34.73, 2494377
34.74, 2494377
34.75, 2494377
34.76, 2494377
34.77, 2494377
34.78, 2494377
34.79, 2494377
34.8, 2494377
34.81, 2494377
34.82, 2494377
34.83, 2494377
34.84, 2494377
34.85, 2494377
34.86, 2494377
34.87, 2494377
34.88, 2494377
34.89, 2494377
34.9, 2494377
34.91, 2494377
34.92, 2494377
34.93, 2494377
34.94, 2494377
34.95, 2494377
34.96, 2494377
34.97, 2494377
34.98, 2494377
34.99, 2494377
35.0, 2494377
35.01, 2494377
35.02, 2494377
35.03, 2494377
35.04, 2494377
35.05, 2494377
35.06, 2494377
35.07, 2494377
35.08, 2494377
35.09, 2494377
35.1, 2494377
35.11, 2494377
35.12, 2494377
35.13, 2494377
35.14, 2494377
35.15, 2494377
35.16, 2494377
35.17, 2494377
35.18, 2494377
35.19, 2494377
35.2, 2494377
35.21, 2494377
35.22, 2494377
35.23, 2494377
35.24, 2494377
35.25, 2494377
35.26, 2494377
35.27, 2494377
35.28, 2494377
35.29, 2494377
35.3, 2494377
35.31, 2494377
35.32, 2494377
35.33, 2494377
35.34, 2494377
35.35, 2494377
35.36, 2494377
35.37, 2494377
35.38, 2494377
35.39, 2494377
35.4, 2494377
35.41, 2494377
35.42, 2494377
35.43, 2494377
35.44, 2494377
35.45, 2494377
35.46, 2494377
35.47, 2494377
35.48, 2494377
35.49, 2494377
35.5, 2494377
35.51, 2494377
35.52, 2494377
35.53, 2494377
35.54, 2494377
35.55, 2494377
35.56, 2494377
35.57, 2494377
35.58, 2494377
35.59, 2494377
35.6, 2494377
35.61, 2494377
35.62, 2494377
35.63, 2494377
35.64, 2494377
35.65, 2494377
35.66, 2494377
35.67, 2494377
35.68, 2494377
35.69, 2494377
35.7, 2494377
35.71, 2494377
35.72, 2494377
35.73, 2494377
35.74, 2494377
35.75, 2494377
35.76, 2494377
35.77, 2494377
35.78, 2494377
35.79, 2494377
35.8, 2494377
35.81, 2494377
35.82, 2494377
35.83, 2494377
35.84, 2494377
35.85, 2494377
35.86, 2494377
35.87, 2494377
35.88, 2494377
35.89, 2494377
35.9, 2494377
35.91, 2494377
35.92, 2494377
35.93, 2494377
35.94, 2494377
35.95, 2494377
35.96, 2494377
35.97, 2494377
35.98, 2494377
35.99, 2494377
36.0, 2494377
36.01, 2494377
36.02, 2494377
36.03, 2494377
36.04, 2494377
36.05, 2494377
36.06, 2494377
36.07, 2494377
36.08, 2494377
36.09, 2494377
36.1, 2494377
36.11, 2494377
36.12, 2494377
36.13, 2494377
36.14, 2494377
36.15, 2494377
36.16, 2494377
36.17, 2494377
36.18, 2494377
36.19, 2494377
36.2, 2494377
36.21, 2494377
36.22, 2494377
36.23, 2494377
36.24, 2494377
36.25, 2494377
36.26, 2494377
36.27, 2494377
36.28, 2494377
36.29, 2494377
36.3, 2494377
36.31, 2494377
36.32, 2494377
36.33, 2494377
36.34, 2494377
36.35, 2494377
36.36, 2494377
36.37, 2494377
36.38, 2494377
36.39, 2494377
36.4, 2494377
36.41, 2494377
36.42, 2494377
36.43, 2494377
36.44, 2494377
36.45, 2494377
36.46, 2494377
36.47, 2494377
36.48, 2494377
36.49, 2494377
36.5, 2494377
36.51, 2494377
36.52, 2494377
36.53, 2494377
36.54, 2494377
36.55, 2494377
36.56, 2494377
36.57, 2494377
36.58, 2494377
36.59, 2494377
36.6, 2494377
36.61, 2494377
36.62, 2494377
36.63, 2494377
36.64, 2494377
36.65, 2494377
36.66, 2494377
36.67, 2494377
36.68, 2494377
36.69, 2494377
36.7, 2494377
36.71, 2494377
36.72, 2494377
36.73, 2494377
36.74, 2494377
36.75, 2494377
36.76, 2494377
36.77, 2494377
36.78, 2494377
36.79, 2494377
36.8, 2494377
36.81, 2494377
36.82, 2494377
36.83, 2494377
36.84, 2494377
36.85, 2494377
36.86, 2494377
36.87, 2494377
36.88, 2494377
36.89, 2494377
36.9, 2494377
36.91, 2494377
36.92, 2494377
36.93, 2494377
36.94, 2494377
36.95, 2494377
36.96, 2494377
36.97, 2494377
36.98, 2494377
36.99, 2494377
37.0, 2494377
37.01, 2494377
37.02, 2494377
37.03, 2494377
37.04, 2494377
37.05, 2494377
37.06, 2494377
37.07, 2494377
37.08, 2494377
37.09, 2494377
37.1, 2494377
37.11, 2494377
37.12, 2494377
37.13, 2494377
37.14, 2494377
37.15, 2494377
37.16, 2494377
37.17, 2494377
37.18, 2494377
37.19, 2494377
37.2, 2494377
37.21, 2494377
37.22, 2494377
37.23, 2494377
37.24, 2494377
37.25, 2494377
37.26, 2494377
37.27, 2494377
37.28, 2494377
37.29, 2494377
37.3, 2494377
37.31, 2494377
37.32, 2494377
37.33, 2494377
37.34, 2494377
37.35, 2494377
37.36, 2494377
37.37, 2494377
37.38, 2494377
37.39, 2494377
37.4, 2494377
37.41, 2494377
37.42, 2494377
37.43, 2494377
37.44, 2494377
37.45, 2494377
37.46, 2494377
37.47, 2494377
37.48, 2494377
37.49, 2494377
37.5, 2494377
37.51, 2494377
37.52, 2494377
37.53, 2494377
37.54, 2494377
37.55, 2494377
37.56, 2494377
37.57, 2494377
37.58, 2494377
37.59, 2494377
37.6, 2494377
37.61, 2494377
37.62, 2494377
37.63, 2494377
37.64, 2494377
37.65, 2494377
37.66, 2494377
37.67, 2494377
37.68, 2494377
37.69, 2494377
37.7, 2494377
37.71, 2494377
37.72, 2494377
37.73, 2494377
37.74, 2494377
37.75, 2494377
37.76, 2494377
37.77, 2494377
37.78, 2494377
37.79, 2494377
37.8, 2494377
37.81, 2494377
37.82, 2494377
37.83, 2494377
37.84, 2494377
37.85, 2494377
37.86, 2494377
37.87, 2494377
37.88, 2494377
37.89, 2494377
37.9, 2494377
37.91, 2494377
37.92, 2494377
37.93, 2494377
37.94, 2494377
37.95, 2494377
37.96, 2494377
37.97, 2494377
37.98, 2494377
37.99, 2494377
38.0, 2494377
38.01, 2494377
38.02, 2494377
38.03, 2494377
38.04, 2494377
38.05, 2494377
38.06, 2494377
38.07, 2494377
38.08, 2494377
38.09, 2494377
38.1, 2494377
38.11, 2494377
38.12, 2494377
38.13, 2494377
38.14, 2494377
38.15, 2494377
38.16, 2494377
38.17, 2494377
38.18, 2494377
38.19, 2494377
38.2, 2494377
38.21, 2494377
38.22, 2494377
38.23, 2494377
38.24, 2494377
38.25, 2494377
38.26, 2494377
38.27, 2494377
38.28, 2494377
38.29, 2494377
38.3, 2494377
38.31, 2494377
38.32, 2494377
38.33, 2494377
38.34, 2494377
38.35, 2494377
38.36, 2494377
38.37, 2494377
38.38, 2494377
38.39, 2494377
38.4, 2494377
38.41, 2494377
38.42, 2494377
38.43, 2494377
38.44, 2494377
38.45, 2494377
38.46, 2494377
38.47, 2494377
38.48, 2494377
38.49, 2494377
38.5, 2494377
38.51, 2494377
38.52, 2494377
38.53, 2494377
38.54, 2494377
38.55, 2494377
38.56, 2494377
38.57, 2494377
38.58, 2494377
38.59, 2494377
38.6, 2494377
38.61, 2494377
38.62, 2494377
38.63, 2494377
38.64, 2494377
38.65, 2494377
38.66, 2494377
38.67, 2494377
38.68, 2494377
38.69, 2494377
38.7, 2494377
38.71, 2494377
38.72, 2494377
38.73, 2494377
38.74, 2494377
38.75, 2494377
38.76, 2494377
38.77, 2494377
38.78, 2494377
38.79, 2494377
38.8, 2494377
38.81, 2494377
38.82, 2494377
38.83, 2494377
38.84, 2494377
38.85, 2494377
38.86, 2494377
38.87, 2494377
38.88, 2494377
38.89, 2494377
38.9, 2494377
38.91, 2494377
38.92, 2494377
38.93, 2494377
38.94, 2494377
38.95, 2494377
38.96, 2494377
38.97, 2494377
38.98, 2494377
38.99, 2494377
39.0, 2494377
39.01, 2494377
39.02, 2494377
39.03, 2494377
39.04, 2494377
39.05, 2494377
39.06, 2494377
39.07, 2494377
39.08, 2494377
39.09, 2494377
39.1, 2494377
39.11, 2494377
39.12, 2494377
39.13, 2494377
39.14, 2494377
39.15, 2494377
39.16, 2494377
39.17, 2494377
39.18, 2494377
39.19, 2494377
39.2, 2494377
39.21, 2494377
39.22, 2494377
39.23, 2494377
39.24, 2494377
39.25, 2494377
39.26, 2494377
39.27, 2494377
39.28, 2494377
39.29, 2494377
39.3, 2494377
39.31, 2494377
39.32, 2494377
39.33, 2494377
39.34, 2494377
39.35, 2494377
39.36, 2494377
39.37, 2494377
39.38, 2494377
39.39, 2494377
39.4, 2494377
39.41, 2494377
39.42, 2494377
39.43, 2494377
39.44, 2494377
39.45, 2494377
39.46, 2494377
39.47, 2494377
39.48, 2494377
39.49, 2494377
39.5, 2494377
39.51, 2494377
39.52, 2494377
39.53, 2494377
39.54, 2494377
39.55, 2494377
39.56, 2494377
39.57, 2494377
39.58, 2494377
39.59, 2494377
39.6, 2494377
39.61, 2494377
39.62, 2494377
39.63, 2494377
39.64, 2494377
39.65, 2494377
39.66, 2494377
39.67, 2494377
39.68, 2494377
39.69, 2494377
39.7, 2494377
39.71, 2494377
39.72, 2494377
39.73, 2494377
39.74, 2494377
39.75, 2494377
39.76, 2494377
39.77, 2494377
39.78, 2494377
39.79, 2494377
39.8, 2494377
39.81, 2494377
39.82, 2494377
39.83, 2494377
39.84, 2494377
39.85, 2494377
39.86, 2494377
39.87, 2494377
39.88, 2494377
39.89, 2494377
39.9, 2494377
39.91, 2494377
39.92, 2494377
39.93, 2494377
39.94, 2494377
39.95, 2494377
39.96, 2494377
39.97, 2494377
39.98, 2494377
39.99, 2494377
40.0, 2494377
40.01, 2494377
40.02, 2494377
40.03, 2494377
40.04, 2494377
40.05, 2494377
40.06, 2494377
40.07, 2494377
40.08, 2494377
40.09, 2494377
40.1, 2494377
40.11, 2494377
40.12, 2494377
40.13, 2494377
40.14, 2494377
40.15, 2494377
40.16, 2494377
40.17, 2494377
40.18, 2494377
40.19, 2494377
40.2, 2494377
40.21, 2494377
40.22, 2494377
40.23, 2494377
40.24, 2494377
40.25, 2494377
40.26, 2494377
40.27, 2494377
40.28, 2494377
40.29, 2494377
40.3, 2494377
40.31, 2494377
40.32, 2494377
40.33, 2494377
40.34, 2494377
40.35, 2494377
40.36, 2494377
40.37, 2494377
40.38, 2494377
40.39, 2494377
40.4, 2494377
40.41, 2494377
40.42, 2494377
40.43, 2494377
40.44, 2494377
40.45, 2494377
40.46, 2494377
40.47, 2494377
40.48, 2494377
40.49, 2494377
40.5, 2494377
40.51, 2494377
40.52, 2494377
40.53, 2494377
40.54, 2494377
40.55, 2494377
40.56, 2494377
40.57, 2494377
40.58, 2494377
40.59, 2494377
40.6, 2494377
40.61, 2494377
40.62, 2494377
40.63, 2494377
40.64, 2494377
40.65, 2494377
40.66, 2494377
40.67, 2494377
40.68, 2494377
40.69, 2494377
40.7, 2494377
40.71, 2494377
40.72, 2494377
40.73, 2494377
40.74, 2494377
40.75, 2494377
40.76, 2494377
40.77, 2494377
40.78, 2494377
40.79, 2494377
40.8, 2494377
40.81, 2494377
40.82, 2494377
40.83, 2494377
40.84, 2494377
40.85, 2494377
40.86, 2494377
40.87, 2494377
40.88, 2494377
40.89, 2494377
40.9, 2494377
40.91, 2494377
40.92, 2494377
40.93, 2494377
40.94, 2494377
40.95, 2494377
40.96, 2494377
40.97, 2494377
40.98, 2494377
40.99, 2494377
41.0, 2494377
41.01, 2494377
41.02, 2494377
41.03, 2494377
41.04, 2494377
41.05, 2494377
41.06, 2494377
41.07, 2494377
41.08, 2494377
41.09, 2494377
41.1, 2494377
41.11, 2494377
41.12, 2494377
41.13, 2494377
41.14, 2494377
41.15, 2494377
41.16, 2494377
41.17, 2494377
41.18, 2494377
41.19, 2494377
41.2, 2494377
41.21, 2494377
41.22, 2494377
41.23, 2494377
41.24, 2494377
41.25, 2494377
41.26, 2494377
41.27, 2494377
41.28, 2494377
41.29, 2494377
41.3, 2494377
41.31, 2494377
41.32, 2494377
41.33, 2494377
41.34, 2494377
41.35, 2494377
41.36, 2494377
41.37, 2494377
41.38, 2494377
41.39, 2494377
41.4, 2494377
41.41, 2494377
41.42, 2494377
41.43, 2494377
41.44, 2494377
41.45, 2494377
41.46, 2494377
41.47, 2494377
41.48, 2494377
41.49, 2494377
41.5, 2494377
41.51, 2494377
41.52, 2494377
41.53, 2494377
41.54, 2494377
41.55, 2494377
41.56, 2494377
41.57, 2494377
41.58, 2494377
41.59, 2494377
41.6, 2494377
41.61, 2494377
41.62, 2494377
41.63, 2494377
41.64, 2494377
41.65, 2494377
41.66, 2494377
41.67, 2494377
41.68, 2494377
41.69, 2494377
41.7, 2494377
41.71, 2494377
41.72, 2494377
41.73, 2494377
41.74, 2494377
41.75, 2494377
41.76, 2494377
41.77, 2494377
41.78, 2494377
41.79, 2494377
41.8, 2494377
41.81, 2494377
41.82, 2494377
41.83, 2494377
41.84, 2494377
41.85, 2494377
41.86, 2494377
41.87, 2494377
41.88, 2494377
41.89, 2494377
41.9, 2494377
41.91, 2494377
41.92, 2494377
41.93, 2494377
41.94, 2494377
41.95, 2494377
41.96, 2494377
41.97, 2494377
41.98, 2494377
41.99, 2494377
42.0, 2494377
42.01, 2494377
42.02, 2494377
42.03, 2494377
42.04, 2494377
42.05, 2494377
42.06, 2494377
42.07, 2494377
42.08, 2494377
42.09, 2494377
42.1, 2494377
42.11, 2494377
42.12, 2494377
42.13, 2494377
42.14, 2494377
42.15, 2494377
42.16, 2494377
42.17, 2494377
42.18, 2494377
42.19, 2494377
42.2, 2494377
42.21, 2494377
42.22, 2494377
42.23, 2494377
42.24, 2494377
42.25, 2494377
42.26, 2494377
42.27, 2494377
42.28, 2494377
42.29, 2494377
42.3, 2494377
42.31, 2494377
42.32, 2494377
42.33, 2494377
42.34, 2494377
42.35, 2494377
42.36, 2494377
42.37, 2494377
42.38, 2494377
42.39, 2494377
42.4, 2494377
42.41, 2494377
42.42, 2494377
42.43, 2494377
42.44, 2494377
42.45, 2494377
42.46, 2494377
42.47, 2494377
42.48, 2494377
42.49, 2494377
42.5, 2494377
42.51, 2494377
42.52, 2494377
42.53, 2494377
42.54, 2494377
42.55, 2494377
42.56, 2494377
42.57, 2494377
42.58, 2494377
42.59, 2494377
42.6, 2494377
42.61, 2494377
42.62, 2494377
42.63, 2494377
42.64, 2494377
42.65, 2494377
42.66, 2494377
42.67, 2494377
42.68, 2494377
42.69, 2494377
42.7, 2494377
42.71, 2494377
42.72, 2494377
42.73, 2494377
42.74, 2494377
42.75, 2494377
42.76, 2494377
42.77, 2494377
42.78, 2494377
42.79, 2494377
42.8, 2494377
42.81, 2494377
42.82, 2494377
42.83, 2494377
42.84, 2494377
42.85, 2494377
42.86, 2494377
42.87, 2494377
42.88, 2494377
42.89, 2494377
42.9, 2494377
42.91, 2494377
42.92, 2494377
42.93, 2494377
42.94, 2494377
42.95, 2494377
42.96, 2494377
42.97, 2494377
42.98, 2494377
42.99, 2494377
43.0, 2494377
43.01, 2494377
43.02, 2494377
43.03, 2494377
43.04, 2494377
43.05, 2494377
43.06, 2494377
43.07, 2494377
43.08, 2494377
43.09, 2494377
43.1, 2494377
43.11, 2494377
43.12, 2494377
43.13, 2494377
43.14, 2494377
43.15, 2494377
43.16, 2494377
43.17, 2494377
43.18, 2494377
43.19, 2494377
43.2, 2494377
43.21, 2494377
43.22, 2494377
43.23, 2494377
43.24, 2494377
43.25, 2494377
43.26, 2494377
43.27, 2494377
43.28, 2494377
43.29, 2494377
43.3, 2494377
43.31, 2494377
43.32, 2494377
43.33, 2494377
43.34, 2494377
43.35, 2494377
43.36, 2494377
43.37, 2494377
43.38, 2494377
43.39, 2494377
43.4, 2494377
43.41, 2494377
43.42, 2494377
43.43, 2494377
43.44, 2494377
43.45, 2494377
43.46, 2494377
43.47, 2494377
43.48, 2494377
43.49, 2494377
43.5, 2494377
43.51, 2494377
43.52, 2494377
43.53, 2494377
43.54, 2494377
43.55, 2494377
43.56, 2494377
43.57, 2494377
43.58, 2494377
43.59, 2494377
43.6, 2494377
43.61, 2494377
43.62, 2494377
43.63, 2494377
43.64, 2494377
43.65, 2494377
43.66, 2494377
43.67, 2494377
43.68, 2494377
43.69, 2494377
43.7, 2494377
43.71, 2494377
43.72, 2494377
43.73, 2494377
43.74, 2494377
43.75, 2494377
43.76, 2494377
43.77, 2494377
43.78, 2494377
43.79, 2494377
43.8, 2494377
43.81, 2494377
43.82, 2494377
43.83, 2494377
43.84, 2494377
43.85, 2494377
43.86, 2494377
43.87, 2494377
43.88, 2494377
43.89, 2494377
43.9, 2494377
43.91, 2494377
43.92, 2494377
43.93, 2494377
43.94, 2494377
43.95, 2494377
43.96, 2494377
43.97, 2494377
43.98, 2494377
43.99, 2494377
44.0, 2494377
44.01, 2494377
44.02, 2494377
44.03, 2494377
44.04, 2494377
44.05, 2494377
44.06, 2494377
44.07, 2494377
44.08, 2494377
44.09, 2494377
44.1, 2494377
44.11, 2494377
44.12, 2494377
44.13, 2494377
44.14, 2494377
44.15, 2494377
44.16, 2494377
44.17, 2494377
44.18, 2494377
44.19, 2494377
44.2, 2494377
44.21, 2494377
44.22, 2494377
44.23, 2494377
44.24, 2494377
44.25, 2494377
44.26, 2494377
44.27, 2494377
44.28, 2494377
44.29, 2494377
44.3, 2494377
44.31, 2494377
44.32, 2494377
44.33, 2494377
44.34, 2494377
44.35, 2494377
44.36, 2494377
44.37, 2494377
44.38, 2494377
44.39, 2494377
44.4, 2494377
44.41, 2494377
44.42, 2494377
44.43, 2494377
44.44, 2494377
44.45, 2494377
44.46, 2494377
44.47, 2494377
44.48, 2494377
44.49, 2494377
44.5, 2494377
44.51, 2494377
44.52, 2494377
44.53, 2494377
44.54, 2494377
44.55, 2494377
44.56, 2494377
44.57, 2494377
44.58, 2494377
44.59, 2494377
44.6, 2494377
44.61, 2494377
44.62, 2494377
44.63, 2494377
44.64, 2494377
44.65, 2494377
44.66, 2494377
44.67, 2494377
44.68, 2494377
44.69, 2494377
44.7, 2494377
44.71, 2494377
44.72, 2494377
44.73, 2494377
44.74, 2494377
44.75, 2494377
44.76, 2494377
44.77, 2494377
44.78, 2494377
44.79, 2494377
44.8, 2494377
44.81, 2494377
44.82, 2494377
44.83, 2494377
44.84, 2494377
44.85, 2494377
44.86, 2494377
44.87, 2494377
44.88, 2494377
44.89, 2494377
44.9, 2494377
44.91, 2494377
44.92, 2494377
44.93, 2494377
44.94, 2494377
44.95, 2494377
44.96, 2494377
44.97, 2494377
44.98, 2494377
44.99, 2494377
45.0, 2494377
45.01, 2494377
45.02, 2494377
45.03, 2494377
45.04, 2494377
45.05, 2494377
45.06, 2494377
45.07, 2494377
45.08, 2494377
45.09, 2494377
45.1, 2494377
45.11, 2494377
45.12, 2494377
45.13, 2494377
45.14, 2494377
45.15, 2494377
45.16, 2494377
45.17, 2494377
45.18, 2494377
45.19, 2494377
45.2, 2494377
45.21, 2494377
45.22, 2494377
45.23, 2494377
45.24, 2494377
45.25, 2494377
45.26, 2494377
45.27, 2494377
45.28, 2494377
45.29, 2494377
45.3, 2494377
45.31, 2494377
45.32, 2494377
45.33, 2494377
45.34, 2494377
45.35, 2494377
45.36, 2494377
45.37, 2494377
45.38, 2494377
45.39, 2494377
45.4, 2494377
45.41, 2494377
45.42, 2494377
45.43, 2494377
45.44, 2494377
45.45, 2494377
45.46, 2494377
45.47, 2494377
45.48, 2494377
45.49, 2494377
45.5, 2494377
45.51, 2494377
45.52, 2494377
45.53, 2494377
45.54, 2494377
45.55, 2494377
45.56, 2494377
45.57, 2494377
45.58, 2494377
45.59, 2494377
45.6, 2494377
45.61, 2494377
45.62, 2494377
45.63, 2494377
45.64, 2494377
45.65, 2494377
45.66, 2494377
45.67, 2494377
45.68, 2494377
45.69, 2494377
45.7, 2494377
45.71, 2494377
45.72, 2494377
45.73, 2494377
45.74, 2494377
45.75, 2494377
45.76, 2494377
45.77, 2494377
45.78, 2494377
45.79, 2494377
45.8, 2494377
45.81, 2494377
45.82, 2494377
45.83, 2494377
45.84, 2494377
45.85, 2494377
45.86, 2494377
45.87, 2494377
45.88, 2494377
45.89, 2494377
45.9, 2494377
45.91, 2494377
45.92, 2494377
45.93, 2494377
45.94, 2494377
45.95, 2494377
45.96, 2494377
45.97, 2494377
45.98, 2494377
45.99, 2494377
46.0, 2494377
46.01, 2494377
46.02, 2494377
46.03, 2494377
46.04, 2494377
46.05, 2494377
46.06, 2494377
46.07, 2494377
46.08, 2494377
46.09, 2494377
46.1, 2494377
46.11, 2494377
46.12, 2494377
46.13, 2494377
46.14, 2494377
46.15, 2494377
46.16, 2494377
46.17, 2494377
46.18, 2494377
46.19, 2494377
46.2, 2494377
46.21, 2494377
46.22, 2494377
46.23, 2494377
46.24, 2494377
46.25, 2494377
46.26, 2494377
46.27, 2494377
46.28, 2494377
46.29, 2494377
46.3, 2494377
46.31, 2494377
46.32, 2494377
46.33, 2494377
46.34, 2494377
46.35, 2494377
46.36, 2494377
46.37, 2494377
46.38, 2494377
46.39, 2494377
46.4, 2494377
46.41, 2494377
46.42, 2494377
46.43, 2494377
46.44, 2494377
46.45, 2494377
46.46, 2494377
46.47, 2494377
46.48, 2494377
46.49, 2494377
46.5, 2494377
46.51, 2494377
46.52, 2494377
46.53, 2494377
46.54, 2494377
46.55, 2494377
46.56, 2494377
46.57, 2494377
46.58, 2494377
46.59, 2494377
46.6, 2494377
46.61, 2494377
46.62, 2494377
46.63, 2494377
46.64, 2494377
46.65, 2494377
46.66, 2494377
46.67, 2494377
46.68, 2494377
46.69, 2494377
46.7, 2494377
46.71, 2494377
46.72, 2494377
46.73, 2494377
46.74, 2494377
46.75, 2494377
46.76, 2494377
46.77, 2494377
46.78, 2494377
46.79, 2494377
46.8, 2494377
46.81, 2494377
46.82, 2494377
46.83, 2494377
46.84, 2494377
46.85, 2494377
46.86, 2494377
46.87, 2494377
46.88, 2494377
46.89, 2494377
46.9, 2494377
46.91, 2494377
46.92, 2494377
46.93, 2494377
46.94, 2494377
46.95, 2494377
46.96, 2494377
46.97, 2494377
46.98, 2494377
46.99, 2494377
47.0, 2494377
47.01, 2494377
47.02, 2494377
47.03, 2494377
47.04, 2494377
47.05, 2494377
47.06, 2494377
47.07, 2494377
47.08, 2494377
47.09, 2494377
47.1, 2494377
47.11, 2494377
47.12, 2494377
47.13, 2494377
47.14, 2494377
47.15, 2494377
47.16, 2494377
47.17, 2494377
47.18, 2494377
47.19, 2494377
47.2, 2494377
47.21, 2494377
47.22, 2494377
47.23, 2494377
47.24, 2494377
47.25, 2494377
47.26, 2494377
47.27, 2494377
47.28, 2494377
47.29, 2494377
47.3, 2494377
47.31, 2494377
47.32, 2494377
47.33, 2494377
47.34, 2494377
47.35, 2494377
47.36, 2494377
47.37, 2494377
47.38, 2494377
47.39, 2494377
47.4, 2494377
47.41, 2494377
47.42, 2494377
47.43, 2494377
47.44, 2494377
47.45, 2494377
47.46, 2494377
47.47, 2494377
47.48, 2494377
47.49, 2494377
47.5, 2494377
47.51, 2494377
47.52, 2494377
47.53, 2494377
47.54, 2494377
47.55, 2494377
47.56, 2494377
47.57, 2494377
47.58, 2494377
47.59, 2494377
47.6, 2494377
47.61, 2494377
47.62, 2494377
47.63, 2494377
47.64, 2494377
47.65, 2494377
47.66, 2494377
47.67, 2494377
47.68, 2494377
47.69, 2494377
47.7, 2494377
47.71, 2494377
47.72, 2494377
47.73, 2494377
47.74, 2494377
47.75, 2494377
47.76, 2494377
47.77, 2494377
47.78, 2494377
47.79, 2494377
47.8, 2494377
47.81, 2494377
47.82, 2494377
47.83, 2494377
47.84, 2494377
47.85, 2494377
47.86, 2494377
47.87, 2494377
47.88, 2494377
47.89, 2494377
47.9, 2494377
47.91, 2494377
47.92, 2494377
47.93, 2494377
47.94, 2494377
47.95, 2494377
47.96, 2494377
47.97, 2494377
47.98, 2494377
47.99, 2494377
48.0, 2494377
48.01, 2494377
48.02, 2494377
48.03, 2494377
48.04, 2494377
48.05, 2494377
48.06, 2494377
48.07, 2494377
48.08, 2494377
48.09, 2494377
48.1, 2494377
48.11, 2494377
48.12, 2494377
48.13, 2494377
48.14, 2494377
48.15, 2494377
48.16, 2494377
48.17, 2494377
48.18, 2494377
48.19, 2494377
48.2, 2494377
48.21, 2494377
48.22, 2494377
48.23, 2494377
48.24, 2494377
48.25, 2494377
48.26, 2494377
48.27, 2494377
48.28, 2494377
48.29, 2494377
48.3, 2494377
48.31, 2494377
48.32, 2494377
48.33, 2494377
48.34, 2494377
48.35, 2494377
48.36, 2494377
48.37, 2494377
48.38, 2494377
48.39, 2494377
48.4, 2494377
48.41, 2494377
48.42, 2494377
48.43, 2494377
48.44, 2494377
48.45, 2494377
48.46, 2494377
48.47, 2494377
48.48, 2494377
48.49, 2494377
48.5, 2494377
48.51, 2494377
48.52, 2494377
48.53, 2494377
48.54, 2494377
48.55, 2494377
48.56, 2494377
48.57, 2494377
48.58, 2494377
48.59, 2494377
48.6, 2494377
48.61, 2494377
48.62, 2494377
48.63, 2494377
48.64, 2494377
48.65, 2494377
48.66, 2494377
48.67, 2494377
48.68, 2494377
48.69, 2494377
48.7, 2494377
48.71, 2494377
48.72, 2494377
48.73, 2494377
48.74, 2494377
48.75, 2494377
48.76, 2494377
48.77, 2494377
48.78, 2494377
48.79, 2494377
48.8, 2494377
48.81, 2494377
48.82, 2494377
48.83, 2494377
48.84, 2494377
48.85, 2494377
48.86, 2494377
48.87, 2494377
48.88, 2494377
48.89, 2494377
48.9, 2494377
48.91, 2494377
48.92, 2494377
48.93, 2494377
48.94, 2494377
48.95, 2494377
48.96, 2494377
48.97, 2494377
48.98, 2494377
48.99, 2494377
49.0, 2494377
49.01, 2494377
49.02, 2494377
49.03, 2494377
49.04, 2494377
49.05, 2494377
49.06, 2494377
49.07, 2494377
49.08, 2494377
49.09, 2494377
49.1, 2494377
49.11, 2494377
49.12, 2494377
49.13, 2494377
49.14, 2494377
49.15, 2494377
49.16, 2494377
49.17, 2494377
49.18, 2494377
49.19, 2494377
49.2, 2494377
49.21, 2494377
49.22, 2494377
49.23, 2494377
49.24, 2494377
49.25, 2494377
49.26, 2494377
49.27, 2494377
49.28, 2494377
49.29, 2494377
49.3, 2494377
49.31, 2494377
49.32, 2494377
49.33, 2494377
49.34, 2494377
49.35, 2494377
49.36, 2494377
49.37, 2494377
49.38, 2494377
49.39, 2494377
49.4, 2494377
49.41, 2494377
49.42, 2494377
49.43, 2494377
49.44, 2494377
49.45, 2494377
49.46, 2494377
49.47, 2494377
49.48, 2494377
49.49, 2494377
49.5, 2494377
49.51, 2494377
49.52, 2494377
49.53, 2494377
49.54, 2494377
49.55, 2494377
49.56, 2494377
49.57, 2494377
49.58, 2494377
49.59, 2494377
49.6, 2494377
49.61, 2494377
49.62, 2494377
49.63, 2494377
49.64, 2494377
49.65, 2494377
49.66, 2494377
49.67, 2494377
49.68, 2494377
49.69, 2494377
49.7, 2494377
49.71, 2494377
49.72, 2494377
49.73, 2494377
49.74, 2494377
49.75, 2494377
49.76, 2494377
49.77, 2494377
49.78, 2494377
49.79, 2494377
49.8, 2494377
49.81, 2494377
49.82, 2494377
49.83, 2494377
49.84, 2494377
49.85, 2494377
49.86, 2494377
49.87, 2494377
49.88, 2494377
49.89, 2494377
49.9, 2494377
49.91, 2494377
49.92, 2494377
49.93, 2494377
49.94, 2494377
49.95, 2494377
49.96, 2494377
49.97, 2494377
49.98, 2494377
49.99, 2494377
50.0, 2494377
50.01, 2494377
50.02, 2494377
50.03, 2494377
50.04, 2494377
50.05, 2494377
50.06, 2494377
50.07, 2494377
50.08, 2494377
50.09, 2494377
50.1, 2494377
50.11, 2494377
50.12, 2494377
50.13, 2494377
50.14, 2494377
50.15, 2494377
50.16, 2494377
50.17, 2494377
50.18, 2494377
50.19, 2494377
50.22, 2494377
50.23, 2494377
50.24, 2494377
50.25, 2494377
50.26, 2494377
50.27, 2494377
50.28, 2494377
50.29, 2494377
50.3, 2494377
50.31, 2494377
50.32, 2494377
50.33, 2494377
50.34, 2494377
50.35, 2494377
50.36, 2494377
50.37, 2494377
50.38, 2494377
50.39, 2494377
50.4, 2494377
50.41, 2494377
50.42, 2494377
50.43, 2494377
50.44, 2494377
50.45, 2494377
50.46, 2494377
50.47, 2494377
50.48, 2494377
50.49, 2494377
50.5, 2494377
50.51, 2494377
50.52, 2494377
50.53, 2494377
50.54, 2494377
50.55, 2494377
50.56, 2494377
50.57, 2494377
50.58, 2494377
50.59, 2494377
50.6, 2494377
50.61, 2494377
50.62, 2494377
50.63, 2494377
50.64, 2494377
50.65, 2494377
50.66, 2494377
50.67, 2494377
50.68, 2494377
50.69, 2494377
50.7, 2494377
50.71, 2494377
50.72, 2494377
50.73, 2494377
50.74, 2494377
50.75, 2494377
50.76, 2494377
50.77, 2494377
50.78, 2494377
50.79, 2494377
50.8, 2494377
50.81, 2494377
50.82, 2494377
50.83, 2494377
50.84, 2494377
50.85, 2494377
50.86, 2494377
50.87, 2494377
50.88, 2494377
50.89, 2494377
50.9, 2494377
50.91, 2494377
50.92, 2494377
50.93, 2494377
50.94, 2494377
50.95, 2494377
50.96, 2494377
50.97, 2494377
50.98, 2494377
50.99, 2494377
51.0, 2494377
51.01, 2494377
51.02, 2494377
51.03, 2494377
51.04, 2494377
51.05, 2494377
51.06, 2494377
51.07, 2494377
51.08, 2494377
51.09, 2494377
51.1, 2494377
51.11, 2494377
51.12, 2494377
51.13, 2494377
51.14, 2494377
51.15, 2494377
51.16, 2494377
51.17, 2494377
51.18, 2494377
51.19, 2494377
51.2, 2494377
51.21, 2494377
51.22, 2494377
51.23, 2494377
51.24, 2494377
51.25, 2494377
51.26, 2494377
51.27, 2494377
51.28, 2494377
51.29, 2494377
51.3, 2494377
51.31, 2494377
51.32, 2494377
51.33, 2494377
51.34, 2494377
51.35, 2494377
51.36, 2494377
51.37, 2494377
51.38, 2494377
51.39, 2494377
51.4, 2494377
51.41, 2494377
51.42, 2494377
51.43, 2494377
51.44, 2494377
51.45, 2494377
51.46, 2494377
51.47, 2494377
51.48, 2494377
51.49, 2494377
51.5, 2494377
51.51, 2494377
51.52, 2494377
51.53, 2494377
51.54, 2494377
51.55, 2494377
51.56, 2494377
51.57, 2494377
51.58, 2494377
51.59, 2494377
51.6, 2494377
51.61, 2494377
51.62, 2494377
51.63, 2494377
51.64, 2494377
51.65, 2494377
51.66, 2494377
51.67, 2494377
51.68, 2494377
51.69, 2494377
51.7, 2494377
51.71, 2494377
51.72, 2494377
51.73, 2494377
51.74, 2494377
51.75, 2494377
51.76, 2494377
51.77, 2494377
51.78, 2494377
51.79, 2494377
51.8, 2494377
51.81, 2494377
51.82, 2494377
51.83, 2494377
51.84, 2494377
51.85, 2494377
51.86, 2494377
51.87, 2494377
51.88, 2494377
51.89, 2494377
51.9, 2494377
51.91, 2494377
51.92, 2494377
51.93, 2494377
51.94, 2494377
51.95, 2494377
51.96, 2494377
51.97, 2494377
51.98, 2494377
51.99, 2494377
52.0, 2494377
52.01, 2494377
52.02, 2494377
52.03, 2494377
52.04, 2494377
52.05, 2494377
52.06, 2494377
52.07, 2494377
52.08, 2494377
52.09, 2494377
52.1, 2494377
52.11, 2494377
52.12, 2494377
52.13, 2494377
52.14, 2494377
52.15, 2494377
52.16, 2494377
52.17, 2494377
52.18, 2494377
52.19, 2494377
52.2, 2494377
52.21, 2494377
52.22, 2494377
52.23, 2494377
52.24, 2494377
52.25, 2494377
52.26, 2494377
52.27, 2494377
52.28, 2494377
52.29, 2494377
52.3, 2494377
52.31, 2494377
52.32, 2494377
52.33, 2494377
52.34, 2494377
52.35, 2421127
52.36, 2421127
52.37, 2421127
52.38, 2421127
52.39, 2421127
52.4, 2421127
52.41, 2421127
52.42, 2421127
52.43, 2421127
52.44, 2421127
52.45, 2421127
52.46, 2421127
52.47, 2421127
52.48, 2421127
52.49, 2421127
52.5, 2421127
52.51, 2421127
52.52, 2421127
52.53, 2421127
52.54, 2421127
52.55, 2421127
52.56, 2421127
52.57, 2421127
52.58, 2421127
52.59, 2421127
52.6, 2421127
52.61, 2421127
52.62, 2421127
52.63, 2421127
52.64, 2421127
52.65, 2421127
52.66, 2421127
52.67, 2421127
52.68, 2421127
52.69, 2421127
52.7, 2421127
52.71, 2421127
52.72, 2421127
52.73, 2421127
52.74, 2421127
52.75, 2421127
52.76, 2421127
52.77, 2421127
52.78, 2421127
52.79, 2421127
52.8, 2421127
52.81, 2421127
52.82, 2421127
52.83, 2421127
52.84, 2421127
52.85, 2421127
52.86, 2421127
52.87, 2421127
52.88, 2421127
52.89, 2421127
52.9, 2421127
52.91, 2421127
52.92, 2421127
52.93, 2421127
52.94, 2421127
52.95, 2421127
52.96, 2421127
52.97, 2421127
52.98, 2421127
52.99, 2421127
53.0, 2421127
53.01, 2421127
53.02, 2421127
53.03, 2421127
53.04, 2421127
53.05, 2421127
53.06, 2421127
53.07, 2421127
53.08, 2421127
53.09, 2421127
53.1, 2421127
53.11, 2421127
53.12, 2421127
53.13, 2421127
53.14, 2421127
53.15, 2421127
53.16, 2421127
53.17, 2421127
53.18, 2421127
53.19, 2421127
53.2, 2421127
53.21, 2421127
53.22, 2421127
53.23, 2421127
53.24, 2421127
53.25, 2421127
53.26, 2421127
53.27, 2421127
53.28, 2421127
53.29, 2421127
53.3, 2421127
53.31, 2421127
53.32, 2421127
53.33, 2421127
53.34, 2421127
53.35, 2421127
53.36, 2421127
53.37, 2421127
53.38, 2421127
53.39, 2421127
53.4, 2421127
53.41, 2421127
53.42, 2421127
53.43, 2421127
53.44, 2421127
53.45, 2421127
53.46, 2421127
53.47, 2421127
53.48, 2421127
53.49, 2421127
53.5, 2421127
53.51, 2421127
53.52, 2421127
53.53, 2421127
53.54, 2421127
53.55, 2421127
53.56, 2421127
53.57, 2421127
53.58, 2421127
53.59, 2421127
53.6, 2421127
53.61, 2421127
53.62, 2421127
53.63, 2421127
53.64, 2421127
53.65, 2421127
53.66, 2421127
53.67, 2421127
53.68, 2421127
53.69, 2421127
53.7, 2421127
53.71, 2421127
53.72, 2421127
53.73, 2421127
53.74, 2421127
53.75, 2421127
53.76, 2421127
53.77, 2421127
53.78, 2421127
53.79, 2421127
53.8, 2421127
53.81, 2421127
53.82, 2421127
53.83, 2421127
53.84, 2421127
53.85, 2421127
53.86, 2421127
53.87, 2421127
53.88, 2421127
53.89, 2421127
53.9, 2421127
53.91, 2421127
53.92, 2421127
53.93, 2421127
53.94, 2421127
53.95, 2421127
53.96, 2421127
53.97, 2421127
53.98, 2421127
53.99, 2421127
54.0, 2421127
54.01, 2421127
54.02, 2421127
54.03, 2421127
54.04, 2421127
54.05, 2421127
54.06, 2421127
54.07, 2421127
54.08, 2421127
54.09, 2421127
54.1, 2421127
54.11, 2421127
54.12, 2421127
54.13, 2421127
54.14, 2421127
54.15, 2421127
54.16, 2421127
54.17, 2421127
54.18, 2421127
54.19, 2421127
54.2, 2421127
54.21, 2421127
54.22, 2421127
54.23, 2421127
54.24, 2421127
54.25, 2421127
54.26, 2421127
54.27, 2421127
54.28, 2421127
54.29, 2421127
54.3, 2421127
54.31, 2421127
54.32, 2421127
54.33, 2421127
54.34, 2421127
54.35, 2421127
54.36, 2421127
54.37, 2421127
54.38, 2421127
54.39, 2421127
54.4, 2421127
54.41, 2421127
54.42, 2421127
54.43, 2421127
54.44, 2421127
54.45, 2421127
54.46, 2421127
54.47, 2421127
54.48, 2421127
54.49, 2421127
54.5, 2421127
54.51, 2421127
54.52, 2421127
54.53, 2421127
54.54, 2421127
54.55, 2421127
54.56, 2421127
54.57, 2421127
54.58, 2421127
54.59, 2421127
54.6, 2421127
54.61, 2421127
54.62, 2421127
54.63, 2421127
54.64, 2421127
54.65, 2421127
54.66, 2421127
54.67, 2421127
54.68, 2421127
54.69, 2421127
54.7, 2421127
54.71, 2421127
54.72, 2421127
54.73, 2421127
54.74, 2421127
54.75, 2421127
54.76, 2421127
54.77, 2421127
54.78, 2421127
54.79, 2421127
54.8, 2421127
54.81, 2421127
54.82, 2421127
54.83, 2421127
54.84, 2421127
54.85, 2421127
54.86, 2421127
54.87, 2421127
54.88, 2421127
54.89, 2421127
54.9, 2421127
54.91, 2421127
54.92, 2421127
54.93, 2421127
54.94, 2421127
54.95, 2421127
54.96, 2421127
54.97, 2421127
54.98, 2421127
54.99, 2421127
55.0, 2421127
55.01, 2421127
55.02, 2421127
55.03, 2421127
55.04, 2421127
55.05, 2421127
55.06, 2421127
55.07, 2421127
55.08, 2421127
55.09, 2421127
55.1, 2421127
55.11, 2421127
55.12, 2421127
55.13, 2421127
55.14, 2421127
55.15, 2421127
55.16, 2421127
55.17, 2421127
55.18, 2421127
55.19, 2421127
55.2, 2421127
55.21, 2421127
55.22, 2421127
55.23, 2421127
55.24, 2421127
55.25, 2421127
55.26, 2421127
55.27, 2421127
55.28, 2421127
55.29, 2421127
55.3, 2421127
55.31, 2421127
55.32, 2421127
55.33, 2421127
55.34, 2421127
55.35, 2421127
55.36, 2421127
55.37, 2421127
55.38, 2421127
55.39, 2421127
55.4, 2421127
55.41, 2421127
55.42, 2421127
55.43, 2421127
55.44, 2421127
55.45, 2421127
55.46, 2421127
55.47, 2421127
55.48, 2421127
55.49, 2421127
55.5, 2421127
55.51, 2421127
55.52, 2421127
55.53, 2421127
55.54, 2421127
55.55, 2421127
55.56, 2421127
55.57, 2421127
55.58, 2421127
55.59, 2421127
55.6, 2421127
55.61, 2421127
55.62, 2421127
55.63, 2421127
55.64, 2421127
55.65, 2421127
55.66, 2421127
55.67, 2421127
55.68, 2421127
55.69, 2421127
55.7, 2421127
55.71, 2421127
55.72, 2421127
55.73, 2421127
55.74, 2421127
55.75, 2421127
55.76, 2421127
55.77, 2421127
55.78, 2421127
55.79, 2421127
55.8, 2421127
55.81, 2421127
55.82, 2421127
55.83, 2421127
55.84, 2421127
55.85, 2421127
55.86, 2421127
55.87, 2421127
55.88, 2421127
55.89, 2421127
55.9, 2421127
55.91, 2421127
55.92, 2421127
55.93, 2421127
55.94, 2421127
55.95, 2421127
55.96, 2421127
55.97, 2421127
55.98, 2421127
55.99, 2421127
56.0, 2421127
56.01, 2421127
56.02, 2421127
56.03, 2421127
56.04, 2421127
56.05, 2421127
56.06, 2421127
56.07, 2421127
56.08, 2421127
56.09, 2421127
56.1, 2421127
56.11, 2421127
56.12, 2421127
56.13, 2421127
56.14, 2421127
56.15, 2421127
56.16, 2421127
56.17, 2421127
56.18, 2421127
56.19, 2421127
56.2, 2421127
56.21, 2421127
56.22, 2421127
56.23, 2421127
56.24, 2421127
56.25, 2421127
56.26, 2421127
56.27, 2421127
56.28, 2421127
56.3, 2421127
56.31, 2421127
56.32, 2421127
56.33, 2421127
56.34, 2421127
56.35, 2421127
56.36, 2421127
56.37, 2421127
56.38, 2421127
56.39, 2421127
56.4, 2421127
56.41, 2421127
56.42, 2421127
56.43, 2421127
56.44, 2421127
56.45, 2421127
56.46, 2421127
56.47, 2421127
56.48, 2421127
56.49, 2421127
56.5, 2421127
56.51, 2421127
56.52, 2421127
56.53, 2421127
56.54, 2421127
56.55, 2421127
56.56, 2421127
56.57, 2421127
56.58, 2421127
56.59, 2421127
56.6, 2421127
56.61, 2421127
56.62, 2421127
56.63, 2421127
56.64, 2421127
56.65, 2421127
56.66, 2421127
56.67, 2421127
56.68, 2421127
56.69, 2421127
56.7, 2421127
56.71, 2421127
56.72, 2421127
56.73, 2421127
56.74, 2421127
56.75, 2421127
56.76, 2421127
56.77, 2421127
56.78, 2421127
56.79, 2421127
56.8, 2421127
56.81, 2421127
56.82, 2421127
56.83, 2421127
56.84, 2421127
56.85, 2421127
56.86, 2421127
56.87, 2421127
56.88, 2421127
56.89, 2421127
56.9, 2421127
56.91, 2421127
56.92, 2421127
56.93, 2421127
56.94, 2421127
56.95, 2421127
56.96, 2421127
56.97, 2421127
56.98, 2421127
56.99, 2421127
57.0, 2421127
57.01, 2421127
57.02, 2421127
57.03, 2421127
57.04, 2421127
57.05, 2421127
57.06, 2421127
57.07, 2421127
57.08, 2421127
57.09, 2421127
57.1, 2421127
57.11, 2421127
57.12, 2421127
57.13, 2421127
57.14, 2421127
57.15, 2421127
57.16, 2421127
57.17, 2421127
57.18, 2421127
57.19, 2421127
57.2, 2421127
57.21, 2421127
57.22, 2421127
57.23, 2421127
57.24, 2421127
57.25, 2421127
57.26, 2421127
57.27, 2421127
57.28, 2421127
57.29, 2421127
57.3, 2421127
57.31, 2421127
57.32, 2421127
57.33, 2421127
57.34, 2421127
57.35, 2421127
57.36, 2421127
57.37, 2421127
57.38, 2421127
57.39, 2421127
57.4, 2421127
57.41, 2421127
57.42, 2421127
57.43, 2421127
57.44, 2421127
57.45, 2421127
57.46, 2421127
57.47, 2421127
57.48, 2421127
57.49, 2421127
57.5, 2421127
57.51, 2421127
57.52, 2421127
57.53, 2421127
57.54, 2421127
57.55, 2421127
57.56, 2421127
57.57, 2421127
57.58, 2421127
57.59, 2421127
57.6, 2421127
57.61, 2421127
57.62, 2421127
57.63, 2421127
57.64, 2421127
57.65, 2421127
57.66, 2421127
57.67, 2421127
57.68, 2421127
57.69, 2421127
57.7, 2421127
57.71, 2421127
57.72, 2421127
57.73, 2421127
57.74, 2421127
57.75, 2421127
57.76, 2421127
57.77, 2421127
57.78, 2421127
57.79, 2421127
57.8, 2421127
57.81, 2421127
57.82, 2421127
57.83, 2421127
57.84, 2421127
57.85, 2421127
57.86, 2421127
57.87, 2421127
57.88, 2421127
57.89, 2421127
57.9, 2421127
57.91, 2421127
57.92, 2421127
57.93, 2421127
57.94, 2421127
57.95, 2421127
57.96, 2421127
57.97, 2421127
57.98, 2421127
57.99, 2421127
58.0, 2421127
58.01, 2421127
58.02, 2421127
58.03, 2421127
58.04, 2421127
58.05, 2421127
58.06, 2421127
58.07, 2421127
58.08, 2421127
58.09, 2421127
58.1, 2421127
58.11, 2421127
58.12, 2421127
58.13, 2421127
58.14, 2421127
58.15, 2421127
58.16, 2421127
58.17, 2421127
58.18, 2421127
58.19, 2421127
58.2, 2421127
58.21, 2421127
58.22, 2421127
58.23, 2421127
58.24, 2421127
58.25, 2421127
58.26, 2421127
58.27, 2421127
58.28, 2421127
58.29, 2421127
58.3, 2421127
58.31, 2421127
58.32, 2421127
58.33, 2421127
58.34, 2421127
58.35, 2421127
58.36, 2421127
58.37, 2421127
58.38, 2421127
58.39, 2421127
58.4, 2421127
58.41, 2421127
58.42, 2421127
58.43, 2421127
58.44, 2421127
58.45, 2421127
58.46, 2421127
58.47, 2421127
58.48, 2421127
58.49, 2421127
58.5, 2421127
58.51, 2421127
58.52, 2421127
58.53, 2421127
58.54, 2421127
58.55, 2421127
58.56, 2421127
58.57, 2421127
58.58, 2421127
58.59, 2421127
58.6, 2421127
58.61, 2421127
58.62, 2421127
58.63, 2421127
58.64, 2421127
58.65, 2421127
58.66, 2421127
58.67, 2421127
58.68, 2421127
58.69, 2421127
58.7, 2421127
58.71, 2421127
58.72, 2421127
58.73, 2421127
58.74, 2421127
58.75, 2421127
58.76, 2421127
58.77, 2421127
58.78, 2421127
58.79, 2421127
58.8, 2421127
58.81, 2421127
58.82, 2421127
58.83, 2421127
58.84, 2421127
58.85, 2421127
58.86, 2421127
58.87, 2421127
58.88, 2421127
58.89, 2421127
58.9, 2421127
58.91, 2421127
58.92, 2421127
58.93, 2421127
58.94, 2421127
58.95, 2421127
58.96, 2421127
58.97, 2421127
58.98, 2421127
58.99, 2421127
59.0, 2421127
59.01, 2421127
59.02, 2421127
59.03, 2421127
59.04, 2421127
59.05, 2421127
59.06, 2421127
59.07, 2421127
59.08, 2421127
59.09, 2421127
59.1, 2421127
59.11, 2421127
59.12, 2421127
59.13, 2421127
59.14, 2421127
59.15, 2421127
59.16, 2421127
59.17, 2421127
59.18, 2421127
59.19, 2421127
59.2, 2421127
59.21, 2421127
59.22, 2421127
59.23, 2421127
59.24, 2421127
59.25, 2421127
59.26, 2421127
59.27, 2421127
59.28, 2421127
59.29, 2421127
59.3, 2421127
59.31, 2421127
59.32, 2421127
59.33, 2421127
59.34, 2421127
59.35, 2421127
59.36, 2421127
59.37, 2421127
59.38, 2421127
59.39, 2421127
59.4, 2421127
59.41, 2421127
59.42, 2421127
59.43, 2421127
59.44, 2421127
59.45, 2421127
59.46, 2421127
59.47, 2421127
59.48, 2421127
59.49, 2421127
59.5, 2421127
59.51, 2421127
59.52, 2421127
59.53, 2421127
59.54, 2421127
59.55, 2421127
59.56, 2421127
59.57, 2421127
59.58, 2421127
59.59, 2421127
59.6, 2421127
59.61, 2421127
59.62, 2421127
59.63, 2421127
59.64, 2421127
59.65, 2421127
59.66, 2421127
59.67, 2421127
59.68, 2421127
59.69, 2421127
59.7, 2421127
59.71, 2421127
59.72, 2421127
59.73, 2421127
59.74, 2421127
59.75, 2421127
59.76, 2421127
59.77, 2421127
59.78, 2421127
59.79, 2421127
59.8, 2421127
59.81, 2421127
59.82, 2421127
59.83, 2421127
59.84, 2421127
59.85, 2421127
59.86, 2421127
59.87, 2421127
59.88, 2421127
59.89, 2421127
59.9, 2421127
59.91, 2421127
59.92, 2421127
59.93, 2421127
59.94, 2421127
59.95, 2421127
59.96, 2421127
59.97, 2421127
59.98, 2421127
59.99, 2421127
