0.0, 3075745
0.01, 3049806
0.02, 3049806
0.03, 3049806
0.04, 2872485
0.05, 2872485
0.06, 2872485
0.07, 2872485
0.08, 2872485
0.09, 2872485
0.1, 2872485
0.11, 2872485
0.12, 2872485
0.13, 2872485
0.14, 2872485
0.15, 2872485
0.16, 2872485
0.17, 2872485
0.18, 2872485
0.19, 2872485
0.2, 2872485
0.21, 2872485
0.22, 2872485
0.23, 2872485
0.24, 2872485
0.25, 2872485
0.26, 2872485
0.27, 2872485
0.28, 2872485
0.29, 2872485
0.3, 2872485
0.31, 2872485
0.32, 2872485
0.33, 2872485
0.34, 2872485
0.35, 2872485
0.36, 2872485
0.37, 2872485
0.38, 2872485
0.39, 2872485
0.4, 2872485
0.41, 2872485
0.42, 2872485
0.43, 2872485
0.44, 2872485
0.45, 2872485
0.46, 2872485
0.47, 2872485
0.48, 2872485
0.49, 2872485
0.5, 2872485
0.51, 2872485
0.52, 2872485
0.53, 2872485
0.54, 2872485
0.55, 2872485
0.56, 2872485
0.57, 2872485
0.58, 2872485
0.59, 2872485
0.6, 2872485
0.61, 2872485
0.62, 2872485
0.63, 2872485
0.64, 2816815
0.65, 2816815
0.66, 2816815
0.67, 2816815
0.68, 2816815
0.69, 2816815
0.7, 2816815
0.71, 2816815
0.72, 2816815
0.73, 2816815
0.74, 2816815
0.75, 2816815
0.76, 2816815
0.77, 2816815
0.78, 2816815
0.79, 2816815
0.8, 2816815
0.81, 2816815
0.82, 2816815
0.83, 2816815
0.84, 2816815
0.85, 2816815
0.86, 2816815
0.87, 2816815
0.88, 2816815
0.89, 2816815
0.9, 2816815
0.91, 2816815
0.92, 2816815
0.93, 2816815
0.94, 2816815
0.95, 2816815
0.96, 2816815
0.97, 2816815
0.98, 2816815
0.99, 2816815
1.0, 2816815
1.01, 2816815
1.02, 2816815
1.03, 2816815
1.04, 2816815
1.05, 2816815
1.06, 2816815
1.07, 2816815
1.08, 2816815
1.09, 2816815
1.1, 2816815
1.11, 2816815
1.12, 2816815
1.13, 2816815
1.14, 2816815
1.15, 2816815
1.16, 2816815
1.17, 2816815
1.18, 2816815
1.19, 2816815
1.2, 2816815
1.21, 2816815
1.22, 2816815
1.23, 2816815
1.24, 2816815
1.25, 2816815
1.26, 2816815
1.27, 2816815
1.28, 2816815
1.29, 2816815
1.3, 2816815
1.31, 2816815
1.32, 2816815
1.33, 2816815
1.34, 2816815
1.35, 2816815
1.36, 2816815
1.37, 2816815
1.38, 2816815
1.39, 2816815
1.4, 2816815
1.41, 2816815
1.42, 2816815
1.43, 2816815
1.44, 2816815
1.45, 2816815
1.46, 2816815
1.47, 2816815
1.48, 2816815
1.49, 2816815
1.5, 2816815
1.51, 2816815
1.52, 2816815
1.53, 2816815
1.54, 2816815
1.55, 2816815
1.56, 2816815
1.57, 2816815
1.58, 2816815
1.59, 2816815
1.6, 2735350
1.61, 2735350
1.62, 2735350
1.63, 2735350
1.64, 2735350
1.65, 2735350
1.66, 2735350
1.67, 2735350
1.68, 2735350
1.69, 2735350
1.7, 2735350
1.71, 2735350
1.72, 2735350
1.73, 2735350
1.74, 2735350
1.75, 2735350
1.76, 2735350
1.77, 2735350
1.78, 2735350
1.79, 2735350
1.8, 2735350
1.81, 2735350
1.82, 2735350
1.83, 2735350
1.84, 2735350
1.85, 2735350
1.86, 2735350
1.87, 2735350
1.88, 2735350
1.89, 2735350
1.9, 2735350
1.91, 2735350
1.92, 2735350
1.93, 2735350
1.94, 2735350
1.95, 2735350
1.96, 2735350
1.97, 2735350
1.98, 2735350
1.99, 2735350
2.0, 2735350
2.01, 2735350
2.02, 2735350
2.03, 2735350
2.04, 2735350
2.05, 2735350
2.06, 2735350
2.07, 2735350
2.08, 2735350
2.09, 2735350
2.1, 2735350
2.11, 2735350
2.12, 2735350
2.13, 2735350
2.14, 2735350
2.15, 2735350
2.16, 2735350
2.17, 2735350
2.18, 2735350
2.19, 2735350
2.2, 2735350
2.21, 2735350
2.22, 2735350
2.23, 2735350
2.24, 2735350
2.25, 2735350
2.26, 2735350
2.27, 2735350
2.28, 2735350
2.29, 2735350
2.3, 2735350
2.31, 2735350
2.32, 2735350
2.33, 2735350
2.34, 2735350
2.35, 2735350
2.36, 2735350
2.37, 2735350
2.38, 2735350
2.39, 2735350
2.4, 2735350
2.41, 2735350
2.42, 2735350
2.43, 2735350
2.44, 2735350
2.45, 2735350
2.46, 2735350
2.47, 2735350
2.48, 2735350
2.49, 2735350
2.5, 2735350
2.51, 2735350
2.52, 2735350
2.53, 2735350
2.54, 2735350
2.55, 2735350
2.56, 2735350
2.57, 2735350
2.58, 2735350
2.59, 2735350
2.6, 2735350
2.61, 2735350
2.62, 2735350
2.63, 2735350
2.64, 2735350
2.65, 2735350
2.66, 2735350
2.67, 2735350
2.68, 2735350
2.69, 2735350
2.7, 2735350
2.71, 2735350
2.72, 2735350
2.73, 2735350
2.74, 2735350
2.75, 2735350
2.76, 2735350
2.77, 2735350
2.78, 2735350
2.79, 2735350
2.8, 2735350
2.81, 2735350
2.82, 2735350
2.83, 2735350
2.84, 2735350
2.85, 2735350
2.86, 2735350
2.87, 2735350
2.88, 2735350
2.89, 2735350
2.9, 2735350
2.91, 2735350
2.92, 2735350
2.93, 2735350
2.94, 2735350
2.95, 2735350
2.96, 2735350
2.97, 2735350
2.98, 2735350
2.99, 2735350
3.0, 2735350
3.01, 2735350
3.02, 2735350
3.03, 2735350
3.04, 2735350
3.05, 2735350
3.06, 2735350
3.07, 2735350
3.08, 2735350
3.09, 2735350
3.1, 2735350
3.11, 2735350
3.12, 2735350
3.13, 2735350
3.14, 2735350
3.15, 2735350
3.16, 2735350
3.17, 2735350
3.18, 2735350
3.19, 2735350
3.2, 2735350
3.21, 2735350
3.22, 2735350
3.23, 2735350
3.24, 2735350
3.25, 2735350
3.26, 2735350
3.27, 2735350
3.28, 2735350
3.29, 2735350
3.3, 2735350
3.31, 2735350
3.32, 2735350
3.33, 2735350
3.34, 2735350
3.35, 2735350
3.36, 2735350
3.37, 2735350
3.38, 2735350
3.39, 2735350
3.4, 2735350
3.41, 2735350
3.42, 2735350
3.43, 2735350
3.44, 2735350
3.45, 2735350
3.46, 2735350
3.47, 2735350
3.48, 2735350
3.49, 2735350
3.5, 2735350
3.51, 2735350
3.52, 2735350
3.53, 2735350
3.54, 2735350
3.55, 2735350
3.56, 2735350
3.57, 2735350
3.58, 2735350
3.59, 2735350
3.6, 2735350
3.61, 2735350
3.62, 2735350
3.63, 2735350
3.64, 2735350
3.65, 2735350
3.66, 2735350
3.67, 2735350
3.68, 2735350
3.69, 2735350
3.7, 2735350
3.71, 2735350
3.72, 2735350
3.73, 2735350
3.74, 2735350
3.75, 2735350
3.76, 2735350
3.77, 2735350
3.78, 2735350
3.79, 2735350
3.8, 2735350
3.81, 2735350
3.82, 2735350
3.83, 2735350
3.84, 2735350
3.85, 2735350
3.86, 2735350
3.87, 2735350
3.88, 2735350
3.89, 2735350
3.9, 2735350
3.91, 2735350
3.92, 2735350
3.93, 2735350
3.94, 2735350
3.95, 2735350
3.96, 2735350
3.97, 2735350
3.98, 2735350
3.99, 2735350
4.0, 2735350
4.01, 2735350
4.02, 2735350
4.03, 2735350
4.04, 2735350
4.05, 2735350
4.06, 2735350
4.07, 2735350
4.08, 2735350
4.09, 2735350
4.1, 2735350
4.11, 2735350
4.12, 2735350
4.13, 2735350
4.14, 2735350
4.15, 2735350
4.16, 2735350
4.17, 2735350
4.18, 2735350
4.19, 2735350
4.2, 2735350
4.21, 2735350
4.22, 2735350
4.23, 2735350
4.24, 2735350
4.25, 2735350
4.26, 2735350
4.27, 2735350
4.28, 2735350
4.29, 2735350
4.3, 2735350
4.31, 2735350
4.32, 2735350
4.33, 2735350
4.34, 2735350
4.35, 2735350
4.36, 2735350
4.37, 2735350
4.38, 2735350
4.39, 2735350
4.4, 2735350
4.41, 2735350
4.42, 2735350
4.43, 2735350
4.44, 2735350
4.45, 2735350
4.46, 2735350
4.47, 2735350
4.48, 2735350
4.49, 2735350
4.5, 2735350
4.51, 2735350
4.52, 2735350
4.53, 2735350
4.54, 2735350
4.55, 2735350
4.56, 2735350
4.57, 2735350
4.58, 2735350
4.59, 2735350
4.6, 2735350
4.61, 2735350
4.62, 2735350
4.63, 2735350
4.64, 2735350
4.65, 2735350
4.66, 2735350
4.67, 2735350
4.68, 2735350
4.69, 2735350
4.7, 2735350
4.71, 2735350
4.72, 2735350
4.73, 2735350
4.74, 2735350
4.75, 2735350
4.76, 2735350
4.77, 2735350
4.78, 2735350
4.79, 2735350
4.8, 2735350
4.81, 2735350
4.82, 2735350
4.83, 2735350
4.84, 2735350
4.85, 2735350
4.86, 2735350
4.87, 2735350
4.88, 2735350
4.89, 2735350
4.9, 2735350
4.91, 2735350
4.92, 2735350
4.93, 2735350
4.94, 2735350
4.95, 2735350
4.96, 2735350
4.97, 2735350
4.98, 2735350
4.99, 2735350
5.0, 2735350
5.01, 2735350
5.02, 2735350
5.03, 2735350
5.04, 2735350
5.05, 2735350
5.06, 2735350
5.07, 2735350
5.08, 2735350
5.09, 2735350
5.1, 2735350
5.11, 2735350
5.12, 2735350
5.13, 2735350
5.14, 2735350
5.15, 2735350
5.16, 2735350
5.17, 2735350
5.18, 2735350
5.19, 2735350
5.2, 2735350
5.21, 2735350
5.22, 2735350
5.23, 2735350
5.24, 2735350
5.25, 2735350
5.26, 2735350
5.27, 2735350
5.28, 2735350
5.29, 2735350
5.3, 2735350
5.31, 2735350
5.32, 2735350
5.33, 2735350
5.34, 2735350
5.35, 2735350
5.36, 2735350
5.37, 2735350
5.38, 2735350
5.39, 2735350
5.4, 2735350
5.41, 2735350
5.42, 2735350
5.43, 2735350
5.44, 2735350
5.45, 2735350
5.46, 2735350
5.47, 2735350
5.48, 2735350
5.49, 2735350
5.5, 2735350
5.51, 2735350
5.52, 2735350
5.53, 2735350
5.54, 2735350
5.55, 2635632
5.56, 2635632
5.57, 2635632
5.58, 2635632
5.59, 2635632
5.6, 2635632
5.61, 2635632
5.62, 2635632
5.63, 2635632
5.64, 2635632
5.65, 2635632
5.66, 2635632
5.67, 2635632
5.68, 2635632
5.69, 2464847
5.7, 2464847
5.71, 2464847
5.72, 2464847
5.73, 2464847
5.74, 2464847
5.75, 2464847
5.76, 2464847
5.77, 2464847
5.78, 2464847
5.79, 2464847
5.8, 2464847
5.81, 2464847
5.82, 2464847
5.83, 2464847
5.84, 2464847
5.85, 2464847
5.86, 2464847
5.87, 2464847
5.88, 2464847
5.89, 2464847
5.9, 2464847
5.91, 2464847
5.92, 2464847
5.93, 2464847
5.94, 2464847
5.95, 2464847
5.96, 2464847
5.97, 2464847
5.98, 2464847
5.99, 2464847
6.0, 2464847
6.01, 2464847
6.02, 2464847
6.03, 2464847
6.04, 2464847
6.05, 2464847
6.06, 2464847
6.07, 2464847
6.08, 2464847
6.09, 2464847
6.1, 2464847
6.11, 2464847
6.12, 2464847
6.13, 2464847
6.14, 2464847
6.15, 2464847
6.16, 2464847
6.17, 2464847
6.18, 2464847
6.19, 2464847
6.2, 2464847
6.21, 2464847
6.22, 2464847
6.23, 2464847
6.24, 2464847
6.25, 2464847
6.26, 2464847
6.27, 2464847
6.28, 2464847
6.29, 2464847
6.3, 2464847
6.31, 2464847
6.32, 2464847
6.33, 2464847
6.34, 2464847
6.35, 2464847
6.36, 2464847
6.37, 2464847
6.38, 2464847
6.39, 2464847
6.4, 2464847
6.41, 2464847
6.42, 2464847
6.43, 2464847
6.44, 2464847
6.45, 2464847
6.46, 2464847
6.47, 2464847
6.48, 2464847
6.49, 2464847
6.5, 2464847
6.51, 2464847
6.52, 2464847
6.53, 2464847
6.54, 2464847
6.55, 2464847
6.56, 2464847
6.57, 2464847
6.58, 2464847
6.59, 2464847
6.6, 2464847
6.61, 2464847
6.62, 2464847
6.63, 2464847
6.64, 2464847
6.65, 2464847
6.66, 2464847
6.67, 2464847
6.68, 2464847
6.69, 2464847
6.7, 2464847
6.71, 2464847
6.72, 2464847
6.73, 2464847
6.74, 2464847
6.75, 2464847
6.76, 2464847
6.77, 2464847
6.78, 2464847
6.79, 2464847
6.8, 2464847
6.81, 2464847
6.82, 2464847
6.83, 2464847
6.84, 2464847
6.85, 2464847
6.86, 2464847
6.87, 2464847
6.88, 2464847
6.89, 2464847
6.9, 2464847
6.91, 2464847
6.92, 2464847
6.93, 2464847
6.94, 2464847
6.95, 2464847
6.96, 2464847
6.97, 2464847
6.98, 2464847
6.99, 2464847
7.0, 2464847
7.01, 2464847
7.02, 2464847
7.03, 2464847
7.04, 2464847
7.05, 2464847
7.06, 2464847
7.07, 2464847
7.08, 2464847
7.09, 2464847
7.1, 2464847
7.11, 2464847
7.12, 2464847
7.13, 2464847
7.14, 2464847
7.15, 2464847
7.16, 2464847
7.17, 2464847
7.18, 2464847
7.19, 2464847
7.2, 2464847
7.21, 2464847
7.22, 2464847
7.23, 2464847
7.24, 2464847
7.25, 2464847
7.26, 2464847
7.27, 2464847
7.28, 2464847
7.29, 2464847
7.3, 2464847
7.31, 2464847
7.32, 2464847
7.33, 2464847
7.34, 2464847
7.35, 2464847
7.36, 2464847
7.37, 2464847
7.38, 2464847
7.39, 2464847
7.4, 2464847
7.41, 2464847
7.42, 2464847
7.43, 2464847
7.44, 2464847
7.45, 2464847
7.46, 2464847
7.47, 2464847
7.48, 2464847
7.49, 2464847
7.5, 2464847
7.51, 2464847
7.52, 2464847
7.53, 2464847
7.54, 2464847
7.55, 2464847
7.56, 2464847
7.57, 2464847
7.58, 2464847
7.59, 2464847
7.6, 2464847
7.61, 2464847
7.62, 2464847
7.63, 2464847
7.64, 2464847
7.65, 2464847
7.66, 2464847
7.67, 2464847
7.68, 2464847
7.69, 2464847
7.7, 2464847
7.71, 2464847
7.72, 2464847
7.73, 2464847
7.74, 2464847
7.75, 2464847
7.76, 2464847
7.77, 2464847
7.78, 2464847
7.79, 2464847
7.8, 2464847
7.81, 2464847
7.82, 2464847
7.83, 2464847
7.84, 2464847
7.85, 2464847
7.86, 2464847
7.87, 2464847
7.88, 2464847
7.89, 2464847
7.9, 2464847
7.91, 2464847
7.92, 2464847
7.93, 2464847
7.94, 2464847
7.95, 2464847
7.96, 2464847
7.97, 2464847
7.98, 2464847
7.99, 2464847
8.0, 2464847
8.01, 2464847
8.02, 2464847
8.03, 2464847
8.04, 2464847
8.05, 2464847
8.06, 2464847
8.07, 2464847
8.08, 2464847
8.09, 2464847
8.1, 2464847
8.11, 2464847
8.12, 2464847
8.13, 2464847
8.14, 2464847
8.15, 2464847
8.16, 2464847
8.17, 2464847
8.18, 2464847
8.19, 2464847
8.2, 2464847
8.21, 2464847
8.22, 2464847
8.23, 2464847
8.24, 2464847
8.25, 2464847
8.26, 2464847
8.27, 2464847
8.28, 2464847
8.29, 2464847
8.3, 2464847
8.31, 2464847
8.32, 2464847
8.33, 2464847
8.34, 2464847
8.35, 2464847
8.36, 2464847
8.37, 2464847
8.38, 2464847
8.39, 2464847
8.4, 2464847
8.41, 2464847
8.42, 2464847
8.43, 2464847
8.44, 2464847
8.45, 2464847
8.46, 2464847
8.47, 2464847
8.48, 2464847
8.49, 2464847
8.5, 2464847
8.51, 2464847
8.52, 2464847
8.53, 2464847
8.54, 2464847
8.55, 2464847
8.56, 2464847
8.57, 2464847
8.58, 2464847
8.59, 2464847
8.6, 2464847
8.61, 2464847
8.62, 2464847
8.63, 2464847
8.64, 2464847
8.65, 2464847
8.66, 2464847
8.67, 2464847
8.68, 2464847
8.69, 2464847
8.7, 2464847
8.71, 2464847
8.72, 2464847
8.73, 2464847
8.74, 2464847
8.75, 2464847
8.76, 2464847
8.77, 2464847
8.78, 2464847
8.79, 2464847
8.8, 2464847
8.81, 2464847
8.82, 2464847
8.83, 2464847
8.84, 2464847
8.85, 2464847
8.86, 2464847
8.87, 2464847
8.88, 2464847
8.89, 2464847
8.9, 2464847
8.91, 2464847
8.92, 2464847
8.93, 2464847
8.94, 2464847
8.95, 2464847
8.96, 2464847
8.97, 2464847
8.98, 2464847
8.99, 2464847
9.0, 2464847
9.01, 2464847
9.02, 2464847
9.03, 2464847
9.04, 2464847
9.05, 2464847
9.06, 2464847
9.07, 2464847
9.08, 2464847
9.09, 2464847
9.1, 2464847
9.11, 2464847
9.12, 2464847
9.13, 2464847
9.14, 2464847
9.15, 2464847
9.16, 2464847
9.17, 2464847
9.18, 2464847
9.19, 2464847
9.2, 2464847
9.21, 2464847
9.22, 2464847
9.23, 2464847
9.24, 2464847
9.25, 2464847
9.26, 2464847
9.27, 2464847
9.28, 2464847
9.29, 2464847
9.3, 2464847
9.31, 2464847
9.32, 2464847
9.33, 2464847
9.34, 2464847
9.35, 2464847
9.36, 2464847
9.37, 2464847
9.38, 2464847
9.39, 2464847
9.4, 2464847
9.41, 2464847
9.42, 2464847
9.43, 2464847
9.44, 2464847
9.45, 2464847
9.46, 2464847
9.47, 2464847
9.48, 2464847
9.49, 2464847
9.5, 2464847
9.51, 2464847
9.52, 2464847
9.53, 2464847
9.54, 2464847
9.55, 2464847
9.56, 2464847
9.57, 2464847
9.58, 2464847
9.59, 2464847
9.6, 2464847
9.61, 2464847
9.62, 2464847
9.63, 2464847
9.64, 2464847
9.65, 2464847
9.66, 2464847
9.67, 2464847
9.68, 2464847
9.69, 2464847
9.7, 2464847
9.71, 2464847
9.72, 2464847
9.73, 2464847
9.74, 2464847
9.75, 2464847
9.76, 2464847
9.77, 2464847
9.78, 2464847
9.79, 2464847
9.8, 2464847
9.81, 2464847
9.82, 2464847
9.83, 2464847
9.84, 2464847
9.85, 2464847
9.86, 2464847
9.87, 2464847
9.88, 2464847
9.89, 2464847
9.9, 2464847
9.91, 2464847
9.92, 2464847
9.93, 2464847
9.94, 2464847
9.95, 2464847
9.96, 2464847
9.97, 2464847
9.98, 2464847
9.99, 2464847
10.0, 2464847
10.01, 2464847
10.02, 2464847
10.03, 2464847
10.04, 2464847
10.05, 2464847
10.06, 2464847
10.07, 2464847
10.08, 2464847
10.09, 2464847
10.1, 2464847
10.11, 2464847
10.12, 2464847
10.13, 2464847
10.14, 2464847
10.15, 2464847
10.16, 2464847
10.17, 2464847
10.18, 2464847
10.19, 2464847
10.2, 2464847
10.21, 2464847
10.22, 2464847
10.23, 2464847
10.24, 2464847
10.25, 2464847
10.26, 2464847
10.27, 2464847
10.28, 2464847
10.29, 2464847
10.3, 2464847
10.31, 2464847
10.32, 2464847
10.33, 2464847
10.34, 2464847
10.35, 2464847
10.36, 2464847
10.37, 2464847
10.38, 2464847
10.39, 2464847
10.4, 2464847
10.41, 2464847
10.42, 2464847
10.43, 2464847
10.44, 2464847
10.45, 2464847
10.46, 2464847
10.47, 2464847
10.48, 2464847
10.49, 2464847
10.5, 2464847
10.51, 2464847
10.52, 2464847
10.53, 2464847
10.54, 2464847
10.55, 2464847
10.56, 2464847
10.57, 2464847
10.58, 2464847
10.59, 2464847
10.6, 2464847
10.61, 2464847
10.62, 2464847
10.63, 2464847
10.64, 2464847
10.65, 2464847
10.66, 2464847
10.67, 2464847
10.68, 2464847
10.69, 2464847
10.7, 2464847
10.71, 2464847
10.72, 2464847
10.73, 2464847
10.74, 2464847
10.75, 2464847
10.76, 2464847
10.77, 2464847
10.78, 2464847
10.79, 2464847
10.8, 2464847
10.81, 2464847
10.82, 2464847
10.83, 2464847
10.84, 2464847
10.85, 2464847
10.86, 2464847
10.87, 2464847
10.88, 2464847
10.89, 2464847
10.9, 2464847
10.91, 2464847
10.92, 2464847
10.93, 2464847
10.94, 2464847
10.95, 2464847
10.96, 2464847
10.97, 2464847
10.98, 2464847
10.99, 2464847
11.0, 2464847
11.01, 2464847
11.02, 2464847
11.03, 2464847
11.04, 2464847
11.05, 2464847
11.06, 2464847
11.07, 2464847
11.08, 2464847
11.09, 2464847
11.1, 2464847
11.11, 2464847
11.12, 2464847
11.13, 2464847
11.14, 2464847
11.15, 2464847
11.16, 2464847
11.17, 2464847
11.18, 2464847
11.19, 2464847
11.2, 2464847
11.21, 2464847
11.22, 2464847
11.23, 2464847
11.24, 2464847
11.25, 2464847
11.26, 2464847
11.27, 2464847
11.28, 2464847
11.29, 2464847
11.3, 2464847
11.31, 2464847
11.32, 2464847
11.33, 2464847
11.34, 2464847
11.35, 2464847
11.36, 2464847
11.37, 2464847
11.38, 2464847
11.39, 2464847
11.4, 2464847
11.41, 2464847
11.42, 2464847
11.43, 2464847
11.44, 2464847
11.45, 2464847
11.46, 2464847
11.47, 2464847
11.48, 2464847
11.49, 2464847
11.5, 2464847
11.51, 2464847
11.52, 2464847
11.53, 2464847
11.54, 2464847
11.55, 2464847
11.56, 2464847
11.57, 2464847
11.58, 2464847
11.59, 2464847
11.6, 2464847
11.61, 2464847
11.62, 2464847
11.63, 2464847
11.64, 2464847
11.65, 2464847
11.66, 2464847
11.67, 2464847
11.68, 2464847
11.69, 2464847
11.7, 2464847
11.71, 2464847
11.72, 2464847
11.73, 2464847
11.74, 2464847
11.75, 2464847
11.76, 2464847
11.77, 2464847
11.78, 2464847
11.79, 2464847
11.8, 2464847
11.81, 2464847
11.82, 2464847
11.83, 2464847
11.84, 2464847
11.85, 2464847
11.86, 2464847
11.87, 2464847
11.88, 2464847
11.89, 2464847
11.9, 2464847
11.91, 2464847
11.92, 2464847
11.93, 2464847
11.94, 2464847
11.95, 2464847
11.96, 2464847
11.97, 2464847
11.98, 2464847
11.99, 2464847
12.0, 2464847
12.01, 2464847
12.02, 2464847
12.03, 2464847
12.04, 2464847
12.05, 2464847
12.06, 2464847
12.07, 2464847
12.08, 2464847
12.09, 2464847
12.1, 2464847
12.11, 2464847
12.12, 2464847
12.13, 2464847
12.14, 2464847
12.15, 2464847
12.16, 2464847
12.17, 2464847
12.18, 2464847
12.19, 2464847
12.2, 2464847
12.21, 2464847
12.22, 2464847
12.23, 2464847
12.24, 2464847
12.25, 2464847
12.26, 2464847
12.27, 2464847
12.28, 2464847
12.29, 2464847
12.3, 2464847
12.31, 2464847
12.32, 2464847
12.33, 2464847
12.34, 2464847
12.35, 2464847
12.36, 2464847
12.37, 2464847
12.38, 2464847
12.39, 2464847
12.4, 2464847
12.41, 2464847
12.42, 2464847
12.43, 2464847
12.44, 2464847
12.45, 2464847
12.46, 2464847
12.47, 2464847
12.48, 2464847
12.49, 2464847
12.5, 2464847
12.51, 2464847
12.52, 2464847
12.53, 2464847
12.54, 2464847
12.55, 2464847
12.56, 2464847
12.57, 2464847
12.58, 2464847
12.59, 2464847
12.6, 2464847
12.61, 2464847
12.62, 2464847
12.63, 2464847
12.64, 2464847
12.65, 2464847
12.66, 2464847
12.67, 2464847
12.68, 2464847
12.69, 2464847
12.7, 2464847
12.71, 2464847
12.72, 2464847
12.73, 2464847
12.74, 2464847
12.75, 2464847
12.76, 2464847
12.77, 2464847
12.78, 2464847
12.79, 2464847
12.8, 2464847
12.81, 2464847
12.82, 2464847
12.83, 2464847
12.84, 2464847
12.85, 2464847
12.86, 2464847
12.87, 2464847
12.88, 2464847
12.89, 2464847
12.9, 2464847
12.91, 2464847
12.92, 2464847
12.93, 2464847
12.94, 2464847
12.95, 2464847
12.96, 2464847
12.97, 2464847
12.98, 2464847
12.99, 2464847
13.0, 2464847
13.01, 2464847
13.02, 2464847
13.03, 2464847
13.04, 2464847
13.05, 2464847
13.06, 2464847
13.07, 2464847
13.08, 2464847
13.09, 2464847
13.1, 2464847
13.11, 2464847
13.12, 2464847
13.13, 2464847
13.14, 2464847
13.15, 2464847
13.16, 2464847
13.17, 2464847
13.18, 2464847
13.19, 2464847
13.2, 2464847
13.21, 2464847
13.22, 2464847
13.23, 2464847
13.24, 2464847
13.25, 2464847
13.26, 2464847
13.27, 2464847
13.28, 2464847
13.29, 2464847
13.3, 2464847
13.31, 2464847
13.32, 2464847
13.33, 2464847
13.34, 2464847
13.35, 2464847
13.36, 2464847
13.37, 2464847
13.38, 2464847
13.39, 2464847
13.4, 2464847
13.41, 2464847
13.42, 2464847
13.43, 2464847
13.44, 2464847
13.45, 2464847
13.46, 2464847
13.47, 2464847
13.48, 2464847
13.49, 2464847
13.5, 2464847
13.51, 2464847
13.52, 2464847
13.53, 2464847
13.54, 2464847
13.55, 2464847
13.56, 2464847
13.57, 2464847
13.58, 2464847
13.59, 2464847
13.6, 2464847
13.61, 2464847
13.62, 2464847
13.63, 2464847
13.64, 2464847
13.65, 2464847
13.66, 2464847
13.67, 2464847
13.68, 2464847
13.69, 2464847
13.7, 2464847
13.71, 2464847
13.72, 2464847
13.73, 2464847
13.74, 2464847
13.75, 2464847
13.76, 2464847
13.77, 2464847
13.78, 2464847
13.79, 2464847
13.8, 2464847
13.81, 2464847
13.82, 2464847
13.83, 2464847
13.84, 2464847
13.85, 2464847
13.86, 2464847
13.87, 2464847
13.88, 2464847
13.89, 2464847
13.9, 2464847
13.91, 2464847
13.92, 2464847
13.93, 2464847
13.94, 2464847
13.95, 2464847
13.96, 2464847
13.97, 2464847
13.98, 2464847
13.99, 2464847
14.0, 2464847
14.01, 2464847
14.02, 2464847
14.03, 2464847
14.04, 2464847
14.05, 2464847
14.06, 2464847
14.07, 2464847
14.08, 2464847
14.09, 2464847
14.1, 2464847
14.11, 2464847
14.12, 2464847
14.13, 2464847
14.14, 2464847
14.15, 2464847
14.16, 2464847
14.17, 2464847
14.18, 2464847
14.19, 2464847
14.2, 2464847
14.21, 2464847
14.22, 2464847
14.23, 2464847
14.24, 2464847
14.25, 2464847
14.26, 2464847
14.27, 2464847
14.28, 2464847
14.29, 2464847
14.3, 2464847
14.31, 2464847
14.32, 2464847
14.33, 2464847
14.34, 2464847
14.35, 2464847
14.36, 2464847
14.37, 2464847
14.38, 2464847
14.39, 2464847
14.4, 2464847
14.41, 2464847
14.42, 2464847
14.43, 2464847
14.44, 2464847
14.45, 2464847
14.46, 2464847
14.47, 2464847
14.48, 2464847
14.49, 2464847
14.5, 2464847
14.51, 2464847
14.52, 2464847
14.53, 2464847
14.54, 2464847
14.55, 2464847
14.56, 2464847
14.57, 2464847
14.58, 2464847
14.59, 2464847
14.6, 2464847
14.61, 2464847
14.62, 2464847
14.63, 2464847
14.64, 2464847
14.65, 2464847
14.66, 2464847
14.67, 2464847
14.68, 2464847
14.69, 2464847
14.7, 2464847
14.71, 2464847
14.72, 2464847
14.73, 2464847
14.74, 2464847
14.75, 2464847
14.76, 2464847
14.77, 2464847
14.78, 2464847
14.79, 2464847
14.8, 2464847
14.81, 2464847
14.82, 2464847
14.83, 2464847
14.84, 2464847
14.85, 2464847
14.86, 2464847
14.87, 2464847
14.88, 2464847
14.89, 2464847
14.9, 2464847
14.91, 2464847
14.92, 2464847
14.93, 2464847
14.94, 2464847
14.95, 2464847
14.96, 2464847
14.97, 2464847
14.98, 2464847
14.99, 2464847
15.0, 2464847
15.01, 2464847
15.02, 2464847
15.03, 2464847
15.04, 2464847
15.05, 2464847
15.06, 2464847
15.07, 2464847
15.08, 2464847
15.09, 2464847
15.1, 2464847
15.11, 2464847
15.12, 2464847
15.13, 2464847
15.14, 2464847
15.15, 2464847
15.16, 2464847
15.17, 2464847
15.18, 2464847
15.19, 2464847
15.2, 2464847
15.21, 2464847
15.22, 2464847
15.23, 2464847
15.24, 2464847
15.25, 2464847
15.26, 2464847
15.27, 2464847
15.28, 2464847
15.29, 2464847
15.3, 2464847
15.31, 2464847
15.32, 2464847
15.33, 2464847
15.34, 2464847
15.35, 2464847
15.36, 2464847
15.37, 2464847
15.38, 2464847
15.39, 2464847
15.4, 2464847
15.41, 2464847
15.42, 2464847
15.43, 2464847
15.44, 2464847
15.45, 2464847
15.46, 2464847
15.47, 2464847
15.48, 2464847
15.49, 2464847
15.5, 2464847
15.51, 2464847
15.52, 2464847
15.53, 2464847
15.54, 2464847
15.55, 2464847
15.56, 2464847
15.57, 2464847
15.58, 2464847
15.59, 2464847
15.6, 2464847
15.61, 2464847
15.62, 2464847
15.63, 2464847
15.64, 2464847
15.65, 2464847
15.66, 2464847
15.67, 2464847
15.68, 2464847
15.69, 2464847
15.7, 2464847
15.71, 2464847
15.72, 2464847
15.73, 2464847
15.74, 2464847
15.75, 2464847
15.76, 2464847
15.77, 2464847
15.78, 2464847
15.79, 2464847
15.8, 2464847
15.81, 2464847
15.82, 2464847
15.83, 2464847
15.84, 2464847
15.85, 2464847
15.86, 2464847
15.87, 2464847
15.88, 2464847
15.89, 2464847
15.9, 2464847
15.91, 2464847
15.92, 2464847
15.93, 2464847
15.94, 2464847
15.95, 2464847
15.96, 2464847
15.97, 2464847
15.98, 2464847
15.99, 2464847
16.0, 2464847
16.01, 2464847
16.02, 2464847
16.03, 2464847
16.04, 2464847
16.05, 2464847
16.06, 2464847
16.07, 2464847
16.08, 2464847
16.09, 2464847
16.1, 2464847
16.11, 2464847
16.12, 2464847
16.13, 2464847
16.14, 2464847
16.15, 2464847
16.16, 2464847
16.17, 2464847
16.18, 2464847
16.19, 2464847
16.2, 2464847
16.21, 2464847
16.22, 2464847
16.23, 2464847
16.24, 2464847
16.25, 2464847
16.26, 2464847
16.27, 2464847
16.28, 2464847
16.29, 2464847
16.3, 2464847
16.31, 2464847
16.32, 2464847
16.33, 2464847
16.34, 2464847
16.35, 2464847
16.36, 2464847
16.37, 2464847
16.38, 2464847
16.39, 2464847
16.4, 2464847
16.41, 2464847
16.42, 2464847
16.43, 2464847
16.44, 2464847
16.45, 2464847
16.46, 2464847
16.47, 2464847
16.48, 2464847
16.49, 2464847
16.5, 2464847
16.51, 2464847
16.52, 2464847
16.53, 2464847
16.54, 2464847
16.55, 2464847
16.56, 2464847
16.57, 2464847
16.58, 2464847
16.59, 2404109
16.6, 2404109
16.61, 2404109
16.62, 2404109
16.63, 2404109
16.64, 2404109
16.65, 2404109
16.66, 2404109
16.67, 2404109
16.68, 2404109
16.69, 2404109
16.7, 2404109
16.71, 2404109
16.72, 2404109
16.73, 2404109
16.74, 2404109
16.75, 2404109
16.76, 2404109
16.77, 2404109
16.78, 2404109
16.79, 2404109
16.8, 2404109
16.81, 2404109
16.82, 2404109
16.83, 2404109
16.84, 2404109
16.85, 2404109
16.86, 2404109
16.87, 2404109
16.88, 2404109
16.89, 2404109
16.9, 2404109
16.91, 2404109
16.92, 2404109
16.93, 2349355
16.94, 2349355
16.95, 2349355
16.96, 2349355
16.97, 2349355
16.98, 2349355
16.99, 2349355
17.0, 2349355
17.01, 2349355
17.02, 2349355
17.03, 2349355
17.04, 2349355
17.05, 2349355
17.06, 2349355
17.07, 2349355
17.08, 2349355
17.09, 2349355
17.1, 2349355
17.11, 2349355
17.12, 2349355
17.13, 2349355
17.14, 2349355
17.15, 2349355
17.16, 2349355
17.17, 2349355
17.18, 2349355
17.19, 2349355
17.2, 2349355
17.21, 2349355
17.22, 2349355
17.23, 2349355
17.24, 2349355
17.25, 2349355
17.26, 2349355
17.27, 2349355
17.28, 2349355
17.29, 2349355
17.3, 2349355
17.31, 2349355
17.32, 2349355
17.33, 2349355
17.34, 2349355
17.35, 2349355
17.36, 2349355
17.37, 2349355
17.38, 2349355
17.39, 2349355
17.4, 2349355
17.41, 2349355
17.42, 2349355
17.43, 2349355
17.44, 2349355
17.45, 2349355
17.46, 2349355
17.47, 2349355
17.48, 2349355
17.49, 2349355
17.5, 2349355
17.51, 2349355
17.52, 2349355
17.53, 2349355
17.54, 2349355
17.55, 2349355
17.56, 2349355
17.57, 2349355
17.58, 2349355
17.59, 2349355
17.6, 2349355
17.61, 2349355
17.62, 2349355
17.63, 2349355
17.64, 2349355
17.65, 2349355
17.66, 2349355
17.67, 2349355
17.68, 2349355
17.69, 2349355
17.7, 2349355
17.71, 2349355
17.72, 2349355
17.73, 2349355
17.74, 2349355
17.75, 2349355
17.76, 2349355
17.77, 2349355
17.78, 2349355
17.79, 2349355
17.8, 2349355
17.81, 2349355
17.82, 2349355
17.83, 2349355
17.84, 2349355
17.85, 2349355
17.86, 2349355
17.87, 2349355
17.88, 2349355
17.89, 2349355
17.9, 2349355
17.91, 2349355
17.92, 2349355
17.93, 2349355
17.94, 2349355
17.95, 2349355
17.96, 2349355
17.97, 2349355
17.98, 2349355
17.99, 2349355
18.0, 2349355
18.01, 2349355
18.02, 2349355
18.03, 2349355
18.04, 2349355
18.05, 2349355
18.06, 2349355
18.07, 2349355
18.08, 2349355
18.09, 2349355
18.1, 2349355
18.11, 2349355
18.12, 2349355
18.13, 2349355
18.14, 2349355
18.15, 2349355
18.16, 2349355
18.17, 2349355
18.18, 2349355
18.19, 2349355
18.2, 2349355
18.21, 2349355
18.22, 2349355
18.23, 2349355
18.24, 2349355
18.25, 2349355
18.26, 2349355
18.27, 2349355
18.28, 2349355
18.29, 2349355
18.3, 2349355
18.31, 2349355
18.32, 2349355
18.33, 2349355
18.34, 2349355
18.35, 2349355
18.36, 2349355
18.37, 2349355
18.38, 2349355
18.39, 2349355
18.4, 2349355
18.41, 2349355
18.42, 2349355
18.43, 2349355
18.44, 2349355
18.45, 2349355
18.46, 2349355
18.47, 2349355
18.48, 2349355
18.49, 2349355
18.5, 2349355
18.51, 2349355
18.52, 2349355
18.53, 2349355
18.54, 2349355
18.55, 2349355
18.56, 2349355
18.57, 2349355
18.58, 2349355
18.59, 2349355
18.6, 2349355
18.61, 2349355
18.62, 2349355
18.63, 2349355
18.64, 2349355
18.65, 2349355
18.66, 2349355
18.67, 2349355
18.68, 2349355
18.69, 2349355
18.7, 2349355
18.71, 2349355
18.72, 2349355
18.73, 2349355
18.74, 2349355
18.75, 2349355
18.76, 2349355
18.77, 2349355
18.78, 2349355
18.79, 2349355
18.8, 2349355
18.81, 2349355
18.82, 2349355
18.83, 2349355
18.84, 2349355
18.85, 2349355
18.86, 2349355
18.87, 2349355
18.88, 2349355
18.89, 2349355
18.9, 2349355
18.91, 2349355
18.92, 2349355
18.93, 2349355
18.94, 2349355
18.95, 2349355
18.96, 2349355
18.97, 2349355
18.98, 2349355
18.99, 2349355
19.0, 2349355
19.01, 2349355
19.02, 2349355
19.03, 2349355
19.04, 2349355
19.05, 2349355
19.06, 2349355
19.07, 2349355
19.08, 2349355
19.09, 2349355
19.1, 2349355
19.11, 2349355
19.12, 2349355
19.13, 2349355
19.14, 2349355
19.15, 2349355
19.16, 2349355
19.17, 2349355
19.18, 2349355
19.19, 2349355
19.2, 2349355
19.21, 2349355
19.22, 2349355
19.23, 2349355
19.24, 2349355
19.25, 2349355
19.26, 2349355
19.27, 2349355
19.28, 2349355
19.29, 2349355
19.3, 2349355
19.31, 2349355
19.32, 2349355
19.33, 2349355
19.34, 2349355
19.35, 2349355
19.36, 2349355
19.37, 2349355
19.38, 2349355
19.39, 2349355
19.4, 2349355
19.41, 2349355
19.42, 2349355
19.43, 2349355
19.44, 2349355
19.45, 2349355
19.46, 2349355
19.47, 2349355
19.48, 2349355
19.49, 2349355
19.5, 2349355
19.51, 2349355
19.52, 2349355
19.53, 2349355
19.54, 2349355
19.55, 2349355
19.56, 2349355
19.57, 2349355
19.58, 2349355
19.59, 2349355
19.6, 2349355
19.61, 2349355
19.62, 2349355
19.63, 2349355
19.64, 2349355
19.65, 2349355
19.66, 2349355
19.67, 2349355
19.68, 2349355
19.69, 2349355
19.7, 2349355
19.71, 2349355
19.72, 2349355
19.73, 2349355
19.74, 2349355
19.75, 2349355
19.76, 2349355
19.77, 2349355
19.78, 2349355
19.79, 2349355
19.8, 2349355
19.81, 2349355
19.82, 2349355
19.83, 2349355
19.84, 2349355
19.85, 2349355
19.86, 2349355
19.87, 2349355
19.88, 2349355
19.89, 2349355
19.9, 2349355
19.91, 2349355
19.92, 2349355
19.93, 2349355
19.94, 2349355
19.95, 2349355
19.96, 2349355
19.97, 2349355
19.98, 2349355
19.99, 2349355
20.0, 2349355
20.01, 2349355
20.02, 2349355
20.03, 2349355
20.04, 2349355
20.05, 2349355
20.06, 2349355
20.07, 2349355
20.08, 2349355
20.09, 2349355
20.1, 2349355
20.11, 2349355
20.12, 2349355
20.13, 2349355
20.14, 2349355
20.15, 2349355
20.16, 2349355
20.17, 2349355
20.18, 2349355
20.19, 2349355
20.2, 2349355
20.21, 2349355
20.22, 2349355
20.23, 2349355
20.24, 2349355
20.25, 2349355
20.26, 2349355
20.27, 2349355
20.28, 2349355
20.29, 2349355
20.3, 2349355
20.31, 2349355
20.32, 2349355
20.33, 2349355
20.34, 2349355
20.35, 2349355
20.36, 2349355
20.37, 2349355
20.38, 2349355
20.39, 2349355
20.4, 2349355
20.41, 2349355
20.42, 2349355
20.43, 2349355
20.44, 2349355
20.45, 2349355
20.46, 2349355
20.47, 2349355
20.48, 2349355
20.49, 2349355
20.5, 2349355
20.51, 2349355
20.52, 2349355
20.53, 2349355
20.54, 2349355
20.55, 2349355
20.56, 2349355
20.57, 2349355
20.58, 2349355
20.59, 2349355
20.6, 2349355
20.61, 2349355
20.62, 2349355
20.63, 2349355
20.64, 2349355
20.65, 2349355
20.66, 2349355
20.67, 2349355
20.68, 2349355
20.69, 2349355
20.7, 2349355
20.71, 2349355
20.72, 2349355
20.73, 2349355
20.74, 2349355
20.75, 2349355
20.76, 2349355
20.77, 2349355
20.78, 2349355
20.79, 2349355
20.8, 2349355
20.81, 2349355
20.82, 2349355
20.83, 2349355
20.84, 2349355
20.85, 2349355
20.86, 2349355
20.87, 2349355
20.88, 2349355
20.89, 2349355
20.9, 2349355
20.91, 2349355
20.92, 2349355
20.93, 2349355
20.94, 2349355
20.95, 2349355
20.96, 2349355
20.97, 2349355
20.98, 2349355
20.99, 2349355
21.0, 2349355
21.01, 2349355
21.02, 2349355
21.03, 2349355
21.04, 2349355
21.05, 2349355
21.06, 2349355
21.07, 2349355
21.08, 2349355
21.09, 2349355
21.1, 2349355
21.11, 2349355
21.12, 2349355
21.13, 2349355
21.14, 2349355
21.15, 2349355
21.16, 2349355
21.17, 2349355
21.18, 2349355
21.19, 2349355
21.2, 2349355
21.21, 2349355
21.22, 2349355
21.23, 2349355
21.24, 2349355
21.25, 2349355
21.26, 2349355
21.27, 2349355
21.28, 2349355
21.29, 2349355
21.3, 2349355
21.31, 2349355
21.32, 2349355
21.33, 2349355
21.34, 2349355
21.35, 2349355
21.36, 2349355
21.37, 2349355
21.38, 2349355
21.39, 2349355
21.4, 2349355
21.41, 2349355
21.42, 2349355
21.43, 2349355
21.44, 2349355
21.45, 2349355
21.46, 2349355
21.47, 2349355
21.48, 2349355
21.49, 2349355
21.5, 2349355
21.51, 2349355
21.52, 2349355
21.53, 2349355
21.54, 2349355
21.55, 2349355
21.56, 2349355
21.57, 2349355
21.58, 2349355
21.59, 2349355
21.6, 2349355
21.61, 2349355
21.62, 2349355
21.63, 2349355
21.64, 2349355
21.65, 2349355
21.66, 2349355
21.67, 2349355
21.68, 2349355
21.69, 2349355
21.7, 2349355
21.71, 2349355
21.72, 2349355
21.73, 2349355
21.74, 2349355
21.75, 2349355
21.76, 2349355
21.77, 2349355
21.78, 2349355
21.79, 2349355
21.8, 2349355
21.81, 2349355
21.82, 2349355
21.83, 2349355
21.84, 2349355
21.85, 2349355
21.86, 2349355
21.87, 2349355
21.88, 2349355
21.89, 2349355
21.9, 2349355
21.91, 2349355
21.92, 2349355
21.93, 2349355
21.94, 2349355
21.95, 2349355
21.96, 2349355
21.97, 2349355
21.98, 2349355
21.99, 2349355
22.0, 2349355
22.01, 2349355
22.02, 2349355
22.03, 2349355
22.04, 2349355
22.05, 2349355
22.06, 2349355
22.07, 2349355
22.08, 2349355
22.09, 2349355
22.1, 2349355
22.11, 2349355
22.12, 2349355
22.13, 2349355
22.14, 2349355
22.15, 2349355
22.16, 2349355
22.17, 2349355
22.18, 2349355
22.19, 2349355
22.2, 2349355
22.21, 2349355
22.22, 2349355
22.23, 2349355
22.24, 2349355
22.25, 2349355
22.26, 2349355
22.27, 2349355
22.28, 2349355
22.29, 2349355
22.3, 2349355
22.31, 2349355
22.32, 2349355
22.33, 2349355
22.34, 2349355
22.35, 2349355
22.36, 2349355
22.37, 2349355
22.38, 2349355
22.39, 2349355
22.4, 2349355
22.41, 2349355
22.42, 2349355
22.43, 2349355
22.44, 2349355
22.45, 2349355
22.46, 2349355
22.47, 2349355
22.48, 2349355
22.49, 2349355
22.5, 2349355
22.51, 2349355
22.52, 2349355
22.53, 2349355
22.54, 2349355
22.55, 2349355
22.56, 2349355
22.57, 2349355
22.58, 2349355
22.59, 2349355
22.6, 2349355
22.61, 2349355
22.62, 2349355
22.63, 2349355
22.64, 2349355
22.65, 2349355
22.66, 2349355
22.67, 2349355
22.68, 2349355
22.69, 2349355
22.7, 2349355
22.71, 2349355
22.72, 2349355
22.73, 2349355
22.74, 2349355
22.75, 2349355
22.76, 2349355
22.77, 2349355
22.78, 2349355
22.79, 2349355
22.8, 2349355
22.81, 2349355
22.82, 2349355
22.83, 2349355
22.84, 2349355
22.85, 2349355
22.86, 2349355
22.87, 2349355
22.88, 2349355
22.89, 2349355
22.9, 2349355
22.91, 2349355
22.92, 2349355
22.93, 2349355
22.94, 2349355
22.95, 2349355
22.96, 2349355
22.97, 2349355
22.98, 2349355
22.99, 2349355
23.0, 2349355
23.01, 2349355
23.02, 2349355
23.03, 2349355
23.04, 2349355
23.05, 2349355
23.06, 2349355
23.07, 2349355
23.08, 2349355
23.09, 2349355
23.1, 2349355
23.11, 2349355
23.12, 2349355
23.13, 2349355
23.14, 2349355
23.15, 2349355
23.16, 2349355
23.17, 2349355
23.18, 2349355
23.19, 2349355
23.2, 2349355
23.21, 2349355
23.22, 2349355
23.23, 2349355
23.24, 2349355
23.25, 2349355
23.26, 2349355
23.27, 2349355
23.28, 2349355
23.29, 2349355
23.3, 2349355
23.31, 2349355
23.32, 2349355
23.33, 2349355
23.34, 2349355
23.35, 2349355
23.36, 2349355
23.37, 2349355
23.38, 2349355
23.39, 2349355
23.4, 2349355
23.41, 2349355
23.42, 2349355
23.43, 2349355
23.44, 2349355
23.45, 2349355
23.46, 2349355
23.47, 2349355
23.48, 2349355
23.49, 2349355
23.5, 2349355
23.51, 2349355
23.52, 2349355
23.53, 2349355
23.54, 2349355
23.55, 2349355
23.56, 2349355
23.57, 2349355
23.58, 2349355
23.59, 2349355
23.6, 2349355
23.61, 2349355
23.62, 2349355
23.63, 2349355
23.64, 2349355
23.65, 2349355
23.66, 2349355
23.67, 2349355
23.68, 2349355
23.69, 2349355
23.7, 2349355
23.71, 2349355
23.72, 2349355
23.73, 2349355
23.74, 2349355
23.75, 2349355
23.76, 2349355
23.77, 2349355
23.78, 2349355
23.79, 2349355
23.8, 2349355
23.81, 2349355
23.82, 2349355
23.83, 2349355
23.84, 2349355
23.85, 2349355
23.86, 2349355
23.87, 2349355
23.88, 2349355
23.89, 2349355
23.9, 2349355
23.91, 2349355
23.92, 2349355
23.93, 2349355
23.94, 2349355
23.95, 2349355
23.96, 2349355
23.97, 2349355
23.98, 2349355
23.99, 2349355
24.0, 2349355
24.01, 2349355
24.02, 2349355
24.03, 2349355
24.04, 2349355
24.05, 2349355
24.06, 2349355
24.07, 2349355
24.08, 2349355
24.09, 2349355
24.1, 2349355
24.11, 2349355
24.12, 2349355
24.13, 2349355
24.14, 2349355
24.15, 2349355
24.16, 2349355
24.17, 2349355
24.18, 2349355
24.19, 2349355
24.2, 2349355
24.21, 2349355
24.22, 2349355
24.23, 2349355
24.24, 2349355
24.25, 2349355
24.26, 2349355
24.27, 2349355
24.28, 2349355
24.29, 2349355
24.3, 2349355
24.31, 2349355
24.32, 2349355
24.33, 2349355
24.34, 2349355
24.35, 2349355
24.36, 2349355
24.37, 2349355
24.38, 2349355
24.39, 2349355
24.4, 2349355
24.41, 2349355
24.42, 2349355
24.43, 2349355
24.44, 2349355
24.45, 2349355
24.46, 2349355
24.47, 2349355
24.48, 2349355
24.49, 2349355
24.5, 2349355
24.51, 2349355
24.52, 2349355
24.53, 2349355
24.54, 2349355
24.55, 2349355
24.56, 2349355
24.57, 2349355
24.58, 2349355
24.59, 2349355
24.6, 2349355
24.61, 2349355
24.62, 2349355
24.63, 2349355
24.64, 2349355
24.65, 2349355
24.66, 2349355
24.67, 2349355
24.68, 2349355
24.69, 2349355
24.7, 2349355
24.71, 2349355
24.72, 2349355
24.73, 2349355
24.74, 2349355
24.75, 2349355
24.76, 2349355
24.77, 2349355
24.78, 2349355
24.79, 2349355
24.8, 2349355
24.81, 2349355
24.82, 2349355
24.83, 2349355
24.84, 2349355
24.85, 2349355
24.86, 2349355
24.87, 2349355
24.88, 2349355
24.89, 2349355
24.9, 2349355
24.91, 2349355
24.92, 2349355
24.93, 2349355
24.94, 2349355
24.95, 2349355
24.96, 2349355
24.97, 2349355
24.98, 2349355
24.99, 2349355
25.0, 2349355
25.01, 2349355
25.02, 2349355
25.03, 2349355
25.04, 2349355
25.05, 2349355
25.06, 2349355
25.07, 2349355
25.08, 2349355
25.09, 2349355
25.1, 2349355
25.11, 2349355
25.12, 2349355
25.13, 2349355
25.14, 2349355
25.15, 2349355
25.16, 2349355
25.17, 2349355
25.18, 2349355
25.19, 2349355
25.2, 2349355
25.21, 2349355
25.22, 2349355
25.23, 2349355
25.24, 2349355
25.25, 2349355
25.26, 2349355
25.27, 2349355
25.28, 2349355
25.29, 2349355
25.3, 2349355
25.31, 2349355
25.32, 2349355
25.33, 2349355
25.34, 2349355
25.35, 2349355
25.36, 2349355
25.37, 2349355
25.38, 2349355
25.39, 2349355
25.4, 2349355
25.41, 2349355
25.42, 2349355
25.43, 2349355
25.44, 2349355
25.45, 2349355
25.46, 2349355
25.47, 2349355
25.48, 2349355
25.49, 2349355
25.5, 2349355
25.51, 2349355
25.52, 2349355
25.53, 2349355
25.54, 2349355
25.55, 2349355
25.56, 2349355
25.57, 2349355
25.58, 2349355
25.59, 2349355
25.6, 2349355
25.61, 2349355
25.62, 2349355
25.63, 2349355
25.64, 2349355
25.65, 2349355
25.66, 2349355
25.67, 2349355
25.68, 2349355
25.69, 2349355
25.7, 2349355
25.71, 2349355
25.72, 2349355
25.73, 2349355
25.74, 2349355
25.75, 2349355
25.76, 2349355
25.77, 2349355
25.78, 2349355
25.79, 2349355
25.8, 2349355
25.81, 2349355
25.82, 2349355
25.83, 2349355
25.84, 2349355
25.85, 2349355
25.86, 2349355
25.87, 2349355
25.88, 2349355
25.89, 2349355
25.9, 2349355
25.91, 2349355
25.92, 2349355
25.93, 2349355
25.94, 2349355
25.95, 2349355
25.96, 2349355
25.97, 2349355
25.98, 2349355
25.99, 2349355
26.0, 2349355
26.01, 2349355
26.02, 2349355
26.03, 2349355
26.04, 2349355
26.05, 2349355
26.06, 2349355
26.07, 2349355
26.08, 2349355
26.09, 2349355
26.1, 2349355
26.11, 2349355
26.12, 2349355
26.13, 2349355
26.14, 2349355
26.15, 2349355
26.16, 2349355
26.17, 2349355
26.18, 2349355
26.19, 2349355
26.2, 2349355
26.21, 2349355
26.22, 2349355
26.23, 2349355
26.24, 2349355
26.25, 2349355
26.26, 2349355
26.27, 2349355
26.28, 2349355
26.29, 2349355
26.3, 2349355
26.31, 2349355
26.32, 2349355
26.33, 2349355
26.34, 2349355
26.35, 2349355
26.36, 2349355
26.37, 2349355
26.38, 2349355
26.39, 2349355
26.4, 2349355
26.41, 2349355
26.42, 2349355
26.43, 2349355
26.44, 2349355
26.45, 2349355
26.46, 2349355
26.47, 2349355
26.48, 2349355
26.49, 2349355
26.5, 2349355
26.51, 2349355
26.52, 2349355
26.53, 2349355
26.54, 2349355
26.55, 2349355
26.56, 2349355
26.57, 2349355
26.58, 2349355
26.59, 2349355
26.6, 2349355
26.61, 2349355
26.62, 2349355
26.63, 2349355
26.64, 2349355
26.65, 2349355
26.66, 2349355
26.67, 2349355
26.68, 2349355
26.69, 2349355
26.7, 2349355
26.71, 2349355
26.72, 2349355
26.73, 2349355
26.74, 2349355
26.75, 2349355
26.76, 2349355
26.77, 2349355
26.78, 2349355
26.79, 2349355
26.8, 2349355
26.81, 2349355
26.82, 2349355
26.83, 2349355
26.84, 2349355
26.85, 2349355
26.86, 2349355
26.87, 2349355
26.88, 2349355
26.89, 2349355
26.9, 2349355
26.91, 2349355
26.92, 2349355
26.93, 2349355
26.94, 2349355
26.95, 2349355
26.96, 2349355
26.97, 2349355
26.98, 2349355
26.99, 2349355
27.0, 2349355
27.01, 2349355
27.02, 2349355
27.03, 2349355
27.04, 2349355
27.05, 2349355
27.06, 2349355
27.07, 2349355
27.08, 2349355
27.09, 2349355
27.1, 2349355
27.11, 2349355
27.12, 2349355
27.13, 2349355
27.14, 2349355
27.15, 2349355
27.16, 2349355
27.17, 2349355
27.18, 2349355
27.19, 2349355
27.2, 2349355
27.21, 2349355
27.22, 2349355
27.23, 2349355
27.24, 2349355
27.25, 2349355
27.26, 2349355
27.27, 2349355
27.28, 2349355
27.29, 2349355
27.3, 2349355
27.31, 2349355
27.32, 2349355
27.33, 2349355
27.34, 2349355
27.35, 2349355
27.36, 2349355
27.37, 2349355
27.38, 2349355
27.39, 2349355
27.4, 2349355
27.41, 2349355
27.42, 2349355
27.43, 2349355
27.44, 2349355
27.45, 2349355
27.46, 2349355
27.47, 2349355
27.48, 2349355
27.49, 2349355
27.5, 2349355
27.51, 2349355
27.52, 2349355
27.53, 2349355
27.54, 2349355
27.55, 2349355
27.56, 2349355
27.57, 2349355
27.58, 2349355
27.59, 2349355
27.6, 2349355
27.61, 2349355
27.62, 2349355
27.63, 2349355
27.64, 2349355
27.65, 2349355
27.66, 2349355
27.67, 2349355
27.68, 2349355
27.69, 2349355
27.7, 2349355
27.71, 2349355
27.72, 2349355
27.73, 2349355
27.74, 2349355
27.75, 2349355
27.76, 2349355
27.77, 2349355
27.78, 2349355
27.79, 2349355
27.8, 2349355
27.81, 2349355
27.82, 2349355
27.83, 2349355
27.84, 2349355
27.85, 2349355
27.86, 2349355
27.87, 2349355
27.88, 2349355
27.89, 2349355
27.9, 2349355
27.91, 2349355
27.92, 2349355
27.93, 2349355
27.94, 2349355
27.95, 2349355
27.96, 2349355
27.97, 2349355
27.98, 2349355
27.99, 2349355
28.0, 2349355
28.01, 2349355
28.02, 2349355
28.03, 2349355
28.04, 2349355
28.05, 2349355
28.06, 2349355
28.07, 2349355
28.08, 2349355
28.09, 2349355
28.1, 2349355
28.11, 2349355
28.12, 2349355
28.13, 2349355
28.14, 2349355
28.15, 2349355
28.16, 2349355
28.17, 2349355
28.18, 2349355
28.19, 2349355
28.2, 2349355
28.21, 2349355
28.22, 2349355
28.23, 2349355
28.24, 2349355
28.25, 2349355
28.26, 2349355
28.27, 2349355
28.28, 2349355
28.29, 2349355
28.3, 2349355
28.31, 2349355
28.32, 2349355
28.33, 2349355
28.34, 2349355
28.35, 2349355
28.36, 2349355
28.37, 2349355
28.38, 2349355
28.39, 2349355
28.4, 2349355
28.41, 2349355
28.42, 2349355
28.43, 2349355
28.44, 2349355
28.45, 2349355
28.46, 2349355
28.47, 2349355
28.48, 2349355
28.49, 2349355
28.5, 2349355
28.51, 2349355
28.52, 2349355
28.53, 2349355
28.54, 2349355
28.55, 2349355
28.56, 2349355
28.57, 2349355
28.58, 2349355
28.59, 2349355
28.6, 2349355
28.61, 2349355
28.62, 2349355
28.63, 2349355
28.64, 2349355
28.65, 2349355
28.66, 2349355
28.67, 2349355
28.68, 2349355
28.69, 2349355
28.7, 2349355
28.71, 2349355
28.72, 2349355
28.73, 2349355
28.74, 2349355
28.75, 2349355
28.76, 2349355
28.77, 2349355
28.78, 2349355
28.79, 2349355
28.8, 2349355
28.81, 2349355
28.82, 2349355
28.83, 2349355
28.84, 2349355
28.85, 2349355
28.86, 2349355
28.87, 2349355
28.88, 2349355
28.89, 2349355
28.9, 2349355
28.91, 2349355
28.92, 2349355
28.93, 2349355
28.94, 2349355
28.95, 2349355
28.96, 2349355
28.97, 2349355
28.98, 2349355
28.99, 2349355
29.0, 2349355
29.01, 2349355
29.02, 2349355
29.03, 2349355
29.04, 2349355
29.05, 2349355
29.06, 2349355
29.07, 2349355
29.08, 2349355
29.09, 2349355
29.1, 2349355
29.11, 2349355
29.12, 2349355
29.13, 2349355
29.14, 2349355
29.15, 2349355
29.16, 2349355
29.17, 2349355
29.18, 2349355
29.19, 2349355
29.2, 2349355
29.21, 2349355
29.22, 2349355
29.23, 2349355
29.24, 2349355
29.25, 2349355
29.26, 2349355
29.27, 2349355
29.28, 2349355
29.29, 2349355
29.3, 2349355
29.31, 2349355
29.32, 2349355
29.33, 2349355
29.34, 2349355
29.35, 2349355
29.36, 2349355
29.37, 2349355
29.38, 2349355
29.39, 2349355
29.4, 2349355
29.41, 2349355
29.42, 2349355
29.43, 2349355
29.44, 2349355
29.45, 2349355
29.46, 2349355
29.47, 2349355
29.48, 2349355
29.49, 2349355
29.5, 2349355
29.51, 2349355
29.52, 2349355
29.53, 2349355
29.54, 2349355
29.55, 2349355
29.56, 2349355
29.57, 2349355
29.58, 2349355
29.59, 2349355
29.6, 2349355
29.61, 2349355
29.62, 2349355
29.63, 2349355
29.64, 2349355
29.65, 2349355
29.66, 2349355
29.67, 2349355
29.68, 2349355
29.69, 2349355
29.7, 2349355
29.71, 2349355
29.72, 2349355
29.73, 2349355
29.74, 2349355
29.75, 2349355
29.76, 2349355
29.77, 2349355
29.78, 2349355
29.79, 2349355
29.8, 2349355
29.81, 2349355
29.82, 2349355
29.83, 2349355
29.84, 2349355
29.85, 2349355
29.86, 2349355
29.87, 2349355
29.88, 2349355
29.89, 2349355
29.9, 2349355
29.91, 2349355
29.92, 2349355
29.93, 2349355
29.94, 2349355
29.95, 2349355
29.96, 2349355
29.97, 2349355
29.98, 2349355
29.99, 2349355
30.0, 2349355
30.01, 2349355
30.02, 2349355
30.03, 2349355
30.04, 2349355
30.05, 2349355
30.06, 2349355
30.07, 2349355
30.08, 2349355
30.09, 2349355
30.1, 2349355
30.11, 2349355
30.12, 2349355
30.13, 2349355
30.14, 2349355
30.15, 2349355
30.16, 2349355
30.17, 2349355
30.18, 2349355
30.19, 2349355
30.2, 2349355
30.21, 2349355
30.22, 2349355
30.23, 2349355
30.24, 2349355
30.25, 2349355
30.26, 2349355
30.27, 2349355
30.28, 2349355
30.29, 2349355
30.3, 2349355
30.31, 2349355
30.32, 2349355
30.33, 2349355
30.34, 2349355
30.35, 2349355
30.36, 2349355
30.37, 2349355
30.38, 2349355
30.39, 2349355
30.4, 2349355
30.41, 2349355
30.42, 2349355
30.43, 2349355
30.44, 2349355
30.45, 2349355
30.46, 2349355
30.47, 2349355
30.48, 2349355
30.49, 2349355
30.5, 2349355
30.51, 2349355
30.52, 2349355
30.53, 2349355
30.54, 2349355
30.55, 2349355
30.56, 2349355
30.57, 2349355
30.58, 2349355
30.59, 2349355
30.6, 2349355
30.61, 2349355
30.62, 2349355
30.63, 2349355
30.64, 2349355
30.65, 2349355
30.66, 2349355
30.67, 2349355
30.68, 2349355
30.69, 2349355
30.7, 2349355
30.71, 2349355
30.72, 2349355
30.73, 2349355
30.74, 2349355
30.75, 2349355
30.76, 2349355
30.77, 2349355
30.78, 2349355
30.79, 2349355
30.8, 2349355
30.81, 2349355
30.82, 2349355
30.83, 2349355
30.84, 2349355
30.85, 2349355
30.86, 2349355
30.87, 2349355
30.88, 2349355
30.89, 2349355
30.9, 2349355
30.91, 2349355
30.92, 2349355
30.93, 2349355
30.94, 2349355
30.95, 2349355
30.96, 2349355
30.97, 2349355
30.98, 2349355
30.99, 2349355
31.0, 2349355
31.01, 2349355
31.02, 2349355
31.03, 2349355
31.04, 2349355
31.05, 2349355
31.06, 2349355
31.07, 2349355
31.08, 2349355
31.09, 2349355
31.1, 2349355
31.11, 2349355
31.12, 2349355
31.13, 2349355
31.14, 2349355
31.15, 2349355
31.16, 2349355
31.17, 2349355
31.18, 2349355
31.19, 2349355
31.2, 2349355
31.21, 2349355
31.22, 2349355
31.23, 2349355
31.24, 2349355
31.25, 2349355
31.26, 2349355
31.27, 2349355
31.28, 2349355
31.29, 2349355
31.3, 2349355
31.31, 2349355
31.32, 2349355
31.33, 2349355
31.34, 2349355
31.35, 2349355
31.36, 2349355
31.37, 2349355
31.38, 2349355
31.39, 2349355
31.4, 2349355
31.41, 2349355
31.42, 2349355
31.43, 2349355
31.44, 2349355
31.45, 2349355
31.46, 2349355
31.47, 2349355
31.48, 2349355
31.49, 2349355
31.5, 2349355
31.51, 2349355
31.52, 2349355
31.53, 2349355
31.54, 2349355
31.55, 2349355
31.56, 2349355
31.57, 2349355
31.58, 2349355
31.59, 2349355
31.6, 2349355
31.61, 2349355
31.62, 2349355
31.63, 2349355
31.64, 2349355
31.65, 2349355
31.66, 2349355
31.67, 2349355
31.68, 2349355
31.69, 2349355
31.7, 2349355
31.71, 2349355
31.72, 2349355
31.73, 2349355
31.74, 2349355
31.75, 2349355
31.76, 2349355
31.77, 2349355
31.78, 2349355
31.79, 2349355
31.8, 2349355
31.81, 2349355
31.82, 2349355
31.83, 2349355
31.84, 2349355
31.85, 2349355
31.86, 2349355
31.87, 2349355
31.88, 2349355
31.89, 2349355
31.9, 2349355
31.91, 2349355
31.92, 2349355
31.93, 2349355
31.94, 2349355
31.95, 2349355
31.96, 2349355
31.97, 2349355
31.98, 2349355
31.99, 2349355
32.0, 2349355
32.01, 2349355
32.02, 2349355
32.03, 2349355
32.04, 2349355
32.05, 2349355
32.06, 2349355
32.07, 2349355
32.08, 2349355
32.09, 2349355
32.1, 2349355
32.11, 2349355
32.12, 2349355
32.13, 2349355
32.14, 2349355
32.15, 2349355
32.16, 2349355
32.17, 2349355
32.18, 2349355
32.19, 2349355
32.2, 2349355
32.21, 2349355
32.22, 2349355
32.23, 2349355
32.24, 2349355
32.25, 2349355
32.26, 2349355
32.27, 2349355
32.28, 2349355
32.29, 2349355
32.3, 2349355
32.31, 2349355
32.32, 2349355
32.33, 2349355
32.34, 2349355
32.35, 2349355
32.36, 2349355
32.37, 2349355
32.38, 2349355
32.39, 2349355
32.4, 2349355
32.41, 2349355
32.42, 2349355
32.43, 2349355
32.44, 2349355
32.45, 2349355
32.46, 2349355
32.47, 2349355
32.48, 2349355
32.49, 2349355
32.5, 2349355
32.51, 2349355
32.52, 2349355
32.53, 2349355
32.54, 2349355
32.55, 2349355
32.56, 2349355
32.57, 2349355
32.58, 2349355
32.59, 2349355
32.6, 2349355
32.61, 2349355
32.62, 2349355
32.63, 2349355
32.64, 2349355
32.65, 2349355
32.66, 2349355
32.67, 2349355
32.68, 2349355
32.69, 2349355
32.7, 2349355
32.71, 2349355
32.72, 2349355
32.73, 2349355
32.74, 2349355
32.75, 2349355
32.76, 2349355
32.77, 2349355
32.78, 2349355
32.79, 2349355
32.8, 2349355
32.81, 2349355
32.82, 2349355
32.83, 2349355
32.84, 2349355
32.85, 2349355
32.86, 2349355
32.87, 2349355
32.88, 2349355
32.89, 2349355
32.9, 2349355
32.91, 2349355
32.92, 2349355
32.93, 2349355
32.94, 2349355
32.95, 2349355
32.96, 2349355
32.97, 2349355
32.98, 2349355
32.99, 2349355
33.0, 2349355
33.01, 2349355
33.02, 2349355
33.03, 2349355
33.04, 2349355
33.05, 2349355
33.06, 2349355
33.07, 2349355
33.08, 2349355
33.09, 2349355
33.1, 2349355
33.11, 2349355
33.12, 2349355
33.13, 2349355
33.14, 2349355
33.15, 2349355
33.16, 2349355
33.17, 2349355
33.18, 2349355
33.19, 2349355
33.2, 2349355
33.21, 2349355
33.22, 2349355
33.23, 2349355
33.24, 2349355
33.25, 2349355
33.26, 2349355
33.27, 2349355
33.28, 2349355
33.29, 2349355
33.3, 2349355
33.31, 2349355
33.32, 2349355
33.33, 2349355
33.34, 2349355
33.35, 2349355
33.36, 2349355
33.37, 2349355
33.38, 2349355
33.39, 2349355
33.4, 2349355
33.41, 2349355
33.42, 2349355
33.43, 2349355
33.44, 2349355
33.45, 2349355
33.46, 2349355
33.47, 2349355
33.48, 2349355
33.49, 2349355
33.5, 2349355
33.51, 2349355
33.52, 2349355
33.53, 2349355
33.54, 2349355
33.55, 2349355
33.56, 2349355
33.57, 2349355
33.58, 2349355
33.59, 2349355
33.6, 2349355
33.61, 2349355
33.62, 2349355
33.63, 2349355
33.64, 2349355
33.65, 2349355
33.66, 2349355
33.67, 2349355
33.68, 2349355
33.69, 2349355
33.7, 2349355
33.71, 2349355
33.72, 2349355
33.73, 2349355
33.74, 2349355
33.75, 2349355
33.76, 2349355
33.77, 2349355
33.78, 2349355
33.79, 2349355
33.8, 2349355
33.81, 2349355
33.82, 2349355
33.83, 2349355
33.84, 2349355
33.85, 2349355
33.86, 2349355
33.87, 2349355
33.88, 2349355
33.89, 2349355
33.9, 2349355
33.91, 2349355
33.92, 2349355
33.93, 2349355
33.94, 2349355
33.95, 2349355
33.96, 2349355
33.97, 2349355
33.98, 2349355
33.99, 2349355
34.0, 2349355
34.01, 2349355
34.02, 2349355
34.03, 2349355
34.04, 2349355
34.05, 2349355
34.06, 2349355
34.07, 2349355
34.08, 2349355
34.09, 2349355
34.1, 2349355
34.11, 2349355
34.12, 2349355
34.13, 2349355
34.14, 2349355
34.15, 2349355
34.16, 2349355
34.17, 2349355
34.18, 2349355
34.19, 2349355
34.2, 2349355
34.21, 2349355
34.22, 2349355
34.23, 2349355
34.24, 2349355
34.25, 2349355
34.26, 2349355
34.27, 2349355
34.28, 2349355
34.29, 2349355
34.3, 2349355
34.31, 2349355
34.32, 2349355
34.33, 2349355
34.34, 2349355
34.35, 2349355
34.36, 2349355
34.37, 2349355
34.38, 2349355
34.39, 2349355
34.4, 2349355
34.41, 2349355
34.42, 2349355
34.43, 2349355
34.44, 2349355
34.45, 2349355
34.46, 2349355
34.47, 2349355
34.48, 2349355
34.49, 2349355
34.5, 2349355
34.51, 2349355
34.52, 2349355
34.53, 2349355
34.54, 2349355
34.55, 2349355
34.56, 2349355
34.57, 2349355
34.58, 2349355
34.59, 2349355
34.6, 2349355
34.61, 2349355
34.62, 2349355
34.63, 2349355
34.64, 2349355
34.65, 2349355
34.66, 2349355
34.67, 2349355
34.68, 2349355
34.69, 2349355
34.7, 2349355
34.71, 2349355
34.72, 2349355
34.73, 2349355
34.74, 2349355
34.75, 2349355
34.76, 2349355
34.77, 2349355
34.78, 2349355
34.79, 2349355
34.8, 2349355
34.81, 2349355
34.82, 2349355
34.83, 2349355
34.84, 2349355
34.85, 2349355
34.86, 2349355
34.87, 2349355
34.88, 2349355
34.89, 2349355
34.9, 2349355
34.91, 2349355
34.92, 2349355
34.93, 2349355
34.94, 2349355
34.95, 2349355
34.96, 2349355
34.97, 2349355
34.98, 2349355
34.99, 2349355
35.0, 2349355
35.01, 2349355
35.02, 2349355
35.03, 2349355
35.04, 2349355
35.05, 2349355
35.06, 2349355
35.07, 2349355
35.08, 2349355
35.09, 2349355
35.1, 2349355
35.11, 2349355
35.12, 2349355
35.13, 2349355
35.14, 2349355
35.15, 2349355
35.16, 2349355
35.17, 2349355
35.18, 2349355
35.19, 2349355
35.2, 2349355
35.21, 2349355
35.22, 2349355
35.23, 2349355
35.24, 2349355
35.25, 2349355
35.26, 2349355
35.27, 2349355
35.28, 2349355
35.29, 2349355
35.3, 2349355
35.31, 2349355
35.32, 2349355
35.33, 2349355
35.34, 2349355
35.35, 2349355
35.36, 2349355
35.37, 2349355
35.38, 2349355
35.39, 2349355
35.4, 2349355
35.41, 2349355
35.42, 2349355
35.43, 2349355
35.44, 2349355
35.45, 2349355
35.46, 2349355
35.47, 2349355
35.48, 2349355
35.49, 2349355
35.5, 2349355
35.51, 2349355
35.52, 2349355
35.53, 2349355
35.54, 2349355
35.55, 2349355
35.56, 2349355
35.57, 2349355
35.58, 2349355
35.59, 2349355
35.6, 2349355
35.61, 2349355
35.62, 2349355
35.63, 2349355
35.64, 2349355
35.65, 2349355
35.66, 2349355
35.67, 2349355
35.68, 2349355
35.69, 2349355
35.7, 2349355
35.71, 2349355
35.72, 2349355
35.73, 2349355
35.74, 2349355
35.75, 2349355
35.76, 2349355
35.77, 2349355
35.78, 2349355
35.79, 2349355
35.8, 2349355
35.81, 2349355
35.82, 2349355
35.83, 2349355
35.84, 2349355
35.85, 2349355
35.86, 2349355
35.87, 2349355
35.88, 2349355
35.89, 2349355
35.9, 2349355
35.91, 2349355
35.92, 2349355
35.93, 2349355
35.94, 2349355
35.95, 2349355
35.96, 2349355
35.97, 2349355
35.98, 2349355
35.99, 2349355
36.0, 2349355
36.01, 2349355
36.02, 2349355
36.03, 2349355
36.04, 2349355
36.05, 2349355
36.06, 2349355
36.07, 2349355
36.08, 2349355
36.09, 2349355
36.1, 2349355
36.11, 2349355
36.12, 2349355
36.13, 2349355
36.14, 2349355
36.15, 2349355
36.16, 2349355
36.17, 2349355
36.18, 2349355
36.19, 2349355
36.2, 2349355
36.21, 2349355
36.22, 2349355
36.23, 2349355
36.24, 2349355
36.25, 2349355
36.26, 2349355
36.27, 2349355
36.28, 2349355
36.29, 2349355
36.3, 2349355
36.31, 2349355
36.32, 2349355
36.33, 2349355
36.34, 2349355
36.35, 2349355
36.36, 2349355
36.37, 2349355
36.38, 2349355
36.39, 2349355
36.4, 2349355
36.41, 2349355
36.42, 2349355
36.43, 2349355
36.44, 2349355
36.45, 2349355
36.46, 2349355
36.47, 2349355
36.48, 2349355
36.49, 2349355
36.5, 2349355
36.51, 2349355
36.52, 2349355
36.53, 2349355
36.54, 2349355
36.55, 2349355
36.56, 2349355
36.57, 2349355
36.58, 2349355
36.59, 2349355
36.6, 2349355
36.61, 2349355
36.62, 2349355
36.63, 2349355
36.64, 2349355
36.65, 2349355
36.66, 2349355
36.67, 2349355
36.68, 2349355
36.69, 2349355
36.7, 2349355
36.71, 2349355
36.72, 2349355
36.73, 2349355
36.74, 2349355
36.75, 2349355
36.76, 2349355
36.77, 2349355
36.78, 2349355
36.79, 2349355
36.8, 2349355
36.81, 2349355
36.82, 2349355
36.83, 2349355
36.84, 2349355
36.85, 2349355
36.86, 2349355
36.87, 2349355
36.88, 2349355
36.89, 2349355
36.9, 2349355
36.91, 2349355
36.92, 2349355
36.93, 2349355
36.94, 2349355
36.95, 2349355
36.96, 2349355
36.97, 2349355
36.98, 2349355
36.99, 2349355
37.0, 2349355
37.01, 2349355
37.02, 2349355
37.03, 2349355
37.04, 2349355
37.05, 2349355
37.06, 2349355
37.07, 2349355
37.08, 2349355
37.09, 2349355
37.1, 2349355
37.11, 2349355
37.12, 2349355
37.13, 2349355
37.14, 2349355
37.15, 2349355
37.16, 2349355
37.17, 2349355
37.18, 2349355
37.19, 2349355
37.2, 2349355
37.21, 2349355
37.22, 2349355
37.23, 2349355
37.24, 2349355
37.25, 2349355
37.26, 2349355
37.27, 2349355
37.28, 2349355
37.29, 2349355
37.3, 2349355
37.31, 2349355
37.32, 2349355
37.33, 2349355
37.34, 2349355
37.35, 2349355
37.36, 2349355
37.37, 2349355
37.38, 2349355
37.39, 2349355
37.4, 2349355
37.41, 2349355
37.42, 2349355
37.43, 2349355
37.44, 2349355
37.45, 2349355
37.46, 2349355
37.47, 2349355
37.48, 2349355
37.49, 2349355
37.5, 2349355
37.51, 2349355
37.52, 2349355
37.53, 2349355
37.54, 2349355
37.55, 2349355
37.56, 2349355
37.57, 2349355
37.58, 2349355
37.59, 2349355
37.6, 2349355
37.61, 2349355
37.62, 2349355
37.63, 2349355
37.64, 2349355
37.65, 2349355
37.66, 2349355
37.67, 2349355
37.68, 2349355
37.69, 2349355
37.7, 2349355
37.71, 2349355
37.72, 2349355
37.73, 2349355
37.74, 2349355
37.75, 2349355
37.76, 2349355
37.77, 2349355
37.78, 2349355
37.79, 2349355
37.8, 2349355
37.81, 2349355
37.82, 2349355
37.83, 2349355
37.84, 2349355
37.85, 2349355
37.86, 2349355
37.87, 2349355
37.88, 2349355
37.89, 2349355
37.9, 2349355
37.91, 2349355
37.92, 2349355
37.93, 2349355
37.94, 2349355
37.95, 2349355
37.96, 2349355
37.97, 2349355
37.98, 2349355
37.99, 2349355
38.0, 2349355
38.01, 2349355
38.02, 2349355
38.03, 2349355
38.04, 2349355
38.05, 2349355
38.06, 2349355
38.07, 2349355
38.08, 2349355
38.09, 2349355
38.1, 2349355
38.11, 2349355
38.12, 2349355
38.13, 2349355
38.14, 2349355
38.15, 2349355
38.16, 2349355
38.17, 2349355
38.18, 2349355
38.19, 2349355
38.2, 2349355
38.21, 2349355
38.22, 2349355
38.23, 2349355
38.24, 2349355
38.25, 2349355
38.26, 2349355
38.27, 2349355
38.28, 2349355
38.29, 2349355
38.3, 2349355
38.31, 2349355
38.32, 2349355
38.33, 2349355
38.34, 2349355
38.35, 2349355
38.36, 2349355
38.37, 2349355
38.38, 2349355
38.39, 2349355
38.4, 2349355
38.41, 2349355
38.42, 2349355
38.43, 2349355
38.44, 2349355
38.45, 2349355
38.46, 2349355
38.47, 2349355
38.48, 2349355
38.49, 2349355
38.5, 2349355
38.51, 2349355
38.52, 2349355
38.53, 2349355
38.54, 2349355
38.55, 2349355
38.56, 2349355
38.57, 2349355
38.58, 2349355
38.59, 2349355
38.6, 2349355
38.61, 2349355
38.62, 2349355
38.63, 2349355
38.64, 2349355
38.65, 2349355
38.66, 2349355
38.67, 2349355
38.68, 2349355
38.69, 2349355
38.7, 2349355
38.71, 2349355
38.72, 2349355
38.73, 2349355
38.74, 2349355
38.75, 2349355
38.76, 2349355
38.77, 2349355
38.78, 2349355
38.79, 2349355
38.8, 2349355
38.81, 2349355
38.82, 2349355
38.83, 2349355
38.84, 2349355
38.85, 2349355
38.86, 2349355
38.87, 2349355
38.88, 2349355
38.89, 2349355
38.9, 2349355
38.91, 2349355
38.92, 2349355
38.93, 2349355
38.94, 2349355
38.95, 2349355
38.96, 2349355
38.97, 2349355
38.98, 2349355
38.99, 2349355
39.0, 2349355
39.01, 2349355
39.02, 2349355
39.03, 2349355
39.04, 2349355
39.05, 2349355
39.06, 2349355
39.07, 2349355
39.08, 2349355
39.09, 2349355
39.1, 2349355
39.11, 2349355
39.12, 2349355
39.13, 2349355
39.14, 2349355
39.15, 2349355
39.16, 2349355
39.17, 2349355
39.18, 2349355
39.19, 2349355
39.2, 2349355
39.21, 2349355
39.22, 2349355
39.23, 2349355
39.24, 2349355
39.25, 2349355
39.26, 2349355
39.27, 2349355
39.28, 2349355
39.29, 2349355
39.3, 2349355
39.31, 2349355
39.32, 2349355
39.33, 2349355
39.34, 2349355
39.35, 2349355
39.36, 2349355
39.37, 2349355
39.38, 2349355
39.39, 2349355
39.4, 2349355
39.41, 2349355
39.42, 2349355
39.43, 2349355
39.44, 2349355
39.45, 2349355
39.46, 2349355
39.47, 2349355
39.48, 2349355
39.49, 2349355
39.5, 2349355
39.51, 2349355
39.52, 2349355
39.53, 2349355
39.54, 2349355
39.55, 2349355
39.56, 2349355
39.57, 2349355
39.58, 2349355
39.59, 2349355
39.6, 2349355
39.61, 2349355
39.62, 2349355
39.63, 2349355
39.64, 2349355
39.65, 2349355
39.66, 2349355
39.67, 2349355
39.68, 2349355
39.69, 2349355
39.7, 2349355
39.71, 2349355
39.72, 2349355
39.73, 2349355
39.74, 2349355
39.75, 2349355
39.76, 2349355
39.77, 2349355
39.78, 2349355
39.79, 2349355
39.8, 2349355
39.81, 2349355
39.82, 2349355
39.83, 2349355
39.84, 2349355
39.85, 2349355
39.86, 2349355
39.87, 2349355
39.88, 2349355
39.89, 2349355
39.9, 2349355
39.91, 2349355
39.92, 2349355
39.93, 2349355
39.94, 2349355
39.95, 2349355
39.96, 2349355
39.97, 2349355
39.98, 2349355
39.99, 2349355
40.0, 2349355
40.01, 2349355
40.02, 2349355
40.03, 2349355
40.04, 2349355
40.05, 2349355
40.06, 2349355
40.07, 2349355
40.08, 2349355
40.09, 2349355
40.1, 2349355
40.11, 2349355
40.12, 2349355
40.13, 2349355
40.14, 2349355
40.15, 2349355
40.18, 2349355
40.19, 2349355
40.2, 2349355
40.21, 2349355
40.22, 2349355
40.23, 2349355
40.24, 2349355
40.25, 2349355
40.26, 2349355
40.27, 2349355
40.28, 2349355
40.29, 2349355
40.3, 2349355
40.31, 2349355
40.32, 2349355
40.33, 2349355
40.34, 2349355
40.35, 2349355
40.36, 2349355
40.37, 2349355
40.38, 2349355
40.39, 2349355
40.4, 2349355
40.41, 2349355
40.42, 2349355
40.43, 2349355
40.44, 2349355
40.45, 2349355
40.46, 2349355
40.47, 2349355
40.48, 2349355
40.49, 2349355
40.5, 2349355
40.51, 2349355
40.52, 2349355
40.53, 2349355
40.54, 2349355
40.55, 2349355
40.56, 2349355
40.57, 2349355
40.58, 2349355
40.59, 2349355
40.6, 2349355
40.61, 2349355
40.62, 2349355
40.63, 2349355
40.64, 2349355
40.65, 2349355
40.66, 2349355
40.67, 2349355
40.68, 2349355
40.69, 2349355
40.7, 2349355
40.71, 2349355
40.72, 2349355
40.73, 2349355
40.74, 2349355
40.75, 2349355
40.76, 2349355
40.77, 2349355
40.78, 2349355
40.79, 2349355
40.8, 2349355
40.81, 2349355
40.82, 2349355
40.83, 2349355
40.84, 2349355
40.85, 2349355
40.86, 2349355
40.87, 2349355
40.88, 2349355
40.89, 2349355
40.9, 2349355
40.91, 2349355
40.92, 2349355
40.93, 2349355
40.94, 2349355
40.95, 2349355
40.96, 2349355
40.97, 2349355
40.98, 2349355
40.99, 2349355
41.0, 2349355
41.01, 2349355
41.02, 2349355
41.03, 2349355
41.04, 2349355
41.05, 2349355
41.06, 2349355
41.07, 2349355
41.08, 2349355
41.09, 2349355
41.1, 2349355
41.11, 2349355
41.12, 2349355
41.13, 2349355
41.14, 2349355
41.15, 2349355
41.16, 2349355
41.17, 2349355
41.18, 2349355
41.19, 2349355
41.2, 2349355
41.21, 2349355
41.22, 2349355
41.23, 2349355
41.24, 2349355
41.25, 2349355
41.26, 2349355
41.27, 2349355
41.28, 2349355
41.29, 2349355
41.3, 2349355
41.31, 2349355
41.32, 2349355
41.33, 2349355
41.34, 2349355
41.35, 2349355
41.36, 2349355
41.37, 2349355
41.38, 2349355
41.39, 2349355
41.4, 2349355
41.41, 2349355
41.42, 2349355
41.43, 2349355
41.44, 2349355
41.45, 2349355
41.46, 2349355
41.47, 2349355
41.48, 2349355
41.49, 2349355
41.5, 2349355
41.51, 2349355
41.52, 2349355
41.53, 2349355
41.54, 2349355
41.55, 2349355
41.56, 2349355
41.57, 2349355
41.58, 2349355
41.59, 2349355
41.6, 2349355
41.61, 2349355
41.62, 2349355
41.63, 2349355
41.64, 2349355
41.65, 2349355
41.66, 2349355
41.67, 2349355
41.68, 2349355
41.69, 2349355
41.7, 2349355
41.71, 2349355
41.72, 2349355
41.73, 2349355
41.74, 2349355
41.75, 2349355
41.76, 2349355
41.77, 2349355
41.78, 2349355
41.79, 2349355
41.8, 2349355
41.81, 2349355
41.82, 2349355
41.83, 2349355
41.84, 2349355
41.85, 2349355
41.86, 2349355
41.87, 2349355
41.88, 2349355
41.89, 2349355
41.9, 2349355
41.91, 2349355
41.92, 2349355
41.93, 2349355
41.94, 2349355
41.95, 2349355
41.96, 2349355
41.97, 2349355
41.98, 2349355
41.99, 2349355
42.0, 2349355
42.01, 2349355
42.02, 2349355
42.03, 2349355
42.04, 2349355
42.05, 2349355
42.06, 2349355
42.07, 2349355
42.08, 2349355
42.09, 2349355
42.1, 2349355
42.11, 2349355
42.12, 2349355
42.13, 2349355
42.14, 2349355
42.15, 2349355
42.16, 2349355
42.17, 2349355
42.18, 2349355
42.19, 2349355
42.2, 2349355
42.21, 2349355
42.22, 2349355
42.23, 2349355
42.24, 2349355
42.25, 2349355
42.26, 2349355
42.27, 2349355
42.28, 2349355
42.29, 2349355
42.3, 2349355
42.31, 2349355
42.32, 2349355
42.33, 2349355
42.34, 2349355
42.35, 2349355
42.36, 2349355
42.37, 2349355
42.38, 2349355
42.39, 2349355
42.4, 2349355
42.41, 2349355
42.42, 2349355
42.43, 2349355
42.44, 2349355
42.45, 2349355
42.46, 2349355
42.47, 2349355
42.48, 2349355
42.49, 2349355
42.5, 2349355
42.51, 2349355
42.52, 2349355
42.53, 2349355
42.54, 2349355
42.55, 2349355
42.56, 2349355
42.57, 2349355
42.58, 2349355
42.59, 2349355
42.6, 2349355
42.61, 2349355
42.62, 2349355
42.63, 2349355
42.64, 2349355
42.65, 2349355
42.66, 2349355
42.67, 2349355
42.68, 2349355
42.69, 2349355
42.7, 2349355
42.71, 2349355
42.72, 2349355
42.73, 2349355
42.74, 2349355
42.75, 2349355
42.76, 2349355
42.77, 2349355
42.78, 2349355
42.79, 2349355
42.8, 2349355
42.81, 2349355
42.82, 2349355
42.83, 2349355
42.84, 2349355
42.85, 2349355
42.86, 2349355
42.87, 2349355
42.88, 2349355
42.89, 2349355
42.9, 2349355
42.91, 2349355
42.92, 2349355
42.93, 2349355
42.94, 2349355
42.95, 2349355
42.96, 2349355
42.97, 2349355
42.98, 2349355
42.99, 2349355
43.0, 2349355
43.01, 2349355
43.02, 2349355
43.03, 2349355
43.04, 2349355
43.05, 2349355
43.06, 2349355
43.07, 2349355
43.08, 2349355
43.09, 2349355
43.1, 2349355
43.11, 2349355
43.12, 2349355
43.13, 2349355
43.14, 2349355
43.15, 2349355
43.16, 2349355
43.17, 2349355
43.18, 2349355
43.19, 2349355
43.2, 2349355
43.21, 2349355
43.22, 2349355
43.23, 2349355
43.24, 2349355
43.25, 2349355
43.26, 2349355
43.27, 2349355
43.28, 2349355
43.29, 2349355
43.3, 2349355
43.31, 2349355
43.32, 2349355
43.33, 2349355
43.34, 2349355
43.35, 2349355
43.36, 2349355
43.37, 2349355
43.38, 2349355
43.39, 2349355
43.4, 2349355
43.41, 2349355
43.42, 2349355
43.43, 2349355
43.44, 2349355
43.45, 2349355
43.46, 2349355
43.47, 2349355
43.48, 2349355
43.49, 2349355
43.5, 2349355
43.51, 2349355
43.52, 2349355
43.53, 2349355
43.54, 2349355
43.55, 2349355
43.56, 2349355
43.57, 2349355
43.58, 2349355
43.59, 2349355
43.6, 2349355
43.61, 2349355
43.62, 2349355
43.63, 2349355
43.64, 2349355
43.65, 2349355
43.66, 2349355
43.67, 2349355
43.68, 2349355
43.69, 2349355
43.7, 2349355
43.71, 2349355
43.72, 2349355
43.73, 2349355
43.74, 2349355
43.75, 2349355
43.76, 2349355
43.77, 2349355
43.78, 2349355
43.79, 2349355
43.8, 2349355
43.81, 2349355
43.82, 2349355
43.83, 2349355
43.84, 2349355
43.85, 2349355
43.86, 2349355
43.87, 2349355
43.88, 2349355
43.89, 2349355
43.9, 2349355
43.91, 2349355
43.92, 2349355
43.93, 2349355
43.94, 2349355
43.95, 2349355
43.96, 2349355
43.97, 2349355
43.98, 2349355
43.99, 2349355
44.0, 2349355
44.01, 2349355
44.02, 2349355
44.03, 2349355
44.04, 2349355
44.05, 2349355
44.06, 2349355
44.07, 2349355
44.08, 2349355
44.09, 2349355
44.1, 2349355
44.11, 2349355
44.12, 2349355
44.13, 2349355
44.14, 2349355
44.15, 2349355
44.16, 2349355
44.17, 2349355
44.18, 2349355
44.19, 2349355
44.2, 2349355
44.21, 2349355
44.22, 2349355
44.23, 2349355
44.24, 2349355
44.25, 2349355
44.26, 2349355
44.27, 2349355
44.28, 2349355
44.29, 2349355
44.3, 2349355
44.31, 2349355
44.32, 2349355
44.33, 2349355
44.34, 2349355
44.35, 2349355
44.36, 2349355
44.37, 2349355
44.38, 2349355
44.39, 2349355
44.4, 2349355
44.41, 2349355
44.42, 2349355
44.43, 2349355
44.44, 2349355
44.45, 2349355
44.46, 2349355
44.47, 2349355
44.48, 2349355
44.49, 2349355
44.5, 2349355
44.51, 2349355
44.52, 2349355
44.53, 2349355
44.54, 2349355
44.55, 2349355
44.56, 2349355
44.57, 2349355
44.58, 2349355
44.59, 2349355
44.6, 2349355
44.61, 2349355
44.62, 2349355
44.63, 2349355
44.64, 2349355
44.65, 2349355
44.66, 2349355
44.67, 2349355
44.68, 2349355
44.69, 2349355
44.7, 2349355
44.71, 2349355
44.72, 2349355
44.73, 2349355
44.74, 2349355
44.75, 2349355
44.76, 2349355
44.77, 2349355
44.78, 2349355
44.79, 2349355
44.8, 2349355
44.81, 2349355
44.82, 2349355
44.83, 2349355
44.84, 2349355
44.85, 2349355
44.86, 2349355
44.87, 2349355
44.88, 2349355
44.89, 2349355
44.9, 2349355
44.91, 2349355
44.92, 2349355
44.93, 2349355
44.94, 2349355
44.95, 2349355
44.96, 2349355
44.97, 2349355
44.98, 2349355
44.99, 2349355
45.0, 2349355
45.01, 2349355
45.02, 2349355
45.03, 2349355
45.04, 2349355
45.05, 2349355
45.06, 2349355
45.07, 2349355
45.08, 2349355
45.09, 2349355
45.1, 2349355
45.11, 2349355
45.12, 2349355
45.13, 2349355
45.14, 2349355
45.15, 2349355
45.16, 2349355
45.17, 2349355
45.18, 2349355
45.19, 2349355
45.2, 2349355
45.21, 2349355
45.22, 2349355
45.23, 2349355
45.24, 2349355
45.25, 2349355
45.26, 2349355
45.27, 2349355
45.28, 2349355
45.29, 2349355
45.3, 2349355
45.31, 2349355
45.32, 2349355
45.33, 2349355
45.34, 2349355
45.35, 2349355
45.36, 2349355
45.37, 2349355
45.38, 2349355
45.39, 2349355
45.4, 2349355
45.41, 2349355
45.42, 2349355
45.43, 2349355
45.44, 2349355
45.45, 2349355
45.46, 2349355
45.47, 2349355
45.48, 2349355
45.49, 2349355
45.5, 2349355
45.51, 2349355
45.52, 2349355
45.53, 2349355
45.54, 2349355
45.55, 2349355
45.56, 2349355
45.57, 2349355
45.58, 2349355
45.59, 2349355
45.6, 2349355
45.61, 2349355
45.62, 2349355
45.63, 2349355
45.64, 2349355
45.65, 2349355
45.66, 2349355
45.67, 2349355
45.68, 2349355
45.69, 2349355
45.7, 2349355
45.71, 2349355
45.72, 2349355
45.73, 2349355
45.74, 2349355
45.75, 2349355
45.76, 2349355
45.77, 2349355
45.78, 2349355
45.79, 2349355
45.8, 2349355
45.81, 2349355
45.82, 2349355
45.83, 2349355
45.84, 2349355
45.85, 2349355
45.86, 2349355
45.87, 2349355
45.88, 2349355
45.89, 2349355
45.9, 2349355
45.91, 2349355
45.92, 2349355
45.93, 2349355
45.94, 2349355
45.95, 2349355
45.96, 2349355
45.97, 2349355
45.98, 2349355
45.99, 2349355
46.0, 2349355
46.01, 2349355
46.02, 2349355
46.03, 2349355
46.04, 2349355
46.05, 2349355
46.06, 2349355
46.07, 2349355
46.08, 2349355
46.09, 2349355
46.1, 2349355
46.11, 2349355
46.12, 2349355
46.13, 2349355
46.14, 2349355
46.15, 2349355
46.16, 2349355
46.17, 2349355
46.18, 2349355
46.19, 2349355
46.2, 2349355
46.21, 2349355
46.22, 2349355
46.23, 2349355
46.24, 2349355
46.25, 2349355
46.26, 2349355
46.27, 2349355
46.28, 2349355
46.29, 2349355
46.3, 2349355
46.31, 2349355
46.32, 2349355
46.33, 2349355
46.34, 2349355
46.35, 2349355
46.36, 2349355
46.37, 2349355
46.38, 2349355
46.39, 2349355
46.4, 2349355
46.41, 2349355
46.42, 2349355
46.43, 2349355
46.44, 2349355
46.45, 2349355
46.46, 2349355
46.47, 2349355
46.48, 2349355
46.49, 2349355
46.5, 2349355
46.51, 2349355
46.52, 2349355
46.53, 2349355
46.54, 2349355
46.55, 2349355
46.56, 2349355
46.57, 2349355
46.58, 2349355
46.59, 2349355
46.6, 2349355
46.61, 2349355
46.62, 2349355
46.63, 2349355
46.64, 2349355
46.65, 2349355
46.66, 2349355
46.67, 2349355
46.68, 2349355
46.69, 2349355
46.7, 2349355
46.71, 2349355
46.72, 2349355
46.73, 2349355
46.74, 2349355
46.75, 2349355
46.76, 2349355
46.77, 2349355
46.78, 2349355
46.79, 2349355
46.8, 2349355
46.81, 2349355
46.82, 2349355
46.83, 2349355
46.84, 2349355
46.85, 2349355
46.86, 2349355
46.87, 2349355
46.88, 2349355
46.89, 2349355
46.9, 2349355
46.91, 2349355
46.92, 2349355
46.93, 2349355
46.94, 2349355
46.95, 2349355
46.96, 2349355
46.97, 2349355
46.98, 2349355
46.99, 2349355
47.0, 2349355
47.01, 2349355
47.02, 2349355
47.03, 2349355
47.04, 2349355
47.05, 2349355
47.06, 2349355
47.07, 2349355
47.08, 2349355
47.09, 2349355
47.1, 2349355
47.11, 2349355
47.12, 2349355
47.13, 2349355
47.14, 2349355
47.15, 2349355
47.16, 2349355
47.17, 2349355
47.18, 2349355
47.19, 2349355
47.2, 2349355
47.21, 2349355
47.22, 2349355
47.23, 2349355
47.24, 2349355
47.25, 2349355
47.26, 2349355
47.27, 2349355
47.28, 2349355
47.29, 2349355
47.3, 2349355
47.31, 2349355
47.32, 2349355
47.33, 2349355
47.34, 2349355
47.35, 2349355
47.36, 2349355
47.37, 2349355
47.38, 2349355
47.39, 2349355
47.4, 2349355
47.41, 2349355
47.42, 2349355
47.43, 2349355
47.44, 2349355
47.45, 2349355
47.46, 2349355
47.47, 2349355
47.48, 2349355
47.49, 2349355
47.5, 2349355
47.51, 2349355
47.52, 2349355
47.53, 2349355
47.54, 2349355
47.55, 2349355
47.56, 2349355
47.57, 2349355
47.58, 2349355
47.59, 2349355
47.6, 2349355
47.61, 2349355
47.62, 2349355
47.63, 2349355
47.64, 2349355
47.65, 2349355
47.66, 2349355
47.67, 2349355
47.68, 2349355
47.69, 2349355
47.7, 2349355
47.71, 2349355
47.72, 2349355
47.73, 2349355
47.74, 2349355
47.75, 2349355
47.76, 2349355
47.77, 2349355
47.78, 2349355
47.79, 2349355
47.8, 2349355
47.81, 2349355
47.82, 2349355
47.83, 2349355
47.84, 2349355
47.85, 2349355
47.86, 2349355
47.87, 2349355
47.88, 2349355
47.89, 2349355
47.9, 2349355
47.91, 2349355
47.92, 2349355
47.93, 2349355
47.94, 2349355
47.95, 2349355
47.96, 2349355
47.97, 2349355
47.98, 2349355
47.99, 2349355
48.0, 2349355
48.01, 2349355
48.02, 2349355
48.03, 2349355
48.04, 2349355
48.05, 2349355
48.06, 2349355
48.07, 2349355
48.08, 2349355
48.09, 2349355
48.1, 2349355
48.11, 2349355
48.12, 2349355
48.13, 2349355
48.14, 2349355
48.15, 2349355
48.16, 2349355
48.17, 2349355
48.18, 2349355
48.19, 2349355
48.2, 2349355
48.21, 2349355
48.22, 2349355
48.23, 2349355
48.24, 2349355
48.25, 2349355
48.26, 2349355
48.27, 2349355
48.28, 2349355
48.29, 2349355
48.3, 2349355
48.31, 2349355
48.32, 2349355
48.33, 2349355
48.34, 2349355
48.35, 2349355
48.36, 2349355
48.37, 2349355
48.38, 2349355
48.39, 2349355
48.4, 2349355
48.41, 2349355
48.42, 2349355
48.43, 2349355
48.44, 2349355
48.45, 2349355
48.46, 2349355
48.47, 2349355
48.48, 2349355
48.49, 2349355
48.5, 2349355
48.51, 2349355
48.52, 2349355
48.53, 2349355
48.54, 2349355
48.55, 2349355
48.56, 2349355
48.57, 2349355
48.58, 2349355
48.59, 2349355
48.6, 2349355
48.61, 2349355
48.62, 2349355
48.63, 2349355
48.64, 2349355
48.65, 2349355
48.66, 2349355
48.67, 2349355
48.68, 2349355
48.69, 2349355
48.7, 2349355
48.71, 2349355
48.72, 2349355
48.73, 2349355
48.74, 2349355
48.75, 2349355
48.76, 2349355
48.77, 2349355
48.78, 2349355
48.79, 2349355
48.8, 2349355
48.81, 2349355
48.82, 2349355
48.83, 2349355
48.84, 2349355
48.85, 2349355
48.86, 2349355
48.87, 2349355
48.88, 2349355
48.89, 2349355
48.9, 2349355
48.91, 2349355
48.92, 2349355
48.93, 2349355
48.94, 2349355
48.95, 2349355
48.96, 2349355
48.97, 2349355
49.0, 2349355
49.01, 2349355
49.02, 2349355
49.03, 2349355
49.04, 2349355
49.05, 2349355
49.06, 2349355
49.07, 2349355
49.08, 2349355
49.09, 2349355
49.1, 2349355
49.11, 2349355
49.12, 2349355
49.13, 2349355
49.14, 2349355
49.15, 2349355
49.16, 2349355
49.17, 2349355
49.18, 2349355
49.19, 2349355
49.2, 2349355
49.21, 2349355
49.22, 2349355
49.23, 2349355
49.24, 2349355
49.25, 2349355
49.26, 2349355
49.27, 2349355
49.28, 2349355
49.29, 2349355
49.3, 2349355
49.31, 2349355
49.32, 2349355
49.33, 2349355
49.34, 2349355
49.35, 2349355
49.36, 2349355
49.37, 2349355
49.38, 2349355
49.39, 2349355
49.4, 2349355
49.41, 2349355
49.42, 2349355
49.43, 2349355
49.44, 2349355
49.45, 2349355
49.46, 2349355
49.47, 2349355
49.48, 2349355
49.49, 2349355
49.5, 2349355
49.51, 2349355
49.52, 2349355
49.53, 2349355
49.54, 2349355
49.55, 2349355
49.56, 2349355
49.57, 2349355
49.58, 2349355
49.59, 2349355
49.6, 2349355
49.61, 2349355
49.62, 2349355
49.63, 2349355
49.64, 2349355
49.65, 2349355
49.66, 2349355
49.67, 2349355
49.68, 2349355
49.69, 2349355
49.7, 2349355
49.71, 2349355
49.72, 2349355
49.73, 2349355
49.74, 2349355
49.75, 2349355
49.76, 2349355
49.77, 2349355
49.78, 2349355
49.79, 2349355
49.8, 2349355
49.81, 2349355
49.82, 2349355
49.83, 2349355
49.84, 2349355
49.85, 2349355
49.86, 2349355
49.87, 2349355
49.88, 2349355
49.89, 2349355
49.9, 2349355
49.91, 2349355
49.92, 2349355
49.93, 2349355
49.94, 2349355
49.95, 2349355
49.96, 2349355
49.97, 2349355
49.98, 2349355
49.99, 2349355
50.0, 2349355
50.01, 2349355
50.02, 2349355
50.03, 2349355
50.04, 2349355
50.05, 2349355
50.06, 2349355
50.07, 2349355
50.08, 2349355
50.09, 2349355
50.1, 2349355
50.11, 2349355
50.12, 2349355
50.13, 2349355
50.14, 2349355
50.15, 2349355
50.16, 2349355
50.17, 2349355
50.18, 2349355
50.19, 2349355
50.2, 2349355
50.21, 2349355
50.22, 2349355
50.23, 2349355
50.24, 2349355
50.25, 2349355
50.26, 2349355
50.27, 2349355
50.28, 2349355
50.29, 2349355
50.3, 2349355
50.31, 2349355
50.32, 2349355
50.33, 2349355
50.34, 2349355
50.35, 2349355
50.36, 2349355
50.37, 2349355
50.38, 2349355
50.39, 2349355
50.4, 2349355
50.41, 2349355
50.42, 2349355
50.43, 2349355
50.44, 2349355
50.45, 2349355
50.46, 2349355
50.47, 2349355
50.48, 2349355
50.49, 2349355
50.5, 2349355
50.51, 2349355
50.52, 2349355
50.53, 2349355
50.54, 2349355
50.55, 2349355
50.56, 2349355
50.57, 2349355
50.58, 2349355
50.59, 2349355
50.6, 2349355
50.61, 2349355
50.62, 2349355
50.63, 2349355
50.64, 2349355
50.65, 2349355
50.66, 2349355
50.67, 2349355
50.68, 2349355
50.69, 2349355
50.7, 2349355
50.71, 2349355
50.72, 2349355
50.73, 2349355
50.74, 2349355
50.75, 2349355
50.76, 2349355
50.77, 2349355
50.78, 2349355
50.79, 2349355
50.8, 2349355
50.81, 2349355
50.82, 2349355
50.83, 2349355
50.84, 2349355
50.85, 2349355
50.86, 2349355
50.87, 2349355
50.88, 2349355
50.89, 2349355
50.9, 2349355
50.91, 2349355
50.92, 2349355
50.93, 2349355
50.94, 2349355
50.95, 2349355
50.96, 2349355
50.97, 2349355
50.98, 2349355
50.99, 2349355
51.0, 2349355
51.01, 2349355
51.02, 2349355
51.03, 2349355
51.04, 2349355
51.05, 2349355
51.06, 2349355
51.07, 2349355
51.08, 2349355
51.09, 2349355
51.1, 2349355
51.11, 2349355
51.12, 2349355
51.13, 2349355
51.14, 2349355
51.15, 2349355
51.16, 2349355
51.17, 2349355
51.18, 2349355
51.19, 2349355
51.2, 2349355
51.21, 2349355
51.22, 2349355
51.23, 2349355
51.24, 2349355
51.25, 2349355
51.26, 2349355
51.27, 2349355
51.28, 2349355
51.29, 2349355
51.3, 2349355
51.31, 2349355
51.32, 2349355
51.33, 2349355
51.34, 2349355
51.35, 2349355
51.36, 2349355
51.37, 2349355
51.38, 2349355
51.39, 2349355
51.4, 2349355
51.41, 2349355
51.42, 2349355
51.43, 2349355
51.44, 2349355
51.45, 2349355
51.46, 2349355
51.47, 2349355
51.48, 2349355
51.49, 2349355
51.5, 2349355
51.51, 2349355
51.52, 2349355
51.53, 2349355
51.54, 2349355
51.55, 2349355
51.56, 2349355
51.57, 2349355
51.58, 2349355
51.59, 2349355
51.6, 2349355
51.61, 2349355
51.62, 2349355
51.63, 2349355
51.64, 2349355
51.65, 2349355
51.66, 2349355
51.67, 2349355
51.68, 2349355
51.69, 2349355
51.7, 2349355
51.71, 2349355
51.72, 2349355
51.73, 2349355
51.74, 2349355
51.75, 2349355
51.76, 2349355
51.77, 2349355
51.78, 2349355
51.79, 2349355
51.8, 2349355
51.81, 2349355
51.82, 2349355
51.83, 2349355
51.84, 2349355
51.85, 2349355
51.86, 2349355
51.87, 2349355
51.88, 2349355
51.89, 2349355
51.9, 2349355
51.91, 2349355
51.92, 2349355
51.93, 2349355
51.94, 2349355
51.95, 2349355
51.96, 2349355
51.97, 2349355
51.98, 2349355
51.99, 2349355
52.0, 2349355
52.01, 2349355
52.02, 2349355
52.03, 2349355
52.04, 2349355
52.05, 2349355
52.06, 2349355
52.07, 2349355
52.08, 2349355
52.09, 2349355
52.1, 2349355
52.11, 2349355
52.12, 2349355
52.13, 2349355
52.14, 2349355
52.15, 2349355
52.16, 2349355
52.17, 2349355
52.18, 2349355
52.19, 2349355
52.2, 2349355
52.21, 2349355
52.22, 2349355
52.23, 2349355
52.24, 2349355
52.25, 2349355
52.26, 2349355
52.27, 2349355
52.28, 2349355
52.29, 2349355
52.3, 2349355
52.31, 2349355
52.32, 2349355
52.33, 2349355
52.34, 2349355
52.35, 2349355
52.36, 2349355
52.37, 2349355
52.38, 2349355
52.39, 2349355
52.4, 2349355
52.41, 2349355
52.42, 2349355
52.43, 2349355
52.44, 2349355
52.45, 2349355
52.46, 2349355
52.47, 2349355
52.48, 2349355
52.49, 2349355
52.5, 2349355
52.51, 2349355
52.52, 2349355
52.53, 2349355
52.54, 2349355
52.55, 2349355
52.56, 2349355
52.57, 2349355
52.58, 2349355
52.59, 2349355
52.6, 2349355
52.61, 2349355
52.62, 2349355
52.63, 2349355
52.64, 2349355
52.65, 2349355
52.66, 2349355
52.67, 2349355
52.68, 2349355
52.69, 2349355
52.7, 2349355
52.71, 2349355
52.72, 2349355
52.73, 2349355
52.74, 2349355
52.75, 2349355
52.76, 2349355
52.77, 2349355
52.78, 2349355
52.79, 2349355
52.8, 2349355
52.81, 2349355
52.82, 2349355
52.83, 2349355
52.84, 2349355
52.85, 2349355
52.86, 2349355
52.87, 2349355
52.88, 2349355
52.89, 2349355
52.9, 2349355
52.91, 2349355
52.92, 2349355
52.93, 2349355
52.94, 2349355
52.95, 2349355
52.96, 2349355
52.97, 2349355
52.98, 2349355
52.99, 2349355
53.0, 2349355
53.01, 2349355
53.02, 2349355
53.03, 2349355
53.04, 2349355
53.05, 2349355
53.06, 2349355
53.07, 2349355
53.08, 2349355
53.09, 2349355
53.1, 2349355
53.11, 2349355
53.12, 2349355
53.13, 2349355
53.14, 2349355
53.15, 2349355
53.16, 2349355
53.17, 2349355
53.18, 2349355
53.19, 2349355
53.2, 2349355
53.21, 2349355
53.22, 2349355
53.23, 2349355
53.24, 2349355
53.25, 2349355
53.26, 2349355
53.27, 2349355
53.28, 2349355
53.29, 2349355
53.3, 2349355
53.31, 2349355
53.32, 2349355
53.33, 2349355
53.34, 2349355
53.35, 2349355
53.36, 2349355
53.37, 2349355
53.38, 2349355
53.39, 2349355
53.4, 2349355
53.41, 2349355
53.42, 2349355
53.43, 2349355
53.44, 2349355
53.45, 2349355
53.46, 2349355
53.47, 2349355
53.48, 2349355
53.49, 2349355
53.5, 2349355
53.51, 2349355
53.52, 2349355
53.53, 2349355
53.54, 2349355
53.55, 2349355
53.56, 2349355
53.57, 2349355
53.58, 2349355
53.59, 2349355
53.6, 2349355
53.61, 2349355
53.62, 2349355
53.63, 2349355
53.64, 2349355
53.65, 2349355
53.66, 2349355
53.67, 2349355
53.68, 2349355
53.69, 2349355
53.7, 2349355
53.71, 2349355
53.72, 2349355
53.73, 2349355
53.74, 2349355
53.75, 2349355
53.76, 2349355
53.77, 2349355
53.78, 2349355
53.79, 2349355
53.8, 2349355
53.81, 2349355
53.82, 2349355
53.83, 2349355
53.84, 2349355
53.85, 2349355
53.86, 2349355
53.87, 2349355
53.88, 2349355
53.89, 2349355
53.9, 2349355
53.91, 2349355
53.92, 2349355
53.93, 2349355
53.94, 2349355
53.95, 2349355
53.96, 2349355
53.97, 2349355
53.98, 2349355
53.99, 2349355
54.0, 2349355
54.01, 2349355
54.02, 2349355
54.03, 2349355
54.04, 2349355
54.05, 2349355
54.06, 2349355
54.07, 2349355
54.08, 2349355
54.09, 2349355
54.1, 2349355
54.11, 2349355
54.12, 2349355
54.13, 2349355
54.14, 2349355
54.15, 2349355
54.16, 2349355
54.17, 2349355
54.18, 2349355
54.19, 2349355
54.2, 2349355
54.21, 2349355
54.22, 2349355
54.23, 2349355
54.24, 2349355
54.25, 2349355
54.26, 2349355
54.27, 2349355
54.28, 2349355
54.29, 2349355
54.3, 2349355
54.31, 2349355
54.32, 2349355
54.33, 2349355
54.34, 2349355
54.35, 2349355
54.36, 2349355
54.37, 2349355
54.38, 2349355
54.39, 2349355
54.4, 2349355
54.41, 2349355
54.42, 2349355
54.43, 2349355
54.44, 2349355
54.45, 2349355
54.46, 2349355
54.47, 2349355
54.48, 2349355
54.49, 2349355
54.5, 2349355
54.51, 2349355
54.52, 2349355
54.53, 2349355
54.54, 2349355
54.55, 2349355
54.56, 2349355
54.57, 2349355
54.58, 2349355
54.59, 2349355
54.6, 2349355
54.61, 2349355
54.62, 2349355
54.63, 2349355
54.64, 2349355
54.65, 2349355
54.66, 2349355
54.67, 2349355
54.68, 2349355
54.69, 2349355
54.7, 2349355
54.71, 2349355
54.72, 2349355
54.73, 2349355
54.74, 2349355
54.75, 2349355
54.76, 2349355
54.77, 2349355
54.78, 2349355
54.79, 2349355
54.8, 2349355
54.81, 2349355
54.82, 2349355
54.83, 2349355
54.84, 2349355
54.85, 2349355
54.86, 2349355
54.87, 2349355
54.88, 2349355
54.89, 2349355
54.9, 2349355
54.91, 2349355
54.92, 2349355
54.93, 2349355
54.94, 2349355
54.95, 2349355
54.96, 2349355
54.97, 2349355
54.98, 2349355
54.99, 2349355
55.0, 2349355
55.01, 2349355
55.02, 2349355
55.03, 2349355
55.04, 2349355
55.05, 2349355
55.06, 2349355
55.07, 2349355
55.08, 2349355
55.09, 2349355
55.1, 2349355
55.11, 2349355
55.12, 2349355
55.13, 2349355
55.14, 2349355
55.15, 2349355
55.16, 2349355
55.17, 2349355
55.18, 2349355
55.19, 2349355
55.2, 2349355
55.21, 2349355
55.22, 2349355
55.23, 2349355
55.24, 2349355
55.25, 2349355
55.26, 2349355
55.27, 2349355
55.28, 2349355
55.29, 2349355
55.3, 2349355
55.31, 2349355
55.32, 2349355
55.33, 2349355
55.34, 2349355
55.35, 2349355
55.36, 2349355
55.37, 2349355
55.38, 2349355
55.39, 2349355
55.4, 2349355
55.41, 2349355
55.42, 2349355
55.43, 2349355
55.44, 2349355
55.45, 2349355
55.46, 2349355
55.47, 2349355
55.48, 2349355
55.49, 2349355
55.5, 2349355
55.51, 2349355
55.52, 2349355
55.53, 2349355
55.54, 2349355
55.55, 2349355
55.56, 2349355
55.57, 2349355
55.58, 2349355
55.59, 2349355
55.6, 2349355
55.61, 2349355
55.62, 2349355
55.63, 2349355
55.64, 2349355
55.65, 2349355
55.66, 2349355
55.67, 2349355
55.68, 2349355
55.69, 2349355
55.7, 2349355
55.71, 2349355
55.72, 2349355
55.73, 2349355
55.74, 2349355
55.75, 2349355
55.76, 2349355
55.77, 2349355
55.78, 2349355
55.79, 2349355
55.8, 2349355
55.81, 2349355
55.82, 2349355
55.83, 2349355
55.84, 2349355
55.85, 2349355
55.86, 2349355
55.87, 2349355
55.88, 2349355
55.89, 2349355
55.9, 2349355
55.91, 2349355
55.92, 2349355
55.93, 2349355
55.94, 2349355
55.95, 2349355
55.96, 2349355
55.97, 2349355
55.98, 2349355
55.99, 2349355
56.0, 2349355
56.01, 2349355
56.02, 2349355
56.03, 2349355
56.04, 2349355
56.05, 2349355
56.06, 2349355
56.07, 2349355
56.08, 2349355
56.09, 2349355
56.1, 2349355
56.11, 2349355
56.12, 2349355
56.13, 2349355
56.14, 2349355
56.15, 2349355
56.16, 2349355
56.17, 2349355
56.18, 2349355
56.19, 2349355
56.2, 2349355
56.21, 2349355
56.22, 2349355
56.23, 2349355
56.24, 2349355
56.25, 2349355
56.26, 2349355
56.27, 2349355
56.28, 2349355
56.29, 2349355
56.3, 2349355
56.31, 2349355
56.32, 2349355
56.33, 2349355
56.34, 2349355
56.35, 2349355
56.36, 2349355
56.37, 2349355
56.38, 2349355
56.39, 2349355
56.4, 2349355
56.41, 2349355
56.42, 2349355
56.43, 2349355
56.44, 2349355
56.45, 2349355
56.46, 2349355
56.47, 2349355
56.48, 2349355
56.49, 2349355
56.5, 2349355
56.51, 2349355
56.52, 2349355
56.53, 2349355
56.54, 2349355
56.55, 2349355
56.56, 2349355
56.57, 2349355
56.58, 2349355
56.59, 2349355
56.6, 2349355
56.61, 2349355
56.62, 2349355
56.63, 2349355
56.64, 2349355
56.65, 2349355
56.66, 2349355
56.67, 2349355
56.68, 2349355
56.69, 2349355
56.7, 2349355
56.71, 2349355
56.72, 2349355
56.73, 2349355
56.74, 2349355
56.75, 2349355
56.76, 2349355
56.77, 2349355
56.78, 2349355
56.79, 2349355
56.8, 2349355
56.81, 2349355
56.82, 2349355
56.83, 2349355
56.84, 2349355
56.85, 2349355
56.86, 2349355
56.87, 2349355
56.88, 2349355
56.89, 2349355
56.9, 2349355
56.91, 2349355
56.92, 2349355
56.93, 2349355
56.94, 2349355
56.95, 2349355
56.96, 2349355
56.97, 2349355
56.98, 2349355
56.99, 2349355
57.0, 2349355
57.01, 2349355
57.02, 2349355
57.03, 2349355
57.04, 2349355
57.05, 2349355
57.06, 2349355
57.07, 2349355
57.08, 2349355
57.09, 2349355
57.1, 2349355
57.11, 2349355
57.12, 2349355
57.13, 2349355
57.14, 2349355
57.15, 2349355
57.16, 2349355
57.17, 2349355
57.18, 2349355
57.19, 2349355
57.2, 2349355
57.21, 2349355
57.22, 2349355
57.23, 2349355
57.24, 2349355
57.25, 2349355
57.26, 2349355
57.27, 2349355
57.28, 2349355
57.29, 2349355
57.3, 2349355
57.31, 2349355
57.32, 2349355
57.33, 2349355
57.34, 2349355
57.35, 2349355
57.36, 2349355
57.37, 2349355
57.38, 2349355
57.39, 2349355
57.4, 2349355
57.41, 2349355
57.42, 2349355
57.43, 2349355
57.44, 2349355
57.45, 2349355
57.46, 2349355
57.47, 2349355
57.48, 2349355
57.49, 2349355
57.5, 2349355
57.51, 2349355
57.52, 2349355
57.53, 2349355
57.54, 2349355
57.55, 2349355
57.56, 2349355
57.57, 2349355
57.58, 2349355
57.59, 2349355
57.6, 2349355
57.61, 2349355
57.62, 2349355
57.63, 2349355
57.64, 2349355
57.65, 2349355
57.66, 2349355
57.67, 2349355
57.68, 2349355
57.69, 2349355
57.7, 2349355
57.71, 2349355
57.72, 2349355
57.73, 2349355
57.74, 2349355
57.75, 2349355
57.76, 2349355
57.77, 2349355
57.78, 2349355
57.79, 2349355
57.8, 2349355
57.81, 2349355
57.82, 2349355
57.83, 2349355
57.84, 2349355
57.85, 2349355
57.86, 2349355
57.87, 2349355
57.88, 2349355
57.89, 2349355
57.9, 2349355
57.91, 2349355
57.92, 2349355
57.93, 2349355
57.94, 2349355
57.95, 2349355
57.96, 2349355
57.97, 2349355
57.98, 2349355
57.99, 2349355
58.0, 2349355
58.01, 2349355
58.02, 2349355
58.03, 2349355
58.04, 2349355
58.05, 2349355
58.06, 2349355
58.07, 2349355
58.08, 2349355
58.09, 2349355
58.1, 2349355
58.11, 2349355
58.12, 2349355
58.13, 2349355
58.14, 2349355
58.15, 2349355
58.16, 2349355
58.17, 2349355
58.18, 2349355
58.19, 2349355
58.2, 2349355
58.21, 2349355
58.22, 2349355
58.23, 2349355
58.24, 2349355
58.25, 2349355
58.26, 2349355
58.27, 2349355
58.28, 2349355
58.29, 2349355
58.3, 2349355
58.31, 2349355
58.32, 2349355
58.33, 2349355
58.34, 2349355
58.35, 2349355
58.36, 2349355
58.37, 2349355
58.38, 2349355
58.39, 2349355
58.4, 2349355
58.41, 2349355
58.42, 2349355
58.43, 2349355
58.44, 2349355
58.45, 2349355
58.46, 2349355
58.47, 2349355
58.48, 2349355
58.49, 2349355
58.5, 2349355
58.51, 2349355
58.52, 2349355
58.53, 2349355
58.54, 2349355
58.55, 2349355
58.56, 2349355
58.57, 2349355
58.58, 2349355
58.59, 2349355
58.6, 2349355
58.61, 2349355
58.62, 2349355
58.63, 2349355
58.64, 2349355
58.65, 2349355
58.66, 2349355
58.67, 2349355
58.68, 2349355
58.69, 2349355
58.7, 2349355
58.71, 2349355
58.72, 2349355
58.73, 2349355
58.74, 2349355
58.75, 2349355
58.76, 2349355
58.77, 2349355
58.78, 2349355
58.79, 2349355
58.8, 2349355
58.81, 2349355
58.82, 2349355
58.83, 2349355
58.84, 2349355
58.85, 2349355
58.86, 2349355
58.87, 2349355
58.88, 2349355
58.89, 2349355
58.9, 2349355
58.91, 2349355
58.92, 2349355
58.93, 2349355
58.94, 2349355
58.95, 2349355
58.96, 2349355
58.97, 2349355
58.98, 2349355
58.99, 2349355
59.0, 2349355
59.01, 2349355
59.02, 2349355
59.03, 2349355
59.04, 2349355
59.05, 2349355
59.06, 2349355
59.07, 2349355
59.08, 2349355
59.09, 2349355
59.1, 2349355
59.11, 2349355
59.12, 2349355
59.13, 2349355
59.14, 2349355
59.15, 2349355
59.16, 2349355
59.17, 2349355
59.18, 2349355
59.19, 2349355
59.2, 2349355
59.21, 2349355
59.22, 2349355
59.23, 2349355
59.24, 2349355
59.25, 2349355
59.26, 2349355
59.27, 2349355
59.28, 2349355
59.29, 2349355
59.3, 2349355
59.31, 2349355
59.32, 2349355
59.33, 2349355
59.34, 2349355
59.35, 2349355
59.36, 2349355
59.37, 2349355
59.38, 2349355
59.39, 2349355
59.4, 2349355
59.41, 2349355
59.42, 2349355
59.43, 2349355
59.44, 2349355
59.45, 2349355
59.46, 2349355
59.47, 2349355
59.48, 2349355
59.49, 2349355
59.5, 2349355
59.51, 2349355
59.52, 2349355
59.53, 2349355
59.54, 2349355
59.55, 2349355
59.56, 2349355
59.57, 2349355
59.58, 2349355
59.59, 2349355
59.6, 2349355
59.61, 2349355
59.62, 2349355
59.63, 2349355
59.64, 2349355
59.65, 2349355
59.66, 2349355
59.67, 2349355
59.68, 2349355
59.69, 2349355
59.7, 2349355
59.71, 2349355
59.72, 2349355
59.73, 2349355
59.74, 2349355
59.75, 2349355
59.76, 2349355
59.77, 2349355
59.78, 2349355
59.79, 2349355
59.8, 2349355
59.81, 2349355
59.82, 2349355
59.83, 2349355
59.84, 2349355
59.85, 2349355
59.86, 2349355
59.87, 2349355
59.88, 2349355
59.89, 2349355
59.9, 2349355
59.91, 2349355
59.92, 2349355
59.93, 2349355
59.94, 2349355
59.95, 2349355
59.96, 2349355
59.97, 2349355
59.98, 2349355
59.99, 2349355
