0.0, 3591884
0.01, 3159069
0.02, 3022115
0.03, 3022115
0.04, 3022115
0.05, 3022115
0.06, 3022115
0.07, 3022115
0.08, 3022115
0.09, 3022115
0.1, 3022115
0.11, 2942358
0.12, 2942358
0.13, 2942358
0.14, 2631683
0.15, 2631683
0.16, 2631683
0.17, 2631683
0.18, 2631683
0.19, 2631683
0.2, 2631683
0.21, 2631683
0.22, 2631683
0.23, 2631683
0.24, 2631683
0.25, 2631683
0.26, 2631683
0.27, 2631683
0.28, 2631683
0.29, 2631683
0.3, 2631683
0.31, 2631683
0.32, 2631683
0.33, 2631683
0.34, 2631683
0.35, 2631683
0.36, 2631683
0.37, 2631683
0.38, 2631683
0.39, 2631683
0.4, 2631683
0.41, 2631683
0.42, 2631683
0.43, 2631683
0.44, 2631683
0.45, 2631683
0.46, 2631683
0.47, 2631683
0.48, 2631683
0.49, 2631683
0.5, 2631683
0.51, 2631683
0.52, 2631683
0.53, 2631683
0.54, 2631683
0.55, 2631683
0.56, 2631683
0.57, 2631683
0.58, 2631683
0.59, 2631683
0.6, 2631683
0.61, 2631683
0.62, 2631683
0.63, 2631683
0.64, 2631683
0.65, 2631683
0.66, 2631683
0.67, 2631683
0.68, 2631683
0.69, 2631683
0.7, 2631683
0.71, 2631683
0.72, 2631683
0.73, 2631683
0.74, 2631683
0.75, 2631683
0.76, 2631683
0.77, 2631683
0.78, 2631683
0.79, 2631683
0.8, 2631683
0.81, 2631683
0.82, 2631683
0.83, 2631683
0.84, 2631683
0.85, 2631683
0.86, 2631683
0.87, 2631683
0.88, 2631683
0.89, 2631683
0.9, 2631683
0.91, 2631683
0.92, 2631683
0.93, 2631683
0.94, 2631683
0.95, 2631683
0.96, 2631683
0.97, 2631683
0.98, 2631683
0.99, 2631683
1.0, 2631683
1.01, 2631683
1.02, 2631683
1.03, 2631683
1.04, 2631683
1.05, 2631683
1.06, 2631683
1.07, 2631683
1.08, 2631683
1.09, 2631683
1.1, 2631683
1.11, 2631683
1.12, 2631683
1.13, 2631683
1.14, 2631683
1.15, 2631683
1.16, 2631683
1.17, 2631683
1.18, 2631683
1.19, 2631683
1.2, 2631683
1.21, 2631683
1.22, 2631683
1.23, 2631683
1.24, 2631683
1.25, 2631683
1.26, 2631683
1.27, 2631683
1.28, 2631683
1.29, 2631683
1.3, 2631683
1.31, 2631683
1.32, 2631683
1.33, 2631683
1.34, 2631683
1.35, 2631683
1.36, 2631683
1.37, 2631683
1.38, 2631683
1.39, 2631683
1.4, 2631683
1.41, 2631683
1.42, 2631683
1.43, 2631683
1.44, 2631683
1.45, 2631683
1.46, 2631683
1.47, 2631683
1.48, 2631683
1.49, 2631683
1.5, 2631683
1.51, 2631683
1.52, 2631683
1.53, 2631683
1.54, 2631683
1.55, 2631683
1.56, 2631683
1.57, 2631683
1.58, 2631683
1.59, 2631683
1.6, 2631683
1.61, 2631683
1.62, 2631683
1.63, 2631683
1.64, 2631683
1.65, 2631683
1.66, 2631683
1.67, 2631683
1.68, 2631683
1.69, 2631683
1.7, 2631683
1.71, 2631683
1.72, 2631683
1.73, 2631683
1.74, 2631683
1.75, 2631683
1.76, 2631683
1.77, 2631683
1.78, 2631683
1.79, 2631683
1.8, 2631683
1.81, 2631683
1.82, 2631683
1.83, 2631683
1.84, 2631683
1.85, 2631683
1.86, 2631683
1.87, 2631683
1.88, 2631683
1.89, 2631683
1.9, 2631683
1.91, 2631683
1.92, 2631683
1.93, 2631683
1.94, 2631683
1.95, 2631683
1.96, 2631683
1.97, 2631683
1.98, 2631683
1.99, 2631683
2.0, 2631683
2.01, 2631683
2.02, 2631683
2.03, 2631683
2.04, 2631683
2.05, 2631683
2.06, 2631683
2.07, 2631683
2.08, 2631683
2.09, 2631683
2.1, 2631683
2.11, 2631683
2.12, 2631683
2.13, 2631683
2.14, 2631683
2.15, 2631683
2.16, 2631683
2.17, 2631683
2.18, 2631683
2.19, 2631683
2.2, 2631683
2.21, 2631683
2.22, 2631683
2.23, 2631683
2.24, 2631683
2.25, 2631683
2.26, 2631683
2.27, 2631683
2.28, 2631683
2.29, 2631683
2.3, 2631683
2.31, 2631683
2.32, 2631683
2.33, 2631683
2.34, 2631683
2.35, 2631683
2.36, 2631683
2.37, 2631683
2.38, 2631683
2.39, 2631683
2.4, 2631683
2.41, 2631683
2.42, 2631683
2.43, 2631683
2.44, 2631683
2.45, 2631683
2.46, 2631683
2.47, 2631683
2.48, 2631683
2.49, 2631683
2.5, 2631683
2.51, 2631683
2.52, 2631683
2.53, 2631683
2.54, 2631683
2.55, 2631683
2.56, 2631683
2.57, 2631683
2.58, 2631683
2.59, 2631683
2.6, 2631683
2.61, 2631683
2.62, 2631683
2.63, 2631683
2.64, 2631683
2.65, 2631683
2.66, 2631683
2.67, 2631683
2.68, 2631683
2.69, 2631683
2.7, 2631683
2.71, 2631683
2.72, 2631683
2.73, 2631683
2.74, 2631683
2.75, 2631683
2.76, 2631683
2.77, 2631683
2.78, 2631683
2.79, 2631683
2.8, 2631683
2.81, 2631683
2.82, 2631683
2.83, 2631683
2.84, 2631683
2.85, 2631683
2.86, 2631683
2.87, 2631683
2.88, 2631683
2.89, 2631683
2.9, 2631683
2.91, 2631683
2.92, 2631683
2.93, 2631683
2.94, 2631683
2.95, 2631683
2.96, 2621394
2.97, 2621394
2.98, 2621394
2.99, 2621394
3.0, 2621394
3.01, 2621394
3.02, 2621394
3.03, 2621394
3.04, 2621394
3.05, 2621394
3.06, 2621394
3.07, 2621394
3.08, 2621394
3.09, 2621394
3.1, 2621394
3.11, 2621394
3.12, 2621394
3.13, 2621394
3.14, 2621394
3.15, 2621394
3.16, 2621394
3.17, 2621394
3.18, 2621394
3.19, 2621394
3.2, 2621394
3.21, 2621394
3.22, 2621394
3.23, 2621394
3.24, 2621394
3.25, 2621394
3.26, 2621394
3.27, 2621394
3.28, 2621394
3.29, 2621394
3.3, 2621394
3.31, 2621394
3.32, 2621394
3.33, 2621394
3.34, 2621394
3.35, 2621394
3.36, 2621394
3.37, 2621394
3.38, 2621394
3.39, 2621394
3.4, 2621394
3.41, 2621394
3.42, 2621394
3.43, 2621394
3.44, 2621394
3.45, 2621394
3.46, 2621394
3.47, 2621394
3.48, 2621394
3.49, 2621394
3.5, 2621394
3.51, 2621394
3.52, 2621394
3.53, 2621394
3.54, 2621394
3.55, 2621394
3.56, 2621394
3.57, 2621394
3.58, 2621394
3.59, 2621394
3.6, 2621394
3.61, 2621394
3.62, 2621394
3.63, 2621394
3.64, 2621394
3.65, 2621394
3.66, 2621394
3.67, 2621394
3.68, 2621394
3.69, 2621394
3.7, 2621394
3.71, 2621394
3.72, 2621394
3.73, 2621394
3.74, 2621394
3.75, 2621394
3.76, 2621394
3.77, 2621394
3.78, 2621394
3.79, 2621394
3.8, 2621394
3.81, 2621394
3.82, 2621394
3.83, 2621394
3.84, 2621394
3.85, 2621394
3.86, 2621394
3.87, 2621394
3.88, 2621394
3.89, 2621394
3.9, 2621394
3.91, 2621394
3.92, 2621394
3.93, 2621394
3.94, 2621394
3.95, 2621394
3.96, 2621394
3.97, 2621394
3.98, 2621394
3.99, 2621394
4.0, 2621394
4.01, 2621394
4.02, 2621394
4.03, 2621394
4.04, 2621394
4.05, 2621394
4.06, 2621394
4.07, 2621394
4.08, 2621394
4.09, 2621394
4.1, 2621394
4.11, 2621394
4.12, 2621394
4.13, 2621394
4.14, 2621394
4.15, 2621394
4.16, 2621394
4.17, 2621394
4.18, 2621394
4.19, 2621394
4.2, 2621394
4.21, 2621394
4.22, 2621394
4.23, 2621394
4.24, 2621394
4.25, 2621394
4.26, 2621394
4.27, 2599528
4.28, 2599528
4.29, 2599528
4.3, 2599528
4.31, 2599528
4.32, 2599528
4.33, 2575279
4.34, 2575279
4.35, 2575279
4.36, 2575279
4.37, 2575279
4.38, 2575279
4.39, 2575279
4.4, 2575279
4.41, 2575279
4.42, 2575279
4.43, 2575279
4.44, 2575279
4.45, 2575279
4.46, 2575279
4.47, 2575279
4.48, 2575279
4.49, 2575279
4.5, 2575279
4.51, 2575279
4.52, 2575279
4.53, 2575279
4.54, 2575279
4.55, 2575279
4.56, 2575279
4.57, 2575279
4.58, 2575279
4.59, 2575279
4.6, 2575279
4.61, 2575279
4.62, 2575279
4.63, 2575279
4.64, 2575279
4.65, 2575279
4.66, 2575279
4.67, 2575279
4.68, 2575279
4.69, 2575279
4.7, 2575279
4.71, 2575279
4.72, 2575279
4.73, 2575279
4.74, 2575279
4.75, 2575279
4.76, 2575279
4.77, 2575279
4.78, 2575279
4.79, 2575279
4.8, 2575279
4.81, 2575279
4.82, 2575279
4.83, 2575279
4.84, 2575279
4.85, 2575279
4.86, 2575279
4.87, 2575279
4.88, 2575279
4.89, 2575279
4.9, 2575279
4.91, 2575279
4.92, 2575279
4.93, 2575279
4.94, 2575279
4.95, 2575279
4.96, 2575279
4.97, 2575279
4.98, 2575279
4.99, 2575279
5.0, 2575279
5.01, 2575279
5.02, 2575279
5.03, 2575279
5.04, 2575279
5.05, 2575279
5.06, 2575279
5.07, 2575279
5.08, 2575279
5.09, 2575279
5.1, 2575279
5.11, 2575279
5.12, 2575279
5.13, 2575279
5.14, 2575279
5.15, 2575279
5.16, 2575279
5.17, 2575279
5.18, 2575279
5.19, 2575279
5.2, 2575279
5.21, 2575279
5.22, 2575279
5.23, 2575279
5.24, 2575279
5.25, 2575279
5.26, 2575279
5.27, 2575279
5.28, 2575279
5.29, 2575279
5.3, 2575279
5.31, 2575279
5.32, 2575279
5.33, 2575279
5.34, 2575279
5.35, 2575279
5.36, 2575279
5.37, 2575279
5.38, 2575279
5.39, 2575279
5.4, 2575279
5.41, 2575279
5.42, 2575279
5.43, 2575279
5.44, 2575279
5.45, 2575279
5.46, 2575279
5.47, 2575279
5.48, 2575279
5.49, 2575279
5.5, 2575279
5.51, 2575279
5.52, 2575279
5.53, 2575279
5.54, 2575279
5.55, 2575279
5.56, 2575279
5.57, 2575279
5.58, 2575279
5.59, 2575279
5.6, 2575279
5.61, 2575279
5.62, 2575279
5.63, 2575279
5.64, 2575279
5.65, 2575279
5.66, 2575279
5.67, 2575279
5.68, 2575279
5.69, 2575279
5.7, 2575279
5.71, 2575279
5.72, 2575279
5.73, 2575279
5.74, 2575279
5.75, 2575279
5.76, 2575279
5.77, 2575279
5.78, 2575279
5.79, 2575279
5.8, 2575279
5.81, 2575279
5.82, 2575279
5.83, 2575279
5.84, 2575279
5.85, 2575279
5.86, 2575279
5.87, 2575279
5.88, 2575279
5.89, 2575279
5.9, 2575279
5.91, 2575279
5.92, 2575279
5.93, 2575279
5.94, 2575279
5.95, 2575279
5.96, 2575279
5.97, 2575279
5.98, 2575279
5.99, 2575279
6.0, 2575279
6.01, 2575279
6.02, 2575279
6.03, 2575279
6.04, 2575279
6.05, 2575279
6.06, 2575279
6.07, 2575279
6.08, 2575279
6.09, 2575279
6.1, 2575279
6.11, 2575279
6.12, 2575279
6.13, 2575279
6.14, 2575279
6.15, 2575279
6.16, 2575279
6.17, 2575279
6.18, 2575279
6.19, 2575279
6.2, 2575279
6.21, 2575279
6.22, 2575279
6.23, 2575279
6.24, 2575279
6.25, 2575279
6.26, 2575279
6.27, 2575279
6.28, 2575279
6.29, 2575279
6.3, 2575279
6.31, 2575279
6.32, 2575279
6.33, 2575279
6.34, 2575279
6.35, 2575279
6.36, 2575279
6.37, 2575279
6.38, 2575279
6.39, 2575279
6.4, 2575279
6.41, 2575279
6.42, 2575279
6.43, 2575279
6.44, 2575279
6.45, 2575279
6.46, 2575279
6.47, 2575279
6.48, 2575279
6.49, 2575279
6.5, 2575279
6.51, 2575279
6.52, 2575279
6.53, 2575279
6.54, 2575279
6.55, 2575279
6.56, 2575279
6.57, 2575279
6.58, 2575279
6.59, 2575279
6.6, 2575279
6.61, 2575279
6.62, 2575279
6.63, 2575279
6.64, 2575279
6.65, 2575279
6.66, 2575279
6.67, 2575279
6.68, 2575279
6.69, 2575279
6.7, 2575279
6.71, 2575279
6.72, 2575279
6.73, 2575279
6.74, 2575279
6.75, 2575279
6.76, 2575279
6.77, 2575279
6.78, 2575279
6.81, 2575279
6.82, 2575279
6.83, 2575279
6.84, 2575279
6.85, 2575279
6.86, 2575279
6.87, 2575279
6.88, 2575279
6.89, 2575279
6.9, 2575279
6.91, 2575279
6.92, 2575279
6.93, 2575279
6.94, 2575279
6.95, 2575279
6.96, 2575279
6.97, 2575279
6.98, 2575279
6.99, 2575279
7.0, 2575279
7.01, 2575279
7.02, 2575279
7.03, 2575279
7.04, 2575279
7.05, 2575279
7.06, 2575279
7.07, 2575279
7.08, 2575279
7.09, 2575279
7.1, 2575279
7.11, 2575279
7.12, 2575279
7.13, 2575279
7.14, 2575279
7.15, 2575279
7.16, 2575279
7.17, 2575279
7.18, 2575279
7.19, 2575279
7.2, 2575279
7.21, 2575279
7.22, 2575279
7.23, 2575279
7.24, 2575279
7.25, 2575279
7.26, 2575279
7.27, 2575279
7.28, 2575279
7.29, 2575279
7.3, 2575279
7.31, 2575279
7.32, 2575279
7.33, 2575279
7.34, 2575279
7.35, 2575279
7.36, 2575279
7.37, 2575279
7.38, 2575279
7.39, 2575279
7.4, 2575279
7.41, 2575279
7.42, 2575279
7.43, 2575279
7.44, 2575279
7.45, 2575279
7.46, 2575279
7.47, 2575279
7.48, 2575279
7.49, 2575279
7.5, 2575279
7.51, 2575279
7.52, 2575279
7.53, 2575279
7.54, 2575279
7.55, 2575279
7.56, 2575279
7.57, 2575279
7.58, 2575279
7.59, 2575279
7.6, 2575279
7.61, 2575279
7.62, 2575279
7.63, 2575279
7.64, 2575279
7.65, 2575279
7.66, 2575279
7.67, 2575279
7.68, 2575279
7.69, 2575279
7.7, 2575279
7.71, 2575279
7.72, 2575279
7.73, 2575279
7.74, 2575279
7.75, 2575279
7.76, 2575279
7.77, 2575279
7.78, 2575279
7.79, 2575279
7.8, 2575279
7.81, 2575279
7.82, 2575279
7.83, 2575279
7.84, 2575279
7.85, 2575279
7.86, 2575279
7.87, 2575279
7.88, 2575279
7.89, 2575279
7.9, 2575279
7.91, 2575279
7.92, 2575279
7.93, 2575279
7.94, 2575279
7.95, 2575279
7.96, 2575279
7.97, 2575279
7.98, 2575279
7.99, 2575279
8.0, 2575279
8.01, 2575279
8.02, 2575279
8.03, 2575279
8.04, 2575279
8.05, 2575279
8.06, 2575279
8.07, 2575279
8.08, 2575279
8.09, 2575279
8.1, 2575279
8.11, 2575279
8.12, 2575279
8.13, 2575279
8.14, 2575279
8.15, 2575279
8.16, 2575279
8.17, 2575279
8.18, 2575279
8.19, 2575279
8.2, 2575279
8.21, 2575279
8.22, 2575279
8.23, 2575279
8.24, 2575279
8.25, 2575279
8.26, 2575279
8.27, 2575279
8.28, 2575279
8.29, 2575279
8.3, 2575279
8.31, 2575279
8.32, 2575279
8.33, 2575279
8.34, 2575279
8.35, 2575279
8.36, 2575279
8.37, 2575279
8.38, 2575279
8.39, 2575279
8.4, 2575279
8.41, 2575279
8.42, 2575279
8.43, 2575279
8.44, 2575279
8.45, 2575279
8.46, 2575279
8.47, 2575279
8.48, 2575279
8.49, 2575279
8.5, 2575279
8.51, 2575279
8.52, 2575279
8.53, 2575279
8.54, 2575279
8.55, 2575279
8.56, 2575279
8.57, 2575279
8.58, 2575279
8.59, 2575279
8.6, 2575279
8.61, 2575279
8.62, 2575279
8.63, 2575279
8.64, 2575279
8.65, 2575279
8.66, 2575279
8.67, 2575279
8.68, 2575279
8.69, 2575279
8.7, 2575279
8.71, 2575279
8.72, 2575279
8.73, 2575279
8.74, 2575279
8.75, 2575279
8.76, 2575279
8.77, 2575279
8.78, 2575279
8.79, 2575279
8.8, 2575279
8.81, 2575279
8.82, 2575279
8.83, 2575279
8.84, 2575279
8.85, 2575279
8.86, 2575279
8.87, 2575279
8.88, 2575279
8.89, 2575279
8.9, 2575279
8.91, 2575279
8.92, 2516220
8.93, 2516220
8.94, 2516220
8.95, 2516220
8.96, 2516220
8.97, 2516220
8.98, 2516220
8.99, 2516220
9.0, 2516220
9.01, 2516220
9.02, 2516220
9.03, 2516220
9.04, 2516220
9.05, 2516220
9.06, 2516220
9.07, 2516220
9.08, 2516220
9.09, 2516220
9.1, 2516220
9.11, 2516220
9.12, 2516220
9.13, 2516220
9.14, 2516220
9.15, 2516220
9.16, 2516220
9.17, 2516220
9.18, 2516220
9.19, 2516220
9.2, 2516220
9.21, 2516220
9.22, 2516220
9.23, 2516220
9.24, 2516220
9.25, 2516220
9.26, 2516220
9.27, 2516220
9.28, 2516220
9.29, 2516220
9.3, 2516220
9.31, 2516220
9.32, 2516220
9.33, 2516220
9.34, 2516220
9.35, 2516220
9.36, 2516220
9.37, 2516220
9.38, 2516220
9.39, 2516220
9.4, 2516220
9.41, 2516220
9.42, 2516220
9.43, 2516220
9.44, 2516220
9.45, 2516220
9.46, 2516220
9.47, 2516220
9.48, 2516220
9.49, 2516220
9.5, 2516220
9.51, 2516220
9.52, 2516220
9.53, 2516220
9.54, 2516220
9.55, 2516220
9.56, 2516220
9.57, 2516220
9.58, 2516220
9.59, 2516220
9.6, 2516220
9.61, 2516220
9.62, 2516220
9.63, 2516220
9.64, 2516220
9.65, 2516220
9.66, 2516220
9.67, 2516220
9.68, 2516220
9.69, 2516220
9.7, 2516220
9.71, 2516220
9.72, 2516220
9.73, 2516220
9.74, 2516220
9.75, 2516220
9.76, 2516220
9.77, 2516220
9.78, 2516220
9.79, 2516220
9.8, 2516220
9.81, 2516220
9.82, 2516220
9.83, 2516220
9.84, 2516220
9.85, 2516220
9.86, 2516220
9.87, 2516220
9.88, 2516220
9.89, 2516220
9.9, 2516220
9.91, 2516220
9.92, 2516220
9.93, 2516220
9.94, 2516220
9.95, 2516220
9.96, 2516220
9.97, 2516220
9.98, 2516220
9.99, 2516220
10.0, 2516220
10.01, 2516220
10.02, 2516220
10.03, 2516220
10.04, 2516220
10.05, 2516220
10.06, 2516220
10.07, 2516220
10.08, 2516220
10.09, 2516220
10.1, 2516220
10.11, 2516220
10.12, 2516220
10.13, 2516220
10.14, 2516220
10.15, 2516220
10.16, 2516220
10.17, 2516220
10.18, 2516220
10.19, 2516220
10.2, 2516220
10.21, 2516220
10.22, 2516220
10.23, 2516220
10.24, 2516220
10.25, 2516220
10.26, 2516220
10.27, 2516220
10.28, 2516220
10.29, 2516220
10.3, 2516220
10.31, 2516220
10.32, 2516220
10.33, 2516220
10.34, 2516220
10.35, 2516220
10.36, 2516220
10.37, 2516220
10.38, 2516220
10.39, 2516220
10.4, 2516220
10.41, 2516220
10.42, 2516220
10.43, 2516220
10.44, 2516220
10.45, 2516220
10.46, 2516220
10.47, 2516220
10.48, 2516220
10.49, 2516220
10.5, 2516220
10.51, 2516220
10.52, 2516220
10.53, 2516220
10.54, 2516220
10.55, 2516220
10.56, 2516220
10.57, 2516220
10.58, 2516220
10.59, 2516220
10.6, 2516220
10.61, 2516220
10.62, 2516220
10.63, 2516220
10.64, 2516220
10.65, 2516220
10.66, 2516220
10.67, 2516220
10.68, 2516220
10.69, 2516220
10.7, 2516220
10.71, 2516220
10.72, 2516220
10.73, 2516220
10.74, 2516220
10.75, 2516220
10.76, 2516220
10.77, 2516220
10.78, 2516220
10.79, 2516220
10.8, 2516220
10.81, 2516220
10.82, 2516220
10.83, 2516220
10.84, 2516220
10.85, 2516220
10.86, 2516220
10.87, 2516220
10.88, 2516220
10.89, 2516220
10.9, 2516220
10.91, 2516220
10.92, 2516220
10.93, 2516220
10.94, 2516220
10.95, 2516220
10.96, 2516220
10.97, 2516220
10.98, 2516220
10.99, 2516220
11.0, 2516220
11.01, 2516220
11.02, 2516220
11.03, 2516220
11.04, 2516220
11.05, 2516220
11.06, 2516220
11.07, 2516220
11.08, 2516220
11.09, 2516220
11.1, 2516220
11.11, 2516220
11.12, 2516220
11.13, 2516220
11.14, 2516220
11.15, 2516220
11.16, 2516220
11.17, 2516220
11.18, 2516220
11.19, 2516220
11.2, 2516220
11.21, 2516220
11.22, 2516220
11.23, 2516220
11.24, 2516220
11.25, 2516220
11.26, 2516220
11.27, 2516220
11.28, 2516220
11.29, 2516220
11.3, 2516220
11.31, 2516220
11.32, 2516220
11.33, 2516220
11.34, 2516220
11.35, 2516220
11.36, 2516220
11.37, 2516220
11.38, 2516220
11.39, 2516220
11.4, 2516220
11.41, 2516220
11.42, 2516220
11.43, 2516220
11.44, 2516220
11.45, 2516220
11.46, 2516220
11.47, 2516220
11.48, 2516220
11.49, 2516220
11.5, 2516220
11.51, 2516220
11.52, 2516220
11.53, 2516220
11.54, 2516220
11.55, 2516220
11.56, 2516220
11.57, 2516220
11.58, 2516220
11.59, 2516220
11.6, 2516220
11.61, 2516220
11.62, 2516220
11.63, 2516220
11.64, 2516220
11.65, 2516220
11.66, 2516220
11.67, 2516220
11.68, 2516220
11.69, 2516220
11.7, 2516220
11.71, 2516220
11.72, 2516220
11.73, 2516220
11.74, 2516220
11.75, 2516220
11.76, 2516220
11.77, 2516220
11.78, 2516220
11.79, 2516220
11.8, 2516220
11.81, 2516220
11.82, 2516220
11.83, 2516220
11.84, 2516220
11.85, 2516220
11.86, 2516220
11.87, 2516220
11.88, 2516220
11.89, 2516220
11.9, 2516220
11.91, 2516220
11.92, 2516220
11.93, 2516220
11.94, 2516220
11.95, 2516220
11.96, 2516220
11.97, 2516220
11.98, 2516220
11.99, 2516220
12.0, 2516220
12.01, 2516220
12.02, 2516220
12.03, 2516220
12.04, 2516220
12.05, 2516220
12.06, 2516220
12.07, 2516220
12.08, 2516220
12.09, 2516220
12.1, 2516220
12.11, 2516220
12.12, 2516220
12.13, 2516220
12.14, 2516220
12.15, 2516220
12.16, 2516220
12.17, 2516220
12.18, 2516220
12.19, 2516220
12.2, 2516220
12.21, 2516220
12.22, 2516220
12.23, 2516220
12.24, 2516220
12.25, 2516220
12.26, 2516220
12.27, 2516220
12.28, 2516220
12.29, 2516220
12.3, 2516220
12.31, 2516220
12.32, 2516220
12.33, 2516220
12.34, 2516220
12.35, 2516220
12.36, 2516220
12.37, 2516220
12.38, 2516220
12.39, 2516220
12.4, 2516220
12.41, 2516220
12.42, 2516220
12.43, 2516220
12.44, 2516220
12.45, 2516220
12.46, 2516220
12.47, 2516220
12.48, 2516220
12.49, 2516220
12.5, 2516220
12.51, 2516220
12.52, 2516220
12.53, 2516220
12.54, 2516220
12.55, 2516220
12.56, 2516220
12.57, 2516220
12.58, 2516220
12.59, 2516220
12.6, 2516220
12.61, 2516220
12.62, 2516220
12.63, 2516220
12.64, 2516220
12.65, 2516220
12.66, 2516220
12.67, 2516220
12.68, 2516220
12.69, 2516220
12.7, 2516220
12.71, 2516220
12.72, 2516220
12.73, 2516220
12.74, 2516220
12.75, 2516220
12.76, 2516220
12.77, 2516220
12.78, 2516220
12.79, 2516220
12.8, 2516220
12.81, 2516220
12.82, 2516220
12.83, 2516220
12.84, 2516220
12.85, 2516220
12.86, 2516220
12.87, 2516220
12.88, 2516220
12.89, 2516220
12.9, 2516220
12.91, 2516220
12.92, 2516220
12.93, 2516220
12.94, 2516220
12.95, 2516220
12.96, 2516220
12.97, 2516220
12.98, 2516220
12.99, 2516220
13.0, 2516220
13.01, 2516220
13.02, 2516220
13.03, 2516220
13.04, 2516220
13.05, 2516220
13.06, 2516220
13.07, 2516220
13.08, 2516220
13.09, 2516220
13.1, 2516220
13.11, 2516220
13.12, 2516220
13.13, 2516220
13.14, 2516220
13.15, 2516220
13.16, 2516220
13.17, 2516220
13.18, 2516220
13.19, 2516220
13.2, 2516220
13.21, 2516220
13.22, 2516220
13.23, 2516220
13.24, 2516220
13.25, 2516220
13.26, 2516220
13.27, 2516220
13.28, 2516220
13.29, 2516220
13.3, 2516220
13.31, 2516220
13.32, 2516220
13.33, 2516220
13.34, 2516220
13.35, 2516220
13.36, 2516220
13.37, 2516220
13.38, 2516220
13.39, 2516220
13.4, 2516220
13.41, 2516220
13.42, 2516220
13.43, 2516220
13.44, 2516220
13.45, 2516220
13.46, 2516220
13.47, 2516220
13.48, 2516220
13.49, 2516220
13.5, 2516220
13.51, 2516220
13.52, 2516220
13.53, 2516220
13.54, 2516220
13.55, 2516220
13.56, 2516220
13.57, 2516220
13.58, 2516220
13.59, 2516220
13.6, 2516220
13.61, 2516220
13.62, 2516220
13.63, 2516220
13.64, 2516220
13.65, 2516220
13.66, 2516220
13.67, 2516220
13.68, 2516220
13.69, 2516220
13.7, 2516220
13.71, 2516220
13.72, 2516220
13.73, 2516220
13.74, 2516220
13.75, 2516220
13.76, 2516220
13.77, 2516220
13.78, 2516220
13.79, 2516220
13.8, 2516220
13.81, 2516220
13.82, 2516220
13.83, 2516220
13.84, 2516220
13.85, 2516220
13.86, 2516220
13.87, 2516220
13.88, 2516220
13.89, 2516220
13.9, 2516220
13.91, 2516220
13.92, 2516220
13.93, 2516220
13.94, 2516220
13.95, 2516220
13.96, 2516220
13.97, 2516220
13.98, 2516220
13.99, 2516220
14.0, 2516220
14.01, 2516220
14.02, 2516220
14.03, 2516220
14.04, 2516220
14.05, 2516220
14.06, 2516220
14.07, 2516220
14.08, 2516220
14.09, 2516220
14.1, 2516220
14.11, 2516220
14.12, 2516220
14.13, 2516220
14.14, 2516220
14.15, 2516220
14.16, 2516220
14.17, 2516220
14.18, 2516220
14.19, 2516220
14.2, 2516220
14.21, 2516220
14.22, 2516220
14.23, 2516220
14.24, 2516220
14.25, 2516220
14.26, 2516220
14.27, 2516220
14.28, 2516220
14.29, 2516220
14.3, 2516220
14.31, 2516220
14.32, 2516220
14.33, 2516220
14.34, 2516220
14.35, 2516220
14.36, 2516220
14.37, 2516220
14.38, 2516220
14.39, 2516220
14.4, 2516220
14.41, 2516220
14.42, 2516220
14.43, 2516220
14.44, 2516220
14.45, 2516220
14.46, 2516220
14.47, 2516220
14.48, 2516220
14.49, 2516220
14.5, 2516220
14.51, 2516220
14.52, 2516220
14.53, 2516220
14.54, 2516220
14.55, 2516220
14.56, 2516220
14.57, 2516220
14.58, 2516220
14.59, 2516220
14.6, 2516220
14.61, 2516220
14.62, 2516220
14.63, 2516220
14.64, 2516220
14.65, 2516220
14.66, 2516220
14.67, 2516220
14.68, 2516220
14.69, 2516220
14.7, 2516220
14.71, 2516220
14.72, 2516220
14.73, 2516220
14.74, 2516220
14.75, 2516220
14.76, 2516220
14.77, 2516220
14.78, 2516220
14.79, 2516220
14.8, 2516220
14.81, 2516220
14.82, 2516220
14.83, 2516220
14.84, 2516220
14.85, 2516220
14.86, 2516220
14.87, 2516220
14.88, 2516220
14.89, 2516220
14.9, 2516220
14.91, 2516220
14.92, 2516220
14.93, 2516220
14.94, 2516220
14.95, 2516220
14.96, 2516220
14.97, 2516220
14.98, 2516220
14.99, 2516220
15.0, 2516220
15.01, 2516220
15.02, 2516220
15.03, 2516220
15.04, 2516220
15.05, 2516220
15.06, 2516220
15.07, 2516220
15.08, 2516220
15.09, 2516220
15.1, 2516220
15.11, 2516220
15.12, 2516220
15.13, 2516220
15.14, 2516220
15.15, 2516220
15.16, 2516220
15.17, 2516220
15.18, 2516220
15.19, 2516220
15.2, 2516220
15.21, 2516220
15.22, 2516220
15.23, 2516220
15.24, 2516220
15.25, 2516220
15.26, 2516220
15.27, 2516220
15.28, 2516220
15.29, 2516220
15.3, 2516220
15.31, 2516220
15.32, 2516220
15.33, 2516220
15.34, 2516220
15.35, 2516220
15.36, 2516220
15.37, 2516220
15.38, 2516220
15.39, 2516220
15.4, 2516220
15.41, 2516220
15.42, 2516220
15.43, 2516220
15.44, 2516220
15.45, 2516220
15.46, 2516220
15.47, 2516220
15.48, 2516220
15.49, 2516220
15.5, 2516220
15.51, 2516220
15.52, 2516220
15.53, 2516220
15.54, 2516220
15.55, 2516220
15.56, 2516220
15.57, 2516220
15.58, 2516220
15.59, 2516220
15.6, 2516220
15.61, 2516220
15.62, 2516220
15.63, 2516220
15.64, 2516220
15.65, 2516220
15.66, 2516220
15.67, 2516220
15.68, 2516220
15.69, 2516220
15.7, 2516220
15.71, 2516220
15.72, 2516220
15.73, 2516220
15.74, 2516220
15.75, 2516220
15.76, 2516220
15.77, 2516220
15.78, 2516220
15.79, 2516220
15.8, 2516220
15.81, 2516220
15.82, 2516220
15.83, 2516220
15.84, 2516220
15.85, 2516220
15.86, 2516220
15.87, 2516220
15.88, 2516220
15.89, 2516220
15.9, 2516220
15.91, 2516220
15.92, 2516220
15.93, 2516220
15.94, 2516220
15.95, 2516220
15.96, 2516220
15.97, 2516220
15.98, 2516220
15.99, 2516220
16.0, 2516220
16.01, 2516220
16.02, 2516220
16.03, 2516220
16.04, 2516220
16.05, 2516220
16.06, 2516220
16.07, 2516220
16.08, 2516220
16.09, 2516220
16.1, 2516220
16.11, 2516220
16.12, 2516220
16.13, 2516220
16.14, 2516220
16.15, 2516220
16.16, 2516220
16.17, 2516220
16.18, 2516220
16.19, 2516220
16.2, 2516220
16.21, 2516220
16.22, 2516220
16.23, 2516220
16.24, 2516220
16.25, 2516220
16.26, 2516220
16.27, 2516220
16.28, 2516220
16.29, 2516220
16.3, 2516220
16.31, 2516220
16.32, 2516220
16.33, 2516220
16.34, 2516220
16.35, 2516220
16.36, 2516220
16.37, 2516220
16.38, 2516220
16.39, 2516220
16.4, 2516220
16.41, 2516220
16.42, 2516220
16.43, 2516220
16.44, 2516220
16.45, 2516220
16.46, 2516220
16.47, 2516220
16.48, 2516220
16.49, 2516220
16.5, 2516220
16.51, 2516220
16.52, 2516220
16.53, 2516220
16.54, 2516220
16.55, 2516220
16.56, 2516220
16.57, 2516220
16.58, 2516220
16.59, 2516220
16.6, 2516220
16.61, 2516220
16.62, 2516220
16.63, 2516220
16.64, 2516220
16.65, 2516220
16.66, 2516220
16.67, 2516220
16.68, 2516220
16.69, 2516220
16.7, 2516220
16.71, 2516220
16.72, 2516220
16.73, 2516220
16.74, 2516220
16.75, 2516220
16.76, 2516220
16.77, 2516220
16.78, 2516220
16.79, 2516220
16.8, 2516220
16.81, 2516220
16.82, 2516220
16.83, 2516220
16.84, 2516220
16.85, 2516220
16.86, 2516220
16.87, 2516220
16.88, 2516220
16.89, 2516220
16.9, 2516220
16.91, 2516220
16.92, 2516220
16.93, 2516220
16.94, 2516220
16.95, 2516220
16.96, 2516220
16.97, 2516220
16.98, 2516220
16.99, 2516220
17.0, 2516220
17.01, 2516220
17.02, 2516220
17.03, 2516220
17.04, 2516220
17.05, 2516220
17.06, 2516220
17.07, 2516220
17.08, 2516220
17.09, 2516220
17.1, 2516220
17.11, 2516220
17.12, 2516220
17.13, 2516220
17.14, 2516220
17.15, 2516220
17.16, 2516220
17.17, 2516220
17.18, 2516220
17.19, 2516220
17.2, 2516220
17.21, 2516220
17.22, 2516220
17.23, 2516220
17.24, 2516220
17.25, 2516220
17.26, 2516220
17.27, 2516220
17.28, 2516220
17.29, 2516220
17.3, 2516220
17.31, 2516220
17.32, 2516220
17.33, 2516220
17.34, 2516220
17.35, 2516220
17.36, 2516220
17.37, 2516220
17.38, 2516220
17.39, 2516220
17.4, 2516220
17.41, 2516220
17.42, 2516220
17.43, 2516220
17.44, 2516220
17.45, 2516220
17.46, 2516220
17.47, 2516220
17.48, 2516220
17.49, 2516220
17.5, 2516220
17.51, 2516220
17.52, 2516220
17.53, 2516220
17.54, 2516220
17.55, 2516220
17.56, 2516220
17.57, 2516220
17.58, 2516220
17.59, 2516220
17.6, 2516220
17.61, 2516220
17.62, 2516220
17.63, 2516220
17.64, 2516220
17.65, 2516220
17.66, 2516220
17.67, 2516220
17.68, 2516220
17.69, 2516220
17.7, 2516220
17.71, 2516220
17.72, 2516220
17.73, 2516220
17.74, 2516220
17.75, 2516220
17.76, 2516220
17.77, 2516220
17.78, 2516220
17.79, 2516220
17.8, 2516220
17.81, 2516220
17.82, 2516220
17.83, 2516220
17.84, 2516220
17.85, 2516220
17.86, 2516220
17.87, 2516220
17.88, 2516220
17.89, 2516220
17.9, 2516220
17.91, 2516220
17.92, 2516220
17.93, 2516220
17.94, 2516220
17.95, 2516220
17.96, 2516220
17.97, 2516220
17.98, 2516220
17.99, 2516220
18.0, 2516220
18.01, 2516220
18.02, 2516220
18.03, 2516220
18.04, 2516220
18.05, 2516220
18.06, 2516220
18.07, 2516220
18.08, 2516220
18.09, 2516220
18.1, 2516220
18.11, 2516220
18.12, 2516220
18.13, 2516220
18.14, 2516220
18.15, 2516220
18.16, 2516220
18.17, 2516220
18.18, 2516220
18.19, 2516220
18.2, 2516220
18.21, 2516220
18.22, 2516220
18.23, 2516220
18.24, 2516220
18.25, 2516220
18.26, 2516220
18.27, 2516220
18.28, 2516220
18.29, 2516220
18.3, 2516220
18.31, 2516220
18.32, 2516220
18.33, 2516220
18.34, 2516220
18.35, 2516220
18.36, 2516220
18.37, 2516220
18.38, 2516220
18.39, 2516220
18.4, 2516220
18.41, 2516220
18.42, 2516220
18.43, 2516220
18.44, 2516220
18.45, 2516220
18.46, 2516220
18.47, 2516220
18.48, 2516220
18.49, 2516220
18.5, 2516220
18.51, 2516220
18.52, 2516220
18.53, 2516220
18.54, 2516220
18.55, 2516220
18.56, 2516220
18.57, 2516220
18.58, 2516220
18.59, 2516220
18.6, 2516220
18.61, 2516220
18.62, 2516220
18.63, 2516220
18.64, 2516220
18.65, 2516220
18.66, 2516220
18.67, 2516220
18.68, 2516220
18.69, 2516220
18.7, 2516220
18.71, 2516220
18.72, 2516220
18.73, 2516220
18.74, 2516220
18.75, 2516220
18.76, 2516220
18.77, 2516220
18.78, 2516220
18.79, 2516220
18.8, 2516220
18.81, 2516220
18.82, 2516220
18.83, 2516220
18.84, 2516220
18.85, 2516220
18.86, 2516220
18.87, 2516220
18.88, 2516220
18.89, 2516220
18.9, 2516220
18.91, 2516220
18.92, 2516220
18.93, 2516220
18.94, 2516220
18.95, 2516220
18.96, 2516220
18.97, 2516220
18.98, 2516220
18.99, 2516220
19.0, 2516220
19.01, 2516220
19.02, 2516220
19.03, 2516220
19.04, 2516220
19.05, 2516220
19.06, 2516220
19.07, 2516220
19.08, 2516220
19.09, 2516220
19.1, 2516220
19.11, 2516220
19.12, 2516220
19.13, 2516220
19.14, 2516220
19.15, 2516220
19.16, 2516220
19.17, 2516220
19.18, 2516220
19.19, 2516220
19.2, 2516220
19.21, 2516220
19.22, 2516220
19.23, 2516220
19.24, 2516220
19.25, 2516220
19.26, 2516220
19.27, 2516220
19.28, 2516220
19.29, 2516220
19.3, 2516220
19.31, 2516220
19.32, 2516220
19.33, 2516220
19.34, 2516220
19.35, 2516220
19.36, 2516220
19.37, 2516220
19.38, 2516220
19.39, 2516220
19.42, 2516220
19.43, 2516220
19.44, 2516220
19.45, 2516220
19.46, 2516220
19.47, 2516220
19.48, 2516220
19.49, 2516220
19.5, 2516220
19.51, 2516220
19.52, 2516220
19.53, 2516220
19.54, 2516220
19.55, 2516220
19.56, 2516220
19.57, 2516220
19.58, 2516220
19.59, 2516220
19.6, 2516220
19.61, 2516220
19.62, 2516220
19.63, 2516220
19.64, 2516220
19.65, 2516220
19.66, 2516220
19.67, 2516220
19.68, 2516220
19.69, 2516220
19.7, 2516220
19.71, 2516220
19.72, 2516220
19.73, 2516220
19.74, 2516220
19.75, 2516220
19.76, 2516220
19.77, 2516220
19.78, 2516220
19.79, 2516220
19.8, 2516220
19.81, 2516220
19.82, 2516220
19.83, 2516220
19.84, 2516220
19.85, 2516220
19.86, 2516220
19.87, 2516220
19.88, 2516220
19.89, 2516220
19.9, 2516220
19.91, 2516220
19.92, 2516220
19.93, 2516220
19.94, 2516220
19.95, 2516220
19.96, 2516220
19.97, 2516220
19.98, 2516220
19.99, 2516220
20.0, 2516220
20.01, 2516220
20.02, 2516220
20.03, 2516220
20.04, 2516220
20.05, 2516220
20.06, 2516220
20.07, 2516220
20.08, 2516220
20.09, 2516220
20.1, 2516220
20.11, 2516220
20.12, 2516220
20.13, 2516220
20.14, 2516220
20.15, 2516220
20.16, 2516220
20.17, 2516220
20.18, 2516220
20.19, 2516220
20.2, 2516220
20.21, 2516220
20.22, 2516220
20.23, 2516220
20.24, 2516220
20.25, 2516220
20.26, 2516220
20.27, 2516220
20.28, 2516220
20.29, 2516220
20.3, 2516220
20.31, 2516220
20.32, 2516220
20.33, 2516220
20.34, 2516220
20.35, 2516220
20.36, 2516220
20.37, 2516220
20.38, 2516220
20.39, 2516220
20.4, 2516220
20.41, 2516220
20.42, 2516220
20.43, 2516220
20.44, 2516220
20.45, 2516220
20.46, 2516220
20.47, 2516220
20.48, 2516220
20.49, 2516220
20.5, 2516220
20.51, 2516220
20.52, 2516220
20.53, 2516220
20.54, 2516220
20.55, 2516220
20.56, 2516220
20.57, 2516220
20.58, 2516220
20.59, 2516220
20.6, 2516220
20.61, 2516220
20.62, 2516220
20.63, 2516220
20.64, 2516220
20.65, 2516220
20.66, 2516220
20.67, 2516220
20.68, 2516220
20.69, 2516220
20.7, 2516220
20.71, 2516220
20.72, 2516220
20.73, 2516220
20.74, 2516220
20.75, 2516220
20.76, 2516220
20.77, 2516220
20.78, 2516220
20.79, 2516220
20.8, 2516220
20.81, 2516220
20.82, 2516220
20.83, 2516220
20.84, 2516220
20.85, 2516220
20.86, 2516220
20.87, 2516220
20.88, 2516220
20.89, 2516220
20.9, 2516220
20.91, 2516220
20.92, 2516220
20.93, 2516220
20.94, 2516220
20.95, 2516220
20.96, 2516220
20.97, 2516220
20.98, 2516220
20.99, 2516220
21.0, 2516220
21.01, 2516220
21.02, 2516220
21.03, 2516220
21.04, 2516220
21.05, 2516220
21.06, 2516220
21.07, 2516220
21.08, 2516220
21.09, 2516220
21.1, 2516220
21.11, 2516220
21.12, 2516220
21.13, 2516220
21.14, 2516220
21.15, 2416350
21.16, 2416350
21.17, 2416350
21.18, 2416350
21.19, 2416350
21.2, 2416350
21.21, 2416350
21.22, 2416350
21.23, 2416350
21.24, 2416350
21.25, 2416350
21.26, 2416350
21.27, 2416350
21.28, 2416350
21.29, 2416350
21.3, 2416350
21.31, 2416350
21.32, 2416350
21.33, 2416350
21.34, 2416350
21.35, 2416350
21.36, 2416350
21.37, 2416350
21.38, 2416350
21.39, 2416350
21.4, 2416350
21.41, 2416350
21.42, 2416350
21.43, 2416350
21.44, 2416350
21.45, 2416350
21.46, 2416350
21.47, 2416350
21.48, 2416350
21.49, 2416350
21.5, 2416350
21.51, 2416350
21.52, 2416350
21.53, 2416350
21.54, 2416350
21.55, 2416350
21.56, 2416350
21.57, 2416350
21.58, 2416350
21.59, 2416350
21.6, 2416350
21.61, 2416350
21.62, 2416350
21.63, 2416350
21.64, 2416350
21.65, 2416350
21.66, 2416350
21.67, 2416350
21.68, 2416350
21.69, 2416350
21.7, 2416350
21.71, 2416350
21.72, 2416350
21.73, 2416350
21.74, 2416350
21.75, 2416350
21.76, 2416350
21.77, 2416350
21.78, 2416350
21.79, 2416350
21.8, 2416350
21.81, 2416350
21.82, 2416350
21.83, 2416350
21.84, 2416350
21.85, 2416350
21.86, 2416350
21.87, 2416350
21.88, 2416350
21.89, 2416350
21.9, 2416350
21.91, 2416350
21.92, 2416350
21.93, 2416350
21.94, 2416350
21.95, 2416350
21.96, 2416350
21.97, 2416350
21.98, 2416350
21.99, 2416350
22.0, 2416350
22.01, 2416350
22.02, 2416350
22.03, 2416350
22.04, 2416350
22.05, 2416350
22.06, 2416350
22.07, 2416350
22.08, 2416350
22.09, 2416350
22.1, 2416350
22.11, 2416350
22.12, 2416350
22.13, 2416350
22.14, 2416350
22.15, 2416350
22.16, 2416350
22.17, 2416350
22.18, 2416350
22.19, 2416350
22.2, 2416350
22.21, 2416350
22.22, 2416350
22.23, 2416350
22.24, 2416350
22.25, 2416350
22.26, 2416350
22.27, 2416350
22.28, 2416350
22.29, 2416350
22.3, 2416350
22.31, 2416350
22.32, 2416350
22.33, 2416350
22.34, 2416350
22.35, 2416350
22.36, 2416350
22.37, 2416350
22.38, 2416350
22.39, 2416350
22.4, 2416350
22.41, 2416350
22.42, 2416350
22.43, 2416350
22.44, 2416350
22.45, 2416350
22.46, 2416350
22.47, 2416350
22.48, 2416350
22.49, 2416350
22.5, 2416350
22.51, 2416350
22.52, 2416350
22.53, 2416350
22.54, 2416350
22.55, 2416350
22.56, 2416350
22.57, 2416350
22.58, 2416350
22.59, 2416350
22.6, 2416350
22.61, 2416350
22.62, 2416350
22.63, 2416350
22.64, 2416350
22.65, 2416350
22.66, 2416350
22.67, 2416350
22.68, 2416350
22.69, 2416350
22.7, 2416350
22.71, 2416350
22.72, 2416350
22.73, 2416350
22.74, 2416350
22.75, 2416350
22.76, 2416350
22.77, 2416350
22.78, 2416350
22.79, 2416350
22.8, 2416350
22.81, 2416350
22.82, 2416350
22.83, 2416350
22.84, 2416350
22.85, 2416350
22.86, 2416350
22.87, 2416350
22.88, 2416350
22.89, 2416350
22.9, 2416350
22.91, 2416350
22.92, 2416350
22.93, 2416350
22.94, 2416350
22.95, 2416350
22.96, 2416350
22.97, 2416350
22.98, 2416350
22.99, 2416350
23.0, 2416350
23.01, 2416350
23.02, 2416350
23.03, 2416350
23.04, 2416350
23.05, 2416350
23.06, 2416350
23.07, 2416350
23.08, 2416350
23.09, 2416350
23.1, 2416350
23.11, 2416350
23.12, 2416350
23.13, 2416350
23.14, 2416350
23.15, 2416350
23.16, 2416350
23.17, 2416350
23.18, 2416350
23.19, 2416350
23.2, 2416350
23.21, 2416350
23.22, 2416350
23.23, 2416350
23.24, 2416350
23.25, 2416350
23.26, 2416350
23.27, 2416350
23.28, 2416350
23.29, 2416350
23.3, 2416350
23.31, 2416350
23.32, 2416350
23.33, 2416350
23.34, 2416350
23.35, 2416350
23.36, 2416350
23.37, 2416350
23.38, 2416350
23.39, 2416350
23.4, 2416350
23.41, 2416350
23.42, 2416350
23.43, 2416350
23.44, 2416350
23.45, 2416350
23.46, 2416350
23.47, 2416350
23.48, 2416350
23.49, 2416350
23.5, 2416350
23.51, 2416350
23.52, 2416350
23.53, 2416350
23.54, 2416350
23.55, 2416350
23.56, 2416350
23.57, 2416350
23.58, 2416350
23.59, 2416350
23.6, 2416350
23.61, 2416350
23.62, 2416350
23.63, 2416350
23.64, 2416350
23.65, 2416350
23.66, 2416350
23.67, 2416350
23.68, 2416350
23.69, 2416350
23.7, 2416350
23.71, 2416350
23.72, 2416350
23.73, 2416350
23.74, 2416350
23.75, 2416350
23.76, 2416350
23.77, 2416350
23.78, 2416350
23.79, 2416350
23.8, 2416350
23.81, 2416350
23.82, 2416350
23.83, 2416350
23.84, 2416350
23.85, 2416350
23.86, 2416350
23.87, 2416350
23.88, 2416350
23.89, 2416350
23.9, 2416350
23.91, 2416350
23.92, 2416350
23.93, 2416350
23.94, 2416350
23.95, 2416350
23.96, 2416350
23.97, 2416350
23.98, 2416350
23.99, 2416350
24.0, 2416350
24.01, 2416350
24.02, 2416350
24.03, 2416350
24.04, 2416350
24.05, 2416350
24.06, 2416350
24.07, 2416350
24.08, 2416350
24.09, 2416350
24.1, 2416350
24.11, 2416350
24.12, 2416350
24.13, 2416350
24.14, 2416350
24.15, 2416350
24.16, 2416350
24.17, 2416350
24.18, 2416350
24.19, 2416350
24.2, 2416350
24.21, 2416350
24.22, 2416350
24.23, 2416350
24.24, 2416350
24.25, 2416350
24.26, 2416350
24.27, 2416350
24.28, 2416350
24.29, 2416350
24.3, 2416350
24.31, 2416350
24.32, 2416350
24.33, 2416350
24.34, 2416350
24.35, 2416350
24.36, 2416350
24.37, 2416350
24.38, 2416350
24.39, 2416350
24.4, 2416350
24.41, 2416350
24.42, 2416350
24.43, 2416350
24.44, 2416350
24.45, 2416350
24.46, 2416350
24.47, 2416350
24.48, 2416350
24.49, 2416350
24.5, 2416350
24.51, 2416350
24.52, 2416350
24.53, 2416350
24.54, 2416350
24.55, 2416350
24.56, 2416350
24.57, 2416350
24.58, 2416350
24.59, 2416350
24.6, 2416350
24.61, 2416350
24.62, 2416350
24.63, 2416350
24.64, 2416350
24.65, 2416350
24.66, 2416350
24.67, 2416350
24.68, 2416350
24.69, 2416350
24.7, 2416350
24.71, 2416350
24.72, 2416350
24.73, 2416350
24.74, 2416350
24.75, 2416350
24.76, 2416350
24.77, 2416350
24.78, 2416350
24.79, 2416350
24.8, 2416350
24.81, 2416350
24.82, 2416350
24.83, 2416350
24.84, 2416350
24.85, 2416350
24.86, 2416350
24.87, 2416350
24.88, 2416350
24.89, 2416350
24.9, 2416350
24.91, 2416350
24.92, 2416350
24.93, 2416350
24.94, 2416350
24.95, 2416350
24.96, 2416350
24.97, 2416350
24.98, 2416350
24.99, 2416350
25.0, 2416350
25.01, 2416350
25.02, 2416350
25.03, 2416350
25.04, 2416350
25.05, 2416350
25.06, 2416350
25.07, 2416350
25.08, 2416350
25.09, 2416350
25.1, 2416350
25.11, 2416350
25.12, 2416350
25.13, 2416350
25.14, 2416350
25.15, 2416350
25.16, 2416350
25.17, 2416350
25.18, 2416350
25.19, 2416350
25.2, 2416350
25.21, 2416350
25.22, 2416350
25.23, 2416350
25.24, 2416350
25.25, 2416350
25.26, 2416350
25.27, 2416350
25.28, 2416350
25.29, 2416350
25.3, 2416350
25.31, 2416350
25.32, 2416350
25.33, 2416350
25.34, 2416350
25.35, 2416350
25.36, 2416350
25.37, 2416350
25.38, 2416350
25.39, 2416350
25.4, 2416350
25.41, 2416350
25.42, 2416350
25.43, 2416350
25.44, 2416350
25.45, 2416350
25.46, 2416350
25.47, 2416350
25.48, 2416350
25.49, 2416350
25.5, 2416350
25.51, 2416350
25.52, 2416350
25.53, 2416350
25.54, 2416350
25.55, 2416350
25.56, 2416350
25.57, 2416350
25.58, 2416350
25.59, 2416350
25.6, 2416350
25.61, 2416350
25.62, 2416350
25.63, 2416350
25.64, 2416350
25.65, 2416350
25.66, 2416350
25.67, 2416350
25.68, 2416350
25.69, 2416350
25.7, 2416350
25.71, 2416350
25.72, 2416350
25.73, 2416350
25.74, 2416350
25.75, 2416350
25.76, 2416350
25.77, 2416350
25.78, 2416350
25.79, 2416350
25.8, 2416350
25.81, 2416350
25.82, 2416350
25.83, 2416350
25.84, 2416350
25.85, 2416350
25.86, 2416350
25.87, 2416350
25.88, 2416350
25.89, 2416350
25.9, 2416350
25.91, 2416350
25.92, 2416350
25.93, 2416350
25.94, 2416350
25.95, 2416350
25.96, 2416350
25.97, 2416350
25.98, 2416350
25.99, 2416350
26.0, 2416350
26.01, 2416350
26.02, 2416350
26.03, 2416350
26.04, 2416350
26.05, 2416350
26.06, 2416350
26.07, 2416350
26.08, 2416350
26.09, 2416350
26.1, 2416350
26.11, 2416350
26.12, 2416350
26.13, 2416350
26.14, 2416350
26.15, 2416350
26.16, 2416350
26.17, 2416350
26.18, 2416350
26.19, 2416350
26.2, 2416350
26.21, 2416350
26.22, 2416350
26.23, 2416350
26.24, 2416350
26.25, 2416350
26.26, 2416350
26.27, 2416350
26.28, 2416350
26.29, 2416350
26.3, 2416350
26.31, 2416350
26.32, 2416350
26.33, 2416350
26.34, 2416350
26.35, 2416350
26.36, 2416350
26.37, 2416350
26.38, 2416350
26.39, 2416350
26.4, 2416350
26.41, 2416350
26.42, 2416350
26.43, 2416350
26.44, 2416350
26.45, 2416350
26.46, 2416350
26.47, 2416350
26.48, 2416350
26.49, 2416350
26.5, 2416350
26.51, 2416350
26.52, 2416350
26.53, 2416350
26.54, 2416350
26.55, 2416350
26.56, 2416350
26.57, 2416350
26.58, 2416350
26.59, 2416350
26.6, 2416350
26.61, 2416350
26.62, 2416350
26.63, 2416350
26.64, 2416350
26.65, 2416350
26.66, 2416350
26.67, 2416350
26.68, 2416350
26.69, 2416350
26.7, 2416350
26.71, 2416350
26.72, 2416350
26.73, 2416350
26.74, 2416350
26.75, 2416350
26.76, 2416350
26.77, 2416350
26.78, 2416350
26.79, 2416350
26.8, 2416350
26.81, 2416350
26.82, 2416350
26.83, 2416350
26.84, 2416350
26.85, 2416350
26.86, 2416350
26.87, 2416350
26.88, 2416350
26.89, 2416350
26.9, 2416350
26.91, 2416350
26.92, 2416350
26.93, 2416350
26.94, 2416350
26.95, 2416350
26.96, 2416350
26.97, 2416350
26.98, 2416350
26.99, 2416350
27.0, 2416350
27.01, 2416350
27.02, 2416350
27.03, 2416350
27.04, 2416350
27.05, 2416350
27.06, 2416350
27.07, 2416350
27.08, 2416350
27.09, 2416350
27.1, 2416350
27.11, 2416350
27.12, 2416350
27.13, 2416350
27.14, 2416350
27.15, 2416350
27.16, 2416350
27.17, 2416350
27.18, 2416350
27.19, 2416350
27.2, 2416350
27.21, 2416350
27.22, 2416350
27.23, 2416350
27.24, 2416350
27.25, 2416350
27.26, 2416350
27.27, 2416350
27.28, 2416350
27.29, 2416350
27.3, 2416350
27.31, 2416350
27.32, 2416350
27.33, 2416350
27.34, 2416350
27.35, 2416350
27.36, 2416350
27.37, 2416350
27.38, 2416350
27.39, 2416350
27.4, 2416350
27.41, 2416350
27.42, 2416350
27.43, 2416350
27.44, 2416350
27.45, 2416350
27.46, 2416350
27.47, 2416350
27.48, 2416350
27.49, 2416350
27.5, 2416350
27.51, 2416350
27.52, 2416350
27.53, 2416350
27.54, 2416350
27.55, 2416350
27.56, 2416350
27.57, 2416350
27.58, 2416350
27.59, 2416350
27.6, 2416350
27.61, 2416350
27.62, 2416350
27.63, 2416350
27.64, 2416350
27.65, 2416350
27.66, 2416350
27.67, 2416350
27.68, 2416350
27.69, 2416350
27.7, 2416350
27.71, 2416350
27.72, 2416350
27.73, 2416350
27.74, 2416350
27.75, 2416350
27.76, 2416350
27.77, 2416350
27.78, 2416350
27.79, 2416350
27.8, 2416350
27.81, 2416350
27.82, 2416350
27.83, 2416350
27.84, 2416350
27.85, 2416350
27.86, 2416350
27.87, 2416350
27.88, 2416350
27.89, 2416350
27.9, 2416350
27.91, 2416350
27.92, 2416350
27.93, 2416350
27.94, 2416350
27.95, 2416350
27.96, 2416350
27.97, 2416350
27.98, 2416350
27.99, 2416350
28.0, 2416350
28.01, 2416350
28.02, 2416350
28.03, 2416350
28.04, 2416350
28.05, 2416350
28.06, 2416350
28.07, 2416350
28.08, 2416350
28.09, 2416350
28.1, 2416350
28.11, 2416350
28.12, 2416350
28.13, 2416350
28.14, 2416350
28.15, 2416350
28.16, 2416350
28.17, 2416350
28.18, 2416350
28.19, 2416350
28.2, 2416350
28.21, 2416350
28.22, 2416350
28.23, 2416350
28.24, 2416350
28.25, 2416350
28.26, 2416350
28.27, 2416350
28.28, 2416350
28.29, 2416350
28.3, 2416350
28.31, 2416350
28.32, 2416350
28.33, 2416350
28.34, 2416350
28.35, 2416350
28.36, 2416350
28.37, 2416350
28.38, 2416350
28.39, 2416350
28.4, 2416350
28.41, 2416350
28.42, 2416350
28.43, 2416350
28.44, 2416350
28.45, 2416350
28.46, 2416350
28.47, 2416350
28.48, 2416350
28.49, 2416350
28.5, 2416350
28.51, 2416350
28.52, 2416350
28.53, 2416350
28.54, 2416350
28.55, 2416350
28.56, 2416350
28.57, 2416350
28.58, 2416350
28.59, 2416350
28.6, 2416350
28.61, 2416350
28.62, 2416350
28.63, 2416350
28.64, 2416350
28.65, 2416350
28.66, 2416350
28.67, 2416350
28.68, 2416350
28.69, 2416350
28.7, 2416350
28.71, 2416350
28.72, 2416350
28.73, 2416350
28.74, 2416350
28.75, 2416350
28.76, 2416350
28.77, 2416350
28.78, 2416350
28.79, 2416350
28.8, 2416350
28.81, 2416350
28.82, 2416350
28.83, 2416350
28.84, 2416350
28.85, 2416350
28.86, 2416350
28.87, 2416350
28.88, 2416350
28.89, 2416350
28.9, 2416350
28.91, 2416350
28.92, 2416350
28.93, 2416350
28.94, 2416350
28.95, 2416350
28.96, 2416350
28.97, 2416350
28.98, 2416350
28.99, 2416350
29.0, 2416350
29.01, 2416350
29.02, 2416350
29.03, 2416350
29.04, 2416350
29.05, 2416350
29.06, 2416350
29.07, 2416350
29.08, 2416350
29.09, 2416350
29.1, 2416350
29.11, 2416350
29.12, 2416350
29.13, 2416350
29.14, 2416350
29.15, 2416350
29.16, 2416350
29.17, 2416350
29.18, 2416350
29.19, 2416350
29.2, 2416350
29.21, 2416350
29.22, 2416350
29.23, 2416350
29.24, 2416350
29.25, 2416350
29.26, 2416350
29.27, 2416350
29.28, 2416350
29.29, 2416350
29.3, 2416350
29.31, 2416350
29.32, 2416350
29.33, 2416350
29.34, 2416350
29.35, 2416350
29.36, 2416350
29.37, 2416350
29.38, 2416350
29.39, 2416350
29.4, 2416350
29.41, 2416350
29.42, 2416350
29.43, 2416350
29.44, 2416350
29.45, 2416350
29.46, 2416350
29.47, 2416350
29.48, 2416350
29.49, 2416350
29.5, 2416350
29.51, 2416350
29.52, 2416350
29.53, 2416350
29.54, 2416350
29.55, 2416350
29.56, 2416350
29.57, 2416350
29.58, 2416350
29.59, 2416350
29.6, 2416350
29.61, 2416350
29.62, 2416350
29.63, 2416350
29.64, 2416350
29.65, 2416350
29.66, 2416350
29.67, 2416350
29.68, 2416350
29.69, 2416350
29.7, 2416350
29.71, 2416350
29.72, 2416350
29.73, 2416350
29.74, 2416350
29.75, 2416350
29.76, 2416350
29.77, 2416350
29.78, 2416350
29.79, 2416350
29.8, 2416350
29.81, 2416350
29.82, 2416350
29.83, 2416350
29.84, 2416350
29.85, 2416350
29.86, 2416350
29.87, 2416350
29.88, 2416350
29.89, 2416350
29.9, 2416350
29.91, 2416350
29.92, 2416350
29.93, 2416350
29.94, 2416350
29.95, 2416350
29.96, 2416350
29.97, 2416350
29.98, 2416350
29.99, 2416350
30.0, 2416350
30.01, 2416350
30.02, 2416350
30.03, 2416350
30.04, 2416350
30.05, 2416350
30.06, 2416350
30.07, 2416350
30.08, 2416350
30.09, 2416350
30.1, 2416350
30.11, 2416350
30.12, 2416350
30.13, 2416350
30.14, 2416350
30.15, 2416350
30.16, 2416350
30.17, 2416350
30.18, 2416350
30.19, 2416350
30.2, 2416350
30.21, 2416350
30.22, 2416350
30.23, 2416350
30.24, 2416350
30.25, 2416350
30.26, 2416350
30.27, 2416350
30.28, 2416350
30.29, 2416350
30.3, 2416350
30.31, 2416350
30.32, 2416350
30.33, 2416350
30.34, 2416350
30.35, 2416350
30.36, 2416350
30.37, 2416350
30.38, 2416350
30.39, 2416350
30.4, 2416350
30.41, 2416350
30.42, 2416350
30.43, 2416350
30.44, 2416350
30.45, 2416350
30.46, 2416350
30.47, 2416350
30.48, 2416350
30.49, 2416350
30.5, 2416350
30.51, 2416350
30.52, 2416350
30.53, 2416350
30.54, 2416350
30.55, 2416350
30.56, 2416350
30.57, 2416350
30.58, 2416350
30.59, 2416350
30.6, 2416350
30.61, 2416350
30.62, 2416350
30.63, 2416350
30.64, 2416350
30.65, 2416350
30.66, 2416350
30.67, 2416350
30.68, 2416350
30.69, 2416350
30.7, 2416350
30.71, 2416350
30.72, 2416350
30.73, 2416350
30.74, 2416350
30.75, 2416350
30.76, 2416350
30.77, 2416350
30.78, 2416350
30.79, 2416350
30.8, 2416350
30.81, 2416350
30.82, 2416350
30.83, 2416350
30.84, 2416350
30.85, 2416350
30.86, 2416350
30.87, 2416350
30.88, 2416350
30.89, 2416350
30.9, 2416350
30.91, 2416350
30.92, 2416350
30.93, 2416350
30.94, 2416350
30.95, 2416350
30.96, 2416350
30.97, 2416350
30.98, 2416350
30.99, 2416350
31.0, 2416350
31.01, 2416350
31.02, 2416350
31.03, 2416350
31.04, 2416350
31.05, 2416350
31.06, 2416350
31.07, 2416350
31.08, 2416350
31.09, 2416350
31.1, 2416350
31.11, 2416350
31.12, 2416350
31.13, 2416350
31.14, 2416350
31.15, 2416350
31.16, 2416350
31.17, 2416350
31.18, 2416350
31.19, 2416350
31.2, 2416350
31.21, 2416350
31.22, 2416350
31.23, 2416350
31.24, 2416350
31.25, 2416350
31.26, 2416350
31.27, 2416350
31.28, 2416350
31.29, 2416350
31.3, 2416350
31.31, 2416350
31.32, 2416350
31.33, 2416350
31.34, 2416350
31.35, 2416350
31.36, 2416350
31.37, 2416350
31.38, 2416350
31.39, 2416350
31.4, 2416350
31.41, 2416350
31.42, 2416350
31.43, 2416350
31.44, 2416350
31.45, 2416350
31.46, 2416350
31.47, 2416350
31.48, 2416350
31.49, 2416350
31.5, 2416350
31.51, 2416350
31.52, 2416350
31.53, 2416350
31.54, 2416350
31.55, 2416350
31.56, 2416350
31.57, 2416350
31.58, 2416350
31.59, 2416350
31.6, 2416350
31.61, 2416350
31.62, 2416350
31.63, 2416350
31.64, 2416350
31.65, 2416350
31.66, 2416350
31.67, 2416350
31.68, 2416350
31.69, 2416350
31.7, 2416350
31.71, 2416350
31.72, 2416350
31.73, 2416350
31.74, 2416350
31.75, 2416350
31.76, 2416350
31.77, 2416350
31.78, 2416350
31.79, 2416350
31.8, 2416350
31.81, 2416350
31.82, 2416350
31.83, 2416350
31.84, 2416350
31.85, 2416350
31.86, 2416350
31.87, 2416350
31.88, 2416350
31.89, 2416350
31.9, 2416350
31.91, 2416350
31.92, 2416350
31.93, 2416350
31.94, 2416350
31.95, 2416350
31.96, 2416350
31.97, 2416350
31.98, 2416350
31.99, 2416350
32.0, 2416350
32.01, 2416350
32.02, 2416350
32.03, 2416350
32.04, 2416350
32.05, 2416350
32.06, 2416350
32.07, 2416350
32.08, 2416350
32.09, 2416350
32.1, 2416350
32.11, 2416350
32.12, 2416350
32.13, 2416350
32.14, 2416350
32.15, 2416350
32.16, 2416350
32.17, 2416350
32.18, 2416350
32.19, 2416350
32.2, 2416350
32.21, 2416350
32.22, 2416350
32.23, 2416350
32.24, 2416350
32.25, 2416350
32.26, 2416350
32.27, 2416350
32.28, 2416350
32.29, 2416350
32.3, 2416350
32.31, 2416350
32.32, 2416350
32.33, 2416350
32.34, 2416350
32.35, 2416350
32.36, 2416350
32.37, 2416350
32.38, 2416350
32.39, 2416350
32.4, 2416350
32.41, 2416350
32.42, 2416350
32.43, 2416350
32.44, 2416350
32.45, 2416350
32.46, 2416350
32.47, 2416350
32.48, 2416350
32.49, 2416350
32.5, 2416350
32.51, 2416350
32.52, 2416350
32.53, 2416350
32.54, 2416350
32.55, 2416350
32.56, 2416350
32.57, 2416350
32.58, 2416350
32.59, 2416350
32.6, 2416350
32.61, 2416350
32.62, 2416350
32.63, 2416350
32.64, 2416350
32.65, 2416350
32.66, 2416350
32.67, 2416350
32.68, 2416350
32.69, 2416350
32.7, 2416350
32.71, 2416350
32.72, 2416350
32.73, 2416350
32.74, 2416350
32.75, 2416350
32.76, 2416350
32.77, 2416350
32.78, 2416350
32.79, 2416350
32.8, 2416350
32.81, 2416350
32.82, 2416350
32.83, 2416350
32.84, 2416350
32.85, 2416350
32.86, 2416350
32.87, 2416350
32.88, 2416350
32.89, 2416350
32.9, 2416350
32.91, 2416350
32.92, 2416350
32.93, 2416350
32.94, 2416350
32.95, 2416350
32.96, 2416350
32.97, 2416350
32.98, 2416350
32.99, 2416350
33.0, 2416350
33.01, 2416350
33.02, 2416350
33.03, 2416350
33.04, 2416350
33.05, 2416350
33.06, 2416350
33.07, 2416350
33.08, 2416350
33.09, 2416350
33.1, 2416350
33.11, 2416350
33.12, 2416350
33.13, 2416350
33.14, 2416350
33.15, 2416350
33.16, 2416350
33.17, 2416350
33.18, 2416350
33.19, 2416350
33.2, 2416350
33.21, 2416350
33.22, 2416350
33.23, 2416350
33.24, 2416350
33.25, 2416350
33.26, 2416350
33.27, 2416350
33.28, 2416350
33.29, 2416350
33.3, 2416350
33.31, 2416350
33.32, 2416350
33.33, 2416350
33.34, 2416350
33.35, 2416350
33.36, 2416350
33.37, 2416350
33.38, 2416350
33.39, 2416350
33.4, 2416350
33.41, 2416350
33.42, 2416350
33.43, 2416350
33.44, 2416350
33.45, 2416350
33.46, 2416350
33.47, 2416350
33.48, 2416350
33.49, 2416350
33.5, 2416350
33.51, 2416350
33.52, 2416350
33.53, 2416350
33.54, 2416350
33.55, 2416350
33.56, 2416350
33.57, 2416350
33.58, 2416350
33.59, 2416350
33.6, 2416350
33.61, 2416350
33.62, 2416350
33.63, 2416350
33.64, 2416350
33.65, 2416350
33.66, 2416350
33.67, 2416350
33.68, 2416350
33.69, 2416350
33.7, 2416350
33.71, 2416350
33.72, 2416350
33.73, 2416350
33.74, 2416350
33.75, 2416350
33.76, 2416350
33.77, 2416350
33.78, 2416350
33.79, 2416350
33.8, 2416350
33.81, 2416350
33.82, 2416350
33.83, 2416350
33.84, 2416350
33.85, 2416350
33.86, 2416350
33.87, 2416350
33.88, 2416350
33.89, 2416350
33.9, 2416350
33.91, 2416350
33.92, 2416350
33.93, 2416350
33.94, 2416350
33.95, 2416350
33.96, 2416350
33.97, 2416350
33.98, 2416350
33.99, 2416350
34.0, 2416350
34.01, 2416350
34.02, 2416350
34.03, 2416350
34.04, 2416350
34.05, 2416350
34.06, 2416350
34.07, 2416350
34.08, 2416350
34.09, 2416350
34.1, 2416350
34.11, 2416350
34.12, 2416350
34.13, 2416350
34.14, 2416350
34.15, 2416350
34.16, 2416350
34.17, 2416350
34.18, 2416350
34.19, 2416350
34.2, 2416350
34.21, 2416350
34.22, 2416350
34.23, 2416350
34.24, 2416350
34.25, 2416350
34.26, 2416350
34.27, 2416350
34.28, 2416350
34.29, 2416350
34.3, 2416350
34.31, 2416350
34.32, 2416350
34.33, 2416350
34.34, 2416350
34.35, 2416350
34.36, 2416350
34.37, 2416350
34.38, 2416350
34.39, 2416350
34.4, 2416350
34.41, 2416350
34.42, 2416350
34.43, 2416350
34.44, 2416350
34.45, 2416350
34.46, 2416350
34.47, 2416350
34.48, 2416350
34.49, 2416350
34.5, 2416350
34.51, 2416350
34.52, 2416350
34.53, 2416350
34.54, 2416350
34.55, 2416350
34.56, 2416350
34.57, 2416350
34.58, 2416350
34.59, 2416350
34.6, 2416350
34.61, 2416350
34.62, 2416350
34.63, 2416350
34.64, 2416350
34.65, 2416350
34.66, 2416350
34.67, 2416350
34.68, 2416350
34.69, 2416350
34.7, 2416350
34.71, 2416350
34.72, 2416350
34.73, 2416350
34.74, 2416350
34.75, 2416350
34.76, 2416350
34.77, 2416350
34.78, 2416350
34.79, 2416350
34.8, 2416350
34.81, 2416350
34.82, 2416350
34.83, 2416350
34.84, 2416350
34.85, 2416350
34.86, 2416350
34.87, 2416350
34.88, 2416350
34.89, 2416350
34.9, 2416350
34.91, 2416350
34.92, 2416350
34.93, 2416350
34.94, 2416350
34.95, 2416350
34.96, 2416350
34.97, 2416350
34.98, 2416350
34.99, 2416350
35.0, 2416350
35.01, 2416350
35.02, 2416350
35.03, 2416350
35.04, 2416350
35.05, 2416350
35.06, 2416350
35.07, 2416350
35.08, 2416350
35.09, 2416350
35.1, 2416350
35.11, 2416350
35.12, 2416350
35.13, 2416350
35.14, 2416350
35.15, 2416350
35.16, 2416350
35.17, 2416350
35.18, 2416350
35.19, 2416350
35.2, 2416350
35.21, 2416350
35.22, 2416350
35.23, 2416350
35.24, 2416350
35.25, 2416350
35.26, 2416350
35.27, 2416350
35.28, 2416350
35.29, 2416350
35.3, 2416350
35.31, 2416350
35.32, 2416350
35.33, 2416350
35.34, 2416350
35.35, 2416350
35.36, 2416350
35.37, 2416350
35.38, 2416350
35.39, 2416350
35.4, 2416350
35.41, 2416350
35.42, 2416350
35.43, 2416350
35.44, 2416350
35.45, 2416350
35.46, 2416350
35.47, 2416350
35.48, 2416350
35.49, 2416350
35.5, 2416350
35.51, 2416350
35.52, 2416350
35.53, 2416350
35.54, 2416350
35.55, 2416350
35.56, 2416350
35.57, 2416350
35.58, 2416350
35.59, 2416350
35.6, 2416350
35.61, 2416350
35.62, 2416350
35.63, 2416350
35.64, 2416350
35.65, 2416350
35.66, 2416350
35.67, 2416350
35.68, 2416350
35.69, 2416350
35.7, 2416350
35.71, 2416350
35.72, 2416350
35.73, 2416350
35.74, 2416350
35.75, 2416350
35.76, 2416350
35.77, 2416350
35.78, 2416350
35.79, 2416350
35.8, 2416350
35.81, 2416350
35.82, 2416350
35.83, 2416350
35.84, 2416350
35.85, 2416350
35.86, 2416350
35.87, 2416350
35.88, 2416350
35.89, 2416350
35.9, 2416350
35.91, 2416350
35.92, 2416350
35.93, 2416350
35.94, 2416350
35.95, 2416350
35.96, 2416350
35.97, 2416350
35.98, 2416350
35.99, 2416350
36.0, 2416350
36.01, 2416350
36.02, 2416350
36.03, 2416350
36.04, 2416350
36.05, 2416350
36.06, 2416350
36.07, 2416350
36.08, 2416350
36.09, 2416350
36.1, 2416350
36.11, 2416350
36.12, 2416350
36.13, 2416350
36.14, 2416350
36.15, 2416350
36.16, 2416350
36.17, 2416350
36.18, 2416350
36.19, 2416350
36.2, 2416350
36.21, 2416350
36.22, 2416350
36.23, 2416350
36.24, 2416350
36.25, 2416350
36.26, 2416350
36.27, 2416350
36.28, 2416350
36.29, 2416350
36.3, 2416350
36.31, 2416350
36.32, 2416350
36.33, 2416350
36.34, 2416350
36.35, 2416350
36.36, 2416350
36.37, 2416350
36.38, 2416350
36.39, 2416350
36.4, 2416350
36.41, 2416350
36.42, 2416350
36.43, 2416350
36.44, 2416350
36.45, 2416350
36.46, 2416350
36.47, 2416350
36.48, 2416350
36.49, 2416350
36.5, 2416350
36.51, 2416350
36.52, 2416350
36.53, 2416350
36.54, 2416350
36.55, 2416350
36.56, 2416350
36.57, 2416350
36.58, 2416350
36.59, 2416350
36.6, 2416350
36.61, 2416350
36.62, 2416350
36.63, 2416350
36.64, 2416350
36.65, 2416350
36.66, 2416350
36.67, 2416350
36.68, 2416350
36.69, 2416350
36.7, 2416350
36.71, 2416350
36.72, 2416350
36.73, 2416350
36.74, 2416350
36.75, 2416350
36.76, 2416350
36.77, 2416350
36.78, 2416350
36.79, 2416350
36.8, 2416350
36.81, 2416350
36.82, 2416350
36.83, 2416350
36.84, 2416350
36.85, 2416350
36.86, 2416350
36.87, 2416350
36.88, 2416350
36.89, 2416350
36.9, 2416350
36.91, 2416350
36.92, 2416350
36.93, 2416350
36.94, 2416350
36.95, 2416350
36.96, 2416350
36.97, 2416350
36.98, 2416350
36.99, 2416350
37.0, 2416350
37.01, 2416350
37.02, 2416350
37.03, 2416350
37.04, 2416350
37.05, 2416350
37.06, 2416350
37.07, 2416350
37.08, 2416350
37.09, 2416350
37.1, 2416350
37.11, 2416350
37.12, 2416350
37.13, 2416350
37.14, 2416350
37.15, 2416350
37.16, 2416350
37.17, 2416350
37.18, 2416350
37.19, 2416350
37.2, 2416350
37.21, 2416350
37.22, 2416350
37.23, 2416350
37.24, 2416350
37.25, 2416350
37.26, 2416350
37.27, 2416350
37.28, 2416350
37.29, 2416350
37.3, 2416350
37.31, 2416350
37.32, 2416350
37.33, 2416350
37.34, 2416350
37.35, 2416350
37.36, 2416350
37.37, 2416350
37.38, 2416350
37.39, 2416350
37.4, 2416350
37.41, 2416350
37.42, 2416350
37.43, 2416350
37.44, 2416350
37.45, 2416350
37.46, 2416350
37.47, 2416350
37.48, 2416350
37.49, 2416350
37.5, 2416350
37.51, 2416350
37.52, 2416350
37.53, 2416350
37.54, 2416350
37.55, 2416350
37.56, 2416350
37.57, 2416350
37.58, 2416350
37.59, 2416350
37.6, 2416350
37.61, 2416350
37.62, 2416350
37.63, 2416350
37.64, 2416350
37.65, 2416350
37.66, 2416350
37.67, 2416350
37.68, 2416350
37.69, 2416350
37.7, 2416350
37.71, 2416350
37.72, 2416350
37.73, 2416350
37.74, 2416350
37.75, 2416350
37.76, 2416350
37.77, 2416350
37.78, 2416350
37.79, 2416350
37.8, 2416350
37.81, 2416350
37.82, 2416350
37.83, 2416350
37.84, 2416350
37.85, 2416350
37.86, 2416350
37.87, 2416350
37.88, 2416350
37.89, 2416350
37.9, 2416350
37.91, 2416350
37.92, 2416350
37.93, 2416350
37.94, 2416350
37.95, 2416350
37.96, 2416350
37.97, 2416350
37.98, 2416350
37.99, 2416350
38.0, 2416350
38.01, 2416350
38.02, 2416350
38.03, 2416350
38.04, 2416350
38.05, 2416350
38.06, 2416350
38.07, 2416350
38.08, 2416350
38.09, 2416350
38.1, 2416350
38.11, 2416350
38.12, 2416350
38.13, 2416350
38.14, 2416350
38.15, 2416350
38.16, 2416350
38.17, 2416350
38.18, 2416350
38.19, 2416350
38.2, 2416350
38.21, 2416350
38.22, 2416350
38.23, 2416350
38.24, 2416350
38.25, 2416350
38.26, 2416350
38.27, 2416350
38.28, 2416350
38.29, 2416350
38.3, 2416350
38.31, 2416350
38.32, 2416350
38.33, 2416350
38.34, 2416350
38.35, 2416350
38.36, 2416350
38.37, 2416350
38.38, 2416350
38.39, 2416350
38.4, 2416350
38.41, 2416350
38.42, 2416350
38.43, 2416350
38.44, 2416350
38.45, 2416350
38.46, 2416350
38.47, 2416350
38.48, 2416350
38.49, 2416350
38.5, 2416350
38.51, 2416350
38.52, 2416350
38.53, 2416350
38.54, 2416350
38.55, 2416350
38.56, 2416350
38.57, 2416350
38.58, 2416350
38.59, 2416350
38.6, 2416350
38.61, 2416350
38.62, 2416350
38.63, 2416350
38.64, 2416350
38.65, 2416350
38.66, 2416350
38.67, 2416350
38.68, 2416350
38.69, 2416350
38.7, 2416350
38.71, 2416350
38.72, 2416350
38.73, 2416350
38.74, 2416350
38.75, 2416350
38.76, 2416350
38.77, 2416350
38.78, 2416350
38.79, 2416350
38.8, 2416350
38.81, 2416350
38.82, 2416350
38.83, 2416350
38.84, 2416350
38.85, 2416350
38.86, 2416350
38.87, 2416350
38.88, 2416350
38.89, 2416350
38.9, 2416350
38.91, 2416350
38.92, 2416350
38.93, 2416350
38.94, 2416350
38.95, 2416350
38.96, 2416350
38.97, 2416350
38.98, 2416350
38.99, 2416350
39.0, 2416350
39.01, 2416350
39.02, 2416350
39.03, 2416350
39.04, 2416350
39.05, 2416350
39.06, 2416350
39.07, 2416350
39.08, 2416350
39.09, 2416350
39.1, 2416350
39.11, 2416350
39.12, 2416350
39.13, 2416350
39.14, 2416350
39.15, 2416350
39.16, 2416350
39.17, 2416350
39.18, 2416350
39.19, 2416350
39.2, 2416350
39.21, 2416350
39.22, 2416350
39.23, 2416350
39.24, 2416350
39.25, 2416350
39.26, 2416350
39.27, 2416350
39.28, 2416350
39.29, 2416350
39.3, 2416350
39.31, 2416350
39.32, 2416350
39.33, 2416350
39.34, 2416350
39.35, 2416350
39.36, 2416350
39.37, 2416350
39.38, 2416350
39.39, 2416350
39.4, 2416350
39.41, 2416350
39.42, 2416350
39.43, 2416350
39.44, 2416350
39.45, 2416350
39.46, 2416350
39.47, 2416350
39.48, 2416350
39.49, 2416350
39.5, 2416350
39.51, 2416350
39.52, 2416350
39.53, 2416350
39.54, 2416350
39.55, 2416350
39.56, 2416350
39.57, 2416350
39.58, 2416350
39.59, 2416350
39.6, 2416350
39.61, 2416350
39.62, 2416350
39.63, 2416350
39.64, 2416350
39.65, 2416350
39.66, 2416350
39.67, 2416350
39.68, 2416350
39.69, 2416350
39.7, 2416350
39.71, 2416350
39.72, 2416350
39.73, 2416350
39.74, 2416350
39.75, 2416350
39.76, 2416350
39.77, 2416350
39.78, 2416350
39.79, 2416350
39.8, 2416350
39.81, 2416350
39.82, 2416350
39.83, 2416350
39.84, 2416350
39.85, 2416350
39.86, 2416350
39.87, 2416350
39.88, 2416350
39.89, 2416350
39.9, 2416350
39.91, 2416350
39.92, 2416350
39.93, 2416350
39.94, 2416350
39.95, 2416350
39.96, 2416350
39.97, 2416350
39.98, 2416350
39.99, 2416350
40.0, 2416350
40.01, 2416350
40.02, 2416350
40.03, 2416350
40.04, 2416350
40.05, 2416350
40.06, 2416350
40.07, 2416350
40.08, 2416350
40.09, 2416350
40.1, 2416350
40.11, 2416350
40.12, 2416350
40.13, 2416350
40.14, 2416350
40.15, 2416350
40.16, 2416350
40.17, 2416350
40.18, 2416350
40.19, 2416350
40.2, 2416350
40.21, 2416350
40.22, 2416350
40.23, 2416350
40.24, 2416350
40.25, 2416350
40.26, 2416350
40.27, 2416350
40.28, 2416350
40.29, 2416350
40.3, 2416350
40.31, 2416350
40.32, 2416350
40.33, 2416350
40.34, 2416350
40.35, 2416350
40.36, 2416350
40.37, 2416350
40.38, 2416350
40.39, 2416350
40.4, 2416350
40.41, 2416350
40.42, 2416350
40.43, 2416350
40.44, 2416350
40.45, 2416350
40.46, 2416350
40.47, 2416350
40.48, 2416350
40.49, 2416350
40.5, 2416350
40.51, 2416350
40.52, 2416350
40.53, 2416350
40.54, 2416350
40.55, 2416350
40.56, 2416350
40.57, 2416350
40.58, 2416350
40.59, 2416350
40.6, 2416350
40.61, 2416350
40.62, 2416350
40.63, 2416350
40.64, 2416350
40.65, 2416350
40.66, 2416350
40.67, 2416350
40.68, 2416350
40.69, 2416350
40.7, 2416350
40.71, 2416350
40.72, 2416350
40.73, 2416350
40.74, 2416350
40.75, 2416350
40.76, 2416350
40.77, 2416350
40.78, 2416350
40.79, 2416350
40.8, 2416350
40.81, 2416350
40.82, 2416350
40.83, 2416350
40.84, 2416350
40.85, 2416350
40.86, 2416350
40.87, 2416350
40.88, 2416350
40.89, 2416350
40.9, 2416350
40.91, 2416350
40.92, 2416350
40.93, 2416350
40.94, 2416350
40.95, 2416350
40.96, 2416350
40.97, 2416350
40.98, 2416350
40.99, 2416350
41.0, 2416350
41.01, 2416350
41.02, 2416350
41.03, 2416350
41.04, 2416350
41.05, 2416350
41.06, 2416350
41.07, 2416350
41.08, 2416350
41.09, 2416350
41.1, 2416350
41.11, 2416350
41.12, 2416350
41.13, 2416350
41.14, 2416350
41.15, 2416350
41.16, 2416350
41.17, 2416350
41.18, 2416350
41.19, 2416350
41.2, 2416350
41.21, 2416350
41.22, 2416350
41.23, 2416350
41.24, 2416350
41.25, 2416350
41.26, 2416350
41.27, 2416350
41.28, 2416350
41.29, 2416350
41.3, 2416350
41.31, 2416350
41.32, 2416350
41.33, 2416350
41.34, 2416350
41.35, 2416350
41.36, 2416350
41.37, 2416350
41.38, 2416350
41.39, 2416350
41.4, 2416350
41.41, 2416350
41.42, 2416350
41.43, 2416350
41.44, 2416350
41.45, 2416350
41.46, 2416350
41.47, 2416350
41.48, 2416350
41.49, 2416350
41.5, 2416350
41.51, 2416350
41.52, 2416350
41.53, 2416350
41.54, 2416350
41.55, 2416350
41.56, 2416350
41.57, 2416350
41.58, 2416350
41.59, 2416350
41.6, 2416350
41.61, 2416350
41.62, 2416350
41.63, 2416350
41.64, 2416350
41.65, 2416350
41.66, 2416350
41.67, 2416350
41.68, 2416350
41.69, 2416350
41.7, 2416350
41.71, 2416350
41.72, 2416350
41.73, 2416350
41.74, 2416350
41.75, 2416350
41.76, 2416350
41.77, 2416350
41.78, 2416350
41.79, 2416350
41.8, 2416350
41.81, 2416350
41.82, 2416350
41.83, 2416350
41.84, 2416350
41.85, 2416350
41.86, 2416350
41.87, 2416350
41.88, 2416350
41.89, 2416350
41.9, 2416350
41.91, 2416350
41.92, 2416350
41.93, 2416350
41.94, 2416350
41.95, 2416350
41.96, 2416350
41.97, 2416350
41.98, 2416350
41.99, 2416350
42.0, 2416350
42.01, 2416350
42.02, 2416350
42.03, 2416350
42.04, 2416350
42.05, 2416350
42.06, 2416350
42.07, 2416350
42.08, 2416350
42.09, 2416350
42.1, 2416350
42.11, 2416350
42.12, 2416350
42.13, 2416350
42.14, 2416350
42.15, 2416350
42.16, 2416350
42.17, 2416350
42.18, 2416350
42.19, 2416350
42.2, 2416350
42.21, 2416350
42.22, 2416350
42.23, 2416350
42.24, 2416350
42.25, 2416350
42.26, 2416350
42.27, 2416350
42.28, 2416350
42.29, 2416350
42.3, 2416350
42.31, 2416350
42.32, 2416350
42.33, 2416350
42.34, 2416350
42.35, 2416350
42.36, 2416350
42.37, 2416350
42.38, 2416350
42.39, 2416350
42.4, 2416350
42.41, 2416350
42.42, 2416350
42.43, 2416350
42.44, 2416350
42.45, 2416350
42.46, 2416350
42.47, 2416350
42.48, 2416350
42.49, 2416350
42.5, 2416350
42.51, 2416350
42.52, 2416350
42.53, 2416350
42.54, 2416350
42.55, 2416350
42.56, 2416350
42.57, 2416350
42.58, 2416350
42.59, 2416350
42.6, 2416350
42.61, 2416350
42.62, 2416350
42.63, 2416350
42.64, 2416350
42.65, 2416350
42.66, 2416350
42.67, 2416350
42.68, 2416350
42.69, 2416350
42.7, 2416350
42.71, 2416350
42.72, 2416350
42.73, 2416350
42.74, 2416350
42.75, 2416350
42.76, 2416350
42.77, 2416350
42.78, 2416350
42.79, 2416350
42.8, 2416350
42.81, 2416350
42.82, 2416350
42.83, 2416350
42.84, 2416350
42.85, 2416350
42.86, 2416350
42.87, 2416350
42.88, 2416350
42.89, 2416350
42.9, 2416350
42.91, 2416350
42.92, 2416350
42.93, 2416350
42.94, 2416350
42.95, 2416350
42.96, 2416350
42.97, 2416350
42.98, 2416350
42.99, 2416350
43.0, 2416350
43.01, 2416350
43.02, 2416350
43.03, 2416350
43.04, 2416350
43.05, 2416350
43.06, 2416350
43.07, 2416350
43.08, 2416350
43.09, 2416350
43.1, 2416350
43.11, 2416350
43.12, 2416350
43.13, 2416350
43.14, 2416350
43.15, 2416350
43.16, 2416350
43.17, 2416350
43.18, 2416350
43.19, 2416350
43.2, 2416350
43.21, 2416350
43.22, 2416350
43.23, 2416350
43.24, 2416350
43.25, 2416350
43.26, 2416350
43.27, 2416350
43.28, 2416350
43.29, 2416350
43.3, 2416350
43.31, 2416350
43.32, 2416350
43.33, 2416350
43.34, 2416350
43.35, 2416350
43.36, 2416350
43.37, 2416350
43.38, 2416350
43.39, 2416350
43.4, 2416350
43.41, 2416350
43.42, 2416350
43.43, 2416350
43.44, 2416350
43.45, 2416350
43.46, 2416350
43.47, 2416350
43.48, 2416350
43.49, 2416350
43.5, 2416350
43.51, 2416350
43.52, 2416350
43.53, 2416350
43.54, 2416350
43.55, 2416350
43.56, 2416350
43.57, 2416350
43.58, 2416350
43.59, 2416350
43.6, 2416350
43.61, 2416350
43.62, 2416350
43.63, 2416350
43.64, 2416350
43.65, 2416350
43.66, 2416350
43.67, 2416350
43.68, 2416350
43.69, 2416350
43.7, 2416350
43.71, 2416350
43.72, 2416350
43.73, 2416350
43.74, 2416350
43.75, 2416350
43.76, 2416350
43.77, 2416350
43.78, 2416350
43.79, 2416350
43.8, 2416350
43.81, 2416350
43.82, 2416350
43.83, 2416350
43.84, 2416350
43.85, 2416350
43.86, 2416350
43.87, 2416350
43.88, 2416350
43.89, 2416350
43.9, 2416350
43.91, 2416350
43.92, 2416350
43.93, 2416350
43.94, 2416350
43.95, 2416350
43.96, 2416350
43.97, 2416350
43.98, 2416350
43.99, 2416350
44.0, 2416350
44.01, 2416350
44.02, 2416350
44.03, 2416350
44.04, 2416350
44.05, 2416350
44.06, 2416350
44.07, 2416350
44.08, 2416350
44.09, 2416350
44.1, 2416350
44.11, 2416350
44.12, 2416350
44.13, 2416350
44.14, 2416350
44.15, 2416350
44.16, 2416350
44.17, 2416350
44.18, 2416350
44.19, 2416350
44.2, 2416350
44.21, 2416350
44.22, 2416350
44.23, 2416350
44.24, 2416350
44.25, 2416350
44.26, 2416350
44.27, 2416350
44.28, 2416350
44.29, 2416350
44.3, 2416350
44.31, 2416350
44.32, 2416350
44.33, 2416350
44.34, 2416350
44.35, 2416350
44.36, 2416350
44.37, 2416350
44.38, 2416350
44.39, 2416350
44.4, 2416350
44.41, 2416350
44.42, 2416350
44.43, 2416350
44.44, 2416350
44.45, 2416350
44.46, 2416350
44.47, 2416350
44.48, 2416350
44.49, 2416350
44.5, 2416350
44.51, 2416350
44.52, 2416350
44.53, 2416350
44.54, 2416350
44.55, 2416350
44.56, 2416350
44.57, 2416350
44.58, 2416350
44.59, 2416350
44.6, 2416350
44.61, 2416350
44.62, 2416350
44.63, 2416350
44.64, 2416350
44.65, 2416350
44.66, 2416350
44.67, 2416350
44.68, 2416350
44.69, 2416350
44.7, 2416350
44.71, 2416350
44.72, 2416350
44.73, 2416350
44.74, 2416350
44.75, 2416350
44.76, 2416350
44.77, 2416350
44.78, 2416350
44.79, 2416350
44.8, 2416350
44.81, 2416350
44.82, 2416350
44.83, 2416350
44.84, 2416350
44.85, 2416350
44.86, 2416350
44.87, 2416350
44.88, 2416350
44.89, 2416350
44.9, 2416350
44.91, 2416350
44.92, 2416350
44.93, 2416350
44.94, 2416350
44.95, 2416350
44.96, 2416350
44.97, 2416350
44.98, 2416350
44.99, 2416350
45.0, 2416350
45.01, 2416350
45.02, 2416350
45.03, 2416350
45.04, 2416350
45.05, 2416350
45.06, 2416350
45.07, 2416350
45.08, 2416350
45.09, 2416350
45.1, 2416350
45.11, 2416350
45.12, 2416350
45.13, 2416350
45.14, 2416350
45.15, 2416350
45.16, 2416350
45.17, 2416350
45.18, 2416350
45.19, 2416350
45.2, 2416350
45.21, 2416350
45.22, 2416350
45.23, 2416350
45.24, 2416350
45.25, 2416350
45.26, 2416350
45.27, 2416350
45.28, 2416350
45.29, 2416350
45.3, 2416350
45.31, 2416350
45.32, 2416350
45.33, 2416350
45.34, 2416350
45.35, 2416350
45.36, 2416350
45.37, 2416350
45.38, 2416350
45.39, 2416350
45.4, 2416350
45.41, 2416350
45.42, 2416350
45.43, 2416350
45.44, 2416350
45.45, 2416350
45.46, 2416350
45.47, 2416350
45.48, 2416350
45.49, 2416350
45.5, 2416350
45.51, 2416350
45.52, 2416350
45.53, 2416350
45.54, 2416350
45.55, 2416350
45.56, 2416350
45.57, 2416350
45.58, 2416350
45.59, 2416350
45.6, 2416350
45.61, 2416350
45.62, 2416350
45.63, 2416350
45.64, 2416350
45.65, 2416350
45.66, 2416350
45.67, 2416350
45.68, 2416350
45.69, 2416350
45.7, 2416350
45.71, 2416350
45.72, 2416350
45.73, 2416350
45.74, 2416350
45.75, 2416350
45.76, 2416350
45.77, 2416350
45.78, 2416350
45.79, 2416350
45.8, 2416350
45.81, 2416350
45.82, 2416350
45.83, 2416350
45.84, 2416350
45.85, 2416350
45.86, 2416350
45.87, 2416350
45.88, 2416350
45.89, 2416350
45.9, 2416350
45.91, 2416350
45.92, 2416350
45.93, 2416350
45.94, 2416350
45.95, 2416350
45.96, 2416350
45.97, 2416350
45.98, 2416350
45.99, 2416350
46.0, 2416350
46.01, 2416350
46.02, 2416350
46.03, 2416350
46.04, 2416350
46.05, 2416350
46.06, 2416350
46.07, 2416350
46.08, 2416350
46.09, 2416350
46.1, 2416350
46.11, 2416350
46.12, 2416350
46.13, 2416350
46.14, 2416350
46.15, 2416350
46.16, 2416350
46.17, 2416350
46.18, 2416350
46.19, 2416350
46.2, 2416350
46.21, 2416350
46.22, 2416350
46.23, 2416350
46.24, 2416350
46.25, 2416350
46.26, 2416350
46.27, 2416350
46.28, 2416350
46.29, 2416350
46.3, 2416350
46.31, 2416350
46.32, 2416350
46.33, 2416350
46.34, 2416350
46.35, 2416350
46.36, 2416350
46.37, 2416350
46.38, 2416350
46.39, 2416350
46.4, 2416350
46.41, 2416350
46.42, 2416350
46.43, 2416350
46.44, 2416350
46.45, 2416350
46.46, 2416350
46.47, 2416350
46.48, 2416350
46.49, 2416350
46.5, 2416350
46.51, 2416350
46.52, 2416350
46.53, 2416350
46.54, 2416350
46.55, 2416350
46.56, 2416350
46.57, 2416350
46.58, 2416350
46.59, 2416350
46.6, 2416350
46.61, 2416350
46.62, 2416350
46.63, 2416350
46.64, 2416350
46.65, 2416350
46.66, 2416350
46.67, 2416350
46.68, 2416350
46.69, 2416350
46.7, 2416350
46.71, 2416350
46.72, 2416350
46.73, 2416350
46.74, 2416350
46.75, 2416350
46.76, 2416350
46.77, 2416350
46.78, 2416350
46.79, 2416350
46.8, 2416350
46.81, 2416350
46.82, 2416350
46.83, 2416350
46.84, 2416350
46.85, 2416350
46.86, 2416350
46.87, 2416350
46.88, 2416350
46.89, 2416350
46.9, 2416350
46.91, 2416350
46.92, 2416350
46.93, 2416350
46.94, 2416350
46.95, 2416350
46.96, 2416350
46.97, 2416350
46.98, 2416350
46.99, 2416350
47.0, 2416350
47.01, 2416350
47.02, 2416350
47.03, 2416350
47.04, 2416350
47.05, 2416350
47.06, 2416350
47.07, 2416350
47.08, 2416350
47.09, 2416350
47.1, 2416350
47.11, 2416350
47.12, 2416350
47.13, 2416350
47.14, 2416350
47.15, 2416350
47.16, 2416350
47.17, 2416350
47.18, 2416350
47.19, 2416350
47.2, 2416350
47.21, 2416350
47.22, 2416350
47.23, 2416350
47.24, 2416350
47.25, 2416350
47.26, 2416350
47.27, 2416350
47.28, 2416350
47.29, 2416350
47.3, 2416350
47.31, 2416350
47.32, 2416350
47.33, 2416350
47.34, 2416350
47.35, 2416350
47.36, 2416350
47.37, 2416350
47.38, 2416350
47.39, 2416350
47.4, 2416350
47.41, 2416350
47.42, 2416350
47.43, 2416350
47.44, 2416350
47.45, 2416350
47.46, 2416350
47.47, 2416350
47.48, 2416350
47.49, 2416350
47.5, 2416350
47.51, 2416350
47.52, 2416350
47.53, 2416350
47.54, 2416350
47.55, 2416350
47.56, 2416350
47.57, 2416350
47.58, 2416350
47.59, 2416350
47.6, 2416350
47.61, 2416350
47.62, 2416350
47.63, 2416350
47.64, 2416350
47.65, 2416350
47.66, 2416350
47.67, 2416350
47.68, 2416350
47.69, 2416350
47.7, 2416350
47.71, 2416350
47.72, 2416350
47.73, 2416350
47.74, 2416350
47.75, 2416350
47.76, 2416350
47.77, 2416350
47.78, 2416350
47.79, 2416350
47.8, 2416350
47.81, 2416350
47.82, 2416350
47.83, 2416350
47.84, 2416350
47.85, 2416350
47.86, 2416350
47.87, 2416350
47.88, 2416350
47.89, 2416350
47.9, 2416350
47.91, 2416350
47.92, 2416350
47.93, 2416350
47.94, 2416350
47.95, 2416350
47.96, 2416350
47.97, 2416350
47.98, 2416350
47.99, 2416350
48.0, 2416350
48.01, 2416350
48.02, 2416350
48.03, 2416350
48.04, 2416350
48.05, 2416350
48.06, 2416350
48.07, 2416350
48.08, 2416350
48.09, 2416350
48.1, 2416350
48.11, 2416350
48.12, 2416350
48.13, 2416350
48.14, 2416350
48.15, 2416350
48.16, 2416350
48.17, 2416350
48.18, 2416350
48.19, 2416350
48.2, 2416350
48.21, 2416350
48.22, 2416350
48.23, 2416350
48.24, 2416350
48.25, 2416350
48.26, 2416350
48.27, 2416350
48.28, 2416350
48.29, 2416350
48.3, 2416350
48.31, 2416350
48.32, 2416350
48.33, 2416350
48.34, 2416350
48.35, 2416350
48.36, 2416350
48.37, 2416350
48.38, 2416350
48.39, 2416350
48.4, 2416350
48.41, 2416350
48.42, 2416350
48.43, 2416350
48.44, 2416350
48.45, 2416350
48.46, 2416350
48.47, 2416350
48.48, 2416350
48.49, 2416350
48.5, 2416350
48.51, 2416350
48.52, 2416350
48.53, 2416350
48.54, 2416350
48.55, 2416350
48.56, 2416350
48.57, 2416350
48.58, 2416350
48.59, 2416350
48.6, 2416350
48.61, 2416350
48.62, 2416350
48.63, 2416350
48.64, 2416350
48.65, 2416350
48.66, 2416350
48.67, 2416350
48.68, 2416350
48.69, 2416350
48.7, 2416350
48.71, 2416350
48.72, 2416350
48.73, 2416350
48.74, 2416350
48.75, 2416350
48.76, 2416350
48.77, 2416350
48.78, 2416350
48.79, 2416350
48.8, 2416350
48.81, 2416350
48.82, 2416350
48.83, 2416350
48.84, 2416350
48.85, 2416350
48.86, 2416350
48.87, 2416350
48.88, 2416350
48.89, 2416350
48.9, 2416350
48.91, 2416350
48.92, 2416350
48.93, 2416350
48.94, 2416350
48.95, 2416350
48.96, 2416350
48.97, 2416350
48.98, 2416350
48.99, 2416350
49.0, 2416350
49.01, 2416350
49.02, 2416350
49.03, 2416350
49.04, 2416350
49.05, 2416350
49.06, 2416350
49.07, 2416350
49.08, 2416350
49.09, 2416350
49.1, 2416350
49.11, 2416350
49.12, 2416350
49.13, 2416350
49.14, 2416350
49.15, 2416350
49.16, 2416350
49.17, 2416350
49.18, 2416350
49.19, 2416350
49.2, 2416350
49.21, 2416350
49.22, 2416350
49.23, 2416350
49.24, 2416350
49.25, 2416350
49.26, 2416350
49.27, 2416350
49.28, 2416350
49.29, 2416350
49.3, 2416350
49.31, 2416350
49.32, 2416350
49.33, 2416350
49.34, 2416350
49.35, 2416350
49.36, 2416350
49.37, 2416350
49.38, 2416350
49.39, 2416350
49.4, 2416350
49.41, 2416350
49.42, 2416350
49.43, 2416350
49.44, 2416350
49.45, 2416350
49.46, 2416350
49.47, 2416350
49.48, 2416350
49.49, 2416350
49.5, 2416350
49.51, 2416350
49.52, 2416350
49.53, 2416350
49.54, 2416350
49.55, 2416350
49.56, 2416350
49.57, 2416350
49.58, 2416350
49.59, 2416350
49.6, 2416350
49.61, 2416350
49.62, 2416350
49.63, 2416350
49.64, 2416350
49.65, 2416350
49.66, 2416350
49.67, 2416350
49.68, 2416350
49.69, 2416350
49.7, 2416350
49.71, 2416350
49.72, 2416350
49.73, 2416350
49.74, 2416350
49.75, 2416350
49.76, 2416350
49.77, 2416350
49.78, 2416350
49.79, 2416350
49.8, 2416350
49.81, 2416350
49.82, 2416350
49.83, 2416350
49.84, 2416350
49.85, 2416350
49.86, 2416350
49.87, 2416350
49.88, 2416350
49.89, 2416350
49.9, 2416350
49.91, 2416350
49.92, 2416350
49.93, 2416350
49.94, 2416350
49.95, 2416350
49.96, 2416350
49.97, 2416350
49.98, 2416350
49.99, 2416350
50.0, 2416350
50.01, 2416350
50.02, 2416350
50.03, 2416350
50.04, 2416350
50.05, 2416350
50.06, 2416350
50.07, 2416350
50.08, 2416350
50.09, 2416350
50.1, 2416350
50.11, 2416350
50.12, 2416350
50.13, 2416350
50.14, 2416350
50.15, 2416350
50.16, 2416350
50.17, 2416350
50.18, 2416350
50.19, 2416350
50.2, 2416350
50.21, 2416350
50.22, 2416350
50.23, 2416350
50.24, 2416350
50.25, 2416350
50.26, 2416350
50.27, 2416350
50.28, 2416350
50.29, 2416350
50.3, 2416350
50.31, 2416350
50.32, 2416350
50.33, 2416350
50.34, 2416350
50.35, 2416350
50.36, 2416350
50.37, 2416350
50.38, 2416350
50.39, 2416350
50.4, 2416350
50.41, 2416350
50.42, 2416350
50.43, 2416350
50.44, 2416350
50.45, 2416350
50.46, 2416350
50.47, 2416350
50.48, 2416350
50.49, 2416350
50.5, 2416350
50.51, 2416350
50.52, 2416350
50.53, 2416350
50.54, 2416350
50.55, 2416350
50.56, 2416350
50.57, 2416350
50.58, 2416350
50.59, 2416350
50.6, 2416350
50.61, 2416350
50.62, 2416350
50.63, 2416350
50.64, 2416350
50.65, 2416350
50.66, 2416350
50.67, 2416350
50.68, 2416350
50.69, 2416350
50.7, 2416350
50.71, 2416350
50.72, 2416350
50.73, 2416350
50.74, 2416350
50.75, 2416350
50.76, 2416350
50.77, 2416350
50.78, 2416350
50.79, 2416350
50.8, 2416350
50.81, 2416350
50.82, 2416350
50.83, 2416350
50.84, 2416350
50.85, 2416350
50.86, 2416350
50.87, 2416350
50.88, 2416350
50.89, 2416350
50.9, 2416350
50.91, 2416350
50.92, 2416350
50.93, 2416350
50.94, 2416350
50.95, 2416350
50.96, 2416350
50.97, 2416350
50.98, 2416350
50.99, 2416350
51.0, 2416350
51.01, 2416350
51.02, 2416350
51.03, 2416350
51.04, 2416350
51.05, 2416350
51.06, 2416350
51.07, 2416350
51.08, 2416350
51.09, 2416350
51.1, 2416350
51.11, 2416350
51.12, 2416350
51.13, 2416350
51.14, 2416350
51.15, 2416350
51.16, 2416350
51.17, 2416350
51.18, 2416350
51.19, 2416350
51.2, 2416350
51.21, 2416350
51.22, 2416350
51.23, 2416350
51.24, 2416350
51.25, 2416350
51.26, 2416350
51.27, 2416350
51.28, 2416350
51.29, 2416350
51.3, 2416350
51.31, 2416350
51.32, 2416350
51.33, 2416350
51.34, 2416350
51.35, 2416350
51.36, 2416350
51.37, 2416350
51.38, 2416350
51.39, 2416350
51.4, 2416350
51.41, 2416350
51.42, 2416350
51.43, 2416350
51.44, 2416350
51.45, 2416350
51.46, 2416350
51.47, 2416350
51.48, 2416350
51.49, 2416350
51.5, 2416350
51.51, 2416350
51.52, 2416350
51.53, 2416350
51.54, 2416350
51.55, 2416350
51.56, 2416350
51.57, 2416350
51.58, 2416350
51.59, 2416350
51.6, 2416350
51.61, 2416350
51.62, 2416350
51.63, 2416350
51.64, 2416350
51.65, 2416350
51.66, 2416350
51.67, 2416350
51.68, 2416350
51.69, 2416350
51.7, 2416350
51.71, 2416350
51.72, 2416350
51.73, 2416350
51.74, 2416350
51.75, 2416350
51.76, 2416350
51.77, 2416350
51.78, 2416350
51.79, 2416350
51.8, 2416350
51.81, 2416350
51.82, 2416350
51.83, 2416350
51.84, 2416350
51.85, 2416350
51.86, 2416350
51.87, 2416350
51.88, 2416350
51.89, 2416350
51.9, 2416350
51.91, 2416350
51.92, 2416350
51.93, 2416350
51.94, 2416350
51.95, 2416350
51.96, 2416350
51.97, 2416350
51.98, 2416350
51.99, 2416350
52.0, 2416350
52.01, 2416350
52.02, 2416350
52.03, 2416350
52.04, 2416350
52.05, 2416350
52.06, 2416350
52.07, 2416350
52.08, 2416350
52.09, 2416350
52.1, 2416350
52.11, 2416350
52.12, 2416350
52.13, 2416350
52.14, 2416350
52.15, 2416350
52.16, 2416350
52.17, 2416350
52.18, 2416350
52.19, 2416350
52.2, 2416350
52.21, 2416350
52.22, 2416350
52.23, 2416350
52.24, 2416350
52.25, 2416350
52.26, 2416350
52.27, 2416350
52.28, 2416350
52.29, 2416350
52.3, 2416350
52.31, 2416350
52.32, 2416350
52.33, 2416350
52.34, 2416350
52.35, 2416350
52.36, 2416350
52.37, 2416350
52.38, 2416350
52.39, 2416350
52.4, 2416350
52.41, 2416350
52.42, 2416350
52.43, 2416350
52.44, 2416350
52.45, 2416350
52.46, 2416350
52.47, 2416350
52.48, 2416350
52.49, 2416350
52.5, 2416350
52.51, 2416350
52.52, 2416350
52.53, 2416350
52.54, 2416350
52.55, 2416350
52.56, 2416350
52.57, 2416350
52.58, 2416350
52.59, 2416350
52.6, 2416350
52.61, 2416350
52.62, 2416350
52.63, 2416350
52.64, 2416350
52.65, 2416350
52.66, 2416350
52.67, 2416350
52.68, 2416350
52.69, 2416350
52.7, 2416350
52.71, 2416350
52.72, 2416350
52.73, 2416350
52.74, 2416350
52.75, 2416350
52.76, 2416350
52.77, 2416350
52.78, 2416350
52.79, 2416350
52.8, 2416350
52.81, 2416350
52.82, 2416350
52.83, 2416350
52.84, 2416350
52.85, 2416350
52.86, 2416350
52.87, 2416350
52.88, 2416350
52.89, 2416350
52.9, 2416350
52.91, 2416350
52.92, 2416350
52.93, 2416350
52.94, 2416350
52.95, 2416350
52.96, 2416350
52.97, 2416350
52.98, 2416350
52.99, 2416350
53.0, 2416350
53.01, 2416350
53.02, 2416350
53.03, 2416350
53.04, 2416350
53.05, 2416350
53.06, 2416350
53.07, 2416350
53.08, 2416350
53.09, 2416350
53.1, 2416350
53.11, 2416350
53.12, 2416350
53.13, 2416350
53.14, 2416350
53.15, 2416350
53.16, 2416350
53.17, 2416350
53.18, 2416350
53.19, 2416350
53.2, 2416350
53.21, 2416350
53.22, 2416350
53.23, 2416350
53.24, 2416350
53.25, 2416350
53.26, 2416350
53.27, 2416350
53.28, 2416350
53.29, 2416350
53.3, 2416350
53.31, 2416350
53.32, 2416350
53.33, 2416350
53.34, 2416350
53.35, 2416350
53.36, 2416350
53.37, 2416350
53.38, 2416350
53.39, 2416350
53.4, 2416350
53.41, 2416350
53.42, 2416350
53.43, 2416350
53.44, 2416350
53.45, 2416350
53.46, 2416350
53.47, 2416350
53.48, 2416350
53.49, 2416350
53.5, 2416350
53.51, 2416350
53.52, 2416350
53.53, 2416350
53.54, 2416350
53.55, 2416350
53.56, 2416350
53.57, 2416350
53.58, 2416350
53.59, 2416350
53.6, 2416350
53.61, 2416350
53.62, 2416350
53.63, 2416350
53.64, 2416350
53.65, 2416350
53.66, 2416350
53.67, 2416350
53.68, 2416350
53.69, 2416350
53.7, 2416350
53.71, 2416350
53.72, 2416350
53.73, 2416350
53.74, 2416350
53.75, 2416350
53.76, 2416350
53.77, 2416350
53.78, 2416350
53.79, 2416350
53.8, 2416350
53.81, 2416350
53.82, 2416350
53.83, 2416350
53.84, 2416350
53.85, 2416350
53.86, 2416350
53.87, 2416350
53.88, 2416350
53.89, 2416350
53.9, 2416350
53.91, 2416350
53.92, 2416350
53.93, 2416350
53.94, 2416350
53.95, 2416350
53.96, 2416350
53.97, 2416350
53.98, 2416350
53.99, 2416350
54.0, 2416350
54.01, 2416350
54.02, 2416350
54.03, 2416350
54.04, 2416350
54.05, 2416350
54.06, 2416350
54.07, 2416350
54.08, 2416350
54.09, 2416350
54.1, 2416350
54.11, 2416350
54.12, 2416350
54.13, 2416350
54.14, 2416350
54.15, 2416350
54.16, 2416350
54.17, 2416350
54.18, 2416350
54.19, 2416350
54.2, 2416350
54.21, 2416350
54.22, 2416350
54.23, 2416350
54.24, 2416350
54.25, 2416350
54.26, 2416350
54.27, 2416350
54.28, 2416350
54.29, 2416350
54.3, 2416350
54.31, 2416350
54.32, 2416350
54.33, 2416350
54.34, 2416350
54.35, 2416350
54.36, 2416350
54.37, 2416350
54.38, 2416350
54.39, 2416350
54.4, 2416350
54.41, 2416350
54.42, 2416350
54.43, 2416350
54.44, 2416350
54.45, 2416350
54.46, 2416350
54.47, 2416350
54.48, 2416350
54.49, 2416350
54.5, 2416350
54.51, 2416350
54.52, 2416350
54.53, 2416350
54.54, 2416350
54.55, 2416350
54.56, 2416350
54.57, 2416350
54.58, 2416350
54.59, 2416350
54.6, 2416350
54.61, 2416350
54.62, 2416350
54.63, 2416350
54.64, 2416350
54.65, 2416350
54.66, 2416350
54.67, 2416350
54.68, 2416350
54.69, 2416350
54.7, 2416350
54.71, 2416350
54.72, 2416350
54.73, 2416350
54.74, 2416350
54.75, 2416350
54.76, 2416350
54.77, 2416350
54.78, 2416350
54.79, 2416350
54.8, 2416350
54.81, 2416350
54.82, 2416350
54.83, 2416350
54.84, 2416350
54.85, 2416350
54.86, 2416350
54.87, 2416350
54.88, 2416350
54.89, 2416350
54.9, 2416350
54.91, 2416350
54.92, 2416350
54.93, 2416350
54.94, 2416350
54.95, 2416350
54.96, 2416350
54.97, 2416350
54.98, 2416350
54.99, 2416350
55.0, 2416350
55.01, 2416350
55.02, 2416350
55.03, 2416350
55.04, 2416350
55.05, 2416350
55.06, 2416350
55.07, 2416350
55.08, 2416350
55.09, 2416350
55.1, 2416350
55.11, 2416350
55.12, 2416350
55.13, 2416350
55.14, 2416350
55.15, 2416350
55.16, 2416350
55.17, 2416350
55.18, 2416350
55.19, 2416350
55.2, 2416350
55.21, 2416350
55.22, 2416350
55.23, 2416350
55.24, 2416350
55.25, 2416350
55.26, 2416350
55.27, 2416350
55.28, 2416350
55.29, 2416350
55.3, 2416350
55.31, 2416350
55.32, 2416350
55.33, 2416350
55.34, 2416350
55.35, 2416350
55.36, 2416350
55.37, 2416350
55.38, 2416350
55.39, 2416350
55.4, 2416350
55.41, 2416350
55.42, 2416350
55.43, 2416350
55.44, 2416350
55.45, 2416350
55.46, 2416350
55.47, 2416350
55.48, 2416350
55.49, 2416350
55.5, 2416350
55.51, 2416350
55.52, 2416350
55.53, 2416350
55.54, 2416350
55.55, 2416350
55.56, 2416350
55.57, 2416350
55.58, 2416350
55.59, 2416350
55.6, 2416350
55.61, 2416350
55.62, 2416350
55.63, 2416350
55.64, 2416350
55.65, 2416350
55.66, 2416350
55.67, 2416350
55.68, 2416350
55.69, 2416350
55.7, 2416350
55.71, 2416350
55.72, 2416350
55.73, 2416350
55.74, 2416350
55.75, 2416350
55.76, 2416350
55.77, 2416350
55.78, 2416350
55.79, 2416350
55.8, 2416350
55.81, 2416350
55.82, 2416350
55.83, 2416350
55.84, 2416350
55.85, 2416350
55.86, 2416350
55.87, 2416350
55.88, 2416350
55.89, 2416350
55.9, 2416350
55.91, 2416350
55.92, 2416350
55.93, 2416350
55.94, 2416350
55.95, 2416350
55.96, 2416350
55.97, 2416350
55.98, 2416350
55.99, 2416350
56.0, 2416350
56.01, 2416350
56.02, 2416350
56.03, 2416350
56.04, 2416350
56.05, 2416350
56.06, 2416350
56.07, 2416350
56.08, 2416350
56.09, 2416350
56.1, 2416350
56.11, 2416350
56.12, 2416350
56.13, 2416350
56.14, 2416350
56.15, 2416350
56.16, 2416350
56.17, 2416350
56.18, 2416350
56.19, 2416350
56.2, 2416350
56.21, 2416350
56.22, 2416350
56.23, 2416350
56.24, 2416350
56.25, 2416350
56.26, 2416350
56.27, 2416350
56.28, 2416350
56.29, 2416350
56.3, 2416350
56.31, 2416350
56.32, 2416350
56.33, 2416350
56.34, 2416350
56.35, 2416350
56.36, 2416350
56.37, 2416350
56.38, 2416350
56.39, 2416350
56.4, 2416350
56.41, 2416350
56.42, 2416350
56.43, 2416350
56.44, 2416350
56.45, 2416350
56.46, 2416350
56.47, 2416350
56.48, 2416350
56.49, 2416350
56.5, 2416350
56.51, 2416350
56.52, 2416350
56.53, 2416350
56.54, 2416350
56.55, 2416350
56.56, 2416350
56.57, 2416350
56.58, 2416350
56.59, 2416350
56.6, 2416350
56.61, 2416350
56.62, 2416350
56.63, 2416350
56.64, 2416350
56.65, 2416350
56.66, 2416350
56.67, 2416350
56.68, 2416350
56.69, 2416350
56.7, 2416350
56.71, 2416350
56.72, 2416350
56.73, 2416350
56.74, 2416350
56.75, 2416350
56.76, 2416350
56.77, 2416350
56.78, 2416350
56.79, 2416350
56.8, 2416350
56.81, 2416350
56.82, 2416350
56.83, 2416350
56.84, 2416350
56.85, 2416350
56.86, 2416350
56.87, 2416350
56.88, 2416350
56.89, 2416350
56.9, 2416350
56.91, 2416350
56.92, 2416350
56.93, 2416350
56.94, 2416350
56.95, 2416350
56.96, 2416350
56.97, 2416350
56.98, 2416350
56.99, 2416350
57.0, 2416350
57.01, 2416350
57.02, 2416350
57.03, 2416350
57.04, 2416350
57.05, 2416350
57.06, 2416350
57.07, 2416350
57.08, 2416350
57.09, 2416350
57.1, 2416350
57.11, 2416350
57.12, 2416350
57.13, 2416350
57.14, 2416350
57.15, 2416350
57.16, 2416350
57.17, 2416350
57.18, 2416350
57.19, 2416350
57.2, 2416350
57.21, 2416350
57.22, 2416350
57.23, 2416350
57.24, 2416350
57.25, 2416350
57.26, 2416350
57.27, 2416350
57.28, 2416350
57.29, 2416350
57.3, 2416350
57.31, 2416350
57.32, 2416350
57.33, 2416350
57.34, 2416350
57.35, 2416350
57.36, 2416350
57.37, 2416350
57.38, 2416350
57.39, 2416350
57.4, 2416350
57.41, 2416350
57.42, 2416350
57.43, 2416350
57.44, 2416350
57.45, 2416350
57.46, 2416350
57.47, 2416350
57.48, 2416350
57.49, 2416350
57.5, 2416350
57.51, 2416350
57.52, 2416350
57.53, 2416350
57.54, 2416350
57.55, 2416350
57.56, 2416350
57.57, 2416350
57.58, 2416350
57.59, 2416350
57.6, 2416350
57.61, 2416350
57.62, 2416350
57.63, 2416350
57.64, 2416350
57.65, 2416350
57.66, 2416350
57.67, 2416350
57.68, 2416350
57.69, 2416350
57.7, 2416350
57.71, 2416350
57.72, 2416350
57.73, 2416350
57.74, 2416350
57.75, 2416350
57.76, 2416350
57.77, 2416350
57.78, 2416350
57.79, 2416350
57.8, 2416350
57.81, 2416350
57.82, 2416350
57.83, 2416350
57.84, 2416350
57.85, 2416350
57.86, 2416350
57.87, 2416350
57.88, 2416350
57.89, 2416350
57.9, 2416350
57.91, 2416350
57.92, 2416350
57.93, 2416350
57.94, 2416350
57.95, 2416350
57.96, 2416350
57.97, 2416350
57.98, 2416350
57.99, 2416350
58.0, 2416350
58.01, 2416350
58.02, 2416350
58.03, 2416350
58.04, 2416350
58.05, 2416350
58.06, 2416350
58.07, 2416350
58.08, 2416350
58.09, 2416350
58.1, 2416350
58.11, 2416350
58.12, 2416350
58.13, 2416350
58.14, 2416350
58.15, 2416350
58.16, 2416350
58.17, 2416350
58.18, 2416350
58.19, 2416350
58.2, 2416350
58.21, 2416350
58.22, 2416350
58.23, 2416350
58.24, 2416350
58.25, 2416350
58.26, 2416350
58.27, 2416350
58.28, 2416350
58.29, 2416350
58.3, 2416350
58.31, 2416350
58.32, 2416350
58.33, 2416350
58.34, 2416350
58.35, 2416350
58.36, 2416350
58.37, 2416350
58.38, 2416350
58.39, 2416350
58.4, 2416350
58.41, 2416350
58.42, 2416350
58.43, 2416350
58.44, 2416350
58.45, 2416350
58.46, 2416350
58.47, 2416350
58.48, 2416350
58.49, 2416350
58.5, 2416350
58.51, 2416350
58.52, 2416350
58.53, 2416350
58.54, 2416350
58.55, 2416350
58.56, 2416350
58.57, 2416350
58.58, 2416350
58.59, 2416350
58.6, 2416350
58.61, 2416350
58.62, 2416350
58.63, 2416350
58.64, 2416350
58.65, 2416350
58.66, 2416350
58.67, 2416350
58.68, 2416350
58.69, 2416350
58.7, 2416350
58.71, 2416350
58.72, 2416350
58.73, 2416350
58.74, 2416350
58.75, 2416350
58.76, 2416350
58.77, 2416350
58.78, 2416350
58.79, 2416350
58.8, 2416350
58.81, 2416350
58.82, 2416350
58.83, 2416350
58.84, 2416350
58.85, 2416350
58.86, 2416350
58.87, 2416350
58.88, 2416350
58.89, 2416350
58.9, 2416350
58.91, 2416350
58.92, 2416350
58.93, 2416350
58.94, 2416350
58.95, 2416350
58.96, 2416350
58.97, 2416350
58.98, 2416350
58.99, 2416350
59.0, 2416350
59.01, 2416350
59.02, 2416350
59.03, 2416350
59.04, 2416350
59.05, 2416350
59.06, 2416350
59.07, 2416350
59.08, 2416350
59.09, 2416350
59.1, 2416350
59.11, 2416350
59.12, 2416350
59.13, 2416350
59.14, 2416350
59.15, 2416350
59.16, 2416350
59.17, 2416350
59.18, 2416350
59.19, 2416350
59.2, 2416350
59.21, 2416350
59.22, 2416350
59.23, 2416350
59.24, 2416350
59.25, 2416350
59.26, 2416350
59.27, 2416350
59.28, 2416350
59.29, 2416350
59.3, 2416350
59.31, 2416350
59.32, 2416350
59.33, 2416350
59.34, 2416350
59.35, 2416350
59.36, 2416350
59.37, 2416350
59.38, 2416350
59.39, 2416350
59.4, 2416350
59.41, 2416350
59.42, 2416350
59.43, 2416350
59.44, 2416350
59.45, 2416350
59.46, 2416350
59.47, 2416350
59.48, 2416350
59.49, 2416350
59.5, 2416350
59.51, 2416350
59.52, 2416350
59.53, 2416350
59.54, 2416350
59.55, 2416350
59.56, 2416350
59.57, 2416350
59.58, 2416350
59.59, 2416350
59.6, 2416350
59.61, 2416350
59.62, 2416350
59.63, 2416350
59.64, 2416350
59.65, 2416350
59.66, 2416350
59.67, 2416350
59.68, 2416350
59.69, 2416350
59.7, 2416350
59.71, 2416350
59.72, 2416350
59.73, 2416350
59.74, 2416350
59.75, 2416350
59.76, 2416350
59.77, 2416350
59.78, 2416350
59.79, 2416350
59.8, 2416350
59.81, 2416350
59.82, 2416350
59.83, 2416350
59.84, 2416350
59.85, 2416350
59.86, 2416350
59.87, 2416350
59.88, 2416350
59.89, 2416350
59.9, 2416350
59.91, 2416350
59.92, 2416350
59.93, 2416350
59.94, 2416350
59.95, 2416350
59.96, 2416350
59.97, 2416350
59.98, 2416350
59.99, 2416350
