0.0, 6817308
0.01, 6817308
0.02, 6817308
0.03, 6817308
0.04, 6817308
0.05, 6817308
0.06, 6817308
0.07, 6817308
0.08, 6817308
0.09, 6817308
0.1, 6817308
0.11, 6817308
0.12, 6797044
0.13, 6797044
0.14, 6797044
0.15, 6797044
0.16, 6501463
0.17, 6501463
0.18, 6501463
0.19, 6501463
0.2, 6501463
0.21, 6501463
0.22, 6501463
0.23, 6501463
0.24, 6501463
0.25, 6501463
0.26, 6501463
0.27, 6501463
0.28, 6501463
0.29, 6501463
0.3, 6501463
0.31, 6501463
0.32, 6501463
0.33, 6501463
0.34, 6501463
0.35, 6501463
0.36, 6501463
0.37, 6501463
0.38, 6501463
0.39, 6501463
0.4, 6501463
0.41, 6501463
0.42, 6501463
0.43, 6501463
0.44, 6501463
0.45, 6501463
0.46, 6501463
0.47, 6501463
0.48, 6501463
0.49, 6501463
0.5, 6501463
0.51, 6501463
0.52, 6501463
0.53, 6501463
0.54, 6501463
0.55, 6501463
0.56, 6501463
0.57, 6501463
0.58, 6501463
0.59, 6501463
0.6, 6501463
0.61, 6501463
0.62, 6501463
0.63, 6501463
0.64, 6501463
0.65, 6501463
0.66, 6501463
0.67, 6501463
0.68, 6501463
0.69, 6501463
0.7, 6501463
0.71, 6501463
0.72, 6501463
0.73, 6501463
0.74, 6501463
0.75, 6501463
0.76, 6501463
0.77, 6501463
0.78, 6501463
0.79, 6501463
0.8, 6426124
0.81, 6426124
0.82, 6426124
0.83, 6426124
0.84, 6426124
0.85, 6426124
0.86, 6426124
0.87, 6426124
0.88, 6426124
0.89, 6426124
0.9, 6426124
0.91, 6426124
0.92, 6426124
0.93, 6426124
0.94, 6426124
0.95, 6426124
0.96, 6426124
0.97, 6426124
0.98, 6426124
0.99, 6426124
1.0, 6426124
1.01, 6426124
1.02, 6426124
1.03, 6426124
1.04, 6426124
1.05, 6426124
1.06, 6426124
1.07, 6426124
1.08, 6426124
1.09, 6426124
1.1, 6426124
1.11, 6426124
1.12, 6426124
1.13, 6426124
1.14, 6426124
1.15, 6426124
1.16, 6426124
1.17, 6426124
1.18, 6426124
1.19, 6426124
1.2, 6426124
1.21, 6426124
1.22, 6426124
1.23, 6426124
1.24, 6426124
1.25, 6426124
1.26, 6426124
1.27, 6426124
1.28, 6426124
1.29, 6426124
1.3, 6426124
1.31, 6426124
1.32, 6426124
1.33, 6426124
1.34, 6426124
1.35, 6426124
1.36, 6426124
1.37, 6426124
1.38, 6426124
1.39, 6426124
1.4, 6426124
1.41, 6426124
1.42, 6426124
1.43, 6426124
1.44, 6426124
1.45, 6426124
1.46, 6426124
1.47, 6426124
1.48, 6426124
1.49, 6426124
1.5, 6426124
1.51, 6426124
1.52, 6426124
1.53, 6426124
1.54, 6426124
1.55, 6426124
1.56, 6426124
1.57, 6426124
1.58, 6426124
1.59, 6426124
1.6, 6426124
1.61, 6426124
1.62, 6426124
1.63, 6426124
1.64, 6426124
1.65, 6426124
1.66, 6426124
1.67, 6426124
1.68, 6426124
1.69, 6426124
1.7, 6426124
1.71, 6426124
1.72, 6426124
1.73, 6426124
1.74, 6426124
1.75, 6426124
1.76, 6426124
1.77, 6426124
1.78, 6426124
1.79, 6426124
1.8, 6426124
1.81, 6426124
1.82, 6426124
1.83, 6426124
1.84, 6426124
1.85, 6426124
1.86, 6426124
1.87, 6426124
1.88, 6426124
1.89, 6426124
1.9, 6426124
1.91, 6426124
1.92, 6426124
1.93, 6426124
1.94, 6426124
1.95, 6426124
1.96, 6426124
1.97, 6426124
1.98, 6426124
1.99, 6426124
2.0, 6426124
2.01, 6426124
2.02, 6426124
2.03, 6426124
2.04, 6426124
2.05, 6426124
2.06, 6426124
2.07, 6426124
2.08, 6426124
2.09, 6426124
2.1, 6426124
2.11, 6426124
2.12, 6398804
2.13, 6398804
2.14, 6398804
2.15, 6398804
2.16, 6398804
2.17, 6398804
2.18, 6398804
2.19, 6398804
2.2, 6398804
2.21, 6398804
2.22, 6398804
2.23, 6398804
2.24, 6398804
2.25, 6398804
2.26, 6398804
2.27, 6398804
2.28, 6398804
2.29, 6398804
2.3, 6398804
2.31, 6398804
2.32, 6398804
2.33, 6398804
2.34, 6398804
2.35, 6398804
2.36, 6398804
2.37, 6398804
2.38, 6398804
2.39, 6398804
2.4, 6398804
2.41, 6398804
2.42, 6398804
2.43, 6398804
2.44, 6398804
2.45, 6398804
2.46, 6398804
2.47, 6398804
2.48, 6398804
2.49, 6398804
2.5, 6398804
2.51, 6398804
2.52, 6398804
2.53, 6398804
2.54, 6398804
2.55, 6398804
2.56, 6398804
2.57, 6398804
2.58, 6398804
2.59, 6398804
2.6, 6398804
2.61, 6398804
2.62, 6398804
2.63, 6398804
2.64, 6398804
2.65, 6398804
2.66, 6398804
2.67, 6398804
2.68, 6398804
2.69, 6398804
2.7, 6398804
2.71, 6398804
2.72, 6398804
2.73, 6398804
2.74, 6398804
2.75, 6398804
2.76, 6398804
2.77, 6398804
2.78, 6398804
2.79, 6398804
2.8, 6398804
2.81, 6398804
2.82, 6398804
2.83, 6398804
2.84, 6398804
2.85, 6398804
2.86, 6398804
2.87, 6398804
2.88, 6398804
2.89, 6398804
2.9, 6398804
2.91, 6398804
2.92, 6398804
2.93, 6398804
2.94, 6398804
2.95, 6398804
2.96, 6398804
2.97, 6398804
2.98, 6398804
2.99, 6398804
3.0, 6398804
3.01, 6398804
3.02, 6398804
3.03, 6398804
3.04, 6398804
3.05, 6398804
3.06, 6398804
3.07, 6398804
3.08, 6398804
3.09, 6398804
3.1, 6398804
3.11, 6398804
3.12, 6398804
3.13, 6398804
3.14, 6398804
3.15, 6398804
3.16, 6398804
3.17, 6398804
3.18, 6398804
3.19, 6398804
3.2, 6398804
3.21, 6398804
3.22, 6398804
3.23, 6398804
3.24, 6398804
3.25, 6398804
3.26, 6398804
3.27, 6398804
3.28, 6398804
3.29, 6398804
3.3, 6398804
3.31, 6398804
3.32, 6398804
3.33, 6398804
3.34, 6398804
3.35, 6398804
3.36, 6398804
3.37, 6398804
3.38, 6398804
3.39, 6398804
3.4, 6398804
3.41, 6398804
3.42, 6398804
3.43, 6398804
3.44, 6398804
3.45, 6398804
3.46, 6398804
3.47, 6398804
3.48, 6398804
3.49, 6398804
3.5, 6398804
3.51, 6398804
3.52, 6398804
3.53, 6398804
3.54, 6398804
3.55, 6398804
3.56, 6398804
3.57, 6398804
3.58, 6398804
3.59, 6398804
3.6, 6398804
3.61, 6398804
3.62, 6398804
3.63, 6398804
3.64, 6398804
3.65, 6398804
3.66, 6398804
3.67, 6398804
3.68, 6398804
3.69, 6398804
3.7, 6398804
3.71, 6398804
3.72, 6398804
3.73, 6398804
3.74, 6398804
3.75, 6398804
3.76, 6398804
3.77, 6398804
3.78, 6398804
3.79, 6398804
3.8, 6398804
3.81, 6398804
3.82, 6398804
3.83, 6398804
3.84, 6398804
3.85, 6398804
3.86, 6398804
3.87, 6398804
3.88, 6398804
3.89, 6398804
3.9, 6398804
3.91, 6398804
3.92, 6398804
3.93, 6398804
3.94, 6398804
3.95, 6398804
3.96, 6398804
3.97, 6398804
3.98, 6398804
3.99, 6398804
4.0, 6398804
4.01, 6398804
4.02, 6398804
4.03, 6398804
4.04, 6398804
4.05, 6398804
4.06, 6398804
4.07, 6398804
4.08, 6398804
4.09, 6398804
4.1, 6398804
4.11, 6398804
4.12, 6398804
4.13, 6398804
4.14, 6398804
4.15, 6398804
4.16, 6398804
4.17, 6398804
4.18, 6398804
4.19, 6398804
4.2, 6398804
4.21, 6398804
4.22, 6398804
4.23, 6398804
4.24, 6398804
4.25, 6398804
4.26, 6398804
4.27, 6398804
4.28, 6398804
4.29, 6398804
4.3, 6398804
4.31, 6398804
4.32, 6398804
4.33, 6398804
4.34, 6398804
4.35, 6398804
4.36, 6398804
4.37, 6398804
4.38, 6398804
4.39, 6398804
4.4, 6398804
4.41, 6398804
4.42, 6398804
4.43, 6398804
4.44, 6398804
4.45, 6398804
4.46, 6398804
4.47, 6398804
4.48, 6398804
4.49, 6398804
4.5, 6398804
4.51, 6398804
4.52, 6398804
4.53, 6398804
4.54, 6398804
4.55, 6398804
4.56, 6398804
4.57, 6398804
4.58, 6398804
4.59, 6398804
4.6, 6398804
4.61, 6398804
4.62, 6398804
4.63, 6398804
4.64, 6398804
4.65, 6398804
4.66, 6398804
4.67, 6398804
4.68, 6398804
4.69, 6398804
4.7, 6398804
4.71, 6398804
4.72, 6398804
4.73, 6398804
4.74, 6398804
4.75, 6398804
4.76, 6398804
4.77, 6398804
4.78, 6398804
4.79, 6398804
4.8, 6398804
4.81, 6398804
4.82, 6398804
4.83, 6398804
4.84, 6398804
4.85, 6398804
4.86, 6398804
4.87, 6398804
4.88, 6398804
4.89, 6398804
4.9, 6398804
4.91, 6398804
4.92, 6398804
4.93, 6398804
4.94, 6398804
4.95, 6398804
4.96, 6398804
4.97, 6398804
4.98, 6398804
4.99, 6398804
5.0, 6398804
5.01, 6398804
5.02, 6398804
5.03, 6398804
5.04, 6398804
5.05, 6398804
5.06, 6398804
5.07, 6398804
5.08, 6398804
5.09, 6398804
5.1, 6398804
5.11, 6398804
5.12, 6398804
5.13, 6398804
5.14, 6398804
5.15, 6398804
5.16, 6398804
5.17, 6398804
5.18, 6398804
5.19, 6398804
5.2, 6398804
5.21, 6398804
5.22, 6398804
5.23, 6398804
5.24, 6398804
5.25, 6398804
5.26, 6398804
5.27, 6398804
5.28, 6398804
5.29, 6398804
5.3, 6398804
5.31, 6398804
5.32, 6398804
5.33, 6398804
5.34, 6398804
5.35, 6398804
5.36, 6398804
5.37, 6398804
5.38, 6398804
5.39, 6398804
5.4, 6398804
5.41, 6398804
5.42, 6398804
5.43, 6398804
5.44, 6398804
5.45, 6398804
5.46, 6398804
5.47, 6398804
5.48, 6398804
5.49, 6398804
5.5, 6398804
5.51, 6398804
5.52, 6398804
5.53, 6398804
5.54, 6398804
5.55, 6398804
5.56, 6398804
5.57, 6398804
5.58, 6398804
5.59, 6398804
5.6, 6398804
5.61, 6398804
5.62, 6398804
5.63, 6398804
5.64, 6398804
5.65, 6398804
5.66, 6398804
5.67, 6398804
5.68, 6398804
5.69, 6398804
5.7, 6398804
5.71, 6398804
5.72, 6398804
5.73, 6398804
5.74, 6398804
5.75, 6398804
5.76, 6398804
5.77, 6398804
5.78, 6398804
5.79, 6398804
5.8, 6351378
5.81, 6351378
5.82, 6351378
5.83, 6351378
5.84, 6351378
5.85, 6351378
5.86, 6351378
5.87, 6351378
5.88, 6351378
5.89, 6351378
5.9, 6351378
5.91, 6351378
5.92, 6351378
5.93, 6351378
5.94, 6351378
5.95, 6351378
5.96, 6351378
5.97, 6351378
5.98, 6351378
5.99, 6351378
6.0, 6351378
6.01, 6351378
6.02, 6351378
6.03, 6351378
6.04, 6351378
6.05, 6173997
6.06, 6173997
6.07, 6173997
6.08, 6173997
6.09, 6173997
6.1, 6173997
6.11, 6173997
6.12, 6173997
6.13, 6173997
6.14, 6173997
6.15, 6173997
6.16, 6173997
6.17, 6173997
6.18, 6173997
6.19, 6173997
6.2, 6173997
6.21, 6173997
6.22, 6173997
6.23, 6173997
6.24, 6173997
6.25, 6173997
6.26, 6173997
6.27, 6173997
6.28, 6173997
6.29, 6173997
6.3, 6173997
6.31, 6173997
6.32, 6173997
6.33, 6173997
6.34, 6173997
6.35, 6173997
6.36, 6173997
6.37, 6173997
6.38, 6173997
6.39, 6173997
6.4, 6173997
6.41, 6173997
6.42, 6173997
6.43, 6173997
6.44, 6173997
6.45, 6173997
6.46, 6173997
6.47, 6173997
6.48, 6173997
6.49, 6173997
6.5, 6173997
6.51, 6173997
6.52, 6173997
6.53, 6173997
6.54, 6173997
6.55, 6173997
6.56, 6173997
6.57, 6173997
6.58, 6173997
6.59, 6173997
6.6, 6173997
6.61, 6173997
6.62, 6173997
6.63, 6173997
6.64, 6173997
6.65, 6173997
6.66, 6173997
6.67, 6173997
6.68, 6173997
6.69, 6173997
6.7, 6173997
6.71, 6173997
6.72, 6173997
6.73, 6173997
6.74, 6173997
6.75, 6173997
6.76, 6173997
6.77, 6173997
6.78, 6173997
6.79, 6173997
6.8, 6173997
6.81, 6173997
6.82, 6173997
6.83, 6173997
6.84, 6173997
6.85, 6173997
6.86, 6173997
6.87, 6173997
6.88, 6173997
6.89, 6173997
6.9, 6173997
6.91, 6173997
6.92, 6173997
6.93, 6173997
6.94, 6173997
6.95, 6173997
6.96, 6173997
6.97, 6173997
6.98, 6173997
6.99, 6173997
7.0, 6173997
7.01, 6173997
7.02, 6173997
7.03, 6173997
7.04, 6173997
7.05, 6173997
7.06, 6173997
7.07, 6173997
7.08, 6173997
7.09, 6173997
7.1, 6173997
7.11, 6173997
7.12, 6173997
7.13, 6173997
7.14, 6173997
7.15, 6173997
7.16, 6173997
7.17, 6173997
7.18, 6173997
7.19, 6173997
7.2, 6173997
7.21, 6173997
7.22, 6173997
7.23, 6173997
7.24, 6173997
7.25, 6173997
7.26, 6173997
7.27, 6173997
7.28, 6173997
7.29, 6173997
7.3, 6173997
7.31, 6173997
7.32, 6173997
7.33, 6173997
7.34, 6173997
7.35, 6173997
7.36, 6173997
7.37, 6173997
7.38, 6173997
7.39, 6173997
7.4, 6173997
7.41, 6173997
7.42, 6173997
7.43, 6173997
7.44, 6173997
7.45, 6173997
7.46, 6173997
7.47, 6173997
7.48, 6173997
7.49, 6173997
7.5, 6173997
7.51, 6173997
7.52, 6173997
7.53, 6173997
7.54, 6173997
7.55, 6173997
7.56, 6173997
7.57, 6173997
7.58, 6173997
7.59, 6173997
7.6, 6173997
7.61, 6173997
7.62, 6173997
7.63, 6173997
7.64, 6173997
7.65, 6173997
7.66, 6173997
7.67, 6173997
7.68, 6173997
7.69, 6173997
7.7, 6173997
7.71, 6173997
7.72, 6173997
7.73, 6173997
7.74, 6173997
7.75, 6173997
7.76, 6173997
7.77, 6173997
7.78, 6173997
7.79, 6173997
7.8, 6173997
7.81, 6173997
7.82, 6173997
7.83, 6173997
7.84, 6173997
7.85, 6173997
7.86, 6173997
7.87, 6173997
7.88, 6173997
7.89, 6173997
7.9, 6173997
7.91, 6173997
7.92, 6173997
7.93, 6173997
7.94, 6173997
7.95, 6173997
7.96, 6173997
7.97, 6173997
7.98, 6173997
7.99, 6173997
8.0, 6173997
8.01, 6173997
8.02, 6173997
8.03, 6173997
8.04, 6173997
8.05, 6173997
8.06, 6173997
8.07, 6173997
8.08, 6173997
8.09, 6173997
8.1, 6173997
8.11, 6173997
8.12, 6173997
8.13, 6173997
8.14, 6173997
8.15, 6173997
8.16, 6173997
8.17, 6173997
8.18, 6173997
8.19, 6173997
8.2, 6173997
8.21, 6173997
8.22, 6173997
8.23, 6173997
8.24, 6173997
8.25, 6173997
8.26, 6173997
8.27, 6173997
8.28, 6173997
8.29, 6173997
8.3, 6173997
8.31, 6173997
8.32, 6173997
8.33, 6173997
8.34, 6173997
8.35, 6173997
8.36, 6173997
8.37, 6173997
8.38, 6173997
8.39, 6173997
8.4, 6173997
8.41, 6173997
8.42, 6173997
8.43, 6173997
8.44, 6173997
8.45, 6173997
8.46, 6173997
8.47, 6173997
8.48, 6173997
8.49, 6173997
8.5, 6173997
8.51, 6173997
8.52, 6173997
8.53, 6173997
8.54, 6173997
8.55, 6173997
8.56, 6173997
8.57, 6173997
8.58, 6173997
8.59, 6173997
8.6, 6173997
8.61, 6173997
8.62, 6173997
8.63, 6173997
8.64, 6173997
8.65, 6173997
8.66, 6173997
8.67, 6173997
8.68, 6173997
8.69, 6173997
8.7, 6173997
8.71, 6173997
8.72, 6173997
8.73, 6173997
8.74, 6173997
8.75, 6173997
8.76, 6173997
8.77, 6173997
8.78, 6173997
8.79, 6173997
8.8, 6173997
8.81, 6173997
8.82, 6173997
8.83, 6173997
8.84, 6173997
8.85, 6173997
8.86, 6173997
8.87, 6173997
8.88, 6173997
8.89, 6173997
8.9, 6173997
8.91, 6173997
8.92, 6173997
8.93, 6173997
8.94, 6173997
8.95, 6173997
8.96, 6173997
8.97, 6173997
8.98, 6173997
8.99, 6173997
9.0, 6173997
9.01, 6173997
9.02, 6173997
9.03, 6173997
9.04, 6173997
9.05, 6173997
9.06, 6173997
9.07, 6173997
9.08, 6173997
9.09, 6173997
9.1, 6173997
9.11, 6173997
9.12, 6173997
9.13, 6173997
9.14, 6173997
9.15, 6173997
9.16, 6173997
9.17, 6173997
9.18, 6173997
9.19, 6173997
9.2, 6173997
9.21, 6173997
9.22, 6173997
9.23, 6173997
9.24, 6173997
9.25, 6173997
9.26, 6173997
9.27, 6173997
9.28, 6173997
9.29, 6173997
9.3, 6173997
9.31, 6173997
9.32, 6173997
9.33, 6173997
9.34, 6173997
9.35, 6173997
9.36, 6173997
9.37, 6173997
9.38, 6173997
9.39, 6173997
9.4, 6173997
9.41, 6173997
9.42, 6173997
9.43, 6173997
9.44, 6173997
9.45, 6173997
9.46, 6173997
9.47, 6173997
9.48, 6173997
9.49, 6173997
9.5, 6173997
9.51, 6173997
9.52, 6173997
9.53, 6173997
9.54, 6173997
9.55, 6173997
9.56, 6173997
9.57, 6173997
9.58, 6173997
9.59, 6173997
9.6, 6173997
9.61, 6173997
9.62, 6173997
9.63, 6173997
9.64, 6173997
9.65, 6173997
9.66, 6173997
9.67, 6173997
9.68, 6173997
9.69, 6173997
9.7, 6173997
9.71, 6173997
9.72, 6173997
9.73, 6173997
9.74, 6173997
9.75, 6173997
9.76, 6173997
9.77, 6173997
9.78, 6173997
9.79, 6173997
9.8, 6173997
9.81, 6173997
9.82, 6173997
9.83, 6173997
9.84, 6173997
9.85, 6173997
9.86, 6173997
9.87, 6173997
9.88, 6173997
9.89, 6173997
9.9, 6173997
9.91, 6173997
9.92, 6173997
9.93, 6173997
9.94, 6173997
9.95, 6173997
9.96, 6173997
9.97, 6173997
9.98, 6173997
9.99, 6173997
10.0, 6173997
10.01, 6173997
10.02, 6173997
10.03, 6173997
10.04, 6173997
10.05, 6173997
10.06, 6173997
10.07, 6173997
10.08, 6173997
10.09, 6173997
10.1, 6173997
10.11, 6173997
10.12, 6173997
10.13, 6173997
10.14, 6173997
10.15, 6173997
10.16, 6173997
10.17, 6173997
10.18, 6173997
10.19, 6173997
10.2, 6173997
10.21, 6173997
10.22, 6173997
10.23, 6173997
10.24, 6173997
10.25, 6173997
10.26, 6173997
10.27, 6173997
10.28, 6173997
10.29, 6173997
10.3, 6173997
10.31, 6173997
10.32, 6173997
10.33, 6173997
10.34, 6173997
10.35, 6173997
10.36, 6173997
10.37, 6173997
10.38, 6173997
10.39, 6173997
10.4, 6173997
10.41, 6173997
10.42, 6173997
10.43, 6173997
10.44, 6173997
10.45, 6173997
10.46, 6173997
10.47, 6173997
10.48, 6173997
10.49, 6173997
10.5, 6173997
10.51, 6173997
10.52, 6173997
10.53, 6173997
10.54, 6173997
10.55, 6173997
10.56, 6173997
10.57, 6173997
10.58, 6173997
10.59, 6173997
10.6, 6173997
10.61, 6173997
10.62, 6173997
10.63, 6173997
10.64, 6173997
10.65, 6173997
10.66, 6173997
10.67, 6173997
10.68, 6173997
10.69, 6173997
10.7, 6173997
10.71, 6173997
10.72, 6173997
10.73, 6173997
10.74, 6173997
10.75, 6173997
10.76, 6173997
10.77, 6173997
10.78, 6173997
10.79, 6173997
10.8, 6173997
10.81, 6173997
10.82, 6173997
10.83, 6173997
10.84, 6173997
10.85, 6173997
10.86, 6173997
10.87, 6173997
10.88, 6173997
10.89, 6173997
10.9, 6173997
10.91, 6173997
10.92, 6173997
10.93, 6173997
10.94, 6173997
10.95, 6173997
10.96, 6173997
10.97, 6173997
10.98, 6173997
10.99, 6173997
11.0, 6173997
11.01, 6173997
11.02, 6173997
11.03, 6173997
11.04, 6173997
11.05, 6173997
11.06, 6173997
11.07, 6173997
11.08, 6173997
11.09, 6173997
11.1, 6173997
11.11, 6173997
11.12, 6173997
11.13, 6173997
11.14, 6173997
11.15, 6173997
11.16, 6173997
11.17, 6173997
11.18, 6173997
11.19, 6173997
11.2, 6173997
11.21, 6173997
11.22, 6173997
11.23, 6173997
11.24, 6173997
11.25, 6173997
11.26, 6173997
11.27, 6173997
11.28, 6173997
11.29, 6173997
11.3, 6173997
11.31, 6173997
11.32, 6173997
11.33, 6173997
11.34, 6173997
11.35, 6173997
11.36, 6173997
11.37, 6173997
11.38, 6173997
11.39, 6173997
11.4, 6173997
11.41, 6173997
11.42, 6173997
11.43, 6173997
11.44, 6173997
11.45, 6173997
11.46, 6173997
11.47, 6173997
11.48, 6173997
11.49, 6173997
11.5, 6173997
11.51, 6173997
11.52, 6173997
11.53, 6173997
11.54, 6173997
11.55, 6173997
11.56, 6173997
11.57, 6173997
11.58, 6173997
11.59, 6173997
11.6, 6173997
11.61, 6173997
11.62, 6173997
11.63, 6173997
11.64, 6173997
11.65, 6173997
11.66, 6173997
11.67, 6173997
11.68, 6173997
11.69, 6173997
11.7, 6173997
11.71, 6173997
11.72, 6173997
11.73, 6173997
11.74, 6173997
11.75, 6173997
11.76, 6173997
11.77, 6173997
11.78, 6173997
11.79, 6173997
11.8, 6173997
11.81, 6173997
11.82, 6173997
11.83, 6173997
11.84, 6173997
11.85, 6173997
11.86, 6173997
11.87, 6173997
11.88, 6173997
11.89, 6173997
11.9, 6173997
11.91, 6173997
11.92, 6173997
11.93, 6173997
11.94, 6173997
11.95, 6173997
11.96, 6173997
11.97, 6173997
11.98, 6173997
11.99, 6173997
12.0, 6173997
12.01, 6173997
12.02, 6173997
12.03, 6173997
12.04, 6173997
12.05, 6173997
12.06, 6173997
12.07, 6173997
12.08, 6173997
12.09, 6173997
12.1, 6173997
12.11, 6173997
12.12, 6173997
12.13, 6173997
12.14, 6173997
12.15, 6173997
12.16, 6173997
12.17, 6173997
12.18, 6173997
12.19, 6173997
12.2, 6173997
12.21, 6173997
12.22, 6173997
12.23, 6173997
12.24, 6173997
12.25, 6173997
12.26, 6173997
12.27, 6173997
12.28, 6173997
12.29, 6173997
12.3, 6173997
12.31, 6173997
12.32, 6173997
12.33, 6173997
12.34, 6173997
12.35, 6173997
12.36, 6173997
12.37, 6173997
12.38, 6173997
12.39, 6173997
12.4, 6173997
12.41, 6173997
12.42, 6173997
12.43, 6173997
12.44, 6173997
12.45, 6173997
12.46, 6173997
12.47, 6173997
12.48, 6173997
12.49, 6173997
12.5, 6173997
12.51, 6173997
12.52, 6173997
12.53, 6173997
12.54, 6173997
12.55, 6173997
12.56, 6173997
12.57, 6173997
12.58, 6173997
12.59, 6173997
12.6, 6173997
12.61, 6173997
12.62, 6173997
12.63, 6173997
12.64, 6173997
12.66, 6173997
12.67, 6173997
12.68, 6173997
12.69, 6173997
12.7, 6173997
12.71, 6173997
12.72, 6173997
12.73, 6173997
12.74, 6173997
12.75, 6173997
12.76, 6173997
12.77, 6173997
12.78, 6173997
12.79, 6173997
12.8, 6173997
12.81, 6173997
12.82, 6173997
12.83, 6173997
12.84, 6173997
12.85, 6173997
12.86, 6173997
12.87, 6173997
12.88, 6173997
12.89, 6173997
12.9, 6173997
12.91, 6173997
12.92, 6173997
12.93, 6173997
12.94, 6173997
12.95, 6173997
12.96, 6173997
12.97, 6173997
12.98, 6173997
12.99, 6173997
13.0, 6173997
13.01, 6173997
13.02, 6173997
13.03, 6173997
13.04, 6173997
13.05, 6173997
13.06, 6173997
13.07, 6173997
13.08, 6173997
13.09, 6173997
13.1, 6173997
13.11, 6173997
13.12, 6173997
13.13, 6173997
13.14, 6173997
13.15, 6173997
13.16, 6173997
13.17, 6173997
13.18, 6173997
13.19, 6173997
13.2, 6173997
13.21, 6173997
13.22, 6173997
13.23, 6173997
13.24, 6173997
13.25, 6173997
13.26, 6173997
13.27, 6173997
13.28, 6173997
13.29, 6173997
13.3, 6173997
13.31, 6173997
13.32, 6173997
13.33, 6173997
13.34, 6173997
13.35, 6173997
13.36, 6173997
13.37, 6173997
13.38, 6173997
13.39, 6173997
13.4, 6173997
13.41, 6173997
13.42, 6173997
13.43, 6173997
13.44, 6173997
13.45, 6173997
13.46, 6173997
13.47, 6173997
13.48, 6173997
13.49, 6173997
13.5, 6173997
13.51, 6173997
13.52, 6173997
13.53, 6173997
13.54, 6173997
13.55, 6173997
13.56, 6173997
13.57, 6173997
13.58, 6173997
13.59, 6173997
13.6, 6173997
13.61, 6173997
13.62, 6173997
13.63, 6173997
13.64, 6173997
13.65, 6173997
13.66, 6173997
13.67, 6173997
13.68, 6173997
13.69, 6173997
13.7, 6173997
13.71, 6173997
13.72, 6173997
13.73, 6173997
13.74, 6173997
13.75, 6173997
13.76, 6173997
13.77, 6173997
13.78, 6173997
13.79, 6173997
13.8, 6173997
13.81, 6173997
13.82, 6173997
13.83, 6173997
13.84, 6173997
13.85, 6173997
13.86, 6173997
13.87, 6173997
13.88, 6173997
13.89, 6173997
13.9, 6173997
13.91, 6173997
13.92, 6173997
13.93, 6173997
13.94, 6173997
13.95, 6173997
13.96, 6173997
13.97, 6173997
13.98, 6173997
13.99, 6173997
14.0, 6173997
14.01, 6173997
14.02, 6173997
14.03, 6173997
14.04, 6173997
14.05, 6173997
14.06, 6173997
14.07, 6173997
14.08, 6173997
14.09, 6173997
14.1, 6173997
14.11, 6173997
14.12, 6173997
14.13, 6173997
14.14, 6173997
14.15, 6173997
14.16, 6173997
14.17, 6173997
14.18, 6173997
14.19, 6173997
14.2, 6173997
14.21, 6173997
14.22, 6173997
14.23, 6173997
14.24, 6173997
14.25, 6173997
14.26, 6173997
14.27, 6173997
14.28, 6173997
14.29, 6173997
14.3, 6173997
14.31, 6173997
14.32, 6173997
14.33, 6173997
14.34, 6173997
14.35, 6173997
14.36, 6173997
14.37, 6173997
14.38, 6173997
14.39, 6173997
14.4, 6173997
14.41, 6173997
14.42, 6173997
14.43, 6173997
14.44, 6173997
14.45, 6173997
14.46, 6173997
14.47, 6173997
14.48, 6173997
14.49, 6173997
14.5, 6173997
14.51, 6173997
14.52, 6173997
14.53, 6173997
14.54, 6173997
14.55, 6173997
14.56, 6173997
14.57, 6173997
14.58, 6173997
14.59, 6173997
14.6, 6173997
14.61, 6173997
14.62, 6173997
14.63, 6173997
14.64, 6173997
14.65, 6173997
14.66, 6173997
14.67, 6173997
14.68, 6173997
14.69, 6173997
14.7, 6173997
14.71, 6173997
14.72, 6173997
14.73, 6173997
14.74, 6173997
14.75, 6173997
14.76, 6173997
14.77, 6173997
14.78, 6173997
14.79, 6173997
14.8, 6173997
14.81, 6173997
14.82, 6173997
14.83, 6173997
14.84, 6173997
14.85, 6173997
14.86, 6173997
14.87, 6173997
14.88, 6173997
14.89, 6173997
14.9, 6173997
14.91, 6173997
14.92, 6173997
14.93, 6173997
14.94, 6173997
14.95, 6173997
14.96, 6173997
14.97, 6173997
14.98, 6173997
14.99, 6173997
15.0, 6173997
15.01, 6173997
15.02, 6173997
15.03, 6173997
15.04, 6173997
15.05, 6173997
15.06, 6173997
15.07, 6173997
15.08, 6173997
15.09, 6173997
15.1, 6173997
15.11, 6173997
15.12, 6173997
15.13, 6173997
15.14, 6173997
15.15, 6173997
15.16, 6173997
15.17, 6173997
15.18, 6173997
15.19, 6173997
15.2, 6173997
15.21, 6173997
15.22, 6173997
15.23, 6173997
15.24, 6173997
15.25, 6173997
15.26, 6173997
15.27, 6173997
15.28, 6173997
15.29, 6173997
15.3, 6173997
15.31, 6173997
15.32, 6173997
15.33, 6173997
15.34, 6173997
15.35, 6173997
15.36, 6173997
15.37, 6173997
15.38, 6173997
15.39, 6173997
15.4, 6173997
15.41, 6173997
15.42, 6173997
15.43, 6173997
15.44, 6173997
15.45, 6173997
15.46, 6173997
15.47, 6173997
15.48, 6173997
15.49, 6173997
15.5, 6173997
15.51, 6173997
15.52, 6173997
15.53, 6173997
15.54, 6173997
15.55, 6173997
15.56, 6173997
15.57, 6173997
15.58, 6173997
15.59, 6173997
15.6, 6173997
15.61, 6173997
15.62, 6173997
15.63, 6173997
15.64, 6173997
15.65, 6173997
15.66, 6173997
15.67, 6173997
15.68, 6173997
15.69, 6173997
15.7, 6173997
15.71, 6173997
15.72, 6173997
15.73, 6173997
15.74, 6173997
15.75, 6173997
15.76, 6173997
15.77, 6173997
15.78, 6173997
15.79, 6173997
15.8, 6173997
15.81, 6173997
15.82, 6173997
15.83, 6173997
15.84, 6173997
15.85, 6173997
15.86, 6173997
15.87, 6173997
15.88, 6173997
15.89, 6173997
15.9, 6173997
15.91, 6173997
15.92, 6173997
15.93, 6173997
15.94, 6173997
15.95, 6173997
15.96, 6173997
15.97, 6173997
15.98, 6173997
15.99, 6173997
16.0, 6173997
16.01, 6173997
16.02, 6173997
16.03, 6173997
16.04, 6173997
16.05, 6173997
16.06, 6173997
16.07, 6173997
16.08, 6173997
16.09, 6173997
16.1, 6173997
16.11, 6173997
16.12, 6173997
16.13, 6173997
16.14, 6173997
16.15, 6173997
16.16, 6173997
16.17, 6173997
16.18, 6173997
16.19, 6173997
16.2, 6173997
16.21, 6173997
16.22, 6173997
16.23, 6173997
16.24, 6173997
16.25, 6173997
16.26, 6173997
16.27, 6173997
16.28, 6173997
16.29, 6173997
16.3, 6173997
16.31, 6173997
16.32, 6173997
16.33, 6173997
16.34, 6173997
16.35, 6173997
16.36, 6173997
16.37, 6173997
16.38, 6173997
16.39, 6173997
16.4, 6173997
16.41, 6173997
16.42, 6173997
16.43, 6173997
16.44, 6173997
16.45, 6173997
16.46, 6173997
16.47, 6173997
16.48, 6173997
16.49, 6173997
16.5, 6173997
16.51, 6173997
16.52, 6173997
16.53, 6173997
16.54, 6173997
16.55, 6173997
16.56, 6173997
16.57, 6173997
16.58, 6173997
16.59, 6173997
16.6, 6173997
16.61, 6173997
16.62, 6173997
16.63, 6173997
16.64, 6173997
16.65, 6173997
16.66, 6173997
16.67, 6173997
16.68, 6173997
16.69, 6173997
16.7, 6173997
16.71, 6173997
16.72, 6173997
16.73, 6173997
16.74, 6173997
16.75, 6173997
16.76, 6173997
16.77, 6173997
16.78, 6173997
16.79, 6173997
16.8, 6173997
16.81, 6173997
16.82, 6173997
16.83, 6173997
16.84, 6173997
16.85, 6173997
16.86, 6173997
16.87, 6173997
16.88, 6173997
16.89, 6173997
16.9, 6173997
16.91, 6173997
16.92, 6173997
16.93, 6173997
16.94, 6173997
16.95, 6173997
16.96, 6173997
16.97, 6173997
16.98, 6173997
16.99, 6173997
17.0, 6173997
17.01, 6173997
17.02, 6173997
17.03, 6173997
17.04, 6173997
17.05, 6173997
17.06, 6173997
17.07, 6173997
17.08, 6173997
17.09, 6173997
17.1, 6173997
17.11, 6173997
17.12, 6173997
17.13, 6173997
17.14, 6173997
17.15, 6173997
17.16, 6173997
17.17, 6173997
17.18, 6173997
17.19, 6173997
17.2, 6173997
17.21, 6173997
17.22, 6173997
17.23, 6173997
17.24, 6173997
17.25, 6173997
17.26, 6173997
17.27, 6173997
17.28, 6173997
17.29, 6173997
17.3, 6173997
17.31, 6173997
17.32, 6173997
17.33, 6173997
17.34, 6173997
17.35, 6173997
17.36, 6173997
17.37, 6173997
17.38, 6173997
17.39, 6173997
17.4, 6173997
17.41, 6173997
17.42, 6173997
17.43, 6173997
17.44, 6173997
17.45, 6173997
17.46, 6173997
17.47, 6173997
17.48, 6173997
17.49, 6173997
17.5, 6173997
17.51, 6173997
17.52, 6173997
17.53, 6173997
17.54, 6173997
17.55, 6173997
17.56, 6173997
17.57, 6173997
17.58, 6173997
17.59, 6173997
17.6, 6173997
17.61, 6173997
17.62, 6173997
17.63, 6173997
17.64, 6173997
17.65, 6173997
17.66, 6173997
17.67, 6173997
17.68, 6173997
17.69, 6173997
17.7, 6173997
17.71, 6173997
17.72, 6173997
17.73, 6173997
17.74, 6173997
17.75, 6173997
17.76, 6173997
17.77, 6173997
17.78, 6173997
17.79, 6173997
17.8, 6173997
17.81, 6173997
17.82, 6173997
17.83, 6173997
17.84, 6173997
17.85, 6173997
17.86, 6173997
17.87, 6173997
17.88, 6173997
17.89, 6173997
17.9, 6173997
17.91, 6173997
17.92, 6173997
17.93, 6173997
17.94, 6173997
17.95, 6173997
17.96, 6173997
17.97, 6173997
17.98, 6173997
17.99, 6173997
18.0, 6173997
18.01, 6173997
18.02, 6173997
18.03, 6173997
18.04, 6173997
18.05, 6173997
18.06, 6173997
18.07, 6173997
18.08, 6173997
18.09, 6173997
18.1, 6173997
18.11, 6173997
18.12, 6173997
18.13, 6173997
18.14, 6173997
18.15, 6173997
18.16, 6173997
18.17, 6173997
18.18, 6173997
18.19, 6173997
18.2, 6173997
18.21, 6173997
18.22, 6173997
18.23, 6173997
18.24, 6173997
18.25, 6173997
18.26, 6173997
18.27, 6173997
18.28, 6173997
18.29, 6173997
18.3, 6173997
18.31, 6173997
18.32, 6173997
18.33, 6173997
18.34, 6173997
18.35, 6173997
18.36, 6173997
18.37, 6173997
18.38, 6173997
18.39, 6173997
18.4, 6173997
18.41, 6173997
18.42, 6173997
18.43, 6173997
18.44, 6173997
18.45, 6173997
18.46, 6173997
18.47, 6173997
18.48, 6173997
18.49, 6173997
18.5, 6173997
18.51, 6173997
18.52, 6173997
18.53, 6173997
18.54, 6173997
18.55, 6173997
18.56, 6173997
18.57, 6173997
18.58, 6173997
18.59, 6173997
18.6, 6173997
18.61, 6173997
18.62, 6173997
18.63, 6173997
18.64, 6173997
18.65, 6173997
18.66, 6173997
18.67, 6173997
18.68, 6173997
18.69, 6173997
18.7, 6173997
18.71, 6173997
18.72, 6173997
18.73, 6173997
18.74, 6173997
18.75, 6173997
18.76, 6173997
18.77, 6173997
18.78, 6173997
18.79, 6173997
18.8, 6173997
18.81, 6173997
18.82, 6173997
18.83, 6173997
18.84, 6173997
18.85, 6173997
18.86, 6173997
18.87, 6173997
18.88, 6173997
18.89, 6173997
18.9, 6173997
18.91, 6173997
18.92, 6173997
18.93, 6173997
18.94, 6173997
18.95, 6173997
18.96, 6173997
18.97, 6173997
18.98, 6173997
18.99, 6173997
19.0, 6173997
19.01, 6173997
19.02, 6173997
19.03, 6173997
19.04, 6173997
19.05, 6173997
19.06, 6173997
19.07, 6173997
19.08, 6173997
19.09, 6173997
19.1, 6173997
19.11, 6173997
19.12, 6173997
19.13, 6173997
19.14, 6173997
19.15, 6173997
19.16, 6173997
19.17, 6173997
19.18, 6173997
19.19, 6173997
19.2, 6173997
19.21, 6173997
19.22, 6173997
19.23, 6173997
19.24, 6173997
19.25, 6173997
19.26, 6173997
19.27, 6173997
19.28, 6173997
19.29, 6173997
19.3, 6173997
19.31, 6173997
19.32, 6173997
19.33, 6173997
19.34, 6173997
19.35, 6173997
19.36, 6173997
19.37, 6173997
19.38, 6173997
19.39, 6173997
19.4, 6173997
19.41, 6173997
19.42, 6173997
19.43, 6173997
19.44, 6173997
19.45, 6173997
19.46, 6173997
19.47, 6173997
19.48, 6173997
19.49, 6173997
19.5, 6173997
19.51, 6173997
19.52, 6173997
19.53, 6173997
19.54, 6173997
19.55, 6173997
19.56, 6173997
19.57, 6173997
19.58, 6173997
19.59, 6173997
19.6, 6173997
19.61, 6173997
19.62, 6173997
19.63, 6173997
19.64, 6173997
19.65, 6173997
19.66, 6173997
19.67, 6173997
19.68, 6173997
19.69, 6173997
19.7, 6173997
19.71, 6173997
19.72, 6173997
19.73, 6173997
19.74, 6173997
19.75, 6173997
19.76, 6173997
19.77, 6173997
19.78, 6173997
19.79, 6173997
19.8, 6173997
19.81, 6173997
19.82, 6173997
19.83, 6173997
19.84, 6173997
19.85, 6173997
19.86, 6173997
19.87, 6173997
19.88, 6173997
19.89, 6173997
19.9, 6173997
19.91, 6173997
19.92, 6173997
19.93, 6173997
19.94, 6173997
19.95, 6173997
19.96, 6173997
19.97, 6173997
19.98, 6173997
19.99, 6173997
20.0, 6173997
20.01, 6173997
20.02, 6173997
20.03, 6173997
20.04, 6173997
20.05, 6173997
20.06, 6173997
20.07, 6173997
20.08, 6173997
20.09, 6173997
20.1, 6173997
20.11, 6173997
20.12, 6173997
20.13, 6173997
20.14, 6173997
20.15, 6173997
20.16, 6173997
20.17, 6173997
20.18, 6173997
20.19, 6173997
20.2, 6173997
20.21, 6173997
20.22, 6173997
20.23, 6173997
20.24, 6173997
20.25, 6173997
20.26, 6173997
20.27, 6173997
20.28, 6173997
20.29, 6173997
20.3, 6173997
20.31, 6173997
20.32, 6173997
20.33, 6173997
20.34, 6173997
20.35, 6173997
20.36, 6173997
20.37, 6173997
20.38, 6173997
20.39, 6173997
20.4, 6173997
20.41, 6173997
20.42, 6173997
20.43, 6173997
20.44, 6173997
20.45, 6173997
20.46, 6173997
20.47, 6173997
20.48, 6173997
20.49, 6173997
20.5, 6173997
20.51, 6173997
20.52, 6173997
20.53, 6173997
20.54, 6173997
20.55, 6173997
20.56, 6173997
20.57, 6173997
20.58, 6173997
20.59, 6173997
20.6, 6173997
20.61, 6173997
20.62, 6173997
20.63, 6173997
20.64, 6173997
20.65, 6173997
20.66, 6173997
20.67, 6173997
20.68, 6173997
20.69, 6173997
20.7, 6173997
20.71, 6173997
20.72, 6173997
20.73, 6173997
20.74, 6173997
20.75, 6173997
20.76, 6173997
20.77, 6173997
20.78, 6173997
20.79, 6173997
20.8, 6173997
20.81, 6173997
20.82, 6173997
20.83, 6173997
20.84, 6173997
20.85, 6173997
20.86, 6173997
20.87, 6173997
20.88, 6173997
20.89, 6173997
20.9, 6173997
20.91, 6173997
20.92, 6173997
20.93, 6173997
20.94, 6173997
20.95, 6173997
20.96, 6173997
20.97, 6173997
20.98, 6173997
20.99, 6173997
21.0, 6173997
21.01, 6173997
21.02, 6173997
21.03, 6173997
21.04, 6173997
21.05, 6173997
21.06, 6173997
21.07, 6173997
21.08, 6173997
21.09, 6173997
21.1, 6173997
21.11, 6173997
21.12, 6173997
21.13, 6173997
21.14, 6173997
21.15, 6173997
21.16, 6173997
21.17, 6173997
21.18, 6173997
21.19, 6173997
21.2, 6173997
21.21, 6173997
21.22, 6173997
21.23, 6173997
21.24, 6173997
21.25, 6173997
21.26, 6173997
21.27, 6173997
21.28, 6173997
21.29, 6173997
21.3, 6173997
21.31, 6173997
21.32, 6173997
21.33, 6173997
21.34, 6173997
21.35, 6173997
21.36, 6173997
21.37, 6173997
21.38, 6173997
21.39, 6173997
21.4, 6173997
21.41, 6173997
21.42, 6173997
21.43, 6173997
21.44, 6173997
21.45, 6173997
21.46, 6173997
21.47, 6173997
21.48, 6173997
21.49, 6173997
21.5, 6173997
21.51, 6173997
21.52, 6173997
21.53, 6173997
21.54, 6173997
21.55, 6173997
21.56, 6173997
21.57, 6173997
21.58, 6173997
21.59, 6173997
21.6, 6173997
21.61, 6173997
21.62, 6173997
21.63, 6173997
21.64, 6173997
21.65, 6173997
21.66, 6173997
21.67, 6173997
21.68, 6173997
21.69, 6173997
21.7, 6173997
21.71, 6173997
21.72, 6173997
21.73, 6173997
21.74, 6173997
21.75, 6173997
21.76, 6173997
21.77, 6173997
21.78, 6173997
21.79, 6173997
21.8, 6173997
21.81, 6173997
21.82, 6173997
21.83, 6173997
21.84, 6173997
21.85, 6173997
21.86, 6173997
21.87, 6173997
21.88, 6173997
21.89, 6173997
21.9, 6173997
21.91, 6173997
21.92, 6173997
21.93, 6173997
21.94, 6173997
21.95, 6173997
21.96, 6173997
21.97, 6173997
21.98, 6173997
21.99, 6173997
22.0, 6173997
22.01, 6173997
22.02, 6173997
22.03, 6173997
22.04, 6173997
22.05, 6173997
22.06, 6173997
22.07, 6173997
22.08, 6173997
22.09, 6173997
22.1, 6173997
22.11, 6173997
22.12, 6173997
22.13, 6173997
22.14, 6173997
22.15, 6173997
22.16, 6173997
22.17, 6173997
22.18, 6173997
22.19, 6173997
22.2, 6173997
22.21, 6173997
22.22, 6173997
22.23, 6173997
22.24, 6173997
22.25, 6173997
22.26, 6173997
22.27, 6173997
22.28, 6173997
22.29, 6173997
22.3, 6173997
22.31, 6173997
22.32, 6173997
22.33, 6173997
22.34, 6173997
22.35, 6173997
22.36, 6173997
22.37, 6173997
22.38, 6173997
22.39, 6173997
22.4, 6173997
22.41, 6173997
22.42, 6173997
22.43, 6173997
22.44, 6173997
22.45, 6173997
22.46, 6173997
22.47, 6173997
22.48, 6173997
22.49, 6173997
22.5, 6173997
22.51, 6173997
22.52, 6173997
22.53, 6173997
22.54, 6173997
22.55, 6173997
22.56, 6173997
22.57, 6173997
22.58, 6173997
22.59, 6173997
22.6, 6173997
22.61, 6173997
22.62, 6173997
22.63, 6173997
22.64, 6173997
22.65, 6173997
22.66, 6173997
22.67, 6173997
22.68, 6173997
22.69, 6173997
22.7, 6173997
22.71, 6173997
22.72, 6173997
22.73, 6173997
22.74, 6173997
22.75, 6173997
22.76, 6173997
22.77, 6173997
22.78, 6173997
22.79, 6173997
22.8, 6173997
22.81, 6173997
22.82, 6173997
22.83, 6173997
22.84, 6173997
22.85, 6173997
22.86, 6173997
22.87, 6173997
22.88, 6173997
22.89, 6173997
22.9, 6173997
22.91, 6173997
22.92, 6173997
22.93, 6173997
22.94, 6173997
22.95, 6173997
22.96, 6173997
22.97, 6173997
22.98, 6173997
22.99, 6173997
23.0, 6173997
23.01, 6173997
23.02, 6173997
23.03, 6173997
23.04, 6173997
23.05, 6173997
23.06, 6173997
23.07, 6173997
23.08, 6173997
23.09, 6173997
23.1, 6173997
23.11, 6173997
23.12, 6173997
23.13, 6173997
23.14, 6173997
23.15, 6173997
23.16, 6173997
23.17, 6173997
23.18, 6173997
23.19, 6173997
23.2, 6173997
23.21, 6173997
23.22, 6173997
23.23, 6173997
23.24, 6173997
23.25, 6173997
23.26, 6173997
23.27, 6173997
23.28, 6173997
23.29, 6173997
23.3, 6173997
23.31, 6173997
23.32, 6173997
23.33, 6173997
23.34, 6173997
23.35, 6173997
23.36, 6173997
23.37, 6173997
23.38, 6173997
23.39, 6173997
23.4, 6173997
23.41, 6173997
23.42, 6173997
23.43, 6173997
23.44, 6173997
23.45, 6173997
23.46, 6173997
23.47, 6173997
23.48, 6173997
23.49, 6173997
23.5, 6173997
23.51, 6173997
23.52, 6173997
23.53, 6173997
23.54, 6173997
23.55, 6173997
23.56, 6173997
23.57, 6173997
23.58, 6173997
23.59, 6173997
23.6, 6173997
23.61, 6173997
23.62, 6173997
23.63, 6173997
23.64, 6173997
23.65, 6173997
23.66, 6173997
23.67, 6173997
23.68, 6173997
23.69, 6173997
23.7, 6173997
23.71, 6173997
23.72, 6173997
23.73, 6173997
23.74, 6173997
23.75, 6173997
23.76, 6173997
23.77, 6173997
23.78, 6173997
23.79, 6173997
23.8, 6173997
23.81, 6173997
23.82, 6173997
23.83, 6173997
23.84, 6173997
23.85, 6173997
23.86, 6173997
23.87, 6173997
23.88, 6173997
23.89, 6173997
23.9, 6173997
23.91, 6173997
23.92, 6173997
23.93, 6173997
23.94, 6173997
23.95, 6173997
23.96, 6173997
23.97, 6173997
23.98, 6173997
23.99, 6173997
24.0, 6173997
24.01, 6173997
24.02, 6173997
24.03, 6173997
24.04, 6173997
24.05, 6173997
24.06, 6173997
24.07, 6173997
24.08, 6173997
24.09, 6173997
24.1, 6173997
24.11, 6173997
24.12, 6173997
24.13, 6173997
24.14, 6173997
24.15, 6173997
24.16, 6173997
24.17, 6173997
24.18, 6173997
24.19, 6173997
24.2, 6173997
24.21, 6173997
24.22, 6173997
24.23, 6173997
24.24, 6173997
24.25, 6173997
24.26, 6173997
24.27, 6173997
24.28, 6173997
24.29, 6173997
24.3, 6173997
24.31, 6173997
24.32, 6173997
24.33, 6173997
24.34, 6173997
24.35, 6173997
24.36, 6173997
24.37, 6173997
24.38, 6173997
24.39, 6173997
24.4, 6173997
24.41, 6173997
24.42, 6173997
24.43, 6173997
24.44, 6173997
24.45, 6173997
24.46, 6173997
24.47, 6173997
24.48, 6173997
24.49, 6173997
24.5, 6173997
24.51, 6173997
24.52, 6173997
24.53, 6173997
24.54, 6173997
24.55, 6173997
24.56, 6173997
24.57, 6173997
24.58, 6173997
24.59, 6173997
24.6, 6173997
24.61, 6173997
24.62, 6173997
24.63, 6173997
24.64, 6173997
24.65, 6173997
24.66, 6173997
24.67, 6173997
24.68, 6173997
24.69, 6173997
24.7, 6173997
24.71, 6173997
24.72, 6173997
24.73, 6173997
24.74, 6173997
24.75, 6173997
24.76, 6173997
24.77, 6173997
24.78, 6173997
24.79, 6173997
24.8, 6173997
24.81, 6173997
24.82, 6173997
24.83, 6173997
24.84, 6173997
24.85, 6173997
24.86, 6173997
24.87, 6173997
24.88, 6173997
24.89, 6173997
24.9, 6173997
24.91, 6173997
24.92, 6173997
24.93, 6173997
24.94, 6173997
24.95, 6173997
24.96, 6173997
24.97, 6173997
24.98, 6173997
24.99, 6173997
25.0, 6173997
25.01, 6173997
25.02, 6173997
25.03, 6173997
25.04, 6173997
25.05, 6173997
25.06, 6173997
25.07, 6173997
25.08, 6173997
25.09, 6173997
25.1, 6173997
25.11, 6173997
25.12, 6173997
25.13, 6173997
25.14, 6173997
25.15, 6173997
25.16, 6173997
25.17, 6173997
25.18, 6173997
25.19, 6173997
25.2, 6173997
25.21, 6173997
25.22, 6173997
25.23, 6173997
25.24, 6173997
25.25, 6173997
25.26, 6173997
25.27, 6173997
25.28, 6173997
25.29, 6173997
25.3, 6173997
25.31, 6173997
25.32, 6173997
25.33, 6173997
25.34, 6173997
25.35, 6173997
25.36, 6173997
25.37, 6173997
25.38, 6173997
25.39, 6173997
25.4, 6173997
25.41, 6173997
25.42, 6173997
25.43, 6173997
25.44, 6173997
25.45, 6173997
25.46, 6173997
25.47, 6173997
25.48, 6173997
25.49, 6173997
25.5, 6173997
25.51, 6173997
25.52, 6173997
25.53, 6173997
25.54, 6173997
25.55, 6173997
25.56, 6173997
25.57, 6173997
25.58, 6173997
25.59, 6173997
25.6, 6173997
25.61, 6173997
25.62, 6173997
25.63, 6173997
25.64, 6173997
25.65, 6173997
25.66, 6173997
25.67, 6173997
25.68, 6173997
25.69, 6173997
25.7, 6173997
25.71, 6173997
25.72, 6173997
25.73, 6173997
25.74, 6173997
25.75, 6173997
25.76, 6173997
25.77, 6173997
25.78, 6173997
25.79, 6173997
25.8, 6173997
25.81, 6173997
25.82, 6173997
25.83, 6173997
25.84, 6173997
25.85, 6173997
25.86, 6173997
25.87, 6173997
25.88, 6173997
25.89, 6173997
25.9, 6173997
25.91, 6173997
25.92, 6173997
25.93, 6173997
25.94, 6173997
25.95, 6173997
25.96, 6173997
25.97, 6173997
25.98, 6173997
25.99, 6173997
26.0, 6173997
26.01, 6173997
26.02, 6173997
26.03, 6173997
26.04, 6173997
26.05, 6173997
26.06, 6173997
26.07, 6173997
26.08, 6173997
26.09, 6173997
26.1, 6173997
26.11, 6173997
26.12, 6173997
26.13, 6173997
26.14, 6173997
26.15, 6173997
26.16, 6173997
26.17, 6173997
26.18, 6173997
26.19, 6173997
26.2, 6173997
26.21, 6173997
26.22, 6173997
26.23, 6173997
26.24, 6173997
26.25, 6173997
26.26, 6173997
26.27, 6173997
26.28, 6173997
26.29, 6173997
26.3, 6173997
26.31, 6173997
26.32, 6173997
26.33, 6173997
26.34, 6173997
26.35, 6173997
26.36, 6173997
26.37, 6173997
26.38, 6173997
26.39, 6173997
26.4, 6173997
26.41, 6173997
26.42, 6173997
26.43, 6173997
26.44, 6173997
26.45, 6173997
26.46, 6173997
26.47, 6173997
26.48, 6173997
26.49, 6173997
26.5, 6173997
26.51, 6173997
26.52, 6173997
26.53, 6173997
26.54, 6173997
26.55, 6173997
26.56, 6173997
26.57, 6173997
26.58, 6173997
26.59, 6173997
26.6, 6173997
26.61, 6173997
26.62, 6173997
26.63, 6173997
26.64, 6173997
26.65, 6173997
26.66, 6173997
26.67, 6173997
26.68, 6173997
26.69, 6173997
26.7, 6173997
26.71, 6173997
26.72, 6173997
26.73, 6173997
26.74, 6173997
26.75, 6173997
26.76, 6173997
26.77, 6173997
26.78, 6173997
26.79, 6173997
26.8, 6173997
26.81, 6173997
26.82, 6173997
26.83, 6173997
26.84, 6173997
26.85, 6173997
26.86, 6173997
26.87, 6173997
26.88, 6173997
26.89, 6173997
26.9, 6173997
26.91, 6173997
26.92, 6173997
26.93, 6173997
26.94, 6173997
26.95, 6173997
26.96, 6173997
26.97, 6173997
26.98, 6173997
26.99, 6173997
27.0, 6173997
27.01, 6173997
27.02, 6173997
27.03, 6173997
27.04, 6173997
27.05, 6173997
27.06, 6173997
27.07, 6173997
27.08, 6173997
27.09, 6173997
27.1, 6173997
27.11, 6173997
27.12, 6173997
27.13, 6173997
27.14, 6173997
27.15, 6173997
27.16, 6173997
27.17, 6173997
27.18, 6173997
27.19, 6173997
27.2, 6173997
27.21, 6173997
27.22, 6173997
27.23, 6173997
27.24, 6173997
27.25, 6173997
27.26, 6173997
27.27, 6173997
27.28, 6173997
27.29, 6173997
27.3, 6173997
27.31, 6173997
27.32, 6173997
27.33, 6173997
27.34, 6173997
27.35, 6173997
27.36, 6173997
27.37, 6173997
27.38, 6173997
27.39, 6173997
27.4, 6173997
27.41, 6173997
27.42, 6173997
27.43, 6173997
27.44, 6173997
27.45, 6173997
27.46, 6173997
27.47, 6173997
27.48, 6173997
27.49, 6173997
27.5, 6173997
27.51, 6173997
27.52, 6173997
27.53, 6173997
27.54, 6173997
27.55, 6173997
27.56, 6173997
27.57, 6173997
27.58, 6173997
27.59, 6173997
27.6, 6173997
27.61, 6173997
27.62, 6173997
27.63, 6173997
27.64, 6173997
27.65, 6173997
27.66, 6173997
27.67, 6173997
27.68, 6173997
27.69, 6173997
27.7, 6173997
27.71, 6173997
27.72, 6173997
27.73, 6173997
27.74, 6173997
27.75, 6173997
27.76, 6173997
27.77, 6173997
27.78, 6173997
27.79, 6173997
27.8, 6173997
27.81, 6173997
27.82, 6173997
27.83, 6173997
27.84, 6173997
27.85, 6173997
27.86, 6173997
27.87, 6173997
27.88, 6173997
27.89, 6173997
27.9, 6173997
27.91, 6173997
27.92, 6173997
27.93, 6173997
27.94, 6173997
27.95, 6173997
27.96, 6173997
27.97, 6173997
27.98, 6173997
27.99, 6173997
28.0, 6173997
28.01, 6173997
28.02, 6173997
28.03, 6173997
28.04, 6173997
28.05, 6173997
28.06, 6173997
28.07, 6173997
28.08, 6173997
28.09, 6173997
28.1, 6173997
28.11, 6173997
28.12, 6173997
28.13, 6173997
28.14, 6173997
28.15, 6173997
28.16, 6173997
28.17, 6173997
28.18, 6173997
28.19, 6173997
28.2, 6173997
28.21, 6173997
28.22, 6173997
28.23, 6173997
28.24, 6173997
28.25, 6173997
28.26, 6173997
28.27, 6173997
28.28, 6173997
28.29, 6173997
28.3, 6173997
28.31, 6173997
28.32, 6173997
28.33, 6173997
28.34, 6173997
28.35, 6173997
28.36, 6173997
28.37, 6173997
28.38, 6173997
28.39, 6173997
28.4, 6173997
28.41, 6173997
28.42, 6173997
28.43, 6173997
28.44, 6173997
28.45, 6173997
28.46, 6173997
28.47, 6173997
28.48, 6173997
28.49, 6173997
28.5, 6173997
28.51, 6173997
28.52, 6173997
28.53, 6173997
28.54, 6173997
28.55, 6173997
28.56, 6173997
28.57, 6173997
28.58, 6173997
28.59, 6173997
28.6, 6173997
28.61, 6173997
28.62, 6173997
28.63, 6173997
28.64, 6173997
28.65, 6173997
28.66, 6173997
28.67, 6173997
28.68, 6173997
28.69, 6173997
28.7, 6173997
28.71, 6173997
28.72, 6173997
28.73, 6173997
28.74, 6173997
28.75, 6173997
28.76, 6173997
28.77, 6173997
28.78, 6173997
28.79, 6173997
28.8, 6173997
28.81, 6173997
28.82, 6173997
28.83, 6173997
28.84, 6173997
28.85, 6173997
28.86, 6173997
28.87, 6173997
28.88, 6173997
28.89, 6173997
28.9, 6173997
28.91, 6173997
28.92, 6173997
28.93, 6173997
28.94, 6173997
28.95, 6173997
28.96, 6173997
28.97, 6173997
28.98, 6173997
28.99, 6173997
29.0, 6173997
29.01, 6173997
29.02, 6173997
29.03, 6173997
29.04, 6173997
29.05, 6173997
29.06, 6173997
29.07, 6173997
29.08, 6173997
29.09, 6173997
29.1, 6173997
29.11, 6173997
29.12, 6173997
29.13, 6173997
29.14, 6173997
29.15, 6173997
29.16, 6173997
29.17, 6173997
29.18, 6173997
29.19, 6173997
29.2, 6173997
29.21, 6173997
29.22, 6173997
29.23, 6173997
29.24, 6173997
29.25, 6173997
29.26, 6173997
29.27, 6173997
29.28, 6173997
29.29, 6173997
29.3, 6173997
29.31, 6173997
29.32, 6173997
29.33, 6173997
29.34, 6173997
29.35, 6173997
29.36, 6173997
29.37, 6173997
29.38, 6173997
29.39, 6173997
29.4, 6173997
29.41, 6173997
29.42, 6173997
29.43, 6173997
29.44, 6173997
29.45, 6173997
29.46, 6173997
29.47, 6173997
29.48, 6173997
29.49, 6173997
29.5, 6173997
29.51, 6173997
29.52, 6173997
29.53, 6173997
29.54, 6173997
29.55, 6173997
29.56, 6173997
29.57, 6173997
29.58, 6173997
29.59, 6173997
29.6, 6173997
29.61, 6173997
29.62, 6173997
29.63, 6173997
29.64, 6173997
29.65, 6173997
29.66, 6173997
29.67, 6173997
29.68, 6173997
29.69, 6173997
29.7, 6173997
29.71, 6173997
29.72, 6173997
29.73, 6173997
29.74, 6173997
29.75, 6173997
29.76, 6173997
29.77, 6173997
29.78, 6173997
29.79, 6173997
29.8, 6173997
29.81, 6173997
29.82, 6173997
29.83, 6173997
29.84, 6173997
29.85, 6173997
29.86, 6173997
29.87, 6173997
29.88, 6173997
29.89, 6173997
29.9, 6173997
29.91, 6173997
29.92, 6173997
29.93, 6173997
29.94, 6173997
29.95, 6173997
29.96, 6173997
29.97, 6173997
29.98, 6173997
29.99, 6173997
30.0, 6173997
30.01, 6173997
30.02, 6173997
30.03, 6173997
30.04, 6173997
30.05, 6173997
30.06, 6173997
30.07, 6173997
30.08, 6173997
30.09, 6173997
30.1, 6173997
30.11, 6173997
30.12, 6173997
30.13, 6173997
30.14, 6173997
30.15, 6173997
30.16, 6173997
30.17, 6173997
30.18, 6173997
30.19, 6173997
30.2, 6173997
30.21, 6173997
30.22, 6173997
30.23, 6173997
30.24, 6173997
30.25, 6173997
30.26, 6173997
30.27, 6173997
30.28, 6173997
30.29, 6173997
30.3, 6173997
30.31, 6173997
30.32, 6173997
30.33, 6173997
30.34, 6173997
30.35, 6173997
30.36, 6173997
30.37, 6173997
30.38, 6173997
30.39, 6173997
30.4, 6173997
30.41, 6173997
30.42, 6173997
30.43, 6173997
30.44, 6173997
30.45, 6173997
30.46, 6173997
30.47, 6173997
30.48, 6173997
30.49, 6173997
30.5, 6173997
30.51, 6173997
30.52, 6173997
30.53, 6173997
30.54, 6173997
30.55, 6173997
30.56, 6173997
30.57, 6173997
30.58, 6173997
30.59, 6173997
30.6, 6173997
30.61, 6173997
30.62, 6173997
30.63, 6173997
30.64, 6173997
30.65, 6173997
30.66, 6173997
30.67, 6173997
30.68, 6173997
30.69, 6173997
30.7, 6173997
30.71, 6173997
30.72, 6173997
30.73, 6173997
30.74, 6173997
30.75, 6173997
30.76, 6173997
30.77, 6173997
30.78, 6173997
30.79, 6173997
30.8, 6173997
30.81, 6173997
30.82, 6173997
30.83, 6173997
30.84, 6173997
30.85, 6173997
30.86, 6173997
30.87, 6173997
30.88, 6173997
30.89, 6173997
30.9, 6173997
30.91, 6173997
30.92, 6173997
30.93, 6173997
30.94, 6173997
30.95, 6173997
30.96, 6173997
30.97, 6173997
30.98, 6173997
30.99, 6173997
31.0, 6173997
31.01, 6173997
31.02, 6173997
31.03, 6173997
31.04, 6173997
31.05, 6173997
31.06, 6173997
31.07, 6173997
31.08, 6173997
31.09, 6173997
31.1, 6173997
31.11, 6173997
31.12, 6173997
31.13, 6173997
31.14, 6173997
31.15, 6173997
31.16, 6173997
31.17, 6173997
31.18, 6173997
31.19, 6173997
31.2, 6173997
31.21, 6173997
31.22, 6173997
31.23, 6173997
31.24, 6173997
31.25, 6173997
31.26, 6173997
31.27, 6173997
31.28, 6173997
31.29, 6173997
31.3, 6173997
31.31, 6173997
31.32, 6173997
31.33, 6173997
31.34, 6173997
31.35, 6173997
31.36, 6173997
31.37, 6173997
31.38, 6173997
31.39, 6173997
31.4, 6173997
31.41, 6173997
31.42, 6173997
31.43, 6173997
31.44, 6173997
31.45, 6173997
31.46, 6173997
31.47, 6173997
31.48, 6173997
31.49, 6173997
31.5, 6173997
31.51, 6173997
31.52, 6173997
31.53, 6173997
31.54, 6173997
31.55, 6173997
31.56, 6173997
31.57, 6173997
31.58, 6173997
31.59, 6173997
31.6, 6173997
31.61, 6173997
31.62, 6173997
31.63, 6173997
31.64, 6173997
31.65, 6173997
31.66, 6173997
31.67, 6173997
31.68, 6173997
31.69, 6173997
31.7, 6173997
31.71, 6173997
31.72, 6173997
31.73, 6173997
31.74, 6173997
31.75, 6173997
31.76, 6173997
31.77, 6173997
31.78, 6173997
31.79, 6173997
31.8, 6173997
31.81, 6173997
31.82, 6173997
31.83, 6173997
31.84, 6173997
31.85, 6173997
31.86, 6173997
31.87, 6173997
31.88, 6173997
31.89, 6173997
31.9, 6173997
31.91, 6173997
31.92, 6173997
31.93, 6173997
31.94, 6173997
31.95, 6173997
31.96, 6173997
31.97, 6173997
31.98, 6173997
31.99, 6173997
32.0, 6173997
32.01, 6173997
32.02, 6173997
32.03, 6173997
32.04, 6173997
32.05, 6173997
32.06, 6173997
32.07, 6173997
32.08, 6173997
32.09, 6173997
32.1, 6173997
32.11, 6173997
32.12, 6173997
32.13, 6173997
32.14, 6173997
32.15, 6173997
32.16, 6173997
32.17, 6173997
32.18, 6173997
32.19, 6173997
32.2, 6173997
32.21, 6173997
32.22, 6173997
32.23, 6173997
32.24, 6173997
32.25, 6173997
32.26, 6173997
32.27, 6173997
32.28, 6173997
32.29, 6173997
32.3, 6173997
32.31, 6173997
32.32, 6173997
32.33, 6173997
32.34, 6173997
32.35, 6173997
32.36, 6173997
32.37, 6173997
32.38, 6173997
32.39, 6173997
32.4, 6173997
32.41, 6173997
32.42, 6173997
32.43, 6173997
32.44, 6173997
32.45, 6173997
32.46, 6173997
32.47, 6173997
32.48, 6173997
32.49, 6173997
32.5, 6173997
32.51, 6173997
32.52, 6173997
32.53, 6173997
32.54, 6173997
32.55, 6173997
32.56, 6173997
32.57, 6173997
32.58, 6173997
32.59, 6173997
32.6, 6173997
32.61, 6173997
32.62, 6173997
32.63, 6173997
32.64, 6173997
32.65, 6173997
32.66, 6173997
32.67, 6173997
32.68, 6173997
32.69, 6173997
32.7, 6173997
32.71, 6173997
32.72, 6173997
32.73, 6173997
32.74, 6173997
32.75, 6173997
32.76, 6173997
32.77, 6173997
32.78, 6173997
32.79, 6173997
32.8, 6173997
32.81, 6173997
32.82, 6173997
32.83, 6173997
32.84, 6173997
32.85, 6173997
32.86, 6173997
32.87, 6173997
32.88, 6173997
32.89, 6173997
32.9, 6173997
32.91, 6173997
32.92, 6173997
32.93, 6173997
32.94, 6173997
32.95, 6173997
32.96, 6173997
32.97, 6173997
32.98, 6173997
32.99, 6173997
33.0, 6173997
33.01, 6173997
33.02, 6173997
33.03, 6173997
33.04, 6173997
33.05, 6173997
33.06, 6173997
33.07, 6173997
33.08, 6173997
33.09, 6173997
33.1, 6173997
33.11, 6173997
33.12, 6173997
33.13, 6173997
33.14, 6173997
33.15, 6173997
33.16, 6173997
33.17, 6173997
33.18, 6173997
33.19, 6173997
33.2, 6173997
33.21, 6173997
33.22, 6173997
33.23, 6173997
33.24, 6173997
33.25, 6173997
33.26, 6173997
33.27, 6173997
33.28, 6173997
33.29, 6173997
33.3, 6173997
33.31, 6173997
33.32, 6173997
33.33, 6173997
33.34, 6173997
33.35, 6173997
33.36, 6173997
33.37, 6173997
33.38, 6173997
33.39, 6173997
33.4, 6173997
33.41, 6173997
33.42, 6173997
33.43, 6173997
33.44, 6173997
33.45, 6173997
33.46, 6173997
33.47, 6173997
33.48, 6173997
33.49, 6173997
33.5, 6173997
33.51, 6173997
33.52, 6173997
33.53, 6173997
33.54, 6173997
33.55, 6173997
33.56, 6173997
33.57, 6173997
33.58, 6173997
33.59, 6173997
33.6, 6173997
33.61, 6173997
33.62, 6173997
33.63, 6173997
33.64, 6173997
33.65, 6173997
33.66, 6173997
33.67, 6173997
33.68, 6173997
33.69, 6173997
33.7, 6173997
33.71, 6173997
33.72, 6173997
33.73, 6173997
33.74, 6173997
33.75, 6173997
33.76, 6173997
33.77, 6173997
33.78, 6173997
33.79, 6173997
33.8, 6173997
33.81, 6173997
33.82, 6173997
33.83, 6173997
33.84, 6173997
33.85, 6173997
33.86, 6173997
33.87, 6173997
33.88, 6173997
33.89, 6173997
33.9, 6173997
33.91, 6173997
33.92, 6173997
33.93, 6173997
33.94, 6173997
33.95, 6173997
33.96, 6173997
33.97, 6173997
33.98, 6173997
33.99, 6173997
34.0, 6173997
34.01, 6173997
34.02, 6173997
34.03, 6173997
34.04, 6173997
34.05, 6173997
34.06, 6173997
34.07, 6173997
34.08, 6173997
34.09, 6173997
34.1, 6173997
34.11, 6173997
34.12, 6173997
34.13, 6173997
34.14, 6173997
34.15, 6173997
34.16, 6173997
34.17, 6173997
34.18, 6173997
34.19, 6173997
34.2, 6173997
34.21, 6173997
34.22, 6173997
34.23, 6173997
34.24, 6173997
34.25, 6173997
34.26, 6173997
34.27, 6173997
34.28, 6173997
34.29, 6173997
34.3, 6173997
34.31, 6173997
34.32, 6173997
34.33, 6173997
34.34, 6173997
34.35, 6173997
34.36, 6173997
34.37, 6173997
34.38, 6173997
34.39, 6173997
34.4, 6173997
34.41, 6173997
34.42, 6173997
34.43, 6173997
34.44, 6173997
34.45, 6173997
34.46, 6173997
34.47, 6173997
34.48, 6173997
34.49, 6173997
34.5, 6173997
34.51, 6173997
34.52, 6173997
34.53, 6173997
34.54, 6173997
34.55, 6173997
34.56, 6173997
34.57, 6173997
34.58, 6173997
34.59, 6173997
34.6, 6173997
34.61, 6173997
34.62, 6173997
34.63, 6173997
34.64, 6173997
34.65, 6173997
34.66, 6173997
34.67, 6173997
34.68, 6173997
34.69, 6173997
34.7, 6173997
34.71, 6173997
34.72, 6173997
34.73, 6173997
34.74, 6173997
34.75, 6173997
34.76, 6173997
34.77, 6173997
34.78, 6173997
34.79, 6173997
34.8, 6173997
34.81, 6173997
34.82, 6173997
34.83, 6173997
34.84, 6173997
34.85, 6173997
34.86, 6173997
34.87, 6173997
34.88, 6173997
34.89, 6173997
34.9, 6173997
34.91, 6173997
34.92, 6173997
34.93, 6173997
34.94, 6173997
34.95, 6173997
34.96, 6173997
34.97, 6173997
34.98, 6173997
34.99, 6173997
35.0, 6173997
35.01, 6173997
35.02, 6173997
35.03, 6173997
35.04, 6173997
35.05, 6173997
35.06, 6173997
35.07, 6173997
35.08, 6173997
35.09, 6173997
35.1, 6173997
35.11, 6173997
35.12, 6173997
35.13, 6173997
35.14, 6173997
35.15, 6173997
35.16, 6173997
35.17, 6173997
35.18, 6173997
35.19, 6173997
35.2, 6173997
35.21, 6173997
35.22, 6173997
35.23, 6173997
35.24, 6173997
35.25, 6173997
35.26, 6173997
35.27, 6173997
35.28, 6173997
35.29, 6173997
35.3, 6173997
35.31, 6173997
35.32, 6173997
35.33, 6173997
35.34, 6173997
35.35, 6173997
35.36, 6173997
35.37, 6173997
35.38, 6173997
35.39, 6173997
35.4, 6173997
35.41, 6173997
35.42, 6173997
35.43, 6173997
35.44, 6173997
35.45, 6173997
35.46, 6173997
35.47, 6173997
35.48, 6173997
35.49, 6173997
35.5, 6173997
35.51, 6173997
35.52, 6173997
35.53, 6173997
35.54, 6173997
35.55, 6173997
35.56, 6173997
35.57, 6173997
35.58, 6173997
35.59, 6173997
35.6, 6173997
35.61, 6173997
35.62, 6173997
35.63, 6173997
35.64, 6173997
35.65, 6173997
35.66, 6173997
35.67, 6173997
35.68, 6173997
35.69, 6173997
35.7, 6173997
35.71, 6173997
35.72, 6173997
35.73, 6173997
35.74, 6173997
35.75, 6173997
35.76, 6173997
35.77, 6173997
35.78, 6173997
35.79, 6173997
35.8, 6173997
35.81, 6173997
35.82, 6173997
35.83, 6173997
35.84, 6173997
35.85, 6173997
35.86, 6173997
35.87, 6173997
35.88, 6173997
35.89, 6173997
35.9, 6173997
35.91, 6173997
35.92, 6173997
35.93, 6173997
35.94, 6173997
35.95, 6173997
35.96, 6173997
35.97, 6173997
35.98, 6173997
35.99, 6173997
36.0, 6173997
36.01, 6173997
36.02, 6173997
36.03, 6173997
36.04, 6173997
36.05, 6173997
36.06, 6173997
36.07, 6173997
36.08, 6173997
36.09, 6173997
36.1, 6173997
36.11, 6173997
36.12, 6173997
36.13, 6173997
36.14, 6173997
36.15, 6173997
36.16, 6173997
36.17, 6173997
36.18, 6173997
36.19, 6173997
36.2, 6173997
36.21, 6173997
36.22, 6173997
36.23, 6173997
36.24, 6173997
36.25, 6173997
36.26, 6173997
36.27, 6173997
36.28, 6173997
36.29, 6173997
36.3, 6173997
36.31, 6173997
36.32, 6173997
36.33, 6173997
36.34, 6173997
36.35, 6173997
36.36, 6173997
36.37, 6173997
36.38, 6173997
36.39, 6173997
36.4, 6173997
36.41, 6173997
36.42, 6173997
36.43, 6173997
36.44, 6173997
36.45, 6173997
36.46, 6173997
36.47, 6173997
36.48, 6173997
36.49, 6173997
36.5, 6173997
36.51, 6173997
36.52, 6173997
36.53, 6173997
36.54, 6173997
36.55, 6173997
36.56, 6173997
36.57, 6173997
36.58, 6173997
36.59, 6173997
36.6, 6173997
36.61, 6173997
36.62, 6173997
36.63, 6173997
36.64, 6173997
36.65, 6173997
36.66, 6173997
36.67, 6173997
36.68, 6173997
36.69, 6173997
36.7, 6173997
36.71, 6173997
36.72, 6173997
36.73, 6173997
36.74, 6173997
36.75, 6173997
36.76, 6173997
36.77, 6173997
36.78, 6173997
36.79, 6173997
36.8, 6173997
36.81, 6173997
36.82, 6173997
36.83, 6173997
36.84, 6173997
36.85, 6173997
36.86, 6173997
36.87, 6173997
36.88, 6173997
36.89, 6173997
36.9, 6173997
36.91, 6173997
36.92, 6173997
36.93, 6173997
36.94, 6173997
36.95, 6173997
36.96, 6173997
36.97, 6173997
36.98, 6173997
36.99, 6173997
37.0, 6173997
37.01, 6173997
37.02, 6173997
37.03, 6173997
37.04, 6173997
37.05, 6173997
37.06, 6173997
37.07, 6173997
37.08, 6173997
37.09, 6173997
37.1, 6173997
37.11, 6173997
37.12, 6173997
37.13, 6173997
37.14, 6173997
37.15, 6173997
37.16, 6173997
37.17, 6173997
37.18, 6173997
37.19, 6173997
37.2, 6173997
37.21, 6173997
37.22, 6173997
37.23, 6173997
37.24, 6173997
37.25, 6173997
37.26, 6173997
37.27, 6173997
37.28, 6173997
37.29, 6173997
37.3, 6173997
37.31, 6173997
37.32, 6173997
37.33, 6173997
37.34, 6173997
37.35, 6173997
37.36, 6173997
37.37, 6173997
37.38, 6173997
37.39, 6173997
37.4, 6173997
37.41, 6173997
37.42, 6173997
37.43, 6173997
37.44, 6173997
37.45, 6173997
37.46, 6173997
37.47, 6173997
37.48, 6173997
37.49, 6173997
37.5, 6173997
37.51, 6173997
37.52, 6173997
37.53, 6173997
37.54, 6173997
37.55, 6173997
37.56, 6173997
37.57, 6173997
37.58, 6173997
37.59, 6173997
37.6, 6173997
37.61, 6173997
37.62, 6173997
37.63, 6173997
37.64, 6173997
37.65, 6173997
37.66, 6173997
37.67, 6173997
37.68, 6173997
37.69, 6173997
37.7, 6173997
37.71, 6173997
37.72, 6173997
37.73, 6173997
37.74, 6173997
37.75, 6173997
37.76, 6173997
37.77, 6173997
37.78, 6173997
37.79, 6173997
37.8, 6173997
37.81, 6173997
37.82, 6173997
37.83, 6173997
37.84, 6173997
37.85, 6173997
37.86, 6173997
37.87, 6173997
37.88, 6173997
37.89, 6173997
37.9, 6173997
37.91, 6173997
37.92, 6173997
37.93, 6173997
37.94, 6173997
37.95, 6173997
37.96, 6173997
37.97, 6173997
37.98, 6173997
37.99, 6173997
38.0, 6173997
38.01, 6173997
38.02, 6173997
38.03, 6173997
38.04, 6173997
38.05, 6173997
38.06, 6173997
38.07, 6173997
38.08, 6173997
38.09, 6173997
38.1, 6173997
38.11, 6173997
38.12, 6173997
38.13, 6173997
38.14, 6173997
38.15, 6173997
38.16, 6173997
38.17, 6173997
38.18, 6173997
38.19, 6173997
38.2, 6173997
38.21, 6173997
38.22, 6173997
38.23, 6173997
38.24, 6173997
38.25, 6173997
38.26, 6173997
38.27, 6173997
38.28, 6173997
38.29, 6173997
38.3, 6173997
38.31, 6173997
38.32, 6173997
38.33, 6173997
38.34, 6173997
38.35, 6173997
38.36, 6173997
38.37, 6173997
38.38, 6173997
38.39, 6173997
38.4, 6173997
38.41, 6173997
38.42, 6173997
38.43, 6173997
38.44, 6173997
38.45, 6173997
38.46, 6173997
38.47, 6173997
38.48, 6173997
38.49, 6173997
38.5, 6173997
38.51, 6173997
38.52, 6173997
38.53, 6173997
38.54, 6173997
38.55, 6173997
38.56, 6173997
38.57, 6173997
38.58, 6173997
38.59, 6173997
38.6, 6173997
38.61, 6173997
38.62, 6173997
38.63, 6173997
38.64, 6173997
38.65, 6173997
38.66, 6173997
38.67, 6173997
38.68, 6173997
38.69, 6173997
38.7, 6173997
38.71, 6173997
38.72, 6173997
38.73, 6173997
38.74, 6173997
38.75, 6173997
38.76, 6173997
38.77, 6173997
38.78, 6173997
38.79, 6173997
38.8, 6173997
38.81, 6173997
38.82, 6173997
38.83, 6173997
38.84, 6173997
38.85, 6173997
38.86, 6173997
38.87, 6173997
38.88, 6173997
38.89, 6173997
38.9, 6173997
38.91, 6173997
38.92, 6173997
38.93, 6173997
38.94, 6173997
38.95, 6173997
38.96, 6173997
38.97, 6173997
38.98, 6173997
38.99, 6173997
39.0, 6173997
39.01, 6173997
39.02, 6173997
39.03, 6173997
39.04, 6173997
39.05, 6173997
39.06, 6173997
39.07, 6173997
39.08, 6173997
39.09, 6173997
39.1, 6173997
39.11, 6173997
39.12, 6173997
39.13, 6173997
39.14, 6173997
39.15, 6173997
39.16, 6173997
39.17, 6173997
39.18, 6173997
39.19, 6173997
39.2, 6173997
39.21, 6173997
39.22, 6173997
39.23, 6173997
39.24, 6173997
39.25, 6173997
39.26, 6173997
39.27, 6173997
39.28, 6173997
39.29, 6173997
39.3, 6173997
39.31, 6173997
39.32, 6173997
39.33, 6173997
39.34, 6173997
39.35, 6173997
39.36, 6173997
39.37, 6173997
39.38, 6173997
39.39, 6173997
39.4, 6173997
39.41, 6173997
39.42, 6173997
39.43, 6173997
39.44, 6173997
39.45, 6173997
39.46, 6173997
39.47, 6173997
39.48, 6173997
39.49, 6173997
39.5, 6173997
39.51, 6173997
39.52, 6173997
39.53, 6173997
39.54, 6173997
39.55, 6173997
39.56, 6173997
39.57, 6173997
39.58, 6173997
39.59, 6173997
39.6, 6173997
39.61, 6173997
39.62, 6173997
39.63, 6173997
39.64, 6173997
39.65, 6173997
39.66, 6173997
39.67, 6173997
39.68, 6173997
39.69, 6173997
39.7, 6173997
39.71, 6173997
39.72, 6173997
39.73, 6173997
39.74, 6173997
39.75, 6173997
39.76, 6173997
39.77, 6173997
39.78, 6173997
39.79, 6173997
39.8, 6173997
39.81, 6173997
39.82, 6173997
39.83, 6173997
39.84, 6173997
39.85, 6173997
39.86, 6173997
39.87, 6173997
39.88, 6173997
39.89, 6173997
39.9, 6173997
39.91, 6173997
39.92, 6173997
39.93, 6173997
39.94, 6173997
39.95, 6173997
39.96, 6173997
39.97, 6173997
39.98, 6173997
39.99, 6173997
40.0, 6173997
40.01, 6173997
40.02, 6173997
40.03, 6173997
40.04, 6173997
40.05, 6173997
40.06, 6173997
40.07, 6173997
40.08, 6173997
40.09, 6173997
40.1, 6173997
40.11, 6173997
40.12, 6173997
40.13, 6173997
40.14, 6173997
40.15, 6173997
40.16, 6173997
40.17, 6173997
40.18, 6173997
40.19, 6173997
40.2, 6173997
40.21, 6173997
40.22, 6173997
40.23, 6173997
40.24, 6173997
40.25, 6173997
40.26, 6173997
40.27, 6173997
40.28, 6173997
40.29, 6173997
40.3, 6173997
40.31, 6173997
40.32, 6173997
40.33, 6173997
40.34, 6173997
40.35, 6173997
40.36, 6173997
40.37, 6173997
40.38, 6173997
40.39, 6173997
40.4, 6173997
40.41, 6173997
40.42, 6173997
40.43, 6173997
40.44, 6173997
40.45, 6173997
40.46, 6173997
40.47, 6173997
40.48, 6173997
40.49, 6173997
40.5, 6173997
40.51, 6173997
40.52, 6173997
40.53, 6173997
40.54, 6173997
40.55, 6173997
40.56, 6173997
40.57, 6173997
40.58, 6173997
40.59, 6173997
40.6, 6173997
40.61, 6173997
40.62, 6173997
40.63, 6173997
40.64, 6173997
40.65, 6173997
40.66, 6173997
40.67, 6173997
40.68, 6173997
40.69, 6173997
40.7, 6173997
40.71, 6173997
40.72, 6173997
40.73, 6173997
40.74, 6173997
40.75, 6173997
40.76, 6173997
40.77, 6173997
40.78, 6173997
40.79, 6173997
40.8, 6173997
40.81, 6173997
40.82, 6173997
40.83, 6173997
40.84, 6173997
40.85, 6173997
40.86, 6173997
40.87, 6173997
40.88, 6173997
40.89, 6173997
40.9, 6173997
40.91, 6173997
40.92, 6173997
40.93, 6173997
40.94, 6173997
40.95, 6173997
40.96, 6173997
40.97, 6173997
40.98, 6173997
40.99, 6173997
41.0, 6173997
41.01, 6173997
41.02, 6173997
41.03, 6173997
41.04, 6173997
41.05, 6173997
41.06, 6173997
41.07, 6173997
41.08, 6173997
41.09, 6173997
41.1, 6173997
41.11, 6173997
41.12, 6173997
41.13, 6173997
41.14, 6173997
41.15, 6173997
41.16, 6173997
41.17, 6173997
41.18, 6173997
41.19, 6173997
41.2, 6173997
41.21, 6173997
41.22, 6173997
41.23, 6173997
41.24, 6173997
41.25, 6173997
41.26, 6173997
41.27, 6173997
41.28, 6173997
41.29, 6173997
41.3, 6173997
41.31, 6173997
41.32, 6173997
41.33, 6173997
41.34, 6173997
41.35, 6173997
41.36, 6173997
41.37, 6173997
41.38, 6173997
41.39, 6173997
41.4, 6173997
41.41, 6173997
41.42, 6173997
41.43, 6173997
41.44, 6173997
41.45, 6173997
41.46, 6173997
41.47, 6173997
41.48, 6173997
41.49, 6173997
41.5, 6173997
41.51, 6173997
41.52, 6173997
41.53, 6173997
41.54, 6173997
41.55, 6173997
41.56, 6173997
41.57, 6173997
41.58, 6173997
41.59, 6173997
41.6, 6173997
41.61, 6173997
41.62, 6173997
41.63, 6173997
41.64, 6173997
41.65, 6173997
41.66, 6173997
41.67, 6173997
41.68, 6173997
41.69, 6173997
41.7, 6173997
41.71, 6173997
41.72, 6173997
41.73, 6173997
41.74, 6173997
41.75, 6173997
41.76, 6173997
41.77, 6173997
41.78, 6173997
41.79, 6173997
41.8, 6173997
41.81, 6173997
41.82, 6173997
41.83, 6173997
41.84, 6173997
41.85, 6173997
41.86, 6173997
41.87, 6173997
41.88, 6173997
41.89, 6173997
41.9, 6173997
41.91, 6173997
41.92, 6173997
41.93, 6173997
41.94, 6173997
41.95, 6173997
41.96, 6173997
41.97, 6173997
41.98, 6173997
41.99, 6173997
42.0, 6173997
42.01, 6173997
42.02, 6173997
42.03, 6173997
42.04, 6173997
42.05, 6173997
42.06, 6173997
42.07, 6173997
42.08, 6173997
42.09, 6173997
42.1, 6173997
42.11, 6173997
42.12, 6173997
42.13, 6173997
42.14, 6173997
42.15, 6173997
42.16, 6173997
42.17, 6173997
42.18, 6173997
42.19, 6173997
42.2, 6173997
42.21, 6173997
42.22, 6173997
42.23, 6173997
42.24, 6173997
42.25, 6173997
42.26, 6173997
42.27, 6173997
42.28, 6173997
42.29, 6173997
42.3, 6173997
42.31, 6173997
42.32, 6173997
42.33, 6173997
42.34, 6173997
42.35, 6173997
42.36, 6173997
42.37, 6173997
42.38, 6173997
42.39, 6173997
42.4, 6173997
42.41, 6173997
42.42, 6173997
42.43, 6173997
42.44, 6173997
42.45, 6173997
42.46, 6173997
42.47, 6173997
42.48, 6173997
42.49, 6173997
42.5, 6173997
42.51, 6173997
42.52, 6173997
42.53, 6173997
42.54, 6173997
42.55, 6173997
42.56, 6173997
42.57, 6173997
42.58, 6173997
42.59, 6173997
42.6, 6173997
42.61, 6173997
42.62, 6173997
42.63, 6173997
42.64, 6173997
42.65, 6173997
42.66, 6173997
42.67, 6173997
42.68, 6173997
42.69, 6173997
42.7, 6173997
42.71, 6173997
42.72, 6173997
42.73, 6173997
42.74, 6173997
42.75, 6173997
42.76, 6173997
42.77, 6173997
42.78, 6173997
42.79, 6173997
42.8, 6173997
42.81, 6173997
42.82, 6173997
42.83, 6173997
42.84, 6173997
42.85, 6173997
42.86, 6173997
42.87, 6173997
42.88, 6173997
42.89, 6173997
42.9, 6173997
42.91, 6173997
42.92, 6173997
42.93, 6173997
42.94, 6173997
42.95, 6173997
42.96, 6173997
42.97, 6173997
42.98, 6173997
42.99, 6173997
43.0, 6173997
43.01, 6173997
43.02, 6173997
43.03, 6173997
43.04, 6173997
43.05, 6173997
43.06, 6173997
43.07, 6173997
43.08, 6173997
43.09, 6173997
43.1, 6173997
43.11, 6173997
43.12, 6173997
43.13, 6173997
43.14, 6173997
43.15, 6173997
43.16, 6173997
43.17, 6173997
43.18, 6173997
43.19, 6173997
43.2, 6173997
43.21, 6173997
43.22, 6173997
43.23, 6173997
43.24, 6173997
43.25, 6173997
43.26, 6173997
43.27, 6173997
43.28, 6173997
43.29, 6173997
43.3, 6173997
43.31, 6173997
43.32, 6173997
43.33, 6173997
43.34, 6173997
43.35, 6173997
43.36, 6173997
43.37, 6173997
43.38, 6173997
43.39, 6173997
43.4, 6173997
43.41, 6173997
43.42, 6173997
43.43, 6173997
43.44, 6173997
43.45, 6173997
43.46, 6173997
43.47, 6173997
43.48, 6173997
43.49, 6173997
43.5, 6173997
43.51, 6173997
43.52, 6173997
43.53, 6173997
43.54, 6173997
43.55, 6173997
43.56, 6173997
43.57, 6173997
43.58, 6173997
43.59, 6173997
43.6, 6173997
43.61, 6173997
43.62, 6173997
43.63, 6173997
43.64, 6173997
43.65, 6173997
43.66, 6173997
43.67, 6173997
43.68, 6173997
43.69, 6173997
43.7, 6173997
43.71, 6173997
43.72, 6173997
43.73, 6173997
43.74, 6173997
43.75, 6173997
43.76, 6173997
43.77, 6173997
43.78, 6173997
43.79, 6173997
43.8, 6173997
43.81, 6173997
43.82, 6173997
43.83, 6173997
43.84, 6173997
43.85, 6173997
43.86, 6173997
43.87, 6173997
43.88, 6173997
43.89, 6173997
43.9, 6173997
43.91, 6173997
43.92, 6173997
43.93, 6173997
43.94, 6173997
43.95, 6173997
43.96, 6173997
43.97, 6173997
43.98, 6173997
43.99, 6173997
44.0, 6173997
44.01, 6173997
44.02, 6173997
44.03, 6173997
44.04, 6173997
44.05, 6173997
44.06, 6173997
44.07, 6173997
44.08, 6173997
44.09, 6173997
44.1, 6173997
44.11, 6173997
44.12, 6173997
44.13, 6173997
44.14, 6173997
44.15, 6173997
44.16, 6173997
44.17, 6173997
44.18, 6173997
44.19, 6173997
44.2, 6173997
44.21, 6173997
44.22, 6173997
44.23, 6173997
44.24, 6173997
44.25, 6173997
44.26, 6173997
44.27, 6173997
44.28, 6173997
44.29, 6173997
44.3, 6173997
44.31, 6173997
44.32, 6173997
44.33, 6173997
44.34, 6173997
44.35, 6173997
44.36, 6173997
44.37, 6173997
44.38, 6173997
44.39, 6173997
44.4, 6173997
44.41, 6173997
44.42, 6173997
44.43, 6173997
44.44, 6173997
44.45, 6173997
44.46, 6173997
44.47, 6173997
44.48, 6173997
44.49, 6173997
44.5, 6173997
44.51, 6173997
44.52, 6173997
44.53, 6173997
44.54, 6173997
44.55, 6173997
44.56, 6173997
44.57, 6173997
44.58, 6173997
44.59, 6173997
44.6, 6173997
44.61, 6173997
44.62, 6173997
44.63, 6173997
44.64, 6173997
44.65, 6173997
44.66, 6173997
44.67, 6173997
44.68, 6173997
44.69, 6173997
44.7, 6173997
44.71, 6173997
44.72, 6173997
44.73, 6173997
44.74, 6173997
44.75, 6173997
44.76, 6173997
44.77, 6173997
44.78, 6173997
44.79, 6173997
44.8, 6173997
44.81, 6173997
44.82, 6173997
44.83, 6173997
44.84, 6173997
44.85, 6173997
44.86, 6173997
44.87, 6173997
44.88, 6173997
44.89, 6173997
44.9, 6173997
44.91, 6173997
44.92, 6173997
44.93, 6173997
44.94, 6173997
44.95, 6173997
44.96, 6173997
44.97, 6173997
44.98, 6173997
44.99, 6173997
45.0, 6173997
45.01, 6173997
45.02, 6173997
45.03, 6173997
45.04, 6173997
45.05, 6173997
45.06, 6173997
45.07, 6173997
45.08, 6173997
45.09, 6173997
45.1, 6173997
45.11, 6173997
45.12, 6173997
45.13, 6173997
45.14, 6173997
45.15, 6173997
45.16, 6173997
45.17, 6173997
45.18, 6173997
45.19, 6173997
45.2, 6173997
45.21, 6173997
45.22, 6173997
45.23, 6173997
45.24, 6173997
45.25, 6173997
45.26, 6173997
45.27, 6173997
45.28, 6173997
45.29, 6173997
45.3, 6173997
45.31, 6173997
45.32, 6173997
45.33, 6173997
45.34, 6173997
45.35, 6173997
45.36, 6173997
45.37, 6173997
45.38, 6173997
45.39, 6173997
45.4, 6173997
45.41, 6173997
45.42, 6173997
45.43, 6173997
45.44, 6173997
45.45, 6173997
45.46, 6173997
45.47, 6173997
45.48, 6173997
45.49, 6173997
45.5, 6173997
45.51, 6173997
45.52, 6173997
45.53, 6173997
45.54, 6173997
45.55, 6173997
45.56, 6173997
45.57, 6173997
45.58, 6173997
45.59, 6173997
45.6, 6173997
45.61, 6173997
45.62, 6173997
45.63, 6173997
45.64, 6173997
45.65, 6173997
45.66, 6173997
45.67, 6173997
45.68, 6173997
45.69, 6173997
45.7, 6173997
45.71, 6173997
45.72, 6173997
45.73, 6173997
45.74, 6173997
45.75, 6173997
45.76, 6173997
45.77, 6173997
45.78, 6173997
45.79, 6173997
45.8, 6173997
45.81, 6173997
45.82, 6173997
45.83, 6173997
45.84, 6173997
45.85, 6173997
45.86, 6173997
45.87, 6173997
45.88, 6173997
45.89, 6173997
45.9, 6173997
45.91, 6173997
45.92, 6173997
45.93, 6173997
45.94, 6173997
45.95, 6173997
45.96, 6173997
45.97, 6173997
45.98, 6173997
45.99, 6173997
46.0, 6173997
46.01, 6173997
46.02, 6173997
46.03, 6173997
46.04, 6173997
46.05, 6173997
46.06, 6173997
46.07, 6173997
46.08, 6173997
46.09, 6173997
46.1, 6173997
46.11, 6173997
46.12, 6173997
46.13, 6173997
46.14, 6173997
46.15, 6173997
46.16, 6173997
46.17, 6173997
46.18, 6173997
46.19, 6173997
46.2, 6173997
46.21, 6173997
46.22, 6173997
46.23, 6173997
46.24, 6173997
46.25, 6173997
46.26, 6173997
46.27, 6173997
46.28, 6173997
46.29, 6173997
46.3, 6173997
46.31, 6173997
46.32, 6173997
46.33, 6173997
46.34, 6173997
46.35, 6173997
46.36, 6173997
46.37, 6173997
46.38, 6173997
46.39, 6173997
46.4, 6173997
46.41, 6173997
46.42, 6173997
46.43, 6173997
46.44, 6173997
46.45, 6173997
46.46, 6173997
46.47, 6173997
46.48, 6173997
46.49, 6173997
46.5, 6173997
46.51, 6173997
46.52, 6173997
46.53, 6173997
46.54, 6173997
46.55, 6173997
46.56, 6173997
46.57, 6173997
46.58, 6173997
46.59, 6173997
46.6, 6173997
46.61, 6173997
46.62, 6173997
46.63, 6173997
46.64, 6173997
46.65, 6173997
46.66, 6173997
46.67, 6173997
46.68, 6173997
46.69, 6173997
46.7, 6173997
46.71, 6173997
46.72, 6173997
46.73, 6173997
46.74, 6173997
46.75, 6173997
46.76, 6173997
46.77, 6173997
46.78, 6173997
46.79, 6173997
46.8, 6173997
46.81, 6173997
46.82, 6173997
46.83, 6173997
46.84, 6173997
46.85, 6173997
46.86, 6173997
46.87, 6173997
46.88, 6173997
46.89, 6173997
46.9, 6173997
46.91, 6173997
46.92, 6173997
46.93, 6173997
46.94, 6173997
46.95, 6173997
46.96, 6173997
46.97, 6173997
46.98, 6173997
46.99, 6173997
47.0, 6173997
47.01, 6173997
47.02, 6173997
47.03, 6173997
47.04, 6173997
47.05, 6173997
47.06, 6173997
47.07, 6173997
47.08, 6173997
47.09, 6173997
47.1, 6173997
47.11, 6173997
47.12, 6173997
47.13, 6173997
47.14, 6173997
47.15, 6173997
47.16, 6173997
47.17, 6173997
47.18, 6173997
47.19, 6173997
47.2, 6173997
47.21, 6173997
47.22, 6173997
47.23, 6173997
47.24, 6173997
47.25, 6173997
47.26, 6173997
47.27, 6173997
47.28, 6173997
47.29, 6173997
47.3, 6173997
47.31, 6173997
47.32, 6173997
47.33, 6173997
47.34, 6173997
47.35, 6173997
47.36, 6173997
47.37, 6173997
47.38, 6173997
47.39, 6173997
47.4, 6173997
47.41, 6173997
47.42, 6173997
47.43, 6173997
47.44, 6173997
47.45, 6173997
47.46, 6173997
47.47, 6173997
47.48, 6173997
47.49, 6173997
47.5, 6173997
47.51, 6173997
47.52, 6173997
47.53, 6173997
47.54, 6173997
47.55, 6173997
47.56, 6173997
47.57, 6173997
47.58, 6173997
47.59, 6173997
47.6, 6173997
47.61, 6173997
47.62, 6173997
47.63, 6173997
47.64, 6173997
47.65, 6173997
47.66, 6173997
47.67, 6173997
47.68, 6173997
47.69, 6173997
47.7, 6173997
47.71, 6173997
47.72, 6173997
47.73, 6173997
47.74, 6173997
47.75, 6173997
47.76, 6173997
47.77, 6173997
47.78, 6173997
47.79, 6173997
47.8, 6173997
47.81, 6173997
47.82, 6173997
47.83, 6173997
47.84, 6173997
47.85, 6173997
47.86, 6173997
47.87, 6173997
47.88, 6173997
47.89, 6173997
47.9, 6173997
47.91, 6173997
47.92, 6173997
47.93, 6173997
47.94, 6173997
47.95, 6173997
47.96, 6173997
47.97, 6173997
47.98, 6173997
47.99, 6173997
48.0, 6173997
48.01, 6173997
48.02, 6173997
48.03, 6173997
48.04, 6173997
48.05, 6173997
48.06, 6173997
48.07, 6173997
48.08, 6173997
48.09, 6173997
48.1, 6173997
48.11, 6173997
48.12, 6173997
48.13, 6173997
48.14, 6173997
48.15, 6173997
48.16, 6173997
48.17, 6173997
48.18, 6173997
48.19, 6173997
48.2, 6173997
48.21, 6173997
48.22, 6173997
48.23, 6173997
48.24, 6173997
48.25, 6173997
48.26, 6173997
48.27, 6173997
48.28, 6173997
48.29, 6173997
48.3, 6173997
48.31, 6173997
48.32, 6173997
48.33, 6173997
48.34, 6173997
48.35, 6173997
48.36, 6173997
48.37, 6173997
48.38, 6173997
48.39, 6173997
48.4, 6173997
48.41, 6173997
48.42, 6173997
48.43, 6173997
48.44, 6173997
48.45, 6173997
48.46, 6173997
48.47, 6173997
48.48, 6173997
48.49, 6173997
48.5, 6173997
48.51, 6173997
48.52, 6173997
48.53, 6173997
48.54, 6173997
48.55, 6173997
48.56, 6173997
48.57, 6173997
48.58, 6173997
48.59, 6173997
48.6, 6173997
48.61, 6173997
48.62, 6173997
48.63, 6173997
48.64, 6173997
48.65, 6173997
48.66, 6173997
48.67, 6173997
48.68, 6173997
48.69, 6173997
48.7, 6173997
48.71, 6173997
48.72, 6173997
48.73, 6173997
48.74, 6173997
48.75, 6173997
48.76, 6173997
48.77, 6173997
48.78, 6173997
48.79, 6173997
48.8, 6173997
48.81, 6173997
48.82, 6173997
48.83, 6173997
48.84, 6173997
48.85, 6173997
48.86, 6173997
48.87, 6173997
48.88, 6173997
48.89, 6173997
48.9, 6173997
48.91, 6173997
48.92, 6173997
48.93, 6173997
48.94, 6173997
48.95, 6173997
48.96, 6173997
48.97, 6173997
48.98, 6173997
48.99, 6173997
49.0, 6173997
49.01, 6173997
49.02, 6173997
49.03, 6173997
49.04, 6173997
49.05, 6173997
49.06, 6173997
49.07, 6173997
49.08, 6173997
49.09, 6173997
49.1, 6173997
49.11, 6173997
49.12, 6173997
49.13, 6173997
49.14, 6173997
49.15, 6173997
49.16, 6173997
49.17, 6173997
49.18, 6173997
49.19, 6173997
49.2, 6173997
49.21, 6173997
49.22, 6173997
49.23, 6173997
49.24, 6173997
49.25, 6173997
49.26, 6173997
49.27, 6173997
49.28, 6173997
49.29, 6173997
49.3, 6173997
49.31, 6173997
49.32, 6173997
49.33, 6173997
49.34, 6173997
49.35, 6173997
49.36, 6173997
49.37, 6173997
49.38, 6173997
49.39, 6173997
49.4, 6173997
49.41, 6173997
49.42, 6173997
49.43, 6173997
49.44, 6173997
49.45, 6173997
49.46, 6173997
49.47, 6173997
49.48, 6173997
49.49, 6173997
49.5, 6173997
49.51, 6173997
49.52, 6173997
49.53, 6173997
49.54, 6173997
49.55, 6173997
49.56, 6173997
49.57, 6173997
49.58, 6173997
49.59, 6173997
49.6, 6173997
49.61, 6173997
49.62, 6173997
49.63, 6173997
49.64, 6173997
49.65, 6173997
49.66, 6173997
49.67, 6173997
49.68, 6173997
49.69, 6173997
49.7, 6173997
49.71, 6173997
49.72, 6173997
49.73, 6173997
49.74, 6173997
49.75, 6173997
49.76, 6173997
49.77, 6173997
49.78, 6173997
49.79, 6173997
49.8, 6173997
49.81, 6173997
49.82, 6173997
49.83, 6173997
49.84, 6173997
49.85, 6173997
49.86, 6173997
49.87, 6173997
49.88, 6173997
49.89, 6173997
49.9, 6173997
49.91, 6173997
49.92, 6173997
49.93, 6173997
49.94, 6173997
49.95, 6173997
49.96, 6173997
49.97, 6173997
49.98, 6173997
49.99, 6173997
50.0, 6173997
50.01, 6173997
50.02, 6173997
50.03, 6173997
50.04, 6173997
50.05, 6173997
50.06, 6173997
50.07, 6173997
50.08, 6173997
50.09, 6173997
50.1, 6173997
50.11, 6173997
50.12, 6173997
50.13, 6173997
50.14, 6173997
50.15, 6173997
50.16, 6173997
50.17, 6173997
50.18, 6173997
50.19, 6173997
50.2, 6173997
50.21, 6173997
50.22, 6173997
50.23, 6173997
50.24, 6173997
50.25, 6173997
50.26, 6173997
50.27, 6173997
50.28, 6173997
50.29, 6173997
50.3, 6173997
50.31, 6173997
50.32, 6173997
50.33, 6173997
50.34, 6173997
50.35, 6173997
50.36, 6173997
50.37, 6173997
50.38, 6173997
50.39, 6173997
50.4, 6173997
50.41, 6173997
50.42, 6173997
50.43, 6173997
50.44, 6173997
50.45, 6173997
50.46, 6173997
50.47, 6173997
50.48, 6173997
50.49, 6173997
50.5, 6173997
50.51, 6173997
50.52, 6173997
50.53, 6173997
50.54, 6173997
50.55, 6173997
50.56, 6173997
50.57, 6173997
50.58, 6173997
50.59, 6173997
50.6, 6173997
50.61, 6173997
50.62, 6173997
50.63, 6173997
50.64, 6173997
50.65, 6173997
50.66, 6173997
50.67, 6173997
50.68, 6173997
50.69, 6173997
50.7, 6173997
50.71, 6173997
50.72, 6173997
50.73, 6173997
50.74, 6173997
50.75, 6173997
50.76, 6173997
50.77, 6173997
50.78, 6173997
50.79, 6173997
50.8, 6173997
50.81, 6173997
50.82, 6173997
50.83, 6173997
50.84, 6173997
50.85, 6173997
50.86, 6173997
50.87, 6173997
50.88, 6173997
50.89, 6173997
50.9, 6173997
50.91, 6173997
50.92, 6173997
50.93, 6173997
50.94, 6173997
50.95, 6173997
50.96, 6173997
50.97, 6173997
50.98, 6173997
50.99, 6173997
51.0, 6173997
51.01, 6173997
51.02, 6173997
51.03, 6173997
51.04, 6173997
51.05, 6173997
51.06, 6173997
51.07, 6173997
51.08, 6173997
51.09, 6173997
51.1, 6173997
51.11, 6173997
51.12, 6173997
51.13, 6173997
51.14, 6173997
51.15, 6173997
51.16, 6173997
51.17, 6173997
51.18, 6173997
51.19, 6173997
51.2, 6173997
51.21, 6173997
51.22, 6173997
51.23, 6173997
51.24, 6173997
51.25, 6173997
51.26, 6173997
51.27, 6173997
51.28, 6173997
51.29, 6173997
51.3, 6173997
51.31, 6173997
51.32, 6173997
51.33, 6173997
51.34, 6173997
51.35, 6173997
51.36, 6173997
51.37, 6173997
51.38, 6173997
51.39, 6173997
51.4, 6173997
51.41, 6173997
51.42, 6173997
51.43, 6173997
51.44, 6173997
51.45, 6173997
51.46, 6173997
51.47, 6173997
51.48, 6173997
51.49, 6173997
51.5, 6173997
51.51, 6173997
51.52, 6173997
51.53, 6173997
51.54, 6173997
51.55, 6173997
51.56, 6173997
51.57, 6173997
51.58, 6173997
51.59, 6173997
51.6, 6173997
51.61, 6173997
51.62, 6173997
51.63, 6173997
51.64, 6173997
51.65, 6173997
51.66, 6173997
51.67, 6173997
51.68, 6173997
51.69, 6173997
51.7, 6173997
51.71, 6173997
51.72, 6173997
51.73, 6173997
51.74, 6173997
51.75, 6173997
51.76, 6173997
51.77, 6173997
51.78, 6173997
51.79, 6173997
51.8, 6173997
51.81, 6173997
51.82, 6173997
51.83, 6173997
51.84, 6173997
51.85, 6173997
51.86, 6173997
51.87, 6173997
51.88, 6173997
51.89, 6173997
51.9, 6173997
51.91, 6173997
51.92, 6173997
51.93, 6173997
51.94, 6173997
51.95, 6173997
51.96, 6173997
51.97, 6173997
51.98, 6173997
51.99, 6173997
52.0, 6173997
52.01, 6173997
52.02, 6173997
52.03, 6173997
52.04, 6173997
52.05, 6173997
52.06, 6173997
52.07, 6173997
52.08, 6173997
52.09, 6173997
52.1, 6173997
52.11, 6173997
52.12, 6173997
52.13, 6173997
52.14, 6173997
52.15, 6173997
52.16, 6173997
52.17, 6173997
52.18, 6173997
52.19, 6173997
52.2, 6173997
52.21, 6173997
52.22, 6173997
52.23, 6173997
52.24, 6173997
52.25, 6173997
52.26, 6173997
52.27, 6173997
52.28, 6173997
52.29, 6173997
52.3, 6173997
52.31, 6173997
52.32, 6173997
52.33, 6173997
52.34, 6173997
52.35, 6173997
52.36, 6173997
52.37, 6173997
52.38, 6173997
52.39, 6173997
52.4, 6173997
52.41, 6173997
52.42, 6173997
52.43, 6173997
52.44, 6173997
52.45, 6173997
52.46, 6173997
52.47, 6173997
52.48, 6173997
52.49, 6173997
52.5, 6173997
52.51, 6173997
52.52, 6173997
52.53, 6173997
52.54, 6173997
52.55, 6173997
52.56, 6173997
52.57, 6173997
52.58, 6173997
52.59, 6173997
52.6, 6173997
52.61, 6173997
52.62, 6173997
52.63, 6173997
52.64, 6173997
52.65, 6173997
52.66, 6173997
52.67, 6173997
52.68, 6173997
52.69, 6173997
52.7, 6173997
52.71, 6173997
52.72, 6173997
52.73, 6173997
52.74, 6173997
52.75, 6173997
52.76, 6173997
52.77, 6173997
52.78, 6173997
52.79, 6173997
52.8, 6173997
52.81, 6173997
52.82, 6173997
52.83, 6173997
52.84, 6173997
52.85, 6173997
52.86, 6173997
52.87, 6173997
52.88, 6173997
52.89, 6173997
52.9, 6173997
52.91, 6173997
52.92, 6173997
52.93, 6173997
52.94, 6173997
52.95, 6173997
52.96, 6173997
52.97, 6173997
52.98, 6173997
52.99, 6173997
53.0, 6173997
53.01, 6173997
53.02, 6173997
53.03, 6173997
53.04, 6173997
53.05, 6173997
53.06, 6173997
53.07, 6173997
53.08, 6173997
53.09, 6173997
53.1, 6173997
53.11, 6173997
53.12, 6173997
53.13, 6173997
53.14, 6173997
53.15, 6173997
53.16, 6173997
53.17, 6173997
53.18, 6173997
53.19, 6173997
53.2, 6173997
53.21, 6173997
53.22, 6173997
53.23, 6173997
53.24, 6173997
53.25, 6173997
53.26, 6173997
53.27, 6173997
53.28, 6173997
53.29, 6173997
53.3, 6173997
53.31, 6173997
53.32, 6173997
53.33, 6173997
53.34, 6173997
53.35, 6173997
53.36, 6173997
53.37, 6173997
53.38, 6173997
53.39, 6173997
53.4, 6173997
53.41, 6173997
53.42, 6173997
53.43, 6173997
53.44, 6173997
53.45, 6173997
53.46, 6173997
53.47, 6173997
53.48, 6173997
53.49, 6173997
53.5, 6173997
53.51, 6173997
53.52, 6173997
53.53, 6173997
53.54, 6173997
53.55, 6173997
53.56, 6173997
53.57, 6173997
53.58, 6173997
53.59, 6173997
53.6, 6173997
53.61, 6173997
53.62, 6173997
53.63, 6173997
53.64, 6173997
53.65, 6173997
53.66, 6173997
53.67, 6173997
53.68, 6173997
53.69, 6173997
53.7, 6173997
53.71, 6173997
53.72, 6173997
53.73, 6173997
53.74, 6173997
53.75, 6173997
53.76, 6173997
53.77, 6173997
53.78, 6173997
53.79, 6173997
53.8, 6173997
53.81, 6173997
53.82, 6173997
53.83, 6173997
53.84, 6173997
53.85, 6173997
53.86, 6173997
53.87, 6173997
53.88, 6173997
53.89, 6173997
53.9, 6173997
53.91, 6173997
53.92, 6173997
53.93, 6173997
53.94, 6173997
53.95, 6173997
53.96, 6173997
53.97, 6173997
53.98, 6173997
53.99, 6173997
54.0, 6173997
54.01, 6173997
54.02, 6173997
54.03, 6173997
54.04, 6173997
54.05, 6173997
54.06, 6173997
54.07, 6173997
54.08, 6173997
54.09, 6173997
54.1, 6173997
54.11, 6173997
54.12, 6173997
54.13, 6173997
54.14, 6173997
54.15, 6173997
54.16, 6173997
54.17, 6173997
54.18, 6173997
54.19, 6173997
54.2, 6173997
54.21, 6173997
54.22, 6173997
54.23, 6173997
54.24, 6173997
54.25, 6173997
54.26, 6173997
54.27, 6173997
54.28, 6173997
54.29, 6173997
54.3, 6173997
54.31, 6173997
54.32, 6173997
54.33, 6173997
54.34, 6173997
54.35, 6173997
54.36, 6173997
54.37, 6173997
54.38, 6173997
54.39, 6173997
54.4, 6173997
54.41, 6173997
54.42, 6173997
54.43, 6173997
54.44, 6173997
54.45, 6173997
54.46, 6173997
54.47, 6173997
54.48, 6173997
54.49, 6173997
54.5, 6173997
54.51, 6173997
54.52, 6173997
54.53, 6173997
54.54, 6173997
54.55, 6173997
54.56, 6173997
54.57, 6173997
54.58, 6173997
54.59, 6173997
54.6, 6173997
54.61, 6173997
54.62, 6173997
54.63, 6173997
54.64, 6173997
54.65, 6173997
54.66, 6173997
54.67, 6173997
54.68, 6173997
54.69, 6173997
54.7, 6173997
54.71, 6173997
54.72, 6173997
54.73, 6173997
54.74, 6173997
54.75, 6173997
54.76, 6173997
54.77, 6173997
54.78, 6173997
54.79, 6173997
54.8, 6173997
54.81, 6173997
54.82, 6173997
54.83, 6173997
54.84, 6173997
54.85, 6173997
54.86, 6173997
54.87, 6173997
54.88, 6173997
54.89, 6173997
54.9, 6173997
54.91, 6173997
54.92, 6173997
54.93, 6173997
54.94, 6173997
54.95, 6173997
54.96, 6173997
54.97, 6173997
54.98, 6173997
54.99, 6173997
55.0, 6173997
55.01, 6173997
55.02, 6173997
55.03, 6173997
55.04, 6173997
55.05, 6173997
55.06, 6173997
55.07, 6173997
55.08, 6173997
55.09, 6173997
55.1, 6173997
55.11, 6173997
55.12, 6173997
55.13, 6173997
55.14, 6173997
55.15, 6173997
55.16, 6173997
55.17, 6173997
55.18, 6173997
55.19, 6173997
55.2, 6173997
55.21, 6173997
55.22, 6173997
55.23, 6173997
55.24, 6173997
55.25, 6173997
55.26, 6173997
55.27, 6173997
55.28, 6173997
55.29, 6173997
55.3, 6173997
55.31, 6173997
55.32, 6173997
55.33, 6173997
55.34, 6173997
55.35, 6173997
55.36, 6173997
55.37, 6173997
55.38, 6173997
55.39, 6173997
55.4, 6173997
55.41, 6173997
55.42, 6173997
55.43, 6173997
55.44, 6173997
55.45, 6173997
55.46, 6173997
55.47, 6173997
55.48, 6173997
55.49, 6173997
55.5, 6173997
55.51, 6173997
55.52, 6173997
55.53, 6173997
55.54, 6173997
55.55, 6173997
55.56, 6173997
55.57, 6173997
55.58, 6173997
55.59, 6173997
55.6, 6173997
55.61, 6173997
55.62, 6173997
55.63, 6173997
55.64, 6173997
55.65, 6173997
55.66, 6173997
55.67, 6173997
55.68, 6173997
55.69, 6173997
55.7, 6173997
55.71, 6173997
55.72, 6173997
55.73, 6173997
55.74, 6173997
55.75, 6173997
55.76, 6173997
55.77, 6173997
55.78, 6173997
55.79, 6173997
55.8, 6173997
55.81, 6173997
55.82, 6173997
55.83, 6173997
55.84, 6173997
55.85, 6173997
55.86, 6173997
55.87, 6173997
55.88, 6173997
55.89, 6173997
55.9, 6173997
55.91, 6173997
55.92, 6173997
55.93, 6173997
55.94, 6173997
55.95, 6173997
55.96, 6173997
55.97, 6173997
55.98, 6173997
55.99, 6173997
56.0, 6173997
56.01, 6173997
56.02, 6173997
56.03, 6173997
56.04, 6173997
56.05, 6173997
56.06, 6173997
56.07, 6173997
56.08, 6173997
56.09, 6173997
56.1, 6173997
56.11, 6173997
56.12, 6173997
56.13, 6173997
56.14, 6173997
56.15, 6173997
56.16, 6173997
56.17, 6173997
56.18, 6173997
56.19, 6173997
56.2, 6173997
56.21, 6173997
56.22, 6173997
56.23, 6173997
56.24, 6173997
56.25, 6173997
56.26, 6173997
56.27, 6173997
56.28, 6173997
56.29, 6173997
56.3, 6173997
56.31, 6173997
56.32, 6173997
56.33, 6173997
56.34, 6173997
56.35, 6173997
56.36, 6173997
56.37, 6173997
56.38, 6173997
56.39, 6173997
56.4, 6173997
56.41, 6173997
56.42, 6173997
56.43, 6173997
56.44, 6173997
56.45, 6173997
56.46, 6173997
56.47, 6173997
56.48, 6173997
56.49, 6173997
56.5, 6173997
56.51, 6173997
56.52, 6173997
56.53, 6173997
56.54, 6173997
56.55, 6173997
56.56, 6173997
56.57, 6173997
56.58, 6173997
56.59, 6173997
56.6, 6173997
56.61, 6173997
56.62, 6173997
56.63, 6173997
56.64, 6173997
56.65, 6173997
56.66, 6173997
56.67, 6173997
56.68, 6173997
56.69, 6173997
56.7, 6173997
56.71, 6173997
56.72, 6173997
56.73, 6173997
56.74, 6173997
56.75, 6173997
56.76, 6173997
56.77, 6173997
56.78, 6173997
56.79, 6173997
56.8, 6173997
56.81, 6173997
56.82, 6173997
56.83, 6173997
56.84, 6173997
56.85, 6173997
56.86, 6173997
56.87, 6173997
56.88, 6173997
56.89, 6173997
56.9, 6173997
56.91, 6173997
56.92, 6173997
56.93, 6173997
56.94, 6173997
56.95, 6173997
56.96, 6173997
56.97, 6173997
56.98, 6173997
56.99, 6173997
57.0, 6173997
57.01, 6173997
57.02, 6173997
57.03, 6173997
57.04, 6173997
57.05, 6173997
57.06, 6173997
57.07, 6173997
57.08, 6173997
57.09, 6173997
57.1, 6173997
57.11, 6173997
57.12, 6173997
57.13, 6173997
57.14, 6173997
57.15, 6173997
57.16, 6173997
57.17, 6173997
57.18, 6173997
57.19, 6173997
57.2, 6173997
57.21, 6173997
57.22, 6173997
57.23, 6173997
57.24, 6173997
57.25, 6173997
57.26, 6173997
57.27, 6173997
57.28, 6173997
57.29, 6173997
57.3, 6173997
57.31, 6173997
57.32, 6173997
57.33, 6173997
57.34, 6173997
57.35, 6173997
57.36, 6173997
57.37, 6173997
57.38, 6173997
57.39, 6173997
57.4, 6173997
57.41, 6173997
57.42, 6173997
57.43, 6173997
57.44, 6173997
57.45, 6173997
57.46, 6173997
57.47, 6173997
57.48, 6173997
57.49, 6173997
57.5, 6173997
57.51, 6173997
57.52, 6173997
57.53, 6173997
57.54, 6173997
57.55, 6173997
57.56, 6173997
57.57, 6173997
57.58, 6173997
57.59, 6173997
57.6, 6173997
57.61, 6173997
57.62, 6173997
57.63, 6173997
57.64, 6173997
57.65, 6173997
57.66, 6173997
57.67, 6173997
57.68, 6173997
57.69, 6173997
57.7, 6173997
57.71, 6173997
57.72, 6173997
57.73, 6173997
57.74, 6173997
57.75, 6173997
57.76, 6173997
57.77, 6173997
57.78, 6173997
57.79, 6173997
57.8, 6173997
57.81, 6173997
57.82, 6173997
57.83, 6173997
57.84, 6173997
57.85, 6173997
57.86, 6173997
57.87, 6173997
57.88, 6173997
57.89, 6173997
57.9, 6173997
57.91, 6173997
57.92, 6173997
57.93, 6173997
57.94, 6173997
57.95, 6173997
57.96, 6173997
57.97, 6173997
57.98, 6173997
57.99, 6173997
58.0, 6173997
58.01, 6173997
58.02, 6173997
58.03, 6173997
58.04, 6173997
58.05, 6173997
58.06, 6173997
58.07, 6173997
58.08, 6173997
58.09, 6173997
58.1, 6173997
58.11, 6173997
58.12, 6173997
58.13, 6173997
58.14, 6173997
58.15, 6173997
58.16, 6173997
58.17, 6173997
58.18, 6173997
58.19, 6173997
58.2, 6173997
58.21, 6173997
58.22, 6173997
58.23, 6173997
58.24, 6173997
58.25, 6173997
58.26, 6173997
58.27, 6173997
58.28, 6173997
58.29, 6173997
58.3, 6173997
58.31, 6173997
58.32, 6173997
58.33, 6173997
58.34, 6173997
58.35, 6173997
58.36, 6173997
58.37, 6173997
58.38, 6173997
58.39, 6173997
58.4, 6173997
58.41, 6173997
58.42, 6173997
58.43, 6173997
58.44, 6173997
58.45, 6173997
58.46, 6173997
58.47, 6173997
58.48, 6173997
58.49, 6173997
58.5, 6173997
58.51, 6173997
58.52, 6173997
58.53, 6173997
58.54, 6173997
58.55, 6173997
58.56, 6173997
58.57, 6173997
58.58, 6173997
58.59, 6173997
58.6, 6173997
58.61, 6173997
58.62, 6173997
58.63, 6173997
58.64, 6173997
58.65, 6173997
58.66, 6173997
58.67, 6173997
58.68, 6173997
58.69, 6173997
58.7, 6173997
58.71, 6173997
58.72, 6173997
58.73, 6173997
58.74, 6173997
58.75, 6173997
58.76, 6173997
58.77, 6173997
58.78, 6173997
58.79, 6173997
58.8, 6173997
58.81, 6173997
58.82, 6173997
58.83, 6173997
58.84, 6173997
58.85, 6173997
58.86, 6173997
58.87, 6173997
58.88, 6173997
58.89, 6173997
58.9, 6173997
58.91, 6173997
58.92, 6173997
58.93, 6173997
58.94, 6173997
58.95, 6173997
58.96, 6173997
58.97, 6173997
58.98, 6173997
58.99, 6173997
59.0, 6173997
59.01, 6173997
59.02, 6173997
59.03, 6173997
59.04, 6173997
59.05, 6173997
59.06, 6173997
59.07, 6173997
59.08, 6173997
59.09, 6173997
59.1, 6173997
59.11, 6173997
59.12, 6173997
59.13, 6173997
59.14, 6173997
59.15, 6173997
59.16, 6173997
59.17, 6173997
59.18, 6173997
59.19, 6173997
59.2, 6173997
59.21, 6173997
59.22, 6173997
59.23, 6173997
59.24, 6173997
59.25, 6173997
59.26, 6173997
59.27, 6173997
59.28, 6173997
59.29, 6173997
59.3, 6173997
59.31, 6173997
59.32, 6173997
59.33, 6173997
59.34, 6173997
59.35, 6173997
59.36, 6173997
59.37, 6173997
59.38, 6173997
59.39, 6173997
59.4, 6173997
59.41, 6173997
59.42, 6173997
59.43, 6173997
59.44, 6173997
59.45, 6173997
59.46, 6173997
59.47, 6173997
59.48, 6173997
59.49, 6173997
59.5, 6173997
59.51, 6173997
59.52, 6173997
59.53, 6173997
59.54, 6173997
59.55, 6173997
59.56, 6173997
59.57, 6173997
59.58, 6173997
59.59, 6173997
59.6, 6173997
59.61, 6173997
59.62, 6173997
59.63, 6173997
59.64, 6173997
59.65, 6173997
59.66, 6173997
59.67, 6173997
59.68, 6173997
59.69, 6173997
59.7, 6173997
59.71, 6173997
59.72, 6173997
59.73, 6173997
59.74, 6173997
59.75, 6173997
59.76, 6173997
59.77, 6173997
59.78, 6173997
59.79, 6173997
59.8, 6173997
59.81, 6173997
59.82, 6173997
59.83, 6173997
59.84, 6173997
59.85, 6173997
59.86, 6173997
59.87, 6173997
59.88, 6173997
59.89, 6173997
59.9, 6173997
59.91, 6173997
59.92, 6173997
59.93, 6173997
59.94, 6173997
59.95, 6173997
59.96, 6173997
59.97, 6173997
59.98, 6173997
59.99, 6173997
