0.0, 6964282
0.01, 6964282
0.02, 6929479
0.03, 6929479
0.04, 6929479
0.05, 6788124
0.06, 6681475
0.07, 6673581
0.08, 6673581
0.09, 6673581
0.1, 6673581
0.11, 6673581
0.12, 6673581
0.13, 6673581
0.14, 6673581
0.15, 6673581
0.16, 6673581
0.17, 6643930
0.18, 6643930
0.19, 6643930
0.2, 6643930
0.21, 6643930
0.22, 6643930
0.23, 6643930
0.24, 6643930
0.25, 6338934
0.26, 6312543
0.27, 6312543
0.28, 6312543
0.29, 6312543
0.3, 6312543
0.31, 6312543
0.32, 6312543
0.33, 6312543
0.34, 6312543
0.35, 6312543
0.36, 6312543
0.37, 6312543
0.38, 6312543
0.39, 6312543
0.4, 6312543
0.41, 6312543
0.42, 6312543
0.43, 6312543
0.44, 6312543
0.45, 6312543
0.46, 6312543
0.47, 6312543
0.48, 6312543
0.49, 6312543
0.5, 6312543
0.51, 6312543
0.52, 6312543
0.53, 6312543
0.54, 6312543
0.55, 6312543
0.56, 6312543
0.57, 6312543
0.58, 6312543
0.59, 6312543
0.6, 6312543
0.61, 6312543
0.62, 6312543
0.63, 6312543
0.64, 6312543
0.65, 6312543
0.66, 6312543
0.67, 6312543
0.68, 6312543
0.69, 6312543
0.7, 6312543
0.71, 6312543
0.72, 6312543
0.73, 6312543
0.74, 6312543
0.75, 6312543
0.76, 6312543
0.77, 6312543
0.78, 6312543
0.79, 6312543
0.8, 6312543
0.81, 6312543
0.82, 6312543
0.83, 6312543
0.84, 6312543
0.85, 6312543
0.86, 6312543
0.87, 6312543
0.88, 6312543
0.89, 6312543
0.9, 6312543
0.91, 6312543
0.92, 6312543
0.93, 6312543
0.94, 6312543
0.95, 6312543
0.96, 6312543
0.97, 6312543
0.98, 6312543
0.99, 6312543
1.0, 6312543
1.01, 6312543
1.02, 6312543
1.03, 6312543
1.04, 6312543
1.05, 6312543
1.06, 6312543
1.07, 6312543
1.08, 6312543
1.09, 6312543
1.1, 6312543
1.11, 6312543
1.12, 6312543
1.13, 6312543
1.14, 6312543
1.15, 6312543
1.16, 6312543
1.17, 6312543
1.18, 6312543
1.19, 6312543
1.2, 6312543
1.21, 6312543
1.22, 6312543
1.23, 6312543
1.24, 6312543
1.25, 6312543
1.26, 6312543
1.27, 6312543
1.28, 6312543
1.29, 6312543
1.3, 6312543
1.31, 6312543
1.32, 6312543
1.33, 6312543
1.34, 6312543
1.35, 6312543
1.36, 6312543
1.37, 6312543
1.38, 6312543
1.39, 6312543
1.4, 6312543
1.41, 6312543
1.42, 6312543
1.43, 6312543
1.44, 6312543
1.45, 6312543
1.46, 6312543
1.47, 6312543
1.48, 6312543
1.49, 6312543
1.5, 6312543
1.51, 6312543
1.52, 6312543
1.53, 6312543
1.54, 6312543
1.55, 6312543
1.56, 6312543
1.57, 6312543
1.58, 6312543
1.59, 6312543
1.6, 6312543
1.61, 6312543
1.62, 6312543
1.63, 6312543
1.64, 6312543
1.65, 6312543
1.66, 6312543
1.67, 6312543
1.68, 6312543
1.69, 6312543
1.7, 6312543
1.71, 6312543
1.72, 6312543
1.73, 6312543
1.74, 6312543
1.75, 6312543
1.76, 6312543
1.77, 6312543
1.78, 6312543
1.79, 6312543
1.8, 6312543
1.81, 6312543
1.82, 6312543
1.83, 6312543
1.84, 6312543
1.85, 6312543
1.86, 6312543
1.87, 6312543
1.88, 6312543
1.89, 6312543
1.9, 6312543
1.91, 6312543
1.92, 6312543
1.93, 6312543
1.94, 6312543
1.95, 6312543
1.96, 6312543
1.97, 6312543
1.98, 6312543
1.99, 6312543
2.0, 6312543
2.01, 6312543
2.02, 6312543
2.03, 6312543
2.04, 6312543
2.05, 6312543
2.06, 6312543
2.07, 6312543
2.08, 6312543
2.09, 6312543
2.1, 6312543
2.11, 6312543
2.12, 6312543
2.13, 6312543
2.14, 6312543
2.15, 6312543
2.16, 6312543
2.17, 6312543
2.18, 6312543
2.19, 6312543
2.2, 6312543
2.21, 6312543
2.22, 6312543
2.23, 6312543
2.24, 6312543
2.25, 6312543
2.26, 6312543
2.27, 6312543
2.28, 6312543
2.29, 6312543
2.3, 6312543
2.31, 6312543
2.32, 6312543
2.33, 6312543
2.34, 6312543
2.35, 6312543
2.36, 6312543
2.37, 6312543
2.38, 6312543
2.39, 6312543
2.4, 6312543
2.41, 6312543
2.42, 6312543
2.43, 6312543
2.44, 6312543
2.45, 6312543
2.46, 6312543
2.47, 6312543
2.48, 6312543
2.49, 6312543
2.5, 6312543
2.51, 6312543
2.52, 6312543
2.53, 6312543
2.54, 6312543
2.55, 6312543
2.56, 6312543
2.57, 6312543
2.58, 6312543
2.59, 6312543
2.6, 6312543
2.61, 6312543
2.62, 6312543
2.63, 6312543
2.64, 6312543
2.65, 6312543
2.66, 6312543
2.67, 6312543
2.68, 6312543
2.69, 6312543
2.7, 6312543
2.71, 6312543
2.72, 6312543
2.73, 6312543
2.74, 6312543
2.75, 6312543
2.76, 6312543
2.77, 6312543
2.78, 6312543
2.79, 6312543
2.8, 6312543
2.81, 6312543
2.82, 6312543
2.83, 6312543
2.84, 6312543
2.85, 6312543
2.86, 6312543
2.87, 6312543
2.88, 6312543
2.89, 6312543
2.9, 6312543
2.91, 6312543
2.92, 6312543
2.93, 6312543
2.94, 6312543
2.95, 6312543
2.96, 6312543
2.97, 6312543
2.98, 6312543
2.99, 6312543
3.0, 6312543
3.01, 6312543
3.02, 6312543
3.03, 6312543
3.04, 6312543
3.05, 6312543
3.06, 6312543
3.07, 6312543
3.08, 6312543
3.09, 6312543
3.1, 6312543
3.11, 6312543
3.12, 6312543
3.13, 6312543
3.14, 6312543
3.15, 6312543
3.16, 6312543
3.17, 6312543
3.18, 6312543
3.19, 6312543
3.2, 6312543
3.21, 6312543
3.22, 6312543
3.23, 6312543
3.24, 6312543
3.25, 6312543
3.26, 6312543
3.27, 6312543
3.28, 6312543
3.29, 6312543
3.3, 6312543
3.31, 6312543
3.32, 6312543
3.33, 6312543
3.34, 6312543
3.35, 6312543
3.36, 6312543
3.37, 6312543
3.38, 6312543
3.39, 6312543
3.4, 6312543
3.41, 6312543
3.42, 6312543
3.43, 6312543
3.44, 6312543
3.45, 6312543
3.46, 6312543
3.47, 6312543
3.48, 6312543
3.49, 6312543
3.5, 6312543
3.51, 6312543
3.52, 6312543
3.53, 6312543
3.54, 6312543
3.55, 6312543
3.56, 6312543
3.57, 6312543
3.58, 6312543
3.59, 6312543
3.6, 6312543
3.61, 6312543
3.62, 6312543
3.63, 6312543
3.64, 6312543
3.65, 6312543
3.66, 6312543
3.67, 6312543
3.68, 6312543
3.69, 6312543
3.7, 6312543
3.71, 6312543
3.72, 6312543
3.73, 6312543
3.74, 6312543
3.75, 6312543
3.76, 6312543
3.77, 6312543
3.78, 6312543
3.79, 6312543
3.8, 6312543
3.81, 6312543
3.82, 6312543
3.83, 6312543
3.84, 6312543
3.85, 6312543
3.86, 6312543
3.87, 6312543
3.88, 6312543
3.89, 6312543
3.9, 6312543
3.91, 6312543
3.92, 6312543
3.93, 6312543
3.94, 6312543
3.95, 6312543
3.96, 6312543
3.97, 6312543
3.98, 6312543
3.99, 6312543
4.0, 6312543
4.01, 6312543
4.02, 6312543
4.03, 6312543
4.04, 6312543
4.05, 6312543
4.06, 6312543
4.07, 6312543
4.08, 6312543
4.09, 6312543
4.1, 6312543
4.11, 6312543
4.12, 6312543
4.13, 6312543
4.14, 6312543
4.15, 6312543
4.16, 6312543
4.17, 6312543
4.18, 6312543
4.19, 6312543
4.2, 6312543
4.21, 6312543
4.22, 6312543
4.23, 6312543
4.24, 6312543
4.25, 6312543
4.26, 6312543
4.27, 6312543
4.28, 6312543
4.29, 6312543
4.3, 6312543
4.31, 6312543
4.32, 6312543
4.33, 6312543
4.34, 6312543
4.35, 6312543
4.36, 6312543
4.37, 6312543
4.38, 6312543
4.39, 6312543
4.4, 6312543
4.41, 6312543
4.42, 6312543
4.43, 6312543
4.44, 6312543
4.45, 6312543
4.46, 6312543
4.47, 6312543
4.48, 6312543
4.49, 6312543
4.5, 6312543
4.51, 6312543
4.52, 6312543
4.53, 6312543
4.54, 6312543
4.55, 6312543
4.56, 6312543
4.57, 6312543
4.58, 6312543
4.59, 6312543
4.6, 6312543
4.61, 6312543
4.62, 6312543
4.63, 6312543
4.64, 6312543
4.65, 6312543
4.66, 6312543
4.67, 6312543
4.68, 6312543
4.69, 6312543
4.7, 6312543
4.71, 6312543
4.72, 6312543
4.73, 6312543
4.74, 6312543
4.75, 6312543
4.76, 6312543
4.77, 6312543
4.78, 6312543
4.79, 6312543
4.8, 6312543
4.81, 6312543
4.82, 6312543
4.83, 6312543
4.84, 6312543
4.85, 6312543
4.86, 6312543
4.87, 6312543
4.88, 6312543
4.89, 6312543
4.9, 6312543
4.91, 6312543
4.92, 6312543
4.93, 6312543
4.94, 6312543
4.95, 6312543
4.96, 6312543
4.97, 6312543
4.98, 6312543
4.99, 6312543
5.0, 6312543
5.01, 6312543
5.02, 6312543
5.03, 6312543
5.04, 6312543
5.05, 6312543
5.06, 6312543
5.07, 6312543
5.08, 6312543
5.09, 6312543
5.1, 6312543
5.11, 6312543
5.12, 6312543
5.13, 6312543
5.14, 6312543
5.15, 6312543
5.16, 6312543
5.17, 6312543
5.18, 6312543
5.19, 6312543
5.2, 6312543
5.21, 6312543
5.22, 6312543
5.23, 6312543
5.24, 6312543
5.25, 6312543
5.26, 6312543
5.27, 6312543
5.28, 6312543
5.29, 6312543
5.3, 6312543
5.31, 6312543
5.32, 6312543
5.33, 6312543
5.34, 6312543
5.35, 6312543
5.36, 6312543
5.37, 6312543
5.38, 6312543
5.39, 6312543
5.4, 6312543
5.41, 6312543
5.42, 6312543
5.43, 6312543
5.44, 6312543
5.45, 6312543
5.46, 6312543
5.47, 6312543
5.48, 6312543
5.49, 6312543
5.5, 6312543
5.51, 6312543
5.52, 6312543
5.53, 6312543
5.54, 6312543
5.55, 6312543
5.56, 6312543
5.57, 6312543
5.58, 6312543
5.59, 6312543
5.6, 6312543
5.61, 6312543
5.62, 6312543
5.63, 6312543
5.64, 6312543
5.65, 6312543
5.66, 6312543
5.67, 6312543
5.68, 6312543
5.69, 6312543
5.7, 6312543
5.71, 6312543
5.72, 6312543
5.73, 6312543
5.74, 6312543
5.75, 6312543
5.76, 6312543
5.77, 6312543
5.78, 6312543
5.79, 6312543
5.8, 6312543
5.81, 6312543
5.82, 6312543
5.83, 6312543
5.84, 6312543
5.85, 6312543
5.86, 6312543
5.87, 6312543
5.88, 6312543
5.89, 6312543
5.9, 6312543
5.91, 6312543
5.92, 6312543
5.93, 6312543
5.94, 6312543
5.95, 6312543
5.96, 6312543
5.97, 6312543
5.98, 6312543
5.99, 6312543
6.0, 6312543
6.01, 6312543
6.02, 6312543
6.03, 6312543
6.04, 6312543
6.05, 6312543
6.06, 6312543
6.07, 6312543
6.08, 6312543
6.09, 6312543
6.1, 6312543
6.11, 6312543
6.12, 6312543
6.13, 6312543
6.14, 6312543
6.15, 6312543
6.16, 6312543
6.17, 6312543
6.18, 6312543
6.19, 6312543
6.2, 6312543
6.21, 6312543
6.22, 6312543
6.23, 6312543
6.24, 6312543
6.25, 6312543
6.26, 6312543
6.27, 6312543
6.28, 6312543
6.29, 6312543
6.3, 6312543
6.31, 6312543
6.32, 6312543
6.33, 6312543
6.34, 6312543
6.35, 6312543
6.36, 6312543
6.37, 6312543
6.38, 6312543
6.39, 6312543
6.4, 6312543
6.41, 6312543
6.42, 6312543
6.43, 6312543
6.44, 6312543
6.45, 6312543
6.46, 6312543
6.47, 6312543
6.48, 6312543
6.49, 6312543
6.5, 6312543
6.51, 6312543
6.52, 6312543
6.53, 6312543
6.54, 6312543
6.55, 6312543
6.56, 6312543
6.57, 6312543
6.58, 6312543
6.59, 6312543
6.6, 6312543
6.61, 6312543
6.62, 6312543
6.63, 6312543
6.64, 6312543
6.65, 6312543
6.66, 6312543
6.67, 6312543
6.68, 6312543
6.69, 6312543
6.7, 6312543
6.71, 6312543
6.72, 6312543
6.73, 6312543
6.74, 6312543
6.75, 6312543
6.76, 6312543
6.77, 6312543
6.78, 6312543
6.79, 6312543
6.8, 6312543
6.81, 6312543
6.82, 6312543
6.83, 6312543
6.84, 6312543
6.85, 6312543
6.86, 6312543
6.87, 6312543
6.88, 6312543
6.89, 6312543
6.9, 6312543
6.91, 6312543
6.92, 6312543
6.93, 6312543
6.94, 6312543
6.95, 6312543
6.96, 6312543
6.97, 6312543
6.98, 6312543
6.99, 6312543
7.0, 6312543
7.01, 6312543
7.02, 6312543
7.03, 6312543
7.04, 6312543
7.05, 6312543
7.06, 6312543
7.07, 6312543
7.08, 6312543
7.09, 6312543
7.1, 6312543
7.11, 6312543
7.12, 6312543
7.13, 6312543
7.14, 6312543
7.15, 6312543
7.16, 6312543
7.17, 6312543
7.18, 6312543
7.19, 6312543
7.2, 6312543
7.21, 6312543
7.22, 6312543
7.23, 6312543
7.24, 6312543
7.25, 6312543
7.26, 6312543
7.27, 6312543
7.28, 6312543
7.29, 6312543
7.3, 6312543
7.31, 6312543
7.32, 6312543
7.33, 6312543
7.34, 6312543
7.35, 6312543
7.36, 6312543
7.37, 6312543
7.38, 6312543
7.39, 6312543
7.4, 6312543
7.41, 6312543
7.42, 6312543
7.43, 6312543
7.44, 6312543
7.45, 6312543
7.46, 6312543
7.47, 6312543
7.48, 6312543
7.49, 6312543
7.5, 6312543
7.51, 6312543
7.52, 6312543
7.53, 6312543
7.54, 6312543
7.55, 6312543
7.56, 6312543
7.57, 6312543
7.58, 6312543
7.59, 6312543
7.6, 6312543
7.61, 6312543
7.62, 6312543
7.63, 6312543
7.64, 6312543
7.65, 6312543
7.66, 6312543
7.67, 6312543
7.68, 6312543
7.69, 6312543
7.7, 6312543
7.71, 6312543
7.72, 6312543
7.73, 6312543
7.74, 6312543
7.75, 6312543
7.76, 6312543
7.77, 6312543
7.78, 6312543
7.79, 6312543
7.8, 6312543
7.81, 6312543
7.82, 6312543
7.83, 6312543
7.84, 6312543
7.85, 6312543
7.86, 6312543
7.87, 6312543
7.88, 6312543
7.89, 6312543
7.9, 6312543
7.91, 6312543
7.92, 6312543
7.93, 6312543
7.94, 6312543
7.95, 6312543
7.96, 6312543
7.97, 6312543
7.98, 6312543
7.99, 6312543
8.0, 6312543
8.01, 6312543
8.02, 6312543
8.03, 6312543
8.04, 6312543
8.05, 6312543
8.06, 6312543
8.07, 6312543
8.08, 6312543
8.09, 6312543
8.1, 6312543
8.11, 6312543
8.12, 6312543
8.13, 6312543
8.14, 6312543
8.15, 6312543
8.16, 6312543
8.17, 6312543
8.18, 6312543
8.19, 6312543
8.2, 6312543
8.21, 6312543
8.22, 6312543
8.23, 6312543
8.24, 6312543
8.25, 6312543
8.26, 6312543
8.27, 6312543
8.28, 6312543
8.29, 6312543
8.3, 6312543
8.31, 6312543
8.32, 6312543
8.33, 6312543
8.34, 6312543
8.35, 6312543
8.36, 6312543
8.37, 6312543
8.38, 6312543
8.39, 6312543
8.4, 6312543
8.41, 6312543
8.42, 6312543
8.43, 6312543
8.44, 6312543
8.45, 6312543
8.46, 6312543
8.47, 6312543
8.48, 6312543
8.49, 6312543
8.5, 6312543
8.51, 6312543
8.52, 6312543
8.53, 6312543
8.54, 6312543
8.55, 6312543
8.56, 6312543
8.57, 6312543
8.58, 6312543
8.59, 6312543
8.6, 6312543
8.61, 6312543
8.62, 6312543
8.63, 6312543
8.64, 6312543
8.65, 6312543
8.66, 6312543
8.67, 6312543
8.68, 6312543
8.69, 6312543
8.7, 6312543
8.71, 6312543
8.72, 6312543
8.73, 6312543
8.74, 6312543
8.75, 6312543
8.76, 6312543
8.77, 6312543
8.78, 6312543
8.79, 6312543
8.8, 6312543
8.81, 6312543
8.82, 6312543
8.83, 6312543
8.84, 6312543
8.85, 6312543
8.86, 6312543
8.87, 6312543
8.88, 6312543
8.89, 6312543
8.9, 6312543
8.91, 6312543
8.92, 6312543
8.93, 6312543
8.94, 6312543
8.95, 6312543
8.96, 6312543
8.97, 6312543
8.98, 6312543
8.99, 6312543
9.0, 6312543
9.01, 6312543
9.02, 6312543
9.03, 6312543
9.04, 6312543
9.05, 6312543
9.06, 6312543
9.07, 6312543
9.08, 6312543
9.09, 6312543
9.1, 6312543
9.11, 6312543
9.12, 6312543
9.13, 6312543
9.14, 6312543
9.15, 6312543
9.16, 6312543
9.17, 6312543
9.18, 6312543
9.19, 6312543
9.2, 6312543
9.21, 6312543
9.22, 6312543
9.23, 6312543
9.24, 6312543
9.25, 6312543
9.26, 6312543
9.27, 6312543
9.28, 6312543
9.29, 6312543
9.3, 6312543
9.31, 6312543
9.32, 6312543
9.33, 6312543
9.34, 6312543
9.35, 6312543
9.36, 6312543
9.37, 6312543
9.38, 6312543
9.39, 6312543
9.4, 6312543
9.41, 6312543
9.42, 6312543
9.43, 6312543
9.44, 6312543
9.45, 6312543
9.46, 6312543
9.47, 6312543
9.48, 6312543
9.49, 6312543
9.5, 6312543
9.51, 6312543
9.52, 6312543
9.53, 6312543
9.54, 6312543
9.55, 6312543
9.56, 6312543
9.57, 6312543
9.58, 6312543
9.59, 6312543
9.6, 6312543
9.61, 6312543
9.62, 6312543
9.63, 6312543
9.64, 6312543
9.65, 6312543
9.66, 6312543
9.67, 6312543
9.68, 6312543
9.69, 6312543
9.7, 6312543
9.71, 6312543
9.72, 6312543
9.73, 6312543
9.74, 6312543
9.75, 6312543
9.76, 6312543
9.77, 6312543
9.78, 6312543
9.79, 6312543
9.8, 6312543
9.81, 6312543
9.82, 6312543
9.85, 6312543
9.86, 6312543
9.87, 6312543
9.88, 6312543
9.89, 6312543
9.9, 6312543
9.91, 6312543
9.92, 6312543
9.93, 6312543
9.94, 6312543
9.95, 6312543
9.96, 6312543
9.97, 6312543
9.98, 6312543
9.99, 6312543
10.0, 6312543
10.01, 6312543
10.02, 6312543
10.03, 6312543
10.04, 6312543
10.05, 6312543
10.06, 6312543
10.07, 6312543
10.08, 6312543
10.09, 6312543
10.1, 6312543
10.11, 6312543
10.12, 6312543
10.13, 6312543
10.14, 6312543
10.15, 6312543
10.16, 6312543
10.17, 6312543
10.18, 6312543
10.19, 6312543
10.2, 6312543
10.21, 6312543
10.22, 6312543
10.23, 6312543
10.24, 6312543
10.25, 6312543
10.26, 6312543
10.27, 6312543
10.28, 6312543
10.29, 6312543
10.3, 6312543
10.31, 6311738
10.32, 6311738
10.33, 6311738
10.34, 6311738
10.35, 6311738
10.36, 6311738
10.37, 6311738
10.38, 6311738
10.39, 6311738
10.4, 6311738
10.41, 6311738
10.42, 6311738
10.43, 6311738
10.44, 6311738
10.45, 6311738
10.46, 6311738
10.47, 6311738
10.48, 6311738
10.49, 6311738
10.5, 6311738
10.51, 6311738
10.52, 6311738
10.53, 6311738
10.54, 6311738
10.55, 6311738
10.56, 6311738
10.57, 6311738
10.58, 6311738
10.59, 6311738
10.6, 6311738
10.61, 6311738
10.62, 6311738
10.63, 6311738
10.64, 6311738
10.65, 6311738
10.66, 6311738
10.67, 6311738
10.68, 6311738
10.69, 6311738
10.7, 6311738
10.71, 6311738
10.72, 6311738
10.73, 6311738
10.74, 6311738
10.75, 6311738
10.76, 6311738
10.77, 6311738
10.78, 6311738
10.79, 6311738
10.8, 6311738
10.81, 6311738
10.82, 6311738
10.83, 6311738
10.84, 6311738
10.85, 6311738
10.86, 6311738
10.87, 6311738
10.88, 6311738
10.89, 6311738
10.9, 6311738
10.91, 6311738
10.92, 6311738
10.93, 6311738
10.94, 6311738
10.95, 6311738
10.96, 6311738
10.97, 6311738
10.98, 6311738
10.99, 6311738
11.0, 6311738
11.01, 6311738
11.02, 6311738
11.03, 6311738
11.04, 6311738
11.05, 6311738
11.06, 6311738
11.07, 6311738
11.08, 6311738
11.09, 6311738
11.1, 6311738
11.11, 6311738
11.12, 6311738
11.13, 6311738
11.14, 6311738
11.15, 6311738
11.16, 6311738
11.17, 6311738
11.18, 6311738
11.19, 6311738
11.2, 6311738
11.21, 6311738
11.22, 6311738
11.23, 6311738
11.24, 6311738
11.25, 6311738
11.26, 6311738
11.27, 6311738
11.28, 6311738
11.29, 6311738
11.3, 6311738
11.31, 6311738
11.32, 6311738
11.33, 6311738
11.34, 6311738
11.35, 6311738
11.36, 6311738
11.37, 6311738
11.38, 6311738
11.39, 6311738
11.4, 6311738
11.41, 6311738
11.42, 6311738
11.43, 6311738
11.44, 6311738
11.45, 6311738
11.46, 6311738
11.47, 6311738
11.48, 6311738
11.49, 6311738
11.5, 6311738
11.51, 6311738
11.52, 6311738
11.53, 6311738
11.54, 6311738
11.55, 6311738
11.56, 6311738
11.57, 6311738
11.58, 6311738
11.59, 6311738
11.6, 6311738
11.61, 6311738
11.62, 6311738
11.63, 6311738
11.64, 6311738
11.65, 6311738
11.66, 6311738
11.67, 6311738
11.68, 6311738
11.69, 6311738
11.7, 6311738
11.71, 6311738
11.72, 6311738
11.73, 6311738
11.74, 6311738
11.75, 6311738
11.76, 6311738
11.77, 6311738
11.78, 6311738
11.79, 6311738
11.8, 6311738
11.81, 6311738
11.82, 6311738
11.83, 6311738
11.84, 6311738
11.85, 6311738
11.86, 6311738
11.87, 6311738
11.88, 6311738
11.89, 6311738
11.9, 6311738
11.91, 6311738
11.92, 6311738
11.93, 6311738
11.94, 6311738
11.95, 6311738
11.96, 6311738
11.97, 6311738
11.98, 6311738
11.99, 6311738
12.0, 6311738
12.01, 6311738
12.02, 6311738
12.03, 6311738
12.04, 6311738
12.05, 6311738
12.06, 6311738
12.07, 6311738
12.08, 6311738
12.09, 6311738
12.1, 6311738
12.11, 6311738
12.12, 6311738
12.13, 6311738
12.14, 6311738
12.15, 6311738
12.16, 6311738
12.17, 6311738
12.18, 6311738
12.19, 6311738
12.2, 6311738
12.21, 6311738
12.22, 6311738
12.23, 6311738
12.24, 6311738
12.25, 6311738
12.26, 6311738
12.27, 6311738
12.28, 6311738
12.29, 6311738
12.3, 6311738
12.31, 6311738
12.32, 6311738
12.33, 6311738
12.34, 6311738
12.35, 6311738
12.36, 6311738
12.37, 6311738
12.38, 6311738
12.39, 6311738
12.4, 6311738
12.41, 6311738
12.42, 6311738
12.43, 6311738
12.44, 6311738
12.45, 6311738
12.46, 6311738
12.47, 6311738
12.48, 6311738
12.49, 6311738
12.5, 6311738
12.51, 6311738
12.52, 6311738
12.53, 6311738
12.54, 6311738
12.55, 6311738
12.56, 6311738
12.57, 6311738
12.58, 6311738
12.59, 6311738
12.6, 6311738
12.61, 6311738
12.62, 6311738
12.63, 6311738
12.64, 6311738
12.65, 6311738
12.66, 6311738
12.67, 6311738
12.68, 6311738
12.69, 6311738
12.7, 6311738
12.71, 6311738
12.72, 6311738
12.73, 6311738
12.74, 6311738
12.75, 6311738
12.76, 6311738
12.77, 6311738
12.78, 6311738
12.79, 6311738
12.8, 6311738
12.81, 6311738
12.82, 6311738
12.83, 6311738
12.84, 6311738
12.85, 6311738
12.86, 6311738
12.87, 6311738
12.88, 6283057
12.89, 6283057
12.9, 6283057
12.91, 6283057
12.92, 6283057
12.93, 6283057
12.94, 6283057
12.95, 6283057
12.96, 6283057
12.97, 6283057
12.98, 6283057
12.99, 6283057
13.0, 6283057
13.01, 6283057
13.02, 6283057
13.03, 6283057
13.04, 6283057
13.05, 6283057
13.06, 6283057
13.07, 6283057
13.08, 6283057
13.09, 6283057
13.1, 6283057
13.11, 6283057
13.12, 6283057
13.13, 6283057
13.14, 6283057
13.15, 6283057
13.16, 6283057
13.17, 6283057
13.18, 6283057
13.19, 6283057
13.2, 6283057
13.21, 6283057
13.22, 6283057
13.23, 6283057
13.24, 6283057
13.25, 6283057
13.26, 6283057
13.27, 6283057
13.28, 6283057
13.29, 6283057
13.3, 6283057
13.31, 6283057
13.32, 6283057
13.33, 6283057
13.34, 6283057
13.35, 6283057
13.36, 6283057
13.37, 6283057
13.38, 6283057
13.39, 6283057
13.4, 6283057
13.41, 6283057
13.42, 6283057
13.43, 6283057
13.44, 6283057
13.45, 6283057
13.46, 6283057
13.47, 6283057
13.48, 6283057
13.49, 6283057
13.5, 6283057
13.51, 6283057
13.52, 6283057
13.53, 6283057
13.54, 6283057
13.55, 6283057
13.56, 6283057
13.57, 6283057
13.58, 6283057
13.59, 6283057
13.6, 6283057
13.61, 6283057
13.62, 6283057
13.63, 6283057
13.64, 6283057
13.65, 6283057
13.66, 6283057
13.67, 6283057
13.68, 6283057
13.69, 6283057
13.7, 6283057
13.71, 6283057
13.72, 6283057
13.73, 6283057
13.74, 6283057
13.75, 6283057
13.76, 6283057
13.77, 6283057
13.78, 6283057
13.79, 6283057
13.8, 6283057
13.81, 6283057
13.82, 6283057
13.83, 6283057
13.84, 6283057
13.85, 6283057
13.86, 6283057
13.87, 6283057
13.88, 6283057
13.89, 6283057
13.9, 6283057
13.91, 6283057
13.92, 6283057
13.93, 6283057
13.94, 6283057
13.95, 6283057
13.96, 6283057
13.97, 6283057
13.98, 6283057
13.99, 6283057
14.0, 6283057
14.01, 6283057
14.02, 6283057
14.03, 6283057
14.04, 6283057
14.05, 6283057
14.06, 6283057
14.07, 6283057
14.08, 6283057
14.09, 6283057
14.1, 6283057
14.11, 6283057
14.12, 6283057
14.13, 6283057
14.14, 6283057
14.15, 6283057
14.16, 6283057
14.17, 6283057
14.18, 6283057
14.19, 6283057
14.2, 6283057
14.21, 6283057
14.22, 6283057
14.23, 6283057
14.24, 6283057
14.25, 6283057
14.26, 6283057
14.27, 6283057
14.28, 6283057
14.29, 6283057
14.3, 6283057
14.31, 6283057
14.32, 6283057
14.33, 6283057
14.34, 6283057
14.35, 6283057
14.36, 6283057
14.37, 6283057
14.38, 6283057
14.39, 6283057
14.4, 6283057
14.41, 6283057
14.42, 6283057
14.43, 6283057
14.44, 6283057
14.45, 6283057
14.46, 6283057
14.47, 6283057
14.48, 6283057
14.49, 6283057
14.5, 6283057
14.51, 6283057
14.52, 6283057
14.53, 6283057
14.54, 6283057
14.55, 6283057
14.56, 6283057
14.57, 6283057
14.58, 6283057
14.59, 6283057
14.6, 6283057
14.61, 6283057
14.62, 6283057
14.63, 6283057
14.64, 6283057
14.65, 6283057
14.66, 6283057
14.67, 6283057
14.68, 6283057
14.69, 6283057
14.7, 6283057
14.71, 6283057
14.72, 6283057
14.73, 6283057
14.74, 6283057
14.75, 6283057
14.76, 6283057
14.77, 6283057
14.78, 6283057
14.79, 6283057
14.8, 6283057
14.81, 6283057
14.82, 6283057
14.83, 6283057
14.84, 6283057
14.85, 6283057
14.86, 6283057
14.87, 6283057
14.88, 6283057
14.89, 6283057
14.9, 6283057
14.91, 6283057
14.92, 6283057
14.93, 6283057
14.94, 6283057
14.95, 6283057
14.96, 6283057
14.97, 6283057
14.98, 6283057
14.99, 6283057
15.0, 6283057
15.01, 6283057
15.02, 6283057
15.03, 6283057
15.04, 6283057
15.05, 6283057
15.06, 6283057
15.07, 6283057
15.08, 6283057
15.09, 6283057
15.1, 6283057
15.11, 6283057
15.12, 6283057
15.13, 6283057
15.14, 6283057
15.15, 6283057
15.16, 6283057
15.17, 6283057
15.18, 6283057
15.19, 6283057
15.2, 6283057
15.21, 6283057
15.22, 6283057
15.23, 6283057
15.24, 6283057
15.25, 6283057
15.26, 6283057
15.27, 6283057
15.28, 6283057
15.29, 6283057
15.3, 6283057
15.31, 6283057
15.32, 6283057
15.33, 6283057
15.34, 6283057
15.35, 6283057
15.36, 6283057
15.37, 6283057
15.38, 6283057
15.39, 6283057
15.4, 6283057
15.41, 6283057
15.42, 6283057
15.43, 6283057
15.44, 6283057
15.45, 6283057
15.46, 6283057
15.47, 6283057
15.48, 6283057
15.49, 6283057
15.5, 6283057
15.51, 6283057
15.52, 6283057
15.53, 6283057
15.54, 6283057
15.55, 6283057
15.56, 6283057
15.57, 6283057
15.58, 6283057
15.59, 6283057
15.6, 6283057
15.61, 6283057
15.62, 6283057
15.63, 6283057
15.64, 6283057
15.65, 6283057
15.66, 6283057
15.67, 6283057
15.68, 6283057
15.69, 6283057
15.7, 6283057
15.71, 6283057
15.72, 6283057
15.73, 6283057
15.74, 6283057
15.75, 6283057
15.76, 6283057
15.77, 6283057
15.78, 6283057
15.79, 6283057
15.8, 6283057
15.81, 6283057
15.82, 6283057
15.83, 6283057
15.84, 6283057
15.85, 6283057
15.86, 6283057
15.87, 6283057
15.88, 6283057
15.89, 6283057
15.9, 6283057
15.91, 6283057
15.92, 6283057
15.93, 6283057
15.94, 6283057
15.95, 6283057
15.96, 6283057
15.97, 6283057
15.98, 6283057
15.99, 6283057
16.0, 6283057
16.01, 6283057
16.02, 6283057
16.03, 6283057
16.04, 6283057
16.05, 6283057
16.06, 6283057
16.07, 6283057
16.08, 6283057
16.09, 6283057
16.1, 6283057
16.11, 6283057
16.12, 6283057
16.13, 6283057
16.14, 6283057
16.15, 6283057
16.16, 6283057
16.17, 6283057
16.18, 6283057
16.19, 6283057
16.2, 6283057
16.21, 6283057
16.22, 6283057
16.23, 6283057
16.24, 6283057
16.25, 6283057
16.26, 6283057
16.27, 6283057
16.28, 6283057
16.29, 6283057
16.3, 6283057
16.31, 6283057
16.32, 6283057
16.33, 6283057
16.34, 6283057
16.35, 6283057
16.36, 6283057
16.37, 6283057
16.38, 6283057
16.39, 6283057
16.4, 6283057
16.41, 6283057
16.42, 6283057
16.43, 6283057
16.44, 6283057
16.45, 6283057
16.46, 6283057
16.47, 6283057
16.48, 6283057
16.49, 6283057
16.5, 6283057
16.51, 6283057
16.52, 6283057
16.53, 6283057
16.54, 6283057
16.55, 6283057
16.56, 6283057
16.57, 6283057
16.58, 6283057
16.59, 6283057
16.6, 6283057
16.61, 6283057
16.62, 6283057
16.63, 6283057
16.64, 6283057
16.65, 6283057
16.66, 6283057
16.67, 6283057
16.68, 6283057
16.69, 6283057
16.7, 6283057
16.71, 6283057
16.72, 6283057
16.73, 6283057
16.74, 6283057
16.75, 6283057
16.76, 6283057
16.77, 6283057
16.78, 6283057
16.79, 6283057
16.8, 6283057
16.81, 6283057
16.82, 6283057
16.83, 6283057
16.84, 6283057
16.85, 6283057
16.86, 6283057
16.87, 6283057
16.88, 6283057
16.89, 6283057
16.9, 6283057
16.91, 6283057
16.92, 6283057
16.93, 6283057
16.94, 6283057
16.95, 6283057
16.96, 6283057
16.97, 6283057
16.98, 6283057
16.99, 6283057
17.0, 6283057
17.01, 6283057
17.02, 6283057
17.03, 6283057
17.04, 6283057
17.05, 6283057
17.06, 6283057
17.07, 6283057
17.08, 6283057
17.09, 6283057
17.1, 6283057
17.11, 6283057
17.12, 6283057
17.13, 6283057
17.14, 6283057
17.15, 6283057
17.16, 6283057
17.17, 6283057
17.18, 6283057
17.19, 6283057
17.2, 6283057
17.21, 6283057
17.22, 6283057
17.23, 6283057
17.24, 6283057
17.25, 6283057
17.26, 6283057
17.27, 6283057
17.28, 6283057
17.29, 6283057
17.3, 6283057
17.31, 6283057
17.32, 6283057
17.33, 6283057
17.34, 6283057
17.35, 6283057
17.36, 6283057
17.37, 6283057
17.38, 6283057
17.39, 6283057
17.4, 6283057
17.41, 6283057
17.42, 6283057
17.43, 6283057
17.44, 6283057
17.45, 6283057
17.46, 6283057
17.47, 6283057
17.48, 6283057
17.49, 6283057
17.5, 6283057
17.51, 6283057
17.52, 6283057
17.53, 6283057
17.54, 6283057
17.55, 6283057
17.56, 6283057
17.57, 6283057
17.58, 6283057
17.59, 6283057
17.6, 6283057
17.61, 6283057
17.62, 6283057
17.63, 6283057
17.64, 6283057
17.65, 6283057
17.66, 6283057
17.67, 6283057
17.68, 6283057
17.69, 6283057
17.7, 6283057
17.71, 6283057
17.72, 6283057
17.73, 6283057
17.74, 6283057
17.75, 6283057
17.76, 6283057
17.77, 6283057
17.78, 6283057
17.79, 6283057
17.8, 6283057
17.81, 6283057
17.82, 6283057
17.83, 6283057
17.84, 6283057
17.85, 6283057
17.86, 6283057
17.87, 6283057
17.88, 6283057
17.89, 6283057
17.9, 6283057
17.91, 6283057
17.92, 6283057
17.93, 6283057
17.94, 6283057
17.95, 6283057
17.96, 6283057
17.97, 6283057
17.98, 6283057
17.99, 6283057
18.0, 6283057
18.01, 6283057
18.02, 6283057
18.03, 6283057
18.04, 6283057
18.05, 6283057
18.06, 6283057
18.07, 6283057
18.08, 6283057
18.09, 6283057
18.1, 6283057
18.11, 6283057
18.12, 6283057
18.13, 6283057
18.14, 6283057
18.15, 6283057
18.16, 6283057
18.17, 6283057
18.18, 6283057
18.19, 6283057
18.2, 6283057
18.21, 6283057
18.22, 6283057
18.23, 6283057
18.24, 6283057
18.25, 6283057
18.26, 6283057
18.27, 6283057
18.28, 6283057
18.29, 6283057
18.3, 6283057
18.31, 6283057
18.32, 6283057
18.33, 6283057
18.34, 6283057
18.35, 6283057
18.36, 6283057
18.37, 6283057
18.38, 6283057
18.39, 6283057
18.4, 6283057
18.41, 6283057
18.42, 6283057
18.43, 6283057
18.44, 6283057
18.45, 6283057
18.46, 6283057
18.47, 6283057
18.48, 6283057
18.49, 6283057
18.5, 6283057
18.51, 6283057
18.52, 6283057
18.53, 6283057
18.54, 6283057
18.55, 6283057
18.56, 6283057
18.57, 6283057
18.58, 6283057
18.59, 6283057
18.6, 6283057
18.61, 6283057
18.62, 6283057
18.63, 6283057
18.64, 6283057
18.65, 6283057
18.66, 6283057
18.67, 6283057
18.68, 6283057
18.69, 6283057
18.7, 6283057
18.71, 6283057
18.72, 6283057
18.73, 6283057
18.74, 6283057
18.75, 6283057
18.76, 6283057
18.77, 6283057
18.78, 6283057
18.79, 6283057
18.8, 6283057
18.81, 6283057
18.82, 6283057
18.83, 6283057
18.84, 6283057
18.85, 6283057
18.86, 6283057
18.87, 6283057
18.88, 6283057
18.89, 6283057
18.9, 6283057
18.91, 6283057
18.92, 6283057
18.93, 6283057
18.94, 6283057
18.95, 6283057
18.96, 6283057
18.97, 6283057
18.98, 6283057
18.99, 6283057
19.0, 6283057
19.01, 6283057
19.02, 6283057
19.03, 6283057
19.04, 6283057
19.05, 6283057
19.06, 6283057
19.07, 6283057
19.08, 6283057
19.09, 6283057
19.1, 6283057
19.11, 6283057
19.12, 6283057
19.13, 6283057
19.14, 6283057
19.15, 6283057
19.16, 6283057
19.17, 6283057
19.18, 6283057
19.19, 6283057
19.2, 6283057
19.21, 6283057
19.22, 6283057
19.23, 6283057
19.24, 6283057
19.25, 6283057
19.26, 6283057
19.27, 6283057
19.28, 6283057
19.29, 6283057
19.3, 6283057
19.31, 6283057
19.32, 6283057
19.33, 6283057
19.34, 6283057
19.35, 6283057
19.36, 6283057
19.37, 6283057
19.38, 6283057
19.39, 6283057
19.4, 6283057
19.41, 6283057
19.42, 6283057
19.43, 6283057
19.44, 6283057
19.45, 6283057
19.46, 6283057
19.47, 6283057
19.48, 6283057
19.49, 6283057
19.5, 6283057
19.51, 6283057
19.52, 6283057
19.53, 6283057
19.54, 6283057
19.55, 6283057
19.56, 6283057
19.57, 6283057
19.58, 6283057
19.59, 6283057
19.6, 6283057
19.61, 6283057
19.62, 6283057
19.63, 6283057
19.64, 6283057
19.65, 6283057
19.66, 6283057
19.67, 6283057
19.68, 6283057
19.69, 6283057
19.7, 6283057
19.71, 6283057
19.72, 6283057
19.73, 6283057
19.74, 6283057
19.75, 6283057
19.76, 6283057
19.77, 6283057
19.78, 6283057
19.79, 6283057
19.8, 6283057
19.81, 6283057
19.82, 6283057
19.83, 6283057
19.84, 6283057
19.85, 6283057
19.86, 6283057
19.87, 6283057
19.88, 6283057
19.89, 6283057
19.9, 6283057
19.91, 6283057
19.92, 6283057
19.93, 6283057
19.94, 6283057
19.95, 6283057
19.96, 6283057
19.97, 6283057
19.98, 6283057
19.99, 6283057
20.0, 6283057
20.01, 6283057
20.02, 6283057
20.03, 6283057
20.04, 6283057
20.05, 6283057
20.06, 6283057
20.07, 6283057
20.08, 6283057
20.09, 6283057
20.1, 6283057
20.11, 6283057
20.12, 6283057
20.13, 6283057
20.14, 6283057
20.15, 6283057
20.16, 6283057
20.17, 6283057
20.18, 6283057
20.19, 6283057
20.2, 6283057
20.21, 6283057
20.22, 6283057
20.23, 6283057
20.24, 6283057
20.25, 6283057
20.26, 6283057
20.27, 6283057
20.28, 6283057
20.29, 6283057
20.3, 6283057
20.31, 6283057
20.32, 6283057
20.33, 6283057
20.34, 6283057
20.35, 6283057
20.36, 6283057
20.37, 6283057
20.38, 6283057
20.39, 6283057
20.4, 6283057
20.41, 6283057
20.42, 6283057
20.43, 6283057
20.44, 6283057
20.45, 6283057
20.46, 6283057
20.47, 6283057
20.48, 6283057
20.49, 6283057
20.5, 6283057
20.51, 6283057
20.52, 6283057
20.53, 6283057
20.54, 6283057
20.55, 6283057
20.56, 6283057
20.57, 6283057
20.58, 6283057
20.59, 6283057
20.6, 6283057
20.61, 6283057
20.62, 6283057
20.63, 6283057
20.64, 6283057
20.65, 6283057
20.66, 6283057
20.67, 6283057
20.68, 6283057
20.69, 6283057
20.7, 6283057
20.71, 6283057
20.72, 6283057
20.73, 6283057
20.74, 6283057
20.75, 6283057
20.76, 6283057
20.77, 6283057
20.78, 6283057
20.79, 6283057
20.8, 6283057
20.81, 6283057
20.82, 6283057
20.83, 6283057
20.84, 6283057
20.85, 6283057
20.86, 6283057
20.87, 6283057
20.88, 6283057
20.89, 6283057
20.9, 6283057
20.91, 6283057
20.92, 6283057
20.93, 6283057
20.94, 6283057
20.95, 6283057
20.96, 6283057
20.97, 6283057
20.98, 6283057
20.99, 6283057
21.0, 6283057
21.01, 6283057
21.02, 6283057
21.03, 6283057
21.04, 6283057
21.05, 6283057
21.06, 6283057
21.07, 6283057
21.08, 6283057
21.09, 6283057
21.1, 6283057
21.11, 6283057
21.12, 6283057
21.13, 6283057
21.14, 6283057
21.15, 6283057
21.16, 6283057
21.17, 6283057
21.18, 6283057
21.19, 6283057
21.2, 6283057
21.21, 6283057
21.22, 6283057
21.23, 6283057
21.24, 6283057
21.25, 6283057
21.26, 6283057
21.27, 6283057
21.28, 6283057
21.29, 6283057
21.3, 6283057
21.31, 6283057
21.32, 6283057
21.33, 6283057
21.34, 6283057
21.35, 6283057
21.36, 6283057
21.37, 6283057
21.38, 6283057
21.39, 6283057
21.4, 6283057
21.41, 6283057
21.42, 6283057
21.43, 6283057
21.44, 6283057
21.45, 6283057
21.46, 6283057
21.47, 6283057
21.48, 6283057
21.49, 6283057
21.5, 6283057
21.51, 6283057
21.52, 6283057
21.53, 6283057
21.54, 6283057
21.55, 6283057
21.56, 6283057
21.57, 6283057
21.58, 6283057
21.59, 6283057
21.6, 6283057
21.61, 6283057
21.62, 6283057
21.63, 6283057
21.64, 6283057
21.65, 6283057
21.66, 6283057
21.67, 6283057
21.68, 6283057
21.69, 6283057
21.7, 6283057
21.71, 6283057
21.72, 6283057
21.73, 6283057
21.74, 6283057
21.75, 6283057
21.76, 6283057
21.77, 6283057
21.78, 6283057
21.79, 6283057
21.8, 6283057
21.81, 6283057
21.82, 6283057
21.83, 6283057
21.84, 6283057
21.85, 6283057
21.86, 6283057
21.87, 6283057
21.88, 6283057
21.89, 6283057
21.9, 6283057
21.91, 6283057
21.92, 6283057
21.93, 6283057
21.94, 6283057
21.95, 6283057
21.96, 6283057
21.97, 6283057
21.98, 6283057
21.99, 6283057
22.0, 6283057
22.01, 6283057
22.02, 6283057
22.03, 6283057
22.04, 6283057
22.05, 6283057
22.06, 6283057
22.07, 6283057
22.08, 6283057
22.09, 6283057
22.1, 6283057
22.11, 6283057
22.12, 6283057
22.13, 6283057
22.14, 6283057
22.15, 6283057
22.16, 6283057
22.17, 6283057
22.18, 6283057
22.19, 6283057
22.2, 6283057
22.21, 6283057
22.22, 6283057
22.23, 6283057
22.24, 6283057
22.25, 6283057
22.26, 6283057
22.27, 6283057
22.28, 6283057
22.29, 6283057
22.3, 6283057
22.31, 6283057
22.32, 6283057
22.33, 6283057
22.34, 6283057
22.35, 6283057
22.36, 6283057
22.37, 6283057
22.38, 6283057
22.39, 6283057
22.4, 6283057
22.41, 6283057
22.42, 6283057
22.43, 6283057
22.44, 6283057
22.45, 6283057
22.46, 6283057
22.47, 6283057
22.48, 6283057
22.49, 6283057
22.5, 6283057
22.51, 6283057
22.52, 6283057
22.53, 6283057
22.54, 6283057
22.55, 6283057
22.56, 6283057
22.57, 6283057
22.58, 6283057
22.59, 6283057
22.6, 6283057
22.61, 6283057
22.62, 6283057
22.63, 6283057
22.64, 6283057
22.65, 6283057
22.66, 6283057
22.67, 6283057
22.68, 6283057
22.69, 6283057
22.7, 6283057
22.71, 6283057
22.72, 6283057
22.73, 6283057
22.74, 6283057
22.75, 6283057
22.76, 6283057
22.77, 6283057
22.78, 6283057
22.79, 6283057
22.8, 6283057
22.81, 6283057
22.82, 6283057
22.83, 6283057
22.84, 6283057
22.85, 6283057
22.86, 6283057
22.87, 6283057
22.88, 6283057
22.89, 6283057
22.9, 6283057
22.91, 6283057
22.92, 6283057
22.93, 6283057
22.94, 6283057
22.95, 6283057
22.96, 6283057
22.97, 6283057
22.98, 6283057
22.99, 6283057
23.0, 6283057
23.01, 6283057
23.02, 6283057
23.03, 6283057
23.04, 6283057
23.05, 6283057
23.06, 6283057
23.07, 6283057
23.08, 6283057
23.09, 6283057
23.1, 6283057
23.11, 6283057
23.12, 6283057
23.13, 6283057
23.14, 6283057
23.15, 6283057
23.16, 6283057
23.17, 6283057
23.18, 6283057
23.19, 6283057
23.2, 6283057
23.21, 6283057
23.22, 6283057
23.23, 6283057
23.24, 6283057
23.25, 6283057
23.26, 6283057
23.27, 6283057
23.28, 6283057
23.29, 6283057
23.3, 6283057
23.31, 6283057
23.32, 6283057
23.33, 6283057
23.34, 6283057
23.35, 6283057
23.36, 6283057
23.37, 6283057
23.38, 6283057
23.39, 6283057
23.4, 6283057
23.41, 6283057
23.42, 6283057
23.43, 6283057
23.44, 6283057
23.45, 6283057
23.46, 6283057
23.47, 6283057
23.48, 6283057
23.49, 6283057
23.5, 6283057
23.51, 6283057
23.52, 6283057
23.53, 6283057
23.54, 6283057
23.55, 6283057
23.56, 6283057
23.57, 6283057
23.58, 6283057
23.59, 6283057
23.6, 6283057
23.61, 6283057
23.62, 6283057
23.63, 6283057
23.64, 6283057
23.65, 6283057
23.66, 6283057
23.67, 6283057
23.68, 6283057
23.69, 6283057
23.7, 6283057
23.71, 6283057
23.72, 6283057
23.73, 6283057
23.74, 6283057
23.75, 6283057
23.76, 6283057
23.77, 6283057
23.78, 6283057
23.79, 6283057
23.8, 6283057
23.81, 6283057
23.82, 6283057
23.83, 6283057
23.84, 6283057
23.85, 6283057
23.86, 6283057
23.87, 6283057
23.88, 6283057
23.89, 6283057
23.9, 6283057
23.91, 6283057
23.92, 6283057
23.93, 6283057
23.94, 6283057
23.95, 6283057
23.96, 6283057
23.97, 6283057
23.98, 6283057
23.99, 6283057
24.0, 6283057
24.01, 6283057
24.02, 6283057
24.03, 6283057
24.04, 6283057
24.05, 6283057
24.06, 6283057
24.07, 6283057
24.08, 6283057
24.09, 6283057
24.1, 6283057
24.11, 6283057
24.12, 6283057
24.13, 6283057
24.14, 6283057
24.15, 6283057
24.16, 6283057
24.17, 6283057
24.18, 6283057
24.19, 6283057
24.2, 6283057
24.21, 6283057
24.22, 6283057
24.23, 6283057
24.24, 6283057
24.25, 6283057
24.26, 6283057
24.27, 6283057
24.28, 6283057
24.29, 6283057
24.3, 6283057
24.31, 6283057
24.32, 6283057
24.33, 6283057
24.34, 6283057
24.35, 6283057
24.36, 6283057
24.37, 6283057
24.38, 6283057
24.39, 6283057
24.4, 6283057
24.41, 6283057
24.42, 6283057
24.43, 6283057
24.44, 6283057
24.45, 6283057
24.46, 6283057
24.47, 6283057
24.48, 6283057
24.49, 6283057
24.5, 6283057
24.51, 6283057
24.52, 6283057
24.53, 6283057
24.54, 6283057
24.55, 6283057
24.56, 6283057
24.57, 6283057
24.58, 6283057
24.59, 6283057
24.6, 6283057
24.61, 6283057
24.62, 6283057
24.63, 6283057
24.64, 6283057
24.65, 6283057
24.66, 6283057
24.67, 6283057
24.68, 6283057
24.69, 6283057
24.7, 6283057
24.71, 6283057
24.72, 6283057
24.73, 6283057
24.74, 6283057
24.75, 6283057
24.76, 6283057
24.77, 6283057
24.78, 6283057
24.79, 6283057
24.8, 6283057
24.81, 6283057
24.82, 6283057
24.85, 6283057
24.86, 6283057
24.87, 6283057
24.88, 6283057
24.89, 6283057
24.9, 6283057
24.91, 6283057
24.92, 6283057
24.93, 6283057
24.94, 6283057
24.95, 6283057
24.96, 6283057
24.97, 6283057
24.98, 6283057
24.99, 6283057
25.0, 6283057
25.01, 6283057
25.02, 6283057
25.03, 6283057
25.04, 6283057
25.05, 6283057
25.06, 6283057
25.07, 6283057
25.08, 6283057
25.09, 6283057
25.1, 6283057
25.11, 6283057
25.12, 6283057
25.13, 6283057
25.14, 6283057
25.15, 6283057
25.16, 6283057
25.17, 6283057
25.18, 6283057
25.19, 6283057
25.2, 6283057
25.21, 6283057
25.22, 6283057
25.23, 6283057
25.24, 6283057
25.25, 6283057
25.26, 6283057
25.27, 6283057
25.28, 6283057
25.29, 6283057
25.3, 6283057
25.31, 6283057
25.32, 6283057
25.33, 6283057
25.34, 6283057
25.35, 6283057
25.36, 6283057
25.37, 6283057
25.38, 6283057
25.39, 6283057
25.4, 6283057
25.41, 6283057
25.42, 6283057
25.43, 6283057
25.44, 6283057
25.45, 6283057
25.46, 6283057
25.47, 6283057
25.48, 6283057
25.49, 6283057
25.5, 6283057
25.51, 6283057
25.52, 6283057
25.53, 6283057
25.54, 6283057
25.55, 6283057
25.56, 6283057
25.57, 6283057
25.58, 6283057
25.59, 6283057
25.6, 6283057
25.61, 6283057
25.62, 6283057
25.63, 6283057
25.64, 6283057
25.65, 6283057
25.66, 6283057
25.67, 6283057
25.68, 6283057
25.69, 6283057
25.7, 6283057
25.71, 6283057
25.72, 6283057
25.73, 6283057
25.74, 6283057
25.75, 6283057
25.76, 6283057
25.77, 6283057
25.78, 6283057
25.79, 6283057
25.8, 6283057
25.81, 6283057
25.82, 6283057
25.83, 6283057
25.84, 6283057
25.85, 6283057
25.86, 6283057
25.87, 6283057
25.88, 6283057
25.89, 6283057
25.9, 6283057
25.91, 6283057
25.92, 6283057
25.93, 6283057
25.94, 6283057
25.95, 6283057
25.96, 6283057
25.97, 6283057
25.98, 6283057
25.99, 6283057
26.0, 6283057
26.01, 6283057
26.02, 6283057
26.03, 6283057
26.04, 6283057
26.05, 6283057
26.06, 6283057
26.07, 6283057
26.08, 6283057
26.09, 6283057
26.1, 6283057
26.11, 6283057
26.12, 6283057
26.13, 6283057
26.14, 6283057
26.15, 6283057
26.16, 6283057
26.17, 6283057
26.18, 6283057
26.19, 6283057
26.2, 6283057
26.21, 6283057
26.22, 6283057
26.23, 6283057
26.24, 6283057
26.25, 6283057
26.26, 6283057
26.27, 6283057
26.28, 6283057
26.29, 6283057
26.3, 6283057
26.31, 6283057
26.32, 6283057
26.33, 6283057
26.34, 6283057
26.35, 6283057
26.36, 6283057
26.37, 6283057
26.38, 6283057
26.39, 6283057
26.4, 6283057
26.41, 6283057
26.42, 6283057
26.43, 6283057
26.44, 6283057
26.45, 6283057
26.46, 6283057
26.47, 6283057
26.48, 6283057
26.49, 6283057
26.5, 6283057
26.51, 6283057
26.52, 6283057
26.53, 6283057
26.54, 6283057
26.55, 6283057
26.56, 6283057
26.57, 6283057
26.58, 6283057
26.59, 6283057
26.6, 6283057
26.61, 6283057
26.62, 6283057
26.63, 6283057
26.64, 6283057
26.65, 6283057
26.66, 6283057
26.67, 6283057
26.68, 6283057
26.69, 6283057
26.7, 6283057
26.71, 6283057
26.72, 6283057
26.73, 6283057
26.74, 6283057
26.75, 6283057
26.76, 6283057
26.77, 6283057
26.78, 6283057
26.79, 6283057
26.8, 6283057
26.81, 6283057
26.82, 6283057
26.83, 6283057
26.84, 6283057
26.85, 6283057
26.86, 6283057
26.87, 6283057
26.88, 6283057
26.89, 6283057
26.9, 6283057
26.91, 6283057
26.92, 6283057
26.93, 6283057
26.94, 6283057
26.95, 6283057
26.96, 6283057
26.97, 6283057
26.98, 6283057
26.99, 6283057
27.0, 6283057
27.01, 6283057
27.02, 6283057
27.03, 6283057
27.04, 6283057
27.05, 6283057
27.06, 6283057
27.07, 6283057
27.08, 6283057
27.09, 6283057
27.1, 6283057
27.11, 6283057
27.12, 6283057
27.13, 6283057
27.14, 6283057
27.15, 6283057
27.16, 6283057
27.17, 6283057
27.18, 6283057
27.19, 6283057
27.2, 6283057
27.21, 6283057
27.22, 6283057
27.23, 6283057
27.24, 6283057
27.25, 6283057
27.26, 6283057
27.27, 6283057
27.28, 6283057
27.29, 6283057
27.3, 6283057
27.31, 6283057
27.32, 6283057
27.33, 6283057
27.34, 6283057
27.35, 6283057
27.36, 6283057
27.37, 6283057
27.38, 6283057
27.39, 6283057
27.4, 6283057
27.41, 6283057
27.42, 6283057
27.43, 6283057
27.44, 6283057
27.45, 6283057
27.46, 6283057
27.47, 6283057
27.48, 6283057
27.49, 6283057
27.5, 6283057
27.51, 6283057
27.52, 6283057
27.53, 6283057
27.54, 6283057
27.55, 6283057
27.56, 6283057
27.57, 6283057
27.58, 6283057
27.59, 6283057
27.6, 6283057
27.61, 6283057
27.62, 6283057
27.63, 6283057
27.64, 6283057
27.65, 6283057
27.66, 6283057
27.67, 6283057
27.68, 6283057
27.69, 6283057
27.7, 6283057
27.71, 6283057
27.72, 6283057
27.73, 6283057
27.74, 6283057
27.75, 6283057
27.76, 6283057
27.77, 6283057
27.78, 6283057
27.79, 6283057
27.8, 6283057
27.81, 6283057
27.82, 6283057
27.83, 6283057
27.84, 6283057
27.85, 6283057
27.86, 6283057
27.87, 6283057
27.88, 6283057
27.89, 6283057
27.9, 6283057
27.91, 6283057
27.92, 6283057
27.93, 6283057
27.94, 6283057
27.95, 6283057
27.96, 6283057
27.97, 6283057
27.98, 6283057
27.99, 6283057
28.0, 6283057
28.01, 6283057
28.02, 6283057
28.03, 6283057
28.04, 6283057
28.05, 6283057
28.06, 6283057
28.07, 6283057
28.08, 6283057
28.09, 6283057
28.1, 6283057
28.11, 6283057
28.12, 6283057
28.13, 6283057
28.14, 6283057
28.15, 6283057
28.16, 6283057
28.17, 6283057
28.18, 6283057
28.19, 6283057
28.2, 6283057
28.21, 6283057
28.22, 6283057
28.23, 6283057
28.24, 6283057
28.25, 6283057
28.26, 6283057
28.27, 6283057
28.28, 6283057
28.29, 6283057
28.3, 6283057
28.31, 6283057
28.32, 6283057
28.33, 6283057
28.34, 6283057
28.35, 6283057
28.36, 6283057
28.37, 6283057
28.38, 6283057
28.39, 6283057
28.4, 6283057
28.41, 6283057
28.42, 6283057
28.43, 6283057
28.44, 6283057
28.45, 6283057
28.46, 6283057
28.47, 6283057
28.48, 6283057
28.49, 6283057
28.5, 6283057
28.51, 6283057
28.52, 6283057
28.53, 6283057
28.54, 6283057
28.55, 6283057
28.56, 6283057
28.57, 6283057
28.58, 6283057
28.59, 6283057
28.6, 6283057
28.61, 6283057
28.62, 6283057
28.63, 6283057
28.64, 6283057
28.65, 6283057
28.66, 6283057
28.67, 6283057
28.68, 6283057
28.69, 6283057
28.7, 6283057
28.71, 6283057
28.72, 6283057
28.73, 6283057
28.74, 6283057
28.75, 6283057
28.76, 6283057
28.77, 6283057
28.78, 6283057
28.79, 6283057
28.8, 6283057
28.81, 6283057
28.82, 6283057
28.83, 6283057
28.84, 6283057
28.85, 6283057
28.86, 6283057
28.87, 6283057
28.88, 6283057
28.89, 6283057
28.9, 6283057
28.91, 6283057
28.92, 6283057
28.93, 6283057
28.94, 6283057
28.95, 6283057
28.96, 6283057
28.97, 6283057
28.98, 6283057
28.99, 6283057
29.0, 6283057
29.01, 6283057
29.02, 6283057
29.03, 6283057
29.04, 6283057
29.05, 6283057
29.06, 6283057
29.07, 6283057
29.08, 6283057
29.09, 6283057
29.1, 6283057
29.11, 6283057
29.12, 6283057
29.13, 6283057
29.14, 6283057
29.15, 6283057
29.16, 6283057
29.17, 6283057
29.18, 6283057
29.19, 6283057
29.2, 6283057
29.21, 6283057
29.22, 6283057
29.23, 6283057
29.24, 6283057
29.25, 6283057
29.26, 6283057
29.27, 6283057
29.28, 6283057
29.29, 6283057
29.3, 6283057
29.31, 6283057
29.32, 6283057
29.33, 6283057
29.34, 6283057
29.35, 6283057
29.36, 6283057
29.37, 6283057
29.38, 6283057
29.39, 6283057
29.4, 6283057
29.41, 6283057
29.42, 6283057
29.43, 6283057
29.44, 6283057
29.45, 6283057
29.46, 6283057
29.47, 6283057
29.48, 6283057
29.49, 6283057
29.5, 6283057
29.51, 6283057
29.52, 6283057
29.53, 6283057
29.54, 6283057
29.55, 6283057
29.56, 6283057
29.57, 6283057
29.58, 6283057
29.59, 6283057
29.6, 6283057
29.61, 6283057
29.62, 6283057
29.63, 6283057
29.64, 6283057
29.65, 6283057
29.66, 6283057
29.67, 6283057
29.68, 6283057
29.69, 6283057
29.7, 6283057
29.71, 6283057
29.72, 6283057
29.73, 6283057
29.74, 6283057
29.75, 6283057
29.76, 6283057
29.77, 6283057
29.78, 6283057
29.79, 6283057
29.8, 6283057
29.81, 6283057
29.82, 6283057
29.83, 6283057
29.84, 6283057
29.85, 6283057
29.86, 6283057
29.87, 6283057
29.88, 6283057
29.89, 6283057
29.9, 6283057
29.91, 6283057
29.92, 6283057
29.93, 6283057
29.94, 6283057
29.95, 6283057
29.96, 6283057
29.97, 6283057
29.98, 6283057
29.99, 6283057
30.0, 6283057
30.01, 6283057
30.02, 6283057
30.03, 6283057
30.04, 6283057
30.05, 6283057
30.06, 6283057
30.07, 6283057
30.08, 6283057
30.09, 6283057
30.1, 6283057
30.11, 6283057
30.12, 6283057
30.13, 6283057
30.14, 6283057
30.15, 6283057
30.16, 6283057
30.17, 6283057
30.18, 6283057
30.19, 6283057
30.2, 6283057
30.21, 6283057
30.22, 6283057
30.23, 6283057
30.24, 6283057
30.25, 6283057
30.26, 6283057
30.27, 6283057
30.28, 6283057
30.29, 6283057
30.3, 6283057
30.31, 6283057
30.32, 6283057
30.33, 6283057
30.34, 6283057
30.35, 6283057
30.36, 6283057
30.37, 6283057
30.38, 6283057
30.39, 6283057
30.4, 6283057
30.41, 6283057
30.42, 6283057
30.43, 6283057
30.44, 6283057
30.45, 6283057
30.46, 6283057
30.47, 6283057
30.48, 6283057
30.49, 6283057
30.5, 6283057
30.51, 6283057
30.52, 6283057
30.53, 6283057
30.54, 6283057
30.55, 6283057
30.56, 6283057
30.57, 6283057
30.58, 6283057
30.59, 6283057
30.6, 6283057
30.61, 6283057
30.62, 6283057
30.63, 6283057
30.64, 6283057
30.65, 6283057
30.66, 6283057
30.67, 6283057
30.68, 6283057
30.69, 6283057
30.7, 6283057
30.71, 6283057
30.72, 6283057
30.73, 6283057
30.74, 6283057
30.75, 6283057
30.76, 6283057
30.77, 6283057
30.78, 6283057
30.79, 6283057
30.8, 6283057
30.81, 6283057
30.82, 6283057
30.83, 6283057
30.84, 6283057
30.85, 6283057
30.86, 6283057
30.87, 6283057
30.88, 6283057
30.89, 6283057
30.9, 6283057
30.91, 6283057
30.92, 6283057
30.93, 6283057
30.94, 6283057
30.95, 6283057
30.96, 6283057
30.97, 6283057
30.98, 6283057
30.99, 6283057
31.0, 6283057
31.01, 6283057
31.02, 6283057
31.03, 6283057
31.04, 6283057
31.05, 6283057
31.06, 6283057
31.07, 6283057
31.08, 6283057
31.09, 6283057
31.1, 6283057
31.11, 6283057
31.12, 6283057
31.13, 6283057
31.14, 6283057
31.15, 6283057
31.16, 6283057
31.17, 6283057
31.18, 6283057
31.19, 6283057
31.2, 6283057
31.21, 6283057
31.22, 6283057
31.23, 6283057
31.24, 6283057
31.25, 6283057
31.26, 6283057
31.27, 6283057
31.28, 6283057
31.29, 6283057
31.3, 6283057
31.31, 6283057
31.32, 6283057
31.33, 6283057
31.34, 6283057
31.35, 6283057
31.36, 6283057
31.37, 6283057
31.38, 6283057
31.39, 6283057
31.4, 6283057
31.41, 6283057
31.42, 6283057
31.43, 6283057
31.44, 6283057
31.45, 6283057
31.46, 6283057
31.47, 6283057
31.48, 6283057
31.49, 6283057
31.5, 6283057
31.51, 6283057
31.52, 6283057
31.53, 6283057
31.54, 6283057
31.55, 6283057
31.56, 6283057
31.57, 6283057
31.58, 6283057
31.59, 6283057
31.6, 6283057
31.61, 6283057
31.62, 6283057
31.63, 6283057
31.64, 6283057
31.65, 6283057
31.66, 6283057
31.67, 6283057
31.68, 6283057
31.69, 6283057
31.7, 6283057
31.71, 6283057
31.72, 6283057
31.73, 6283057
31.74, 6283057
31.75, 6283057
31.76, 6283057
31.77, 6283057
31.78, 6283057
31.79, 6283057
31.8, 6283057
31.81, 6283057
31.82, 6283057
31.83, 6283057
31.84, 6283057
31.85, 6283057
31.86, 6283057
31.87, 6283057
31.88, 6283057
31.89, 6283057
31.9, 6283057
31.91, 6283057
31.92, 6283057
31.93, 6283057
31.94, 6283057
31.95, 6283057
31.96, 6283057
31.97, 6283057
31.98, 6283057
31.99, 6283057
32.0, 6283057
32.01, 6283057
32.02, 6283057
32.03, 6283057
32.04, 6283057
32.05, 6283057
32.06, 6283057
32.07, 6283057
32.08, 6283057
32.09, 6283057
32.1, 6283057
32.11, 6283057
32.12, 6283057
32.13, 6283057
32.14, 6283057
32.15, 6283057
32.16, 6283057
32.17, 6283057
32.18, 6283057
32.19, 6283057
32.2, 6283057
32.21, 6283057
32.22, 6283057
32.23, 6283057
32.24, 6283057
32.25, 6283057
32.26, 6283057
32.27, 6283057
32.28, 6283057
32.29, 6283057
32.3, 6283057
32.31, 6283057
32.32, 6283057
32.33, 6283057
32.34, 6283057
32.35, 6283057
32.36, 6283057
32.37, 6283057
32.38, 6283057
32.39, 6283057
32.4, 6283057
32.41, 6283057
32.42, 6283057
32.43, 6283057
32.44, 6283057
32.45, 6283057
32.46, 6283057
32.47, 6283057
32.48, 6283057
32.49, 6283057
32.5, 6283057
32.51, 6283057
32.52, 6283057
32.53, 6283057
32.54, 6283057
32.55, 6283057
32.56, 6283057
32.57, 6283057
32.58, 6283057
32.59, 6283057
32.6, 6283057
32.61, 6283057
32.62, 6283057
32.63, 6283057
32.64, 6283057
32.65, 6283057
32.66, 6283057
32.67, 6283057
32.68, 6283057
32.69, 6283057
32.7, 6283057
32.71, 6283057
32.72, 6283057
32.73, 6283057
32.74, 6283057
32.75, 6283057
32.76, 6283057
32.77, 6283057
32.78, 6283057
32.79, 6283057
32.8, 6283057
32.81, 6283057
32.82, 6283057
32.83, 6283057
32.84, 6283057
32.85, 6283057
32.86, 6283057
32.87, 6283057
32.88, 6283057
32.89, 6283057
32.9, 6283057
32.91, 6283057
32.92, 6283057
32.93, 6283057
32.94, 6283057
32.95, 6283057
32.96, 6283057
32.97, 6283057
32.98, 6283057
32.99, 6283057
33.0, 6283057
33.01, 6283057
33.02, 6283057
33.03, 6283057
33.04, 6283057
33.05, 6283057
33.06, 6283057
33.07, 6283057
33.08, 6283057
33.09, 6283057
33.1, 6283057
33.11, 6283057
33.12, 6283057
33.13, 6283057
33.14, 6283057
33.15, 6283057
33.16, 6283057
33.17, 6283057
33.18, 6283057
33.19, 6283057
33.2, 6283057
33.21, 6283057
33.22, 6283057
33.23, 6283057
33.24, 6283057
33.25, 6283057
33.26, 6283057
33.27, 6283057
33.28, 6283057
33.29, 6283057
33.3, 6283057
33.31, 6283057
33.32, 6283057
33.33, 6283057
33.34, 6283057
33.35, 6283057
33.36, 6283057
33.37, 6283057
33.38, 6283057
33.39, 6283057
33.4, 6283057
33.41, 6283057
33.42, 6283057
33.43, 6283057
33.44, 6283057
33.45, 6283057
33.46, 6283057
33.47, 6283057
33.48, 6283057
33.49, 6283057
33.5, 6283057
33.51, 6283057
33.52, 6283057
33.53, 6283057
33.54, 6283057
33.55, 6283057
33.56, 6283057
33.57, 6283057
33.58, 6283057
33.59, 6283057
33.6, 6283057
33.61, 6283057
33.62, 6283057
33.63, 6283057
33.64, 6283057
33.65, 6283057
33.66, 6283057
33.67, 6283057
33.68, 6283057
33.69, 6283057
33.7, 6283057
33.71, 6283057
33.72, 6283057
33.73, 6283057
33.74, 6283057
33.75, 6283057
33.76, 6283057
33.77, 6283057
33.78, 6283057
33.79, 6283057
33.8, 6283057
33.81, 6283057
33.82, 6283057
33.83, 6283057
33.84, 6283057
33.85, 6283057
33.86, 6283057
33.87, 6283057
33.88, 6283057
33.89, 6283057
33.9, 6283057
33.91, 6283057
33.92, 6283057
33.93, 6283057
33.94, 6283057
33.95, 6283057
33.96, 6283057
33.97, 6283057
33.98, 6283057
33.99, 6283057
34.0, 6283057
34.01, 6283057
34.02, 6283057
34.03, 6283057
34.04, 6283057
34.05, 6283057
34.06, 6283057
34.07, 6283057
34.08, 6283057
34.09, 6283057
34.1, 6283057
34.11, 6283057
34.12, 6283057
34.13, 6283057
34.14, 6283057
34.15, 6283057
34.16, 6283057
34.17, 6283057
34.18, 6283057
34.19, 6283057
34.2, 6283057
34.21, 6283057
34.22, 6283057
34.23, 6283057
34.24, 6283057
34.25, 6283057
34.26, 6283057
34.27, 6283057
34.28, 6283057
34.29, 6283057
34.3, 6283057
34.31, 6283057
34.32, 6283057
34.33, 6283057
34.34, 6283057
34.35, 6283057
34.36, 6283057
34.37, 6283057
34.38, 6283057
34.39, 6283057
34.4, 6283057
34.41, 6283057
34.42, 6283057
34.43, 6283057
34.44, 6283057
34.45, 6283057
34.46, 6283057
34.47, 6283057
34.48, 6283057
34.49, 6283057
34.5, 6283057
34.51, 6283057
34.52, 6283057
34.53, 6283057
34.54, 6283057
34.55, 6283057
34.56, 6283057
34.57, 6283057
34.58, 6283057
34.59, 6283057
34.6, 6283057
34.61, 6283057
34.62, 6283057
34.63, 6283057
34.64, 6283057
34.65, 6283057
34.66, 6283057
34.67, 6283057
34.68, 6283057
34.69, 6283057
34.7, 6283057
34.71, 6283057
34.72, 6283057
34.73, 6283057
34.74, 6283057
34.75, 6283057
34.76, 6283057
34.77, 6283057
34.78, 6283057
34.79, 6283057
34.8, 6283057
34.81, 6283057
34.82, 6283057
34.83, 6283057
34.84, 6283057
34.85, 6283057
34.86, 6283057
34.87, 6283057
34.88, 6283057
34.89, 6283057
34.9, 6283057
34.91, 6283057
34.92, 6283057
34.93, 6283057
34.94, 6283057
34.95, 6283057
34.96, 6283057
34.97, 6283057
34.98, 6283057
34.99, 6283057
35.0, 6283057
35.01, 6283057
35.02, 6283057
35.03, 6283057
35.04, 6283057
35.05, 6283057
35.06, 6283057
35.07, 6283057
35.08, 6283057
35.09, 6283057
35.1, 6283057
35.11, 6283057
35.12, 6283057
35.13, 6283057
35.14, 6283057
35.15, 6283057
35.16, 6283057
35.17, 6283057
35.18, 6283057
35.19, 6283057
35.2, 6283057
35.21, 6283057
35.22, 6283057
35.23, 6283057
35.24, 6283057
35.25, 6283057
35.26, 6283057
35.27, 6283057
35.28, 6283057
35.29, 6283057
35.3, 6283057
35.31, 6283057
35.32, 6283057
35.33, 6283057
35.34, 6283057
35.35, 6283057
35.36, 6283057
35.37, 6283057
35.38, 6283057
35.39, 6283057
35.4, 6283057
35.41, 6283057
35.42, 6283057
35.43, 6283057
35.44, 6283057
35.45, 6283057
35.46, 6283057
35.47, 6283057
35.48, 6283057
35.49, 6283057
35.5, 6283057
35.51, 6283057
35.52, 6283057
35.53, 6283057
35.54, 6283057
35.55, 6283057
35.56, 6283057
35.57, 6283057
35.58, 6283057
35.59, 6283057
35.6, 6283057
35.61, 6283057
35.62, 6283057
35.63, 6283057
35.64, 6283057
35.65, 6283057
35.66, 6283057
35.67, 6283057
35.68, 6283057
35.69, 6283057
35.7, 6283057
35.71, 6283057
35.72, 6283057
35.73, 6283057
35.74, 6283057
35.75, 6283057
35.76, 6283057
35.77, 6283057
35.78, 6283057
35.79, 6283057
35.8, 6283057
35.81, 6283057
35.82, 6283057
35.83, 6283057
35.84, 6283057
35.85, 6283057
35.86, 6283057
35.87, 6283057
35.88, 6283057
35.89, 6283057
35.9, 6283057
35.91, 6283057
35.92, 6283057
35.93, 6283057
35.94, 6283057
35.95, 6283057
35.96, 6283057
35.97, 6283057
35.98, 6283057
35.99, 6283057
36.0, 6283057
36.01, 6283057
36.02, 6283057
36.03, 6283057
36.04, 6283057
36.05, 6283057
36.06, 6283057
36.07, 6283057
36.08, 6283057
36.09, 6283057
36.1, 6283057
36.11, 6283057
36.12, 6283057
36.13, 6283057
36.14, 6283057
36.15, 6283057
36.16, 6283057
36.17, 6283057
36.18, 6283057
36.19, 6283057
36.2, 6283057
36.21, 6283057
36.22, 6283057
36.23, 6283057
36.24, 6283057
36.25, 6283057
36.26, 6283057
36.27, 6283057
36.28, 6283057
36.29, 6283057
36.3, 6283057
36.31, 6283057
36.32, 6283057
36.33, 6283057
36.34, 6283057
36.35, 6283057
36.36, 6283057
36.37, 6283057
36.38, 6283057
36.39, 6283057
36.4, 6283057
36.41, 6283057
36.42, 6283057
36.43, 6283057
36.44, 6283057
36.45, 6283057
36.46, 6283057
36.47, 6283057
36.48, 6283057
36.49, 6283057
36.5, 6283057
36.51, 6283057
36.52, 6283057
36.53, 6283057
36.54, 6283057
36.55, 6283057
36.56, 6283057
36.57, 6283057
36.58, 6283057
36.59, 6283057
36.6, 6283057
36.61, 6283057
36.62, 6283057
36.63, 6283057
36.64, 6283057
36.65, 6283057
36.66, 6283057
36.67, 6283057
36.68, 6283057
36.69, 6283057
36.7, 6283057
36.71, 6283057
36.72, 6283057
36.73, 6283057
36.74, 6283057
36.75, 6283057
36.76, 6283057
36.77, 6283057
36.78, 6283057
36.79, 6283057
36.8, 6283057
36.81, 6283057
36.82, 6283057
36.83, 6283057
36.84, 6283057
36.85, 6283057
36.86, 6283057
36.87, 6283057
36.88, 6283057
36.89, 6283057
36.9, 6283057
36.91, 6283057
36.92, 6283057
36.93, 6283057
36.94, 6283057
36.95, 6283057
36.96, 6283057
36.97, 6283057
36.98, 6283057
36.99, 6283057
37.0, 6283057
37.01, 6283057
37.02, 6283057
37.03, 6283057
37.04, 6283057
37.05, 6283057
37.06, 6283057
37.07, 6283057
37.08, 6283057
37.09, 6283057
37.1, 6283057
37.11, 6283057
37.12, 6283057
37.13, 6283057
37.14, 6283057
37.15, 6283057
37.16, 6283057
37.17, 6283057
37.18, 6283057
37.19, 6283057
37.2, 6283057
37.21, 6283057
37.22, 6283057
37.23, 6283057
37.24, 6283057
37.25, 6283057
37.26, 6283057
37.27, 6283057
37.28, 6283057
37.29, 6283057
37.3, 6283057
37.31, 6283057
37.32, 6283057
37.33, 6283057
37.34, 6283057
37.35, 6283057
37.36, 6283057
37.37, 6283057
37.38, 6283057
37.39, 6283057
37.4, 6283057
37.41, 6283057
37.42, 6283057
37.43, 6283057
37.44, 6283057
37.45, 6283057
37.46, 6283057
37.47, 6283057
37.48, 6283057
37.49, 6283057
37.5, 6283057
37.51, 6283057
37.52, 6283057
37.53, 6283057
37.54, 6283057
37.55, 6283057
37.56, 6283057
37.57, 6283057
37.58, 6283057
37.59, 6283057
37.6, 6283057
37.61, 6283057
37.62, 6283057
37.63, 6283057
37.64, 6283057
37.65, 6283057
37.66, 6283057
37.67, 6283057
37.68, 6283057
37.69, 6283057
37.7, 6283057
37.71, 6283057
37.72, 6283057
37.73, 6283057
37.74, 6283057
37.75, 6283057
37.76, 6283057
37.77, 6283057
37.78, 6283057
37.79, 6283057
37.8, 6283057
37.81, 6283057
37.82, 6283057
37.83, 6283057
37.84, 6283057
37.85, 6283057
37.86, 6283057
37.87, 6283057
37.88, 6283057
37.89, 6283057
37.9, 6283057
37.91, 6283057
37.92, 6283057
37.93, 6283057
37.94, 6283057
37.95, 6283057
37.96, 6283057
37.97, 6283057
37.98, 6283057
37.99, 6283057
38.0, 6283057
38.01, 6283057
38.02, 6283057
38.03, 6283057
38.04, 6283057
38.05, 6283057
38.06, 6283057
38.07, 6283057
38.08, 6283057
38.09, 6283057
38.1, 6283057
38.11, 6283057
38.12, 6283057
38.13, 6283057
38.14, 6283057
38.15, 6283057
38.16, 6283057
38.17, 6283057
38.18, 6283057
38.19, 6283057
38.2, 6283057
38.21, 6283057
38.22, 6283057
38.23, 6283057
38.24, 6283057
38.25, 6283057
38.26, 6283057
38.27, 6283057
38.28, 6283057
38.29, 6283057
38.3, 6283057
38.31, 6283057
38.32, 6283057
38.33, 6283057
38.34, 6283057
38.35, 6283057
38.36, 6283057
38.37, 6283057
38.38, 6283057
38.39, 6283057
38.4, 6283057
38.41, 6283057
38.42, 6283057
38.43, 6283057
38.44, 6283057
38.45, 6283057
38.46, 6283057
38.47, 6283057
38.48, 6283057
38.49, 6283057
38.5, 6283057
38.51, 6283057
38.52, 6283057
38.53, 6283057
38.54, 6283057
38.55, 6283057
38.56, 6283057
38.57, 6283057
38.58, 6283057
38.59, 6283057
38.6, 6283057
38.61, 6283057
38.62, 6283057
38.63, 6283057
38.64, 6283057
38.65, 6283057
38.66, 6283057
38.67, 6283057
38.68, 6283057
38.69, 6283057
38.7, 6283057
38.71, 6283057
38.72, 6283057
38.73, 6283057
38.74, 6283057
38.75, 6283057
38.76, 6283057
38.77, 6283057
38.78, 6283057
38.79, 6283057
38.8, 6283057
38.81, 6283057
38.82, 6283057
38.83, 6283057
38.84, 6283057
38.85, 6283057
38.86, 6283057
38.87, 6283057
38.88, 6283057
38.89, 6283057
38.9, 6283057
38.91, 6283057
38.92, 6283057
38.93, 6283057
38.94, 6283057
38.95, 6283057
38.96, 6283057
38.97, 6283057
38.98, 6283057
38.99, 6283057
39.0, 6283057
39.01, 6283057
39.02, 6283057
39.03, 6283057
39.04, 6283057
39.05, 6283057
39.06, 6283057
39.07, 6283057
39.08, 6283057
39.09, 6283057
39.1, 6283057
39.11, 6283057
39.12, 6283057
39.13, 6283057
39.14, 6283057
39.15, 6283057
39.16, 6283057
39.17, 6283057
39.18, 6283057
39.19, 6283057
39.2, 6283057
39.21, 6283057
39.22, 6283057
39.23, 6283057
39.24, 6283057
39.25, 6283057
39.26, 6283057
39.27, 6283057
39.28, 6283057
39.29, 6283057
39.3, 6283057
39.31, 6283057
39.32, 6283057
39.33, 6283057
39.34, 6283057
39.35, 6283057
39.36, 6283057
39.37, 6283057
39.38, 6283057
39.39, 6283057
39.4, 6283057
39.41, 6283057
39.42, 6283057
39.43, 6283057
39.44, 6283057
39.45, 6283057
39.46, 6283057
39.47, 6283057
39.48, 6283057
39.49, 6283057
39.5, 6283057
39.51, 6283057
39.52, 6283057
39.53, 6283057
39.54, 6283057
39.55, 6283057
39.56, 6283057
39.57, 6283057
39.58, 6283057
39.59, 6283057
39.6, 6283057
39.61, 6283057
39.62, 6283057
39.63, 6283057
39.64, 6283057
39.65, 6283057
39.66, 6283057
39.67, 6283057
39.68, 6283057
39.69, 6283057
39.7, 6283057
39.71, 6283057
39.72, 6283057
39.73, 6283057
39.74, 6283057
39.75, 6283057
39.76, 6283057
39.77, 6283057
39.78, 6283057
39.79, 6283057
39.8, 6283057
39.81, 6283057
39.82, 6283057
39.83, 6283057
39.84, 6283057
39.85, 6283057
39.86, 6283057
39.87, 6283057
39.88, 6283057
39.89, 6283057
39.9, 6283057
39.91, 6283057
39.92, 6283057
39.93, 6283057
39.94, 6283057
39.95, 6283057
39.96, 6283057
39.97, 6283057
39.98, 6283057
39.99, 6283057
40.0, 6283057
40.01, 6283057
40.02, 6283057
40.03, 6283057
40.04, 6283057
40.05, 6283057
40.06, 6283057
40.07, 6283057
40.08, 6283057
40.09, 6283057
40.1, 6283057
40.11, 6283057
40.12, 6283057
40.13, 6283057
40.14, 6283057
40.15, 6283057
40.16, 6283057
40.17, 6283057
40.18, 6283057
40.19, 6283057
40.2, 6283057
40.21, 6283057
40.22, 6283057
40.23, 6283057
40.24, 6283057
40.25, 6283057
40.26, 6283057
40.27, 6283057
40.28, 6283057
40.29, 6283057
40.3, 6283057
40.31, 6283057
40.32, 6283057
40.33, 6283057
40.34, 6283057
40.35, 6283057
40.36, 6283057
40.37, 6283057
40.38, 6283057
40.39, 6283057
40.4, 6283057
40.41, 6283057
40.42, 6283057
40.43, 6283057
40.44, 6283057
40.45, 6283057
40.46, 6283057
40.47, 6283057
40.48, 6283057
40.49, 6283057
40.5, 6283057
40.51, 6283057
40.52, 6283057
40.53, 6283057
40.54, 6283057
40.55, 6283057
40.56, 6283057
40.57, 6283057
40.58, 6283057
40.59, 6283057
40.6, 6283057
40.61, 6283057
40.62, 6283057
40.63, 6283057
40.64, 6283057
40.65, 6283057
40.66, 6283057
40.67, 6283057
40.68, 6283057
40.69, 6283057
40.7, 6283057
40.71, 6283057
40.72, 6283057
40.73, 6283057
40.74, 6283057
40.75, 6283057
40.76, 6283057
40.77, 6283057
40.78, 6283057
40.79, 6283057
40.8, 6283057
40.81, 6283057
40.82, 6283057
40.83, 6283057
40.84, 6283057
40.85, 6283057
40.86, 6283057
40.87, 6283057
40.88, 6283057
40.89, 6283057
40.9, 6283057
40.91, 6283057
40.92, 6283057
40.93, 6283057
40.94, 6283057
40.95, 6283057
40.96, 6283057
40.97, 6283057
40.98, 6283057
40.99, 6283057
41.0, 6283057
41.01, 6283057
41.02, 6283057
41.03, 6283057
41.04, 6283057
41.05, 6283057
41.06, 6283057
41.07, 6283057
41.08, 6283057
41.09, 6283057
41.1, 6283057
41.11, 6283057
41.12, 6283057
41.13, 6283057
41.14, 6283057
41.15, 6283057
41.16, 6283057
41.17, 6283057
41.18, 6283057
41.19, 6283057
41.2, 6283057
41.21, 6283057
41.22, 6283057
41.23, 6283057
41.24, 6283057
41.25, 6283057
41.26, 6283057
41.27, 6283057
41.28, 6283057
41.29, 6283057
41.3, 6283057
41.31, 6283057
41.32, 6283057
41.33, 6283057
41.34, 6283057
41.35, 6283057
41.36, 6283057
41.37, 6283057
41.38, 6283057
41.39, 6283057
41.4, 6283057
41.41, 6283057
41.42, 6283057
41.43, 6283057
41.44, 6283057
41.45, 6283057
41.46, 6283057
41.47, 6283057
41.48, 6283057
41.49, 6283057
41.5, 6283057
41.51, 6283057
41.52, 6283057
41.53, 6283057
41.54, 6283057
41.55, 6283057
41.56, 6283057
41.57, 6283057
41.58, 6283057
41.59, 6283057
41.6, 6283057
41.61, 6283057
41.62, 6283057
41.63, 6283057
41.64, 6283057
41.65, 6283057
41.66, 6283057
41.67, 6283057
41.68, 6283057
41.69, 6283057
41.7, 6283057
41.71, 6283057
41.72, 6283057
41.73, 6283057
41.74, 6283057
41.75, 6283057
41.76, 6283057
41.77, 6283057
41.78, 6283057
41.79, 6283057
41.8, 6283057
41.81, 6283057
41.82, 6283057
41.83, 6283057
41.84, 6283057
41.85, 6283057
41.86, 6283057
41.87, 6283057
41.88, 6283057
41.89, 6283057
41.9, 6283057
41.91, 6283057
41.92, 6283057
41.93, 6283057
41.94, 6283057
41.95, 6283057
41.96, 6283057
41.97, 6283057
41.98, 6283057
41.99, 6283057
42.0, 6283057
42.01, 6283057
42.02, 6283057
42.03, 6283057
42.04, 6283057
42.05, 6283057
42.06, 6283057
42.07, 6283057
42.08, 6283057
42.09, 6283057
42.1, 6283057
42.11, 6283057
42.12, 6283057
42.13, 6283057
42.14, 6283057
42.15, 6283057
42.16, 6283057
42.17, 6283057
42.18, 6283057
42.19, 6283057
42.2, 6283057
42.21, 6283057
42.22, 6283057
42.23, 6283057
42.24, 6283057
42.25, 6283057
42.26, 6283057
42.27, 6283057
42.28, 6283057
42.29, 6283057
42.3, 6283057
42.31, 6283057
42.32, 6283057
42.33, 6283057
42.34, 6283057
42.35, 6283057
42.36, 6283057
42.37, 6283057
42.38, 6283057
42.39, 6283057
42.4, 6283057
42.41, 6283057
42.42, 6283057
42.43, 6283057
42.44, 6283057
42.45, 6283057
42.46, 6283057
42.47, 6283057
42.48, 6283057
42.49, 6283057
42.5, 6283057
42.51, 6283057
42.52, 6283057
42.53, 6283057
42.54, 6283057
42.55, 6283057
42.56, 6283057
42.57, 6283057
42.58, 6283057
42.59, 6283057
42.6, 6283057
42.61, 6283057
42.62, 6283057
42.63, 6283057
42.64, 6283057
42.65, 6283057
42.66, 6283057
42.67, 6283057
42.68, 6283057
42.69, 6283057
42.7, 6283057
42.71, 6283057
42.72, 6283057
42.73, 6283057
42.74, 6283057
42.75, 6283057
42.76, 6283057
42.77, 6283057
42.78, 6283057
42.79, 6283057
42.8, 6282745
42.81, 6282745
42.82, 6282745
42.83, 6282745
42.84, 6282745
42.85, 6282745
42.86, 6282745
42.87, 6282745
42.88, 6282745
42.89, 6282745
42.9, 6282745
42.91, 6282745
42.92, 6282745
42.93, 6282745
42.94, 6282745
42.95, 6282745
42.96, 6282745
42.97, 6282745
42.98, 6282745
42.99, 6282745
43.0, 6282745
43.01, 6282745
43.02, 6282745
43.03, 6282745
43.04, 6282745
43.05, 6282745
43.06, 6282745
43.07, 6282745
43.08, 6282745
43.09, 6282745
43.1, 6282745
43.11, 6282745
43.12, 6282745
43.13, 6282745
43.14, 6282745
43.15, 6282745
43.16, 6282745
43.17, 6282745
43.18, 6282745
43.19, 6282745
43.2, 6282745
43.21, 6282745
43.22, 6282745
43.23, 6282745
43.24, 6282745
43.25, 6282745
43.26, 6282745
43.27, 6282745
43.28, 6282745
43.29, 6282745
43.3, 6282745
43.31, 6282745
43.32, 6282745
43.33, 6282745
43.34, 6282745
43.35, 6282745
43.36, 6282745
43.37, 6282745
43.38, 6282745
43.39, 6282745
43.4, 6282745
43.41, 6282745
43.42, 6282745
43.43, 6282745
43.44, 6282745
43.45, 6282745
43.46, 6282745
43.47, 6282745
43.48, 6282745
43.49, 6282745
43.5, 6282745
43.51, 6282745
43.52, 6282745
43.53, 6282745
43.54, 6282745
43.55, 6282745
43.56, 6282745
43.57, 6282745
43.58, 6282745
43.59, 6282745
43.6, 6282745
43.61, 6282745
43.62, 6282745
43.63, 6282745
43.64, 6282745
43.65, 6282745
43.66, 6282745
43.67, 6282745
43.68, 6282745
43.69, 6282745
43.7, 6282745
43.71, 6282745
43.72, 6282745
43.73, 6282745
43.74, 6282745
43.75, 6282745
43.76, 6282745
43.77, 6282745
43.78, 6282745
43.79, 6282745
43.8, 6282745
43.81, 6282745
43.82, 6282745
43.83, 6282745
43.84, 6282745
43.85, 6282745
43.86, 6282745
43.87, 6282745
43.88, 6282745
43.89, 6282745
43.9, 6282745
43.91, 6282745
43.92, 6282745
43.93, 6282745
43.94, 6282745
43.95, 6282745
43.96, 6282745
43.97, 6282745
43.98, 6282745
43.99, 6282745
44.0, 6282745
44.01, 6282745
44.02, 6282745
44.03, 6282745
44.04, 6282745
44.05, 6282745
44.06, 6282745
44.07, 6282745
44.08, 6282745
44.09, 6282745
44.1, 6282745
44.11, 6282745
44.12, 6282745
44.13, 6282745
44.14, 6282745
44.15, 6282745
44.16, 6282745
44.17, 6282745
44.18, 6282745
44.19, 6282745
44.2, 6282745
44.21, 6282745
44.22, 6282745
44.23, 6282745
44.24, 6282745
44.25, 6282745
44.26, 6282745
44.27, 6282745
44.28, 6282745
44.29, 6282745
44.3, 6282745
44.31, 6282745
44.32, 6282745
44.33, 6282745
44.34, 6282745
44.35, 6282745
44.36, 6282745
44.37, 6282745
44.38, 6282745
44.39, 6282745
44.4, 6282745
44.41, 6282745
44.42, 6282745
44.43, 6282745
44.44, 6282745
44.45, 6282745
44.46, 6282745
44.47, 6282745
44.48, 6282745
44.49, 6282745
44.5, 6282745
44.51, 6282745
44.52, 6282745
44.53, 6282745
44.54, 6282745
44.55, 6282745
44.56, 6282745
44.57, 6282745
44.58, 6282745
44.59, 6282745
44.6, 6282745
44.61, 6282745
44.62, 6282745
44.63, 6282745
44.64, 6282745
44.65, 6282745
44.66, 6282745
44.67, 6282745
44.68, 6282745
44.69, 6282745
44.7, 6282745
44.71, 6282745
44.72, 6282745
44.73, 6282745
44.74, 6282745
44.75, 6282745
44.76, 6282745
44.77, 6282745
44.78, 6282745
44.79, 6282745
44.8, 6282745
44.81, 6282745
44.82, 6282745
44.83, 6282745
44.84, 6282745
44.85, 6282745
44.86, 6282745
44.87, 6282745
44.88, 6282745
44.89, 6282745
44.9, 6282745
44.91, 6282745
44.92, 6282745
44.93, 6282745
44.94, 6282745
44.95, 6282745
44.96, 6282745
44.97, 6282745
44.98, 6282745
44.99, 6282745
45.0, 6282745
45.01, 6282745
45.02, 6282745
45.03, 6282745
45.04, 6282745
45.05, 6282745
45.06, 6282745
45.07, 6282745
45.08, 6282745
45.09, 6282745
45.1, 6282745
45.11, 6282745
45.12, 6282745
45.13, 6282745
45.14, 6282745
45.15, 6282745
45.16, 6282745
45.17, 6282745
45.18, 6282745
45.19, 6282745
45.2, 6282745
45.21, 6282745
45.22, 6282745
45.23, 6282745
45.24, 6282745
45.25, 6282745
45.26, 6282745
45.27, 6282745
45.28, 6282745
45.29, 6282745
45.3, 6282745
45.31, 6282745
45.32, 6282745
45.33, 6282745
45.34, 6282745
45.35, 6282745
45.36, 6282745
45.37, 6282745
45.38, 6282745
45.39, 6282745
45.4, 6282745
45.41, 6282745
45.42, 6282745
45.43, 6282745
45.44, 6282745
45.45, 6282745
45.46, 6282745
45.47, 6282745
45.48, 6282745
45.49, 6282745
45.5, 6282745
45.51, 6282745
45.52, 6282745
45.53, 6282745
45.54, 6282745
45.55, 6282745
45.56, 6282745
45.57, 6282745
45.58, 6282745
45.59, 6282745
45.6, 6282745
45.61, 6282745
45.62, 6282745
45.63, 6282745
45.64, 6282745
45.65, 6282745
45.66, 6282745
45.67, 6282745
45.68, 6282745
45.69, 6282745
45.7, 6282745
45.71, 6282745
45.72, 6282745
45.73, 6282745
45.74, 6282745
45.75, 6282745
45.76, 6282745
45.77, 6282745
45.78, 6282745
45.79, 6282745
45.8, 6282745
45.81, 6282745
45.82, 6282745
45.83, 6282745
45.84, 6282745
45.85, 6282745
45.86, 6282745
45.87, 6282745
45.88, 6282745
45.89, 6282745
45.9, 6282745
45.91, 6282745
45.92, 6282745
45.93, 6282745
45.94, 6282745
45.95, 6282745
45.96, 6282745
45.97, 6282745
45.98, 6282745
45.99, 6282745
46.0, 6282745
46.01, 6282745
46.02, 6282745
46.03, 6282745
46.04, 6282745
46.05, 6282745
46.06, 6282745
46.07, 6282745
46.08, 6282745
46.09, 6282745
46.1, 6282745
46.11, 6282745
46.12, 6282745
46.13, 6282745
46.14, 6282745
46.15, 6282745
46.16, 6282745
46.17, 6282745
46.18, 6282745
46.19, 6282745
46.2, 6282745
46.21, 6282745
46.22, 6282745
46.23, 6282745
46.24, 6282745
46.25, 6282745
46.26, 6282745
46.27, 6282745
46.28, 6282745
46.29, 6282745
46.3, 6282745
46.31, 6282745
46.32, 6282745
46.33, 6282745
46.34, 6282745
46.35, 6282745
46.36, 6282745
46.37, 6282745
46.38, 6282745
46.39, 6282745
46.4, 6282745
46.41, 6282745
46.42, 6282745
46.43, 6282745
46.44, 6282745
46.45, 6282745
46.46, 6282745
46.47, 6282745
46.48, 6282745
46.49, 6282745
46.5, 6282745
46.51, 6282745
46.52, 6282745
46.53, 6282745
46.54, 6282745
46.55, 6282745
46.56, 6282745
46.57, 6282745
46.58, 6282745
46.59, 6282745
46.6, 6282745
46.61, 6282745
46.62, 6282745
46.63, 6282745
46.64, 6282745
46.65, 6282745
46.66, 6282745
46.67, 6282745
46.68, 6282745
46.69, 6282745
46.7, 6282745
46.71, 6282745
46.72, 6282745
46.73, 6282745
46.74, 6282745
46.75, 6282745
46.76, 6282745
46.77, 6282745
46.78, 6282745
46.79, 6282745
46.8, 6282745
46.81, 6282745
46.82, 6282745
46.83, 6282745
46.84, 6282745
46.85, 6282745
46.86, 6282745
46.87, 6282745
46.88, 6282745
46.89, 6282745
46.9, 6282745
46.91, 6282745
46.92, 6282745
46.93, 6282745
46.94, 6282745
46.95, 6282745
46.96, 6282745
46.97, 6282745
46.98, 6282745
46.99, 6282745
47.0, 6282745
47.01, 6282745
47.02, 6282745
47.03, 6282745
47.04, 6282745
47.05, 6282745
47.06, 6282745
47.07, 6282745
47.08, 6282745
47.09, 6282745
47.1, 6282745
47.11, 6282745
47.12, 6282745
47.13, 6282745
47.14, 6282745
47.15, 6282745
47.16, 6282745
47.17, 6282745
47.18, 6282745
47.19, 6282745
47.2, 6282745
47.21, 6282745
47.22, 6282745
47.23, 6282745
47.24, 6282745
47.25, 6282745
47.26, 6282745
47.27, 6282745
47.28, 6282745
47.29, 6282745
47.3, 6282745
47.31, 6282745
47.32, 6282745
47.33, 6282745
47.34, 6282745
47.35, 6282745
47.36, 6282745
47.37, 6282745
47.38, 6282745
47.39, 6282745
47.4, 6282745
47.41, 6282745
47.42, 6282745
47.43, 6282745
47.44, 6282745
47.45, 6282745
47.46, 6282745
47.47, 6282745
47.48, 6282745
47.49, 6282745
47.5, 6282745
47.51, 6282745
47.52, 6282745
47.53, 6282745
47.54, 6282745
47.55, 6282745
47.56, 6282745
47.57, 6282745
47.58, 6282745
47.59, 6282745
47.6, 6282745
47.61, 6282745
47.62, 6282745
47.63, 6282745
47.64, 6282745
47.65, 6282745
47.66, 6282745
47.67, 6282745
47.68, 6282745
47.69, 6282745
47.7, 6282745
47.71, 6282745
47.72, 6282745
47.73, 6282745
47.74, 6282745
47.75, 6282745
47.76, 6282745
47.77, 6282745
47.78, 6282745
47.79, 6282745
47.8, 6282745
47.81, 6282745
47.82, 6282745
47.83, 6282745
47.84, 6282745
47.85, 6282745
47.86, 6282745
47.87, 6282745
47.88, 6282745
47.89, 6282745
47.9, 6282745
47.91, 6282745
47.92, 6282745
47.93, 6282745
47.94, 6282745
47.95, 6282745
47.96, 6282745
47.97, 6282745
47.98, 6282745
47.99, 6282745
48.0, 6282745
48.01, 6282745
48.02, 6282745
48.03, 6282745
48.04, 6282745
48.05, 6282745
48.06, 6282745
48.07, 6282745
48.08, 6282745
48.09, 6282745
48.1, 6282745
48.11, 6282745
48.12, 6282745
48.13, 6282745
48.14, 6282745
48.15, 6282745
48.16, 6282745
48.17, 6282745
48.18, 6282745
48.19, 6282745
48.2, 6282745
48.21, 6282745
48.22, 6282745
48.23, 6282745
48.24, 6282745
48.25, 6282745
48.26, 6282745
48.27, 6282745
48.28, 6282745
48.29, 6282745
48.3, 6282745
48.31, 6282745
48.32, 6282745
48.33, 6282745
48.34, 6282745
48.35, 6282745
48.36, 6282745
48.37, 6282745
48.38, 6282745
48.39, 6282745
48.4, 6282745
48.41, 6282745
48.42, 6282745
48.43, 6282745
48.44, 6282745
48.45, 6282745
48.46, 6282745
48.47, 6282745
48.48, 6282745
48.49, 6282745
48.5, 6282745
48.51, 6282745
48.52, 6282745
48.53, 6282745
48.54, 6282745
48.55, 6282745
48.56, 6282745
48.57, 6282745
48.58, 6282745
48.59, 6282745
48.6, 6282745
48.61, 6282745
48.62, 6282745
48.63, 6282745
48.64, 6282745
48.65, 6282745
48.66, 6282745
48.67, 6282745
48.68, 6282745
48.69, 6282745
48.7, 6282745
48.71, 6282745
48.72, 6282745
48.73, 6282745
48.74, 6282745
48.75, 6282745
48.76, 6282745
48.77, 6282745
48.78, 6282745
48.79, 6282745
48.8, 6282745
48.81, 6282745
48.82, 6282745
48.83, 6282745
48.84, 6282745
48.85, 6282745
48.86, 6282745
48.87, 6282745
48.88, 6282745
48.89, 6282745
48.9, 6282745
48.91, 6282745
48.92, 6282745
48.93, 6282745
48.94, 6282745
48.95, 6282745
48.96, 6282745
48.97, 6282745
48.98, 6282745
48.99, 6282745
49.0, 6282745
49.01, 6282745
49.02, 6282745
49.03, 6282745
49.04, 6282745
49.05, 6282745
49.06, 6282745
49.07, 6282745
49.08, 6282745
49.09, 6282745
49.1, 6282745
49.11, 6282745
49.12, 6282745
49.13, 6282745
49.14, 6282745
49.15, 6282745
49.16, 6282745
49.17, 6282745
49.18, 6282745
49.19, 6282745
49.2, 6282745
49.21, 6282745
49.22, 6282745
49.23, 6282745
49.24, 6282745
49.25, 6282745
49.26, 6282745
49.27, 6282745
49.28, 6282745
49.29, 6282745
49.3, 6282745
49.31, 6282745
49.32, 6282745
49.33, 6282745
49.34, 6282745
49.35, 6282745
49.36, 6282745
49.37, 6282745
49.38, 6282745
49.39, 6282745
49.4, 6282745
49.41, 6282745
49.42, 6282745
49.43, 6282745
49.44, 6282745
49.45, 6282745
49.46, 6282745
49.47, 6282745
49.48, 6282745
49.49, 6282745
49.5, 6282745
49.51, 6282745
49.52, 6282745
49.53, 6282745
49.54, 6282745
49.55, 6282745
49.56, 6282745
49.57, 6282745
49.58, 6282745
49.59, 6282745
49.6, 6282745
49.61, 6282745
49.62, 6282745
49.63, 6282745
49.64, 6282745
49.65, 6282745
49.66, 6282745
49.67, 6282745
49.68, 6282745
49.69, 6282745
49.7, 6282745
49.71, 6282745
49.72, 6282745
49.73, 6282745
49.74, 6282745
49.75, 6282745
49.76, 6282745
49.77, 6282745
49.78, 6282745
49.79, 6282745
49.8, 6282745
49.81, 6282745
49.82, 6282745
49.83, 6282745
49.84, 6282745
49.85, 6282745
49.86, 6282745
49.87, 6282745
49.88, 6282745
49.89, 6282745
49.9, 6282745
49.91, 6282745
49.92, 6282745
49.93, 6282745
49.94, 6282745
49.95, 6282745
49.96, 6282745
49.97, 6282745
49.98, 6282745
49.99, 6282745
50.0, 6282745
50.01, 6282745
50.02, 6282745
50.03, 6282745
50.04, 6282745
50.05, 6282745
50.06, 6282745
50.07, 6282745
50.08, 6282745
50.09, 6282745
50.1, 6282745
50.11, 6282745
50.12, 6282745
50.13, 6282745
50.14, 6282745
50.15, 6282745
50.16, 6282745
50.17, 6282745
50.18, 6282745
50.19, 6282745
50.2, 6282745
50.21, 6282745
50.22, 6282745
50.23, 6282745
50.24, 6282745
50.25, 6282745
50.26, 6282745
50.27, 6282745
50.28, 6282745
50.29, 6282745
50.3, 6282745
50.31, 6282745
50.32, 6282745
50.33, 6282745
50.34, 6282745
50.35, 6282745
50.36, 6282745
50.37, 6282745
50.38, 6282745
50.39, 6282745
50.4, 6282745
50.41, 6282745
50.42, 6282745
50.43, 6282745
50.44, 6282745
50.45, 6282745
50.46, 6282745
50.47, 6282745
50.48, 6282745
50.49, 6282745
50.5, 6282745
50.51, 6282745
50.52, 6282745
50.53, 6282745
50.54, 6282745
50.55, 6282745
50.56, 6282745
50.57, 6282745
50.58, 6282745
50.59, 6282745
50.6, 6282745
50.61, 6282745
50.62, 6282745
50.63, 6282745
50.64, 6282745
50.65, 6282745
50.66, 6282745
50.67, 6282745
50.68, 6282745
50.69, 6282745
50.7, 6282745
50.71, 6282745
50.72, 6282745
50.73, 6282745
50.74, 6282745
50.75, 6282745
50.76, 6282745
50.77, 6282745
50.78, 6282745
50.79, 6282745
50.8, 6282745
50.81, 6282745
50.82, 6282745
50.83, 6282745
50.84, 6282745
50.85, 6282745
50.86, 6282745
50.87, 6282745
50.88, 6282745
50.89, 6282745
50.9, 6282745
50.91, 6282745
50.92, 6282745
50.93, 6282745
50.94, 6282745
50.95, 6282745
50.96, 6282745
50.97, 6282745
50.98, 6282745
50.99, 6282745
51.0, 6282745
51.01, 6282745
51.02, 6282745
51.03, 6282745
51.04, 6282745
51.05, 6282745
51.06, 6282745
51.07, 6282745
51.08, 6282745
51.09, 6282745
51.1, 6282745
51.11, 6282745
51.12, 6282745
51.13, 6282745
51.14, 6282745
51.15, 6282745
51.16, 6282745
51.17, 6282745
51.18, 6282745
51.19, 6282745
51.2, 6282745
51.21, 6282745
51.22, 6282745
51.23, 6282745
51.24, 6282745
51.25, 6282745
51.26, 6282745
51.27, 6282745
51.28, 6282745
51.29, 6282745
51.3, 6282745
51.31, 6282745
51.32, 6282745
51.33, 6282745
51.34, 6282745
51.35, 6282745
51.36, 6282745
51.37, 6282745
51.38, 6282745
51.39, 6282745
51.4, 6282745
51.41, 6282745
51.42, 6282745
51.43, 6282745
51.44, 6282745
51.45, 6282745
51.46, 6282745
51.47, 6282745
51.48, 6282745
51.49, 6282745
51.5, 6282745
51.51, 6282745
51.52, 6282745
51.53, 6282745
51.54, 6282745
51.55, 6282745
51.56, 6282745
51.57, 6282745
51.58, 6282745
51.59, 6282745
51.6, 6282745
51.61, 6282745
51.62, 6282745
51.63, 6282745
51.64, 6282745
51.65, 6282745
51.66, 6282745
51.67, 6282745
51.68, 6282745
51.69, 6282745
51.7, 6282745
51.71, 6282745
51.72, 6282745
51.73, 6282745
51.74, 6282745
51.75, 6282745
51.76, 6282745
51.77, 6282745
51.78, 6282745
51.79, 6282745
51.8, 6282745
51.81, 6282745
51.82, 6282745
51.83, 6282745
51.84, 6282745
51.85, 6282745
51.86, 6282745
51.87, 6282745
51.88, 6282745
51.89, 6282745
51.9, 6282745
51.91, 6282745
51.92, 6282745
51.93, 6282745
51.94, 6282745
51.95, 6282745
51.96, 6282745
51.97, 6282745
51.98, 6282745
51.99, 6282745
52.0, 6282745
52.01, 6282745
52.02, 6282745
52.03, 6282745
52.04, 6282745
52.05, 6282745
52.06, 6282745
52.07, 6282745
52.08, 6282745
52.09, 6282745
52.1, 6282745
52.11, 6282745
52.12, 6282745
52.13, 6282745
52.14, 6282745
52.15, 6282745
52.16, 6282745
52.17, 6282745
52.18, 6282745
52.19, 6282745
52.2, 6282745
52.21, 6282745
52.22, 6282745
52.23, 6282745
52.24, 6282745
52.25, 6282745
52.26, 6282745
52.27, 6282745
52.28, 6282745
52.29, 6282745
52.3, 6282745
52.31, 6282745
52.32, 6282745
52.33, 6282745
52.34, 6282745
52.35, 6282745
52.36, 6282745
52.37, 6282745
52.38, 6282745
52.39, 6282745
52.4, 6282745
52.41, 6282745
52.42, 6282745
52.43, 6282745
52.44, 6282745
52.45, 6282745
52.46, 6282745
52.47, 6282745
52.48, 6282745
52.49, 6282745
52.5, 6282745
52.51, 6282745
52.52, 6282745
52.53, 6282745
52.54, 6282745
52.55, 6282745
52.56, 6282745
52.57, 6282745
52.58, 6282745
52.59, 6282745
52.6, 6282745
52.61, 6282745
52.62, 6282745
52.63, 6282745
52.64, 6282745
52.65, 6282745
52.66, 6282745
52.67, 6282745
52.68, 6282745
52.69, 6282745
52.7, 6282745
52.71, 6282745
52.72, 6282745
52.73, 6282745
52.74, 6282745
52.75, 6282745
52.76, 6282745
52.77, 6282745
52.78, 6282745
52.79, 6282745
52.8, 6282745
52.81, 6282745
52.82, 6282745
52.83, 6282745
52.84, 6282745
52.85, 6282745
52.86, 6282745
52.87, 6282745
52.88, 6282745
52.89, 6282745
52.9, 6282745
52.91, 6282745
52.92, 6282745
52.93, 6282745
52.94, 6282745
52.95, 6282745
52.96, 6282745
52.97, 6282745
52.98, 6282745
52.99, 6282745
53.0, 6282745
53.01, 6282745
53.02, 6282745
53.03, 6282745
53.04, 6282745
53.05, 6282745
53.06, 6282745
53.07, 6282745
53.08, 6282745
53.09, 6282745
53.1, 6282745
53.11, 6282745
53.12, 6282745
53.13, 6282745
53.14, 6282745
53.15, 6282745
53.16, 6282745
53.17, 6282745
53.18, 6282745
53.19, 6282745
53.2, 6282745
53.21, 6282745
53.22, 6282745
53.23, 6282745
53.24, 6282745
53.25, 6282745
53.26, 6282745
53.27, 6282745
53.28, 6282745
53.29, 6282745
53.3, 6282745
53.31, 6282745
53.32, 6282745
53.33, 6282745
53.34, 6282745
53.35, 6282745
53.36, 6282745
53.37, 6282745
53.38, 6282745
53.39, 6282745
53.4, 6282745
53.41, 6282745
53.42, 6282745
53.43, 6282745
53.44, 6282745
53.45, 6282745
53.46, 6282745
53.47, 6282745
53.48, 6282745
53.49, 6282745
53.5, 6282745
53.51, 6282745
53.52, 6282745
53.53, 6282745
53.54, 6282745
53.55, 6282745
53.56, 6282745
53.57, 6282745
53.58, 6282745
53.59, 6282745
53.6, 6282745
53.61, 6282745
53.62, 6282745
53.63, 6282745
53.64, 6282745
53.65, 6282745
53.66, 6282745
53.67, 6282745
53.68, 6282745
53.69, 6282745
53.7, 6282745
53.71, 6282745
53.72, 6282745
53.73, 6282745
53.74, 6282745
53.75, 6282745
53.76, 6282745
53.77, 6282745
53.78, 6282745
53.79, 6282745
53.8, 6282745
53.81, 6282745
53.82, 6282745
53.83, 6282745
53.84, 6282745
53.85, 6282745
53.86, 6282745
53.87, 6282745
53.88, 6282745
53.89, 6282745
53.9, 6282745
53.91, 6282745
53.92, 6282745
53.93, 6282745
53.94, 6282745
53.95, 6282745
53.96, 6282745
53.97, 6282745
53.98, 6282745
53.99, 6282745
54.0, 6282745
54.01, 6282745
54.02, 6282745
54.03, 6282745
54.04, 6282745
54.05, 6282745
54.06, 6282745
54.07, 6282745
54.08, 6282745
54.09, 6282745
54.1, 6282745
54.11, 6282745
54.12, 6282745
54.13, 6282745
54.14, 6282745
54.15, 6282745
54.16, 6282745
54.17, 6282745
54.18, 6282745
54.19, 6282745
54.2, 6282745
54.21, 6282745
54.22, 6282745
54.23, 6282745
54.24, 6282745
54.25, 6282745
54.26, 6282745
54.27, 6282745
54.28, 6282745
54.29, 6282745
54.3, 6282745
54.31, 6282745
54.32, 6282745
54.33, 6282745
54.34, 6282745
54.35, 6282745
54.36, 6282745
54.37, 6282745
54.38, 6282745
54.39, 6282745
54.4, 6282745
54.41, 6282745
54.42, 6282745
54.43, 6282745
54.44, 6282745
54.45, 6282745
54.46, 6282745
54.47, 6282745
54.48, 6282745
54.49, 6282745
54.5, 6282745
54.51, 6282745
54.52, 6282745
54.53, 6282745
54.54, 6282745
54.55, 6282745
54.56, 6282745
54.57, 6282745
54.58, 6282745
54.59, 6282745
54.6, 6282745
54.61, 6282745
54.62, 6282745
54.63, 6282745
54.64, 6282745
54.65, 6282745
54.66, 6282745
54.67, 6282745
54.68, 6282745
54.69, 6282745
54.7, 6282745
54.71, 6282745
54.72, 6282745
54.73, 6282745
54.74, 6282745
54.75, 6282745
54.76, 6282745
54.77, 6282745
54.78, 6282745
54.79, 6282745
54.8, 6282745
54.81, 6282745
54.82, 6282745
54.83, 6282745
54.84, 6282745
54.85, 6282745
54.86, 6282745
54.87, 6282745
54.88, 6282745
54.89, 6282745
54.9, 6282745
54.91, 6282745
54.92, 6282745
54.93, 6282745
54.94, 6282745
54.95, 6282745
54.96, 6282745
54.97, 6282745
54.98, 6282745
54.99, 6282745
55.0, 6282745
55.01, 6282745
55.02, 6282745
55.03, 6282745
55.04, 6282745
55.05, 6282745
55.06, 6282745
55.07, 6282745
55.08, 6282745
55.09, 6282745
55.1, 6282745
55.11, 6282745
55.12, 6282745
55.13, 6282745
55.14, 6282745
55.15, 6282745
55.16, 6282745
55.17, 6282745
55.18, 6282745
55.19, 6282745
55.2, 6282745
55.21, 6282745
55.22, 6282745
55.23, 6282745
55.24, 6282745
55.25, 6282745
55.26, 6282745
55.27, 6282745
55.28, 6282745
55.29, 6282745
55.3, 6282745
55.31, 6282745
55.32, 6282745
55.33, 6282745
55.34, 6282745
55.35, 6282745
55.36, 6282745
55.37, 6282745
55.38, 6282745
55.39, 6282745
55.4, 6282745
55.41, 6282745
55.42, 6282745
55.43, 6282745
55.44, 6282745
55.45, 6282745
55.46, 6282745
55.47, 6282745
55.48, 6282745
55.49, 6282745
55.5, 6282745
55.51, 6282745
55.52, 6282745
55.53, 6282745
55.54, 6282745
55.55, 6282745
55.56, 6282745
55.57, 6282745
55.58, 6282745
55.59, 6282745
55.6, 6282745
55.61, 6282745
55.62, 6282745
55.63, 6282745
55.64, 6282745
55.65, 6282745
55.66, 6282745
55.67, 6282745
55.68, 6282745
55.69, 6282745
55.7, 6282745
55.71, 6282745
55.72, 6282745
55.73, 6282745
55.74, 6282745
55.75, 6282745
55.76, 6282745
55.77, 6282745
55.78, 6282745
55.79, 6282745
55.8, 6282745
55.81, 6282745
55.82, 6282745
55.83, 6282745
55.84, 6282745
55.85, 6282745
55.86, 6282745
55.87, 6282745
55.88, 6282745
55.89, 6282745
55.9, 6282745
55.91, 6282745
55.92, 6282745
55.93, 6282745
55.94, 6282745
55.95, 6282745
55.96, 6282745
55.97, 6282745
55.98, 6282745
55.99, 6282745
56.0, 6282745
56.01, 6282745
56.02, 6282745
56.03, 6282745
56.04, 6282745
56.05, 6282745
56.06, 6282745
56.07, 6282745
56.08, 6282745
56.1, 6282745
56.11, 6282745
56.12, 6282745
56.13, 6282745
56.14, 6282745
56.15, 6282745
56.16, 6282745
56.17, 6282745
56.18, 6282745
56.19, 6282745
56.2, 6282745
56.21, 6282745
56.22, 6282745
56.23, 6282745
56.24, 6282745
56.25, 6282745
56.26, 6282745
56.27, 6282745
56.28, 6282745
56.29, 6282745
56.3, 6282745
56.31, 6282745
56.32, 6282745
56.33, 6282745
56.34, 6282745
56.35, 6282745
56.36, 6282745
56.37, 6282745
56.38, 6282745
56.39, 6282745
56.4, 6282745
56.41, 6282745
56.42, 6282745
56.43, 6282745
56.44, 6282745
56.45, 6282745
56.46, 6282745
56.47, 6282745
56.48, 6282745
56.49, 6282745
56.5, 6282745
56.51, 6282745
56.52, 6282745
56.53, 6282745
56.54, 6282745
56.55, 6282745
56.56, 6282745
56.57, 6282745
56.58, 6282745
56.59, 6282745
56.6, 6282745
56.61, 6282745
56.62, 6282745
56.63, 6282745
56.64, 6282745
56.65, 6282745
56.66, 6282745
56.67, 6282745
56.68, 6282745
56.69, 6282745
56.7, 6282745
56.71, 6282745
56.72, 6282745
56.73, 6282745
56.74, 6282745
56.75, 6282745
56.76, 6282745
56.77, 6282745
56.78, 6282745
56.79, 6282745
56.8, 6282745
56.81, 6282745
56.82, 6282745
56.83, 6282745
56.84, 6282745
56.85, 6282745
56.86, 6282745
56.87, 6282745
56.88, 6282745
56.89, 6282745
56.9, 6282745
56.91, 6282745
56.92, 6282745
56.93, 6282745
56.94, 6282745
56.95, 6282745
56.96, 6282745
56.97, 6282745
56.98, 6282745
56.99, 6282745
57.0, 6282745
57.01, 6282745
57.02, 6282745
57.03, 6282745
57.04, 6282745
57.05, 6282745
57.06, 6282745
57.07, 6282745
57.08, 6282745
57.09, 6282745
57.1, 6282745
57.11, 6282745
57.12, 6282745
57.13, 6282745
57.14, 6201571
57.15, 6201571
57.16, 6201571
57.17, 6201571
57.18, 6201571
57.19, 6201571
57.2, 6201571
57.21, 6201571
57.22, 6201571
57.23, 6201571
57.24, 6201571
57.25, 6201571
57.26, 6201571
57.27, 6201571
57.28, 6201571
57.29, 6201571
57.3, 6201571
57.31, 6201571
57.32, 6201571
57.33, 6201571
57.34, 6201571
57.35, 6201571
57.36, 6201571
57.37, 6201571
57.38, 6201571
57.39, 6201571
57.4, 6201571
57.41, 6201571
57.42, 6201571
57.43, 6201571
57.44, 6201571
57.45, 6201571
57.46, 6201571
57.47, 6201571
57.48, 6201571
57.49, 6201571
57.5, 6201571
57.51, 6201571
57.52, 6201571
57.53, 6201571
57.54, 6201571
57.55, 6201571
57.56, 6201571
57.57, 6201571
57.58, 6201571
57.59, 6201571
57.6, 6201571
57.61, 6201571
57.62, 6201571
57.63, 6201571
57.64, 6201571
57.65, 6201571
57.66, 6201571
57.67, 6201571
57.68, 6201571
57.69, 6201571
57.7, 6201571
57.71, 6201571
57.72, 6201571
57.73, 6201571
57.74, 6201571
57.75, 6201571
57.76, 6201571
57.77, 6201571
57.78, 6201571
57.79, 6201571
57.8, 6201571
57.81, 6201571
57.82, 6201571
57.83, 6201571
57.84, 6201571
57.85, 6201571
57.86, 6201571
57.87, 6201571
57.88, 6201571
57.89, 6201571
57.9, 6201571
57.91, 6201571
57.92, 6201571
57.93, 6201571
57.94, 6201571
57.95, 6201571
57.96, 6201571
57.97, 6201571
57.98, 6201571
57.99, 6201571
58.0, 6201571
58.01, 6201571
58.02, 6201571
58.03, 6201571
58.04, 6201571
58.05, 6201571
58.06, 6201571
58.07, 6201571
58.08, 6201571
58.09, 6201571
58.1, 6201571
58.11, 6201571
58.12, 6201571
58.13, 6201571
58.14, 6201571
58.15, 6201571
58.16, 6201571
58.17, 6201571
58.18, 6201571
58.19, 6201571
58.2, 6201571
58.21, 6201571
58.22, 6201571
58.23, 6201571
58.24, 6201571
58.25, 6201571
58.26, 6201571
58.27, 6201571
58.28, 6201571
58.29, 6201571
58.3, 6201571
58.31, 6201571
58.32, 6201571
58.33, 6201571
58.34, 6201571
58.35, 6201571
58.36, 6201571
58.37, 6201571
58.38, 6201571
58.39, 6201571
58.4, 6201571
58.41, 6201571
58.42, 6201571
58.43, 6201571
58.44, 6201571
58.45, 6201571
58.46, 6201571
58.47, 6201571
58.48, 6201571
58.49, 6201571
58.5, 6201571
58.51, 6201571
58.52, 6201571
58.53, 6201571
58.54, 6201571
58.55, 6201571
58.56, 6201571
58.57, 6201571
58.58, 6201571
58.59, 6201571
58.6, 6201571
58.61, 6201571
58.62, 6201571
58.63, 6201571
58.64, 6201571
58.65, 6201571
58.66, 6201571
58.67, 6201571
58.68, 6201571
58.69, 6201571
58.7, 6201571
58.71, 6201571
58.72, 6201571
58.73, 6201571
58.74, 6201571
58.75, 6201571
58.76, 6201571
58.77, 6201571
58.78, 6201571
58.79, 6201571
58.8, 6201571
58.81, 6201571
58.82, 6201571
58.83, 6201571
58.84, 6201571
58.85, 6201571
58.86, 6201571
58.87, 6201571
58.88, 6201571
58.89, 6201571
58.9, 6201571
58.91, 6201571
58.92, 6201571
58.93, 6201571
58.94, 6201571
58.95, 6201571
58.96, 6201571
58.97, 6201571
58.98, 6201571
58.99, 6201571
59.0, 6201571
59.01, 6201571
59.02, 6201571
59.03, 6201571
59.04, 6201571
59.05, 6201571
59.06, 6201571
59.07, 6201571
59.08, 6201571
59.09, 6201571
59.1, 6201571
59.11, 6201571
59.12, 6201571
59.13, 6201571
59.14, 6201571
59.15, 6201571
59.16, 6201571
59.17, 6201571
59.18, 6201571
59.19, 6201571
59.2, 6201571
59.21, 6201571
59.22, 6201571
59.23, 6201571
59.24, 6201571
59.25, 6201571
59.26, 6201571
59.27, 6201571
59.28, 6201571
59.29, 6201571
59.3, 6201571
59.31, 6201571
59.32, 6201571
59.33, 6201571
59.34, 6201571
59.35, 6201571
59.36, 6201571
59.37, 6201571
59.38, 6201571
59.39, 6201571
59.4, 6201571
59.41, 6201571
59.42, 6201571
59.43, 6201571
59.44, 6201571
59.45, 6201571
59.46, 6201571
59.47, 6201571
59.48, 6201571
59.49, 6201571
59.5, 6201571
59.51, 6201571
59.52, 6201571
59.53, 6201571
59.54, 6201571
59.55, 6201571
59.56, 6201571
59.57, 6201571
59.58, 6201571
59.59, 6201571
59.6, 6201571
59.61, 6201571
59.62, 6201571
59.63, 6201571
59.64, 6201571
59.65, 6201571
59.66, 6201571
59.67, 6201571
59.68, 6201571
59.69, 6201571
59.7, 6201571
59.71, 6201571
59.72, 6201571
59.73, 6201571
59.74, 6201571
59.75, 6201571
59.76, 6201571
59.77, 6201571
59.78, 6201571
59.79, 6201571
59.8, 6201571
59.81, 6201571
59.82, 6201571
59.83, 6201571
59.84, 6201571
59.85, 6201571
59.86, 6201571
59.87, 6201571
59.88, 6201571
59.89, 6201571
59.9, 6201571
59.91, 6201571
59.92, 6201571
59.93, 6201571
59.94, 6201571
59.95, 6201571
59.96, 6201571
59.97, 6201571
59.98, 6201571
59.99, 6201571
