0.0, 6893735
0.01, 6893735
0.02, 6893735
0.03, 6893735
0.04, 6582123
0.05, 6489438
0.06, 6489438
0.07, 6489438
0.08, 6489438
0.09, 6489438
0.1, 6489438
0.11, 6489438
0.12, 6489438
0.13, 6489438
0.14, 6489438
0.15, 6489438
0.16, 6489438
0.17, 6489438
0.18, 6489438
0.19, 6489438
0.2, 6489438
0.21, 6489438
0.22, 6489438
0.23, 6489438
0.24, 6489438
0.25, 6489438
0.26, 6489438
0.27, 6489438
0.28, 6489438
0.29, 6489438
0.3, 6489438
0.31, 6489438
0.32, 6489438
0.33, 6489438
0.34, 6489438
0.35, 6489438
0.36, 6489438
0.37, 6489438
0.38, 6489438
0.39, 6489438
0.4, 6489438
0.41, 6489438
0.42, 6489438
0.43, 6489438
0.44, 6489438
0.45, 6489438
0.46, 6489438
0.47, 6489438
0.48, 6489438
0.49, 6489438
0.5, 6413935
0.51, 6413935
0.52, 6413935
0.53, 6413935
0.54, 6413935
0.55, 6413935
0.56, 6413935
0.57, 6413935
0.58, 6413935
0.59, 6413935
0.6, 6413935
0.61, 6413935
0.62, 6401785
0.63, 6401785
0.64, 6401785
0.65, 6401785
0.66, 6401785
0.67, 6401785
0.68, 6401785
0.69, 6401785
0.7, 6401785
0.71, 6401785
0.72, 6401785
0.73, 6401785
0.74, 6401785
0.75, 6401785
0.76, 6401785
0.77, 6401785
0.78, 6401785
0.79, 6401785
0.8, 6401785
0.81, 6401785
0.82, 6401785
0.83, 6401785
0.84, 6401785
0.85, 6401785
0.86, 6401785
0.87, 6401785
0.88, 6401785
0.89, 6401785
0.9, 6401785
0.91, 6401785
0.92, 6401785
0.93, 6401785
0.94, 6401785
0.95, 6401785
0.96, 6401785
0.97, 6401785
0.98, 6401785
0.99, 6401785
1.0, 6401785
1.01, 6401785
1.02, 6401785
1.03, 6401785
1.04, 6401785
1.05, 6401785
1.06, 6401785
1.07, 6401785
1.08, 6401785
1.09, 6401785
1.1, 6401785
1.11, 6401785
1.12, 6401785
1.13, 6401785
1.14, 6401785
1.15, 6401785
1.16, 6401785
1.17, 6401785
1.18, 6401785
1.19, 6401785
1.2, 6401785
1.21, 6401785
1.22, 6401785
1.23, 6401785
1.24, 6401785
1.25, 6401785
1.26, 6401785
1.27, 6401785
1.28, 6401785
1.29, 6401785
1.3, 6401785
1.31, 6401785
1.32, 6401785
1.33, 6401785
1.34, 6401785
1.35, 6401785
1.36, 6401785
1.37, 6401785
1.38, 6401785
1.39, 6401785
1.4, 6401785
1.41, 6401785
1.42, 6401785
1.43, 6401785
1.44, 6401785
1.45, 6401785
1.46, 6401785
1.47, 6401785
1.48, 6401785
1.49, 6401785
1.5, 6401785
1.51, 6401785
1.52, 6401785
1.53, 6401785
1.54, 6401785
1.55, 6401785
1.56, 6401785
1.57, 6401785
1.58, 6401785
1.59, 6401785
1.6, 6401785
1.61, 6401785
1.62, 6401785
1.63, 6401785
1.64, 6401785
1.65, 6401785
1.66, 6401785
1.67, 6401785
1.68, 6401785
1.69, 6401785
1.7, 6401785
1.71, 6401785
1.72, 6401785
1.73, 6401785
1.74, 6401785
1.75, 6401785
1.76, 6401785
1.77, 6401785
1.78, 6401785
1.79, 6401785
1.8, 6401785
1.81, 6401785
1.82, 6401785
1.83, 6401785
1.84, 6401785
1.85, 6401785
1.86, 6401785
1.87, 6401785
1.88, 6401785
1.89, 6401785
1.9, 6401785
1.91, 6401785
1.92, 6401785
1.93, 6401785
1.94, 6401785
1.95, 6401785
1.96, 6401785
1.97, 6401785
1.98, 6401785
1.99, 6401785
2.0, 6401785
2.01, 6401785
2.02, 6401785
2.03, 6401785
2.04, 6401785
2.05, 6401785
2.06, 6401785
2.07, 6401785
2.08, 6401785
2.09, 6401785
2.1, 6401785
2.11, 6401785
2.12, 6401785
2.13, 6401785
2.14, 6401785
2.15, 6401785
2.16, 6401785
2.17, 6401785
2.18, 6401785
2.19, 6401785
2.2, 6401785
2.21, 6401785
2.22, 6401785
2.23, 6401785
2.24, 6401785
2.25, 6401785
2.26, 6401785
2.27, 6401785
2.28, 6401785
2.29, 6401785
2.3, 6401785
2.31, 6401785
2.32, 6401785
2.33, 6401785
2.34, 6401785
2.35, 6401785
2.36, 6401785
2.37, 6401785
2.38, 6401785
2.39, 6401785
2.4, 6401785
2.41, 6401785
2.42, 6401785
2.43, 6401785
2.44, 6401785
2.45, 6401785
2.46, 6401785
2.47, 6401785
2.48, 6401785
2.49, 6401785
2.5, 6401785
2.51, 6401785
2.52, 6401785
2.53, 6401785
2.54, 6401785
2.55, 6401785
2.56, 6401785
2.57, 6401785
2.58, 6401785
2.59, 6401785
2.6, 6401785
2.61, 6401785
2.62, 6401785
2.63, 6401785
2.64, 6401785
2.65, 6401785
2.66, 6401785
2.67, 6401785
2.68, 6401785
2.69, 6401785
2.7, 6401785
2.71, 6401785
2.72, 6401785
2.73, 6401785
2.74, 6401785
2.75, 6401785
2.76, 6401785
2.77, 6401785
2.78, 6401785
2.79, 6401785
2.8, 6401785
2.81, 6401785
2.82, 6401785
2.83, 6401785
2.84, 6401785
2.85, 6401785
2.86, 6401785
2.87, 6401785
2.88, 6401785
2.89, 6401785
2.9, 6401785
2.91, 6401785
2.92, 6401785
2.93, 6401785
2.94, 6401785
2.95, 6401785
2.96, 6401785
2.97, 6401785
2.98, 6363841
2.99, 6363841
3.0, 6363841
3.01, 6363841
3.02, 6363841
3.03, 6363841
3.04, 6363841
3.05, 6363841
3.06, 6363841
3.07, 6363841
3.08, 6363841
3.09, 6363841
3.1, 6363841
3.11, 6363841
3.12, 6363841
3.13, 6363841
3.14, 6363841
3.15, 6363841
3.16, 6363841
3.17, 6363841
3.18, 6363841
3.19, 6363841
3.2, 6363841
3.21, 6363841
3.22, 6363841
3.23, 6363841
3.24, 6363841
3.25, 6363841
3.26, 6363841
3.27, 6363841
3.28, 6363841
3.29, 6363841
3.3, 6363841
3.31, 6363841
3.32, 6363841
3.33, 6363841
3.34, 6363841
3.35, 6363841
3.36, 6363841
3.37, 6363841
3.38, 6363841
3.39, 6363841
3.4, 6363841
3.41, 6363841
3.42, 6363841
3.43, 6363841
3.44, 6363841
3.45, 6363841
3.46, 6363841
3.47, 6363841
3.48, 6363841
3.49, 6363841
3.5, 6363841
3.51, 6363841
3.52, 6363841
3.53, 6363841
3.54, 6363841
3.55, 6363841
3.56, 6363841
3.57, 6363841
3.58, 6363841
3.59, 6363841
3.6, 6363841
3.61, 6363841
3.62, 6363841
3.63, 6363841
3.64, 6363841
3.65, 6363841
3.66, 6363841
3.67, 6363841
3.68, 6363841
3.69, 6363841
3.7, 6363841
3.71, 6363841
3.72, 6363841
3.73, 6363841
3.74, 6363841
3.75, 6363841
3.76, 6363841
3.77, 6363841
3.78, 6363841
3.79, 6363841
3.8, 6363841
3.81, 6363841
3.82, 6363841
3.83, 6363841
3.84, 6363841
3.85, 6363841
3.86, 6363841
3.87, 6363841
3.88, 6363841
3.89, 6363841
3.9, 6363841
3.91, 6363841
3.92, 6363841
3.93, 6363841
3.94, 6363841
3.95, 6363841
3.96, 6363841
3.97, 6363841
3.98, 6363841
3.99, 6363841
4.0, 6363841
4.01, 6363841
4.02, 6363841
4.03, 6363841
4.04, 6363841
4.05, 6363841
4.06, 6363841
4.07, 6363841
4.08, 6363841
4.09, 6363841
4.1, 6363841
4.11, 6363841
4.12, 6363841
4.13, 6363841
4.14, 6363841
4.15, 6363841
4.16, 6363841
4.17, 6363841
4.18, 6363841
4.19, 6363841
4.2, 6363841
4.21, 6363841
4.22, 6363841
4.23, 6363841
4.24, 6363841
4.25, 6363841
4.26, 6363841
4.27, 6363841
4.28, 6363841
4.29, 6363841
4.3, 6363841
4.31, 6363841
4.32, 6363841
4.33, 6363841
4.34, 6363841
4.35, 6363841
4.36, 6363841
4.37, 6363841
4.38, 6363841
4.39, 6363841
4.4, 6363841
4.41, 6363841
4.42, 6363841
4.43, 6363841
4.44, 6363841
4.45, 6363841
4.46, 6363841
4.47, 6363841
4.48, 6363841
4.49, 6363841
4.5, 6363841
4.51, 6363841
4.52, 6363841
4.53, 6363841
4.54, 6363841
4.55, 6363841
4.56, 6363841
4.57, 6363841
4.58, 6363841
4.59, 6363841
4.6, 6363841
4.61, 6363841
4.62, 6363841
4.63, 6363841
4.64, 6363841
4.65, 6363841
4.66, 6363841
4.67, 6363841
4.68, 6363841
4.69, 6363841
4.7, 6363841
4.71, 6363841
4.72, 6363841
4.73, 6363841
4.74, 6363841
4.75, 6363841
4.76, 6363841
4.77, 6363841
4.78, 6363841
4.79, 6363841
4.8, 6363841
4.81, 6363841
4.82, 6363841
4.83, 6363841
4.84, 6363841
4.85, 6363841
4.86, 6363841
4.87, 6363841
4.88, 6363841
4.89, 6363841
4.9, 6363841
4.91, 6363841
4.92, 6363841
4.93, 6363841
4.94, 6363841
4.95, 6363841
4.96, 6363841
4.97, 6363841
4.98, 6363841
4.99, 6363841
5.0, 6363841
5.01, 6363841
5.02, 6363841
5.03, 6363841
5.04, 6363841
5.05, 6363841
5.06, 6363841
5.07, 6363841
5.08, 6363841
5.09, 6363841
5.1, 6363841
5.11, 6363841
5.12, 6363841
5.13, 6363841
5.14, 6363841
5.15, 6363841
5.16, 6363841
5.17, 6363841
5.18, 6363841
5.19, 6363841
5.2, 6363841
5.21, 6363841
5.22, 6363841
5.23, 6363841
5.24, 6363841
5.25, 6363841
5.26, 6363841
5.27, 6363841
5.28, 6363841
5.29, 6363841
5.3, 6363841
5.31, 6363841
5.32, 6363841
5.33, 6363841
5.34, 6363841
5.35, 6363841
5.36, 6363841
5.37, 6363841
5.38, 6363841
5.39, 6363841
5.4, 6363841
5.41, 6363841
5.42, 6363841
5.43, 6363841
5.44, 6363841
5.45, 6363841
5.46, 6363841
5.47, 6363841
5.48, 6363841
5.49, 6363841
5.5, 6363841
5.51, 6363841
5.52, 6363841
5.53, 6363841
5.54, 6363841
5.55, 6363841
5.56, 6363841
5.57, 6363841
5.58, 6363841
5.59, 6363841
5.6, 6363841
5.61, 6363841
5.62, 6363841
5.63, 6363841
5.64, 6363841
5.65, 6363841
5.66, 6363841
5.67, 6363841
5.68, 6363841
5.69, 6363841
5.7, 6363841
5.71, 6363841
5.72, 6363841
5.73, 6363841
5.74, 6363841
5.75, 6363841
5.76, 6363841
5.77, 6363841
5.78, 6363841
5.79, 6363841
5.8, 6363841
5.81, 6363841
5.82, 6363841
5.83, 6363841
5.84, 6363841
5.85, 6363841
5.86, 6363841
5.87, 6363841
5.88, 6363841
5.89, 6363841
5.9, 6363841
5.91, 6363841
5.92, 6363841
5.93, 6363841
5.94, 6363841
5.95, 6363841
5.96, 6294810
5.97, 6294810
5.98, 6294810
5.99, 6294810
6.0, 6294810
6.01, 6294810
6.02, 6294810
6.03, 6294810
6.04, 6294810
6.05, 6294810
6.06, 6294810
6.07, 6294810
6.08, 6294810
6.09, 6294810
6.1, 6294810
6.11, 6294810
6.12, 6294810
6.13, 6294810
6.14, 6294810
6.15, 6294810
6.16, 6294810
6.17, 6294810
6.18, 6294810
6.19, 6294810
6.2, 6294810
6.21, 6294810
6.22, 6294810
6.23, 6294810
6.24, 6294810
6.25, 6294810
6.26, 6294810
6.27, 6294810
6.28, 6294810
6.29, 6294810
6.3, 6294810
6.31, 6294810
6.32, 6294810
6.33, 6294810
6.34, 6294810
6.35, 6294810
6.36, 6294810
6.37, 6294810
6.38, 6294810
6.39, 6294810
6.4, 6294810
6.41, 6294810
6.42, 6294810
6.43, 6294810
6.44, 6294810
6.45, 6294810
6.46, 6294810
6.47, 6294810
6.48, 6294810
6.49, 6294810
6.5, 6294810
6.51, 6294810
6.52, 6294810
6.53, 6294810
6.54, 6294810
6.55, 6294810
6.56, 6294810
6.57, 6294810
6.58, 6294810
6.59, 6294810
6.6, 6294810
6.61, 6294810
6.62, 6294810
6.63, 6294810
6.64, 6294810
6.65, 6294810
6.66, 6294810
6.67, 6294810
6.68, 6294810
6.69, 6294810
6.7, 6294810
6.71, 6294810
6.72, 6294810
6.73, 6294810
6.74, 6294810
6.75, 6294810
6.76, 6294810
6.77, 6294810
6.78, 6294810
6.79, 6294810
6.8, 6294810
6.81, 6294810
6.82, 6294810
6.83, 6294810
6.84, 6294810
6.85, 6294810
6.86, 6294810
6.87, 6294810
6.88, 6294810
6.89, 6294810
6.9, 6294810
6.91, 6294810
6.92, 6294810
6.93, 6294810
6.94, 6294810
6.95, 6294810
6.96, 6294810
6.97, 6294810
6.98, 6294810
6.99, 6294810
7.0, 6294810
7.01, 6294810
7.02, 6294810
7.03, 6294810
7.04, 6294810
7.05, 6294810
7.06, 6294810
7.07, 6294810
7.08, 6294810
7.09, 6294810
7.1, 6294810
7.11, 6294810
7.12, 6294810
7.13, 6294810
7.14, 6294810
7.15, 6294810
7.16, 6294810
7.17, 6294810
7.18, 6294810
7.19, 6294810
7.2, 6294810
7.21, 6294810
7.22, 6294810
7.23, 6294810
7.24, 6294810
7.25, 6294810
7.26, 6294810
7.27, 6294810
7.28, 6294810
7.29, 6294810
7.3, 6294810
7.31, 6294810
7.32, 6294810
7.33, 6294810
7.34, 6294810
7.35, 6294810
7.36, 6294810
7.37, 6294810
7.38, 6294810
7.39, 6294810
7.4, 6294810
7.41, 6294810
7.42, 6294810
7.43, 6294810
7.44, 6294810
7.45, 6294810
7.46, 6294810
7.47, 6294810
7.48, 6294810
7.49, 6294810
7.5, 6294810
7.51, 6294810
7.52, 6294810
7.53, 6294810
7.54, 6294810
7.55, 6294810
7.56, 6294810
7.57, 6294810
7.58, 6294810
7.59, 6294810
7.6, 6294810
7.61, 6294810
7.62, 6294810
7.63, 6294810
7.64, 6294810
7.65, 6294810
7.66, 6294810
7.67, 6294810
7.68, 6294810
7.69, 6294810
7.7, 6294810
7.71, 6294810
7.72, 6294810
7.73, 6294810
7.74, 6294810
7.75, 6294810
7.76, 6294810
7.77, 6294810
7.78, 6294810
7.79, 6294810
7.8, 6294810
7.81, 6294810
7.82, 6294810
7.83, 6294810
7.84, 6294810
7.85, 6294810
7.86, 6294810
7.87, 6294810
7.88, 6294810
7.89, 6294810
7.9, 6294810
7.91, 6294810
7.92, 6294810
7.93, 6294810
7.94, 6294810
7.95, 6294810
7.96, 6294810
7.97, 6294810
7.98, 6294810
7.99, 6294810
8.0, 6294810
8.01, 6294810
8.02, 6294810
8.03, 6294810
8.04, 6294810
8.05, 6294810
8.06, 6294810
8.07, 6294810
8.08, 6294810
8.09, 6294810
8.1, 6294810
8.11, 6294810
8.12, 6294810
8.13, 6294810
8.14, 6294810
8.15, 6294810
8.16, 6294810
8.17, 6294810
8.18, 6294810
8.19, 6294810
8.2, 6294810
8.21, 6294810
8.22, 6294810
8.23, 6294810
8.24, 6294810
8.25, 6294810
8.26, 6294810
8.27, 6294810
8.28, 6294810
8.29, 6294810
8.3, 6294810
8.31, 6294810
8.32, 6294810
8.33, 6294810
8.34, 6294810
8.35, 6294810
8.36, 6294810
8.37, 6294810
8.38, 6294810
8.39, 6294810
8.4, 6294810
8.41, 6294810
8.42, 6294810
8.43, 6294810
8.44, 6294810
8.45, 6294810
8.46, 6294810
8.47, 6294810
8.48, 6294810
8.49, 6294810
8.5, 6294810
8.51, 6294810
8.52, 6294810
8.53, 6294810
8.54, 6294810
8.55, 6294810
8.56, 6294810
8.57, 6294810
8.58, 6294810
8.59, 6294810
8.6, 6294810
8.61, 6294810
8.62, 6294810
8.63, 6294810
8.64, 6294810
8.65, 6294810
8.66, 6294810
8.67, 6294810
8.68, 6294810
8.69, 6294810
8.7, 6294810
8.71, 6294810
8.72, 6294810
8.73, 6294810
8.74, 6294810
8.75, 6294810
8.76, 6294810
8.77, 6294810
8.78, 6294810
8.79, 6294810
8.8, 6294810
8.81, 6294810
8.82, 6294810
8.83, 6294810
8.84, 6294810
8.85, 6294810
8.86, 6294810
8.87, 6294810
8.88, 6294810
8.89, 6294810
8.9, 6294810
8.91, 6294810
8.92, 6294810
8.93, 6294810
8.94, 6294810
8.95, 6294810
8.96, 6294810
8.97, 6294810
8.98, 6294810
8.99, 6294810
9.0, 6294810
9.01, 6294810
9.02, 6294810
9.03, 6294810
9.04, 6294810
9.05, 6294810
9.06, 6294810
9.07, 6294810
9.08, 6294810
9.09, 6294810
9.1, 6294810
9.11, 6294810
9.12, 6294810
9.13, 6294810
9.14, 6294810
9.15, 6294810
9.16, 6294810
9.17, 6294810
9.18, 6294810
9.19, 6294810
9.2, 6294810
9.21, 6294810
9.22, 6294810
9.23, 6294810
9.24, 6294810
9.25, 6294810
9.26, 6294810
9.27, 6294810
9.28, 6294810
9.29, 6294810
9.3, 6294810
9.31, 6294810
9.32, 6294810
9.33, 6294810
9.34, 6294810
9.35, 6294810
9.36, 6294810
9.37, 6294810
9.38, 6294810
9.39, 6294810
9.4, 6294810
9.41, 6294810
9.42, 6294810
9.43, 6294810
9.44, 6294810
9.45, 6294810
9.46, 6294810
9.47, 6294810
9.48, 6294810
9.49, 6294810
9.5, 6294810
9.51, 6294810
9.52, 6294810
9.53, 6294810
9.54, 6294810
9.55, 6294810
9.56, 6294810
9.57, 6294810
9.58, 6294810
9.59, 6294810
9.6, 6294810
9.61, 6294810
9.62, 6294810
9.63, 6294810
9.64, 6294810
9.65, 6294810
9.66, 6294810
9.67, 6294810
9.68, 6294810
9.69, 6294810
9.7, 6294810
9.71, 6294810
9.72, 6294810
9.73, 6294810
9.74, 6294810
9.75, 6294810
9.76, 6294810
9.77, 6294810
9.78, 6294810
9.79, 6294810
9.8, 6294810
9.81, 6294810
9.82, 6294810
9.83, 6294810
9.84, 6294810
9.85, 6294810
9.86, 6294810
9.87, 6294810
9.88, 6294810
9.89, 6294810
9.9, 6294810
9.91, 6294810
9.92, 6294810
9.93, 6294810
9.94, 6294810
9.95, 6294810
9.96, 6294810
9.97, 6294810
9.98, 6294810
9.99, 6294810
10.0, 6294810
10.01, 6294810
10.02, 6294810
10.03, 6294810
10.04, 6294810
10.05, 6294810
10.06, 6294810
10.07, 6294810
10.08, 6294810
10.09, 6294810
10.1, 6294810
10.11, 6294810
10.12, 6294810
10.13, 6294810
10.14, 6294810
10.15, 6294810
10.16, 6294810
10.17, 6294810
10.18, 6294810
10.19, 6294810
10.2, 6294810
10.21, 6294810
10.22, 6294810
10.23, 6294810
10.24, 6294810
10.25, 6294810
10.26, 6294810
10.27, 6294810
10.28, 6294810
10.29, 6294810
10.3, 6294810
10.31, 6294810
10.32, 6294810
10.33, 6294810
10.34, 6294810
10.35, 6294810
10.36, 6294810
10.37, 6294810
10.38, 6294810
10.39, 6294810
10.4, 6294810
10.41, 6294810
10.42, 6294810
10.43, 6294810
10.44, 6294810
10.45, 6294810
10.46, 6294810
10.47, 6294810
10.48, 6294810
10.49, 6294810
10.5, 6294810
10.51, 6294810
10.52, 6294810
10.53, 6294810
10.54, 6294810
10.55, 6294810
10.56, 6294810
10.57, 6294810
10.58, 6294810
10.59, 6294810
10.6, 6294810
10.61, 6294810
10.62, 6294810
10.63, 6294810
10.64, 6294810
10.65, 6294810
10.66, 6294810
10.67, 6294810
10.68, 6294810
10.69, 6294810
10.7, 6294810
10.71, 6294810
10.72, 6294810
10.73, 6294810
10.74, 6294810
10.75, 6294810
10.76, 6294810
10.77, 6294810
10.78, 6294810
10.79, 6294810
10.8, 6294810
10.81, 6294810
10.82, 6294810
10.83, 6294810
10.84, 6294810
10.85, 6294810
10.86, 6294810
10.87, 6294810
10.88, 6283033
10.89, 6283033
10.9, 6283033
10.91, 6283033
10.92, 6283033
10.93, 6283033
10.94, 6283033
10.95, 6283033
10.96, 6283033
10.97, 6283033
10.98, 6283033
10.99, 6283033
11.0, 6283033
11.01, 6283033
11.02, 6283033
11.03, 6283033
11.04, 6283033
11.05, 6283033
11.06, 6283033
11.07, 6283033
11.08, 6283033
11.09, 6283033
11.1, 6283033
11.11, 6283033
11.12, 6283033
11.13, 6283033
11.14, 6283033
11.15, 6283033
11.16, 6283033
11.17, 6283033
11.18, 6283033
11.19, 6283033
11.2, 6283033
11.21, 6283033
11.22, 6283033
11.23, 6283033
11.24, 6283033
11.25, 6283033
11.26, 6283033
11.27, 6283033
11.28, 6283033
11.29, 6283033
11.3, 6283033
11.31, 6283033
11.32, 6283033
11.33, 6283033
11.34, 6283033
11.35, 6283033
11.36, 6283033
11.37, 6283033
11.38, 6283033
11.39, 6283033
11.4, 6283033
11.41, 6283033
11.42, 6283033
11.43, 6283033
11.44, 6283033
11.45, 6283033
11.46, 6283033
11.47, 6283033
11.48, 6283033
11.49, 6283033
11.5, 6283033
11.51, 6283033
11.52, 6283033
11.53, 6283033
11.54, 6283033
11.55, 6283033
11.56, 6283033
11.57, 6283033
11.58, 6283033
11.59, 6283033
11.6, 6283033
11.61, 6283033
11.62, 6283033
11.63, 6283033
11.64, 6283033
11.65, 6283033
11.66, 6283033
11.67, 6283033
11.68, 6283033
11.69, 6283033
11.7, 6283033
11.71, 6283033
11.72, 6283033
11.73, 6283033
11.74, 6283033
11.75, 6283033
11.76, 6283033
11.77, 6283033
11.78, 6283033
11.79, 6283033
11.8, 6283033
11.82, 6283033
11.83, 6283033
11.84, 6283033
11.85, 6283033
11.86, 6283033
11.87, 6283033
11.88, 6283033
11.89, 6283033
11.9, 6283033
11.91, 6283033
11.92, 6283033
11.93, 6283033
11.94, 6283033
11.95, 6283033
11.96, 6283033
11.97, 6283033
11.98, 6283033
11.99, 6283033
12.0, 6283033
12.01, 6283033
12.02, 6283033
12.03, 6283033
12.04, 6283033
12.05, 6283033
12.06, 6283033
12.07, 6283033
12.08, 6283033
12.09, 6283033
12.1, 6283033
12.11, 6283033
12.12, 6283033
12.13, 6283033
12.14, 6283033
12.15, 6283033
12.16, 6283033
12.17, 6283033
12.18, 6283033
12.19, 6283033
12.2, 6283033
12.21, 6283033
12.22, 6283033
12.23, 6283033
12.24, 6283033
12.25, 6283033
12.26, 6283033
12.27, 6283033
12.28, 6283033
12.29, 6283033
12.3, 6283033
12.31, 6283033
12.32, 6283033
12.33, 6283033
12.34, 6283033
12.35, 6283033
12.36, 6283033
12.37, 6283033
12.38, 6283033
12.39, 6283033
12.4, 6283033
12.41, 6283033
12.42, 6283033
12.43, 6283033
12.44, 6283033
12.45, 6283033
12.46, 6283033
12.47, 6283033
12.48, 6283033
12.49, 6283033
12.5, 6283033
12.51, 6283033
12.52, 6283033
12.53, 6283033
12.54, 6283033
12.55, 6283033
12.56, 6283033
12.57, 6283033
12.58, 6283033
12.59, 6283033
12.6, 6283033
12.61, 6283033
12.62, 6283033
12.63, 6283033
12.64, 6283033
12.65, 6283033
12.66, 6283033
12.67, 6283033
12.68, 6283033
12.69, 6283033
12.7, 6283033
12.71, 6283033
12.72, 6283033
12.73, 6283033
12.74, 6283033
12.75, 6283033
12.76, 6283033
12.77, 6283033
12.78, 6283033
12.79, 6283033
12.8, 6283033
12.81, 6283033
12.82, 6283033
12.83, 6283033
12.84, 6283033
12.85, 6283033
12.86, 6283033
12.87, 6283033
12.88, 6283033
12.89, 6283033
12.9, 6283033
12.91, 6283033
12.92, 6283033
12.93, 6283033
12.94, 6283033
12.95, 6283033
12.96, 6283033
12.97, 6283033
12.98, 6283033
12.99, 6283033
13.0, 6283033
13.01, 6283033
13.02, 6283033
13.03, 6283033
13.04, 6283033
13.05, 6283033
13.06, 6283033
13.07, 6283033
13.08, 6283033
13.09, 6283033
13.1, 6283033
13.11, 6283033
13.12, 6283033
13.13, 6219362
13.14, 6219362
13.15, 6219362
13.16, 6219362
13.17, 6219362
13.18, 6219362
13.19, 6219362
13.2, 6219362
13.21, 6219362
13.22, 6219362
13.23, 6219362
13.24, 6219362
13.25, 6219362
13.26, 6219362
13.27, 6219362
13.28, 6219362
13.29, 6219362
13.3, 6219362
13.31, 6219362
13.32, 6219362
13.33, 6219362
13.34, 6219362
13.35, 6219362
13.36, 6219362
13.37, 6219362
13.38, 6219362
13.39, 6219362
13.4, 6219362
13.41, 6219362
13.42, 6219362
13.43, 6219362
13.44, 6219362
13.45, 6219362
13.46, 6219362
13.47, 6219362
13.48, 6219362
13.49, 6219362
13.5, 6219362
13.51, 6219362
13.52, 6219362
13.53, 6219362
13.54, 6219362
13.55, 6219362
13.56, 6219362
13.57, 6219362
13.58, 6219362
13.59, 6219362
13.6, 6219362
13.61, 6219362
13.62, 6219362
13.63, 6219362
13.64, 6219362
13.65, 6219362
13.66, 6219362
13.67, 6219362
13.68, 6219362
13.69, 6219362
13.7, 6219362
13.71, 6219362
13.72, 6219362
13.73, 6219362
13.74, 6219362
13.75, 6219362
13.76, 6219362
13.77, 6219362
13.78, 6219362
13.79, 6219362
13.8, 6219362
13.81, 6219362
13.82, 6219362
13.83, 6219362
13.84, 6219362
13.85, 6219362
13.86, 6219362
13.87, 6219362
13.88, 6219362
13.89, 6219362
13.9, 6219362
13.91, 6219362
13.92, 6219362
13.93, 6219362
13.94, 6219362
13.95, 6219362
13.96, 6219362
13.97, 6219362
13.98, 6219362
13.99, 6219362
14.0, 6219362
14.01, 6219362
14.02, 6219362
14.03, 6219362
14.04, 6219362
14.05, 6219362
14.06, 6219362
14.07, 6219362
14.08, 6219362
14.09, 6219362
14.1, 6219362
14.11, 6219362
14.12, 6219362
14.13, 6219362
14.14, 6219362
14.15, 6219362
14.16, 6219362
14.17, 6219362
14.18, 6219362
14.19, 6219362
14.2, 6219362
14.21, 6219362
14.22, 6219362
14.23, 6219362
14.24, 6219362
14.25, 6219362
14.26, 6219362
14.27, 6219362
14.28, 6219362
14.29, 6219362
14.3, 6219362
14.31, 6219362
14.32, 6219362
14.33, 6219362
14.34, 6219362
14.35, 6219362
14.36, 6219362
14.37, 6219362
14.38, 6219362
14.39, 6219362
14.4, 6219362
14.41, 6219362
14.42, 6219362
14.43, 6219362
14.44, 6219362
14.45, 6219362
14.46, 6219362
14.47, 6219362
14.48, 6219362
14.49, 6219362
14.5, 6219362
14.51, 6219362
14.52, 6219362
14.53, 6219362
14.54, 6219362
14.55, 6219362
14.56, 6219362
14.57, 6219362
14.58, 6219362
14.59, 6219362
14.6, 6219362
14.61, 6219362
14.62, 6219362
14.63, 6219362
14.64, 6219362
14.65, 6219362
14.66, 6219362
14.67, 6219362
14.68, 6219362
14.69, 6219362
14.7, 6219362
14.71, 6219362
14.72, 6219362
14.73, 6219362
14.74, 6219362
14.75, 6219362
14.76, 6219362
14.77, 6219362
14.78, 6219362
14.79, 6219362
14.8, 6219362
14.81, 6219362
14.82, 6219362
14.83, 6219362
14.84, 6219362
14.85, 6219362
14.86, 6219362
14.87, 6219362
14.88, 6219362
14.89, 6219362
14.9, 6219362
14.91, 6219362
14.92, 6219362
14.93, 6219362
14.94, 6219362
14.95, 6219362
14.96, 6219362
14.97, 6219362
14.98, 6219362
14.99, 6219362
15.0, 6219362
15.01, 6219362
15.02, 6219362
15.03, 6219362
15.04, 6219362
15.05, 6219362
15.06, 6219362
15.07, 6219362
15.08, 6219362
15.09, 6219362
15.1, 6219362
15.11, 6219362
15.12, 6219362
15.13, 6219362
15.14, 6219362
15.15, 6219362
15.16, 6219362
15.17, 6219362
15.18, 6219362
15.19, 6219362
15.2, 6219362
15.21, 6219362
15.22, 6219362
15.23, 6219362
15.24, 6219362
15.25, 6219362
15.26, 6219362
15.27, 6219362
15.28, 6219362
15.29, 6219362
15.3, 6219362
15.31, 6219362
15.32, 6219362
15.33, 6219362
15.34, 6219362
15.35, 6219362
15.36, 6219362
15.37, 6219362
15.38, 6219362
15.39, 6219362
15.4, 6219362
15.41, 6219362
15.42, 6219362
15.43, 6219362
15.44, 6219362
15.45, 6219362
15.46, 6219362
15.47, 6219362
15.48, 6219362
15.49, 6219362
15.5, 6219362
15.51, 6219362
15.52, 6219362
15.53, 6219362
15.54, 6219362
15.55, 6219362
15.56, 6219362
15.57, 6219362
15.58, 6219362
15.59, 6219362
15.6, 6219362
15.61, 6219362
15.62, 6219362
15.63, 6219362
15.64, 6219362
15.65, 6219362
15.66, 6219362
15.67, 6219362
15.68, 6219362
15.69, 6219362
15.7, 6219362
15.71, 6219362
15.72, 6219362
15.73, 6219362
15.74, 6219362
15.75, 6219362
15.76, 6219362
15.77, 6219362
15.78, 6219362
15.79, 6219362
15.8, 6219362
15.81, 6219362
15.82, 6219362
15.83, 6219362
15.84, 6219362
15.85, 6219362
15.86, 6219362
15.87, 6219362
15.88, 6219362
15.89, 6219362
15.9, 6219362
15.91, 6219362
15.92, 6219362
15.93, 6219362
15.94, 6219362
15.95, 6219362
15.96, 6219362
15.97, 6219362
15.98, 6219362
15.99, 6219362
16.0, 6219362
16.01, 6219362
16.02, 6219362
16.03, 6219362
16.04, 6219362
16.05, 6219362
16.06, 6219362
16.07, 6219362
16.08, 6219362
16.09, 6219362
16.1, 6219362
16.11, 6219362
16.12, 6219362
16.13, 6219362
16.14, 6219362
16.15, 6219362
16.16, 6219362
16.17, 6219362
16.18, 6219362
16.19, 6219362
16.2, 6219362
16.21, 6219362
16.22, 6219362
16.23, 6219362
16.24, 6219362
16.25, 6219362
16.26, 6219362
16.27, 6219362
16.28, 6219362
16.29, 6219362
16.3, 6219362
16.31, 6219362
16.32, 6219362
16.33, 6219362
16.34, 6219362
16.35, 6219362
16.36, 6219362
16.37, 6219362
16.38, 6219362
16.39, 6219362
16.4, 6219362
16.41, 6219362
16.42, 6219362
16.43, 6219362
16.44, 6219362
16.45, 6219362
16.46, 6219362
16.47, 6219362
16.48, 6219362
16.49, 6219362
16.5, 6219362
16.51, 6219362
16.52, 6219362
16.53, 6219362
16.54, 6219362
16.55, 6219362
16.56, 6219362
16.57, 6219362
16.58, 6219362
16.59, 6219362
16.6, 6219362
16.61, 6219362
16.62, 6219362
16.63, 6219362
16.64, 6219362
16.65, 6219362
16.66, 6219362
16.67, 6219362
16.68, 6219362
16.69, 6219362
16.7, 6219362
16.71, 6219362
16.72, 6219362
16.73, 6219362
16.74, 6219362
16.75, 6219362
16.76, 6219362
16.77, 6219362
16.78, 6219362
16.79, 6219362
16.8, 6219362
16.81, 6219362
16.82, 6219362
16.83, 6219362
16.84, 6219362
16.85, 6219362
16.86, 6219362
16.87, 6219362
16.88, 6219362
16.89, 6219362
16.9, 6219362
16.91, 6219362
16.92, 6219362
16.93, 6219362
16.94, 6219362
16.95, 6219362
16.96, 6219362
16.97, 6219362
16.98, 6219362
16.99, 6219362
17.0, 6219362
17.01, 6219362
17.02, 6219362
17.03, 6219362
17.04, 6219362
17.05, 6219362
17.06, 6219362
17.07, 6219362
17.08, 6219362
17.09, 6219362
17.1, 6219362
17.11, 6219362
17.12, 6219362
17.13, 6219362
17.14, 6219362
17.15, 6219362
17.16, 6219362
17.17, 6219362
17.18, 6219362
17.19, 6219362
17.2, 6219362
17.21, 6219362
17.22, 6219362
17.23, 6219362
17.24, 6219362
17.25, 6219362
17.26, 6219362
17.27, 6219362
17.28, 6219362
17.29, 6219362
17.3, 6219362
17.31, 6219362
17.32, 6219362
17.33, 6219362
17.34, 6219362
17.35, 6219362
17.36, 6219362
17.37, 6219362
17.38, 6219362
17.39, 6219362
17.4, 6219362
17.41, 6219362
17.42, 6219362
17.43, 6219362
17.44, 6219362
17.45, 6219362
17.46, 6219362
17.47, 6219362
17.48, 6219362
17.49, 6219362
17.5, 6219362
17.51, 6219362
17.52, 6219362
17.53, 6219362
17.54, 6219362
17.55, 6219362
17.56, 6219362
17.57, 6219362
17.58, 6219362
17.59, 6219362
17.6, 6219362
17.61, 6219362
17.62, 6219362
17.63, 6219362
17.64, 6219362
17.65, 6219362
17.66, 6219362
17.67, 6219362
17.68, 6219362
17.69, 6219362
17.7, 6219362
17.71, 6219362
17.72, 6219362
17.73, 6219362
17.74, 6219362
17.75, 6219362
17.76, 6219362
17.77, 6219362
17.78, 6219362
17.79, 6219362
17.8, 6219362
17.81, 6219362
17.82, 6219362
17.83, 6219362
17.84, 6219362
17.85, 6219362
17.86, 6219362
17.87, 6219362
17.88, 6219362
17.89, 6219362
17.9, 6219362
17.91, 6219362
17.92, 6219362
17.93, 6219362
17.94, 6219362
17.95, 6219362
17.96, 6219362
17.97, 6219362
17.98, 6219362
17.99, 6219362
18.0, 6219362
18.01, 6219362
18.02, 6219362
18.03, 6219362
18.04, 6219362
18.05, 6219362
18.06, 6219362
18.07, 6219362
18.08, 6219362
18.09, 6219362
18.1, 6219362
18.11, 6219362
18.12, 6219362
18.13, 6219362
18.14, 6219362
18.15, 6219362
18.16, 6219362
18.17, 6219362
18.18, 6219362
18.19, 6219362
18.2, 6219362
18.21, 6219362
18.22, 6219362
18.23, 6219362
18.24, 6219362
18.25, 6219362
18.26, 6219362
18.27, 6219362
18.28, 6219362
18.29, 6219362
18.3, 6219362
18.31, 6219362
18.32, 6219362
18.33, 6219362
18.34, 6219362
18.35, 6219362
18.36, 6219362
18.37, 6219362
18.38, 6219362
18.39, 6219362
18.4, 6219362
18.41, 6219362
18.42, 6219362
18.43, 6219362
18.44, 6219362
18.45, 6219362
18.46, 6219362
18.47, 6219362
18.48, 6219362
18.49, 6219362
18.5, 6219362
18.51, 6219362
18.52, 6219362
18.53, 6219362
18.54, 6219362
18.55, 6219362
18.56, 6219362
18.57, 6219362
18.58, 6219362
18.59, 6219362
18.6, 6219362
18.61, 6219362
18.62, 6219362
18.63, 6219362
18.64, 6219362
18.65, 6219362
18.66, 6219362
18.67, 6219362
18.68, 6219362
18.69, 6219362
18.7, 6219362
18.71, 6219362
18.72, 6219362
18.73, 6219362
18.74, 6219362
18.75, 6219362
18.76, 6219362
18.77, 6219362
18.78, 6219362
18.79, 6219362
18.8, 6219362
18.81, 6219362
18.82, 6219362
18.83, 6219362
18.84, 6219362
18.85, 6219362
18.86, 6219362
18.87, 6219362
18.88, 6219362
18.89, 6219362
18.9, 6219362
18.91, 6219362
18.92, 6219362
18.93, 6219362
18.94, 6219362
18.95, 6219362
18.96, 6219362
18.97, 6219362
18.98, 6219362
18.99, 6219362
19.0, 6219362
19.01, 6219362
19.02, 6219362
19.03, 6219362
19.04, 6219362
19.05, 6219362
19.06, 6219362
19.07, 6219362
19.08, 6219362
19.09, 6219362
19.1, 6219362
19.11, 6219362
19.12, 6219362
19.13, 6219362
19.14, 6219362
19.15, 6219362
19.16, 6219362
19.17, 6219362
19.18, 6219362
19.19, 6219362
19.2, 6219362
19.21, 6219362
19.22, 6219362
19.23, 6219362
19.24, 6219362
19.25, 6219362
19.26, 6219362
19.27, 6219362
19.28, 6219362
19.29, 6219362
19.3, 6219362
19.31, 6219362
19.32, 6219362
19.33, 6219362
19.34, 6219362
19.35, 6219362
19.36, 6219362
19.37, 6219362
19.38, 6219362
19.39, 6219362
19.4, 6219362
19.41, 6219362
19.42, 6219362
19.43, 6219362
19.44, 6219362
19.45, 6219362
19.46, 6219362
19.47, 6219362
19.48, 6219362
19.49, 6219362
19.5, 6219362
19.51, 6219362
19.52, 6219362
19.53, 6219362
19.54, 6219362
19.55, 6219362
19.56, 6219362
19.57, 6219362
19.58, 6219362
19.59, 6219362
19.6, 6219362
19.61, 6219362
19.62, 6219362
19.63, 6219362
19.64, 6219362
19.65, 6219362
19.66, 6219362
19.67, 6219362
19.68, 6219362
19.69, 6219362
19.7, 6219362
19.71, 6219362
19.72, 6219362
19.73, 6219362
19.74, 6219362
19.75, 6219362
19.76, 6219362
19.77, 6219362
19.78, 6219362
19.79, 6219362
19.8, 6219362
19.81, 6219362
19.82, 6219362
19.83, 6219362
19.84, 6219362
19.85, 6219362
19.86, 6219362
19.87, 6219362
19.88, 6219362
19.89, 6219362
19.9, 6219362
19.91, 6219362
19.92, 6219362
19.93, 6219362
19.94, 6219362
19.95, 6219362
19.96, 6219362
19.97, 6219362
19.98, 6219362
19.99, 6219362
20.0, 6219362
20.01, 6219362
20.02, 6219362
20.03, 6219362
20.04, 6219362
20.05, 6219362
20.06, 6219362
20.07, 6219362
20.08, 6219362
20.09, 6219362
20.1, 6219362
20.11, 6219362
20.12, 6219362
20.13, 6219362
20.14, 6219362
20.15, 6219362
20.16, 6219362
20.17, 6219362
20.18, 6219362
20.19, 6219362
20.2, 6219362
20.21, 6219362
20.22, 6219362
20.23, 6219362
20.24, 6219362
20.25, 6219362
20.26, 6219362
20.27, 6219362
20.28, 6219362
20.29, 6219362
20.3, 6219362
20.31, 6219362
20.32, 6219362
20.33, 6219362
20.34, 6219362
20.35, 6219362
20.36, 6219362
20.37, 6219362
20.38, 6219362
20.39, 6219362
20.4, 6219362
20.41, 6219362
20.42, 6219362
20.43, 6219362
20.44, 6219362
20.45, 6219362
20.46, 6219362
20.47, 6219362
20.48, 6219362
20.49, 6219362
20.5, 6219362
20.51, 6219362
20.52, 6219362
20.53, 6219362
20.54, 6219362
20.55, 6219362
20.56, 6219362
20.57, 6219362
20.58, 6219362
20.59, 6219362
20.6, 6219362
20.61, 6219362
20.62, 6219362
20.63, 6219362
20.64, 6219362
20.65, 6219362
20.66, 6219362
20.67, 6219362
20.68, 6219362
20.69, 6219362
20.7, 6219362
20.71, 6219362
20.72, 6219362
20.73, 6219362
20.74, 6219362
20.75, 6219362
20.76, 6219362
20.77, 6219362
20.78, 6219362
20.79, 6219362
20.8, 6219362
20.81, 6219362
20.82, 6219362
20.83, 6219362
20.84, 6219362
20.85, 6219362
20.86, 6219362
20.87, 6219362
20.88, 6219362
20.89, 6219362
20.9, 6219362
20.91, 6219362
20.92, 6219362
20.93, 6219362
20.94, 6219362
20.95, 6219362
20.96, 6219362
20.97, 6219362
20.98, 6219362
20.99, 6219362
21.0, 6219362
21.01, 6219362
21.02, 6219362
21.03, 6219362
21.04, 6219362
21.05, 6219362
21.06, 6219362
21.07, 6219362
21.08, 6219362
21.09, 6219362
21.1, 6219362
21.11, 6219362
21.12, 6219362
21.13, 6219362
21.14, 6219362
21.15, 6219362
21.16, 6219362
21.17, 6219362
21.18, 6219362
21.19, 6219362
21.2, 6219362
21.21, 6219362
21.22, 6219362
21.23, 6219362
21.24, 6219362
21.25, 6219362
21.26, 6219362
21.27, 6219362
21.28, 6219362
21.29, 6219362
21.3, 6219362
21.31, 6219362
21.32, 6219362
21.33, 6219362
21.34, 6219362
21.35, 6219362
21.36, 6219362
21.37, 6219362
21.38, 6219362
21.39, 6219362
21.4, 6219362
21.41, 6219362
21.42, 6219362
21.43, 6219362
21.44, 6219362
21.45, 6219362
21.46, 6219362
21.47, 6219362
21.48, 6219362
21.49, 6219362
21.5, 6219362
21.51, 6219362
21.52, 6219362
21.53, 6219362
21.54, 6219362
21.55, 6219362
21.56, 6219362
21.57, 6219362
21.58, 6219362
21.59, 6219362
21.6, 6219362
21.61, 6219362
21.62, 6219362
21.63, 6219362
21.64, 6219362
21.65, 6219362
21.66, 6219362
21.67, 6219362
21.68, 6219362
21.69, 6219362
21.7, 6219362
21.71, 6219362
21.72, 6219362
21.73, 6219362
21.74, 6219362
21.75, 6219362
21.76, 6219362
21.77, 6219362
21.78, 6219362
21.79, 6219362
21.8, 6219362
21.81, 6219362
21.82, 6219362
21.83, 6219362
21.84, 6219362
21.85, 6219362
21.86, 6219362
21.87, 6219362
21.88, 6219362
21.89, 6219362
21.9, 6219362
21.91, 6219362
21.92, 6219362
21.93, 6219362
21.94, 6219362
21.95, 6219362
21.96, 6219362
21.97, 6219362
21.98, 6219362
21.99, 6219362
22.0, 6219362
22.01, 6219362
22.02, 6219362
22.03, 6219362
22.04, 6219362
22.05, 6219362
22.06, 6219362
22.07, 6219362
22.08, 6219362
22.09, 6219362
22.1, 6219362
22.11, 6219362
22.12, 6219362
22.13, 6219362
22.14, 6219362
22.15, 6219362
22.16, 6219362
22.17, 6219362
22.18, 6219362
22.19, 6219362
22.2, 6219362
22.21, 6219362
22.22, 6219362
22.23, 6219362
22.24, 6219362
22.25, 6219362
22.26, 6219362
22.27, 6219362
22.28, 6219362
22.29, 6219362
22.3, 6219362
22.31, 6219362
22.32, 6219362
22.33, 6219362
22.34, 6219362
22.35, 6219362
22.36, 6219362
22.37, 6219362
22.38, 6219362
22.39, 6219362
22.4, 6219362
22.41, 6219362
22.42, 6219362
22.43, 6219362
22.44, 6219362
22.45, 6219362
22.46, 6219362
22.47, 6219362
22.48, 6219362
22.49, 6219362
22.5, 6219362
22.51, 6219362
22.52, 6219362
22.53, 6219362
22.54, 6219362
22.55, 6219362
22.56, 6219362
22.57, 6219362
22.58, 6219362
22.59, 6219362
22.6, 6219362
22.61, 6219362
22.62, 6219362
22.63, 6219362
22.64, 6219362
22.65, 6219362
22.66, 6219362
22.67, 6219362
22.68, 6219362
22.69, 6219362
22.7, 6219362
22.71, 6219362
22.72, 6219362
22.73, 6219362
22.74, 6219362
22.75, 6219362
22.76, 6219362
22.77, 6219362
22.78, 6219362
22.79, 6219362
22.8, 6219362
22.81, 6219362
22.82, 6219362
22.83, 6219362
22.84, 6219362
22.85, 6219362
22.86, 6219362
22.87, 6219362
22.88, 6219362
22.89, 6219362
22.9, 6219362
22.91, 6219362
22.92, 6219362
22.93, 6219362
22.94, 6219362
22.95, 6219362
22.96, 6219362
22.97, 6219362
22.98, 6219362
22.99, 6219362
23.0, 6219362
23.01, 6219362
23.02, 6219362
23.03, 6219362
23.04, 6219362
23.05, 6219362
23.06, 6219362
23.07, 6219362
23.08, 6219362
23.09, 6219362
23.1, 6219362
23.11, 6219362
23.12, 6219362
23.13, 6219362
23.14, 6219362
23.15, 6219362
23.16, 6219362
23.17, 6219362
23.18, 6219362
23.19, 6219362
23.2, 6219362
23.21, 6219362
23.22, 6219362
23.23, 6219362
23.24, 6219362
23.25, 6219362
23.26, 6219362
23.27, 6219362
23.28, 6219362
23.29, 6219362
23.3, 6219362
23.31, 6219362
23.32, 6219362
23.33, 6219362
23.34, 6219362
23.35, 6219362
23.36, 6219362
23.37, 6219362
23.38, 6219362
23.39, 6219362
23.4, 6219362
23.41, 6219362
23.42, 6219362
23.43, 6219362
23.44, 6219362
23.45, 6219362
23.46, 6219362
23.47, 6219362
23.48, 6219362
23.49, 6219362
23.5, 6219362
23.51, 6219362
23.52, 6219362
23.53, 6219362
23.54, 6219362
23.55, 6219362
23.56, 6219362
23.57, 6219362
23.58, 6219362
23.59, 6219362
23.6, 6219362
23.61, 6219362
23.62, 6219362
23.63, 6219362
23.64, 6219362
23.65, 6219362
23.66, 6219362
23.67, 6219362
23.68, 6219362
23.69, 6219362
23.7, 6219362
23.71, 6219362
23.72, 6219362
23.73, 6219362
23.74, 6219362
23.75, 6219362
23.76, 6219362
23.77, 6219362
23.78, 6219362
23.79, 6219362
23.8, 6219362
23.81, 6219362
23.82, 6219362
23.83, 6219362
23.84, 6219362
23.85, 6219362
23.86, 6219362
23.87, 6219362
23.88, 6219362
23.89, 6219362
23.9, 6219362
23.91, 6219362
23.92, 6219362
23.93, 6219362
23.94, 6219362
23.95, 6219362
23.96, 6219362
23.97, 6219362
23.98, 6219362
23.99, 6219362
24.0, 6219362
24.01, 6219362
24.02, 6219362
24.03, 6219362
24.04, 6219362
24.05, 6219362
24.06, 6219362
24.07, 6219362
24.08, 6219362
24.09, 6219362
24.1, 6219362
24.11, 6219362
24.12, 6219362
24.13, 6219362
24.14, 6219362
24.15, 6219362
24.16, 6219362
24.19, 6219362
24.2, 6219362
24.21, 6219362
24.22, 6219362
24.23, 6219362
24.24, 6219362
24.25, 6219362
24.26, 6219362
24.27, 6219362
24.28, 6219362
24.29, 6219362
24.3, 6219362
24.31, 6219362
24.32, 6219362
24.33, 6219362
24.34, 6219362
24.35, 6219362
24.36, 6219362
24.37, 6219362
24.38, 6219362
24.39, 6219362
24.4, 6219362
24.41, 6219362
24.42, 6219362
24.43, 6219362
24.44, 6219362
24.45, 6219362
24.46, 6219362
24.47, 6219362
24.48, 6219362
24.49, 6219362
24.5, 6219362
24.51, 6219362
24.52, 6219362
24.53, 6219362
24.54, 6219362
24.55, 6219362
24.56, 6219362
24.57, 6219362
24.58, 6219362
24.59, 6219362
24.6, 6219362
24.61, 6219362
24.62, 6219362
24.63, 6219362
24.64, 6219362
24.65, 6219362
24.66, 6219362
24.67, 6219362
24.68, 6219362
24.69, 6219362
24.7, 6219362
24.71, 6219362
24.72, 6219362
24.73, 6219362
24.74, 6219362
24.75, 6219362
24.76, 6219362
24.77, 6219362
24.78, 6219362
24.79, 6219362
24.8, 6219362
24.81, 6219362
24.82, 6219362
24.83, 6219362
24.84, 6219362
24.85, 6219362
24.86, 6219362
24.87, 6219362
24.88, 6219362
24.89, 6219362
24.9, 6219362
24.91, 6219362
24.92, 6219362
24.93, 6219362
24.94, 6219362
24.95, 6219362
24.96, 6219362
24.97, 6219362
24.98, 6219362
24.99, 6219362
25.0, 6219362
25.01, 6219362
25.02, 6219362
25.03, 6219362
25.04, 6219362
25.05, 6219362
25.06, 6219362
25.07, 6219362
25.08, 6219362
25.09, 6219362
25.1, 6219362
25.11, 6219362
25.12, 6219362
25.13, 6219362
25.14, 6219362
25.15, 6219362
25.16, 6219362
25.17, 6219362
25.18, 6219362
25.19, 6219362
25.2, 6219362
25.21, 6219362
25.22, 6219362
25.23, 6219362
25.24, 6219362
25.25, 6219362
25.26, 6219362
25.27, 6219362
25.28, 6219362
25.29, 6219362
25.3, 6219362
25.31, 6219362
25.32, 6219362
25.33, 6219362
25.34, 6219362
25.35, 6219362
25.36, 6219362
25.37, 6219362
25.38, 6219362
25.39, 6219362
25.4, 6219362
25.41, 6219362
25.42, 6219362
25.43, 6219362
25.44, 6219362
25.45, 6219362
25.46, 6219362
25.47, 6219362
25.48, 6219362
25.49, 6219362
25.5, 6219362
25.51, 6219362
25.52, 6219362
25.53, 6219362
25.54, 6219362
25.55, 6219362
25.56, 6219362
25.57, 6219362
25.58, 6219362
25.59, 6219362
25.6, 6219362
25.61, 6219362
25.62, 6219362
25.63, 6219362
25.64, 6219362
25.65, 6219362
25.66, 6219362
25.67, 6219362
25.68, 6219362
25.69, 6219362
25.7, 6219362
25.71, 6219362
25.72, 6219362
25.73, 6219362
25.74, 6219362
25.75, 6219362
25.76, 6219362
25.77, 6219362
25.78, 6219362
25.79, 6219362
25.8, 6219362
25.81, 6219362
25.82, 6219362
25.83, 6219362
25.84, 6219362
25.85, 6219362
25.86, 6219362
25.87, 6219362
25.88, 6219362
25.89, 6219362
25.9, 6219362
25.91, 6219362
25.92, 6219362
25.93, 6219362
25.94, 6219362
25.95, 6219362
25.96, 6219362
25.97, 6219362
25.98, 6219362
25.99, 6219362
26.0, 6219362
26.01, 6219362
26.02, 6219362
26.03, 6219362
26.04, 6219362
26.05, 6219362
26.06, 6219362
26.07, 6219362
26.08, 6219362
26.09, 6219362
26.1, 6219362
26.11, 6219362
26.12, 6219362
26.13, 6219362
26.14, 6219362
26.15, 6219362
26.16, 6219362
26.17, 6219362
26.18, 6219362
26.19, 6219362
26.2, 6219362
26.21, 6219362
26.22, 6219362
26.23, 6219362
26.24, 6219362
26.25, 6219362
26.26, 6219362
26.27, 6219362
26.28, 6219362
26.29, 6219362
26.3, 6219362
26.31, 6219362
26.32, 6219362
26.33, 6219362
26.34, 6219362
26.35, 6219362
26.36, 6219362
26.37, 6219362
26.38, 6219362
26.39, 6219362
26.4, 6219362
26.41, 6219362
26.42, 6219362
26.43, 6219362
26.44, 6219362
26.45, 6219362
26.46, 6219362
26.47, 6219362
26.48, 6219362
26.49, 6219362
26.5, 6219362
26.51, 6219362
26.52, 6219362
26.53, 6219362
26.54, 6219362
26.55, 6219362
26.56, 6219362
26.57, 6219362
26.58, 6219362
26.59, 6219362
26.6, 6219362
26.61, 6219362
26.62, 6219362
26.63, 6219362
26.64, 6219362
26.65, 6219362
26.66, 6219362
26.67, 6219362
26.68, 6219362
26.69, 6219362
26.7, 6219362
26.71, 6219362
26.72, 6219362
26.73, 6219362
26.74, 6219362
26.75, 6219362
26.76, 6219362
26.77, 6219362
26.78, 6219362
26.79, 6219362
26.8, 6219362
26.81, 6219362
26.82, 6219362
26.83, 6219362
26.84, 6219362
26.85, 6219362
26.86, 6219362
26.87, 6219362
26.88, 6219362
26.89, 6219362
26.9, 6219362
26.91, 6219362
26.92, 6219362
26.93, 6219362
26.94, 6219362
26.95, 6219362
26.96, 6219362
26.97, 6219362
26.98, 6219362
26.99, 6219362
27.0, 6219362
27.01, 6219362
27.02, 6219362
27.03, 6219362
27.04, 6219362
27.05, 6219362
27.06, 6219362
27.07, 6219362
27.08, 6219362
27.09, 6219362
27.1, 6219362
27.11, 6219362
27.12, 6219362
27.13, 6219362
27.14, 6219362
27.15, 6219362
27.16, 6219362
27.17, 6219362
27.18, 6219362
27.19, 6219362
27.2, 6219362
27.21, 6219362
27.22, 6219362
27.23, 6219362
27.24, 6219362
27.25, 6219362
27.26, 6219362
27.27, 6219362
27.28, 6219362
27.29, 6219362
27.3, 6219362
27.31, 6219362
27.32, 6219362
27.33, 6219362
27.35, 6219362
27.36, 6219362
27.37, 6219362
27.38, 6219362
27.39, 6219362
27.4, 6219362
27.41, 6219362
27.42, 6219362
27.43, 6219362
27.44, 6219362
27.45, 6219362
27.46, 6219362
27.47, 6219362
27.48, 6219362
27.49, 6219362
27.5, 6219362
27.51, 6219362
27.52, 6219362
27.53, 6219362
27.54, 6219362
27.55, 6219362
27.56, 6219362
27.57, 6219362
27.58, 6219362
27.59, 6219362
27.6, 6219362
27.61, 6219362
27.62, 6219362
27.63, 6219362
27.64, 6219362
27.65, 6219362
27.66, 6219362
27.67, 6219362
27.68, 6219362
27.69, 6219362
27.7, 6219362
27.71, 6219362
27.72, 6219362
27.73, 6219362
27.74, 6219362
27.75, 6219362
27.76, 6219362
27.77, 6219362
27.78, 6219362
27.79, 6219362
27.8, 6219362
27.81, 6219362
27.82, 6219362
27.83, 6219362
27.84, 6219362
27.85, 6219362
27.86, 6219362
27.87, 6219362
27.88, 6219362
27.89, 6219362
27.9, 6219362
27.91, 6219362
27.92, 6219362
27.93, 6219362
27.94, 6219362
27.95, 6219362
27.96, 6219362
27.97, 6219362
27.98, 6219362
27.99, 6219362
28.0, 6219362
28.01, 6219362
28.02, 6219362
28.03, 6219362
28.04, 6219362
28.05, 6219362
28.06, 6219362
28.07, 6219362
28.08, 6219362
28.09, 6219362
28.1, 6219362
28.11, 6219362
28.12, 6219362
28.13, 6219362
28.14, 6219362
28.15, 6219362
28.16, 6219362
28.17, 6219362
28.18, 6219362
28.19, 6219362
28.2, 6219362
28.21, 6219362
28.22, 6219362
28.23, 6219362
28.24, 6219362
28.25, 6219362
28.26, 6219362
28.27, 6219362
28.28, 6219362
28.29, 6219362
28.3, 6219362
28.31, 6219362
28.32, 6219362
28.33, 6219362
28.34, 6219362
28.35, 6219362
28.36, 6219362
28.37, 6219362
28.38, 6219362
28.39, 6219362
28.4, 6219362
28.41, 6219362
28.42, 6219362
28.43, 6219362
28.44, 6219362
28.45, 6219362
28.46, 6219362
28.47, 6219362
28.48, 6219362
28.49, 6219362
28.5, 6219362
28.51, 6219362
28.52, 6219362
28.53, 6219362
28.54, 6219362
28.55, 6219362
28.56, 6219362
28.57, 6219362
28.58, 6219362
28.59, 6219362
28.6, 6219362
28.61, 6219362
28.62, 6219362
28.63, 6219362
28.64, 6219362
28.65, 6219362
28.66, 6219362
28.67, 6219362
28.68, 6219362
28.69, 6219362
28.7, 6219362
28.71, 6219362
28.72, 6219362
28.73, 6219362
28.74, 6219362
28.75, 6219362
28.76, 6219362
28.77, 6219362
28.78, 6219362
28.79, 6219362
28.8, 6219362
28.81, 6219362
28.82, 6219362
28.83, 6219362
28.84, 6219362
28.85, 6219362
28.86, 6219362
28.87, 6219362
28.88, 6219362
28.89, 6219362
28.9, 6219362
28.91, 6219362
28.92, 6219362
28.93, 6219362
28.94, 6219362
28.95, 6219362
28.96, 6219362
28.97, 6219362
28.98, 6219362
28.99, 6219362
29.0, 6219362
29.01, 6219362
29.02, 6219362
29.03, 6219362
29.04, 6219362
29.05, 6219362
29.06, 6219362
29.07, 6219362
29.08, 6219362
29.09, 6219362
29.1, 6219362
29.11, 6219362
29.12, 6219362
29.13, 6219362
29.14, 6219362
29.15, 6219362
29.16, 6219362
29.17, 6219362
29.18, 6219362
29.19, 6219362
29.2, 6219362
29.21, 6219362
29.22, 6219362
29.23, 6219362
29.24, 6219362
29.25, 6219362
29.26, 6219362
29.27, 6219362
29.28, 6219362
29.29, 6219362
29.3, 6219362
29.31, 6219362
29.32, 6219362
29.33, 6219362
29.34, 6219362
29.35, 6219362
29.36, 6219362
29.37, 6219362
29.38, 6219362
29.39, 6219362
29.4, 6219362
29.41, 6219362
29.42, 6219362
29.43, 6219362
29.44, 6219362
29.45, 6219362
29.46, 6219362
29.47, 6219362
29.48, 6219362
29.49, 6219362
29.5, 6219362
29.51, 6219362
29.52, 6219362
29.53, 6219362
29.54, 6219362
29.55, 6219362
29.56, 6219362
29.57, 6219362
29.58, 6219362
29.59, 6219362
29.6, 6219362
29.61, 6219362
29.62, 6219362
29.63, 6219362
29.64, 6219362
29.65, 6219362
29.66, 6219362
29.67, 6219362
29.68, 6219362
29.69, 6219362
29.7, 6219362
29.71, 6219362
29.72, 6219362
29.73, 6219362
29.74, 6219362
29.75, 6219362
29.76, 6219362
29.77, 6219362
29.78, 6219362
29.79, 6219362
29.8, 6219362
29.81, 6219362
29.82, 6219362
29.83, 6219362
29.84, 6219362
29.85, 6219362
29.86, 6219362
29.87, 6219362
29.88, 6219362
29.89, 6219362
29.9, 6219362
29.91, 6219362
29.92, 6219362
29.93, 6219362
29.94, 6219362
29.95, 6219362
29.96, 6219362
29.97, 6219362
29.98, 6219362
29.99, 6219362
30.0, 6219362
30.01, 6219362
30.02, 6219362
30.03, 6219362
30.04, 6219362
30.05, 6219362
30.06, 6219362
30.07, 6219362
30.08, 6219362
30.09, 6219362
30.1, 6219362
30.11, 6219362
30.12, 6219362
30.13, 6219362
30.14, 6219362
30.15, 6219362
30.16, 6219362
30.17, 6219362
30.18, 6219362
30.19, 6219362
30.2, 6219362
30.21, 6219362
30.22, 6219362
30.23, 6219362
30.24, 6219362
30.25, 6219362
30.26, 6219362
30.27, 6219362
30.28, 6219362
30.29, 6219362
30.3, 6219362
30.31, 6219362
30.32, 6219362
30.33, 6219362
30.34, 6219362
30.35, 6219362
30.36, 6219362
30.37, 6219362
30.38, 6219362
30.39, 6219362
30.4, 6219362
30.41, 6219362
30.42, 6219362
30.43, 6219362
30.44, 6219362
30.45, 6219362
30.46, 6219362
30.47, 6219362
30.48, 6219362
30.49, 6219362
30.5, 6219362
30.51, 6219362
30.52, 6219362
30.53, 6219362
30.54, 6219362
30.55, 6219362
30.56, 6219362
30.57, 6219362
30.58, 6219362
30.59, 6219362
30.6, 6219362
30.61, 6219362
30.62, 6219362
30.63, 6219362
30.64, 6219362
30.65, 6219362
30.66, 6219362
30.67, 6219362
30.68, 6219362
30.69, 6219362
30.7, 6219362
30.71, 6219362
30.72, 6219362
30.73, 6219362
30.74, 6219362
30.75, 6219362
30.76, 6219362
30.77, 6219362
30.78, 6219362
30.79, 6219362
30.8, 6219362
30.81, 6219362
30.82, 6219362
30.83, 6219362
30.84, 6219362
30.85, 6219362
30.86, 6219362
30.87, 6219362
30.88, 6219362
30.89, 6219362
30.9, 6219362
30.91, 6219362
30.92, 6219362
30.93, 6219362
30.94, 6219362
30.95, 6219362
30.96, 6219362
30.97, 6219362
30.98, 6219362
30.99, 6219362
31.0, 6219362
31.01, 6219362
31.02, 6219362
31.03, 6219362
31.04, 6219362
31.05, 6219362
31.06, 6219362
31.07, 6219362
31.08, 6219362
31.09, 6219362
31.1, 6219362
31.11, 6219362
31.12, 6219362
31.13, 6219362
31.14, 6219362
31.15, 6219362
31.16, 6219362
31.17, 6219362
31.18, 6219362
31.19, 6219362
31.2, 6219362
31.21, 6219362
31.22, 6219362
31.23, 6219362
31.24, 6219362
31.25, 6219362
31.26, 6219362
31.27, 6219362
31.28, 6219362
31.29, 6219362
31.3, 6219362
31.31, 6219362
31.32, 6219362
31.33, 6219362
31.34, 6219362
31.35, 6219362
31.36, 6219362
31.37, 6219362
31.38, 6219362
31.39, 6219362
31.4, 6219362
31.41, 6219362
31.42, 6219362
31.43, 6219362
31.44, 6219362
31.45, 6219362
31.46, 6219362
31.47, 6219362
31.48, 6219362
31.49, 6219362
31.5, 6219362
31.51, 6219362
31.52, 6219362
31.53, 6219362
31.54, 6219362
31.55, 6219362
31.56, 6219362
31.57, 6219362
31.58, 6219362
31.59, 6219362
31.6, 6219362
31.61, 6219362
31.62, 6219362
31.63, 6219362
31.64, 6219362
31.65, 6219362
31.66, 6219362
31.67, 6219362
31.68, 6219362
31.69, 6219362
31.7, 6219362
31.71, 6219362
31.72, 6219362
31.73, 6219362
31.74, 6219362
31.75, 6219362
31.76, 6219362
31.77, 6219362
31.78, 6219362
31.79, 6219362
31.8, 6219362
31.81, 6219362
31.82, 6219362
31.83, 6219362
31.84, 6219362
31.85, 6219362
31.86, 6219362
31.87, 6219362
31.88, 6219362
31.89, 6219362
31.9, 6219362
31.91, 6219362
31.92, 6219362
31.93, 6219362
31.94, 6219362
31.95, 6219362
31.96, 6219362
31.97, 6219362
31.98, 6219362
31.99, 6219362
32.0, 6219362
32.01, 6219362
32.02, 6219362
32.03, 6219362
32.04, 6219362
32.05, 6219362
32.06, 6219362
32.07, 6219362
32.08, 6219362
32.09, 6219362
32.1, 6219362
32.11, 6219362
32.12, 6219362
32.13, 6219362
32.14, 6219362
32.15, 6219362
32.16, 6219362
32.17, 6219362
32.18, 6219362
32.19, 6219362
32.2, 6219362
32.21, 6219362
32.22, 6219362
32.23, 6219362
32.24, 6219362
32.25, 6219362
32.26, 6219362
32.27, 6219362
32.28, 6219362
32.29, 6219362
32.3, 6219362
32.31, 6219362
32.32, 6219362
32.33, 6219362
32.34, 6219362
32.35, 6219362
32.36, 6219362
32.37, 6219362
32.38, 6219362
32.39, 6219362
32.4, 6219362
32.41, 6219362
32.42, 6219362
32.43, 6219362
32.44, 6219362
32.45, 6219362
32.46, 6219362
32.47, 6219362
32.48, 6219362
32.49, 6219362
32.5, 6219362
32.51, 6219362
32.52, 6219362
32.53, 6219362
32.54, 6219362
32.55, 6219362
32.56, 6219362
32.57, 6219362
32.58, 6219362
32.59, 6219362
32.6, 6219362
32.61, 6219362
32.62, 6219362
32.63, 6219362
32.64, 6219362
32.65, 6219362
32.66, 6219362
32.67, 6219362
32.68, 6219362
32.69, 6219362
32.7, 6219362
32.71, 6219362
32.72, 6219362
32.73, 6219362
32.74, 6219362
32.75, 6219362
32.76, 6219362
32.77, 6219362
32.78, 6219362
32.79, 6219362
32.8, 6219362
32.81, 6219362
32.82, 6219362
32.83, 6219362
32.84, 6219362
32.85, 6219362
32.86, 6219362
32.87, 6219362
32.88, 6219362
32.89, 6219362
32.9, 6219362
32.91, 6219362
32.92, 6219362
32.93, 6219362
32.94, 6219362
32.95, 6219362
32.96, 6219362
32.97, 6219362
32.98, 6219362
32.99, 6219362
33.0, 6219362
33.01, 6219362
33.02, 6219362
33.03, 6219362
33.04, 6219362
33.05, 6219362
33.06, 6219362
33.07, 6219362
33.08, 6219362
33.09, 6219362
33.1, 6219362
33.11, 6219362
33.12, 6219362
33.13, 6219362
33.14, 6219362
33.15, 6219362
33.16, 6219362
33.17, 6219362
33.18, 6219362
33.19, 6219362
33.2, 6219362
33.21, 6219362
33.22, 6219362
33.23, 6219362
33.24, 6219362
33.25, 6219362
33.26, 6219362
33.27, 6219362
33.28, 6219362
33.29, 6219362
33.3, 6219362
33.31, 6219362
33.32, 6219362
33.33, 6219362
33.34, 6219362
33.35, 6219362
33.36, 6219362
33.37, 6219362
33.38, 6219362
33.39, 6219362
33.4, 6219362
33.41, 6219362
33.42, 6219362
33.43, 6219362
33.44, 6219362
33.45, 6219362
33.46, 6219362
33.47, 6219362
33.48, 6219362
33.49, 6219362
33.5, 6219362
33.51, 6219362
33.52, 6219362
33.53, 6219362
33.54, 6219362
33.55, 6219362
33.56, 6219362
33.57, 6219362
33.58, 6219362
33.59, 6219362
33.6, 6219362
33.61, 6219362
33.62, 6219362
33.63, 6219362
33.64, 6219362
33.65, 6219362
33.66, 6219362
33.67, 6219362
33.68, 6219362
33.69, 6219362
33.7, 6219362
33.71, 6219362
33.72, 6219362
33.73, 6219362
33.74, 6219362
33.75, 6219362
33.76, 6219362
33.77, 6219362
33.78, 6219362
33.79, 6219362
33.8, 6219362
33.81, 6219362
33.82, 6219362
33.83, 6219362
33.84, 6219362
33.85, 6219362
33.86, 6219362
33.87, 6219362
33.88, 6219362
33.89, 6219362
33.9, 6219362
33.91, 6219362
33.92, 6219362
33.93, 6219362
33.94, 6219362
33.95, 6219362
33.96, 6219362
33.97, 6219362
33.98, 6219362
33.99, 6219362
34.0, 6219362
34.01, 6219362
34.02, 6219362
34.03, 6219362
34.04, 6219362
34.05, 6219362
34.06, 6219362
34.07, 6219362
34.08, 6219362
34.09, 6219362
34.1, 6219362
34.11, 6219362
34.12, 6219362
34.13, 6219362
34.14, 6219362
34.15, 6219362
34.16, 6219362
34.17, 6219362
34.18, 6219362
34.19, 6219362
34.2, 6219362
34.21, 6219362
34.22, 6219362
34.23, 6219362
34.24, 6219362
34.25, 6219362
34.26, 6219362
34.27, 6219362
34.28, 6219362
34.29, 6219362
34.3, 6219362
34.31, 6219362
34.32, 6219362
34.33, 6219362
34.34, 6219362
34.35, 6219362
34.36, 6219362
34.37, 6219362
34.38, 6219362
34.39, 6219362
34.4, 6219362
34.41, 6219362
34.42, 6219362
34.43, 6219362
34.44, 6219362
34.45, 6219362
34.46, 6219362
34.47, 6219362
34.48, 6219362
34.49, 6219362
34.5, 6219362
34.51, 6219362
34.52, 6219362
34.53, 6219362
34.54, 6219362
34.55, 6219362
34.56, 6219362
34.57, 6219362
34.58, 6219362
34.59, 6219362
34.6, 6219362
34.61, 6219362
34.62, 6219362
34.63, 6219362
34.64, 6219362
34.65, 6219362
34.66, 6219362
34.67, 6219362
34.68, 6219362
34.69, 6219362
34.7, 6219362
34.71, 6219362
34.72, 6219362
34.73, 6219362
34.74, 6219362
34.75, 6219362
34.76, 6219362
34.77, 6219362
34.78, 6219362
34.79, 6219362
34.8, 6219362
34.81, 6219362
34.82, 6219362
34.83, 6219362
34.84, 6219362
34.85, 6219362
34.86, 6219362
34.87, 6219362
34.88, 6219362
34.89, 6219362
34.9, 6219362
34.91, 6219362
34.92, 6219362
34.93, 6219362
34.94, 6219362
34.95, 6219362
34.96, 6219362
34.97, 6219362
34.98, 6219362
34.99, 6219362
35.0, 6219362
35.01, 6219362
35.02, 6219362
35.03, 6219362
35.04, 6219362
35.05, 6219362
35.06, 6219362
35.07, 6219362
35.08, 6219362
35.09, 6219362
35.1, 6219362
35.11, 6219362
35.12, 6219362
35.13, 6219362
35.14, 6219362
35.15, 6219362
35.16, 6219362
35.17, 6219362
35.18, 6219362
35.19, 6219362
35.2, 6219362
35.21, 6219362
35.22, 6219362
35.23, 6219362
35.24, 6219362
35.25, 6219362
35.26, 6219362
35.27, 6219362
35.28, 6219362
35.29, 6219362
35.3, 6219362
35.31, 6219362
35.32, 6219362
35.33, 6219362
35.34, 6219362
35.35, 6219362
35.36, 6219362
35.37, 6219362
35.38, 6219362
35.39, 6219362
35.4, 6219362
35.41, 6219362
35.42, 6219362
35.43, 6219362
35.44, 6219362
35.45, 6219362
35.46, 6219362
35.47, 6219362
35.48, 6219362
35.49, 6219362
35.5, 6219362
35.51, 6219362
35.52, 6219362
35.53, 6219362
35.54, 6219362
35.55, 6219362
35.56, 6219362
35.57, 6219362
35.58, 6219362
35.59, 6219362
35.6, 6219362
35.61, 6219362
35.62, 6219362
35.63, 6219362
35.64, 6219362
35.65, 6219362
35.66, 6219362
35.67, 6219362
35.68, 6219362
35.69, 6219362
35.7, 6219362
35.71, 6219362
35.72, 6219362
35.73, 6219362
35.74, 6219362
35.75, 6219362
35.76, 6219362
35.77, 6219362
35.78, 6219362
35.79, 6219362
35.8, 6219362
35.81, 6219362
35.82, 6219362
35.83, 6219362
35.84, 6219362
35.85, 6219362
35.86, 6219362
35.87, 6219362
35.88, 6219362
35.89, 6219362
35.9, 6219362
35.91, 6219362
35.92, 6219362
35.93, 6219362
35.94, 6219362
35.95, 6219362
35.96, 6219362
35.97, 6219362
35.98, 6219362
35.99, 6219362
36.0, 6219362
36.01, 6219362
36.02, 6219362
36.03, 6219362
36.04, 6219362
36.05, 6219362
36.06, 6219362
36.07, 6219362
36.08, 6219362
36.09, 6219362
36.1, 6219362
36.11, 6219362
36.12, 6219362
36.13, 6219362
36.14, 6219362
36.15, 6219362
36.16, 6219362
36.17, 6219362
36.18, 6219362
36.19, 6219362
36.2, 6219362
36.21, 6219362
36.22, 6219362
36.23, 6219362
36.24, 6219362
36.25, 6219362
36.26, 6219362
36.27, 6219362
36.28, 6219362
36.29, 6219362
36.3, 6219362
36.31, 6219362
36.32, 6219362
36.33, 6219362
36.34, 6219362
36.35, 6219362
36.36, 6219362
36.37, 6219362
36.38, 6219362
36.39, 6219362
36.4, 6219362
36.41, 6219362
36.42, 6219362
36.43, 6219362
36.44, 6219362
36.45, 6219362
36.46, 6219362
36.47, 6219362
36.48, 6219362
36.49, 6219362
36.5, 6219362
36.51, 6219362
36.52, 6219362
36.53, 6219362
36.54, 6219362
36.55, 6219362
36.56, 6219362
36.57, 6219362
36.58, 6219362
36.59, 6219362
36.6, 6219362
36.61, 6219362
36.62, 6219362
36.63, 6219362
36.64, 6219362
36.65, 6219362
36.66, 6219362
36.67, 6219362
36.68, 6219362
36.69, 6219362
36.7, 6219362
36.71, 6219362
36.72, 6219362
36.73, 6219362
36.74, 6219362
36.75, 6219362
36.76, 6219362
36.77, 6219362
36.78, 6219362
36.79, 6219362
36.8, 6219362
36.81, 6219362
36.82, 6219362
36.83, 6219362
36.84, 6219362
36.85, 6219362
36.86, 6219362
36.87, 6219362
36.88, 6219362
36.89, 6219362
36.9, 6219362
36.91, 6219362
36.92, 6219362
36.93, 6219362
36.94, 6219362
36.95, 6219362
36.96, 6219362
36.97, 6219362
36.98, 6219362
36.99, 6219362
37.0, 6219362
37.01, 6219362
37.02, 6219362
37.03, 6219362
37.04, 6219362
37.05, 6219362
37.06, 6219362
37.07, 6219362
37.08, 6219362
37.09, 6219362
37.1, 6219362
37.11, 6219362
37.12, 6219362
37.13, 6219362
37.14, 6219362
37.15, 6219362
37.16, 6219362
37.17, 6219362
37.18, 6219362
37.19, 6219362
37.2, 6219362
37.21, 6219362
37.22, 6219362
37.23, 6219362
37.24, 6219362
37.25, 6219362
37.26, 6219362
37.27, 6219362
37.28, 6219362
37.29, 6219362
37.3, 6219362
37.31, 6219362
37.32, 6219362
37.33, 6219362
37.34, 6219362
37.35, 6219362
37.36, 6219362
37.37, 6219362
37.38, 6219362
37.39, 6219362
37.4, 6219362
37.41, 6219362
37.42, 6219362
37.43, 6219362
37.44, 6219362
37.45, 6219362
37.46, 6219362
37.47, 6219362
37.48, 6219362
37.49, 6219362
37.5, 6219362
37.51, 6219362
37.52, 6219362
37.53, 6219362
37.54, 6219362
37.55, 6219362
37.56, 6219362
37.57, 6219362
37.58, 6219362
37.59, 6219362
37.6, 6219362
37.61, 6219362
37.62, 6219362
37.63, 6219362
37.64, 6219362
37.65, 6219362
37.66, 6219362
37.67, 6219362
37.68, 6219362
37.69, 6219362
37.7, 6219362
37.71, 6219362
37.72, 6219362
37.73, 6219362
37.74, 6219362
37.75, 6219362
37.76, 6219362
37.77, 6219362
37.78, 6219362
37.79, 6219362
37.8, 6219362
37.81, 6219362
37.82, 6219362
37.83, 6219362
37.84, 6219362
37.85, 6219362
37.86, 6219362
37.87, 6219362
37.88, 6219362
37.89, 6219362
37.9, 6219362
37.91, 6219362
37.92, 6219362
37.93, 6219362
37.94, 6219362
37.95, 6219362
37.96, 6219362
37.97, 6219362
37.98, 6219362
37.99, 6219362
38.0, 6219362
38.01, 6219362
38.02, 6219362
38.03, 6219362
38.04, 6219362
38.05, 6219362
38.06, 6219362
38.07, 6219362
38.08, 6219362
38.09, 6219362
38.1, 6219362
38.11, 6219362
38.12, 6219362
38.13, 6219362
38.14, 6219362
38.15, 6219362
38.16, 6219362
38.17, 6219362
38.18, 6219362
38.19, 6219362
38.2, 6219362
38.21, 6219362
38.22, 6219362
38.23, 6219362
38.24, 6219362
38.25, 6219362
38.26, 6219362
38.27, 6219362
38.28, 6219362
38.29, 6219362
38.3, 6219362
38.31, 6219362
38.32, 6219362
38.33, 6219362
38.34, 6219362
38.35, 6219362
38.36, 6219362
38.37, 6219362
38.38, 6219362
38.39, 6219362
38.4, 6219362
38.41, 6219362
38.42, 6219362
38.43, 6219362
38.44, 6219362
38.45, 6219362
38.46, 6219362
38.47, 6219362
38.48, 6219362
38.49, 6219362
38.5, 6219362
38.51, 6219362
38.52, 6219362
38.53, 6219362
38.54, 6219362
38.55, 6219362
38.56, 6219362
38.57, 6219362
38.58, 6219362
38.59, 6219362
38.6, 6219362
38.61, 6219362
38.62, 6219362
38.63, 6219362
38.64, 6219362
38.65, 6219362
38.66, 6219362
38.67, 6219362
38.68, 6219362
38.69, 6219362
38.7, 6219362
38.71, 6219362
38.72, 6219362
38.73, 6219362
38.74, 6219362
38.75, 6219362
38.76, 6219362
38.77, 6219362
38.78, 6219362
38.79, 6219362
38.8, 6219362
38.81, 6219362
38.82, 6219362
38.83, 6219362
38.84, 6219362
38.85, 6219362
38.86, 6219362
38.87, 6219362
38.88, 6219362
38.89, 6219362
38.9, 6219362
38.91, 6219362
38.92, 6219362
38.93, 6219362
38.94, 6219362
38.95, 6219362
38.96, 6219362
38.97, 6219362
38.98, 6219362
38.99, 6219362
39.0, 6219362
39.01, 6219362
39.02, 6219362
39.03, 6219362
39.04, 6219362
39.05, 6219362
39.06, 6219362
39.07, 6219362
39.08, 6219362
39.09, 6219362
39.1, 6219362
39.11, 6219362
39.12, 6219362
39.13, 6219362
39.14, 6219362
39.15, 6219362
39.16, 6219362
39.17, 6219362
39.18, 6219362
39.19, 6219362
39.2, 6219362
39.21, 6219362
39.22, 6219362
39.23, 6219362
39.24, 6219362
39.25, 6219362
39.26, 6219362
39.27, 6219362
39.28, 6219362
39.29, 6219362
39.3, 6219362
39.31, 6219362
39.32, 6219362
39.33, 6219362
39.34, 6219362
39.35, 6219362
39.36, 6219362
39.37, 6219362
39.38, 6219362
39.39, 6219362
39.4, 6219362
39.41, 6219362
39.42, 6219362
39.43, 6219362
39.44, 6219362
39.45, 6219362
39.46, 6219362
39.47, 6219362
39.48, 6219362
39.49, 6219362
39.5, 6219362
39.51, 6219362
39.52, 6219362
39.53, 6219362
39.54, 6219362
39.55, 6219362
39.56, 6219362
39.57, 6219362
39.58, 6219362
39.59, 6219362
39.6, 6219362
39.61, 6219362
39.62, 6219362
39.63, 6219362
39.64, 6219362
39.65, 6219362
39.66, 6219362
39.67, 6219362
39.68, 6219362
39.69, 6219362
39.7, 6219362
39.71, 6219362
39.72, 6219362
39.73, 6219362
39.74, 6219362
39.75, 6219362
39.76, 6219362
39.77, 6219362
39.78, 6219362
39.79, 6219362
39.8, 6219362
39.81, 6219362
39.84, 6219362
39.85, 6219362
39.86, 6219362
39.87, 6219362
39.88, 6219362
39.89, 6219362
39.9, 6219362
39.91, 6219362
39.92, 6219362
39.93, 6219362
39.94, 6219362
39.95, 6219362
39.96, 6219362
39.97, 6219362
39.98, 6219362
39.99, 6219362
40.0, 6219362
40.01, 6219362
40.02, 6219362
40.03, 6219362
40.04, 6219362
40.05, 6219362
40.06, 6219362
40.07, 6219362
40.08, 6219362
40.09, 6219362
40.1, 6219362
40.11, 6219362
40.12, 6219362
40.13, 6219362
40.14, 6219362
40.15, 6219362
40.16, 6219362
40.17, 6219362
40.18, 6219362
40.19, 6219362
40.2, 6219362
40.21, 6219362
40.22, 6219362
40.23, 6219362
40.24, 6219362
40.25, 6219362
40.26, 6219362
40.27, 6219362
40.28, 6219362
40.29, 6219362
40.3, 6219362
40.31, 6219362
40.32, 6219362
40.33, 6219362
40.34, 6219362
40.35, 6219362
40.36, 6219362
40.37, 6219362
40.38, 6219362
40.39, 6219362
40.4, 6219362
40.41, 6219362
40.42, 6219362
40.43, 6219362
40.44, 6219362
40.45, 6219362
40.46, 6219362
40.47, 6219362
40.48, 6219362
40.49, 6219362
40.5, 6219362
40.51, 6219362
40.52, 6219362
40.53, 6219362
40.54, 6219362
40.55, 6219362
40.56, 6219362
40.57, 6219362
40.58, 6219362
40.59, 6219362
40.6, 6219362
40.61, 6219362
40.62, 6219362
40.63, 6219362
40.64, 6219362
40.65, 6219362
40.66, 6219362
40.67, 6219362
40.68, 6219362
40.69, 6219362
40.7, 6219362
40.71, 6219362
40.72, 6219362
40.73, 6219362
40.74, 6219362
40.75, 6219362
40.76, 6219362
40.77, 6219362
40.78, 6219362
40.79, 6219362
40.8, 6219362
40.81, 6219362
40.82, 6219362
40.83, 6219362
40.84, 6219362
40.85, 6219362
40.86, 6219362
40.87, 6219362
40.88, 6219362
40.89, 6219362
40.9, 6219362
40.91, 6219362
40.92, 6219362
40.93, 6219362
40.94, 6219362
40.95, 6219362
40.96, 6219362
40.97, 6219362
40.98, 6219362
40.99, 6219362
41.0, 6219362
41.01, 6219362
41.02, 6219362
41.03, 6219362
41.04, 6219362
41.05, 6219362
41.06, 6219362
41.07, 6219362
41.08, 6219362
41.09, 6219362
41.1, 6219362
41.11, 6219362
41.12, 6219362
41.13, 6219362
41.14, 6219362
41.15, 6219362
41.16, 6219362
41.17, 6219362
41.18, 6219362
41.19, 6219362
41.2, 6219362
41.21, 6219362
41.22, 6219362
41.23, 6219362
41.24, 6219362
41.25, 6219362
41.26, 6219362
41.27, 6219362
41.28, 6219362
41.29, 6219362
41.3, 6219362
41.31, 6219362
41.32, 6219362
41.33, 6219362
41.34, 6219362
41.35, 6219362
41.36, 6219362
41.37, 6219362
41.38, 6219362
41.39, 6219362
41.4, 6219362
41.41, 6219362
41.42, 6219362
41.43, 6219362
41.44, 6219362
41.45, 6219362
41.46, 6219362
41.47, 6219362
41.48, 6219362
41.49, 6219362
41.5, 6219362
41.51, 6219362
41.52, 6219362
41.53, 6219362
41.54, 6219362
41.55, 6219362
41.56, 6219362
41.57, 6219362
41.58, 6219362
41.59, 6219362
41.6, 6219362
41.61, 6219362
41.62, 6219362
41.63, 6219362
41.64, 6219362
41.65, 6219362
41.66, 6219362
41.67, 6219362
41.68, 6219362
41.69, 6219362
41.7, 6219362
41.71, 6219362
41.72, 6219362
41.73, 6219362
41.74, 6219362
41.75, 6219362
41.76, 6219362
41.77, 6219362
41.78, 6219362
41.79, 6219362
41.8, 6219362
41.81, 6219362
41.82, 6219362
41.83, 6219362
41.84, 6219362
41.85, 6219362
41.86, 6219362
41.87, 6219362
41.88, 6219362
41.89, 6219362
41.9, 6219362
41.91, 6219362
41.92, 6219362
41.93, 6219362
41.94, 6219362
41.95, 6219362
41.96, 6219362
41.97, 6219362
41.98, 6219362
41.99, 6219362
42.0, 6219362
42.01, 6219362
42.02, 6219362
42.03, 6219362
42.04, 6219362
42.05, 6219362
42.06, 6219362
42.07, 6219362
42.08, 6219362
42.09, 6219362
42.1, 6219362
42.11, 6219362
42.12, 6219362
42.13, 6219362
42.14, 6219362
42.15, 6219362
42.16, 6219362
42.17, 6219362
42.18, 6219362
42.19, 6219362
42.2, 6219362
42.21, 6219362
42.22, 6219362
42.23, 6219362
42.24, 6219362
42.25, 6219362
42.26, 6219362
42.27, 6219362
42.28, 6219362
42.29, 6219362
42.3, 6219362
42.31, 6219362
42.32, 6219362
42.33, 6219362
42.34, 6219362
42.35, 6219362
42.36, 6219362
42.37, 6219362
42.38, 6219362
42.39, 6219362
42.4, 6219362
42.41, 6219362
42.42, 6219362
42.43, 6219362
42.44, 6219362
42.45, 6219362
42.46, 6219362
42.47, 6219362
42.48, 6219362
42.49, 6219362
42.5, 6219362
42.51, 6219362
42.52, 6219362
42.53, 6219362
42.54, 6219362
42.55, 6219362
42.56, 6219362
42.57, 6219362
42.58, 6219362
42.59, 6219362
42.6, 6219362
42.61, 6219362
42.62, 6219362
42.63, 6219362
42.64, 6219362
42.65, 6219362
42.66, 6219362
42.67, 6219362
42.68, 6219362
42.69, 6219362
42.7, 6219362
42.71, 6219362
42.72, 6219362
42.73, 6219362
42.74, 6219362
42.75, 6219362
42.76, 6219362
42.77, 6219362
42.78, 6219362
42.79, 6219362
42.8, 6219362
42.81, 6219362
42.82, 6219362
42.83, 6219362
42.84, 6219362
42.85, 6219362
42.86, 6219362
42.87, 6219362
42.88, 6219362
42.89, 6219362
42.9, 6219362
42.91, 6219362
42.92, 6219362
42.93, 6219362
42.94, 6219362
42.95, 6219362
42.96, 6219362
42.97, 6219362
42.98, 6219362
42.99, 6219362
43.0, 6219362
43.01, 6219362
43.02, 6219362
43.03, 6219362
43.04, 6219362
43.05, 6219362
43.06, 6219362
43.07, 6219362
43.08, 6219362
43.09, 6219362
43.1, 6219362
43.11, 6219362
43.12, 6219362
43.13, 6219362
43.14, 6219362
43.15, 6219362
43.16, 6219362
43.17, 6219362
43.18, 6219362
43.19, 6219362
43.2, 6219362
43.21, 6219362
43.22, 6219362
43.23, 6219362
43.24, 6219362
43.25, 6219362
43.26, 6219362
43.27, 6219362
43.28, 6219362
43.29, 6219362
43.3, 6219362
43.31, 6219362
43.32, 6219362
43.33, 6219362
43.34, 6219362
43.35, 6219362
43.36, 6219362
43.37, 6219362
43.38, 6219362
43.39, 6219362
43.4, 6219362
43.41, 6219362
43.42, 6219362
43.43, 6219362
43.44, 6219362
43.45, 6219362
43.46, 6219362
43.47, 6219362
43.48, 6219362
43.49, 6219362
43.5, 6219362
43.51, 6219362
43.52, 6219362
43.53, 6219362
43.54, 6219362
43.55, 6219362
43.56, 6219362
43.57, 6219362
43.58, 6219362
43.59, 6219362
43.6, 6219362
43.61, 6219362
43.62, 6219362
43.63, 6219362
43.64, 6219362
43.65, 6219362
43.66, 6219362
43.67, 6219362
43.68, 6219362
43.69, 6219362
43.7, 6219362
43.71, 6219362
43.72, 6219362
43.73, 6219362
43.74, 6219362
43.75, 6219362
43.76, 6219362
43.77, 6219362
43.78, 6219362
43.79, 6219362
43.8, 6219362
43.81, 6219362
43.82, 6219362
43.83, 6219362
43.84, 6219362
43.85, 6219362
43.86, 6219362
43.87, 6219362
43.88, 6219362
43.89, 6219362
43.9, 6219362
43.91, 6219362
43.92, 6219362
43.93, 6219362
43.94, 6219362
43.95, 6219362
43.96, 6219362
43.97, 6219362
43.98, 6219362
43.99, 6219362
44.0, 6219362
44.01, 6219362
44.02, 6219362
44.03, 6219362
44.04, 6219362
44.05, 6219362
44.06, 6219362
44.07, 6219362
44.08, 6219362
44.09, 6219362
44.1, 6219362
44.11, 6219362
44.12, 6219362
44.13, 6219362
44.14, 6219362
44.15, 6219362
44.16, 6219362
44.17, 6219362
44.18, 6219362
44.19, 6219362
44.2, 6219362
44.21, 6219362
44.22, 6219362
44.23, 6219362
44.24, 6219362
44.25, 6219362
44.26, 6219362
44.27, 6219362
44.28, 6219362
44.29, 6219362
44.3, 6219362
44.31, 6219362
44.32, 6219362
44.33, 6219362
44.34, 6219362
44.35, 6219362
44.36, 6219362
44.37, 6219362
44.38, 6219362
44.39, 6219362
44.4, 6219362
44.41, 6219362
44.42, 6219362
44.43, 6219362
44.44, 6219362
44.45, 6219362
44.46, 6219362
44.47, 6219362
44.48, 6219362
44.49, 6219362
44.5, 6219362
44.51, 6219362
44.52, 6219362
44.53, 6219362
44.54, 6219362
44.55, 6219362
44.56, 6219362
44.57, 6219362
44.58, 6219362
44.59, 6219362
44.6, 6219362
44.61, 6219362
44.62, 6219362
44.63, 6219362
44.64, 6219362
44.65, 6219362
44.66, 6219362
44.67, 6219362
44.68, 6219362
44.69, 6219362
44.7, 6219362
44.71, 6219362
44.72, 6219362
44.73, 6219362
44.74, 6219362
44.75, 6219362
44.76, 6219362
44.77, 6219362
44.78, 6219362
44.79, 6219362
44.8, 6219362
44.81, 6219362
44.82, 6219362
44.83, 6219362
44.84, 6219362
44.85, 6219362
44.86, 6219362
44.87, 6219362
44.88, 6219362
44.89, 6219362
44.9, 6219362
44.91, 6219362
44.92, 6219362
44.93, 6219362
44.94, 6219362
44.95, 6219362
44.96, 6219362
44.97, 6219362
44.98, 6219362
44.99, 6219362
45.0, 6219362
45.01, 6219362
45.02, 6219362
45.03, 6219362
45.04, 6219362
45.05, 6219362
45.06, 6219362
45.07, 6219362
45.08, 6219362
45.09, 6219362
45.1, 6219362
45.11, 6219362
45.12, 6219362
45.13, 6219362
45.14, 6219362
45.15, 6219362
45.16, 6219362
45.17, 6219362
45.18, 6219362
45.19, 6219362
45.2, 6219362
45.21, 6219362
45.22, 6219362
45.23, 6219362
45.24, 6219362
45.25, 6219362
45.26, 6219362
45.27, 6219362
45.28, 6219362
45.29, 6219362
45.3, 6219362
45.31, 6219362
45.32, 6219362
45.33, 6219362
45.34, 6219362
45.35, 6219362
45.36, 6219362
45.37, 6219362
45.38, 6219362
45.39, 6219362
45.4, 6219362
45.41, 6219362
45.42, 6219362
45.43, 6219362
45.44, 6219362
45.45, 6219362
45.46, 6219362
45.47, 6219362
45.48, 6219362
45.49, 6219362
45.5, 6219362
45.51, 6219362
45.52, 6219362
45.53, 6219362
45.54, 6219362
45.55, 6219362
45.56, 6219362
45.57, 6219362
45.58, 6219362
45.59, 6219362
45.6, 6219362
45.61, 6219362
45.62, 6219362
45.63, 6219362
45.64, 6219362
45.65, 6219362
45.66, 6219362
45.67, 6219362
45.68, 6219362
45.69, 6219362
45.7, 6219362
45.71, 6219362
45.72, 6219362
45.73, 6219362
45.74, 6219362
45.75, 6219362
45.76, 6219362
45.77, 6219362
45.78, 6219362
45.79, 6219362
45.8, 6219362
45.81, 6219362
45.82, 6219362
45.83, 6219362
45.84, 6219362
45.85, 6219362
45.86, 6219362
45.87, 6219362
45.88, 6219362
45.89, 6219362
45.9, 6219362
45.91, 6219362
45.92, 6219362
45.93, 6219362
45.94, 6219362
45.95, 6219362
45.96, 6219362
45.97, 6219362
45.98, 6219362
45.99, 6219362
46.0, 6219362
46.01, 6219362
46.02, 6219362
46.03, 6219362
46.04, 6219362
46.05, 6219362
46.06, 6219362
46.07, 6219362
46.08, 6219362
46.09, 6219362
46.1, 6219362
46.11, 6219362
46.12, 6219362
46.13, 6219362
46.14, 6219362
46.15, 6219362
46.16, 6219362
46.17, 6219362
46.18, 6219362
46.19, 6219362
46.2, 6219362
46.21, 6219362
46.22, 6219362
46.23, 6219362
46.24, 6219362
46.25, 6219362
46.26, 6219362
46.27, 6219362
46.28, 6219362
46.29, 6219362
46.3, 6219362
46.31, 6219362
46.32, 6219362
46.33, 6219362
46.34, 6219362
46.35, 6219362
46.36, 6219362
46.37, 6219362
46.38, 6219362
46.39, 6219362
46.4, 6219362
46.41, 6219362
46.42, 6219362
46.43, 6219362
46.44, 6219362
46.45, 6219362
46.46, 6219362
46.47, 6219362
46.48, 6219362
46.49, 6219362
46.5, 6219362
46.51, 6219362
46.52, 6219362
46.53, 6219362
46.54, 6219362
46.55, 6219362
46.56, 6219362
46.57, 6219362
46.58, 6219362
46.59, 6219362
46.6, 6219362
46.61, 6219362
46.62, 6219362
46.63, 6219362
46.64, 6219362
46.65, 6219362
46.66, 6219362
46.67, 6219362
46.68, 6219362
46.69, 6219362
46.7, 6219362
46.71, 6219362
46.72, 6219362
46.73, 6219362
46.74, 6219362
46.75, 6219362
46.76, 6219362
46.77, 6219362
46.78, 6219362
46.79, 6219362
46.8, 6219362
46.81, 6219362
46.82, 6219362
46.83, 6219362
46.84, 6219362
46.85, 6219362
46.86, 6219362
46.87, 6219362
46.88, 6219362
46.89, 6219362
46.9, 6219362
46.91, 6219362
46.92, 6219362
46.93, 6219362
46.94, 6219362
46.95, 6219362
46.96, 6219362
46.97, 6219362
46.98, 6219362
46.99, 6219362
47.0, 6219362
47.01, 6219362
47.02, 6219362
47.03, 6219362
47.04, 6219362
47.05, 6219362
47.06, 6219362
47.07, 6219362
47.08, 6219362
47.09, 6219362
47.1, 6219362
47.11, 6219362
47.12, 6219362
47.13, 6219362
47.14, 6219362
47.15, 6219362
47.16, 6219362
47.17, 6219362
47.18, 6219362
47.19, 6219362
47.2, 6219362
47.21, 6219362
47.22, 6219362
47.23, 6219362
47.24, 6219362
47.25, 6219362
47.26, 6219362
47.27, 6219362
47.28, 6219362
47.29, 6219362
47.3, 6219362
47.31, 6219362
47.32, 6219362
47.33, 6219362
47.34, 6219362
47.35, 6219362
47.36, 6219362
47.37, 6219362
47.38, 6219362
47.39, 6219362
47.4, 6219362
47.41, 6219362
47.42, 6219362
47.43, 6219362
47.44, 6219362
47.45, 6219362
47.46, 6219362
47.47, 6219362
47.48, 6219362
47.49, 6219362
47.5, 6219362
47.51, 6219362
47.52, 6219362
47.53, 6219362
47.54, 6219362
47.55, 6219362
47.56, 6219362
47.57, 6219362
47.58, 6219362
47.59, 6219362
47.6, 6219362
47.61, 6219362
47.62, 6219362
47.63, 6219362
47.64, 6219362
47.65, 6219362
47.66, 6219362
47.67, 6219362
47.68, 6219362
47.69, 6219362
47.7, 6219362
47.71, 6219362
47.72, 6219362
47.73, 6219362
47.74, 6219362
47.75, 6219362
47.76, 6219362
47.77, 6219362
47.78, 6219362
47.79, 6219362
47.8, 6219362
47.81, 6219362
47.82, 6219362
47.83, 6219362
47.84, 6219362
47.85, 6219362
47.86, 6219362
47.87, 6219362
47.88, 6219362
47.89, 6219362
47.9, 6219362
47.91, 6219362
47.92, 6219362
47.93, 6219362
47.94, 6219362
47.95, 6219362
47.96, 6219362
47.97, 6219362
47.98, 6219362
47.99, 6219362
48.0, 6219362
48.01, 6219362
48.02, 6219362
48.03, 6219362
48.04, 6219362
48.05, 6219362
48.06, 6219362
48.07, 6219362
48.08, 6219362
48.09, 6219362
48.1, 6219362
48.11, 6219362
48.12, 6219362
48.13, 6219362
48.14, 6219362
48.15, 6219362
48.16, 6219362
48.17, 6219362
48.18, 6219362
48.19, 6219362
48.2, 6219362
48.21, 6219362
48.22, 6219362
48.23, 6219362
48.24, 6219362
48.25, 6219362
48.26, 6219362
48.27, 6219362
48.28, 6219362
48.29, 6219362
48.3, 6219362
48.31, 6219362
48.32, 6219362
48.33, 6219362
48.34, 6219362
48.35, 6219362
48.36, 6219362
48.37, 6219362
48.38, 6219362
48.39, 6219362
48.4, 6219362
48.41, 6219362
48.42, 6219362
48.43, 6219362
48.44, 6219362
48.45, 6219362
48.46, 6219362
48.47, 6219362
48.48, 6219362
48.49, 6219362
48.5, 6219362
48.51, 6219362
48.52, 6219362
48.53, 6219362
48.54, 6219362
48.55, 6219362
48.56, 6219362
48.57, 6219362
48.58, 6219362
48.59, 6219362
48.6, 6219362
48.61, 6219362
48.62, 6219362
48.63, 6219362
48.64, 6219362
48.65, 6219362
48.66, 6219362
48.67, 6219362
48.68, 6219362
48.69, 6219362
48.7, 6219362
48.71, 6219362
48.72, 6219362
48.73, 6219362
48.74, 6219362
48.75, 6219362
48.76, 6219362
48.77, 6219362
48.78, 6219362
48.79, 6219362
48.8, 6219362
48.81, 6219362
48.82, 6219362
48.83, 6219362
48.84, 6219362
48.85, 6219362
48.86, 6219362
48.87, 6219362
48.88, 6219362
48.89, 6219362
48.9, 6219362
48.91, 6219362
48.92, 6219362
48.93, 6219362
48.94, 6219362
48.95, 6219362
48.96, 6219362
48.97, 6219362
48.98, 6219362
48.99, 6219362
49.0, 6219362
49.01, 6219362
49.02, 6219362
49.03, 6219362
49.04, 6219362
49.05, 6219362
49.06, 6219362
49.07, 6219362
49.08, 6219362
49.09, 6219362
49.1, 6219362
49.11, 6219362
49.12, 6219362
49.13, 6219362
49.14, 6219362
49.15, 6219362
49.16, 6219362
49.17, 6219362
49.18, 6219362
49.19, 6219362
49.2, 6219362
49.21, 6219362
49.22, 6219362
49.23, 6219362
49.24, 6219362
49.25, 6219362
49.26, 6219362
49.27, 6219362
49.28, 6219362
49.29, 6219362
49.3, 6219362
49.31, 6219362
49.32, 6219362
49.33, 6219362
49.34, 6219362
49.35, 6219362
49.36, 6219362
49.37, 6219362
49.38, 6219362
49.39, 6219362
49.4, 6219362
49.41, 6219362
49.42, 6219362
49.43, 6219362
49.44, 6219362
49.45, 6219362
49.46, 6219362
49.47, 6219362
49.48, 6219362
49.49, 6219362
49.5, 6219362
49.51, 6219362
49.52, 6219362
49.53, 6219362
49.54, 6219362
49.55, 6219362
49.56, 6219362
49.57, 6219362
49.58, 6219362
49.59, 6219362
49.6, 6219362
49.61, 6219362
49.62, 6219362
49.63, 6219362
49.64, 6219362
49.65, 6219362
49.66, 6219362
49.67, 6219362
49.68, 6219362
49.69, 6219362
49.7, 6219362
49.71, 6219362
49.72, 6219362
49.73, 6219362
49.74, 6219362
49.75, 6219362
49.76, 6219362
49.77, 6219362
49.78, 6219362
49.79, 6219362
49.8, 6219362
49.81, 6219362
49.82, 6219362
49.83, 6219362
49.84, 6219362
49.85, 6219362
49.86, 6219362
49.87, 6219362
49.88, 6219362
49.89, 6219362
49.9, 6219362
49.91, 6219362
49.92, 6219362
49.93, 6219362
49.94, 6219362
49.95, 6219362
49.96, 6219362
49.97, 6219362
49.98, 6219362
49.99, 6219362
50.0, 6219362
50.01, 6219362
50.02, 6219362
50.03, 6219362
50.04, 6219362
50.05, 6219362
50.06, 6219362
50.07, 6219362
50.08, 6219362
50.09, 6219362
50.1, 6219362
50.11, 6219362
50.12, 6219362
50.13, 6219362
50.14, 6219362
50.15, 6219362
50.16, 6219362
50.17, 6219362
50.18, 6219362
50.19, 6219362
50.2, 6219362
50.21, 6219362
50.22, 6219362
50.23, 6219362
50.24, 6219362
50.25, 6219362
50.26, 6219362
50.27, 6219362
50.28, 6219362
50.29, 6219362
50.3, 6219362
50.31, 6219362
50.32, 6219362
50.33, 6219362
50.34, 6219362
50.35, 6219362
50.36, 6219362
50.37, 6219362
50.38, 6219362
50.39, 6219362
50.4, 6219362
50.41, 6219362
50.42, 6219362
50.43, 6219362
50.44, 6219362
50.45, 6219362
50.46, 6219362
50.47, 6219362
50.48, 6219362
50.49, 6219362
50.5, 6219362
50.51, 6219362
50.52, 6219362
50.53, 6219362
50.54, 6219362
50.55, 6219362
50.56, 6219362
50.57, 6219362
50.58, 6219362
50.59, 6219362
50.6, 6219362
50.61, 6219362
50.62, 6219362
50.63, 6219362
50.64, 6219362
50.65, 6219362
50.66, 6219362
50.67, 6219362
50.68, 6219362
50.69, 6219362
50.7, 6219362
50.71, 6219362
50.72, 6219362
50.73, 6219362
50.74, 6219362
50.75, 6219362
50.76, 6219362
50.77, 6219362
50.78, 6219362
50.79, 6219362
50.8, 6219362
50.81, 6219362
50.82, 6219362
50.83, 6219362
50.84, 6219362
50.85, 6219362
50.86, 6219362
50.87, 6219362
50.88, 6219362
50.89, 6219362
50.9, 6219362
50.91, 6219362
50.92, 6219362
50.93, 6219362
50.94, 6219362
50.95, 6219362
50.96, 6219362
50.97, 6219362
50.98, 6219362
50.99, 6219362
51.0, 6219362
51.01, 6219362
51.02, 6219362
51.03, 6219362
51.04, 6219362
51.05, 6219362
51.06, 6219362
51.07, 6219362
51.08, 6219362
51.09, 6219362
51.1, 6219362
51.11, 6219362
51.12, 6219362
51.13, 6219362
51.14, 6219362
51.15, 6219362
51.16, 6219362
51.17, 6219362
51.18, 6219362
51.19, 6219362
51.2, 6219362
51.21, 6219362
51.22, 6219362
51.23, 6219362
51.24, 6219362
51.25, 6219362
51.26, 6219362
51.27, 6219362
51.28, 6219362
51.29, 6219362
51.3, 6219362
51.31, 6219362
51.32, 6219362
51.33, 6219362
51.34, 6219362
51.35, 6219362
51.36, 6219362
51.37, 6219362
51.38, 6219362
51.39, 6219362
51.4, 6219362
51.41, 6219362
51.42, 6219362
51.43, 6219362
51.44, 6219362
51.45, 6219362
51.46, 6219362
51.47, 6219362
51.48, 6219362
51.49, 6219362
51.5, 6219362
51.51, 6219362
51.52, 6219362
51.53, 6219362
51.54, 6219362
51.55, 6219362
51.56, 6219362
51.57, 6219362
51.58, 6219362
51.59, 6219362
51.6, 6219362
51.61, 6219362
51.62, 6219362
51.63, 6219362
51.64, 6219362
51.65, 6219362
51.66, 6219362
51.67, 6219362
51.68, 6219362
51.69, 6219362
51.7, 6219362
51.71, 6219362
51.72, 6219362
51.73, 6219362
51.74, 6219362
51.75, 6219362
51.76, 6219362
51.77, 6219362
51.78, 6219362
51.79, 6219362
51.8, 6219362
51.81, 6219362
51.82, 6219362
51.83, 6219362
51.84, 6219362
51.85, 6219362
51.86, 6219362
51.87, 6219362
51.88, 6219362
51.89, 6219362
51.9, 6219362
51.91, 6219362
51.92, 6219362
51.93, 6219362
51.94, 6219362
51.95, 6219362
51.96, 6219362
51.97, 6219362
51.98, 6219362
51.99, 6219362
52.0, 6219362
52.01, 6219362
52.02, 6219362
52.03, 6219362
52.04, 6219362
52.05, 6219362
52.06, 6219362
52.07, 6219362
52.08, 6219362
52.09, 6219362
52.1, 6219362
52.11, 6219362
52.12, 6219362
52.13, 6219362
52.14, 6219362
52.15, 6219362
52.16, 6219362
52.17, 6219362
52.18, 6219362
52.19, 6219362
52.2, 6219362
52.21, 6219362
52.22, 6219362
52.23, 6219362
52.24, 6219362
52.25, 6219362
52.26, 6219362
52.27, 6219362
52.28, 6219362
52.29, 6219362
52.3, 6219362
52.31, 6219362
52.32, 6219362
52.33, 6219362
52.34, 6219362
52.35, 6219362
52.36, 6219362
52.37, 6219362
52.38, 6219362
52.39, 6219362
52.4, 6219362
52.41, 6219362
52.42, 6219362
52.43, 6219362
52.44, 6219362
52.45, 6219362
52.46, 6219362
52.47, 6219362
52.48, 6219362
52.49, 6219362
52.5, 6219362
52.51, 6219362
52.52, 6219362
52.53, 6219362
52.54, 6219362
52.55, 6219362
52.56, 6219362
52.57, 6219362
52.58, 6219362
52.59, 6219362
52.6, 6219362
52.61, 6219362
52.62, 6219362
52.63, 6219362
52.64, 6219362
52.65, 6219362
52.66, 6219362
52.67, 6219362
52.68, 6219362
52.69, 6219362
52.7, 6219362
52.71, 6219362
52.72, 6219362
52.73, 6219362
52.74, 6219362
52.75, 6219362
52.76, 6219362
52.77, 6219362
52.78, 6219362
52.79, 6219362
52.8, 6219362
52.81, 6219362
52.82, 6219362
52.83, 6219362
52.84, 6219362
52.85, 6219362
52.86, 6219362
52.87, 6219362
52.88, 6219362
52.89, 6219362
52.9, 6219362
52.91, 6219362
52.92, 6219362
52.93, 6219362
52.94, 6219362
52.95, 6219362
52.96, 6219362
52.97, 6219362
52.98, 6219362
52.99, 6219362
53.0, 6219362
53.01, 6219362
53.02, 6219362
53.03, 6219362
53.04, 6219362
53.05, 6219362
53.06, 6219362
53.07, 6219362
53.08, 6219362
53.09, 6219362
53.1, 6219362
53.11, 6219362
53.12, 6219362
53.13, 6219362
53.14, 6219362
53.15, 6219362
53.16, 6219362
53.17, 6219362
53.18, 6219362
53.19, 6219362
53.2, 6219362
53.21, 6219362
53.22, 6219362
53.23, 6219362
53.24, 6219362
53.25, 6219362
53.26, 6219362
53.27, 6219362
53.28, 6219362
53.29, 6219362
53.3, 6219362
53.31, 6219362
53.32, 6219362
53.33, 6219362
53.34, 6219362
53.35, 6219362
53.36, 6219362
53.37, 6219362
53.38, 6219362
53.39, 6219362
53.4, 6219362
53.41, 6219362
53.42, 6219362
53.43, 6219362
53.44, 6219362
53.45, 6219362
53.46, 6219362
53.47, 6219362
53.48, 6219362
53.49, 6219362
53.5, 6219362
53.51, 6219362
53.52, 6219362
53.53, 6219362
53.54, 6219362
53.55, 6219362
53.56, 6219362
53.57, 6219362
53.58, 6219362
53.59, 6219362
53.6, 6219362
53.61, 6219362
53.62, 6219362
53.63, 6219362
53.64, 6219362
53.65, 6219362
53.66, 6219362
53.67, 6219362
53.68, 6219362
53.69, 6219362
53.7, 6219362
53.71, 6219362
53.72, 6219362
53.73, 6219362
53.74, 6219362
53.75, 6219362
53.76, 6219362
53.77, 6219362
53.78, 6219362
53.79, 6219362
53.8, 6219362
53.81, 6219362
53.82, 6219362
53.83, 6219362
53.84, 6219362
53.85, 6219362
53.86, 6219362
53.87, 6219362
53.88, 6219362
53.89, 6219362
53.9, 6219362
53.91, 6219362
53.92, 6219362
53.93, 6219362
53.94, 6219362
53.95, 6219362
53.96, 6219362
53.97, 6219362
53.98, 6219362
53.99, 6219362
54.0, 6219362
54.01, 6219362
54.02, 6219362
54.03, 6219362
54.04, 6219362
54.05, 6219362
54.06, 6219362
54.07, 6219362
54.08, 6219362
54.09, 6219362
54.1, 6219362
54.11, 6219362
54.12, 6219362
54.13, 6219362
54.14, 6219362
54.15, 6219362
54.16, 6219362
54.17, 6219362
54.18, 6219362
54.19, 6219362
54.2, 6219362
54.21, 6219362
54.22, 6219362
54.23, 6219362
54.24, 6219362
54.25, 6219362
54.26, 6219362
54.27, 6219362
54.28, 6219362
54.29, 6219362
54.3, 6219362
54.31, 6219362
54.32, 6219362
54.33, 6219362
54.34, 6219362
54.35, 6219362
54.36, 6219362
54.37, 6219362
54.38, 6219362
54.39, 6219362
54.4, 6219362
54.41, 6219362
54.42, 6219362
54.43, 6219362
54.44, 6219362
54.45, 6219362
54.46, 6219362
54.47, 6219362
54.48, 6219362
54.49, 6219362
54.5, 6219362
54.51, 6219362
54.52, 6219362
54.53, 6219362
54.54, 6219362
54.55, 6219362
54.56, 6219362
54.57, 6219362
54.58, 6219362
54.59, 6219362
54.6, 6219362
54.61, 6219362
54.62, 6219362
54.63, 6219362
54.64, 6219362
54.65, 6219362
54.66, 6219362
54.67, 6219362
54.68, 6219362
54.69, 6219362
54.7, 6219362
54.71, 6219362
54.72, 6219362
54.73, 6219362
54.74, 6219362
54.75, 6219362
54.76, 6219362
54.77, 6219362
54.78, 6219362
54.79, 6128630
54.8, 6128630
54.81, 6128630
54.82, 6128630
54.83, 6128630
54.84, 6128630
54.85, 6128630
54.86, 6128630
54.87, 6128630
54.88, 6128630
54.89, 6128630
54.9, 6128630
54.91, 6128630
54.92, 6128630
54.93, 6128630
54.94, 6128630
54.95, 6128630
54.96, 6128630
54.97, 6128630
54.98, 6128630
54.99, 6128630
55.0, 6128630
55.01, 6128630
55.02, 6128630
55.03, 6128630
55.04, 6128630
55.05, 6128630
55.06, 6128630
55.07, 6128630
55.08, 6128630
55.09, 6128630
55.1, 6128630
55.11, 6128630
55.12, 6128630
55.13, 6128630
55.14, 6128630
55.15, 6128630
55.16, 6128630
55.17, 6128630
55.18, 6128630
55.19, 6128630
55.2, 6128630
55.21, 6128630
55.22, 6128630
55.23, 6128630
55.24, 6128630
55.25, 6128630
55.26, 6128630
55.27, 6128630
55.28, 6128630
55.29, 6128630
55.3, 6128630
55.31, 6128630
55.32, 6128630
55.33, 6128630
55.34, 6128630
55.35, 6128630
55.36, 6128630
55.37, 6128630
55.38, 6128630
55.39, 6128630
55.4, 6128630
55.41, 6128630
55.42, 6128630
55.43, 6128630
55.44, 6128630
55.45, 6128630
55.46, 6128630
55.47, 6128630
55.48, 6128630
55.49, 6128630
55.5, 6128630
55.51, 6128630
55.52, 6128630
55.53, 6128630
55.54, 6128630
55.55, 6128630
55.56, 6128630
55.57, 6128630
55.58, 6128630
55.59, 6128630
55.6, 6128630
55.61, 6128630
55.62, 6128630
55.63, 6128630
55.64, 6128630
55.65, 6128630
55.66, 6128630
55.67, 6128630
55.68, 6128630
55.69, 6128630
55.7, 6128630
55.71, 6128630
55.72, 6128630
55.73, 6128630
55.74, 6128630
55.75, 6128630
55.76, 6128630
55.77, 6128630
55.78, 6128630
55.79, 6128630
55.8, 6128630
55.81, 6128630
55.82, 6128630
55.83, 6128630
55.84, 6128630
55.85, 6128630
55.86, 6128630
55.87, 6128630
55.88, 6128630
55.89, 6128630
55.9, 6128630
55.91, 6128630
55.92, 6128630
55.93, 6128630
55.94, 6128630
55.95, 6128630
55.96, 6128630
55.97, 6128630
55.98, 6128630
55.99, 6128630
56.0, 6128630
56.01, 6128630
56.02, 6128630
56.03, 6128630
56.04, 6128630
56.05, 6128630
56.06, 6128630
56.07, 6128630
56.08, 6128630
56.09, 6128630
56.1, 6128630
56.11, 6128630
56.12, 6128630
56.13, 6128630
56.14, 6128630
56.15, 6128630
56.16, 6128630
56.17, 6128630
56.18, 6128630
56.19, 6128630
56.2, 6128630
56.21, 6128630
56.22, 6128630
56.23, 6128630
56.24, 6128630
56.25, 6128630
56.26, 6128630
56.27, 6128630
56.28, 6128630
56.29, 6128630
56.32, 6128630
56.33, 6128630
56.34, 6128630
56.35, 6128630
56.36, 6128630
56.37, 6128630
56.38, 6128630
56.39, 6128630
56.4, 6128630
56.41, 6128630
56.42, 6128630
56.43, 6128630
56.44, 6128630
56.45, 6128630
56.46, 6128630
56.47, 6128630
56.48, 6128630
56.49, 6128630
56.5, 6128630
56.51, 6128630
56.52, 6128630
56.53, 6128630
56.54, 6128630
56.55, 6128630
56.56, 6128630
56.57, 6128630
56.58, 6128630
56.59, 6128630
56.6, 6128630
56.61, 6128630
56.62, 6128630
56.63, 6128630
56.64, 6128630
56.65, 6128630
56.66, 6128630
56.67, 6128630
56.68, 6128630
56.69, 6128630
56.7, 6128630
56.71, 6128630
56.72, 6128630
56.73, 6128630
56.74, 6128630
56.75, 6128630
56.76, 6128630
56.77, 6128630
56.78, 6128630
56.79, 6128630
56.8, 6128630
56.81, 6128630
56.82, 6128630
56.83, 6128630
56.84, 6128630
56.85, 6128630
56.86, 6128630
56.87, 6128630
56.88, 6128630
56.89, 6128630
56.9, 6128630
56.91, 6128630
56.92, 6128630
56.93, 6128630
56.94, 6128630
56.95, 6128630
56.96, 6128630
56.97, 6128630
56.98, 6128630
56.99, 6128630
57.0, 6128630
57.01, 6128630
57.02, 6128630
57.03, 6128630
57.04, 6128630
57.05, 6128630
57.06, 6128630
57.07, 6128630
57.08, 6128630
57.09, 6128630
57.1, 6128630
57.11, 6128630
57.12, 6128630
57.13, 6128630
57.14, 6128630
57.15, 6128630
57.16, 6128630
57.17, 6128630
57.18, 6128630
57.19, 6128630
57.2, 6128630
57.21, 6128630
57.22, 6128630
57.23, 6128630
57.24, 6128630
57.25, 6128630
57.26, 6128630
57.27, 6128630
57.28, 6128630
57.29, 6128630
57.3, 6128630
57.31, 6128630
57.32, 6128630
57.33, 6128630
57.34, 6128630
57.35, 6128630
57.36, 6128630
57.37, 6128630
57.38, 6128630
57.39, 6128630
57.4, 6128630
57.41, 6128630
57.42, 6128630
57.43, 6128630
57.44, 6128630
57.45, 6128630
57.46, 6128630
57.47, 6128630
57.48, 6128630
57.49, 6128630
57.5, 6128630
57.51, 6128630
57.52, 6128630
57.53, 6128630
57.54, 6128630
57.55, 6128630
57.56, 6128630
57.57, 6128630
57.58, 6128630
57.59, 6128630
57.6, 6128630
57.61, 6128630
57.62, 6128630
57.63, 6128630
57.64, 6128630
57.65, 6128630
57.66, 6128630
57.67, 6128630
57.68, 6128630
57.69, 6128630
57.7, 6128630
57.71, 6128630
57.72, 6128630
57.73, 6128630
57.74, 6128630
57.75, 6128630
57.76, 6128630
57.77, 6128630
57.78, 6128630
57.79, 6128630
57.8, 6128630
57.81, 6128630
57.82, 6128630
57.83, 6128630
57.84, 6128630
57.85, 6128630
57.86, 6128630
57.87, 6128630
57.88, 6128630
57.89, 6128630
57.9, 6128630
57.91, 6128630
57.92, 6128630
57.93, 6128630
57.94, 6128630
57.95, 6128630
57.96, 6128630
57.97, 6128630
57.98, 6128630
57.99, 6128630
58.0, 6128630
58.01, 6128630
58.02, 6128630
58.03, 6128630
58.04, 6128630
58.05, 6128630
58.06, 6128630
58.07, 6128630
58.08, 6128630
58.09, 6128630
58.1, 6128630
58.11, 6128630
58.12, 6128630
58.13, 6128630
58.14, 6128630
58.15, 6128630
58.16, 6128630
58.17, 6128630
58.18, 6128630
58.19, 6128630
58.2, 6128630
58.21, 6128630
58.22, 6128630
58.23, 6128630
58.24, 6128630
58.25, 6128630
58.26, 6128630
58.27, 6128630
58.28, 6128630
58.29, 6128630
58.3, 6128630
58.31, 6128630
58.32, 6128630
58.33, 6128630
58.34, 6128630
58.35, 6128630
58.36, 6128630
58.37, 6128630
58.38, 6128630
58.39, 6128630
58.4, 6128630
58.41, 6128630
58.42, 6128630
58.43, 6128630
58.44, 6128630
58.45, 6128630
58.46, 6128630
58.47, 6128630
58.48, 6128630
58.49, 6128630
58.5, 6128630
58.51, 6128630
58.52, 6128630
58.53, 6128630
58.54, 6128630
58.55, 6128630
58.56, 6128630
58.57, 6128630
58.58, 6128630
58.59, 6128630
58.6, 6128630
58.61, 6128630
58.62, 6128630
58.63, 6128630
58.64, 6128630
58.65, 6128630
58.66, 6128630
58.67, 6128630
58.68, 6128630
58.69, 6128630
58.7, 6128630
58.71, 6128630
58.72, 6128630
58.73, 6128630
58.74, 6128630
58.75, 6128630
58.76, 6128630
58.77, 6128630
58.78, 6128630
58.79, 6128630
58.8, 6128630
58.81, 6128630
58.82, 6128630
58.83, 6128630
58.84, 6128630
58.85, 6128630
58.86, 6128630
58.87, 6128630
58.88, 6128630
58.89, 6128630
58.9, 6128630
58.91, 6128630
58.92, 6128630
58.93, 6128630
58.94, 6128630
58.95, 6128630
58.96, 6128630
58.97, 6128630
58.98, 6128630
58.99, 6128630
59.0, 6128630
59.01, 6128630
59.02, 6128630
59.03, 6128630
59.04, 6128630
59.05, 6128630
59.06, 6128630
59.07, 6128630
59.08, 6128630
59.09, 6128630
59.1, 6128630
59.11, 6128630
59.12, 6128630
59.13, 6128630
59.14, 6128630
59.15, 6128630
59.16, 6128630
59.17, 6128630
59.18, 6128630
59.19, 6128630
59.2, 6128630
59.21, 6128630
59.22, 6128630
59.23, 6128630
59.24, 6128630
59.25, 6128630
59.26, 6128630
59.27, 6128630
59.28, 6128630
59.29, 6128630
59.3, 6128630
59.31, 6128630
59.32, 6128630
59.33, 6128630
59.34, 6128630
59.35, 6128630
59.36, 6128630
59.37, 6128630
59.38, 6128630
59.39, 6128630
59.4, 6128630
59.41, 6128630
59.42, 6128630
59.43, 6128630
59.44, 6128630
59.45, 6128630
59.46, 6128630
59.47, 6128630
59.48, 6128630
59.49, 6128630
59.5, 6128630
59.51, 6128630
59.52, 6128630
59.53, 6128630
59.54, 6128630
59.55, 6128630
59.56, 6128630
59.57, 6128630
59.58, 6128630
59.59, 6128630
59.6, 6128630
59.61, 6128630
59.62, 6128630
59.63, 6128630
59.64, 6128630
59.65, 6128630
59.66, 6128630
59.67, 6128630
59.68, 6128630
59.69, 6128630
59.7, 6128630
59.71, 6128630
59.72, 6128630
59.73, 6128630
59.74, 6128630
59.75, 6128630
59.76, 6128630
59.77, 6128630
59.78, 6128630
59.79, 6128630
59.8, 6128630
59.81, 6128630
59.82, 6128630
59.83, 6128630
59.84, 6128630
59.85, 6128630
59.86, 6128630
59.87, 6128630
59.88, 6128630
59.89, 6128630
59.9, 6128630
59.91, 6128630
59.92, 6128630
59.93, 6128630
59.94, 6128630
59.95, 6128630
59.96, 6128630
59.97, 6128630
59.98, 6128630
59.99, 6128630
