0.0, 6936275
0.01, 6936275
0.02, 6936275
0.03, 6936275
0.04, 6906566
0.05, 6906566
0.06, 6598916
0.07, 6539631
0.08, 6539631
0.09, 6539631
0.1, 6539631
0.11, 6539631
0.12, 6539631
0.13, 6539631
0.14, 6539631
0.15, 6539631
0.16, 6539631
0.17, 6539631
0.18, 6539631
0.19, 6539631
0.2, 6539631
0.21, 6539631
0.22, 6539631
0.23, 6539631
0.24, 6539631
0.25, 6539631
0.26, 6539631
0.27, 6539631
0.28, 6539631
0.29, 6539631
0.3, 6539631
0.31, 6539631
0.32, 6539631
0.33, 6539631
0.34, 6539631
0.35, 6539631
0.36, 6539631
0.37, 6539631
0.38, 6539631
0.39, 6539631
0.4, 6539631
0.41, 6539631
0.42, 6338055
0.43, 6338055
0.44, 6338055
0.45, 6338055
0.46, 6338055
0.47, 6338055
0.48, 6338055
0.49, 6338055
0.5, 6338055
0.51, 6338055
0.52, 6338055
0.53, 6338055
0.54, 6338055
0.55, 6338055
0.56, 6338055
0.57, 6338055
0.58, 6338055
0.59, 6338055
0.6, 6338055
0.61, 6338055
0.62, 6338055
0.63, 6338055
0.64, 6338055
0.65, 6338055
0.66, 6338055
0.67, 6338055
0.68, 6338055
0.69, 6338055
0.7, 6338055
0.71, 6338055
0.72, 6338055
0.73, 6338055
0.74, 6338055
0.75, 6338055
0.76, 6338055
0.77, 6338055
0.78, 6338055
0.79, 6338055
0.8, 6338055
0.81, 6338055
0.82, 6338055
0.83, 6338055
0.84, 6338055
0.85, 6338055
0.86, 6338055
0.87, 6338055
0.88, 6338055
0.89, 6338055
0.9, 6338055
0.91, 6338055
0.92, 6338055
0.93, 6338055
0.94, 6338055
0.95, 6338055
0.96, 6338055
0.97, 6338055
0.98, 6338055
0.99, 6338055
1.0, 6338055
1.01, 6338055
1.02, 6338055
1.03, 6338055
1.04, 6338055
1.05, 6338055
1.06, 6338055
1.07, 6338055
1.08, 6338055
1.09, 6338055
1.1, 6338055
1.11, 6338055
1.12, 6338055
1.13, 6338055
1.14, 6338055
1.15, 6338055
1.16, 6338055
1.17, 6338055
1.18, 6338055
1.19, 6338055
1.2, 6338055
1.21, 6338055
1.22, 6338055
1.23, 6338055
1.24, 6338055
1.25, 6338055
1.26, 6338055
1.27, 6338055
1.28, 6338055
1.29, 6338055
1.3, 6338055
1.31, 6338055
1.32, 6338055
1.33, 6338055
1.34, 6338055
1.35, 6338055
1.36, 6338055
1.37, 6338055
1.38, 6338055
1.39, 6338055
1.4, 6338055
1.41, 6338055
1.42, 6338055
1.43, 6338055
1.44, 6338055
1.45, 6338055
1.46, 6338055
1.47, 6338055
1.48, 6338055
1.49, 6338055
1.5, 6338055
1.51, 6338055
1.52, 6338055
1.53, 6338055
1.54, 6338055
1.55, 6338055
1.56, 6338055
1.57, 6338055
1.58, 6338055
1.59, 6338055
1.6, 6338055
1.61, 6338055
1.62, 6338055
1.63, 6338055
1.64, 6338055
1.65, 6338055
1.66, 6338055
1.67, 6338055
1.68, 6338055
1.69, 6338055
1.7, 6338055
1.71, 6338055
1.72, 6338055
1.73, 6338055
1.74, 6338055
1.75, 6338055
1.76, 6338055
1.77, 6338055
1.78, 6338055
1.79, 6338055
1.8, 6338055
1.81, 6338055
1.82, 6338055
1.83, 6338055
1.84, 6338055
1.85, 6338055
1.86, 6338055
1.87, 6338055
1.88, 6338055
1.89, 6338055
1.9, 6338055
1.91, 6338055
1.92, 6338055
1.93, 6338055
1.94, 6338055
1.95, 6338055
1.96, 6338055
1.97, 6338055
1.98, 6338055
1.99, 6338055
2.0, 6338055
2.01, 6338055
2.02, 6338055
2.03, 6338055
2.04, 6338055
2.05, 6338055
2.06, 6338055
2.07, 6338055
2.08, 6338055
2.09, 6338055
2.1, 6338055
2.11, 6338055
2.12, 6338055
2.13, 6338055
2.14, 6338055
2.15, 6338055
2.16, 6338055
2.17, 6338055
2.18, 6338055
2.19, 6338055
2.2, 6338055
2.21, 6338055
2.22, 6338055
2.23, 6338055
2.24, 6338055
2.25, 6338055
2.26, 6338055
2.27, 6338055
2.28, 6338055
2.29, 6338055
2.3, 6338055
2.31, 6338055
2.32, 6338055
2.33, 6338055
2.34, 6338055
2.35, 6338055
2.36, 6338055
2.37, 6338055
2.38, 6338055
2.39, 6338055
2.4, 6338055
2.41, 6338055
2.42, 6338055
2.43, 6338055
2.44, 6338055
2.45, 6338055
2.46, 6338055
2.47, 6338055
2.48, 6338055
2.49, 6338055
2.5, 6338055
2.51, 6338055
2.52, 6338055
2.53, 6338055
2.54, 6338055
2.55, 6338055
2.56, 6338055
2.57, 6338055
2.58, 6338055
2.59, 6338055
2.6, 6338055
2.61, 6338055
2.62, 6338055
2.63, 6338055
2.64, 6338055
2.65, 6338055
2.66, 6338055
2.67, 6338055
2.68, 6338055
2.69, 6338055
2.7, 6338055
2.71, 6338055
2.72, 6338055
2.73, 6338055
2.74, 6338055
2.75, 6338055
2.76, 6338055
2.77, 6338055
2.78, 6338055
2.79, 6338055
2.8, 6338055
2.81, 6338055
2.82, 6338055
2.83, 6338055
2.84, 6338055
2.85, 6338055
2.86, 6338055
2.87, 6338055
2.88, 6338055
2.89, 6338055
2.9, 6338055
2.91, 6338055
2.92, 6338055
2.93, 6338055
2.94, 6338055
2.95, 6338055
2.96, 6338055
2.97, 6338055
2.98, 6338055
2.99, 6338055
3.0, 6338055
3.01, 6338055
3.02, 6338055
3.03, 6338055
3.04, 6338055
3.05, 6338055
3.06, 6338055
3.07, 6338055
3.08, 6338055
3.09, 6338055
3.1, 6338055
3.11, 6338055
3.12, 6338055
3.13, 6338055
3.14, 6338055
3.15, 6338055
3.16, 6338055
3.17, 6338055
3.18, 6338055
3.19, 6338055
3.2, 6338055
3.21, 6338055
3.22, 6338055
3.23, 6338055
3.24, 6338055
3.25, 6338055
3.26, 6338055
3.27, 6338055
3.28, 6338055
3.29, 6338055
3.3, 6338055
3.31, 6338055
3.32, 6338055
3.33, 6338055
3.34, 6338055
3.35, 6338055
3.36, 6338055
3.37, 6338055
3.38, 6338055
3.39, 6338055
3.4, 6338055
3.41, 6338055
3.42, 6338055
3.43, 6338055
3.44, 6338055
3.45, 6338055
3.46, 6338055
3.47, 6338055
3.48, 6338055
3.49, 6338055
3.5, 6338055
3.51, 6338055
3.52, 6338055
3.53, 6338055
3.54, 6338055
3.55, 6338055
3.56, 6338055
3.57, 6338055
3.58, 6338055
3.59, 6338055
3.6, 6338055
3.61, 6338055
3.62, 6338055
3.63, 6338055
3.64, 6338055
3.65, 6338055
3.66, 6338055
3.67, 6338055
3.68, 6338055
3.69, 6338055
3.7, 6338055
3.71, 6338055
3.72, 6338055
3.73, 6338055
3.74, 6338055
3.75, 6338055
3.76, 6338055
3.77, 6338055
3.78, 6338055
3.79, 6338055
3.8, 6338055
3.81, 6338055
3.82, 6338055
3.83, 6338055
3.84, 6338055
3.85, 6338055
3.86, 6338055
3.87, 6338055
3.88, 6338055
3.89, 6338055
3.9, 6338055
3.91, 6338055
3.92, 6338055
3.93, 6338055
3.94, 6338055
3.95, 6338055
3.96, 6338055
3.97, 6338055
3.98, 6338055
3.99, 6338055
4.0, 6338055
4.01, 6338055
4.02, 6338055
4.03, 6338055
4.04, 6338055
4.05, 6338055
4.06, 6338055
4.07, 6338055
4.08, 6338055
4.09, 6338055
4.1, 6338055
4.11, 6338055
4.12, 6338055
4.13, 6338055
4.14, 6338055
4.15, 6338055
4.16, 6338055
4.17, 6338055
4.18, 6338055
4.19, 6338055
4.2, 6338055
4.21, 6338055
4.22, 6338055
4.23, 6338055
4.24, 6338055
4.25, 6338055
4.26, 6338055
4.27, 6338055
4.28, 6338055
4.29, 6338055
4.3, 6338055
4.31, 6338055
4.32, 6338055
4.33, 6338055
4.34, 6338055
4.35, 6338055
4.36, 6338055
4.37, 6338055
4.38, 6338055
4.39, 6338055
4.4, 6338055
4.41, 6338055
4.42, 6338055
4.43, 6338055
4.44, 6338055
4.45, 6338055
4.46, 6338055
4.47, 6338055
4.48, 6338055
4.49, 6338055
4.5, 6338055
4.51, 6338055
4.52, 6338055
4.53, 6338055
4.54, 6338055
4.55, 6338055
4.56, 6338055
4.57, 6338055
4.58, 6338055
4.59, 6338055
4.6, 6338055
4.61, 6338055
4.62, 6338055
4.63, 6338055
4.64, 6338055
4.65, 6338055
4.66, 6338055
4.67, 6338055
4.68, 6338055
4.69, 6338055
4.7, 6338055
4.71, 6338055
4.72, 6338055
4.73, 6338055
4.74, 6338055
4.75, 6338055
4.76, 6338055
4.77, 6338055
4.78, 6338055
4.79, 6338055
4.8, 6338055
4.81, 6338055
4.82, 6338055
4.83, 6338055
4.84, 6338055
4.85, 6338055
4.86, 6338055
4.87, 6338055
4.88, 6338055
4.89, 6338055
4.9, 6338055
4.91, 6338055
4.92, 6338055
4.93, 6338055
4.94, 6338055
4.95, 6338055
4.96, 6338055
4.97, 6338055
4.98, 6338055
4.99, 6338055
5.0, 6338055
5.01, 6338055
5.02, 6338055
5.03, 6338055
5.04, 6338055
5.05, 6338055
5.06, 6338055
5.07, 6338055
5.08, 6338055
5.09, 6338055
5.1, 6338055
5.11, 6338055
5.12, 6338055
5.13, 6338055
5.14, 6338055
5.15, 6338055
5.16, 6338055
5.17, 6338055
5.18, 6338055
5.19, 6338055
5.2, 6338055
5.21, 6338055
5.22, 6338055
5.23, 6338055
5.24, 6338055
5.25, 6338055
5.26, 6338055
5.27, 6338055
5.28, 6338055
5.29, 6338055
5.3, 6338055
5.31, 6338055
5.32, 6338055
5.33, 6338055
5.34, 6338055
5.35, 6338055
5.36, 6338055
5.37, 6338055
5.38, 6338055
5.39, 6338055
5.4, 6338055
5.41, 6338055
5.42, 6338055
5.43, 6338055
5.44, 6338055
5.45, 6338055
5.46, 6338055
5.47, 6338055
5.48, 6338055
5.49, 6338055
5.5, 6338055
5.51, 6338055
5.52, 6338055
5.53, 6338055
5.54, 6338055
5.55, 6338055
5.56, 6338055
5.57, 6338055
5.58, 6338055
5.59, 6338055
5.6, 6338055
5.61, 6338055
5.62, 6338055
5.63, 6338055
5.64, 6338055
5.65, 6338055
5.66, 6338055
5.67, 6338055
5.68, 6338055
5.69, 6338055
5.7, 6338055
5.71, 6338055
5.72, 6338055
5.73, 6338055
5.74, 6338055
5.75, 6338055
5.76, 6338055
5.77, 6338055
5.78, 6338055
5.79, 6338055
5.8, 6338055
5.81, 6338055
5.82, 6338055
5.83, 6338055
5.84, 6338055
5.85, 6338055
5.86, 6338055
5.87, 6338055
5.88, 6338055
5.89, 6338055
5.9, 6338055
5.91, 6338055
5.92, 6338055
5.93, 6338055
5.94, 6338055
5.95, 6338055
5.96, 6338055
5.97, 6338055
5.98, 6338055
5.99, 6338055
6.0, 6338055
6.01, 6338055
6.02, 6338055
6.03, 6338055
6.04, 6338055
6.05, 6338055
6.06, 6338055
6.07, 6338055
6.08, 6338055
6.09, 6338055
6.1, 6338055
6.11, 6338055
6.12, 6338055
6.13, 6338055
6.14, 6338055
6.15, 6338055
6.16, 6338055
6.17, 6338055
6.18, 6338055
6.19, 6338055
6.2, 6338055
6.21, 6338055
6.22, 6338055
6.23, 6338055
6.24, 6338055
6.25, 6338055
6.26, 6338055
6.27, 6338055
6.28, 6338055
6.29, 6338055
6.3, 6338055
6.31, 6338055
6.32, 6338055
6.33, 6338055
6.34, 6338055
6.35, 6338055
6.36, 6338055
6.37, 6338055
6.38, 6338055
6.39, 6338055
6.4, 6338055
6.41, 6338055
6.42, 6338055
6.43, 6338055
6.44, 6338055
6.45, 6338055
6.46, 6338055
6.47, 6338055
6.48, 6338055
6.49, 6338055
6.5, 6338055
6.51, 6338055
6.52, 6338055
6.53, 6338055
6.54, 6338055
6.55, 6338055
6.56, 6338055
6.57, 6338055
6.58, 6338055
6.59, 6338055
6.6, 6338055
6.61, 6338055
6.62, 6338055
6.63, 6338055
6.64, 6338055
6.65, 6338055
6.66, 6338055
6.67, 6338055
6.68, 6338055
6.69, 6338055
6.7, 6338055
6.71, 6338055
6.72, 6338055
6.73, 6338055
6.74, 6338055
6.75, 6338055
6.76, 6338055
6.77, 6338055
6.78, 6338055
6.79, 6338055
6.8, 6338055
6.81, 6338055
6.82, 6338055
6.83, 6338055
6.84, 6338055
6.85, 6338055
6.86, 6338055
6.87, 6338055
6.88, 6338055
6.89, 6338055
6.9, 6338055
6.91, 6338055
6.92, 6338055
6.93, 6338055
6.94, 6338055
6.95, 6338055
6.96, 6338055
6.97, 6338055
6.98, 6338055
6.99, 6338055
7.0, 6338055
7.01, 6338055
7.02, 6338055
7.03, 6338055
7.04, 6338055
7.05, 6338055
7.06, 6338055
7.07, 6338055
7.08, 6338055
7.09, 6338055
7.1, 6338055
7.11, 6338055
7.12, 6338055
7.13, 6338055
7.14, 6338055
7.15, 6338055
7.16, 6338055
7.17, 6338055
7.18, 6338055
7.19, 6338055
7.2, 6338055
7.21, 6338055
7.22, 6338055
7.23, 6338055
7.24, 6338055
7.25, 6338055
7.26, 6338055
7.27, 6338055
7.28, 6338055
7.29, 6338055
7.3, 6338055
7.31, 6338055
7.32, 6338055
7.33, 6338055
7.34, 6338055
7.35, 6338055
7.36, 6338055
7.37, 6338055
7.38, 6338055
7.39, 6338055
7.4, 6338055
7.41, 6338055
7.42, 6338055
7.43, 6338055
7.44, 6338055
7.45, 6338055
7.46, 6338055
7.47, 6338055
7.48, 6338055
7.49, 6338055
7.5, 6338055
7.51, 6338055
7.52, 6338055
7.53, 6338055
7.54, 6338055
7.55, 6338055
7.56, 6338055
7.57, 6338055
7.58, 6338055
7.59, 6338055
7.6, 6338055
7.61, 6338055
7.62, 6338055
7.63, 6338055
7.64, 6338055
7.65, 6338055
7.66, 6338055
7.67, 6338055
7.68, 6338055
7.69, 6338055
7.7, 6338055
7.71, 6338055
7.72, 6338055
7.73, 6338055
7.74, 6338055
7.75, 6338055
7.76, 6338055
7.77, 6338055
7.78, 6338055
7.79, 6338055
7.8, 6338055
7.81, 6338055
7.82, 6338055
7.83, 6338055
7.84, 6338055
7.85, 6338055
7.86, 6338055
7.87, 6338055
7.88, 6338055
7.89, 6338055
7.9, 6338055
7.91, 6338055
7.92, 6338055
7.93, 6338055
7.94, 6338055
7.95, 6338055
7.96, 6338055
7.97, 6338055
7.98, 6338055
7.99, 6338055
8.0, 6338055
8.01, 6338055
8.02, 6338055
8.03, 6338055
8.04, 6338055
8.05, 6338055
8.06, 6338055
8.07, 6338055
8.08, 6338055
8.09, 6338055
8.1, 6338055
8.11, 6338055
8.12, 6338055
8.13, 6338055
8.14, 6338055
8.15, 6338055
8.16, 6338055
8.17, 6338055
8.18, 6338055
8.19, 6338055
8.2, 6338055
8.21, 6338055
8.22, 6338055
8.23, 6338055
8.24, 6338055
8.25, 6338055
8.26, 6338055
8.27, 6338055
8.28, 6338055
8.29, 6338055
8.3, 6338055
8.31, 6338055
8.32, 6338055
8.33, 6338055
8.34, 6338055
8.37, 6338055
8.38, 6338055
8.39, 6338055
8.4, 6338055
8.41, 6338055
8.42, 6338055
8.43, 6338055
8.44, 6338055
8.45, 6338055
8.46, 6338055
8.47, 6338055
8.48, 6338055
8.49, 6338055
8.5, 6338055
8.51, 6338055
8.52, 6338055
8.53, 6338055
8.54, 6338055
8.55, 6338055
8.56, 6338055
8.57, 6338055
8.58, 6338055
8.59, 6338055
8.6, 6338055
8.61, 6338055
8.62, 6338055
8.63, 6338055
8.64, 6338055
8.65, 6338055
8.66, 6338055
8.67, 6338055
8.68, 6338055
8.69, 6338055
8.7, 6338055
8.71, 6338055
8.72, 6338055
8.73, 6338055
8.74, 6338055
8.75, 6338055
8.76, 6338055
8.77, 6338055
8.78, 6338055
8.79, 6338055
8.8, 6338055
8.81, 6338055
8.82, 6338055
8.83, 6338055
8.84, 6338055
8.85, 6338055
8.86, 6338055
8.87, 6338055
8.88, 6338055
8.89, 6338055
8.9, 6338055
8.91, 6338055
8.92, 6338055
8.93, 6338055
8.94, 6338055
8.95, 6338055
8.96, 6338055
8.97, 6338055
8.98, 6338055
8.99, 6338055
9.0, 6338055
9.01, 6338055
9.02, 6338055
9.03, 6338055
9.04, 6338055
9.05, 6338055
9.06, 6338055
9.07, 6338055
9.08, 6338055
9.09, 6338055
9.1, 6338055
9.11, 6338055
9.12, 6338055
9.13, 6338055
9.14, 6338055
9.15, 6338055
9.16, 6338055
9.17, 6338055
9.18, 6338055
9.19, 6338055
9.2, 6338055
9.21, 6338055
9.22, 6338055
9.23, 6338055
9.24, 6338055
9.25, 6338055
9.26, 6338055
9.27, 6338055
9.28, 6338055
9.29, 6338055
9.3, 6338055
9.31, 6338055
9.32, 6338055
9.33, 6338055
9.34, 6338055
9.35, 6338055
9.36, 6338055
9.37, 6338055
9.38, 6338055
9.39, 6338055
9.4, 6338055
9.41, 6338055
9.42, 6338055
9.43, 6338055
9.44, 6338055
9.45, 6338055
9.46, 6338055
9.47, 6338055
9.48, 6338055
9.49, 6338055
9.5, 6338055
9.51, 6338055
9.52, 6338055
9.53, 6338055
9.54, 6338055
9.55, 6338055
9.56, 6338055
9.57, 6338055
9.58, 6338055
9.59, 6338055
9.6, 6338055
9.61, 6338055
9.62, 6338055
9.63, 6338055
9.64, 6338055
9.65, 6338055
9.66, 6338055
9.67, 6338055
9.68, 6338055
9.69, 6338055
9.7, 6338055
9.71, 6338055
9.72, 6338055
9.73, 6338055
9.74, 6338055
9.75, 6338055
9.76, 6338055
9.77, 6338055
9.78, 6338055
9.79, 6338055
9.8, 6338055
9.81, 6338055
9.82, 6338055
9.83, 6338055
9.84, 6338055
9.85, 6338055
9.86, 6338055
9.87, 6338055
9.88, 6338055
9.89, 6338055
9.9, 6338055
9.91, 6338055
9.92, 6338055
9.93, 6338055
9.94, 6338055
9.95, 6338055
9.96, 6338055
9.97, 6338055
9.98, 6338055
9.99, 6338055
10.0, 6338055
10.01, 6338055
10.02, 6338055
10.03, 6338055
10.04, 6338055
10.05, 6338055
10.06, 6338055
10.07, 6338055
10.08, 6338055
10.09, 6338055
10.1, 6338055
10.11, 6338055
10.12, 6338055
10.13, 6338055
10.14, 6338055
10.15, 6338055
10.16, 6338055
10.17, 6338055
10.18, 6338055
10.19, 6338055
10.2, 6338055
10.21, 6338055
10.22, 6338055
10.23, 6338055
10.24, 6338055
10.25, 6338055
10.26, 6338055
10.27, 6338055
10.28, 6338055
10.29, 6338055
10.3, 6338055
10.31, 6338055
10.32, 6338055
10.33, 6338055
10.34, 6338055
10.35, 6338055
10.36, 6338055
10.37, 6338055
10.38, 6338055
10.39, 6338055
10.4, 6338055
10.41, 6338055
10.42, 6338055
10.43, 6338055
10.44, 6338055
10.45, 6338055
10.46, 6338055
10.47, 6338055
10.48, 6338055
10.49, 6338055
10.5, 6338055
10.51, 6338055
10.52, 6338055
10.53, 6338055
10.54, 6338055
10.55, 6338055
10.56, 6338055
10.57, 6338055
10.58, 6338055
10.59, 6338055
10.6, 6338055
10.61, 6338055
10.62, 6338055
10.63, 6338055
10.64, 6338055
10.65, 6338055
10.66, 6338055
10.67, 6338055
10.68, 6338055
10.69, 6338055
10.7, 6338055
10.71, 6338055
10.72, 6338055
10.73, 6338055
10.74, 6338055
10.75, 6338055
10.76, 6338055
10.77, 6338055
10.78, 6338055
10.79, 6338055
10.8, 6338055
10.81, 6338055
10.82, 6338055
10.83, 6338055
10.84, 6338055
10.85, 6338055
10.86, 6338055
10.87, 6338055
10.88, 6338055
10.89, 6338055
10.9, 6338055
10.91, 6338055
10.92, 6338055
10.93, 6338055
10.94, 6338055
10.95, 6338055
10.96, 6338055
10.97, 6338055
10.98, 6338055
10.99, 6338055
11.0, 6338055
11.01, 6338055
11.02, 6338055
11.03, 6338055
11.04, 6338055
11.05, 6338055
11.06, 6338055
11.07, 6338055
11.08, 6338055
11.09, 6338055
11.1, 6338055
11.11, 6338055
11.12, 6332460
11.13, 6332460
11.14, 6332460
11.15, 6332460
11.16, 6332460
11.17, 6332460
11.18, 6332460
11.19, 6332460
11.2, 6332460
11.21, 6332460
11.22, 6332460
11.23, 6332460
11.24, 6332460
11.25, 6332460
11.26, 6332460
11.27, 6332460
11.28, 6332460
11.29, 6332460
11.3, 6332460
11.31, 6332460
11.32, 6332460
11.33, 6332460
11.34, 6332460
11.35, 6332460
11.36, 6332460
11.37, 6332460
11.38, 6332460
11.39, 6332460
11.4, 6332460
11.41, 6332460
11.42, 6332460
11.43, 6332460
11.44, 6332460
11.45, 6332460
11.46, 6332460
11.47, 6332460
11.48, 6332460
11.49, 6332460
11.5, 6332460
11.51, 6332460
11.52, 6332460
11.53, 6332460
11.54, 6332460
11.55, 6332460
11.56, 6332460
11.57, 6332460
11.58, 6332460
11.59, 6332460
11.6, 6332460
11.61, 6332460
11.62, 6332460
11.63, 6332460
11.64, 6332460
11.65, 6332460
11.66, 6332460
11.67, 6332460
11.68, 6332460
11.69, 6332460
11.7, 6332460
11.71, 6332460
11.72, 6332460
11.73, 6332460
11.74, 6332460
11.75, 6332460
11.76, 6332460
11.77, 6332460
11.78, 6332460
11.79, 6332460
11.8, 6332460
11.81, 6332460
11.82, 6332460
11.83, 6332460
11.84, 6332460
11.85, 6332460
11.86, 6332460
11.87, 6332460
11.88, 6332460
11.89, 6332460
11.9, 6332460
11.91, 6332460
11.92, 6332460
11.93, 6332460
11.94, 6332460
11.95, 6332460
11.96, 6332460
11.97, 6332460
11.98, 6332460
11.99, 6332460
12.0, 6332460
12.01, 6332460
12.02, 6332460
12.03, 6332460
12.04, 6332460
12.05, 6332460
12.06, 6332460
12.07, 6332460
12.08, 6332460
12.09, 6332460
12.1, 6332460
12.11, 6332460
12.12, 6332460
12.13, 6332460
12.14, 6332460
12.15, 6332460
12.16, 6332460
12.17, 6332460
12.18, 6332460
12.19, 6332460
12.2, 6332460
12.21, 6332460
12.22, 6332460
12.23, 6332460
12.24, 6332460
12.25, 6332460
12.26, 6332460
12.27, 6332460
12.28, 6332460
12.29, 6332460
12.3, 6332460
12.31, 6332460
12.32, 6332460
12.33, 6332460
12.34, 6332460
12.35, 6332460
12.36, 6332460
12.37, 6332460
12.38, 6332460
12.39, 6332460
12.4, 6332460
12.41, 6332460
12.42, 6332460
12.43, 6332460
12.44, 6332460
12.45, 6332460
12.46, 6332460
12.47, 6332460
12.48, 6332460
12.49, 6332460
12.5, 6332460
12.51, 6332460
12.52, 6332460
12.53, 6332460
12.54, 6332460
12.55, 6332460
12.56, 6332460
12.57, 6332460
12.58, 6332460
12.59, 6332460
12.6, 6332460
12.61, 6332460
12.62, 6332460
12.63, 6332460
12.64, 6332460
12.65, 6332460
12.66, 6332460
12.67, 6332460
12.68, 6332460
12.69, 6332460
12.7, 6332460
12.71, 6332460
12.72, 6332460
12.73, 6332460
12.74, 6332460
12.75, 6332460
12.76, 6332460
12.77, 6332460
12.78, 6332460
12.79, 6332460
12.8, 6332460
12.81, 6332460
12.82, 6332460
12.83, 6332460
12.84, 6332460
12.85, 6332460
12.86, 6332460
12.87, 6332460
12.88, 6332460
12.89, 6332460
12.9, 6332460
12.91, 6332460
12.92, 6332460
12.93, 6332460
12.94, 6332460
12.95, 6332460
12.96, 6332460
12.97, 6332460
12.98, 6332460
12.99, 6332460
13.0, 6332460
13.01, 6332460
13.02, 6332460
13.03, 6332460
13.04, 6332460
13.05, 6332460
13.06, 6332460
13.07, 6332460
13.08, 6332460
13.09, 6332460
13.1, 6332460
13.11, 6332460
13.12, 6332460
13.13, 6332460
13.14, 6332460
13.15, 6332460
13.16, 6332460
13.17, 6332460
13.18, 6332460
13.19, 6332460
13.2, 6332460
13.21, 6332460
13.22, 6332460
13.23, 6332460
13.24, 6332460
13.25, 6332460
13.26, 6332460
13.27, 6332460
13.28, 6332460
13.29, 6332460
13.3, 6332460
13.31, 6332460
13.32, 6332460
13.33, 6332460
13.34, 6332460
13.35, 6332460
13.36, 6332460
13.37, 6332460
13.38, 6332460
13.39, 6332460
13.4, 6332460
13.41, 6332460
13.42, 6332460
13.43, 6332460
13.44, 6332460
13.45, 6332460
13.46, 6332460
13.47, 6332460
13.48, 6332460
13.49, 6332460
13.5, 6332460
13.51, 6332460
13.52, 6332460
13.53, 6332460
13.54, 6332460
13.55, 6332460
13.56, 6332460
13.57, 6332460
13.58, 6332460
13.59, 6332460
13.6, 6332460
13.61, 6332460
13.62, 6332460
13.63, 6332460
13.64, 6332460
13.65, 6332460
13.66, 6332460
13.67, 6332460
13.68, 6332460
13.69, 6332460
13.7, 6332460
13.71, 6332460
13.72, 6332460
13.73, 6332460
13.74, 6332460
13.75, 6332460
13.76, 6332460
13.77, 6332460
13.78, 6332460
13.79, 6332460
13.8, 6332460
13.81, 6332460
13.82, 6332460
13.83, 6332460
13.84, 6332460
13.85, 6332460
13.86, 6332460
13.87, 6332460
13.88, 6332460
13.89, 6332460
13.9, 6332460
13.91, 6332460
13.92, 6332460
13.93, 6332460
13.94, 6332460
13.95, 6332460
13.96, 6332460
13.97, 6332460
13.98, 6332460
13.99, 6332460
14.0, 6332460
14.01, 6332460
14.02, 6332460
14.03, 6332460
14.04, 6332460
14.05, 6332460
14.06, 6332460
14.07, 6332460
14.08, 6332460
14.09, 6332460
14.1, 6332460
14.11, 6332460
14.12, 6332460
14.13, 6332460
14.14, 6332460
14.15, 6332460
14.16, 6332460
14.17, 6332460
14.18, 6332460
14.19, 6332460
14.2, 6332460
14.21, 6332460
14.22, 6332460
14.23, 6332460
14.24, 6332460
14.25, 6332460
14.26, 6332460
14.27, 6332460
14.28, 6332460
14.29, 6332460
14.3, 6332460
14.31, 6332460
14.32, 6332460
14.33, 6332460
14.34, 6332460
14.35, 6332460
14.36, 6332460
14.37, 6332460
14.38, 6332460
14.39, 6332460
14.4, 6332460
14.41, 6332460
14.42, 6332460
14.43, 6332460
14.44, 6332460
14.45, 6332460
14.46, 6332460
14.47, 6332460
14.48, 6332460
14.49, 6332460
14.5, 6332460
14.51, 6332460
14.52, 6332460
14.53, 6332460
14.54, 6332460
14.55, 6332460
14.56, 6332460
14.57, 6332460
14.58, 6332460
14.59, 6332460
14.6, 6332460
14.61, 6332460
14.62, 6332460
14.63, 6332460
14.64, 6332460
14.65, 6332460
14.66, 6332460
14.67, 6332460
14.68, 6332460
14.69, 6332460
14.7, 6332460
14.71, 6332460
14.72, 6332460
14.73, 6332460
14.74, 6332460
14.75, 6332460
14.76, 6332460
14.77, 6332460
14.78, 6332460
14.79, 6332460
14.8, 6332460
14.81, 6332460
14.82, 6332460
14.83, 6332460
14.84, 6332460
14.85, 6332460
14.86, 6332460
14.87, 6332460
14.88, 6332460
14.89, 6332460
14.9, 6332460
14.91, 6332460
14.92, 6332460
14.93, 6332460
14.94, 6332460
14.95, 6332460
14.96, 6332460
14.97, 6332460
14.98, 6332460
14.99, 6332460
15.0, 6332460
15.01, 6332460
15.02, 6332460
15.03, 6332460
15.04, 6332460
15.05, 6332460
15.06, 6332460
15.07, 6332460
15.08, 6332460
15.09, 6332460
15.1, 6332460
15.11, 6332460
15.12, 6332460
15.13, 6332460
15.14, 6332460
15.15, 6332460
15.16, 6332460
15.17, 6332460
15.18, 6332460
15.19, 6332460
15.2, 6332460
15.21, 6332460
15.22, 6332460
15.23, 6332460
15.24, 6332460
15.25, 6332460
15.26, 6332460
15.27, 6332460
15.28, 6332460
15.29, 6332460
15.3, 6332460
15.31, 6332460
15.32, 6332460
15.33, 6332460
15.34, 6332460
15.35, 6332460
15.36, 6332460
15.37, 6332460
15.38, 6332460
15.39, 6332460
15.4, 6332460
15.41, 6332460
15.42, 6332460
15.43, 6332460
15.44, 6332460
15.45, 6332460
15.46, 6332460
15.47, 6332460
15.48, 6332460
15.49, 6332460
15.5, 6332460
15.51, 6332460
15.52, 6332460
15.53, 6332460
15.54, 6332460
15.55, 6332460
15.56, 6332460
15.57, 6332460
15.58, 6332460
15.59, 6332460
15.6, 6332460
15.61, 6332460
15.62, 6332460
15.63, 6332460
15.64, 6332460
15.65, 6332460
15.66, 6332460
15.67, 6332460
15.68, 6332460
15.69, 6332460
15.7, 6332460
15.71, 6332460
15.72, 6332460
15.73, 6332460
15.74, 6332460
15.75, 6332460
15.76, 6332460
15.77, 6332460
15.78, 6332460
15.79, 6332460
15.8, 6332460
15.81, 6332460
15.82, 6332460
15.83, 6332460
15.84, 6332460
15.85, 6332460
15.86, 6332460
15.87, 6332460
15.88, 6332460
15.89, 6332460
15.9, 6332460
15.91, 6332460
15.92, 6332460
15.93, 6332460
15.94, 6332460
15.95, 6332460
15.96, 6332460
15.97, 6332460
15.98, 6332460
15.99, 6332460
16.0, 6332460
16.01, 6332460
16.02, 6332460
16.03, 6332460
16.04, 6332460
16.05, 6332460
16.06, 6332460
16.07, 6332460
16.08, 6332460
16.09, 6332460
16.1, 6332460
16.11, 6332460
16.12, 6332460
16.13, 6332460
16.14, 6332460
16.15, 6332460
16.16, 6332460
16.17, 6332460
16.18, 6332460
16.19, 6332460
16.2, 6332460
16.21, 6332460
16.22, 6332460
16.23, 6332460
16.24, 6332460
16.25, 6332460
16.26, 6332460
16.27, 6332460
16.28, 6332460
16.29, 6332460
16.3, 6332460
16.31, 6332460
16.32, 6332460
16.33, 6332460
16.34, 6332460
16.35, 6332460
16.36, 6332460
16.37, 6332460
16.38, 6332460
16.39, 6332460
16.4, 6332460
16.41, 6332460
16.42, 6332460
16.43, 6332460
16.44, 6332460
16.45, 6332460
16.46, 6332460
16.47, 6332460
16.48, 6332460
16.49, 6332460
16.5, 6332460
16.51, 6332460
16.52, 6332460
16.53, 6332460
16.54, 6332460
16.55, 6332460
16.56, 6332460
16.57, 6332460
16.58, 6332460
16.59, 6332460
16.6, 6332460
16.61, 6332460
16.62, 6332460
16.63, 6332460
16.64, 6332460
16.65, 6332460
16.66, 6332460
16.67, 6332460
16.68, 6332460
16.69, 6332460
16.7, 6332460
16.71, 6332460
16.72, 6332460
16.73, 6332460
16.74, 6332460
16.75, 6332460
16.76, 6332460
16.77, 6332460
16.78, 6332460
16.79, 6332460
16.8, 6332460
16.81, 6332460
16.82, 6332460
16.83, 6332460
16.84, 6332460
16.85, 6332460
16.86, 6332460
16.87, 6332460
16.88, 6332460
16.89, 6332460
16.9, 6332460
16.91, 6332460
16.92, 6332460
16.93, 6332460
16.94, 6332460
16.95, 6332460
16.96, 6332460
16.97, 6332460
16.98, 6332460
16.99, 6332460
17.0, 6332460
17.01, 6332460
17.02, 6332460
17.03, 6332460
17.04, 6332460
17.05, 6332460
17.06, 6332460
17.07, 6332460
17.08, 6332460
17.09, 6332460
17.1, 6332460
17.11, 6332460
17.12, 6332460
17.13, 6332460
17.14, 6332460
17.15, 6332460
17.16, 6332460
17.17, 6332460
17.18, 6332460
17.19, 6332460
17.2, 6332460
17.21, 6332460
17.22, 6332460
17.23, 6332460
17.24, 6332460
17.25, 6332460
17.26, 6332460
17.27, 6332460
17.28, 6332460
17.29, 6332460
17.3, 6332460
17.31, 6332460
17.32, 6332460
17.33, 6332460
17.34, 6332460
17.35, 6332460
17.36, 6332460
17.37, 6332460
17.38, 6332460
17.39, 6332460
17.4, 6332460
17.41, 6332460
17.42, 6332460
17.43, 6332460
17.44, 6332460
17.45, 6332460
17.46, 6332460
17.47, 6332460
17.48, 6332460
17.49, 6332460
17.5, 6332460
17.51, 6332460
17.52, 6332460
17.53, 6332460
17.54, 6332460
17.55, 6332460
17.56, 6332460
17.57, 6332460
17.58, 6332460
17.59, 6332460
17.6, 6332460
17.61, 6332460
17.62, 6332460
17.63, 6332460
17.64, 6332460
17.65, 6332460
17.66, 6332460
17.67, 6332460
17.68, 6332460
17.69, 6332460
17.7, 6332460
17.71, 6332460
17.72, 6332460
17.73, 6332460
17.74, 6332460
17.75, 6332460
17.76, 6332460
17.77, 6332460
17.78, 6332460
17.79, 6332460
17.8, 6332460
17.81, 6332460
17.82, 6332460
17.83, 6332460
17.84, 6332460
17.85, 6332460
17.86, 6332460
17.87, 6332460
17.88, 6332460
17.89, 6332460
17.9, 6332460
17.91, 6332460
17.92, 6332460
17.93, 6332460
17.94, 6332460
17.95, 6332460
17.96, 6332460
17.97, 6332460
17.98, 6332460
17.99, 6332460
18.0, 6332460
18.01, 6332460
18.02, 6332460
18.03, 6332460
18.04, 6332460
18.05, 6332460
18.06, 6332460
18.07, 6332460
18.08, 6332460
18.09, 6332460
18.1, 6332460
18.11, 6332460
18.12, 6332460
18.13, 6332460
18.14, 6332460
18.15, 6332460
18.16, 6332460
18.17, 6332460
18.18, 6332460
18.19, 6332460
18.2, 6332460
18.21, 6332460
18.22, 6332460
18.23, 6332460
18.24, 6332460
18.25, 6332460
18.26, 6332460
18.27, 6332460
18.28, 6332460
18.29, 6332460
18.3, 6332460
18.31, 6332460
18.32, 6332460
18.33, 6332460
18.34, 6332460
18.35, 6332460
18.36, 6332460
18.37, 6332460
18.38, 6332460
18.39, 6332460
18.4, 6332460
18.41, 6332460
18.42, 6332460
18.43, 6332460
18.44, 6332460
18.45, 6332460
18.46, 6332460
18.47, 6332460
18.48, 6332460
18.49, 6332460
18.5, 6332460
18.51, 6332460
18.52, 6332460
18.53, 6332460
18.54, 6332460
18.55, 6332460
18.56, 6332460
18.57, 6332460
18.58, 6332460
18.59, 6332460
18.62, 6332460
18.63, 6332460
18.64, 6332460
18.65, 6332460
18.66, 6332460
18.67, 6332460
18.68, 6332460
18.69, 6332460
18.7, 6332460
18.71, 6332460
18.72, 6332460
18.73, 6332460
18.74, 6332460
18.75, 6332460
18.76, 6332460
18.77, 6332460
18.78, 6332460
18.79, 6332460
18.8, 6332460
18.81, 6332460
18.82, 6332460
18.83, 6332460
18.84, 6332460
18.85, 6332460
18.86, 6332460
18.87, 6332460
18.88, 6332460
18.89, 6332460
18.9, 6332460
18.91, 6332460
18.92, 6332460
18.93, 6332460
18.94, 6332460
18.95, 6332460
18.96, 6332460
18.97, 6332460
18.98, 6332460
18.99, 6332460
19.0, 6332460
19.01, 6332460
19.02, 6332460
19.03, 6332460
19.04, 6332460
19.05, 6332460
19.06, 6332460
19.07, 6332460
19.08, 6332460
19.09, 6332460
19.1, 6332460
19.11, 6332460
19.12, 6332460
19.13, 6332460
19.14, 6332460
19.15, 6332460
19.16, 6332460
19.17, 6332460
19.18, 6332460
19.19, 6332460
19.2, 6332460
19.21, 6332460
19.22, 6332460
19.23, 6332460
19.24, 6332460
19.25, 6332460
19.26, 6332460
19.27, 6332460
19.28, 6332460
19.29, 6332460
19.3, 6332460
19.31, 6332460
19.32, 6332460
19.33, 6332460
19.34, 6332460
19.35, 6332460
19.36, 6332460
19.37, 6332460
19.38, 6332460
19.39, 6332460
19.4, 6332460
19.41, 6332460
19.42, 6332460
19.43, 6332460
19.44, 6332460
19.45, 6332460
19.46, 6332460
19.47, 6332460
19.48, 6332460
19.49, 6332460
19.5, 6205487
19.51, 6205487
19.52, 6205487
19.53, 6205487
19.54, 6205487
19.55, 6205487
19.56, 6205487
19.57, 6205487
19.58, 6205487
19.59, 6205487
19.6, 6205487
19.61, 6205487
19.62, 6205487
19.63, 6205487
19.64, 6205487
19.65, 6205487
19.66, 6205487
19.67, 6205487
19.68, 6205487
19.69, 6205487
19.7, 6205487
19.71, 6205487
19.72, 6205487
19.73, 6205487
19.74, 6205487
19.75, 6205487
19.76, 6205487
19.77, 6205487
19.78, 6205487
19.79, 6205487
19.8, 6205487
19.81, 6205487
19.82, 6205487
19.83, 6205487
19.84, 6205487
19.85, 6205487
19.86, 6205487
19.87, 6205487
19.88, 6205487
19.89, 6205487
19.9, 6205487
19.91, 6205487
19.92, 6205487
19.93, 6205487
19.94, 6205487
19.95, 6205487
19.96, 6205487
19.97, 6205487
19.98, 6205487
19.99, 6205487
20.0, 6205487
20.01, 6205487
20.02, 6205487
20.03, 6205487
20.04, 6205487
20.05, 6205487
20.06, 6205487
20.07, 6205487
20.08, 6205487
20.09, 6205487
20.1, 6205487
20.11, 6205487
20.12, 6205487
20.13, 6205487
20.14, 6205487
20.15, 6205487
20.16, 6205487
20.17, 6205487
20.18, 6205487
20.19, 6205487
20.2, 6205487
20.21, 6205487
20.22, 6205487
20.23, 6205487
20.24, 6205487
20.25, 6205487
20.26, 6205487
20.27, 6205487
20.28, 6205487
20.29, 6205487
20.3, 6205487
20.31, 6205487
20.32, 6205487
20.33, 6205487
20.34, 6205487
20.35, 6205487
20.36, 6205487
20.37, 6205487
20.38, 6205487
20.39, 6205487
20.4, 6205487
20.41, 6205487
20.42, 6205487
20.43, 6205487
20.44, 6205487
20.45, 6205487
20.46, 6205487
20.47, 6205487
20.48, 6205487
20.49, 6205487
20.5, 6205487
20.51, 6205487
20.52, 6205487
20.53, 6205487
20.54, 6205487
20.55, 6205487
20.56, 6205487
20.57, 6205487
20.58, 6205487
20.59, 6205487
20.6, 6205487
20.61, 6205487
20.62, 6205487
20.63, 6205487
20.64, 6205487
20.65, 6205487
20.66, 6205487
20.67, 6205487
20.68, 6205487
20.69, 6205487
20.7, 6205487
20.71, 6205487
20.72, 6205487
20.73, 6205487
20.74, 6205487
20.75, 6205487
20.76, 6205487
20.77, 6205487
20.78, 6205487
20.79, 6205487
20.8, 6205487
20.81, 6205487
20.82, 6205487
20.83, 6205487
20.84, 6205487
20.85, 6205487
20.86, 6205487
20.87, 6205487
20.88, 6205487
20.89, 6205487
20.9, 6205487
20.91, 6205487
20.92, 6205487
20.93, 6205487
20.94, 6205487
20.95, 6205487
20.96, 6205487
20.97, 6205487
20.98, 6205487
20.99, 6205487
21.0, 6205487
21.01, 6205487
21.02, 6205487
21.03, 6205487
21.04, 6205487
21.05, 6205487
21.06, 6205487
21.07, 6205487
21.08, 6205487
21.09, 6205487
21.1, 6205487
21.11, 6205487
21.12, 6205487
21.13, 6205487
21.14, 6205487
21.15, 6205487
21.16, 6205487
21.17, 6205487
21.18, 6205487
21.19, 6205487
21.2, 6205487
21.21, 6205487
21.22, 6205487
21.23, 6205487
21.24, 6205487
21.25, 6205487
21.26, 6205487
21.27, 6205487
21.28, 6205487
21.29, 6205487
21.3, 6205487
21.31, 6205487
21.32, 6205487
21.33, 6205487
21.34, 6205487
21.35, 6205487
21.36, 6205487
21.37, 6205487
21.38, 6205487
21.39, 6205487
21.4, 6205487
21.41, 6205487
21.42, 6205487
21.43, 6205487
21.44, 6205487
21.45, 6205487
21.46, 6205487
21.47, 6205487
21.48, 6205487
21.49, 6205487
21.5, 6205487
21.51, 6205487
21.52, 6205487
21.53, 6205487
21.54, 6205487
21.55, 6205487
21.56, 6205487
21.57, 6205487
21.58, 6205487
21.59, 6205487
21.6, 6205487
21.61, 6205487
21.62, 6205487
21.63, 6205487
21.64, 6205487
21.65, 6205487
21.66, 6205487
21.67, 6205487
21.68, 6205487
21.69, 6205487
21.7, 6205487
21.71, 6205487
21.72, 6205487
21.73, 6205487
21.74, 6205487
21.75, 6205487
21.76, 6205487
21.77, 6205487
21.78, 6205487
21.79, 6205487
21.8, 6205487
21.81, 6205487
21.82, 6205487
21.83, 6205487
21.84, 6205487
21.85, 6205487
21.86, 6205487
21.87, 6205487
21.88, 6205487
21.89, 6205487
21.9, 6205487
21.91, 6205487
21.92, 6205487
21.93, 6205487
21.94, 6205487
21.95, 6205487
21.96, 6205487
21.97, 6205487
21.98, 6205487
21.99, 6205487
22.0, 6205487
22.01, 6205487
22.02, 6205487
22.03, 6205487
22.04, 6205487
22.05, 6205487
22.06, 6205487
22.07, 6205487
22.08, 6205487
22.09, 6205487
22.1, 6205487
22.11, 6205487
22.12, 6205487
22.13, 6205487
22.14, 6205487
22.15, 6205487
22.16, 6205487
22.17, 6205487
22.18, 6205487
22.19, 6205487
22.2, 6205487
22.21, 6205487
22.22, 6205487
22.23, 6205487
22.24, 6205487
22.25, 6205487
22.26, 6205487
22.27, 6205487
22.28, 6205487
22.29, 6205487
22.3, 6205487
22.31, 6205487
22.32, 6205487
22.33, 6205487
22.34, 6205487
22.35, 6205487
22.36, 6205487
22.37, 6205487
22.38, 6205487
22.39, 6205487
22.4, 6205487
22.41, 6205487
22.42, 6205487
22.43, 6205487
22.44, 6205487
22.45, 6205487
22.46, 6205487
22.47, 6205487
22.48, 6205487
22.49, 6205487
22.5, 6205487
22.51, 6205487
22.52, 6205487
22.53, 6205487
22.54, 6205487
22.55, 6205487
22.56, 6205487
22.57, 6205487
22.58, 6205487
22.59, 6205487
22.6, 6205487
22.61, 6205487
22.62, 6205487
22.63, 6205487
22.64, 6205487
22.65, 6205487
22.66, 6205487
22.67, 6205487
22.68, 6205487
22.69, 6205487
22.7, 6205487
22.71, 6205487
22.72, 6205487
22.73, 6205487
22.74, 6205487
22.75, 6205487
22.76, 6205487
22.77, 6205487
22.78, 6205487
22.79, 6205487
22.8, 6205487
22.81, 6205487
22.82, 6205487
22.83, 6205487
22.84, 6205487
22.85, 6205487
22.86, 6205487
22.87, 6205487
22.88, 6205487
22.89, 6205487
22.9, 6205487
22.91, 6205487
22.92, 6205487
22.93, 6205487
22.94, 6205487
22.95, 6205487
22.96, 6205487
22.97, 6205487
22.98, 6205487
22.99, 6205487
23.0, 6205487
23.01, 6205487
23.02, 6205487
23.03, 6205487
23.04, 6205487
23.05, 6205487
23.06, 6205487
23.07, 6205487
23.08, 6205487
23.09, 6205487
23.1, 6205487
23.11, 6205487
23.12, 6205487
23.13, 6205487
23.14, 6205487
23.15, 6205487
23.16, 6205487
23.17, 6205487
23.18, 6205487
23.19, 6205487
23.2, 6205487
23.21, 6205487
23.22, 6205487
23.23, 6205487
23.24, 6205487
23.25, 6205487
23.26, 6205487
23.27, 6205487
23.28, 6205487
23.29, 6205487
23.3, 6205487
23.31, 6205487
23.32, 6205487
23.33, 6205487
23.34, 6205487
23.35, 6205487
23.36, 6205487
23.37, 6205487
23.38, 6205487
23.39, 6205487
23.4, 6205487
23.41, 6205487
23.42, 6205487
23.43, 6205487
23.44, 6205487
23.45, 6205487
23.46, 6205487
23.47, 6205487
23.48, 6205487
23.49, 6205487
23.5, 6205487
23.51, 6205487
23.52, 6205487
23.53, 6205487
23.54, 6205487
23.55, 6205487
23.56, 6205487
23.57, 6205487
23.58, 6205487
23.59, 6205487
23.6, 6205487
23.61, 6205487
23.62, 6205487
23.63, 6205487
23.64, 6205487
23.65, 6205487
23.66, 6205487
23.67, 6205487
23.68, 6205487
23.69, 6205487
23.7, 6205487
23.71, 6205487
23.72, 6205487
23.73, 6205487
23.74, 6205487
23.75, 6205487
23.76, 6205487
23.77, 6205487
23.78, 6205487
23.79, 6205487
23.8, 6205487
23.81, 6205487
23.82, 6205487
23.83, 6205487
23.84, 6205487
23.85, 6205487
23.86, 6205487
23.87, 6205487
23.88, 6205487
23.89, 6205487
23.9, 6205487
23.91, 6205487
23.92, 6205487
23.93, 6205487
23.94, 6205487
23.95, 6205487
23.96, 6205487
23.97, 6205487
23.98, 6205487
23.99, 6205487
24.0, 6205487
24.01, 6205487
24.02, 6205487
24.03, 6205487
24.04, 6205487
24.05, 6205487
24.06, 6205487
24.07, 6205487
24.08, 6205487
24.09, 6205487
24.1, 6205487
24.11, 6205487
24.12, 6205487
24.13, 6205487
24.14, 6205487
24.15, 6205487
24.16, 6205487
24.17, 6205487
24.18, 6205487
24.19, 6205487
24.2, 6205487
24.21, 6205487
24.22, 6205487
24.23, 6205487
24.24, 6205487
24.25, 6205487
24.26, 6205487
24.27, 6205487
24.28, 6205487
24.29, 6205487
24.3, 6205487
24.31, 6205487
24.32, 6205487
24.33, 6205487
24.34, 6205487
24.35, 6205487
24.36, 6205487
24.37, 6205487
24.38, 6205487
24.39, 6205487
24.4, 6205487
24.41, 6205487
24.42, 6205487
24.43, 6205487
24.44, 6205487
24.45, 6205487
24.46, 6205487
24.47, 6205487
24.48, 6205487
24.49, 6205487
24.5, 6205487
24.51, 6205487
24.52, 6205487
24.53, 6205487
24.54, 6205487
24.55, 6205487
24.56, 6205487
24.57, 6205487
24.58, 6205487
24.59, 6205487
24.6, 6205487
24.61, 6205487
24.62, 6205487
24.63, 6205487
24.64, 6205487
24.65, 6205487
24.66, 6205487
24.67, 6205487
24.68, 6205487
24.69, 6205487
24.7, 6205487
24.71, 6205487
24.72, 6205487
24.73, 6205487
24.74, 6205487
24.75, 6205487
24.76, 6205487
24.77, 6205487
24.78, 6205487
24.79, 6205487
24.8, 6205487
24.81, 6205487
24.82, 6205487
24.83, 6205487
24.84, 6205487
24.85, 6205487
24.86, 6205487
24.87, 6205487
24.88, 6205487
24.89, 6205487
24.9, 6205487
24.91, 6205487
24.92, 6205487
24.93, 6205487
24.94, 6205487
24.95, 6205487
24.96, 6205487
24.97, 6205487
24.98, 6205487
24.99, 6205487
25.0, 6205487
25.01, 6205487
25.02, 6205487
25.03, 6205487
25.04, 6205487
25.05, 6205487
25.06, 6205487
25.07, 6205487
25.08, 6205487
25.09, 6205487
25.1, 6205487
25.11, 6205487
25.12, 6205487
25.13, 6205487
25.14, 6205487
25.15, 6205487
25.16, 6205487
25.17, 6205487
25.18, 6205487
25.19, 6205487
25.2, 6205487
25.21, 6205487
25.22, 6205487
25.23, 6205487
25.24, 6205487
25.25, 6205487
25.26, 6205487
25.27, 6205487
25.28, 6205487
25.29, 6205487
25.3, 6205487
25.31, 6205487
25.32, 6205487
25.33, 6205487
25.34, 6205487
25.35, 6205487
25.36, 6205487
25.37, 6205487
25.38, 6205487
25.39, 6205487
25.4, 6205487
25.41, 6205487
25.42, 6205487
25.43, 6205487
25.44, 6205487
25.45, 6205487
25.46, 6205487
25.47, 6205487
25.48, 6205487
25.49, 6205487
25.5, 6205487
25.51, 6205487
25.52, 6205487
25.53, 6205487
25.54, 6205487
25.55, 6205487
25.56, 6205487
25.57, 6205487
25.58, 6205487
25.59, 6205487
25.6, 6205487
25.61, 6205487
25.62, 6205487
25.63, 6205487
25.64, 6205487
25.65, 6205487
25.66, 6205487
25.67, 6205487
25.68, 6205487
25.69, 6205487
25.7, 6205487
25.71, 6205487
25.72, 6205487
25.73, 6205487
25.74, 6205487
25.75, 6205487
25.76, 6205487
25.77, 6205487
25.78, 6205487
25.79, 6205487
25.8, 6205487
25.81, 6205487
25.82, 6205487
25.83, 6205487
25.84, 6205487
25.85, 6205487
25.86, 6205487
25.87, 6205487
25.88, 6205487
25.89, 6205487
25.9, 6205487
25.91, 6205487
25.92, 6205487
25.93, 6205487
25.94, 6205487
25.95, 6205487
25.96, 6205487
25.97, 6205487
25.98, 6205487
25.99, 6205487
26.0, 6205487
26.01, 6205487
26.02, 6205487
26.03, 6205487
26.04, 6205487
26.05, 6205487
26.06, 6205487
26.07, 6205487
26.08, 6205487
26.09, 6205487
26.1, 6205487
26.11, 6205487
26.12, 6205487
26.13, 6205487
26.14, 6205487
26.15, 6205487
26.16, 6205487
26.17, 6205487
26.18, 6205487
26.19, 6205487
26.2, 6205487
26.21, 6205487
26.22, 6205487
26.23, 6205487
26.24, 6205487
26.25, 6205487
26.26, 6205487
26.27, 6205487
26.28, 6205487
26.29, 6205487
26.3, 6205487
26.31, 6205487
26.32, 6205487
26.33, 6205487
26.34, 6205487
26.35, 6205487
26.36, 6205487
26.37, 6205487
26.38, 6205487
26.39, 6205487
26.4, 6205487
26.41, 6205487
26.42, 6205487
26.43, 6205487
26.44, 6205487
26.45, 6205487
26.46, 6205487
26.47, 6205487
26.48, 6205487
26.49, 6205487
26.5, 6205487
26.51, 6205487
26.52, 6205487
26.53, 6205487
26.54, 6205487
26.55, 6205487
26.56, 6205487
26.57, 6205487
26.58, 6205487
26.59, 6205487
26.6, 6205487
26.61, 6205487
26.62, 6205487
26.63, 6205487
26.64, 6205487
26.65, 6205487
26.66, 6205487
26.67, 6205487
26.68, 6205487
26.69, 6205487
26.7, 6205487
26.71, 6205487
26.72, 6205487
26.73, 6205487
26.74, 6205487
26.75, 6205487
26.76, 6205487
26.77, 6205487
26.78, 6205487
26.79, 6205487
26.8, 6205487
26.81, 6205487
26.82, 6205487
26.83, 6205487
26.84, 6205487
26.85, 6205487
26.86, 6205487
26.87, 6205487
26.88, 6205487
26.89, 6205487
26.9, 6205487
26.91, 6205487
26.92, 6205487
26.93, 6205487
26.94, 6205487
26.95, 6205487
26.96, 6205487
26.97, 6205487
26.98, 6205487
26.99, 6205487
27.0, 6205487
27.01, 6205487
27.02, 6205487
27.03, 6205487
27.04, 6205487
27.05, 6205487
27.06, 6205487
27.07, 6205487
27.08, 6205487
27.09, 6205487
27.1, 6205487
27.11, 6205487
27.12, 6205487
27.13, 6205487
27.14, 6205487
27.15, 6205487
27.16, 6205487
27.17, 6205487
27.18, 6205487
27.19, 6205487
27.2, 6205487
27.21, 6205487
27.22, 6205487
27.23, 6205487
27.24, 6205487
27.25, 6205487
27.26, 6205487
27.27, 6205487
27.28, 6205487
27.29, 6205487
27.3, 6205487
27.31, 6205487
27.32, 6205487
27.33, 6205487
27.34, 6205487
27.35, 6205487
27.36, 6205487
27.37, 6205487
27.38, 6205487
27.39, 6205487
27.4, 6205487
27.41, 6205487
27.42, 6205487
27.43, 6205487
27.44, 6205487
27.45, 6205487
27.46, 6205487
27.47, 6205487
27.48, 6205487
27.49, 6205487
27.5, 6205487
27.51, 6205487
27.52, 6205487
27.53, 6205487
27.54, 6205487
27.55, 6205487
27.56, 6205487
27.57, 6205487
27.58, 6205487
27.59, 6205487
27.6, 6205487
27.61, 6205487
27.62, 6205487
27.63, 6205487
27.64, 6205487
27.65, 6205487
27.66, 6205487
27.67, 6205487
27.68, 6205487
27.69, 6205487
27.7, 6205487
27.71, 6205487
27.72, 6205487
27.73, 6205487
27.74, 6205487
27.75, 6205487
27.76, 6205487
27.77, 6205487
27.78, 6205487
27.79, 6205487
27.8, 6205487
27.81, 6205487
27.82, 6205487
27.83, 6205487
27.84, 6205487
27.85, 6205487
27.86, 6205487
27.87, 6205487
27.88, 6205487
27.89, 6205487
27.9, 6205487
27.91, 6205487
27.92, 6205487
27.93, 6205487
27.94, 6205487
27.95, 6205487
27.96, 6205487
27.97, 6205487
27.98, 6205487
27.99, 6205487
28.0, 6205487
28.01, 6205487
28.02, 6205487
28.03, 6205487
28.04, 6205487
28.05, 6205487
28.06, 6205487
28.07, 6205487
28.08, 6205487
28.09, 6205487
28.1, 6205487
28.11, 6205487
28.12, 6205487
28.13, 6205487
28.14, 6205487
28.15, 6205487
28.16, 6205487
28.17, 6205487
28.18, 6205487
28.19, 6205487
28.2, 6205487
28.21, 6205487
28.22, 6205487
28.23, 6205487
28.24, 6205487
28.25, 6205487
28.26, 6205487
28.27, 6205487
28.28, 6205487
28.29, 6205487
28.3, 6205487
28.31, 6205487
28.32, 6205487
28.33, 6205487
28.34, 6205487
28.35, 6205487
28.36, 6205487
28.37, 6205487
28.38, 6205487
28.39, 6205487
28.4, 6205487
28.41, 6205487
28.42, 6205487
28.43, 6205487
28.44, 6205487
28.45, 6205487
28.46, 6205487
28.47, 6205487
28.48, 6205487
28.49, 6205487
28.5, 6205487
28.51, 6205487
28.52, 6205487
28.53, 6205487
28.54, 6205487
28.55, 6205487
28.56, 6205487
28.57, 6205487
28.58, 6205487
28.59, 6205487
28.6, 6205487
28.61, 6205487
28.62, 6205487
28.63, 6205487
28.64, 6205487
28.65, 6205487
28.66, 6205487
28.67, 6205487
28.68, 6205487
28.69, 6205487
28.7, 6205487
28.71, 6205487
28.72, 6205487
28.73, 6205487
28.74, 6205487
28.75, 6205487
28.76, 6205487
28.77, 6205487
28.78, 6205487
28.79, 6205487
28.8, 6205487
28.81, 6205487
28.82, 6205487
28.83, 6205487
28.84, 6205487
28.85, 6205487
28.86, 6205487
28.87, 6205487
28.88, 6205487
28.89, 6205487
28.9, 6205487
28.91, 6205487
28.92, 6205487
28.93, 6205487
28.94, 6205487
28.95, 6205487
28.96, 6205487
28.97, 6205487
28.98, 6205487
28.99, 6205487
29.0, 6205487
29.01, 6205487
29.02, 6205487
29.03, 6205487
29.04, 6205487
29.05, 6205487
29.06, 6205487
29.07, 6205487
29.08, 6205487
29.09, 6205487
29.1, 6205487
29.11, 6205487
29.12, 6205487
29.13, 6205487
29.14, 6205487
29.15, 6205487
29.16, 6205487
29.17, 6205487
29.18, 6205487
29.19, 6205487
29.2, 6205487
29.21, 6205487
29.22, 6205487
29.23, 6205487
29.24, 6205487
29.25, 6205487
29.26, 6205487
29.27, 6205487
29.28, 6205487
29.29, 6205487
29.3, 6205487
29.31, 6205487
29.32, 6205487
29.33, 6205487
29.34, 6205487
29.35, 6205487
29.36, 6205487
29.37, 6205487
29.38, 6205487
29.39, 6205487
29.4, 6205487
29.41, 6205487
29.42, 6205487
29.43, 6205487
29.44, 6205487
29.45, 6205487
29.46, 6205487
29.47, 6205487
29.48, 6205487
29.49, 6205487
29.5, 6205487
29.51, 6205487
29.52, 6205487
29.53, 6205487
29.54, 6205487
29.55, 6205487
29.56, 6205487
29.57, 6205487
29.58, 6205487
29.59, 6205487
29.6, 6205487
29.61, 6205487
29.62, 6205487
29.63, 6205487
29.64, 6205487
29.65, 6205487
29.66, 6205487
29.67, 6205487
29.68, 6205487
29.69, 6205487
29.7, 6205487
29.71, 6205487
29.72, 6205487
29.73, 6205487
29.74, 6205487
29.75, 6205487
29.76, 6205487
29.77, 6205487
29.78, 6205487
29.79, 6205487
29.8, 6205487
29.81, 6205487
29.82, 6205487
29.83, 6205487
29.84, 6205487
29.85, 6205487
29.86, 6205487
29.87, 6205487
29.88, 6205487
29.89, 6205487
29.9, 6205487
29.91, 6205487
29.92, 6205487
29.93, 6205487
29.94, 6205487
29.95, 6205487
29.96, 6205487
29.97, 6205487
29.98, 6205487
29.99, 6205487
30.0, 6205487
30.01, 6205487
30.02, 6205487
30.03, 6205487
30.04, 6205487
30.05, 6205487
30.06, 6205487
30.07, 6205487
30.08, 6205487
30.09, 6205487
30.1, 6205487
30.11, 6205487
30.12, 6205487
30.13, 6205487
30.14, 6205487
30.15, 6205487
30.16, 6205487
30.17, 6205487
30.18, 6205487
30.19, 6205487
30.2, 6205487
30.21, 6205487
30.22, 6205487
30.23, 6205487
30.24, 6205487
30.25, 6205487
30.26, 6205487
30.27, 6205487
30.28, 6205487
30.29, 6205487
30.3, 6205487
30.31, 6205487
30.32, 6205487
30.33, 6205487
30.34, 6205487
30.35, 6205487
30.36, 6205487
30.37, 6205487
30.38, 6205487
30.39, 6205487
30.4, 6205487
30.41, 6205487
30.42, 6205487
30.43, 6205487
30.44, 6205487
30.45, 6205487
30.46, 6205487
30.47, 6205487
30.48, 6205487
30.49, 6205487
30.5, 6205487
30.51, 6205487
30.52, 6205487
30.53, 6205487
30.54, 6205487
30.55, 6205487
30.56, 6205487
30.57, 6205487
30.58, 6205487
30.59, 6205487
30.6, 6205487
30.61, 6205487
30.62, 6205487
30.63, 6205487
30.64, 6205487
30.65, 6205487
30.66, 6205487
30.67, 6205487
30.68, 6205487
30.69, 6205487
30.7, 6205487
30.71, 6205487
30.72, 6205487
30.73, 6205487
30.74, 6205487
30.75, 6205487
30.76, 6205487
30.77, 6205487
30.78, 6205487
30.79, 6205487
30.8, 6205487
30.81, 6205487
30.82, 6205487
30.83, 6205487
30.84, 6205487
30.85, 6205487
30.86, 6205487
30.87, 6205487
30.88, 6205487
30.89, 6205487
30.9, 6205487
30.91, 6205487
30.92, 6205487
30.93, 6205487
30.94, 6205487
30.95, 6205487
30.96, 6205487
30.97, 6205487
30.98, 6205487
30.99, 6205487
31.0, 6205487
31.01, 6205487
31.02, 6205487
31.03, 6205487
31.04, 6205487
31.05, 6205487
31.06, 6205487
31.07, 6205487
31.08, 6205487
31.09, 6205487
31.1, 6205487
31.11, 6205487
31.12, 6205487
31.13, 6205487
31.14, 6205487
31.15, 6205487
31.16, 6205487
31.17, 6205487
31.18, 6205487
31.19, 6205487
31.2, 6205487
31.21, 6205487
31.22, 6205487
31.23, 6205487
31.24, 6205487
31.25, 6205487
31.26, 6205487
31.27, 6205487
31.28, 6205487
31.29, 6205487
31.3, 6205487
31.31, 6205487
31.32, 6205487
31.33, 6205487
31.34, 6205487
31.35, 6205487
31.36, 6205487
31.37, 6205487
31.38, 6205487
31.39, 6205487
31.4, 6205487
31.41, 6205487
31.42, 6205487
31.43, 6205487
31.44, 6205487
31.45, 6205487
31.46, 6205487
31.47, 6205487
31.48, 6205487
31.49, 6205487
31.5, 6205487
31.51, 6205487
31.52, 6205487
31.53, 6205487
31.54, 6205487
31.55, 6205487
31.56, 6205487
31.57, 6205487
31.58, 6205487
31.59, 6205487
31.6, 6205487
31.61, 6205487
31.62, 6205487
31.63, 6205487
31.64, 6205487
31.65, 6205487
31.66, 6205487
31.67, 6205487
31.68, 6205487
31.69, 6205487
31.7, 6205487
31.71, 6205487
31.72, 6205487
31.73, 6205487
31.74, 6205487
31.75, 6205487
31.76, 6205487
31.77, 6205487
31.78, 6205487
31.79, 6205487
31.8, 6205487
31.81, 6205487
31.82, 6205487
31.83, 6205487
31.84, 6205487
31.85, 6205487
31.86, 6205487
31.87, 6205487
31.88, 6205487
31.89, 6205487
31.9, 6205487
31.91, 6205487
31.92, 6205487
31.93, 6205487
31.94, 6205487
31.95, 6205487
31.96, 6205487
31.97, 6205487
31.98, 6205487
31.99, 6205487
32.0, 6205487
32.01, 6205487
32.02, 6205487
32.03, 6205487
32.04, 6205487
32.05, 6205487
32.06, 6205487
32.07, 6205487
32.08, 6205487
32.09, 6205487
32.1, 6205487
32.11, 6205487
32.12, 6205487
32.13, 6205487
32.14, 6205487
32.15, 6205487
32.16, 6205487
32.17, 6205487
32.18, 6205487
32.19, 6205487
32.2, 6205487
32.21, 6205487
32.22, 6205487
32.23, 6205487
32.24, 6205487
32.25, 6205487
32.26, 6205487
32.27, 6205487
32.28, 6205487
32.29, 6205487
32.3, 6205487
32.31, 6205487
32.32, 6205487
32.33, 6205487
32.34, 6205487
32.35, 6205487
32.36, 6205487
32.37, 6205487
32.38, 6205487
32.39, 6205487
32.4, 6205487
32.41, 6205487
32.42, 6205487
32.43, 6205487
32.44, 6205487
32.45, 6205487
32.46, 6205487
32.47, 6205487
32.48, 6205487
32.49, 6205487
32.5, 6205487
32.51, 6205487
32.52, 6205487
32.53, 6205487
32.54, 6205487
32.55, 6205487
32.56, 6205487
32.57, 6205487
32.58, 6205487
32.59, 6205487
32.6, 6205487
32.61, 6205487
32.62, 6205487
32.63, 6205487
32.64, 6205487
32.65, 6205487
32.66, 6205487
32.67, 6205487
32.68, 6205487
32.69, 6205487
32.7, 6205487
32.71, 6205487
32.72, 6205487
32.73, 6205487
32.74, 6205487
32.75, 6205487
32.76, 6205487
32.77, 6205487
32.78, 6205487
32.79, 6205487
32.8, 6205487
32.81, 6205487
32.82, 6205487
32.83, 6205487
32.84, 6205487
32.85, 6205487
32.86, 6205487
32.87, 6205487
32.88, 6205487
32.89, 6205487
32.9, 6205487
32.91, 6205487
32.92, 6205487
32.93, 6205487
32.94, 6205487
32.95, 6205487
32.96, 6205487
32.97, 6205487
32.98, 6205487
32.99, 6205487
33.0, 6205487
33.01, 6205487
33.02, 6205487
33.03, 6205487
33.04, 6205487
33.05, 6205487
33.06, 6205487
33.07, 6205487
33.08, 6205487
33.09, 6205487
33.1, 6205487
33.11, 6205487
33.12, 6205487
33.13, 6205487
33.14, 6205487
33.15, 6205487
33.16, 6205487
33.17, 6205487
33.18, 6205487
33.19, 6205487
33.2, 6205487
33.21, 6205487
33.22, 6205487
33.23, 6205487
33.24, 6205487
33.25, 6205487
33.26, 6205487
33.27, 6205487
33.28, 6205487
33.29, 6205487
33.3, 6205487
33.31, 6205487
33.32, 6205487
33.33, 6205487
33.34, 6205487
33.35, 6205487
33.36, 6205487
33.37, 6205487
33.38, 6205487
33.39, 6205487
33.4, 6205487
33.41, 6205487
33.42, 6205487
33.43, 6205487
33.44, 6205487
33.45, 6205487
33.46, 6205487
33.47, 6205487
33.48, 6205487
33.49, 6205487
33.5, 6205487
33.51, 6205487
33.52, 6205487
33.53, 6205487
33.54, 6205487
33.55, 6205487
33.56, 6205487
33.57, 6205487
33.58, 6205487
33.59, 6205487
33.6, 6205487
33.61, 6205487
33.62, 6205487
33.63, 6205487
33.64, 6205487
33.65, 6205487
33.66, 6205487
33.67, 6205487
33.68, 6205487
33.69, 6205487
33.7, 6205487
33.71, 6205487
33.72, 6205487
33.73, 6205487
33.74, 6205487
33.75, 6205487
33.76, 6205487
33.77, 6205487
33.78, 6205487
33.79, 6205487
33.8, 6205487
33.81, 6205487
33.82, 6205487
33.83, 6205487
33.84, 6205487
33.85, 6205487
33.86, 6205487
33.87, 6205487
33.88, 6205487
33.89, 6205487
33.9, 6205487
33.91, 6205487
33.92, 6205487
33.93, 6205487
33.94, 6205487
33.95, 6205487
33.96, 6205487
33.97, 6205487
33.98, 6205487
33.99, 6205487
34.0, 6205487
34.01, 6205487
34.02, 6205487
34.03, 6205487
34.04, 6205487
34.05, 6205487
34.06, 6205487
34.07, 6205487
34.08, 6205487
34.09, 6205487
34.1, 6205487
34.11, 6205487
34.12, 6205487
34.13, 6205487
34.14, 6205487
34.15, 6205487
34.16, 6205487
34.17, 6205487
34.18, 6205487
34.19, 6205487
34.2, 6205487
34.21, 6205487
34.22, 6205487
34.23, 6205487
34.24, 6205487
34.25, 6205487
34.26, 6205487
34.27, 6205487
34.28, 6205487
34.29, 6205487
34.3, 6205487
34.31, 6205487
34.32, 6205487
34.33, 6205487
34.34, 6205487
34.35, 6205487
34.36, 6205487
34.37, 6205487
34.38, 6205487
34.39, 6205487
34.4, 6205487
34.41, 6205487
34.42, 6205487
34.43, 6205487
34.44, 6205487
34.45, 6205487
34.46, 6205487
34.47, 6205487
34.48, 6205487
34.49, 6205487
34.5, 6205487
34.51, 6205487
34.52, 6205487
34.53, 6205487
34.54, 6205487
34.55, 6205487
34.56, 6205487
34.57, 6205487
34.58, 6205487
34.59, 6205487
34.6, 6205487
34.61, 6205487
34.62, 6205487
34.63, 6205487
34.64, 6205487
34.65, 6205487
34.66, 6205487
34.67, 6205487
34.68, 6205487
34.69, 6205487
34.7, 6205487
34.71, 6205487
34.72, 6205487
34.73, 6205487
34.74, 6205487
34.75, 6205487
34.76, 6205487
34.77, 6205487
34.78, 6205487
34.79, 6205487
34.8, 6205487
34.81, 6205487
34.82, 6205487
34.83, 6205487
34.84, 6205487
34.85, 6205487
34.86, 6205487
34.87, 6205487
34.88, 6205487
34.89, 6205487
34.9, 6205487
34.91, 6205487
34.92, 6205487
34.93, 6205487
34.94, 6205487
34.95, 6205487
34.96, 6205487
34.97, 6205487
34.98, 6205487
34.99, 6205487
35.0, 6205487
35.01, 6205487
35.02, 6205487
35.03, 6205487
35.04, 6205487
35.05, 6205487
35.06, 6205487
35.07, 6205487
35.08, 6205487
35.09, 6205487
35.1, 6205487
35.11, 6205487
35.12, 6205487
35.13, 6205487
35.14, 6205487
35.15, 6205487
35.16, 6205487
35.17, 6205487
35.18, 6205487
35.19, 6205487
35.2, 6205487
35.21, 6205487
35.22, 6205487
35.23, 6205487
35.24, 6205487
35.25, 6205487
35.26, 6205487
35.27, 6205487
35.28, 6205487
35.29, 6205487
35.3, 6205487
35.31, 6205487
35.32, 6205487
35.33, 6205487
35.34, 6205487
35.35, 6205487
35.36, 6205487
35.37, 6205487
35.38, 6205487
35.39, 6205487
35.4, 6205487
35.41, 6205487
35.42, 6205487
35.43, 6205487
35.44, 6205487
35.45, 6205487
35.46, 6205487
35.47, 6205487
35.48, 6205487
35.49, 6205487
35.5, 6205487
35.51, 6205487
35.52, 6205487
35.53, 6205487
35.54, 6205487
35.55, 6205487
35.56, 6205487
35.57, 6205487
35.58, 6205487
35.59, 6205487
35.6, 6205487
35.61, 6205487
35.62, 6205487
35.63, 6205487
35.64, 6205487
35.65, 6205487
35.66, 6205487
35.67, 6205487
35.68, 6205487
35.69, 6205487
35.7, 6205487
35.71, 6205487
35.72, 6205487
35.73, 6205487
35.74, 6205487
35.75, 6205487
35.76, 6205487
35.77, 6205487
35.78, 6205487
35.79, 6205487
35.8, 6205487
35.81, 6205487
35.82, 6205487
35.83, 6205487
35.84, 6205487
35.85, 6205487
35.86, 6205487
35.87, 6205487
35.88, 6205487
35.89, 6205487
35.9, 6205487
35.91, 6205487
35.92, 6205487
35.93, 6205487
35.94, 6205487
35.95, 6205487
35.96, 6205487
35.97, 6205487
35.98, 6205487
35.99, 6205487
36.0, 6205487
36.01, 6205487
36.02, 6205487
36.03, 6205487
36.04, 6205487
36.05, 6205487
36.06, 6205487
36.07, 6205487
36.08, 6205487
36.09, 6205487
36.1, 6205487
36.11, 6205487
36.12, 6205487
36.13, 6205487
36.14, 6205487
36.15, 6205487
36.16, 6205487
36.17, 6205487
36.18, 6205487
36.19, 6205487
36.2, 6205487
36.21, 6205487
36.22, 6205487
36.23, 6205487
36.24, 6205487
36.25, 6205487
36.26, 6205487
36.27, 6205487
36.28, 6205487
36.29, 6205487
36.3, 6205487
36.31, 6205487
36.32, 6205487
36.33, 6205487
36.34, 6205487
36.35, 6205487
36.36, 6205487
36.37, 6205487
36.38, 6205487
36.39, 6205487
36.4, 6205487
36.41, 6205487
36.42, 6205487
36.43, 6205487
36.44, 6205487
36.45, 6205487
36.46, 6205487
36.47, 6205487
36.48, 6205487
36.49, 6205487
36.5, 6205487
36.51, 6205487
36.52, 6205487
36.53, 6205487
36.54, 6205487
36.55, 6205487
36.56, 6205487
36.57, 6205487
36.58, 6205487
36.59, 6205487
36.6, 6205487
36.61, 6205487
36.62, 6205487
36.63, 6205487
36.64, 6205487
36.65, 6205487
36.66, 6205487
36.67, 6205487
36.68, 6205487
36.69, 6205487
36.7, 6205487
36.71, 6205487
36.72, 6205487
36.73, 6205487
36.74, 6205487
36.75, 6205487
36.76, 6205487
36.77, 6205487
36.78, 6205487
36.79, 6205487
36.8, 6205487
36.81, 6205487
36.82, 6205487
36.83, 6205487
36.84, 6205487
36.85, 6205487
36.86, 6205487
36.87, 6205487
36.88, 6205487
36.89, 6205487
36.9, 6205487
36.91, 6205487
36.92, 6205487
36.93, 6205487
36.94, 6205487
36.95, 6205487
36.96, 6205487
36.97, 6205487
36.98, 6205487
36.99, 6205487
37.0, 6205487
37.01, 6205487
37.02, 6205487
37.03, 6205487
37.04, 6205487
37.05, 6205487
37.06, 6205487
37.07, 6205487
37.08, 6205487
37.09, 6205487
37.1, 6205487
37.11, 6205487
37.12, 6205487
37.13, 6205487
37.14, 6205487
37.15, 6205487
37.16, 6205487
37.17, 6205487
37.18, 6205487
37.19, 6205487
37.2, 6205487
37.21, 6205487
37.22, 6205487
37.23, 6205487
37.24, 6205487
37.25, 6205487
37.26, 6205487
37.27, 6205487
37.28, 6205487
37.29, 6205487
37.3, 6205487
37.31, 6205487
37.32, 6205487
37.33, 6205487
37.34, 6205487
37.35, 6205487
37.36, 6205487
37.37, 6205487
37.38, 6205487
37.39, 6205487
37.4, 6205487
37.41, 6205487
37.42, 6205487
37.43, 6205487
37.44, 6205487
37.45, 6205487
37.46, 6205487
37.47, 6205487
37.48, 6205487
37.49, 6205487
37.5, 6205487
37.51, 6205487
37.52, 6205487
37.53, 6205487
37.54, 6205487
37.55, 6205487
37.56, 6205487
37.57, 6205487
37.58, 6205487
37.59, 6205487
37.6, 6205487
37.61, 6205487
37.62, 6205487
37.63, 6205487
37.64, 6205487
37.65, 6205487
37.66, 6205487
37.67, 6205487
37.68, 6205487
37.69, 6205487
37.7, 6205487
37.71, 6205487
37.72, 6205487
37.73, 6205487
37.74, 6205487
37.75, 6205487
37.76, 6205487
37.77, 6205487
37.78, 6205487
37.79, 6205487
37.8, 6205487
37.81, 6205487
37.82, 6205487
37.83, 6205487
37.84, 6205487
37.85, 6205487
37.86, 6205487
37.87, 6205487
37.88, 6205487
37.89, 6205487
37.9, 6205487
37.91, 6205487
37.92, 6205487
37.93, 6205487
37.94, 6205487
37.95, 6205487
37.96, 6205487
37.97, 6205487
37.98, 6205487
37.99, 6205487
38.0, 6205487
38.01, 6205487
38.02, 6205487
38.03, 6205487
38.04, 6205487
38.05, 6205487
38.06, 6205487
38.07, 6205487
38.08, 6205487
38.09, 6205487
38.1, 6205487
38.11, 6205487
38.12, 6205487
38.13, 6205487
38.14, 6205487
38.15, 6205487
38.16, 6205487
38.17, 6205487
38.18, 6205487
38.19, 6205487
38.2, 6205487
38.21, 6205487
38.22, 6205487
38.23, 6205487
38.24, 6205487
38.25, 6205487
38.26, 6205487
38.27, 6205487
38.28, 6205487
38.29, 6205487
38.3, 6205487
38.31, 6205487
38.32, 6205487
38.33, 6205487
38.34, 6205487
38.35, 6205487
38.36, 6205487
38.37, 6205487
38.38, 6205487
38.39, 6205487
38.4, 6205487
38.41, 6205487
38.42, 6205487
38.43, 6205487
38.44, 6205487
38.45, 6205487
38.46, 6205487
38.47, 6205487
38.48, 6205487
38.49, 6205487
38.5, 6205487
38.51, 6205487
38.52, 6205487
38.53, 6205487
38.54, 6205487
38.55, 6205487
38.56, 6205487
38.57, 6205487
38.58, 6205487
38.59, 6205487
38.6, 6205487
38.61, 6205487
38.62, 6205487
38.63, 6205487
38.64, 6205487
38.65, 6205487
38.66, 6205487
38.67, 6205487
38.68, 6205487
38.69, 6205487
38.7, 6205487
38.71, 6205487
38.72, 6205487
38.73, 6205487
38.74, 6205487
38.75, 6205487
38.76, 6205487
38.77, 6205487
38.78, 6205487
38.79, 6205487
38.8, 6205487
38.81, 6205487
38.82, 6205487
38.83, 6205487
38.84, 6205487
38.85, 6205487
38.86, 6205487
38.87, 6205487
38.88, 6205487
38.89, 6205487
38.9, 6205487
38.91, 6205487
38.92, 6205487
38.93, 6205487
38.94, 6205487
38.95, 6205487
38.96, 6205487
38.97, 6205487
38.98, 6205487
38.99, 6205487
39.0, 6205487
39.01, 6205487
39.02, 6205487
39.03, 6205487
39.04, 6205487
39.05, 6205487
39.06, 6205487
39.07, 6205487
39.08, 6205487
39.09, 6205487
39.1, 6205487
39.11, 6205487
39.12, 6205487
39.13, 6205487
39.14, 6205487
39.15, 6205487
39.16, 6205487
39.17, 6205487
39.18, 6205487
39.19, 6205487
39.2, 6205487
39.21, 6205487
39.22, 6205487
39.23, 6205487
39.24, 6205487
39.25, 6205487
39.26, 6205487
39.27, 6205487
39.28, 6205487
39.29, 6205487
39.3, 6205487
39.31, 6205487
39.32, 6205487
39.33, 6205487
39.34, 6205487
39.35, 6205487
39.36, 6205487
39.37, 6205487
39.38, 6205487
39.39, 6205487
39.4, 6205487
39.41, 6205487
39.42, 6205487
39.43, 6205487
39.44, 6205487
39.45, 6205487
39.46, 6205487
39.47, 6205487
39.48, 6205487
39.49, 6205487
39.5, 6205487
39.51, 6205487
39.52, 6205487
39.53, 6205487
39.54, 6205487
39.55, 6205487
39.56, 6205487
39.57, 6205487
39.58, 6205487
39.59, 6205487
39.6, 6205487
39.61, 6205487
39.62, 6205487
39.63, 6205487
39.64, 6205487
39.65, 6205487
39.66, 6205487
39.67, 6205487
39.68, 6205487
39.69, 6205487
39.7, 6205487
39.71, 6205487
39.72, 6205487
39.73, 6205487
39.74, 6205487
39.75, 6205487
39.76, 6205487
39.77, 6205487
39.78, 6205487
39.79, 6205487
39.8, 6205487
39.81, 6205487
39.82, 6205487
39.83, 6205487
39.84, 6205487
39.85, 6205487
39.86, 6205487
39.87, 6205487
39.88, 6205487
39.89, 6205487
39.9, 6205487
39.91, 6205487
39.92, 6205487
39.93, 6205487
39.94, 6205487
39.95, 6205487
39.96, 6205487
39.97, 6205487
39.98, 6205487
39.99, 6205487
40.0, 6205487
40.01, 6205487
40.02, 6205487
40.03, 6205487
40.04, 6205487
40.05, 6205487
40.06, 6205487
40.07, 6205487
40.08, 6205487
40.09, 6205487
40.1, 6205487
40.11, 6205487
40.12, 6205487
40.13, 6205487
40.14, 6205487
40.15, 6205487
40.16, 6205487
40.17, 6205487
40.18, 6205487
40.19, 6205487
40.2, 6205487
40.21, 6205487
40.22, 6205487
40.23, 6205487
40.24, 6205487
40.25, 6205487
40.26, 6205487
40.27, 6205487
40.28, 6205487
40.29, 6205487
40.3, 6205487
40.31, 6205487
40.32, 6205487
40.33, 6205487
40.34, 6205487
40.35, 6205487
40.36, 6205487
40.37, 6205487
40.38, 6205487
40.39, 6205487
40.4, 6205487
40.41, 6205487
40.42, 6205487
40.43, 6205487
40.44, 6205487
40.45, 6205487
40.46, 6205487
40.47, 6205487
40.48, 6205487
40.49, 6205487
40.5, 6205487
40.51, 6205487
40.52, 6205487
40.53, 6205487
40.54, 6205487
40.55, 6205487
40.56, 6205487
40.57, 6205487
40.58, 6205487
40.59, 6205487
40.6, 6205487
40.61, 6205487
40.62, 6205487
40.63, 6205487
40.64, 6205487
40.65, 6205487
40.66, 6205487
40.67, 6205487
40.68, 6205487
40.69, 6205487
40.7, 6205487
40.71, 6205487
40.72, 6205487
40.73, 6205487
40.74, 6205487
40.75, 6205487
40.76, 6205487
40.77, 6205487
40.78, 6205487
40.79, 6205487
40.8, 6205487
40.81, 6205487
40.82, 6205487
40.83, 6205487
40.84, 6205487
40.85, 6205487
40.86, 6205487
40.87, 6205487
40.88, 6205487
40.89, 6205487
40.9, 6205487
40.91, 6205487
40.92, 6205487
40.93, 6205487
40.94, 6205487
40.95, 6205487
40.96, 6205487
40.97, 6205487
40.98, 6205487
40.99, 6205487
41.0, 6205487
41.01, 6205487
41.02, 6205487
41.03, 6205487
41.04, 6205487
41.05, 6205487
41.06, 6205487
41.07, 6205487
41.08, 6205487
41.09, 6205487
41.1, 6205487
41.11, 6205487
41.12, 6205487
41.13, 6205487
41.14, 6205487
41.15, 6205487
41.16, 6205487
41.17, 6205487
41.18, 6205487
41.19, 6205487
41.2, 6205487
41.21, 6205487
41.22, 6205487
41.23, 6205487
41.24, 6205487
41.25, 6205487
41.26, 6205487
41.27, 6205487
41.28, 6205487
41.29, 6205487
41.3, 6205487
41.31, 6205487
41.32, 6205487
41.33, 6205487
41.34, 6205487
41.35, 6205487
41.36, 6205487
41.37, 6205487
41.38, 6205487
41.39, 6205487
41.4, 6205487
41.41, 6205487
41.42, 6205487
41.43, 6205487
41.44, 6205487
41.45, 6205487
41.46, 6205487
41.47, 6205487
41.48, 6205487
41.49, 6205487
41.5, 6205487
41.51, 6205487
41.52, 6205487
41.53, 6205487
41.54, 6205487
41.55, 6205487
41.56, 6205487
41.57, 6205487
41.58, 6205487
41.59, 6205487
41.6, 6205487
41.61, 6205487
41.62, 6205487
41.63, 6205487
41.64, 6205487
41.65, 6205487
41.66, 6205487
41.67, 6205487
41.68, 6205487
41.69, 6205487
41.7, 6205487
41.71, 6205487
41.72, 6205487
41.73, 6205487
41.74, 6205487
41.75, 6205487
41.76, 6205487
41.77, 6205487
41.78, 6205487
41.79, 6205487
41.8, 6205487
41.81, 6205487
41.82, 6205487
41.83, 6205487
41.84, 6205487
41.85, 6205487
41.86, 6205487
41.87, 6205487
41.88, 6205487
41.89, 6205487
41.9, 6205487
41.91, 6205487
41.92, 6205487
41.93, 6205487
41.94, 6205487
41.95, 6205487
41.96, 6205487
41.97, 6205487
41.98, 6205487
41.99, 6205487
42.0, 6205487
42.01, 6205487
42.02, 6205487
42.03, 6205487
42.04, 6205487
42.05, 6205487
42.06, 6205487
42.07, 6205487
42.08, 6205487
42.09, 6205487
42.1, 6205487
42.11, 6205487
42.12, 6205487
42.13, 6205487
42.14, 6205487
42.15, 6205487
42.16, 6205487
42.17, 6205487
42.18, 6205487
42.19, 6205487
42.2, 6205487
42.21, 6205487
42.22, 6205487
42.23, 6205487
42.24, 6205487
42.25, 6205487
42.26, 6205487
42.27, 6205487
42.28, 6205487
42.29, 6205487
42.3, 6205487
42.31, 6205487
42.32, 6205487
42.33, 6205487
42.34, 6205487
42.35, 6205487
42.36, 6205487
42.37, 6205487
42.38, 6205487
42.39, 6205487
42.4, 6205487
42.41, 6205487
42.42, 6205487
42.43, 6205487
42.44, 6205487
42.45, 6205487
42.46, 6205487
42.47, 6205487
42.48, 6205487
42.49, 6205487
42.5, 6205487
42.51, 6205487
42.52, 6205487
42.53, 6205487
42.54, 6205487
42.55, 6205487
42.56, 6205487
42.57, 6205487
42.58, 6205487
42.59, 6205487
42.6, 6205487
42.61, 6205487
42.62, 6205487
42.63, 6205487
42.64, 6205487
42.65, 6205487
42.66, 6205487
42.67, 6205487
42.68, 6205487
42.69, 6205487
42.7, 6205487
42.71, 6205487
42.72, 6205487
42.73, 6205487
42.74, 6205487
42.75, 6205487
42.76, 6205487
42.77, 6205487
42.78, 6205487
42.79, 6205487
42.8, 6205487
42.81, 6205487
42.82, 6205487
42.83, 6205487
42.84, 6205487
42.85, 6205487
42.86, 6205487
42.87, 6205487
42.88, 6205487
42.89, 6205487
42.9, 6205487
42.91, 6205487
42.92, 6205487
42.93, 6205487
42.94, 6205487
42.95, 6205487
42.96, 6205487
42.97, 6205487
42.98, 6205487
42.99, 6205487
43.0, 6205487
43.01, 6205487
43.02, 6205487
43.03, 6205487
43.04, 6205487
43.05, 6205487
43.06, 6205487
43.07, 6205487
43.08, 6205487
43.09, 6205487
43.1, 6205487
43.11, 6205487
43.12, 6205487
43.13, 6205487
43.14, 6205487
43.15, 6205487
43.16, 6205487
43.17, 6205487
43.18, 6205487
43.19, 6205487
43.2, 6205487
43.21, 6205487
43.22, 6205487
43.23, 6205487
43.24, 6205487
43.25, 6205487
43.26, 6205487
43.27, 6205487
43.28, 6205487
43.29, 6205487
43.3, 6205487
43.31, 6205487
43.32, 6205487
43.33, 6205487
43.34, 6205487
43.35, 6205487
43.36, 6205487
43.37, 6205487
43.38, 6205487
43.39, 6205487
43.4, 6205487
43.41, 6205487
43.42, 6205487
43.43, 6205487
43.44, 6205487
43.45, 6205487
43.46, 6205487
43.47, 6205487
43.48, 6205487
43.49, 6205487
43.5, 6205487
43.51, 6205487
43.52, 6205487
43.53, 6205487
43.54, 6205487
43.55, 6205487
43.56, 6205487
43.57, 6205487
43.58, 6205487
43.59, 6205487
43.6, 6205487
43.61, 6205487
43.62, 6205487
43.63, 6205487
43.64, 6205487
43.65, 6205487
43.66, 6205487
43.67, 6205487
43.68, 6205487
43.69, 6205487
43.7, 6205487
43.71, 6205487
43.72, 6205487
43.73, 6205487
43.74, 6205487
43.75, 6205487
43.76, 6205487
43.77, 6205487
43.78, 6205487
43.79, 6205487
43.8, 6205487
43.81, 6205487
43.82, 6205487
43.83, 6205487
43.84, 6205487
43.85, 6205487
43.86, 6205487
43.87, 6205487
43.88, 6205487
43.89, 6205487
43.9, 6205487
43.91, 6205487
43.92, 6205487
43.93, 6205487
43.94, 6205487
43.95, 6205487
43.96, 6205487
43.97, 6205487
43.98, 6205487
43.99, 6205487
44.0, 6205487
44.01, 6205487
44.02, 6205487
44.03, 6205487
44.04, 6205487
44.05, 6205487
44.06, 6205487
44.07, 6205487
44.08, 6205487
44.09, 6205487
44.1, 6205487
44.11, 6205487
44.12, 6205487
44.13, 6205487
44.14, 6205487
44.15, 6205487
44.16, 6205487
44.17, 6205487
44.18, 6205487
44.19, 6205487
44.2, 6205487
44.21, 6205487
44.22, 6205487
44.23, 6205487
44.24, 6205487
44.25, 6205487
44.26, 6205487
44.27, 6205487
44.28, 6205487
44.29, 6205487
44.3, 6205487
44.31, 6205487
44.32, 6205487
44.33, 6205487
44.34, 6205487
44.35, 6205487
44.36, 6205487
44.37, 6205487
44.38, 6205487
44.39, 6205487
44.4, 6205487
44.41, 6205487
44.42, 6205487
44.43, 6205487
44.44, 6205487
44.45, 6205487
44.46, 6205487
44.47, 6205487
44.48, 6205487
44.49, 6205487
44.5, 6205487
44.51, 6205487
44.52, 6205487
44.53, 6205487
44.54, 6205487
44.55, 6205487
44.56, 6205487
44.57, 6205487
44.58, 6205487
44.59, 6205487
44.6, 6205487
44.61, 6205487
44.62, 6205487
44.63, 6205487
44.64, 6205487
44.65, 6205487
44.66, 6205487
44.67, 6205487
44.68, 6205487
44.69, 6205487
44.7, 6205487
44.71, 6205487
44.72, 6205487
44.73, 6205487
44.74, 6205487
44.75, 6205487
44.76, 6205487
44.77, 6205487
44.78, 6205487
44.79, 6205487
44.8, 6205487
44.81, 6205487
44.82, 6205487
44.83, 6205487
44.84, 6205487
44.85, 6205487
44.86, 6205487
44.87, 6205487
44.88, 6205487
44.89, 6205487
44.9, 6205487
44.91, 6205487
44.92, 6205487
44.93, 6205487
44.94, 6205487
44.95, 6205487
44.96, 6205487
44.97, 6205487
44.98, 6205487
44.99, 6205487
45.0, 6205487
45.01, 6205487
45.02, 6205487
45.03, 6205487
45.04, 6205487
45.05, 6205487
45.06, 6205487
45.07, 6205487
45.08, 6205487
45.09, 6205487
45.1, 6205487
45.11, 6205487
45.12, 6205487
45.13, 6205487
45.14, 6205487
45.15, 6205487
45.16, 6205487
45.17, 6205487
45.18, 6205487
45.19, 6205487
45.2, 6205487
45.21, 6205487
45.22, 6205487
45.23, 6205487
45.24, 6205487
45.25, 6205487
45.26, 6205487
45.27, 6205487
45.28, 6205487
45.29, 6205487
45.3, 6205487
45.31, 6205487
45.32, 6205487
45.33, 6205487
45.34, 6205487
45.35, 6205487
45.36, 6205487
45.37, 6205487
45.38, 6205487
45.39, 6205487
45.4, 6205487
45.41, 6205487
45.42, 6205487
45.43, 6205487
45.44, 6205487
45.45, 6205487
45.46, 6205487
45.47, 6205487
45.48, 6205487
45.49, 6205487
45.5, 6205487
45.51, 6205487
45.52, 6205487
45.53, 6205487
45.54, 6205487
45.55, 6205487
45.56, 6205487
45.57, 6205487
45.58, 6205487
45.59, 6205487
45.6, 6205487
45.61, 6205487
45.62, 6205487
45.63, 6205487
45.64, 6205487
45.65, 6205487
45.66, 6205487
45.67, 6205487
45.68, 6205487
45.69, 6205487
45.7, 6205487
45.71, 6205487
45.72, 6205487
45.73, 6205487
45.74, 6205487
45.75, 6205487
45.76, 6205487
45.77, 6205487
45.78, 6205487
45.79, 6205487
45.8, 6205487
45.81, 6205487
45.82, 6205487
45.83, 6205487
45.84, 6205487
45.85, 6205487
45.86, 6205487
45.87, 6205487
45.88, 6205487
45.89, 6205487
45.9, 6205487
45.91, 6205487
45.92, 6205487
45.93, 6205487
45.94, 6205487
45.95, 6205487
45.96, 6205487
45.97, 6205487
45.98, 6205487
45.99, 6205487
46.0, 6205487
46.01, 6205487
46.02, 6205487
46.03, 6205487
46.04, 6205487
46.05, 6205487
46.06, 6205487
46.07, 6205487
46.08, 6205487
46.09, 6205487
46.1, 6205487
46.11, 6205487
46.12, 6205487
46.13, 6205487
46.14, 6205487
46.15, 6205487
46.16, 6205487
46.17, 6205487
46.18, 6205487
46.19, 6205487
46.2, 6205487
46.21, 6205487
46.22, 6205487
46.23, 6205487
46.24, 6205487
46.25, 6205487
46.26, 6205487
46.27, 6205487
46.28, 6205487
46.29, 6205487
46.3, 6205487
46.31, 6205487
46.32, 6205487
46.33, 6205487
46.34, 6205487
46.35, 6205487
46.36, 6205487
46.37, 6205487
46.38, 6205487
46.39, 6205487
46.4, 6205487
46.41, 6205487
46.42, 6205487
46.43, 6205487
46.44, 6205487
46.45, 6205487
46.46, 6205487
46.47, 6205487
46.48, 6205487
46.49, 6205487
46.5, 6205487
46.51, 6205487
46.52, 6205487
46.53, 6205487
46.54, 6205487
46.55, 6205487
46.56, 6205487
46.57, 6205487
46.58, 6205487
46.59, 6205487
46.6, 6205487
46.61, 6205487
46.62, 6205487
46.63, 6205487
46.64, 6205487
46.65, 6205487
46.66, 6205487
46.67, 6205487
46.68, 6205487
46.69, 6205487
46.7, 6205487
46.71, 6205487
46.72, 6205487
46.73, 6205487
46.74, 6205487
46.75, 6205487
46.76, 6205487
46.77, 6205487
46.78, 6205487
46.79, 6205487
46.8, 6205487
46.81, 6205487
46.82, 6205487
46.83, 6205487
46.84, 6205487
46.85, 6205487
46.86, 6205487
46.87, 6205487
46.88, 6205487
46.89, 6205487
46.9, 6205487
46.91, 6205487
46.92, 6205487
46.93, 6205487
46.94, 6205487
46.95, 6205487
46.96, 6205487
46.97, 6205487
46.98, 6205487
46.99, 6205487
47.0, 6205487
47.01, 6205487
47.02, 6205487
47.03, 6205487
47.04, 6205487
47.05, 6205487
47.06, 6205487
47.07, 6205487
47.08, 6205487
47.09, 6205487
47.1, 6205487
47.11, 6205487
47.12, 6205487
47.13, 6205487
47.14, 6205487
47.15, 6205487
47.16, 6205487
47.17, 6205487
47.18, 6205487
47.19, 6205487
47.2, 6205487
47.21, 6205487
47.22, 6205487
47.23, 6205487
47.24, 6205487
47.25, 6205487
47.26, 6205487
47.27, 6205487
47.28, 6205487
47.29, 6205487
47.3, 6205487
47.31, 6205487
47.32, 6205487
47.33, 6205487
47.34, 6205487
47.35, 6205487
47.36, 6205487
47.37, 6205487
47.38, 6205487
47.39, 6205487
47.4, 6205487
47.41, 6205487
47.42, 6205487
47.43, 6205487
47.44, 6205487
47.45, 6205487
47.46, 6205487
47.47, 6205487
47.48, 6205487
47.49, 6205487
47.5, 6205487
47.51, 6205487
47.52, 6205487
47.53, 6205487
47.54, 6205487
47.55, 6205487
47.56, 6205487
47.57, 6205487
47.58, 6205487
47.59, 6205487
47.6, 6205487
47.61, 6205487
47.62, 6205487
47.63, 6205487
47.64, 6205487
47.65, 6205487
47.66, 6205487
47.67, 6205487
47.68, 6205487
47.69, 6205487
47.7, 6205487
47.71, 6205487
47.72, 6205487
47.73, 6205487
47.74, 6205487
47.75, 6205487
47.76, 6205487
47.77, 6205487
47.78, 6205487
47.79, 6205487
47.8, 6205487
47.81, 6205487
47.82, 6205487
47.83, 6205487
47.84, 6205487
47.85, 6205487
47.86, 6205487
47.87, 6205487
47.88, 6205487
47.89, 6205487
47.9, 6205487
47.91, 6205487
47.92, 6205487
47.93, 6205487
47.94, 6205487
47.95, 6205487
47.96, 6205487
47.97, 6205487
47.98, 6205487
47.99, 6205487
48.0, 6205487
48.01, 6205487
48.02, 6205487
48.03, 6205487
48.04, 6205487
48.05, 6205487
48.06, 6205487
48.07, 6205487
48.08, 6205487
48.09, 6205487
48.1, 6205487
48.11, 6205487
48.12, 6205487
48.13, 6205487
48.14, 6205487
48.15, 6205487
48.16, 6205487
48.17, 6205487
48.18, 6205487
48.19, 6205487
48.2, 6205487
48.21, 6205487
48.22, 6205487
48.23, 6205487
48.24, 6205487
48.25, 6205487
48.26, 6205487
48.27, 6205487
48.28, 6205487
48.29, 6205487
48.3, 6205487
48.31, 6205487
48.32, 6205487
48.33, 6205487
48.34, 6205487
48.35, 6205487
48.36, 6205487
48.37, 6205487
48.38, 6205487
48.39, 6205487
48.4, 6205487
48.41, 6205487
48.42, 6205487
48.43, 6205487
48.44, 6205487
48.45, 6205487
48.46, 6205487
48.47, 6205487
48.48, 6205487
48.49, 6205487
48.5, 6205487
48.51, 6205487
48.52, 6205487
48.53, 6205487
48.54, 6205487
48.55, 6205487
48.56, 6205487
48.57, 6205487
48.58, 6205487
48.59, 6205487
48.6, 6205487
48.61, 6205487
48.62, 6205487
48.63, 6205487
48.64, 6205487
48.65, 6205487
48.66, 6205487
48.67, 6205487
48.68, 6205487
48.69, 6205487
48.7, 6205487
48.71, 6205487
48.72, 6205487
48.73, 6205487
48.74, 6205487
48.75, 6205487
48.76, 6205487
48.77, 6205487
48.78, 6205487
48.79, 6205487
48.8, 6205487
48.81, 6205487
48.82, 6205487
48.83, 6205487
48.84, 6205487
48.85, 6205487
48.86, 6205487
48.87, 6205487
48.88, 6205487
48.89, 6205487
48.9, 6205487
48.91, 6205487
48.92, 6205487
48.93, 6205487
48.94, 6205487
48.95, 6205487
48.96, 6205487
48.97, 6205487
48.98, 6205487
48.99, 6205487
49.0, 6205487
49.01, 6205487
49.02, 6205487
49.03, 6205487
49.04, 6205487
49.05, 6205487
49.06, 6205487
49.07, 6205487
49.08, 6205487
49.09, 6205487
49.1, 6205487
49.11, 6205487
49.12, 6205487
49.13, 6205487
49.14, 6205487
49.15, 6205487
49.16, 6205487
49.17, 6205487
49.18, 6205487
49.19, 6205487
49.2, 6205487
49.21, 6205487
49.22, 6205487
49.23, 6205487
49.24, 6205487
49.25, 6205487
49.26, 6205487
49.27, 6205487
49.28, 6205487
49.29, 6205487
49.3, 6205487
49.31, 6205487
49.32, 6205487
49.33, 6205487
49.34, 6205487
49.35, 6205487
49.36, 6205487
49.37, 6205487
49.38, 6205487
49.39, 6205487
49.4, 6205487
49.41, 6205487
49.42, 6205487
49.43, 6205487
49.44, 6205487
49.45, 6205487
49.46, 6205487
49.47, 6205487
49.48, 6205487
49.49, 6205487
49.5, 6205487
49.51, 6205487
49.52, 6205487
49.53, 6205487
49.54, 6205487
49.55, 6205487
49.56, 6205487
49.57, 6205487
49.58, 6205487
49.59, 6205487
49.6, 6205487
49.61, 6205487
49.62, 6205487
49.63, 6205487
49.64, 6205487
49.65, 6205487
49.66, 6205487
49.67, 6205487
49.68, 6205487
49.69, 6205487
49.7, 6205487
49.71, 6205487
49.72, 6205487
49.73, 6205487
49.74, 6205487
49.75, 6205487
49.76, 6205487
49.77, 6205487
49.78, 6205487
49.79, 6205487
49.8, 6205487
49.81, 6205487
49.82, 6205487
49.83, 6205487
49.84, 6205487
49.85, 6205487
49.86, 6205487
49.87, 6205487
49.88, 6205487
49.89, 6205487
49.9, 6205487
49.91, 6205487
49.92, 6205487
49.93, 6205487
49.94, 6205487
49.95, 6205487
49.96, 6205487
49.97, 6205487
49.98, 6205487
49.99, 6205487
50.0, 6205487
50.01, 6205487
50.02, 6205487
50.03, 6205487
50.04, 6205487
50.05, 6205487
50.06, 6205487
50.07, 6205487
50.08, 6205487
50.09, 6205487
50.1, 6205487
50.11, 6205487
50.14, 6205487
50.15, 6205487
50.16, 6205487
50.17, 6205487
50.18, 6205487
50.19, 6205487
50.2, 6205487
50.21, 6205487
50.22, 6205487
50.23, 6205487
50.24, 6205487
50.25, 6205487
50.26, 6205487
50.27, 6205487
50.28, 6205487
50.29, 6205487
50.3, 6205487
50.31, 6205487
50.32, 6205487
50.33, 6205487
50.34, 6205487
50.35, 6205487
50.36, 6205487
50.37, 6205487
50.38, 6205487
50.39, 6205487
50.4, 6205487
50.41, 6205487
50.42, 6205487
50.43, 6205487
50.44, 6205487
50.45, 6205487
50.46, 6205487
50.47, 6205487
50.48, 6205487
50.49, 6205487
50.5, 6205487
50.51, 6205487
50.52, 6205487
50.53, 6205487
50.54, 6205487
50.55, 6205487
50.56, 6205487
50.57, 6205487
50.58, 6205487
50.59, 6205487
50.6, 6205487
50.61, 6205487
50.62, 6205487
50.63, 6205487
50.64, 6205487
50.65, 6205487
50.66, 6205487
50.67, 6205487
50.68, 6205487
50.69, 6205487
50.7, 6205487
50.71, 6205487
50.72, 6205487
50.73, 6205487
50.74, 6205487
50.75, 6205487
50.76, 6205487
50.77, 6205487
50.78, 6205487
50.79, 6205487
50.8, 6205487
50.81, 6205487
50.82, 6205487
50.83, 6205487
50.84, 6205487
50.85, 6205487
50.86, 6205487
50.87, 6205487
50.88, 6205487
50.89, 6205487
50.9, 6205487
50.91, 6205487
50.92, 6205487
50.93, 6205487
50.94, 6205487
50.95, 6205487
50.96, 6205487
50.97, 6205487
50.98, 6205487
50.99, 6205487
51.0, 6205487
51.01, 6205487
51.02, 6205487
51.03, 6205487
51.04, 6205487
51.05, 6205487
51.06, 6205487
51.07, 6205487
51.08, 6205487
51.09, 6205487
51.1, 6205487
51.11, 6205487
51.12, 6205487
51.13, 6205487
51.14, 6205487
51.15, 6205487
51.16, 6205487
51.17, 6205487
51.18, 6205487
51.19, 6205487
51.2, 6205487
51.21, 6205487
51.22, 6205487
51.23, 6205487
51.24, 6205487
51.25, 6205487
51.26, 6205487
51.27, 6205487
51.28, 6205487
51.29, 6205487
51.3, 6205487
51.31, 6205487
51.32, 6205487
51.33, 6205487
51.34, 6205487
51.35, 6205487
51.36, 6205487
51.37, 6205487
51.38, 6205487
51.39, 6205487
51.4, 6205487
51.41, 6205487
51.42, 6205487
51.43, 6205487
51.44, 6205487
51.45, 6205487
51.46, 6205487
51.47, 6205487
51.48, 6205487
51.49, 6205487
51.5, 6205487
51.51, 6205487
51.52, 6205487
51.53, 6205487
51.54, 6205487
51.55, 6205487
51.56, 6205487
51.57, 6205487
51.58, 6205487
51.59, 6205487
51.6, 6205487
51.61, 6205487
51.62, 6205487
51.63, 6205487
51.64, 6205487
51.65, 6205487
51.66, 6205487
51.67, 6205487
51.68, 6205487
51.69, 6205487
51.7, 6205487
51.71, 6205487
51.72, 6205487
51.73, 6205487
51.74, 6205487
51.75, 6205487
51.76, 6205487
51.77, 6205487
51.78, 6205487
51.79, 6205487
51.8, 6205487
51.81, 6205487
51.82, 6205487
51.83, 6205487
51.84, 6205487
51.85, 6205487
51.86, 6205487
51.87, 6205487
51.88, 6205487
51.89, 6205487
51.9, 6205487
51.91, 6205487
51.92, 6205487
51.93, 6205487
51.94, 6205487
51.95, 6205487
51.96, 6205487
51.97, 6205487
51.98, 6205487
51.99, 6205487
52.0, 6205487
52.01, 6205487
52.02, 6205487
52.03, 6205487
52.04, 6205487
52.05, 6205487
52.06, 6205487
52.07, 6205487
52.08, 6205487
52.09, 6205487
52.1, 6205487
52.11, 6205487
52.12, 6205487
52.13, 6205487
52.14, 6205487
52.15, 6205487
52.16, 6205487
52.17, 6205487
52.18, 6205487
52.19, 6205487
52.2, 6205487
52.21, 6205487
52.22, 6205487
52.23, 6205487
52.24, 6205487
52.25, 6205487
52.26, 6205487
52.27, 6205487
52.28, 6205487
52.29, 6205487
52.3, 6205487
52.31, 6205487
52.32, 6205487
52.33, 6205487
52.34, 6205487
52.35, 6205487
52.36, 6205487
52.37, 6205487
52.38, 6205487
52.39, 6205487
52.4, 6205487
52.41, 6205487
52.42, 6205487
52.43, 6205487
52.44, 6205487
52.45, 6205487
52.46, 6205487
52.47, 6205487
52.48, 6205487
52.49, 6205487
52.5, 6205487
52.51, 6205487
52.52, 6205487
52.53, 6205487
52.54, 6205487
52.55, 6205487
52.56, 6205487
52.57, 6205487
52.58, 6205487
52.59, 6205487
52.6, 6205487
52.61, 6205487
52.62, 6205487
52.63, 6205487
52.64, 6205487
52.65, 6205487
52.66, 6205487
52.67, 6205487
52.68, 6205487
52.69, 6205487
52.7, 6205487
52.71, 6205487
52.72, 6205487
52.73, 6205487
52.74, 6205487
52.75, 6205487
52.76, 6205487
52.77, 6205487
52.78, 6205487
52.79, 6205487
52.8, 6205487
52.81, 6205487
52.82, 6205487
52.83, 6205487
52.84, 6205487
52.85, 6205487
52.86, 6205487
52.87, 6205487
52.88, 6205487
52.89, 6205487
52.9, 6205487
52.91, 6205487
52.92, 6205487
52.93, 6205487
52.94, 6205487
52.95, 6205487
52.96, 6205487
52.97, 6205487
52.98, 6205487
52.99, 6205487
53.0, 6205487
53.01, 6205487
53.02, 6205487
53.03, 6205487
53.04, 6205487
53.05, 6205487
53.06, 6205487
53.07, 6205487
53.08, 6205487
53.09, 6205487
53.1, 6205487
53.11, 6205487
53.12, 6205487
53.13, 6205487
53.14, 6205487
53.15, 6205487
53.16, 6205487
53.17, 6205487
53.18, 6205487
53.19, 6205487
53.2, 6205487
53.21, 6205487
53.22, 6205487
53.23, 6205487
53.24, 6205487
53.25, 6205487
53.26, 6205487
53.27, 6205487
53.28, 6205487
53.29, 6205487
53.3, 6205487
53.31, 6205487
53.32, 6205487
53.33, 6205487
53.34, 6205487
53.35, 6205487
53.36, 6205487
53.37, 6205487
53.38, 6205487
53.39, 6205487
53.4, 6205487
53.41, 6205487
53.42, 6205487
53.43, 6205487
53.44, 6205487
53.45, 6205487
53.46, 6205487
53.47, 6205487
53.48, 6205487
53.49, 6205487
53.5, 6205487
53.51, 6205487
53.52, 6205487
53.53, 6205487
53.54, 6205487
53.55, 6205487
53.56, 6205487
53.57, 6205487
53.58, 6205487
53.59, 6205487
53.6, 6205487
53.61, 6205487
53.62, 6205487
53.63, 6205487
53.64, 6205487
53.65, 6205487
53.66, 6205487
53.67, 6205487
53.68, 6205487
53.69, 6205487
53.7, 6205487
53.71, 6205487
53.72, 6205487
53.73, 6205487
53.74, 6205487
53.75, 6205487
53.76, 6205487
53.77, 6205487
53.78, 6205487
53.79, 6205487
53.8, 6205487
53.81, 6205487
53.82, 6205487
53.83, 6205487
53.84, 6205487
53.85, 6205487
53.86, 6205487
53.87, 6205487
53.88, 6205487
53.89, 6205487
53.9, 6205487
53.91, 6205487
53.92, 6205487
53.93, 6205487
53.94, 6205487
53.95, 6205487
53.96, 6205487
53.97, 6205487
53.98, 6205487
53.99, 6205487
54.0, 6205487
54.01, 6205487
54.02, 6205487
54.03, 6205487
54.04, 6205487
54.05, 6205487
54.06, 6205487
54.07, 6205487
54.08, 6205487
54.09, 6205487
54.1, 6205487
54.11, 6205487
54.12, 6205487
54.13, 6205487
54.14, 6205487
54.15, 6205487
54.16, 6205487
54.17, 6205487
54.18, 6205487
54.19, 6205487
54.2, 6205487
54.21, 6205487
54.22, 6205487
54.23, 6205487
54.24, 6205487
54.25, 6205487
54.26, 6205487
54.27, 6205487
54.28, 6205487
54.29, 6205487
54.3, 6205487
54.31, 6205487
54.32, 6205487
54.33, 6205487
54.34, 6205487
54.35, 6205487
54.36, 6205487
54.37, 6205487
54.38, 6205487
54.39, 6205487
54.4, 6205487
54.41, 6205487
54.42, 6205487
54.43, 6205487
54.44, 6205487
54.45, 6205487
54.46, 6205487
54.47, 6205487
54.48, 6205487
54.49, 6205487
54.5, 6205487
54.51, 6205487
54.52, 6205487
54.53, 6205487
54.54, 6205487
54.55, 6205487
54.56, 6205487
54.57, 6205487
54.58, 6205487
54.59, 6205487
54.6, 6205487
54.61, 6205487
54.62, 6205487
54.63, 6205487
54.64, 6205487
54.65, 6205487
54.66, 6205487
54.67, 6205487
54.68, 6205487
54.69, 6205487
54.7, 6205487
54.71, 6205487
54.72, 6205487
54.73, 6205487
54.74, 6205487
54.75, 6205487
54.76, 6205487
54.77, 6205487
54.78, 6205487
54.79, 6205487
54.8, 6205487
54.81, 6205487
54.82, 6205487
54.83, 6205487
54.84, 6205487
54.85, 6205487
54.86, 6205487
54.87, 6205487
54.88, 6205487
54.89, 6205487
54.9, 6205487
54.91, 6205487
54.92, 6205487
54.93, 6205487
54.94, 6205487
54.95, 6205487
54.96, 6205487
54.97, 6205487
54.98, 6205487
54.99, 6205487
55.0, 6205487
55.01, 6205487
55.02, 6205487
55.03, 6205487
55.04, 6205487
55.05, 6205487
55.06, 6205487
55.07, 6205487
55.08, 6205487
55.09, 6205487
55.1, 6205487
55.11, 6205487
55.12, 6205487
55.13, 6205487
55.14, 6205487
55.15, 6205487
55.16, 6205487
55.17, 6205487
55.18, 6205487
55.19, 6205487
55.2, 6205487
55.21, 6205487
55.22, 6205487
55.23, 6205487
55.24, 6205487
55.25, 6205487
55.26, 6205487
55.27, 6205487
55.28, 6205487
55.29, 6205487
55.3, 6205487
55.31, 6205487
55.32, 6205487
55.33, 6205487
55.34, 6205487
55.35, 6205487
55.36, 6205487
55.37, 6205487
55.38, 6205487
55.39, 6205487
55.4, 6205487
55.41, 6205487
55.42, 6205487
55.43, 6205487
55.44, 6205487
55.45, 6205487
55.46, 6205487
55.47, 6205487
55.48, 6205487
55.49, 6205487
55.5, 6205487
55.51, 6205487
55.52, 6205487
55.53, 6205487
55.54, 6205487
55.55, 6205487
55.56, 6205487
55.57, 6205487
55.58, 6205487
55.59, 6205487
55.6, 6205487
55.61, 6205487
55.62, 6205487
55.63, 6205487
55.64, 6205487
55.65, 6205487
55.66, 6205487
55.67, 6205487
55.68, 6205487
55.69, 6205487
55.7, 6205487
55.71, 6205487
55.72, 6205487
55.73, 6205487
55.74, 6205487
55.75, 6205487
55.76, 6205487
55.77, 6205487
55.78, 6205487
55.79, 6205487
55.8, 6205487
55.81, 6205487
55.82, 6205487
55.83, 6205487
55.84, 6205487
55.85, 6205487
55.86, 6205487
55.87, 6205487
55.88, 6205487
55.89, 6205487
55.9, 6205487
55.91, 6205487
55.92, 6205487
55.93, 6205487
55.94, 6205487
55.95, 6205487
55.96, 6205487
55.97, 6205487
55.98, 6205487
55.99, 6205487
56.0, 6205487
56.01, 6205487
56.02, 6205487
56.03, 6205487
56.04, 6205487
56.05, 6205487
56.06, 6205487
56.07, 6205487
56.08, 6205487
56.09, 6205487
56.1, 6205487
56.11, 6205487
56.12, 6205487
56.13, 6205487
56.14, 6205487
56.15, 6205487
56.16, 6205487
56.17, 6205487
56.18, 6205487
56.2, 6205487
56.21, 6205487
56.22, 6205487
56.23, 6205487
56.24, 6205487
56.25, 6205487
56.26, 6205487
56.27, 6205487
56.28, 6205487
56.29, 6205487
56.3, 6205487
56.31, 6205487
56.32, 6205487
56.33, 6205487
56.34, 6205487
56.35, 6205487
56.36, 6205487
56.37, 6205487
56.38, 6205487
56.39, 6205487
56.4, 6205487
56.41, 6205487
56.42, 6205487
56.43, 6205487
56.44, 6205487
56.45, 6205487
56.46, 6205487
56.47, 6205487
56.48, 6205487
56.49, 6205487
56.5, 6205487
56.51, 6205487
56.52, 6205487
56.53, 6205487
56.54, 6205487
56.55, 6205487
56.56, 6205487
56.57, 6205487
56.58, 6205487
56.59, 6205487
56.6, 6205487
56.61, 6205487
56.62, 6205487
56.63, 6205487
56.64, 6205487
56.65, 6205487
56.66, 6205487
56.67, 6205487
56.68, 6205487
56.69, 6205487
56.7, 6205487
56.71, 6205487
56.72, 6205487
56.73, 6205487
56.74, 6205487
56.75, 6205487
56.76, 6205487
56.77, 6205487
56.78, 6205487
56.79, 6205487
56.8, 6205487
56.81, 6205487
56.82, 6205487
56.83, 6205487
56.84, 6205487
56.85, 6205487
56.86, 6205487
56.87, 6205487
56.88, 6205487
56.89, 6205487
56.9, 6205487
56.91, 6205487
56.92, 6205487
56.93, 6205487
56.94, 6205487
56.95, 6205487
56.96, 6205487
56.97, 6205487
56.98, 6205487
56.99, 6205487
57.0, 6205487
57.01, 6205487
57.02, 6205487
57.03, 6205487
57.04, 6205487
57.05, 6205487
57.06, 6205487
57.07, 6205487
57.08, 6205487
57.09, 6205487
57.1, 6205487
57.11, 6205487
57.12, 6205487
57.13, 6205487
57.14, 6205487
57.15, 6205487
57.16, 6205487
57.17, 6205487
57.18, 6205487
57.19, 6205487
57.2, 6205487
57.21, 6205487
57.22, 6205487
57.23, 6205487
57.24, 6205487
57.25, 6205487
57.26, 6205487
57.27, 6205487
57.28, 6205487
57.29, 6205487
57.3, 6205487
57.31, 6205487
57.32, 6205487
57.33, 6205487
57.34, 6205487
57.35, 6205487
57.36, 6205487
57.37, 6205487
57.38, 6205487
57.39, 6205487
57.4, 6205487
57.41, 6205487
57.42, 6205487
57.43, 6205487
57.44, 6205487
57.45, 6205487
57.46, 6205487
57.47, 6205487
57.48, 6205487
57.49, 6205487
57.5, 6205487
57.51, 6205487
57.52, 6205487
57.53, 6205487
57.54, 6205487
57.55, 6205487
57.56, 6205487
57.57, 6205487
57.58, 6205487
57.59, 6205487
57.6, 6205487
57.61, 6205487
57.62, 6205487
57.63, 6205487
57.64, 6205487
57.65, 6205487
57.66, 6205487
57.67, 6205487
57.68, 6205487
57.69, 6205487
57.7, 6205487
57.71, 6205487
57.72, 6205487
57.73, 6205487
57.74, 6205487
57.75, 6205487
57.76, 6205487
57.77, 6205487
57.78, 6205487
57.79, 6205487
57.8, 6205487
57.81, 6205487
57.82, 6205487
57.83, 6205487
57.84, 6205487
57.85, 6205487
57.86, 6205487
57.87, 6205487
57.88, 6205487
57.89, 6205487
57.9, 6205487
57.91, 6205487
57.92, 6205487
57.93, 6205487
57.94, 6205487
57.95, 6205487
57.96, 6205487
57.97, 6205487
57.98, 6205487
57.99, 6205487
58.0, 6205487
58.01, 6205487
58.02, 6205487
58.03, 6205487
58.04, 6205487
58.05, 6205487
58.06, 6205487
58.07, 6205487
58.08, 6205487
58.09, 6205487
58.1, 6205487
58.11, 6205487
58.12, 6205487
58.13, 6205487
58.14, 6205487
58.15, 6205487
58.16, 6205487
58.17, 6205487
58.18, 6205487
58.19, 6205487
58.2, 6205487
58.21, 6205487
58.22, 6205487
58.23, 6205487
58.24, 6205487
58.25, 6205487
58.26, 6205487
58.27, 6205487
58.28, 6205487
58.29, 6205487
58.3, 6205487
58.31, 6205487
58.32, 6205487
58.33, 6205487
58.34, 6205487
58.35, 6205487
58.36, 6205487
58.37, 6205487
58.38, 6205487
58.39, 6205487
58.4, 6205487
58.41, 6205487
58.42, 6205487
58.43, 6205487
58.44, 6205487
58.45, 6205487
58.46, 6205487
58.47, 6205487
58.48, 6205487
58.49, 6205487
58.5, 6205487
58.51, 6205487
58.52, 6205487
58.53, 6205487
58.54, 6205487
58.55, 6205487
58.56, 6205487
58.57, 6205487
58.58, 6205487
58.59, 6205487
58.6, 6205487
58.61, 6205487
58.62, 6205487
58.63, 6205487
58.64, 6205487
58.65, 6205487
58.66, 6205487
58.67, 6205487
58.68, 6205487
58.69, 6205487
58.7, 6205487
58.71, 6205487
58.72, 6205487
58.73, 6205487
58.74, 6205487
58.75, 6205487
58.76, 6205487
58.77, 6205487
58.78, 6205487
58.79, 6205487
58.8, 6205487
58.81, 6205487
58.82, 6205487
58.83, 6205487
58.84, 6205487
58.85, 6205487
58.86, 6205487
58.87, 6205487
58.88, 6205487
58.89, 6205487
58.9, 6205487
58.91, 6205487
58.92, 6205487
58.93, 6205487
58.94, 6205487
58.95, 6205487
58.96, 6205487
58.97, 6205487
58.98, 6205487
58.99, 6205487
59.0, 6205487
59.01, 6205487
59.02, 6205487
59.03, 6205487
59.04, 6205487
59.05, 6205487
59.06, 6205487
59.07, 6205487
59.08, 6205487
59.09, 6205487
59.1, 6205487
59.11, 6205487
59.12, 6205487
59.13, 6205487
59.14, 6205487
59.15, 6205487
59.16, 6205487
59.17, 6205487
59.18, 6205487
59.19, 6205487
59.2, 6205487
59.21, 6205487
59.22, 6205487
59.23, 6205487
59.24, 6205487
59.25, 6205487
59.26, 6205487
59.27, 6205487
59.28, 6205487
59.29, 6205487
59.3, 6205487
59.31, 6205487
59.32, 6205487
59.33, 6205487
59.34, 6205487
59.35, 6205487
59.36, 6205487
59.37, 6205487
59.38, 6205487
59.39, 6205487
59.4, 6205487
59.41, 6205487
59.42, 6205487
59.43, 6205487
59.44, 6205487
59.45, 6205487
59.46, 6205487
59.47, 6205487
59.48, 6205487
59.49, 6205487
59.5, 6205487
59.51, 6205487
59.52, 6205487
59.53, 6205487
59.54, 6205487
59.55, 6205487
59.56, 6205487
59.57, 6205487
59.58, 6205487
59.59, 6205487
59.6, 6205487
59.61, 6205487
59.62, 6205487
59.63, 6205487
59.64, 6205487
59.65, 6205487
59.66, 6205487
59.67, 6205487
59.68, 6205487
59.69, 6205487
59.7, 6205487
59.71, 6205487
59.72, 6205487
59.73, 6205487
59.74, 6205487
59.75, 6205487
59.76, 6205487
59.77, 6205487
59.78, 6205487
59.79, 6205487
59.8, 6205487
59.81, 6205487
59.82, 6205487
59.83, 6205487
59.84, 6205487
59.85, 6205487
59.86, 6205487
59.87, 6205487
59.88, 6205487
59.89, 6205487
59.9, 6205487
59.91, 6205487
59.92, 6205487
59.93, 6205487
59.94, 6205487
59.95, 6205487
59.96, 6205487
59.97, 6205487
59.98, 6205487
59.99, 6205487
