0.0, 6744505
0.01, 6744505
0.02, 6744505
0.03, 6594894
0.04, 6594894
0.05, 6594894
0.06, 6594894
0.07, 6594894
0.08, 6594894
0.09, 6594894
0.1, 6594894
0.11, 6594894
0.12, 6594894
0.13, 6594894
0.14, 6594894
0.15, 6594894
0.16, 6594894
0.17, 6594894
0.18, 6594894
0.19, 6594894
0.2, 6594894
0.21, 6594894
0.22, 6594894
0.23, 6594894
0.24, 6594894
0.25, 6594894
0.26, 6594894
0.27, 6594894
0.28, 6594894
0.29, 6594894
0.3, 6594894
0.31, 6594894
0.32, 6594894
0.33, 6594894
0.34, 6594894
0.35, 6594894
0.36, 6594894
0.37, 6594894
0.38, 6594894
0.39, 6594894
0.4, 6594894
0.41, 6594894
0.42, 6594894
0.43, 6594894
0.44, 6594894
0.45, 6594894
0.46, 6594894
0.47, 6594894
0.48, 6594894
0.49, 6594894
0.5, 6594894
0.51, 6594894
0.52, 6594894
0.53, 6548047
0.54, 6548047
0.55, 6548047
0.56, 6548047
0.57, 6548047
0.58, 6548047
0.59, 6548047
0.6, 6548047
0.61, 6548047
0.62, 6548047
0.63, 6548047
0.64, 6548047
0.65, 6548047
0.66, 6548047
0.67, 6548047
0.68, 6548047
0.69, 6548047
0.7, 6548047
0.71, 6548047
0.72, 6548047
0.73, 6548047
0.74, 6548047
0.75, 6548047
0.76, 6548047
0.77, 6548047
0.78, 6548047
0.79, 6548047
0.8, 6548047
0.81, 6548047
0.82, 6548047
0.83, 6548047
0.84, 6548047
0.85, 6548047
0.86, 6548047
0.87, 6424982
0.88, 6424982
0.89, 6424982
0.9, 6424982
0.91, 6424982
0.92, 6424982
0.93, 6424982
0.94, 6424982
0.95, 6424982
0.96, 6424982
0.97, 6424982
0.98, 6424982
0.99, 6424982
1.0, 6424982
1.01, 6424982
1.02, 6424982
1.03, 6424982
1.04, 6424982
1.05, 6424982
1.06, 6424982
1.07, 6424982
1.08, 6424982
1.09, 6424982
1.1, 6395106
1.11, 6395106
1.12, 6395106
1.13, 6395106
1.14, 6395106
1.15, 6395106
1.16, 6395106
1.17, 6395106
1.18, 6395106
1.19, 6395106
1.2, 6395106
1.21, 6395106
1.22, 6395106
1.23, 6395106
1.24, 6395106
1.25, 6395106
1.26, 6395106
1.27, 6395106
1.28, 6395106
1.29, 6395106
1.3, 6395106
1.31, 6395106
1.32, 6395106
1.33, 6395106
1.34, 6395106
1.35, 6395106
1.36, 6395106
1.37, 6395106
1.38, 6395106
1.39, 6395106
1.4, 6395106
1.41, 6395106
1.42, 6395106
1.43, 6395106
1.44, 6395106
1.45, 6395106
1.46, 6395106
1.47, 6395106
1.48, 6395106
1.49, 6395106
1.5, 6395106
1.51, 6395106
1.52, 6395106
1.53, 6395106
1.54, 6395106
1.55, 6395106
1.56, 6395106
1.57, 6395106
1.58, 6395106
1.59, 6395106
1.6, 6395106
1.61, 6395106
1.62, 6395106
1.63, 6395106
1.64, 6395106
1.65, 6395106
1.66, 6395106
1.67, 6395106
1.68, 6395106
1.69, 6395106
1.7, 6395106
1.71, 6395106
1.72, 6395106
1.73, 6395106
1.74, 6395106
1.75, 6395106
1.76, 6395106
1.77, 6395106
1.78, 6395106
1.79, 6395106
1.8, 6395106
1.81, 6395106
1.82, 6395106
1.83, 6395106
1.84, 6395106
1.85, 6395106
1.86, 6395106
1.87, 6395106
1.88, 6395106
1.89, 6395106
1.9, 6395106
1.91, 6395106
1.92, 6395106
1.93, 6395106
1.94, 6395106
1.95, 6395106
1.96, 6395106
1.97, 6395106
1.98, 6395106
1.99, 6395106
2.0, 6395106
2.01, 6395106
2.02, 6395106
2.03, 6395106
2.04, 6395106
2.05, 6395106
2.06, 6395106
2.07, 6395106
2.08, 6395106
2.09, 6395106
2.1, 6395106
2.11, 6395106
2.12, 6395106
2.13, 6395106
2.14, 6395106
2.15, 6395106
2.16, 6395106
2.17, 6395106
2.18, 6395106
2.19, 6395106
2.2, 6395106
2.21, 6395106
2.22, 6395106
2.23, 6395106
2.24, 6395106
2.25, 6395106
2.26, 6395106
2.27, 6395106
2.28, 6395106
2.29, 6395106
2.3, 6395106
2.31, 6395106
2.32, 6395106
2.33, 6395106
2.34, 6395106
2.35, 6395106
2.36, 6395106
2.37, 6395106
2.38, 6395106
2.39, 6395106
2.4, 6395106
2.41, 6395106
2.42, 6395106
2.43, 6395106
2.44, 6395106
2.45, 6395106
2.46, 6395106
2.47, 6395106
2.48, 6395106
2.49, 6395106
2.5, 6395106
2.51, 6395106
2.52, 6395106
2.53, 6395106
2.54, 6395106
2.55, 6395106
2.56, 6395106
2.57, 6395106
2.58, 6395106
2.59, 6395106
2.6, 6395106
2.61, 6395106
2.62, 6395106
2.63, 6395106
2.64, 6395106
2.65, 6395106
2.66, 6395106
2.67, 6395106
2.68, 6395106
2.69, 6395106
2.7, 6395106
2.71, 6395106
2.72, 6395106
2.73, 6395106
2.74, 6395106
2.75, 6395106
2.76, 6395106
2.77, 6395106
2.78, 6395106
2.79, 6395106
2.8, 6395106
2.81, 6395106
2.82, 6395106
2.83, 6395106
2.84, 6395106
2.85, 6395106
2.86, 6395106
2.87, 6395106
2.88, 6395106
2.89, 6395106
2.9, 6395106
2.91, 6395106
2.92, 6395106
2.93, 6395106
2.94, 6395106
2.95, 6395106
2.96, 6395106
2.97, 6395106
2.98, 6395106
2.99, 6395106
3.0, 6395106
3.01, 6395106
3.02, 6395106
3.03, 6395106
3.04, 6395106
3.05, 6395106
3.06, 6395106
3.07, 6395106
3.08, 6395106
3.09, 6395106
3.1, 6395106
3.11, 6395106
3.12, 6395106
3.13, 6395106
3.14, 6395106
3.15, 6395106
3.16, 6395106
3.17, 6395106
3.18, 6395106
3.19, 6395106
3.2, 6395106
3.21, 6395106
3.22, 6395106
3.23, 6395106
3.24, 6395106
3.25, 6395106
3.26, 6395106
3.27, 6395106
3.28, 6395106
3.29, 6395106
3.3, 6395106
3.31, 6395106
3.32, 6395106
3.33, 6395106
3.34, 6395106
3.35, 6395106
3.36, 6395106
3.37, 6395106
3.38, 6395106
3.39, 6395106
3.4, 6395106
3.41, 6395106
3.42, 6395106
3.43, 6395106
3.44, 6395106
3.45, 6395106
3.46, 6395106
3.47, 6395106
3.48, 6395106
3.49, 6395106
3.5, 6395106
3.51, 6395106
3.52, 6395106
3.53, 6395106
3.54, 6395106
3.55, 6395106
3.56, 6395106
3.57, 6395106
3.58, 6395106
3.59, 6395106
3.6, 6395106
3.61, 6395106
3.62, 6395106
3.63, 6395106
3.64, 6395106
3.65, 6395106
3.66, 6395106
3.67, 6395106
3.68, 6395106
3.69, 6395106
3.7, 6395106
3.71, 6395106
3.72, 6395106
3.73, 6395106
3.74, 6395106
3.75, 6395106
3.76, 6395106
3.77, 6395106
3.78, 6395106
3.79, 6395106
3.8, 6395106
3.81, 6395106
3.82, 6395106
3.83, 6395106
3.84, 6395106
3.85, 6395106
3.86, 6395106
3.87, 6395106
3.88, 6395106
3.89, 6395106
3.9, 6395106
3.91, 6395106
3.92, 6395106
3.93, 6395106
3.94, 6395106
3.95, 6395106
3.96, 6395106
3.97, 6395106
3.98, 6395106
3.99, 6395106
4.0, 6395106
4.01, 6395106
4.02, 6395106
4.03, 6395106
4.04, 6395106
4.05, 6395106
4.06, 6395106
4.07, 6395106
4.08, 6395106
4.09, 6395106
4.1, 6395106
4.11, 6395106
4.12, 6395106
4.13, 6395106
4.14, 6395106
4.15, 6395106
4.16, 6395106
4.17, 6395106
4.18, 6395106
4.19, 6395106
4.2, 6395106
4.21, 6395106
4.22, 6395106
4.23, 6395106
4.24, 6395106
4.25, 6395106
4.26, 6395106
4.27, 6395106
4.28, 6395106
4.29, 6395106
4.3, 6395106
4.31, 6395106
4.32, 6395106
4.33, 6395106
4.34, 6395106
4.35, 6395106
4.36, 6395106
4.37, 6395106
4.38, 6395106
4.39, 6395106
4.4, 6395106
4.41, 6395106
4.42, 6395106
4.43, 6395106
4.44, 6395106
4.45, 6395106
4.46, 6395106
4.47, 6395106
4.48, 6395106
4.49, 6395106
4.5, 6395106
4.51, 6395106
4.52, 6395106
4.53, 6395106
4.54, 6395106
4.55, 6395106
4.56, 6395106
4.57, 6395106
4.58, 6395106
4.59, 6395106
4.6, 6395106
4.61, 6395106
4.62, 6395106
4.63, 6395106
4.64, 6395106
4.65, 6395106
4.66, 6395106
4.67, 6395106
4.68, 6395106
4.69, 6395106
4.7, 6395106
4.71, 6395106
4.72, 6395106
4.73, 6395106
4.74, 6395106
4.75, 6395106
4.76, 6395106
4.77, 6395106
4.78, 6395106
4.79, 6395106
4.8, 6395106
4.81, 6395106
4.82, 6395106
4.83, 6395106
4.84, 6395106
4.85, 6395106
4.86, 6395106
4.87, 6395106
4.88, 6395106
4.89, 6395106
4.9, 6395106
4.91, 6395106
4.92, 6395106
4.93, 6395106
4.94, 6395106
4.95, 6395106
4.96, 6395106
4.97, 6395106
4.98, 6395106
4.99, 6395106
5.0, 6395106
5.01, 6395106
5.02, 6395106
5.03, 6395106
5.04, 6395106
5.05, 6395106
5.06, 6395106
5.07, 6395106
5.08, 6395106
5.09, 6395106
5.1, 6395106
5.11, 6395106
5.12, 6395106
5.13, 6395106
5.14, 6395106
5.15, 6395106
5.16, 6395106
5.17, 6395106
5.18, 6395106
5.19, 6395106
5.2, 6395106
5.21, 6395106
5.22, 6395106
5.23, 6395106
5.24, 6395106
5.25, 6395106
5.26, 6395106
5.27, 6395106
5.28, 6395106
5.29, 6395106
5.3, 6395106
5.31, 6395106
5.32, 6395106
5.33, 6395106
5.34, 6395106
5.35, 6395106
5.36, 6395106
5.37, 6395106
5.38, 6395106
5.39, 6395106
5.4, 6395106
5.41, 6395106
5.42, 6395106
5.43, 6395106
5.44, 6395106
5.45, 6395106
5.46, 6395106
5.47, 6395106
5.48, 6395106
5.49, 6395106
5.5, 6395106
5.51, 6395106
5.52, 6395106
5.53, 6395106
5.54, 6395106
5.55, 6395106
5.56, 6395106
5.57, 6395106
5.58, 6395106
5.59, 6395106
5.6, 6395106
5.61, 6395106
5.62, 6395106
5.63, 6395106
5.64, 6395106
5.65, 6395106
5.66, 6395106
5.67, 6395106
5.68, 6395106
5.69, 6395106
5.7, 6395106
5.71, 6395106
5.72, 6395106
5.73, 6395106
5.74, 6395106
5.75, 6395106
5.76, 6395106
5.77, 6395106
5.78, 6395106
5.79, 6395106
5.8, 6395106
5.81, 6395106
5.82, 6395106
5.83, 6395106
5.84, 6395106
5.85, 6395106
5.86, 6395106
5.87, 6395106
5.88, 6395106
5.89, 6395106
5.9, 6395106
5.91, 6395106
5.92, 6395106
5.93, 6395106
5.94, 6395106
5.95, 6395106
5.96, 6395106
5.97, 6395106
5.98, 6395106
5.99, 6395106
6.0, 6395106
6.01, 6395106
6.02, 6395106
6.03, 6395106
6.04, 6395106
6.05, 6395106
6.06, 6395106
6.07, 6395106
6.08, 6395106
6.09, 6395106
6.1, 6395106
6.11, 6395106
6.12, 6335183
6.13, 6335183
6.14, 6335183
6.15, 6335183
6.16, 6335183
6.17, 6335183
6.18, 6335183
6.19, 6335183
6.2, 6335183
6.21, 6335183
6.22, 6335183
6.23, 6335183
6.24, 6335183
6.25, 6335183
6.26, 6335183
6.27, 6335183
6.28, 6335183
6.29, 6335183
6.3, 6335183
6.31, 6335183
6.32, 6335183
6.33, 6335183
6.34, 6335183
6.35, 6335183
6.36, 6335183
6.37, 6335183
6.38, 6335183
6.39, 6335183
6.4, 6335183
6.41, 6335183
6.42, 6335183
6.43, 6335183
6.44, 6335183
6.45, 6335183
6.46, 6335183
6.47, 6335183
6.48, 6335183
6.49, 6335183
6.5, 6335183
6.51, 6335183
6.52, 6335183
6.53, 6335183
6.54, 6335183
6.55, 6335183
6.56, 6335183
6.57, 6335183
6.58, 6335183
6.59, 6335183
6.6, 6335183
6.61, 6335183
6.62, 6335183
6.63, 6335183
6.64, 6335183
6.65, 6335183
6.66, 6335183
6.67, 6335183
6.68, 6335183
6.69, 6335183
6.7, 6335183
6.71, 6335183
6.72, 6335183
6.73, 6335183
6.74, 6335183
6.75, 6335183
6.76, 6335183
6.77, 6335183
6.78, 6335183
6.79, 6335183
6.8, 6335183
6.81, 6335183
6.82, 6335183
6.83, 6335183
6.84, 6335183
6.85, 6335183
6.86, 6335183
6.87, 6335183
6.88, 6335183
6.89, 6335183
6.9, 6335183
6.91, 6335183
6.92, 6335183
6.93, 6335183
6.94, 6335183
6.95, 6335183
6.96, 6335183
6.97, 6335183
6.98, 6335183
6.99, 6335183
7.0, 6335183
7.01, 6335183
7.02, 6335183
7.03, 6335183
7.04, 6335183
7.05, 6335183
7.06, 6335183
7.07, 6335183
7.08, 6335183
7.09, 6335183
7.1, 6335183
7.11, 6335183
7.12, 6335183
7.13, 6335183
7.14, 6335183
7.15, 6335183
7.16, 6335183
7.17, 6335183
7.18, 6335183
7.19, 6335183
7.2, 6335183
7.21, 6335183
7.22, 6335183
7.23, 6335183
7.24, 6335183
7.25, 6335183
7.26, 6335183
7.27, 6335183
7.28, 6335183
7.29, 6335183
7.3, 6335183
7.31, 6335183
7.32, 6335183
7.33, 6335183
7.34, 6335183
7.35, 6335183
7.36, 6335183
7.37, 6335183
7.38, 6335183
7.39, 6335183
7.4, 6335183
7.41, 6335183
7.42, 6335183
7.43, 6335183
7.44, 6335183
7.45, 6335183
7.46, 6335183
7.47, 6335183
7.48, 6335183
7.49, 6335183
7.5, 6335183
7.51, 6335183
7.52, 6335183
7.53, 6335183
7.54, 6335183
7.55, 6335183
7.56, 6335183
7.57, 6335183
7.58, 6335183
7.59, 6335183
7.6, 6335183
7.61, 6335183
7.62, 6335183
7.63, 6335183
7.64, 6335183
7.65, 6335183
7.66, 6335183
7.67, 6335183
7.68, 6335183
7.69, 6335183
7.7, 6335183
7.71, 6335183
7.72, 6335183
7.73, 6335183
7.74, 6335183
7.75, 6335183
7.76, 6335183
7.77, 6335183
7.78, 6335183
7.79, 6335183
7.8, 6335183
7.81, 6335183
7.82, 6335183
7.83, 6335183
7.84, 6335183
7.85, 6335183
7.86, 6335183
7.87, 6335183
7.88, 6335183
7.89, 6335183
7.9, 6335183
7.91, 6335183
7.92, 6335183
7.93, 6335183
7.94, 6335183
7.95, 6335183
7.96, 6335183
7.97, 6335183
7.98, 6335183
7.99, 6335183
8.0, 6335183
8.01, 6335183
8.02, 6335183
8.03, 6335183
8.04, 6335183
8.05, 6335183
8.06, 6335183
8.07, 6335183
8.08, 6335183
8.09, 6335183
8.1, 6335183
8.11, 6335183
8.12, 6335183
8.13, 6335183
8.14, 6335183
8.15, 6335183
8.16, 6335183
8.17, 6335183
8.18, 6335183
8.19, 6335183
8.2, 6335183
8.21, 6335183
8.22, 6335183
8.23, 6335183
8.24, 6335183
8.25, 6335183
8.26, 6335183
8.27, 6335183
8.28, 6335183
8.29, 6335183
8.3, 6335183
8.31, 6335183
8.32, 6335183
8.33, 6335183
8.34, 6335183
8.35, 6335183
8.36, 6335183
8.37, 6335183
8.38, 6335183
8.39, 6335183
8.4, 6335183
8.41, 6335183
8.42, 6335183
8.43, 6335183
8.44, 6335183
8.45, 6335183
8.46, 6335183
8.47, 6335183
8.48, 6335183
8.49, 6335183
8.5, 6335183
8.51, 6335183
8.52, 6335183
8.53, 6335183
8.54, 6335183
8.55, 6335183
8.56, 6335183
8.57, 6335183
8.58, 6335183
8.59, 6335183
8.6, 6335183
8.61, 6335183
8.62, 6335183
8.63, 6335183
8.64, 6335183
8.65, 6335183
8.66, 6335183
8.67, 6335183
8.68, 6335183
8.69, 6335183
8.7, 6335183
8.71, 6335183
8.72, 6335183
8.73, 6335183
8.74, 6335183
8.75, 6335183
8.76, 6335183
8.77, 6335183
8.78, 6335183
8.79, 6335183
8.8, 6335183
8.81, 6335183
8.82, 6335183
8.83, 6335183
8.84, 6335183
8.85, 6335183
8.86, 6335183
8.87, 6335183
8.88, 6335183
8.89, 6335183
8.9, 6335183
8.91, 6335183
8.92, 6335183
8.93, 6335183
8.94, 6335183
8.95, 6335183
8.96, 6335183
8.97, 6335183
8.98, 6335183
8.99, 6335183
9.0, 6335183
9.01, 6335183
9.02, 6335183
9.03, 6335183
9.04, 6335183
9.05, 6335183
9.06, 6335183
9.07, 6335183
9.08, 6335183
9.09, 6335183
9.1, 6335183
9.11, 6335183
9.12, 6335183
9.13, 6335183
9.14, 6335183
9.15, 6335183
9.16, 6335183
9.17, 6335183
9.18, 6335183
9.19, 6335183
9.2, 6335183
9.21, 6335183
9.22, 6335183
9.23, 6335183
9.24, 6335183
9.25, 6335183
9.26, 6335183
9.27, 6335183
9.28, 6335183
9.29, 6335183
9.3, 6335183
9.31, 6335183
9.32, 6335183
9.33, 6335183
9.34, 6335183
9.35, 6335183
9.36, 6335183
9.37, 6335183
9.38, 6335183
9.39, 6335183
9.4, 6335183
9.41, 6335183
9.42, 6335183
9.43, 6335183
9.44, 6335183
9.45, 6335183
9.46, 6335183
9.47, 6335183
9.48, 6335183
9.49, 6335183
9.5, 6335183
9.51, 6335183
9.52, 6335183
9.53, 6335183
9.54, 6335183
9.55, 6335183
9.56, 6335183
9.57, 6335183
9.58, 6335183
9.59, 6335183
9.6, 6335183
9.61, 6335183
9.62, 6335183
9.63, 6335183
9.64, 6335183
9.65, 6335183
9.66, 6335183
9.67, 6335183
9.68, 6335183
9.69, 6335183
9.7, 6335183
9.71, 6335183
9.72, 6335183
9.73, 6335183
9.74, 6335183
9.75, 6246850
9.76, 6246850
9.77, 6246850
9.78, 6246850
9.79, 6246850
9.8, 6246850
9.81, 6246850
9.82, 6246850
9.83, 6246850
9.84, 6246850
9.85, 6246850
9.86, 6246850
9.87, 6246850
9.88, 6246850
9.89, 6246850
9.9, 6246850
9.91, 6246850
9.92, 6246850
9.93, 6246850
9.94, 6246850
9.95, 6246850
9.96, 6246850
9.97, 6246850
9.98, 6246850
9.99, 6246850
10.0, 6246850
10.01, 6246850
10.02, 6246850
10.03, 6246850
10.04, 6246850
10.05, 6246850
10.06, 6246850
10.07, 6246850
10.08, 6246850
10.09, 6246850
10.1, 6246850
10.11, 6246850
10.12, 6246850
10.13, 6246850
10.14, 6246850
10.15, 6246850
10.16, 6246850
10.17, 6246850
10.18, 6246850
10.19, 6246850
10.2, 6246850
10.21, 6246850
10.22, 6246850
10.23, 6246850
10.24, 6246850
10.25, 6246850
10.26, 6246850
10.27, 6246850
10.28, 6246850
10.29, 6246850
10.3, 6246850
10.31, 6246850
10.32, 6246850
10.33, 6246850
10.34, 6246850
10.35, 6246850
10.36, 6246850
10.37, 6246850
10.38, 6246850
10.39, 6246850
10.4, 6246850
10.41, 6246850
10.42, 6246850
10.43, 6246850
10.44, 6246850
10.45, 6246850
10.46, 6246850
10.47, 6246850
10.48, 6246850
10.49, 6246850
10.5, 6246850
10.51, 6246850
10.52, 6246850
10.53, 6246850
10.54, 6246850
10.55, 6246850
10.56, 6246850
10.57, 6246850
10.58, 6246850
10.59, 6246850
10.6, 6246850
10.61, 6246850
10.62, 6246850
10.63, 6246850
10.64, 6246850
10.65, 6246850
10.66, 6246850
10.67, 6246850
10.68, 6246850
10.69, 6246850
10.7, 6246850
10.71, 6246850
10.72, 6246850
10.73, 6246850
10.74, 6246850
10.75, 6246850
10.76, 6246850
10.77, 6246850
10.78, 6246850
10.79, 6246850
10.8, 6246850
10.81, 6246850
10.82, 6246850
10.83, 6246850
10.84, 6246850
10.85, 6246850
10.86, 6246850
10.87, 6246850
10.88, 6246850
10.89, 6246850
10.9, 6246850
10.91, 6246850
10.92, 6246850
10.93, 6246850
10.94, 6246850
10.95, 6246850
10.96, 6246850
10.97, 6246850
10.98, 6246850
10.99, 6246850
11.0, 6246850
11.01, 6246850
11.02, 6246850
11.03, 6246850
11.04, 6246850
11.05, 6246850
11.06, 6246850
11.07, 6246850
11.08, 6246850
11.09, 6246850
11.1, 6246850
11.11, 6246850
11.12, 6246850
11.13, 6246850
11.14, 6246850
11.15, 6246850
11.16, 6246850
11.17, 6246850
11.18, 6246850
11.19, 6246850
11.2, 6246850
11.21, 6246850
11.22, 6246850
11.23, 6246850
11.24, 6246850
11.25, 6246850
11.26, 6246850
11.27, 6246850
11.28, 6246850
11.29, 6246850
11.3, 6246850
11.31, 6246850
11.32, 6246850
11.33, 6246850
11.34, 6246850
11.35, 6246850
11.36, 6246850
11.37, 6246850
11.38, 6246850
11.39, 6246850
11.4, 6246850
11.41, 6246850
11.42, 6246850
11.43, 6246850
11.44, 6246850
11.45, 6246850
11.46, 6246850
11.47, 6246850
11.48, 6246850
11.49, 6246850
11.5, 6246850
11.51, 6246850
11.52, 6246850
11.53, 6246850
11.54, 6246850
11.55, 6246850
11.56, 6246850
11.57, 6246850
11.58, 6246850
11.59, 6246850
11.6, 6246850
11.61, 6246850
11.62, 6246850
11.63, 6246850
11.64, 6246850
11.65, 6246850
11.66, 6246850
11.67, 6246850
11.68, 6246850
11.69, 6246850
11.7, 6246850
11.71, 6246850
11.72, 6246850
11.73, 6246850
11.74, 6246850
11.75, 6246850
11.76, 6246850
11.77, 6246850
11.78, 6246850
11.79, 6246850
11.8, 6246850
11.81, 6246850
11.82, 6246850
11.83, 6246850
11.84, 6246850
11.85, 6246850
11.86, 6246850
11.87, 6246850
11.88, 6246850
11.89, 6246850
11.9, 6246850
11.91, 6246850
11.92, 6246850
11.93, 6246850
11.94, 6246850
11.95, 6246850
11.96, 6246850
11.97, 6246850
11.98, 6246850
11.99, 6246850
12.0, 6246850
12.01, 6246850
12.02, 6246850
12.03, 6246850
12.04, 6246850
12.05, 6246850
12.06, 6246850
12.07, 6246850
12.08, 6246850
12.09, 6246850
12.1, 6246850
12.11, 6246850
12.12, 6246850
12.13, 6246850
12.14, 6246850
12.15, 6246850
12.16, 6246850
12.17, 6246850
12.18, 6246850
12.19, 6246850
12.2, 6246850
12.21, 6246850
12.22, 6246850
12.23, 6246850
12.24, 6246850
12.25, 6246850
12.26, 6246850
12.27, 6246850
12.28, 6246850
12.29, 6246850
12.3, 6246850
12.31, 6246850
12.32, 6246850
12.33, 6246850
12.34, 6246850
12.35, 6246850
12.36, 6246850
12.37, 6246850
12.38, 6246850
12.39, 6246850
12.4, 6246850
12.41, 6246850
12.42, 6246850
12.43, 6246850
12.44, 6246850
12.45, 6246850
12.46, 6246850
12.47, 6246850
12.48, 6246850
12.49, 6246850
12.5, 6246850
12.51, 6246850
12.52, 6246850
12.53, 6246850
12.54, 6246850
12.55, 6246850
12.56, 6246850
12.57, 6246850
12.58, 6246850
12.59, 6246850
12.6, 6246850
12.61, 6246850
12.62, 6246850
12.63, 6246850
12.64, 6246850
12.65, 6246850
12.66, 6246850
12.67, 6246850
12.68, 6246850
12.69, 6246850
12.7, 6246850
12.71, 6246850
12.72, 6246850
12.73, 6246850
12.74, 6246850
12.75, 6246850
12.76, 6246850
12.77, 6246850
12.78, 6246850
12.79, 6246850
12.8, 6246850
12.81, 6246850
12.82, 6246850
12.83, 6246850
12.84, 6246850
12.85, 6246850
12.86, 6246850
12.87, 6246850
12.88, 6246850
12.89, 6246850
12.9, 6246850
12.91, 6246850
12.92, 6246850
12.93, 6246850
12.94, 6246850
12.95, 6246850
12.96, 6246850
12.97, 6246850
12.98, 6246850
12.99, 6246850
13.0, 6246850
13.01, 6246850
13.02, 6246850
13.03, 6246850
13.04, 6246850
13.05, 6246850
13.06, 6246850
13.07, 6246850
13.08, 6246850
13.09, 6246850
13.1, 6246850
13.11, 6246850
13.12, 6246850
13.13, 6246850
13.14, 6246850
13.15, 6246850
13.16, 6246850
13.17, 6246850
13.18, 6246850
13.19, 6246850
13.2, 6246850
13.21, 6246850
13.22, 6246850
13.23, 6246850
13.24, 6246850
13.25, 6246850
13.26, 6246850
13.27, 6246850
13.28, 6246850
13.29, 6246850
13.3, 6246850
13.31, 6246850
13.32, 6246850
13.33, 6246850
13.34, 6246850
13.35, 6246850
13.36, 6246850
13.37, 6246850
13.38, 6246850
13.39, 6246850
13.4, 6246850
13.41, 6246850
13.42, 6246850
13.43, 6246850
13.44, 6246850
13.45, 6246850
13.46, 6246850
13.47, 6246850
13.48, 6246850
13.49, 6246850
13.5, 6246850
13.51, 6246850
13.52, 6246850
13.53, 6246850
13.54, 6246850
13.55, 6246850
13.56, 6246850
13.57, 6246850
13.58, 6246850
13.59, 6246850
13.6, 6246850
13.61, 6246850
13.62, 6246850
13.63, 6246850
13.64, 6246850
13.65, 6246850
13.66, 6246850
13.67, 6246850
13.68, 6246850
13.69, 6246850
13.7, 6246850
13.71, 6246850
13.72, 6246850
13.73, 6246850
13.74, 6246850
13.75, 6246850
13.76, 6246850
13.77, 6246850
13.78, 6246850
13.79, 6246850
13.8, 6246850
13.81, 6246850
13.82, 6246850
13.83, 6246850
13.84, 6246850
13.85, 6246850
13.86, 6246850
13.87, 6246850
13.88, 6246850
13.89, 6246850
13.9, 6246850
13.91, 6246850
13.92, 6246850
13.93, 6246850
13.94, 6246850
13.95, 6246850
13.96, 6246850
13.97, 6246850
13.98, 6246850
13.99, 6246850
14.0, 6246850
14.01, 6246850
14.02, 6246850
14.03, 6246850
14.04, 6246850
14.05, 6246850
14.06, 6246850
14.07, 6246850
14.08, 6246850
14.09, 6246850
14.1, 6246850
14.11, 6246850
14.12, 6246850
14.13, 6246850
14.14, 6246850
14.15, 6246850
14.16, 6246850
14.17, 6246850
14.18, 6246850
14.19, 6246850
14.2, 6246850
14.21, 6246850
14.22, 6246850
14.23, 6246850
14.24, 6246850
14.25, 6246850
14.26, 6246850
14.27, 6246850
14.28, 6246850
14.29, 6246850
14.3, 6246850
14.31, 6246850
14.32, 6246850
14.33, 6246850
14.34, 6246850
14.35, 6246850
14.36, 6246850
14.37, 6246850
14.38, 6246850
14.39, 6246850
14.4, 6246850
14.41, 6246850
14.42, 6246850
14.43, 6246850
14.44, 6246850
14.45, 6246850
14.46, 6246850
14.47, 6246850
14.48, 6246850
14.49, 6246850
14.5, 6246850
14.51, 6246850
14.52, 6246850
14.53, 6246850
14.54, 6246850
14.55, 6246850
14.56, 6246850
14.57, 6246850
14.58, 6246850
14.59, 6246850
14.6, 6246850
14.61, 6246850
14.62, 6246850
14.63, 6246850
14.64, 6246850
14.65, 6246850
14.66, 6246850
14.67, 6246850
14.68, 6246850
14.69, 6246850
14.7, 6246850
14.71, 6246850
14.72, 6246850
14.73, 6246850
14.74, 6246850
14.75, 6246850
14.76, 6246850
14.77, 6246850
14.78, 6246850
14.79, 6246850
14.8, 6246850
14.81, 6246850
14.82, 6246850
14.83, 6246850
14.84, 6246850
14.85, 6246850
14.86, 6246850
14.87, 6246850
14.88, 6246850
14.89, 6246850
14.9, 6246850
14.91, 6246850
14.92, 6246850
14.93, 6246850
14.94, 6246850
14.95, 6246850
14.96, 6246850
14.97, 6246850
14.98, 6246850
14.99, 6246850
15.0, 6246850
15.01, 6246850
15.02, 6246850
15.03, 6246850
15.04, 6246850
15.05, 6246850
15.06, 6246850
15.07, 6246850
15.08, 6246850
15.09, 6246850
15.1, 6246850
15.11, 6246850
15.12, 6246850
15.13, 6246850
15.14, 6246850
15.15, 6246850
15.16, 6246850
15.17, 6246850
15.18, 6246850
15.19, 6246850
15.2, 6246850
15.21, 6246850
15.22, 6246850
15.23, 6246850
15.24, 6246850
15.25, 6246850
15.26, 6246850
15.27, 6246850
15.28, 6246850
15.29, 6246850
15.3, 6246850
15.31, 6246850
15.32, 6246850
15.33, 6246850
15.34, 6246850
15.35, 6246850
15.36, 6246850
15.37, 6246850
15.38, 6246850
15.39, 6246850
15.4, 6246850
15.41, 6246850
15.42, 6246850
15.43, 6246850
15.44, 6246850
15.45, 6246850
15.46, 6246850
15.47, 6246850
15.48, 6246850
15.49, 6246850
15.5, 6246850
15.51, 6246850
15.52, 6246850
15.53, 6246850
15.54, 6246850
15.55, 6246850
15.56, 6246850
15.57, 6246850
15.58, 6246850
15.59, 6246850
15.6, 6246850
15.61, 6246850
15.62, 6246850
15.63, 6246850
15.64, 6246850
15.65, 6246850
15.66, 6246850
15.67, 6246850
15.68, 6246850
15.69, 6246850
15.7, 6246850
15.71, 6246850
15.72, 6246850
15.73, 6246850
15.74, 6246850
15.75, 6246850
15.76, 6246850
15.77, 6246850
15.78, 6246850
15.79, 6246850
15.8, 6246850
15.81, 6246850
15.82, 6246850
15.83, 6246850
15.84, 6246850
15.85, 6246850
15.86, 6246850
15.87, 6246850
15.88, 6246850
15.89, 6246850
15.9, 6246850
15.91, 6246850
15.92, 6246850
15.93, 6246850
15.94, 6246850
15.95, 6246850
15.96, 6246850
15.97, 6246850
15.98, 6246850
15.99, 6246850
16.0, 6246850
16.01, 6246850
16.02, 6246850
16.03, 6246850
16.04, 6246850
16.05, 6246850
16.06, 6246850
16.07, 6246850
16.08, 6246850
16.09, 6246850
16.1, 6246850
16.11, 6246850
16.12, 6246850
16.13, 6246850
16.14, 6246850
16.15, 6246850
16.16, 6246850
16.17, 6246850
16.18, 6246850
16.19, 6246850
16.2, 6246850
16.21, 6246850
16.22, 6246850
16.23, 6246850
16.24, 6246850
16.25, 6246850
16.26, 6246850
16.27, 6246850
16.28, 6246850
16.29, 6246850
16.3, 6246850
16.31, 6246850
16.32, 6246850
16.33, 6246850
16.34, 6246850
16.35, 6246850
16.36, 6246850
16.37, 6246850
16.38, 6246850
16.39, 6246850
16.4, 6246850
16.41, 6246850
16.42, 6246850
16.43, 6246850
16.44, 6246850
16.45, 6246850
16.46, 6246850
16.47, 6246850
16.48, 6246850
16.49, 6246850
16.5, 6246850
16.51, 6246850
16.52, 6246850
16.53, 6246850
16.54, 6246850
16.55, 6246850
16.56, 6246850
16.57, 6246850
16.58, 6246850
16.59, 6246850
16.6, 6246850
16.61, 6246850
16.62, 6246850
16.63, 6246850
16.64, 6246850
16.65, 6246850
16.66, 6246850
16.67, 6246850
16.68, 6246850
16.69, 6246850
16.7, 6246850
16.71, 6246850
16.72, 6246850
16.73, 6246850
16.74, 6246850
16.75, 6246850
16.76, 6246850
16.77, 6246850
16.78, 6246850
16.79, 6246850
16.8, 6246850
16.81, 6246850
16.82, 6246850
16.83, 6246850
16.84, 6246850
16.85, 6246850
16.86, 6246850
16.87, 6246850
16.88, 6246850
16.89, 6246850
16.9, 6246850
16.91, 6246850
16.92, 6246850
16.93, 6246850
16.94, 6246850
16.95, 6246850
16.96, 6246850
16.97, 6246850
16.98, 6246850
16.99, 6246850
17.0, 6246850
17.01, 6246850
17.02, 6246850
17.03, 6246850
17.04, 6246850
17.05, 6246850
17.06, 6246850
17.07, 6246850
17.08, 6246850
17.09, 6246850
17.1, 6246850
17.11, 6246850
17.12, 6246850
17.13, 6246850
17.14, 6246850
17.15, 6246850
17.16, 6246850
17.17, 6246850
17.18, 6246850
17.19, 6246850
17.2, 6246850
17.21, 6246850
17.22, 6246850
17.23, 6246850
17.24, 6246850
17.25, 6246850
17.26, 6246850
17.27, 6246850
17.28, 6246850
17.29, 6246850
17.3, 6246850
17.31, 6246850
17.32, 6246850
17.33, 6246850
17.34, 6246850
17.35, 6246850
17.36, 6246850
17.37, 6246850
17.38, 6246850
17.39, 6246850
17.4, 6246850
17.41, 6246850
17.42, 6246850
17.43, 6246850
17.44, 6246850
17.45, 6246850
17.46, 6246850
17.47, 6246850
17.48, 6246850
17.49, 6246850
17.5, 6246850
17.51, 6246850
17.52, 6246850
17.53, 6246850
17.54, 6246850
17.55, 6246850
17.56, 6246850
17.57, 6246850
17.58, 6246850
17.59, 6246850
17.6, 6246850
17.61, 6246850
17.62, 6246850
17.63, 6246850
17.64, 6246850
17.65, 6246850
17.66, 6246850
17.67, 6246850
17.68, 6246850
17.69, 6246850
17.7, 6246850
17.71, 6246850
17.72, 6246850
17.73, 6246850
17.74, 6246850
17.75, 6246850
17.76, 6246850
17.77, 6246850
17.78, 6246850
17.79, 6246850
17.8, 6246850
17.81, 6246850
17.82, 6246850
17.83, 6246850
17.84, 6246850
17.85, 6246850
17.86, 6246850
17.87, 6246850
17.88, 6246850
17.89, 6246850
17.9, 6246850
17.91, 6246850
17.92, 6246850
17.93, 6246850
17.94, 6246850
17.95, 6246850
17.96, 6246850
17.97, 6246850
17.98, 6246850
17.99, 6246850
18.0, 6246850
18.01, 6246850
18.02, 6246850
18.03, 6246850
18.04, 6246850
18.05, 6246850
18.06, 6246850
18.07, 6246850
18.08, 6246850
18.09, 6246850
18.1, 6246850
18.11, 6246850
18.12, 6246850
18.13, 6246850
18.14, 6246850
18.15, 6246850
18.16, 6246850
18.17, 6246850
18.18, 6246850
18.19, 6246850
18.2, 6246850
18.21, 6246850
18.22, 6246850
18.23, 6246850
18.24, 6246850
18.25, 6246850
18.26, 6246850
18.27, 6246850
18.28, 6246850
18.29, 6246850
18.3, 6246850
18.31, 6246850
18.32, 6246850
18.33, 6246850
18.34, 6246850
18.35, 6246850
18.36, 6246850
18.37, 6246850
18.38, 6246850
18.39, 6246850
18.4, 6246850
18.41, 6246850
18.42, 6246850
18.43, 6246850
18.44, 6246850
18.45, 6246850
18.46, 6246850
18.47, 6246850
18.48, 6246850
18.49, 6246850
18.5, 6246850
18.51, 6246850
18.52, 6246850
18.53, 6246850
18.54, 6246850
18.55, 6246850
18.56, 6246850
18.57, 6246850
18.58, 6246850
18.59, 6246850
18.6, 6246850
18.61, 6246850
18.62, 6246850
18.63, 6246850
18.64, 6246850
18.65, 6246850
18.66, 6246850
18.67, 6246850
18.68, 6246850
18.69, 6246850
18.7, 6246850
18.71, 6246850
18.72, 6246850
18.73, 6246850
18.74, 6246850
18.75, 6246850
18.76, 6246850
18.77, 6246850
18.78, 6246850
18.79, 6246850
18.8, 6246850
18.81, 6246850
18.82, 6246850
18.83, 6246850
18.84, 6246850
18.85, 6246850
18.86, 6246850
18.87, 6246850
18.88, 6246850
18.89, 6246850
18.9, 6246850
18.91, 6246850
18.92, 6246850
18.93, 6246850
18.94, 6246850
18.95, 6246850
18.96, 6246850
18.97, 6246850
18.98, 6246850
18.99, 6246850
19.0, 6246850
19.01, 6246850
19.02, 6246850
19.03, 6246850
19.04, 6246850
19.05, 6246850
19.06, 6246850
19.07, 6246850
19.08, 6246850
19.09, 6246850
19.1, 6246850
19.11, 6246850
19.12, 6246850
19.13, 6246850
19.14, 6246850
19.15, 6246850
19.16, 6246850
19.17, 6246850
19.18, 6246850
19.19, 6246850
19.2, 6246850
19.21, 6246850
19.22, 6246850
19.23, 6246850
19.24, 6246850
19.25, 6246850
19.26, 6246850
19.27, 6246850
19.28, 6246850
19.29, 6246850
19.3, 6246850
19.31, 6246850
19.32, 6246850
19.33, 6246850
19.34, 6246850
19.35, 6246850
19.36, 6246850
19.37, 6246850
19.38, 6246850
19.39, 6246850
19.4, 6246850
19.41, 6246850
19.42, 6246850
19.43, 6246850
19.44, 6246850
19.45, 6246850
19.46, 6246850
19.47, 6246850
19.48, 6246850
19.49, 6246850
19.5, 6246850
19.51, 6246850
19.52, 6246850
19.53, 6246850
19.54, 6246850
19.55, 6246850
19.56, 6246850
19.57, 6246850
19.58, 6246850
19.59, 6246850
19.6, 6246850
19.61, 6246850
19.62, 6246850
19.63, 6246850
19.64, 6246850
19.65, 6246850
19.66, 6246850
19.67, 6246850
19.68, 6246850
19.69, 6246850
19.7, 6246850
19.71, 6246850
19.72, 6246850
19.73, 6246850
19.74, 6246850
19.75, 6246850
19.76, 6246850
19.77, 6246850
19.78, 6246850
19.79, 6246850
19.8, 6246850
19.81, 6246850
19.82, 6246850
19.83, 6246850
19.84, 6246850
19.85, 6246850
19.86, 6246850
19.87, 6246850
19.88, 6246850
19.89, 6246850
19.9, 6246850
19.91, 6246850
19.92, 6246850
19.93, 6246850
19.94, 6246850
19.95, 6246850
19.96, 6246850
19.97, 6246850
19.98, 6246850
19.99, 6246850
20.0, 6246850
20.01, 6246850
20.02, 6246850
20.03, 6246850
20.04, 6246850
20.05, 6246850
20.06, 6246850
20.07, 6246850
20.08, 6246850
20.09, 6246850
20.1, 6246850
20.11, 6246850
20.12, 6246850
20.13, 6246850
20.14, 6246850
20.15, 6246850
20.16, 6246850
20.17, 6246850
20.18, 6246850
20.19, 6246850
20.2, 6246850
20.21, 6246850
20.22, 6246850
20.23, 6246850
20.24, 6246850
20.25, 6246850
20.26, 6246850
20.27, 6246850
20.28, 6246850
20.29, 6246850
20.3, 6246850
20.31, 6246850
20.32, 6246850
20.33, 6246850
20.34, 6246850
20.35, 6246850
20.36, 6246850
20.37, 6246850
20.38, 6246850
20.39, 6246850
20.4, 6246850
20.41, 6246850
20.42, 6246850
20.43, 6246850
20.44, 6246850
20.45, 6246850
20.46, 6246850
20.47, 6246850
20.48, 6246850
20.49, 6246850
20.5, 6246850
20.51, 6246850
20.52, 6246850
20.53, 6246850
20.54, 6246850
20.55, 6246850
20.56, 6246850
20.57, 6246850
20.58, 6246850
20.59, 6246850
20.6, 6246850
20.61, 6246850
20.62, 6246850
20.63, 6246850
20.64, 6246850
20.65, 6246850
20.66, 6246850
20.67, 6246850
20.68, 6246850
20.69, 6246850
20.7, 6246850
20.71, 6246850
20.72, 6246850
20.73, 6246850
20.74, 6246850
20.75, 6246850
20.76, 6246850
20.77, 6246850
20.78, 6246850
20.79, 6246850
20.8, 6246850
20.81, 6246850
20.82, 6246850
20.83, 6246850
20.84, 6246850
20.85, 6246850
20.86, 6246850
20.87, 6246850
20.88, 6246850
20.89, 6246850
20.9, 6246850
20.91, 6246850
20.92, 6246850
20.93, 6246850
20.94, 6246850
20.95, 6246850
20.96, 6246850
20.97, 6246850
20.98, 6246850
20.99, 6246850
21.0, 6246850
21.01, 6246850
21.02, 6246850
21.03, 6246850
21.04, 6246850
21.05, 6246850
21.06, 6246850
21.07, 6246850
21.08, 6246850
21.09, 6246850
21.1, 6246850
21.11, 6246850
21.12, 6246850
21.13, 6246850
21.14, 6246850
21.15, 6246850
21.16, 6246850
21.17, 6246850
21.18, 6246850
21.19, 6246850
21.2, 6246850
21.21, 6246850
21.22, 6246850
21.23, 6246850
21.24, 6246850
21.25, 6246850
21.26, 6246850
21.27, 6246850
21.28, 6246850
21.29, 6246850
21.3, 6246850
21.31, 6246850
21.32, 6246850
21.33, 6246850
21.34, 6246850
21.35, 6246850
21.36, 6246850
21.37, 6246850
21.38, 6246850
21.39, 6246850
21.4, 6246850
21.41, 6246850
21.42, 6246850
21.43, 6246850
21.44, 6246850
21.45, 6246850
21.46, 6246850
21.47, 6246850
21.48, 6246850
21.49, 6246850
21.5, 6246850
21.51, 6246850
21.52, 6246850
21.53, 6246850
21.54, 6246850
21.55, 6246850
21.56, 6246850
21.57, 6246850
21.58, 6246850
21.59, 6246850
21.6, 6246850
21.61, 6246850
21.62, 6246850
21.63, 6246850
21.64, 6246850
21.65, 6246850
21.66, 6246850
21.67, 6246850
21.68, 6246850
21.69, 6246850
21.7, 6246850
21.71, 6246850
21.72, 6246850
21.73, 6246850
21.74, 6246850
21.75, 6246850
21.76, 6246850
21.77, 6246850
21.78, 6246850
21.79, 6246850
21.8, 6246850
21.81, 6246850
21.82, 6246850
21.83, 6246850
21.84, 6246850
21.85, 6246850
21.86, 6246850
21.87, 6246850
21.88, 6246850
21.89, 6246850
21.9, 6246850
21.91, 6246850
21.92, 6246850
21.93, 6246850
21.94, 6246850
21.95, 6246850
21.96, 6246850
21.97, 6246850
21.98, 6246850
21.99, 6246850
22.0, 6246850
22.01, 6246850
22.02, 6246850
22.03, 6246850
22.04, 6246850
22.05, 6246850
22.06, 6246850
22.07, 6246850
22.08, 6246850
22.09, 6246850
22.1, 6246850
22.11, 6246850
22.12, 6246850
22.13, 6246850
22.14, 6246850
22.15, 6246850
22.16, 6246850
22.17, 6246850
22.18, 6246850
22.19, 6246850
22.2, 6246850
22.21, 6246850
22.22, 6246850
22.23, 6246850
22.24, 6246850
22.25, 6246850
22.26, 6246850
22.27, 6246850
22.28, 6246850
22.29, 6246850
22.3, 6246850
22.31, 6246850
22.32, 6246850
22.33, 6246850
22.34, 6246850
22.35, 6246850
22.36, 6246850
22.37, 6246850
22.38, 6246850
22.39, 6246850
22.4, 6246850
22.41, 6246850
22.42, 6246850
22.43, 6246850
22.44, 6246850
22.45, 6246850
22.46, 6246850
22.47, 6246850
22.48, 6246850
22.49, 6246850
22.5, 6246850
22.51, 6246850
22.52, 6246850
22.53, 6246850
22.54, 6246850
22.55, 6246850
22.56, 6246850
22.57, 6246850
22.58, 6246850
22.59, 6246850
22.6, 6246850
22.61, 6246850
22.62, 6246850
22.63, 6246850
22.64, 6246850
22.65, 6246850
22.66, 6246850
22.67, 6246850
22.68, 6246850
22.69, 6246850
22.7, 6246850
22.71, 6246850
22.72, 6246850
22.73, 6246850
22.74, 6246850
22.75, 6246850
22.76, 6246850
22.77, 6246850
22.78, 6246850
22.79, 6246850
22.8, 6246850
22.81, 6246850
22.82, 6246850
22.83, 6246850
22.84, 6246850
22.85, 6246850
22.86, 6246850
22.87, 6246850
22.88, 6246850
22.89, 6246850
22.9, 6246850
22.91, 6246850
22.92, 6246850
22.93, 6246850
22.94, 6246850
22.95, 6246850
22.96, 6246850
22.97, 6246850
22.98, 6246850
22.99, 6246850
23.0, 6246850
23.01, 6246850
23.02, 6246850
23.03, 6246850
23.04, 6246850
23.05, 6246850
23.06, 6246850
23.07, 6246850
23.08, 6246850
23.09, 6246850
23.1, 6246850
23.11, 6246850
23.12, 6246850
23.13, 6246850
23.14, 6246850
23.15, 6246850
23.16, 6246850
23.17, 6246850
23.18, 6246850
23.19, 6246850
23.2, 6246850
23.21, 6246850
23.22, 6246850
23.23, 6246850
23.24, 6246850
23.25, 6246850
23.26, 6246850
23.27, 6246850
23.28, 6246850
23.29, 6246850
23.3, 6246850
23.31, 6246850
23.32, 6246850
23.33, 6246850
23.34, 6246850
23.35, 6246850
23.36, 6246850
23.37, 6246850
23.38, 6246850
23.39, 6246850
23.4, 6246850
23.41, 6246850
23.42, 6246850
23.43, 6246850
23.44, 6246850
23.45, 6246850
23.46, 6246850
23.47, 6246850
23.48, 6246850
23.49, 6246850
23.5, 6246850
23.51, 6246850
23.52, 6246850
23.53, 6246850
23.54, 6246850
23.55, 6246850
23.56, 6246850
23.57, 6246850
23.58, 6246850
23.59, 6246850
23.6, 6246850
23.61, 6246850
23.62, 6246850
23.63, 6246850
23.64, 6246850
23.65, 6246850
23.66, 6246850
23.67, 6246850
23.68, 6246850
23.69, 6246850
23.7, 6246850
23.71, 6246850
23.72, 6246850
23.73, 6246850
23.74, 6246850
23.75, 6246850
23.76, 6246850
23.77, 6246850
23.78, 6246850
23.79, 6246850
23.8, 6246850
23.81, 6246850
23.82, 6246850
23.83, 6246850
23.84, 6246850
23.85, 6246850
23.86, 6246850
23.87, 6246850
23.88, 6246850
23.89, 6246850
23.9, 6246850
23.91, 6246850
23.92, 6246850
23.93, 6246850
23.94, 6246850
23.95, 6246850
23.96, 6246850
23.97, 6246850
23.98, 6246850
23.99, 6246850
24.0, 6246850
24.01, 6246850
24.02, 6246850
24.03, 6246850
24.04, 6246850
24.05, 6246850
24.06, 6246850
24.07, 6246850
24.08, 6246850
24.09, 6246850
24.1, 6246850
24.11, 6246850
24.12, 6246850
24.13, 6246850
24.14, 6246850
24.15, 6246850
24.16, 6246850
24.17, 6246850
24.18, 6246850
24.19, 6246850
24.2, 6246850
24.21, 6246850
24.22, 6246850
24.23, 6246850
24.24, 6246850
24.25, 6246850
24.26, 6246850
24.27, 6246850
24.28, 6246850
24.29, 6246850
24.3, 6246850
24.31, 6246850
24.32, 6246850
24.33, 6246850
24.34, 6246850
24.35, 6246850
24.36, 6246850
24.37, 6246850
24.38, 6246850
24.39, 6246850
24.4, 6246850
24.41, 6246850
24.42, 6246850
24.43, 6246850
24.44, 6246850
24.45, 6246850
24.46, 6246850
24.47, 6246850
24.48, 6246850
24.49, 6246850
24.5, 6246850
24.51, 6246850
24.52, 6246850
24.53, 6246850
24.54, 6246850
24.55, 6246850
24.56, 6246850
24.57, 6246850
24.58, 6246850
24.59, 6246850
24.6, 6246850
24.61, 6246850
24.62, 6246850
24.63, 6246850
24.64, 6246850
24.65, 6246850
24.66, 6246850
24.67, 6246850
24.68, 6246850
24.69, 6246850
24.7, 6246850
24.71, 6246850
24.72, 6246850
24.73, 6246850
24.74, 6246850
24.75, 6246850
24.76, 6246850
24.77, 6246850
24.78, 6246850
24.79, 6246850
24.8, 6246850
24.81, 6246850
24.82, 6246850
24.83, 6246850
24.84, 6246850
24.85, 6246850
24.86, 6246850
24.87, 6246850
24.88, 6246850
24.89, 6246850
24.9, 6246850
24.91, 6246850
24.92, 6246850
24.93, 6246850
24.94, 6246850
24.95, 6246850
24.96, 6246850
24.97, 6246850
24.98, 6246850
24.99, 6246850
25.0, 6246850
25.01, 6246850
25.02, 6246850
25.03, 6246850
25.04, 6246850
25.05, 6246850
25.06, 6246850
25.07, 6246850
25.08, 6246850
25.09, 6246850
25.1, 6246850
25.11, 6246850
25.12, 6246850
25.13, 6246850
25.14, 6246850
25.15, 6246850
25.16, 6246850
25.17, 6246850
25.18, 6246850
25.19, 6246850
25.2, 6246850
25.21, 6246850
25.22, 6246850
25.23, 6246850
25.24, 6246850
25.25, 6246850
25.26, 6246850
25.27, 6246850
25.28, 6246850
25.29, 6246850
25.3, 6246850
25.31, 6246850
25.32, 6246850
25.33, 6246850
25.34, 6246850
25.35, 6246850
25.36, 6246850
25.37, 6246850
25.38, 6246850
25.39, 6246850
25.4, 6246850
25.41, 6246850
25.42, 6246850
25.43, 6246850
25.44, 6246850
25.45, 6246850
25.46, 6246850
25.47, 6246850
25.48, 6246850
25.49, 6246850
25.5, 6246850
25.51, 6246850
25.52, 6246850
25.53, 6246850
25.54, 6246850
25.55, 6246850
25.56, 6246850
25.57, 6246850
25.58, 6246850
25.59, 6246850
25.6, 6246850
25.61, 6246850
25.62, 6246850
25.63, 6246850
25.64, 6246850
25.65, 6246850
25.66, 6246850
25.67, 6246850
25.68, 6246850
25.69, 6246850
25.7, 6246850
25.71, 6246850
25.72, 6246850
25.73, 6246850
25.74, 6246850
25.75, 6246850
25.76, 6246850
25.77, 6246850
25.78, 6246850
25.79, 6246850
25.8, 6246850
25.81, 6246850
25.82, 6246850
25.83, 6246850
25.84, 6246850
25.85, 6246850
25.86, 6246850
25.87, 6246850
25.9, 6246850
25.91, 6246850
25.92, 6246850
25.93, 6246850
25.94, 6246850
25.95, 6246850
25.96, 6246850
25.97, 6246850
25.98, 6246850
25.99, 6246850
26.0, 6246850
26.01, 6246850
26.02, 6246850
26.03, 6246850
26.04, 6246850
26.05, 6246850
26.06, 6246850
26.07, 6246850
26.08, 6246850
26.09, 6246850
26.1, 6246850
26.11, 6246850
26.12, 6246850
26.13, 6246850
26.14, 6246850
26.15, 6246850
26.16, 6246850
26.17, 6246850
26.18, 6246850
26.19, 6246850
26.2, 6246850
26.21, 6246850
26.22, 6246850
26.23, 6246850
26.24, 6246850
26.25, 6246850
26.26, 6246850
26.27, 6246850
26.28, 6246850
26.29, 6246850
26.3, 6246850
26.31, 6246850
26.32, 6246850
26.33, 6246850
26.34, 6246850
26.35, 6246850
26.36, 6246850
26.37, 6246850
26.38, 6246850
26.39, 6246850
26.4, 6246850
26.41, 6246850
26.42, 6246850
26.43, 6246850
26.44, 6246850
26.45, 6246850
26.46, 6246850
26.47, 6246850
26.48, 6246850
26.49, 6246850
26.5, 6246850
26.51, 6246850
26.52, 6246850
26.53, 6246850
26.54, 6246850
26.55, 6246850
26.56, 6246850
26.57, 6246850
26.58, 6246850
26.59, 6246850
26.6, 6246850
26.61, 6246850
26.62, 6246850
26.63, 6246850
26.64, 6246850
26.65, 6246850
26.66, 6246850
26.67, 6246850
26.68, 6246850
26.69, 6246850
26.7, 6246850
26.71, 6246850
26.72, 6246850
26.73, 6246850
26.74, 6246850
26.75, 6246850
26.76, 6246850
26.77, 6246850
26.78, 6246850
26.79, 6246850
26.8, 6246850
26.81, 6246850
26.82, 6246850
26.83, 6246850
26.84, 6246850
26.85, 6246850
26.86, 6246850
26.87, 6246850
26.88, 6246850
26.89, 6246850
26.9, 6246850
26.91, 6246850
26.92, 6246850
26.93, 6246850
26.94, 6246850
26.95, 6246850
26.96, 6246850
26.97, 6246850
26.98, 6246850
26.99, 6246850
27.0, 6246850
27.01, 6246850
27.02, 6246850
27.03, 6246850
27.04, 6246850
27.05, 6246850
27.06, 6246850
27.07, 6246850
27.08, 6246850
27.09, 6246850
27.1, 6246850
27.11, 6246850
27.12, 6246850
27.13, 6246850
27.14, 6246850
27.15, 6246850
27.16, 6246850
27.17, 6246850
27.18, 6246850
27.19, 6246850
27.2, 6246850
27.21, 6246850
27.22, 6246850
27.23, 6246850
27.24, 6246850
27.25, 6246850
27.26, 6246850
27.27, 6246850
27.28, 6246850
27.29, 6246850
27.3, 6246850
27.31, 6246850
27.32, 6246850
27.33, 6246850
27.34, 6246850
27.35, 6246850
27.36, 6246850
27.37, 6246850
27.38, 6246850
27.39, 6246850
27.4, 6246850
27.41, 6246850
27.42, 6246850
27.43, 6246850
27.44, 6246850
27.45, 6246850
27.46, 6246850
27.47, 6246850
27.48, 6246850
27.49, 6246850
27.5, 6246850
27.51, 6246850
27.52, 6246850
27.53, 6246850
27.54, 6246850
27.55, 6246850
27.56, 6246850
27.57, 6246850
27.58, 6246850
27.59, 6246850
27.6, 6246850
27.61, 6246850
27.62, 6246850
27.63, 6246850
27.64, 6246850
27.65, 6246850
27.66, 6246850
27.67, 6246850
27.68, 6246850
27.69, 6246850
27.7, 6246850
27.71, 6246850
27.72, 6246850
27.73, 6246850
27.74, 6246850
27.75, 6246850
27.76, 6246850
27.77, 6246850
27.78, 6246850
27.79, 6246850
27.8, 6246850
27.81, 6246850
27.82, 6246850
27.83, 6246850
27.84, 6246850
27.85, 6246850
27.86, 6246850
27.87, 6246850
27.88, 6246850
27.89, 6246850
27.9, 6246850
27.91, 6246850
27.92, 6246850
27.93, 6246850
27.94, 6246850
27.95, 6246850
27.96, 6246850
27.97, 6246850
27.98, 6246850
27.99, 6246850
28.0, 6246850
28.01, 6246850
28.02, 6246850
28.03, 6246850
28.04, 6246850
28.05, 6246850
28.06, 6246850
28.07, 6246850
28.08, 6246850
28.09, 6246850
28.1, 6246850
28.11, 6246850
28.12, 6246850
28.13, 6246850
28.14, 6246850
28.15, 6246850
28.16, 6246850
28.17, 6246850
28.18, 6246850
28.19, 6246850
28.2, 6246850
28.21, 6246850
28.22, 6246850
28.23, 6246850
28.24, 6246850
28.25, 6246850
28.26, 6246850
28.27, 6246850
28.28, 6246850
28.29, 6246850
28.3, 6246850
28.31, 6246850
28.32, 6246850
28.33, 6246850
28.34, 6246850
28.35, 6246850
28.36, 6246850
28.37, 6246850
28.38, 6246850
28.39, 6246850
28.4, 6246850
28.41, 6246850
28.42, 6246850
28.43, 6246850
28.44, 6246850
28.45, 6246850
28.46, 6246850
28.47, 6246850
28.48, 6246850
28.49, 6246850
28.5, 6246850
28.51, 6246850
28.52, 6246850
28.53, 6246850
28.54, 6246850
28.55, 6246850
28.56, 6246850
28.57, 6246850
28.58, 6246850
28.59, 6246850
28.6, 6246850
28.61, 6246850
28.62, 6246850
28.63, 6246850
28.64, 6246850
28.65, 6246850
28.66, 6246850
28.67, 6246850
28.68, 6246850
28.69, 6246850
28.7, 6246850
28.71, 6246850
28.72, 6246850
28.73, 6246850
28.74, 6246850
28.75, 6246850
28.76, 6246850
28.77, 6246850
28.78, 6246850
28.79, 6246850
28.8, 6246850
28.81, 6246850
28.82, 6246850
28.83, 6246850
28.84, 6246850
28.85, 6246850
28.86, 6246850
28.87, 6246850
28.88, 6246850
28.89, 6246850
28.9, 6246850
28.91, 6246850
28.92, 6246850
28.93, 6246850
28.94, 6246850
28.95, 6246850
28.96, 6246850
28.97, 6246850
28.98, 6246850
28.99, 6246850
29.0, 6246850
29.01, 6246850
29.02, 6246850
29.03, 6246850
29.04, 6246850
29.05, 6246850
29.06, 6246850
29.07, 6246850
29.08, 6246850
29.09, 6246850
29.1, 6246850
29.11, 6246850
29.12, 6246850
29.13, 6246850
29.14, 6246850
29.15, 6246850
29.16, 6246850
29.17, 6246850
29.18, 6246850
29.19, 6246850
29.2, 6246850
29.21, 6246850
29.22, 6246850
29.23, 6246850
29.24, 6246850
29.25, 6246850
29.26, 6246850
29.27, 6246850
29.28, 6246850
29.29, 6246850
29.3, 6246850
29.31, 6246850
29.32, 6246850
29.33, 6246850
29.34, 6246850
29.35, 6246850
29.36, 6246850
29.37, 6246850
29.38, 6246850
29.39, 6246850
29.4, 6246850
29.41, 6246850
29.42, 6246850
29.43, 6246850
29.44, 6246850
29.45, 6246850
29.46, 6246850
29.47, 6246850
29.48, 6246850
29.49, 6246850
29.5, 6246850
29.51, 6246850
29.52, 6246850
29.53, 6246850
29.54, 6246850
29.55, 6246850
29.56, 6246850
29.57, 6246850
29.58, 6246850
29.59, 6246850
29.6, 6246850
29.61, 6246850
29.62, 6246850
29.63, 6246850
29.64, 6246850
29.65, 6246850
29.66, 6246850
29.67, 6246850
29.68, 6246850
29.69, 6246850
29.7, 6246850
29.71, 6246850
29.72, 6246850
29.73, 6246850
29.74, 6246850
29.75, 6246850
29.76, 6246850
29.77, 6246850
29.78, 6246850
29.79, 6246850
29.8, 6246850
29.81, 6246850
29.82, 6246850
29.83, 6246850
29.84, 6246850
29.85, 6246850
29.86, 6246850
29.87, 6246850
29.88, 6246850
29.89, 6246850
29.9, 6246850
29.91, 6246850
29.92, 6246850
29.93, 6246850
29.94, 6246850
29.95, 6246850
29.96, 6246850
29.97, 6246850
29.98, 6246850
29.99, 6246850
30.0, 6246850
30.01, 6246850
30.02, 6246850
30.03, 6246850
30.04, 6246850
30.05, 6246850
30.06, 6246850
30.07, 6246850
30.08, 6246850
30.09, 6246850
30.1, 6246850
30.11, 6246850
30.12, 6246850
30.13, 6246850
30.14, 6246850
30.15, 6246850
30.16, 6246850
30.17, 6246850
30.18, 6246850
30.19, 6246850
30.2, 6246850
30.21, 6246850
30.22, 6246850
30.23, 6246850
30.24, 6246850
30.25, 6246850
30.26, 6246850
30.27, 6246850
30.28, 6246850
30.29, 6246850
30.3, 6246850
30.31, 6246850
30.32, 6246850
30.33, 6246850
30.34, 6246850
30.35, 6246850
30.36, 6246850
30.37, 6246850
30.38, 6246850
30.39, 6246850
30.4, 6246850
30.41, 6246850
30.42, 6246850
30.43, 6246850
30.44, 6246850
30.45, 6246850
30.46, 6246850
30.47, 6246850
30.48, 6246850
30.49, 6246850
30.5, 6246850
30.51, 6246850
30.52, 6246850
30.53, 6246850
30.54, 6246850
30.55, 6246850
30.56, 6246850
30.57, 6246850
30.58, 6246850
30.59, 6246850
30.6, 6246850
30.61, 6246850
30.62, 6246850
30.63, 6246850
30.64, 6246850
30.65, 6246850
30.66, 6246850
30.67, 6246850
30.68, 6246850
30.69, 6246850
30.7, 6246850
30.71, 6246850
30.72, 6246850
30.73, 6246850
30.74, 6246850
30.75, 6246850
30.76, 6246850
30.77, 6246850
30.78, 6246850
30.79, 6246850
30.8, 6246850
30.81, 6246850
30.82, 6246850
30.83, 6246850
30.84, 6246850
30.85, 6246850
30.86, 6246850
30.87, 6246850
30.88, 6246850
30.89, 6246850
30.9, 6246850
30.91, 6246850
30.92, 6246850
30.93, 6246850
30.96, 6246850
30.97, 6246850
30.98, 6246850
30.99, 6246850
31.0, 6246850
31.01, 6246850
31.02, 6246850
31.03, 6246850
31.04, 6246850
31.05, 6246850
31.06, 6246850
31.07, 6246850
31.08, 6246850
31.09, 6246850
31.1, 6246850
31.11, 6246850
31.12, 6246850
31.13, 6246850
31.14, 6246850
31.15, 6246850
31.16, 6246850
31.17, 6246850
31.18, 6246850
31.19, 6246850
31.2, 6246850
31.21, 6246850
31.22, 6246850
31.23, 6246850
31.24, 6246850
31.25, 6246850
31.26, 6246850
31.27, 6246850
31.28, 6246850
31.29, 6246850
31.3, 6246850
31.31, 6246850
31.32, 6246850
31.33, 6246850
31.34, 6246850
31.35, 6246850
31.36, 6246850
31.37, 6246850
31.38, 6246850
31.39, 6246850
31.4, 6246850
31.41, 6246850
31.42, 6246850
31.43, 6246850
31.44, 6246850
31.45, 6246850
31.46, 6246850
31.47, 6246850
31.48, 6246850
31.49, 6246850
31.5, 6246850
31.51, 6246850
31.52, 6246850
31.53, 6246850
31.54, 6246850
31.55, 6246850
31.56, 6246850
31.57, 6246850
31.58, 6246850
31.59, 6246850
31.6, 6246850
31.61, 6246850
31.62, 6246850
31.63, 6246850
31.64, 6246850
31.65, 6246850
31.66, 6246850
31.67, 6246850
31.68, 6246850
31.69, 6246850
31.7, 6246850
31.71, 6246850
31.72, 6246850
31.73, 6246850
31.74, 6246850
31.75, 6246850
31.76, 6246850
31.77, 6246850
31.78, 6246850
31.79, 6246850
31.8, 6246850
31.81, 6246850
31.82, 6246850
31.83, 6246850
31.84, 6246850
31.85, 6246850
31.86, 6246850
31.87, 6246850
31.88, 6246850
31.89, 6246850
31.9, 6246850
31.91, 6246850
31.92, 6246850
31.93, 6246850
31.94, 6246850
31.95, 6246850
31.96, 6246850
31.97, 6246850
31.98, 6246850
31.99, 6246850
32.0, 6246850
32.01, 6246850
32.02, 6246850
32.03, 6246850
32.04, 6246850
32.05, 6246850
32.06, 6246850
32.07, 6246850
32.08, 6246850
32.09, 6246850
32.1, 6246850
32.11, 6246850
32.12, 6246850
32.13, 6246850
32.14, 6246850
32.15, 6246850
32.16, 6246850
32.17, 6246850
32.18, 6246850
32.19, 6246850
32.2, 6246850
32.21, 6246850
32.22, 6246850
32.23, 6246850
32.24, 6246850
32.25, 6246850
32.26, 6246850
32.27, 6246850
32.28, 6246850
32.29, 6246850
32.3, 6246850
32.31, 6246850
32.32, 6246850
32.33, 6246850
32.34, 6246850
32.35, 6246850
32.36, 6246850
32.37, 6246850
32.38, 6246850
32.39, 6246850
32.4, 6246850
32.41, 6246850
32.42, 6246850
32.43, 6246850
32.44, 6246850
32.45, 6246850
32.46, 6246850
32.47, 6246850
32.48, 6246850
32.49, 6246850
32.5, 6246850
32.51, 6246850
32.52, 6246850
32.53, 6246850
32.54, 6246850
32.55, 6246850
32.56, 6246850
32.57, 6246850
32.58, 6246850
32.59, 6246850
32.6, 6246850
32.61, 6246850
32.62, 6246850
32.63, 6246850
32.64, 6246850
32.65, 6246850
32.66, 6246850
32.67, 6246850
32.68, 6246850
32.69, 6246850
32.7, 6246850
32.71, 6246850
32.72, 6246850
32.73, 6246850
32.74, 6246850
32.75, 6246850
32.76, 6246850
32.77, 6246850
32.78, 6246850
32.79, 6246850
32.8, 6246850
32.81, 6246850
32.82, 6246850
32.83, 6246850
32.84, 6246850
32.85, 6246850
32.86, 6246850
32.87, 6246850
32.88, 6246850
32.89, 6246850
32.9, 6246850
32.91, 6246850
32.92, 6246850
32.93, 6246850
32.94, 6246850
32.95, 6246850
32.96, 6246850
32.97, 6246850
32.98, 6246850
32.99, 6246850
33.0, 6246850
33.01, 6246850
33.02, 6246850
33.03, 6246850
33.04, 6246850
33.05, 6246850
33.06, 6246850
33.07, 6246850
33.08, 6246850
33.09, 6246850
33.1, 6246850
33.11, 6246850
33.12, 6246850
33.13, 6246850
33.14, 6246850
33.15, 6246850
33.16, 6246850
33.17, 6246850
33.18, 6246850
33.19, 6246850
33.2, 6246850
33.21, 6246850
33.22, 6246850
33.23, 6246850
33.24, 6246850
33.25, 6246850
33.26, 6246850
33.27, 6246850
33.28, 6246850
33.29, 6246850
33.3, 6246850
33.31, 6246850
33.32, 6246850
33.33, 6246850
33.34, 6246850
33.35, 6246850
33.36, 6246850
33.37, 6246850
33.38, 6246850
33.39, 6246850
33.4, 6246850
33.41, 6246850
33.42, 6246850
33.43, 6246850
33.44, 6246850
33.45, 6246850
33.46, 6246850
33.47, 6246850
33.48, 6246850
33.49, 6246850
33.5, 6246850
33.51, 6246850
33.52, 6246850
33.53, 6246850
33.54, 6246850
33.55, 6246850
33.56, 6246850
33.57, 6246850
33.58, 6246850
33.59, 6246850
33.6, 6246850
33.61, 6246850
33.62, 6246850
33.63, 6246850
33.64, 6246850
33.65, 6246850
33.66, 6246850
33.67, 6246850
33.68, 6246850
33.69, 6246850
33.7, 6246850
33.71, 6246850
33.72, 6246850
33.73, 6246850
33.74, 6246850
33.75, 6246850
33.76, 6246850
33.77, 6246850
33.78, 6246850
33.79, 6246850
33.8, 6246850
33.81, 6246850
33.82, 6246850
33.83, 6246850
33.84, 6246850
33.85, 6246850
33.86, 6246850
33.87, 6246850
33.88, 6246850
33.89, 6246850
33.9, 6246850
33.91, 6246850
33.92, 6246850
33.93, 6246850
33.94, 6246850
33.95, 6246850
33.96, 6246850
33.97, 6246850
33.98, 6246850
33.99, 6246850
34.0, 6246850
34.01, 6246850
34.02, 6246850
34.03, 6246850
34.04, 6246850
34.05, 6246850
34.06, 6246850
34.07, 6246850
34.08, 6246850
34.09, 6246850
34.1, 6246850
34.11, 6246850
34.12, 6246850
34.13, 6246850
34.14, 6246850
34.15, 6246850
34.16, 6246850
34.17, 6246850
34.18, 6246850
34.19, 6246850
34.2, 6246850
34.21, 6246850
34.22, 6246850
34.23, 6246850
34.24, 6246850
34.25, 6246850
34.26, 6246850
34.27, 6246850
34.28, 6246850
34.29, 6246850
34.3, 6246850
34.31, 6246850
34.32, 6246850
34.33, 6246850
34.34, 6246850
34.35, 6246850
34.36, 6246850
34.37, 6246850
34.38, 6246850
34.39, 6246850
34.4, 6246850
34.41, 6246850
34.42, 6246850
34.43, 6246850
34.44, 6246850
34.45, 6246850
34.46, 6246850
34.47, 6246850
34.48, 6246850
34.49, 6246850
34.5, 6246850
34.51, 6246850
34.52, 6246850
34.53, 6246850
34.54, 6246850
34.55, 6246850
34.56, 6246850
34.57, 6246850
34.58, 6246850
34.59, 6246850
34.6, 6246850
34.61, 6246850
34.62, 6246850
34.63, 6246850
34.64, 6246850
34.65, 6246850
34.66, 6246850
34.67, 6246850
34.68, 6246850
34.69, 6246850
34.7, 6246850
34.71, 6246850
34.72, 6246850
34.73, 6246850
34.74, 6246850
34.75, 6246850
34.76, 6246850
34.77, 6246850
34.78, 6246850
34.79, 6246850
34.8, 6246850
34.81, 6246850
34.82, 6246850
34.83, 6246850
34.84, 6246850
34.85, 6246850
34.86, 6246850
34.87, 6246850
34.88, 6246850
34.89, 6246850
34.9, 6246850
34.91, 6246850
34.92, 6246850
34.93, 6246850
34.94, 6246850
34.95, 6246850
34.96, 6246850
34.97, 6246850
34.98, 6246850
34.99, 6246850
35.0, 6246850
35.01, 6246850
35.02, 6246850
35.03, 6246850
35.04, 6246850
35.05, 6246850
35.06, 6246850
35.07, 6246850
35.08, 6246850
35.09, 6246850
35.1, 6246850
35.11, 6246850
35.12, 6246850
35.13, 6246850
35.14, 6246850
35.15, 6246850
35.16, 6246850
35.17, 6246850
35.18, 6246850
35.19, 6246850
35.2, 6246850
35.21, 6246850
35.22, 6246850
35.23, 6246850
35.24, 6246850
35.25, 6246850
35.26, 6246850
35.27, 6246850
35.28, 6246850
35.29, 6246850
35.3, 6246850
35.31, 6246850
35.32, 6246850
35.33, 6246850
35.34, 6246850
35.35, 6246850
35.36, 6246850
35.37, 6246850
35.38, 6246850
35.39, 6246850
35.4, 6246850
35.41, 6246850
35.42, 6246850
35.43, 6246850
35.44, 6246850
35.45, 6246850
35.46, 6246850
35.47, 6246850
35.48, 6246850
35.49, 6246850
35.5, 6246850
35.51, 6246850
35.52, 6246850
35.53, 6246850
35.54, 6246850
35.55, 6246850
35.56, 6246850
35.57, 6246850
35.58, 6246850
35.59, 6246850
35.6, 6246850
35.61, 6246850
35.62, 6246850
35.63, 6246850
35.64, 6246850
35.65, 6246850
35.66, 6246850
35.67, 6246850
35.68, 6246850
35.69, 6246850
35.7, 6246850
35.71, 6246850
35.72, 6246850
35.73, 6246850
35.74, 6246850
35.75, 6246850
35.76, 6246850
35.77, 6246850
35.78, 6246850
35.79, 6246850
35.8, 6246850
35.81, 6246850
35.82, 6246850
35.83, 6246850
35.84, 6246850
35.85, 6246850
35.86, 6246850
35.87, 6246850
35.88, 6246850
35.89, 6246850
35.9, 6246850
35.91, 6246850
35.92, 6246850
35.93, 6246850
35.94, 6246850
35.95, 6246850
35.96, 6246850
35.97, 6246850
35.98, 6246850
35.99, 6246850
36.0, 6246850
36.01, 6246850
36.02, 6246850
36.03, 6246850
36.04, 6246850
36.05, 6246850
36.06, 6246850
36.07, 6246850
36.08, 6246850
36.09, 6246850
36.1, 6246850
36.11, 6246850
36.12, 6246850
36.13, 6246850
36.14, 6246850
36.15, 6246850
36.16, 6246850
36.17, 6246850
36.18, 6246850
36.19, 6246850
36.2, 6246850
36.21, 6246850
36.22, 6246850
36.23, 6246850
36.24, 6246850
36.25, 6246850
36.26, 6246850
36.27, 6246850
36.28, 6246850
36.29, 6246850
36.3, 6246850
36.31, 6246850
36.32, 6246850
36.33, 6246850
36.34, 6246850
36.35, 6246850
36.36, 6246850
36.37, 6246850
36.38, 6246850
36.39, 6246850
36.4, 6246850
36.41, 6246850
36.42, 6246850
36.43, 6246850
36.44, 6246850
36.45, 6246850
36.46, 6246850
36.47, 6246850
36.48, 6246850
36.49, 6246850
36.5, 6246850
36.51, 6246850
36.52, 6246850
36.53, 6246850
36.54, 6246850
36.55, 6246850
36.56, 6246850
36.57, 6246850
36.58, 6246850
36.59, 6246850
36.6, 6246850
36.61, 6246850
36.62, 6246850
36.63, 6246850
36.64, 6246850
36.65, 6246850
36.66, 6246850
36.67, 6246850
36.68, 6246850
36.69, 6246850
36.7, 6246850
36.71, 6246850
36.72, 6246850
36.73, 6246850
36.74, 6246850
36.75, 6246850
36.76, 6246850
36.77, 6246850
36.78, 6246850
36.79, 6246850
36.8, 6246850
36.81, 6246850
36.82, 6246850
36.83, 6246850
36.84, 6246850
36.85, 6246850
36.86, 6246850
36.87, 6246850
36.88, 6246850
36.89, 6246850
36.9, 6246850
36.91, 6246850
36.92, 6246850
36.93, 6246850
36.94, 6246850
36.95, 6246850
36.96, 6246850
36.97, 6246850
36.98, 6246850
36.99, 6246850
37.0, 6246850
37.01, 6246850
37.02, 6246850
37.03, 6246850
37.04, 6246850
37.05, 6246850
37.06, 6246850
37.07, 6246850
37.08, 6246850
37.09, 6246850
37.1, 6246850
37.11, 6246850
37.12, 6246850
37.13, 6246850
37.14, 6246850
37.15, 6246850
37.16, 6246850
37.17, 6246850
37.18, 6246850
37.19, 6246850
37.2, 6246850
37.21, 6246850
37.22, 6246850
37.23, 6246850
37.24, 6246850
37.25, 6246850
37.26, 6246850
37.27, 6246850
37.28, 6246850
37.29, 6246850
37.3, 6246850
37.31, 6246850
37.32, 6246850
37.33, 6246850
37.34, 6246850
37.35, 6246850
37.36, 6246850
37.37, 6246850
37.38, 6246850
37.39, 6246850
37.4, 6246850
37.41, 6246850
37.42, 6246850
37.43, 6246850
37.44, 6246850
37.45, 6246850
37.46, 6246850
37.47, 6246850
37.48, 6246850
37.49, 6246850
37.5, 6246850
37.51, 6246850
37.52, 6246850
37.53, 6246850
37.54, 6246850
37.55, 6246850
37.56, 6246850
37.57, 6246850
37.58, 6246850
37.59, 6246850
37.6, 6246850
37.61, 6246850
37.62, 6246850
37.63, 6246850
37.64, 6246850
37.65, 6246850
37.66, 6246850
37.67, 6246850
37.68, 6246850
37.69, 6246850
37.7, 6246850
37.71, 6246850
37.72, 6246850
37.73, 6246850
37.74, 6246850
37.75, 6246850
37.76, 6246850
37.77, 6246850
37.78, 6246850
37.79, 6246850
37.8, 6246850
37.81, 6246850
37.82, 6246850
37.83, 6246850
37.84, 6246850
37.85, 6246850
37.86, 6246850
37.87, 6246850
37.88, 6246850
37.89, 6246850
37.9, 6246850
37.91, 6246850
37.92, 6246850
37.93, 6246850
37.94, 6246850
37.95, 6246850
37.96, 6246850
37.97, 6246850
37.98, 6246850
37.99, 6246850
38.0, 6246850
38.01, 6246850
38.02, 6246850
38.03, 6246850
38.04, 6246850
38.05, 6246850
38.06, 6246850
38.07, 6246850
38.08, 6246850
38.09, 6246850
38.1, 6246850
38.11, 6246850
38.12, 6246850
38.13, 6246850
38.14, 6246850
38.15, 6246850
38.16, 6246850
38.17, 6246850
38.18, 6246850
38.19, 6246850
38.2, 6246850
38.21, 6246850
38.22, 6246850
38.23, 6246850
38.24, 6246850
38.25, 6246850
38.26, 6246850
38.27, 6246850
38.28, 6246850
38.29, 6246850
38.3, 6246850
38.31, 6246850
38.32, 6246850
38.33, 6246850
38.34, 6246850
38.35, 6246850
38.36, 6246850
38.37, 6246850
38.38, 6246850
38.39, 6246850
38.4, 6246850
38.41, 6246850
38.42, 6246850
38.43, 6246850
38.44, 6246850
38.45, 6246850
38.46, 6246850
38.47, 6246850
38.48, 6246850
38.49, 6246850
38.5, 6246850
38.51, 6246850
38.52, 6246850
38.53, 6246850
38.54, 6246850
38.55, 6246850
38.56, 6246850
38.57, 6246850
38.58, 6246850
38.59, 6246850
38.6, 6246850
38.61, 6246850
38.62, 6246850
38.63, 6246850
38.64, 6246850
38.65, 6246850
38.66, 6246850
38.67, 6246850
38.68, 6246850
38.69, 6246850
38.7, 6246850
38.71, 6246850
38.72, 6246850
38.73, 6246850
38.74, 6246850
38.75, 6246850
38.76, 6246850
38.77, 6246850
38.78, 6246850
38.79, 6246850
38.8, 6246850
38.81, 6246850
38.82, 6246850
38.83, 6246850
38.84, 6246850
38.85, 6246850
38.86, 6246850
38.87, 6246850
38.88, 6246850
38.89, 6246850
38.9, 6246850
38.91, 6246850
38.92, 6246850
38.93, 6246850
38.94, 6246850
38.95, 6246850
38.96, 6246850
38.97, 6246850
38.98, 6246850
38.99, 6246850
39.0, 6246850
39.01, 6246850
39.02, 6246850
39.03, 6246850
39.04, 6246850
39.05, 6246850
39.06, 6246850
39.07, 6246850
39.08, 6246850
39.09, 6246850
39.1, 6246850
39.11, 6246850
39.12, 6246850
39.13, 6246850
39.14, 6246850
39.15, 6246850
39.16, 6246850
39.17, 6246850
39.18, 6246850
39.19, 6246850
39.2, 6246850
39.21, 6246850
39.22, 6246850
39.23, 6246850
39.24, 6246850
39.25, 6246850
39.26, 6246850
39.27, 6246850
39.28, 6246850
39.29, 6246850
39.3, 6246850
39.31, 6246850
39.32, 6246850
39.33, 6246850
39.34, 6246850
39.35, 6246850
39.36, 6246850
39.37, 6246850
39.38, 6246850
39.39, 6246850
39.4, 6246850
39.41, 6246850
39.42, 6246850
39.43, 6246850
39.44, 6246850
39.45, 6246850
39.46, 6246850
39.47, 6246850
39.48, 6246850
39.49, 6246850
39.5, 6246850
39.51, 6246850
39.52, 6246850
39.53, 6246850
39.54, 6246850
39.55, 6246850
39.56, 6246850
39.57, 6246850
39.58, 6246850
39.59, 6246850
39.6, 6246850
39.61, 6246850
39.62, 6246850
39.63, 6246850
39.64, 6246850
39.65, 6246850
39.66, 6246850
39.67, 6246850
39.68, 6246850
39.69, 6246850
39.7, 6246850
39.71, 6246850
39.72, 6246850
39.73, 6246850
39.74, 6246850
39.75, 6246850
39.76, 6246850
39.77, 6246850
39.78, 6246850
39.79, 6246850
39.8, 6246850
39.81, 6246850
39.82, 6246850
39.83, 6246850
39.84, 6246850
39.85, 6246850
39.86, 6246850
39.87, 6246850
39.88, 6246850
39.89, 6246850
39.9, 6246850
39.91, 6246850
39.92, 6246850
39.93, 6246850
39.94, 6246850
39.95, 6246850
39.96, 6246850
39.97, 6246850
39.98, 6246850
39.99, 6246850
40.0, 6246850
40.01, 6246850
40.02, 6246850
40.03, 6246850
40.04, 6246850
40.05, 6246850
40.06, 6246850
40.07, 6246850
40.08, 6246850
40.09, 6246850
40.1, 6246850
40.11, 6246850
40.12, 6246850
40.13, 6246850
40.14, 6246850
40.15, 6246850
40.16, 6246850
40.17, 6246850
40.18, 6246850
40.19, 6246850
40.2, 6246850
40.21, 6246850
40.22, 6246850
40.23, 6246850
40.24, 6246850
40.25, 6246850
40.26, 6246850
40.27, 6246850
40.28, 6246850
40.29, 6246850
40.3, 6246850
40.31, 6246850
40.32, 6246850
40.33, 6246850
40.34, 6246850
40.35, 6246850
40.36, 6246850
40.37, 6246850
40.38, 6246850
40.39, 6246850
40.4, 6246850
40.41, 6246850
40.42, 6246850
40.43, 6246850
40.44, 6246850
40.45, 6246850
40.46, 6246850
40.47, 6246850
40.48, 6246850
40.49, 6246850
40.5, 6246850
40.51, 6246850
40.52, 6246850
40.53, 6246850
40.54, 6246850
40.55, 6246850
40.56, 6246850
40.57, 6246850
40.58, 6246850
40.59, 6246850
40.6, 6246850
40.61, 6246850
40.62, 6246850
40.63, 6246850
40.64, 6246850
40.65, 6246850
40.66, 6246850
40.67, 6246850
40.68, 6246850
40.69, 6246850
40.7, 6246850
40.71, 6246850
40.72, 6246850
40.73, 6246850
40.74, 6246850
40.75, 6246850
40.76, 6246850
40.77, 6246850
40.78, 6246850
40.79, 6246850
40.8, 6246850
40.81, 6246850
40.82, 6246850
40.83, 6246850
40.84, 6246850
40.85, 6246850
40.86, 6246850
40.87, 6246850
40.88, 6246850
40.89, 6246850
40.9, 6246850
40.91, 6246850
40.92, 6246850
40.93, 6246850
40.94, 6246850
40.95, 6246850
40.96, 6246850
40.97, 6246850
40.98, 6246850
40.99, 6246850
41.0, 6246850
41.01, 6246850
41.02, 6246850
41.03, 6246850
41.04, 6246850
41.05, 6246850
41.06, 6246850
41.07, 6246850
41.08, 6246850
41.09, 6246850
41.1, 6246850
41.11, 6246850
41.12, 6246850
41.13, 6246850
41.14, 6246850
41.15, 6246850
41.16, 6246850
41.17, 6246850
41.18, 6246850
41.19, 6246850
41.2, 6246850
41.21, 6246850
41.22, 6246850
41.23, 6246850
41.24, 6246850
41.25, 6246850
41.26, 6246850
41.27, 6246850
41.28, 6246850
41.29, 6246850
41.3, 6246850
41.31, 6246850
41.32, 6246850
41.33, 6246850
41.34, 6246850
41.35, 6246850
41.36, 6246850
41.37, 6246850
41.38, 6246850
41.39, 6246850
41.4, 6246850
41.41, 6246850
41.42, 6246850
41.43, 6246850
41.44, 6246850
41.45, 6246850
41.46, 6246850
41.47, 6246850
41.48, 6246850
41.49, 6246850
41.5, 6246850
41.51, 6246850
41.52, 6246850
41.53, 6246850
41.54, 6246850
41.55, 6246850
41.56, 6246850
41.57, 6246850
41.58, 6246850
41.59, 6246850
41.6, 6246850
41.61, 6246850
41.62, 6246850
41.63, 6246850
41.64, 6246850
41.65, 6246850
41.66, 6246850
41.67, 6246850
41.68, 6246850
41.69, 6246850
41.7, 6246850
41.71, 6246850
41.72, 6246850
41.73, 6246850
41.74, 6246850
41.75, 6246850
41.76, 6246850
41.77, 6246850
41.78, 6246850
41.79, 6246850
41.8, 6246850
41.81, 6246850
41.82, 6246850
41.83, 6246850
41.84, 6246850
41.85, 6246850
41.86, 6246850
41.87, 6246850
41.88, 6246850
41.89, 6246850
41.9, 6246850
41.91, 6246850
41.92, 6246850
41.93, 6246850
41.94, 6246850
41.95, 6246850
41.96, 6246850
41.97, 6246850
41.98, 6246850
41.99, 6246850
42.0, 6246850
42.01, 6246850
42.02, 6246850
42.03, 6246850
42.04, 6246850
42.05, 6246850
42.06, 6246850
42.07, 6246850
42.08, 6246850
42.09, 6246850
42.1, 6246850
42.11, 6246850
42.12, 6246850
42.13, 6246850
42.14, 6246850
42.15, 6246850
42.16, 6246850
42.17, 6246850
42.18, 6246850
42.19, 6246850
42.2, 6246850
42.21, 6246850
42.22, 6246850
42.23, 6246850
42.24, 6246850
42.25, 6246850
42.26, 6246850
42.27, 6246850
42.28, 6246850
42.29, 6246850
42.3, 6246850
42.31, 6246850
42.32, 6246850
42.33, 6246850
42.34, 6246850
42.35, 6246850
42.36, 6246850
42.37, 6246850
42.38, 6246850
42.39, 6246850
42.4, 6246850
42.41, 6246850
42.42, 6246850
42.43, 6246850
42.44, 6246850
42.45, 6246850
42.46, 6246850
42.47, 6246850
42.48, 6246850
42.49, 6246850
42.5, 6246850
42.51, 6246850
42.52, 6246850
42.53, 6246850
42.54, 6246850
42.55, 6246850
42.56, 6246850
42.57, 6246850
42.58, 6246850
42.59, 6246850
42.6, 6246850
42.61, 6246850
42.62, 6246850
42.63, 6246850
42.64, 6246850
42.65, 6246850
42.66, 6246850
42.67, 6246850
42.68, 6246850
42.69, 6246850
42.7, 6246850
42.71, 6246850
42.72, 6246850
42.73, 6246850
42.74, 6246850
42.75, 6246850
42.76, 6246850
42.77, 6246850
42.78, 6246850
42.79, 6246850
42.8, 6246850
42.81, 6246850
42.82, 6246850
42.83, 6246850
42.84, 6246850
42.85, 6246850
42.86, 6246850
42.87, 6246850
42.88, 6246850
42.89, 6246850
42.9, 6246850
42.91, 6246850
42.92, 6246850
42.93, 6246850
42.94, 6246850
42.95, 6246850
42.96, 6246850
42.97, 6246850
42.98, 6246850
42.99, 6246850
43.0, 6246850
43.01, 6246850
43.02, 6246850
43.03, 6246850
43.04, 6246850
43.05, 6246850
43.06, 6246850
43.07, 6246850
43.08, 6246850
43.09, 6246850
43.1, 6246850
43.13, 6246850
43.14, 6246850
43.15, 6246850
43.16, 6246850
43.17, 6246850
43.18, 6246850
43.19, 6246850
43.2, 6246850
43.21, 6246850
43.22, 6246850
43.23, 6246850
43.24, 6246850
43.25, 6246850
43.26, 6246850
43.27, 6246850
43.28, 6246850
43.29, 6246850
43.3, 6246850
43.31, 6246850
43.32, 6246850
43.33, 6246850
43.34, 6246850
43.35, 6246850
43.36, 6246850
43.37, 6246850
43.38, 6246850
43.39, 6246850
43.4, 6246850
43.41, 6246850
43.42, 6246850
43.43, 6246850
43.44, 6246850
43.45, 6246850
43.46, 6246850
43.47, 6246850
43.48, 6246850
43.49, 6246850
43.5, 6246850
43.51, 6246850
43.52, 6246850
43.53, 6246850
43.54, 6246850
43.55, 6246850
43.56, 6246850
43.57, 6246850
43.58, 6246850
43.59, 6246850
43.6, 6246850
43.61, 6246850
43.62, 6246850
43.63, 6246850
43.64, 6246850
43.65, 6246850
43.66, 6246850
43.67, 6246850
43.68, 6246850
43.69, 6246850
43.7, 6246850
43.71, 6246850
43.72, 6246850
43.73, 6246850
43.74, 6246850
43.75, 6246850
43.76, 6246850
43.77, 6246850
43.78, 6246850
43.79, 6246850
43.8, 6246850
43.81, 6246850
43.82, 6246850
43.83, 6246850
43.84, 6246850
43.85, 6246850
43.86, 6246850
43.87, 6246850
43.88, 6246850
43.89, 6246850
43.9, 6246850
43.91, 6246850
43.92, 6246850
43.93, 6246850
43.94, 6246850
43.95, 6246850
43.96, 6246850
43.97, 6246850
43.98, 6246850
43.99, 6246850
44.0, 6246850
44.01, 6246850
44.02, 6246850
44.03, 6246850
44.04, 6246850
44.05, 6246850
44.06, 6246850
44.07, 6246850
44.08, 6246850
44.09, 6246850
44.1, 6246850
44.11, 6246850
44.12, 6246850
44.13, 6246850
44.14, 6246850
44.15, 6246850
44.16, 6246850
44.17, 6246850
44.18, 6246850
44.19, 6246850
44.2, 6246850
44.21, 6246850
44.22, 6246850
44.23, 6246850
44.24, 6246850
44.25, 6246850
44.26, 6246850
44.27, 6246850
44.28, 6246850
44.29, 6246850
44.3, 6246850
44.31, 6246850
44.32, 6246850
44.33, 6246850
44.34, 6246850
44.35, 6246850
44.36, 6246850
44.37, 6246850
44.38, 6246850
44.39, 6246850
44.4, 6246850
44.41, 6246850
44.42, 6246850
44.43, 6246850
44.44, 6246850
44.45, 6246850
44.46, 6246850
44.47, 6246850
44.48, 6246850
44.49, 6246850
44.5, 6246850
44.51, 6246850
44.52, 6246850
44.53, 6246850
44.54, 6246850
44.55, 6246850
44.56, 6246850
44.57, 6246850
44.58, 6246850
44.59, 6246850
44.6, 6246850
44.61, 6246850
44.62, 6246850
44.63, 6246850
44.64, 6246850
44.65, 6246850
44.66, 6246850
44.67, 6246850
44.68, 6246850
44.69, 6246850
44.7, 6246850
44.71, 6246850
44.72, 6246850
44.73, 6246850
44.74, 6246850
44.75, 6246850
44.76, 6246850
44.77, 6246850
44.78, 6246850
44.79, 6246850
44.8, 6246850
44.81, 6246850
44.82, 6246850
44.83, 6246850
44.84, 6246850
44.85, 6246850
44.86, 6246850
44.87, 6246850
44.88, 6246850
44.89, 6246850
44.9, 6246850
44.91, 6246850
44.92, 6246850
44.93, 6246850
44.94, 6246850
44.95, 6246850
44.96, 6246850
44.97, 6246850
44.98, 6246850
44.99, 6246850
45.0, 6246850
45.01, 6246850
45.02, 6246850
45.03, 6246850
45.04, 6246850
45.05, 6246850
45.06, 6246850
45.07, 6246850
45.08, 6246850
45.09, 6246850
45.1, 6246850
45.11, 6246850
45.12, 6246850
45.13, 6246850
45.14, 6246850
45.15, 6246850
45.16, 6246850
45.17, 6246850
45.18, 6246850
45.19, 6246850
45.2, 6246850
45.21, 6246850
45.22, 6246850
45.23, 6246850
45.24, 6246850
45.25, 6246850
45.26, 6246850
45.27, 6246850
45.28, 6246850
45.29, 6246850
45.3, 6246850
45.31, 6246850
45.32, 6246850
45.33, 6246850
45.34, 6246850
45.35, 6246850
45.36, 6246850
45.37, 6246850
45.38, 6246850
45.39, 6246850
45.4, 6246850
45.41, 6246850
45.42, 6246850
45.43, 6246850
45.44, 6246850
45.45, 6246850
45.46, 6246850
45.47, 6246850
45.48, 6246850
45.49, 6246850
45.5, 6246850
45.51, 6246850
45.52, 6246850
45.53, 6246850
45.54, 6246850
45.55, 6246850
45.56, 6246850
45.57, 6246850
45.58, 6246850
45.59, 6246850
45.6, 6246850
45.61, 6246850
45.62, 6246850
45.63, 6246850
45.64, 6246850
45.65, 6246850
45.66, 6246850
45.67, 6246850
45.68, 6246850
45.69, 6246850
45.7, 6246850
45.71, 6246850
45.72, 6246850
45.73, 6246850
45.74, 6246850
45.75, 6246850
45.76, 6246850
45.77, 6246850
45.78, 6246850
45.79, 6246850
45.8, 6246850
45.81, 6246850
45.82, 6246850
45.83, 6246850
45.84, 6246850
45.85, 6246850
45.86, 6246850
45.87, 6246850
45.88, 6246850
45.89, 6246850
45.9, 6246850
45.91, 6246850
45.92, 6246850
45.93, 6246850
45.94, 6246850
45.95, 6246850
45.96, 6246850
45.97, 6246850
45.98, 6246850
45.99, 6246850
46.0, 6246850
46.01, 6246850
46.02, 6246850
46.03, 6246850
46.04, 6246850
46.05, 6246850
46.06, 6246850
46.07, 6246850
46.08, 6246850
46.09, 6246850
46.1, 6246850
46.11, 6246850
46.12, 6246850
46.13, 6246850
46.14, 6246850
46.15, 6246850
46.16, 6246850
46.17, 6246850
46.18, 6246850
46.19, 6246850
46.2, 6246850
46.21, 6246850
46.22, 6246850
46.23, 6246850
46.24, 6246850
46.25, 6246850
46.26, 6246850
46.27, 6246850
46.28, 6246850
46.29, 6246850
46.3, 6246850
46.31, 6246850
46.32, 6246850
46.33, 6246850
46.34, 6246850
46.35, 6246850
46.36, 6246850
46.37, 6246850
46.38, 6246850
46.39, 6246850
46.4, 6246850
46.41, 6246850
46.42, 6246850
46.43, 6246850
46.44, 6246850
46.45, 6246850
46.46, 6246850
46.47, 6246850
46.48, 6246850
46.49, 6246850
46.5, 6246850
46.51, 6246850
46.52, 6246850
46.53, 6246850
46.54, 6246850
46.55, 6246850
46.56, 6246850
46.57, 6246850
46.58, 6246850
46.59, 6246850
46.6, 6246850
46.61, 6246850
46.62, 6246850
46.63, 6246850
46.64, 6246850
46.65, 6246850
46.66, 6246850
46.67, 6246850
46.68, 6246850
46.69, 6246850
46.7, 6246850
46.71, 6246850
46.72, 6246850
46.73, 6246850
46.74, 6246850
46.75, 6246850
46.76, 6246850
46.77, 6246850
46.78, 6246850
46.79, 6246850
46.8, 6246850
46.81, 6246850
46.82, 6246850
46.83, 6246850
46.84, 6246850
46.85, 6246850
46.86, 6246850
46.87, 6246850
46.88, 6246850
46.89, 6246850
46.9, 6246850
46.91, 6246850
46.92, 6246850
46.93, 6246850
46.94, 6246850
46.95, 6246850
46.96, 6246850
46.97, 6246850
46.98, 6246850
46.99, 6246850
47.0, 6246850
47.01, 6246850
47.02, 6246850
47.03, 6246850
47.04, 6246850
47.05, 6246850
47.06, 6246850
47.07, 6246850
47.08, 6246850
47.09, 6246850
47.1, 6246850
47.11, 6246850
47.12, 6246850
47.13, 6246850
47.14, 6246850
47.15, 6246850
47.16, 6246850
47.17, 6246850
47.18, 6246850
47.19, 6246850
47.2, 6246850
47.21, 6246850
47.22, 6246850
47.23, 6246850
47.24, 6246850
47.25, 6246850
47.26, 6246850
47.27, 6246850
47.28, 6246850
47.29, 6246850
47.3, 6246850
47.31, 6246850
47.32, 6246850
47.33, 6246850
47.34, 6246850
47.35, 6246850
47.36, 6246850
47.37, 6246850
47.38, 6246850
47.39, 6246850
47.4, 6246850
47.41, 6246850
47.42, 6246850
47.43, 6246850
47.44, 6246850
47.45, 6246850
47.46, 6246850
47.47, 6246850
47.48, 6246850
47.49, 6246850
47.5, 6246850
47.51, 6246850
47.52, 6246850
47.53, 6246850
47.54, 6246850
47.55, 6246850
47.56, 6246850
47.57, 6246850
47.58, 6246850
47.59, 6246850
47.6, 6246850
47.61, 6246850
47.62, 6246850
47.63, 6246850
47.64, 6246850
47.65, 6246850
47.66, 6246850
47.67, 6246850
47.68, 6246850
47.69, 6246850
47.7, 6246850
47.71, 6246850
47.72, 6246850
47.73, 6246850
47.74, 6246850
47.75, 6246850
47.76, 6246850
47.77, 6246850
47.78, 6246850
47.79, 6246850
47.8, 6246850
47.81, 6246850
47.82, 6246850
47.83, 6246850
47.84, 6246850
47.85, 6246850
47.86, 6246850
47.87, 6246850
47.88, 6246850
47.89, 6246850
47.9, 6246850
47.91, 6246850
47.92, 6246850
47.93, 6246850
47.94, 6246850
47.95, 6246850
47.96, 6246850
47.97, 6246850
47.98, 6246850
47.99, 6246850
48.0, 6246850
48.01, 6246850
48.02, 6246850
48.03, 6246850
48.04, 6246850
48.05, 6246850
48.06, 6246850
48.07, 6246850
48.08, 6246850
48.09, 6246850
48.1, 6246850
48.11, 6246850
48.12, 6246850
48.13, 6246850
48.14, 6246850
48.15, 6246850
48.16, 6246850
48.17, 6246850
48.18, 6246850
48.19, 6246850
48.2, 6246850
48.21, 6246850
48.22, 6246850
48.23, 6246850
48.24, 6246850
48.25, 6246850
48.26, 6246850
48.27, 6246850
48.28, 6246850
48.29, 6246850
48.3, 6246850
48.31, 6246850
48.32, 6246850
48.33, 6246850
48.34, 6246850
48.35, 6246850
48.36, 6246850
48.37, 6246850
48.38, 6246850
48.39, 6246850
48.4, 6246850
48.41, 6246850
48.42, 6246850
48.43, 6246850
48.44, 6246850
48.45, 6246850
48.46, 6246850
48.47, 6246850
48.48, 6246850
48.49, 6246850
48.5, 6246850
48.51, 6246850
48.52, 6246850
48.53, 6246850
48.54, 6246850
48.55, 6246850
48.56, 6246850
48.57, 6246850
48.58, 6246850
48.59, 6246850
48.6, 6246850
48.61, 6246850
48.62, 6246850
48.63, 6246850
48.64, 6246850
48.65, 6246850
48.66, 6246850
48.67, 6246850
48.68, 6246850
48.69, 6246850
48.7, 6246850
48.71, 6246850
48.72, 6246850
48.73, 6246850
48.74, 6246850
48.75, 6246850
48.76, 6246850
48.77, 6246850
48.78, 6246850
48.79, 6246850
48.8, 6246850
48.81, 6246850
48.82, 6246850
48.83, 6246850
48.84, 6246850
48.85, 6246850
48.86, 6246850
48.87, 6246850
48.88, 6246850
48.89, 6246850
48.9, 6246850
48.91, 6246850
48.92, 6246850
48.93, 6246850
48.94, 6246850
48.95, 6246850
48.96, 6246850
48.97, 6246850
48.98, 6246850
48.99, 6246850
49.0, 6246850
49.01, 6246850
49.02, 6246850
49.03, 6246850
49.04, 6246850
49.05, 6246850
49.06, 6246850
49.07, 6246850
49.08, 6246850
49.09, 6246850
49.1, 6246850
49.11, 6246850
49.12, 6246850
49.13, 6246850
49.14, 6246850
49.15, 6246850
49.16, 6246850
49.17, 6246850
49.18, 6246850
49.19, 6246850
49.2, 6246850
49.21, 6246850
49.22, 6246850
49.23, 6246850
49.24, 6246850
49.25, 6246850
49.26, 6246850
49.27, 6246850
49.28, 6246850
49.29, 6246850
49.3, 6246850
49.31, 6246850
49.32, 6246850
49.33, 6246850
49.34, 6246850
49.35, 6246850
49.36, 6246850
49.37, 6246850
49.38, 6246850
49.39, 6246850
49.4, 6246850
49.41, 6246850
49.42, 6246850
49.43, 6246850
49.44, 6246850
49.45, 6246850
49.46, 6246850
49.47, 6246850
49.48, 6246850
49.49, 6246850
49.5, 6246850
49.51, 6246850
49.52, 6246850
49.53, 6246850
49.54, 6246850
49.55, 6246850
49.56, 6246850
49.57, 6246850
49.58, 6246850
49.59, 6246850
49.6, 6246850
49.61, 6246850
49.62, 6246850
49.63, 6246850
49.64, 6246850
49.65, 6246850
49.66, 6246850
49.67, 6246850
49.68, 6246850
49.69, 6246850
49.7, 6246850
49.71, 6246850
49.72, 6246850
49.73, 6246850
49.74, 6246850
49.75, 6246850
49.76, 6246850
49.77, 6246850
49.78, 6246850
49.79, 6246850
49.8, 6246850
49.81, 6246850
49.82, 6246850
49.83, 6246850
49.84, 6246850
49.85, 6246850
49.86, 6246850
49.87, 6246850
49.88, 6246850
49.89, 6246850
49.9, 6246850
49.91, 6246850
49.92, 6246850
49.93, 6246850
49.94, 6246850
49.95, 6246850
49.96, 6246850
49.97, 6246850
49.98, 6246850
49.99, 6246850
50.0, 6246850
50.01, 6246850
50.02, 6246850
50.03, 6246850
50.04, 6246850
50.05, 6246850
50.06, 6246850
50.07, 6246850
50.08, 6246850
50.09, 6246850
50.1, 6246850
50.11, 6246850
50.12, 6246850
50.13, 6246850
50.14, 6246850
50.15, 6246850
50.16, 6246850
50.17, 6246850
50.18, 6246850
50.19, 6246850
50.2, 6246850
50.21, 6246850
50.22, 6246850
50.23, 6246850
50.24, 6246850
50.25, 6246850
50.26, 6246850
50.27, 6246850
50.28, 6246850
50.29, 6246850
50.3, 6246850
50.31, 6246850
50.32, 6246850
50.33, 6246850
50.34, 6246850
50.35, 6246850
50.36, 6246850
50.37, 6246850
50.38, 6246850
50.39, 6246850
50.4, 6246850
50.41, 6246850
50.42, 6246850
50.43, 6246850
50.44, 6246850
50.45, 6246850
50.46, 6246850
50.47, 6246850
50.48, 6246850
50.49, 6246850
50.5, 6246850
50.51, 6246850
50.52, 6246850
50.53, 6246850
50.54, 6246850
50.55, 6246850
50.56, 6246850
50.57, 6246850
50.58, 6246850
50.59, 6246850
50.6, 6246850
50.61, 6246850
50.62, 6246850
50.63, 6246850
50.64, 6246850
50.65, 6246850
50.66, 6246850
50.67, 6246850
50.68, 6246850
50.69, 6246850
50.7, 6246850
50.71, 6246850
50.72, 6246850
50.73, 6246850
50.74, 6246850
50.75, 6246850
50.76, 6246850
50.77, 6246850
50.78, 6246850
50.79, 6246850
50.8, 6246850
50.81, 6246850
50.82, 6246850
50.83, 6246850
50.84, 6246850
50.85, 6246850
50.86, 6246850
50.87, 6246850
50.88, 6246850
50.89, 6246850
50.9, 6246850
50.91, 6246850
50.92, 6246850
50.93, 6246850
50.94, 6246850
50.95, 6246850
50.96, 6246850
50.97, 6246850
50.98, 6246850
50.99, 6246850
51.0, 6246850
51.01, 6246850
51.02, 6246850
51.03, 6246850
51.04, 6246850
51.05, 6246850
51.06, 6246850
51.07, 6246850
51.08, 6246850
51.09, 6246850
51.1, 6246850
51.11, 6246850
51.12, 6246850
51.13, 6246850
51.14, 6246850
51.15, 6246850
51.16, 6246850
51.17, 6246850
51.18, 6246850
51.19, 6246850
51.2, 6246850
51.21, 6246850
51.22, 6246850
51.23, 6246850
51.24, 6246850
51.25, 6246850
51.26, 6246850
51.27, 6246850
51.28, 6246850
51.29, 6246850
51.3, 6246850
51.31, 6246850
51.32, 6246850
51.33, 6246850
51.34, 6246850
51.35, 6246850
51.36, 6246850
51.37, 6246850
51.38, 6246850
51.39, 6246850
51.4, 6246850
51.41, 6246850
51.42, 6246850
51.43, 6246850
51.44, 6246850
51.45, 6246850
51.46, 6246850
51.47, 6246850
51.48, 6246850
51.49, 6246850
51.5, 6246850
51.51, 6246850
51.52, 6246850
51.53, 6246850
51.54, 6246850
51.55, 6246850
51.56, 6246850
51.57, 6246850
51.58, 6246850
51.59, 6246850
51.6, 6246850
51.61, 6246850
51.62, 6246850
51.63, 6246850
51.64, 6246850
51.65, 6246850
51.66, 6246850
51.67, 6246850
51.68, 6246850
51.69, 6246850
51.7, 6246850
51.71, 6246850
51.72, 6246850
51.73, 6246850
51.74, 6246850
51.75, 6246850
51.76, 6246850
51.77, 6246850
51.78, 6246850
51.79, 6246850
51.8, 6246850
51.81, 6246850
51.82, 6246850
51.83, 6246850
51.84, 6246850
51.85, 6246850
51.86, 6246850
51.87, 6246850
51.88, 6246850
51.89, 6246850
51.9, 6246850
51.91, 6246850
51.92, 6246850
51.93, 6246850
51.94, 6246850
51.95, 6246850
51.96, 6246850
51.97, 6246850
51.98, 6246850
51.99, 6246850
52.0, 6246850
52.01, 6246850
52.02, 6246850
52.03, 6246850
52.04, 6246850
52.05, 6246850
52.06, 6246850
52.07, 6246850
52.08, 6246850
52.09, 6246850
52.1, 6246850
52.11, 6246850
52.12, 6246850
52.13, 6246850
52.14, 6246850
52.15, 6246850
52.16, 6246850
52.17, 6246850
52.18, 6246850
52.19, 6246850
52.2, 6246850
52.21, 6246850
52.22, 6246850
52.23, 6246850
52.24, 6246850
52.25, 6246850
52.26, 6246850
52.27, 6246850
52.28, 6246850
52.29, 6246850
52.3, 6246850
52.31, 6246850
52.32, 6246850
52.33, 6246850
52.34, 6246850
52.35, 6246850
52.36, 6246850
52.37, 6246850
52.38, 6246850
52.39, 6246850
52.4, 6246850
52.41, 6246850
52.42, 6246850
52.43, 6246850
52.44, 6246850
52.45, 6246850
52.46, 6246850
52.47, 6246850
52.48, 6246850
52.49, 6246850
52.5, 6246850
52.51, 6246850
52.52, 6246850
52.53, 6246850
52.54, 6246850
52.55, 6246850
52.56, 6246850
52.57, 6246850
52.58, 6246850
52.59, 6246850
52.6, 6246850
52.61, 6246850
52.62, 6246850
52.63, 6246850
52.64, 6246850
52.65, 6246850
52.66, 6246850
52.67, 6246850
52.68, 6246850
52.69, 6246850
52.7, 6246850
52.71, 6246850
52.72, 6246850
52.73, 6246850
52.74, 6246850
52.75, 6246850
52.76, 6246850
52.77, 6246850
52.78, 6246850
52.79, 6246850
52.8, 6246850
52.81, 6246850
52.82, 6246850
52.83, 6246850
52.84, 6246850
52.85, 6246850
52.86, 6246850
52.87, 6246850
52.88, 6246850
52.91, 6246850
52.92, 6246850
52.93, 6246850
52.94, 6246850
52.95, 6246850
52.96, 6246850
52.97, 6246850
52.98, 6246850
52.99, 6246850
53.0, 6246850
53.01, 6246850
53.02, 6246850
53.03, 6246850
53.04, 6246850
53.05, 6246850
53.06, 6246850
53.07, 6246850
53.08, 6246850
53.09, 6246850
53.1, 6246850
53.11, 6246850
53.12, 6246850
53.13, 6246850
53.14, 6246850
53.15, 6246850
53.16, 6246850
53.17, 6246850
53.18, 6246850
53.19, 6246850
53.2, 6246850
53.21, 6246850
53.22, 6246850
53.23, 6246850
53.24, 6246850
53.25, 6246850
53.26, 6246850
53.27, 6246850
53.28, 6246850
53.29, 6246850
53.3, 6246850
53.31, 6246850
53.32, 6246850
53.33, 6246850
53.34, 6246850
53.35, 6246850
53.36, 6246850
53.37, 6246850
53.38, 6246850
53.39, 6246850
53.4, 6246850
53.41, 6246850
53.42, 6246850
53.43, 6246850
53.44, 6246850
53.45, 6246850
53.46, 6246850
53.47, 6246850
53.48, 6246850
53.49, 6246850
53.5, 6246850
53.51, 6246850
53.52, 6246850
53.53, 6246850
53.54, 6246850
53.55, 6246850
53.56, 6246850
53.57, 6246850
53.58, 6246850
53.59, 6246850
53.6, 6246850
53.61, 6246850
53.62, 6246850
53.63, 6246850
53.64, 6246850
53.65, 6246850
53.66, 6246850
53.67, 6246850
53.68, 6246850
53.69, 6246850
53.7, 6246850
53.71, 6246850
53.72, 6246850
53.73, 6246850
53.74, 6246850
53.75, 6246850
53.76, 6246850
53.77, 6246850
53.78, 6246850
53.79, 6246850
53.8, 6246850
53.81, 6246850
53.82, 6246850
53.83, 6246850
53.84, 6246850
53.85, 6246850
53.86, 6246850
53.87, 6246850
53.88, 6246850
53.89, 6246850
53.9, 6246850
53.91, 6246850
53.92, 6246850
53.93, 6246850
53.94, 6246850
53.95, 6246850
53.96, 6246850
53.97, 6246850
53.98, 6246850
53.99, 6246850
54.0, 6246850
54.01, 6246850
54.02, 6246850
54.03, 6246850
54.04, 6246850
54.05, 6246850
54.06, 6246850
54.07, 6246850
54.08, 6246850
54.09, 6246850
54.1, 6246850
54.11, 6246850
54.12, 6246850
54.13, 6246850
54.14, 6246850
54.15, 6246850
54.16, 6246850
54.17, 6246850
54.18, 6246850
54.19, 6246850
54.2, 6246850
54.21, 6246850
54.22, 6246850
54.23, 6246850
54.24, 6246850
54.25, 6246850
54.26, 6246850
54.27, 6246850
54.28, 6246850
54.29, 6246850
54.3, 6246850
54.31, 6246850
54.32, 6246850
54.33, 6246850
54.34, 6246850
54.35, 6246850
54.36, 6246850
54.37, 6246850
54.38, 6246850
54.39, 6246850
54.4, 6246850
54.41, 6246850
54.42, 6246850
54.43, 6246850
54.44, 6246850
54.45, 6246850
54.46, 6246850
54.47, 6246850
54.48, 6246850
54.49, 6246850
54.5, 6246850
54.51, 6246850
54.52, 6246850
54.53, 6246850
54.54, 6246850
54.55, 6246850
54.56, 6246850
54.57, 6246850
54.58, 6246850
54.59, 6246850
54.6, 6246850
54.61, 6246850
54.62, 6246850
54.63, 6246850
54.64, 6246850
54.65, 6246850
54.66, 6246850
54.67, 6246850
54.68, 6246850
54.69, 6246850
54.7, 6246850
54.71, 6246850
54.72, 6246850
54.73, 6246850
54.74, 6246850
54.75, 6246850
54.76, 6246850
54.77, 6246850
54.78, 6246850
54.79, 6246850
54.8, 6246850
54.81, 6246850
54.82, 6246850
54.83, 6246850
54.84, 6246850
54.85, 6246850
54.86, 6246850
54.87, 6246850
54.88, 6246850
54.89, 6246850
54.9, 6246850
54.91, 6246850
54.92, 6246850
54.93, 6246850
54.94, 6246850
54.95, 6246850
54.96, 6246850
54.97, 6246850
54.98, 6246850
54.99, 6246850
55.0, 6246850
55.01, 6246850
55.02, 6246850
55.03, 6246850
55.04, 6246850
55.05, 6246850
55.06, 6246850
55.07, 6246850
55.08, 6246850
55.09, 6246850
55.1, 6246850
55.11, 6246850
55.12, 6246850
55.13, 6246850
55.14, 6246850
55.15, 6246850
55.16, 6246850
55.17, 6246850
55.18, 6246850
55.19, 6246850
55.2, 6246850
55.21, 6246850
55.22, 6246850
55.23, 6246850
55.24, 6246850
55.25, 6246850
55.26, 6246850
55.27, 6246850
55.28, 6246850
55.29, 6246850
55.3, 6246850
55.31, 6246850
55.32, 6246850
55.33, 6246850
55.34, 6246850
55.35, 6246850
55.36, 6246850
55.37, 6246850
55.38, 6246850
55.39, 6246850
55.4, 6246850
55.41, 6246850
55.42, 6246850
55.43, 6246850
55.44, 6246850
55.45, 6246850
55.46, 6246850
55.47, 6246850
55.48, 6246850
55.49, 6246850
55.5, 6246850
55.51, 6246850
55.52, 6246850
55.53, 6246850
55.54, 6246850
55.55, 6246850
55.56, 6246850
55.57, 6246850
55.58, 6246850
55.59, 6246850
55.6, 6246850
55.61, 6246850
55.62, 6246850
55.63, 6246850
55.64, 6246850
55.65, 6246850
55.66, 6246850
55.67, 6246850
55.68, 6246850
55.69, 6246850
55.7, 6246850
55.71, 6246850
55.72, 6246850
55.73, 6246850
55.74, 6246850
55.75, 6246850
55.76, 6246850
55.77, 6246850
55.78, 6246850
55.79, 6246850
55.8, 6246850
55.81, 6246850
55.82, 6246850
55.83, 6246850
55.84, 6246850
55.85, 6246850
55.86, 6246850
55.87, 6246850
55.88, 6246850
55.89, 6246850
55.9, 6246850
55.91, 6246850
55.92, 6246850
55.93, 6246850
55.94, 6246850
55.95, 6246850
55.96, 6246850
55.97, 6246850
55.98, 6246850
55.99, 6246850
56.0, 6246850
56.01, 6246850
56.02, 6246850
56.03, 6246850
56.04, 6246850
56.05, 6246850
56.06, 6246850
56.07, 6246850
56.08, 6246850
56.09, 6246850
56.1, 6246850
56.11, 6246850
56.12, 6246850
56.13, 6246850
56.14, 6246850
56.15, 6246850
56.16, 6246850
56.17, 6246850
56.18, 6246850
56.19, 6246850
56.2, 6246850
56.21, 6246850
56.22, 6246850
56.23, 6246850
56.24, 6246850
56.25, 6246850
56.26, 6246850
56.27, 6246850
56.28, 6246850
56.29, 6246850
56.3, 6246850
56.31, 6246850
56.32, 6246850
56.33, 6246850
56.34, 6246850
56.35, 6246850
56.36, 6246850
56.37, 6246850
56.38, 6246850
56.39, 6246850
56.4, 6246850
56.41, 6246850
56.42, 6246850
56.43, 6246850
56.44, 6246850
56.45, 6246850
56.46, 6246850
56.47, 6246850
56.48, 6246850
56.49, 6246850
56.5, 6246850
56.51, 6246850
56.52, 6246850
56.53, 6246850
56.54, 6246850
56.55, 6246850
56.56, 6246850
56.57, 6246850
56.58, 6246850
56.59, 6246850
56.6, 6246850
56.61, 6246850
56.62, 6246850
56.63, 6246850
56.64, 6246850
56.65, 6246850
56.66, 6246850
56.67, 6246850
56.68, 6246850
56.69, 6246850
56.7, 6246850
56.71, 6246850
56.72, 6246850
56.73, 6246850
56.74, 6246850
56.75, 6246850
56.76, 6246850
56.77, 6246850
56.78, 6246850
56.79, 6246850
56.8, 6246850
56.81, 6246850
56.82, 6246850
56.83, 6246850
56.84, 6246850
56.85, 6246850
56.86, 6246850
56.87, 6246850
56.88, 6246850
56.89, 6246850
56.9, 6246850
56.91, 6246850
56.92, 6246850
56.93, 6246850
56.94, 6246850
56.95, 6246850
56.96, 6246850
56.97, 6246850
56.98, 6246850
56.99, 6246850
57.0, 6246850
57.01, 6246850
57.02, 6246850
57.03, 6246850
57.04, 6246850
57.05, 6246850
57.06, 6246850
57.07, 6246850
57.08, 6246850
57.09, 6246850
57.1, 6246850
57.11, 6246850
57.12, 6246850
57.13, 6246850
57.14, 6246850
57.15, 6246850
57.16, 6246850
57.17, 6246850
57.18, 6246850
57.19, 6246850
57.2, 6246850
57.21, 6246850
57.22, 6246850
57.23, 6246850
57.24, 6246850
57.25, 6246850
57.26, 6246850
57.27, 6246850
57.28, 6246850
57.29, 6246850
57.3, 6246850
57.31, 6246850
57.32, 6246850
57.33, 6246850
57.34, 6246850
57.35, 6246850
57.36, 6246850
57.37, 6246850
57.38, 6246850
57.39, 6246850
57.4, 6246850
57.41, 6246850
57.42, 6246850
57.43, 6246850
57.44, 6246850
57.45, 6246850
57.46, 6246850
57.47, 6246850
57.48, 6246850
57.49, 6246850
57.5, 6246850
57.51, 6246850
57.52, 6246850
57.53, 6246850
57.54, 6246850
57.55, 6246850
57.56, 6246850
57.57, 6246850
57.58, 6246850
57.59, 6246850
57.6, 6246850
57.61, 6246850
57.62, 6246850
57.63, 6246850
57.64, 6246850
57.65, 6246850
57.66, 6246850
57.67, 6246850
57.68, 6246850
57.69, 6246850
57.7, 6246850
57.71, 6246850
57.72, 6246850
57.73, 6246850
57.74, 6246850
57.75, 6246850
57.76, 6246850
57.77, 6246850
57.78, 6246850
57.79, 6246850
57.8, 6246850
57.81, 6246850
57.82, 6246850
57.83, 6246850
57.84, 6246850
57.85, 6246850
57.86, 6246850
57.87, 6246850
57.88, 6246850
57.89, 6246850
57.9, 6246850
57.91, 6246850
57.92, 6246850
57.93, 6246850
57.94, 6246850
57.95, 6246850
57.96, 6246850
57.97, 6246850
57.98, 6246850
57.99, 6246850
58.0, 6246850
58.01, 6246850
58.02, 6246850
58.03, 6246850
58.04, 6246850
58.05, 6246850
58.06, 6246850
58.07, 6246850
58.08, 6246850
58.09, 6246850
58.1, 6246850
58.11, 6246850
58.12, 6246850
58.13, 6246850
58.14, 6246850
58.15, 6246850
58.16, 6246850
58.17, 6246850
58.18, 6246850
58.19, 6246850
58.2, 6246850
58.21, 6246850
58.22, 6246850
58.23, 6246850
58.24, 6246850
58.25, 6246850
58.26, 6246850
58.27, 6246850
58.28, 6246850
58.29, 6246850
58.3, 6246850
58.31, 6246850
58.32, 6246850
58.33, 6246850
58.34, 6246850
58.35, 6246850
58.36, 6246850
58.37, 6246850
58.38, 6246850
58.39, 6246850
58.4, 6246850
58.41, 6246850
58.42, 6246850
58.43, 6246850
58.44, 6246850
58.45, 6246850
58.46, 6246850
58.47, 6246850
58.48, 6246850
58.49, 6246850
58.5, 6246850
58.51, 6246850
58.52, 6246850
58.53, 6246850
58.54, 6246850
58.55, 6246850
58.56, 6246850
58.57, 6246850
58.58, 6246850
58.59, 6246850
58.6, 6246850
58.61, 6246850
58.62, 6246850
58.63, 6246850
58.64, 6246850
58.65, 6246850
58.66, 6246850
58.67, 6246850
58.68, 6246850
58.69, 6246850
58.7, 6246850
58.71, 6246850
58.72, 6246850
58.73, 6246850
58.74, 6246850
58.75, 6246850
58.76, 6246850
58.77, 6246850
58.78, 6246850
58.79, 6246850
58.8, 6246850
58.81, 6246850
58.82, 6246850
58.83, 6246850
58.84, 6246850
58.85, 6246850
58.86, 6246850
58.87, 6246850
58.88, 6246850
58.89, 6246850
58.9, 6246850
58.91, 6246850
58.92, 6246850
58.93, 6246850
58.94, 6246850
58.95, 6246850
58.96, 6246850
58.97, 6246850
58.98, 6246850
58.99, 6246850
59.0, 6246850
59.01, 6246850
59.02, 6246850
59.03, 6246850
59.04, 6246850
59.05, 6246850
59.06, 6246850
59.07, 6246850
59.08, 6246850
59.09, 6246850
59.1, 6246850
59.11, 6246850
59.12, 6246850
59.13, 6246850
59.14, 6246850
59.15, 6246850
59.16, 6246850
59.17, 6246850
59.18, 6246850
59.19, 6246850
59.2, 6246850
59.21, 6246850
59.22, 6246850
59.23, 6246850
59.24, 6246850
59.25, 6246850
59.26, 6246850
59.27, 6246850
59.28, 6246850
59.29, 6246850
59.3, 6246850
59.31, 6246850
59.32, 6246850
59.33, 6246850
59.34, 6246850
59.35, 6246850
59.36, 6246850
59.37, 6246850
59.38, 6246850
59.39, 6246850
59.4, 6246850
59.41, 6246850
59.42, 6246850
59.43, 6246850
59.44, 6246850
59.45, 6246850
59.46, 6246850
59.47, 6246850
59.48, 6246850
59.49, 6246850
59.5, 6246850
59.51, 6246850
59.52, 6246850
59.53, 6246850
59.54, 6246850
59.55, 6246850
59.56, 6246850
59.57, 6246850
59.58, 6246850
59.59, 6246850
59.6, 6246850
59.61, 6246850
59.62, 6246850
59.63, 6246850
59.64, 6246850
59.65, 6246850
59.66, 6246850
59.67, 6246850
59.68, 6246850
59.69, 6246850
59.7, 6246850
59.71, 6246850
59.72, 6246850
59.73, 6246850
59.74, 6246850
59.75, 6246850
59.76, 6246850
59.77, 6246850
59.78, 6246850
59.79, 6246850
59.8, 6246850
59.81, 6246850
59.82, 6246850
59.83, 6246850
59.84, 6246850
59.85, 6246850
59.86, 6246850
59.87, 6246850
59.88, 6246850
59.89, 6246850
59.9, 6246850
59.91, 6246850
59.92, 6246850
59.93, 6246850
59.94, 6246850
59.95, 6246850
59.96, 6246850
59.97, 6246850
59.98, 6246850
59.99, 6246850
