0.0, 5427144
0.01, 5262940
0.02, 5262940
0.03, 5262940
0.04, 5262940
0.05, 5238166
0.06, 5238166
0.07, 5238166
0.08, 5238166
0.09, 5238166
0.1, 5238166
0.11, 5238166
0.12, 5238166
0.13, 5238166
0.14, 5238166
0.15, 5209467
0.16, 5209467
0.17, 5209467
0.18, 5209467
0.19, 5209467
0.2, 5005807
0.21, 5005807
0.22, 5005807
0.23, 5005807
0.24, 5005807
0.25, 5005807
0.26, 5005807
0.27, 5005807
0.28, 5005807
0.29, 5005807
0.3, 5005807
0.31, 5005807
0.32, 5005807
0.33, 5005807
0.34, 5005807
0.35, 5005807
0.36, 5005807
0.37, 5005807
0.38, 5005807
0.39, 5005807
0.4, 5005807
0.41, 5005807
0.42, 5005807
0.43, 5005807
0.44, 5005807
0.45, 5005807
0.46, 5005807
0.47, 5005807
0.48, 5005807
0.49, 5005807
0.5, 5005807
0.51, 5005807
0.52, 5005807
0.53, 5005807
0.54, 5005807
0.55, 5005807
0.56, 5005807
0.57, 5005807
0.58, 5005807
0.59, 5005807
0.6, 5005807
0.61, 5005807
0.62, 5005807
0.63, 5005807
0.64, 5005807
0.65, 5005807
0.66, 5005807
0.67, 5005807
0.68, 5005807
0.69, 5005807
0.7, 5005807
0.71, 5005807
0.72, 5005807
0.73, 5005807
0.74, 5005807
0.75, 5005807
0.76, 5005807
0.77, 5005807
0.78, 5005807
0.79, 5005807
0.8, 5005807
0.81, 5005807
0.82, 5005807
0.83, 5005807
0.84, 5005807
0.85, 5005807
0.86, 5005807
0.87, 5005807
0.88, 5005807
0.89, 5005807
0.9, 5005807
0.91, 5005807
0.92, 5005807
0.93, 5005807
0.94, 5005807
0.95, 5005807
0.96, 4999017
0.97, 4999017
0.98, 4999017
0.99, 4999017
1.0, 4999017
1.01, 4999017
1.02, 4999017
1.03, 4999017
1.04, 4999017
1.05, 4999017
1.06, 4999017
1.07, 4999017
1.08, 4999017
1.09, 4999017
1.1, 4999017
1.11, 4999017
1.12, 4999017
1.13, 4999017
1.14, 4999017
1.15, 4999017
1.16, 4999017
1.17, 4999017
1.18, 4999017
1.19, 4999017
1.2, 4999017
1.21, 4999017
1.22, 4999017
1.23, 4999017
1.24, 4999017
1.25, 4999017
1.26, 4999017
1.27, 4999017
1.28, 4999017
1.29, 4999017
1.3, 4999017
1.31, 4999017
1.32, 4999017
1.33, 4999017
1.34, 4999017
1.35, 4999017
1.36, 4999017
1.37, 4999017
1.38, 4999017
1.39, 4999017
1.4, 4999017
1.41, 4999017
1.42, 4967539
1.43, 4967539
1.44, 4967539
1.45, 4967539
1.46, 4967539
1.47, 4967539
1.48, 4967539
1.49, 4967539
1.5, 4967539
1.51, 4967539
1.52, 4967539
1.53, 4967539
1.54, 4967539
1.55, 4967539
1.56, 4967539
1.57, 4967539
1.58, 4967539
1.59, 4967539
1.6, 4967539
1.61, 4967539
1.62, 4967539
1.63, 4967539
1.64, 4967539
1.65, 4967539
1.66, 4967539
1.67, 4967539
1.68, 4967539
1.69, 4967539
1.7, 4967539
1.71, 4967539
1.72, 4967539
1.73, 4967539
1.74, 4967539
1.75, 4967539
1.76, 4967539
1.77, 4967539
1.78, 4967539
1.79, 4967539
1.8, 4967539
1.81, 4967539
1.82, 4967539
1.83, 4967539
1.84, 4967539
1.85, 4967539
1.86, 4967539
1.87, 4967539
1.88, 4967539
1.89, 4967539
1.9, 4967539
1.91, 4967539
1.92, 4967539
1.93, 4967539
1.94, 4967539
1.95, 4967539
1.96, 4967539
1.97, 4967539
1.98, 4967539
1.99, 4967539
2.0, 4967539
2.01, 4967539
2.02, 4967539
2.03, 4967539
2.04, 4967539
2.05, 4967539
2.06, 4967539
2.07, 4967539
2.08, 4967539
2.09, 4924943
2.1, 4924943
2.11, 4924943
2.12, 4924943
2.13, 4924943
2.14, 4924943
2.15, 4924943
2.16, 4924943
2.17, 4924943
2.18, 4924943
2.19, 4924943
2.2, 4924943
2.21, 4924943
2.22, 4924943
2.23, 4924943
2.24, 4924943
2.25, 4924943
2.26, 4924943
2.27, 4924943
2.28, 4924943
2.29, 4924943
2.3, 4924943
2.31, 4924943
2.32, 4704670
2.33, 4704670
2.34, 4704670
2.35, 4704670
2.36, 4704670
2.37, 4704670
2.38, 4704670
2.39, 4704670
2.4, 4704670
2.41, 4704670
2.42, 4704670
2.43, 4704670
2.44, 4704670
2.45, 4704670
2.46, 4704670
2.47, 4704670
2.48, 4704670
2.49, 4704670
2.5, 4704670
2.51, 4704670
2.52, 4704670
2.53, 4704670
2.54, 4704670
2.55, 4704670
2.56, 4704670
2.57, 4704670
2.58, 4704670
2.59, 4704670
2.6, 4704670
2.61, 4704670
2.62, 4704670
2.63, 4704670
2.64, 4704670
2.65, 4704670
2.66, 4704670
2.67, 4704670
2.68, 4704670
2.69, 4704670
2.7, 4704670
2.71, 4704670
2.72, 4704670
2.73, 4704670
2.74, 4704670
2.75, 4704670
2.76, 4704670
2.77, 4704670
2.78, 4704670
2.79, 4704670
2.8, 4704670
2.81, 4704670
2.82, 4704670
2.83, 4704670
2.84, 4704670
2.85, 4704670
2.86, 4704670
2.87, 4704670
2.88, 4704670
2.89, 4704670
2.9, 4704670
2.91, 4704670
2.92, 4704670
2.93, 4704670
2.94, 4704670
2.95, 4704670
2.96, 4704670
2.97, 4704670
2.98, 4704670
2.99, 4704670
3.0, 4704670
3.01, 4704670
3.02, 4704670
3.03, 4704670
3.04, 4704670
3.05, 4704670
3.06, 4704670
3.07, 4704670
3.08, 4704670
3.09, 4704670
3.1, 4704670
3.11, 4704670
3.12, 4704670
3.13, 4704670
3.14, 4704670
3.15, 4704670
3.16, 4704670
3.17, 4704670
3.18, 4704670
3.19, 4704670
3.2, 4704670
3.21, 4704670
3.22, 4704670
3.23, 4704670
3.24, 4704670
3.25, 4704670
3.26, 4704670
3.27, 4704670
3.28, 4704670
3.29, 4704670
3.3, 4704670
3.31, 4704670
3.32, 4704670
3.33, 4704670
3.34, 4704670
3.35, 4704670
3.36, 4704670
3.37, 4704670
3.38, 4704670
3.39, 4704670
3.4, 4704670
3.41, 4704670
3.42, 4704670
3.43, 4704670
3.44, 4704670
3.45, 4704670
3.46, 4704670
3.47, 4704670
3.48, 4704670
3.49, 4704670
3.5, 4704670
3.51, 4704670
3.52, 4704670
3.53, 4704670
3.54, 4704670
3.55, 4704670
3.56, 4704670
3.57, 4704670
3.58, 4704670
3.59, 4704670
3.6, 4704670
3.61, 4704670
3.62, 4704670
3.63, 4704670
3.64, 4704670
3.65, 4704670
3.66, 4704670
3.67, 4704670
3.68, 4704670
3.69, 4704670
3.7, 4704670
3.71, 4704670
3.72, 4704670
3.73, 4704670
3.74, 4704670
3.75, 4704670
3.76, 4704670
3.77, 4704670
3.78, 4704670
3.79, 4704670
3.8, 4704670
3.81, 4704670
3.82, 4704670
3.83, 4704670
3.84, 4704670
3.85, 4704670
3.86, 4704670
3.87, 4704670
3.88, 4704670
3.89, 4704670
3.9, 4704670
3.91, 4704670
3.92, 4704670
3.93, 4704670
3.94, 4704670
3.95, 4704670
3.96, 4704670
3.97, 4704670
3.98, 4704670
3.99, 4704670
4.0, 4704670
4.01, 4704670
4.02, 4704670
4.03, 4704670
4.04, 4704670
4.05, 4704670
4.06, 4704670
4.07, 4704670
4.08, 4704670
4.09, 4704670
4.1, 4704670
4.11, 4704670
4.12, 4704670
4.13, 4704670
4.14, 4704670
4.15, 4704670
4.16, 4704670
4.17, 4704670
4.18, 4704670
4.19, 4704670
4.2, 4704670
4.21, 4704670
4.22, 4704670
4.23, 4704670
4.24, 4704670
4.25, 4704670
4.26, 4704670
4.27, 4704670
4.28, 4704670
4.29, 4704670
4.3, 4704670
4.31, 4704670
4.32, 4704670
4.33, 4704670
4.34, 4704670
4.35, 4704670
4.36, 4704670
4.37, 4704670
4.38, 4704670
4.39, 4704670
4.4, 4704670
4.41, 4704670
4.42, 4704670
4.43, 4704670
4.44, 4704670
4.45, 4704670
4.46, 4704670
4.47, 4704670
4.48, 4704670
4.49, 4704670
4.5, 4704670
4.51, 4704670
4.52, 4704670
4.53, 4704670
4.54, 4704670
4.55, 4704670
4.56, 4704670
4.57, 4704670
4.58, 4704670
4.59, 4704670
4.6, 4704670
4.61, 4704670
4.62, 4704670
4.63, 4704670
4.64, 4704670
4.65, 4704670
4.66, 4704670
4.67, 4704670
4.68, 4704670
4.69, 4704670
4.7, 4704670
4.71, 4704670
4.72, 4704670
4.73, 4704670
4.74, 4704670
4.75, 4704670
4.76, 4704670
4.77, 4704670
4.78, 4704670
4.79, 4704670
4.8, 4704670
4.81, 4704670
4.82, 4704670
4.83, 4704670
4.84, 4704670
4.85, 4704670
4.86, 4704670
4.87, 4704670
4.88, 4704670
4.89, 4704670
4.9, 4704670
4.91, 4704670
4.92, 4704670
4.93, 4704670
4.94, 4704670
4.95, 4704670
4.96, 4704670
4.97, 4704670
4.98, 4704670
4.99, 4704670
5.0, 4704670
5.01, 4704670
5.02, 4704670
5.03, 4704670
5.04, 4704670
5.05, 4704670
5.06, 4704670
5.07, 4704670
5.08, 4704670
5.09, 4704670
5.1, 4704670
5.11, 4704670
5.12, 4704670
5.13, 4704670
5.14, 4704670
5.15, 4704670
5.16, 4704670
5.17, 4704670
5.18, 4704670
5.19, 4704670
5.2, 4704670
5.21, 4704670
5.22, 4704670
5.23, 4704670
5.24, 4704670
5.25, 4704670
5.26, 4704670
5.27, 4704670
5.28, 4704670
5.29, 4704670
5.3, 4704670
5.31, 4704670
5.32, 4704670
5.33, 4704670
5.34, 4704670
5.35, 4704670
5.36, 4704670
5.37, 4704670
5.38, 4704670
5.39, 4704670
5.4, 4704670
5.41, 4704670
5.42, 4704670
5.43, 4704670
5.44, 4704670
5.45, 4704670
5.46, 4704670
5.47, 4704670
5.48, 4704670
5.49, 4704670
5.5, 4704670
5.51, 4704670
5.52, 4704670
5.53, 4704670
5.54, 4704670
5.55, 4704670
5.56, 4704670
5.57, 4704670
5.58, 4704670
5.59, 4704670
5.6, 4704670
5.61, 4704670
5.62, 4704670
5.63, 4704670
5.64, 4704670
5.65, 4704670
5.66, 4704670
5.67, 4704670
5.68, 4704670
5.69, 4704670
5.7, 4704670
5.71, 4704670
5.72, 4704670
5.73, 4704670
5.74, 4704670
5.75, 4704670
5.76, 4704670
5.77, 4704670
5.78, 4704670
5.79, 4704670
5.8, 4704670
5.81, 4704670
5.82, 4704670
5.83, 4704670
5.84, 4704670
5.85, 4704670
5.86, 4704670
5.87, 4704670
5.88, 4704670
5.89, 4704670
5.9, 4704670
5.91, 4704670
5.92, 4704670
5.93, 4704670
5.94, 4704670
5.95, 4704670
5.96, 4704670
5.97, 4704670
5.98, 4704670
5.99, 4704670
6.0, 4704670
6.01, 4704670
6.02, 4704670
6.03, 4704670
6.04, 4704670
6.05, 4704670
6.06, 4704670
6.07, 4704670
6.08, 4704670
6.09, 4704670
6.1, 4704670
6.11, 4704670
6.12, 4704670
6.13, 4704670
6.14, 4704670
6.15, 4704670
6.16, 4704670
6.17, 4704670
6.18, 4704670
6.19, 4704670
6.2, 4704670
6.21, 4704670
6.22, 4704670
6.23, 4704670
6.24, 4704670
6.25, 4704670
6.26, 4704670
6.27, 4704670
6.28, 4704670
6.29, 4704670
6.3, 4704670
6.31, 4704670
6.32, 4704670
6.33, 4704670
6.34, 4704670
6.35, 4704670
6.36, 4704670
6.37, 4704670
6.38, 4704670
6.39, 4704670
6.4, 4704670
6.41, 4704670
6.42, 4704670
6.43, 4704670
6.44, 4704670
6.45, 4704670
6.46, 4704670
6.47, 4704670
6.48, 4704670
6.49, 4704670
6.5, 4704670
6.51, 4704670
6.52, 4704670
6.53, 4704670
6.54, 4704670
6.55, 4704670
6.56, 4704670
6.57, 4704670
6.58, 4704670
6.59, 4704670
6.6, 4704670
6.61, 4704670
6.62, 4704670
6.63, 4704670
6.64, 4704670
6.65, 4704670
6.66, 4704670
6.67, 4704670
6.68, 4704670
6.69, 4704670
6.7, 4704670
6.71, 4704670
6.72, 4704670
6.73, 4704670
6.74, 4704670
6.75, 4704670
6.76, 4704670
6.77, 4704670
6.78, 4704670
6.79, 4704670
6.8, 4704670
6.81, 4704670
6.82, 4704670
6.83, 4704670
6.84, 4704670
6.85, 4704670
6.86, 4704670
6.87, 4704670
6.88, 4704670
6.89, 4704670
6.9, 4704670
6.91, 4704670
6.92, 4704670
6.93, 4704670
6.94, 4704670
6.95, 4704670
6.96, 4704670
6.97, 4704670
6.98, 4704670
6.99, 4704670
7.0, 4704670
7.01, 4704670
7.02, 4704670
7.03, 4704670
7.04, 4704670
7.05, 4704670
7.06, 4704670
7.07, 4704670
7.08, 4704670
7.09, 4704670
7.1, 4704670
7.11, 4704670
7.12, 4704670
7.13, 4704670
7.14, 4704670
7.15, 4704670
7.16, 4704670
7.17, 4704670
7.18, 4704670
7.19, 4704670
7.2, 4704670
7.21, 4704670
7.22, 4704670
7.23, 4704670
7.24, 4704670
7.25, 4704670
7.26, 4704670
7.27, 4704670
7.28, 4704670
7.29, 4704670
7.3, 4704670
7.31, 4704670
7.32, 4704670
7.33, 4704670
7.34, 4704670
7.35, 4704670
7.36, 4704670
7.37, 4704670
7.38, 4704670
7.39, 4704670
7.4, 4704670
7.41, 4704670
7.42, 4704670
7.43, 4704670
7.44, 4704670
7.45, 4704670
7.46, 4704670
7.47, 4704670
7.48, 4704670
7.49, 4704670
7.5, 4704670
7.51, 4704670
7.52, 4704670
7.53, 4704670
7.54, 4704670
7.55, 4704670
7.56, 4704670
7.57, 4704670
7.58, 4704670
7.59, 4704670
7.6, 4704670
7.61, 4704670
7.62, 4704670
7.63, 4704670
7.64, 4704670
7.65, 4704670
7.66, 4704670
7.67, 4704670
7.68, 4704670
7.69, 4704670
7.7, 4704670
7.71, 4704670
7.72, 4704670
7.73, 4704670
7.74, 4704670
7.75, 4704670
7.76, 4704670
7.77, 4704670
7.78, 4704670
7.79, 4704670
7.8, 4704670
7.81, 4704670
7.82, 4704670
7.83, 4704670
7.84, 4704670
7.85, 4704670
7.86, 4704670
7.87, 4704670
7.88, 4704670
7.89, 4704670
7.9, 4704670
7.91, 4704670
7.92, 4704670
7.93, 4704670
7.94, 4704670
7.95, 4704670
7.96, 4704670
7.97, 4704670
7.98, 4704670
7.99, 4704670
8.0, 4704670
8.01, 4704670
8.02, 4704670
8.03, 4704670
8.04, 4704670
8.05, 4704670
8.06, 4704670
8.07, 4704670
8.08, 4704670
8.09, 4704670
8.1, 4704670
8.11, 4704670
8.12, 4704670
8.13, 4704670
8.14, 4704670
8.15, 4704670
8.16, 4704670
8.17, 4704670
8.18, 4704670
8.19, 4704670
8.2, 4704670
8.21, 4704670
8.22, 4704670
8.23, 4704670
8.24, 4704670
8.25, 4704670
8.26, 4704670
8.27, 4704670
8.28, 4704670
8.29, 4704670
8.3, 4704670
8.31, 4704670
8.32, 4704670
8.33, 4704670
8.34, 4704670
8.35, 4704670
8.36, 4704670
8.37, 4704670
8.38, 4704670
8.39, 4704670
8.4, 4704670
8.41, 4704670
8.42, 4704670
8.43, 4704670
8.44, 4704670
8.45, 4704670
8.46, 4704670
8.47, 4704670
8.48, 4704670
8.49, 4704670
8.5, 4704670
8.51, 4704670
8.52, 4704670
8.53, 4704670
8.54, 4704670
8.55, 4704670
8.56, 4704670
8.57, 4704670
8.58, 4704670
8.59, 4704670
8.6, 4704670
8.61, 4704670
8.62, 4704670
8.63, 4704670
8.64, 4704670
8.65, 4704670
8.66, 4704670
8.67, 4704670
8.68, 4704670
8.69, 4704670
8.7, 4704670
8.71, 4704670
8.72, 4704670
8.73, 4704670
8.74, 4704670
8.75, 4704670
8.76, 4704670
8.77, 4704670
8.78, 4704670
8.79, 4704670
8.8, 4704670
8.81, 4704670
8.82, 4704670
8.83, 4704670
8.84, 4704670
8.85, 4704670
8.86, 4704670
8.87, 4704670
8.88, 4704670
8.89, 4704670
8.9, 4704670
8.91, 4704670
8.92, 4704670
8.93, 4704670
8.94, 4704670
8.95, 4704670
8.96, 4704670
8.97, 4704670
8.98, 4704670
8.99, 4597560
9.0, 4597560
9.01, 4597560
9.02, 4597560
9.03, 4597560
9.04, 4597560
9.05, 4597560
9.06, 4597560
9.07, 4597560
9.08, 4597560
9.09, 4597560
9.1, 4597560
9.11, 4597560
9.12, 4597560
9.13, 4597560
9.14, 4597560
9.15, 4597560
9.16, 4597560
9.17, 4597560
9.18, 4597560
9.19, 4597560
9.2, 4597560
9.21, 4597560
9.22, 4597560
9.23, 4597560
9.24, 4597560
9.25, 4597560
9.26, 4597560
9.27, 4597560
9.28, 4597560
9.29, 4597560
9.3, 4597560
9.31, 4597560
9.32, 4597560
9.33, 4597560
9.34, 4597560
9.35, 4597560
9.36, 4597560
9.37, 4597560
9.38, 4597560
9.39, 4597560
9.4, 4597560
9.41, 4597560
9.42, 4597560
9.43, 4597560
9.44, 4597560
9.45, 4597560
9.46, 4597560
9.47, 4597560
9.48, 4597560
9.49, 4597560
9.5, 4597560
9.51, 4597560
9.52, 4597560
9.53, 4597560
9.54, 4597560
9.55, 4597560
9.56, 4597560
9.57, 4597560
9.58, 4597560
9.59, 4597560
9.6, 4597560
9.61, 4597560
9.62, 4597560
9.63, 4597560
9.64, 4597560
9.65, 4597560
9.66, 4597560
9.67, 4597560
9.68, 4597560
9.69, 4597560
9.7, 4597560
9.71, 4597560
9.72, 4597560
9.73, 4597560
9.74, 4597560
9.75, 4597560
9.76, 4597560
9.77, 4597560
9.78, 4597560
9.79, 4597560
9.8, 4597560
9.81, 4597560
9.82, 4597560
9.83, 4597560
9.84, 4597560
9.85, 4597560
9.86, 4597560
9.87, 4597560
9.88, 4597560
9.89, 4597560
9.9, 4597560
9.91, 4597560
9.92, 4597560
9.93, 4597560
9.94, 4597560
9.95, 4597560
9.96, 4597560
9.97, 4597560
9.98, 4597560
9.99, 4597560
10.0, 4597560
10.01, 4597560
10.02, 4597560
10.03, 4597560
10.04, 4597560
10.05, 4597560
10.06, 4597560
10.07, 4597560
10.08, 4597560
10.09, 4597560
10.1, 4597560
10.11, 4597560
10.12, 4597560
10.13, 4597560
10.14, 4597560
10.15, 4597560
10.16, 4597560
10.17, 4597560
10.18, 4597560
10.19, 4597560
10.2, 4597560
10.21, 4597560
10.22, 4597560
10.23, 4597560
10.24, 4597560
10.25, 4597560
10.26, 4597560
10.27, 4597560
10.28, 4597560
10.29, 4597560
10.3, 4597560
10.31, 4597560
10.32, 4597560
10.33, 4597560
10.34, 4597560
10.35, 4597560
10.36, 4597560
10.37, 4597560
10.38, 4597560
10.39, 4597560
10.4, 4597560
10.41, 4597560
10.42, 4597560
10.43, 4597560
10.44, 4597560
10.45, 4597560
10.46, 4597560
10.47, 4597560
10.48, 4597560
10.49, 4597560
10.5, 4597560
10.51, 4597560
10.52, 4597560
10.53, 4597560
10.54, 4597560
10.55, 4597560
10.56, 4597560
10.57, 4597560
10.58, 4597560
10.59, 4597560
10.6, 4597560
10.61, 4597560
10.62, 4597560
10.63, 4597560
10.64, 4597560
10.65, 4597560
10.66, 4597560
10.67, 4597560
10.68, 4597560
10.69, 4597560
10.7, 4597560
10.71, 4597560
10.72, 4597560
10.73, 4597560
10.74, 4597560
10.75, 4597560
10.76, 4597560
10.77, 4597560
10.78, 4597560
10.79, 4597560
10.8, 4597560
10.81, 4597560
10.82, 4597560
10.83, 4597560
10.84, 4597560
10.85, 4597560
10.86, 4597560
10.87, 4597560
10.88, 4597560
10.89, 4597560
10.9, 4597560
10.91, 4597560
10.92, 4597560
10.93, 4597560
10.94, 4597560
10.95, 4597560
10.96, 4597560
10.97, 4597560
10.98, 4597560
10.99, 4597560
11.0, 4597560
11.01, 4597560
11.02, 4597560
11.03, 4597560
11.04, 4597560
11.05, 4597560
11.06, 4597560
11.07, 4597560
11.08, 4597560
11.09, 4597560
11.1, 4597560
11.11, 4597560
11.12, 4597560
11.13, 4597560
11.14, 4597560
11.15, 4597560
11.16, 4597560
11.17, 4597560
11.18, 4597560
11.19, 4597560
11.2, 4597560
11.21, 4597560
11.22, 4597560
11.23, 4597560
11.24, 4597560
11.25, 4597560
11.26, 4597560
11.27, 4597560
11.28, 4597560
11.29, 4597560
11.3, 4597560
11.31, 4597560
11.32, 4597560
11.33, 4597560
11.34, 4597560
11.35, 4597560
11.36, 4597560
11.37, 4597560
11.38, 4597560
11.39, 4597560
11.4, 4597560
11.41, 4597560
11.42, 4597560
11.43, 4597560
11.44, 4597560
11.45, 4597560
11.46, 4597560
11.47, 4597560
11.48, 4597560
11.49, 4597560
11.5, 4597560
11.51, 4597560
11.52, 4597560
11.53, 4597560
11.54, 4597560
11.55, 4597560
11.56, 4597560
11.57, 4597560
11.58, 4597560
11.59, 4597560
11.6, 4597560
11.61, 4597560
11.62, 4597560
11.63, 4597560
11.64, 4597560
11.65, 4597560
11.66, 4597560
11.67, 4597560
11.68, 4597560
11.69, 4597560
11.7, 4597560
11.71, 4597560
11.72, 4597560
11.73, 4597560
11.74, 4597560
11.75, 4597560
11.76, 4597560
11.77, 4597560
11.78, 4597560
11.79, 4597560
11.8, 4597560
11.81, 4597560
11.82, 4597560
11.83, 4597560
11.84, 4597560
11.85, 4597560
11.86, 4597560
11.87, 4597560
11.88, 4597560
11.89, 4597560
11.9, 4597560
11.91, 4597560
11.92, 4597560
11.93, 4597560
11.94, 4597560
11.95, 4597560
11.96, 4597560
11.97, 4597560
11.98, 4597560
11.99, 4597560
12.0, 4597560
12.01, 4597560
12.02, 4597560
12.03, 4597560
12.04, 4597560
12.05, 4597560
12.06, 4597560
12.07, 4597560
12.08, 4597560
12.09, 4597560
12.1, 4597560
12.11, 4597560
12.12, 4597560
12.13, 4597560
12.14, 4597560
12.15, 4597560
12.16, 4597560
12.17, 4597560
12.18, 4597560
12.19, 4597560
12.2, 4597560
12.21, 4597560
12.22, 4597560
12.23, 4597560
12.24, 4597560
12.25, 4597560
12.26, 4597560
12.27, 4597560
12.28, 4597560
12.29, 4597560
12.3, 4597560
12.31, 4597560
12.32, 4597560
12.33, 4597560
12.34, 4597560
12.35, 4597560
12.36, 4597560
12.37, 4597560
12.38, 4597560
12.39, 4597560
12.4, 4597560
12.41, 4597560
12.42, 4597560
12.43, 4597560
12.44, 4597560
12.45, 4597560
12.46, 4597560
12.47, 4597560
12.48, 4597560
12.49, 4597560
12.5, 4597560
12.51, 4597560
12.52, 4597560
12.53, 4597560
12.54, 4597560
12.55, 4597560
12.56, 4597560
12.57, 4597560
12.58, 4597560
12.59, 4597560
12.6, 4597560
12.61, 4597560
12.62, 4597560
12.63, 4597560
12.64, 4597560
12.65, 4597560
12.66, 4597560
12.67, 4597560
12.68, 4597560
12.69, 4597560
12.7, 4597560
12.71, 4597560
12.72, 4597560
12.73, 4597560
12.74, 4597560
12.75, 4597560
12.76, 4597560
12.77, 4597560
12.78, 4597560
12.79, 4597560
12.8, 4597560
12.81, 4597560
12.82, 4597560
12.83, 4597560
12.84, 4597560
12.85, 4597560
12.86, 4597560
12.87, 4597560
12.88, 4597560
12.89, 4597560
12.9, 4597560
12.91, 4597560
12.92, 4597560
12.93, 4597560
12.94, 4597560
12.95, 4597560
12.96, 4597560
12.97, 4597560
12.98, 4597560
12.99, 4597560
13.0, 4597560
13.01, 4597560
13.02, 4597560
13.03, 4597560
13.04, 4597560
13.05, 4597560
13.06, 4597560
13.07, 4597560
13.08, 4597560
13.09, 4597560
13.1, 4597560
13.11, 4597560
13.12, 4597560
13.13, 4597560
13.14, 4597560
13.15, 4597560
13.16, 4597560
13.17, 4597560
13.18, 4597560
13.19, 4597560
13.2, 4597560
13.21, 4597560
13.22, 4597560
13.23, 4597560
13.24, 4597560
13.25, 4597560
13.26, 4597560
13.27, 4597560
13.28, 4597560
13.29, 4597560
13.3, 4597560
13.31, 4597560
13.32, 4597560
13.33, 4597560
13.34, 4597560
13.35, 4597560
13.36, 4597560
13.37, 4597560
13.38, 4597560
13.39, 4597560
13.4, 4597560
13.41, 4597560
13.42, 4597560
13.43, 4597560
13.44, 4597560
13.45, 4597560
13.46, 4597560
13.47, 4597560
13.48, 4597560
13.49, 4597560
13.5, 4597560
13.51, 4597560
13.52, 4597560
13.53, 4597560
13.54, 4597560
13.55, 4597560
13.56, 4597560
13.57, 4597560
13.58, 4597560
13.59, 4597560
13.6, 4597560
13.61, 4597560
13.62, 4597560
13.63, 4597560
13.64, 4597560
13.65, 4597560
13.66, 4597560
13.67, 4597560
13.68, 4597560
13.69, 4597560
13.7, 4597560
13.71, 4597560
13.72, 4597560
13.73, 4597560
13.74, 4597560
13.75, 4597560
13.76, 4597560
13.77, 4597560
13.78, 4597560
13.79, 4597560
13.8, 4597560
13.81, 4597560
13.82, 4597560
13.83, 4597560
13.84, 4597560
13.85, 4597560
13.86, 4597560
13.87, 4597560
13.88, 4597560
13.89, 4597560
13.9, 4597560
13.91, 4597560
13.92, 4597560
13.93, 4597560
13.94, 4597560
13.95, 4597560
13.96, 4597560
13.97, 4597560
13.98, 4597560
13.99, 4597560
14.0, 4597560
14.01, 4597560
14.02, 4597560
14.03, 4597560
14.04, 4597560
14.05, 4597560
14.06, 4597560
14.07, 4597560
14.08, 4597560
14.09, 4597560
14.1, 4597560
14.11, 4597560
14.12, 4597560
14.13, 4597560
14.14, 4597560
14.15, 4597560
14.16, 4597560
14.17, 4597560
14.18, 4597560
14.19, 4597560
14.2, 4597560
14.21, 4597560
14.22, 4597560
14.23, 4597560
14.24, 4597560
14.25, 4597560
14.26, 4597560
14.27, 4597560
14.28, 4597560
14.29, 4597560
14.3, 4597560
14.31, 4597560
14.32, 4597560
14.33, 4597560
14.34, 4597560
14.35, 4597560
14.36, 4597560
14.37, 4597560
14.38, 4597560
14.39, 4597560
14.4, 4597560
14.41, 4597560
14.42, 4597560
14.43, 4597560
14.44, 4597560
14.45, 4597560
14.46, 4597560
14.47, 4597560
14.48, 4597560
14.49, 4597560
14.5, 4597560
14.51, 4597560
14.52, 4597560
14.53, 4597560
14.54, 4597560
14.55, 4597560
14.56, 4597560
14.57, 4597560
14.58, 4597560
14.59, 4597560
14.6, 4597560
14.61, 4597560
14.62, 4597560
14.63, 4597560
14.64, 4597560
14.65, 4597560
14.66, 4597560
14.67, 4597560
14.68, 4597560
14.69, 4597560
14.7, 4597560
14.71, 4597560
14.72, 4597560
14.73, 4597560
14.74, 4597560
14.75, 4597560
14.76, 4597560
14.77, 4597560
14.78, 4597560
14.79, 4597560
14.8, 4597560
14.81, 4597560
14.82, 4597560
14.83, 4597560
14.84, 4597560
14.85, 4597560
14.86, 4597560
14.87, 4597560
14.88, 4597560
14.89, 4597560
14.9, 4597560
14.91, 4597560
14.92, 4597560
14.93, 4597560
14.94, 4597560
14.95, 4597560
14.96, 4597560
14.98, 4597560
14.99, 4597560
15.0, 4597560
15.01, 4597560
15.02, 4597560
15.03, 4597560
15.04, 4597560
15.05, 4597560
15.06, 4597560
15.07, 4597560
15.08, 4597560
15.09, 4597560
15.1, 4597560
15.11, 4597560
15.12, 4597560
15.13, 4597560
15.14, 4597560
15.15, 4597560
15.16, 4597560
15.17, 4597560
15.18, 4597560
15.19, 4597560
15.2, 4597560
15.21, 4597560
15.22, 4597560
15.23, 4597560
15.24, 4597560
15.25, 4597560
15.26, 4597560
15.27, 4597560
15.28, 4597560
15.29, 4597560
15.3, 4597560
15.31, 4597560
15.32, 4597560
15.33, 4597560
15.34, 4597560
15.35, 4597560
15.36, 4597560
15.37, 4597560
15.38, 4597560
15.39, 4597560
15.4, 4597560
15.41, 4597560
15.42, 4597560
15.43, 4597560
15.44, 4597560
15.45, 4597560
15.46, 4597560
15.47, 4597560
15.48, 4597560
15.49, 4597560
15.5, 4597560
15.51, 4597560
15.52, 4597560
15.53, 4597560
15.54, 4597560
15.55, 4597560
15.56, 4597560
15.57, 4597560
15.58, 4597560
15.59, 4597560
15.6, 4597560
15.61, 4597560
15.62, 4597560
15.63, 4597560
15.64, 4597560
15.65, 4597560
15.66, 4597560
15.67, 4597560
15.68, 4597560
15.69, 4597560
15.7, 4597560
15.71, 4597560
15.72, 4597560
15.73, 4597560
15.74, 4597560
15.75, 4597560
15.76, 4597560
15.77, 4597560
15.78, 4597560
15.79, 4597560
15.8, 4597560
15.81, 4597560
15.82, 4597560
15.83, 4597560
15.84, 4597560
15.85, 4597560
15.86, 4597560
15.87, 4597560
15.88, 4597560
15.89, 4597560
15.9, 4597560
15.91, 4597560
15.92, 4597560
15.93, 4597560
15.94, 4597560
15.95, 4597560
15.96, 4597560
15.97, 4597560
15.98, 4597560
15.99, 4597560
16.0, 4597560
16.01, 4597560
16.02, 4597560
16.03, 4597560
16.04, 4597560
16.05, 4597560
16.06, 4597560
16.07, 4597560
16.08, 4597560
16.09, 4597560
16.1, 4597560
16.11, 4597560
16.12, 4597560
16.13, 4597560
16.14, 4597560
16.15, 4597560
16.16, 4597560
16.17, 4597560
16.18, 4597560
16.19, 4597560
16.2, 4597560
16.21, 4597560
16.22, 4597560
16.23, 4597560
16.24, 4597560
16.25, 4597560
16.26, 4597560
16.27, 4597560
16.28, 4597560
16.29, 4597560
16.3, 4597560
16.31, 4597560
16.32, 4597560
16.33, 4597560
16.34, 4597560
16.35, 4597560
16.36, 4597560
16.37, 4597560
16.38, 4597560
16.39, 4597560
16.4, 4597560
16.41, 4597560
16.42, 4597560
16.43, 4597560
16.44, 4597560
16.45, 4597560
16.46, 4597560
16.47, 4597560
16.48, 4597560
16.49, 4597560
16.5, 4597560
16.51, 4597560
16.52, 4597560
16.53, 4597560
16.54, 4597560
16.55, 4597560
16.56, 4597560
16.57, 4597560
16.58, 4597560
16.59, 4597560
16.6, 4597560
16.61, 4597560
16.62, 4597560
16.63, 4597560
16.64, 4597560
16.65, 4597560
16.66, 4597560
16.67, 4597560
16.68, 4597560
16.69, 4597560
16.7, 4597560
16.71, 4597560
16.72, 4597560
16.73, 4597560
16.74, 4597560
16.75, 4597560
16.76, 4597560
16.77, 4597560
16.78, 4597560
16.79, 4597560
16.8, 4597560
16.81, 4597560
16.82, 4597560
16.83, 4597560
16.84, 4597560
16.85, 4597560
16.86, 4597560
16.87, 4597560
16.88, 4597560
16.89, 4597560
16.9, 4597560
16.91, 4597560
16.92, 4597560
16.93, 4597560
16.94, 4597560
16.95, 4597560
16.96, 4597560
16.97, 4597560
16.98, 4597560
16.99, 4597560
17.0, 4597560
17.01, 4597560
17.02, 4597560
17.03, 4597560
17.04, 4597560
17.05, 4597560
17.06, 4597560
17.07, 4597560
17.08, 4597560
17.09, 4597560
17.1, 4597560
17.11, 4597560
17.12, 4597560
17.13, 4597560
17.14, 4597560
17.15, 4597560
17.16, 4597560
17.17, 4597560
17.18, 4597560
17.19, 4597560
17.2, 4597560
17.21, 4597560
17.22, 4597560
17.23, 4597560
17.24, 4597560
17.25, 4597560
17.26, 4597560
17.27, 4597560
17.28, 4597560
17.29, 4597560
17.3, 4597560
17.31, 4597560
17.32, 4597560
17.33, 4597560
17.34, 4597560
17.35, 4597560
17.36, 4597560
17.37, 4597560
17.38, 4597560
17.39, 4597560
17.4, 4597560
17.41, 4597560
17.42, 4597560
17.43, 4597560
17.44, 4597560
17.45, 4597560
17.46, 4597560
17.47, 4597560
17.48, 4597560
17.49, 4597560
17.5, 4597560
17.51, 4597560
17.52, 4597560
17.53, 4597560
17.54, 4597560
17.55, 4597560
17.56, 4597560
17.57, 4597560
17.58, 4597560
17.59, 4597560
17.6, 4597560
17.61, 4597560
17.62, 4597560
17.63, 4597560
17.64, 4597560
17.65, 4597560
17.66, 4597560
17.67, 4597560
17.68, 4597560
17.69, 4597560
17.7, 4597560
17.71, 4597560
17.72, 4597560
17.73, 4597560
17.74, 4597560
17.75, 4597560
17.76, 4597560
17.77, 4597560
17.78, 4597560
17.79, 4597560
17.8, 4597560
17.81, 4597560
17.82, 4597560
17.83, 4597560
17.84, 4597560
17.85, 4597560
17.86, 4597560
17.87, 4597560
17.88, 4597560
17.89, 4597560
17.9, 4597560
17.91, 4597560
17.92, 4597560
17.93, 4597560
17.94, 4597560
17.95, 4597560
17.96, 4597560
17.97, 4597560
17.98, 4597560
17.99, 4597560
18.0, 4597560
18.01, 4597560
18.02, 4597560
18.03, 4597560
18.04, 4597560
18.05, 4597560
18.06, 4597560
18.07, 4597560
18.08, 4597560
18.09, 4597560
18.1, 4597560
18.11, 4597560
18.12, 4597560
18.13, 4597560
18.14, 4597560
18.15, 4597560
18.16, 4597560
18.17, 4597560
18.18, 4597560
18.19, 4597560
18.2, 4597560
18.21, 4597560
18.22, 4597560
18.23, 4597560
18.24, 4597560
18.25, 4597560
18.26, 4597560
18.27, 4597560
18.28, 4597560
18.29, 4597560
18.3, 4597560
18.31, 4597560
18.32, 4597560
18.33, 4597560
18.34, 4597560
18.35, 4597560
18.36, 4597560
18.37, 4597560
18.38, 4597560
18.39, 4597560
18.4, 4597560
18.41, 4597560
18.42, 4597560
18.43, 4597560
18.44, 4597560
18.45, 4597560
18.46, 4597560
18.47, 4597560
18.48, 4597560
18.49, 4597560
18.5, 4597560
18.51, 4597560
18.52, 4597560
18.53, 4597560
18.54, 4597560
18.55, 4597560
18.56, 4597560
18.57, 4597560
18.58, 4597560
18.59, 4597560
18.6, 4597560
18.61, 4597560
18.62, 4597560
18.63, 4597560
18.64, 4597560
18.65, 4597560
18.66, 4597560
18.67, 4597560
18.68, 4597560
18.69, 4597560
18.7, 4597560
18.71, 4597560
18.72, 4597560
18.73, 4597560
18.74, 4597560
18.75, 4597560
18.76, 4597560
18.77, 4597560
18.78, 4597560
18.79, 4597560
18.8, 4597560
18.81, 4597560
18.82, 4597560
18.83, 4597560
18.84, 4597560
18.85, 4597560
18.86, 4597560
18.87, 4597560
18.88, 4597560
18.89, 4597560
18.9, 4597560
18.91, 4597560
18.92, 4597560
18.93, 4597560
18.94, 4597560
18.95, 4597560
18.96, 4597560
18.97, 4597560
18.98, 4597560
18.99, 4597560
19.0, 4597560
19.01, 4597560
19.02, 4597560
19.03, 4597560
19.04, 4597560
19.05, 4597560
19.06, 4597560
19.07, 4597560
19.08, 4597560
19.09, 4597560
19.1, 4597560
19.11, 4597560
19.12, 4597560
19.13, 4597560
19.14, 4597560
19.15, 4597560
19.16, 4597560
19.17, 4597560
19.18, 4597560
19.19, 4597560
19.2, 4597560
19.21, 4597560
19.22, 4597560
19.23, 4597560
19.24, 4597560
19.25, 4597560
19.26, 4597560
19.27, 4597560
19.28, 4597560
19.29, 4597560
19.3, 4597560
19.31, 4597560
19.32, 4597560
19.33, 4597560
19.34, 4597560
19.35, 4597560
19.36, 4597560
19.37, 4597560
19.38, 4597560
19.39, 4597560
19.4, 4597560
19.41, 4597560
19.42, 4597560
19.43, 4597560
19.44, 4597560
19.45, 4597560
19.46, 4597560
19.47, 4597560
19.48, 4597560
19.49, 4597560
19.5, 4597560
19.51, 4597560
19.52, 4597560
19.53, 4597560
19.54, 4597560
19.55, 4597560
19.56, 4597560
19.57, 4597560
19.58, 4597560
19.59, 4597560
19.6, 4597560
19.61, 4597560
19.62, 4597560
19.63, 4597560
19.64, 4597560
19.65, 4597560
19.66, 4597560
19.67, 4597560
19.68, 4597560
19.69, 4597560
19.7, 4597560
19.71, 4597560
19.72, 4597560
19.73, 4597560
19.74, 4597560
19.75, 4597560
19.76, 4597560
19.77, 4597560
19.78, 4597560
19.79, 4597560
19.8, 4597560
19.81, 4597560
19.82, 4597560
19.83, 4597560
19.84, 4597560
19.85, 4597560
19.86, 4597560
19.87, 4597560
19.88, 4597560
19.89, 4597560
19.9, 4597560
19.91, 4597560
19.92, 4597560
19.93, 4597560
19.94, 4597560
19.95, 4597560
19.96, 4597560
19.97, 4597560
19.98, 4597560
19.99, 4597560
20.0, 4597560
20.01, 4597560
20.02, 4597560
20.03, 4597560
20.04, 4597560
20.05, 4597560
20.06, 4597560
20.07, 4597560
20.08, 4597560
20.09, 4597560
20.1, 4597560
20.11, 4597560
20.12, 4597560
20.13, 4597560
20.14, 4597560
20.15, 4597560
20.16, 4597560
20.17, 4597560
20.18, 4597560
20.19, 4597560
20.2, 4597560
20.21, 4597560
20.22, 4597560
20.23, 4597560
20.24, 4597560
20.25, 4597560
20.26, 4597560
20.27, 4597560
20.28, 4597560
20.29, 4597560
20.3, 4597560
20.31, 4597560
20.32, 4597560
20.33, 4597560
20.34, 4597560
20.35, 4597560
20.36, 4597560
20.37, 4597560
20.38, 4597560
20.39, 4597560
20.4, 4597560
20.41, 4597560
20.42, 4597560
20.43, 4597560
20.44, 4597560
20.45, 4597560
20.46, 4597560
20.47, 4597560
20.48, 4597560
20.49, 4597560
20.5, 4597560
20.51, 4597560
20.52, 4597560
20.53, 4597560
20.54, 4597560
20.55, 4597560
20.56, 4597560
20.57, 4597560
20.58, 4597560
20.59, 4597560
20.6, 4597560
20.61, 4597560
20.62, 4597560
20.63, 4597560
20.64, 4597560
20.65, 4597560
20.66, 4597560
20.67, 4597560
20.68, 4597560
20.69, 4597560
20.7, 4597560
20.71, 4597560
20.72, 4597560
20.73, 4597560
20.74, 4597560
20.75, 4597560
20.76, 4597560
20.77, 4597560
20.78, 4597560
20.79, 4597560
20.8, 4597560
20.81, 4597560
20.82, 4597560
20.83, 4597560
20.84, 4597560
20.85, 4597560
20.86, 4597560
20.87, 4597560
20.88, 4597560
20.89, 4597560
20.9, 4597560
20.91, 4597560
20.92, 4597560
20.93, 4597560
20.94, 4597560
20.95, 4597560
20.96, 4597560
20.97, 4597560
20.98, 4597560
20.99, 4597560
21.0, 4597560
21.01, 4597560
21.02, 4597560
21.03, 4597560
21.04, 4597560
21.05, 4597560
21.06, 4597560
21.07, 4597560
21.08, 4597560
21.09, 4597560
21.1, 4597560
21.11, 4597560
21.12, 4597560
21.13, 4597560
21.14, 4597560
21.15, 4597560
21.16, 4597560
21.17, 4597560
21.18, 4597560
21.19, 4597560
21.2, 4597560
21.21, 4597560
21.22, 4597560
21.23, 4597560
21.24, 4597560
21.25, 4597560
21.26, 4597560
21.27, 4597560
21.28, 4597560
21.29, 4597560
21.3, 4597560
21.31, 4597560
21.32, 4597560
21.33, 4597560
21.34, 4597560
21.35, 4597560
21.36, 4597560
21.37, 4597560
21.38, 4597560
21.39, 4597560
21.4, 4597560
21.41, 4597560
21.42, 4597560
21.43, 4597560
21.44, 4597560
21.45, 4597560
21.46, 4597560
21.47, 4597560
21.48, 4597560
21.49, 4597560
21.5, 4597560
21.51, 4597560
21.52, 4597560
21.53, 4597560
21.54, 4597560
21.55, 4597560
21.56, 4597560
21.57, 4597560
21.58, 4597560
21.59, 4597560
21.6, 4597560
21.61, 4597560
21.62, 4597560
21.63, 4597560
21.64, 4597560
21.65, 4597560
21.66, 4597560
21.67, 4597560
21.68, 4597560
21.69, 4597560
21.7, 4597560
21.71, 4597560
21.72, 4597560
21.73, 4597560
21.74, 4597560
21.75, 4597560
21.76, 4597560
21.77, 4597560
21.78, 4597560
21.79, 4597560
21.8, 4597560
21.81, 4597560
21.82, 4597560
21.83, 4597560
21.84, 4597560
21.85, 4597560
21.86, 4597560
21.87, 4597560
21.88, 4597560
21.89, 4597560
21.9, 4597560
21.91, 4597560
21.92, 4597560
21.93, 4597560
21.94, 4597560
21.95, 4597560
21.96, 4597560
21.97, 4597560
21.98, 4597560
21.99, 4597560
22.0, 4597560
22.01, 4597560
22.02, 4597560
22.03, 4597560
22.04, 4597560
22.05, 4597560
22.06, 4597560
22.07, 4597560
22.08, 4597560
22.09, 4597560
22.1, 4597560
22.11, 4597560
22.12, 4597560
22.13, 4597560
22.14, 4597560
22.15, 4597560
22.16, 4597560
22.17, 4597560
22.18, 4597560
22.19, 4597560
22.2, 4597560
22.21, 4597560
22.22, 4597560
22.23, 4597560
22.24, 4597560
22.25, 4597560
22.26, 4597560
22.27, 4597560
22.28, 4597560
22.29, 4597560
22.3, 4597560
22.31, 4597560
22.32, 4597560
22.33, 4597560
22.34, 4597560
22.35, 4597560
22.36, 4597560
22.37, 4597560
22.38, 4597560
22.39, 4597560
22.4, 4597560
22.41, 4597560
22.42, 4597560
22.43, 4597560
22.44, 4597560
22.45, 4597560
22.46, 4597560
22.47, 4597560
22.48, 4597560
22.49, 4597560
22.5, 4597560
22.51, 4597560
22.52, 4597560
22.53, 4597560
22.54, 4597560
22.55, 4597560
22.56, 4597560
22.57, 4597560
22.58, 4597560
22.59, 4597560
22.6, 4597560
22.61, 4597560
22.62, 4597560
22.63, 4597560
22.64, 4597560
22.65, 4597560
22.66, 4597560
22.67, 4597560
22.68, 4597560
22.69, 4597560
22.7, 4597560
22.71, 4597560
22.72, 4597560
22.73, 4597560
22.74, 4597560
22.75, 4597560
22.76, 4597560
22.77, 4597560
22.78, 4597560
22.79, 4597560
22.8, 4597560
22.81, 4597560
22.82, 4597560
22.83, 4597560
22.84, 4597560
22.85, 4597560
22.86, 4597560
22.87, 4597560
22.88, 4597560
22.89, 4597560
22.9, 4597560
22.91, 4597560
22.92, 4597560
22.93, 4597560
22.94, 4597560
22.95, 4597560
22.96, 4597560
22.97, 4597560
22.98, 4597560
22.99, 4597560
23.0, 4597560
23.01, 4597560
23.02, 4597560
23.03, 4597560
23.04, 4597560
23.05, 4597560
23.06, 4597560
23.07, 4597560
23.08, 4597560
23.09, 4597560
23.1, 4597560
23.11, 4597560
23.12, 4597560
23.13, 4597560
23.14, 4597560
23.15, 4597560
23.16, 4597560
23.17, 4597560
23.18, 4597560
23.19, 4597560
23.2, 4597560
23.21, 4597560
23.22, 4597560
23.23, 4597560
23.24, 4597560
23.25, 4597560
23.26, 4597560
23.27, 4597560
23.28, 4597560
23.29, 4597560
23.3, 4597560
23.31, 4597560
23.32, 4597560
23.33, 4597560
23.34, 4597560
23.35, 4597560
23.36, 4597560
23.37, 4597560
23.38, 4597560
23.39, 4597560
23.4, 4597560
23.41, 4597560
23.42, 4597560
23.43, 4597560
23.44, 4597560
23.45, 4597560
23.46, 4597560
23.47, 4597560
23.48, 4597560
23.49, 4597560
23.5, 4597560
23.51, 4597560
23.52, 4597560
23.53, 4597560
23.54, 4597560
23.55, 4597560
23.56, 4597560
23.57, 4597560
23.58, 4597560
23.59, 4597560
23.6, 4597560
23.61, 4597560
23.62, 4597560
23.63, 4597560
23.64, 4597560
23.65, 4597560
23.66, 4597560
23.67, 4597560
23.68, 4597560
23.69, 4597560
23.7, 4597560
23.71, 4597560
23.72, 4597560
23.73, 4597560
23.74, 4597560
23.75, 4597560
23.76, 4597560
23.77, 4597560
23.78, 4597560
23.79, 4597560
23.8, 4597560
23.81, 4597560
23.82, 4597560
23.83, 4597560
23.84, 4597560
23.85, 4597560
23.86, 4597560
23.87, 4597560
23.88, 4597560
23.89, 4597560
23.9, 4597560
23.91, 4597560
23.92, 4597560
23.93, 4597560
23.94, 4597560
23.95, 4597560
23.96, 4597560
23.97, 4597560
23.98, 4597560
23.99, 4597560
24.0, 4597560
24.01, 4597560
24.02, 4597560
24.03, 4597560
24.04, 4597560
24.05, 4597560
24.06, 4597560
24.07, 4597560
24.08, 4597560
24.09, 4597560
24.1, 4597560
24.11, 4597560
24.12, 4597560
24.13, 4597560
24.14, 4597560
24.15, 4597560
24.16, 4597560
24.17, 4597560
24.18, 4597560
24.19, 4597560
24.2, 4597560
24.21, 4597560
24.22, 4597560
24.23, 4597560
24.24, 4597560
24.25, 4597560
24.26, 4597560
24.27, 4597560
24.28, 4597560
24.29, 4597560
24.3, 4597560
24.31, 4597560
24.32, 4597560
24.33, 4597560
24.34, 4597560
24.35, 4597560
24.36, 4597560
24.37, 4597560
24.38, 4597560
24.39, 4597560
24.4, 4597560
24.41, 4597560
24.42, 4597560
24.43, 4597560
24.44, 4597560
24.45, 4597560
24.46, 4597560
24.47, 4597560
24.48, 4597560
24.49, 4597560
24.5, 4597560
24.51, 4597560
24.52, 4597560
24.53, 4597560
24.54, 4597560
24.55, 4597560
24.56, 4597560
24.57, 4597560
24.58, 4597560
24.59, 4597560
24.6, 4597560
24.61, 4597560
24.62, 4597560
24.63, 4597560
24.64, 4597560
24.65, 4597560
24.66, 4597560
24.67, 4597560
24.68, 4597560
24.69, 4597560
24.7, 4597560
24.71, 4597560
24.72, 4597560
24.73, 4597560
24.74, 4597560
24.75, 4597560
24.76, 4597560
24.77, 4597560
24.78, 4597560
24.79, 4597560
24.8, 4597560
24.81, 4597560
24.82, 4597560
24.83, 4597560
24.84, 4597560
24.85, 4597560
24.86, 4597560
24.87, 4597560
24.88, 4597560
24.89, 4597560
24.9, 4597560
24.91, 4597560
24.92, 4597560
24.93, 4597560
24.94, 4597560
24.95, 4597560
24.96, 4597560
24.97, 4597560
24.98, 4597560
24.99, 4597560
25.0, 4597560
25.01, 4597560
25.02, 4597560
25.03, 4597560
25.04, 4597560
25.05, 4597560
25.06, 4597560
25.07, 4597560
25.08, 4597560
25.09, 4597560
25.1, 4597560
25.11, 4597560
25.12, 4597560
25.13, 4597560
25.14, 4597560
25.15, 4597560
25.16, 4597560
25.17, 4597560
25.18, 4597560
25.19, 4597560
25.2, 4597560
25.21, 4597560
25.22, 4597560
25.23, 4597560
25.24, 4597560
25.25, 4597560
25.26, 4597560
25.27, 4597560
25.28, 4597560
25.29, 4597560
25.3, 4597560
25.31, 4597560
25.32, 4597560
25.33, 4597560
25.34, 4597560
25.35, 4597560
25.36, 4597560
25.37, 4597560
25.38, 4597560
25.39, 4597560
25.4, 4597560
25.41, 4597560
25.42, 4597560
25.43, 4597560
25.44, 4597560
25.45, 4597560
25.46, 4597560
25.47, 4597560
25.48, 4597560
25.49, 4597560
25.5, 4597560
25.51, 4597560
25.52, 4597560
25.53, 4597560
25.54, 4597560
25.55, 4597560
25.56, 4597560
25.57, 4597560
25.58, 4597560
25.59, 4597560
25.6, 4597560
25.61, 4597560
25.62, 4597560
25.63, 4597560
25.64, 4597560
25.65, 4597560
25.66, 4597560
25.67, 4597560
25.68, 4597560
25.69, 4597560
25.7, 4597560
25.71, 4597560
25.72, 4597560
25.73, 4597560
25.74, 4597560
25.75, 4597560
25.76, 4597560
25.77, 4597560
25.78, 4597560
25.79, 4597560
25.8, 4597560
25.81, 4597560
25.82, 4597560
25.83, 4597560
25.84, 4597560
25.85, 4597560
25.86, 4597560
25.87, 4597560
25.88, 4597560
25.89, 4597560
25.9, 4597560
25.91, 4597560
25.92, 4597560
25.93, 4597560
25.94, 4597560
25.95, 4597560
25.96, 4597560
25.97, 4597560
25.98, 4597560
25.99, 4597560
26.0, 4597560
26.01, 4597560
26.02, 4597560
26.03, 4597560
26.04, 4597560
26.05, 4597560
26.06, 4597560
26.07, 4597560
26.08, 4597560
26.09, 4597560
26.1, 4597560
26.11, 4597560
26.12, 4597560
26.13, 4597560
26.14, 4597560
26.15, 4597560
26.16, 4597560
26.17, 4597560
26.18, 4597560
26.19, 4597560
26.2, 4597560
26.21, 4597560
26.22, 4597560
26.23, 4597560
26.24, 4597560
26.25, 4597560
26.26, 4597560
26.27, 4597560
26.28, 4597560
26.29, 4597560
26.3, 4597560
26.31, 4597560
26.32, 4597560
26.33, 4597560
26.34, 4597560
26.35, 4597560
26.36, 4597560
26.37, 4597560
26.38, 4597560
26.39, 4597560
26.4, 4597560
26.41, 4597560
26.42, 4597560
26.43, 4597560
26.44, 4597560
26.45, 4597560
26.46, 4597560
26.47, 4597560
26.48, 4597560
26.49, 4597560
26.5, 4597560
26.51, 4597560
26.52, 4597560
26.53, 4597560
26.54, 4597560
26.55, 4597560
26.56, 4597560
26.57, 4597560
26.58, 4597560
26.59, 4597560
26.6, 4597560
26.61, 4597560
26.62, 4597560
26.63, 4597560
26.64, 4597560
26.65, 4597560
26.66, 4597560
26.67, 4597560
26.68, 4597560
26.69, 4597560
26.7, 4597560
26.71, 4597560
26.72, 4597560
26.73, 4597560
26.74, 4597560
26.75, 4597560
26.76, 4597560
26.77, 4597560
26.78, 4597560
26.79, 4597560
26.8, 4597560
26.81, 4597560
26.82, 4597560
26.83, 4597560
26.84, 4597560
26.85, 4597560
26.86, 4597560
26.87, 4597560
26.88, 4597560
26.89, 4597560
26.9, 4597560
26.91, 4597560
26.92, 4597560
26.93, 4597560
26.94, 4597560
26.95, 4597560
26.96, 4597560
26.97, 4597560
26.98, 4597560
26.99, 4597560
27.0, 4597560
27.01, 4597560
27.02, 4597560
27.03, 4597560
27.04, 4597560
27.05, 4597560
27.06, 4597560
27.07, 4597560
27.08, 4597560
27.09, 4597560
27.1, 4597560
27.11, 4597560
27.12, 4597560
27.13, 4597560
27.14, 4597560
27.15, 4597560
27.16, 4597560
27.17, 4597560
27.18, 4597560
27.19, 4597560
27.2, 4597560
27.21, 4597560
27.22, 4597560
27.23, 4597560
27.24, 4597560
27.25, 4597560
27.26, 4597560
27.27, 4597560
27.28, 4597560
27.29, 4597560
27.3, 4597560
27.31, 4597560
27.32, 4597560
27.33, 4597560
27.34, 4597560
27.35, 4597560
27.36, 4597560
27.37, 4597560
27.38, 4597560
27.39, 4597560
27.4, 4597560
27.41, 4597560
27.42, 4597560
27.43, 4597560
27.44, 4597560
27.45, 4597560
27.46, 4597560
27.47, 4597560
27.48, 4597560
27.49, 4597560
27.5, 4597560
27.51, 4597560
27.52, 4597560
27.53, 4597560
27.54, 4597560
27.55, 4597560
27.56, 4597560
27.57, 4597560
27.58, 4597560
27.59, 4597560
27.6, 4597560
27.61, 4597560
27.62, 4597560
27.63, 4597560
27.64, 4597560
27.65, 4597560
27.66, 4597560
27.67, 4597560
27.68, 4597560
27.69, 4597560
27.7, 4597560
27.71, 4597560
27.72, 4597560
27.73, 4597560
27.74, 4597560
27.75, 4597560
27.76, 4597560
27.77, 4597560
27.78, 4597560
27.79, 4597560
27.8, 4597560
27.81, 4597560
27.82, 4597560
27.83, 4597560
27.84, 4597560
27.85, 4597560
27.86, 4597560
27.87, 4597560
27.88, 4597560
27.89, 4597560
27.9, 4597560
27.91, 4597560
27.92, 4597560
27.93, 4597560
27.94, 4597560
27.95, 4597560
27.96, 4597560
27.97, 4597560
27.98, 4597560
27.99, 4597560
28.0, 4597560
28.01, 4597560
28.02, 4597560
28.03, 4597560
28.04, 4597560
28.05, 4597560
28.06, 4597560
28.07, 4597560
28.08, 4597560
28.09, 4597560
28.1, 4597560
28.11, 4597560
28.12, 4597560
28.13, 4597560
28.14, 4597560
28.15, 4597560
28.16, 4597560
28.17, 4597560
28.18, 4597560
28.19, 4597560
28.2, 4597560
28.21, 4597560
28.22, 4597560
28.23, 4597560
28.24, 4597560
28.25, 4597560
28.26, 4597560
28.27, 4597560
28.28, 4597560
28.29, 4597560
28.3, 4597560
28.31, 4597560
28.32, 4597560
28.33, 4597560
28.34, 4597560
28.35, 4597560
28.36, 4597560
28.37, 4597560
28.38, 4597560
28.41, 4597560
28.42, 4597560
28.43, 4597560
28.44, 4597560
28.45, 4597560
28.46, 4597560
28.47, 4597560
28.48, 4597560
28.49, 4597560
28.5, 4597560
28.51, 4597560
28.52, 4597560
28.53, 4597560
28.54, 4597560
28.55, 4597560
28.56, 4597560
28.57, 4597560
28.58, 4597560
28.59, 4597560
28.6, 4597560
28.61, 4597560
28.62, 4597560
28.63, 4597560
28.64, 4597560
28.65, 4597560
28.66, 4597560
28.67, 4597560
28.68, 4597560
28.69, 4597560
28.7, 4597560
28.71, 4597560
28.72, 4597560
28.73, 4597560
28.74, 4597560
28.75, 4597560
28.76, 4597560
28.77, 4597560
28.78, 4597560
28.79, 4597560
28.8, 4597560
28.81, 4597560
28.82, 4597560
28.83, 4597560
28.84, 4597560
28.85, 4597560
28.86, 4597560
28.87, 4597560
28.88, 4597560
28.89, 4597560
28.9, 4597560
28.91, 4597560
28.92, 4597560
28.93, 4597560
28.94, 4597560
28.95, 4597560
28.96, 4597560
28.97, 4597560
28.98, 4597560
28.99, 4597560
29.0, 4597560
29.01, 4597560
29.02, 4597560
29.03, 4597560
29.04, 4597560
29.05, 4597560
29.06, 4597560
29.07, 4597560
29.08, 4597560
29.09, 4597560
29.1, 4597560
29.11, 4597560
29.12, 4597560
29.13, 4597560
29.14, 4597560
29.15, 4597560
29.16, 4597560
29.17, 4597560
29.18, 4597560
29.19, 4597560
29.2, 4597560
29.21, 4597560
29.22, 4597560
29.23, 4597560
29.24, 4597560
29.25, 4597560
29.26, 4597560
29.27, 4597560
29.28, 4597560
29.29, 4597560
29.3, 4597560
29.31, 4597560
29.32, 4597560
29.33, 4597560
29.34, 4597560
29.35, 4597560
29.36, 4597560
29.37, 4597560
29.38, 4597560
29.39, 4597560
29.4, 4597560
29.41, 4597560
29.42, 4597560
29.43, 4597560
29.44, 4597560
29.45, 4597560
29.46, 4597560
29.47, 4597560
29.48, 4597560
29.49, 4597560
29.5, 4597560
29.51, 4597560
29.52, 4597560
29.53, 4597560
29.54, 4597560
29.55, 4597560
29.56, 4597560
29.57, 4597560
29.58, 4597560
29.59, 4597560
29.6, 4597560
29.61, 4597560
29.62, 4597560
29.63, 4597560
29.64, 4597560
29.65, 4597560
29.66, 4597560
29.67, 4597560
29.68, 4597560
29.69, 4597560
29.7, 4597560
29.71, 4597560
29.72, 4597560
29.73, 4597560
29.74, 4597560
29.75, 4597560
29.76, 4597560
29.77, 4597560
29.78, 4597560
29.79, 4597560
29.8, 4597560
29.81, 4597560
29.82, 4597560
29.83, 4597560
29.84, 4597560
29.85, 4597560
29.86, 4597560
29.87, 4597560
29.88, 4597560
29.89, 4597560
29.9, 4597560
29.91, 4597560
29.92, 4597560
29.93, 4597560
29.94, 4597560
29.95, 4597560
29.96, 4597560
29.97, 4597560
29.98, 4597560
29.99, 4597560
30.0, 4597560
30.01, 4597560
30.02, 4597560
30.03, 4597560
30.04, 4597560
30.05, 4597560
30.06, 4597560
30.07, 4597560
30.08, 4597560
30.09, 4597560
30.1, 4597560
30.11, 4597560
30.12, 4597560
30.13, 4597560
30.14, 4597560
30.15, 4597560
30.16, 4597560
30.17, 4597560
30.18, 4597560
30.19, 4597560
30.2, 4597560
30.21, 4597560
30.22, 4597560
30.23, 4597560
30.24, 4597560
30.25, 4597560
30.26, 4597560
30.27, 4597560
30.28, 4597560
30.29, 4597560
30.3, 4597560
30.31, 4597560
30.32, 4597560
30.33, 4597560
30.34, 4597560
30.35, 4597560
30.36, 4597560
30.37, 4597560
30.38, 4597560
30.39, 4597560
30.4, 4597560
30.41, 4597560
30.42, 4597560
30.43, 4597560
30.44, 4597560
30.45, 4597560
30.46, 4597560
30.47, 4597560
30.48, 4597560
30.49, 4597560
30.5, 4597560
30.51, 4597560
30.52, 4597560
30.53, 4597560
30.54, 4597560
30.55, 4597560
30.56, 4597560
30.57, 4597560
30.58, 4597560
30.59, 4597560
30.6, 4597560
30.61, 4597560
30.62, 4597560
30.63, 4597560
30.64, 4597560
30.65, 4597560
30.66, 4597560
30.67, 4597560
30.68, 4597560
30.69, 4597560
30.7, 4597560
30.71, 4597560
30.72, 4597560
30.73, 4597560
30.74, 4597560
30.75, 4597560
30.76, 4597560
30.77, 4597560
30.78, 4597560
30.79, 4597560
30.8, 4597560
30.81, 4597560
30.82, 4597560
30.83, 4597560
30.84, 4597560
30.85, 4597560
30.86, 4597560
30.87, 4597560
30.88, 4597560
30.89, 4597560
30.9, 4597560
30.91, 4597560
30.92, 4597560
30.93, 4597560
30.94, 4597560
30.95, 4597560
30.96, 4597560
30.97, 4597560
30.98, 4597560
30.99, 4597560
31.0, 4597560
31.01, 4597560
31.02, 4597560
31.03, 4597560
31.04, 4597560
31.05, 4597560
31.06, 4597560
31.07, 4597560
31.08, 4597560
31.09, 4597560
31.1, 4597560
31.11, 4597560
31.12, 4597560
31.13, 4597560
31.14, 4597560
31.15, 4597560
31.16, 4597560
31.17, 4597560
31.18, 4597560
31.19, 4597560
31.2, 4597560
31.21, 4597560
31.22, 4597560
31.23, 4597560
31.24, 4597560
31.25, 4597560
31.26, 4597560
31.27, 4597560
31.28, 4597560
31.29, 4597560
31.3, 4597560
31.31, 4597560
31.32, 4597560
31.33, 4597560
31.34, 4597560
31.35, 4597560
31.36, 4597560
31.37, 4597560
31.38, 4597560
31.39, 4597560
31.4, 4597560
31.41, 4597560
31.42, 4597560
31.43, 4597560
31.44, 4597560
31.45, 4597560
31.46, 4597560
31.47, 4597560
31.48, 4597560
31.49, 4597560
31.5, 4597560
31.51, 4597560
31.52, 4597560
31.53, 4597560
31.54, 4597560
31.55, 4597560
31.56, 4597560
31.57, 4597560
31.58, 4597560
31.59, 4597560
31.6, 4597560
31.61, 4597560
31.62, 4597560
31.63, 4597560
31.64, 4597560
31.65, 4597560
31.66, 4597560
31.67, 4597560
31.68, 4597560
31.69, 4597560
31.7, 4597560
31.71, 4597560
31.72, 4597560
31.73, 4597560
31.74, 4597560
31.75, 4597560
31.76, 4597560
31.77, 4597560
31.78, 4597560
31.79, 4597560
31.8, 4597560
31.81, 4597560
31.82, 4597560
31.83, 4597560
31.84, 4597560
31.85, 4597560
31.86, 4597560
31.87, 4597560
31.88, 4597560
31.89, 4597560
31.9, 4597560
31.91, 4597560
31.92, 4597560
31.93, 4597560
31.94, 4597560
31.95, 4597560
31.96, 4597560
31.97, 4597560
31.98, 4597560
31.99, 4597560
32.0, 4597560
32.01, 4597560
32.02, 4597560
32.03, 4597560
32.04, 4597560
32.05, 4597560
32.06, 4597560
32.07, 4597560
32.08, 4597560
32.09, 4597560
32.1, 4597560
32.11, 4597560
32.12, 4597560
32.13, 4597560
32.14, 4597560
32.15, 4597560
32.16, 4597560
32.17, 4597560
32.18, 4597560
32.19, 4597560
32.2, 4597560
32.21, 4597560
32.22, 4597560
32.23, 4597560
32.24, 4597560
32.25, 4597560
32.26, 4597560
32.27, 4597560
32.28, 4597560
32.29, 4597560
32.3, 4597560
32.31, 4597560
32.32, 4597560
32.33, 4597560
32.34, 4597560
32.35, 4597560
32.36, 4597560
32.37, 4597560
32.38, 4597560
32.39, 4597560
32.4, 4597560
32.41, 4597560
32.42, 4597560
32.43, 4597560
32.44, 4597560
32.45, 4597560
32.46, 4597560
32.47, 4597560
32.48, 4597560
32.49, 4597560
32.5, 4597560
32.51, 4597560
32.52, 4597560
32.53, 4597560
32.54, 4597560
32.55, 4597560
32.56, 4597560
32.57, 4597560
32.58, 4597560
32.59, 4597560
32.6, 4597560
32.61, 4597560
32.62, 4597560
32.63, 4597560
32.64, 4597560
32.65, 4597560
32.66, 4597560
32.67, 4597560
32.68, 4597560
32.69, 4597560
32.7, 4597560
32.71, 4597560
32.72, 4597560
32.73, 4597560
32.74, 4597560
32.75, 4597560
32.76, 4597560
32.77, 4597560
32.78, 4597560
32.79, 4597560
32.8, 4597560
32.81, 4597560
32.82, 4597560
32.83, 4597560
32.84, 4597560
32.85, 4597560
32.86, 4597560
32.87, 4597560
32.88, 4597560
32.89, 4597560
32.9, 4597560
32.91, 4597560
32.92, 4597560
32.93, 4597560
32.94, 4597560
32.95, 4597560
32.96, 4597560
32.97, 4597560
32.98, 4597560
32.99, 4597560
33.0, 4597560
33.01, 4597560
33.02, 4597560
33.03, 4597560
33.04, 4597560
33.05, 4597560
33.06, 4597560
33.07, 4597560
33.08, 4597560
33.09, 4597560
33.1, 4597560
33.11, 4597560
33.12, 4597560
33.13, 4597560
33.14, 4597560
33.15, 4597560
33.16, 4597560
33.17, 4597560
33.18, 4597560
33.19, 4597560
33.2, 4597560
33.21, 4597560
33.22, 4597560
33.23, 4597560
33.24, 4597560
33.25, 4597560
33.26, 4597560
33.27, 4597560
33.28, 4597560
33.29, 4597560
33.3, 4597560
33.31, 4597560
33.32, 4597560
33.33, 4597560
33.34, 4597560
33.35, 4597560
33.36, 4597560
33.37, 4597560
33.38, 4597560
33.39, 4597560
33.4, 4597560
33.41, 4597560
33.42, 4597560
33.43, 4597560
33.44, 4597560
33.45, 4597560
33.46, 4597560
33.47, 4597560
33.48, 4597560
33.49, 4597560
33.5, 4597560
33.51, 4597560
33.52, 4597560
33.53, 4597560
33.54, 4597560
33.55, 4597560
33.56, 4597560
33.57, 4597560
33.58, 4597560
33.59, 4597560
33.6, 4597560
33.61, 4597560
33.62, 4597560
33.63, 4597560
33.64, 4597560
33.65, 4597560
33.66, 4597560
33.67, 4597560
33.68, 4597560
33.69, 4597560
33.7, 4597560
33.71, 4597560
33.72, 4597560
33.73, 4597560
33.74, 4597560
33.75, 4597560
33.76, 4597560
33.77, 4597560
33.78, 4597560
33.79, 4597560
33.8, 4597560
33.81, 4597560
33.82, 4597560
33.83, 4597560
33.84, 4597560
33.85, 4597560
33.86, 4597560
33.87, 4597560
33.88, 4597560
33.89, 4597560
33.9, 4597560
33.91, 4597560
33.92, 4597560
33.93, 4597560
33.94, 4597560
33.95, 4597560
33.96, 4597560
33.97, 4597560
33.98, 4597560
33.99, 4597560
34.0, 4597560
34.01, 4597560
34.02, 4597560
34.03, 4597560
34.04, 4597560
34.05, 4597560
34.06, 4597560
34.07, 4597560
34.08, 4597560
34.09, 4597560
34.1, 4597560
34.11, 4597560
34.12, 4597560
34.13, 4597560
34.14, 4597560
34.15, 4597560
34.16, 4597560
34.17, 4597560
34.18, 4597560
34.19, 4597560
34.2, 4597560
34.21, 4597560
34.22, 4597560
34.23, 4597560
34.24, 4597560
34.25, 4597560
34.26, 4597560
34.27, 4597560
34.28, 4597560
34.29, 4597560
34.3, 4597560
34.31, 4597560
34.32, 4597560
34.33, 4597560
34.34, 4597560
34.35, 4597560
34.36, 4597560
34.37, 4597560
34.38, 4597560
34.39, 4597560
34.4, 4597560
34.41, 4597560
34.42, 4597560
34.43, 4597560
34.44, 4597560
34.45, 4597560
34.46, 4597560
34.47, 4597560
34.48, 4597560
34.49, 4597560
34.5, 4597560
34.51, 4597560
34.52, 4597560
34.53, 4597560
34.54, 4597560
34.55, 4597560
34.56, 4597560
34.57, 4597560
34.58, 4597560
34.59, 4597560
34.6, 4597560
34.61, 4597560
34.62, 4597560
34.63, 4597560
34.64, 4597560
34.65, 4597560
34.66, 4597560
34.67, 4597560
34.68, 4597560
34.69, 4597560
34.7, 4597560
34.71, 4597560
34.72, 4597560
34.73, 4597560
34.74, 4597560
34.75, 4597560
34.76, 4597560
34.77, 4597560
34.78, 4597560
34.79, 4597560
34.8, 4597560
34.81, 4597560
34.82, 4597560
34.83, 4597560
34.84, 4597560
34.85, 4597560
34.86, 4597560
34.87, 4597560
34.88, 4597560
34.89, 4597560
34.9, 4597560
34.91, 4597560
34.92, 4597560
34.93, 4597560
34.94, 4597560
34.95, 4597560
34.96, 4597560
34.97, 4597560
34.98, 4597560
34.99, 4597560
35.0, 4597560
35.01, 4597560
35.02, 4597560
35.03, 4597560
35.04, 4597560
35.05, 4597560
35.06, 4597560
35.07, 4597560
35.08, 4597560
35.09, 4597560
35.1, 4597560
35.11, 4597560
35.12, 4597560
35.13, 4597560
35.14, 4597560
35.15, 4597560
35.16, 4597560
35.17, 4597560
35.18, 4597560
35.19, 4597560
35.2, 4597560
35.21, 4597560
35.22, 4597560
35.23, 4597560
35.24, 4597560
35.25, 4597560
35.26, 4597560
35.27, 4597560
35.28, 4597560
35.29, 4597560
35.3, 4597560
35.31, 4597560
35.32, 4597560
35.33, 4597560
35.34, 4597560
35.35, 4597560
35.36, 4597560
35.37, 4597560
35.38, 4597560
35.39, 4597560
35.4, 4597560
35.41, 4597560
35.42, 4597560
35.43, 4597560
35.44, 4597560
35.45, 4597560
35.46, 4597560
35.47, 4597560
35.48, 4597560
35.49, 4597560
35.5, 4597560
35.51, 4597560
35.52, 4597560
35.53, 4597560
35.54, 4597560
35.55, 4597560
35.56, 4597560
35.57, 4597560
35.58, 4597560
35.59, 4597560
35.6, 4597560
35.61, 4597560
35.62, 4597560
35.63, 4597560
35.64, 4597560
35.65, 4597560
35.66, 4597560
35.67, 4597560
35.68, 4597560
35.69, 4597560
35.7, 4597560
35.71, 4597560
35.72, 4597560
35.73, 4597560
35.74, 4597560
35.75, 4597560
35.76, 4597560
35.77, 4597560
35.78, 4597560
35.79, 4597560
35.8, 4597560
35.81, 4597560
35.82, 4597560
35.83, 4597560
35.84, 4597560
35.85, 4597560
35.86, 4597560
35.87, 4597560
35.88, 4597560
35.89, 4597560
35.9, 4597560
35.91, 4597560
35.92, 4597560
35.93, 4597560
35.94, 4597560
35.95, 4597560
35.96, 4597560
35.97, 4597560
35.98, 4597560
35.99, 4597560
36.0, 4597560
36.01, 4597560
36.02, 4597560
36.03, 4597560
36.04, 4597560
36.05, 4597560
36.06, 4597560
36.07, 4597560
36.08, 4597560
36.09, 4597560
36.1, 4597560
36.11, 4597560
36.12, 4597560
36.13, 4597560
36.14, 4597560
36.15, 4597560
36.16, 4597560
36.17, 4597560
36.18, 4597560
36.19, 4597560
36.2, 4597560
36.21, 4597560
36.22, 4597560
36.23, 4597560
36.24, 4597560
36.25, 4597560
36.26, 4597560
36.27, 4597560
36.28, 4597560
36.29, 4597560
36.3, 4597560
36.31, 4597560
36.32, 4597560
36.33, 4597560
36.34, 4597560
36.35, 4597560
36.36, 4597560
36.37, 4597560
36.38, 4597560
36.39, 4597560
36.4, 4597560
36.41, 4597560
36.42, 4597560
36.43, 4597560
36.44, 4597560
36.45, 4597560
36.46, 4597560
36.47, 4597560
36.48, 4597560
36.49, 4597560
36.5, 4597560
36.51, 4597560
36.52, 4597560
36.53, 4597560
36.54, 4597560
36.55, 4597560
36.56, 4597560
36.57, 4597560
36.58, 4597560
36.59, 4597560
36.6, 4597560
36.61, 4597560
36.62, 4597560
36.63, 4597560
36.64, 4597560
36.65, 4597560
36.66, 4597560
36.67, 4597560
36.68, 4597560
36.69, 4597560
36.7, 4597560
36.71, 4597560
36.72, 4597560
36.73, 4597560
36.74, 4597560
36.75, 4597560
36.76, 4597560
36.77, 4597560
36.78, 4597560
36.79, 4597560
36.8, 4597560
36.81, 4597560
36.82, 4597560
36.83, 4597560
36.84, 4597560
36.85, 4597560
36.86, 4597560
36.87, 4597560
36.88, 4597560
36.89, 4597560
36.9, 4597560
36.91, 4597560
36.92, 4597560
36.93, 4597560
36.94, 4597560
36.95, 4597560
36.96, 4597560
36.97, 4597560
36.98, 4597560
36.99, 4597560
37.0, 4597560
37.01, 4597560
37.02, 4597560
37.03, 4597560
37.04, 4597560
37.05, 4597560
37.06, 4597560
37.07, 4597560
37.08, 4597560
37.09, 4597560
37.1, 4597560
37.11, 4597560
37.12, 4597560
37.13, 4597560
37.14, 4597560
37.15, 4597560
37.16, 4597560
37.17, 4597560
37.18, 4597560
37.19, 4597560
37.2, 4597560
37.21, 4597560
37.22, 4597560
37.23, 4597560
37.24, 4597560
37.25, 4597560
37.26, 4597560
37.27, 4597560
37.28, 4597560
37.29, 4597560
37.3, 4597560
37.31, 4597560
37.32, 4597560
37.33, 4597560
37.34, 4597560
37.35, 4597560
37.36, 4597560
37.37, 4597560
37.38, 4597560
37.39, 4597560
37.4, 4597560
37.41, 4597560
37.42, 4597560
37.43, 4597560
37.44, 4597560
37.45, 4597560
37.46, 4597560
37.47, 4597560
37.48, 4597560
37.49, 4597560
37.5, 4597560
37.51, 4597560
37.52, 4597560
37.53, 4597560
37.54, 4597560
37.55, 4597560
37.56, 4597560
37.57, 4597560
37.58, 4597560
37.59, 4597560
37.6, 4597560
37.61, 4597560
37.62, 4597560
37.63, 4597560
37.64, 4597560
37.65, 4597560
37.66, 4597560
37.67, 4597560
37.68, 4597560
37.69, 4597560
37.7, 4597560
37.71, 4597560
37.72, 4597560
37.73, 4597560
37.74, 4597560
37.75, 4597560
37.76, 4597560
37.77, 4597560
37.78, 4597560
37.79, 4597560
37.8, 4597560
37.81, 4597560
37.82, 4597560
37.83, 4597560
37.84, 4597560
37.85, 4597560
37.86, 4597560
37.87, 4597560
37.88, 4597560
37.89, 4597560
37.9, 4597560
37.91, 4597560
37.92, 4597560
37.93, 4597560
37.94, 4597560
37.95, 4597560
37.96, 4597560
37.97, 4597560
37.98, 4597560
37.99, 4597560
38.0, 4597560
38.01, 4597560
38.02, 4597560
38.03, 4597560
38.04, 4597560
38.05, 4597560
38.06, 4597560
38.07, 4597560
38.08, 4597560
38.09, 4597560
38.1, 4597560
38.11, 4597560
38.12, 4597560
38.13, 4597560
38.14, 4597560
38.15, 4597560
38.16, 4597560
38.17, 4597560
38.18, 4597560
38.19, 4597560
38.2, 4597560
38.21, 4597560
38.22, 4597560
38.23, 4597560
38.24, 4597560
38.25, 4597560
38.26, 4597560
38.27, 4597560
38.28, 4597560
38.29, 4597560
38.3, 4597560
38.31, 4597560
38.32, 4597560
38.33, 4597560
38.34, 4597560
38.35, 4597560
38.36, 4597560
38.37, 4597560
38.38, 4597560
38.39, 4597560
38.4, 4597560
38.41, 4597560
38.42, 4597560
38.43, 4597560
38.44, 4597560
38.45, 4597560
38.46, 4597560
38.47, 4597560
38.48, 4597560
38.49, 4597560
38.5, 4597560
38.51, 4597560
38.52, 4597560
38.53, 4597560
38.54, 4597560
38.55, 4597560
38.56, 4597560
38.57, 4597560
38.58, 4597560
38.59, 4597560
38.6, 4597560
38.61, 4597560
38.62, 4597560
38.63, 4597560
38.64, 4597560
38.65, 4597560
38.66, 4597560
38.67, 4597560
38.68, 4597560
38.69, 4597560
38.7, 4597560
38.71, 4597560
38.72, 4597560
38.73, 4597560
38.74, 4597560
38.75, 4597560
38.76, 4597560
38.77, 4597560
38.78, 4597560
38.79, 4597560
38.8, 4597560
38.81, 4597560
38.82, 4597560
38.83, 4597560
38.84, 4597560
38.85, 4597560
38.86, 4597560
38.87, 4597560
38.88, 4597560
38.89, 4597560
38.9, 4597560
38.91, 4597560
38.92, 4597560
38.93, 4597560
38.94, 4597560
38.95, 4597560
38.96, 4597560
38.97, 4597560
38.98, 4597560
38.99, 4597560
39.0, 4597560
39.01, 4597560
39.02, 4597560
39.03, 4597560
39.04, 4597560
39.05, 4597560
39.06, 4597560
39.07, 4597560
39.08, 4597560
39.09, 4597560
39.1, 4597560
39.11, 4597560
39.12, 4597560
39.13, 4597560
39.14, 4597560
39.15, 4597560
39.16, 4597560
39.17, 4597560
39.18, 4597560
39.19, 4597560
39.2, 4597560
39.21, 4597560
39.22, 4597560
39.23, 4597560
39.24, 4597560
39.25, 4597560
39.26, 4597560
39.27, 4597560
39.28, 4597560
39.29, 4597560
39.3, 4597560
39.31, 4597560
39.32, 4597560
39.33, 4597560
39.34, 4597560
39.35, 4597560
39.36, 4597560
39.37, 4597560
39.38, 4597560
39.39, 4597560
39.4, 4597560
39.41, 4597560
39.42, 4597560
39.43, 4597560
39.44, 4597560
39.45, 4597560
39.46, 4597560
39.47, 4597560
39.48, 4597560
39.49, 4597560
39.5, 4597560
39.51, 4597560
39.52, 4597560
39.53, 4597560
39.54, 4597560
39.55, 4597560
39.56, 4597560
39.57, 4597560
39.58, 4597560
39.59, 4597560
39.6, 4597560
39.61, 4597560
39.62, 4597560
39.63, 4597560
39.64, 4597560
39.65, 4597560
39.66, 4597560
39.67, 4597560
39.68, 4597560
39.69, 4597560
39.7, 4597560
39.71, 4597560
39.72, 4597560
39.73, 4597560
39.74, 4597560
39.75, 4597560
39.76, 4597560
39.77, 4597560
39.78, 4597560
39.79, 4597560
39.8, 4597560
39.81, 4597560
39.82, 4597560
39.83, 4597560
39.84, 4597560
39.85, 4597560
39.86, 4597560
39.87, 4597560
39.88, 4597560
39.89, 4597560
39.9, 4597560
39.91, 4597560
39.92, 4597560
39.93, 4597560
39.94, 4597560
39.95, 4597560
39.96, 4597560
39.97, 4597560
39.98, 4597560
39.99, 4597560
40.0, 4597560
40.01, 4597560
40.02, 4597560
40.03, 4597560
40.04, 4597560
40.05, 4597560
40.06, 4597560
40.07, 4597560
40.08, 4597560
40.09, 4597560
40.1, 4597560
40.11, 4597560
40.12, 4597560
40.13, 4597560
40.14, 4597560
40.15, 4597560
40.16, 4597560
40.17, 4597560
40.18, 4597560
40.19, 4597560
40.2, 4597560
40.21, 4597560
40.22, 4597560
40.23, 4597560
40.24, 4597560
40.25, 4597560
40.26, 4597560
40.27, 4597560
40.28, 4597560
40.29, 4597560
40.3, 4597560
40.31, 4597560
40.32, 4597560
40.33, 4597560
40.34, 4597560
40.35, 4597560
40.36, 4597560
40.37, 4597560
40.38, 4597560
40.39, 4597560
40.4, 4597560
40.41, 4597560
40.42, 4597560
40.43, 4597560
40.44, 4597560
40.45, 4597560
40.46, 4597560
40.47, 4597560
40.48, 4597560
40.49, 4597560
40.5, 4597560
40.51, 4597560
40.52, 4597560
40.53, 4597560
40.54, 4597560
40.55, 4597560
40.56, 4597560
40.57, 4597560
40.58, 4597560
40.59, 4597560
40.6, 4597560
40.61, 4597560
40.62, 4597560
40.63, 4597560
40.64, 4597560
40.65, 4597560
40.66, 4597560
40.67, 4597560
40.68, 4597560
40.69, 4597560
40.7, 4597560
40.71, 4597560
40.72, 4597560
40.73, 4597560
40.74, 4597560
40.75, 4597560
40.76, 4597560
40.77, 4597560
40.78, 4597560
40.79, 4597560
40.8, 4597560
40.81, 4597560
40.82, 4597560
40.83, 4597560
40.84, 4597560
40.85, 4597560
40.86, 4597560
40.87, 4597560
40.88, 4597560
40.89, 4597560
40.9, 4597560
40.91, 4597560
40.92, 4597560
40.93, 4597560
40.94, 4597560
40.95, 4597560
40.96, 4597560
40.97, 4597560
40.98, 4597560
40.99, 4597560
41.0, 4597560
41.01, 4597560
41.02, 4597560
41.03, 4597560
41.04, 4597560
41.05, 4597560
41.06, 4597560
41.07, 4597560
41.08, 4597560
41.09, 4597560
41.1, 4597560
41.11, 4597560
41.12, 4597560
41.13, 4597560
41.14, 4597560
41.15, 4597560
41.16, 4597560
41.17, 4597560
41.18, 4597560
41.19, 4597560
41.2, 4597560
41.21, 4597560
41.23, 4597560
41.24, 4597560
41.25, 4597560
41.26, 4597560
41.27, 4597560
41.28, 4597560
41.29, 4597560
41.3, 4597560
41.31, 4597560
41.32, 4597560
41.33, 4597560
41.34, 4597560
41.35, 4597560
41.36, 4597560
41.37, 4597560
41.38, 4597560
41.39, 4597560
41.4, 4597560
41.41, 4597560
41.42, 4597560
41.43, 4597560
41.44, 4597560
41.45, 4597560
41.46, 4597560
41.47, 4597560
41.48, 4597560
41.49, 4597560
41.5, 4597560
41.51, 4597560
41.52, 4597560
41.53, 4597560
41.54, 4597560
41.55, 4597560
41.56, 4597560
41.57, 4597560
41.58, 4597560
41.59, 4597560
41.6, 4597560
41.61, 4597560
41.62, 4597560
41.63, 4597560
41.64, 4597560
41.65, 4597560
41.66, 4597560
41.67, 4597560
41.68, 4597560
41.69, 4597560
41.7, 4597560
41.71, 4597560
41.72, 4597560
41.73, 4597560
41.74, 4597560
41.75, 4597560
41.76, 4597560
41.77, 4597560
41.78, 4597560
41.79, 4597560
41.8, 4597560
41.81, 4597560
41.82, 4597560
41.83, 4597560
41.84, 4597560
41.85, 4597560
41.86, 4597560
41.87, 4597560
41.88, 4597560
41.89, 4597560
41.9, 4597560
41.91, 4597560
41.92, 4597560
41.93, 4597560
41.94, 4597560
41.95, 4597560
41.96, 4597560
41.97, 4597560
41.98, 4597560
41.99, 4597560
42.0, 4597560
42.01, 4597560
42.02, 4597560
42.03, 4597560
42.04, 4597560
42.05, 4597560
42.06, 4597560
42.07, 4597560
42.08, 4597560
42.09, 4597560
42.1, 4597560
42.11, 4597560
42.12, 4597560
42.13, 4597560
42.14, 4597560
42.15, 4597560
42.16, 4597560
42.17, 4597560
42.18, 4597560
42.19, 4597560
42.2, 4597560
42.21, 4597560
42.22, 4597560
42.23, 4597560
42.24, 4597560
42.25, 4597560
42.26, 4597560
42.27, 4597560
42.28, 4597560
42.29, 4597560
42.3, 4597560
42.31, 4597560
42.32, 4597560
42.33, 4597560
42.34, 4597560
42.35, 4597560
42.36, 4597560
42.37, 4597560
42.38, 4597560
42.39, 4597560
42.4, 4597560
42.41, 4597560
42.42, 4597560
42.43, 4597560
42.44, 4597560
42.45, 4597560
42.46, 4597560
42.47, 4597560
42.48, 4597560
42.49, 4597560
42.5, 4597560
42.51, 4597560
42.52, 4597560
42.53, 4597560
42.54, 4597560
42.55, 4597560
42.56, 4597560
42.57, 4597560
42.58, 4597560
42.59, 4597560
42.6, 4597560
42.61, 4597560
42.62, 4597560
42.63, 4597560
42.64, 4597560
42.65, 4597560
42.66, 4597560
42.67, 4597560
42.68, 4597560
42.69, 4597560
42.7, 4597560
42.71, 4597560
42.72, 4597560
42.73, 4597560
42.74, 4597560
42.75, 4597560
42.76, 4597560
42.77, 4597560
42.78, 4597560
42.79, 4597560
42.8, 4597560
42.81, 4597560
42.82, 4597560
42.83, 4597560
42.84, 4597560
42.85, 4597560
42.86, 4597560
42.87, 4597560
42.88, 4597560
42.89, 4597560
42.9, 4597560
42.91, 4597560
42.92, 4597560
42.93, 4597560
42.94, 4597560
42.95, 4597560
42.96, 4597560
42.97, 4597560
42.98, 4597560
42.99, 4597560
43.0, 4597560
43.01, 4597560
43.02, 4597560
43.03, 4597560
43.04, 4597560
43.05, 4597560
43.06, 4597560
43.07, 4597560
43.08, 4597560
43.09, 4597560
43.1, 4597560
43.11, 4597560
43.12, 4597560
43.13, 4597560
43.14, 4597560
43.15, 4597560
43.16, 4597560
43.17, 4597560
43.18, 4597560
43.19, 4597560
43.2, 4597560
43.21, 4597560
43.22, 4597560
43.23, 4597560
43.24, 4597560
43.25, 4597560
43.26, 4597560
43.27, 4597560
43.28, 4597560
43.29, 4597560
43.3, 4597560
43.31, 4597560
43.32, 4597560
43.33, 4597560
43.34, 4597560
43.35, 4597560
43.36, 4597560
43.37, 4597560
43.38, 4597560
43.39, 4597560
43.4, 4597560
43.41, 4597560
43.42, 4597560
43.43, 4597560
43.44, 4597560
43.45, 4597560
43.46, 4597560
43.47, 4597560
43.48, 4597560
43.49, 4597560
43.5, 4597560
43.51, 4597560
43.52, 4597560
43.53, 4597560
43.54, 4597560
43.55, 4597560
43.56, 4597560
43.57, 4597560
43.58, 4597560
43.59, 4597560
43.6, 4597560
43.61, 4597560
43.62, 4597560
43.63, 4597560
43.64, 4597560
43.65, 4597560
43.66, 4597560
43.67, 4597560
43.68, 4597560
43.69, 4597560
43.7, 4597560
43.71, 4597560
43.72, 4597560
43.73, 4597560
43.74, 4597560
43.75, 4597560
43.76, 4597560
43.77, 4597560
43.78, 4597560
43.79, 4597560
43.8, 4597560
43.81, 4597560
43.82, 4597560
43.83, 4597560
43.84, 4597560
43.85, 4597560
43.86, 4597560
43.87, 4597560
43.88, 4597560
43.89, 4597560
43.9, 4597560
43.91, 4597560
43.92, 4597560
43.93, 4597560
43.94, 4597560
43.95, 4597560
43.96, 4597560
43.97, 4597560
43.98, 4597560
43.99, 4597560
44.0, 4597560
44.01, 4597560
44.02, 4597560
44.03, 4597560
44.04, 4597560
44.05, 4597560
44.06, 4597560
44.07, 4597560
44.08, 4597560
44.09, 4597560
44.1, 4597560
44.11, 4597560
44.12, 4597560
44.13, 4597560
44.14, 4597560
44.15, 4597560
44.16, 4597560
44.17, 4597560
44.18, 4597560
44.19, 4597560
44.2, 4597560
44.21, 4597560
44.22, 4597560
44.23, 4597560
44.24, 4597560
44.25, 4597560
44.26, 4597560
44.27, 4597560
44.28, 4597560
44.29, 4597560
44.3, 4597560
44.31, 4597560
44.32, 4597560
44.33, 4597560
44.34, 4597560
44.35, 4597560
44.36, 4597560
44.37, 4597560
44.38, 4597560
44.39, 4597560
44.4, 4597560
44.41, 4597560
44.42, 4597560
44.43, 4597560
44.44, 4597560
44.45, 4597560
44.46, 4597560
44.47, 4597560
44.48, 4597560
44.49, 4597560
44.5, 4597560
44.51, 4597560
44.52, 4597560
44.53, 4597560
44.54, 4597560
44.55, 4597560
44.56, 4597560
44.57, 4597560
44.58, 4597560
44.59, 4597560
44.6, 4597560
44.61, 4597560
44.62, 4597560
44.63, 4597560
44.64, 4597560
44.65, 4597560
44.66, 4597560
44.67, 4597560
44.68, 4597560
44.69, 4597560
44.7, 4597560
44.71, 4597560
44.72, 4597560
44.73, 4597560
44.74, 4597560
44.75, 4597560
44.76, 4597560
44.77, 4597560
44.78, 4597560
44.79, 4597560
44.8, 4597560
44.81, 4597560
44.82, 4597560
44.83, 4597560
44.84, 4597560
44.85, 4597560
44.86, 4597560
44.87, 4597560
44.88, 4597560
44.89, 4597560
44.9, 4597560
44.91, 4597560
44.92, 4597560
44.93, 4597560
44.94, 4597560
44.95, 4597560
44.96, 4597560
44.97, 4597560
44.98, 4597560
44.99, 4597560
45.0, 4597560
45.01, 4597560
45.02, 4597560
45.03, 4597560
45.04, 4597560
45.05, 4597560
45.06, 4597560
45.07, 4597560
45.08, 4597560
45.09, 4597560
45.1, 4597560
45.11, 4597560
45.12, 4597560
45.13, 4597560
45.14, 4597560
45.15, 4597560
45.16, 4597560
45.17, 4597560
45.18, 4597560
45.19, 4597560
45.2, 4597560
45.21, 4597560
45.22, 4597560
45.23, 4597560
45.24, 4597560
45.25, 4597560
45.26, 4597560
45.27, 4597560
45.28, 4597560
45.29, 4597560
45.3, 4597560
45.31, 4597560
45.32, 4597560
45.33, 4597560
45.34, 4597560
45.35, 4597560
45.36, 4597560
45.37, 4597560
45.38, 4597560
45.39, 4597560
45.4, 4597560
45.41, 4597560
45.42, 4597560
45.43, 4597560
45.44, 4597560
45.45, 4597560
45.46, 4597560
45.47, 4597560
45.48, 4597560
45.49, 4597560
45.5, 4597560
45.51, 4597560
45.52, 4597560
45.53, 4597560
45.54, 4597560
45.55, 4597560
45.56, 4597560
45.57, 4597560
45.58, 4597560
45.59, 4597560
45.6, 4597560
45.61, 4597560
45.62, 4597560
45.63, 4597560
45.64, 4597560
45.65, 4597560
45.66, 4597560
45.67, 4597560
45.68, 4597560
45.69, 4597560
45.7, 4597560
45.71, 4597560
45.72, 4597560
45.73, 4597560
45.74, 4597560
45.75, 4597560
45.76, 4597560
45.77, 4597560
45.78, 4597560
45.79, 4597560
45.8, 4597560
45.81, 4597560
45.82, 4597560
45.83, 4597560
45.84, 4597560
45.85, 4597560
45.86, 4597560
45.87, 4597560
45.88, 4597560
45.89, 4597560
45.9, 4597560
45.91, 4597560
45.92, 4597560
45.93, 4597560
45.94, 4597560
45.95, 4597560
45.96, 4597560
45.97, 4597560
45.98, 4597560
45.99, 4597560
46.0, 4597560
46.01, 4597560
46.02, 4597560
46.03, 4597560
46.04, 4597560
46.05, 4597560
46.06, 4597560
46.07, 4597560
46.08, 4597560
46.09, 4597560
46.1, 4597560
46.11, 4597560
46.12, 4597560
46.13, 4597560
46.14, 4597560
46.15, 4597560
46.16, 4597560
46.17, 4597560
46.18, 4597560
46.19, 4597560
46.2, 4597560
46.21, 4597560
46.22, 4597560
46.23, 4597560
46.24, 4597560
46.25, 4597560
46.26, 4597560
46.27, 4597560
46.28, 4597560
46.29, 4597560
46.3, 4597560
46.31, 4597560
46.32, 4597560
46.33, 4597560
46.34, 4597560
46.35, 4597560
46.36, 4597560
46.37, 4597560
46.38, 4597560
46.39, 4597560
46.4, 4597560
46.41, 4597560
46.42, 4597560
46.43, 4597560
46.44, 4597560
46.45, 4597560
46.46, 4597560
46.47, 4597560
46.48, 4597560
46.49, 4597560
46.5, 4597560
46.51, 4597560
46.52, 4597560
46.53, 4597560
46.54, 4597560
46.55, 4597560
46.56, 4597560
46.57, 4597560
46.58, 4597560
46.59, 4597560
46.6, 4597560
46.61, 4597560
46.62, 4597560
46.63, 4597560
46.64, 4597560
46.65, 4597560
46.66, 4597560
46.67, 4597560
46.68, 4597560
46.69, 4597560
46.7, 4597560
46.71, 4597560
46.72, 4597560
46.73, 4597560
46.74, 4597560
46.75, 4597560
46.76, 4597560
46.77, 4597560
46.78, 4597560
46.79, 4597560
46.8, 4597560
46.81, 4597560
46.82, 4597560
46.83, 4597560
46.84, 4597560
46.85, 4597560
46.86, 4597560
46.87, 4597560
46.88, 4597560
46.89, 4597560
46.9, 4597560
46.91, 4597560
46.92, 4597560
46.93, 4597560
46.94, 4597560
46.95, 4597560
46.96, 4597560
46.97, 4597560
46.98, 4597560
46.99, 4597560
47.0, 4597560
47.01, 4597560
47.02, 4597560
47.03, 4597560
47.04, 4597560
47.05, 4597560
47.06, 4597560
47.07, 4597560
47.08, 4597560
47.09, 4597560
47.1, 4597560
47.11, 4597560
47.12, 4597560
47.13, 4597560
47.14, 4597560
47.15, 4597560
47.16, 4597560
47.17, 4597560
47.18, 4597560
47.19, 4597560
47.2, 4597560
47.21, 4597560
47.22, 4597560
47.23, 4597560
47.24, 4597560
47.25, 4597560
47.26, 4597560
47.27, 4597560
47.28, 4597560
47.29, 4597560
47.3, 4597560
47.31, 4597560
47.32, 4597560
47.33, 4597560
47.34, 4597560
47.35, 4597560
47.36, 4597560
47.37, 4597560
47.38, 4597560
47.39, 4597560
47.4, 4597560
47.41, 4597560
47.42, 4597560
47.43, 4597560
47.44, 4597560
47.45, 4597560
47.46, 4597560
47.47, 4597560
47.48, 4597560
47.49, 4597560
47.5, 4597560
47.51, 4597560
47.52, 4597560
47.53, 4597560
47.54, 4597560
47.55, 4597560
47.56, 4597560
47.57, 4597560
47.58, 4597560
47.59, 4597560
47.6, 4597560
47.61, 4597560
47.62, 4597560
47.63, 4597560
47.64, 4597560
47.65, 4597560
47.66, 4597560
47.67, 4597560
47.68, 4597560
47.69, 4597560
47.7, 4597560
47.71, 4597560
47.72, 4597560
47.73, 4597560
47.74, 4597560
47.75, 4597560
47.76, 4597560
47.77, 4597560
47.78, 4597560
47.79, 4597560
47.8, 4597560
47.81, 4597560
47.82, 4597560
47.83, 4597560
47.84, 4597560
47.85, 4597560
47.86, 4597560
47.87, 4597560
47.88, 4597560
47.89, 4597560
47.9, 4597560
47.91, 4597560
47.92, 4597560
47.93, 4597560
47.94, 4597560
47.95, 4597560
47.96, 4597560
47.97, 4597560
47.98, 4597560
47.99, 4597560
48.0, 4597560
48.01, 4597560
48.02, 4597560
48.03, 4597560
48.04, 4597560
48.05, 4597560
48.06, 4597560
48.07, 4597560
48.08, 4597560
48.09, 4597560
48.1, 4597560
48.11, 4597560
48.12, 4597560
48.13, 4597560
48.14, 4597560
48.15, 4597560
48.16, 4597560
48.17, 4597560
48.18, 4597560
48.19, 4597560
48.2, 4597560
48.21, 4597560
48.22, 4597560
48.23, 4597560
48.24, 4597560
48.25, 4597560
48.26, 4597560
48.27, 4597560
48.28, 4597560
48.29, 4597560
48.3, 4597560
48.31, 4597560
48.32, 4597560
48.33, 4597560
48.34, 4597560
48.35, 4597560
48.36, 4597560
48.37, 4597560
48.38, 4597560
48.39, 4597560
48.4, 4597560
48.41, 4597560
48.42, 4597560
48.43, 4597560
48.44, 4597560
48.45, 4597560
48.46, 4597560
48.47, 4597560
48.48, 4597560
48.49, 4597560
48.5, 4597560
48.51, 4597560
48.52, 4597560
48.53, 4597560
48.54, 4597560
48.55, 4597560
48.56, 4597560
48.57, 4597560
48.58, 4597560
48.59, 4597560
48.6, 4597560
48.61, 4597560
48.62, 4597560
48.63, 4597560
48.64, 4597560
48.65, 4597560
48.66, 4597560
48.67, 4597560
48.68, 4597560
48.69, 4597560
48.7, 4597560
48.71, 4597560
48.72, 4597560
48.73, 4597560
48.74, 4597560
48.75, 4597560
48.76, 4597560
48.77, 4597560
48.78, 4597560
48.79, 4597560
48.8, 4597560
48.81, 4597560
48.82, 4597560
48.83, 4597560
48.84, 4597560
48.85, 4597560
48.86, 4597560
48.87, 4597560
48.88, 4597560
48.89, 4597560
48.9, 4597560
48.91, 4597560
48.92, 4597560
48.93, 4597560
48.94, 4597560
48.95, 4597560
48.96, 4597560
48.97, 4597560
48.98, 4597560
48.99, 4597560
49.0, 4597560
49.01, 4597560
49.02, 4597560
49.03, 4597560
49.04, 4597560
49.05, 4597560
49.06, 4597560
49.07, 4597560
49.08, 4597560
49.09, 4597560
49.1, 4597560
49.11, 4597560
49.12, 4597560
49.13, 4597560
49.14, 4597560
49.15, 4597560
49.16, 4597560
49.17, 4597560
49.18, 4597560
49.19, 4597560
49.2, 4597560
49.21, 4597560
49.22, 4597560
49.23, 4597560
49.24, 4597560
49.25, 4597560
49.26, 4597560
49.27, 4597560
49.28, 4597560
49.29, 4597560
49.3, 4597560
49.31, 4597560
49.32, 4597560
49.33, 4597560
49.34, 4597560
49.35, 4597560
49.36, 4597560
49.37, 4597560
49.38, 4597560
49.39, 4597560
49.4, 4597560
49.41, 4597560
49.42, 4597560
49.43, 4597560
49.44, 4597560
49.45, 4597560
49.46, 4597560
49.47, 4597560
49.48, 4597560
49.49, 4597560
49.5, 4597560
49.51, 4597560
49.52, 4597560
49.53, 4597560
49.54, 4597560
49.55, 4597560
49.56, 4597560
49.57, 4597560
49.58, 4597560
49.59, 4597560
49.6, 4597560
49.61, 4597560
49.62, 4597560
49.63, 4597560
49.64, 4597560
49.65, 4597560
49.66, 4597560
49.67, 4597560
49.68, 4597560
49.69, 4597560
49.7, 4597560
49.71, 4597560
49.72, 4597560
49.73, 4597560
49.74, 4597560
49.75, 4597560
49.76, 4597560
49.77, 4597560
49.78, 4597560
49.79, 4597560
49.8, 4597560
49.81, 4597560
49.82, 4597560
49.83, 4597560
49.84, 4597560
49.85, 4597560
49.86, 4597560
49.87, 4597560
49.88, 4597560
49.89, 4597560
49.9, 4597560
49.91, 4597560
49.92, 4597560
49.93, 4597560
49.94, 4597560
49.95, 4597560
49.96, 4597560
49.97, 4597560
49.98, 4597560
49.99, 4597560
50.0, 4597560
50.01, 4597560
50.02, 4597560
50.03, 4597560
50.04, 4597560
50.05, 4597560
50.06, 4597560
50.07, 4597560
50.08, 4597560
50.09, 4597560
50.1, 4597560
50.11, 4597560
50.12, 4597560
50.13, 4597560
50.14, 4597560
50.15, 4597560
50.16, 4597560
50.17, 4597560
50.18, 4597560
50.19, 4597560
50.2, 4597560
50.21, 4597560
50.22, 4597560
50.23, 4597560
50.24, 4597560
50.25, 4597560
50.26, 4597560
50.27, 4597560
50.28, 4597560
50.29, 4597560
50.3, 4597560
50.31, 4597560
50.32, 4597560
50.33, 4597560
50.34, 4597560
50.35, 4597560
50.36, 4597560
50.37, 4597560
50.38, 4597560
50.39, 4597560
50.4, 4597560
50.41, 4597560
50.42, 4597560
50.43, 4597560
50.44, 4597560
50.45, 4597560
50.46, 4597560
50.47, 4597560
50.48, 4597560
50.49, 4597560
50.5, 4597560
50.51, 4597560
50.52, 4597560
50.53, 4597560
50.54, 4597560
50.55, 4597560
50.56, 4597560
50.57, 4597560
50.58, 4597560
50.59, 4597560
50.6, 4597560
50.61, 4597560
50.62, 4597560
50.63, 4597560
50.64, 4597560
50.65, 4597560
50.66, 4597560
50.67, 4597560
50.68, 4597560
50.69, 4597560
50.7, 4597560
50.71, 4597560
50.72, 4597560
50.73, 4597560
50.74, 4597560
50.75, 4597560
50.76, 4597560
50.77, 4597560
50.78, 4597560
50.79, 4597560
50.8, 4597560
50.81, 4597560
50.82, 4597560
50.83, 4597560
50.84, 4597560
50.85, 4597560
50.86, 4597560
50.87, 4597560
50.88, 4597560
50.89, 4597560
50.9, 4597560
50.91, 4597560
50.92, 4597560
50.93, 4597560
50.94, 4597560
50.95, 4597560
50.96, 4597560
50.97, 4597560
50.98, 4597560
50.99, 4597560
51.0, 4597560
51.01, 4597560
51.02, 4597560
51.03, 4597560
51.04, 4597560
51.05, 4597560
51.06, 4597560
51.07, 4597560
51.08, 4597560
51.09, 4597560
51.1, 4597560
51.11, 4597560
51.12, 4597560
51.13, 4597560
51.14, 4597560
51.15, 4597560
51.16, 4597560
51.17, 4597560
51.18, 4597560
51.19, 4597560
51.23, 4597560
51.24, 4597560
51.25, 4597560
51.26, 4597560
51.27, 4597560
51.28, 4597560
51.29, 4597560
51.3, 4597560
51.31, 4597560
51.32, 4597560
51.33, 4597560
51.34, 4597560
51.35, 4597560
51.36, 4597560
51.37, 4597560
51.38, 4597560
51.39, 4597560
51.4, 4597560
51.41, 4597560
51.42, 4597560
51.43, 4597560
51.44, 4597560
51.45, 4597560
51.46, 4597560
51.47, 4597560
51.48, 4597560
51.49, 4597560
51.5, 4597560
51.51, 4597560
51.52, 4597560
51.53, 4597560
51.54, 4597560
51.55, 4597560
51.56, 4597560
51.57, 4597560
51.58, 4597560
51.59, 4597560
51.6, 4597560
51.61, 4597560
51.62, 4597560
51.63, 4597560
51.64, 4597560
51.65, 4597560
51.66, 4597560
51.67, 4597560
51.68, 4597560
51.69, 4597560
51.7, 4597560
51.71, 4597560
51.72, 4597560
51.73, 4597560
51.74, 4597560
51.75, 4597560
51.76, 4597560
51.77, 4597560
51.78, 4597560
51.79, 4597560
51.8, 4597560
51.81, 4597560
51.82, 4597560
51.83, 4597560
51.84, 4597560
51.85, 4597560
51.86, 4597560
51.87, 4597560
51.88, 4597560
51.89, 4597560
51.9, 4597560
51.91, 4597560
51.92, 4597560
51.93, 4597560
51.94, 4597560
51.95, 4597560
51.96, 4597560
51.97, 4597560
51.98, 4597560
51.99, 4597560
52.0, 4597560
52.01, 4597560
52.02, 4597560
52.03, 4597560
52.04, 4597560
52.05, 4597560
52.06, 4597560
52.07, 4597560
52.08, 4597560
52.09, 4597560
52.1, 4597560
52.11, 4597560
52.12, 4597560
52.13, 4597560
52.14, 4597560
52.15, 4597560
52.16, 4597560
52.17, 4597560
52.18, 4597560
52.19, 4597560
52.2, 4597560
52.21, 4597560
52.22, 4597560
52.23, 4597560
52.24, 4597560
52.25, 4597560
52.26, 4597560
52.27, 4597560
52.28, 4597560
52.29, 4597560
52.3, 4597560
52.31, 4597560
52.32, 4597560
52.33, 4597560
52.34, 4597560
52.35, 4597560
52.36, 4597560
52.37, 4597560
52.38, 4597560
52.39, 4597560
52.4, 4597560
52.41, 4597560
52.42, 4597560
52.43, 4597560
52.44, 4597560
52.45, 4597560
52.46, 4597560
52.47, 4597560
52.48, 4597560
52.49, 4597560
52.5, 4597560
52.51, 4597560
52.52, 4597560
52.53, 4597560
52.54, 4597560
52.55, 4597560
52.56, 4597560
52.57, 4597560
52.58, 4597560
52.59, 4597560
52.6, 4597560
52.61, 4597560
52.62, 4597560
52.63, 4597560
52.64, 4597560
52.65, 4597560
52.66, 4597560
52.67, 4597560
52.68, 4597560
52.69, 4597560
52.7, 4597560
52.71, 4597560
52.72, 4597560
52.73, 4597560
52.74, 4597560
52.75, 4597560
52.76, 4597560
52.77, 4597560
52.78, 4597560
52.79, 4597560
52.8, 4597560
52.81, 4597560
52.82, 4597560
52.83, 4597560
52.84, 4597560
52.85, 4597560
52.86, 4597560
52.87, 4597560
52.88, 4597560
52.89, 4597560
52.9, 4597560
52.91, 4597560
52.92, 4597560
52.93, 4597560
52.94, 4597560
52.95, 4597560
52.96, 4597560
52.97, 4597560
52.98, 4597560
52.99, 4597560
53.0, 4597560
53.01, 4597560
53.02, 4597560
53.03, 4597560
53.04, 4597560
53.05, 4597560
53.06, 4597560
53.07, 4597560
53.08, 4597560
53.09, 4597560
53.1, 4597560
53.11, 4597560
53.12, 4597560
53.13, 4597560
53.14, 4597560
53.15, 4597560
53.16, 4597560
53.17, 4597560
53.18, 4597560
53.19, 4597560
53.2, 4597560
53.21, 4597560
53.22, 4597560
53.23, 4597560
53.24, 4597560
53.25, 4597560
53.26, 4597560
53.27, 4597560
53.28, 4597560
53.29, 4597560
53.3, 4597560
53.31, 4597560
53.32, 4597560
53.33, 4597560
53.34, 4597560
53.35, 4597560
53.36, 4597560
53.37, 4597560
53.38, 4597560
53.39, 4597560
53.4, 4597560
53.41, 4597560
53.42, 4597560
53.43, 4597560
53.44, 4597560
53.45, 4597560
53.46, 4597560
53.47, 4597560
53.48, 4597560
53.49, 4597560
53.5, 4597560
53.51, 4597560
53.52, 4597560
53.53, 4597560
53.54, 4597560
53.55, 4597560
53.56, 4597560
53.57, 4597560
53.58, 4597560
53.59, 4597560
53.6, 4597560
53.61, 4597560
53.62, 4597560
53.63, 4597560
53.64, 4597560
53.65, 4597560
53.66, 4597560
53.67, 4597560
53.68, 4597560
53.69, 4597560
53.7, 4597560
53.71, 4597560
53.72, 4597560
53.73, 4597560
53.74, 4597560
53.75, 4597560
53.76, 4597560
53.77, 4597560
53.78, 4597560
53.79, 4597560
53.8, 4597560
53.81, 4597560
53.82, 4597560
53.83, 4597560
53.84, 4597560
53.85, 4597560
53.86, 4597560
53.87, 4597560
53.88, 4597560
53.89, 4597560
53.9, 4597560
53.91, 4597560
53.92, 4597560
53.93, 4597560
53.94, 4597560
53.95, 4597560
53.96, 4597560
53.97, 4597560
53.98, 4597560
53.99, 4597560
54.0, 4597560
54.01, 4597560
54.02, 4597560
54.03, 4597560
54.04, 4597560
54.05, 4597560
54.06, 4597560
54.07, 4597560
54.08, 4597560
54.09, 4597560
54.1, 4597560
54.11, 4597560
54.12, 4597560
54.13, 4597560
54.14, 4597560
54.15, 4597560
54.16, 4597560
54.17, 4597560
54.18, 4597560
54.19, 4597560
54.2, 4597560
54.21, 4597560
54.22, 4597560
54.23, 4597560
54.24, 4597560
54.25, 4597560
54.26, 4597560
54.27, 4597560
54.28, 4597560
54.29, 4597560
54.3, 4597560
54.31, 4597560
54.32, 4597560
54.33, 4597560
54.34, 4597560
54.35, 4597560
54.36, 4597560
54.37, 4597560
54.38, 4597560
54.39, 4597560
54.4, 4597560
54.41, 4597560
54.42, 4597560
54.43, 4597560
54.44, 4597560
54.45, 4597560
54.46, 4597560
54.47, 4597560
54.48, 4597560
54.49, 4597560
54.5, 4597560
54.51, 4597560
54.52, 4597560
54.53, 4597560
54.54, 4597560
54.55, 4597560
54.56, 4597560
54.57, 4597560
54.58, 4597560
54.59, 4597560
54.6, 4597560
54.61, 4597560
54.62, 4597560
54.63, 4597560
54.64, 4597560
54.65, 4597560
54.66, 4597560
54.67, 4597560
54.68, 4597560
54.69, 4597560
54.7, 4597560
54.71, 4597560
54.72, 4597560
54.73, 4597560
54.74, 4597560
54.75, 4597560
54.76, 4597560
54.77, 4597560
54.78, 4597560
54.79, 4597560
54.8, 4597560
54.81, 4597560
54.82, 4597560
54.83, 4597560
54.84, 4597560
54.85, 4597560
54.86, 4597560
54.87, 4597560
54.88, 4597560
54.89, 4597560
54.9, 4597560
54.91, 4597560
54.92, 4597560
54.93, 4597560
54.94, 4597560
54.95, 4597560
54.96, 4597560
54.97, 4597560
54.98, 4597560
54.99, 4597560
55.0, 4597560
55.01, 4597560
55.02, 4597560
55.03, 4597560
55.04, 4597560
55.05, 4597560
55.06, 4597560
55.07, 4597560
55.08, 4597560
55.09, 4597560
55.1, 4597560
55.11, 4597560
55.12, 4597560
55.13, 4597560
55.14, 4597560
55.15, 4597560
55.16, 4597560
55.17, 4597560
55.18, 4597560
55.19, 4597560
55.2, 4597560
55.21, 4597560
55.22, 4597560
55.23, 4597560
55.24, 4597560
55.25, 4597560
55.26, 4597560
55.27, 4597560
55.28, 4597560
55.29, 4597560
55.3, 4597560
55.31, 4597560
55.32, 4597560
55.33, 4597560
55.34, 4597560
55.35, 4597560
55.36, 4597560
55.37, 4597560
55.38, 4597560
55.39, 4597560
55.4, 4597560
55.41, 4597560
55.42, 4597560
55.43, 4597560
55.44, 4597560
55.45, 4597560
55.46, 4597560
55.47, 4597560
55.48, 4597560
55.49, 4597560
55.5, 4597560
55.51, 4597560
55.52, 4597560
55.53, 4597560
55.54, 4597560
55.55, 4597560
55.56, 4597560
55.57, 4597560
55.58, 4597560
55.59, 4597560
55.6, 4597560
55.61, 4597560
55.62, 4597560
55.63, 4597560
55.64, 4597560
55.65, 4597560
55.66, 4597560
55.67, 4597560
55.68, 4597560
55.69, 4597560
55.7, 4597560
55.71, 4597560
55.72, 4597560
55.73, 4597560
55.74, 4597560
55.75, 4597560
55.76, 4597560
55.77, 4597560
55.78, 4597560
55.79, 4597560
55.8, 4597560
55.81, 4597560
55.82, 4597560
55.83, 4597560
55.84, 4597560
55.85, 4597560
55.86, 4597560
55.87, 4597560
55.88, 4597560
55.89, 4597560
55.9, 4597560
55.91, 4597560
55.92, 4597560
55.93, 4597560
55.94, 4597560
55.95, 4597560
55.96, 4597560
55.97, 4597560
55.98, 4597560
55.99, 4597560
56.0, 4597560
56.01, 4597560
56.02, 4597560
56.03, 4597560
56.04, 4597560
56.05, 4597560
56.06, 4597560
56.07, 4597560
56.08, 4597560
56.09, 4597560
56.1, 4597560
56.11, 4597560
56.12, 4597560
56.13, 4597560
56.14, 4597560
56.15, 4597560
56.16, 4597560
56.17, 4597560
56.18, 4597560
56.19, 4597560
56.2, 4597560
56.21, 4597560
56.22, 4597560
56.23, 4597560
56.24, 4597560
56.25, 4597560
56.26, 4597560
56.27, 4597560
56.28, 4597560
56.29, 4597560
56.3, 4597560
56.31, 4597560
56.32, 4597560
56.33, 4597560
56.34, 4597560
56.35, 4597560
56.36, 4597560
56.37, 4597560
56.38, 4597560
56.39, 4597560
56.4, 4597560
56.41, 4597560
56.42, 4597560
56.43, 4597560
56.44, 4597560
56.45, 4597560
56.46, 4597560
56.47, 4597560
56.48, 4597560
56.49, 4597560
56.5, 4597560
56.51, 4597560
56.52, 4597560
56.53, 4597560
56.54, 4597560
56.55, 4597560
56.56, 4597560
56.57, 4597560
56.58, 4597560
56.59, 4597560
56.6, 4597560
56.61, 4597560
56.62, 4597560
56.63, 4597560
56.64, 4597560
56.65, 4597560
56.66, 4597560
56.67, 4597560
56.68, 4597560
56.69, 4597560
56.7, 4597560
56.71, 4597560
56.72, 4597560
56.73, 4597560
56.74, 4597560
56.75, 4597560
56.76, 4597560
56.77, 4597560
56.78, 4597560
56.79, 4597560
56.8, 4597560
56.81, 4597560
56.82, 4597560
56.83, 4597560
56.84, 4597560
56.85, 4597560
56.86, 4597560
56.87, 4597560
56.88, 4597560
56.89, 4597560
56.9, 4597560
56.91, 4597560
56.92, 4597560
56.93, 4597560
56.94, 4597560
56.95, 4597560
56.96, 4597560
56.97, 4597560
56.98, 4597560
56.99, 4597560
57.0, 4597560
57.01, 4597560
57.02, 4597560
57.03, 4597560
57.04, 4597560
57.05, 4597560
57.06, 4597560
57.07, 4597560
57.08, 4597560
57.09, 4597560
57.1, 4597560
57.11, 4597560
57.12, 4597560
57.13, 4597560
57.14, 4597560
57.15, 4597560
57.16, 4597560
57.17, 4597560
57.18, 4597560
57.19, 4597560
57.2, 4597560
57.21, 4597560
57.22, 4597560
57.23, 4597560
57.24, 4597560
57.25, 4597560
57.26, 4597560
57.27, 4597560
57.28, 4597560
57.29, 4597560
57.3, 4597560
57.31, 4597560
57.32, 4597560
57.33, 4597560
57.34, 4597560
57.35, 4597560
57.36, 4597560
57.37, 4597560
57.38, 4597560
57.39, 4597560
57.4, 4597560
57.41, 4597560
57.42, 4597560
57.43, 4597560
57.44, 4597560
57.45, 4597560
57.46, 4597560
57.47, 4597560
57.48, 4597560
57.49, 4597560
57.5, 4597560
57.51, 4597560
57.52, 4597560
57.53, 4597560
57.54, 4597560
57.55, 4597560
57.56, 4597560
57.57, 4597560
57.58, 4597560
57.59, 4597560
57.6, 4597560
57.61, 4597560
57.62, 4597560
57.63, 4597560
57.64, 4597560
57.65, 4597560
57.66, 4597560
57.67, 4597560
57.68, 4597560
57.69, 4597560
57.7, 4597560
57.71, 4597560
57.72, 4597560
57.73, 4597560
57.74, 4597560
57.75, 4597560
57.76, 4597560
57.77, 4597560
57.78, 4597560
57.79, 4597560
57.8, 4597560
57.81, 4597560
57.82, 4597560
57.83, 4597560
57.84, 4597560
57.85, 4597560
57.86, 4597560
57.87, 4597560
57.88, 4597560
57.89, 4597560
57.9, 4597560
57.91, 4597560
57.92, 4597560
57.93, 4597560
57.94, 4597560
57.95, 4597560
57.96, 4597560
57.97, 4597560
57.98, 4597560
57.99, 4597560
58.0, 4597560
58.01, 4597560
58.02, 4597560
58.03, 4597560
58.04, 4597560
58.05, 4597560
58.06, 4597560
58.07, 4597560
58.08, 4597560
58.09, 4597560
58.1, 4597560
58.11, 4597560
58.12, 4597560
58.13, 4597560
58.14, 4597560
58.15, 4597560
58.16, 4597560
58.17, 4597560
58.18, 4597560
58.19, 4597560
58.2, 4597560
58.21, 4597560
58.22, 4597560
58.23, 4597560
58.24, 4597560
58.25, 4597560
58.26, 4597560
58.27, 4597560
58.28, 4597560
58.29, 4597560
58.3, 4597560
58.31, 4597560
58.32, 4597560
58.33, 4597560
58.34, 4597560
58.35, 4597560
58.36, 4597560
58.37, 4597560
58.38, 4597560
58.39, 4597560
58.4, 4597560
58.41, 4597560
58.42, 4597560
58.43, 4597560
58.44, 4597560
58.45, 4597560
58.46, 4597560
58.47, 4597560
58.48, 4597560
58.49, 4597560
58.5, 4597560
58.51, 4597560
58.52, 4597560
58.53, 4597560
58.54, 4597560
58.55, 4597560
58.56, 4597560
58.57, 4597560
58.58, 4597560
58.59, 4597560
58.6, 4597560
58.61, 4597560
58.62, 4597560
58.63, 4597560
58.64, 4597560
58.65, 4597560
58.66, 4597560
58.67, 4597560
58.68, 4597560
58.69, 4597560
58.7, 4597560
58.71, 4597560
58.72, 4597560
58.73, 4597560
58.74, 4597560
58.75, 4597560
58.76, 4597560
58.77, 4597560
58.78, 4597560
58.79, 4597560
58.8, 4597560
58.81, 4597560
58.82, 4597560
58.83, 4597560
58.84, 4597560
58.85, 4597560
58.86, 4597560
58.87, 4597560
58.88, 4597560
58.89, 4597560
58.9, 4597560
58.91, 4597560
58.92, 4597560
58.93, 4597560
58.94, 4597560
58.95, 4597560
58.96, 4597560
58.97, 4597560
58.98, 4597560
58.99, 4597560
59.0, 4597560
59.01, 4597560
59.02, 4597560
59.03, 4597560
59.04, 4597560
59.05, 4597560
59.06, 4597560
59.07, 4597560
59.08, 4597560
59.09, 4597560
59.1, 4597560
59.11, 4597560
59.12, 4597560
59.13, 4597560
59.14, 4597560
59.15, 4597560
59.16, 4597560
59.17, 4597560
59.18, 4597560
59.19, 4597560
59.2, 4597560
59.21, 4597560
59.22, 4597560
59.23, 4597560
59.24, 4597560
59.25, 4597560
59.26, 4597560
59.27, 4597560
59.28, 4597560
59.29, 4597560
59.3, 4597560
59.31, 4597560
59.32, 4597560
59.33, 4597560
59.34, 4597560
59.35, 4597560
59.36, 4597560
59.37, 4597560
59.38, 4597560
59.39, 4597560
59.4, 4597560
59.41, 4597560
59.42, 4597560
59.43, 4597560
59.44, 4597560
59.45, 4597560
59.46, 4597560
59.47, 4597560
59.48, 4597560
59.49, 4597560
59.5, 4597560
59.51, 4597560
59.52, 4597560
59.53, 4597560
59.54, 4597560
59.55, 4597560
59.56, 4597560
59.57, 4597560
59.58, 4597560
59.59, 4597560
59.6, 4597560
59.61, 4597560
59.62, 4597560
59.63, 4597560
59.64, 4597560
59.65, 4597560
59.66, 4597560
59.67, 4597560
59.68, 4597560
59.69, 4597560
59.7, 4597560
59.71, 4597560
59.72, 4597560
59.73, 4597560
59.74, 4597560
59.75, 4597560
59.76, 4597560
59.77, 4597560
59.78, 4597560
59.79, 4597560
59.8, 4597560
59.81, 4597560
59.82, 4597560
59.83, 4597560
59.84, 4597560
59.85, 4597560
59.86, 4597560
59.87, 4597560
59.88, 4597560
59.89, 4597560
59.9, 4597560
59.91, 4597560
59.92, 4597560
59.93, 4597560
59.94, 4597560
59.95, 4597560
59.96, 4597560
59.97, 4597560
59.98, 4597560
59.99, 4597560
