0.0, 5087003
0.01, 5087003
0.02, 5087003
0.03, 5087003
0.04, 5087003
0.05, 5087003
0.06, 5087003
0.07, 5087003
0.08, 5087003
0.09, 5087003
0.1, 5087003
0.11, 5087003
0.12, 5087003
0.13, 5087003
0.14, 5087003
0.15, 5087003
0.16, 5087003
0.17, 5087003
0.18, 5059417
0.19, 5059417
0.2, 5059417
0.21, 5059417
0.22, 5059417
0.23, 5059417
0.24, 5059417
0.25, 5059417
0.26, 5059417
0.27, 5059417
0.28, 5059417
0.29, 5059417
0.3, 5059417
0.31, 5059417
0.32, 5059417
0.33, 5057871
0.34, 5057871
0.35, 5057871
0.36, 5057871
0.37, 5057871
0.38, 5057871
0.39, 5057871
0.4, 5057871
0.41, 5057871
0.42, 5057871
0.43, 5057871
0.44, 5057871
0.45, 5057871
0.46, 5057871
0.47, 5057871
0.48, 5057871
0.49, 5057871
0.5, 5057871
0.51, 5057871
0.52, 5057871
0.53, 5057871
0.54, 5057871
0.55, 5057871
0.56, 5057871
0.57, 5057871
0.58, 5057871
0.59, 5057871
0.6, 5057871
0.61, 5057871
0.62, 5057871
0.63, 5057871
0.64, 4998898
0.65, 4998898
0.66, 4998898
0.67, 4998898
0.68, 4998898
0.69, 4998898
0.7, 4998898
0.71, 4998898
0.72, 4998898
0.73, 4998898
0.74, 4998898
0.75, 4998898
0.76, 4998898
0.77, 4998898
0.78, 4998898
0.79, 4998898
0.8, 4998898
0.81, 4998898
0.82, 4998898
0.83, 4998898
0.84, 4998898
0.85, 4998898
0.86, 4998898
0.87, 4998898
0.88, 4998898
0.89, 4998898
0.9, 4998898
0.91, 4998898
0.92, 4998898
0.93, 4998898
0.94, 4998898
0.95, 4998898
0.96, 4998898
0.97, 4998898
0.98, 4998898
0.99, 4998898
1.0, 4998898
1.01, 4998898
1.02, 4998898
1.03, 4998898
1.04, 4998898
1.05, 4998898
1.06, 4998898
1.07, 4998898
1.08, 4998898
1.09, 4998898
1.1, 4998898
1.11, 4998898
1.12, 4998898
1.13, 4998898
1.14, 4998898
1.15, 4998898
1.16, 4998898
1.17, 4998898
1.18, 4998898
1.19, 4998898
1.2, 4998898
1.21, 4998898
1.22, 4998898
1.23, 4998898
1.24, 4998898
1.25, 4998898
1.26, 4998898
1.27, 4998898
1.28, 4998898
1.29, 4998898
1.3, 4998898
1.31, 4998898
1.32, 4998898
1.33, 4998898
1.34, 4998898
1.35, 4998898
1.36, 4998898
1.37, 4998898
1.38, 4998898
1.39, 4998898
1.4, 4998898
1.41, 4998898
1.42, 4998898
1.43, 4998898
1.44, 4998898
1.45, 4998898
1.46, 4998898
1.47, 4998898
1.48, 4998898
1.49, 4998898
1.5, 4998898
1.51, 4998898
1.52, 4998898
1.53, 4998898
1.54, 4998898
1.55, 4998898
1.56, 4998898
1.57, 4998898
1.58, 4998898
1.59, 4998898
1.6, 4998898
1.61, 4998898
1.62, 4998898
1.63, 4998898
1.64, 4998898
1.65, 4998898
1.66, 4998898
1.67, 4998898
1.68, 4998898
1.69, 4998898
1.7, 4998898
1.71, 4978297
1.72, 4978297
1.73, 4978297
1.74, 4978297
1.75, 4978297
1.76, 4978297
1.77, 4978297
1.78, 4978297
1.79, 4978297
1.8, 4978297
1.81, 4978297
1.82, 4978297
1.83, 4978297
1.84, 4978297
1.85, 4978297
1.86, 4978297
1.87, 4978297
1.88, 4978297
1.89, 4838500
1.9, 4838500
1.91, 4838500
1.92, 4838500
1.93, 4838500
1.94, 4838500
1.95, 4838500
1.96, 4838500
1.97, 4838500
1.98, 4838500
1.99, 4838500
2.0, 4838500
2.01, 4838500
2.02, 4838500
2.03, 4838500
2.04, 4838500
2.05, 4838500
2.06, 4838500
2.07, 4838500
2.08, 4838500
2.09, 4838500
2.1, 4838500
2.11, 4838500
2.12, 4838500
2.13, 4838500
2.14, 4838500
2.15, 4838500
2.16, 4838500
2.17, 4838500
2.18, 4838500
2.19, 4838500
2.2, 4838500
2.21, 4838500
2.22, 4838500
2.23, 4838500
2.24, 4838500
2.25, 4838500
2.26, 4838500
2.27, 4838500
2.28, 4838500
2.29, 4838500
2.3, 4838500
2.31, 4838500
2.32, 4838500
2.33, 4838500
2.34, 4838500
2.35, 4838500
2.36, 4838500
2.37, 4838500
2.38, 4838500
2.39, 4838500
2.4, 4838500
2.41, 4838500
2.42, 4838500
2.43, 4838500
2.44, 4838500
2.45, 4838500
2.46, 4838500
2.47, 4838500
2.48, 4838500
2.49, 4838500
2.5, 4838500
2.51, 4838500
2.52, 4838500
2.53, 4838500
2.54, 4838500
2.55, 4838500
2.56, 4838500
2.57, 4838500
2.58, 4838500
2.59, 4838500
2.6, 4838500
2.61, 4838500
2.62, 4838500
2.63, 4838500
2.64, 4838500
2.65, 4838500
2.66, 4838500
2.67, 4838500
2.68, 4838500
2.69, 4838500
2.7, 4838500
2.71, 4838500
2.72, 4838500
2.73, 4838500
2.74, 4838500
2.75, 4838500
2.76, 4838500
2.77, 4838500
2.78, 4838500
2.79, 4838500
2.8, 4838500
2.81, 4838500
2.82, 4838500
2.83, 4838500
2.84, 4838500
2.85, 4838500
2.86, 4838500
2.87, 4838500
2.88, 4838500
2.89, 4838500
2.9, 4838500
2.91, 4838500
2.92, 4838500
2.93, 4838500
2.94, 4838500
2.95, 4838500
2.96, 4838500
2.97, 4838500
2.98, 4838500
2.99, 4838500
3.0, 4838500
3.01, 4838500
3.02, 4838500
3.03, 4838500
3.04, 4838500
3.05, 4838500
3.06, 4838500
3.07, 4838500
3.08, 4838500
3.09, 4838500
3.1, 4838500
3.11, 4838500
3.12, 4838500
3.13, 4838500
3.14, 4838500
3.15, 4838500
3.16, 4838500
3.17, 4838500
3.18, 4838500
3.19, 4838500
3.2, 4838500
3.21, 4838500
3.22, 4838500
3.23, 4838500
3.24, 4838500
3.25, 4838500
3.26, 4838500
3.27, 4838500
3.28, 4838500
3.29, 4838500
3.3, 4838500
3.31, 4838500
3.32, 4838500
3.33, 4838500
3.34, 4838500
3.35, 4838500
3.36, 4838500
3.37, 4838500
3.38, 4838500
3.39, 4838500
3.4, 4838500
3.41, 4838500
3.42, 4838500
3.43, 4838500
3.44, 4838500
3.45, 4838500
3.46, 4838500
3.47, 4838500
3.48, 4838500
3.49, 4838500
3.5, 4838500
3.51, 4838500
3.52, 4838500
3.53, 4838500
3.54, 4838500
3.55, 4838500
3.56, 4838500
3.57, 4838500
3.58, 4838500
3.59, 4838500
3.6, 4838500
3.61, 4838500
3.62, 4838500
3.63, 4838500
3.64, 4838500
3.65, 4838500
3.66, 4838500
3.67, 4838500
3.68, 4838500
3.69, 4838500
3.7, 4838500
3.71, 4838500
3.72, 4838500
3.73, 4838500
3.74, 4838500
3.75, 4838500
3.76, 4838500
3.77, 4838500
3.78, 4838500
3.79, 4838500
3.8, 4838500
3.81, 4838500
3.82, 4838500
3.83, 4838500
3.84, 4838500
3.85, 4838500
3.86, 4838500
3.87, 4838500
3.88, 4838500
3.89, 4838500
3.9, 4838500
3.91, 4838500
3.92, 4838500
3.93, 4838500
3.94, 4838500
3.95, 4838500
3.96, 4838500
3.97, 4838500
3.98, 4838500
3.99, 4838500
4.0, 4838500
4.01, 4838500
4.02, 4838500
4.03, 4838500
4.04, 4838500
4.05, 4838500
4.06, 4838500
4.07, 4838500
4.08, 4838500
4.09, 4838500
4.1, 4838500
4.11, 4838500
4.12, 4838500
4.13, 4838500
4.14, 4838500
4.15, 4838500
4.16, 4838500
4.17, 4838500
4.18, 4838500
4.19, 4838500
4.2, 4838500
4.21, 4838500
4.22, 4838500
4.23, 4838500
4.24, 4838500
4.25, 4838500
4.26, 4838500
4.27, 4838500
4.28, 4838500
4.29, 4838500
4.3, 4838500
4.31, 4838500
4.32, 4838500
4.33, 4838500
4.34, 4838500
4.35, 4838500
4.36, 4838500
4.37, 4838500
4.38, 4838500
4.39, 4838500
4.4, 4838500
4.41, 4838500
4.42, 4838500
4.43, 4838500
4.44, 4838500
4.45, 4838500
4.46, 4838500
4.47, 4838500
4.48, 4838500
4.49, 4838500
4.5, 4838500
4.51, 4838500
4.52, 4838500
4.53, 4838500
4.54, 4838500
4.55, 4838500
4.56, 4838500
4.57, 4838500
4.58, 4838500
4.59, 4838500
4.6, 4838500
4.61, 4838500
4.62, 4838500
4.63, 4838500
4.64, 4838500
4.65, 4838500
4.66, 4838500
4.67, 4838500
4.68, 4838500
4.69, 4838500
4.7, 4838500
4.71, 4838500
4.72, 4838500
4.73, 4838500
4.74, 4838500
4.75, 4838500
4.76, 4838500
4.77, 4838500
4.78, 4838500
4.79, 4838500
4.8, 4838500
4.81, 4838500
4.82, 4838500
4.83, 4838500
4.84, 4838500
4.85, 4838500
4.86, 4838500
4.87, 4838500
4.88, 4838500
4.89, 4838500
4.9, 4838500
4.91, 4838500
4.92, 4838500
4.93, 4838500
4.94, 4838500
4.95, 4838500
4.96, 4838500
4.97, 4838500
4.98, 4838500
4.99, 4838500
5.0, 4838500
5.01, 4838500
5.02, 4838500
5.03, 4838500
5.04, 4838500
5.05, 4838500
5.06, 4838500
5.07, 4838500
5.08, 4838500
5.09, 4838500
5.1, 4838500
5.11, 4838500
5.12, 4838500
5.13, 4838500
5.14, 4838500
5.15, 4838500
5.16, 4838500
5.17, 4838500
5.18, 4838500
5.19, 4838500
5.2, 4838500
5.21, 4838500
5.22, 4838500
5.23, 4838500
5.24, 4838500
5.25, 4838500
5.26, 4838500
5.27, 4838500
5.28, 4838500
5.29, 4838500
5.3, 4838500
5.31, 4838500
5.32, 4838500
5.33, 4838500
5.34, 4838500
5.35, 4838500
5.36, 4838500
5.37, 4838500
5.38, 4838500
5.39, 4838500
5.4, 4838500
5.41, 4838500
5.42, 4838500
5.43, 4838500
5.44, 4838500
5.45, 4838500
5.46, 4838500
5.47, 4838500
5.48, 4838500
5.49, 4838500
5.5, 4838500
5.51, 4838500
5.52, 4838500
5.53, 4838500
5.54, 4838500
5.55, 4838500
5.56, 4838500
5.57, 4838500
5.58, 4838500
5.59, 4838500
5.6, 4838500
5.61, 4838500
5.62, 4838500
5.63, 4838500
5.64, 4838500
5.65, 4838500
5.66, 4838500
5.67, 4838500
5.68, 4838500
5.69, 4838500
5.7, 4838500
5.71, 4838500
5.72, 4838500
5.73, 4838500
5.74, 4838500
5.75, 4838500
5.76, 4838500
5.77, 4838500
5.78, 4838500
5.79, 4838500
5.8, 4838500
5.81, 4838500
5.82, 4838500
5.83, 4838500
5.84, 4838500
5.85, 4838500
5.86, 4838500
5.87, 4838500
5.88, 4838500
5.89, 4838500
5.9, 4838500
5.91, 4838500
5.92, 4838500
5.93, 4838500
5.94, 4838500
5.95, 4838500
5.96, 4838500
5.97, 4838500
5.98, 4838500
5.99, 4838500
6.0, 4838500
6.01, 4838500
6.02, 4838500
6.03, 4838500
6.04, 4838500
6.05, 4838500
6.06, 4838500
6.07, 4838500
6.08, 4838500
6.09, 4838500
6.1, 4838500
6.11, 4838500
6.12, 4838500
6.13, 4838500
6.14, 4838500
6.15, 4838500
6.16, 4838500
6.17, 4838500
6.18, 4838500
6.19, 4838500
6.2, 4838500
6.21, 4838500
6.22, 4838500
6.23, 4838500
6.24, 4838500
6.25, 4838500
6.26, 4838500
6.27, 4838500
6.28, 4838500
6.29, 4838500
6.3, 4828307
6.31, 4828307
6.32, 4828307
6.33, 4828307
6.34, 4828307
6.35, 4828307
6.36, 4828307
6.37, 4828307
6.38, 4828307
6.39, 4828307
6.4, 4828307
6.41, 4828307
6.42, 4828307
6.43, 4828307
6.44, 4828307
6.45, 4828307
6.46, 4828307
6.47, 4828307
6.48, 4828307
6.49, 4828307
6.5, 4828307
6.51, 4828307
6.52, 4828307
6.53, 4828307
6.54, 4828307
6.55, 4828307
6.56, 4828307
6.57, 4828307
6.58, 4828307
6.59, 4828307
6.6, 4828307
6.61, 4828307
6.62, 4828307
6.63, 4828307
6.64, 4828307
6.65, 4828307
6.66, 4828307
6.67, 4828307
6.68, 4828307
6.69, 4828307
6.7, 4828307
6.71, 4828307
6.72, 4828307
6.73, 4828307
6.74, 4828307
6.75, 4828307
6.76, 4828307
6.77, 4828307
6.78, 4828307
6.79, 4828307
6.8, 4828307
6.81, 4828307
6.82, 4828307
6.83, 4828307
6.84, 4828307
6.85, 4828307
6.86, 4828307
6.87, 4828307
6.88, 4828307
6.89, 4828307
6.9, 4828307
6.91, 4828307
6.92, 4828307
6.93, 4828307
6.94, 4828307
6.95, 4828307
6.96, 4828307
6.97, 4828307
6.98, 4828307
6.99, 4828307
7.0, 4828307
7.01, 4828307
7.02, 4828307
7.03, 4828307
7.04, 4828307
7.05, 4828307
7.06, 4828307
7.07, 4828307
7.08, 4828307
7.09, 4828307
7.1, 4828307
7.11, 4828307
7.12, 4828307
7.13, 4828307
7.14, 4828307
7.15, 4828307
7.16, 4828307
7.17, 4828307
7.18, 4828307
7.19, 4828307
7.2, 4828307
7.21, 4828307
7.22, 4828307
7.23, 4828307
7.24, 4828307
7.25, 4828307
7.26, 4828307
7.27, 4828307
7.28, 4828307
7.29, 4828307
7.3, 4828307
7.31, 4828307
7.32, 4828307
7.33, 4828307
7.34, 4828307
7.35, 4828307
7.36, 4828307
7.37, 4828307
7.38, 4828307
7.39, 4828307
7.4, 4828307
7.41, 4828307
7.42, 4828307
7.43, 4828307
7.44, 4828307
7.45, 4828307
7.46, 4828307
7.47, 4828307
7.48, 4828307
7.49, 4828307
7.5, 4828307
7.51, 4828307
7.52, 4828307
7.53, 4828307
7.54, 4828307
7.55, 4828307
7.56, 4828307
7.57, 4828307
7.58, 4828307
7.59, 4828307
7.6, 4828307
7.61, 4828307
7.62, 4828307
7.63, 4828307
7.64, 4828307
7.65, 4828307
7.66, 4828307
7.67, 4828307
7.68, 4828307
7.69, 4828307
7.7, 4828307
7.71, 4828307
7.72, 4828307
7.73, 4828307
7.74, 4828307
7.75, 4828307
7.76, 4828307
7.77, 4828307
7.78, 4828307
7.79, 4828307
7.8, 4828307
7.81, 4828307
7.82, 4828307
7.83, 4828307
7.84, 4828307
7.85, 4828307
7.86, 4828307
7.87, 4828307
7.88, 4828307
7.89, 4828307
7.9, 4828307
7.91, 4828307
7.92, 4828307
7.93, 4828307
7.94, 4828307
7.95, 4828307
7.96, 4828307
7.97, 4828307
7.98, 4828307
7.99, 4828307
8.0, 4828307
8.01, 4828307
8.02, 4828307
8.03, 4828307
8.04, 4828307
8.05, 4828307
8.06, 4828307
8.07, 4828307
8.08, 4828307
8.09, 4828307
8.1, 4828307
8.11, 4828307
8.12, 4828307
8.13, 4828307
8.14, 4828307
8.15, 4828307
8.16, 4828307
8.17, 4828307
8.18, 4828307
8.19, 4828307
8.2, 4828307
8.21, 4828307
8.22, 4828307
8.23, 4828307
8.24, 4828307
8.25, 4828307
8.26, 4828307
8.27, 4828307
8.28, 4828307
8.29, 4828307
8.3, 4828307
8.31, 4828307
8.32, 4828307
8.33, 4828307
8.34, 4828307
8.35, 4828307
8.36, 4828307
8.37, 4828307
8.38, 4828307
8.39, 4828307
8.4, 4828307
8.41, 4828307
8.42, 4828307
8.43, 4828307
8.44, 4828307
8.45, 4828307
8.46, 4828307
8.49, 4828307
8.5, 4828307
8.51, 4828307
8.52, 4828307
8.53, 4828307
8.54, 4828307
8.55, 4828307
8.56, 4828307
8.57, 4828307
8.58, 4828307
8.59, 4828307
8.6, 4828307
8.61, 4828307
8.62, 4828307
8.63, 4828307
8.64, 4828307
8.65, 4828307
8.66, 4828307
8.67, 4828307
8.68, 4828307
8.69, 4828307
8.7, 4828307
8.71, 4828307
8.72, 4828307
8.73, 4828307
8.74, 4828307
8.75, 4828307
8.76, 4828307
8.77, 4828307
8.78, 4828307
8.79, 4828307
8.8, 4828307
8.81, 4828307
8.82, 4828307
8.83, 4828307
8.84, 4828307
8.85, 4828307
8.86, 4828307
8.87, 4828307
8.88, 4828307
8.89, 4828307
8.9, 4828307
8.91, 4828307
8.92, 4828307
8.93, 4828307
8.94, 4828307
8.95, 4828307
8.96, 4828307
8.97, 4828307
8.98, 4828307
8.99, 4828307
9.0, 4828307
9.01, 4828307
9.02, 4828307
9.03, 4828307
9.04, 4828307
9.05, 4828307
9.06, 4828307
9.07, 4828307
9.08, 4828307
9.09, 4828307
9.1, 4828307
9.11, 4828307
9.12, 4828307
9.13, 4828307
9.14, 4828307
9.15, 4828307
9.16, 4828307
9.17, 4828307
9.18, 4828307
9.19, 4828307
9.2, 4828307
9.21, 4828307
9.22, 4828307
9.23, 4828307
9.24, 4828307
9.25, 4828307
9.26, 4828307
9.27, 4828307
9.28, 4828307
9.29, 4828307
9.3, 4828307
9.31, 4828307
9.32, 4828307
9.33, 4828307
9.34, 4828307
9.35, 4828307
9.36, 4828307
9.37, 4828307
9.38, 4828307
9.39, 4828307
9.4, 4828307
9.41, 4828307
9.42, 4828307
9.43, 4828307
9.44, 4828307
9.45, 4828307
9.46, 4828307
9.47, 4828307
9.48, 4828307
9.49, 4828307
9.5, 4828307
9.51, 4828307
9.52, 4828307
9.53, 4828307
9.54, 4828307
9.55, 4828307
9.56, 4828307
9.57, 4828307
9.58, 4828307
9.59, 4828307
9.6, 4828307
9.61, 4828307
9.62, 4828307
9.63, 4828307
9.64, 4828307
9.65, 4828307
9.66, 4828307
9.67, 4828307
9.68, 4828307
9.69, 4828307
9.7, 4828307
9.71, 4828307
9.72, 4828307
9.73, 4828307
9.74, 4828307
9.75, 4828307
9.76, 4828307
9.77, 4828307
9.78, 4828307
9.79, 4828307
9.8, 4828307
9.81, 4828307
9.82, 4828307
9.83, 4828307
9.84, 4828307
9.85, 4828307
9.86, 4828307
9.87, 4828307
9.88, 4828307
9.89, 4828307
9.9, 4828307
9.91, 4828307
9.92, 4828307
9.93, 4828307
9.94, 4828307
9.95, 4828307
9.96, 4828307
9.97, 4828307
9.98, 4828307
9.99, 4828307
10.0, 4828307
10.01, 4828307
10.02, 4828307
10.03, 4828307
10.04, 4828307
10.05, 4828307
10.06, 4828307
10.07, 4828307
10.08, 4828307
10.09, 4828307
10.1, 4828307
10.11, 4828307
10.12, 4828307
10.13, 4828307
10.14, 4828307
10.15, 4828307
10.16, 4828307
10.17, 4828307
10.18, 4828307
10.19, 4828307
10.2, 4828307
10.21, 4828307
10.22, 4828307
10.23, 4828307
10.24, 4828307
10.25, 4828307
10.26, 4828307
10.27, 4828307
10.28, 4828307
10.29, 4828307
10.3, 4828307
10.31, 4828307
10.32, 4828307
10.33, 4828307
10.34, 4828307
10.35, 4828307
10.36, 4828307
10.37, 4828307
10.38, 4828307
10.39, 4828307
10.4, 4828307
10.41, 4828307
10.42, 4828307
10.43, 4828307
10.44, 4828307
10.45, 4828307
10.46, 4828307
10.47, 4828307
10.48, 4828307
10.49, 4828307
10.5, 4828307
10.51, 4828307
10.52, 4828307
10.53, 4828307
10.54, 4828307
10.55, 4828307
10.56, 4828307
10.57, 4828307
10.58, 4828307
10.59, 4828307
10.6, 4828307
10.61, 4828307
10.62, 4828307
10.63, 4828307
10.64, 4828307
10.65, 4828307
10.66, 4828307
10.67, 4828307
10.68, 4828307
10.69, 4828307
10.7, 4828307
10.71, 4828307
10.72, 4828307
10.73, 4828307
10.74, 4828307
10.75, 4828307
10.76, 4828307
10.77, 4828307
10.78, 4828307
10.79, 4828307
10.8, 4828307
10.81, 4828307
10.82, 4828307
10.83, 4828307
10.84, 4828307
10.85, 4828307
10.86, 4828307
10.87, 4828307
10.88, 4828307
10.89, 4828307
10.9, 4828307
10.91, 4828307
10.92, 4828307
10.93, 4828307
10.94, 4828307
10.95, 4828307
10.96, 4828307
10.97, 4828307
10.98, 4828307
10.99, 4828307
11.0, 4828307
11.01, 4828307
11.02, 4828307
11.03, 4828307
11.04, 4828307
11.05, 4828307
11.06, 4828307
11.07, 4828307
11.08, 4828307
11.09, 4828307
11.1, 4828307
11.11, 4828307
11.12, 4828307
11.13, 4828307
11.14, 4828307
11.15, 4828307
11.16, 4828307
11.17, 4828307
11.18, 4828307
11.19, 4828307
11.2, 4828307
11.21, 4828307
11.22, 4828307
11.23, 4828307
11.24, 4828307
11.25, 4828307
11.26, 4828307
11.27, 4828307
11.28, 4828307
11.29, 4828307
11.3, 4828307
11.31, 4828307
11.32, 4828307
11.33, 4828307
11.34, 4828307
11.35, 4828307
11.36, 4828307
11.37, 4828307
11.38, 4828307
11.39, 4828307
11.4, 4828307
11.41, 4828307
11.42, 4828307
11.43, 4828307
11.44, 4828307
11.45, 4828307
11.46, 4828307
11.47, 4828307
11.48, 4828307
11.49, 4828307
11.5, 4828307
11.51, 4828307
11.52, 4828307
11.53, 4828307
11.54, 4828307
11.55, 4828307
11.56, 4828307
11.57, 4828307
11.58, 4828307
11.59, 4828307
11.6, 4828307
11.61, 4828307
11.62, 4828307
11.63, 4828307
11.64, 4828307
11.65, 4828307
11.66, 4828307
11.67, 4828307
11.68, 4828307
11.69, 4828307
11.7, 4828307
11.71, 4828307
11.72, 4828307
11.73, 4828307
11.74, 4828307
11.75, 4828307
11.76, 4828307
11.77, 4828307
11.78, 4828307
11.79, 4828307
11.8, 4828307
11.81, 4828307
11.82, 4828307
11.83, 4828307
11.84, 4828307
11.85, 4828307
11.86, 4828307
11.87, 4828307
11.88, 4828307
11.89, 4828307
11.9, 4828307
11.91, 4828307
11.92, 4828307
11.93, 4828307
11.94, 4828307
11.95, 4828307
11.96, 4828307
11.97, 4828307
11.98, 4828307
11.99, 4828307
12.0, 4828307
12.01, 4828307
12.02, 4828307
12.03, 4828307
12.04, 4828307
12.05, 4828307
12.06, 4828307
12.07, 4828307
12.08, 4828307
12.09, 4828307
12.1, 4828307
12.11, 4828307
12.12, 4828307
12.13, 4828307
12.14, 4828307
12.15, 4828307
12.16, 4828307
12.17, 4828307
12.18, 4828307
12.19, 4828307
12.2, 4828307
12.21, 4828307
12.22, 4828307
12.23, 4828307
12.24, 4828307
12.25, 4828307
12.26, 4828307
12.27, 4828307
12.28, 4828307
12.29, 4828307
12.3, 4828307
12.31, 4828307
12.32, 4828307
12.33, 4828307
12.34, 4828307
12.35, 4828307
12.36, 4828307
12.37, 4828307
12.38, 4828307
12.39, 4828307
12.4, 4828307
12.41, 4828307
12.42, 4828307
12.43, 4828307
12.44, 4828307
12.45, 4828307
12.46, 4828307
12.47, 4828307
12.48, 4828307
12.49, 4828307
12.5, 4828307
12.51, 4828307
12.52, 4828307
12.53, 4828307
12.54, 4828307
12.55, 4828307
12.56, 4828307
12.57, 4828307
12.58, 4828307
12.59, 4828307
12.6, 4828307
12.61, 4828307
12.62, 4828307
12.63, 4828307
12.64, 4828307
12.65, 4828307
12.66, 4828307
12.67, 4828307
12.68, 4819439
12.69, 4819439
12.7, 4819439
12.71, 4819439
12.72, 4819439
12.73, 4819439
12.74, 4819439
12.75, 4819439
12.76, 4819439
12.77, 4819439
12.78, 4819439
12.79, 4819439
12.8, 4819439
12.81, 4819439
12.82, 4819439
12.83, 4819439
12.84, 4819439
12.85, 4819439
12.86, 4819439
12.87, 4819439
12.88, 4819439
12.89, 4819439
12.9, 4819439
12.91, 4819439
12.92, 4819439
12.93, 4819439
12.94, 4819439
12.95, 4819439
12.96, 4819439
12.97, 4819439
12.98, 4819439
12.99, 4819439
13.0, 4819439
13.01, 4819439
13.02, 4819439
13.03, 4819439
13.04, 4819439
13.05, 4819439
13.06, 4819439
13.07, 4819439
13.08, 4819439
13.09, 4819439
13.1, 4819439
13.11, 4819439
13.12, 4819439
13.13, 4819439
13.14, 4819439
13.15, 4819439
13.16, 4819439
13.17, 4819439
13.18, 4819439
13.19, 4819439
13.2, 4819439
13.21, 4819439
13.22, 4819439
13.23, 4819439
13.24, 4819439
13.25, 4819439
13.26, 4819439
13.27, 4819439
13.28, 4819439
13.29, 4819439
13.3, 4819439
13.31, 4819439
13.32, 4819439
13.33, 4819439
13.34, 4819439
13.35, 4819439
13.36, 4819439
13.37, 4819439
13.38, 4819439
13.39, 4819439
13.4, 4819439
13.41, 4819439
13.42, 4819439
13.43, 4819439
13.44, 4819439
13.45, 4819439
13.46, 4819439
13.47, 4819439
13.48, 4819439
13.49, 4819439
13.5, 4819439
13.51, 4819439
13.52, 4819439
13.53, 4819439
13.54, 4819439
13.55, 4819439
13.56, 4819439
13.57, 4819439
13.58, 4819439
13.59, 4819439
13.6, 4819439
13.61, 4819439
13.62, 4819439
13.63, 4819439
13.64, 4819439
13.65, 4819439
13.66, 4819439
13.67, 4819439
13.68, 4819439
13.69, 4819439
13.7, 4819439
13.71, 4819439
13.72, 4819439
13.73, 4819439
13.74, 4819439
13.75, 4819439
13.76, 4819439
13.77, 4819439
13.78, 4819439
13.79, 4819439
13.8, 4819439
13.81, 4819439
13.82, 4819439
13.83, 4819439
13.84, 4819439
13.85, 4819439
13.86, 4819439
13.87, 4819439
13.88, 4819439
13.89, 4819439
13.9, 4819439
13.91, 4819439
13.92, 4819439
13.93, 4819439
13.94, 4819439
13.95, 4819439
13.96, 4819439
13.97, 4819439
13.98, 4819439
13.99, 4819439
14.0, 4819439
14.01, 4819439
14.02, 4819439
14.03, 4819439
14.04, 4819439
14.05, 4819439
14.06, 4819439
14.07, 4819439
14.08, 4819439
14.09, 4819439
14.1, 4819439
14.11, 4819439
14.12, 4819439
14.13, 4819439
14.14, 4819439
14.15, 4819439
14.16, 4819439
14.17, 4819439
14.18, 4819439
14.19, 4819439
14.2, 4819439
14.21, 4819439
14.22, 4819439
14.23, 4819439
14.24, 4819439
14.25, 4819439
14.26, 4819439
14.27, 4819439
14.28, 4819439
14.29, 4819439
14.3, 4819439
14.31, 4819439
14.32, 4819439
14.33, 4819439
14.34, 4819439
14.35, 4819439
14.36, 4819439
14.37, 4819439
14.38, 4819439
14.39, 4819439
14.4, 4819439
14.41, 4819439
14.42, 4819439
14.43, 4819439
14.44, 4819439
14.45, 4819439
14.46, 4819439
14.47, 4819439
14.48, 4819439
14.49, 4819439
14.5, 4819439
14.51, 4819439
14.52, 4819439
14.53, 4819439
14.54, 4819439
14.55, 4819439
14.56, 4819439
14.57, 4819439
14.58, 4819439
14.59, 4819439
14.6, 4819439
14.61, 4819439
14.62, 4819439
14.63, 4819439
14.64, 4819439
14.65, 4819439
14.66, 4819439
14.67, 4819439
14.68, 4819439
14.69, 4819439
14.7, 4819439
14.71, 4819439
14.72, 4819439
14.73, 4819439
14.74, 4819439
14.75, 4819439
14.76, 4819439
14.77, 4819439
14.78, 4819439
14.79, 4819439
14.8, 4819439
14.81, 4819439
14.82, 4819439
14.83, 4819439
14.84, 4819439
14.85, 4819439
14.86, 4819439
14.87, 4819439
14.88, 4819439
14.89, 4819439
14.9, 4819439
14.91, 4819439
14.92, 4819439
14.93, 4819439
14.94, 4819439
14.95, 4819439
14.96, 4819439
14.97, 4819439
14.98, 4819439
14.99, 4819439
15.0, 4819439
15.01, 4819439
15.02, 4819439
15.03, 4819439
15.04, 4819439
15.05, 4819439
15.06, 4819439
15.07, 4819439
15.08, 4819439
15.09, 4819439
15.1, 4819439
15.11, 4819439
15.12, 4819439
15.13, 4819439
15.14, 4819439
15.15, 4819439
15.16, 4819439
15.17, 4819439
15.18, 4819439
15.19, 4819439
15.2, 4819439
15.21, 4819439
15.22, 4819439
15.23, 4819439
15.24, 4819439
15.25, 4819439
15.26, 4819439
15.27, 4819439
15.28, 4819439
15.29, 4819439
15.3, 4819439
15.31, 4819439
15.32, 4819439
15.33, 4819439
15.34, 4819439
15.35, 4819439
15.36, 4819439
15.37, 4819439
15.38, 4819439
15.39, 4819439
15.4, 4819439
15.41, 4819439
15.42, 4819439
15.43, 4819439
15.44, 4819439
15.45, 4819439
15.46, 4819439
15.47, 4819439
15.48, 4819439
15.49, 4819439
15.5, 4819439
15.51, 4819439
15.52, 4819439
15.53, 4819439
15.54, 4819439
15.55, 4819439
15.56, 4819439
15.57, 4819439
15.58, 4819439
15.59, 4819439
15.6, 4819439
15.61, 4819439
15.62, 4819439
15.63, 4819439
15.64, 4819439
15.65, 4819439
15.66, 4819439
15.67, 4819439
15.68, 4819439
15.69, 4819439
15.7, 4819439
15.71, 4819439
15.72, 4819439
15.73, 4819439
15.74, 4819439
15.75, 4819439
15.76, 4819439
15.77, 4819439
15.78, 4819439
15.79, 4819439
15.8, 4819439
15.81, 4819439
15.82, 4819439
15.83, 4819439
15.84, 4819439
15.85, 4819439
15.86, 4819439
15.87, 4819439
15.88, 4819439
15.89, 4819439
15.9, 4819439
15.91, 4819439
15.92, 4819439
15.93, 4819439
15.94, 4819439
15.95, 4819439
15.96, 4819439
15.97, 4819439
15.98, 4819439
15.99, 4819439
16.0, 4819439
16.01, 4819439
16.02, 4819439
16.03, 4819439
16.04, 4819439
16.05, 4819439
16.06, 4819439
16.07, 4819439
16.08, 4819439
16.09, 4819439
16.1, 4819439
16.11, 4819439
16.12, 4819439
16.13, 4819439
16.14, 4819439
16.15, 4819439
16.16, 4819439
16.17, 4819439
16.18, 4819439
16.19, 4819439
16.2, 4819439
16.21, 4819439
16.22, 4819439
16.23, 4819439
16.24, 4819439
16.25, 4819439
16.26, 4819439
16.27, 4819439
16.28, 4819439
16.29, 4819439
16.3, 4819439
16.31, 4819439
16.32, 4819439
16.33, 4819439
16.34, 4819439
16.35, 4819439
16.36, 4819439
16.37, 4819439
16.38, 4819439
16.39, 4819439
16.4, 4819439
16.41, 4819439
16.42, 4819439
16.43, 4819439
16.44, 4819439
16.45, 4819439
16.46, 4819439
16.47, 4819439
16.48, 4819439
16.49, 4819439
16.5, 4819439
16.51, 4819439
16.52, 4819439
16.53, 4819439
16.54, 4819439
16.55, 4819439
16.56, 4819439
16.57, 4819439
16.58, 4819439
16.59, 4819439
16.6, 4819439
16.61, 4819439
16.62, 4819439
16.63, 4819439
16.64, 4819439
16.65, 4819439
16.66, 4819439
16.67, 4819439
16.68, 4819439
16.69, 4819439
16.7, 4819439
16.71, 4819439
16.72, 4819439
16.73, 4819439
16.74, 4819439
16.75, 4819439
16.76, 4819439
16.77, 4819439
16.78, 4819439
16.79, 4819439
16.8, 4819439
16.81, 4819439
16.82, 4819439
16.83, 4819439
16.84, 4819439
16.85, 4819439
16.86, 4819439
16.87, 4819439
16.88, 4819439
16.89, 4819439
16.9, 4819439
16.91, 4819439
16.92, 4819439
16.93, 4819439
16.94, 4819439
16.95, 4819439
16.96, 4819439
16.97, 4819439
16.98, 4819439
16.99, 4819439
17.0, 4819439
17.01, 4819439
17.02, 4819439
17.03, 4819439
17.04, 4819439
17.05, 4819439
17.06, 4819439
17.07, 4819439
17.08, 4819439
17.09, 4819439
17.1, 4819439
17.11, 4819439
17.12, 4819439
17.13, 4819439
17.14, 4819439
17.15, 4819439
17.16, 4819439
17.17, 4819439
17.18, 4819439
17.19, 4819439
17.2, 4819439
17.21, 4819439
17.22, 4819439
17.23, 4819439
17.24, 4819439
17.25, 4819439
17.26, 4819439
17.27, 4819439
17.28, 4819439
17.29, 4819439
17.3, 4819439
17.31, 4819439
17.32, 4819439
17.33, 4819439
17.34, 4819439
17.35, 4819439
17.36, 4819439
17.37, 4819439
17.38, 4819439
17.39, 4819439
17.4, 4819439
17.41, 4819439
17.42, 4819439
17.43, 4819439
17.44, 4819439
17.45, 4819439
17.46, 4819439
17.47, 4819439
17.48, 4819439
17.49, 4819439
17.5, 4819439
17.51, 4819439
17.52, 4819439
17.53, 4819439
17.54, 4819439
17.55, 4819439
17.56, 4819439
17.57, 4819439
17.58, 4819439
17.59, 4819439
17.6, 4819439
17.61, 4819439
17.62, 4819439
17.63, 4819439
17.64, 4819439
17.65, 4819439
17.66, 4819439
17.67, 4819439
17.68, 4819439
17.69, 4819439
17.7, 4819439
17.71, 4819439
17.72, 4819439
17.73, 4819439
17.74, 4819439
17.75, 4819439
17.76, 4819439
17.77, 4819439
17.78, 4819439
17.79, 4819439
17.8, 4819439
17.81, 4819439
17.82, 4819439
17.83, 4819439
17.84, 4819439
17.85, 4819439
17.86, 4819439
17.87, 4819439
17.88, 4819439
17.89, 4819439
17.9, 4819439
17.91, 4819439
17.92, 4819439
17.93, 4819439
17.94, 4819439
17.95, 4819439
17.96, 4819439
17.97, 4819439
17.98, 4819439
17.99, 4819439
18.0, 4819439
18.01, 4819439
18.02, 4819439
18.03, 4819439
18.04, 4819439
18.05, 4819439
18.06, 4819439
18.07, 4819439
18.08, 4819439
18.09, 4819439
18.1, 4819439
18.11, 4819439
18.12, 4819439
18.13, 4819439
18.14, 4819439
18.15, 4819439
18.16, 4819439
18.17, 4819439
18.18, 4819439
18.19, 4819439
18.2, 4819439
18.21, 4819439
18.22, 4819439
18.23, 4819439
18.24, 4819439
18.25, 4819439
18.26, 4819439
18.27, 4819439
18.28, 4819439
18.29, 4819439
18.3, 4819439
18.31, 4819439
18.32, 4819439
18.33, 4819439
18.34, 4819439
18.35, 4819439
18.36, 4819439
18.37, 4819439
18.38, 4819439
18.39, 4819439
18.4, 4819439
18.41, 4819439
18.42, 4819439
18.43, 4819439
18.44, 4819439
18.45, 4819439
18.46, 4819439
18.47, 4819439
18.48, 4819439
18.49, 4819439
18.5, 4819439
18.51, 4819439
18.52, 4819439
18.53, 4819439
18.54, 4819439
18.55, 4819439
18.56, 4819439
18.57, 4819439
18.58, 4819439
18.59, 4819439
18.6, 4819439
18.61, 4819439
18.62, 4819439
18.63, 4819439
18.64, 4819439
18.65, 4819439
18.66, 4819439
18.67, 4819439
18.68, 4819439
18.69, 4819439
18.7, 4819439
18.71, 4819439
18.72, 4819439
18.73, 4819439
18.74, 4819439
18.75, 4819439
18.76, 4819439
18.77, 4819439
18.78, 4819439
18.79, 4819439
18.8, 4819439
18.81, 4819439
18.82, 4819439
18.83, 4819439
18.84, 4819439
18.85, 4819439
18.86, 4819439
18.87, 4819439
18.88, 4819439
18.89, 4819439
18.9, 4819439
18.91, 4819439
18.92, 4819439
18.93, 4819439
18.94, 4819439
18.95, 4819439
18.96, 4819439
18.97, 4819439
18.98, 4819439
18.99, 4819439
19.0, 4819439
19.01, 4819439
19.02, 4819439
19.03, 4819439
19.04, 4819439
19.05, 4819439
19.06, 4819439
19.07, 4819439
19.08, 4819439
19.09, 4819439
19.1, 4819439
19.11, 4819439
19.12, 4819439
19.13, 4819439
19.14, 4819439
19.15, 4819439
19.16, 4819439
19.17, 4819439
19.18, 4819439
19.19, 4819439
19.2, 4819439
19.21, 4819439
19.22, 4819439
19.23, 4819439
19.24, 4819439
19.25, 4819439
19.26, 4819439
19.27, 4819439
19.28, 4819439
19.29, 4819439
19.3, 4819439
19.31, 4819439
19.32, 4819439
19.33, 4819439
19.34, 4819439
19.35, 4819439
19.36, 4819439
19.37, 4819439
19.38, 4819439
19.39, 4819439
19.42, 4819439
19.43, 4819439
19.44, 4819439
19.45, 4819439
19.46, 4819439
19.47, 4819439
19.48, 4819439
19.49, 4819439
19.5, 4819439
19.51, 4819439
19.52, 4819439
19.53, 4819439
19.54, 4819439
19.55, 4819439
19.56, 4819439
19.57, 4819439
19.58, 4819439
19.59, 4819439
19.6, 4819439
19.61, 4819439
19.62, 4819439
19.63, 4819439
19.64, 4819439
19.65, 4819439
19.66, 4819439
19.67, 4819439
19.68, 4819439
19.69, 4819439
19.7, 4819439
19.71, 4819439
19.72, 4819439
19.73, 4819439
19.74, 4819439
19.75, 4819439
19.76, 4819439
19.77, 4819439
19.78, 4819439
19.79, 4819439
19.8, 4819439
19.81, 4819439
19.82, 4819439
19.83, 4819439
19.84, 4819439
19.85, 4819439
19.86, 4819439
19.87, 4819439
19.88, 4819439
19.89, 4819439
19.9, 4819439
19.91, 4819439
19.92, 4819439
19.93, 4819439
19.94, 4819439
19.95, 4819439
19.96, 4819439
19.97, 4819439
19.98, 4819439
19.99, 4819439
20.0, 4819439
20.01, 4819439
20.02, 4819439
20.03, 4819439
20.04, 4819439
20.05, 4819439
20.06, 4819439
20.07, 4819439
20.08, 4819439
20.09, 4819439
20.1, 4819439
20.11, 4819439
20.12, 4819439
20.13, 4819439
20.14, 4819439
20.15, 4819439
20.16, 4819439
20.17, 4819439
20.18, 4819439
20.19, 4819439
20.2, 4819439
20.21, 4819439
20.22, 4819439
20.23, 4819439
20.24, 4819439
20.25, 4819439
20.26, 4819439
20.27, 4819439
20.28, 4819439
20.29, 4819439
20.3, 4819439
20.31, 4819439
20.32, 4819439
20.33, 4819439
20.34, 4819439
20.35, 4819439
20.36, 4819439
20.37, 4819439
20.38, 4819439
20.39, 4819439
20.4, 4819439
20.41, 4819439
20.42, 4819439
20.43, 4819439
20.44, 4819439
20.45, 4819439
20.46, 4819439
20.47, 4819439
20.48, 4819439
20.49, 4819439
20.5, 4819439
20.51, 4819439
20.52, 4819439
20.53, 4819439
20.54, 4819439
20.55, 4819439
20.56, 4819439
20.57, 4819439
20.58, 4819439
20.59, 4819439
20.6, 4819439
20.61, 4819439
20.62, 4819439
20.63, 4819439
20.64, 4819439
20.65, 4819439
20.66, 4819439
20.67, 4819439
20.68, 4819439
20.69, 4819439
20.7, 4819439
20.71, 4819439
20.72, 4819439
20.73, 4819439
20.74, 4819439
20.75, 4819439
20.76, 4819439
20.77, 4819439
20.78, 4819439
20.79, 4819439
20.8, 4819439
20.81, 4819439
20.82, 4819439
20.83, 4819439
20.84, 4819439
20.85, 4819439
20.86, 4819439
20.87, 4819439
20.88, 4819439
20.89, 4819439
20.9, 4819439
20.91, 4819439
20.92, 4819439
20.93, 4819439
20.94, 4819439
20.95, 4819439
20.96, 4819439
20.97, 4819439
20.98, 4819439
20.99, 4819439
21.0, 4819439
21.01, 4819439
21.02, 4819439
21.03, 4819439
21.04, 4819439
21.05, 4819439
21.06, 4819439
21.07, 4819439
21.08, 4819439
21.09, 4819439
21.1, 4819439
21.11, 4819439
21.12, 4819439
21.13, 4819439
21.14, 4819439
21.15, 4819439
21.16, 4819439
21.17, 4819439
21.18, 4819439
21.19, 4819439
21.2, 4819439
21.21, 4819439
21.22, 4819439
21.23, 4819439
21.24, 4819439
21.25, 4819439
21.26, 4819439
21.27, 4819439
21.28, 4819439
21.29, 4819439
21.3, 4819439
21.31, 4819439
21.32, 4819439
21.33, 4819439
21.34, 4819439
21.35, 4819439
21.36, 4819439
21.37, 4819439
21.38, 4819439
21.39, 4819439
21.4, 4819439
21.41, 4819439
21.42, 4819439
21.43, 4819439
21.44, 4819439
21.45, 4819439
21.46, 4819439
21.47, 4819439
21.48, 4819439
21.49, 4819439
21.5, 4819439
21.51, 4819439
21.52, 4819439
21.53, 4819439
21.54, 4819439
21.55, 4819439
21.56, 4819439
21.57, 4819439
21.58, 4819439
21.59, 4819439
21.6, 4819439
21.61, 4819439
21.62, 4819439
21.63, 4819439
21.64, 4819439
21.65, 4819439
21.66, 4819439
21.67, 4819439
21.68, 4819439
21.69, 4819439
21.7, 4819439
21.71, 4819439
21.72, 4819439
21.73, 4819439
21.74, 4819439
21.75, 4819439
21.76, 4819439
21.77, 4819439
21.78, 4819439
21.79, 4819439
21.8, 4819439
21.81, 4819439
21.82, 4819439
21.83, 4819439
21.84, 4819439
21.85, 4819439
21.86, 4819439
21.87, 4819439
21.88, 4819439
21.89, 4819439
21.9, 4819439
21.91, 4819439
21.92, 4819439
21.93, 4819439
21.94, 4819439
21.95, 4819439
21.96, 4819439
21.97, 4819439
21.98, 4819439
21.99, 4819439
22.0, 4819439
22.01, 4819439
22.02, 4819439
22.03, 4819439
22.04, 4819439
22.05, 4819439
22.06, 4819439
22.07, 4819439
22.08, 4819439
22.09, 4819439
22.1, 4819439
22.11, 4819439
22.12, 4819439
22.13, 4819439
22.14, 4819439
22.15, 4819439
22.16, 4819439
22.17, 4819439
22.18, 4819439
22.19, 4819439
22.2, 4819439
22.21, 4819439
22.22, 4819439
22.23, 4819439
22.24, 4819439
22.25, 4819439
22.26, 4819439
22.27, 4819439
22.28, 4819439
22.29, 4819439
22.3, 4819439
22.31, 4819439
22.32, 4819439
22.33, 4819439
22.34, 4819439
22.35, 4819439
22.36, 4819439
22.37, 4819439
22.38, 4819439
22.39, 4819439
22.4, 4819439
22.41, 4819439
22.42, 4819439
22.43, 4819439
22.44, 4819439
22.45, 4819439
22.46, 4819439
22.47, 4819439
22.48, 4819439
22.49, 4819439
22.5, 4819439
22.51, 4819439
22.52, 4819439
22.53, 4819439
22.54, 4819439
22.55, 4819439
22.56, 4819439
22.57, 4819439
22.58, 4819439
22.59, 4819439
22.6, 4819439
22.61, 4819439
22.62, 4819439
22.63, 4819439
22.64, 4819439
22.65, 4819439
22.66, 4819439
22.67, 4819439
22.68, 4819439
22.69, 4819439
22.7, 4819439
22.71, 4819439
22.72, 4819439
22.73, 4819439
22.74, 4819439
22.75, 4819439
22.76, 4819439
22.77, 4819439
22.78, 4819439
22.79, 4819439
22.8, 4819439
22.81, 4819439
22.82, 4819439
22.83, 4819439
22.84, 4819439
22.85, 4819439
22.86, 4819439
22.87, 4819439
22.88, 4819439
22.89, 4819439
22.9, 4819439
22.91, 4819439
22.92, 4819439
22.93, 4819439
22.94, 4819439
22.95, 4819439
22.96, 4819439
22.97, 4819439
22.98, 4819439
22.99, 4819439
23.0, 4819439
23.01, 4819439
23.02, 4819439
23.03, 4819439
23.04, 4819439
23.05, 4819439
23.06, 4819439
23.07, 4819439
23.08, 4819439
23.09, 4819439
23.1, 4819439
23.11, 4819439
23.12, 4819439
23.13, 4819439
23.14, 4819439
23.15, 4819439
23.16, 4819439
23.17, 4819439
23.18, 4819439
23.19, 4819439
23.2, 4819439
23.21, 4819439
23.22, 4819439
23.23, 4819439
23.24, 4819439
23.25, 4819439
23.26, 4819439
23.27, 4819439
23.28, 4819439
23.29, 4819439
23.3, 4819439
23.31, 4819439
23.32, 4819439
23.33, 4819439
23.34, 4819439
23.35, 4819439
23.36, 4819439
23.37, 4819439
23.38, 4819439
23.39, 4819439
23.4, 4819439
23.41, 4819439
23.42, 4819439
23.43, 4819439
23.44, 4819439
23.45, 4819439
23.46, 4819439
23.47, 4819439
23.48, 4819439
23.49, 4819439
23.5, 4819439
23.51, 4819439
23.52, 4819439
23.53, 4819439
23.54, 4819439
23.55, 4819439
23.56, 4819439
23.57, 4819439
23.58, 4819439
23.59, 4819439
23.6, 4819439
23.61, 4819439
23.62, 4819439
23.63, 4819439
23.64, 4819439
23.65, 4819439
23.66, 4819439
23.67, 4819439
23.68, 4819439
23.69, 4819439
23.7, 4819439
23.71, 4819439
23.72, 4819439
23.73, 4819439
23.74, 4819439
23.75, 4819439
23.76, 4819439
23.77, 4819439
23.78, 4819439
23.79, 4819439
23.8, 4819439
23.81, 4819439
23.82, 4819439
23.83, 4819439
23.84, 4819439
23.85, 4819439
23.86, 4819439
23.87, 4819439
23.88, 4819439
23.89, 4819439
23.9, 4819439
23.91, 4819439
23.92, 4819439
23.93, 4819439
23.94, 4819439
23.95, 4819439
23.96, 4819439
23.97, 4819439
23.98, 4819439
23.99, 4819439
24.0, 4819439
24.01, 4819439
24.02, 4819439
24.03, 4819439
24.04, 4819439
24.05, 4819439
24.06, 4819439
24.07, 4819439
24.08, 4819439
24.09, 4819439
24.1, 4819439
24.11, 4819439
24.12, 4819439
24.13, 4819439
24.14, 4819439
24.15, 4819439
24.16, 4819439
24.17, 4819439
24.18, 4819439
24.19, 4819439
24.2, 4819439
24.21, 4819439
24.22, 4819439
24.23, 4819439
24.24, 4819439
24.25, 4819439
24.26, 4819439
24.27, 4819439
24.28, 4819439
24.29, 4819439
24.3, 4819439
24.31, 4819439
24.32, 4819439
24.33, 4819439
24.34, 4819439
24.35, 4819439
24.36, 4819439
24.37, 4819439
24.38, 4819439
24.39, 4819439
24.4, 4819439
24.41, 4819439
24.42, 4819439
24.43, 4819439
24.44, 4819439
24.45, 4819439
24.46, 4819439
24.47, 4819439
24.48, 4819439
24.49, 4819439
24.5, 4819439
24.51, 4819439
24.52, 4819439
24.53, 4819439
24.54, 4819439
24.55, 4819439
24.56, 4819439
24.57, 4819439
24.58, 4819439
24.59, 4819439
24.6, 4819439
24.61, 4819439
24.62, 4819439
24.63, 4819439
24.64, 4819439
24.65, 4819439
24.66, 4819439
24.67, 4819439
24.68, 4819439
24.69, 4819439
24.7, 4819439
24.71, 4819439
24.72, 4819439
24.73, 4819439
24.74, 4819439
24.75, 4819439
24.76, 4819439
24.77, 4819439
24.78, 4819439
24.79, 4819439
24.8, 4819439
24.81, 4819439
24.82, 4819439
24.83, 4819439
24.84, 4819439
24.85, 4819439
24.86, 4819439
24.87, 4819439
24.88, 4819439
24.89, 4819439
24.9, 4819439
24.91, 4819439
24.92, 4819439
24.93, 4819439
24.94, 4819439
24.95, 4819439
24.96, 4819439
24.97, 4819439
24.98, 4819439
24.99, 4819439
25.0, 4819439
25.01, 4819439
25.02, 4819439
25.03, 4819439
25.04, 4819439
25.05, 4819439
25.06, 4819439
25.07, 4819439
25.08, 4819439
25.09, 4819439
25.1, 4819439
25.11, 4819439
25.12, 4819439
25.13, 4819439
25.14, 4819439
25.15, 4819439
25.16, 4819439
25.17, 4819439
25.18, 4819439
25.19, 4819439
25.2, 4819439
25.21, 4819439
25.22, 4819439
25.23, 4819439
25.24, 4819439
25.25, 4819439
25.26, 4819439
25.27, 4819439
25.28, 4819439
25.29, 4819439
25.3, 4819439
25.31, 4819439
25.32, 4819439
25.33, 4819439
25.34, 4819439
25.35, 4819439
25.36, 4819439
25.37, 4819439
25.38, 4819439
25.39, 4819439
25.4, 4819439
25.41, 4819439
25.42, 4819439
25.43, 4819439
25.44, 4819439
25.45, 4819439
25.46, 4819439
25.47, 4819439
25.48, 4819439
25.49, 4819439
25.5, 4819439
25.51, 4819439
25.52, 4819439
25.53, 4819439
25.54, 4819439
25.55, 4819439
25.56, 4819439
25.57, 4819439
25.58, 4819439
25.59, 4819439
25.6, 4819439
25.61, 4819439
25.62, 4819439
25.63, 4819439
25.64, 4819439
25.65, 4819439
25.66, 4819439
25.67, 4819439
25.68, 4819439
25.69, 4819439
25.7, 4819439
25.71, 4819439
25.72, 4819439
25.73, 4819439
25.74, 4819439
25.75, 4819439
25.76, 4819439
25.77, 4819439
25.78, 4819439
25.79, 4819439
25.8, 4819439
25.81, 4819439
25.82, 4819439
25.83, 4819439
25.84, 4819439
25.85, 4819439
25.86, 4819439
25.87, 4819439
25.88, 4819439
25.89, 4819439
25.9, 4819439
25.91, 4819439
25.92, 4819439
25.93, 4819439
25.94, 4819439
25.95, 4819439
25.96, 4819439
25.97, 4819439
25.98, 4819439
25.99, 4819439
26.0, 4819439
26.01, 4819439
26.02, 4819439
26.03, 4819439
26.04, 4819439
26.05, 4819439
26.06, 4819439
26.07, 4819439
26.08, 4819439
26.09, 4819439
26.1, 4819439
26.11, 4819439
26.12, 4819439
26.13, 4819439
26.14, 4819439
26.15, 4819439
26.16, 4819439
26.17, 4819439
26.18, 4819439
26.19, 4819439
26.2, 4819439
26.21, 4819439
26.22, 4819439
26.23, 4819439
26.24, 4819439
26.25, 4819439
26.26, 4819439
26.27, 4819439
26.28, 4819439
26.29, 4819439
26.3, 4819439
26.31, 4819439
26.32, 4819439
26.33, 4819439
26.34, 4819439
26.35, 4819439
26.36, 4819439
26.37, 4819439
26.38, 4819439
26.39, 4819439
26.4, 4819439
26.41, 4819439
26.42, 4819439
26.43, 4819439
26.44, 4819439
26.45, 4819439
26.46, 4819439
26.47, 4819439
26.48, 4819439
26.49, 4819439
26.5, 4819439
26.51, 4819439
26.52, 4819439
26.53, 4819439
26.54, 4819439
26.55, 4819439
26.56, 4819439
26.57, 4819439
26.58, 4819439
26.59, 4819439
26.6, 4819439
26.61, 4819439
26.62, 4819439
26.63, 4819439
26.64, 4819439
26.65, 4819439
26.66, 4819439
26.67, 4819439
26.68, 4819439
26.69, 4819439
26.7, 4819439
26.71, 4819439
26.72, 4819439
26.73, 4819439
26.74, 4819439
26.75, 4819439
26.76, 4819439
26.77, 4819439
26.78, 4819439
26.79, 4819439
26.8, 4819439
26.81, 4819439
26.82, 4819439
26.83, 4819439
26.84, 4819439
26.85, 4819439
26.86, 4819439
26.87, 4819439
26.88, 4819439
26.89, 4819439
26.9, 4819439
26.91, 4819439
26.92, 4819439
26.93, 4819439
26.94, 4819439
26.95, 4819439
26.96, 4819439
26.97, 4819439
26.98, 4819439
26.99, 4819439
27.0, 4819439
27.01, 4819439
27.02, 4819439
27.03, 4819439
27.04, 4819439
27.05, 4819439
27.06, 4819439
27.07, 4819439
27.08, 4819439
27.09, 4819439
27.1, 4819439
27.11, 4819439
27.12, 4819439
27.13, 4819439
27.14, 4819439
27.15, 4819439
27.16, 4819439
27.17, 4819439
27.18, 4819439
27.19, 4819439
27.2, 4819439
27.21, 4819439
27.22, 4819439
27.23, 4819439
27.24, 4819439
27.25, 4819439
27.26, 4819439
27.27, 4819439
27.28, 4819439
27.29, 4819439
27.3, 4819439
27.31, 4819439
27.32, 4819439
27.33, 4819439
27.34, 4819439
27.35, 4819439
27.36, 4819439
27.37, 4819439
27.38, 4819439
27.39, 4819439
27.4, 4819439
27.41, 4819439
27.42, 4819439
27.43, 4819439
27.44, 4819439
27.45, 4819439
27.46, 4819439
27.47, 4819439
27.48, 4819439
27.49, 4819439
27.5, 4819439
27.51, 4819439
27.52, 4819439
27.53, 4819439
27.54, 4819439
27.55, 4819439
27.56, 4819439
27.57, 4819439
27.58, 4819439
27.59, 4819439
27.6, 4819439
27.61, 4819439
27.62, 4819439
27.63, 4819439
27.64, 4819439
27.65, 4819439
27.66, 4819439
27.67, 4819439
27.68, 4819439
27.69, 4819439
27.7, 4819439
27.71, 4819439
27.72, 4819439
27.73, 4819439
27.74, 4819439
27.75, 4819439
27.76, 4819439
27.77, 4819439
27.78, 4819439
27.79, 4819439
27.8, 4819439
27.81, 4819439
27.82, 4819439
27.83, 4819439
27.84, 4819439
27.85, 4819439
27.86, 4819439
27.87, 4819439
27.88, 4819439
27.89, 4819439
27.9, 4819439
27.91, 4819439
27.92, 4819439
27.93, 4819439
27.94, 4819439
27.95, 4819439
27.96, 4819439
27.97, 4819439
27.98, 4819439
27.99, 4819439
28.0, 4819439
28.01, 4819439
28.02, 4819439
28.03, 4819439
28.04, 4819439
28.05, 4819439
28.06, 4819439
28.07, 4819439
28.08, 4819439
28.09, 4819439
28.1, 4819439
28.11, 4819439
28.12, 4819439
28.13, 4819439
28.14, 4819439
28.15, 4819439
28.16, 4819439
28.17, 4819439
28.18, 4819439
28.19, 4819439
28.2, 4819439
28.21, 4819439
28.22, 4819439
28.23, 4819439
28.24, 4819439
28.25, 4819439
28.26, 4819439
28.27, 4819439
28.28, 4819439
28.29, 4819439
28.3, 4819439
28.31, 4819439
28.32, 4819439
28.33, 4819439
28.34, 4819439
28.35, 4819439
28.36, 4819439
28.37, 4819439
28.38, 4819439
28.39, 4819439
28.4, 4819439
28.41, 4819439
28.42, 4819439
28.43, 4819439
28.44, 4819439
28.45, 4819439
28.46, 4819439
28.47, 4819439
28.48, 4819439
28.49, 4819439
28.5, 4819439
28.51, 4819439
28.52, 4819439
28.53, 4819439
28.54, 4819439
28.55, 4819439
28.56, 4819439
28.57, 4819439
28.58, 4819439
28.59, 4819439
28.6, 4819439
28.61, 4819439
28.62, 4819439
28.63, 4819439
28.64, 4819439
28.65, 4819439
28.66, 4819439
28.67, 4819439
28.68, 4819439
28.69, 4819439
28.7, 4819439
28.71, 4819439
28.72, 4819439
28.73, 4819439
28.74, 4819439
28.75, 4819439
28.76, 4819439
28.77, 4819439
28.78, 4819439
28.79, 4819439
28.8, 4819439
28.81, 4819439
28.82, 4819439
28.83, 4819439
28.84, 4819439
28.85, 4819439
28.86, 4819439
28.87, 4819439
28.88, 4819439
28.89, 4819439
28.9, 4819439
28.91, 4819439
28.92, 4819439
28.93, 4819439
28.94, 4819439
28.95, 4819439
28.96, 4819439
28.97, 4819439
28.98, 4819439
28.99, 4819439
29.0, 4819439
29.01, 4819439
29.02, 4819439
29.03, 4819439
29.04, 4819439
29.05, 4819439
29.06, 4819439
29.07, 4819439
29.08, 4819439
29.09, 4819439
29.1, 4819439
29.11, 4819439
29.12, 4819439
29.13, 4819439
29.14, 4819439
29.15, 4819439
29.16, 4819439
29.17, 4819439
29.18, 4819439
29.19, 4819439
29.2, 4819439
29.21, 4819439
29.22, 4819439
29.23, 4819439
29.24, 4819439
29.25, 4819439
29.26, 4819439
29.27, 4819439
29.28, 4819439
29.29, 4819439
29.3, 4819439
29.31, 4819439
29.32, 4819439
29.33, 4819439
29.34, 4819439
29.35, 4819439
29.36, 4819439
29.37, 4819439
29.38, 4819439
29.39, 4819439
29.4, 4819439
29.41, 4819439
29.42, 4819439
29.43, 4819439
29.44, 4819439
29.45, 4819439
29.46, 4819439
29.47, 4819439
29.48, 4819439
29.49, 4819439
29.5, 4819439
29.51, 4819439
29.52, 4819439
29.53, 4819439
29.54, 4819439
29.55, 4819439
29.56, 4819439
29.57, 4819439
29.58, 4819439
29.59, 4819439
29.6, 4819439
29.61, 4819439
29.62, 4819439
29.63, 4819439
29.64, 4819439
29.65, 4819439
29.66, 4819439
29.67, 4819439
29.68, 4819439
29.69, 4819439
29.7, 4819439
29.71, 4819439
29.72, 4819439
29.73, 4819439
29.74, 4819439
29.75, 4819439
29.76, 4819439
29.77, 4819439
29.78, 4819439
29.79, 4819439
29.8, 4819439
29.81, 4819439
29.82, 4819439
29.83, 4819439
29.84, 4819439
29.85, 4819439
29.86, 4819439
29.87, 4819439
29.88, 4819439
29.89, 4819439
29.9, 4819439
29.91, 4819439
29.92, 4819439
29.93, 4819439
29.94, 4819439
29.95, 4819439
29.96, 4819439
29.97, 4819439
29.98, 4819439
29.99, 4819439
30.0, 4819439
30.01, 4819439
30.02, 4819439
30.03, 4819439
30.04, 4819439
30.05, 4819439
30.06, 4819439
30.07, 4819439
30.08, 4819439
30.09, 4819439
30.1, 4819439
30.11, 4819439
30.12, 4819439
30.13, 4819439
30.14, 4819439
30.15, 4819439
30.16, 4819439
30.17, 4819439
30.18, 4819439
30.19, 4819439
30.2, 4819439
30.21, 4819439
30.22, 4819439
30.23, 4819439
30.24, 4819439
30.25, 4819439
30.26, 4819439
30.27, 4819439
30.28, 4819439
30.29, 4819439
30.3, 4819439
30.31, 4819439
30.32, 4819439
30.33, 4819439
30.34, 4819439
30.35, 4819439
30.36, 4819439
30.37, 4819439
30.38, 4819439
30.39, 4819439
30.4, 4819439
30.41, 4819439
30.42, 4819439
30.43, 4819439
30.44, 4819439
30.45, 4819439
30.46, 4819439
30.47, 4819439
30.48, 4819439
30.49, 4819439
30.5, 4819439
30.51, 4819439
30.52, 4819439
30.53, 4819439
30.54, 4819439
30.55, 4819439
30.56, 4819439
30.57, 4819439
30.58, 4819439
30.59, 4819439
30.6, 4819439
30.61, 4819439
30.62, 4819439
30.63, 4819439
30.64, 4819439
30.65, 4819439
30.66, 4819439
30.67, 4819439
30.68, 4819439
30.69, 4819439
30.7, 4819439
30.71, 4819439
30.72, 4819439
30.73, 4819439
30.74, 4819439
30.75, 4819439
30.76, 4819439
30.77, 4819439
30.78, 4819439
30.79, 4819439
30.8, 4819439
30.81, 4819439
30.82, 4819439
30.83, 4819439
30.84, 4819439
30.85, 4819439
30.86, 4819439
30.87, 4819439
30.88, 4819439
30.89, 4819439
30.9, 4819439
30.91, 4819439
30.92, 4819439
30.93, 4819439
30.94, 4819439
30.95, 4819439
30.96, 4819439
30.97, 4819439
30.98, 4819439
30.99, 4819439
31.0, 4819439
31.01, 4819439
31.02, 4819439
31.03, 4819439
31.04, 4819439
31.05, 4819439
31.06, 4819439
31.07, 4819439
31.08, 4819439
31.09, 4819439
31.1, 4819439
31.11, 4819439
31.12, 4819439
31.13, 4819439
31.14, 4819439
31.15, 4819439
31.16, 4819439
31.17, 4819439
31.18, 4819439
31.19, 4819439
31.2, 4819439
31.21, 4819439
31.22, 4819439
31.23, 4819439
31.24, 4819439
31.25, 4819439
31.26, 4819439
31.27, 4819439
31.28, 4819439
31.29, 4819439
31.3, 4819439
31.31, 4819439
31.32, 4819439
31.33, 4819439
31.34, 4819439
31.35, 4819439
31.36, 4819439
31.37, 4819439
31.38, 4819439
31.39, 4819439
31.4, 4819439
31.41, 4819439
31.42, 4819439
31.43, 4819439
31.44, 4819439
31.45, 4819439
31.46, 4819439
31.47, 4819439
31.48, 4819439
31.49, 4819439
31.5, 4819439
31.51, 4819439
31.52, 4819439
31.53, 4819439
31.54, 4819439
31.55, 4819439
31.56, 4819439
31.57, 4819439
31.58, 4819439
31.59, 4819439
31.6, 4819439
31.61, 4819439
31.62, 4819439
31.63, 4819439
31.64, 4819439
31.65, 4819439
31.66, 4819439
31.67, 4819439
31.68, 4819439
31.69, 4819439
31.7, 4819439
31.71, 4819439
31.72, 4819439
31.73, 4819439
31.74, 4819439
31.75, 4819439
31.76, 4819439
31.77, 4819439
31.78, 4819439
31.79, 4819439
31.8, 4819439
31.81, 4819439
31.82, 4819439
31.83, 4819439
31.84, 4819439
31.85, 4819439
31.86, 4819439
31.87, 4819439
31.88, 4819439
31.89, 4819439
31.9, 4819439
31.91, 4819439
31.92, 4819439
31.93, 4819439
31.94, 4819439
31.95, 4819439
31.96, 4819439
31.97, 4819439
31.98, 4819439
31.99, 4819439
32.0, 4819439
32.01, 4819439
32.02, 4819439
32.03, 4819439
32.04, 4819439
32.05, 4819439
32.06, 4819439
32.07, 4819439
32.08, 4819439
32.09, 4819439
32.1, 4819439
32.11, 4819439
32.12, 4819439
32.13, 4819439
32.14, 4819439
32.15, 4819439
32.16, 4819439
32.17, 4819439
32.18, 4819439
32.19, 4819439
32.2, 4819439
32.21, 4819439
32.22, 4819439
32.23, 4819439
32.24, 4819439
32.25, 4819439
32.26, 4819439
32.27, 4819439
32.28, 4819439
32.29, 4819439
32.3, 4819439
32.31, 4819439
32.32, 4819439
32.33, 4819439
32.34, 4819439
32.35, 4819439
32.36, 4819439
32.37, 4819439
32.38, 4819439
32.39, 4819439
32.4, 4819439
32.41, 4819439
32.42, 4819439
32.43, 4819439
32.44, 4819439
32.45, 4819439
32.46, 4819439
32.47, 4819439
32.48, 4819439
32.49, 4819439
32.5, 4819439
32.51, 4819439
32.52, 4819439
32.53, 4819439
32.54, 4819439
32.55, 4819439
32.56, 4819439
32.57, 4819439
32.58, 4819439
32.59, 4819439
32.6, 4819439
32.61, 4819439
32.62, 4819439
32.63, 4819439
32.64, 4819439
32.65, 4819439
32.66, 4819439
32.67, 4819439
32.68, 4819439
32.69, 4819439
32.7, 4819439
32.71, 4819439
32.72, 4819439
32.73, 4819439
32.74, 4819439
32.75, 4819439
32.76, 4819439
32.77, 4819439
32.78, 4819439
32.79, 4819439
32.8, 4819439
32.81, 4819439
32.82, 4819439
32.83, 4819439
32.84, 4819439
32.85, 4819439
32.86, 4819439
32.87, 4819439
32.88, 4819439
32.89, 4819439
32.9, 4819439
32.91, 4819439
32.92, 4819439
32.93, 4819439
32.94, 4819439
32.95, 4819439
32.96, 4819439
32.97, 4819439
32.98, 4819439
32.99, 4819439
33.0, 4819439
33.01, 4819439
33.02, 4819439
33.03, 4819439
33.04, 4819439
33.05, 4819439
33.06, 4819439
33.07, 4819439
33.08, 4819439
33.09, 4819439
33.1, 4819439
33.11, 4819439
33.12, 4819439
33.13, 4819439
33.14, 4819439
33.15, 4819439
33.16, 4819439
33.17, 4819439
33.18, 4819439
33.19, 4819439
33.2, 4819439
33.21, 4819439
33.22, 4819439
33.23, 4819439
33.24, 4819439
33.25, 4819439
33.26, 4819439
33.27, 4819439
33.28, 4819439
33.29, 4819439
33.3, 4819439
33.31, 4819439
33.32, 4819439
33.33, 4819439
33.34, 4819439
33.35, 4819439
33.36, 4819439
33.37, 4819439
33.38, 4819439
33.39, 4819439
33.4, 4819439
33.41, 4819439
33.42, 4819439
33.43, 4819439
33.44, 4819439
33.45, 4819439
33.46, 4819439
33.47, 4819439
33.48, 4819439
33.49, 4819439
33.5, 4819439
33.51, 4819439
33.52, 4819439
33.53, 4819439
33.54, 4819439
33.55, 4819439
33.56, 4819439
33.57, 4819439
33.58, 4819439
33.59, 4819439
33.6, 4819439
33.61, 4819439
33.62, 4819439
33.63, 4819439
33.64, 4819439
33.65, 4819439
33.66, 4819439
33.67, 4819439
33.68, 4819439
33.69, 4819439
33.7, 4819439
33.71, 4819439
33.72, 4819439
33.73, 4819439
33.74, 4819439
33.75, 4819439
33.76, 4819439
33.77, 4819439
33.78, 4819439
33.79, 4819439
33.8, 4819439
33.81, 4819439
33.82, 4819439
33.83, 4819439
33.84, 4819439
33.85, 4819439
33.86, 4819439
33.87, 4819439
33.88, 4819439
33.89, 4819439
33.9, 4819439
33.91, 4819439
33.92, 4819439
33.93, 4819439
33.94, 4819439
33.95, 4819439
33.96, 4819439
33.97, 4819439
33.98, 4819439
33.99, 4819439
34.0, 4819439
34.01, 4819439
34.02, 4819439
34.03, 4819439
34.04, 4819439
34.05, 4819439
34.06, 4819439
34.07, 4819439
34.08, 4819439
34.09, 4819439
34.1, 4819439
34.11, 4819439
34.12, 4819439
34.13, 4819439
34.14, 4819439
34.15, 4819439
34.16, 4819439
34.17, 4819439
34.18, 4819439
34.19, 4819439
34.2, 4819439
34.21, 4819439
34.22, 4819439
34.23, 4819439
34.24, 4819439
34.25, 4819439
34.26, 4819439
34.27, 4819439
34.28, 4819439
34.29, 4819439
34.3, 4819439
34.31, 4819439
34.32, 4819439
34.33, 4819439
34.34, 4819439
34.35, 4819439
34.36, 4819439
34.37, 4819439
34.38, 4819439
34.39, 4819439
34.4, 4819439
34.41, 4819439
34.42, 4819439
34.43, 4819439
34.44, 4819439
34.45, 4819439
34.46, 4819439
34.47, 4819439
34.48, 4819439
34.49, 4819439
34.5, 4819439
34.51, 4819439
34.52, 4819439
34.53, 4819439
34.54, 4819439
34.55, 4819439
34.56, 4819439
34.57, 4819439
34.58, 4819439
34.59, 4819439
34.6, 4819439
34.61, 4819439
34.62, 4819439
34.63, 4819439
34.64, 4819439
34.65, 4819439
34.66, 4819439
34.67, 4819439
34.68, 4819439
34.69, 4819439
34.7, 4819439
34.71, 4819439
34.72, 4819439
34.73, 4819439
34.74, 4819439
34.75, 4819439
34.76, 4819439
34.77, 4819439
34.78, 4819439
34.79, 4819439
34.8, 4819439
34.81, 4819439
34.82, 4819439
34.83, 4819439
34.84, 4819439
34.85, 4819439
34.86, 4819439
34.87, 4819439
34.88, 4819439
34.89, 4819439
34.9, 4819439
34.91, 4819439
34.92, 4819439
34.93, 4819439
34.94, 4819439
34.95, 4819439
34.96, 4819439
34.97, 4819439
34.98, 4819439
34.99, 4819439
35.0, 4819439
35.01, 4819439
35.02, 4819439
35.03, 4819439
35.04, 4819439
35.05, 4819439
35.06, 4819439
35.07, 4819439
35.08, 4819439
35.09, 4819439
35.1, 4819439
35.11, 4819439
35.12, 4819439
35.13, 4819439
35.14, 4819439
35.15, 4819439
35.16, 4819439
35.17, 4819439
35.18, 4819439
35.19, 4819439
35.2, 4819439
35.21, 4819439
35.22, 4819439
35.23, 4819439
35.24, 4819439
35.25, 4819439
35.26, 4819439
35.27, 4819439
35.28, 4819439
35.29, 4819439
35.3, 4819439
35.31, 4819439
35.32, 4819439
35.33, 4819439
35.34, 4819439
35.35, 4819439
35.36, 4819439
35.37, 4819439
35.38, 4819439
35.39, 4819439
35.4, 4819439
35.41, 4819439
35.42, 4819439
35.43, 4819439
35.44, 4819439
35.45, 4819439
35.46, 4819439
35.47, 4819439
35.48, 4819439
35.49, 4819439
35.5, 4819439
35.51, 4819439
35.52, 4819439
35.53, 4819439
35.54, 4819439
35.55, 4819439
35.56, 4819439
35.57, 4819439
35.58, 4819439
35.59, 4819439
35.6, 4819439
35.61, 4819439
35.62, 4819439
35.63, 4819439
35.64, 4819439
35.65, 4819439
35.66, 4819439
35.67, 4819439
35.68, 4819439
35.69, 4819439
35.7, 4819439
35.71, 4819439
35.72, 4819439
35.73, 4819439
35.74, 4819439
35.75, 4819439
35.76, 4819439
35.77, 4819439
35.78, 4819439
35.79, 4819439
35.8, 4819439
35.81, 4819439
35.82, 4819439
35.83, 4819439
35.84, 4819439
35.85, 4819439
35.86, 4819439
35.87, 4819439
35.88, 4819439
35.89, 4819439
35.9, 4819439
35.91, 4819439
35.92, 4819439
35.93, 4819439
35.94, 4819439
35.95, 4819439
35.96, 4819439
35.97, 4819439
35.98, 4819439
35.99, 4819439
36.0, 4819439
36.01, 4819439
36.02, 4819439
36.03, 4819439
36.04, 4819439
36.05, 4819439
36.06, 4819439
36.07, 4819439
36.08, 4819439
36.09, 4819439
36.1, 4819439
36.11, 4819439
36.12, 4819439
36.13, 4819439
36.14, 4819439
36.15, 4819439
36.16, 4819439
36.17, 4819439
36.18, 4819439
36.19, 4819439
36.2, 4819439
36.21, 4819439
36.22, 4819439
36.23, 4819439
36.24, 4819439
36.25, 4819439
36.26, 4819439
36.27, 4819439
36.28, 4819439
36.29, 4819439
36.3, 4819439
36.31, 4819439
36.32, 4819439
36.33, 4819439
36.34, 4819439
36.35, 4819439
36.36, 4819439
36.37, 4819439
36.38, 4819439
36.39, 4819439
36.4, 4819439
36.41, 4819439
36.42, 4819439
36.43, 4819439
36.44, 4819439
36.45, 4819439
36.46, 4819439
36.47, 4819439
36.48, 4819439
36.49, 4819439
36.5, 4819439
36.51, 4819439
36.52, 4819439
36.53, 4819439
36.54, 4819439
36.55, 4819439
36.56, 4819439
36.57, 4819439
36.58, 4819439
36.59, 4819439
36.6, 4819439
36.61, 4819439
36.62, 4819439
36.63, 4819439
36.64, 4819439
36.65, 4819439
36.66, 4819439
36.67, 4819439
36.68, 4819439
36.69, 4819439
36.7, 4819439
36.71, 4819439
36.72, 4819439
36.73, 4819439
36.74, 4819439
36.75, 4819439
36.76, 4819439
36.77, 4819439
36.78, 4819439
36.79, 4819439
36.8, 4819439
36.81, 4819439
36.82, 4819439
36.83, 4819439
36.84, 4819439
36.85, 4819439
36.86, 4819439
36.87, 4819439
36.88, 4819439
36.89, 4819439
36.9, 4819439
36.91, 4819439
36.92, 4790086
36.93, 4790086
36.94, 4790086
36.95, 4790086
36.96, 4790086
36.97, 4790086
36.98, 4790086
36.99, 4790086
37.0, 4790086
37.01, 4790086
37.02, 4790086
37.03, 4790086
37.04, 4790086
37.05, 4790086
37.06, 4790086
37.07, 4790086
37.08, 4790086
37.09, 4790086
37.1, 4790086
37.11, 4790086
37.12, 4790086
37.13, 4790086
37.14, 4790086
37.15, 4790086
37.16, 4790086
37.17, 4790086
37.18, 4790086
37.2, 4790086
37.21, 4790086
37.22, 4790086
37.23, 4790086
37.24, 4790086
37.25, 4790086
37.26, 4790086
37.27, 4790086
37.28, 4790086
37.29, 4790086
37.3, 4790086
37.31, 4790086
37.32, 4790086
37.33, 4790086
37.34, 4790086
37.35, 4790086
37.36, 4790086
37.37, 4790086
37.38, 4790086
37.39, 4790086
37.4, 4790086
37.41, 4790086
37.42, 4790086
37.43, 4790086
37.44, 4790086
37.45, 4790086
37.46, 4790086
37.47, 4790086
37.48, 4790086
37.49, 4790086
37.5, 4790086
37.51, 4790086
37.52, 4790086
37.53, 4790086
37.54, 4790086
37.55, 4790086
37.56, 4790086
37.57, 4790086
37.58, 4790086
37.59, 4790086
37.6, 4790086
37.61, 4790086
37.62, 4790086
37.63, 4790086
37.64, 4790086
37.65, 4790086
37.66, 4790086
37.67, 4790086
37.68, 4790086
37.69, 4790086
37.7, 4790086
37.71, 4790086
37.72, 4790086
37.73, 4790086
37.74, 4790086
37.75, 4790086
37.76, 4790086
37.77, 4790086
37.78, 4790086
37.79, 4790086
37.8, 4790086
37.81, 4790086
37.82, 4790086
37.83, 4790086
37.84, 4790086
37.85, 4790086
37.86, 4790086
37.87, 4790086
37.88, 4790086
37.89, 4790086
37.9, 4790086
37.91, 4790086
37.92, 4790086
37.93, 4790086
37.94, 4790086
37.95, 4790086
37.96, 4790086
37.97, 4790086
37.98, 4790086
37.99, 4790086
38.0, 4790086
38.01, 4790086
38.02, 4790086
38.03, 4790086
38.04, 4790086
38.05, 4790086
38.06, 4790086
38.07, 4790086
38.08, 4790086
38.09, 4790086
38.1, 4790086
38.11, 4790086
38.12, 4790086
38.13, 4790086
38.14, 4790086
38.15, 4790086
38.16, 4790086
38.17, 4790086
38.18, 4790086
38.19, 4790086
38.2, 4790086
38.21, 4790086
38.22, 4790086
38.23, 4790086
38.24, 4790086
38.25, 4790086
38.26, 4790086
38.27, 4790086
38.28, 4790086
38.29, 4790086
38.3, 4790086
38.31, 4790086
38.32, 4790086
38.33, 4790086
38.34, 4790086
38.35, 4790086
38.36, 4790086
38.37, 4790086
38.38, 4790086
38.39, 4790086
38.4, 4790086
38.41, 4790086
38.42, 4790086
38.43, 4790086
38.44, 4790086
38.45, 4790086
38.46, 4790086
38.47, 4790086
38.48, 4790086
38.49, 4790086
38.5, 4790086
38.51, 4790086
38.52, 4790086
38.53, 4790086
38.54, 4790086
38.55, 4790086
38.56, 4790086
38.57, 4790086
38.58, 4790086
38.59, 4790086
38.6, 4790086
38.61, 4790086
38.62, 4790086
38.63, 4790086
38.64, 4790086
38.65, 4790086
38.66, 4790086
38.67, 4790086
38.68, 4790086
38.69, 4790086
38.7, 4790086
38.71, 4790086
38.72, 4790086
38.73, 4790086
38.74, 4790086
38.75, 4790086
38.76, 4790086
38.77, 4790086
38.78, 4790086
38.79, 4790086
38.8, 4790086
38.81, 4790086
38.82, 4790086
38.83, 4790086
38.84, 4790086
38.85, 4790086
38.86, 4790086
38.87, 4790086
38.88, 4790086
38.89, 4790086
38.9, 4790086
38.91, 4790086
38.92, 4790086
38.93, 4790086
38.94, 4790086
38.95, 4790086
38.96, 4790086
38.97, 4790086
38.98, 4790086
38.99, 4790086
39.0, 4790086
39.01, 4790086
39.02, 4790086
39.03, 4790086
39.04, 4790086
39.05, 4790086
39.06, 4790086
39.07, 4790086
39.08, 4790086
39.09, 4790086
39.1, 4790086
39.11, 4790086
39.12, 4790086
39.13, 4790086
39.14, 4790086
39.15, 4790086
39.16, 4790086
39.17, 4790086
39.18, 4790086
39.19, 4790086
39.2, 4790086
39.21, 4790086
39.22, 4790086
39.23, 4790086
39.24, 4790086
39.25, 4790086
39.26, 4790086
39.27, 4790086
39.28, 4790086
39.29, 4790086
39.3, 4790086
39.31, 4790086
39.32, 4790086
39.33, 4790086
39.34, 4790086
39.35, 4790086
39.36, 4790086
39.37, 4790086
39.38, 4790086
39.39, 4790086
39.4, 4790086
39.41, 4790086
39.42, 4790086
39.43, 4790086
39.44, 4790086
39.45, 4790086
39.46, 4790086
39.47, 4790086
39.48, 4790086
39.49, 4790086
39.5, 4790086
39.51, 4790086
39.52, 4790086
39.53, 4790086
39.54, 4790086
39.55, 4790086
39.56, 4790086
39.57, 4790086
39.58, 4790086
39.59, 4790086
39.6, 4790086
39.61, 4790086
39.62, 4790086
39.63, 4790086
39.64, 4790086
39.65, 4790086
39.66, 4790086
39.67, 4790086
39.68, 4790086
39.69, 4790086
39.7, 4790086
39.71, 4790086
39.72, 4790086
39.73, 4790086
39.74, 4790086
39.75, 4790086
39.76, 4790086
39.77, 4790086
39.78, 4790086
39.79, 4790086
39.8, 4790086
39.81, 4790086
39.82, 4790086
39.83, 4790086
39.84, 4790086
39.85, 4790086
39.86, 4790086
39.87, 4790086
39.88, 4790086
39.89, 4790086
39.9, 4790086
39.91, 4790086
39.92, 4790086
39.93, 4790086
39.94, 4790086
39.95, 4790086
39.96, 4790086
39.97, 4790086
39.98, 4790086
39.99, 4790086
40.0, 4790086
40.01, 4790086
40.02, 4790086
40.03, 4790086
40.04, 4790086
40.05, 4790086
40.06, 4790086
40.07, 4790086
40.08, 4790086
40.09, 4790086
40.1, 4790086
40.11, 4790086
40.12, 4790086
40.13, 4790086
40.14, 4790086
40.15, 4790086
40.16, 4790086
40.17, 4790086
40.18, 4790086
40.19, 4790086
40.2, 4790086
40.21, 4790086
40.22, 4790086
40.23, 4790086
40.24, 4790086
40.25, 4790086
40.26, 4790086
40.27, 4790086
40.28, 4790086
40.29, 4790086
40.3, 4790086
40.31, 4790086
40.32, 4790086
40.33, 4790086
40.34, 4790086
40.35, 4790086
40.36, 4790086
40.37, 4790086
40.38, 4790086
40.39, 4790086
40.4, 4790086
40.41, 4790086
40.42, 4790086
40.43, 4790086
40.44, 4790086
40.45, 4790086
40.46, 4790086
40.47, 4790086
40.48, 4790086
40.49, 4790086
40.5, 4790086
40.51, 4790086
40.52, 4790086
40.53, 4790086
40.54, 4790086
40.55, 4790086
40.56, 4790086
40.57, 4790086
40.58, 4790086
40.59, 4790086
40.6, 4790086
40.61, 4790086
40.62, 4790086
40.63, 4790086
40.64, 4790086
40.65, 4790086
40.66, 4790086
40.67, 4790086
40.68, 4790086
40.69, 4790086
40.7, 4790086
40.71, 4790086
40.72, 4790086
40.73, 4790086
40.74, 4790086
40.75, 4790086
40.76, 4790086
40.77, 4790086
40.78, 4790086
40.79, 4790086
40.8, 4790086
40.81, 4790086
40.82, 4790086
40.83, 4790086
40.84, 4790086
40.85, 4790086
40.86, 4790086
40.87, 4790086
40.88, 4790086
40.89, 4790086
40.9, 4790086
40.91, 4790086
40.92, 4790086
40.93, 4790086
40.94, 4790086
40.95, 4790086
40.96, 4790086
40.97, 4790086
40.98, 4790086
40.99, 4790086
41.0, 4790086
41.01, 4790086
41.02, 4790086
41.03, 4790086
41.04, 4790086
41.05, 4790086
41.06, 4790086
41.07, 4790086
41.08, 4790086
41.09, 4790086
41.1, 4790086
41.11, 4790086
41.12, 4790086
41.13, 4790086
41.14, 4790086
41.15, 4790086
41.16, 4790086
41.17, 4790086
41.18, 4790086
41.19, 4790086
41.2, 4790086
41.21, 4790086
41.22, 4790086
41.23, 4790086
41.24, 4790086
41.25, 4790086
41.26, 4790086
41.27, 4790086
41.28, 4790086
41.29, 4790086
41.3, 4790086
41.31, 4790086
41.32, 4790086
41.33, 4790086
41.34, 4790086
41.35, 4790086
41.36, 4790086
41.37, 4790086
41.38, 4790086
41.39, 4790086
41.4, 4790086
41.41, 4790086
41.42, 4790086
41.43, 4790086
41.44, 4790086
41.45, 4790086
41.46, 4790086
41.47, 4790086
41.48, 4790086
41.49, 4790086
41.5, 4790086
41.51, 4790086
41.52, 4790086
41.53, 4790086
41.54, 4790086
41.55, 4790086
41.56, 4790086
41.57, 4790086
41.58, 4790086
41.59, 4790086
41.6, 4790086
41.61, 4790086
41.62, 4790086
41.63, 4790086
41.64, 4790086
41.65, 4790086
41.66, 4790086
41.67, 4790086
41.68, 4790086
41.69, 4790086
41.7, 4790086
41.71, 4790086
41.72, 4790086
41.73, 4790086
41.74, 4790086
41.75, 4790086
41.76, 4790086
41.77, 4790086
41.78, 4790086
41.79, 4790086
41.8, 4790086
41.81, 4790086
41.82, 4790086
41.83, 4790086
41.84, 4790086
41.85, 4790086
41.86, 4790086
41.87, 4790086
41.88, 4790086
41.89, 4790086
41.9, 4790086
41.91, 4790086
41.92, 4790086
41.93, 4790086
41.94, 4790086
41.95, 4790086
41.96, 4790086
41.97, 4790086
41.98, 4790086
41.99, 4790086
42.0, 4790086
42.01, 4790086
42.02, 4790086
42.03, 4790086
42.04, 4790086
42.05, 4790086
42.06, 4790086
42.07, 4790086
42.08, 4790086
42.09, 4790086
42.1, 4790086
42.11, 4790086
42.12, 4790086
42.13, 4790086
42.14, 4790086
42.15, 4790086
42.16, 4790086
42.17, 4790086
42.18, 4790086
42.19, 4790086
42.2, 4790086
42.21, 4790086
42.22, 4790086
42.23, 4790086
42.24, 4790086
42.25, 4790086
42.26, 4790086
42.27, 4790086
42.28, 4790086
42.29, 4790086
42.3, 4790086
42.31, 4790086
42.32, 4790086
42.33, 4790086
42.34, 4790086
42.35, 4790086
42.36, 4790086
42.37, 4790086
42.38, 4790086
42.39, 4790086
42.4, 4790086
42.41, 4790086
42.42, 4790086
42.43, 4790086
42.44, 4790086
42.45, 4790086
42.46, 4790086
42.47, 4790086
42.48, 4790086
42.49, 4790086
42.5, 4790086
42.51, 4790086
42.52, 4790086
42.53, 4790086
42.54, 4790086
42.55, 4790086
42.56, 4790086
42.57, 4790086
42.58, 4790086
42.59, 4790086
42.6, 4790086
42.61, 4790086
42.62, 4790086
42.63, 4790086
42.64, 4790086
42.65, 4790086
42.66, 4790086
42.67, 4790086
42.68, 4790086
42.69, 4790086
42.7, 4790086
42.71, 4790086
42.72, 4790086
42.73, 4790086
42.74, 4790086
42.75, 4790086
42.76, 4790086
42.77, 4790086
42.78, 4790086
42.79, 4790086
42.8, 4790086
42.81, 4790086
42.82, 4790086
42.83, 4790086
42.84, 4790086
42.85, 4790086
42.86, 4790086
42.87, 4790086
42.88, 4790086
42.89, 4790086
42.9, 4790086
42.91, 4790086
42.92, 4790086
42.93, 4790086
42.94, 4790086
42.95, 4790086
42.96, 4790086
42.97, 4790086
42.98, 4790086
42.99, 4740043
43.0, 4740043
43.01, 4740043
43.02, 4740043
43.03, 4740043
43.04, 4734750
43.05, 4734750
43.06, 4734750
43.07, 4734750
43.08, 4734750
43.09, 4734750
43.1, 4734750
43.11, 4734750
43.12, 4734750
43.13, 4734750
43.14, 4734750
43.15, 4734750
43.16, 4734750
43.17, 4734750
43.18, 4734750
43.19, 4734750
43.2, 4734750
43.21, 4734750
43.22, 4734750
43.23, 4734750
43.24, 4734750
43.25, 4734750
43.26, 4734750
43.27, 4734750
43.28, 4734750
43.29, 4734750
43.3, 4734750
43.31, 4734750
43.32, 4734750
43.33, 4734750
43.34, 4734750
43.35, 4734750
43.36, 4734750
43.37, 4734750
43.38, 4734750
43.39, 4734750
43.4, 4734750
43.41, 4734750
43.42, 4734750
43.43, 4734750
43.44, 4734750
43.45, 4734750
43.46, 4734750
43.47, 4734750
43.48, 4734750
43.49, 4734750
43.5, 4734750
43.51, 4734750
43.52, 4734750
43.53, 4734750
43.54, 4734750
43.55, 4734750
43.56, 4734750
43.57, 4734750
43.58, 4734750
43.59, 4734750
43.6, 4734750
43.61, 4734750
43.62, 4734750
43.63, 4734750
43.64, 4734750
43.65, 4734750
43.66, 4734750
43.67, 4734750
43.68, 4734750
43.69, 4734750
43.7, 4734750
43.71, 4734750
43.72, 4734750
43.73, 4734750
43.74, 4734750
43.75, 4734750
43.76, 4734750
43.77, 4734750
43.78, 4734750
43.79, 4734750
43.8, 4734750
43.81, 4734750
43.82, 4734750
43.83, 4734750
43.84, 4734750
43.85, 4734750
43.86, 4734750
43.87, 4734750
43.88, 4734750
43.89, 4734750
43.9, 4734750
43.91, 4734750
43.92, 4734750
43.93, 4734750
43.94, 4734750
43.95, 4734750
43.96, 4734750
43.97, 4734750
43.98, 4734750
43.99, 4734750
44.0, 4734750
44.01, 4734750
44.02, 4734750
44.03, 4734750
44.04, 4734750
44.05, 4734750
44.06, 4734750
44.07, 4734750
44.08, 4734750
44.09, 4734750
44.1, 4734750
44.11, 4734750
44.12, 4734750
44.13, 4734750
44.14, 4734750
44.15, 4734750
44.16, 4734750
44.17, 4734750
44.18, 4734750
44.19, 4734750
44.2, 4734750
44.21, 4734750
44.22, 4734750
44.23, 4734750
44.24, 4734750
44.25, 4734750
44.26, 4734750
44.27, 4734750
44.28, 4734750
44.29, 4734750
44.3, 4734750
44.31, 4734750
44.32, 4734750
44.33, 4734750
44.34, 4734750
44.35, 4734750
44.36, 4734750
44.37, 4734750
44.38, 4734750
44.39, 4734750
44.4, 4734750
44.41, 4734750
44.42, 4734750
44.43, 4734750
44.44, 4734750
44.45, 4734750
44.46, 4734750
44.47, 4734750
44.48, 4734750
44.49, 4734750
44.5, 4734750
44.51, 4734750
44.52, 4734750
44.53, 4734750
44.54, 4734750
44.55, 4734750
44.56, 4734750
44.57, 4734750
44.58, 4734750
44.59, 4734750
44.6, 4734750
44.61, 4734750
44.62, 4734750
44.63, 4734750
44.64, 4734750
44.65, 4734750
44.66, 4734750
44.67, 4734750
44.68, 4734750
44.69, 4734750
44.7, 4734750
44.71, 4734750
44.72, 4734750
44.73, 4734750
44.74, 4734750
44.75, 4734750
44.76, 4734750
44.77, 4734750
44.78, 4734750
44.79, 4734750
44.8, 4734750
44.81, 4734750
44.82, 4734750
44.83, 4734750
44.84, 4734750
44.85, 4734750
44.86, 4734750
44.87, 4734750
44.88, 4734750
44.89, 4734750
44.9, 4734750
44.91, 4734750
44.92, 4734750
44.93, 4734750
44.94, 4734750
44.95, 4734750
44.96, 4734750
44.97, 4734750
44.98, 4734750
44.99, 4734750
45.0, 4734750
45.01, 4734750
45.02, 4734750
45.03, 4734750
45.04, 4734750
45.05, 4734750
45.06, 4734750
45.07, 4734750
45.08, 4734750
45.09, 4734750
45.1, 4734750
45.11, 4734750
45.12, 4734750
45.13, 4734750
45.14, 4734750
45.15, 4734750
45.16, 4734750
45.17, 4734750
45.18, 4734750
45.19, 4734750
45.2, 4734750
45.21, 4734750
45.22, 4734750
45.23, 4734750
45.24, 4734750
45.25, 4734750
45.26, 4734750
45.27, 4734750
45.28, 4734750
45.29, 4734750
45.3, 4734750
45.31, 4734750
45.32, 4734750
45.33, 4734750
45.34, 4734750
45.35, 4734750
45.36, 4734750
45.37, 4734750
45.38, 4734750
45.39, 4734750
45.4, 4734750
45.41, 4734750
45.42, 4734750
45.43, 4734750
45.44, 4734750
45.45, 4734750
45.46, 4734750
45.47, 4734750
45.48, 4734750
45.49, 4734750
45.5, 4734750
45.51, 4734750
45.52, 4734750
45.53, 4734750
45.54, 4734750
45.55, 4734750
45.56, 4734750
45.57, 4734750
45.58, 4734750
45.59, 4734750
45.6, 4734750
45.61, 4734750
45.62, 4734750
45.63, 4734750
45.64, 4734750
45.65, 4734750
45.66, 4734750
45.67, 4734750
45.68, 4734750
45.69, 4734750
45.7, 4734750
45.71, 4734750
45.72, 4734750
45.73, 4734750
45.74, 4734750
45.75, 4734750
45.76, 4734750
45.77, 4734750
45.78, 4734750
45.79, 4734750
45.8, 4734750
45.81, 4734750
45.82, 4734750
45.83, 4734750
45.84, 4734750
45.85, 4734750
45.86, 4734750
45.87, 4734750
45.88, 4734750
45.89, 4734750
45.9, 4734750
45.91, 4734750
45.92, 4734750
45.93, 4734750
45.94, 4734750
45.95, 4734750
45.96, 4734750
45.97, 4734750
45.98, 4734750
45.99, 4734750
46.0, 4734750
46.01, 4734750
46.02, 4734750
46.03, 4734750
46.04, 4734750
46.05, 4734750
46.06, 4734750
46.07, 4734750
46.08, 4734750
46.09, 4734750
46.1, 4734750
46.11, 4734750
46.12, 4734750
46.13, 4734750
46.14, 4734750
46.15, 4734750
46.16, 4734750
46.17, 4734750
46.18, 4734750
46.19, 4734750
46.2, 4734750
46.21, 4734750
46.22, 4734750
46.23, 4734750
46.24, 4734750
46.25, 4734750
46.26, 4734750
46.27, 4734750
46.28, 4734750
46.29, 4734750
46.3, 4734750
46.31, 4734750
46.32, 4734750
46.33, 4734750
46.34, 4734750
46.35, 4734750
46.36, 4734750
46.37, 4734750
46.38, 4734750
46.39, 4734750
46.4, 4734750
46.41, 4734750
46.42, 4734750
46.43, 4734750
46.44, 4734750
46.45, 4734750
46.46, 4734750
46.47, 4734750
46.48, 4734750
46.49, 4734750
46.5, 4734750
46.51, 4734750
46.52, 4734750
46.53, 4734750
46.54, 4734750
46.55, 4734750
46.56, 4734750
46.57, 4734750
46.58, 4734750
46.59, 4734750
46.6, 4734750
46.61, 4734750
46.62, 4734750
46.63, 4734750
46.64, 4734750
46.65, 4734750
46.66, 4734750
46.67, 4734750
46.68, 4734750
46.69, 4734750
46.7, 4734750
46.71, 4734750
46.72, 4734750
46.73, 4734750
46.74, 4734750
46.75, 4734750
46.76, 4734750
46.77, 4734750
46.78, 4734750
46.79, 4734750
46.8, 4734750
46.81, 4734750
46.82, 4734750
46.83, 4734750
46.84, 4734750
46.85, 4734750
46.86, 4734750
46.87, 4734750
46.88, 4734750
46.89, 4734750
46.9, 4734750
46.91, 4734750
46.92, 4734750
46.93, 4734750
46.94, 4734750
46.95, 4734750
46.96, 4734750
46.97, 4734750
46.98, 4734750
46.99, 4734750
47.0, 4734750
47.01, 4734750
47.02, 4734750
47.03, 4734750
47.04, 4734750
47.05, 4734750
47.06, 4734750
47.07, 4734750
47.08, 4734750
47.09, 4734750
47.1, 4734750
47.11, 4734750
47.12, 4734750
47.13, 4734750
47.14, 4734750
47.15, 4734750
47.16, 4734750
47.17, 4734750
47.18, 4734750
47.19, 4734750
47.2, 4734750
47.21, 4734750
47.22, 4734750
47.23, 4734750
47.24, 4734750
47.25, 4734750
47.26, 4734750
47.27, 4734750
47.28, 4734750
47.29, 4734750
47.3, 4734750
47.31, 4734750
47.32, 4734750
47.33, 4734750
47.34, 4734750
47.35, 4734750
47.36, 4734750
47.37, 4734750
47.38, 4734750
47.39, 4734750
47.4, 4734750
47.41, 4734750
47.42, 4734750
47.43, 4734750
47.44, 4734750
47.45, 4734750
47.46, 4734750
47.47, 4734750
47.48, 4734750
47.49, 4734750
47.5, 4734750
47.51, 4734750
47.52, 4734750
47.53, 4734750
47.54, 4734750
47.55, 4734750
47.56, 4734750
47.57, 4734750
47.58, 4734750
47.59, 4734750
47.6, 4734750
47.61, 4734750
47.62, 4734750
47.63, 4734750
47.64, 4734750
47.65, 4734750
47.66, 4734750
47.67, 4734750
47.68, 4734750
47.69, 4734750
47.7, 4734750
47.71, 4734750
47.72, 4734750
47.73, 4734750
47.74, 4734750
47.75, 4734750
47.76, 4734750
47.77, 4734750
47.78, 4734750
47.79, 4734750
47.8, 4734750
47.81, 4734750
47.82, 4734750
47.83, 4734750
47.84, 4734750
47.85, 4734750
47.86, 4734750
47.87, 4734750
47.88, 4734750
47.89, 4734750
47.9, 4734750
47.91, 4734750
47.92, 4734750
47.93, 4734750
47.94, 4734750
47.95, 4734750
47.96, 4734750
47.97, 4734750
47.98, 4734750
47.99, 4734750
48.0, 4734750
48.01, 4734750
48.02, 4734750
48.03, 4734750
48.04, 4734750
48.05, 4734750
48.06, 4734750
48.07, 4734750
48.08, 4734750
48.09, 4734750
48.1, 4734750
48.11, 4734750
48.12, 4734750
48.13, 4734750
48.14, 4734750
48.15, 4734750
48.16, 4734750
48.17, 4734750
48.18, 4734750
48.19, 4734750
48.2, 4734750
48.21, 4734750
48.22, 4734750
48.23, 4734750
48.24, 4734750
48.25, 4734750
48.26, 4734750
48.27, 4734750
48.28, 4734750
48.29, 4734750
48.3, 4734750
48.31, 4734750
48.32, 4734750
48.33, 4734750
48.34, 4734750
48.35, 4734750
48.36, 4734750
48.37, 4734750
48.38, 4734750
48.39, 4734750
48.4, 4734750
48.41, 4734750
48.42, 4734750
48.43, 4734750
48.44, 4734750
48.45, 4734750
48.46, 4734750
48.47, 4734750
48.48, 4734750
48.49, 4734750
48.5, 4734750
48.51, 4734750
48.52, 4734750
48.53, 4734750
48.54, 4734750
48.55, 4734750
48.56, 4734750
48.57, 4734750
48.58, 4734750
48.59, 4734750
48.6, 4734750
48.61, 4734750
48.62, 4734750
48.63, 4734750
48.64, 4734750
48.65, 4734750
48.66, 4734750
48.67, 4734750
48.68, 4734750
48.69, 4734750
48.7, 4734750
48.71, 4734750
48.72, 4734750
48.73, 4734750
48.74, 4734750
48.75, 4734750
48.76, 4734750
48.77, 4734750
48.78, 4734750
48.79, 4734750
48.8, 4734750
48.81, 4734750
48.82, 4734750
48.83, 4734750
48.84, 4734750
48.85, 4734750
48.86, 4734750
48.87, 4734750
48.88, 4734750
48.89, 4734750
48.9, 4734750
48.91, 4734750
48.92, 4734750
48.93, 4734750
48.94, 4734750
48.95, 4734750
48.96, 4734750
48.97, 4734750
48.98, 4734750
48.99, 4734750
49.0, 4734750
49.01, 4734750
49.02, 4734750
49.03, 4734750
49.04, 4734750
49.05, 4734750
49.06, 4734750
49.07, 4734750
49.08, 4734750
49.09, 4734750
49.1, 4734750
49.11, 4734750
49.12, 4734750
49.13, 4734750
49.14, 4734750
49.15, 4734750
49.16, 4734750
49.17, 4734750
49.18, 4734750
49.19, 4734750
49.2, 4734750
49.21, 4734750
49.22, 4734750
49.23, 4734750
49.24, 4734750
49.25, 4734750
49.26, 4734750
49.27, 4734750
49.28, 4734750
49.29, 4734750
49.3, 4734750
49.31, 4734750
49.32, 4734750
49.33, 4734750
49.34, 4734750
49.35, 4734750
49.36, 4734750
49.37, 4734750
49.38, 4734750
49.39, 4734750
49.4, 4734750
49.41, 4734750
49.42, 4734750
49.43, 4734750
49.44, 4734750
49.45, 4734750
49.46, 4734750
49.47, 4734750
49.48, 4734750
49.49, 4734750
49.5, 4734750
49.51, 4734750
49.52, 4734750
49.53, 4734750
49.54, 4734750
49.55, 4734750
49.56, 4734750
49.57, 4734750
49.58, 4734750
49.59, 4734750
49.6, 4734750
49.61, 4734750
49.62, 4734750
49.63, 4734750
49.64, 4734750
49.65, 4734750
49.66, 4734750
49.67, 4734750
49.68, 4734750
49.69, 4734750
49.7, 4734750
49.71, 4734750
49.72, 4734750
49.73, 4734750
49.74, 4734750
49.75, 4734750
49.76, 4734750
49.77, 4734750
49.78, 4734750
49.79, 4734750
49.8, 4734750
49.81, 4734750
49.82, 4734750
49.83, 4734750
49.84, 4734750
49.85, 4734750
49.86, 4734750
49.87, 4734750
49.88, 4734750
49.89, 4734750
49.9, 4734750
49.91, 4734750
49.92, 4734750
49.93, 4734750
49.94, 4734750
49.95, 4734750
49.96, 4734750
49.97, 4734750
49.98, 4734750
49.99, 4734750
50.0, 4734750
50.01, 4734750
50.02, 4734750
50.03, 4734750
50.04, 4734750
50.05, 4734750
50.06, 4734750
50.07, 4734750
50.08, 4734750
50.09, 4734750
50.1, 4734750
50.11, 4734750
50.12, 4734750
50.13, 4734750
50.14, 4734750
50.15, 4734750
50.16, 4734750
50.17, 4734750
50.18, 4734750
50.19, 4734750
50.2, 4734750
50.21, 4734750
50.22, 4734750
50.23, 4734750
50.24, 4734750
50.25, 4734750
50.26, 4734750
50.27, 4734750
50.28, 4734750
50.29, 4734750
50.3, 4734750
50.31, 4734750
50.32, 4734750
50.33, 4734750
50.34, 4734750
50.35, 4734750
50.36, 4734750
50.37, 4734750
50.38, 4734750
50.39, 4734750
50.4, 4734750
50.41, 4734750
50.42, 4734750
50.43, 4734750
50.44, 4734750
50.45, 4734750
50.46, 4734750
50.47, 4734750
50.48, 4734750
50.49, 4734750
50.5, 4734750
50.51, 4734750
50.52, 4734750
50.53, 4734750
50.54, 4734750
50.55, 4734750
50.56, 4734750
50.57, 4734750
50.58, 4734750
50.59, 4734750
50.6, 4734750
50.61, 4734750
50.62, 4734750
50.63, 4734750
50.64, 4734750
50.65, 4734750
50.66, 4734750
50.67, 4734750
50.68, 4734750
50.69, 4734750
50.7, 4734750
50.71, 4734750
50.72, 4734750
50.73, 4734750
50.74, 4734750
50.75, 4734750
50.76, 4734750
50.77, 4734750
50.78, 4734750
50.79, 4734750
50.8, 4734750
50.81, 4734750
50.82, 4734750
50.83, 4734750
50.84, 4734750
50.85, 4734750
50.86, 4734750
50.87, 4734750
50.88, 4734750
50.89, 4734750
50.9, 4734750
50.91, 4734750
50.92, 4734750
50.93, 4734750
50.94, 4734750
50.95, 4734750
50.96, 4734750
50.97, 4734750
50.98, 4734750
50.99, 4734750
51.0, 4734750
51.01, 4734750
51.02, 4734750
51.03, 4734750
51.04, 4734750
51.05, 4734750
51.06, 4734750
51.07, 4734750
51.08, 4734750
51.09, 4734750
51.1, 4734750
51.11, 4734750
51.12, 4734750
51.13, 4734750
51.14, 4734750
51.15, 4734750
51.16, 4734750
51.17, 4734750
51.18, 4734750
51.19, 4734750
51.2, 4734750
51.21, 4734750
51.22, 4734750
51.23, 4734750
51.24, 4734750
51.25, 4734750
51.26, 4734750
51.27, 4734750
51.28, 4734750
51.29, 4734750
51.3, 4734750
51.31, 4734750
51.32, 4734750
51.33, 4734750
51.34, 4734750
51.35, 4734750
51.36, 4734750
51.37, 4734750
51.38, 4734750
51.39, 4734750
51.4, 4734750
51.41, 4734750
51.42, 4734750
51.43, 4734750
51.44, 4734750
51.45, 4734750
51.46, 4734750
51.47, 4734750
51.48, 4734750
51.49, 4734750
51.5, 4734750
51.51, 4734750
51.52, 4734750
51.53, 4734750
51.54, 4734750
51.55, 4734750
51.56, 4734750
51.57, 4734750
51.58, 4734750
51.59, 4734750
51.6, 4734750
51.61, 4734750
51.62, 4734750
51.63, 4734750
51.64, 4734750
51.65, 4734750
51.66, 4734750
51.67, 4734750
51.68, 4734750
51.69, 4734750
51.7, 4734750
51.71, 4734750
51.72, 4734750
51.73, 4734750
51.74, 4734750
51.75, 4734750
51.76, 4734750
51.77, 4734750
51.78, 4734750
51.79, 4734750
51.8, 4734750
51.81, 4734750
51.82, 4734750
51.83, 4734750
51.84, 4734750
51.85, 4734750
51.86, 4734750
51.87, 4734750
51.88, 4734750
51.89, 4734750
51.9, 4734750
51.91, 4734750
51.92, 4734750
51.93, 4734750
51.94, 4734750
51.95, 4734750
51.96, 4734750
51.97, 4734750
51.98, 4734750
51.99, 4734750
52.0, 4734750
52.01, 4734750
52.02, 4734750
52.03, 4734750
52.04, 4734750
52.05, 4734750
52.06, 4734750
52.07, 4734750
52.08, 4734750
52.09, 4734750
52.1, 4734750
52.11, 4734750
52.12, 4734750
52.13, 4734750
52.14, 4734750
52.15, 4734750
52.16, 4734750
52.17, 4734750
52.18, 4734750
52.19, 4734750
52.2, 4734750
52.21, 4734750
52.22, 4734750
52.23, 4734750
52.24, 4734750
52.25, 4734750
52.26, 4734750
52.27, 4734750
52.28, 4734750
52.29, 4734750
52.3, 4734750
52.31, 4734750
52.32, 4734750
52.33, 4734750
52.34, 4734750
52.35, 4734750
52.36, 4734750
52.37, 4734750
52.38, 4734750
52.39, 4734750
52.4, 4734750
52.41, 4734750
52.42, 4734750
52.43, 4734750
52.44, 4734750
52.45, 4734750
52.46, 4734750
52.47, 4734750
52.48, 4734750
52.49, 4734750
52.5, 4734750
52.51, 4734750
52.52, 4734750
52.53, 4734750
52.54, 4734750
52.55, 4734750
52.56, 4734750
52.57, 4734750
52.58, 4734750
52.59, 4734750
52.6, 4734750
52.61, 4734750
52.62, 4734750
52.63, 4734750
52.64, 4734750
52.65, 4734750
52.66, 4734750
52.67, 4734750
52.68, 4734750
52.69, 4734750
52.7, 4734750
52.71, 4734750
52.72, 4734750
52.73, 4734750
52.74, 4734750
52.75, 4734750
52.76, 4734750
52.77, 4734750
52.78, 4734750
52.79, 4734750
52.8, 4734750
52.81, 4734750
52.82, 4734750
52.83, 4734750
52.84, 4734750
52.85, 4734750
52.86, 4734750
52.87, 4734750
52.88, 4734750
52.89, 4734750
52.9, 4734750
52.91, 4734750
52.92, 4734750
52.93, 4734750
52.94, 4734750
52.95, 4734750
52.96, 4734750
52.97, 4734750
52.98, 4734750
52.99, 4734750
53.0, 4734750
53.01, 4734750
53.02, 4734750
53.03, 4734750
53.04, 4734750
53.05, 4734750
53.06, 4734750
53.07, 4734750
53.08, 4734750
53.09, 4734750
53.1, 4734750
53.11, 4734750
53.12, 4734750
53.13, 4734750
53.14, 4734750
53.15, 4734750
53.16, 4734750
53.17, 4734750
53.18, 4734750
53.19, 4734750
53.2, 4734750
53.21, 4734750
53.22, 4734750
53.23, 4734750
53.24, 4734750
53.25, 4734750
53.26, 4734750
53.27, 4734750
53.28, 4734750
53.29, 4734750
53.3, 4734750
53.31, 4734750
53.32, 4734750
53.33, 4734750
53.34, 4734750
53.35, 4734750
53.36, 4734750
53.37, 4734750
53.38, 4734750
53.39, 4734750
53.4, 4734750
53.41, 4734750
53.42, 4734750
53.43, 4734750
53.44, 4734750
53.45, 4734750
53.46, 4734750
53.47, 4734750
53.48, 4734750
53.49, 4734750
53.5, 4734750
53.51, 4734750
53.52, 4734750
53.53, 4734750
53.54, 4734750
53.55, 4734750
53.56, 4734750
53.57, 4734750
53.58, 4734750
53.59, 4734750
53.6, 4734750
53.61, 4734750
53.62, 4734750
53.63, 4734750
53.64, 4734750
53.65, 4734750
53.66, 4734750
53.67, 4734750
53.68, 4734750
53.69, 4734750
53.7, 4734750
53.71, 4734750
53.72, 4734750
53.73, 4734750
53.74, 4734750
53.75, 4734750
53.76, 4734750
53.77, 4734750
53.78, 4734750
53.79, 4734750
53.8, 4734750
53.81, 4734750
53.82, 4734750
53.83, 4734750
53.84, 4734750
53.85, 4734750
53.86, 4734750
53.87, 4734750
53.88, 4734750
53.89, 4734750
53.9, 4734750
53.91, 4734750
53.92, 4734750
53.93, 4734750
53.94, 4734750
53.95, 4734750
53.96, 4734750
53.97, 4734750
53.98, 4734750
53.99, 4734750
54.0, 4734750
54.01, 4734750
54.02, 4734750
54.03, 4734750
54.04, 4734750
54.05, 4734750
54.06, 4734750
54.07, 4734750
54.08, 4734750
54.09, 4734750
54.1, 4734750
54.11, 4734750
54.12, 4734750
54.13, 4734750
54.14, 4734750
54.15, 4734750
54.16, 4734750
54.17, 4734750
54.18, 4734750
54.19, 4734750
54.2, 4734750
54.21, 4734750
54.22, 4734750
54.23, 4734750
54.24, 4734750
54.25, 4734750
54.26, 4734750
54.27, 4734750
54.28, 4734750
54.29, 4734750
54.3, 4734750
54.31, 4734750
54.32, 4734750
54.33, 4734750
54.34, 4734750
54.35, 4734750
54.36, 4734750
54.37, 4734750
54.38, 4734750
54.39, 4734750
54.4, 4734750
54.41, 4734750
54.42, 4734750
54.43, 4734750
54.44, 4734750
54.45, 4734750
54.46, 4734750
54.47, 4734750
54.48, 4734750
54.49, 4734750
54.5, 4734750
54.51, 4734750
54.52, 4734750
54.53, 4734750
54.54, 4734750
54.55, 4734750
54.56, 4734750
54.57, 4734750
54.58, 4734750
54.59, 4734750
54.6, 4734750
54.61, 4734750
54.62, 4734750
54.63, 4734750
54.64, 4734750
54.65, 4734750
54.66, 4734750
54.67, 4734750
54.68, 4734750
54.69, 4734750
54.7, 4734750
54.71, 4734750
54.72, 4734750
54.73, 4734750
54.74, 4734750
54.75, 4734750
54.76, 4734750
54.77, 4734750
54.78, 4734750
54.79, 4734750
54.8, 4734750
54.81, 4734750
54.82, 4734750
54.83, 4734750
54.84, 4734750
54.85, 4734750
54.86, 4734750
54.87, 4734750
54.88, 4734750
54.89, 4734750
54.9, 4734750
54.91, 4734750
54.92, 4734750
54.93, 4734750
54.94, 4734750
54.95, 4734750
54.96, 4734750
54.97, 4734750
54.98, 4734750
54.99, 4734750
55.0, 4734750
55.01, 4734750
55.02, 4734750
55.03, 4734750
55.04, 4734750
55.05, 4734750
55.06, 4734750
55.07, 4734750
55.08, 4734750
55.09, 4734750
55.1, 4734750
55.11, 4734750
55.12, 4734750
55.13, 4734750
55.14, 4734750
55.15, 4734750
55.16, 4734750
55.17, 4734750
55.18, 4734750
55.19, 4734750
55.2, 4734750
55.21, 4734750
55.22, 4734750
55.23, 4734750
55.24, 4734750
55.25, 4734750
55.26, 4734750
55.27, 4734750
55.28, 4734750
55.29, 4734750
55.3, 4734750
55.31, 4734750
55.32, 4734750
55.33, 4734750
55.34, 4734750
55.35, 4734750
55.36, 4734750
55.37, 4734750
55.38, 4734750
55.39, 4734750
55.4, 4734750
55.41, 4734750
55.42, 4734750
55.43, 4734750
55.44, 4734750
55.45, 4734750
55.46, 4734750
55.47, 4734750
55.48, 4734750
55.49, 4734750
55.5, 4734750
55.51, 4734750
55.52, 4734750
55.53, 4734750
55.54, 4734750
55.55, 4734750
55.56, 4734750
55.57, 4734750
55.58, 4734750
55.59, 4734750
55.6, 4734750
55.61, 4734750
55.62, 4734750
55.63, 4734750
55.64, 4734750
55.65, 4734750
55.66, 4734750
55.67, 4734750
55.68, 4734750
55.69, 4734750
55.7, 4734750
55.71, 4734750
55.72, 4734750
55.73, 4734750
55.74, 4734750
55.75, 4734750
55.76, 4734750
55.77, 4734750
55.78, 4734750
55.79, 4734750
55.8, 4734750
55.81, 4734750
55.82, 4734750
55.83, 4734750
55.84, 4734750
55.85, 4734750
55.86, 4734750
55.87, 4734750
55.88, 4734750
55.89, 4734750
55.9, 4734750
55.91, 4734750
55.92, 4734750
55.93, 4734750
55.94, 4734750
55.95, 4734750
55.96, 4734750
55.97, 4734750
55.98, 4734750
55.99, 4734750
56.0, 4734750
56.01, 4734750
56.02, 4734750
56.03, 4734750
56.04, 4734750
56.05, 4734750
56.06, 4734750
56.07, 4734750
56.08, 4734750
56.09, 4734750
56.1, 4734750
56.11, 4734750
56.12, 4734750
56.13, 4734750
56.14, 4734750
56.15, 4734750
56.16, 4734750
56.17, 4734750
56.18, 4734750
56.19, 4734750
56.2, 4734750
56.21, 4734750
56.22, 4734750
56.23, 4734750
56.24, 4734750
56.25, 4734750
56.26, 4734750
56.27, 4734750
56.28, 4734750
56.29, 4734750
56.3, 4734750
56.31, 4734750
56.32, 4734750
56.33, 4734750
56.34, 4734750
56.35, 4734750
56.36, 4734750
56.37, 4734750
56.38, 4734750
56.39, 4734750
56.4, 4734750
56.41, 4734750
56.42, 4734750
56.43, 4734750
56.44, 4734750
56.45, 4734750
56.46, 4734750
56.47, 4734750
56.48, 4734750
56.49, 4734750
56.5, 4734750
56.51, 4734750
56.52, 4734750
56.53, 4734750
56.54, 4734750
56.55, 4734750
56.56, 4734750
56.57, 4734750
56.58, 4734750
56.59, 4734750
56.6, 4734750
56.61, 4734750
56.62, 4734750
56.63, 4734750
56.64, 4734750
56.65, 4734750
56.66, 4734750
56.67, 4734750
56.68, 4734750
56.69, 4734750
56.7, 4734750
56.71, 4734750
56.72, 4734750
56.73, 4734750
56.74, 4734750
56.75, 4734750
56.76, 4734750
56.77, 4734750
56.78, 4734750
56.79, 4734750
56.8, 4734750
56.81, 4734750
56.82, 4734750
56.83, 4734750
56.84, 4734750
56.85, 4734750
56.86, 4734750
56.87, 4734750
56.88, 4734750
56.89, 4734750
56.9, 4734750
56.91, 4734750
56.92, 4734750
56.93, 4734750
56.94, 4734750
56.95, 4734750
56.96, 4734750
56.97, 4734750
56.98, 4734750
56.99, 4734750
57.0, 4734750
57.01, 4734750
57.02, 4734750
57.03, 4734750
57.04, 4734750
57.05, 4734750
57.06, 4734750
57.07, 4734750
57.08, 4734750
57.09, 4734750
57.1, 4734750
57.11, 4734750
57.12, 4734750
57.13, 4734750
57.14, 4734750
57.15, 4734750
57.16, 4734750
57.17, 4734750
57.18, 4734750
57.19, 4734750
57.2, 4734750
57.21, 4734750
57.22, 4734750
57.23, 4734750
57.24, 4734750
57.25, 4734750
57.26, 4734750
57.27, 4734750
57.28, 4734750
57.29, 4734750
57.3, 4734750
57.31, 4734750
57.32, 4734750
57.33, 4734750
57.34, 4734750
57.35, 4734750
57.36, 4734750
57.37, 4734750
57.38, 4734750
57.39, 4734750
57.4, 4734750
57.41, 4734750
57.42, 4734750
57.43, 4734750
57.44, 4734750
57.45, 4734750
57.46, 4734750
57.47, 4734750
57.48, 4734750
57.49, 4734750
57.5, 4734750
57.51, 4734750
57.52, 4734750
57.53, 4734750
57.54, 4734750
57.55, 4734750
57.56, 4734750
57.57, 4734750
57.58, 4734750
57.59, 4734750
57.6, 4734750
57.61, 4734750
57.62, 4734750
57.63, 4734750
57.64, 4734750
57.65, 4734750
57.66, 4734750
57.67, 4734750
57.68, 4734750
57.69, 4734750
57.7, 4734750
57.71, 4734750
57.72, 4734750
57.73, 4734750
57.74, 4734750
57.75, 4734750
57.76, 4734750
57.77, 4734750
57.78, 4734750
57.79, 4734750
57.8, 4734750
57.81, 4734750
57.82, 4734750
57.83, 4734750
57.84, 4734750
57.85, 4734750
57.86, 4734750
57.87, 4734750
57.88, 4734750
57.89, 4734750
57.9, 4734750
57.91, 4734750
57.92, 4734750
57.93, 4734750
57.94, 4734750
57.95, 4734750
57.96, 4734750
57.97, 4734750
57.98, 4734750
57.99, 4734750
58.0, 4734750
58.01, 4734750
58.02, 4734750
58.03, 4734750
58.04, 4734750
58.05, 4734750
58.06, 4734750
58.07, 4734750
58.08, 4734750
58.09, 4734750
58.1, 4734750
58.11, 4734750
58.12, 4734750
58.13, 4734750
58.14, 4734750
58.15, 4734750
58.16, 4734750
58.17, 4734750
58.18, 4734750
58.19, 4734750
58.2, 4734750
58.21, 4734750
58.22, 4734750
58.23, 4734750
58.24, 4734750
58.25, 4734750
58.26, 4734750
58.27, 4734750
58.28, 4734750
58.29, 4734750
58.3, 4734750
58.31, 4734750
58.32, 4734750
58.33, 4734750
58.34, 4734750
58.35, 4734750
58.36, 4734750
58.37, 4734750
58.38, 4734750
58.39, 4734750
58.4, 4734750
58.41, 4734750
58.42, 4734750
58.43, 4734750
58.44, 4734750
58.45, 4734750
58.46, 4734750
58.47, 4734750
58.48, 4734750
58.49, 4734750
58.5, 4734750
58.51, 4734750
58.52, 4734750
58.53, 4734750
58.54, 4734750
58.55, 4734750
58.56, 4734750
58.57, 4734750
58.58, 4734750
58.59, 4734750
58.6, 4734750
58.61, 4734750
58.62, 4734750
58.63, 4734750
58.64, 4734750
58.65, 4734750
58.66, 4734750
58.67, 4734750
58.68, 4734750
58.69, 4734750
58.7, 4734750
58.71, 4734750
58.72, 4734750
58.73, 4734750
58.74, 4734750
58.75, 4734750
58.76, 4734750
58.77, 4734750
58.78, 4734750
58.79, 4734750
58.8, 4734750
58.81, 4734750
58.82, 4734750
58.83, 4734750
58.84, 4734750
58.85, 4734750
58.86, 4734750
58.87, 4734750
58.88, 4734750
58.89, 4734750
58.9, 4734750
58.91, 4734750
58.92, 4734750
58.93, 4734750
58.94, 4734750
58.95, 4734750
58.96, 4734750
58.97, 4734750
58.98, 4734750
58.99, 4734750
59.0, 4734750
59.01, 4734750
59.02, 4734750
59.03, 4734750
59.04, 4734750
59.05, 4734750
59.06, 4734750
59.07, 4734750
59.08, 4734750
59.09, 4734750
59.1, 4734750
59.11, 4734750
59.12, 4734750
59.13, 4734750
59.14, 4734750
59.15, 4734750
59.16, 4734750
59.17, 4734750
59.18, 4734750
59.19, 4734750
59.2, 4734750
59.21, 4734750
59.22, 4734750
59.23, 4734750
59.24, 4734750
59.25, 4734750
59.26, 4734750
59.27, 4734750
59.28, 4734750
59.29, 4734750
59.3, 4734750
59.31, 4734750
59.32, 4734750
59.33, 4734750
59.34, 4734750
59.35, 4734750
59.36, 4734750
59.37, 4734750
59.38, 4734750
59.39, 4734750
59.4, 4734750
59.41, 4734750
59.42, 4734750
59.43, 4734750
59.44, 4734750
59.45, 4734750
59.46, 4734750
59.47, 4734750
59.48, 4734750
59.49, 4734750
59.5, 4734750
59.51, 4734750
59.52, 4734750
59.53, 4734750
59.54, 4734750
59.55, 4734750
59.56, 4734750
59.57, 4734750
59.58, 4734750
59.59, 4734750
59.6, 4734750
59.61, 4734750
59.62, 4734750
59.63, 4734750
59.64, 4734750
59.65, 4734750
59.66, 4734750
59.67, 4734750
59.68, 4734750
59.69, 4734750
59.7, 4734750
59.71, 4734750
59.72, 4734750
59.73, 4734750
59.74, 4734750
59.75, 4734750
59.76, 4734750
59.77, 4734750
59.78, 4734750
59.79, 4734750
59.8, 4734750
59.81, 4734750
59.82, 4734750
59.83, 4734750
59.84, 4734750
59.85, 4734750
59.86, 4734750
59.87, 4734750
59.88, 4734750
59.89, 4734750
59.9, 4734750
59.91, 4734750
59.92, 4734750
59.93, 4734750
59.94, 4734750
59.95, 4734750
59.96, 4734750
59.97, 4734750
59.98, 4734750
59.99, 4734750
