0.0, 5304335
0.01, 5304335
0.02, 5304335
0.03, 5304335
0.04, 5278366
0.05, 5278366
0.06, 5278366
0.07, 5278366
0.08, 5220566
0.09, 5220566
0.1, 5181932
0.11, 5181932
0.12, 5181932
0.13, 5148664
0.14, 5148664
0.15, 5148664
0.16, 5148664
0.17, 5148664
0.18, 5148664
0.19, 5148664
0.2, 5148664
0.21, 5148664
0.22, 5148664
0.23, 5148664
0.24, 5148664
0.25, 5148664
0.26, 5148664
0.27, 5148664
0.28, 5148664
0.29, 5148664
0.3, 5082950
0.31, 5082950
0.32, 5082950
0.33, 5082950
0.34, 5082950
0.35, 5082950
0.36, 5040153
0.37, 5040153
0.38, 5040153
0.39, 5040153
0.4, 5040153
0.41, 5040153
0.42, 5040153
0.43, 5040153
0.44, 5040153
0.45, 5040153
0.46, 5040153
0.47, 5040153
0.48, 5040153
0.49, 5027886
0.5, 5027886
0.51, 5027886
0.52, 5027886
0.53, 5027886
0.54, 5027886
0.55, 5027886
0.56, 5027886
0.57, 5027886
0.58, 5027886
0.59, 5027886
0.6, 5027886
0.61, 5027886
0.62, 5027886
0.63, 5027886
0.64, 5027886
0.65, 5027886
0.66, 5027886
0.67, 5027886
0.68, 5027886
0.69, 5027886
0.7, 5027886
0.71, 5027886
0.72, 5027886
0.73, 5027886
0.74, 5027886
0.75, 5027886
0.76, 5027886
0.77, 5027886
0.78, 5027886
0.79, 5027886
0.8, 5027886
0.81, 5027886
0.82, 5027886
0.83, 5027886
0.84, 5027886
0.85, 5027886
0.86, 5027886
0.87, 5027886
0.88, 5027886
0.89, 5027886
0.9, 5027886
0.91, 5027886
0.92, 5027886
0.93, 5027886
0.94, 5027886
0.95, 5027886
0.96, 5027886
0.97, 5027886
0.98, 5027886
0.99, 5027886
1.0, 5027886
1.01, 5027886
1.02, 5027886
1.03, 5027886
1.04, 5027886
1.05, 5027886
1.06, 5027886
1.07, 5027886
1.08, 5027886
1.09, 5027886
1.1, 5027886
1.11, 5027886
1.12, 5027886
1.13, 5027886
1.14, 5027886
1.15, 5027886
1.16, 5027886
1.17, 5027886
1.18, 5027886
1.19, 5027886
1.2, 5027886
1.21, 5027886
1.22, 5027886
1.23, 5027886
1.24, 5027886
1.25, 5027886
1.26, 5027886
1.27, 5027886
1.28, 5027886
1.29, 5027886
1.3, 5027886
1.31, 5027886
1.32, 5027886
1.33, 5027886
1.34, 5027886
1.35, 5008595
1.36, 5008595
1.37, 5008595
1.38, 5008595
1.39, 4937044
1.4, 4937044
1.41, 4937044
1.42, 4937044
1.43, 4937044
1.44, 4937044
1.45, 4937044
1.46, 4937044
1.47, 4937044
1.48, 4937044
1.49, 4937044
1.5, 4937044
1.51, 4937044
1.52, 4937044
1.53, 4937044
1.54, 4937044
1.55, 4937044
1.56, 4937044
1.57, 4937044
1.58, 4937044
1.59, 4937044
1.6, 4937044
1.61, 4937044
1.62, 4937044
1.63, 4937044
1.64, 4937044
1.65, 4937044
1.66, 4937044
1.67, 4937044
1.68, 4937044
1.69, 4937044
1.7, 4937044
1.71, 4937044
1.72, 4937044
1.73, 4937044
1.74, 4937044
1.75, 4937044
1.76, 4937044
1.77, 4937044
1.78, 4937044
1.79, 4937044
1.8, 4937044
1.81, 4937044
1.82, 4937044
1.83, 4937044
1.84, 4937044
1.85, 4937044
1.86, 4937044
1.87, 4937044
1.88, 4937044
1.89, 4937044
1.9, 4937044
1.91, 4937044
1.92, 4937044
1.93, 4937044
1.94, 4937044
1.95, 4937044
1.96, 4937044
1.97, 4937044
1.98, 4937044
1.99, 4937044
2.0, 4937044
2.01, 4937044
2.02, 4937044
2.03, 4937044
2.04, 4937044
2.05, 4937044
2.06, 4937044
2.07, 4937044
2.08, 4937044
2.09, 4937044
2.1, 4937044
2.11, 4937044
2.12, 4937044
2.13, 4937044
2.14, 4937044
2.15, 4937044
2.16, 4937044
2.17, 4937044
2.18, 4937044
2.19, 4937044
2.2, 4937044
2.21, 4937044
2.22, 4937044
2.23, 4937044
2.24, 4937044
2.25, 4937044
2.26, 4937044
2.27, 4937044
2.28, 4937044
2.29, 4937044
2.3, 4937044
2.31, 4937044
2.32, 4937044
2.33, 4937044
2.34, 4937044
2.35, 4937044
2.36, 4937044
2.37, 4937044
2.38, 4937044
2.39, 4937044
2.4, 4937044
2.41, 4937044
2.42, 4937044
2.43, 4937044
2.44, 4937044
2.45, 4937044
2.46, 4937044
2.47, 4937044
2.48, 4937044
2.49, 4937044
2.5, 4937044
2.51, 4937044
2.52, 4937044
2.53, 4937044
2.54, 4937044
2.55, 4937044
2.56, 4937044
2.57, 4937044
2.58, 4937044
2.59, 4937044
2.6, 4937044
2.61, 4937044
2.62, 4937044
2.63, 4937044
2.64, 4937044
2.65, 4937044
2.66, 4937044
2.67, 4937044
2.68, 4937044
2.69, 4937044
2.7, 4937044
2.71, 4937044
2.72, 4937044
2.73, 4937044
2.74, 4937044
2.75, 4937044
2.76, 4937044
2.77, 4937044
2.78, 4937044
2.79, 4937044
2.8, 4937044
2.81, 4937044
2.82, 4937044
2.83, 4937044
2.84, 4937044
2.85, 4937044
2.86, 4937044
2.87, 4937044
2.88, 4937044
2.89, 4937044
2.9, 4937044
2.91, 4937044
2.92, 4937044
2.93, 4937044
2.94, 4937044
2.95, 4937044
2.96, 4937044
2.97, 4937044
2.98, 4937044
2.99, 4937044
3.0, 4937044
3.01, 4937044
3.02, 4937044
3.03, 4937044
3.04, 4937044
3.05, 4937044
3.06, 4937044
3.07, 4937044
3.08, 4937044
3.09, 4937044
3.1, 4937044
3.11, 4937044
3.12, 4937044
3.13, 4937044
3.14, 4937044
3.15, 4937044
3.16, 4937044
3.17, 4937044
3.18, 4937044
3.19, 4937044
3.2, 4937044
3.21, 4937044
3.22, 4937044
3.23, 4937044
3.24, 4937044
3.25, 4937044
3.26, 4937044
3.27, 4937044
3.28, 4937044
3.29, 4937044
3.3, 4937044
3.31, 4937044
3.32, 4937044
3.33, 4937044
3.34, 4937044
3.35, 4937044
3.36, 4937044
3.37, 4937044
3.38, 4937044
3.39, 4705219
3.4, 4705219
3.41, 4705219
3.42, 4705219
3.43, 4705219
3.44, 4705219
3.45, 4705219
3.46, 4705219
3.47, 4705219
3.48, 4705219
3.49, 4705219
3.5, 4705219
3.51, 4705219
3.52, 4705219
3.53, 4705219
3.54, 4705219
3.55, 4705219
3.56, 4705219
3.57, 4705219
3.58, 4705219
3.59, 4705219
3.6, 4705219
3.61, 4705219
3.62, 4705219
3.63, 4705219
3.64, 4705219
3.65, 4705219
3.66, 4705219
3.67, 4705219
3.68, 4705219
3.69, 4705219
3.7, 4705219
3.71, 4705219
3.72, 4705219
3.73, 4705219
3.74, 4705219
3.75, 4705219
3.76, 4705219
3.77, 4705219
3.78, 4705219
3.79, 4705219
3.8, 4705219
3.81, 4705219
3.82, 4705219
3.83, 4705219
3.84, 4705219
3.85, 4705219
3.86, 4705219
3.87, 4705219
3.88, 4705219
3.89, 4705219
3.9, 4705219
3.91, 4705219
3.92, 4705219
3.93, 4705219
3.94, 4705219
3.95, 4705219
3.96, 4705219
3.97, 4705219
3.98, 4705219
3.99, 4705219
4.0, 4705219
4.01, 4705219
4.02, 4705219
4.03, 4705219
4.04, 4705219
4.05, 4705219
4.06, 4705219
4.07, 4705219
4.08, 4705219
4.09, 4705219
4.1, 4705219
4.11, 4705219
4.12, 4705219
4.13, 4705219
4.14, 4705219
4.15, 4705219
4.16, 4705219
4.17, 4705219
4.18, 4705219
4.19, 4705219
4.2, 4705219
4.21, 4705219
4.22, 4705219
4.23, 4705219
4.24, 4705219
4.25, 4705219
4.26, 4705219
4.27, 4705219
4.28, 4705219
4.29, 4705219
4.3, 4705219
4.31, 4705219
4.32, 4705219
4.33, 4705219
4.34, 4705219
4.35, 4705219
4.36, 4705219
4.37, 4705219
4.38, 4705219
4.39, 4705219
4.4, 4705219
4.41, 4705219
4.42, 4705219
4.43, 4705219
4.44, 4705219
4.45, 4705219
4.46, 4705219
4.47, 4705219
4.48, 4705219
4.49, 4705219
4.5, 4705219
4.51, 4705219
4.52, 4705219
4.53, 4705219
4.54, 4705219
4.55, 4705219
4.56, 4705219
4.57, 4705219
4.58, 4705219
4.59, 4705219
4.6, 4705219
4.61, 4705219
4.62, 4705219
4.63, 4705219
4.64, 4705219
4.65, 4705219
4.66, 4705219
4.67, 4705219
4.68, 4705219
4.69, 4705219
4.7, 4705219
4.71, 4705219
4.72, 4705219
4.73, 4705219
4.74, 4705219
4.75, 4705219
4.76, 4705219
4.77, 4705219
4.78, 4705219
4.79, 4705219
4.8, 4705219
4.81, 4705219
4.82, 4705219
4.83, 4705219
4.84, 4705219
4.85, 4705219
4.86, 4705219
4.87, 4705219
4.88, 4705219
4.89, 4705219
4.9, 4705219
4.91, 4705219
4.92, 4705219
4.93, 4705219
4.94, 4705219
4.95, 4705219
4.96, 4705219
4.97, 4705219
4.98, 4705219
4.99, 4705219
5.0, 4705219
5.01, 4705219
5.02, 4705219
5.03, 4705219
5.04, 4705219
5.05, 4705219
5.06, 4705219
5.07, 4705219
5.08, 4705219
5.09, 4705219
5.1, 4705219
5.11, 4705219
5.12, 4705219
5.13, 4705219
5.14, 4705219
5.15, 4705219
5.16, 4705219
5.17, 4705219
5.18, 4705219
5.19, 4705219
5.2, 4705219
5.21, 4705219
5.22, 4705219
5.23, 4705219
5.24, 4705219
5.25, 4705219
5.26, 4705219
5.27, 4705219
5.28, 4705219
5.29, 4705219
5.3, 4705219
5.31, 4705219
5.32, 4705219
5.33, 4705219
5.34, 4705219
5.35, 4705219
5.36, 4705219
5.37, 4705219
5.38, 4705219
5.39, 4705219
5.4, 4705219
5.41, 4705219
5.42, 4705219
5.43, 4705219
5.44, 4705219
5.45, 4705219
5.46, 4705219
5.47, 4705219
5.48, 4705219
5.49, 4705219
5.5, 4705219
5.51, 4705219
5.52, 4705219
5.53, 4705219
5.54, 4705219
5.55, 4705219
5.56, 4705219
5.57, 4705219
5.58, 4705219
5.59, 4705219
5.6, 4705219
5.61, 4705219
5.62, 4705219
5.63, 4705219
5.64, 4705219
5.65, 4705219
5.66, 4705219
5.67, 4705219
5.68, 4705219
5.69, 4705219
5.7, 4705219
5.71, 4705219
5.72, 4705219
5.73, 4705219
5.74, 4705219
5.75, 4705219
5.76, 4705219
5.77, 4705219
5.78, 4705219
5.79, 4705219
5.8, 4705219
5.81, 4705219
5.82, 4705219
5.83, 4705219
5.84, 4705219
5.85, 4705219
5.86, 4705219
5.87, 4705219
5.88, 4705219
5.89, 4705219
5.9, 4705219
5.91, 4705219
5.92, 4705219
5.93, 4705219
5.94, 4705219
5.95, 4705219
5.96, 4705219
5.97, 4705219
5.98, 4705219
5.99, 4705219
6.0, 4705219
6.01, 4705219
6.02, 4705219
6.03, 4705219
6.04, 4705219
6.05, 4705219
6.06, 4705219
6.07, 4705219
6.08, 4705219
6.09, 4705219
6.1, 4705219
6.11, 4705219
6.12, 4705219
6.13, 4705219
6.14, 4705219
6.15, 4705219
6.16, 4705219
6.17, 4705219
6.18, 4705219
6.19, 4705219
6.2, 4705219
6.21, 4705219
6.22, 4705219
6.23, 4705219
6.24, 4705219
6.25, 4705219
6.26, 4705219
6.27, 4705219
6.28, 4705219
6.29, 4705219
6.3, 4705219
6.31, 4705219
6.32, 4705219
6.33, 4705219
6.34, 4705219
6.35, 4705219
6.36, 4705219
6.37, 4705219
6.38, 4705219
6.39, 4705219
6.4, 4705219
6.41, 4705219
6.42, 4705219
6.43, 4705219
6.44, 4705219
6.45, 4705219
6.46, 4705219
6.47, 4705219
6.48, 4705219
6.49, 4705219
6.5, 4705219
6.51, 4705219
6.52, 4705219
6.53, 4705219
6.54, 4705219
6.55, 4705219
6.56, 4705219
6.57, 4705219
6.58, 4705219
6.59, 4705219
6.6, 4705219
6.61, 4705219
6.62, 4705219
6.63, 4705219
6.64, 4705219
6.65, 4705219
6.66, 4705219
6.67, 4705219
6.68, 4705219
6.69, 4705219
6.7, 4705219
6.71, 4705219
6.72, 4705219
6.73, 4705219
6.74, 4705219
6.75, 4705219
6.76, 4705219
6.77, 4705219
6.78, 4705219
6.79, 4705219
6.8, 4705219
6.81, 4705219
6.82, 4705219
6.83, 4705219
6.84, 4705219
6.85, 4705219
6.86, 4705219
6.87, 4705219
6.88, 4705219
6.89, 4705219
6.9, 4705219
6.91, 4705219
6.92, 4705219
6.93, 4705219
6.94, 4705219
6.95, 4705219
6.96, 4705219
6.97, 4705219
6.98, 4705219
6.99, 4705219
7.0, 4705219
7.01, 4705219
7.02, 4705219
7.03, 4705219
7.04, 4705219
7.05, 4705219
7.06, 4705219
7.07, 4705219
7.08, 4705219
7.09, 4705219
7.1, 4705219
7.11, 4705219
7.12, 4705219
7.13, 4705219
7.14, 4705219
7.15, 4705219
7.16, 4705219
7.17, 4705219
7.18, 4705219
7.19, 4705219
7.2, 4705219
7.21, 4705219
7.22, 4705219
7.23, 4705219
7.24, 4705219
7.25, 4705219
7.26, 4705219
7.27, 4705219
7.28, 4705219
7.29, 4705219
7.3, 4705219
7.31, 4705219
7.32, 4705219
7.33, 4705219
7.34, 4705219
7.35, 4705219
7.36, 4705219
7.37, 4705219
7.38, 4705219
7.39, 4705219
7.4, 4705219
7.41, 4705219
7.42, 4705219
7.43, 4705219
7.44, 4705219
7.45, 4705219
7.46, 4705219
7.47, 4705219
7.48, 4705219
7.49, 4705219
7.5, 4705219
7.51, 4705219
7.52, 4705219
7.53, 4705219
7.54, 4705219
7.55, 4705219
7.56, 4705219
7.57, 4705219
7.58, 4705219
7.59, 4705219
7.6, 4705219
7.61, 4705219
7.62, 4705219
7.63, 4705219
7.64, 4705219
7.65, 4705219
7.66, 4705219
7.67, 4705219
7.68, 4705219
7.69, 4705219
7.7, 4705219
7.71, 4705219
7.72, 4705219
7.73, 4705219
7.74, 4705219
7.75, 4705219
7.76, 4705219
7.77, 4705219
7.78, 4705219
7.79, 4705219
7.8, 4705219
7.81, 4705219
7.82, 4705219
7.83, 4705219
7.84, 4705219
7.85, 4705219
7.86, 4705219
7.87, 4705219
7.88, 4705219
7.89, 4705219
7.9, 4705219
7.91, 4705219
7.92, 4705219
7.93, 4705219
7.94, 4705219
7.95, 4705219
7.96, 4705219
7.97, 4705219
7.98, 4705219
7.99, 4705219
8.0, 4705219
8.01, 4705219
8.02, 4705219
8.03, 4705219
8.04, 4705219
8.05, 4705219
8.06, 4705219
8.07, 4705219
8.08, 4705219
8.09, 4705219
8.1, 4705219
8.11, 4705219
8.12, 4705219
8.13, 4705219
8.14, 4705219
8.15, 4705219
8.16, 4705219
8.17, 4705219
8.18, 4705219
8.19, 4705219
8.2, 4705219
8.21, 4705219
8.22, 4705219
8.23, 4705219
8.24, 4705219
8.25, 4705219
8.26, 4705219
8.27, 4705219
8.28, 4705219
8.29, 4705219
8.3, 4705219
8.31, 4705219
8.32, 4705219
8.33, 4705219
8.34, 4705219
8.35, 4705219
8.36, 4705219
8.37, 4705219
8.38, 4705219
8.39, 4705219
8.4, 4705219
8.41, 4705219
8.42, 4705219
8.43, 4705219
8.44, 4705219
8.45, 4705219
8.46, 4705219
8.47, 4705219
8.48, 4705219
8.49, 4705219
8.5, 4705219
8.51, 4705219
8.52, 4705219
8.53, 4705219
8.54, 4705219
8.55, 4705219
8.56, 4705219
8.57, 4705219
8.58, 4705219
8.59, 4705219
8.6, 4705219
8.61, 4705219
8.62, 4705219
8.63, 4705219
8.64, 4705219
8.65, 4705219
8.66, 4705219
8.67, 4705219
8.68, 4705219
8.69, 4705219
8.7, 4705219
8.71, 4705219
8.72, 4705219
8.73, 4705219
8.74, 4705219
8.75, 4705219
8.76, 4705219
8.77, 4705219
8.78, 4705219
8.79, 4705219
8.8, 4705219
8.81, 4705219
8.82, 4705219
8.83, 4705219
8.84, 4705219
8.85, 4705219
8.86, 4705219
8.87, 4705219
8.88, 4705219
8.89, 4705219
8.9, 4705219
8.91, 4705219
8.92, 4705219
8.93, 4705219
8.94, 4705219
8.95, 4705219
8.96, 4705219
8.97, 4705219
8.98, 4705219
8.99, 4705219
9.0, 4705219
9.01, 4705219
9.02, 4705219
9.03, 4705219
9.04, 4705219
9.05, 4705219
9.06, 4705219
9.07, 4705219
9.08, 4705219
9.09, 4705219
9.1, 4705219
9.11, 4705219
9.12, 4705219
9.13, 4705219
9.14, 4705219
9.15, 4705219
9.16, 4705219
9.17, 4705219
9.18, 4705219
9.19, 4705219
9.2, 4705219
9.21, 4705219
9.22, 4705219
9.23, 4705219
9.24, 4705219
9.25, 4705219
9.26, 4705219
9.27, 4705219
9.28, 4705219
9.29, 4705219
9.3, 4705219
9.31, 4705219
9.32, 4705219
9.33, 4705219
9.36, 4705219
9.37, 4705219
9.38, 4705219
9.39, 4705219
9.4, 4705219
9.41, 4705219
9.42, 4705219
9.43, 4705219
9.44, 4705219
9.45, 4705219
9.46, 4705219
9.47, 4705219
9.48, 4705219
9.49, 4705219
9.5, 4705219
9.51, 4705219
9.52, 4705219
9.53, 4705219
9.54, 4705219
9.55, 4705219
9.56, 4705219
9.57, 4705219
9.58, 4705219
9.59, 4705219
9.6, 4705219
9.61, 4705219
9.62, 4705219
9.63, 4705219
9.64, 4705219
9.65, 4705219
9.66, 4705219
9.67, 4705219
9.68, 4705219
9.69, 4705219
9.7, 4705219
9.71, 4705219
9.72, 4705219
9.73, 4705219
9.74, 4705219
9.75, 4705219
9.76, 4705219
9.77, 4705219
9.78, 4705219
9.79, 4705219
9.8, 4705219
9.81, 4705219
9.82, 4705219
9.83, 4705219
9.84, 4705219
9.85, 4705219
9.86, 4705219
9.87, 4705219
9.88, 4705219
9.89, 4705219
9.9, 4705219
9.91, 4705219
9.92, 4705219
9.93, 4705219
9.94, 4705219
9.95, 4705219
9.96, 4705219
9.97, 4705219
9.98, 4705219
9.99, 4705219
10.0, 4705219
10.01, 4705219
10.02, 4705219
10.03, 4705219
10.04, 4705219
10.05, 4705219
10.06, 4705219
10.07, 4705219
10.08, 4705219
10.09, 4705219
10.1, 4705219
10.11, 4705219
10.12, 4705219
10.13, 4705219
10.14, 4705219
10.15, 4705219
10.16, 4705219
10.17, 4705219
10.18, 4705219
10.19, 4705219
10.2, 4705219
10.21, 4705219
10.22, 4705219
10.23, 4705219
10.24, 4705219
10.25, 4705219
10.26, 4705219
10.27, 4705219
10.28, 4705219
10.29, 4705219
10.3, 4705219
10.31, 4705219
10.32, 4705219
10.33, 4705219
10.34, 4705219
10.35, 4705219
10.36, 4705219
10.37, 4705219
10.38, 4705219
10.39, 4705219
10.4, 4705219
10.41, 4705219
10.42, 4705219
10.43, 4705219
10.44, 4705219
10.45, 4705219
10.46, 4705219
10.47, 4705219
10.48, 4705219
10.49, 4705219
10.5, 4705219
10.51, 4705219
10.52, 4705219
10.53, 4705219
10.54, 4705219
10.55, 4705219
10.56, 4705219
10.57, 4705219
10.58, 4705219
10.59, 4705219
10.6, 4705219
10.61, 4705219
10.62, 4705219
10.63, 4705219
10.64, 4705219
10.65, 4705219
10.66, 4705219
10.67, 4705219
10.68, 4705219
10.69, 4705219
10.7, 4705219
10.71, 4705219
10.72, 4705219
10.73, 4705219
10.74, 4705219
10.75, 4705219
10.76, 4705219
10.77, 4705219
10.78, 4705219
10.79, 4705219
10.8, 4705219
10.81, 4705219
10.82, 4705219
10.83, 4705219
10.84, 4705219
10.85, 4705219
10.86, 4705219
10.87, 4705219
10.88, 4705219
10.89, 4705219
10.9, 4705219
10.91, 4705219
10.92, 4705219
10.93, 4705219
10.94, 4705219
10.95, 4705219
10.96, 4705219
10.97, 4705219
10.98, 4705219
10.99, 4705219
11.0, 4705219
11.01, 4705219
11.02, 4705219
11.03, 4705219
11.04, 4705219
11.05, 4705219
11.06, 4705219
11.07, 4705219
11.08, 4705219
11.09, 4705219
11.1, 4705219
11.11, 4705219
11.12, 4705219
11.13, 4705219
11.14, 4705219
11.15, 4705219
11.16, 4705219
11.17, 4705219
11.18, 4705219
11.19, 4705219
11.2, 4705219
11.21, 4705219
11.22, 4705219
11.23, 4705219
11.24, 4705219
11.25, 4705219
11.26, 4705219
11.27, 4705219
11.28, 4705219
11.29, 4705219
11.3, 4705219
11.31, 4705219
11.32, 4705219
11.33, 4705219
11.34, 4705219
11.35, 4705219
11.36, 4705219
11.37, 4705219
11.38, 4705219
11.39, 4705219
11.4, 4705219
11.41, 4705219
11.42, 4705219
11.43, 4705219
11.44, 4705219
11.45, 4705219
11.46, 4705219
11.47, 4705219
11.48, 4705219
11.49, 4705219
11.5, 4705219
11.51, 4705219
11.52, 4705219
11.53, 4705219
11.54, 4705219
11.55, 4705219
11.56, 4705219
11.57, 4705219
11.58, 4705219
11.59, 4705219
11.6, 4705219
11.61, 4705219
11.62, 4705219
11.63, 4705219
11.64, 4705219
11.65, 4705219
11.66, 4705219
11.67, 4705219
11.68, 4705219
11.69, 4705219
11.7, 4705219
11.71, 4705219
11.72, 4705219
11.73, 4705219
11.74, 4705219
11.75, 4705219
11.76, 4705219
11.77, 4705219
11.78, 4705219
11.79, 4705219
11.8, 4705219
11.81, 4705219
11.82, 4705219
11.83, 4705219
11.84, 4705219
11.85, 4705219
11.86, 4705219
11.87, 4705219
11.88, 4705219
11.89, 4705219
11.9, 4705219
11.91, 4705219
11.92, 4705219
11.93, 4705219
11.94, 4705219
11.95, 4705219
11.96, 4705219
11.97, 4705219
11.98, 4705219
11.99, 4705219
12.0, 4705219
12.01, 4705219
12.02, 4705219
12.03, 4705219
12.04, 4705219
12.05, 4705219
12.06, 4705219
12.07, 4705219
12.08, 4705219
12.09, 4705219
12.1, 4705219
12.11, 4705219
12.12, 4705219
12.13, 4705219
12.14, 4705219
12.15, 4705219
12.16, 4705219
12.17, 4705219
12.18, 4705219
12.19, 4705219
12.2, 4705219
12.21, 4705219
12.22, 4705219
12.23, 4705219
12.24, 4705219
12.25, 4705219
12.26, 4705219
12.27, 4705219
12.28, 4705219
12.29, 4705219
12.3, 4705219
12.31, 4705219
12.32, 4705219
12.33, 4705219
12.34, 4705219
12.35, 4705219
12.36, 4705219
12.37, 4705219
12.38, 4705219
12.39, 4705219
12.4, 4705219
12.41, 4705219
12.42, 4705219
12.43, 4705219
12.44, 4705219
12.45, 4705219
12.46, 4705219
12.47, 4705219
12.48, 4705219
12.49, 4705219
12.5, 4705219
12.51, 4705219
12.52, 4705219
12.53, 4705219
12.54, 4705219
12.55, 4705219
12.56, 4705219
12.57, 4705219
12.58, 4705219
12.59, 4705219
12.6, 4705219
12.61, 4705219
12.62, 4705219
12.63, 4705219
12.64, 4705219
12.65, 4705219
12.66, 4705219
12.67, 4705219
12.68, 4705219
12.69, 4705219
12.7, 4705219
12.71, 4705219
12.72, 4705219
12.73, 4705219
12.74, 4705219
12.75, 4705219
12.76, 4705219
12.77, 4705219
12.78, 4705219
12.79, 4705219
12.8, 4705219
12.81, 4705219
12.82, 4705219
12.83, 4705219
12.84, 4705219
12.85, 4705219
12.86, 4705219
12.87, 4705219
12.88, 4705219
12.89, 4705219
12.9, 4705219
12.91, 4705219
12.92, 4705219
12.93, 4705219
12.94, 4705219
12.95, 4705219
12.96, 4705219
12.97, 4705219
12.98, 4705219
12.99, 4705219
13.0, 4705219
13.01, 4705219
13.02, 4705219
13.03, 4705219
13.04, 4705219
13.05, 4705219
13.06, 4705219
13.07, 4705219
13.08, 4705219
13.09, 4705219
13.1, 4705219
13.11, 4705219
13.12, 4705219
13.13, 4705219
13.14, 4705219
13.15, 4705219
13.16, 4705219
13.17, 4705219
13.18, 4705219
13.19, 4705219
13.2, 4705219
13.21, 4705219
13.22, 4705219
13.23, 4705219
13.24, 4705219
13.25, 4705219
13.26, 4705219
13.27, 4705219
13.28, 4705219
13.29, 4705219
13.3, 4705219
13.31, 4705219
13.32, 4705219
13.33, 4705219
13.34, 4705219
13.35, 4705219
13.36, 4705219
13.37, 4705219
13.38, 4705219
13.39, 4705219
13.4, 4705219
13.41, 4705219
13.42, 4705219
13.43, 4705219
13.44, 4705219
13.45, 4705219
13.46, 4705219
13.47, 4705219
13.48, 4705219
13.49, 4705219
13.5, 4705219
13.51, 4705219
13.52, 4705219
13.53, 4705219
13.54, 4705219
13.55, 4705219
13.56, 4705219
13.57, 4705219
13.58, 4705219
13.59, 4705219
13.6, 4705219
13.61, 4705219
13.62, 4705219
13.63, 4705219
13.64, 4705219
13.65, 4705219
13.66, 4705219
13.67, 4705219
13.68, 4705219
13.69, 4705219
13.7, 4705219
13.71, 4705219
13.72, 4705219
13.73, 4705219
13.74, 4705219
13.75, 4705219
13.76, 4705219
13.77, 4705219
13.78, 4705219
13.79, 4705219
13.8, 4705219
13.81, 4705219
13.82, 4705219
13.83, 4705219
13.84, 4705219
13.85, 4705219
13.86, 4705219
13.87, 4705219
13.88, 4705219
13.89, 4705219
13.9, 4705219
13.91, 4705219
13.92, 4705219
13.93, 4705219
13.94, 4705219
13.95, 4705219
13.96, 4705219
13.97, 4705219
13.98, 4705219
13.99, 4705219
14.0, 4705219
14.01, 4705219
14.02, 4705219
14.03, 4705219
14.04, 4705219
14.05, 4705219
14.06, 4705219
14.07, 4705219
14.08, 4705219
14.09, 4705219
14.1, 4705219
14.11, 4705219
14.12, 4705219
14.13, 4705219
14.14, 4705219
14.15, 4705219
14.16, 4705219
14.17, 4705219
14.18, 4705219
14.19, 4705219
14.2, 4705219
14.21, 4705219
14.22, 4705219
14.23, 4705219
14.24, 4705219
14.25, 4705219
14.26, 4705219
14.27, 4705219
14.28, 4705219
14.29, 4705219
14.3, 4705219
14.31, 4705219
14.32, 4705219
14.33, 4705219
14.34, 4705219
14.35, 4705219
14.36, 4705219
14.37, 4705219
14.38, 4705219
14.39, 4705219
14.4, 4705219
14.41, 4705219
14.42, 4705219
14.43, 4705219
14.44, 4705219
14.45, 4705219
14.46, 4705219
14.47, 4705219
14.48, 4705219
14.49, 4705219
14.5, 4705219
14.51, 4705219
14.52, 4705219
14.53, 4705219
14.54, 4705219
14.55, 4705219
14.56, 4705219
14.57, 4705219
14.58, 4705219
14.59, 4705219
14.6, 4705219
14.61, 4705219
14.62, 4705219
14.63, 4705219
14.64, 4705219
14.65, 4705219
14.66, 4705219
14.67, 4705219
14.68, 4705219
14.69, 4705219
14.7, 4705219
14.71, 4705219
14.72, 4705219
14.73, 4705219
14.74, 4705219
14.75, 4705219
14.76, 4705219
14.77, 4705219
14.78, 4705219
14.79, 4705219
14.8, 4705219
14.81, 4705219
14.82, 4705219
14.83, 4705219
14.84, 4705219
14.85, 4705219
14.86, 4705219
14.87, 4705219
14.88, 4705219
14.89, 4705219
14.9, 4705219
14.91, 4705219
14.92, 4705219
14.93, 4705219
14.94, 4705219
14.95, 4705219
14.96, 4705219
14.97, 4705219
14.98, 4705219
14.99, 4705219
15.0, 4705219
15.01, 4705219
15.02, 4705219
15.03, 4705219
15.04, 4705219
15.05, 4705219
15.06, 4705219
15.07, 4705219
15.08, 4705219
15.09, 4705219
15.1, 4705219
15.11, 4705219
15.12, 4705219
15.13, 4705219
15.14, 4705219
15.15, 4705219
15.16, 4705219
15.17, 4705219
15.18, 4705219
15.19, 4705219
15.2, 4705219
15.21, 4705219
15.22, 4705219
15.23, 4705219
15.24, 4705219
15.25, 4705219
15.26, 4705219
15.27, 4705219
15.28, 4705219
15.29, 4705219
15.3, 4705219
15.31, 4705219
15.32, 4705219
15.33, 4705219
15.34, 4705219
15.35, 4705219
15.36, 4705219
15.37, 4705219
15.38, 4705219
15.39, 4705219
15.4, 4705219
15.41, 4705219
15.42, 4705219
15.43, 4705219
15.44, 4705219
15.45, 4705219
15.46, 4705219
15.47, 4705219
15.48, 4705219
15.49, 4705219
15.5, 4705219
15.51, 4705219
15.52, 4705219
15.53, 4705219
15.54, 4705219
15.55, 4705219
15.56, 4705219
15.57, 4705219
15.58, 4705219
15.59, 4705219
15.6, 4705219
15.61, 4705219
15.62, 4705219
15.63, 4705219
15.64, 4705219
15.65, 4705219
15.66, 4705219
15.67, 4705219
15.68, 4705219
15.69, 4705219
15.7, 4705219
15.71, 4705219
15.72, 4705219
15.73, 4705219
15.74, 4705219
15.75, 4705219
15.76, 4705219
15.77, 4705219
15.78, 4705219
15.79, 4705219
15.8, 4705219
15.81, 4705219
15.82, 4705219
15.83, 4705219
15.84, 4705219
15.85, 4705219
15.86, 4705219
15.87, 4705219
15.88, 4705219
15.89, 4705219
15.9, 4705219
15.91, 4705219
15.92, 4705219
15.93, 4705219
15.94, 4705219
15.95, 4705219
15.96, 4705219
15.97, 4705219
15.98, 4705219
15.99, 4705219
16.0, 4705219
16.01, 4705219
16.02, 4705219
16.03, 4705219
16.04, 4705219
16.05, 4705219
16.06, 4705219
16.07, 4705219
16.08, 4705219
16.09, 4705219
16.1, 4705219
16.11, 4705219
16.12, 4705219
16.13, 4705219
16.14, 4705219
16.15, 4705219
16.16, 4705219
16.17, 4705219
16.18, 4705219
16.19, 4705219
16.2, 4705219
16.21, 4705219
16.22, 4705219
16.23, 4705219
16.24, 4705219
16.25, 4705219
16.26, 4705219
16.27, 4705219
16.28, 4705219
16.29, 4705219
16.3, 4705219
16.31, 4705219
16.32, 4705219
16.33, 4705219
16.34, 4705219
16.35, 4705219
16.36, 4705219
16.37, 4705219
16.38, 4705219
16.39, 4705219
16.4, 4705219
16.41, 4705219
16.42, 4705219
16.43, 4705219
16.44, 4705219
16.45, 4705219
16.46, 4705219
16.47, 4705219
16.48, 4705219
16.49, 4705219
16.5, 4705219
16.51, 4705219
16.52, 4705219
16.53, 4705219
16.54, 4705219
16.55, 4705219
16.56, 4705219
16.57, 4705219
16.58, 4705219
16.59, 4705219
16.6, 4705219
16.61, 4705219
16.62, 4705219
16.63, 4705219
16.64, 4705219
16.65, 4705219
16.66, 4705219
16.67, 4705219
16.68, 4705219
16.69, 4705219
16.7, 4705219
16.71, 4705219
16.72, 4705219
16.73, 4705219
16.74, 4705219
16.75, 4705219
16.76, 4705219
16.77, 4705219
16.78, 4705219
16.79, 4705219
16.8, 4705219
16.81, 4705219
16.82, 4705219
16.83, 4705219
16.84, 4705219
16.85, 4705219
16.86, 4705219
16.87, 4705219
16.88, 4705219
16.89, 4705219
16.9, 4705219
16.91, 4705219
16.92, 4705219
16.93, 4705219
16.94, 4705219
16.95, 4705219
16.96, 4705219
16.97, 4705219
16.98, 4705219
16.99, 4705219
17.0, 4705219
17.01, 4705219
17.02, 4705219
17.03, 4705219
17.04, 4705219
17.05, 4705219
17.06, 4705219
17.07, 4705219
17.08, 4705219
17.09, 4705219
17.1, 4705219
17.11, 4705219
17.12, 4705219
17.13, 4705219
17.14, 4705219
17.15, 4705219
17.16, 4705219
17.17, 4705219
17.18, 4705219
17.19, 4705219
17.2, 4705219
17.21, 4705219
17.22, 4705219
17.23, 4705219
17.24, 4705219
17.25, 4705219
17.26, 4705219
17.27, 4705219
17.28, 4705219
17.29, 4705219
17.3, 4705219
17.31, 4705219
17.32, 4705219
17.33, 4705219
17.34, 4705219
17.35, 4705219
17.36, 4705219
17.37, 4705219
17.38, 4705219
17.39, 4705219
17.4, 4705219
17.41, 4705219
17.42, 4705219
17.43, 4705219
17.44, 4705219
17.45, 4705219
17.46, 4705219
17.47, 4705219
17.48, 4705219
17.49, 4705219
17.5, 4705219
17.51, 4705219
17.52, 4705219
17.53, 4705219
17.54, 4705219
17.55, 4705219
17.56, 4705219
17.57, 4705219
17.58, 4705219
17.59, 4705219
17.6, 4705219
17.61, 4705219
17.62, 4705219
17.63, 4705219
17.64, 4705219
17.65, 4705219
17.66, 4705219
17.67, 4705219
17.68, 4705219
17.69, 4705219
17.7, 4705219
17.71, 4705219
17.72, 4705219
17.73, 4705219
17.74, 4705219
17.75, 4705219
17.76, 4705219
17.77, 4705219
17.78, 4705219
17.79, 4705219
17.8, 4705219
17.81, 4705219
17.82, 4705219
17.83, 4705219
17.84, 4705219
17.85, 4705219
17.86, 4705219
17.87, 4705219
17.88, 4705219
17.89, 4705219
17.9, 4705219
17.91, 4705219
17.92, 4705219
17.93, 4705219
17.94, 4705219
17.95, 4705219
17.96, 4705219
17.97, 4705219
17.98, 4705219
17.99, 4705219
18.0, 4705219
18.01, 4705219
18.02, 4705219
18.03, 4705219
18.04, 4705219
18.05, 4705219
18.06, 4705219
18.07, 4705219
18.08, 4705219
18.09, 4705219
18.1, 4705219
18.11, 4705219
18.12, 4705219
18.13, 4705219
18.14, 4705219
18.15, 4705219
18.16, 4705219
18.17, 4705219
18.18, 4705219
18.19, 4705219
18.2, 4705219
18.21, 4705219
18.22, 4705219
18.23, 4705219
18.24, 4705219
18.25, 4705219
18.26, 4705219
18.27, 4705219
18.28, 4705219
18.29, 4705219
18.3, 4705219
18.31, 4705219
18.32, 4705219
18.33, 4705219
18.34, 4705219
18.35, 4705219
18.36, 4705219
18.37, 4705219
18.38, 4705219
18.39, 4705219
18.4, 4705219
18.41, 4705219
18.42, 4705219
18.43, 4705219
18.44, 4705219
18.45, 4705219
18.46, 4705219
18.47, 4705219
18.48, 4705219
18.49, 4705219
18.5, 4705219
18.51, 4705219
18.52, 4705219
18.53, 4705219
18.54, 4705219
18.55, 4705219
18.56, 4705219
18.57, 4705219
18.58, 4705219
18.59, 4705219
18.6, 4705219
18.61, 4705219
18.62, 4705219
18.63, 4705219
18.64, 4705219
18.65, 4705219
18.66, 4705219
18.67, 4705219
18.68, 4705219
18.69, 4705219
18.7, 4705219
18.71, 4705219
18.72, 4705219
18.73, 4705219
18.74, 4705219
18.75, 4705219
18.76, 4705219
18.77, 4705219
18.78, 4705219
18.79, 4705219
18.8, 4705219
18.81, 4705219
18.82, 4705219
18.83, 4705219
18.84, 4705219
18.85, 4705219
18.86, 4705219
18.87, 4705219
18.88, 4705219
18.89, 4705219
18.9, 4705219
18.91, 4705219
18.92, 4705219
18.93, 4705219
18.94, 4705219
18.95, 4705219
18.96, 4705219
18.97, 4705219
18.98, 4705219
18.99, 4705219
19.0, 4705219
19.01, 4705219
19.02, 4705219
19.03, 4705219
19.04, 4705219
19.05, 4705219
19.06, 4705219
19.07, 4705219
19.08, 4705219
19.09, 4705219
19.1, 4705219
19.11, 4705219
19.12, 4705219
19.13, 4705219
19.14, 4705219
19.15, 4705219
19.16, 4705219
19.17, 4705219
19.18, 4705219
19.19, 4705219
19.2, 4705219
19.21, 4705219
19.24, 4705219
19.25, 4705219
19.26, 4705219
19.27, 4705219
19.28, 4705219
19.29, 4705219
19.3, 4705219
19.31, 4705219
19.32, 4705219
19.33, 4705219
19.34, 4705219
19.35, 4705219
19.36, 4705219
19.37, 4705219
19.38, 4705219
19.39, 4705219
19.4, 4705219
19.41, 4705219
19.42, 4705219
19.43, 4705219
19.44, 4705219
19.45, 4705219
19.46, 4705219
19.47, 4705219
19.48, 4705219
19.49, 4705219
19.5, 4705219
19.51, 4705219
19.52, 4705219
19.53, 4705219
19.54, 4705219
19.55, 4705219
19.56, 4705219
19.57, 4705219
19.58, 4705219
19.59, 4705219
19.6, 4705219
19.61, 4705219
19.62, 4705219
19.63, 4705219
19.64, 4705219
19.65, 4705219
19.66, 4705219
19.67, 4705219
19.68, 4705219
19.69, 4705219
19.7, 4705219
19.71, 4705219
19.72, 4705219
19.73, 4705219
19.74, 4705219
19.75, 4705219
19.76, 4705219
19.77, 4705219
19.78, 4705219
19.79, 4705219
19.8, 4705219
19.81, 4705219
19.82, 4705219
19.83, 4705219
19.84, 4705219
19.85, 4705219
19.86, 4705219
19.87, 4705219
19.88, 4705219
19.89, 4705219
19.9, 4705219
19.91, 4705219
19.92, 4705219
19.93, 4705219
19.94, 4705219
19.95, 4705219
19.96, 4705219
19.97, 4705219
19.98, 4705219
19.99, 4705219
20.0, 4705219
20.01, 4705219
20.02, 4705219
20.03, 4705219
20.04, 4705219
20.05, 4705219
20.06, 4705219
20.07, 4705219
20.08, 4705219
20.09, 4705219
20.1, 4705219
20.11, 4705219
20.12, 4705219
20.13, 4705219
20.14, 4705219
20.15, 4705219
20.16, 4705219
20.17, 4705219
20.18, 4705219
20.19, 4705219
20.2, 4705219
20.21, 4705219
20.22, 4705219
20.23, 4705219
20.24, 4705219
20.25, 4705219
20.26, 4705219
20.27, 4705219
20.28, 4705219
20.29, 4705219
20.3, 4705219
20.31, 4705219
20.32, 4705219
20.33, 4705219
20.34, 4705219
20.35, 4705219
20.36, 4705219
20.37, 4705219
20.38, 4705219
20.39, 4705219
20.4, 4705219
20.41, 4705219
20.42, 4705219
20.43, 4705219
20.44, 4705219
20.45, 4705219
20.46, 4705219
20.47, 4705219
20.48, 4705219
20.49, 4705219
20.5, 4705219
20.51, 4705219
20.52, 4705219
20.53, 4705219
20.54, 4705219
20.55, 4705219
20.56, 4705219
20.57, 4705219
20.58, 4705219
20.59, 4705219
20.6, 4705219
20.61, 4705219
20.62, 4705219
20.63, 4705219
20.64, 4705219
20.65, 4705219
20.66, 4705219
20.67, 4705219
20.68, 4705219
20.69, 4705219
20.7, 4705219
20.71, 4705219
20.72, 4705219
20.73, 4705219
20.74, 4705219
20.75, 4705219
20.76, 4705219
20.77, 4705219
20.78, 4705219
20.79, 4705219
20.8, 4705219
20.81, 4705219
20.82, 4705219
20.83, 4705219
20.84, 4705219
20.85, 4705219
20.86, 4705219
20.87, 4705219
20.88, 4705219
20.89, 4705219
20.9, 4705219
20.91, 4705219
20.92, 4705219
20.93, 4705219
20.94, 4705219
20.95, 4705219
20.96, 4705219
20.97, 4705219
20.98, 4705219
20.99, 4705219
21.0, 4705219
21.01, 4705219
21.02, 4705219
21.03, 4705219
21.04, 4705219
21.05, 4705219
21.06, 4705219
21.07, 4705219
21.08, 4705219
21.09, 4705219
21.1, 4705219
21.11, 4705219
21.12, 4705219
21.13, 4705219
21.14, 4705219
21.15, 4705219
21.16, 4705219
21.17, 4705219
21.18, 4705219
21.19, 4705219
21.2, 4705219
21.21, 4705219
21.22, 4705219
21.23, 4705219
21.24, 4705219
21.25, 4705219
21.26, 4705219
21.27, 4705219
21.28, 4705219
21.29, 4705219
21.3, 4705219
21.31, 4705219
21.32, 4705219
21.33, 4705219
21.34, 4705219
21.35, 4705219
21.36, 4705219
21.37, 4705219
21.38, 4705219
21.39, 4705219
21.4, 4705219
21.41, 4705219
21.42, 4705219
21.43, 4705219
21.44, 4705219
21.45, 4705219
21.46, 4705219
21.47, 4705219
21.48, 4705219
21.49, 4705219
21.5, 4705219
21.51, 4705219
21.52, 4705219
21.53, 4705219
21.54, 4705219
21.55, 4705219
21.56, 4705219
21.57, 4705219
21.58, 4705219
21.59, 4705219
21.6, 4705219
21.61, 4705219
21.62, 4705219
21.63, 4705219
21.64, 4705219
21.65, 4705219
21.66, 4705219
21.67, 4705219
21.68, 4705219
21.69, 4705219
21.7, 4705219
21.71, 4705219
21.72, 4705219
21.73, 4705219
21.74, 4705219
21.75, 4705219
21.76, 4705219
21.77, 4705219
21.78, 4705219
21.79, 4705219
21.8, 4705219
21.81, 4705219
21.82, 4705219
21.83, 4705219
21.84, 4705219
21.85, 4705219
21.86, 4705219
21.87, 4705219
21.88, 4705219
21.89, 4705219
21.9, 4705219
21.91, 4705219
21.92, 4705219
21.93, 4705219
21.94, 4705219
21.95, 4705219
21.96, 4705219
21.97, 4705219
21.98, 4705219
21.99, 4705219
22.0, 4705219
22.01, 4705219
22.02, 4705219
22.03, 4705219
22.04, 4705219
22.05, 4705219
22.06, 4705219
22.07, 4705219
22.08, 4705219
22.09, 4705219
22.1, 4705219
22.11, 4705219
22.12, 4705219
22.13, 4705219
22.14, 4705219
22.15, 4705219
22.16, 4705219
22.17, 4705219
22.18, 4705219
22.19, 4705219
22.2, 4705219
22.21, 4705219
22.22, 4705219
22.23, 4705219
22.24, 4705219
22.25, 4705219
22.26, 4705219
22.27, 4705219
22.28, 4705219
22.29, 4705219
22.3, 4705219
22.31, 4705219
22.32, 4705219
22.33, 4705219
22.34, 4705219
22.35, 4705219
22.36, 4705219
22.37, 4705219
22.38, 4705219
22.39, 4705219
22.4, 4705219
22.41, 4705219
22.42, 4705219
22.43, 4705219
22.44, 4705219
22.45, 4705219
22.46, 4705219
22.47, 4705219
22.48, 4705219
22.49, 4705219
22.5, 4705219
22.51, 4705219
22.52, 4705219
22.53, 4705219
22.54, 4705219
22.55, 4705219
22.56, 4705219
22.57, 4705219
22.58, 4705219
22.59, 4705219
22.6, 4705219
22.61, 4705219
22.62, 4705219
22.63, 4705219
22.64, 4705219
22.65, 4705219
22.66, 4705219
22.67, 4705219
22.68, 4705219
22.69, 4705219
22.7, 4705219
22.71, 4705219
22.72, 4705219
22.73, 4705219
22.74, 4705219
22.75, 4705219
22.76, 4705219
22.77, 4705219
22.78, 4705219
22.79, 4705219
22.8, 4705219
22.81, 4705219
22.82, 4705219
22.83, 4705219
22.84, 4705219
22.85, 4705219
22.86, 4705219
22.87, 4705219
22.88, 4705219
22.89, 4705219
22.9, 4705219
22.91, 4705219
22.92, 4705219
22.93, 4705219
22.94, 4705219
22.95, 4705219
22.96, 4705219
22.97, 4705219
22.98, 4705219
22.99, 4705219
23.0, 4705219
23.01, 4705219
23.02, 4705219
23.03, 4705219
23.04, 4705219
23.05, 4705219
23.06, 4705219
23.07, 4705219
23.08, 4705219
23.09, 4705219
23.1, 4705219
23.11, 4705219
23.12, 4705219
23.13, 4705219
23.14, 4705219
23.15, 4705219
23.16, 4705219
23.17, 4705219
23.18, 4705219
23.19, 4705219
23.2, 4705219
23.21, 4705219
23.22, 4705219
23.23, 4705219
23.24, 4705219
23.25, 4705219
23.26, 4705219
23.27, 4705219
23.28, 4705219
23.29, 4705219
23.3, 4705219
23.31, 4705219
23.32, 4705219
23.33, 4705219
23.34, 4705219
23.35, 4705219
23.36, 4705219
23.37, 4698247
23.38, 4698247
23.39, 4698247
23.4, 4698247
23.41, 4698247
23.42, 4698247
23.43, 4698247
23.44, 4698247
23.45, 4698247
23.46, 4698247
23.47, 4698247
23.48, 4698247
23.49, 4698247
23.5, 4698247
23.51, 4698247
23.52, 4698247
23.53, 4698247
23.54, 4698247
23.55, 4698247
23.56, 4698247
23.57, 4698247
23.58, 4698247
23.59, 4698247
23.6, 4698247
23.61, 4698247
23.62, 4698247
23.63, 4698247
23.64, 4698247
23.65, 4698247
23.66, 4698247
23.67, 4698247
23.68, 4698247
23.69, 4698247
23.7, 4698247
23.71, 4698247
23.72, 4698247
23.73, 4698247
23.74, 4698247
23.75, 4698247
23.76, 4698247
23.77, 4698247
23.78, 4698247
23.79, 4698247
23.8, 4698247
23.81, 4698247
23.82, 4698247
23.83, 4698247
23.84, 4698247
23.85, 4698247
23.86, 4698247
23.87, 4698247
23.88, 4698247
23.89, 4698247
23.9, 4698247
23.91, 4698247
23.92, 4698247
23.93, 4698247
23.94, 4698247
23.95, 4698247
23.96, 4698247
23.97, 4698247
23.98, 4698247
23.99, 4698247
24.0, 4698247
24.01, 4698247
24.02, 4698247
24.03, 4698247
24.04, 4698247
24.05, 4698247
24.06, 4698247
24.07, 4698247
24.08, 4698247
24.09, 4698247
24.1, 4698247
24.11, 4698247
24.12, 4698247
24.13, 4698247
24.14, 4698247
24.15, 4698247
24.16, 4698247
24.17, 4698247
24.18, 4698247
24.19, 4698247
24.2, 4698247
24.21, 4698247
24.22, 4698247
24.23, 4698247
24.24, 4698247
24.25, 4698247
24.26, 4698247
24.27, 4698247
24.28, 4698247
24.29, 4698247
24.3, 4698247
24.31, 4698247
24.32, 4698247
24.33, 4698247
24.34, 4698247
24.35, 4698247
24.36, 4698247
24.37, 4698247
24.38, 4698247
24.39, 4698247
24.4, 4698247
24.41, 4698247
24.42, 4698247
24.43, 4698247
24.44, 4698247
24.45, 4698247
24.46, 4698247
24.47, 4698247
24.48, 4698247
24.49, 4698247
24.5, 4698247
24.51, 4698247
24.52, 4698247
24.53, 4698247
24.54, 4698247
24.55, 4698247
24.56, 4698247
24.57, 4698247
24.58, 4698247
24.59, 4698247
24.6, 4698247
24.61, 4698247
24.62, 4698247
24.63, 4698247
24.64, 4698247
24.65, 4698247
24.66, 4698247
24.67, 4698247
24.68, 4698247
24.69, 4698247
24.7, 4698247
24.71, 4698247
24.72, 4698247
24.73, 4698247
24.74, 4698247
24.75, 4698247
24.76, 4698247
24.77, 4698247
24.78, 4698247
24.79, 4698247
24.8, 4698247
24.81, 4698247
24.82, 4698247
24.83, 4698247
24.84, 4698247
24.85, 4698247
24.86, 4698247
24.87, 4698247
24.88, 4698247
24.89, 4698247
24.9, 4698247
24.91, 4698247
24.92, 4698247
24.93, 4698247
24.94, 4698247
24.95, 4698247
24.96, 4698247
24.97, 4698247
24.98, 4698247
24.99, 4698247
25.0, 4698247
25.01, 4698247
25.02, 4698247
25.03, 4698247
25.04, 4698247
25.05, 4698247
25.06, 4698247
25.07, 4698247
25.08, 4698247
25.09, 4698247
25.1, 4698247
25.11, 4698247
25.12, 4698247
25.13, 4698247
25.14, 4698247
25.15, 4698247
25.16, 4698247
25.17, 4698247
25.18, 4698247
25.19, 4698247
25.2, 4698247
25.21, 4698247
25.22, 4698247
25.23, 4698247
25.24, 4698247
25.25, 4698247
25.26, 4698247
25.27, 4698247
25.28, 4698247
25.29, 4698247
25.3, 4698247
25.31, 4698247
25.32, 4698247
25.33, 4698247
25.34, 4698247
25.35, 4698247
25.36, 4698247
25.37, 4698247
25.38, 4698247
25.39, 4698247
25.4, 4698247
25.41, 4698247
25.42, 4698247
25.43, 4698247
25.44, 4698247
25.45, 4698247
25.46, 4698247
25.47, 4698247
25.48, 4698247
25.49, 4698247
25.5, 4698247
25.51, 4698247
25.52, 4698247
25.53, 4698247
25.54, 4698247
25.55, 4698247
25.56, 4698247
25.57, 4698247
25.58, 4698247
25.59, 4698247
25.6, 4698247
25.61, 4698247
25.62, 4698247
25.63, 4698247
25.64, 4698247
25.65, 4698247
25.66, 4698247
25.67, 4698247
25.68, 4698247
25.69, 4698247
25.7, 4698247
25.71, 4698247
25.72, 4698247
25.73, 4698247
25.74, 4698247
25.75, 4698247
25.76, 4698247
25.77, 4698247
25.78, 4698247
25.79, 4698247
25.8, 4698247
25.81, 4698247
25.82, 4698247
25.83, 4698247
25.84, 4698247
25.85, 4698247
25.86, 4698247
25.87, 4698247
25.88, 4698247
25.89, 4698247
25.9, 4698247
25.91, 4698247
25.92, 4698247
25.93, 4698247
25.94, 4698247
25.95, 4698247
25.96, 4698247
25.97, 4698247
25.98, 4698247
25.99, 4698247
26.0, 4698247
26.01, 4698247
26.02, 4698247
26.03, 4698247
26.04, 4698247
26.05, 4698247
26.06, 4698247
26.07, 4698247
26.08, 4698247
26.09, 4698247
26.1, 4698247
26.11, 4698247
26.12, 4698247
26.13, 4698247
26.14, 4698247
26.15, 4698247
26.16, 4698247
26.17, 4698247
26.18, 4698247
26.19, 4698247
26.2, 4698247
26.21, 4698247
26.22, 4698247
26.23, 4698247
26.24, 4698247
26.25, 4698247
26.26, 4698247
26.27, 4698247
26.28, 4698247
26.29, 4698247
26.3, 4698247
26.31, 4698247
26.32, 4698247
26.33, 4698247
26.34, 4698247
26.35, 4698247
26.36, 4698247
26.37, 4698247
26.38, 4698247
26.39, 4698247
26.4, 4698247
26.41, 4698247
26.42, 4698247
26.43, 4698247
26.44, 4698247
26.45, 4698247
26.46, 4698247
26.47, 4698247
26.48, 4698247
26.49, 4698247
26.5, 4698247
26.51, 4698247
26.52, 4698247
26.53, 4698247
26.54, 4698247
26.55, 4698247
26.56, 4698247
26.57, 4698247
26.58, 4698247
26.59, 4698247
26.6, 4698247
26.61, 4698247
26.62, 4698247
26.63, 4698247
26.64, 4698247
26.65, 4698247
26.66, 4698247
26.67, 4698247
26.68, 4698247
26.69, 4698247
26.7, 4698247
26.71, 4698247
26.72, 4698247
26.73, 4698247
26.74, 4698247
26.75, 4698247
26.76, 4698247
26.77, 4698247
26.78, 4698247
26.79, 4698247
26.8, 4698247
26.81, 4698247
26.82, 4698247
26.83, 4698247
26.84, 4698247
26.85, 4698247
26.86, 4698247
26.87, 4698247
26.88, 4698247
26.89, 4698247
26.9, 4698247
26.91, 4698247
26.92, 4698247
26.93, 4698247
26.94, 4698247
26.95, 4698247
26.96, 4698247
26.97, 4698247
26.98, 4698247
26.99, 4698247
27.0, 4698247
27.01, 4698247
27.02, 4698247
27.03, 4698247
27.04, 4698247
27.05, 4698247
27.06, 4698247
27.07, 4698247
27.08, 4698247
27.09, 4698247
27.1, 4698247
27.11, 4698247
27.12, 4698247
27.13, 4698247
27.14, 4698247
27.15, 4698247
27.16, 4698247
27.17, 4698247
27.18, 4698247
27.19, 4698247
27.2, 4698247
27.21, 4698247
27.22, 4698247
27.23, 4698247
27.24, 4698247
27.25, 4698247
27.26, 4698247
27.27, 4698247
27.28, 4698247
27.29, 4698247
27.3, 4698247
27.31, 4698247
27.32, 4698247
27.33, 4698247
27.34, 4698247
27.35, 4698247
27.36, 4698247
27.37, 4698247
27.38, 4698247
27.39, 4698247
27.4, 4698247
27.41, 4698247
27.42, 4698247
27.43, 4698247
27.44, 4698247
27.45, 4698247
27.46, 4698247
27.47, 4698247
27.48, 4698247
27.49, 4698247
27.5, 4698247
27.51, 4698247
27.52, 4698247
27.53, 4698247
27.54, 4698247
27.55, 4698247
27.56, 4698247
27.57, 4698247
27.58, 4698247
27.59, 4698247
27.6, 4698247
27.61, 4698247
27.62, 4698247
27.63, 4698247
27.64, 4698247
27.65, 4698247
27.66, 4698247
27.67, 4698247
27.68, 4698247
27.69, 4698247
27.7, 4698247
27.71, 4698247
27.72, 4698247
27.73, 4698247
27.74, 4698247
27.75, 4698247
27.76, 4698247
27.77, 4698247
27.78, 4698247
27.79, 4698247
27.8, 4698247
27.81, 4698247
27.82, 4698247
27.83, 4698247
27.84, 4698247
27.85, 4698247
27.86, 4698247
27.87, 4698247
27.88, 4698247
27.89, 4698247
27.9, 4698247
27.91, 4698247
27.92, 4698247
27.93, 4698247
27.94, 4698247
27.95, 4698247
27.96, 4698247
27.97, 4698247
27.98, 4698247
27.99, 4698247
28.0, 4698247
28.01, 4698247
28.02, 4698247
28.03, 4698247
28.04, 4698247
28.05, 4698247
28.06, 4698247
28.07, 4698247
28.08, 4698247
28.09, 4698247
28.1, 4698247
28.11, 4698247
28.12, 4698247
28.13, 4698247
28.14, 4698247
28.15, 4698247
28.16, 4698247
28.17, 4698247
28.18, 4698247
28.19, 4698247
28.2, 4698247
28.21, 4698247
28.22, 4698247
28.23, 4698247
28.24, 4698247
28.25, 4698247
28.26, 4698247
28.27, 4698247
28.28, 4698247
28.29, 4698247
28.3, 4698247
28.31, 4698247
28.32, 4698247
28.33, 4698247
28.34, 4698247
28.35, 4698247
28.36, 4698247
28.37, 4698247
28.38, 4698247
28.39, 4698247
28.4, 4698247
28.41, 4698247
28.42, 4698247
28.43, 4698247
28.44, 4698247
28.45, 4698247
28.46, 4698247
28.47, 4698247
28.48, 4698247
28.49, 4698247
28.5, 4698247
28.51, 4698247
28.52, 4698247
28.53, 4698247
28.54, 4698247
28.55, 4698247
28.56, 4698247
28.57, 4698247
28.58, 4698247
28.59, 4698247
28.6, 4698247
28.61, 4698247
28.62, 4698247
28.63, 4698247
28.64, 4698247
28.65, 4698247
28.66, 4698247
28.67, 4698247
28.68, 4698247
28.69, 4698247
28.7, 4698247
28.71, 4698247
28.72, 4698247
28.73, 4698247
28.74, 4698247
28.75, 4698247
28.76, 4698247
28.77, 4698247
28.78, 4698247
28.79, 4698247
28.8, 4698247
28.81, 4698247
28.82, 4698247
28.83, 4698247
28.84, 4698247
28.85, 4698247
28.86, 4698247
28.87, 4698247
28.88, 4698247
28.89, 4698247
28.9, 4698247
28.91, 4698247
28.92, 4698247
28.93, 4698247
28.94, 4698247
28.95, 4698247
28.96, 4698247
28.97, 4698247
28.98, 4698247
28.99, 4698247
29.0, 4698247
29.01, 4698247
29.02, 4698247
29.03, 4698247
29.04, 4698247
29.05, 4698247
29.06, 4698247
29.07, 4698247
29.08, 4698247
29.09, 4698247
29.1, 4698247
29.11, 4698247
29.12, 4698247
29.13, 4698247
29.14, 4698247
29.15, 4698247
29.16, 4698247
29.17, 4698247
29.18, 4698247
29.19, 4698247
29.2, 4698247
29.21, 4698247
29.22, 4698247
29.23, 4698247
29.24, 4698247
29.25, 4698247
29.26, 4698247
29.27, 4698247
29.28, 4698247
29.29, 4698247
29.3, 4698247
29.31, 4698247
29.32, 4698247
29.33, 4698247
29.34, 4698247
29.35, 4698247
29.36, 4698247
29.37, 4698247
29.38, 4698247
29.39, 4698247
29.4, 4698247
29.41, 4698247
29.42, 4698247
29.43, 4698247
29.44, 4698247
29.45, 4698247
29.46, 4698247
29.47, 4698247
29.48, 4698247
29.49, 4698247
29.5, 4698247
29.51, 4698247
29.52, 4698247
29.53, 4698247
29.54, 4698247
29.55, 4698247
29.56, 4698247
29.57, 4698247
29.58, 4698247
29.59, 4698247
29.6, 4698247
29.61, 4698247
29.62, 4698247
29.63, 4698247
29.64, 4698247
29.65, 4698247
29.66, 4698247
29.67, 4698247
29.68, 4698247
29.69, 4698247
29.7, 4698247
29.71, 4698247
29.72, 4698247
29.73, 4698247
29.74, 4698247
29.75, 4698247
29.76, 4698247
29.77, 4698247
29.78, 4698247
29.79, 4698247
29.8, 4698247
29.81, 4698247
29.82, 4698247
29.83, 4698247
29.84, 4698247
29.85, 4698247
29.86, 4698247
29.87, 4698247
29.88, 4698247
29.89, 4698247
29.9, 4698247
29.91, 4698247
29.92, 4698247
29.93, 4698247
29.94, 4698247
29.95, 4698247
29.96, 4698247
29.97, 4698247
29.98, 4698247
29.99, 4698247
30.0, 4698247
30.01, 4698247
30.02, 4698247
30.03, 4698247
30.04, 4698247
30.05, 4698247
30.06, 4698247
30.07, 4698247
30.08, 4698247
30.09, 4698247
30.1, 4698247
30.11, 4698247
30.12, 4698247
30.13, 4698247
30.14, 4698247
30.15, 4698247
30.16, 4698247
30.17, 4698247
30.18, 4698247
30.19, 4698247
30.2, 4698247
30.21, 4698247
30.22, 4698247
30.23, 4698247
30.24, 4698247
30.25, 4698247
30.26, 4698247
30.27, 4698247
30.28, 4698247
30.29, 4698247
30.3, 4698247
30.31, 4698247
30.32, 4698247
30.33, 4698247
30.34, 4698247
30.35, 4698247
30.36, 4698247
30.37, 4698247
30.38, 4698247
30.39, 4698247
30.4, 4698247
30.41, 4698247
30.42, 4698247
30.43, 4698247
30.44, 4698247
30.45, 4698247
30.46, 4698247
30.47, 4698247
30.48, 4698247
30.49, 4698247
30.5, 4698247
30.51, 4698247
30.52, 4698247
30.53, 4698247
30.54, 4698247
30.55, 4698247
30.56, 4698247
30.57, 4698247
30.58, 4698247
30.59, 4698247
30.6, 4698247
30.61, 4698247
30.62, 4698247
30.63, 4698247
30.64, 4698247
30.65, 4698247
30.66, 4698247
30.67, 4698247
30.68, 4698247
30.69, 4698247
30.7, 4698247
30.71, 4698247
30.72, 4698247
30.73, 4698247
30.74, 4698247
30.75, 4698247
30.76, 4698247
30.77, 4698247
30.78, 4698247
30.79, 4698247
30.8, 4698247
30.81, 4698247
30.82, 4698247
30.83, 4698247
30.84, 4698247
30.85, 4698247
30.86, 4698247
30.87, 4698247
30.88, 4698247
30.89, 4698247
30.9, 4698247
30.91, 4698247
30.92, 4698247
30.93, 4698247
30.94, 4698247
30.95, 4698247
30.96, 4698247
30.97, 4698247
30.98, 4698247
30.99, 4698247
31.0, 4698247
31.01, 4698247
31.02, 4698247
31.03, 4698247
31.04, 4698247
31.05, 4698247
31.06, 4698247
31.07, 4698247
31.08, 4698247
31.09, 4698247
31.1, 4698247
31.11, 4698247
31.12, 4698247
31.13, 4698247
31.14, 4698247
31.15, 4698247
31.16, 4698247
31.17, 4698247
31.18, 4698247
31.19, 4698247
31.2, 4698247
31.21, 4698247
31.22, 4698247
31.23, 4698247
31.24, 4698247
31.25, 4698247
31.26, 4698247
31.27, 4698247
31.28, 4698247
31.29, 4698247
31.3, 4698247
31.31, 4698247
31.32, 4698247
31.33, 4698247
31.34, 4698247
31.35, 4698247
31.36, 4698247
31.37, 4698247
31.38, 4698247
31.39, 4698247
31.4, 4698247
31.41, 4698247
31.42, 4698247
31.43, 4698247
31.44, 4698247
31.45, 4698247
31.46, 4698247
31.47, 4698247
31.48, 4698247
31.49, 4698247
31.5, 4698247
31.51, 4698247
31.52, 4698247
31.53, 4698247
31.54, 4698247
31.55, 4698247
31.56, 4698247
31.57, 4698247
31.58, 4698247
31.59, 4698247
31.6, 4698247
31.61, 4698247
31.62, 4698247
31.63, 4698247
31.64, 4698247
31.65, 4698247
31.66, 4698247
31.67, 4698247
31.68, 4698247
31.69, 4698247
31.7, 4698247
31.71, 4698247
31.72, 4698247
31.73, 4698247
31.74, 4698247
31.75, 4698247
31.76, 4698247
31.77, 4698247
31.78, 4698247
31.79, 4698247
31.8, 4698247
31.81, 4698247
31.82, 4698247
31.83, 4698247
31.84, 4698247
31.85, 4698247
31.86, 4698247
31.87, 4698247
31.88, 4698247
31.89, 4698247
31.9, 4698247
31.91, 4698247
31.92, 4698247
31.93, 4698247
31.94, 4698247
31.95, 4698247
31.96, 4698247
31.97, 4698247
31.98, 4698247
31.99, 4698247
32.0, 4698247
32.01, 4698247
32.02, 4698247
32.03, 4698247
32.04, 4698247
32.05, 4698247
32.06, 4698247
32.07, 4698247
32.08, 4698247
32.09, 4698247
32.1, 4698247
32.11, 4698247
32.12, 4698247
32.13, 4698247
32.14, 4698247
32.15, 4698247
32.16, 4698247
32.17, 4698247
32.18, 4698247
32.19, 4698247
32.2, 4698247
32.21, 4698247
32.22, 4698247
32.23, 4698247
32.24, 4698247
32.25, 4698247
32.26, 4698247
32.27, 4698247
32.28, 4698247
32.29, 4698247
32.3, 4698247
32.31, 4698247
32.32, 4698247
32.33, 4698247
32.34, 4698247
32.35, 4698247
32.36, 4698247
32.37, 4698247
32.38, 4698247
32.39, 4698247
32.4, 4698247
32.41, 4698247
32.42, 4698247
32.43, 4698247
32.44, 4698247
32.45, 4698247
32.46, 4698247
32.47, 4698247
32.48, 4698247
32.49, 4698247
32.5, 4698247
32.51, 4698247
32.52, 4698247
32.53, 4698247
32.54, 4698247
32.55, 4698247
32.56, 4698247
32.57, 4698247
32.58, 4698247
32.59, 4698247
32.6, 4698247
32.61, 4698247
32.62, 4698247
32.63, 4698247
32.64, 4698247
32.65, 4698247
32.66, 4698247
32.67, 4698247
32.68, 4698247
32.69, 4698247
32.7, 4698247
32.71, 4698247
32.72, 4698247
32.73, 4698247
32.74, 4698247
32.75, 4698247
32.76, 4698247
32.77, 4698247
32.78, 4698247
32.79, 4698247
32.8, 4698247
32.81, 4698247
32.82, 4698247
32.83, 4698247
32.84, 4698247
32.85, 4698247
32.86, 4698247
32.87, 4698247
32.88, 4698247
32.89, 4698247
32.9, 4698247
32.91, 4698247
32.92, 4698247
32.93, 4698247
32.94, 4698247
32.95, 4698247
32.96, 4698247
32.97, 4698247
32.98, 4698247
32.99, 4698247
33.0, 4698247
33.01, 4698247
33.02, 4698247
33.03, 4698247
33.04, 4698247
33.05, 4698247
33.06, 4698247
33.07, 4698247
33.08, 4698247
33.09, 4698247
33.1, 4698247
33.11, 4698247
33.12, 4698247
33.13, 4698247
33.14, 4698247
33.15, 4698247
33.16, 4698247
33.17, 4698247
33.18, 4698247
33.19, 4698247
33.2, 4698247
33.21, 4698247
33.22, 4698247
33.23, 4698247
33.24, 4698247
33.25, 4698247
33.26, 4698247
33.27, 4698247
33.28, 4698247
33.29, 4698247
33.3, 4698247
33.31, 4698247
33.32, 4698247
33.33, 4698247
33.34, 4698247
33.35, 4698247
33.36, 4698247
33.37, 4698247
33.38, 4698247
33.39, 4698247
33.4, 4698247
33.41, 4698247
33.42, 4698247
33.43, 4698247
33.44, 4698247
33.45, 4698247
33.46, 4698247
33.47, 4698247
33.48, 4698247
33.49, 4698247
33.5, 4698247
33.51, 4698247
33.52, 4698247
33.53, 4698247
33.54, 4698247
33.55, 4698247
33.56, 4698247
33.57, 4698247
33.58, 4698247
33.59, 4698247
33.6, 4698247
33.61, 4698247
33.62, 4698247
33.63, 4698247
33.64, 4698247
33.65, 4698247
33.66, 4698247
33.67, 4698247
33.68, 4698247
33.69, 4698247
33.7, 4698247
33.71, 4698247
33.72, 4698247
33.73, 4698247
33.74, 4698247
33.75, 4698247
33.76, 4698247
33.77, 4698247
33.78, 4698247
33.79, 4698247
33.8, 4698247
33.81, 4698247
33.82, 4698247
33.83, 4698247
33.84, 4698247
33.85, 4698247
33.86, 4698247
33.87, 4698247
33.88, 4698247
33.89, 4698247
33.9, 4698247
33.91, 4698247
33.92, 4698247
33.93, 4698247
33.94, 4698247
33.95, 4698247
33.96, 4698247
33.97, 4698247
33.98, 4698247
33.99, 4698247
34.0, 4698247
34.01, 4698247
34.02, 4698247
34.03, 4698247
34.04, 4698247
34.05, 4698247
34.06, 4698247
34.07, 4698247
34.08, 4698247
34.09, 4698247
34.1, 4698247
34.11, 4698247
34.12, 4698247
34.13, 4698247
34.14, 4698247
34.15, 4698247
34.16, 4698247
34.17, 4698247
34.18, 4698247
34.19, 4698247
34.2, 4698247
34.21, 4698247
34.22, 4698247
34.23, 4698247
34.24, 4698247
34.25, 4698247
34.26, 4698247
34.27, 4698247
34.28, 4698247
34.29, 4698247
34.3, 4698247
34.31, 4698247
34.32, 4698247
34.33, 4698247
34.34, 4698247
34.35, 4698247
34.36, 4698247
34.37, 4698247
34.38, 4698247
34.39, 4698247
34.4, 4698247
34.41, 4698247
34.42, 4698247
34.43, 4698247
34.44, 4698247
34.45, 4698247
34.46, 4698247
34.47, 4698247
34.48, 4698247
34.49, 4698247
34.5, 4698247
34.51, 4698247
34.52, 4698247
34.53, 4698247
34.54, 4698247
34.55, 4698247
34.56, 4698247
34.57, 4698247
34.58, 4698247
34.59, 4698247
34.6, 4698247
34.61, 4698247
34.62, 4698247
34.63, 4698247
34.64, 4698247
34.65, 4698247
34.66, 4698247
34.67, 4698247
34.68, 4698247
34.69, 4698247
34.7, 4698247
34.71, 4698247
34.72, 4698247
34.73, 4698247
34.74, 4698247
34.75, 4698247
34.76, 4698247
34.77, 4698247
34.78, 4698247
34.79, 4698247
34.8, 4698247
34.81, 4698247
34.82, 4698247
34.83, 4698247
34.84, 4698247
34.85, 4698247
34.86, 4698247
34.87, 4698247
34.88, 4698247
34.89, 4698247
34.9, 4698247
34.91, 4698247
34.92, 4698247
34.93, 4698247
34.94, 4698247
34.95, 4698247
34.96, 4698247
34.97, 4698247
34.98, 4698247
34.99, 4698247
35.0, 4698247
35.01, 4698247
35.02, 4698247
35.03, 4698247
35.04, 4698247
35.05, 4698247
35.06, 4698247
35.07, 4698247
35.08, 4698247
35.09, 4698247
35.1, 4698247
35.11, 4698247
35.12, 4698247
35.13, 4698247
35.14, 4698247
35.15, 4698247
35.16, 4698247
35.17, 4698247
35.18, 4698247
35.19, 4698247
35.2, 4698247
35.21, 4698247
35.22, 4698247
35.23, 4698247
35.24, 4698247
35.25, 4698247
35.26, 4698247
35.27, 4698247
35.28, 4698247
35.29, 4698247
35.3, 4698247
35.31, 4698247
35.32, 4698247
35.33, 4698247
35.34, 4698247
35.35, 4698247
35.36, 4698247
35.37, 4698247
35.38, 4698247
35.39, 4698247
35.4, 4698247
35.41, 4698247
35.42, 4698247
35.43, 4698247
35.44, 4698247
35.45, 4698247
35.46, 4698247
35.47, 4698247
35.48, 4698247
35.49, 4698247
35.5, 4698247
35.51, 4698247
35.52, 4698247
35.53, 4698247
35.54, 4698247
35.55, 4698247
35.56, 4698247
35.57, 4698247
35.58, 4698247
35.59, 4698247
35.6, 4698247
35.61, 4698247
35.62, 4698247
35.63, 4698247
35.64, 4698247
35.65, 4698247
35.66, 4698247
35.67, 4698247
35.68, 4698247
35.69, 4698247
35.7, 4698247
35.71, 4698247
35.72, 4698247
35.73, 4698247
35.74, 4698247
35.75, 4698247
35.76, 4698247
35.77, 4698247
35.78, 4698247
35.79, 4698247
35.8, 4698247
35.81, 4698247
35.82, 4698247
35.83, 4698247
35.84, 4698247
35.85, 4698247
35.86, 4698247
35.87, 4698247
35.88, 4698247
35.89, 4698247
35.9, 4698247
35.91, 4698247
35.92, 4698247
35.93, 4698247
35.94, 4698247
35.95, 4698247
35.96, 4698247
35.97, 4698247
35.98, 4698247
35.99, 4698247
36.0, 4698247
36.01, 4698247
36.02, 4698247
36.03, 4698247
36.04, 4698247
36.05, 4698247
36.06, 4698247
36.07, 4698247
36.08, 4698247
36.09, 4698247
36.1, 4698247
36.11, 4698247
36.12, 4698247
36.13, 4698247
36.14, 4698247
36.15, 4698247
36.16, 4698247
36.17, 4698247
36.18, 4698247
36.19, 4698247
36.2, 4698247
36.21, 4698247
36.22, 4698247
36.23, 4698247
36.24, 4698247
36.25, 4698247
36.26, 4698247
36.27, 4698247
36.28, 4698247
36.29, 4698247
36.3, 4698247
36.31, 4698247
36.32, 4698247
36.33, 4698247
36.34, 4698247
36.35, 4698247
36.36, 4698247
36.37, 4698247
36.38, 4698247
36.39, 4698247
36.4, 4698247
36.41, 4698247
36.42, 4698247
36.43, 4698247
36.44, 4698247
36.45, 4698247
36.46, 4698247
36.47, 4698247
36.48, 4698247
36.49, 4698247
36.5, 4698247
36.51, 4698247
36.52, 4698247
36.53, 4698247
36.54, 4696716
36.55, 4696716
36.56, 4696716
36.57, 4696716
36.58, 4696716
36.59, 4696716
36.6, 4696716
36.61, 4696716
36.62, 4696716
36.63, 4696716
36.64, 4696716
36.65, 4696716
36.66, 4696716
36.67, 4696716
36.68, 4696716
36.69, 4696716
36.7, 4696716
36.71, 4696716
36.72, 4696716
36.73, 4696716
36.74, 4696716
36.75, 4696716
36.76, 4696716
36.77, 4696716
36.78, 4696716
36.79, 4696716
36.8, 4696716
36.81, 4696716
36.82, 4696716
36.83, 4696716
36.84, 4696716
36.85, 4696716
36.86, 4696716
36.87, 4696716
36.88, 4696716
36.89, 4696716
36.9, 4696716
36.91, 4696716
36.92, 4696716
36.93, 4696716
36.94, 4696716
36.95, 4696716
36.96, 4696716
36.97, 4696716
36.98, 4696716
36.99, 4696716
37.0, 4696716
37.01, 4696716
37.02, 4696716
37.03, 4696716
37.04, 4696716
37.05, 4696716
37.06, 4696716
37.07, 4696716
37.08, 4696716
37.09, 4696716
37.1, 4696716
37.11, 4696716
37.12, 4696716
37.13, 4696716
37.14, 4696716
37.15, 4696716
37.16, 4696716
37.17, 4696716
37.18, 4696716
37.19, 4696716
37.2, 4696716
37.21, 4696716
37.22, 4696716
37.23, 4696716
37.24, 4696716
37.25, 4696716
37.26, 4696716
37.27, 4696716
37.28, 4696716
37.29, 4696716
37.3, 4696716
37.31, 4696716
37.32, 4696716
37.33, 4696716
37.34, 4696716
37.35, 4696716
37.36, 4696716
37.37, 4696716
37.38, 4696716
37.39, 4696716
37.4, 4696716
37.41, 4696716
37.42, 4696716
37.43, 4696716
37.44, 4696716
37.45, 4696716
37.46, 4696716
37.47, 4696716
37.48, 4696716
37.49, 4696716
37.5, 4696716
37.51, 4696716
37.52, 4696716
37.53, 4696716
37.54, 4696716
37.55, 4696716
37.56, 4696716
37.57, 4696716
37.58, 4696716
37.59, 4696716
37.6, 4696716
37.61, 4696716
37.62, 4696716
37.63, 4696716
37.64, 4696716
37.65, 4696716
37.66, 4696716
37.67, 4696716
37.68, 4696716
37.69, 4696716
37.7, 4696716
37.71, 4696716
37.72, 4696716
37.73, 4696716
37.74, 4696716
37.75, 4696716
37.76, 4696716
37.77, 4696716
37.78, 4696716
37.79, 4696716
37.8, 4696716
37.81, 4696716
37.82, 4696716
37.83, 4696716
37.84, 4696716
37.85, 4696716
37.86, 4696716
37.87, 4696716
37.88, 4696716
37.89, 4696716
37.9, 4696716
37.91, 4696716
37.92, 4696716
37.93, 4696716
37.94, 4696716
37.95, 4696716
37.96, 4696716
37.97, 4696716
37.98, 4696716
37.99, 4696716
38.0, 4696716
38.01, 4696716
38.02, 4696716
38.03, 4696716
38.04, 4696716
38.05, 4696716
38.06, 4696716
38.07, 4696716
38.08, 4696716
38.09, 4696716
38.1, 4696716
38.11, 4696716
38.12, 4696716
38.13, 4696716
38.14, 4696716
38.15, 4696716
38.16, 4696716
38.17, 4696716
38.18, 4696716
38.19, 4696716
38.2, 4696716
38.21, 4696716
38.22, 4696716
38.23, 4696716
38.24, 4696716
38.25, 4696716
38.26, 4696716
38.27, 4696716
38.28, 4696716
38.29, 4696716
38.3, 4696716
38.31, 4696716
38.32, 4696716
38.33, 4696716
38.34, 4696716
38.35, 4696716
38.36, 4696716
38.37, 4696716
38.38, 4696716
38.39, 4696716
38.4, 4696716
38.41, 4696716
38.42, 4696716
38.43, 4696716
38.44, 4696716
38.45, 4696716
38.46, 4696716
38.47, 4696716
38.48, 4696716
38.49, 4696716
38.5, 4696716
38.51, 4696716
38.52, 4696716
38.53, 4696716
38.54, 4696716
38.55, 4696716
38.56, 4696716
38.57, 4696716
38.58, 4696716
38.59, 4696716
38.6, 4696716
38.61, 4696716
38.62, 4696716
38.63, 4696716
38.64, 4696716
38.65, 4696716
38.66, 4696716
38.67, 4696716
38.68, 4696716
38.69, 4696716
38.7, 4696716
38.71, 4696716
38.72, 4696716
38.73, 4696716
38.74, 4696716
38.75, 4696716
38.76, 4696716
38.77, 4696716
38.78, 4696716
38.79, 4696716
38.8, 4696716
38.81, 4696716
38.82, 4696716
38.83, 4696716
38.84, 4696716
38.85, 4696716
38.86, 4696716
38.87, 4696716
38.88, 4696716
38.89, 4696716
38.9, 4696716
38.91, 4696716
38.92, 4696716
38.93, 4696716
38.94, 4696716
38.95, 4696716
38.96, 4696716
38.97, 4696716
38.98, 4696716
38.99, 4696716
39.0, 4696716
39.01, 4696716
39.02, 4696716
39.03, 4696716
39.04, 4696716
39.05, 4696716
39.06, 4696716
39.07, 4696716
39.08, 4696716
39.09, 4696716
39.1, 4696716
39.11, 4696716
39.12, 4696716
39.13, 4696716
39.14, 4696716
39.15, 4696716
39.16, 4696716
39.17, 4696716
39.18, 4696716
39.19, 4696716
39.2, 4696716
39.21, 4696716
39.22, 4696716
39.23, 4696716
39.24, 4696716
39.25, 4696716
39.26, 4696716
39.27, 4696716
39.28, 4696716
39.29, 4696716
39.3, 4696716
39.31, 4696716
39.32, 4696716
39.33, 4696716
39.34, 4696716
39.35, 4696716
39.36, 4696716
39.37, 4696716
39.38, 4696716
39.39, 4696716
39.4, 4696716
39.41, 4696716
39.42, 4696716
39.43, 4696716
39.44, 4696716
39.45, 4696716
39.46, 4696716
39.47, 4696716
39.48, 4696716
39.49, 4696716
39.5, 4696716
39.51, 4696716
39.52, 4696716
39.53, 4696716
39.54, 4696716
39.55, 4696716
39.56, 4696716
39.57, 4696716
39.58, 4696716
39.59, 4696716
39.6, 4696716
39.61, 4696716
39.62, 4696716
39.63, 4696716
39.64, 4696716
39.65, 4696716
39.66, 4696716
39.67, 4696716
39.68, 4696716
39.69, 4696716
39.7, 4696716
39.71, 4696716
39.72, 4696716
39.73, 4696716
39.74, 4696716
39.75, 4696716
39.76, 4696716
39.77, 4696716
39.78, 4696716
39.79, 4696716
39.8, 4696716
39.81, 4696716
39.82, 4696716
39.83, 4696716
39.84, 4696716
39.85, 4696716
39.86, 4696716
39.87, 4696716
39.88, 4696716
39.89, 4696716
39.9, 4696716
39.91, 4696716
39.92, 4696716
39.93, 4696716
39.94, 4696716
39.95, 4696716
39.96, 4696716
39.97, 4696716
39.98, 4696716
39.99, 4696716
40.0, 4696716
40.01, 4696716
40.02, 4696716
40.03, 4696716
40.04, 4696716
40.05, 4696716
40.06, 4696716
40.07, 4696716
40.08, 4696716
40.09, 4696716
40.1, 4696716
40.11, 4696716
40.12, 4696716
40.13, 4696716
40.14, 4696716
40.15, 4696716
40.16, 4696716
40.17, 4696716
40.18, 4696716
40.19, 4696716
40.2, 4696716
40.21, 4696716
40.22, 4696716
40.23, 4696716
40.24, 4696716
40.25, 4696716
40.26, 4696716
40.27, 4696716
40.28, 4696716
40.29, 4696716
40.3, 4696716
40.31, 4696716
40.32, 4696716
40.33, 4696716
40.34, 4696716
40.35, 4696716
40.36, 4696716
40.37, 4696716
40.38, 4696716
40.39, 4696716
40.4, 4696716
40.41, 4696716
40.42, 4696716
40.43, 4696716
40.44, 4696716
40.45, 4696716
40.46, 4696716
40.47, 4696716
40.48, 4696716
40.49, 4696716
40.5, 4696716
40.51, 4696716
40.52, 4696716
40.53, 4696716
40.54, 4696716
40.55, 4696716
40.56, 4696716
40.57, 4696716
40.58, 4696716
40.59, 4696716
40.6, 4696716
40.61, 4696716
40.62, 4696716
40.63, 4696716
40.64, 4696716
40.65, 4696716
40.66, 4696716
40.67, 4696716
40.68, 4696716
40.69, 4696716
40.7, 4696716
40.71, 4696716
40.72, 4696716
40.73, 4696716
40.74, 4696716
40.75, 4696716
40.76, 4696716
40.77, 4696716
40.78, 4696716
40.79, 4696716
40.8, 4696716
40.81, 4696716
40.82, 4696716
40.83, 4696716
40.84, 4696716
40.85, 4696716
40.86, 4696716
40.87, 4696716
40.88, 4696716
40.89, 4696716
40.9, 4696716
40.91, 4696716
40.92, 4696716
40.93, 4696716
40.94, 4696716
40.95, 4696716
40.96, 4696716
40.97, 4696716
40.98, 4696716
40.99, 4696716
41.0, 4696716
41.01, 4696716
41.02, 4696716
41.03, 4696716
41.04, 4696716
41.05, 4696716
41.06, 4696716
41.07, 4696716
41.08, 4696716
41.09, 4696716
41.1, 4696716
41.11, 4696716
41.12, 4696716
41.13, 4696716
41.14, 4696716
41.15, 4696716
41.16, 4696716
41.17, 4696716
41.18, 4696716
41.19, 4696716
41.2, 4696716
41.21, 4696716
41.22, 4696716
41.23, 4696716
41.24, 4696716
41.25, 4696716
41.26, 4696716
41.27, 4696716
41.28, 4696716
41.29, 4696716
41.3, 4696716
41.31, 4696716
41.32, 4696716
41.33, 4696716
41.34, 4696716
41.35, 4696716
41.36, 4696716
41.37, 4696716
41.38, 4696716
41.39, 4696716
41.4, 4696716
41.41, 4696716
41.42, 4696716
41.43, 4696716
41.44, 4696716
41.45, 4696716
41.46, 4696716
41.47, 4696716
41.48, 4696716
41.49, 4696716
41.5, 4696716
41.51, 4696716
41.52, 4696716
41.53, 4696716
41.54, 4696716
41.55, 4696716
41.56, 4696716
41.57, 4696716
41.58, 4696716
41.59, 4696716
41.6, 4696716
41.61, 4696716
41.62, 4696716
41.63, 4696716
41.64, 4696716
41.65, 4696716
41.66, 4696716
41.67, 4696716
41.68, 4696716
41.69, 4696716
41.7, 4696716
41.71, 4696716
41.72, 4696716
41.73, 4696716
41.74, 4696716
41.75, 4696716
41.76, 4696716
41.77, 4696716
41.78, 4696716
41.79, 4696716
41.8, 4696716
41.81, 4696716
41.82, 4696716
41.83, 4696716
41.84, 4696716
41.85, 4696716
41.86, 4696716
41.87, 4696716
41.88, 4696716
41.89, 4696716
41.9, 4696716
41.91, 4696716
41.92, 4696716
41.93, 4696716
41.94, 4696716
41.95, 4696716
41.96, 4696716
41.97, 4696716
41.98, 4696716
41.99, 4696716
42.0, 4696716
42.01, 4696716
42.02, 4696716
42.03, 4696716
42.04, 4696716
42.05, 4696716
42.06, 4696716
42.07, 4696716
42.08, 4696716
42.09, 4696716
42.1, 4696716
42.11, 4696716
42.12, 4696716
42.13, 4696716
42.14, 4696716
42.15, 4696716
42.16, 4696716
42.17, 4696716
42.18, 4696716
42.19, 4696716
42.2, 4696716
42.21, 4696716
42.22, 4696716
42.23, 4696716
42.24, 4696716
42.25, 4696716
42.26, 4696716
42.27, 4696716
42.28, 4696716
42.29, 4696716
42.3, 4696716
42.31, 4696716
42.32, 4696716
42.33, 4696716
42.34, 4696716
42.35, 4696716
42.36, 4696716
42.37, 4696716
42.38, 4696716
42.39, 4696716
42.4, 4696716
42.41, 4696716
42.42, 4696716
42.43, 4696716
42.44, 4696716
42.45, 4696716
42.46, 4696716
42.47, 4696716
42.48, 4696716
42.49, 4696716
42.5, 4696716
42.51, 4696716
42.52, 4696716
42.53, 4696716
42.54, 4696716
42.55, 4696716
42.56, 4696716
42.57, 4696716
42.58, 4696716
42.59, 4696716
42.6, 4696716
42.61, 4696716
42.62, 4696716
42.63, 4696716
42.64, 4696716
42.65, 4696716
42.66, 4696716
42.67, 4696716
42.68, 4696716
42.69, 4696716
42.7, 4696716
42.71, 4696716
42.72, 4696716
42.73, 4696716
42.74, 4661472
42.75, 4661472
42.76, 4661472
42.77, 4661472
42.78, 4661472
42.79, 4661472
42.8, 4661472
42.81, 4661472
42.82, 4661472
42.83, 4661472
42.84, 4661472
42.85, 4661472
42.86, 4661472
42.87, 4661472
42.88, 4661472
42.89, 4661472
42.9, 4661472
42.91, 4661472
42.92, 4661472
42.93, 4661472
42.94, 4661472
42.95, 4661472
42.96, 4661472
42.97, 4661472
42.98, 4661472
42.99, 4661472
43.0, 4661472
43.01, 4661472
43.02, 4661472
43.03, 4661472
43.04, 4661472
43.05, 4661472
43.06, 4661472
43.07, 4661472
43.08, 4661472
43.09, 4661472
43.1, 4661472
43.11, 4661472
43.12, 4661472
43.13, 4661472
43.14, 4661472
43.15, 4661472
43.16, 4661472
43.17, 4661472
43.18, 4661472
43.19, 4661472
43.2, 4661472
43.21, 4661472
43.22, 4661472
43.23, 4661472
43.24, 4661472
43.25, 4661472
43.26, 4661472
43.27, 4661472
43.28, 4661472
43.29, 4661472
43.3, 4661472
43.31, 4661472
43.32, 4661472
43.33, 4661472
43.34, 4661472
43.35, 4661472
43.36, 4661472
43.37, 4661472
43.38, 4661472
43.39, 4661472
43.4, 4661472
43.41, 4661472
43.42, 4661472
43.43, 4661472
43.44, 4661472
43.45, 4661472
43.46, 4661472
43.47, 4661472
43.48, 4661472
43.49, 4661472
43.5, 4661472
43.51, 4661472
43.52, 4661472
43.53, 4661472
43.54, 4661472
43.55, 4661472
43.56, 4661472
43.57, 4661472
43.58, 4661472
43.59, 4661472
43.6, 4661472
43.61, 4661472
43.62, 4661472
43.63, 4661472
43.64, 4661472
43.65, 4661472
43.66, 4661472
43.67, 4661472
43.68, 4661472
43.69, 4661472
43.7, 4661472
43.71, 4661472
43.72, 4661472
43.73, 4661472
43.74, 4661472
43.75, 4661472
43.76, 4661472
43.77, 4661472
43.78, 4661472
43.79, 4661472
43.8, 4661472
43.81, 4661472
43.82, 4661472
43.83, 4661472
43.84, 4661472
43.85, 4661472
43.86, 4661472
43.87, 4661472
43.88, 4661472
43.89, 4661472
43.9, 4661472
43.91, 4661472
43.92, 4661472
43.93, 4661472
43.94, 4661472
43.95, 4661472
43.96, 4661472
43.97, 4661472
43.98, 4661472
43.99, 4661472
44.0, 4661472
44.01, 4661472
44.02, 4661472
44.03, 4661472
44.04, 4661472
44.05, 4661472
44.06, 4661472
44.07, 4661472
44.08, 4661472
44.09, 4661472
44.1, 4661472
44.11, 4661472
44.12, 4661472
44.13, 4661472
44.14, 4661472
44.15, 4661472
44.16, 4661472
44.17, 4661472
44.18, 4661472
44.19, 4661472
44.2, 4661472
44.21, 4661472
44.22, 4661472
44.23, 4661472
44.24, 4661472
44.25, 4661472
44.26, 4661472
44.27, 4661472
44.28, 4661472
44.29, 4661472
44.3, 4661472
44.31, 4661472
44.32, 4661472
44.33, 4661472
44.34, 4661472
44.35, 4661472
44.36, 4661472
44.37, 4661472
44.38, 4661472
44.39, 4661472
44.4, 4661472
44.41, 4661472
44.42, 4661472
44.43, 4661472
44.44, 4661472
44.45, 4661472
44.46, 4661472
44.47, 4661472
44.48, 4661472
44.49, 4661472
44.5, 4661472
44.51, 4661472
44.52, 4661472
44.53, 4661472
44.54, 4661472
44.55, 4661472
44.56, 4661472
44.57, 4661472
44.58, 4661472
44.59, 4661472
44.6, 4661472
44.61, 4661472
44.62, 4661472
44.63, 4661472
44.64, 4661472
44.65, 4661472
44.66, 4661472
44.67, 4661472
44.68, 4661472
44.69, 4661472
44.7, 4661472
44.71, 4661472
44.72, 4661472
44.73, 4661472
44.74, 4661472
44.75, 4661472
44.76, 4661472
44.77, 4661472
44.78, 4661472
44.79, 4661472
44.8, 4661472
44.81, 4661472
44.82, 4661472
44.83, 4661472
44.84, 4661472
44.85, 4661472
44.86, 4661472
44.87, 4661472
44.88, 4661472
44.89, 4661472
44.9, 4661472
44.91, 4661472
44.92, 4661472
44.93, 4661472
44.94, 4661472
44.95, 4661472
44.96, 4661472
44.97, 4661472
44.98, 4661472
44.99, 4661472
45.0, 4661472
45.01, 4661472
45.02, 4661472
45.03, 4661472
45.04, 4661472
45.05, 4661472
45.06, 4661472
45.07, 4661472
45.08, 4661472
45.09, 4661472
45.1, 4661472
45.11, 4661472
45.12, 4661472
45.13, 4661472
45.14, 4661472
45.15, 4661472
45.16, 4661472
45.17, 4661472
45.18, 4661472
45.19, 4661472
45.2, 4661472
45.21, 4661472
45.22, 4661472
45.23, 4661472
45.24, 4661472
45.25, 4661472
45.26, 4661472
45.27, 4661472
45.28, 4661472
45.29, 4661472
45.3, 4661472
45.31, 4661472
45.32, 4661472
45.33, 4661472
45.34, 4661472
45.35, 4661472
45.36, 4661472
45.37, 4661472
45.38, 4661472
45.39, 4661472
45.4, 4661472
45.41, 4661472
45.42, 4661472
45.43, 4661472
45.44, 4661472
45.45, 4661472
45.46, 4661472
45.47, 4661472
45.48, 4661472
45.49, 4661472
45.5, 4661472
45.51, 4661472
45.52, 4661472
45.53, 4661472
45.54, 4661472
45.55, 4661472
45.56, 4661472
45.57, 4661472
45.58, 4661472
45.59, 4661472
45.6, 4661472
45.61, 4661472
45.62, 4661472
45.63, 4661472
45.64, 4661472
45.65, 4661472
45.66, 4661472
45.67, 4661472
45.68, 4661472
45.69, 4661472
45.7, 4661472
45.71, 4661472
45.72, 4661472
45.73, 4661472
45.74, 4661472
45.75, 4661472
45.76, 4661472
45.77, 4661472
45.78, 4661472
45.79, 4661472
45.8, 4661472
45.81, 4661472
45.82, 4661472
45.83, 4661472
45.84, 4661472
45.85, 4661472
45.86, 4661472
45.87, 4661472
45.88, 4661472
45.89, 4661472
45.9, 4661472
45.91, 4661472
45.92, 4661472
45.93, 4661472
45.94, 4661472
45.95, 4661472
45.96, 4661472
45.97, 4661472
45.98, 4661472
45.99, 4661472
46.0, 4661472
46.01, 4661472
46.02, 4661472
46.03, 4661472
46.04, 4661472
46.05, 4661472
46.06, 4661472
46.07, 4661472
46.08, 4661472
46.09, 4661472
46.1, 4661472
46.11, 4661472
46.12, 4661472
46.13, 4661472
46.14, 4661472
46.15, 4661472
46.16, 4661472
46.17, 4661472
46.18, 4661472
46.19, 4661472
46.2, 4661472
46.21, 4661472
46.22, 4661472
46.23, 4661472
46.24, 4661472
46.25, 4661472
46.26, 4661472
46.27, 4661472
46.28, 4661472
46.29, 4661472
46.3, 4661472
46.31, 4661472
46.32, 4661472
46.33, 4661472
46.34, 4661472
46.35, 4661472
46.36, 4661472
46.37, 4661472
46.38, 4661472
46.39, 4661472
46.4, 4661472
46.41, 4661472
46.42, 4661472
46.43, 4661472
46.44, 4661472
46.45, 4661472
46.46, 4661472
46.47, 4661472
46.48, 4661472
46.49, 4661472
46.5, 4661472
46.51, 4661472
46.52, 4661472
46.53, 4661472
46.54, 4661472
46.55, 4661472
46.56, 4661472
46.57, 4661472
46.58, 4661472
46.59, 4661472
46.6, 4661472
46.61, 4661472
46.62, 4661472
46.63, 4661472
46.64, 4661472
46.65, 4661472
46.66, 4661472
46.67, 4661472
46.68, 4661472
46.69, 4661472
46.7, 4661472
46.71, 4661472
46.72, 4661472
46.73, 4661472
46.74, 4661472
46.75, 4661472
46.76, 4661472
46.77, 4661472
46.78, 4661472
46.79, 4661472
46.8, 4661472
46.81, 4661472
46.82, 4661472
46.83, 4661472
46.84, 4661472
46.85, 4661472
46.86, 4661472
46.87, 4661472
46.88, 4661472
46.89, 4661472
46.9, 4661472
46.91, 4661472
46.92, 4661472
46.93, 4661472
46.94, 4661472
46.95, 4661472
46.96, 4661472
46.97, 4661472
46.98, 4661472
46.99, 4661472
47.0, 4661472
47.01, 4661472
47.02, 4661472
47.03, 4661472
47.04, 4661472
47.05, 4661472
47.06, 4661472
47.07, 4661472
47.08, 4661472
47.09, 4661472
47.1, 4661472
47.11, 4661472
47.12, 4661472
47.13, 4661472
47.14, 4661472
47.15, 4661472
47.16, 4661472
47.17, 4661472
47.18, 4661472
47.19, 4661472
47.2, 4661472
47.21, 4661472
47.22, 4661472
47.23, 4661472
47.24, 4661472
47.25, 4661472
47.26, 4661472
47.27, 4661472
47.28, 4661472
47.29, 4661472
47.3, 4661472
47.31, 4661472
47.32, 4661472
47.33, 4661472
47.34, 4661472
47.35, 4661472
47.36, 4661472
47.37, 4661472
47.38, 4661472
47.39, 4661472
47.4, 4661472
47.41, 4661472
47.42, 4661472
47.43, 4661472
47.44, 4661472
47.45, 4661472
47.46, 4661472
47.47, 4661472
47.48, 4661472
47.49, 4661472
47.5, 4661472
47.51, 4661472
47.52, 4661472
47.53, 4661472
47.54, 4661472
47.55, 4661472
47.56, 4661472
47.57, 4661472
47.58, 4661472
47.59, 4661472
47.6, 4661472
47.61, 4661472
47.62, 4661472
47.63, 4661472
47.64, 4661472
47.65, 4661472
47.66, 4661472
47.67, 4661472
47.68, 4661472
47.69, 4661472
47.7, 4661472
47.71, 4661472
47.72, 4661472
47.73, 4661472
47.74, 4661472
47.75, 4661472
47.76, 4661472
47.77, 4661472
47.78, 4661472
47.79, 4661472
47.8, 4661472
47.81, 4661472
47.82, 4661472
47.83, 4661472
47.84, 4661472
47.85, 4661472
47.86, 4661472
47.87, 4661472
47.88, 4661472
47.89, 4661472
47.9, 4661472
47.91, 4661472
47.92, 4661472
47.93, 4661472
47.94, 4661472
47.95, 4661472
47.96, 4661472
47.97, 4661472
47.98, 4661472
47.99, 4661472
48.0, 4661472
48.01, 4661472
48.02, 4661472
48.03, 4661472
48.04, 4661472
48.05, 4661472
48.06, 4661472
48.07, 4661472
48.08, 4661472
48.09, 4661472
48.1, 4661472
48.11, 4661472
48.12, 4661472
48.13, 4661472
48.14, 4661472
48.15, 4661472
48.16, 4661472
48.17, 4661472
48.18, 4661472
48.19, 4661472
48.2, 4661472
48.21, 4661472
48.22, 4661472
48.23, 4661472
48.24, 4661472
48.25, 4661472
48.26, 4661472
48.27, 4661472
48.28, 4661472
48.29, 4661472
48.3, 4661472
48.31, 4661472
48.32, 4661472
48.33, 4661472
48.34, 4661472
48.35, 4661472
48.36, 4661472
48.37, 4661472
48.38, 4661472
48.39, 4661472
48.4, 4661472
48.41, 4661472
48.42, 4661472
48.43, 4661472
48.44, 4661472
48.45, 4661472
48.46, 4661472
48.47, 4661472
48.48, 4661472
48.49, 4661472
48.5, 4661472
48.51, 4661472
48.52, 4661472
48.53, 4661472
48.54, 4661472
48.55, 4661472
48.56, 4661472
48.57, 4661472
48.58, 4661472
48.59, 4661472
48.6, 4661472
48.61, 4661472
48.62, 4661472
48.63, 4661472
48.64, 4661472
48.65, 4661472
48.66, 4661472
48.67, 4661472
48.68, 4661472
48.69, 4661472
48.7, 4661472
48.71, 4661472
48.72, 4661472
48.73, 4661472
48.74, 4661472
48.75, 4661472
48.76, 4661472
48.77, 4661472
48.78, 4661472
48.79, 4661472
48.8, 4661472
48.81, 4661472
48.82, 4661472
48.83, 4661472
48.84, 4661472
48.85, 4661472
48.86, 4661472
48.87, 4661472
48.88, 4661472
48.89, 4661472
48.9, 4661472
48.91, 4661472
48.92, 4661472
48.93, 4661472
48.94, 4661472
48.95, 4661472
48.96, 4661472
48.97, 4661472
48.98, 4661472
48.99, 4661472
49.0, 4661472
49.01, 4661472
49.02, 4661472
49.03, 4661472
49.04, 4661472
49.05, 4661472
49.06, 4661472
49.07, 4661472
49.08, 4661472
49.09, 4661472
49.1, 4661472
49.11, 4661472
49.12, 4661472
49.13, 4661472
49.14, 4661472
49.15, 4661472
49.16, 4661472
49.17, 4661472
49.18, 4661472
49.19, 4661472
49.2, 4661472
49.21, 4661472
49.22, 4661472
49.23, 4661472
49.24, 4661472
49.25, 4661472
49.26, 4661472
49.27, 4661472
49.28, 4661472
49.29, 4661472
49.3, 4661472
49.31, 4661472
49.32, 4661472
49.33, 4661472
49.34, 4661472
49.35, 4661472
49.36, 4661472
49.37, 4661472
49.38, 4661472
49.39, 4661472
49.4, 4661472
49.41, 4661472
49.42, 4661472
49.43, 4661472
49.44, 4661472
49.45, 4661472
49.46, 4661472
49.47, 4661472
49.48, 4661472
49.49, 4661472
49.5, 4661472
49.51, 4661472
49.52, 4661472
49.53, 4661472
49.54, 4661472
49.55, 4661472
49.56, 4661472
49.57, 4661472
49.58, 4661472
49.59, 4661472
49.6, 4661472
49.61, 4661472
49.62, 4661472
49.63, 4661472
49.64, 4661472
49.65, 4661472
49.66, 4661472
49.67, 4661472
49.68, 4661472
49.69, 4661472
49.7, 4661472
49.71, 4661472
49.72, 4661472
49.73, 4661472
49.74, 4661472
49.75, 4661472
49.76, 4661472
49.77, 4661472
49.78, 4661472
49.79, 4661472
49.8, 4661472
49.81, 4661472
49.82, 4661472
49.83, 4661472
49.84, 4661472
49.85, 4661472
49.86, 4661472
49.87, 4661472
49.88, 4661472
49.89, 4661472
49.9, 4661472
49.91, 4661472
49.92, 4661472
49.93, 4661472
49.94, 4661472
49.95, 4661472
49.96, 4661472
49.97, 4661472
49.98, 4661472
49.99, 4661472
50.0, 4661472
50.01, 4661472
50.02, 4661472
50.03, 4661472
50.04, 4661472
50.05, 4661472
50.06, 4661472
50.07, 4661472
50.08, 4661472
50.09, 4661472
50.1, 4661472
50.11, 4661472
50.12, 4661472
50.13, 4661472
50.14, 4661472
50.15, 4661472
50.16, 4661472
50.17, 4661472
50.18, 4661472
50.19, 4661472
50.2, 4661472
50.21, 4661472
50.22, 4661472
50.23, 4661472
50.24, 4661472
50.25, 4661472
50.26, 4661472
50.27, 4661472
50.28, 4661472
50.29, 4661472
50.3, 4661472
50.31, 4661472
50.32, 4661472
50.33, 4661472
50.34, 4661472
50.35, 4661472
50.36, 4661472
50.37, 4661472
50.38, 4661472
50.39, 4661472
50.4, 4661472
50.41, 4661472
50.42, 4661472
50.43, 4661472
50.44, 4661472
50.45, 4661472
50.46, 4661472
50.47, 4661472
50.48, 4661472
50.49, 4661472
50.5, 4661472
50.51, 4661472
50.52, 4661472
50.53, 4661472
50.54, 4661472
50.55, 4661472
50.56, 4661472
50.57, 4661472
50.58, 4661472
50.59, 4661472
50.6, 4661472
50.61, 4661472
50.62, 4661472
50.63, 4661472
50.64, 4661472
50.65, 4661472
50.66, 4661472
50.67, 4661472
50.68, 4661472
50.69, 4661472
50.7, 4661472
50.71, 4661472
50.72, 4661472
50.73, 4661472
50.74, 4661472
50.75, 4661472
50.76, 4661472
50.77, 4661472
50.78, 4661472
50.79, 4661472
50.8, 4661472
50.81, 4661472
50.82, 4661472
50.83, 4661472
50.84, 4661472
50.85, 4661472
50.86, 4661472
50.87, 4661472
50.88, 4661472
50.89, 4661472
50.9, 4661472
50.91, 4661472
50.92, 4661472
50.93, 4661472
50.94, 4661472
50.95, 4661472
50.96, 4661472
50.97, 4661472
50.98, 4661472
50.99, 4661472
51.0, 4661472
51.01, 4661472
51.02, 4661472
51.03, 4661472
51.04, 4661472
51.05, 4661472
51.06, 4661472
51.07, 4661472
51.08, 4661472
51.09, 4661472
51.1, 4661472
51.11, 4661472
51.12, 4661472
51.13, 4661472
51.14, 4661472
51.15, 4661472
51.16, 4661472
51.17, 4661472
51.18, 4661472
51.19, 4661472
51.2, 4661472
51.21, 4661472
51.22, 4661472
51.23, 4661472
51.24, 4661472
51.25, 4661472
51.26, 4661472
51.27, 4661472
51.28, 4661472
51.29, 4661472
51.3, 4661472
51.31, 4661472
51.32, 4661472
51.33, 4661472
51.34, 4661472
51.35, 4661472
51.36, 4661472
51.37, 4661472
51.38, 4661472
51.39, 4661472
51.4, 4661472
51.41, 4661472
51.42, 4661472
51.43, 4661472
51.44, 4661472
51.45, 4661472
51.46, 4661472
51.47, 4661472
51.48, 4661472
51.49, 4661472
51.5, 4661472
51.51, 4661472
51.52, 4661472
51.53, 4661472
51.54, 4661472
51.55, 4661472
51.56, 4661472
51.57, 4661472
51.58, 4661472
51.59, 4661472
51.6, 4661472
51.61, 4661472
51.62, 4661472
51.63, 4661472
51.64, 4661472
51.65, 4661472
51.66, 4661472
51.67, 4661472
51.68, 4661472
51.69, 4661472
51.7, 4661472
51.71, 4661472
51.72, 4661472
51.73, 4661472
51.74, 4661472
51.75, 4661472
51.76, 4661472
51.77, 4661472
51.78, 4661472
51.79, 4661472
51.8, 4661472
51.81, 4661472
51.82, 4661472
51.83, 4661472
51.84, 4661472
51.85, 4661472
51.86, 4661472
51.87, 4661472
51.88, 4661472
51.89, 4661472
51.9, 4661472
51.91, 4661472
51.92, 4661472
51.93, 4661472
51.94, 4661472
51.95, 4661472
51.96, 4661472
51.97, 4661472
51.98, 4661472
51.99, 4661472
52.0, 4661472
52.01, 4661472
52.02, 4661472
52.03, 4661472
52.04, 4661472
52.05, 4661472
52.06, 4661472
52.07, 4661472
52.08, 4661472
52.09, 4661472
52.1, 4661472
52.11, 4661472
52.12, 4661472
52.13, 4661472
52.14, 4661472
52.15, 4661472
52.16, 4661472
52.17, 4661472
52.18, 4661472
52.19, 4661472
52.2, 4661472
52.21, 4661472
52.22, 4661472
52.23, 4661472
52.24, 4661472
52.25, 4661472
52.26, 4661472
52.27, 4661472
52.28, 4661472
52.29, 4661472
52.3, 4661472
52.31, 4661472
52.32, 4661472
52.33, 4661472
52.34, 4661472
52.35, 4661472
52.36, 4661472
52.37, 4661472
52.38, 4661472
52.39, 4661472
52.4, 4661472
52.41, 4661472
52.42, 4661472
52.43, 4661472
52.44, 4661472
52.45, 4661472
52.46, 4661472
52.47, 4661472
52.48, 4661472
52.49, 4661472
52.5, 4661472
52.51, 4661472
52.52, 4661472
52.53, 4661472
52.54, 4661472
52.55, 4661472
52.56, 4661472
52.57, 4661472
52.58, 4661472
52.59, 4661472
52.6, 4661472
52.61, 4661472
52.62, 4661472
52.63, 4661472
52.64, 4661472
52.65, 4661472
52.66, 4661472
52.67, 4661472
52.68, 4661472
52.69, 4661472
52.7, 4661472
52.71, 4661472
52.72, 4661472
52.73, 4661472
52.74, 4661472
52.75, 4661472
52.76, 4661472
52.77, 4661472
52.78, 4661472
52.79, 4661472
52.8, 4661472
52.81, 4661472
52.82, 4661472
52.83, 4661472
52.84, 4661472
52.85, 4661472
52.86, 4661472
52.87, 4661472
52.88, 4661472
52.89, 4661472
52.9, 4661472
52.91, 4661472
52.92, 4661472
52.93, 4661472
52.94, 4661472
52.95, 4661472
52.96, 4661472
52.97, 4661472
52.98, 4661472
52.99, 4661472
53.0, 4661472
53.01, 4661472
53.02, 4661472
53.03, 4661472
53.04, 4661472
53.05, 4661472
53.06, 4661472
53.07, 4661472
53.08, 4661472
53.09, 4661472
53.1, 4661472
53.11, 4661472
53.12, 4661472
53.13, 4661472
53.14, 4661472
53.15, 4661472
53.16, 4661472
53.17, 4661472
53.18, 4661472
53.19, 4661472
53.2, 4661472
53.21, 4661472
53.22, 4661472
53.23, 4661472
53.24, 4661472
53.25, 4661472
53.26, 4661472
53.27, 4661472
53.28, 4661472
53.29, 4661472
53.3, 4661472
53.31, 4661472
53.32, 4661472
53.33, 4661472
53.34, 4661472
53.35, 4661472
53.36, 4661472
53.37, 4661472
53.38, 4661472
53.39, 4661472
53.4, 4661472
53.41, 4661472
53.42, 4661472
53.43, 4661472
53.44, 4661472
53.45, 4661472
53.46, 4661472
53.47, 4661472
53.48, 4661472
53.49, 4661472
53.5, 4661472
53.51, 4661472
53.52, 4661472
53.53, 4661472
53.54, 4661472
53.55, 4661472
53.56, 4661472
53.57, 4661472
53.58, 4661472
53.59, 4661472
53.6, 4661472
53.61, 4661472
53.62, 4661472
53.63, 4661472
53.64, 4661472
53.65, 4661472
53.66, 4661472
53.67, 4661472
53.68, 4661472
53.69, 4661472
53.7, 4661472
53.71, 4661472
53.72, 4661472
53.73, 4661472
53.74, 4661472
53.75, 4661472
53.76, 4661472
53.77, 4661472
53.78, 4661472
53.79, 4661472
53.8, 4661472
53.81, 4661472
53.82, 4661472
53.83, 4661472
53.84, 4661472
53.85, 4661472
53.86, 4661472
53.87, 4661472
53.88, 4661472
53.89, 4661472
53.9, 4661472
53.91, 4661472
53.92, 4661472
53.93, 4661472
53.94, 4661472
53.95, 4661472
53.96, 4661472
53.97, 4661472
53.98, 4661472
53.99, 4661472
54.0, 4661472
54.01, 4661472
54.02, 4661472
54.03, 4661472
54.04, 4661472
54.05, 4661472
54.06, 4661472
54.07, 4661472
54.08, 4661472
54.09, 4661472
54.1, 4661472
54.11, 4661472
54.12, 4661472
54.13, 4661472
54.14, 4661472
54.15, 4661472
54.16, 4661472
54.17, 4661472
54.18, 4661472
54.19, 4661472
54.2, 4661472
54.21, 4661472
54.22, 4661472
54.23, 4661472
54.24, 4661472
54.25, 4661472
54.26, 4661472
54.27, 4661472
54.28, 4661472
54.29, 4661472
54.3, 4661472
54.31, 4661472
54.32, 4661472
54.33, 4661472
54.34, 4661472
54.35, 4661472
54.36, 4661472
54.37, 4661472
54.38, 4661472
54.39, 4661472
54.4, 4661472
54.41, 4661472
54.42, 4661472
54.43, 4661472
54.44, 4661472
54.45, 4661472
54.46, 4661472
54.47, 4661472
54.48, 4661472
54.49, 4661472
54.5, 4661472
54.51, 4661472
54.52, 4661472
54.53, 4661472
54.54, 4661472
54.55, 4661472
54.56, 4661472
54.57, 4661472
54.58, 4661472
54.59, 4661472
54.6, 4661472
54.61, 4661472
54.62, 4661472
54.63, 4661472
54.64, 4661472
54.65, 4661472
54.66, 4661472
54.67, 4661472
54.68, 4661472
54.69, 4661472
54.7, 4661472
54.71, 4661472
54.72, 4661472
54.73, 4661472
54.74, 4661472
54.75, 4661472
54.76, 4661472
54.77, 4661472
54.78, 4661472
54.79, 4661472
54.8, 4661472
54.81, 4661472
54.82, 4661472
54.83, 4661472
54.84, 4661472
54.85, 4661472
54.86, 4661472
54.87, 4661472
54.88, 4661472
54.89, 4661472
54.9, 4661472
54.91, 4661472
54.92, 4661472
54.93, 4661472
54.94, 4661472
54.95, 4661472
54.96, 4661472
54.97, 4661472
54.98, 4661472
54.99, 4661472
55.0, 4661472
55.01, 4661472
55.02, 4661472
55.03, 4661472
55.04, 4661472
55.05, 4661472
55.06, 4661472
55.07, 4661472
55.08, 4661472
55.09, 4661472
55.1, 4661472
55.11, 4661472
55.12, 4661472
55.13, 4661472
55.14, 4661472
55.15, 4661472
55.16, 4661472
55.17, 4661472
55.18, 4661472
55.19, 4661472
55.2, 4661472
55.21, 4661472
55.22, 4661472
55.23, 4661472
55.24, 4661472
55.25, 4661472
55.26, 4661472
55.27, 4661472
55.28, 4661472
55.29, 4661472
55.3, 4661472
55.31, 4661472
55.32, 4661472
55.33, 4661472
55.34, 4661472
55.35, 4661472
55.36, 4661472
55.37, 4661472
55.38, 4661472
55.39, 4661472
55.4, 4661472
55.41, 4661472
55.42, 4661472
55.43, 4661472
55.44, 4661472
55.45, 4661472
55.46, 4661472
55.47, 4661472
55.48, 4661472
55.49, 4661472
55.5, 4661472
55.51, 4661472
55.52, 4661472
55.53, 4661472
55.54, 4661472
55.55, 4661472
55.56, 4661472
55.57, 4661472
55.58, 4661472
55.59, 4661472
55.6, 4661472
55.61, 4661472
55.62, 4661472
55.63, 4661472
55.64, 4661472
55.65, 4661472
55.66, 4661472
55.67, 4661472
55.68, 4661472
55.69, 4661472
55.7, 4661472
55.71, 4661472
55.72, 4661472
55.73, 4661472
55.74, 4661472
55.75, 4661472
55.76, 4661472
55.77, 4661472
55.78, 4661472
55.79, 4661472
55.8, 4661472
55.81, 4661472
55.82, 4661472
55.83, 4661472
55.84, 4661472
55.85, 4661472
55.86, 4661472
55.87, 4661472
55.88, 4661472
55.89, 4661472
55.9, 4661472
55.91, 4661472
55.92, 4661472
55.93, 4661472
55.94, 4661472
55.95, 4661472
55.96, 4661472
55.97, 4661472
55.98, 4661472
55.99, 4661472
56.0, 4661472
56.01, 4661472
56.02, 4661472
56.03, 4661472
56.04, 4661472
56.05, 4661472
56.06, 4661472
56.07, 4661472
56.08, 4661472
56.09, 4661472
56.1, 4661472
56.11, 4661472
56.12, 4661472
56.13, 4661472
56.14, 4661472
56.15, 4661472
56.16, 4661472
56.17, 4661472
56.18, 4661472
56.19, 4661472
56.2, 4661472
56.21, 4661472
56.22, 4661472
56.23, 4661472
56.24, 4661472
56.25, 4661472
56.26, 4661472
56.27, 4661472
56.28, 4661472
56.29, 4661472
56.3, 4661472
56.31, 4661472
56.32, 4661472
56.33, 4661472
56.34, 4661472
56.35, 4661472
56.36, 4661472
56.37, 4661472
56.38, 4661472
56.39, 4661472
56.4, 4661472
56.41, 4661472
56.42, 4661472
56.43, 4661472
56.44, 4661472
56.45, 4661472
56.46, 4661472
56.47, 4661472
56.48, 4661472
56.49, 4661472
56.5, 4661472
56.51, 4661472
56.52, 4661472
56.53, 4661472
56.54, 4661472
56.55, 4661472
56.56, 4661472
56.57, 4661472
56.58, 4661472
56.59, 4661472
56.6, 4661472
56.61, 4661472
56.62, 4661472
56.63, 4661472
56.64, 4661472
56.65, 4661472
56.66, 4661472
56.67, 4661472
56.68, 4661472
56.69, 4661472
56.7, 4661472
56.71, 4661472
56.72, 4661472
56.73, 4661472
56.74, 4661472
56.75, 4661472
56.76, 4661472
56.77, 4661472
56.78, 4661472
56.79, 4661472
56.8, 4661472
56.81, 4661472
56.82, 4661472
56.83, 4661472
56.84, 4661472
56.85, 4661472
56.86, 4661472
56.87, 4661472
56.88, 4661472
56.89, 4661472
56.9, 4661472
56.91, 4661472
56.92, 4661472
56.93, 4661472
56.94, 4661472
56.95, 4661472
56.96, 4661472
56.97, 4661472
56.98, 4661472
56.99, 4661472
57.0, 4661472
57.01, 4661472
57.02, 4661472
57.03, 4661472
57.04, 4661472
57.05, 4661472
57.06, 4661472
57.07, 4661472
57.08, 4661472
57.09, 4661472
57.1, 4661472
57.11, 4661472
57.12, 4661472
57.13, 4661472
57.14, 4661472
57.15, 4661472
57.16, 4661472
57.17, 4661472
57.18, 4661472
57.19, 4661472
57.2, 4661472
57.21, 4661472
57.22, 4661472
57.23, 4661472
57.24, 4661472
57.25, 4661472
57.26, 4661472
57.27, 4661472
57.28, 4661472
57.29, 4661472
57.3, 4661472
57.31, 4661472
57.32, 4661472
57.33, 4661472
57.34, 4661472
57.35, 4661472
57.36, 4661472
57.37, 4661472
57.38, 4661472
57.39, 4661472
57.4, 4661472
57.41, 4661472
57.42, 4661472
57.43, 4661472
57.44, 4661472
57.45, 4661472
57.46, 4661472
57.47, 4661472
57.48, 4661472
57.49, 4661472
57.5, 4661472
57.51, 4661472
57.52, 4661472
57.53, 4661472
57.54, 4661472
57.55, 4661472
57.56, 4661472
57.57, 4661472
57.58, 4661472
57.59, 4661472
57.6, 4661472
57.61, 4661472
57.62, 4661472
57.63, 4661472
57.64, 4661472
57.65, 4661472
57.66, 4661472
57.67, 4661472
57.68, 4661472
57.69, 4661472
57.7, 4661472
57.71, 4661472
57.72, 4661472
57.73, 4661472
57.74, 4661472
57.75, 4661472
57.76, 4661472
57.77, 4661472
57.78, 4661472
57.79, 4661472
57.8, 4661472
57.81, 4661472
57.82, 4661472
57.83, 4661472
57.84, 4661472
57.85, 4661472
57.86, 4661472
57.87, 4661472
57.88, 4661472
57.89, 4661472
57.9, 4661472
57.91, 4661472
57.92, 4661472
57.93, 4661472
57.94, 4661472
57.95, 4661472
57.96, 4661472
57.97, 4661472
57.98, 4661472
57.99, 4661472
58.0, 4661472
58.01, 4661472
58.02, 4661472
58.03, 4661472
58.04, 4661472
58.05, 4661472
58.06, 4661472
58.07, 4661472
58.08, 4661472
58.09, 4661472
58.1, 4661472
58.11, 4661472
58.12, 4661472
58.13, 4661472
58.14, 4661472
58.15, 4661472
58.16, 4661472
58.17, 4661472
58.18, 4661472
58.19, 4661472
58.2, 4661472
58.21, 4661472
58.22, 4661472
58.23, 4661472
58.24, 4661472
58.25, 4661472
58.26, 4661472
58.27, 4661472
58.28, 4661472
58.29, 4661472
58.3, 4661472
58.31, 4661472
58.32, 4661472
58.33, 4661472
58.34, 4661472
58.35, 4661472
58.36, 4661472
58.37, 4661472
58.38, 4661472
58.39, 4661472
58.4, 4661472
58.41, 4661472
58.42, 4661472
58.43, 4661472
58.44, 4661472
58.45, 4661472
58.46, 4661472
58.47, 4661472
58.48, 4661472
58.49, 4661472
58.5, 4661472
58.51, 4661472
58.52, 4661472
58.53, 4661472
58.54, 4661472
58.55, 4661472
58.56, 4661472
58.57, 4661472
58.58, 4661472
58.59, 4661472
58.6, 4661472
58.61, 4661472
58.62, 4661472
58.63, 4661472
58.64, 4661472
58.65, 4661472
58.66, 4661472
58.67, 4661472
58.68, 4661472
58.69, 4661472
58.7, 4661472
58.71, 4661472
58.72, 4661472
58.73, 4661472
58.74, 4661472
58.75, 4661472
58.76, 4661472
58.77, 4661472
58.78, 4661472
58.79, 4661472
58.8, 4661472
58.81, 4661472
58.82, 4661472
58.83, 4661472
58.84, 4661472
58.85, 4661472
58.86, 4661472
58.87, 4661472
58.88, 4661472
58.89, 4661472
58.9, 4661472
58.91, 4661472
58.92, 4661472
58.93, 4661472
58.94, 4661472
58.95, 4661472
58.96, 4661472
58.97, 4661472
58.98, 4661472
58.99, 4661472
59.0, 4661472
59.01, 4661472
59.02, 4661472
59.03, 4661472
59.04, 4661472
59.05, 4661472
59.06, 4661472
59.07, 4661472
59.08, 4661472
59.09, 4661472
59.1, 4661472
59.11, 4661472
59.12, 4661472
59.13, 4661472
59.14, 4661472
59.15, 4661472
59.16, 4661472
59.17, 4661472
59.18, 4661472
59.19, 4661472
59.2, 4661472
59.21, 4661472
59.22, 4661472
59.23, 4661472
59.24, 4661472
59.25, 4661472
59.26, 4661472
59.27, 4661472
59.28, 4661472
59.29, 4661472
59.3, 4661472
59.31, 4661472
59.32, 4661472
59.33, 4661472
59.34, 4661472
59.35, 4661472
59.36, 4661472
59.37, 4661472
59.38, 4661472
59.39, 4661472
59.4, 4661472
59.41, 4661472
59.42, 4661472
59.43, 4661472
59.44, 4661472
59.45, 4661472
59.46, 4661472
59.47, 4661472
59.48, 4661472
59.49, 4661472
59.5, 4661472
59.51, 4661472
59.52, 4661472
59.53, 4661472
59.54, 4661472
59.55, 4661472
59.56, 4661472
59.57, 4661472
59.58, 4661472
59.59, 4661472
59.6, 4661472
59.61, 4661472
59.62, 4661472
59.63, 4661472
59.64, 4661472
59.65, 4661472
59.66, 4661472
59.67, 4661472
59.68, 4661472
59.69, 4661472
59.7, 4661472
59.71, 4661472
59.72, 4661472
59.73, 4661472
59.74, 4661472
59.75, 4661472
59.76, 4661472
59.77, 4661472
59.78, 4661472
59.79, 4661472
59.8, 4661472
59.81, 4661472
59.82, 4661472
59.83, 4661472
59.84, 4661472
59.85, 4661472
59.86, 4661472
59.87, 4661472
59.88, 4661472
59.89, 4661472
59.9, 4661472
59.91, 4661472
59.92, 4661472
59.93, 4661472
59.94, 4661472
59.95, 4661472
59.96, 4661472
59.97, 4661472
59.98, 4661472
59.99, 4661472
