0.0, 9629252
0.01, 9403037
0.02, 9403037
0.03, 9335634
0.04, 9335634
0.05, 9335634
0.06, 9139008
0.07, 9139008
0.08, 9103195
0.09, 9103195
0.1, 9103195
0.11, 9103195
0.12, 9103195
0.13, 8570520
0.14, 8570520
0.15, 8570520
0.16, 8570520
0.17, 8570520
0.18, 8570520
0.19, 8570520
0.2, 8570520
0.21, 8570520
0.22, 8570520
0.23, 8570520
0.24, 8570520
0.25, 8570520
0.26, 8570520
0.27, 8570520
0.28, 8570520
0.29, 8570520
0.3, 8570520
0.31, 8570520
0.32, 8570520
0.33, 8570520
0.34, 8570520
0.35, 8570520
0.36, 8570520
0.37, 8570520
0.38, 8570520
0.39, 8570520
0.4, 8570520
0.41, 8570520
0.42, 8570520
0.43, 8570520
0.44, 8570520
0.45, 8570520
0.46, 8570520
0.47, 8570520
0.48, 8570520
0.49, 8570520
0.5, 8570520
0.51, 8570520
0.52, 8570520
0.53, 8570520
0.54, 8570520
0.55, 8570520
0.56, 8570520
0.57, 8570520
0.58, 8570520
0.59, 8570520
0.6, 8570520
0.61, 8570520
0.62, 8570520
0.63, 8570520
0.64, 8570520
0.65, 8570520
0.66, 8570520
0.67, 8570520
0.68, 8570520
0.69, 8570520
0.7, 8570520
0.71, 8570520
0.72, 8570520
0.73, 8570520
0.74, 8570520
0.75, 8570520
0.76, 8570520
0.77, 8570520
0.78, 8570520
0.79, 8570520
0.8, 8570520
0.81, 8570520
0.82, 8570520
0.83, 8570520
0.84, 8570520
0.85, 8570520
0.86, 8570520
0.87, 8570520
0.88, 8570520
0.89, 8570520
0.9, 8570520
0.91, 8570520
0.92, 8570520
0.93, 8570520
0.94, 8570520
0.95, 8570520
0.96, 8570520
0.97, 8570520
0.98, 8570520
0.99, 8570520
1.0, 8570520
1.01, 8570520
1.02, 8570520
1.03, 8570520
1.04, 8570520
1.05, 8570520
1.06, 8570520
1.07, 8570520
1.08, 8570520
1.09, 8570520
1.1, 8570520
1.11, 8570520
1.12, 8570520
1.13, 8570520
1.14, 8570520
1.15, 8570520
1.16, 8570520
1.17, 8570520
1.18, 8570520
1.19, 8570520
1.2, 8570520
1.21, 8570520
1.22, 8570520
1.23, 8570520
1.24, 8570520
1.25, 8570520
1.26, 8570520
1.27, 8570520
1.28, 8570520
1.29, 8570520
1.3, 8570520
1.31, 8570520
1.32, 8570520
1.33, 8570520
1.34, 8570520
1.35, 8570520
1.36, 8570520
1.37, 8570520
1.38, 8570520
1.39, 8570520
1.4, 8570520
1.41, 8570520
1.42, 8570520
1.43, 8570520
1.44, 8570520
1.45, 8570520
1.46, 8570520
1.47, 8570520
1.48, 8570520
1.49, 8570520
1.5, 8570520
1.51, 8570520
1.52, 8570520
1.53, 8570520
1.54, 8570520
1.55, 8570520
1.56, 8570520
1.57, 8570520
1.58, 8570520
1.59, 8570520
1.6, 8570520
1.61, 8570520
1.62, 8570520
1.63, 8570520
1.64, 8570520
1.65, 8498507
1.66, 8498507
1.67, 8498507
1.68, 8498507
1.69, 8498507
1.7, 8498507
1.71, 8498507
1.72, 8498507
1.73, 8498507
1.74, 8498507
1.75, 8498507
1.76, 8498507
1.77, 8498507
1.78, 8498507
1.79, 8498507
1.8, 8498507
1.81, 8498507
1.82, 8498507
1.83, 8498507
1.84, 8498507
1.85, 8498507
1.86, 8498507
1.87, 8498507
1.88, 8498507
1.89, 8498507
1.9, 8498507
1.91, 8498507
1.92, 8498507
1.93, 8498507
1.94, 8498507
1.95, 8498507
1.96, 8498507
1.97, 8498507
1.98, 8498507
1.99, 8498507
2.0, 8498507
2.01, 8498507
2.02, 8498507
2.03, 8498507
2.04, 8498507
2.05, 8498507
2.06, 8498507
2.07, 8498507
2.08, 8498507
2.09, 8498507
2.1, 8498507
2.11, 8498507
2.12, 8498507
2.13, 8498507
2.14, 8498507
2.15, 8498507
2.16, 8498507
2.17, 8498507
2.18, 8498507
2.19, 8498507
2.2, 8498507
2.21, 8498507
2.22, 8498507
2.23, 8498507
2.24, 8498507
2.25, 8498507
2.26, 8498507
2.27, 8498507
2.28, 8498507
2.29, 8498507
2.3, 8498507
2.31, 8498507
2.32, 8498507
2.33, 8498507
2.34, 8498507
2.35, 8498507
2.36, 8498507
2.37, 8498507
2.38, 8498507
2.39, 8498507
2.4, 8498507
2.41, 8498507
2.42, 8498507
2.43, 8498507
2.44, 8498507
2.45, 8498507
2.46, 8498507
2.47, 8498507
2.48, 8498507
2.49, 8498507
2.5, 8498507
2.51, 8498507
2.52, 8498507
2.53, 8498507
2.54, 8498507
2.55, 8498507
2.56, 8498507
2.57, 8498507
2.58, 8498507
2.59, 8498507
2.6, 8498507
2.61, 8498507
2.62, 8498507
2.63, 8498507
2.64, 8498507
2.65, 8498507
2.66, 8498507
2.67, 8498507
2.68, 8498507
2.69, 8498507
2.7, 8498507
2.71, 8498507
2.72, 8498507
2.73, 8498507
2.74, 8498507
2.75, 8498507
2.76, 8498507
2.77, 8498507
2.78, 8498507
2.79, 8498507
2.8, 8498507
2.81, 8498507
2.82, 8498507
2.83, 8498507
2.84, 8498507
2.85, 8498507
2.86, 8498507
2.87, 8498507
2.88, 8498507
2.89, 8498507
2.9, 8498507
2.91, 8498507
2.92, 8498507
2.93, 8498507
2.94, 8498507
2.95, 8498507
2.96, 8498507
2.97, 8498507
2.98, 8498507
2.99, 8498507
3.0, 8498507
3.01, 8498507
3.02, 8498507
3.03, 8498507
3.04, 8498507
3.05, 8498507
3.06, 8498507
3.07, 8498507
3.08, 8498507
3.09, 8498507
3.1, 8498507
3.11, 8498507
3.12, 8498507
3.13, 8498507
3.14, 8498507
3.15, 8498507
3.16, 8498507
3.17, 8498507
3.18, 8498507
3.19, 8498507
3.2, 8498507
3.21, 8498507
3.22, 8498507
3.23, 8498507
3.24, 8498507
3.25, 8498507
3.26, 8498507
3.27, 8498507
3.28, 8498507
3.29, 8498507
3.3, 8498507
3.31, 8498507
3.32, 8498507
3.33, 8498507
3.34, 8498507
3.35, 8498507
3.36, 8498507
3.37, 8498507
3.38, 8498507
3.39, 8498507
3.4, 8498507
3.41, 8498507
3.42, 8498507
3.43, 8498507
3.44, 8498507
3.45, 8498507
3.46, 8498507
3.47, 8498507
3.48, 8498507
3.49, 8498507
3.5, 8498507
3.51, 8498507
3.52, 8498507
3.53, 8498507
3.54, 8498507
3.55, 8498507
3.56, 8498507
3.57, 8498507
3.58, 8498507
3.59, 8498507
3.6, 8498507
3.61, 8498507
3.62, 8498507
3.63, 8498507
3.64, 8498507
3.65, 8498507
3.66, 8498507
3.67, 8498507
3.68, 8498507
3.69, 8498507
3.7, 8498507
3.71, 8498507
3.72, 8498507
3.73, 8498507
3.74, 8498507
3.75, 8498507
3.76, 8498507
3.77, 8498507
3.78, 8498507
3.79, 8498507
3.8, 8498507
3.81, 8498507
3.82, 8498507
3.83, 8498507
3.84, 8498507
3.85, 8498507
3.86, 8498507
3.87, 8498507
3.88, 8498507
3.89, 8498507
3.9, 8498507
3.91, 8498507
3.92, 8498507
3.93, 8498507
3.94, 8498507
3.95, 8498507
3.96, 8498507
3.97, 8498507
3.98, 8498507
3.99, 8498507
4.0, 8498507
4.01, 8498507
4.02, 8498507
4.03, 8498507
4.04, 8498507
4.05, 8498507
4.06, 8498507
4.07, 8498507
4.08, 8498507
4.09, 8498507
4.1, 8498507
4.11, 8498507
4.12, 8498507
4.13, 8498507
4.14, 8498507
4.15, 8498507
4.16, 8498507
4.17, 8498507
4.18, 8498507
4.19, 8498507
4.2, 8498507
4.21, 8498507
4.22, 8498507
4.23, 8498507
4.24, 8498507
4.25, 8498507
4.26, 8498507
4.27, 8498507
4.28, 8498507
4.29, 8498507
4.3, 8498507
4.31, 8498507
4.32, 8498507
4.33, 8498507
4.34, 8498507
4.35, 8498507
4.36, 8498507
4.37, 8498507
4.38, 8498507
4.39, 8498507
4.4, 8498507
4.41, 8498507
4.42, 8498507
4.43, 8498507
4.44, 8498507
4.45, 8498507
4.46, 8498507
4.47, 8498507
4.48, 8498507
4.49, 8498507
4.5, 8498507
4.51, 8498507
4.52, 8498507
4.53, 8498507
4.54, 8498507
4.55, 8498507
4.56, 8498507
4.57, 8498507
4.58, 8498507
4.59, 8498507
4.6, 8498507
4.61, 8498507
4.62, 8498507
4.63, 8498507
4.64, 8498507
4.65, 8498507
4.66, 8498507
4.67, 8498507
4.68, 8498507
4.69, 8498507
4.7, 8498507
4.71, 8498507
4.72, 8498507
4.73, 8498507
4.74, 8498507
4.75, 8498507
4.76, 8498507
4.77, 8498507
4.78, 8498507
4.79, 8498507
4.8, 8498507
4.81, 8498507
4.82, 8498507
4.83, 8498507
4.84, 8498507
4.85, 8498507
4.86, 8498507
4.87, 8498507
4.88, 8498507
4.89, 8498507
4.9, 8498507
4.91, 8498507
4.92, 8498507
4.93, 8498507
4.94, 8498507
4.95, 8498507
4.96, 8498507
4.97, 8498507
4.98, 8498507
4.99, 8498507
5.0, 8498507
5.01, 8498507
5.02, 8498507
5.03, 8498507
5.04, 8498507
5.05, 8498507
5.06, 8498507
5.07, 8498507
5.08, 8498507
5.09, 8498507
5.1, 8498507
5.11, 8498507
5.12, 8498507
5.13, 8498507
5.14, 8498507
5.15, 8498507
5.16, 8498507
5.17, 8498507
5.18, 8498507
5.19, 8498507
5.2, 8498507
5.21, 8498507
5.22, 8498507
5.23, 8498507
5.24, 8498507
5.25, 8498507
5.26, 8498507
5.27, 8498507
5.28, 8498507
5.29, 8498507
5.3, 8498507
5.31, 8498507
5.32, 8498507
5.33, 8498507
5.34, 8498507
5.35, 8498507
5.36, 8498507
5.37, 8498507
5.38, 8498507
5.39, 8498507
5.4, 8498507
5.41, 8498507
5.42, 8498507
5.43, 8498507
5.44, 8498507
5.45, 8498507
5.46, 8498507
5.47, 8498507
5.48, 8498507
5.49, 8498507
5.5, 8498507
5.51, 8498507
5.52, 8498507
5.53, 8498507
5.54, 8498507
5.55, 8498507
5.56, 8498507
5.57, 8498507
5.58, 8498507
5.59, 8498507
5.6, 8498507
5.61, 8498507
5.62, 8498507
5.63, 8498507
5.64, 8498507
5.65, 8498507
5.66, 8498507
5.67, 8498507
5.68, 8498507
5.69, 8498507
5.7, 8498507
5.71, 8498507
5.72, 8498507
5.73, 8498507
5.74, 8498507
5.75, 8498507
5.76, 8498507
5.77, 8498507
5.78, 8498507
5.79, 8498507
5.8, 8498507
5.81, 8498507
5.82, 8498507
5.83, 8498507
5.84, 8498507
5.85, 8498507
5.86, 8498507
5.87, 8498507
5.88, 8498507
5.89, 8498507
5.9, 8498507
5.91, 8498507
5.92, 8498507
5.93, 8498507
5.94, 8498507
5.95, 8498507
5.96, 8498507
5.97, 8498507
5.98, 8498507
5.99, 8498507
6.0, 8498507
6.01, 8498507
6.02, 8498507
6.03, 8498507
6.04, 8498507
6.05, 8498507
6.06, 8498507
6.07, 8498507
6.08, 8498507
6.09, 8498507
6.1, 8498507
6.11, 8498507
6.12, 8498507
6.13, 8498507
6.14, 8498507
6.15, 8498507
6.16, 8498507
6.17, 8498507
6.18, 8498507
6.19, 8498507
6.2, 8498507
6.21, 8498507
6.22, 8498507
6.23, 8441542
6.24, 8441542
6.25, 8441542
6.26, 8441542
6.27, 8441542
6.28, 8441542
6.29, 8441542
6.3, 8441542
6.31, 8441542
6.32, 8441542
6.33, 8441542
6.34, 8441542
6.35, 8441542
6.36, 8441542
6.37, 8441542
6.38, 8441542
6.39, 8441542
6.4, 8441542
6.41, 8441542
6.42, 8441542
6.43, 8441542
6.44, 8441542
6.45, 8441542
6.46, 8441542
6.47, 8441542
6.48, 8441542
6.49, 8441542
6.5, 8441542
6.51, 8441542
6.52, 8441542
6.53, 8441542
6.54, 8441542
6.55, 8441542
6.56, 8441542
6.57, 8441542
6.58, 8441542
6.59, 8441542
6.6, 8441542
6.61, 8441542
6.62, 8441542
6.63, 8441542
6.64, 8441542
6.65, 8441542
6.66, 8441542
6.67, 8441542
6.68, 8441542
6.69, 8441542
6.7, 8441542
6.71, 8441542
6.72, 8441542
6.73, 8441542
6.74, 8441542
6.75, 8441542
6.76, 8441542
6.77, 8441542
6.78, 8441542
6.79, 8441542
6.8, 8441542
6.81, 8441542
6.82, 8441542
6.83, 8441542
6.84, 8441542
6.85, 8441542
6.86, 8441542
6.87, 8441542
6.88, 8441542
6.89, 8441542
6.9, 8441542
6.91, 8441542
6.92, 8441542
6.93, 8441542
6.94, 8410513
6.95, 8410513
6.96, 8410513
6.97, 8410513
6.98, 8410513
6.99, 8410513
7.0, 8410513
7.01, 8410513
7.02, 8410513
7.03, 8410513
7.04, 8410513
7.05, 8410513
7.06, 8410513
7.07, 8410513
7.08, 8410513
7.09, 8410513
7.1, 8410513
7.11, 8410513
7.12, 8410513
7.13, 8410513
7.14, 8410513
7.15, 8410513
7.16, 8410513
7.17, 8410513
7.18, 8410513
7.19, 8410513
7.2, 8410513
7.21, 8410513
7.22, 8410513
7.23, 8410513
7.24, 8410513
7.25, 8410513
7.26, 8410513
7.27, 8410513
7.28, 8410513
7.29, 8410513
7.3, 8410513
7.31, 8410513
7.32, 8410513
7.33, 8410513
7.34, 8410513
7.35, 8410513
7.36, 8410513
7.37, 8410513
7.38, 8410513
7.39, 8410513
7.4, 8410513
7.41, 8410513
7.42, 8410513
7.43, 8410513
7.44, 8410513
7.45, 8410513
7.46, 8410513
7.47, 8410513
7.48, 8410513
7.49, 8410513
7.5, 8410513
7.51, 8410513
7.52, 8410513
7.53, 8410513
7.54, 8410513
7.55, 8410513
7.56, 8410513
7.57, 8410513
7.58, 8410513
7.59, 8410513
7.6, 8410513
7.61, 8410513
7.62, 8410513
7.63, 8410513
7.64, 8410513
7.65, 8410513
7.66, 8410513
7.67, 8410513
7.68, 8410513
7.69, 8410513
7.7, 8410513
7.71, 8410513
7.72, 8410513
7.73, 8410513
7.74, 8410513
7.75, 8410513
7.76, 8410513
7.77, 8410513
7.78, 8410513
7.79, 8410513
7.8, 8410513
7.81, 8395971
7.82, 8395971
7.83, 8395971
7.84, 8395971
7.85, 8395971
7.86, 8395971
7.87, 8395971
7.88, 8395971
7.89, 8395971
7.9, 8395971
7.91, 8395971
7.92, 8395971
7.93, 8395971
7.94, 8395971
7.95, 8395971
7.96, 8395971
7.97, 8395971
7.98, 8395971
7.99, 8395971
8.0, 8395971
8.01, 8395971
8.02, 8395971
8.03, 8395971
8.04, 8395971
8.05, 8395971
8.06, 8395971
8.07, 8395971
8.08, 8395971
8.09, 8395971
8.1, 8395971
8.11, 8395971
8.12, 8395971
8.13, 8395971
8.14, 8395971
8.15, 8395971
8.16, 8395971
8.17, 8395971
8.18, 8395971
8.19, 8395971
8.2, 8395971
8.21, 8395971
8.22, 8395971
8.23, 8395971
8.24, 8395971
8.25, 8395971
8.26, 8395971
8.27, 8395971
8.28, 8395971
8.29, 8395971
8.3, 8395971
8.31, 8395971
8.32, 8395971
8.33, 8395971
8.34, 8395971
8.35, 8395971
8.36, 8395971
8.37, 8395971
8.38, 8395971
8.39, 8395971
8.4, 8395971
8.41, 8395971
8.42, 8395971
8.43, 8395971
8.44, 8395971
8.45, 8395971
8.46, 8395971
8.47, 8395971
8.48, 8395971
8.49, 8395971
8.5, 8395971
8.51, 8395971
8.52, 8395971
8.53, 8395971
8.54, 8395971
8.55, 8395971
8.56, 8395971
8.57, 8395971
8.58, 8395971
8.59, 8395971
8.6, 8395971
8.61, 8395971
8.62, 8395971
8.63, 8395971
8.64, 8395971
8.65, 8395971
8.66, 8395971
8.67, 8395971
8.68, 8395971
8.69, 8395971
8.7, 8395971
8.71, 8395971
8.72, 8395971
8.73, 8395971
8.74, 8395971
8.75, 8395971
8.76, 8395971
8.77, 8395971
8.78, 8395971
8.79, 8395971
8.8, 8395971
8.81, 8395971
8.82, 8395971
8.83, 8395971
8.84, 8395971
8.85, 8395971
8.86, 8395971
8.87, 8395971
8.88, 8395971
8.89, 8395971
8.9, 8395971
8.91, 8395971
8.92, 8395971
8.93, 8395971
8.94, 8395971
8.95, 8395971
8.96, 8395971
8.97, 8395971
8.98, 8395971
8.99, 8395971
9.0, 8395971
9.01, 8395971
9.02, 8395971
9.03, 8395971
9.04, 8395971
9.05, 8395971
9.06, 8395971
9.07, 8395971
9.08, 8395971
9.09, 8395971
9.1, 8395971
9.11, 8395971
9.12, 8395971
9.13, 8395971
9.14, 8395971
9.15, 8395971
9.16, 8395971
9.17, 8395971
9.18, 8395971
9.19, 8395971
9.2, 8395971
9.21, 8395971
9.22, 8395971
9.23, 8395971
9.24, 8395971
9.25, 8395971
9.26, 8395971
9.27, 8395971
9.28, 8395971
9.29, 8395971
9.3, 8395971
9.31, 8395971
9.32, 8395971
9.33, 8395971
9.34, 8395971
9.35, 8395971
9.36, 8395971
9.37, 8395971
9.38, 8395971
9.39, 8395971
9.4, 8395971
9.41, 8395971
9.42, 8395971
9.43, 8395971
9.44, 8395971
9.45, 8395971
9.46, 8395971
9.47, 8395971
9.48, 8395971
9.49, 8395971
9.5, 8395971
9.51, 8395971
9.52, 8395971
9.53, 8395971
9.54, 8395971
9.55, 8395971
9.56, 8395971
9.57, 8395971
9.58, 8395971
9.59, 8395971
9.6, 8395971
9.61, 8395971
9.62, 8395971
9.63, 8395971
9.64, 8395971
9.65, 8395971
9.66, 8395971
9.67, 8395971
9.68, 8395971
9.69, 8395971
9.7, 8395971
9.71, 8395971
9.72, 8395971
9.73, 8395971
9.74, 8395971
9.75, 8395971
9.76, 8395971
9.77, 8395971
9.78, 8395971
9.79, 8395971
9.8, 8395971
9.81, 8395971
9.82, 8395971
9.83, 8395971
9.84, 8395971
9.85, 8395971
9.86, 8395971
9.87, 8395971
9.88, 8395971
9.89, 8395971
9.9, 8395971
9.91, 8395971
9.92, 8395971
9.93, 8395971
9.94, 8395971
9.95, 8395971
9.96, 8395971
9.97, 8395971
9.98, 8395971
9.99, 8395971
10.0, 8395971
10.01, 8395971
10.02, 8395971
10.03, 8395971
10.04, 8395971
10.05, 8395971
10.06, 8395971
10.07, 8395971
10.08, 8395971
10.09, 8395971
10.1, 8395971
10.11, 8395971
10.12, 8395971
10.13, 8395971
10.14, 8395971
10.15, 8395971
10.16, 8395971
10.17, 8395971
10.18, 8395971
10.19, 8395971
10.2, 8395971
10.21, 8395971
10.22, 8395971
10.23, 8395971
10.24, 8395971
10.25, 8395971
10.26, 8395971
10.27, 8395971
10.28, 8395971
10.29, 8395971
10.3, 8395971
10.31, 8395971
10.32, 8395971
10.33, 8395971
10.34, 8395971
10.35, 8395971
10.36, 8340347
10.37, 8340347
10.38, 8340347
10.39, 8340347
10.4, 8340347
10.41, 8340347
10.42, 8340347
10.43, 8340347
10.44, 8340347
10.45, 8340347
10.46, 8340347
10.47, 8340347
10.48, 8340347
10.49, 8340347
10.5, 8340347
10.51, 8340347
10.52, 8340347
10.53, 8340347
10.54, 8340347
10.55, 8340347
10.56, 8340347
10.57, 8340347
10.58, 8340347
10.59, 8256871
10.6, 8256871
10.61, 8256871
10.62, 8256871
10.63, 8256871
10.64, 8256871
10.65, 8256871
10.66, 8256871
10.67, 8256871
10.68, 8256871
10.69, 8256871
10.7, 8256871
10.71, 8256871
10.72, 8256871
10.73, 8256871
10.74, 8256871
10.75, 8256871
10.76, 8256871
10.77, 8256871
10.78, 8256871
10.79, 8256871
10.8, 8256871
10.81, 8256871
10.82, 8256871
10.83, 8256871
10.84, 8256871
10.85, 8256871
10.86, 8256871
10.87, 8256871
10.88, 8256871
10.89, 8256871
10.9, 8256871
10.91, 8256871
10.92, 8256871
10.93, 8256871
10.94, 8256871
10.95, 8256871
10.96, 8256871
10.97, 8256871
10.98, 8256871
10.99, 8256871
11.0, 8256871
11.01, 8256871
11.02, 8256871
11.03, 8256871
11.04, 8256871
11.05, 8256871
11.06, 8256871
11.07, 8256871
11.08, 8256871
11.09, 8256871
11.1, 8256871
11.11, 8256871
11.12, 8256871
11.13, 8256871
11.14, 8256871
11.15, 8256871
11.16, 8256871
11.17, 8256871
11.18, 8256871
11.19, 8256871
11.2, 8256871
11.21, 8256871
11.22, 8256871
11.23, 8256871
11.24, 8256871
11.25, 8256871
11.26, 8256871
11.27, 8256871
11.28, 8256871
11.29, 8256871
11.3, 8256871
11.31, 8256871
11.32, 8256871
11.33, 8256871
11.34, 8256871
11.35, 8256871
11.36, 8256871
11.37, 8256871
11.38, 8256871
11.39, 8256871
11.4, 8256871
11.41, 8256871
11.42, 8256871
11.43, 8256871
11.45, 8256871
11.46, 8256871
11.47, 8256871
11.48, 8256871
11.49, 8256871
11.5, 8256871
11.51, 8256871
11.52, 8256871
11.53, 8256871
11.54, 8256871
11.55, 8256871
11.56, 8256871
11.57, 8256871
11.58, 8256871
11.59, 8256871
11.6, 8256871
11.61, 8256871
11.62, 8256871
11.63, 8256871
11.64, 8256871
11.65, 8256871
11.66, 8256871
11.67, 8256871
11.68, 8256871
11.69, 8256871
11.7, 8256871
11.71, 8256871
11.72, 8256871
11.73, 8256871
11.74, 8256871
11.75, 8256871
11.76, 8256871
11.77, 8256871
11.78, 8256871
11.79, 8256871
11.8, 8256871
11.81, 8256871
11.82, 8256871
11.83, 8256871
11.84, 8256871
11.85, 8256871
11.86, 8256871
11.87, 8256871
11.88, 8256871
11.89, 8256871
11.9, 8256871
11.91, 8256871
11.92, 8256871
11.93, 8256871
11.94, 8256871
11.95, 8256871
11.96, 8256871
11.97, 8256871
11.98, 8256871
11.99, 8256871
12.0, 8256871
12.01, 8256871
12.02, 8256871
12.03, 8256871
12.04, 8256871
12.05, 8256871
12.06, 8256871
12.07, 8256871
12.08, 8256871
12.09, 8256871
12.1, 8256871
12.11, 8256871
12.12, 8256871
12.13, 8256871
12.14, 8256871
12.15, 8256871
12.16, 8256871
12.17, 8256871
12.18, 8256871
12.19, 8256871
12.2, 8256871
12.21, 8256871
12.22, 8256871
12.23, 8256871
12.24, 8256871
12.25, 8256871
12.26, 8256871
12.27, 8256871
12.28, 8256871
12.29, 8256871
12.3, 8256871
12.31, 8256871
12.32, 8256871
12.33, 8256871
12.34, 8256871
12.35, 8256871
12.36, 8256871
12.37, 8256871
12.38, 8256871
12.39, 8256871
12.4, 8256871
12.41, 8256871
12.42, 8256871
12.43, 8256871
12.44, 8256871
12.45, 8256871
12.46, 8256871
12.47, 8256871
12.48, 8256871
12.49, 8256871
12.5, 8256871
12.51, 8256871
12.52, 8256871
12.53, 8256871
12.54, 8256871
12.55, 8256871
12.56, 8256871
12.57, 8256871
12.58, 8256871
12.59, 8256871
12.6, 8256871
12.61, 8256871
12.62, 8256871
12.63, 8256871
12.64, 8256871
12.65, 8256871
12.66, 8256871
12.67, 8256871
12.68, 8256871
12.69, 8256871
12.7, 8256871
12.71, 8256871
12.72, 8256871
12.73, 8256871
12.74, 8256871
12.75, 8256871
12.76, 8256871
12.77, 8256871
12.78, 8256871
12.79, 8256871
12.8, 8256871
12.81, 8256871
12.82, 8256871
12.83, 8256871
12.84, 8256871
12.85, 8256871
12.86, 8256871
12.87, 8256871
12.88, 8256871
12.89, 8256871
12.9, 8256871
12.91, 8256871
12.92, 8256871
12.93, 8256871
12.94, 8256871
12.95, 8256871
12.96, 8256871
12.97, 8256871
12.98, 8256871
12.99, 8256871
13.0, 8256871
13.01, 8256871
13.02, 8256871
13.03, 8256871
13.04, 8256871
13.05, 8256871
13.06, 8256871
13.07, 8256871
13.08, 8256871
13.09, 8256871
13.1, 8256871
13.11, 8256871
13.12, 8256871
13.13, 8256871
13.14, 8256871
13.15, 8256871
13.16, 8256871
13.17, 8256871
13.18, 8256871
13.19, 8256871
13.2, 8256871
13.21, 8256871
13.22, 8256871
13.23, 8256871
13.24, 8256871
13.25, 8256871
13.26, 8256871
13.27, 8256871
13.28, 8256871
13.29, 8256871
13.3, 8256871
13.31, 8256871
13.32, 8256871
13.33, 8256871
13.34, 8256871
13.35, 8256871
13.36, 8256871
13.37, 8256871
13.38, 8256871
13.39, 8256871
13.4, 8256871
13.41, 8256871
13.42, 8256871
13.43, 8256871
13.44, 8256871
13.45, 8256871
13.46, 8256871
13.47, 8256871
13.48, 8256871
13.49, 8256871
13.5, 8256871
13.51, 8256871
13.52, 8256871
13.53, 8256871
13.54, 8256871
13.55, 8256871
13.56, 8256871
13.57, 8256871
13.58, 8256871
13.59, 8256871
13.6, 8256871
13.61, 8256871
13.62, 8256871
13.63, 8256871
13.64, 8256871
13.65, 8256871
13.66, 8256871
13.67, 8256871
13.68, 8256871
13.69, 8256871
13.7, 8256871
13.71, 8256871
13.72, 8256871
13.73, 8256871
13.74, 8256871
13.75, 8256871
13.76, 8256871
13.77, 8256871
13.78, 8256871
13.79, 8256871
13.8, 8256871
13.81, 8256871
13.82, 8256871
13.83, 8256871
13.84, 8256871
13.85, 8256871
13.86, 8256871
13.87, 8256871
13.88, 8256871
13.89, 8256871
13.9, 8256871
13.91, 8256871
13.92, 8256871
13.93, 8256871
13.94, 8256871
13.95, 8256871
13.96, 8256871
13.97, 8256871
13.98, 8256871
13.99, 8256871
14.0, 8256871
14.01, 8256871
14.02, 8256871
14.03, 8256871
14.04, 8256871
14.05, 8256871
14.06, 8256871
14.07, 8256871
14.08, 8256871
14.09, 8256871
14.1, 8256871
14.11, 8256871
14.12, 8256871
14.13, 8256871
14.14, 8256871
14.15, 8256871
14.16, 8256871
14.17, 8256871
14.18, 8256871
14.19, 8256871
14.2, 8256871
14.21, 8256871
14.22, 8256871
14.23, 8256871
14.24, 8256871
14.25, 8256871
14.26, 8256871
14.27, 8256871
14.28, 8256871
14.29, 8256871
14.3, 8256871
14.31, 8256871
14.32, 8256871
14.33, 8256871
14.34, 8256871
14.35, 8256871
14.36, 8256871
14.37, 8256871
14.38, 8256871
14.39, 8256871
14.4, 8256871
14.41, 8256871
14.42, 8256871
14.43, 8256871
14.44, 8256871
14.45, 8256871
14.46, 8256871
14.47, 8256871
14.48, 8256871
14.49, 8256871
14.5, 8256871
14.51, 8256871
14.52, 8256871
14.53, 8256871
14.54, 8256871
14.55, 8256871
14.56, 8256871
14.57, 8256871
14.58, 8256871
14.59, 8256871
14.6, 8256871
14.61, 8256871
14.62, 8256871
14.63, 8256871
14.64, 8256871
14.65, 8256871
14.66, 8256871
14.67, 8256871
14.68, 8256871
14.69, 8256871
14.7, 8256871
14.71, 8256871
14.72, 8256871
14.73, 8256871
14.74, 8256871
14.75, 8256871
14.76, 8256871
14.77, 8256871
14.78, 8256871
14.79, 8256871
14.8, 8256871
14.81, 8256871
14.82, 8256871
14.83, 8256871
14.84, 8256871
14.85, 8256871
14.86, 8256871
14.87, 8256871
14.88, 8256871
14.89, 8256871
14.9, 8256871
14.91, 8256871
14.92, 8256871
14.93, 8256871
14.94, 8256871
14.95, 8256871
14.96, 8256871
14.97, 8256871
14.98, 8256871
14.99, 8256871
15.0, 8256871
15.01, 8256871
15.02, 8256871
15.03, 8256871
15.04, 8256871
15.05, 8256871
15.06, 8256871
15.07, 8256871
15.08, 8256871
15.09, 8256871
15.1, 8256871
15.11, 8256871
15.12, 8256871
15.13, 8256871
15.14, 8256871
15.15, 8256871
15.16, 8256871
15.17, 8256871
15.18, 8256871
15.19, 8256871
15.2, 8256871
15.21, 8256871
15.22, 8256871
15.23, 8256871
15.24, 8256871
15.25, 8256871
15.26, 8256871
15.27, 8256871
15.28, 8256871
15.29, 8256871
15.3, 8256871
15.31, 8256871
15.32, 8256871
15.33, 8256871
15.34, 8256871
15.35, 8256871
15.36, 8256871
15.37, 8256871
15.38, 8256871
15.39, 8256871
15.4, 8256871
15.41, 8256871
15.42, 8256871
15.43, 8256871
15.44, 8256871
15.45, 8256871
15.46, 8256871
15.47, 8256871
15.48, 8256871
15.49, 8256871
15.5, 8256871
15.51, 8256871
15.52, 8256871
15.53, 8256871
15.54, 8256871
15.55, 8256871
15.56, 8256871
15.57, 8256871
15.58, 8256871
15.59, 8256871
15.6, 8256871
15.61, 8256871
15.62, 8256871
15.63, 8256871
15.64, 8256871
15.65, 8256871
15.66, 8256871
15.67, 8256871
15.68, 8256871
15.69, 8256871
15.7, 8256871
15.71, 8256871
15.72, 8256871
15.73, 8256871
15.74, 8256871
15.75, 8256871
15.76, 8256871
15.77, 8256871
15.78, 8256871
15.79, 8256871
15.8, 8256871
15.81, 8256871
15.82, 8256871
15.83, 8256871
15.84, 8256871
15.85, 8256871
15.86, 8256871
15.87, 8256871
15.88, 8256871
15.89, 8256871
15.9, 8256871
15.91, 8256871
15.92, 8256871
15.93, 8256871
15.94, 8256871
15.95, 8256871
15.96, 8256871
15.97, 8256871
15.98, 8256871
15.99, 8256871
16.0, 8256871
16.01, 8256871
16.02, 8256871
16.03, 8256871
16.04, 8256871
16.05, 8256871
16.06, 8256871
16.07, 8256871
16.08, 8256871
16.09, 8256871
16.1, 8256871
16.11, 8256871
16.12, 8256871
16.13, 8256871
16.14, 8256871
16.15, 8256871
16.16, 8256871
16.17, 8256871
16.18, 8256871
16.19, 8256871
16.2, 8256871
16.21, 8256871
16.22, 8256871
16.23, 8256871
16.24, 8256871
16.25, 8256871
16.26, 8256871
16.27, 8256871
16.28, 8256871
16.29, 8256871
16.3, 8256871
16.31, 8256871
16.32, 8256871
16.33, 8256871
16.34, 8256871
16.35, 8256871
16.36, 8256871
16.37, 8256871
16.38, 8256871
16.39, 8256871
16.4, 8256871
16.41, 8256871
16.42, 8256871
16.43, 8256871
16.44, 8256871
16.45, 8256871
16.46, 8256871
16.47, 8256871
16.48, 8256871
16.49, 8256871
16.5, 8256871
16.51, 8256871
16.52, 8256871
16.53, 8256871
16.54, 8256871
16.55, 8256871
16.56, 8256871
16.57, 8256871
16.58, 8256871
16.59, 8256871
16.6, 8256871
16.61, 8256871
16.62, 8256871
16.63, 8256871
16.64, 8256871
16.65, 8256871
16.66, 8256871
16.67, 8256871
16.68, 8256871
16.69, 8256871
16.7, 8256871
16.71, 8256871
16.72, 8256871
16.73, 8256871
16.74, 8256871
16.75, 8256871
16.76, 8256871
16.77, 8256871
16.78, 8256871
16.79, 8256871
16.8, 8256871
16.81, 8256871
16.82, 8256871
16.83, 8256871
16.84, 8256871
16.85, 8256871
16.86, 8256871
16.87, 8256871
16.88, 8256871
16.89, 8256871
16.9, 8256871
16.91, 8256871
16.92, 8256871
16.93, 8256871
16.94, 8256871
16.95, 8256871
16.96, 8256871
16.97, 8256871
16.98, 8256871
16.99, 8256871
17.0, 8256871
17.01, 8256871
17.02, 8256871
17.03, 8256871
17.04, 8256871
17.05, 8256871
17.06, 8256871
17.07, 8256871
17.08, 8256871
17.09, 8256871
17.1, 8256871
17.11, 8256871
17.12, 8256871
17.13, 8256871
17.14, 8256871
17.15, 8256871
17.16, 8256871
17.17, 8256871
17.18, 8256871
17.19, 8256871
17.2, 8256871
17.21, 8256871
17.22, 8256871
17.23, 8256871
17.24, 8256871
17.25, 8256871
17.26, 8256871
17.27, 8256871
17.28, 8256871
17.29, 8256871
17.3, 8256871
17.31, 8256871
17.32, 8256871
17.33, 8256871
17.34, 8256871
17.35, 8256871
17.36, 8256871
17.37, 8256871
17.38, 8256871
17.39, 8256871
17.4, 8256871
17.41, 8256871
17.42, 8256871
17.43, 8256871
17.44, 8256871
17.45, 8256871
17.46, 8256871
17.47, 8256871
17.48, 8256871
17.49, 8256871
17.5, 8256871
17.51, 8256871
17.52, 8256871
17.53, 8256871
17.54, 8256871
17.55, 8256871
17.56, 8256871
17.57, 8256871
17.58, 8256871
17.59, 8256871
17.6, 8256871
17.61, 8256871
17.62, 8256871
17.63, 8256871
17.64, 8256871
17.65, 8256871
17.66, 8256871
17.67, 8256871
17.68, 8256871
17.69, 8256871
17.7, 8256871
17.71, 8256871
17.72, 8256871
17.73, 8256871
17.74, 8256871
17.75, 8256871
17.76, 8256871
17.77, 8256871
17.78, 8256871
17.79, 8256871
17.8, 8256871
17.81, 8256871
17.82, 8256871
17.83, 8256871
17.84, 8256871
17.85, 8256871
17.86, 8256871
17.87, 8256871
17.88, 8256871
17.89, 8256871
17.9, 8256871
17.91, 8256871
17.92, 8256871
17.93, 8256871
17.94, 8256871
17.95, 8256871
17.96, 8256871
17.97, 8256871
17.98, 8256871
17.99, 8256871
18.0, 8256871
18.01, 8256871
18.02, 8256871
18.03, 8256871
18.04, 8256871
18.05, 8256871
18.06, 8256871
18.07, 8256871
18.08, 8256871
18.09, 8256871
18.1, 8256871
18.11, 8256871
18.12, 8256871
18.13, 8256871
18.14, 8256871
18.15, 8256871
18.16, 8256871
18.17, 8256871
18.18, 8256871
18.19, 8256871
18.2, 8256871
18.21, 8256871
18.22, 8256871
18.23, 8256871
18.24, 8256871
18.25, 8256871
18.26, 8256871
18.27, 8256871
18.28, 8256871
18.29, 8256871
18.3, 8256871
18.31, 8256871
18.32, 8256871
18.33, 8256871
18.34, 8256871
18.35, 8256871
18.36, 8256871
18.37, 8256871
18.38, 8256871
18.39, 8256871
18.4, 8256871
18.41, 8256871
18.42, 8256871
18.43, 8256871
18.44, 8256871
18.45, 8256871
18.46, 8256871
18.47, 8256871
18.48, 8256871
18.49, 8256871
18.5, 8256871
18.51, 8256871
18.52, 8256871
18.53, 8256871
18.54, 8256871
18.55, 8256871
18.56, 8256871
18.57, 8256871
18.58, 8256871
18.59, 8256871
18.6, 8256871
18.61, 8256871
18.62, 8256871
18.63, 8256871
18.64, 8256871
18.65, 8256871
18.66, 8256871
18.67, 8256871
18.68, 8256871
18.69, 8256871
18.7, 8256871
18.71, 8256871
18.72, 8256871
18.73, 8256871
18.74, 8256871
18.75, 8256871
18.76, 8256871
18.77, 8256871
18.78, 8256871
18.79, 8256871
18.8, 8256871
18.81, 8256871
18.82, 8256871
18.83, 8256871
18.84, 8256871
18.85, 8256871
18.86, 8256871
18.87, 8256871
18.88, 8256871
18.89, 8256871
18.9, 8256871
18.91, 8256871
18.92, 8256871
18.93, 8256871
18.94, 8256871
18.95, 8256871
18.96, 8256871
18.97, 8256871
18.98, 8256871
18.99, 8256871
19.0, 8256871
19.01, 8256871
19.02, 8256871
19.03, 8256871
19.04, 8256871
19.05, 8256871
19.06, 8256871
19.07, 8256871
19.08, 8256871
19.09, 8256871
19.1, 8256871
19.11, 8256871
19.12, 8256871
19.13, 8256871
19.14, 8256871
19.15, 8256871
19.16, 8256871
19.17, 8256871
19.18, 8256871
19.19, 8256871
19.2, 8256871
19.21, 8256871
19.22, 8256871
19.23, 8256871
19.24, 8256871
19.25, 8256871
19.26, 8256871
19.27, 8256871
19.28, 8256871
19.29, 8256871
19.3, 8256871
19.31, 8256871
19.32, 8256871
19.33, 8256871
19.34, 8256871
19.35, 8256871
19.36, 8256871
19.37, 8256871
19.38, 8256871
19.39, 8256871
19.4, 8256871
19.41, 8256871
19.42, 8256871
19.43, 8256871
19.44, 8256871
19.45, 8256871
19.46, 8256871
19.47, 8256871
19.48, 8256871
19.49, 8256871
19.5, 8256871
19.51, 8256871
19.52, 8256871
19.53, 8256871
19.54, 8256871
19.55, 8256871
19.56, 8256871
19.57, 8256871
19.58, 8256871
19.59, 8256871
19.6, 8256871
19.61, 8256871
19.62, 8256871
19.63, 8256871
19.64, 8256871
19.65, 8256871
19.66, 8256871
19.67, 8256871
19.68, 8256871
19.69, 8256871
19.7, 8256871
19.71, 8256871
19.72, 8256871
19.73, 8256871
19.74, 8256871
19.75, 8256871
19.76, 8256871
19.77, 8256871
19.78, 8256871
19.79, 8256871
19.8, 8256871
19.81, 8256871
19.82, 8256871
19.83, 8256871
19.84, 8256871
19.85, 8256871
19.86, 8256871
19.87, 8256871
19.88, 8256871
19.89, 8256871
19.9, 8256871
19.91, 8256871
19.92, 8256871
19.93, 8256871
19.94, 8256871
19.95, 8256871
19.96, 8256871
19.97, 8256871
19.98, 8256871
19.99, 8256871
20.0, 8256871
20.01, 8256871
20.02, 8256871
20.03, 8256871
20.04, 8256871
20.05, 8256871
20.06, 8256871
20.07, 8256871
20.08, 8256871
20.09, 8256871
20.1, 8256871
20.11, 8256871
20.12, 8256871
20.13, 8256871
20.14, 8256871
20.15, 8256871
20.16, 8256871
20.17, 8256871
20.18, 8256871
20.19, 8256871
20.2, 8256871
20.21, 8256871
20.22, 8256871
20.23, 8256871
20.24, 8256871
20.25, 8256871
20.26, 8256871
20.27, 8256871
20.28, 8256871
20.29, 8256871
20.3, 8256871
20.31, 8256871
20.32, 8256871
20.33, 8256871
20.34, 8256871
20.35, 8256871
20.36, 8256871
20.37, 8256871
20.38, 8256871
20.39, 8256871
20.4, 8256871
20.41, 8256871
20.42, 8256871
20.43, 8256871
20.44, 8256871
20.45, 8256871
20.46, 8256871
20.47, 8256871
20.48, 8256871
20.49, 8256871
20.5, 8256871
20.51, 8256871
20.52, 8256871
20.53, 8256871
20.54, 8256871
20.55, 8256871
20.56, 8256871
20.57, 8256871
20.58, 8256871
20.59, 8256871
20.6, 8256871
20.61, 8256871
20.62, 8256871
20.63, 8256871
20.64, 8256871
20.65, 8256871
20.66, 8256871
20.67, 8256871
20.68, 8256871
20.69, 8256871
20.7, 8256871
20.71, 8256871
20.72, 8256871
20.73, 8256871
20.74, 8256871
20.75, 8256871
20.76, 8256871
20.77, 8256871
20.78, 8256871
20.79, 8256871
20.8, 8256871
20.81, 8256871
20.82, 8256871
20.83, 8256871
20.84, 8256871
20.85, 8256871
20.86, 8256871
20.87, 8256871
20.88, 8256871
20.89, 8256871
20.9, 8256871
20.91, 8256871
20.92, 8256871
20.93, 8256871
20.94, 8256871
20.95, 8256871
20.96, 8256871
20.97, 8256871
20.98, 8256871
20.99, 8256871
21.0, 8256871
21.01, 8256871
21.02, 8256871
21.03, 8256871
21.04, 8256871
21.05, 8256871
21.06, 8256871
21.07, 8256871
21.08, 8256871
21.09, 8256871
21.1, 8256871
21.11, 8256871
21.12, 8256871
21.13, 8256871
21.14, 8256871
21.15, 8256871
21.16, 8256871
21.17, 8256871
21.18, 8256871
21.19, 8256871
21.2, 8256871
21.21, 8256871
21.22, 8256871
21.23, 8256871
21.24, 8256871
21.25, 8256871
21.26, 8256871
21.27, 8256871
21.28, 8256871
21.29, 8256871
21.3, 8256871
21.31, 8256871
21.32, 8256871
21.33, 8256871
21.34, 8256871
21.35, 8256871
21.36, 8256871
21.37, 8256871
21.38, 8256871
21.39, 8256871
21.4, 8256871
21.41, 8256871
21.42, 8256871
21.43, 8256871
21.44, 8256871
21.45, 8256871
21.46, 8256871
21.47, 8256871
21.48, 8256871
21.49, 8256871
21.5, 8256871
21.51, 8256871
21.52, 8256871
21.53, 8256871
21.54, 8256871
21.55, 8256871
21.56, 8256871
21.57, 8256871
21.58, 8256871
21.59, 8256871
21.6, 8256871
21.61, 8256871
21.62, 8256871
21.63, 8256871
21.64, 8256871
21.65, 8256871
21.66, 8256871
21.67, 8256871
21.68, 8256871
21.69, 8256871
21.7, 8256871
21.71, 8256871
21.72, 8256871
21.73, 8256871
21.74, 8256871
21.75, 8256871
21.76, 8256871
21.77, 8256871
21.78, 8256871
21.79, 8256871
21.8, 8256871
21.81, 8256871
21.82, 8256871
21.83, 8256871
21.84, 8256871
21.85, 8256871
21.86, 8256871
21.87, 8256871
21.88, 8256871
21.89, 8256871
21.9, 8256871
21.91, 8256871
21.92, 8256871
21.93, 8256871
21.94, 8256871
21.95, 8256871
21.96, 8256871
21.97, 8256871
21.98, 8256871
21.99, 8256871
22.0, 8256871
22.01, 8256871
22.02, 8256871
22.03, 8256871
22.04, 8256871
22.05, 8256871
22.06, 8256871
22.07, 8256871
22.08, 8256871
22.09, 8256871
22.1, 8256871
22.11, 8256871
22.12, 8256871
22.13, 8256871
22.14, 8256871
22.15, 8256871
22.16, 8256871
22.17, 8256871
22.18, 8256871
22.19, 8256871
22.2, 8256871
22.21, 8256871
22.22, 8256871
22.23, 8256871
22.24, 8256871
22.25, 8256871
22.26, 8256871
22.27, 8256871
22.28, 8256871
22.29, 8256871
22.3, 8256871
22.31, 8256871
22.32, 8256871
22.33, 8256871
22.34, 8256871
22.35, 8256871
22.36, 8256871
22.37, 8256871
22.38, 8256871
22.39, 8256871
22.4, 8256871
22.41, 8256871
22.42, 8256871
22.43, 8256871
22.44, 8256871
22.45, 8256871
22.46, 8256871
22.47, 8256871
22.48, 8256871
22.49, 8256871
22.5, 8256871
22.51, 8256871
22.52, 8256871
22.53, 8256871
22.54, 8256871
22.55, 8256871
22.56, 8256871
22.57, 8256871
22.58, 8256871
22.59, 8256871
22.6, 8256871
22.61, 8256871
22.62, 8256871
22.63, 8256871
22.64, 8256871
22.65, 8256871
22.66, 8256871
22.67, 8256871
22.68, 8256871
22.69, 8256871
22.7, 8256871
22.71, 8256871
22.72, 8256871
22.73, 8256871
22.74, 8256871
22.75, 8256871
22.76, 8256871
22.77, 8256871
22.78, 8256871
22.79, 8256871
22.8, 8256871
22.81, 8256871
22.82, 8256871
22.83, 8256871
22.84, 8256871
22.85, 8256871
22.86, 8256871
22.87, 8256871
22.88, 8256871
22.89, 8256871
22.9, 8256871
22.91, 8256871
22.92, 8256871
22.93, 8256871
22.94, 8256871
22.95, 8256871
22.96, 8256871
22.97, 8256871
22.98, 8256871
22.99, 8256871
23.0, 8256871
23.03, 8256871
23.04, 8256871
23.05, 8256871
23.06, 8256871
23.07, 8256871
23.08, 8256871
23.09, 8256871
23.1, 8256871
23.11, 8256871
23.12, 8256871
23.13, 8256871
23.14, 8256871
23.15, 8256871
23.16, 8256871
23.17, 8256871
23.18, 8256871
23.19, 8256871
23.2, 8256871
23.21, 8256871
23.22, 8256871
23.23, 8256871
23.24, 8256871
23.25, 8256871
23.26, 8256871
23.27, 8256871
23.28, 8256871
23.29, 8256871
23.3, 8256871
23.31, 8256871
23.32, 8256871
23.33, 8256871
23.34, 8256871
23.35, 8256871
23.36, 8256871
23.37, 8256871
23.38, 8256871
23.39, 8256871
23.4, 8256871
23.41, 8256871
23.42, 8256871
23.43, 8256871
23.44, 8256871
23.45, 8256871
23.46, 8256871
23.47, 8256871
23.48, 8256871
23.49, 8256871
23.5, 8256871
23.51, 8256871
23.52, 8256871
23.53, 8256871
23.54, 8256871
23.55, 8256871
23.56, 8256871
23.57, 8256871
23.58, 8256871
23.59, 8256871
23.6, 8256871
23.61, 8256871
23.62, 8256871
23.63, 8256871
23.64, 8256871
23.65, 8256871
23.66, 8256871
23.67, 8256871
23.68, 8256871
23.69, 8256871
23.7, 8256871
23.71, 8256871
23.72, 8256871
23.73, 8256871
23.74, 8256871
23.75, 8256871
23.76, 8256871
23.77, 8256871
23.78, 8256871
23.79, 8256871
23.8, 8256871
23.81, 8256871
23.82, 8256871
23.83, 8256871
23.84, 8256871
23.85, 8256871
23.86, 8256871
23.87, 8256871
23.88, 8256871
23.89, 8256871
23.9, 8256871
23.91, 8256871
23.92, 8256871
23.93, 8256871
23.94, 8256871
23.95, 8256871
23.96, 8256871
23.97, 8256871
23.98, 8256871
23.99, 8256871
24.0, 8256871
24.01, 8256871
24.02, 8256871
24.03, 8256871
24.04, 8256871
24.05, 8256871
24.06, 8256871
24.07, 8256871
24.08, 8256871
24.09, 8256871
24.1, 8256871
24.11, 8256871
24.12, 8256871
24.13, 8256871
24.14, 8256871
24.15, 8256871
24.16, 8256871
24.17, 8256871
24.18, 8256871
24.19, 8256871
24.2, 8256871
24.21, 8256871
24.22, 8256871
24.23, 8256871
24.24, 8256871
24.25, 8256871
24.26, 8256871
24.27, 8256871
24.28, 8256871
24.29, 8256871
24.3, 8256871
24.31, 8256871
24.32, 8256871
24.33, 8256871
24.34, 8256871
24.35, 8256871
24.36, 8256871
24.37, 8256871
24.38, 8256871
24.39, 8256871
24.4, 8256871
24.41, 8256871
24.42, 8256871
24.43, 8256871
24.44, 8256871
24.45, 8256871
24.46, 8256871
24.47, 8256871
24.48, 8256871
24.49, 8256871
24.5, 8256871
24.51, 8256871
24.52, 8256871
24.53, 8256871
24.54, 8256871
24.55, 8256871
24.56, 8256871
24.57, 8256871
24.58, 8256871
24.59, 8256871
24.6, 8256871
24.61, 8256871
24.62, 8256871
24.63, 8256871
24.64, 8256871
24.65, 8256871
24.66, 8256871
24.67, 8256871
24.68, 8256871
24.69, 8256871
24.7, 8256871
24.71, 8256871
24.72, 8256871
24.73, 8256871
24.74, 8256871
24.75, 8256871
24.76, 8256871
24.77, 8256871
24.78, 8256871
24.79, 8256871
24.8, 8256871
24.81, 8256871
24.82, 8256871
24.83, 8256871
24.84, 8256871
24.85, 8256871
24.86, 8256871
24.87, 8256871
24.88, 8256871
24.89, 8256871
24.9, 8256871
24.91, 8256871
24.92, 8256871
24.93, 8256871
24.94, 8256871
24.95, 8256871
24.96, 8256871
24.97, 8256871
24.98, 8256871
24.99, 8256871
25.0, 8256871
25.01, 8256871
25.02, 8256871
25.03, 8256871
25.04, 8256871
25.05, 8256871
25.06, 8256871
25.07, 8256871
25.08, 8256871
25.09, 8256871
25.1, 8256871
25.11, 8256871
25.12, 8256871
25.13, 8256871
25.14, 8256871
25.15, 8256871
25.16, 8256871
25.17, 8256871
25.18, 8256871
25.19, 8256871
25.2, 8256871
25.21, 8256871
25.22, 8256871
25.23, 8256871
25.24, 8256871
25.25, 8256871
25.26, 8256871
25.27, 8256871
25.28, 8256871
25.29, 8256871
25.3, 8256871
25.31, 8256871
25.32, 8256871
25.33, 8256871
25.34, 8256871
25.35, 8256871
25.36, 8256871
25.37, 8256871
25.38, 8256871
25.39, 8256871
25.4, 8256871
25.41, 8256871
25.42, 8256871
25.43, 8256871
25.44, 8256871
25.45, 8256871
25.46, 8256871
25.47, 8256871
25.48, 8256871
25.49, 8256871
25.5, 8256871
25.51, 8256871
25.52, 8256871
25.53, 8256871
25.54, 8256871
25.55, 8256871
25.56, 8256871
25.57, 8256871
25.58, 8256871
25.59, 8256871
25.6, 8256871
25.61, 8256871
25.62, 8256871
25.63, 8256871
25.64, 8256871
25.65, 8256871
25.66, 8256871
25.67, 8256871
25.68, 8256871
25.69, 8256871
25.7, 8256871
25.71, 8256871
25.72, 8256871
25.73, 8256871
25.74, 8256871
25.75, 8256871
25.76, 8256871
25.77, 8256871
25.78, 8256871
25.79, 8256871
25.8, 8256871
25.81, 8256871
25.82, 8256871
25.83, 8256871
25.84, 8256871
25.85, 8256871
25.86, 8256871
25.87, 8256871
25.88, 8256871
25.89, 8256871
25.9, 8256871
25.91, 8256871
25.92, 8256871
25.93, 8256871
25.94, 8256871
25.95, 8256871
25.96, 8256871
25.97, 8256871
25.98, 8256871
25.99, 8256871
26.0, 8256871
26.01, 8256871
26.02, 8256871
26.03, 8256871
26.04, 8256871
26.05, 8256871
26.06, 8256871
26.07, 8256871
26.08, 8256871
26.09, 8256871
26.1, 8256871
26.11, 8256871
26.12, 8256871
26.13, 8256871
26.14, 8256871
26.15, 8256871
26.16, 8256871
26.17, 8256871
26.18, 8256871
26.19, 8256871
26.2, 8256871
26.21, 8256871
26.22, 8256871
26.23, 8256871
26.24, 8256871
26.25, 8256871
26.26, 8256871
26.27, 8256871
26.28, 8256871
26.29, 8256871
26.3, 8256871
26.31, 8256871
26.32, 8256871
26.33, 8256871
26.34, 8256871
26.35, 8256871
26.36, 8256871
26.37, 8256871
26.38, 8256871
26.39, 8256871
26.4, 8256871
26.41, 8256871
26.42, 8256871
26.43, 8256871
26.44, 8256871
26.45, 8256871
26.46, 8256871
26.47, 8256871
26.48, 8256871
26.49, 8256871
26.5, 8256871
26.51, 8256871
26.52, 8256871
26.53, 8256871
26.54, 8256871
26.55, 8256871
26.56, 8256871
26.57, 8256871
26.58, 8256871
26.59, 8256871
26.6, 8256871
26.61, 8256871
26.62, 8256871
26.63, 8256871
26.64, 8256871
26.65, 8256871
26.66, 8256871
26.67, 8256871
26.68, 8256871
26.69, 8256871
26.7, 8256871
26.71, 8256871
26.72, 8256871
26.73, 8256871
26.74, 8256871
26.75, 8256871
26.76, 8256871
26.77, 8256871
26.78, 8256871
26.79, 8256871
26.8, 8256871
26.81, 8256871
26.82, 8256871
26.83, 8256871
26.84, 8256871
26.85, 8256871
26.86, 8256871
26.87, 8256871
26.88, 8256871
26.89, 8256871
26.9, 8256871
26.91, 8256871
26.92, 8256871
26.93, 8256871
26.94, 8256871
26.95, 8256871
26.96, 8256871
26.97, 8256871
26.98, 8256871
26.99, 8256871
27.0, 8256871
27.01, 8256871
27.02, 8256871
27.03, 8256871
27.04, 8256871
27.05, 8256871
27.06, 8256871
27.07, 8256871
27.08, 8256871
27.09, 8256871
27.1, 8256871
27.11, 8256871
27.12, 8256871
27.13, 8256871
27.14, 8256871
27.15, 8256871
27.16, 8256871
27.17, 8256871
27.18, 8256871
27.19, 8256871
27.2, 8256871
27.21, 8256871
27.22, 8256871
27.23, 8256871
27.24, 8256871
27.25, 8256871
27.26, 8256871
27.27, 8256871
27.28, 8256871
27.29, 8256871
27.3, 8256871
27.31, 8256871
27.32, 8256871
27.33, 8256871
27.34, 8256871
27.35, 8256871
27.36, 8256871
27.37, 8256871
27.38, 8256871
27.39, 8256871
27.4, 8256871
27.41, 8256871
27.42, 8256871
27.43, 8256871
27.44, 8256871
27.45, 8256871
27.46, 8256871
27.47, 8256871
27.48, 8256871
27.49, 8256871
27.5, 8256871
27.51, 8256871
27.52, 8256871
27.53, 8256871
27.54, 8256871
27.55, 8256871
27.56, 8256871
27.57, 8256871
27.58, 8256871
27.59, 8256871
27.6, 8256871
27.61, 8256871
27.62, 8256871
27.63, 8256871
27.64, 8256871
27.65, 8256871
27.66, 8256871
27.67, 8256871
27.68, 8256871
27.69, 8256871
27.7, 8256871
27.71, 8256871
27.72, 8256871
27.73, 8256871
27.74, 8256871
27.75, 8256871
27.76, 8256871
27.77, 8256871
27.78, 8256871
27.79, 8256871
27.8, 8256871
27.81, 8256871
27.82, 8256871
27.83, 8256871
27.84, 8256871
27.85, 8256871
27.86, 8256871
27.87, 8256871
27.88, 8256871
27.89, 8256871
27.9, 8256871
27.91, 8256871
27.92, 8256871
27.93, 8256871
27.94, 8256871
27.95, 8256871
27.96, 8256871
27.97, 8256871
27.98, 8256871
27.99, 8256871
28.0, 8256871
28.01, 8256871
28.02, 8256871
28.03, 8256871
28.04, 8256871
28.05, 8256871
28.06, 8256871
28.07, 8256871
28.08, 8256871
28.09, 8256871
28.1, 8256871
28.11, 8256871
28.12, 8256871
28.13, 8256871
28.14, 8256871
28.15, 8256871
28.16, 8256871
28.17, 8256871
28.18, 8256871
28.19, 8256871
28.2, 8256871
28.21, 8256871
28.22, 8256871
28.23, 8256871
28.24, 8256871
28.25, 8256871
28.26, 8256871
28.27, 8256871
28.28, 8256871
28.29, 8256871
28.3, 8256871
28.31, 8256871
28.32, 8256871
28.33, 8256871
28.34, 8256871
28.35, 8256871
28.36, 8256871
28.37, 8256871
28.38, 8256871
28.39, 8256871
28.4, 8256871
28.41, 8256871
28.42, 8256871
28.43, 8256871
28.44, 8256871
28.45, 8256871
28.46, 8256871
28.47, 8256871
28.48, 8256871
28.49, 8256871
28.5, 8256871
28.51, 8256871
28.52, 8256871
28.53, 8256871
28.54, 8256871
28.55, 8256871
28.56, 8256871
28.57, 8256871
28.58, 8256871
28.59, 8256871
28.6, 8256871
28.61, 8256871
28.62, 8256871
28.63, 8256871
28.64, 8256871
28.65, 8256871
28.66, 8256871
28.67, 8256871
28.68, 8256871
28.69, 8256871
28.7, 8256871
28.71, 8256871
28.72, 8256871
28.73, 8256871
28.74, 8256871
28.75, 8256871
28.76, 8256871
28.77, 8256871
28.78, 8256871
28.79, 8256871
28.8, 8256871
28.81, 8256871
28.82, 8256871
28.83, 8256871
28.84, 8256871
28.85, 8256871
28.86, 8256871
28.87, 8256871
28.88, 8256871
28.89, 8256871
28.9, 8256871
28.91, 8256871
28.92, 8256871
28.93, 8256871
28.94, 8256871
28.95, 8256871
28.96, 8256871
28.97, 8256871
28.98, 8256871
28.99, 8256871
29.0, 8256871
29.01, 8256871
29.02, 8256871
29.03, 8256871
29.04, 8256871
29.05, 8256871
29.06, 8256871
29.07, 8256871
29.08, 8256871
29.09, 8256871
29.1, 8256871
29.11, 8256871
29.12, 8256871
29.13, 8256871
29.14, 8256871
29.15, 8256871
29.16, 8256871
29.17, 8256871
29.18, 8256871
29.19, 8256871
29.2, 8256871
29.21, 8256871
29.22, 8256871
29.23, 8256871
29.24, 8256871
29.25, 8256871
29.26, 8256871
29.27, 8256871
29.28, 8256871
29.29, 8256871
29.3, 8256871
29.31, 8256871
29.32, 8256871
29.33, 8256871
29.34, 8256871
29.35, 8256871
29.36, 8256871
29.37, 8256871
29.38, 8256871
29.39, 8256871
29.4, 8256871
29.41, 8256871
29.42, 8256871
29.43, 8256871
29.44, 8256871
29.45, 8256871
29.46, 8256871
29.47, 8256871
29.48, 8256871
29.49, 8256871
29.5, 8256871
29.51, 8256871
29.52, 8256871
29.53, 8256871
29.54, 8256871
29.55, 8256871
29.56, 8256871
29.57, 8256871
29.58, 8256871
29.59, 8256871
29.6, 8256871
29.61, 8256871
29.62, 8256871
29.63, 8256871
29.64, 8256871
29.65, 8256871
29.66, 8256871
29.67, 8256871
29.68, 8256871
29.69, 8256871
29.7, 8256871
29.71, 8256871
29.72, 8256871
29.73, 8256871
29.74, 8256871
29.75, 8256871
29.76, 8256871
29.77, 8256871
29.78, 8256871
29.79, 8256871
29.8, 8256871
29.81, 8256871
29.82, 8256871
29.83, 8256871
29.84, 8256871
29.85, 8256871
29.86, 8256871
29.87, 8256871
29.88, 8256871
29.89, 8256871
29.9, 8256871
29.91, 8256871
29.92, 8256871
29.93, 8256871
29.94, 8256871
29.95, 8256871
29.96, 8256871
29.97, 8256871
29.98, 8256871
29.99, 8256871
30.0, 8256871
30.01, 8256871
30.02, 8256871
30.03, 8256871
30.04, 8256871
30.05, 8256871
30.06, 8256871
30.07, 8256871
30.08, 8256871
30.09, 8256871
30.1, 8256871
30.11, 8256871
30.12, 8256871
30.13, 8256871
30.14, 8256871
30.15, 8256871
30.16, 8256871
30.17, 8256871
30.18, 8256871
30.19, 8256871
30.2, 8256871
30.21, 8256871
30.22, 8256871
30.23, 8256871
30.24, 8256871
30.25, 8256871
30.26, 8256871
30.27, 8256871
30.28, 8256871
30.29, 8256871
30.3, 8256871
30.31, 8256871
30.32, 8256871
30.33, 8256871
30.34, 8256871
30.35, 8256871
30.36, 8256871
30.37, 8256871
30.38, 8256871
30.39, 8256871
30.4, 8256871
30.41, 8256871
30.42, 8256871
30.43, 8256871
30.44, 8256871
30.45, 8256871
30.46, 8256871
30.47, 8256871
30.48, 8256871
30.49, 8256871
30.5, 8256871
30.51, 8256871
30.52, 8256871
30.53, 8256871
30.54, 8256871
30.55, 8256871
30.56, 8256871
30.57, 8256871
30.58, 8256871
30.59, 8256871
30.6, 8256871
30.61, 8256871
30.62, 8256871
30.63, 8256871
30.64, 8256871
30.65, 8256871
30.66, 8256871
30.67, 8256871
30.68, 8256871
30.69, 8256871
30.7, 8256871
30.71, 8256871
30.72, 8256871
30.73, 8256871
30.74, 8256871
30.75, 8256871
30.76, 8256871
30.77, 8256871
30.78, 8256871
30.79, 8256871
30.8, 8256871
30.81, 8256871
30.82, 8256871
30.83, 8256871
30.84, 8256871
30.85, 8256871
30.86, 8256871
30.87, 8256871
30.88, 8256871
30.89, 8256871
30.9, 8256871
30.91, 8256871
30.92, 8256871
30.93, 8256871
30.94, 8256871
30.95, 8256871
30.96, 8256871
30.97, 8256871
30.98, 8256871
30.99, 8256871
31.0, 8256871
31.01, 8256871
31.02, 8256871
31.03, 8256871
31.04, 8256871
31.05, 8256871
31.06, 8256871
31.07, 8256871
31.08, 8256871
31.09, 8256871
31.1, 8256871
31.11, 8256871
31.12, 8256871
31.13, 8256871
31.14, 8256871
31.15, 8256871
31.16, 8256871
31.17, 8256871
31.18, 8256871
31.19, 8256871
31.2, 8256871
31.21, 8256871
31.22, 8256871
31.23, 8256871
31.24, 8256871
31.25, 8256871
31.26, 8256871
31.27, 8256871
31.28, 8256871
31.29, 8256871
31.3, 8256871
31.31, 8256871
31.32, 8256871
31.33, 8256871
31.34, 8256871
31.35, 8256871
31.36, 8256871
31.37, 8256871
31.38, 8256871
31.39, 8256871
31.4, 8256871
31.41, 8256871
31.42, 8256871
31.43, 8256871
31.44, 8256871
31.45, 8256871
31.46, 8256871
31.47, 8256871
31.48, 8256871
31.49, 8256871
31.5, 8256871
31.51, 8256871
31.52, 8256871
31.53, 8256871
31.54, 8256871
31.55, 8256871
31.56, 8256871
31.57, 8256871
31.58, 8256871
31.59, 8256871
31.6, 8256871
31.61, 8256871
31.62, 8256871
31.63, 8256871
31.64, 8256871
31.65, 8256871
31.66, 8256871
31.67, 8256871
31.68, 8256871
31.69, 8256871
31.7, 8256871
31.71, 8256871
31.72, 8256871
31.73, 8256871
31.74, 8256871
31.75, 8256871
31.76, 8256871
31.77, 8256871
31.78, 8256871
31.79, 8256871
31.8, 8256871
31.81, 8256871
31.82, 8256871
31.83, 8256871
31.84, 8256871
31.85, 8256871
31.86, 8256871
31.87, 8256871
31.88, 8256871
31.89, 8256871
31.9, 8100607
31.91, 8100607
31.92, 8100607
31.93, 8100607
31.94, 8100607
31.95, 8100607
31.96, 8100607
31.97, 8100607
31.98, 8100607
31.99, 8100607
32.0, 8100607
32.01, 8100607
32.02, 8100607
32.03, 8100607
32.04, 8100607
32.05, 8100607
32.06, 8100607
32.07, 8100607
32.08, 8100607
32.09, 8100607
32.1, 8100607
32.11, 8100607
32.12, 8100607
32.13, 8100607
32.14, 8100607
32.15, 8100607
32.16, 8100607
32.17, 8100607
32.18, 8100607
32.19, 8100607
32.2, 8100607
32.21, 8100607
32.22, 8100607
32.23, 8100607
32.24, 8100607
32.25, 8100607
32.26, 8100607
32.27, 8100607
32.28, 8100607
32.29, 8100607
32.3, 8100607
32.31, 8100607
32.32, 8100607
32.33, 8100607
32.34, 8100607
32.35, 8100607
32.36, 8100607
32.37, 8100607
32.38, 8100607
32.39, 8100607
32.4, 8100607
32.41, 8100607
32.42, 8100607
32.43, 8100607
32.44, 8100607
32.45, 8100607
32.46, 8100607
32.47, 8100607
32.48, 8100607
32.49, 8100607
32.5, 8100607
32.51, 8100607
32.52, 8100607
32.53, 8100607
32.54, 8100607
32.55, 8100607
32.56, 8100607
32.57, 8100607
32.58, 8100607
32.59, 8100607
32.6, 8100607
32.61, 8100607
32.62, 8100607
32.63, 8100607
32.64, 8100607
32.65, 8100607
32.66, 8100607
32.67, 8100607
32.68, 8100607
32.69, 8100607
32.7, 8100607
32.71, 8100607
32.72, 8100607
32.73, 8100607
32.74, 8100607
32.75, 8100607
32.76, 8100607
32.77, 8100607
32.78, 8100607
32.79, 8100607
32.8, 8100607
32.81, 8100607
32.82, 8100607
32.83, 8100607
32.84, 8100607
32.85, 8100607
32.86, 8100607
32.87, 8100607
32.88, 8100607
32.89, 8100607
32.9, 8100607
32.91, 8100607
32.92, 8100607
32.93, 8100607
32.94, 8100607
32.95, 8100607
32.96, 8100607
32.97, 8100607
32.98, 8100607
32.99, 8100607
33.0, 8100607
33.01, 8100607
33.02, 8100607
33.03, 8100607
33.04, 8100607
33.05, 8100607
33.06, 8100607
33.07, 8100607
33.08, 8100607
33.09, 8100607
33.1, 8100607
33.11, 8100607
33.12, 8100607
33.13, 8100607
33.14, 8100607
33.15, 8100607
33.16, 8100607
33.17, 8100607
33.18, 8100607
33.19, 8100607
33.2, 8100607
33.21, 8100607
33.22, 8100607
33.23, 8100607
33.24, 8100607
33.25, 8100607
33.26, 8100607
33.27, 8100607
33.28, 8100607
33.29, 8100607
33.3, 8100607
33.31, 8100607
33.32, 8100607
33.33, 8100607
33.34, 8100607
33.35, 8100607
33.36, 8100607
33.37, 8100607
33.38, 8100607
33.39, 8100607
33.4, 8100607
33.41, 8100607
33.42, 8100607
33.43, 8100607
33.44, 8100607
33.45, 8100607
33.46, 8100607
33.47, 8100607
33.48, 8100607
33.49, 8100607
33.5, 8100607
33.51, 8100607
33.52, 8100607
33.53, 8100607
33.54, 8100607
33.55, 8100607
33.56, 8100607
33.57, 8100607
33.58, 8100607
33.59, 8100607
33.6, 8100607
33.61, 8100607
33.62, 8100607
33.63, 8100607
33.64, 8100607
33.65, 8100607
33.66, 8100607
33.67, 8100607
33.68, 8100607
33.69, 8100607
33.7, 8100607
33.71, 8100607
33.72, 8100607
33.73, 8100607
33.74, 8100607
33.75, 8100607
33.76, 8100607
33.77, 8100607
33.78, 8100607
33.79, 8100607
33.8, 8100607
33.81, 8100607
33.82, 8100607
33.83, 8100607
33.84, 8100607
33.85, 8100607
33.86, 8100607
33.87, 8100607
33.88, 8100607
33.89, 8100607
33.9, 8100607
33.91, 8100607
33.92, 8100607
33.93, 8100607
33.94, 8100607
33.95, 8100607
33.96, 8100607
33.97, 8100607
33.98, 8100607
33.99, 8100607
34.0, 8100607
34.01, 8100607
34.02, 8100607
34.03, 8100607
34.04, 8100607
34.05, 8100607
34.06, 8100607
34.07, 8100607
34.08, 8100607
34.09, 8100607
34.1, 8100607
34.11, 8100607
34.12, 8100607
34.13, 8100607
34.14, 8100607
34.15, 8100607
34.16, 8100607
34.17, 8100607
34.18, 8100607
34.19, 8100607
34.2, 8100607
34.21, 8100607
34.22, 8100607
34.23, 8100607
34.24, 8100607
34.25, 8100607
34.26, 8100607
34.27, 8100607
34.28, 8100607
34.29, 8100607
34.3, 8100607
34.31, 8100607
34.32, 8100607
34.33, 8100607
34.34, 8100607
34.35, 8100607
34.36, 8100607
34.37, 8100607
34.38, 8100607
34.39, 8100607
34.4, 8100607
34.41, 8100607
34.42, 8100607
34.43, 8100607
34.44, 8100607
34.45, 8100607
34.46, 8100607
34.47, 8100607
34.48, 8100607
34.49, 8100607
34.5, 8100607
34.51, 8100607
34.52, 8100607
34.53, 8100607
34.54, 8100607
34.55, 8100607
34.56, 8100607
34.57, 8100607
34.58, 8100607
34.59, 8100607
34.6, 8100607
34.61, 8100607
34.62, 8100607
34.63, 8100607
34.64, 8100607
34.65, 8100607
34.66, 8100607
34.67, 8100607
34.68, 8100607
34.69, 8100607
34.7, 8100607
34.71, 8100607
34.72, 8100607
34.73, 8100607
34.74, 8100607
34.75, 8100607
34.76, 8100607
34.77, 8100607
34.78, 8100607
34.79, 8100607
34.8, 8100607
34.81, 8100607
34.82, 8100607
34.83, 8100607
34.84, 8100607
34.85, 8100607
34.86, 8100607
34.87, 8100607
34.88, 8100607
34.89, 8100607
34.9, 8100607
34.91, 8100607
34.92, 8100607
34.93, 8100607
34.94, 8100607
34.95, 8100607
34.96, 8100607
34.97, 8100607
34.98, 8100607
34.99, 8100607
35.0, 8100607
35.01, 8100607
35.02, 8100607
35.03, 8100607
35.04, 8100607
35.05, 8100607
35.06, 8100607
35.07, 8100607
35.08, 8100607
35.09, 8100607
35.1, 8100607
35.11, 8100607
35.12, 8100607
35.13, 8100607
35.14, 8100607
35.15, 8100607
35.16, 8100607
35.17, 8100607
35.18, 8100607
35.19, 8100607
35.2, 8100607
35.21, 8100607
35.22, 8100607
35.23, 8100607
35.24, 8100607
35.25, 8100607
35.26, 8100607
35.27, 8100607
35.28, 8100607
35.29, 8100607
35.3, 8100607
35.31, 8100607
35.32, 8100607
35.33, 8100607
35.34, 8100607
35.35, 8100607
35.36, 8100607
35.37, 8100607
35.38, 8100607
35.39, 8100607
35.4, 8100607
35.41, 8100607
35.42, 8100607
35.43, 8100607
35.44, 8100607
35.45, 8100607
35.46, 8100607
35.47, 8100607
35.48, 8100607
35.49, 8100607
35.5, 8100607
35.51, 8100607
35.52, 8100607
35.53, 8100607
35.54, 8100607
35.55, 8100607
35.56, 8100607
35.57, 8100607
35.58, 8100607
35.59, 8100607
35.6, 8100607
35.61, 8100607
35.62, 8100607
35.63, 8100607
35.64, 8100607
35.65, 8100607
35.66, 8100607
35.67, 8100607
35.68, 8100607
35.69, 8100607
35.7, 8100607
35.71, 8100607
35.72, 8100607
35.73, 8100607
35.74, 8100607
35.75, 8100607
35.76, 8100607
35.77, 8100607
35.78, 8100607
35.79, 8100607
35.8, 8100607
35.81, 8100607
35.82, 8100607
35.83, 8100607
35.84, 8100607
35.85, 8100607
35.86, 8100607
35.87, 8100607
35.88, 8100607
35.89, 8100607
35.9, 8100607
35.91, 8100607
35.92, 8100607
35.93, 8100607
35.94, 8100607
35.95, 8100607
35.96, 8100607
35.97, 8100607
35.98, 8100607
35.99, 8100607
36.0, 8100607
36.01, 8100607
36.02, 8100607
36.03, 8100607
36.04, 8100607
36.05, 8100607
36.06, 8100607
36.07, 8100607
36.08, 8100607
36.09, 8100607
36.1, 8100607
36.11, 8100607
36.12, 8100607
36.13, 8100607
36.14, 8100607
36.15, 8100607
36.16, 8100607
36.17, 8100607
36.18, 8100607
36.19, 8100607
36.2, 8100607
36.21, 8100607
36.22, 8100607
36.23, 8100607
36.24, 8100607
36.25, 8100607
36.26, 8100607
36.27, 8100607
36.28, 8100607
36.29, 8100607
36.3, 8100607
36.31, 8100607
36.32, 8100607
36.33, 8100607
36.34, 8100607
36.35, 8100607
36.36, 8100607
36.37, 8100607
36.38, 8100607
36.39, 8100607
36.4, 8100607
36.41, 8100607
36.42, 8100607
36.43, 8100607
36.44, 8100607
36.45, 8100607
36.46, 8100607
36.47, 8100607
36.48, 8100607
36.49, 8100607
36.5, 8100607
36.51, 8100607
36.52, 8100607
36.53, 8100607
36.54, 8100607
36.55, 8100607
36.56, 8100607
36.57, 8100607
36.58, 8100607
36.59, 8100607
36.6, 8100607
36.61, 8100607
36.62, 8100607
36.63, 8100607
36.64, 8100607
36.65, 8100607
36.66, 8100607
36.67, 8100607
36.68, 8100607
36.69, 8100607
36.7, 8100607
36.71, 8100607
36.72, 8100607
36.73, 8100607
36.74, 8100607
36.75, 8100607
36.76, 8100607
36.77, 8100607
36.78, 8100607
36.79, 8100607
36.8, 8100607
36.81, 8100607
36.82, 8100607
36.83, 8100607
36.84, 8100607
36.85, 8100607
36.86, 8100607
36.87, 8100607
36.88, 8100607
36.89, 8100607
36.9, 8100607
36.91, 8100607
36.92, 8100607
36.93, 8100607
36.94, 8100607
36.95, 8100607
36.96, 8100607
36.97, 8100607
36.98, 8100607
36.99, 8100607
37.0, 8100607
37.01, 8100607
37.02, 8100607
37.03, 8100607
37.04, 8100607
37.05, 8100607
37.06, 8100607
37.07, 8100607
37.08, 8100607
37.09, 8100607
37.1, 8100607
37.11, 8100607
37.12, 8100607
37.13, 8100607
37.14, 8100607
37.15, 8100607
37.16, 8100607
37.17, 8100607
37.18, 8100607
37.19, 8100607
37.2, 8100607
37.21, 8100607
37.22, 8100607
37.23, 8100607
37.24, 8100607
37.25, 8100607
37.26, 8100607
37.27, 8100607
37.28, 8100607
37.29, 8100607
37.3, 8100607
37.31, 8100607
37.32, 8100607
37.33, 8100607
37.34, 8100607
37.35, 8100607
37.36, 8100607
37.37, 8100607
37.38, 8100607
37.39, 8100607
37.4, 8100607
37.41, 8100607
37.42, 8100607
37.43, 8100607
37.44, 8100607
37.45, 8100607
37.46, 8100607
37.47, 8100607
37.48, 8100607
37.49, 8100607
37.5, 8100607
37.51, 8100607
37.52, 8100607
37.53, 8100607
37.54, 8100607
37.55, 8100607
37.56, 8100607
37.57, 8100607
37.58, 8100607
37.59, 8100607
37.6, 8100607
37.61, 8100607
37.62, 8100607
37.63, 8100607
37.64, 8100607
37.65, 8100607
37.66, 8100607
37.67, 8100607
37.68, 8100607
37.69, 8100607
37.7, 8100607
37.71, 8100607
37.72, 8100607
37.73, 8100607
37.74, 8100607
37.75, 8100607
37.76, 8100607
37.77, 8100607
37.78, 8100607
37.79, 8100607
37.8, 8100607
37.81, 8100607
37.82, 8100607
37.83, 8100607
37.84, 8100607
37.85, 8100607
37.86, 8100607
37.87, 8100607
37.88, 8100607
37.89, 8100607
37.9, 8100607
37.91, 8100607
37.92, 8100607
37.93, 8100607
37.94, 8100607
37.95, 8100607
37.96, 8100607
37.97, 8100607
37.98, 8100607
37.99, 8100607
38.0, 8100607
38.01, 8100607
38.02, 8100607
38.03, 8100607
38.04, 8100607
38.05, 8100607
38.06, 8100607
38.07, 8100607
38.08, 8100607
38.09, 8100607
38.1, 8100607
38.11, 8100607
38.12, 8100607
38.13, 8100607
38.14, 8100607
38.15, 8100607
38.16, 8100607
38.17, 8100607
38.18, 8100607
38.19, 8100607
38.2, 8100607
38.21, 8100607
38.22, 8100607
38.23, 8100607
38.24, 8100607
38.25, 8100607
38.26, 8100607
38.27, 8100607
38.28, 8100607
38.29, 8100607
38.3, 8100607
38.31, 8100607
38.32, 8100607
38.33, 8100607
38.34, 8100607
38.35, 8100607
38.36, 8100607
38.37, 8100607
38.38, 8100607
38.39, 8100607
38.4, 8100607
38.41, 8100607
38.42, 8100607
38.43, 8100607
38.44, 8100607
38.45, 8100607
38.46, 8100607
38.47, 8100607
38.48, 8100607
38.49, 8100607
38.5, 8100607
38.51, 8100607
38.52, 8100607
38.53, 8100607
38.54, 8100607
38.55, 8100607
38.56, 8100607
38.57, 8100607
38.58, 8100607
38.59, 8100607
38.6, 8100607
38.61, 8100607
38.62, 8100607
38.63, 8100607
38.64, 8100607
38.65, 8100607
38.66, 8100607
38.67, 8100607
38.68, 8100607
38.69, 8100607
38.7, 8100607
38.71, 8100607
38.72, 8100607
38.73, 8100607
38.74, 8100607
38.75, 8100607
38.76, 8100607
38.77, 8100607
38.78, 8100607
38.79, 8100607
38.8, 8100607
38.81, 8100607
38.82, 8100607
38.83, 8100607
38.84, 8100607
38.85, 8100607
38.86, 8100607
38.87, 8100607
38.88, 8100607
38.89, 8100607
38.9, 8100607
38.91, 8100607
38.92, 8100607
38.93, 8100607
38.94, 8100607
38.95, 8100607
38.96, 8100607
38.97, 8100607
38.98, 8100607
38.99, 8100607
39.0, 8100607
39.01, 8100607
39.02, 8100607
39.03, 8100607
39.04, 8100607
39.05, 8100607
39.06, 8100607
39.07, 8100607
39.08, 8100607
39.09, 8100607
39.1, 8100607
39.11, 8100607
39.12, 8100607
39.13, 8100607
39.14, 8100607
39.15, 8100607
39.16, 8100607
39.17, 8100607
39.18, 8100607
39.19, 8100607
39.2, 8100607
39.21, 8100607
39.22, 8100607
39.23, 8100607
39.24, 8100607
39.25, 8100607
39.26, 8100607
39.27, 8100607
39.28, 8100607
39.29, 8100607
39.3, 8100607
39.31, 8100607
39.32, 8100607
39.33, 8100607
39.34, 8100607
39.35, 8100607
39.36, 8100607
39.37, 8100607
39.38, 8100607
39.39, 8100607
39.4, 8100607
39.41, 8100607
39.42, 8100607
39.43, 8100607
39.44, 8100607
39.45, 8100607
39.46, 8100607
39.47, 8100607
39.48, 8100607
39.49, 8100607
39.5, 8100607
39.51, 8100607
39.52, 8100607
39.53, 8100607
39.54, 8100607
39.55, 8100607
39.56, 8100607
39.57, 8100607
39.58, 8100607
39.59, 8100607
39.6, 8100607
39.61, 8100607
39.62, 8100607
39.63, 8100607
39.64, 8100607
39.65, 8100607
39.66, 8100607
39.67, 8100607
39.68, 8100607
39.69, 8100607
39.7, 8100607
39.71, 8100607
39.72, 8100607
39.73, 8100607
39.74, 8100607
39.75, 8100607
39.76, 8100607
39.77, 8100607
39.78, 8100607
39.79, 8100607
39.8, 8100607
39.81, 8100607
39.82, 8100607
39.83, 8100607
39.84, 8100607
39.85, 8100607
39.86, 8100607
39.87, 8100607
39.88, 8100607
39.89, 8100607
39.9, 8100607
39.91, 8100607
39.92, 8100607
39.93, 8100607
39.94, 8100607
39.95, 8100607
39.96, 8100607
39.97, 8100607
39.98, 8100607
39.99, 8100607
40.0, 8100607
40.01, 8100607
40.02, 8100607
40.03, 8100607
40.04, 8100607
40.05, 8100607
40.06, 8100607
40.07, 8100607
40.08, 8100607
40.09, 8100607
40.1, 8100607
40.11, 8100607
40.12, 8100607
40.13, 8100607
40.14, 8100607
40.15, 8100607
40.16, 8100607
40.17, 8100607
40.18, 8100607
40.19, 8100607
40.2, 8100607
40.21, 8100607
40.22, 8100607
40.23, 8100607
40.24, 8100607
40.25, 8100607
40.26, 8100607
40.27, 8100607
40.28, 8100607
40.29, 8100607
40.3, 8100607
40.31, 8100607
40.32, 8100607
40.33, 8100607
40.34, 8100607
40.35, 8100607
40.36, 8100607
40.37, 8100607
40.38, 8100607
40.39, 8100607
40.4, 8100607
40.41, 8100607
40.42, 8100607
40.43, 8100607
40.44, 8100607
40.45, 8100607
40.46, 8100607
40.47, 8100607
40.48, 8100607
40.49, 8100607
40.5, 8100607
40.51, 8100607
40.52, 8100607
40.53, 8100607
40.54, 8100607
40.55, 8100607
40.56, 8100607
40.57, 8100607
40.58, 8100607
40.59, 8100607
40.6, 8100607
40.61, 8100607
40.62, 8100607
40.63, 8100607
40.64, 8100607
40.65, 8100607
40.66, 8100607
40.67, 8100607
40.68, 8100607
40.69, 8100607
40.7, 8100607
40.71, 8100607
40.72, 8100607
40.73, 8100607
40.74, 8100607
40.75, 8100607
40.76, 8100607
40.77, 8100607
40.78, 8100607
40.79, 8100607
40.8, 8100607
40.81, 8100607
40.82, 8100607
40.83, 8100607
40.84, 8100607
40.85, 8100607
40.86, 8100607
40.87, 8100607
40.88, 8100607
40.89, 8100607
40.9, 8100607
40.91, 8100607
40.92, 8100607
40.93, 8100607
40.94, 8100607
40.95, 8100607
40.96, 8100607
40.97, 8100607
40.98, 8100607
40.99, 8100607
41.0, 8100607
41.01, 8100607
41.02, 8100607
41.03, 8100607
41.04, 8100607
41.05, 8100607
41.06, 8100607
41.07, 8100607
41.08, 8100607
41.09, 8100607
41.1, 8100607
41.11, 8100607
41.12, 8100607
41.13, 8100607
41.14, 8100607
41.15, 8100607
41.16, 8100607
41.17, 8100607
41.18, 8100607
41.19, 8100607
41.2, 8100607
41.21, 8100607
41.22, 8100607
41.23, 8100607
41.24, 8100607
41.25, 8100607
41.26, 8100607
41.27, 8100607
41.28, 8100607
41.29, 8100607
41.3, 8100607
41.31, 8100607
41.32, 8100607
41.33, 8100607
41.34, 8100607
41.35, 8100607
41.36, 8100607
41.37, 8100607
41.38, 8100607
41.39, 8100607
41.4, 8100607
41.41, 8100607
41.42, 8100607
41.43, 8100607
41.44, 8100607
41.45, 8100607
41.46, 8100607
41.47, 8100607
41.48, 8100607
41.49, 8100607
41.5, 8100607
41.51, 8100607
41.52, 8100607
41.53, 8100607
41.54, 8100607
41.55, 8100607
41.56, 8100607
41.57, 8100607
41.58, 8100607
41.59, 8100607
41.6, 8100607
41.61, 8100607
41.62, 8100607
41.63, 8100607
41.64, 8100607
41.65, 8100607
41.66, 8100607
41.67, 8100607
41.68, 8100607
41.69, 8100607
41.7, 8100607
41.71, 8100607
41.72, 8100607
41.73, 8100607
41.74, 8100607
41.75, 8100607
41.76, 8100607
41.77, 8100607
41.78, 8100607
41.79, 8100607
41.8, 8100607
41.81, 8100607
41.82, 8100607
41.83, 8100607
41.84, 8100607
41.85, 8100607
41.86, 8100607
41.87, 8100607
41.88, 8100607
41.89, 8100607
41.9, 8100607
41.91, 8100607
41.92, 8100607
41.93, 8100607
41.94, 8100607
41.95, 8100607
41.96, 8100607
41.97, 8100607
41.98, 8100607
41.99, 8100607
42.0, 8100607
42.01, 8100607
42.02, 8100607
42.03, 8100607
42.04, 8100607
42.05, 8100607
42.06, 8100607
42.07, 8100607
42.08, 8100607
42.09, 8100607
42.1, 8100607
42.11, 8100607
42.12, 8100607
42.13, 8100607
42.14, 8100607
42.15, 8100607
42.16, 8100607
42.17, 8100607
42.18, 8100607
42.19, 8100607
42.2, 8100607
42.21, 8100607
42.22, 8100607
42.23, 8100607
42.24, 8100607
42.25, 8100607
42.26, 8100607
42.27, 8100607
42.28, 8100607
42.29, 8100607
42.3, 8100607
42.31, 8100607
42.32, 8100607
42.33, 8100607
42.34, 8100607
42.35, 8100607
42.36, 8100607
42.37, 8100607
42.38, 8100607
42.39, 8100607
42.4, 8100607
42.41, 8100607
42.42, 8100607
42.43, 8100607
42.44, 8100607
42.45, 8100607
42.46, 8100607
42.47, 8100607
42.48, 8100607
42.49, 8100607
42.5, 8100607
42.51, 8100607
42.52, 8100607
42.53, 8100607
42.54, 8100607
42.55, 8100607
42.56, 8100607
42.57, 8100607
42.58, 8100607
42.59, 8100607
42.6, 8100607
42.61, 8100607
42.62, 8100607
42.63, 8100607
42.64, 8100607
42.65, 8100607
42.66, 8100607
42.67, 8100607
42.68, 8100607
42.69, 8100607
42.7, 8100607
42.71, 8100607
42.72, 8100607
42.73, 8100607
42.74, 8100607
42.75, 8100607
42.76, 8100607
42.77, 8100607
42.78, 8100607
42.79, 8100607
42.8, 8100607
42.81, 8100607
42.82, 8100607
42.83, 8100607
42.84, 8100607
42.85, 8100607
42.86, 8100607
42.87, 8100607
42.88, 8100607
42.89, 8100607
42.9, 8100607
42.91, 8100607
42.92, 8100607
42.93, 8100607
42.94, 8100607
42.95, 8100607
42.96, 8100607
42.97, 8100607
42.98, 8100607
42.99, 8100607
43.0, 8100607
43.01, 8100607
43.02, 8100607
43.03, 8100607
43.04, 8100607
43.05, 8100607
43.06, 8100607
43.07, 8100607
43.08, 8100607
43.09, 8100607
43.1, 8100607
43.11, 8100607
43.12, 8100607
43.13, 8100607
43.14, 8100607
43.15, 8100607
43.16, 8100607
43.17, 8100607
43.18, 8100607
43.19, 8100607
43.2, 8100607
43.21, 8100607
43.22, 8100607
43.23, 8100607
43.24, 8100607
43.25, 8100607
43.26, 8100607
43.27, 8100607
43.28, 8100607
43.29, 8100607
43.3, 8100607
43.31, 8100607
43.32, 8100607
43.33, 8100607
43.34, 8100607
43.35, 8100607
43.36, 8100607
43.37, 8100607
43.38, 8100607
43.39, 8100607
43.4, 8100607
43.41, 8100607
43.42, 8100607
43.43, 8100607
43.44, 8100607
43.45, 8100607
43.46, 8100607
43.47, 8100607
43.48, 8100607
43.49, 8100607
43.5, 8100607
43.51, 8100607
43.52, 8100607
43.53, 8100607
43.54, 8100607
43.55, 8100607
43.56, 8100607
43.57, 8100607
43.58, 8100607
43.59, 8100607
43.6, 8100607
43.61, 8100607
43.62, 8100607
43.63, 8100607
43.64, 8100607
43.65, 8100607
43.66, 8100607
43.67, 8100607
43.68, 8100607
43.69, 8100607
43.7, 8100607
43.71, 8100607
43.72, 8100607
43.73, 8100607
43.74, 8100607
43.75, 8100607
43.76, 8100607
43.77, 8100607
43.78, 8100607
43.79, 8100607
43.8, 8100607
43.81, 8100607
43.82, 8100607
43.83, 8100607
43.84, 8100607
43.85, 8100607
43.86, 8100607
43.87, 8100607
43.88, 8100607
43.89, 8100607
43.9, 8100607
43.91, 8100607
43.92, 8100607
43.93, 8100607
43.94, 8100607
43.95, 8100607
43.96, 8100607
43.97, 8100607
43.98, 8100607
43.99, 8100607
44.0, 8100607
44.01, 8100607
44.02, 8100607
44.03, 8100607
44.04, 8100607
44.05, 8100607
44.06, 8100607
44.07, 8100607
44.08, 8100607
44.09, 8100607
44.1, 8100607
44.11, 8100607
44.12, 8100607
44.13, 8100607
44.14, 8100607
44.15, 8100607
44.16, 8100607
44.17, 8100607
44.18, 8100607
44.19, 8100607
44.2, 8100607
44.21, 8100607
44.22, 8100607
44.23, 8100607
44.24, 8100607
44.25, 8100607
44.26, 8100607
44.27, 8100607
44.28, 8100607
44.29, 8100607
44.3, 8100607
44.31, 8100607
44.32, 8100607
44.33, 8100607
44.34, 8100607
44.35, 8100607
44.36, 8100607
44.37, 8100607
44.38, 8100607
44.39, 8100607
44.4, 8100607
44.41, 8100607
44.42, 8100607
44.43, 8100607
44.44, 8100607
44.45, 8100607
44.46, 8100607
44.47, 8100607
44.48, 8100607
44.49, 8100607
44.5, 8100607
44.51, 8100607
44.52, 8100607
44.53, 8100607
44.54, 8100607
44.55, 8100607
44.56, 8100607
44.57, 8100607
44.58, 8100607
44.59, 8100607
44.6, 8100607
44.61, 8100607
44.62, 8100607
44.63, 8100607
44.64, 8100607
44.65, 8100607
44.66, 8100607
44.67, 8100607
44.68, 8100607
44.69, 8100607
44.7, 8100607
44.71, 8100607
44.72, 8100607
44.73, 8100607
44.74, 8100607
44.75, 8100607
44.76, 8100607
44.77, 8100607
44.78, 8100607
44.79, 8100607
44.8, 8100607
44.81, 8100607
44.82, 8100607
44.83, 8100607
44.84, 8100607
44.85, 8100607
44.86, 8100607
44.87, 8100607
44.88, 8100607
44.89, 8100607
44.9, 8100607
44.91, 8100607
44.92, 8100607
44.93, 8100607
44.94, 8100607
44.95, 8100607
44.96, 8100607
44.97, 8100607
44.98, 8100607
44.99, 8100607
45.0, 8100607
45.01, 8100607
45.02, 8100607
45.03, 8100607
45.04, 8100607
45.05, 8100607
45.06, 8100607
45.07, 8100607
45.08, 8100607
45.09, 8100607
45.1, 8100607
45.11, 8100607
45.12, 8100607
45.13, 8100607
45.14, 8100607
45.15, 8100607
45.16, 8100607
45.17, 8100607
45.18, 8100607
45.19, 8100607
45.2, 8100607
45.21, 8100607
45.22, 8100607
45.23, 8100607
45.24, 8100607
45.25, 8100607
45.26, 8100607
45.27, 8100607
45.28, 8100607
45.29, 8100607
45.3, 8100607
45.31, 8100607
45.32, 8100607
45.33, 8100607
45.34, 8100607
45.35, 8100607
45.36, 8100607
45.37, 8100607
45.38, 8100607
45.39, 8100607
45.4, 8100607
45.41, 8100607
45.42, 8100607
45.43, 8100607
45.44, 8100607
45.45, 8100607
45.46, 8100607
45.47, 8100607
45.48, 8100607
45.49, 8100607
45.5, 8100607
45.51, 8100607
45.52, 8100607
45.53, 8100607
45.54, 8100607
45.55, 8100607
45.56, 8100607
45.57, 8100607
45.58, 8100607
45.59, 8100607
45.6, 8100607
45.61, 8100607
45.62, 8100607
45.63, 8100607
45.64, 8100607
45.65, 8100607
45.66, 8100607
45.67, 8100607
45.68, 8100607
45.69, 8100607
45.7, 8100607
45.71, 8100607
45.72, 8100607
45.73, 8100607
45.74, 8100607
45.75, 8100607
45.76, 8100607
45.77, 8100607
45.78, 8100607
45.79, 8100607
45.8, 8100607
45.81, 8100607
45.82, 8100607
45.83, 8100607
45.84, 8100607
45.85, 8100607
45.86, 8100607
45.87, 8100607
45.88, 8100607
45.89, 8100607
45.9, 8100607
45.91, 8100607
45.92, 8100607
45.93, 8100607
45.94, 8100607
45.95, 8100607
45.96, 8100607
45.97, 8100607
45.98, 8100607
45.99, 8100607
46.0, 8100607
46.01, 8100607
46.02, 8100607
46.03, 8100607
46.04, 8100607
46.05, 8100607
46.06, 8100607
46.07, 8100607
46.08, 8100607
46.09, 8100607
46.1, 8100607
46.11, 8100607
46.12, 8100607
46.13, 8100607
46.14, 8100607
46.15, 8100607
46.16, 8100607
46.17, 8100607
46.18, 8100607
46.19, 8100607
46.2, 8100607
46.21, 8100607
46.22, 8100607
46.23, 8100607
46.24, 8100607
46.25, 8100607
46.26, 8100607
46.27, 8100607
46.28, 8100607
46.29, 8100607
46.3, 8100607
46.31, 8100607
46.32, 8100607
46.33, 8100607
46.34, 8100607
46.35, 8100607
46.36, 8100607
46.37, 8100607
46.38, 8100607
46.39, 8100607
46.4, 8100607
46.41, 8100607
46.42, 8100607
46.43, 8100607
46.44, 8100607
46.45, 8100607
46.46, 8100607
46.47, 8100607
46.48, 8100607
46.49, 8100607
46.5, 8100607
46.51, 8100607
46.52, 8100607
46.53, 8100607
46.54, 8100607
46.55, 8100607
46.56, 8100607
46.57, 8100607
46.58, 8100607
46.59, 8100607
46.6, 8100607
46.61, 8100607
46.62, 8100607
46.63, 8100607
46.64, 8100607
46.65, 8100607
46.66, 8100607
46.67, 8100607
46.68, 8100607
46.69, 8100607
46.7, 8100607
46.71, 8100607
46.72, 8100607
46.73, 8100607
46.74, 8100607
46.75, 8100607
46.76, 8100607
46.77, 8100607
46.78, 8100607
46.79, 8100607
46.8, 8100607
46.81, 8100607
46.82, 8100607
46.83, 8100607
46.84, 8100607
46.85, 8100607
46.86, 8100607
46.87, 8100607
46.88, 8100607
46.89, 8100607
46.9, 8100607
46.91, 8100607
46.92, 8100607
46.93, 8100607
46.94, 8100607
46.95, 8100607
46.96, 8100607
46.97, 8100607
46.98, 8100607
46.99, 8100607
47.0, 8100607
47.01, 8100607
47.02, 8100607
47.03, 8100607
47.04, 8100607
47.05, 8100607
47.06, 8100607
47.07, 8100607
47.08, 8100607
47.09, 8100607
47.1, 8100607
47.11, 8100607
47.12, 8100607
47.13, 8100607
47.14, 8100607
47.15, 8100607
47.16, 8100607
47.17, 8100607
47.18, 8100607
47.19, 8100607
47.2, 8100607
47.21, 8100607
47.22, 8100607
47.23, 8100607
47.24, 8100607
47.25, 8100607
47.26, 8100607
47.27, 8100607
47.28, 8100607
47.29, 8100607
47.3, 8100607
47.31, 8100607
47.32, 8100607
47.33, 8100607
47.34, 8100607
47.35, 8100607
47.36, 8100607
47.37, 8100607
47.38, 8100607
47.39, 8100607
47.4, 8100607
47.41, 8100607
47.42, 8100607
47.43, 8100607
47.44, 8100607
47.45, 8100607
47.46, 8100607
47.47, 8100607
47.48, 8100607
47.49, 8100607
47.5, 8100607
47.51, 8100607
47.52, 8100607
47.53, 8100607
47.54, 8100607
47.55, 8100607
47.56, 8100607
47.57, 8100607
47.58, 8100607
47.59, 8100607
47.6, 8100607
47.61, 8100607
47.62, 8100607
47.63, 8100607
47.64, 8100607
47.65, 8100607
47.66, 8100607
47.67, 8100607
47.68, 8100607
47.69, 8100607
47.7, 8100607
47.71, 8100607
47.72, 8100607
47.73, 8100607
47.74, 8100607
47.75, 8100607
47.76, 8100607
47.77, 8100607
47.78, 8100607
47.79, 8100607
47.8, 8100607
47.81, 8100607
47.82, 8100607
47.83, 8100607
47.84, 8100607
47.85, 8100607
47.86, 8100607
47.87, 8100607
47.88, 8100607
47.89, 8100607
47.9, 8100607
47.91, 8100607
47.92, 8100607
47.93, 8100607
47.94, 8100607
47.95, 8100607
47.96, 8100607
47.97, 8100607
47.98, 8100607
47.99, 8100607
48.0, 8100607
48.01, 8100607
48.02, 8100607
48.03, 8100607
48.04, 8100607
48.05, 8100607
48.06, 8100607
48.07, 8100607
48.08, 8100607
48.09, 8100607
48.1, 8100607
48.11, 8100607
48.12, 8100607
48.13, 8100607
48.14, 8100607
48.15, 8100607
48.19, 8100607
48.2, 8100607
48.21, 8100607
48.22, 8100607
48.23, 8100607
48.24, 8100607
48.25, 8100607
48.26, 8100607
48.27, 8100607
48.28, 8100607
48.29, 8100607
48.3, 8100607
48.31, 8100607
48.32, 8100607
48.33, 8100607
48.34, 8100607
48.35, 8100607
48.36, 8100607
48.37, 8100607
48.38, 8100607
48.39, 8100607
48.4, 8100607
48.41, 8100607
48.42, 8100607
48.43, 8100607
48.44, 8100607
48.45, 8100607
48.46, 8100607
48.47, 8100607
48.48, 8100607
48.49, 8100607
48.5, 8100607
48.51, 8100607
48.52, 8100607
48.53, 8100607
48.54, 8100607
48.55, 8100607
48.56, 8100607
48.57, 8100607
48.58, 8100607
48.59, 8100607
48.6, 8100607
48.61, 8100607
48.62, 8100607
48.63, 8100607
48.64, 8100607
48.65, 8100607
48.66, 8100607
48.67, 8100607
48.68, 8100607
48.69, 8100607
48.7, 8100607
48.71, 8100607
48.72, 8100607
48.73, 8100607
48.74, 8100607
48.75, 8100607
48.76, 8100607
48.77, 8100607
48.78, 8100607
48.79, 8100607
48.8, 8100607
48.81, 8100607
48.82, 8100607
48.83, 8100607
48.84, 8100607
48.85, 8100607
48.86, 8100607
48.87, 8100607
48.88, 8100607
48.89, 8100607
48.9, 8100607
48.91, 8100607
48.92, 8100607
48.93, 8100607
48.94, 8100607
48.95, 8100607
48.96, 8100607
48.97, 8100607
48.98, 8100607
48.99, 8100607
49.0, 8100607
49.01, 8100607
49.02, 8100607
49.03, 8100607
49.04, 8100607
49.05, 8100607
49.06, 8100607
49.07, 8100607
49.08, 8100607
49.09, 8100607
49.1, 8100607
49.11, 8100607
49.12, 8100607
49.13, 8100607
49.14, 8100607
49.15, 8100607
49.16, 8100607
49.17, 8100607
49.18, 8100607
49.19, 8100607
49.2, 8100607
49.21, 8100607
49.22, 8100607
49.23, 8100607
49.24, 8100607
49.25, 8100607
49.26, 8100607
49.27, 8100607
49.28, 8100607
49.29, 8100607
49.3, 8100607
49.31, 8100607
49.32, 8100607
49.33, 8100607
49.34, 8100607
49.35, 8100607
49.36, 8100607
49.37, 8100607
49.38, 8100607
49.39, 8100607
49.4, 8100607
49.41, 8100607
49.42, 8100607
49.43, 8100607
49.44, 8100607
49.45, 8100607
49.46, 8100607
49.47, 8100607
49.48, 8100607
49.49, 8100607
49.5, 8100607
49.51, 8100607
49.52, 8100607
49.53, 8100607
49.54, 8100607
49.55, 8100607
49.56, 8100607
49.57, 8100607
49.58, 8100607
49.59, 8100607
49.6, 8100607
49.61, 8100607
49.62, 8100607
49.63, 8100607
49.64, 8100607
49.65, 8100607
49.66, 8100607
49.67, 8100607
49.68, 8100607
49.69, 8100607
49.7, 8100607
49.71, 8100607
49.72, 8100607
49.73, 8100607
49.74, 8100607
49.75, 8100607
49.76, 8100607
49.77, 8100607
49.78, 8100607
49.79, 8100607
49.8, 8100607
49.81, 8100607
49.82, 8100607
49.83, 8100607
49.84, 8100607
49.85, 8100607
49.86, 8100607
49.87, 8100607
49.88, 8100607
49.89, 8100607
49.9, 8100607
49.91, 8100607
49.92, 8100607
49.93, 8100607
49.94, 8100607
49.95, 8100607
49.96, 8100607
49.97, 8100607
49.98, 8100607
49.99, 8100607
50.0, 8100607
50.01, 8100607
50.02, 8100607
50.03, 8100607
50.04, 8100607
50.05, 8100607
50.06, 8100607
50.07, 8100607
50.08, 8100607
50.09, 8100607
50.1, 8100607
50.11, 8100607
50.12, 8100607
50.13, 8100607
50.14, 8100607
50.15, 8100607
50.16, 8100607
50.17, 8100607
50.18, 8100607
50.19, 8100607
50.2, 8100607
50.21, 8100607
50.22, 8100607
50.23, 8100607
50.24, 8100607
50.25, 8100607
50.26, 8100607
50.27, 8100607
50.28, 8100607
50.29, 8100607
50.3, 8100607
50.31, 8100607
50.32, 8100607
50.33, 8100607
50.34, 8100607
50.35, 8100607
50.36, 8100607
50.37, 8100607
50.38, 8100607
50.39, 8100607
50.4, 8100607
50.41, 8100607
50.42, 8100607
50.43, 8100607
50.44, 8100607
50.45, 8100607
50.46, 8100607
50.47, 8100607
50.48, 8100607
50.49, 8100607
50.5, 8100607
50.51, 8100607
50.52, 8100607
50.53, 8100607
50.54, 8100607
50.55, 8100607
50.56, 8100607
50.57, 8100607
50.58, 8100607
50.59, 8100607
50.6, 8100607
50.61, 8100607
50.62, 8100607
50.63, 8100607
50.64, 8100607
50.65, 8100607
50.66, 8100607
50.67, 8100607
50.68, 8100607
50.69, 8100607
50.7, 8100607
50.71, 8100607
50.72, 8100607
50.73, 8100607
50.74, 8100607
50.75, 8100607
50.76, 8100607
50.77, 8100607
50.78, 8100607
50.79, 8100607
50.8, 8100607
50.81, 8100607
50.82, 8100607
50.83, 8100607
50.84, 8100607
50.85, 8100607
50.86, 8100607
50.87, 8100607
50.88, 8100607
50.89, 8100607
50.9, 8100607
50.91, 8100607
50.92, 8100607
50.93, 8100607
50.94, 8100607
50.95, 8100607
50.96, 8100607
50.97, 8100607
50.98, 8100607
50.99, 8100607
51.0, 8100607
51.01, 8100607
51.02, 8100607
51.03, 8100607
51.04, 8100607
51.05, 8100607
51.06, 8100607
51.07, 8100607
51.08, 8100607
51.09, 8100607
51.1, 8100607
51.11, 8100607
51.12, 8100607
51.13, 8100607
51.14, 8100607
51.15, 8100607
51.16, 8100607
51.17, 8100607
51.18, 8100607
51.19, 8100607
51.2, 8100607
51.21, 8100607
51.22, 8100607
51.23, 8100607
51.24, 8100607
51.25, 8100607
51.26, 8100607
51.27, 8100607
51.28, 8100607
51.29, 8100607
51.3, 8100607
51.31, 8100607
51.32, 8100607
51.33, 8100607
51.34, 8100607
51.35, 8100607
51.36, 8100607
51.37, 8100607
51.38, 8100607
51.39, 8100607
51.4, 8100607
51.41, 8100607
51.42, 8100607
51.43, 8100607
51.44, 8100607
51.45, 8100607
51.46, 8100607
51.47, 8100607
51.48, 8100607
51.49, 8100607
51.5, 8100607
51.51, 8100607
51.52, 8100607
51.53, 8100607
51.54, 8100607
51.55, 8100607
51.56, 8100607
51.57, 8100607
51.58, 8100607
51.59, 8100607
51.6, 8100607
51.61, 8100607
51.62, 8100607
51.63, 8100607
51.64, 8100607
51.65, 8100607
51.66, 8100607
51.67, 8100607
51.68, 8100607
51.69, 8100607
51.7, 8100607
51.71, 8100607
51.72, 8100607
51.73, 8100607
51.74, 8100607
51.75, 8100607
51.76, 8100607
51.77, 8100607
51.78, 8100607
51.79, 8100607
51.8, 8100607
51.81, 8100607
51.82, 8100607
51.83, 8100607
51.84, 8100607
51.85, 8100607
51.86, 8100607
51.87, 8100607
51.88, 8100607
51.89, 8100607
51.9, 8100607
51.91, 8100607
51.92, 8100607
51.93, 8100607
51.94, 8100607
51.95, 8100607
51.96, 8100607
51.97, 8100607
51.98, 8100607
51.99, 8100607
52.0, 8100607
52.01, 8100607
52.02, 8100607
52.03, 8100607
52.04, 8100607
52.05, 8100607
52.06, 8100607
52.07, 8100607
52.08, 8100607
52.09, 8100607
52.1, 8100607
52.11, 8100607
52.12, 8100607
52.13, 8100607
52.14, 8100607
52.15, 8100607
52.16, 8100607
52.17, 8100607
52.18, 8100607
52.19, 8100607
52.2, 8100607
52.21, 8100607
52.22, 8100607
52.23, 8100607
52.24, 8100607
52.25, 8100607
52.26, 8100607
52.27, 8100607
52.28, 8100607
52.29, 8100607
52.3, 8100607
52.31, 8100607
52.32, 8100607
52.33, 8100607
52.34, 8100607
52.35, 8100607
52.36, 8100607
52.37, 8100607
52.38, 8100607
52.39, 8100607
52.4, 8100607
52.41, 8100607
52.42, 8100607
52.43, 8100607
52.44, 8100607
52.45, 8100607
52.46, 8100607
52.47, 8100607
52.48, 8100607
52.49, 8100607
52.5, 8100607
52.51, 8100607
52.52, 8100607
52.53, 8100607
52.54, 8100607
52.55, 8100607
52.56, 8100607
52.57, 8100607
52.58, 8100607
52.59, 8100607
52.6, 8100607
52.61, 8100607
52.62, 8100607
52.63, 8100607
52.64, 8100607
52.65, 8100607
52.66, 8100607
52.67, 8100607
52.68, 8100607
52.69, 8100607
52.7, 8100607
52.71, 8100607
52.72, 8100607
52.73, 8100607
52.74, 8100607
52.75, 8100607
52.76, 8100607
52.77, 8100607
52.78, 8100607
52.79, 8100607
52.8, 8100607
52.81, 8100607
52.82, 8100607
52.83, 8100607
52.84, 8100607
52.85, 8100607
52.86, 8100607
52.87, 8100607
52.88, 8100607
52.89, 8100607
52.9, 8100607
52.91, 8100607
52.92, 8100607
52.93, 8100607
52.94, 8100607
52.95, 8100607
52.96, 8100607
52.97, 8100607
52.98, 8100607
52.99, 8100607
53.0, 8100607
53.01, 8100607
53.02, 8100607
53.03, 8100607
53.04, 8100607
53.05, 8100607
53.06, 8100607
53.07, 8100607
53.08, 8100607
53.09, 8100607
53.1, 8100607
53.11, 8100607
53.12, 8100607
53.13, 8100607
53.14, 8100607
53.15, 8100607
53.16, 8100607
53.17, 8100607
53.18, 8100607
53.19, 8100607
53.2, 8100607
53.21, 8100607
53.22, 8100607
53.23, 8100607
53.24, 8100607
53.25, 8100607
53.26, 8100607
53.27, 8100607
53.28, 8100607
53.29, 8100607
53.3, 8100607
53.31, 8100607
53.32, 8100607
53.33, 8100607
53.34, 8100607
53.35, 8100607
53.36, 8100607
53.37, 8100607
53.38, 8100607
53.39, 8100607
53.4, 8100607
53.41, 8100607
53.42, 8100607
53.43, 8100607
53.44, 8100607
53.45, 8100607
53.46, 8100607
53.47, 8100607
53.48, 8100607
53.49, 8100607
53.5, 8100607
53.51, 8100607
53.52, 8100607
53.53, 8100607
53.54, 8100607
53.55, 8100607
53.56, 8100607
53.57, 8100607
53.58, 8100607
53.59, 8100607
53.6, 8100607
53.61, 8100607
53.62, 8100607
53.63, 8100607
53.64, 8100607
53.65, 8100607
53.66, 8100607
53.67, 8100607
53.68, 8100607
53.69, 8100607
53.7, 8100607
53.71, 8100607
53.72, 8100607
53.73, 8100607
53.74, 8100607
53.75, 8100607
53.76, 8100607
53.77, 8100607
53.78, 8100607
53.79, 8100607
53.8, 8100607
53.81, 8100607
53.82, 8100607
53.83, 8100607
53.84, 8100607
53.85, 8100607
53.86, 8100607
53.87, 8100607
53.88, 8100607
53.89, 8100607
53.9, 8100607
53.91, 8100607
53.92, 8100607
53.93, 8100607
53.94, 8100607
53.95, 8100607
53.96, 8100607
53.97, 8100607
53.98, 8100607
53.99, 8100607
54.0, 8100607
54.01, 8100607
54.02, 8100607
54.03, 8100607
54.04, 8100607
54.05, 8100607
54.06, 8100607
54.07, 8100607
54.08, 8100607
54.09, 8100607
54.1, 8100607
54.11, 8100607
54.12, 8100607
54.13, 8100607
54.14, 8100607
54.15, 8100607
54.16, 8100607
54.17, 8100607
54.18, 8100607
54.19, 8100607
54.2, 8100607
54.21, 8100607
54.22, 8100607
54.23, 8100607
54.24, 8100607
54.25, 8100607
54.26, 8100607
54.27, 8100607
54.28, 8100607
54.29, 8100607
54.3, 8100607
54.31, 8100607
54.32, 8100607
54.33, 8100607
54.34, 8100607
54.35, 8100607
54.36, 8100607
54.37, 8100607
54.38, 8100607
54.39, 8100607
54.4, 8100607
54.41, 8100607
54.42, 8100607
54.43, 8100607
54.44, 8100607
54.45, 8100607
54.46, 8100607
54.47, 8100607
54.48, 8100607
54.49, 8100607
54.5, 8100607
54.51, 8100607
54.52, 8100607
54.53, 8100607
54.54, 8100607
54.55, 8100607
54.56, 8100607
54.57, 8100607
54.58, 8100607
54.59, 8100607
54.6, 8100607
54.61, 8100607
54.62, 8100607
54.63, 8100607
54.64, 8100607
54.65, 8100607
54.66, 8100607
54.67, 8100607
54.68, 8100607
54.69, 8100607
54.7, 8100607
54.71, 8100607
54.72, 8100607
54.73, 8100607
54.74, 8100607
54.75, 8100607
54.76, 8100607
54.77, 8100607
54.78, 8100607
54.79, 8100607
54.8, 8100607
54.81, 8100607
54.82, 8100607
54.83, 8100607
54.84, 8100607
54.85, 8100607
54.86, 8100607
54.87, 8100607
54.88, 8100607
54.89, 8100607
54.9, 8100607
54.91, 8100607
54.92, 8100607
54.93, 8100607
54.94, 8100607
54.95, 8100607
54.96, 8100607
54.97, 8100607
54.98, 8100607
54.99, 8100607
55.0, 8100607
55.01, 8100607
55.02, 8100607
55.03, 8100607
55.04, 8100607
55.05, 8100607
55.06, 8100607
55.07, 8100607
55.08, 8100607
55.09, 8100607
55.1, 8100607
55.11, 8100607
55.12, 8100607
55.13, 8100607
55.14, 8100607
55.15, 8100607
55.16, 8100607
55.17, 8100607
55.18, 8100607
55.19, 8100607
55.2, 8100607
55.21, 8100607
55.22, 8100607
55.23, 8100607
55.24, 8100607
55.25, 8100607
55.26, 8100607
55.27, 8100607
55.28, 8100607
55.29, 8100607
55.3, 8100607
55.31, 8100607
55.32, 8100607
55.33, 8100607
55.34, 8100607
55.35, 8100607
55.36, 8100607
55.37, 8100607
55.38, 8100607
55.39, 8100607
55.4, 8100607
55.41, 8100607
55.42, 8100607
55.43, 8100607
55.44, 8100607
55.45, 8100607
55.46, 8100607
55.47, 8100607
55.48, 8100607
55.49, 8100607
55.5, 8100607
55.51, 8100607
55.52, 8100607
55.53, 8100607
55.54, 8100607
55.55, 8100607
55.56, 8100607
55.57, 8100607
55.58, 8100607
55.59, 8100607
55.6, 8100607
55.61, 8100607
55.62, 8100607
55.63, 8100607
55.64, 8100607
55.65, 8100607
55.66, 8100607
55.67, 8100607
55.68, 8100607
55.69, 8100607
55.7, 8100607
55.71, 8100607
55.72, 8100607
55.73, 8100607
55.74, 8100607
55.75, 8100607
55.76, 8100607
55.77, 8100607
55.78, 8100607
55.79, 8100607
55.8, 8100607
55.81, 8100607
55.82, 8100607
55.83, 8100607
55.84, 8100607
55.85, 8100607
55.86, 8100607
55.87, 8100607
55.88, 8100607
55.89, 8100607
55.9, 8100607
55.91, 8100607
55.92, 8100607
55.93, 8100607
55.94, 8100607
55.95, 8100607
55.96, 8100607
55.97, 8100607
55.98, 8100607
55.99, 8100607
56.0, 8100607
56.01, 8100607
56.02, 8100607
56.03, 8100607
56.04, 8100607
56.05, 8100607
56.06, 8100607
56.07, 8100607
56.08, 8100607
56.09, 8100607
56.1, 8100607
56.11, 8100607
56.12, 8100607
56.13, 8100607
56.14, 8100607
56.15, 8100607
56.16, 8100607
56.17, 8100607
56.18, 8100607
56.19, 8100607
56.2, 8100607
56.21, 8100607
56.22, 8100607
56.23, 8100607
56.24, 8100607
56.25, 8100607
56.26, 8100607
56.27, 8100607
56.28, 8100607
56.29, 8100607
56.3, 8100607
56.31, 8100607
56.32, 8100607
56.33, 8100607
56.34, 8100607
56.35, 8100607
56.36, 8100607
56.37, 8100607
56.38, 8100607
56.39, 8100607
56.4, 8100607
56.41, 8100607
56.42, 8100607
56.43, 8100607
56.44, 8100607
56.45, 8100607
56.46, 8100607
56.47, 8100607
56.48, 8100607
56.49, 8100607
56.5, 8100607
56.51, 8100607
56.52, 8100607
56.53, 8100607
56.54, 8100607
56.55, 8100607
56.56, 8100607
56.57, 8100607
56.58, 8100607
56.59, 8100607
56.6, 8100607
56.61, 8100607
56.62, 8100607
56.63, 8100607
56.64, 8100607
56.65, 8100607
56.66, 8100607
56.67, 8100607
56.68, 8100607
56.69, 8100607
56.7, 8100607
56.71, 8100607
56.72, 8100607
56.73, 8100607
56.74, 8100607
56.75, 8100607
56.76, 8100607
56.77, 8100607
56.78, 8100607
56.79, 8100607
56.8, 8100607
56.81, 8100607
56.82, 8100607
56.83, 8100607
56.84, 8100607
56.85, 8100607
56.86, 8100607
56.87, 8100607
56.88, 8100607
56.89, 8100607
56.9, 8100607
56.91, 8100607
56.92, 8100607
56.93, 8100607
56.94, 8100607
56.95, 8100607
56.96, 8100607
56.97, 8100607
56.98, 8100607
56.99, 8100607
57.0, 8100607
57.01, 8100607
57.02, 8100607
57.03, 8100607
57.04, 8100607
57.05, 8100607
57.06, 8100607
57.07, 8100607
57.08, 8100607
57.09, 8100607
57.1, 8100607
57.11, 8100607
57.12, 8100607
57.13, 8100607
57.14, 8100607
57.15, 8100607
57.16, 8100607
57.17, 8100607
57.18, 8100607
57.19, 8100607
57.2, 8100607
57.21, 8100607
57.22, 8100607
57.23, 8100607
57.24, 8100607
57.25, 8100607
57.26, 8100607
57.27, 8100607
57.28, 8100607
57.29, 8100607
57.3, 8100607
57.31, 8100607
57.32, 8100607
57.33, 8100607
57.34, 8100607
57.35, 8100607
57.36, 8100607
57.37, 8100607
57.38, 8100607
57.39, 8100607
57.4, 8100607
57.41, 8100607
57.42, 8100607
57.43, 8100607
57.44, 8100607
57.45, 8100607
57.46, 8100607
57.47, 8100607
57.48, 8100607
57.49, 8100607
57.5, 8100607
57.51, 8100607
57.52, 8100607
57.53, 8100607
57.54, 8100607
57.55, 8100607
57.56, 8100607
57.57, 8100607
57.58, 8100607
57.59, 8100607
57.6, 8100607
57.61, 8100607
57.62, 8100607
57.63, 8100607
57.64, 8100607
57.65, 8100607
57.66, 8100607
57.67, 8100607
57.68, 8100607
57.69, 8100607
57.7, 8100607
57.71, 8100607
57.72, 8100607
57.73, 8100607
57.74, 8100607
57.75, 8100607
57.76, 8100607
57.77, 8100607
57.78, 8100607
57.79, 8100607
57.8, 8100607
57.81, 8100607
57.82, 8100607
57.83, 8100607
57.84, 8100607
57.85, 8100607
57.86, 8100607
57.87, 8100607
57.88, 8100607
57.89, 8100607
57.9, 8100607
57.91, 8100607
57.92, 8100607
57.93, 8100607
57.94, 8100607
57.95, 8100607
57.96, 8100607
57.97, 8100607
57.98, 8100607
57.99, 8100607
58.0, 8100607
58.01, 8100607
58.02, 8100607
58.03, 8100607
58.04, 8100607
58.05, 8100607
58.06, 8100607
58.07, 8100607
58.08, 8100607
58.09, 8100607
58.1, 8100607
58.11, 8100607
58.12, 8100607
58.13, 8100607
58.14, 8100607
58.15, 8100607
58.16, 8100607
58.17, 8100607
58.18, 8100607
58.19, 8100607
58.2, 8100607
58.21, 8100607
58.22, 8100607
58.23, 8100607
58.24, 8100607
58.25, 8100607
58.26, 8100607
58.27, 8100607
58.28, 8100607
58.29, 8100607
58.3, 8100607
58.31, 8100607
58.32, 8100607
58.33, 8100607
58.34, 8100607
58.35, 8100607
58.36, 8100607
58.37, 8100607
58.38, 8100607
58.39, 8100607
58.4, 8100607
58.41, 8100607
58.42, 8100607
58.43, 8100607
58.44, 8100607
58.45, 8100607
58.46, 8100607
58.47, 8100607
58.48, 8100607
58.49, 8100607
58.5, 8100607
58.51, 8100607
58.52, 8100607
58.53, 8100607
58.54, 8100607
58.55, 8100607
58.56, 8100607
58.57, 8100607
58.58, 8100607
58.59, 8100607
58.6, 8100607
58.61, 8100607
58.62, 8100607
58.63, 8100607
58.64, 8100607
58.65, 8100607
58.66, 8100607
58.67, 8100607
58.68, 8100607
58.69, 8100607
58.7, 8100607
58.71, 8100607
58.72, 8100607
58.73, 8100607
58.74, 8100607
58.75, 8100607
58.76, 8100607
58.77, 8100607
58.78, 8100607
58.79, 8100607
58.8, 8100607
58.81, 8100607
58.82, 8100607
58.83, 8100607
58.84, 8100607
58.85, 8100607
58.86, 8100607
58.87, 8100607
58.88, 8100607
58.89, 8100607
58.9, 8100607
58.91, 8100607
58.92, 8100607
58.93, 8100607
58.94, 8100607
58.95, 8100607
58.96, 8100607
58.97, 8100607
58.98, 8100607
58.99, 8100607
59.0, 8100607
59.01, 8100607
59.02, 8100607
59.03, 8100607
59.04, 8100607
59.05, 8100607
59.06, 8100607
59.07, 8100607
59.08, 8100607
59.09, 8100607
59.1, 8100607
59.11, 8100607
59.12, 8100607
59.13, 8100607
59.14, 8100607
59.15, 8100607
59.16, 8100607
59.17, 8100607
59.18, 8100607
59.19, 8100607
59.2, 8100607
59.21, 8100607
59.22, 8100607
59.23, 8100607
59.24, 8100607
59.25, 8100607
59.26, 8100607
59.27, 8100607
59.28, 8100607
59.29, 8100607
59.3, 8100607
59.31, 8100607
59.32, 8100607
59.33, 8100607
59.34, 8100607
59.35, 8100607
59.36, 8100607
59.37, 8100607
59.38, 8100607
59.39, 8100607
59.4, 8100607
59.41, 8100607
59.42, 8100607
59.43, 8100607
59.44, 8100607
59.45, 8100607
59.46, 8100607
59.47, 8100607
59.48, 8100607
59.49, 8100607
59.5, 8100607
59.51, 8100607
59.52, 8100607
59.53, 8100607
59.54, 8100607
59.55, 8100607
59.56, 8100607
59.57, 8100607
59.58, 8100607
59.59, 8100607
59.6, 8100607
59.61, 8100607
59.62, 8100607
59.63, 8100607
59.64, 8100607
59.65, 8100607
59.66, 8100607
59.67, 8100607
59.68, 8100607
59.69, 8100607
59.7, 8100607
59.71, 8100607
59.72, 8100607
59.73, 8100607
59.74, 8100607
59.75, 8100607
59.76, 8100607
59.77, 8100607
59.78, 8100607
59.79, 8100607
59.8, 8100607
59.81, 8100607
59.82, 8100607
59.83, 8100607
59.84, 8100607
59.85, 8100607
59.86, 8100607
59.87, 8100607
59.88, 8100607
59.89, 8100607
59.9, 8100607
59.91, 8100607
59.92, 8100607
59.93, 8100607
59.94, 8100607
59.95, 8100607
59.96, 8100607
59.97, 8100607
59.98, 8100607
59.99, 8100607
