0.0, 10009604
0.01, 9643179
0.02, 9382009
0.03, 9382009
0.04, 9382009
0.05, 8923493
0.06, 8923493
0.07, 8923493
0.08, 8923493
0.09, 8923493
0.1, 8923493
0.11, 8923493
0.12, 8923493
0.13, 8923493
0.14, 8923493
0.15, 8923493
0.16, 8923493
0.17, 8923493
0.18, 8923493
0.19, 8719180
0.2, 8719180
0.21, 8719180
0.22, 8719180
0.23, 8719180
0.24, 8719180
0.25, 8719180
0.26, 8719180
0.27, 8719180
0.28, 8719180
0.29, 8719180
0.3, 8719180
0.31, 8719180
0.32, 8719180
0.33, 8719180
0.34, 8719180
0.35, 8719180
0.36, 8719180
0.37, 8719180
0.38, 8719180
0.39, 8719180
0.4, 8719180
0.41, 8719180
0.42, 8719180
0.43, 8719180
0.44, 8719180
0.45, 8719180
0.46, 8719180
0.47, 8719180
0.48, 8719180
0.49, 8719180
0.5, 8719180
0.51, 8719180
0.52, 8719180
0.53, 8719180
0.54, 8719180
0.55, 8719180
0.56, 8719180
0.57, 8719180
0.58, 8719180
0.59, 8719180
0.6, 8719180
0.61, 8719180
0.62, 8719180
0.63, 8607094
0.64, 8607094
0.65, 8607094
0.66, 8607094
0.67, 8607094
0.68, 8607094
0.69, 8607094
0.7, 8607094
0.71, 8607094
0.72, 8607094
0.73, 8607094
0.74, 8607094
0.75, 8607094
0.76, 8607094
0.77, 8607094
0.78, 8607094
0.79, 8607094
0.8, 8607094
0.81, 8607094
0.82, 8607094
0.83, 8607094
0.84, 8607094
0.85, 8607094
0.86, 8607094
0.87, 8607094
0.88, 8607094
0.89, 8607094
0.9, 8607094
0.91, 8607094
0.92, 8607094
0.93, 8607094
0.94, 8607094
0.95, 8607094
0.96, 8607094
0.97, 8607094
0.98, 8607094
0.99, 8607094
1.0, 8607094
1.01, 8607094
1.02, 8607094
1.03, 8607094
1.04, 8607094
1.05, 8607094
1.06, 8607094
1.07, 8607094
1.08, 8607094
1.09, 8607094
1.1, 8607094
1.11, 8607094
1.12, 8607094
1.13, 8607094
1.14, 8607094
1.15, 8607094
1.16, 8607094
1.17, 8607094
1.18, 8607094
1.19, 8607094
1.2, 8607094
1.21, 8607094
1.22, 8607094
1.23, 8607094
1.24, 8607094
1.25, 8607094
1.26, 8607094
1.27, 8607094
1.28, 8607094
1.29, 8607094
1.3, 8607094
1.31, 8607094
1.32, 8607094
1.33, 8607094
1.34, 8607094
1.35, 8607094
1.36, 8607094
1.37, 8607094
1.38, 8607094
1.39, 8607094
1.4, 8607094
1.41, 8607094
1.42, 8607094
1.43, 8607094
1.44, 8607094
1.45, 8607094
1.46, 8607094
1.47, 8607094
1.48, 8607094
1.49, 8607094
1.5, 8607094
1.51, 8607094
1.52, 8607094
1.53, 8607094
1.54, 8607094
1.55, 8607094
1.56, 8607094
1.57, 8607094
1.58, 8607094
1.59, 8607094
1.6, 8607094
1.61, 8607094
1.62, 8607094
1.63, 8607094
1.64, 8607094
1.65, 8607094
1.66, 8607094
1.67, 8607094
1.68, 8607094
1.69, 8607094
1.7, 8607094
1.71, 8607094
1.72, 8607094
1.73, 8607094
1.74, 8607094
1.75, 8607094
1.76, 8607094
1.77, 8607094
1.78, 8607094
1.79, 8607094
1.8, 8607094
1.81, 8607094
1.82, 8607094
1.83, 8607094
1.84, 8607094
1.85, 8607094
1.86, 8607094
1.87, 8607094
1.88, 8607094
1.89, 8607094
1.9, 8607094
1.91, 8607094
1.92, 8607094
1.93, 8607094
1.94, 8607094
1.95, 8607094
1.96, 8607094
1.97, 8607094
1.98, 8607094
1.99, 8607094
2.0, 8607094
2.01, 8607094
2.02, 8607094
2.03, 8607094
2.04, 8607094
2.05, 8607094
2.06, 8607094
2.07, 8607094
2.08, 8607094
2.09, 8607094
2.1, 8607094
2.11, 8607094
2.12, 8607094
2.13, 8607094
2.14, 8607094
2.15, 8607094
2.16, 8607094
2.17, 8607094
2.18, 8607094
2.19, 8607094
2.2, 8607094
2.21, 8607094
2.22, 8607094
2.23, 8607094
2.24, 8607094
2.25, 8607094
2.26, 8607094
2.27, 8607094
2.28, 8607094
2.29, 8607094
2.3, 8607094
2.31, 8607094
2.32, 8607094
2.33, 8607094
2.34, 8607094
2.35, 8607094
2.36, 8607094
2.37, 8607094
2.38, 8607094
2.39, 8607094
2.4, 8607094
2.41, 8607094
2.42, 8607094
2.43, 8607094
2.44, 8607094
2.45, 8607094
2.46, 8607094
2.47, 8607094
2.48, 8607094
2.49, 8607094
2.5, 8325375
2.51, 8325375
2.52, 8325375
2.53, 8325375
2.54, 8325375
2.55, 8325375
2.56, 8325375
2.57, 8325375
2.58, 8325375
2.59, 8325375
2.6, 8325375
2.61, 8325375
2.62, 8325375
2.63, 8325375
2.64, 8325375
2.65, 8325375
2.66, 8325375
2.67, 8325375
2.68, 8325375
2.69, 8325375
2.7, 8325375
2.71, 8325375
2.72, 8325375
2.73, 8325375
2.74, 8325375
2.75, 8325375
2.76, 8325375
2.77, 8325375
2.78, 8325375
2.79, 8325375
2.8, 8325375
2.81, 8325375
2.82, 8325375
2.83, 8325375
2.84, 8325375
2.85, 8325375
2.86, 8325375
2.87, 8325375
2.88, 8325375
2.89, 8325375
2.9, 8325375
2.91, 8325375
2.92, 8325375
2.93, 8325375
2.94, 8325375
2.95, 8325375
2.96, 8325375
2.97, 8325375
2.98, 8325375
2.99, 8325375
3.0, 8325375
3.01, 8325375
3.02, 8325375
3.03, 8325375
3.04, 8325375
3.05, 8325375
3.06, 8325375
3.07, 8325375
3.08, 8325375
3.09, 8325375
3.1, 8325375
3.11, 8325375
3.12, 8325375
3.13, 8325375
3.14, 8325375
3.15, 8325375
3.16, 8325375
3.17, 8325375
3.18, 8325375
3.19, 8325375
3.2, 8325375
3.21, 8325375
3.22, 8325375
3.23, 8325375
3.24, 8325375
3.25, 8325375
3.26, 8325375
3.27, 8325375
3.28, 8325375
3.29, 8325375
3.3, 8325375
3.31, 8325375
3.32, 8325375
3.33, 8325375
3.34, 8325375
3.35, 8325375
3.36, 8325375
3.37, 8325375
3.38, 8325375
3.39, 8325375
3.4, 8325375
3.41, 8325375
3.42, 8325375
3.43, 8325375
3.44, 8325375
3.45, 8325375
3.46, 8325375
3.47, 8325375
3.48, 8325375
3.49, 8325375
3.5, 8325375
3.51, 8325375
3.52, 8325375
3.53, 8325375
3.54, 8325375
3.55, 8325375
3.56, 8325375
3.57, 8325375
3.58, 8325375
3.59, 8325375
3.6, 8325375
3.61, 8325375
3.62, 8325375
3.63, 8325375
3.64, 8325375
3.65, 8325375
3.66, 8325375
3.67, 8325375
3.68, 8325375
3.69, 8325375
3.7, 8325375
3.71, 8325375
3.72, 8325375
3.73, 8325375
3.74, 8325375
3.75, 8325375
3.76, 8325375
3.77, 8325375
3.78, 8325375
3.79, 8325375
3.8, 8325375
3.81, 8325375
3.82, 8325375
3.83, 8325375
3.84, 8325375
3.85, 8325375
3.86, 8325375
3.87, 8325375
3.88, 8325375
3.89, 8325375
3.9, 8325375
3.91, 8325375
3.92, 8325375
3.93, 8325375
3.94, 8325375
3.95, 8325375
3.96, 8325375
3.97, 8325375
3.98, 8325375
3.99, 8325375
4.0, 8325375
4.01, 8325375
4.02, 8325375
4.03, 8325375
4.04, 8325375
4.05, 8325375
4.06, 8325375
4.07, 8325375
4.08, 8325375
4.09, 8325375
4.1, 8325375
4.11, 8325375
4.12, 8325375
4.13, 8325375
4.14, 8325375
4.15, 8325375
4.16, 8325375
4.17, 8325375
4.18, 8325375
4.19, 8325375
4.2, 8325375
4.21, 8325375
4.22, 8325375
4.23, 8325375
4.24, 8325375
4.25, 8325375
4.26, 8325375
4.27, 8325375
4.28, 8325375
4.29, 8325375
4.3, 8325375
4.31, 8325375
4.32, 8325375
4.33, 8325375
4.34, 8325375
4.35, 8325375
4.36, 8325375
4.37, 8325375
4.38, 8325375
4.39, 8325375
4.4, 8325375
4.41, 8325375
4.42, 8325375
4.43, 8325375
4.44, 8325375
4.45, 8325375
4.46, 8325375
4.47, 8325375
4.48, 8325375
4.49, 8325375
4.5, 8325375
4.51, 8325375
4.52, 8325375
4.53, 8325375
4.54, 8325375
4.55, 8325375
4.56, 8325375
4.57, 8325375
4.58, 8325375
4.59, 8325375
4.6, 8325375
4.61, 8325375
4.62, 8325375
4.63, 8325375
4.64, 8325375
4.65, 8325375
4.66, 8325375
4.67, 8325375
4.68, 8325375
4.69, 8325375
4.7, 8325375
4.71, 8325375
4.72, 8325375
4.73, 8325375
4.74, 8325375
4.75, 8325375
4.76, 8325375
4.77, 8325375
4.78, 8325375
4.79, 8325375
4.8, 8325375
4.81, 8325375
4.82, 8325375
4.83, 8325375
4.84, 8325375
4.85, 8325375
4.86, 8325375
4.87, 8325375
4.88, 8325375
4.89, 8325375
4.9, 8325375
4.91, 8325375
4.92, 8325375
4.93, 8325375
4.94, 8325375
4.95, 8325375
4.96, 8325375
4.97, 8325375
4.98, 8325375
4.99, 8325375
5.0, 8325375
5.01, 8325375
5.02, 8325375
5.03, 8325375
5.04, 8325375
5.05, 8325375
5.06, 8325375
5.07, 8325375
5.08, 8325375
5.09, 8325375
5.1, 8325375
5.11, 8325375
5.12, 8325375
5.13, 8325375
5.14, 8325375
5.15, 8325375
5.16, 8325375
5.17, 8325375
5.18, 8325375
5.19, 8325375
5.2, 8325375
5.21, 8325375
5.22, 8325375
5.23, 8325375
5.24, 8325375
5.25, 8325375
5.26, 8325375
5.27, 8325375
5.28, 8325375
5.29, 8325375
5.3, 8325375
5.31, 8325375
5.32, 8325375
5.33, 8325375
5.34, 8325375
5.35, 8325375
5.36, 8325375
5.37, 8325375
5.38, 8325375
5.39, 8325375
5.4, 8325375
5.41, 8325375
5.42, 8325375
5.43, 8325375
5.44, 8325375
5.45, 8325375
5.46, 8325375
5.47, 8325375
5.48, 8325375
5.49, 8325375
5.5, 8325375
5.51, 8325375
5.52, 8325375
5.53, 8325375
5.54, 8325375
5.55, 8325375
5.56, 8325375
5.57, 8325375
5.58, 8325375
5.59, 8325375
5.6, 8325375
5.61, 8325375
5.62, 8325375
5.63, 8325375
5.64, 8325375
5.65, 8325375
5.66, 8325375
5.67, 8325375
5.68, 8325375
5.69, 8325375
5.7, 8325375
5.71, 8325375
5.72, 8325375
5.73, 8325375
5.74, 8325375
5.75, 8325375
5.76, 8325375
5.77, 8325375
5.78, 8325375
5.79, 8325375
5.8, 8325375
5.81, 8325375
5.82, 8325375
5.83, 8325375
5.84, 8325375
5.85, 8325375
5.86, 8325375
5.87, 8325375
5.88, 8325375
5.89, 8325375
5.9, 8325375
5.91, 8325375
5.92, 8325375
5.93, 8325375
5.94, 8325375
5.95, 8325375
5.96, 8325375
5.97, 8325375
5.98, 8325375
5.99, 8325375
6.0, 8325375
6.01, 8159569
6.02, 8159569
6.03, 8159569
6.04, 8159569
6.05, 8159569
6.06, 8159569
6.07, 8159569
6.08, 8159569
6.09, 8159569
6.1, 8159569
6.11, 8159569
6.12, 8159569
6.13, 8159569
6.14, 8159569
6.15, 8159569
6.16, 8159569
6.17, 8159569
6.18, 8159569
6.19, 8159569
6.2, 8159569
6.21, 8159569
6.22, 8159569
6.23, 8159569
6.24, 8159569
6.25, 8159569
6.26, 8159569
6.27, 8159569
6.28, 8159569
6.29, 8159569
6.3, 8159569
6.31, 8159569
6.32, 8159569
6.33, 8159569
6.34, 8159569
6.35, 8159569
6.36, 8159569
6.37, 8159569
6.38, 8159569
6.39, 8159569
6.4, 8159569
6.41, 8159569
6.42, 8159569
6.43, 8159569
6.44, 8159569
6.45, 8159569
6.46, 8159569
6.47, 8159569
6.48, 8159569
6.49, 8159569
6.5, 8159569
6.51, 8159569
6.52, 8159569
6.53, 8159569
6.54, 8159569
6.55, 8159569
6.56, 8159569
6.57, 8159569
6.58, 8159569
6.59, 8159569
6.6, 8159569
6.61, 8159569
6.62, 8159569
6.63, 8159569
6.64, 8159569
6.65, 8159569
6.66, 8159569
6.67, 8159569
6.68, 8159569
6.69, 8159569
6.7, 8159569
6.71, 8159569
6.72, 8159569
6.73, 8159569
6.74, 8159569
6.75, 8159569
6.76, 8159569
6.77, 8159569
6.78, 8159569
6.79, 8159569
6.8, 8159569
6.81, 8159569
6.82, 8159569
6.83, 8159569
6.84, 8159569
6.85, 8159569
6.86, 8159569
6.87, 8159569
6.88, 8159569
6.89, 8159569
6.9, 8159569
6.91, 8159569
6.92, 8159569
6.93, 8159569
6.94, 8159569
6.95, 8159569
6.96, 8159569
6.97, 8159569
6.98, 8159569
6.99, 8159569
7.0, 8159569
7.01, 8159569
7.02, 8159569
7.03, 8159569
7.04, 8159569
7.05, 8159569
7.06, 8159569
7.07, 8159569
7.08, 8159569
7.09, 8159569
7.1, 8159569
7.11, 8159569
7.12, 8159569
7.13, 8159569
7.14, 8159569
7.15, 8159569
7.16, 8159569
7.17, 8159569
7.18, 8159569
7.19, 8159569
7.2, 8159569
7.21, 8159569
7.22, 8159569
7.23, 8159569
7.24, 8159569
7.25, 8159569
7.26, 8159569
7.27, 8159569
7.28, 8159569
7.29, 8159569
7.3, 8159569
7.31, 8159569
7.32, 8159569
7.33, 8159569
7.34, 8159569
7.35, 8159569
7.36, 8159569
7.37, 8159569
7.38, 8159569
7.39, 8159569
7.4, 8159569
7.41, 8159569
7.42, 8159569
7.43, 8159569
7.44, 8159569
7.45, 8159569
7.46, 8159569
7.47, 8159569
7.48, 8159569
7.49, 8159569
7.5, 8159569
7.51, 8159569
7.52, 8159569
7.53, 8159569
7.54, 8159569
7.55, 8159569
7.56, 8159569
7.57, 8159569
7.58, 8159569
7.59, 8159569
7.6, 8159569
7.61, 8159569
7.62, 8159569
7.63, 8159569
7.64, 8159569
7.65, 8159569
7.66, 8159569
7.67, 8159569
7.68, 8159569
7.69, 8159569
7.7, 8159569
7.71, 8159569
7.72, 8159569
7.73, 8159569
7.74, 8159569
7.75, 8159569
7.76, 8159569
7.77, 8159569
7.78, 8159569
7.79, 8159569
7.8, 8159569
7.81, 8159569
7.82, 8159569
7.83, 8159569
7.84, 8159569
7.85, 8159569
7.86, 8159569
7.87, 8159569
7.88, 8159569
7.89, 8159569
7.9, 8159569
7.91, 8159569
7.92, 8159569
7.93, 8159569
7.94, 8159569
7.95, 8159569
7.96, 8159569
7.97, 8159569
7.98, 8159569
7.99, 8159569
8.0, 8159569
8.01, 8159569
8.02, 8159569
8.03, 8159569
8.04, 8159569
8.05, 8159569
8.06, 8159569
8.07, 8159569
8.08, 8159569
8.09, 8159569
8.1, 8159569
8.11, 8159569
8.12, 8159569
8.13, 8159569
8.14, 8159569
8.15, 8159569
8.16, 8159569
8.17, 8159569
8.18, 8159569
8.19, 8159569
8.2, 8159569
8.21, 8159569
8.22, 8159569
8.23, 8159569
8.24, 8159569
8.25, 8159569
8.26, 8159569
8.27, 8159569
8.28, 8159569
8.29, 8159569
8.3, 8159569
8.31, 8159569
8.32, 8159569
8.33, 8159569
8.34, 8159569
8.35, 8159569
8.36, 8159569
8.37, 8159569
8.38, 8159569
8.39, 8159569
8.4, 8159569
8.41, 8159569
8.42, 8159569
8.43, 8159569
8.44, 8159569
8.45, 8159569
8.46, 8159569
8.47, 8159569
8.48, 8159569
8.49, 8159569
8.5, 8159569
8.51, 8159569
8.52, 8159569
8.53, 8159569
8.54, 8159569
8.55, 8159569
8.56, 8159569
8.57, 8159569
8.58, 8159569
8.59, 8159569
8.6, 8159569
8.61, 8159569
8.62, 8159569
8.63, 8159569
8.64, 8159569
8.65, 8159569
8.66, 8159569
8.67, 8159569
8.68, 8159569
8.69, 8159569
8.7, 8159569
8.71, 8159569
8.72, 8159569
8.73, 8159569
8.74, 8159569
8.75, 8159569
8.76, 8159569
8.77, 8159569
8.78, 8159569
8.79, 8159569
8.8, 8159569
8.81, 8159569
8.82, 8159569
8.83, 8159569
8.84, 8159569
8.85, 8159569
8.86, 8159569
8.87, 8159569
8.88, 8159569
8.89, 8159569
8.9, 8159569
8.91, 8159569
8.92, 8159569
8.93, 8159569
8.94, 8159569
8.95, 8159569
8.96, 8159569
8.97, 8159569
8.98, 8159569
8.99, 8159569
9.0, 8159569
9.01, 8159569
9.02, 8159569
9.03, 8159569
9.04, 8159569
9.05, 8159569
9.06, 8159569
9.07, 8159569
9.08, 8159569
9.09, 8159569
9.1, 8159569
9.11, 8159569
9.12, 8159569
9.13, 8159569
9.14, 8159569
9.15, 8159569
9.16, 8159569
9.17, 8159569
9.18, 8159569
9.19, 8159569
9.2, 8159569
9.21, 8159569
9.22, 8159569
9.23, 8159569
9.24, 8159569
9.25, 8159569
9.26, 8159569
9.27, 8159569
9.28, 8159569
9.29, 8159569
9.3, 8159569
9.31, 8159569
9.32, 8159569
9.33, 8159569
9.34, 8159569
9.35, 8159569
9.36, 8159569
9.37, 8159569
9.38, 8159569
9.39, 8159569
9.4, 8159569
9.41, 8159569
9.42, 8159569
9.43, 8159569
9.44, 8159569
9.45, 8159569
9.46, 8159569
9.47, 8159569
9.48, 8159569
9.49, 8159569
9.5, 8159569
9.51, 8159569
9.52, 8159569
9.53, 8159569
9.54, 8159569
9.55, 8159569
9.56, 8159569
9.57, 8159569
9.58, 8159569
9.59, 8159569
9.6, 8159569
9.61, 8159569
9.62, 8159569
9.63, 8159569
9.64, 8159569
9.65, 8159569
9.66, 8159569
9.67, 8159569
9.68, 8159569
9.69, 8159569
9.7, 8159569
9.71, 8159569
9.72, 8159569
9.73, 8159569
9.74, 8159569
9.75, 8159569
9.76, 8159569
9.77, 8159569
9.78, 8159569
9.79, 8159569
9.8, 8159569
9.81, 8159569
9.82, 8159569
9.83, 8159569
9.84, 8159569
9.85, 8159569
9.86, 8159569
9.87, 8159569
9.88, 8159569
9.89, 8159569
9.9, 8159569
9.91, 8159569
9.92, 8159569
9.93, 8159569
9.94, 8159569
9.95, 8159569
9.96, 8159569
9.97, 8159569
9.98, 8159569
9.99, 8159569
10.0, 8159569
10.01, 8159569
10.02, 8159569
10.03, 8159569
10.04, 8159569
10.05, 8159569
10.06, 8159569
10.07, 8159569
10.08, 8159569
10.09, 8159569
10.1, 8159569
10.11, 8159569
10.12, 8159569
10.13, 8159569
10.14, 8159569
10.15, 8159569
10.16, 8159569
10.17, 8159569
10.18, 8159569
10.19, 8159569
10.2, 8159569
10.21, 8159569
10.22, 8159569
10.23, 8159569
10.24, 8159569
10.25, 8159569
10.26, 8159569
10.27, 8159569
10.28, 8159569
10.29, 8159569
10.3, 8159569
10.31, 8159569
10.32, 8159569
10.33, 8159569
10.34, 8159569
10.35, 8159569
10.36, 8159569
10.37, 8159569
10.38, 8159569
10.39, 8159569
10.4, 8159569
10.41, 8159569
10.42, 8159569
10.43, 8159569
10.44, 8159569
10.45, 8159569
10.46, 8159569
10.47, 8159569
10.48, 8159569
10.49, 8159569
10.5, 8159569
10.51, 8159569
10.52, 8159569
10.53, 8159569
10.54, 8159569
10.55, 8159569
10.56, 8159569
10.57, 8159569
10.58, 8159569
10.59, 8159569
10.6, 8159569
10.61, 8159569
10.62, 8159569
10.63, 8159569
10.64, 8159569
10.65, 8159569
10.66, 8159569
10.67, 8159569
10.68, 8159569
10.69, 8159569
10.7, 8159569
10.71, 8159569
10.72, 8159569
10.73, 8159569
10.74, 8159569
10.75, 8159569
10.76, 8159569
10.77, 8159569
10.78, 8159569
10.79, 8159569
10.8, 8159569
10.81, 8159569
10.82, 8159569
10.83, 8159569
10.84, 8159569
10.85, 8159569
10.86, 8159569
10.87, 8159569
10.88, 8159569
10.89, 8159569
10.9, 8159569
10.91, 8159569
10.92, 8159569
10.93, 8159569
10.94, 8159569
10.95, 8159569
10.96, 8159569
10.97, 8159569
10.98, 8159569
10.99, 8159569
11.0, 8159569
11.01, 8159569
11.02, 8159569
11.03, 8159569
11.04, 8159569
11.05, 8159569
11.06, 8159569
11.07, 8159569
11.08, 8159569
11.09, 8159569
11.1, 8159569
11.11, 8159569
11.12, 8159569
11.13, 8159569
11.14, 8159569
11.15, 8159569
11.16, 8159569
11.17, 8159569
11.18, 8159569
11.19, 8159569
11.2, 8159569
11.21, 8159569
11.22, 8159569
11.23, 8159569
11.24, 8159569
11.25, 8159569
11.26, 8159569
11.27, 8159569
11.28, 8159569
11.29, 8159569
11.3, 8159569
11.31, 8159569
11.32, 8159569
11.33, 8159569
11.34, 8159569
11.35, 8159569
11.36, 8159569
11.37, 8159569
11.38, 8159569
11.39, 8159569
11.4, 8159569
11.41, 8159569
11.42, 8159569
11.43, 8159569
11.44, 8159569
11.45, 8159569
11.46, 8159569
11.47, 8159569
11.48, 8159569
11.49, 8159569
11.5, 8159569
11.51, 8159569
11.52, 8159569
11.53, 8159569
11.54, 8159569
11.55, 8159569
11.56, 8159569
11.57, 8159569
11.58, 8159569
11.59, 8159569
11.6, 8159569
11.61, 8159569
11.62, 8159569
11.63, 8159569
11.64, 8159569
11.65, 8159569
11.66, 8159569
11.67, 8159569
11.68, 8159569
11.69, 8159569
11.7, 8159569
11.71, 8159569
11.72, 8159569
11.73, 8159569
11.74, 8159569
11.75, 8159569
11.76, 8159569
11.77, 8159569
11.78, 8159569
11.79, 8159569
11.8, 8159569
11.81, 8159569
11.82, 8159569
11.83, 8159569
11.84, 8159569
11.85, 8159569
11.86, 8159569
11.87, 8159569
11.88, 8159569
11.89, 8159569
11.9, 8159569
11.91, 8159569
11.92, 8159569
11.93, 8159569
11.94, 8159569
11.95, 8159569
11.96, 8159569
11.97, 8159569
11.98, 8159569
11.99, 8159569
12.0, 8159569
12.01, 8159569
12.02, 8159569
12.03, 8159569
12.04, 8159569
12.05, 8159569
12.06, 8159569
12.07, 8159569
12.08, 8159569
12.09, 8159569
12.1, 8159569
12.11, 8159569
12.12, 8159569
12.13, 8159569
12.14, 8159569
12.15, 8159569
12.16, 8159569
12.17, 8159569
12.18, 8159569
12.19, 8159569
12.2, 8159569
12.21, 8159569
12.22, 8159569
12.23, 8159569
12.24, 8159569
12.25, 8159569
12.26, 8159569
12.27, 8159569
12.28, 8159569
12.29, 8159569
12.3, 8159569
12.31, 8159569
12.32, 8159569
12.33, 8159569
12.34, 8159569
12.35, 8159569
12.36, 8159569
12.37, 8159569
12.38, 8159569
12.39, 8159569
12.4, 8159569
12.41, 8159569
12.42, 8159569
12.43, 8159569
12.44, 8159569
12.45, 8159569
12.46, 8159569
12.47, 8159569
12.48, 8159569
12.49, 8159569
12.5, 8159569
12.51, 8159569
12.52, 8159569
12.53, 8159569
12.54, 8159569
12.55, 8159569
12.56, 8159569
12.57, 8159569
12.58, 8159569
12.59, 8159569
12.6, 8159569
12.61, 8159569
12.62, 8159569
12.63, 8159569
12.64, 8159569
12.65, 8159569
12.66, 8159569
12.67, 8159569
12.68, 8159569
12.69, 8159569
12.7, 8159569
12.71, 8159569
12.72, 8159569
12.73, 8159569
12.74, 8159569
12.75, 8159569
12.76, 8159569
12.77, 8159569
12.78, 8159569
12.79, 8159569
12.8, 8159569
12.81, 8159569
12.82, 8159569
12.83, 8159569
12.84, 8159569
12.85, 8159569
12.86, 8159569
12.87, 8159569
12.88, 8159569
12.89, 8159569
12.9, 8159569
12.91, 8159569
12.92, 8159569
12.93, 8159569
12.94, 8159569
12.95, 8159569
12.96, 8159569
12.97, 8159569
12.98, 8159569
12.99, 8159569
13.0, 8159569
13.01, 8159569
13.02, 8159569
13.03, 8159569
13.04, 8159569
13.05, 8159569
13.06, 8159569
13.07, 8159569
13.08, 8159569
13.09, 8159569
13.1, 8159569
13.11, 8159569
13.12, 8159569
13.13, 8159569
13.14, 8159569
13.15, 8159569
13.16, 8159569
13.17, 8159569
13.18, 8159569
13.19, 8159569
13.2, 8159569
13.21, 8159569
13.22, 8159569
13.23, 8159569
13.24, 8159569
13.25, 8159569
13.26, 8159569
13.27, 8159569
13.28, 8159569
13.29, 8159569
13.3, 8159569
13.31, 8159569
13.32, 8159569
13.33, 8159569
13.34, 8159569
13.35, 8159569
13.36, 8159569
13.37, 8159569
13.38, 8159569
13.39, 8159569
13.4, 8159569
13.41, 8159569
13.42, 8159569
13.43, 8159569
13.44, 8159569
13.45, 8159569
13.46, 8159569
13.47, 8159569
13.48, 8159569
13.49, 8159569
13.5, 8159569
13.51, 8159569
13.52, 8159569
13.53, 8159569
13.54, 8159569
13.55, 8159569
13.56, 8159569
13.57, 8159569
13.58, 8159569
13.59, 8159569
13.6, 8159569
13.61, 8159569
13.62, 8159569
13.63, 8159569
13.64, 8159569
13.65, 8159569
13.66, 8159569
13.67, 8159569
13.68, 8159569
13.69, 8159569
13.7, 8159569
13.71, 8159569
13.72, 8159569
13.73, 8159569
13.74, 8159569
13.75, 8159569
13.76, 8159569
13.77, 8159569
13.78, 8159569
13.79, 8159569
13.8, 8159569
13.81, 8159569
13.82, 8159569
13.83, 8159569
13.84, 8159569
13.85, 8159569
13.86, 8159569
13.87, 8159569
13.88, 8159569
13.89, 8159569
13.9, 8159569
13.91, 8159569
13.92, 8159569
13.93, 8159569
13.94, 8159569
13.95, 8159569
13.96, 8159569
13.97, 8159569
13.98, 8159569
13.99, 8159569
14.0, 8159569
14.01, 8159569
14.02, 8159569
14.03, 8159569
14.04, 8159569
14.05, 8159569
14.06, 8159569
14.07, 8159569
14.08, 8159569
14.09, 8159569
14.1, 8159569
14.11, 8159569
14.12, 8159569
14.13, 8159569
14.14, 8159569
14.15, 8159569
14.16, 8159569
14.17, 8159569
14.18, 8159569
14.19, 8159569
14.2, 8159569
14.21, 8159569
14.22, 8159569
14.23, 8159569
14.24, 8159569
14.25, 8159569
14.26, 8159569
14.27, 8159569
14.28, 8159569
14.29, 8159569
14.3, 8159569
14.31, 8159569
14.32, 8159569
14.33, 8159569
14.34, 8159569
14.35, 8159569
14.36, 8159569
14.37, 8159569
14.38, 8159569
14.39, 8159569
14.4, 8159569
14.41, 8159569
14.44, 8159569
14.45, 8159569
14.46, 8159569
14.47, 8159569
14.48, 8159569
14.49, 8159569
14.5, 8159569
14.51, 8159569
14.52, 8159569
14.53, 8159569
14.54, 8159569
14.55, 8159569
14.56, 8159569
14.57, 8159569
14.58, 8159569
14.59, 8159569
14.6, 8159569
14.61, 8159569
14.62, 8159569
14.63, 8159569
14.64, 8159569
14.65, 8159569
14.66, 8159569
14.67, 8159569
14.68, 8159569
14.69, 8159569
14.7, 8159569
14.71, 8159569
14.72, 8159569
14.73, 8159569
14.74, 8159569
14.75, 8159569
14.76, 8159569
14.77, 8159569
14.78, 8159569
14.79, 8159569
14.8, 8159569
14.81, 8159569
14.82, 8159569
14.83, 8159569
14.84, 8159569
14.85, 8159569
14.86, 8159569
14.87, 8159569
14.88, 8159569
14.89, 8159569
14.9, 8159569
14.91, 8159569
14.92, 8159569
14.93, 8159569
14.94, 8159569
14.95, 8159569
14.96, 8159569
14.97, 8159569
14.98, 8159569
14.99, 8159569
15.0, 8159569
15.01, 8159569
15.02, 8159569
15.03, 8159569
15.04, 8159569
15.05, 8159569
15.06, 8159569
15.07, 8159569
15.08, 8159569
15.09, 8159569
15.1, 8159569
15.11, 8159569
15.12, 8159569
15.13, 8159569
15.14, 8159569
15.15, 8159569
15.16, 8159569
15.17, 8159569
15.18, 8159569
15.19, 8159569
15.2, 8159569
15.21, 8159569
15.22, 8159569
15.23, 8159569
15.24, 8159569
15.25, 8159569
15.26, 8159569
15.27, 8159569
15.28, 8159569
15.29, 8159569
15.3, 8159569
15.31, 8159569
15.32, 8159569
15.33, 8159569
15.34, 8159569
15.35, 8159569
15.36, 8159569
15.37, 8159569
15.38, 8159569
15.39, 8159569
15.4, 8159569
15.41, 8159569
15.42, 8159569
15.43, 8159569
15.44, 8159569
15.45, 8159569
15.46, 8159569
15.47, 8159569
15.48, 8159569
15.49, 8159569
15.5, 8159569
15.51, 8159569
15.52, 8159569
15.53, 8159569
15.54, 8159569
15.55, 8159569
15.56, 8159569
15.57, 8159569
15.58, 8159569
15.59, 8159569
15.6, 8159569
15.61, 8159569
15.62, 8159569
15.63, 8159569
15.64, 8159569
15.65, 8159569
15.66, 8159569
15.67, 8159569
15.68, 8159569
15.69, 8159569
15.7, 8159569
15.71, 8159569
15.72, 8159569
15.73, 8159569
15.74, 8159569
15.75, 8159569
15.76, 8159569
15.77, 8159569
15.78, 8159569
15.79, 8159569
15.8, 8159569
15.81, 8159569
15.82, 8159569
15.83, 8159569
15.84, 8159569
15.85, 8159569
15.86, 8159569
15.87, 8159569
15.88, 8159569
15.89, 8159569
15.9, 8159569
15.91, 8159569
15.92, 8159569
15.93, 8159569
15.94, 8159569
15.95, 8159569
15.96, 8159569
15.97, 8159569
15.98, 8159569
15.99, 8159569
16.0, 8159569
16.01, 8159569
16.02, 8159569
16.03, 8159569
16.04, 8159569
16.05, 8159569
16.06, 8159569
16.07, 8159569
16.08, 8159569
16.09, 8159569
16.1, 8159569
16.11, 8159569
16.12, 8159569
16.13, 8159569
16.14, 8159569
16.15, 8159569
16.16, 8159569
16.17, 8159569
16.18, 8159569
16.19, 8159569
16.2, 8159569
16.21, 8159569
16.22, 8159569
16.23, 8159569
16.24, 8159569
16.25, 8159569
16.26, 8159569
16.27, 8159569
16.28, 8159569
16.29, 8159569
16.3, 8159569
16.31, 8159569
16.32, 8159569
16.33, 8159569
16.34, 8159569
16.35, 8159569
16.36, 8159569
16.37, 8159569
16.38, 8159569
16.39, 8159569
16.4, 8159569
16.41, 8159569
16.42, 8159569
16.43, 8159569
16.44, 8159569
16.45, 8159569
16.46, 8159569
16.47, 8159569
16.48, 8159569
16.49, 8159569
16.5, 8159569
16.51, 8159569
16.52, 8159569
16.53, 8159569
16.54, 8159569
16.55, 8159569
16.56, 8159569
16.57, 8159569
16.58, 8159569
16.59, 8159569
16.6, 8159569
16.61, 8159569
16.62, 8159569
16.63, 8159569
16.64, 8159569
16.65, 8159569
16.66, 8159569
16.67, 8159569
16.68, 8159569
16.69, 8159569
16.7, 8159569
16.71, 8159569
16.72, 8159569
16.73, 8159569
16.74, 8159569
16.75, 8159569
16.76, 8159569
16.77, 8159569
16.78, 8159569
16.79, 8159569
16.8, 8159569
16.81, 8159569
16.82, 8159569
16.83, 8159569
16.84, 8159569
16.85, 8159569
16.86, 8159569
16.87, 8159569
16.88, 8159569
16.89, 8159569
16.9, 8159569
16.91, 8159569
16.92, 8159569
16.93, 8159569
16.94, 8159569
16.95, 8159569
16.96, 8159569
16.97, 8159569
16.98, 8159569
16.99, 8159569
17.0, 8159569
17.01, 8159569
17.02, 8159569
17.03, 8159569
17.04, 8159569
17.05, 8159569
17.06, 8159569
17.07, 8159569
17.08, 8159569
17.09, 8159569
17.1, 8159569
17.11, 8159569
17.12, 8159569
17.13, 8159569
17.14, 8159569
17.15, 8159569
17.16, 8159569
17.17, 8159569
17.18, 8159569
17.19, 8159569
17.2, 8159569
17.21, 8159569
17.22, 8159569
17.23, 8159569
17.24, 8159569
17.25, 8159569
17.26, 8159569
17.27, 8159569
17.28, 8159569
17.29, 8159569
17.3, 8159569
17.31, 8159569
17.32, 8159569
17.33, 8159569
17.34, 8159569
17.35, 8159569
17.36, 8159569
17.37, 8159569
17.38, 8159569
17.39, 8159569
17.4, 8159569
17.41, 8159569
17.42, 8159569
17.43, 8159569
17.44, 8159569
17.45, 8159569
17.46, 8159569
17.47, 8159569
17.48, 8159569
17.49, 8159569
17.5, 8159569
17.51, 8159569
17.52, 8159569
17.53, 8159569
17.54, 8159569
17.55, 8159569
17.56, 8159569
17.57, 8159569
17.58, 8159569
17.59, 8159569
17.6, 8159569
17.61, 8159569
17.62, 8159569
17.63, 8159569
17.64, 8159569
17.65, 8159569
17.66, 8159569
17.67, 8159569
17.68, 8159569
17.69, 8159569
17.7, 8159569
17.71, 8159569
17.72, 8159569
17.73, 8159569
17.74, 8159569
17.75, 8159569
17.76, 8159569
17.77, 8159569
17.78, 8159569
17.79, 8159569
17.8, 8159569
17.81, 8159569
17.82, 8159569
17.83, 8159569
17.84, 8159569
17.85, 8159569
17.86, 8159569
17.87, 8159569
17.88, 8159569
17.89, 8159569
17.9, 8159569
17.91, 8159569
17.92, 8159569
17.93, 8159569
17.94, 8159569
17.95, 8159569
17.96, 8159569
17.97, 8159569
17.98, 8159569
17.99, 8159569
18.0, 8159569
18.01, 8159569
18.02, 8159569
18.03, 8159569
18.04, 8159569
18.05, 8159569
18.06, 8159569
18.07, 8159569
18.08, 8159569
18.09, 8159569
18.1, 8159569
18.11, 8159569
18.12, 8159569
18.13, 8159569
18.14, 8159569
18.15, 8159569
18.16, 8159569
18.17, 8159569
18.18, 8159569
18.19, 8159569
18.2, 8159569
18.21, 8159569
18.22, 8159569
18.23, 8159569
18.24, 8159569
18.25, 8159569
18.26, 8159569
18.27, 8159569
18.28, 8159569
18.29, 8159569
18.3, 8159569
18.31, 8159569
18.32, 8159569
18.33, 8159569
18.34, 8159569
18.35, 8159569
18.36, 8159569
18.37, 8159569
18.38, 8159569
18.39, 8159569
18.4, 8159569
18.41, 8159569
18.42, 8159569
18.43, 8159569
18.44, 8159569
18.45, 8159569
18.46, 8159569
18.47, 8159569
18.48, 8159569
18.49, 8159569
18.5, 8159569
18.51, 8159569
18.52, 8159569
18.53, 8159569
18.54, 8159569
18.55, 8159569
18.56, 8159569
18.57, 8159569
18.58, 8159569
18.59, 8159569
18.6, 8159569
18.61, 8159569
18.62, 8159569
18.63, 8159569
18.64, 8159569
18.65, 8159569
18.66, 8159569
18.67, 8159569
18.68, 8159569
18.69, 8159569
18.7, 8159569
18.71, 8159569
18.72, 8159569
18.73, 8159569
18.74, 8159569
18.75, 8159569
18.76, 8159569
18.77, 8159569
18.78, 8159569
18.79, 8159569
18.8, 8159569
18.81, 8159569
18.82, 8159569
18.83, 8159569
18.84, 8159569
18.85, 8159569
18.86, 8159569
18.87, 8159569
18.88, 8159569
18.89, 8159569
18.9, 8159569
18.91, 8159569
18.92, 8159569
18.93, 8159569
18.94, 8159569
18.95, 8159569
18.96, 8159569
18.97, 8159569
18.98, 8159569
18.99, 8159569
19.0, 8159569
19.01, 8159569
19.02, 8159569
19.03, 8159569
19.04, 8159569
19.05, 8159569
19.06, 8159569
19.07, 8159569
19.08, 8159569
19.09, 8159569
19.1, 8159569
19.11, 8159569
19.12, 8159569
19.13, 8159569
19.14, 8159569
19.15, 8159569
19.16, 8159569
19.17, 8159569
19.18, 8159569
19.19, 8159569
19.2, 8159569
19.21, 8159569
19.22, 8159569
19.23, 8159569
19.24, 8159569
19.25, 8159569
19.26, 8159569
19.27, 8159569
19.28, 8159569
19.29, 8159569
19.3, 8159569
19.31, 8159569
19.32, 8159569
19.33, 8159569
19.34, 8159569
19.35, 8159569
19.36, 8159569
19.37, 8159569
19.38, 8159569
19.39, 8159569
19.4, 8159569
19.41, 8159569
19.42, 8159569
19.43, 8159569
19.44, 8159569
19.45, 8159569
19.46, 8159569
19.47, 8159569
19.48, 8159569
19.49, 8159569
19.5, 8159569
19.51, 8159569
19.52, 8159569
19.53, 8159569
19.54, 8159569
19.55, 8159569
19.56, 8159569
19.57, 8159569
19.58, 8159569
19.59, 8159569
19.6, 8159569
19.61, 8159569
19.62, 8159569
19.63, 8159569
19.64, 8159569
19.65, 8159569
19.66, 8159569
19.67, 8159569
19.68, 8159569
19.69, 8159569
19.7, 8159569
19.71, 8159569
19.72, 8159569
19.73, 8159569
19.74, 8159569
19.75, 8159569
19.76, 8159569
19.77, 8159569
19.78, 8159569
19.79, 8159569
19.8, 8159569
19.81, 8159569
19.82, 8159569
19.83, 8159569
19.84, 8159569
19.85, 8159569
19.86, 8159569
19.87, 8159569
19.88, 8159569
19.89, 8159569
19.9, 8159569
19.91, 8159569
19.92, 8159569
19.93, 8159569
19.94, 8159569
19.95, 8159569
19.96, 8159569
19.97, 8159569
19.98, 8159569
19.99, 8159569
20.0, 8159569
20.01, 8159569
20.02, 8159569
20.03, 8159569
20.04, 8159569
20.05, 8159569
20.06, 8159569
20.07, 8159569
20.08, 8159569
20.09, 8159569
20.1, 8159569
20.11, 8159569
20.12, 8159569
20.13, 8159569
20.14, 8159569
20.15, 8159569
20.16, 8159569
20.17, 8159569
20.18, 8159569
20.19, 8159569
20.2, 8159569
20.21, 8159569
20.22, 8159569
20.23, 8159569
20.24, 8159569
20.25, 8159569
20.26, 8159569
20.27, 8159569
20.28, 8159569
20.29, 8159569
20.3, 8159569
20.31, 8159569
20.32, 8159569
20.33, 8159569
20.34, 8159569
20.35, 8159569
20.36, 8159569
20.37, 8159569
20.38, 8159569
20.39, 8159569
20.4, 8159569
20.41, 8159569
20.42, 8159569
20.43, 8159569
20.44, 8159569
20.45, 8159569
20.46, 8159569
20.47, 8159569
20.48, 8159569
20.49, 8159569
20.5, 8159569
20.51, 8159569
20.52, 8159569
20.53, 8159569
20.54, 8159569
20.55, 8159569
20.56, 8159569
20.57, 8159569
20.58, 8159569
20.59, 8159569
20.6, 8159569
20.61, 8159569
20.62, 8159569
20.63, 8159569
20.64, 8159569
20.65, 8159569
20.66, 8159569
20.67, 8159569
20.68, 8159569
20.69, 8159569
20.7, 8159569
20.71, 8159569
20.72, 8159569
20.73, 8159569
20.74, 8159569
20.75, 8159569
20.76, 8159569
20.77, 8159569
20.78, 8159569
20.79, 8159569
20.8, 8159569
20.81, 8159569
20.82, 8159569
20.83, 8159569
20.84, 8159569
20.85, 8159569
20.86, 8159569
20.87, 8159569
20.88, 8159569
20.89, 8159569
20.9, 8159569
20.91, 8159569
20.92, 8159569
20.93, 8159569
20.94, 8159569
20.95, 8159569
20.96, 8159569
20.97, 8159569
20.98, 8159569
20.99, 8159569
21.0, 8159569
21.01, 8159569
21.02, 8159569
21.03, 8159569
21.04, 8159569
21.05, 8159569
21.06, 8159569
21.07, 8159569
21.08, 8159569
21.09, 8159569
21.1, 8159569
21.11, 8159569
21.12, 8159569
21.13, 8159569
21.14, 8159569
21.15, 8159569
21.16, 8159569
21.17, 8159569
21.18, 8159569
21.19, 8159569
21.2, 8159569
21.21, 8159569
21.22, 8159569
21.23, 8159569
21.24, 8159569
21.25, 8159569
21.26, 8159569
21.27, 8159569
21.28, 8159569
21.29, 8159569
21.3, 8159569
21.31, 8159569
21.32, 8159569
21.33, 8159569
21.34, 8159569
21.35, 8159569
21.36, 8159569
21.37, 8159569
21.38, 8159569
21.39, 8159569
21.4, 8159569
21.41, 8159569
21.42, 8159569
21.43, 8159569
21.44, 8159569
21.45, 8159569
21.46, 8159569
21.47, 8159569
21.48, 8159569
21.49, 8159569
21.5, 8159569
21.51, 8159569
21.52, 8159569
21.53, 8159569
21.54, 8159569
21.55, 8159569
21.56, 8159569
21.57, 8159569
21.58, 8159569
21.59, 8159569
21.6, 8159569
21.61, 8159569
21.62, 8159569
21.63, 8159569
21.64, 8159569
21.65, 8159569
21.66, 8159569
21.67, 8159569
21.68, 8159569
21.69, 8159569
21.7, 8159569
21.71, 8159569
21.72, 8159569
21.73, 8159569
21.74, 8159569
21.75, 8159569
21.76, 8159569
21.77, 8159569
21.78, 8159569
21.79, 8159569
21.8, 8159569
21.81, 8159569
21.82, 8159569
21.83, 8159569
21.84, 8159569
21.85, 8159569
21.86, 8159569
21.87, 8159569
21.88, 8159569
21.89, 8159569
21.9, 8159569
21.91, 8159569
21.92, 8159569
21.93, 8159569
21.94, 8159569
21.95, 8159569
21.96, 8159569
21.97, 8159569
21.98, 8159569
21.99, 8159569
22.0, 8159569
22.01, 8159569
22.02, 8159569
22.03, 8159569
22.04, 8159569
22.05, 8159569
22.06, 8159569
22.07, 8159569
22.08, 8159569
22.09, 8159569
22.1, 8159569
22.11, 8159569
22.12, 8159569
22.13, 8159569
22.14, 8159569
22.15, 8159569
22.16, 8159569
22.17, 8159569
22.18, 8159569
22.19, 8159569
22.2, 8159569
22.21, 8159569
22.22, 8159569
22.23, 8159569
22.24, 8159569
22.25, 8159569
22.26, 8159569
22.27, 8159569
22.28, 8159569
22.29, 8159569
22.3, 8159569
22.31, 8159569
22.32, 8159569
22.33, 8159569
22.34, 8159569
22.35, 8159569
22.36, 8159569
22.37, 8159569
22.38, 8159569
22.39, 8159569
22.4, 8159569
22.41, 8159569
22.42, 8159569
22.43, 8159569
22.44, 8159569
22.45, 8159569
22.46, 8159569
22.47, 8159569
22.48, 8159569
22.49, 8159569
22.5, 8159569
22.51, 8159569
22.52, 8159569
22.53, 8159569
22.54, 8159569
22.55, 8159569
22.56, 8159569
22.57, 8159569
22.58, 8159569
22.59, 8159569
22.6, 8159569
22.61, 8159569
22.62, 8159569
22.63, 8159569
22.64, 8159569
22.65, 8159569
22.66, 8159569
22.67, 8159569
22.68, 8159569
22.69, 8159569
22.7, 8159569
22.71, 8159569
22.72, 8159569
22.73, 8159569
22.74, 8159569
22.75, 8159569
22.76, 8159569
22.77, 8159569
22.78, 8159569
22.79, 8159569
22.8, 8159569
22.81, 8159569
22.82, 8159569
22.83, 8159569
22.84, 8159569
22.85, 8159569
22.86, 8159569
22.87, 8159569
22.88, 8159569
22.89, 8159569
22.9, 8159569
22.91, 8159569
22.92, 8159569
22.93, 8159569
22.94, 8159569
22.95, 8159569
22.96, 8159569
22.97, 8159569
22.98, 8159569
22.99, 8159569
23.0, 8159569
23.01, 8159569
23.02, 8159569
23.03, 8159569
23.04, 8159569
23.05, 8159569
23.06, 8159569
23.07, 8159569
23.08, 8159569
23.09, 8159569
23.1, 8159569
23.11, 8159569
23.12, 8159569
23.13, 8159569
23.14, 8159569
23.15, 8159569
23.16, 8159569
23.17, 8159569
23.18, 8159569
23.19, 8159569
23.2, 8159569
23.21, 8159569
23.22, 8159569
23.23, 8159569
23.24, 8159569
23.25, 8159569
23.26, 8159569
23.27, 8159569
23.28, 8159569
23.29, 8159569
23.3, 8159569
23.31, 8159569
23.32, 8159569
23.33, 8159569
23.34, 8159569
23.35, 8159569
23.36, 8159569
23.37, 8159569
23.38, 8159569
23.39, 8159569
23.4, 8159569
23.41, 8159569
23.42, 8159569
23.43, 8159569
23.44, 8159569
23.45, 8159569
23.46, 8159569
23.47, 8159569
23.48, 8159569
23.49, 8159569
23.5, 8159569
23.51, 8159569
23.52, 8159569
23.53, 8159569
23.54, 8159569
23.55, 8159569
23.56, 8159569
23.57, 8159569
23.58, 8159569
23.59, 8159569
23.6, 8159569
23.61, 8159569
23.62, 8159569
23.63, 8159569
23.64, 8159569
23.65, 8159569
23.66, 8159569
23.67, 8159569
23.68, 8159569
23.69, 8159569
23.7, 8159569
23.71, 8159569
23.72, 8159569
23.73, 8159569
23.74, 8159569
23.75, 8159569
23.76, 8159569
23.77, 8159569
23.78, 8159569
23.79, 8159569
23.8, 8159569
23.81, 8159569
23.82, 8159569
23.83, 8159569
23.84, 8159569
23.85, 8159569
23.86, 8159569
23.87, 8159569
23.88, 8159569
23.89, 8159569
23.9, 8159569
23.91, 8159569
23.92, 8159569
23.93, 8159569
23.94, 8159569
23.95, 8159569
23.96, 8159569
23.97, 8159569
23.98, 8159569
23.99, 8159569
24.0, 8159569
24.01, 8159569
24.02, 8159569
24.03, 8159569
24.04, 8159569
24.05, 8159569
24.06, 8159569
24.07, 8159569
24.08, 8159569
24.09, 8159569
24.1, 8159569
24.11, 8159569
24.12, 8159569
24.13, 8159569
24.14, 8159569
24.15, 8159569
24.16, 8159569
24.17, 8159569
24.18, 8159569
24.19, 8159569
24.2, 8159569
24.21, 8159569
24.22, 8159569
24.23, 8159569
24.24, 8159569
24.25, 8159569
24.26, 8159569
24.27, 8159569
24.28, 8159569
24.29, 8159569
24.3, 8159569
24.31, 8159569
24.32, 8159569
24.33, 8159569
24.34, 8159569
24.35, 8159569
24.36, 8159569
24.37, 8159569
24.38, 8159569
24.39, 8159569
24.4, 8159569
24.41, 8159569
24.42, 8159569
24.43, 8159569
24.44, 8159569
24.45, 8159569
24.46, 8159569
24.47, 8159569
24.48, 8159569
24.49, 8159569
24.5, 8159569
24.51, 8159569
24.52, 8159569
24.53, 8159569
24.54, 8159569
24.55, 8159569
24.56, 8159569
24.57, 8159569
24.58, 8159569
24.59, 8159569
24.6, 8159569
24.61, 8159569
24.62, 8159569
24.63, 8159569
24.64, 8159569
24.65, 8159569
24.66, 8159569
24.67, 8159569
24.68, 8159569
24.69, 8159569
24.7, 8159569
24.71, 8159569
24.72, 8159569
24.73, 8159569
24.74, 8159569
24.75, 8159569
24.76, 8159569
24.77, 8159569
24.78, 8159569
24.79, 8159569
24.8, 8159569
24.81, 8159569
24.82, 8159569
24.83, 8159569
24.84, 8159569
24.85, 8159569
24.86, 8159569
24.87, 8159569
24.88, 8159569
24.89, 8159569
24.9, 8159569
24.91, 8159569
24.92, 8159569
24.93, 8159569
24.94, 8159569
24.95, 8159569
24.96, 8159569
24.97, 8159569
24.98, 8159569
24.99, 8159569
25.0, 8159569
25.01, 8159569
25.02, 8159569
25.03, 8159569
25.04, 8159569
25.05, 8159569
25.06, 8159569
25.07, 8159569
25.08, 8159569
25.09, 8159569
25.1, 8159569
25.11, 8159569
25.12, 8159569
25.13, 8159569
25.14, 8159569
25.15, 8159569
25.16, 8159569
25.17, 8159569
25.18, 8159569
25.19, 8159569
25.2, 8159569
25.21, 8159569
25.22, 8159569
25.23, 8159569
25.24, 8159569
25.25, 8159569
25.26, 8159569
25.27, 8159569
25.28, 8159569
25.29, 8159569
25.3, 8159569
25.31, 8159569
25.32, 8159569
25.33, 8159569
25.34, 8159569
25.35, 8159569
25.36, 8159569
25.37, 8159569
25.38, 8159569
25.39, 8159569
25.4, 8159569
25.41, 8159569
25.42, 8159569
25.43, 8159569
25.44, 8159569
25.45, 8159569
25.46, 8159569
25.47, 8159569
25.48, 8159569
25.49, 8159569
25.5, 8159569
25.51, 8159569
25.52, 8159569
25.53, 8159569
25.54, 8159569
25.55, 8159569
25.56, 8159569
25.57, 8159569
25.58, 8159569
25.59, 8159569
25.6, 8159569
25.61, 8159569
25.62, 8159569
25.63, 8159569
25.64, 8159569
25.65, 8159569
25.66, 8159569
25.67, 8159569
25.68, 8159569
25.69, 8159569
25.7, 8159569
25.71, 8159569
25.72, 8159569
25.73, 8159569
25.74, 8159569
25.75, 8159569
25.76, 8159569
25.77, 8159569
25.78, 8159569
25.79, 8159569
25.8, 8159569
25.81, 8159569
25.82, 8159569
25.83, 8159569
25.84, 8159569
25.85, 8159569
25.86, 8159569
25.87, 8159569
25.88, 8159569
25.89, 8159569
25.9, 8159569
25.91, 8159569
25.92, 8159569
25.93, 8159569
25.94, 8159569
25.95, 8159569
25.96, 8159569
25.97, 8159569
25.98, 8159569
25.99, 8159569
26.0, 8159569
26.01, 8159569
26.02, 8159569
26.03, 8159569
26.04, 8159569
26.05, 8159569
26.06, 8159569
26.07, 8159569
26.08, 8159569
26.09, 8159569
26.1, 8159569
26.11, 8159569
26.12, 8159569
26.13, 8159569
26.14, 8159569
26.15, 8159569
26.16, 8159569
26.17, 8159569
26.18, 8159569
26.19, 8159569
26.2, 8159569
26.21, 8159569
26.22, 8159569
26.23, 8159569
26.24, 8159569
26.25, 8159569
26.26, 8159569
26.27, 8159569
26.28, 8159569
26.29, 8159569
26.3, 8159569
26.31, 8159569
26.32, 8159569
26.33, 8159569
26.34, 8159569
26.35, 8159569
26.36, 8159569
26.37, 8159569
26.38, 8159569
26.39, 8159569
26.4, 8159569
26.41, 8159569
26.42, 8159569
26.43, 8159569
26.44, 8159569
26.45, 8159569
26.46, 8159569
26.47, 8159569
26.48, 8159569
26.49, 8159569
26.5, 8159569
26.51, 8159569
26.52, 8159569
26.53, 8159569
26.54, 8159569
26.55, 8159569
26.56, 8159569
26.57, 8159569
26.58, 8159569
26.59, 8159569
26.6, 8159569
26.61, 8159569
26.62, 8159569
26.63, 8159569
26.64, 8159569
26.65, 8159569
26.66, 8159569
26.67, 8159569
26.68, 8159569
26.69, 8159569
26.7, 8159569
26.71, 8159569
26.72, 8159569
26.73, 8159569
26.74, 8159569
26.75, 8159569
26.76, 8159569
26.77, 8159569
26.78, 8159569
26.79, 8159569
26.8, 8159569
26.81, 8159569
26.82, 8159569
26.83, 8159569
26.84, 8159569
26.85, 8159569
26.86, 8159569
26.87, 8159569
26.88, 8159569
26.89, 8159569
26.9, 8159569
26.91, 8159569
26.92, 8159569
26.93, 8159569
26.94, 8159569
26.95, 8159569
26.96, 8159569
26.97, 8159569
26.98, 8159569
26.99, 8159569
27.0, 8159569
27.01, 8159569
27.02, 8159569
27.03, 8159569
27.04, 8159569
27.05, 8159569
27.06, 8159569
27.07, 8159569
27.08, 8159569
27.09, 8159569
27.1, 8159569
27.11, 8159569
27.12, 8159569
27.13, 8159569
27.14, 8159569
27.15, 8159569
27.16, 8159569
27.17, 8159569
27.18, 8159569
27.19, 8159569
27.2, 8159569
27.21, 8159569
27.22, 8159569
27.23, 8159569
27.24, 8159569
27.25, 8159569
27.26, 8159569
27.27, 8159569
27.28, 8159569
27.29, 8159569
27.3, 8159569
27.31, 8159569
27.32, 8159569
27.33, 8159569
27.34, 8159569
27.35, 8159569
27.36, 8159569
27.37, 8159569
27.38, 8159569
27.39, 8159569
27.4, 8159569
27.41, 8159569
27.42, 8159569
27.43, 8159569
27.44, 8159569
27.45, 8159569
27.46, 8159569
27.47, 8159569
27.48, 8159569
27.49, 8159569
27.5, 8159569
27.51, 8159569
27.52, 8159569
27.53, 8159569
27.54, 8159569
27.55, 8159569
27.56, 8159569
27.57, 8159569
27.58, 8159569
27.59, 8159569
27.6, 8159569
27.61, 8159569
27.62, 8159569
27.63, 8159569
27.64, 8159569
27.65, 8159569
27.66, 8159569
27.67, 8159569
27.68, 8159569
27.69, 8159569
27.7, 8159569
27.71, 8159569
27.72, 8159569
27.73, 8159569
27.74, 8159569
27.75, 8159569
27.76, 8159569
27.77, 8159569
27.78, 8159569
27.79, 8159569
27.8, 8159569
27.81, 8159569
27.82, 8159569
27.83, 8159569
27.84, 8159569
27.85, 8159569
27.86, 8159569
27.87, 8159569
27.88, 8159569
27.89, 8159569
27.9, 8159569
27.91, 8159569
27.92, 8159569
27.93, 8159569
27.94, 8159569
27.95, 8159569
27.96, 8159569
27.97, 8159569
27.98, 8159569
27.99, 8159569
28.0, 8159569
28.01, 8159569
28.02, 8159569
28.03, 8159569
28.04, 8159569
28.05, 8159569
28.06, 8159569
28.07, 8159569
28.08, 8159569
28.09, 8159569
28.1, 8159569
28.11, 8159569
28.12, 8159569
28.13, 8159569
28.14, 8159569
28.15, 8159569
28.16, 8159569
28.17, 8159569
28.18, 8159569
28.19, 8159569
28.2, 8159569
28.21, 8159569
28.22, 8159569
28.23, 8159569
28.24, 8159569
28.25, 8159569
28.26, 8159569
28.27, 8159569
28.28, 8159569
28.29, 8159569
28.3, 8159569
28.31, 8159569
28.32, 8159569
28.33, 8159569
28.34, 8159569
28.35, 8159569
28.36, 8159569
28.37, 8159569
28.38, 8159569
28.39, 8159569
28.4, 8159569
28.41, 8159569
28.42, 8159569
28.43, 8159569
28.44, 8159569
28.45, 8159569
28.46, 8159569
28.47, 8159569
28.48, 8159569
28.49, 8159569
28.5, 8159569
28.51, 8159569
28.52, 8159569
28.53, 8159569
28.54, 8159569
28.55, 8159569
28.56, 8159569
28.57, 8159569
28.58, 8159569
28.59, 8159569
28.6, 8159569
28.61, 8159569
28.62, 8159569
28.63, 8159569
28.64, 8159569
28.65, 8159569
28.66, 8159569
28.67, 8159569
28.68, 8159569
28.69, 8159569
28.7, 8159569
28.71, 8159569
28.72, 8159569
28.73, 8159569
28.74, 8159569
28.75, 8159569
28.76, 8159569
28.77, 8159569
28.78, 8159569
28.79, 8159569
28.8, 8159569
28.81, 8159569
28.82, 8159569
28.83, 8159569
28.84, 8159569
28.85, 8159569
28.86, 8159569
28.87, 8159569
28.88, 8159569
28.89, 8159569
28.9, 8159569
28.91, 8159569
28.92, 8159569
28.93, 8159569
28.94, 8159569
28.95, 8159569
28.96, 8159569
28.97, 8159569
28.98, 8159569
28.99, 8159569
29.0, 8159569
29.01, 8159569
29.02, 8159569
29.03, 8159569
29.04, 8159569
29.05, 8159569
29.06, 8159569
29.07, 8159569
29.08, 8159569
29.09, 8159569
29.1, 8159569
29.11, 8159569
29.12, 8159569
29.13, 8159569
29.14, 8159569
29.15, 8159569
29.16, 8159569
29.17, 8159569
29.18, 8159569
29.19, 8159569
29.2, 8159569
29.21, 8159569
29.22, 8159569
29.23, 8159569
29.24, 8159569
29.25, 8159569
29.26, 8159569
29.27, 8159569
29.28, 8159569
29.29, 8159569
29.3, 8159569
29.31, 8159569
29.32, 8159569
29.33, 8159569
29.34, 8159569
29.35, 8159569
29.36, 8159569
29.37, 8159569
29.38, 8159569
29.39, 8159569
29.4, 8159569
29.41, 8159569
29.42, 8159569
29.43, 8159569
29.44, 8159569
29.45, 8159569
29.46, 8159569
29.47, 8159569
29.48, 8159569
29.49, 8159569
29.5, 8159569
29.51, 8159569
29.52, 8159569
29.53, 8159569
29.54, 8159569
29.55, 8159569
29.56, 8159569
29.57, 8159569
29.58, 8159569
29.59, 8159569
29.6, 8159569
29.61, 8159569
29.62, 8159569
29.63, 8159569
29.64, 8159569
29.65, 8159569
29.66, 8159569
29.67, 8159569
29.68, 8159569
29.69, 8159569
29.7, 8159569
29.71, 8159569
29.72, 8159569
29.73, 8159569
29.74, 8159569
29.75, 8159569
29.76, 8159569
29.77, 8159569
29.78, 8159569
29.79, 8159569
29.8, 8159569
29.81, 8159569
29.82, 8159569
29.83, 8159569
29.84, 8159569
29.85, 8159569
29.86, 8159569
29.87, 8159569
29.88, 8159569
29.89, 8159569
29.9, 8159569
29.91, 8159569
29.92, 8159569
29.93, 8159569
29.94, 8159569
29.95, 8159569
29.96, 8159569
29.97, 8159569
29.98, 8159569
29.99, 8159569
30.0, 8159569
30.01, 8159569
30.02, 8159569
30.03, 8159569
30.04, 8159569
30.05, 8159569
30.06, 8159569
30.07, 8159569
30.08, 8159569
30.09, 8159569
30.1, 8159569
30.11, 8159569
30.12, 8159569
30.13, 8159569
30.14, 8159569
30.15, 8159569
30.16, 8159569
30.17, 8159569
30.18, 8159569
30.19, 8159569
30.2, 8159569
30.21, 8159569
30.22, 8159569
30.23, 8159569
30.24, 8159569
30.25, 8159569
30.26, 8159569
30.27, 8159569
30.28, 8159569
30.29, 8159569
30.3, 8159569
30.31, 8159569
30.32, 8159569
30.33, 8159569
30.34, 8159569
30.35, 8159569
30.36, 8159569
30.37, 8159569
30.38, 8159569
30.39, 8159569
30.4, 8159569
30.41, 8159569
30.42, 8159569
30.43, 8159569
30.44, 8159569
30.45, 8159569
30.46, 8159569
30.47, 8159569
30.48, 8159569
30.49, 8159569
30.5, 8159569
30.51, 8159569
30.52, 8159569
30.53, 8159569
30.54, 8159569
30.55, 8159569
30.56, 8159569
30.57, 8159569
30.58, 8159569
30.59, 8159569
30.6, 8159569
30.61, 8159569
30.62, 8159569
30.63, 8159569
30.64, 8159569
30.65, 8159569
30.66, 8159569
30.67, 8159569
30.68, 8159569
30.69, 8159569
30.7, 8159569
30.71, 8159569
30.72, 8159569
30.73, 8159569
30.74, 8159569
30.75, 8159569
30.76, 8159569
30.77, 8159569
30.78, 8159569
30.79, 8159569
30.8, 8159569
30.81, 8159569
30.82, 8159569
30.83, 8159569
30.84, 8159569
30.85, 8159569
30.86, 8159569
30.87, 8159569
30.88, 8159569
30.89, 8159569
30.9, 8159569
30.91, 8159569
30.92, 8159569
30.93, 8159569
30.94, 8159569
30.95, 8159569
30.96, 8159569
30.97, 8159569
30.98, 8159569
30.99, 8159569
31.0, 8159569
31.01, 8159569
31.02, 8159569
31.03, 8159569
31.04, 8159569
31.05, 8159569
31.06, 8159569
31.07, 8159569
31.08, 8159569
31.09, 8159569
31.1, 8159569
31.11, 8159569
31.12, 8159569
31.13, 8159569
31.14, 8159569
31.15, 8159569
31.16, 8159569
31.17, 8159569
31.18, 8159569
31.19, 8159569
31.2, 8159569
31.21, 8159569
31.22, 8159569
31.23, 8159569
31.24, 8159569
31.25, 8159569
31.26, 8159569
31.27, 8159569
31.28, 8159569
31.29, 8159569
31.3, 8159569
31.31, 8159569
31.32, 8159569
31.33, 8159569
31.34, 8159569
31.35, 8159569
31.36, 8159569
31.37, 8159569
31.38, 8159569
31.39, 8159569
31.4, 8159569
31.41, 8159569
31.42, 8159569
31.43, 8159569
31.44, 8159569
31.45, 8159569
31.46, 8159569
31.47, 8159569
31.48, 8159569
31.49, 8159569
31.5, 8159569
31.51, 8159569
31.52, 8159569
31.53, 8159569
31.54, 8159569
31.55, 8159569
31.56, 8159569
31.57, 8159569
31.58, 8159569
31.59, 8159569
31.6, 8159569
31.61, 8159569
31.62, 8159569
31.63, 8159569
31.64, 8159569
31.65, 8159569
31.66, 8159569
31.67, 8159569
31.68, 8159569
31.69, 8159569
31.7, 8159569
31.71, 8159569
31.72, 8159569
31.73, 8159569
31.74, 8159569
31.75, 8159569
31.76, 8159569
31.77, 8159569
31.78, 8159569
31.79, 8159569
31.8, 8159569
31.81, 8159569
31.82, 8159569
31.83, 8159569
31.84, 8159569
31.85, 8159569
31.86, 8159569
31.87, 8159569
31.88, 8159569
31.89, 8159569
31.9, 8159569
31.91, 8159569
31.92, 8159569
31.93, 8159569
31.94, 8159569
31.95, 8159569
31.96, 8159569
31.97, 8159569
31.98, 8159569
31.99, 8159569
32.0, 8159569
32.01, 8159569
32.02, 8159569
32.03, 8159569
32.04, 8159569
32.05, 8159569
32.06, 8159569
32.07, 8159569
32.08, 8159569
32.09, 8159569
32.1, 8159569
32.11, 8159569
32.12, 8159569
32.13, 8159569
32.14, 8159569
32.15, 8159569
32.16, 8159569
32.17, 8159569
32.18, 8159569
32.19, 8159569
32.2, 8159569
32.21, 8159569
32.22, 8159569
32.23, 8159569
32.24, 8159569
32.25, 8159569
32.26, 8159569
32.27, 8159569
32.28, 8159569
32.29, 8159569
32.3, 8159569
32.31, 8159569
32.32, 8159569
32.33, 8159569
32.34, 8159569
32.35, 8159569
32.36, 8159569
32.37, 8159569
32.38, 8159569
32.39, 8159569
32.4, 8159569
32.41, 8159569
32.42, 8159569
32.43, 8159569
32.44, 8159569
32.45, 8159569
32.46, 8159569
32.47, 8159569
32.48, 8159569
32.49, 8159569
32.5, 8159569
32.51, 8159569
32.52, 8159569
32.53, 8159569
32.54, 8159569
32.55, 8159569
32.56, 8159569
32.57, 8159569
32.58, 8159569
32.59, 8159569
32.6, 8159569
32.61, 8159569
32.62, 8159569
32.63, 8159569
32.64, 8159569
32.65, 8159569
32.66, 8159569
32.67, 8159569
32.68, 8159569
32.69, 8159569
32.7, 8159569
32.71, 8159569
32.72, 8159569
32.73, 8159569
32.74, 8159569
32.75, 8159569
32.76, 8159569
32.77, 8159569
32.78, 8159569
32.79, 8159569
32.8, 8159569
32.81, 8159569
32.82, 8159569
32.83, 8159569
32.84, 8159569
32.85, 8159569
32.86, 8159569
32.87, 8159569
32.88, 8159569
32.89, 8159569
32.9, 8159569
32.91, 8159569
32.92, 8159569
32.93, 8159569
32.94, 8159569
32.95, 8159569
32.96, 8159569
32.97, 8159569
32.98, 8159569
32.99, 8159569
33.0, 8159569
33.01, 8159569
33.02, 8159569
33.03, 8159569
33.04, 8159569
33.05, 8159569
33.06, 8159569
33.07, 8159569
33.08, 8159569
33.09, 8159569
33.1, 8159569
33.11, 8159569
33.12, 8159569
33.13, 8159569
33.14, 8159569
33.15, 8159569
33.16, 8159569
33.17, 8159569
33.18, 8159569
33.19, 8159569
33.2, 8159569
33.21, 8159569
33.22, 8159569
33.23, 8159569
33.24, 8159569
33.25, 8159569
33.26, 8159569
33.27, 8159569
33.28, 8159569
33.29, 8159569
33.3, 8159569
33.31, 8159569
33.32, 8159569
33.33, 8159569
33.34, 8159569
33.35, 8159569
33.36, 8159569
33.37, 8159569
33.38, 8159569
33.39, 8159569
33.4, 8159569
33.41, 8159569
33.42, 8159569
33.43, 8159569
33.44, 8159569
33.45, 8159569
33.46, 8159569
33.47, 8159569
33.48, 8159569
33.49, 8159569
33.5, 8159569
33.51, 8159569
33.52, 8159569
33.53, 8159569
33.54, 8159569
33.55, 8159569
33.56, 8159569
33.57, 8159569
33.58, 8159569
33.59, 8159569
33.6, 8159569
33.61, 8159569
33.62, 8159569
33.63, 8159569
33.64, 8159569
33.65, 8159569
33.66, 8159569
33.67, 8159569
33.68, 8159569
33.69, 8159569
33.7, 8159569
33.71, 8159569
33.72, 8159569
33.73, 8159569
33.74, 8159569
33.75, 8159569
33.76, 8159569
33.77, 8159569
33.78, 8159569
33.79, 8159569
33.8, 8159569
33.81, 8159569
33.82, 8159569
33.83, 8159569
33.84, 8159569
33.85, 8159569
33.86, 8159569
33.87, 8159569
33.88, 8159569
33.89, 8159569
33.9, 8159569
33.91, 8159569
33.92, 8159569
33.93, 8159569
33.94, 8159569
33.95, 8159569
33.96, 8159569
33.97, 8159569
33.98, 8159569
33.99, 8159569
34.0, 8159569
34.01, 8159569
34.02, 8159569
34.03, 8159569
34.04, 8159569
34.05, 8159569
34.06, 8159569
34.07, 8159569
34.08, 8159569
34.09, 8159569
34.1, 8159569
34.11, 8159569
34.12, 8159569
34.13, 8159569
34.14, 8159569
34.15, 8159569
34.16, 8159569
34.17, 8159569
34.18, 8159569
34.19, 8159569
34.2, 8159569
34.21, 8159569
34.22, 8159569
34.23, 8159569
34.24, 8159569
34.25, 8159569
34.26, 8159569
34.27, 8159569
34.28, 8159569
34.29, 8159569
34.3, 8159569
34.31, 8159569
34.32, 8159569
34.33, 8159569
34.34, 8159569
34.35, 8159569
34.36, 8159569
34.37, 8159569
34.38, 8159569
34.39, 8159569
34.4, 8159569
34.41, 8159569
34.42, 8159569
34.43, 8159569
34.44, 8159569
34.45, 8159569
34.46, 8159569
34.47, 8159569
34.48, 8159569
34.49, 8159569
34.5, 8159569
34.51, 8159569
34.52, 8159569
34.53, 8159569
34.54, 8159569
34.55, 8159569
34.56, 8159569
34.57, 8159569
34.58, 8159569
34.59, 8159569
34.6, 8159569
34.61, 8159569
34.62, 8159569
34.63, 8159569
34.64, 8159569
34.65, 8159569
34.66, 8159569
34.67, 8159569
34.68, 8159569
34.7, 8159569
34.71, 8159569
34.72, 8159569
34.73, 8159569
34.74, 8159569
34.75, 8159569
34.76, 8159569
34.77, 8159569
34.78, 8159569
34.79, 8159569
34.8, 8159569
34.81, 8159569
34.82, 8159569
34.83, 8159569
34.84, 8159569
34.85, 8159569
34.86, 8159569
34.87, 8159569
34.88, 8159569
34.89, 8159569
34.9, 8159569
34.91, 8159569
34.92, 8159569
34.93, 8159569
34.94, 8159569
34.95, 8159569
34.96, 8159569
34.97, 8159569
34.98, 8159569
34.99, 8159569
35.0, 8159569
35.01, 8159569
35.02, 8159569
35.03, 8159569
35.04, 8159569
35.05, 8159569
35.06, 8159569
35.07, 8159569
35.08, 8159569
35.09, 8159569
35.1, 8159569
35.11, 8159569
35.12, 8159569
35.13, 8159569
35.14, 8159569
35.15, 8159569
35.16, 8159569
35.17, 8159569
35.18, 8159569
35.19, 8159569
35.2, 8159569
35.21, 8159569
35.22, 8159569
35.23, 8159569
35.24, 8159569
35.25, 8159569
35.26, 8159569
35.27, 8159569
35.28, 8159569
35.29, 8159569
35.3, 8159569
35.31, 8159569
35.32, 8159569
35.33, 8159569
35.34, 8159569
35.35, 8159569
35.36, 8159569
35.37, 8159569
35.38, 8159569
35.39, 8159569
35.4, 8159569
35.41, 8159569
35.42, 8159569
35.43, 8159569
35.44, 8159569
35.45, 8159569
35.46, 8159569
35.47, 8159569
35.48, 8159569
35.49, 8159569
35.5, 8159569
35.51, 8159569
35.52, 8159569
35.53, 8159569
35.54, 8159569
35.55, 8159569
35.56, 8159569
35.57, 8159569
35.58, 8159569
35.59, 8159569
35.6, 8159569
35.61, 8159569
35.62, 8159569
35.63, 8159569
35.64, 8159569
35.65, 8159569
35.66, 8159569
35.67, 8159569
35.68, 8159569
35.69, 8159569
35.7, 8159569
35.71, 8159569
35.72, 8159569
35.73, 8159569
35.74, 8159569
35.75, 8159569
35.76, 8159569
35.77, 8159569
35.78, 8159569
35.79, 8159569
35.8, 8159569
35.81, 8159569
35.82, 8159569
35.83, 8159569
35.84, 8159569
35.85, 8159569
35.86, 8159569
35.87, 8159569
35.88, 8159569
35.89, 8159569
35.9, 8159569
35.91, 8159569
35.92, 8159569
35.93, 8159569
35.94, 8159569
35.95, 8159569
35.96, 8159569
35.97, 8159569
35.98, 8159569
35.99, 8159569
36.0, 8159569
36.01, 8159569
36.02, 8159569
36.03, 8159569
36.04, 8159569
36.05, 8159569
36.06, 8159569
36.07, 8159569
36.08, 8159569
36.09, 8159569
36.1, 8159569
36.11, 8159569
36.12, 8159569
36.13, 8159569
36.14, 8159569
36.15, 8159569
36.16, 8159569
36.17, 8159569
36.18, 8159569
36.19, 8159569
36.2, 8159569
36.21, 8159569
36.22, 8159569
36.23, 8159569
36.24, 8159569
36.25, 8159569
36.26, 8159569
36.27, 8159569
36.28, 8159569
36.29, 8159569
36.3, 8159569
36.31, 8159569
36.32, 8159569
36.33, 8159569
36.34, 8159569
36.35, 8159569
36.36, 8159569
36.37, 8159569
36.38, 8159569
36.39, 8159569
36.4, 8159569
36.41, 8159569
36.42, 8159569
36.43, 8159569
36.44, 8159569
36.45, 8159569
36.46, 8159569
36.47, 8159569
36.48, 8159569
36.49, 8159569
36.5, 8159569
36.51, 8159569
36.52, 8159569
36.53, 8159569
36.54, 8159569
36.55, 8159569
36.56, 8159569
36.57, 8159569
36.58, 8159569
36.59, 8159569
36.6, 8159569
36.61, 8159569
36.62, 8159569
36.63, 8159569
36.64, 8159569
36.65, 8159569
36.66, 8159569
36.67, 8159569
36.68, 8159569
36.69, 8159569
36.7, 8159569
36.71, 8159569
36.72, 8159569
36.73, 8159569
36.74, 8159569
36.75, 8159569
36.76, 8159569
36.77, 8159569
36.78, 8159569
36.79, 8159569
36.8, 8159569
36.81, 8159569
36.82, 8159569
36.83, 8159569
36.84, 8159569
36.85, 8159569
36.86, 8159569
36.87, 8159569
36.88, 8159569
36.89, 8159569
36.9, 8159569
36.91, 8159569
36.92, 8159569
36.93, 8159569
36.94, 8159569
36.95, 8159569
36.96, 8159569
36.97, 8159569
36.98, 8159569
36.99, 8159569
37.0, 8159569
37.01, 8159569
37.02, 8159569
37.03, 8159569
37.04, 8159569
37.05, 8159569
37.06, 8159569
37.07, 8159569
37.08, 8159569
37.09, 8159569
37.1, 8159569
37.11, 8159569
37.12, 8159569
37.13, 8159569
37.14, 8159569
37.15, 8159569
37.16, 8159569
37.17, 8159569
37.18, 8159569
37.19, 8159569
37.2, 8159569
37.21, 8159569
37.22, 8159569
37.23, 8159569
37.24, 8159569
37.25, 8159569
37.26, 8159569
37.27, 8159569
37.28, 8159569
37.29, 8159569
37.3, 8159569
37.31, 8159569
37.32, 8159569
37.33, 8159569
37.34, 8159569
37.35, 8159569
37.36, 8159569
37.37, 8159569
37.38, 8159569
37.39, 8159569
37.4, 8159569
37.41, 8159569
37.42, 8159569
37.43, 8159569
37.44, 8159569
37.45, 8159569
37.46, 8159569
37.47, 8159569
37.48, 8159569
37.49, 8159569
37.5, 8159569
37.51, 8159569
37.52, 8159569
37.53, 8159569
37.54, 8159569
37.55, 8159569
37.56, 8159569
37.57, 8159569
37.58, 8159569
37.59, 8159569
37.6, 8159569
37.61, 8159569
37.62, 8159569
37.63, 8159569
37.64, 8159569
37.65, 8159569
37.66, 8159569
37.67, 8159569
37.68, 8159569
37.69, 8159569
37.7, 8159569
37.71, 8159569
37.72, 8159569
37.73, 8159569
37.74, 8159569
37.75, 8159569
37.76, 8159569
37.77, 8159569
37.78, 8159569
37.79, 8159569
37.8, 8159569
37.81, 8159569
37.82, 8159569
37.83, 8159569
37.84, 8159569
37.85, 8159569
37.86, 8159569
37.87, 8159569
37.88, 8159569
37.89, 8159569
37.9, 8159569
37.91, 8159569
37.92, 8159569
37.93, 8159569
37.94, 8159569
37.95, 8159569
37.96, 8159569
37.97, 8159569
37.98, 8159569
37.99, 8159569
38.0, 8159569
38.01, 8159569
38.02, 8159569
38.03, 8159569
38.04, 8159569
38.05, 8159569
38.06, 8159569
38.07, 8159569
38.08, 8159569
38.09, 8159569
38.1, 8159569
38.11, 8159569
38.12, 8159569
38.13, 8159569
38.14, 8159569
38.15, 8159569
38.16, 8159569
38.17, 8159569
38.18, 8159569
38.19, 8159569
38.2, 8159569
38.21, 8159569
38.22, 8159569
38.23, 8159569
38.24, 8159569
38.25, 8159569
38.26, 8159569
38.27, 8159569
38.28, 8159569
38.29, 8159569
38.3, 8159569
38.31, 8159569
38.32, 8159569
38.33, 8159569
38.34, 8159569
38.35, 8159569
38.36, 8159569
38.37, 8159569
38.38, 8159569
38.39, 8159569
38.4, 8159569
38.41, 8159569
38.42, 8159569
38.43, 8159569
38.44, 8159569
38.45, 8159569
38.46, 8159569
38.47, 8159569
38.48, 8159569
38.49, 8159569
38.5, 8159569
38.51, 8159569
38.52, 8159569
38.53, 8159569
38.54, 8159569
38.55, 8159569
38.56, 8159569
38.57, 8159569
38.58, 8159569
38.59, 8159569
38.6, 8159569
38.61, 8159569
38.62, 8159569
38.63, 8159569
38.64, 8159569
38.65, 8159569
38.66, 8159569
38.67, 8159569
38.68, 8159569
38.69, 8159569
38.7, 8159569
38.71, 8159569
38.72, 8159569
38.73, 8159569
38.74, 8159569
38.75, 8159569
38.76, 8159569
38.77, 8159569
38.78, 8159569
38.79, 8159569
38.8, 8159569
38.81, 8159569
38.82, 8159569
38.83, 8159569
38.84, 8159569
38.85, 8159569
38.86, 8159569
38.87, 8159569
38.88, 8159569
38.89, 8159569
38.9, 8159569
38.91, 8159569
38.92, 8159569
38.93, 8159569
38.94, 8159569
38.95, 8159569
38.96, 8159569
38.97, 8159569
38.98, 8159569
38.99, 8159569
39.0, 8159569
39.01, 8159569
39.02, 8159569
39.03, 8159569
39.04, 8159569
39.05, 8159569
39.06, 8159569
39.07, 8159569
39.08, 8159569
39.09, 8159569
39.1, 8159569
39.11, 8159569
39.12, 8159569
39.13, 8159569
39.14, 8159569
39.15, 8159569
39.16, 8159569
39.17, 8159569
39.18, 8159569
39.19, 8159569
39.2, 8159569
39.21, 8159569
39.22, 8159569
39.23, 8159569
39.24, 8159569
39.25, 8159569
39.26, 8159569
39.27, 8159569
39.28, 8159569
39.29, 8159569
39.3, 8159569
39.31, 8159569
39.32, 8159569
39.33, 8159569
39.34, 8159569
39.35, 8159569
39.36, 8159569
39.37, 8159569
39.38, 8159569
39.39, 8159569
39.4, 8159569
39.41, 8159569
39.42, 8159569
39.43, 8159569
39.44, 8159569
39.45, 8159569
39.46, 8159569
39.47, 8159569
39.48, 8159569
39.49, 8159569
39.5, 8159569
39.51, 8159569
39.52, 8159569
39.53, 8159569
39.54, 8159569
39.55, 8159569
39.56, 8159569
39.57, 8159569
39.58, 8159569
39.59, 8159569
39.6, 8159569
39.61, 8159569
39.62, 8159569
39.63, 8159569
39.64, 8159569
39.65, 8159569
39.66, 8159569
39.67, 8159569
39.68, 8159569
39.69, 8159569
39.7, 8159569
39.71, 8159569
39.72, 8159569
39.73, 8159569
39.74, 8159569
39.75, 8159569
39.76, 8159569
39.77, 8159569
39.78, 8159569
39.79, 8159569
39.8, 8159569
39.81, 8159569
39.82, 8159569
39.83, 8159569
39.84, 8159569
39.85, 8159569
39.86, 8159569
39.87, 8159569
39.88, 8159569
39.89, 8159569
39.9, 8159569
39.91, 8159569
39.92, 8159569
39.93, 8159569
39.94, 8159569
39.95, 8159569
39.96, 8159569
39.97, 8159569
39.98, 8159569
39.99, 8159569
40.0, 8159569
40.01, 8159569
40.02, 8159569
40.03, 8159569
40.04, 8159569
40.05, 8159569
40.06, 8159569
40.07, 8159569
40.08, 8159569
40.09, 8159569
40.1, 8159569
40.11, 8159569
40.12, 8159569
40.13, 8159569
40.14, 8159569
40.15, 8159569
40.16, 8159569
40.17, 8159569
40.18, 8159569
40.19, 8159569
40.2, 8159569
40.21, 8159569
40.22, 8159569
40.23, 8159569
40.24, 8159569
40.25, 8159569
40.26, 8159569
40.27, 8159569
40.28, 8159569
40.29, 8159569
40.3, 8159569
40.31, 8159569
40.32, 8159569
40.33, 8159569
40.34, 8159569
40.35, 8159569
40.36, 8159569
40.37, 8159569
40.38, 8159569
40.39, 8159569
40.4, 8159569
40.41, 8159569
40.42, 8159569
40.43, 8159569
40.44, 8159569
40.45, 8159569
40.46, 8159569
40.47, 8159569
40.48, 8159569
40.49, 8159569
40.5, 8159569
40.51, 8159569
40.52, 8159569
40.53, 8159569
40.54, 8159569
40.55, 8159569
40.56, 8159569
40.57, 8159569
40.58, 8159569
40.59, 8159569
40.6, 8159569
40.61, 8159569
40.62, 8159569
40.63, 8159569
40.64, 8159569
40.65, 8159569
40.66, 8159569
40.67, 8159569
40.68, 8159569
40.69, 8159569
40.7, 8159569
40.71, 8159569
40.72, 8159569
40.73, 8159569
40.74, 8159569
40.75, 8159569
40.76, 8159569
40.77, 8159569
40.78, 8159569
40.79, 8159569
40.8, 8159569
40.81, 8159569
40.82, 8159569
40.83, 8159569
40.84, 8159569
40.85, 8159569
40.86, 8159569
40.87, 8159569
40.88, 8159569
40.89, 8159569
40.9, 8159569
40.91, 8159569
40.92, 8159569
40.93, 8159569
40.94, 8159569
40.95, 8159569
40.96, 8159569
40.97, 8159569
40.98, 8159569
40.99, 8159569
41.0, 8159569
41.01, 8159569
41.02, 8159569
41.03, 8159569
41.04, 8159569
41.05, 8159569
41.06, 8159569
41.07, 8159569
41.08, 8159569
41.09, 8159569
41.1, 8159569
41.11, 8159569
41.12, 8159569
41.13, 8159569
41.14, 8159569
41.15, 8159569
41.16, 8159569
41.17, 8159569
41.18, 8159569
41.19, 8159569
41.2, 8159569
41.21, 8159569
41.22, 8159569
41.23, 8159569
41.24, 8159569
41.25, 8159569
41.26, 8159569
41.27, 8159569
41.28, 8159569
41.29, 8159569
41.3, 8159569
41.31, 8159569
41.32, 8159569
41.33, 8159569
41.34, 8159569
41.35, 8159569
41.36, 8159569
41.37, 8159569
41.38, 8159569
41.39, 8159569
41.4, 8159569
41.41, 8159569
41.42, 8159569
41.43, 8159569
41.44, 8159569
41.45, 8159569
41.46, 8159569
41.47, 8159569
41.48, 8159569
41.49, 8159569
41.5, 8159569
41.51, 8159569
41.52, 8159569
41.53, 8159569
41.54, 8159569
41.55, 8159569
41.56, 8159569
41.57, 8159569
41.58, 8159569
41.59, 8159569
41.6, 8159569
41.61, 8159569
41.62, 8159569
41.63, 8159569
41.64, 8159569
41.65, 8159569
41.66, 8159569
41.67, 8159569
41.68, 8159569
41.69, 8159569
41.7, 8159569
41.71, 8159569
41.72, 8159569
41.73, 8159569
41.74, 8159569
41.75, 8159569
41.76, 8159569
41.77, 8159569
41.78, 8159569
41.79, 8159569
41.8, 8159569
41.81, 8159569
41.82, 8159569
41.83, 8159569
41.84, 8159569
41.85, 8159569
41.86, 8159569
41.87, 8159569
41.88, 8159569
41.89, 8159569
41.9, 8159569
41.91, 8159569
41.92, 8159569
41.93, 8159569
41.94, 8159569
41.95, 8159569
41.96, 8159569
41.97, 8159569
41.98, 8159569
41.99, 8159569
42.0, 8159569
42.01, 8159569
42.02, 8159569
42.03, 8159569
42.04, 8159569
42.05, 8159569
42.06, 8159569
42.07, 8159569
42.08, 8159569
42.09, 8159569
42.1, 8159569
42.11, 8159569
42.12, 8159569
42.13, 8159569
42.14, 8159569
42.15, 8159569
42.16, 8159569
42.17, 8159569
42.18, 8159569
42.19, 8159569
42.2, 8159569
42.21, 8159569
42.22, 8159569
42.23, 8159569
42.24, 8159569
42.25, 8159569
42.26, 8159569
42.27, 8159569
42.28, 8159569
42.29, 8159569
42.3, 8159569
42.31, 8159569
42.32, 8159569
42.33, 8159569
42.34, 8159569
42.35, 8159569
42.36, 8159569
42.37, 8159569
42.38, 8159569
42.39, 8159569
42.4, 8159569
42.41, 8159569
42.42, 8159569
42.43, 8159569
42.44, 8159569
42.45, 8159569
42.46, 8159569
42.47, 8159569
42.48, 8159569
42.49, 8159569
42.5, 8159569
42.51, 8159569
42.52, 8159569
42.53, 8159569
42.54, 8159569
42.55, 8159569
42.56, 8159569
42.57, 8159569
42.58, 8159569
42.59, 8159569
42.6, 8159569
42.61, 8159569
42.62, 8159569
42.63, 8159569
42.64, 8159569
42.65, 8159569
42.66, 8159569
42.67, 8159569
42.68, 8159569
42.69, 8159569
42.7, 8159569
42.71, 8159569
42.72, 8159569
42.73, 8159569
42.74, 8159569
42.75, 8159569
42.76, 8159569
42.77, 8159569
42.78, 8159569
42.79, 8159569
42.8, 8159569
42.81, 8159569
42.82, 8159569
42.83, 8159569
42.84, 8159569
42.85, 8159569
42.86, 8159569
42.87, 8159569
42.88, 8159569
42.89, 8159569
42.9, 8159569
42.91, 8159569
42.92, 8159569
42.93, 8159569
42.94, 8159569
42.95, 8159569
42.96, 8159569
42.97, 8159569
42.98, 8159569
42.99, 8159569
43.0, 8159569
43.01, 8159569
43.02, 8159569
43.03, 8159569
43.04, 8159569
43.05, 8159569
43.06, 8159569
43.07, 8159569
43.08, 8159569
43.09, 8159569
43.1, 8159569
43.11, 8159569
43.12, 8159569
43.13, 8159569
43.14, 8159569
43.15, 8159569
43.16, 8159569
43.17, 8159569
43.18, 8159569
43.19, 8159569
43.2, 8159569
43.21, 8159569
43.22, 8159569
43.23, 8159569
43.24, 8159569
43.25, 8159569
43.26, 8159569
43.27, 8159569
43.28, 8159569
43.29, 8159569
43.3, 8159569
43.31, 8159569
43.32, 8159569
43.33, 8159569
43.34, 8159569
43.35, 8159569
43.36, 8159569
43.37, 8159569
43.38, 8159569
43.39, 8159569
43.4, 8159569
43.41, 8159569
43.42, 8159569
43.43, 8159569
43.44, 8159569
43.45, 8159569
43.46, 8159569
43.47, 8159569
43.48, 8159569
43.49, 8159569
43.5, 8159569
43.51, 8159569
43.52, 8159569
43.53, 8159569
43.54, 8159569
43.55, 8159569
43.56, 8159569
43.57, 8159569
43.58, 8159569
43.59, 8159569
43.6, 8159569
43.61, 8159569
43.62, 8159569
43.63, 8159569
43.64, 8159569
43.65, 8159569
43.66, 8159569
43.67, 8159569
43.68, 8159569
43.69, 8159569
43.7, 8159569
43.71, 8159569
43.72, 8159569
43.73, 8159569
43.74, 8159569
43.75, 8159569
43.76, 8159569
43.77, 8159569
43.78, 8159569
43.79, 8159569
43.8, 8159569
43.81, 8159569
43.82, 8159569
43.83, 8159569
43.84, 8159569
43.85, 8159569
43.86, 8159569
43.87, 8159569
43.88, 8159569
43.89, 8159569
43.9, 8159569
43.91, 8159569
43.92, 8159569
43.93, 8159569
43.94, 8159569
43.95, 8159569
43.96, 8159569
43.97, 8159569
43.98, 8159569
43.99, 8159569
44.0, 8159569
44.01, 8159569
44.02, 8159569
44.03, 8159569
44.04, 8159569
44.05, 8159569
44.06, 8159569
44.07, 8159569
44.08, 8159569
44.09, 8159569
44.1, 8159569
44.11, 8159569
44.12, 8159569
44.13, 8159569
44.14, 8159569
44.15, 8159569
44.16, 8159569
44.17, 8159569
44.18, 8159569
44.19, 8159569
44.2, 8159569
44.21, 8159569
44.22, 8159569
44.23, 8159569
44.24, 8159569
44.25, 8159569
44.26, 8159569
44.27, 8159569
44.28, 8159569
44.29, 8159569
44.3, 8159569
44.31, 8159569
44.32, 8159569
44.33, 8159569
44.34, 8159569
44.35, 8159569
44.36, 8159569
44.37, 8159569
44.38, 8159569
44.39, 8159569
44.4, 8159569
44.41, 8159569
44.42, 8159569
44.43, 8159569
44.44, 8159569
44.45, 8159569
44.46, 8159569
44.47, 8159569
44.48, 8159569
44.49, 8159569
44.5, 8159569
44.51, 8159569
44.52, 8159569
44.53, 8159569
44.54, 8159569
44.55, 8159569
44.56, 8159569
44.57, 8159569
44.58, 8159569
44.59, 8159569
44.6, 8159569
44.61, 8159569
44.62, 8159569
44.63, 8159569
44.64, 8159569
44.65, 8159569
44.66, 8159569
44.67, 8159569
44.68, 8159569
44.69, 8159569
44.7, 8159569
44.71, 8159569
44.72, 8159569
44.73, 8159569
44.74, 8159569
44.75, 8159569
44.76, 8159569
44.77, 8159569
44.78, 8159569
44.79, 8159569
44.8, 8159569
44.81, 8159569
44.82, 8159569
44.83, 8159569
44.84, 8159569
44.85, 8159569
44.86, 8159569
44.87, 8159569
44.88, 8159569
44.89, 8159569
44.9, 8159569
44.91, 8159569
44.92, 8159569
44.93, 8159569
44.94, 8159569
44.95, 8159569
44.96, 8159569
44.97, 8159569
44.98, 8159569
44.99, 8159569
45.0, 8159569
45.01, 8159569
45.02, 8159569
45.03, 8159569
45.04, 8159569
45.05, 8159569
45.06, 8159569
45.07, 8159569
45.08, 8159569
45.09, 8159569
45.1, 8159569
45.11, 8159569
45.12, 8159569
45.13, 8159569
45.14, 8159569
45.15, 8159569
45.16, 8159569
45.17, 8159569
45.18, 8159569
45.19, 8159569
45.2, 8159569
45.21, 8159569
45.22, 8159569
45.23, 8159569
45.24, 8159569
45.25, 8159569
45.26, 8159569
45.27, 8159569
45.28, 8159569
45.29, 8159569
45.3, 8159569
45.31, 8159569
45.32, 8159569
45.33, 8159569
45.34, 8159569
45.35, 8159569
45.36, 8159569
45.37, 8159569
45.38, 8159569
45.39, 8159569
45.4, 8159569
45.41, 8159569
45.42, 8159569
45.43, 8159569
45.44, 8159569
45.45, 8159569
45.46, 8159569
45.47, 8159569
45.48, 8159569
45.49, 8159569
45.5, 8159569
45.51, 8159569
45.52, 8159569
45.53, 8159569
45.54, 8159569
45.55, 8159569
45.56, 8159569
45.57, 8159569
45.58, 8159569
45.59, 8159569
45.6, 8159569
45.61, 8159569
45.62, 8159569
45.63, 8159569
45.64, 8159569
45.65, 8159569
45.66, 8159569
45.67, 8159569
45.68, 8159569
45.69, 8159569
45.7, 8159569
45.71, 8159569
45.72, 8159569
45.73, 8159569
45.74, 8159569
45.75, 8159569
45.76, 8159569
45.77, 8159569
45.78, 8159569
45.79, 8159569
45.8, 8159569
45.81, 8159569
45.82, 8159569
45.83, 8159569
45.84, 8159569
45.85, 8159569
45.86, 8159569
45.87, 8159569
45.88, 8159569
45.89, 8159569
45.9, 8159569
45.91, 8159569
45.92, 8159569
45.93, 8159569
45.94, 8159569
45.95, 8159569
45.96, 8159569
45.97, 8159569
45.98, 8159569
45.99, 8159569
46.0, 8159569
46.01, 8159569
46.02, 8159569
46.03, 8159569
46.04, 8159569
46.05, 8159569
46.06, 8159569
46.07, 8159569
46.08, 8159569
46.09, 8159569
46.1, 8159569
46.11, 8159569
46.12, 8159569
46.13, 8159569
46.14, 8159569
46.15, 8159569
46.16, 8159569
46.17, 8159569
46.18, 8159569
46.19, 8159569
46.2, 8159569
46.21, 8159569
46.22, 8159569
46.23, 8159569
46.24, 8159569
46.25, 8159569
46.26, 8159569
46.27, 8159569
46.28, 8159569
46.29, 8159569
46.3, 8159569
46.31, 8159569
46.32, 8159569
46.33, 8159569
46.34, 8159569
46.35, 8159569
46.36, 8159569
46.37, 8159569
46.38, 8159569
46.39, 8159569
46.4, 8159569
46.41, 8159569
46.42, 8159569
46.43, 8159569
46.44, 8159569
46.45, 8159569
46.46, 8159569
46.47, 8159569
46.48, 8159569
46.49, 8159569
46.5, 8159569
46.51, 8159569
46.52, 8159569
46.53, 8159569
46.54, 8159569
46.55, 8159569
46.56, 8159569
46.57, 8159569
46.58, 8159569
46.59, 8159569
46.6, 8159569
46.61, 8159569
46.62, 8159569
46.63, 8159569
46.64, 8159569
46.65, 8159569
46.66, 8159569
46.67, 8159569
46.68, 8159569
46.69, 8159569
46.7, 8159569
46.71, 8159569
46.72, 8159569
46.73, 8159569
46.74, 8159569
46.75, 8159569
46.76, 8159569
46.77, 8159569
46.78, 8159569
46.79, 8159569
46.8, 8159569
46.81, 8159569
46.82, 8159569
46.83, 8159569
46.84, 8159569
46.85, 8159569
46.86, 8159569
46.87, 8159569
46.88, 8159569
46.89, 8159569
46.9, 8159569
46.91, 8159569
46.92, 8159569
46.93, 8159569
46.94, 8159569
46.95, 8159569
46.96, 8159569
46.97, 8159569
46.98, 8159569
46.99, 8159569
47.0, 8159569
47.01, 8159569
47.02, 8159569
47.03, 8159569
47.04, 8159569
47.05, 8159569
47.06, 8159569
47.07, 8159569
47.08, 8159569
47.09, 8159569
47.1, 8159569
47.11, 8159569
47.12, 8159569
47.13, 8159569
47.14, 8159569
47.15, 8159569
47.16, 8159569
47.17, 8159569
47.18, 8159569
47.19, 8159569
47.2, 8159569
47.21, 8159569
47.22, 8159569
47.23, 8159569
47.24, 8159569
47.25, 8159569
47.26, 8159569
47.27, 8159569
47.28, 8159569
47.29, 8159569
47.3, 8159569
47.31, 8159569
47.32, 8159569
47.33, 8159569
47.34, 8159569
47.35, 8159569
47.36, 8159569
47.37, 8159569
47.38, 8159569
47.39, 8159569
47.4, 8159569
47.41, 8159569
47.42, 8159569
47.43, 8159569
47.44, 8159569
47.45, 8159569
47.46, 8159569
47.47, 8159569
47.48, 8159569
47.49, 8159569
47.5, 8159569
47.51, 8159569
47.52, 8159569
47.53, 8159569
47.54, 8159569
47.55, 8159569
47.56, 8159569
47.57, 8159569
47.58, 8159569
47.59, 8159569
47.6, 8159569
47.61, 8159569
47.62, 8159569
47.63, 8159569
47.64, 8159569
47.65, 8159569
47.66, 8159569
47.67, 8159569
47.68, 8159569
47.69, 8159569
47.7, 8159569
47.71, 8159569
47.72, 8159569
47.73, 8159569
47.74, 8159569
47.75, 8159569
47.76, 8159569
47.77, 8159569
47.78, 8159569
47.79, 8159569
47.8, 8159569
47.81, 8159569
47.82, 8159569
47.83, 8159569
47.84, 8159569
47.85, 8159569
47.86, 8159569
47.87, 8159569
47.88, 8159569
47.89, 8159569
47.9, 8159569
47.91, 8159569
47.92, 8159569
47.93, 8159569
47.94, 8159569
47.95, 8159569
47.96, 8159569
47.97, 8159569
47.98, 8159569
47.99, 8159569
48.0, 8159569
48.01, 8159569
48.02, 8159569
48.03, 8159569
48.04, 8159569
48.05, 8159569
48.06, 8159569
48.07, 8159569
48.08, 8159569
48.09, 8159569
48.1, 8159569
48.11, 8159569
48.12, 8159569
48.13, 8159569
48.14, 8159569
48.15, 8159569
48.16, 8159569
48.17, 8159569
48.18, 8159569
48.19, 8159569
48.2, 8159569
48.21, 8159569
48.22, 8159569
48.23, 8159569
48.24, 8159569
48.25, 8159569
48.26, 8159569
48.27, 8159569
48.28, 8159569
48.29, 8159569
48.3, 8159569
48.31, 8159569
48.32, 8159569
48.33, 8159569
48.34, 8159569
48.35, 8159569
48.36, 8159569
48.37, 8159569
48.38, 8159569
48.39, 8159569
48.4, 8159569
48.41, 8159569
48.42, 8159569
48.43, 8159569
48.44, 8159569
48.45, 8159569
48.46, 8159569
48.47, 8159569
48.48, 8159569
48.49, 8159569
48.5, 8159569
48.51, 8159569
48.52, 8159569
48.53, 8159569
48.54, 8159569
48.55, 8159569
48.56, 8159569
48.57, 8159569
48.58, 8159569
48.59, 8159569
48.6, 8159569
48.61, 8159569
48.62, 8159569
48.63, 8159569
48.64, 8159569
48.65, 8159569
48.66, 8159569
48.67, 8159569
48.68, 8159569
48.69, 8159569
48.7, 8159569
48.71, 8159569
48.72, 8159569
48.73, 8159569
48.74, 8159569
48.75, 8159569
48.76, 8159569
48.77, 8159569
48.78, 8159569
48.79, 8159569
48.8, 8159569
48.81, 8159569
48.82, 8159569
48.83, 8159569
48.84, 8159569
48.85, 8159569
48.86, 8159569
48.87, 8159569
48.88, 8159569
48.89, 8159569
48.9, 8159569
48.91, 8159569
48.92, 8159569
48.93, 8159569
48.94, 8159569
48.95, 8159569
48.96, 8159569
48.97, 8159569
48.98, 8159569
48.99, 8159569
49.0, 8159569
49.01, 8159569
49.02, 8159569
49.03, 8159569
49.04, 8159569
49.05, 8159569
49.06, 8159569
49.07, 8159569
49.08, 8159569
49.09, 8159569
49.1, 8159569
49.11, 8159569
49.12, 8159569
49.13, 8159569
49.14, 8159569
49.15, 8159569
49.16, 8159569
49.17, 8159569
49.18, 8159569
49.19, 8159569
49.2, 8159569
49.21, 8159569
49.22, 8159569
49.23, 8159569
49.24, 8159569
49.25, 8159569
49.26, 8159569
49.27, 8159569
49.28, 8159569
49.29, 8159569
49.3, 8159569
49.31, 8159569
49.32, 8159569
49.33, 8159569
49.34, 8159569
49.35, 8159569
49.36, 8159569
49.37, 8159569
49.38, 8159569
49.39, 8159569
49.4, 8159569
49.41, 8159569
49.42, 8159569
49.43, 8159569
49.44, 8159569
49.45, 8159569
49.46, 8159569
49.47, 8159569
49.48, 8159569
49.49, 8159569
49.5, 8159569
49.51, 8159569
49.52, 8159569
49.53, 8159569
49.54, 8159569
49.55, 8159569
49.56, 8159569
49.57, 8159569
49.58, 8159569
49.59, 8159569
49.6, 8159569
49.61, 8159569
49.62, 8159569
49.63, 8159569
49.64, 8159569
49.65, 8159569
49.66, 8159569
49.67, 8159569
49.68, 8159569
49.69, 8159569
49.7, 8159569
49.71, 8159569
49.72, 8159569
49.73, 8159569
49.74, 8159569
49.75, 8159569
49.76, 8159569
49.77, 8159569
49.78, 8159569
49.79, 8159569
49.8, 8159569
49.81, 8159569
49.82, 8159569
49.83, 8159569
49.84, 8159569
49.85, 8159569
49.86, 8159569
49.87, 8159569
49.88, 8159569
49.89, 8159569
49.9, 8159569
49.91, 8159569
49.92, 8159569
49.93, 8159569
49.94, 8159569
49.95, 8159569
49.96, 8159569
49.97, 8159569
49.98, 8159569
49.99, 8159569
50.0, 8159569
50.01, 8159569
50.02, 8159569
50.03, 8159569
50.04, 8159569
50.05, 8159569
50.06, 8159569
50.07, 8159569
50.08, 8159569
50.09, 8159569
50.1, 8159569
50.11, 8159569
50.12, 8159569
50.13, 8159569
50.14, 8159569
50.15, 8159569
50.16, 8159569
50.17, 8159569
50.18, 8159569
50.19, 8159569
50.2, 8159569
50.21, 8159569
50.22, 8159569
50.23, 8159569
50.24, 8159569
50.25, 8159569
50.26, 8159569
50.27, 8159569
50.28, 8159569
50.29, 8159569
50.3, 8159569
50.31, 8159569
50.32, 8159569
50.33, 8159569
50.34, 8159569
50.35, 8159569
50.36, 8159569
50.37, 8159569
50.38, 8159569
50.39, 8159569
50.4, 8159569
50.41, 8159569
50.42, 8159569
50.43, 8159569
50.44, 8159569
50.45, 8159569
50.46, 8159569
50.47, 8159569
50.48, 8159569
50.49, 8159569
50.5, 8159569
50.51, 8159569
50.52, 8159569
50.53, 8159569
50.54, 8159569
50.55, 8159569
50.56, 8159569
50.57, 8159569
50.58, 8159569
50.59, 8159569
50.6, 8159569
50.61, 8159569
50.62, 8159569
50.63, 8159569
50.64, 8159569
50.65, 8159569
50.66, 8159569
50.67, 8159569
50.68, 8159569
50.69, 8159569
50.7, 8159569
50.71, 8159569
50.72, 8159569
50.73, 8159569
50.74, 8159569
50.75, 8159569
50.76, 8159569
50.77, 8159569
50.78, 8159569
50.79, 8159569
50.8, 8159569
50.81, 8159569
50.82, 8159569
50.83, 8159569
50.84, 8159569
50.85, 8159569
50.86, 8159569
50.87, 8159569
50.88, 8159569
50.89, 8159569
50.9, 8159569
50.91, 8159569
50.92, 8159569
50.93, 8159569
50.94, 8159569
50.95, 8159569
50.96, 8159569
50.97, 8159569
50.98, 8159569
50.99, 8159569
51.0, 8159569
51.01, 8159569
51.02, 8159569
51.03, 8159569
51.04, 8159569
51.05, 8159569
51.06, 8159569
51.07, 8159569
51.08, 8159569
51.09, 8159569
51.1, 8159569
51.11, 8159569
51.12, 8159569
51.13, 8159569
51.14, 8159569
51.15, 8159569
51.16, 8159569
51.17, 8159569
51.18, 8159569
51.19, 8159569
51.2, 8159569
51.21, 8159569
51.22, 8159569
51.23, 8159569
51.24, 8159569
51.25, 8159569
51.26, 8159569
51.27, 8159569
51.28, 8159569
51.29, 8159569
51.3, 8159569
51.31, 8159569
51.32, 8159569
51.33, 8159569
51.34, 8159569
51.35, 8159569
51.36, 8159569
51.37, 8159569
51.38, 8159569
51.39, 8159569
51.4, 8159569
51.41, 8159569
51.42, 8159569
51.43, 8159569
51.44, 8159569
51.45, 8159569
51.46, 8159569
51.47, 8159569
51.48, 8159569
51.49, 8159569
51.5, 8159569
51.51, 8159569
51.52, 8159569
51.53, 8159569
51.54, 8159569
51.55, 8159569
51.56, 8159569
51.57, 8159569
51.58, 8159569
51.59, 8159569
51.6, 8159569
51.61, 8159569
51.62, 8159569
51.63, 8159569
51.64, 8159569
51.65, 8159569
51.66, 8159569
51.67, 8159569
51.68, 8159569
51.69, 8159569
51.7, 8159569
51.71, 8159569
51.72, 8159569
51.73, 8159569
51.74, 8159569
51.75, 8159569
51.76, 8159569
51.77, 8159569
51.78, 8159569
51.79, 8159569
51.8, 8159569
51.81, 8159569
51.82, 8159569
51.83, 8159569
51.84, 8159569
51.85, 8159569
51.86, 8159569
51.87, 8159569
51.88, 8159569
51.89, 8159569
51.9, 8159569
51.91, 8159569
51.92, 8159569
51.93, 8159569
51.94, 8159569
51.95, 8159569
51.96, 8159569
51.97, 8159569
51.98, 8159569
51.99, 8159569
52.0, 8159569
52.01, 8159569
52.02, 8159569
52.03, 8159569
52.04, 8159569
52.05, 8159569
52.06, 8159569
52.07, 8159569
52.08, 8159569
52.09, 8159569
52.1, 8159569
52.11, 8159569
52.12, 8159569
52.13, 8159569
52.14, 8159569
52.15, 8159569
52.16, 8159569
52.17, 8159569
52.18, 8159569
52.19, 8159569
52.2, 8159569
52.21, 8159569
52.22, 8159569
52.23, 8159569
52.24, 8159569
52.25, 8159569
52.26, 8159569
52.27, 8159569
52.28, 8159569
52.29, 8159569
52.3, 8159569
52.31, 8159569
52.32, 8159569
52.33, 8159569
52.34, 8159569
52.35, 8159569
52.36, 8159569
52.37, 8159569
52.38, 8159569
52.39, 8159569
52.4, 8159569
52.41, 8159569
52.42, 8159569
52.43, 8159569
52.44, 8159569
52.45, 8159569
52.46, 8159569
52.47, 8159569
52.48, 8159569
52.49, 8159569
52.5, 8159569
52.51, 8159569
52.52, 8159569
52.53, 8159569
52.54, 8159569
52.55, 8159569
52.56, 8159569
52.57, 8159569
52.58, 8159569
52.59, 8159569
52.6, 8159569
52.61, 8159569
52.62, 8159569
52.63, 8159569
52.64, 8159569
52.65, 8159569
52.66, 8159569
52.67, 8159569
52.68, 8159569
52.69, 8159569
52.7, 8159569
52.71, 8159569
52.72, 8159569
52.73, 8159569
52.74, 8159569
52.75, 8159569
52.76, 8159569
52.77, 8159569
52.78, 8159569
52.79, 8159569
52.8, 8159569
52.81, 8159569
52.82, 8159569
52.83, 8159569
52.84, 8159569
52.85, 8159569
52.86, 8159569
52.87, 8159569
52.88, 8159569
52.89, 8159569
52.9, 8159569
52.91, 8159569
52.92, 8159569
52.93, 8159569
52.94, 8159569
52.95, 8159569
52.96, 8159569
52.97, 8159569
52.98, 8159569
52.99, 8159569
53.0, 8159569
53.01, 8159569
53.02, 8159569
53.03, 8159569
53.04, 8159569
53.05, 8159569
53.06, 8159569
53.07, 8159569
53.08, 8159569
53.09, 8159569
53.1, 8159569
53.11, 8159569
53.12, 8159569
53.13, 8159569
53.14, 8159569
53.15, 8159569
53.16, 8159569
53.17, 8159569
53.18, 8159569
53.19, 8159569
53.2, 8159569
53.21, 8159569
53.22, 8159569
53.23, 8159569
53.24, 8159569
53.25, 8159569
53.26, 8159569
53.27, 8159569
53.28, 8159569
53.29, 8159569
53.3, 8159569
53.31, 8159569
53.32, 8159569
53.33, 8159569
53.34, 8159569
53.35, 8159569
53.36, 8159569
53.37, 8159569
53.38, 8159569
53.39, 8159569
53.4, 8159569
53.41, 8159569
53.42, 8159569
53.43, 8159569
53.44, 8159569
53.45, 8159569
53.46, 8159569
53.47, 8159569
53.48, 8159569
53.49, 8159569
53.5, 8159569
53.51, 8159569
53.52, 8159569
53.53, 8159569
53.54, 8159569
53.55, 8159569
53.56, 8159569
53.57, 8159569
53.58, 8159569
53.59, 8159569
53.6, 8159569
53.61, 8159569
53.62, 8159569
53.63, 8159569
53.64, 8159569
53.65, 8159569
53.66, 8159569
53.67, 8159569
53.68, 8159569
53.69, 8159569
53.7, 8159569
53.71, 8159569
53.72, 8159569
53.73, 8159569
53.74, 8159569
53.75, 8159569
53.76, 8159569
53.77, 8159569
53.78, 8159569
53.79, 8159569
53.8, 8159569
53.81, 8159569
53.82, 8159569
53.83, 8159569
53.84, 8159569
53.85, 8159569
53.86, 8159569
53.87, 8159569
53.88, 8159569
53.89, 8159569
53.9, 8159569
53.91, 8159569
53.92, 8159569
53.93, 8159569
53.94, 8159569
53.95, 8159569
53.96, 8159569
53.97, 8159569
53.98, 8159569
53.99, 8159569
54.0, 8159569
54.01, 8159569
54.02, 8159569
54.03, 8159569
54.04, 8159569
54.05, 8159569
54.06, 8159569
54.07, 8159569
54.08, 8159569
54.09, 8159569
54.1, 8159569
54.11, 8159569
54.12, 8159569
54.13, 8159569
54.14, 8159569
54.15, 8159569
54.16, 8159569
54.17, 8159569
54.18, 8159569
54.19, 8159569
54.2, 8159569
54.21, 8159569
54.22, 8159569
54.23, 8159569
54.24, 8159569
54.25, 8159569
54.26, 8159569
54.27, 8159569
54.28, 8159569
54.29, 8159569
54.3, 8159569
54.31, 8159569
54.32, 8159569
54.33, 8159569
54.34, 8159569
54.35, 8159569
54.36, 8159569
54.37, 8159569
54.38, 8159569
54.39, 8159569
54.4, 8159569
54.41, 8159569
54.42, 8159569
54.43, 8159569
54.44, 8159569
54.45, 8159569
54.46, 8159569
54.47, 8159569
54.48, 8159569
54.49, 8159569
54.5, 8159569
54.51, 8159569
54.52, 8159569
54.53, 8159569
54.54, 8159569
54.55, 8159569
54.56, 8159569
54.57, 8159569
54.58, 8159569
54.59, 8159569
54.6, 8159569
54.61, 8159569
54.62, 8159569
54.63, 8159569
54.64, 8159569
54.65, 8159569
54.66, 8159569
54.67, 8159569
54.68, 8159569
54.69, 8159569
54.7, 8159569
54.71, 8159569
54.72, 8159569
54.73, 8159569
54.74, 8159569
54.75, 8159569
54.76, 8159569
54.77, 8159569
54.78, 8159569
54.79, 8159569
54.8, 8159569
54.81, 8159569
54.82, 8159569
54.83, 8159569
54.84, 8159569
54.85, 8159569
54.86, 8159569
54.87, 8159569
54.88, 8159569
54.89, 8159569
54.9, 8159569
54.91, 8159569
54.92, 8159569
54.93, 8159569
54.94, 8159569
54.95, 8159569
54.96, 8159569
54.97, 8159569
54.98, 8159569
54.99, 8159569
55.0, 8159569
55.01, 8159569
55.02, 8159569
55.03, 8159569
55.04, 8159569
55.05, 8159569
55.06, 8159569
55.07, 8159569
55.08, 8159569
55.09, 8159569
55.1, 8159569
55.11, 8159569
55.12, 8159569
55.13, 8159569
55.14, 8159569
55.15, 8159569
55.16, 8159569
55.17, 8159569
55.18, 8159569
55.19, 8159569
55.2, 8159569
55.21, 8159569
55.22, 8159569
55.23, 8159569
55.24, 8159569
55.25, 8159569
55.26, 8159569
55.27, 8159569
55.28, 8159569
55.29, 8159569
55.3, 8159569
55.31, 8159569
55.32, 8159569
55.33, 8159569
55.34, 8159569
55.35, 8159569
55.36, 8159569
55.37, 8159569
55.38, 8159569
55.39, 8159569
55.4, 8159569
55.41, 8159569
55.42, 8159569
55.43, 8159569
55.44, 8159569
55.45, 8159569
55.46, 8159569
55.47, 8159569
55.48, 8159569
55.49, 8159569
55.5, 8159569
55.51, 8159569
55.52, 8159569
55.53, 8159569
55.54, 8159569
55.55, 8159569
55.56, 8159569
55.57, 8159569
55.58, 8159569
55.59, 8159569
55.6, 8159569
55.61, 8159569
55.62, 8159569
55.63, 8159569
55.64, 8159569
55.65, 8159569
55.66, 8159569
55.67, 8159569
55.68, 8159569
55.69, 8159569
55.7, 8159569
55.71, 8159569
55.72, 8159569
55.73, 8159569
55.74, 8159569
55.75, 8159569
55.76, 8159569
55.77, 8159569
55.78, 8159569
55.79, 8159569
55.8, 8159569
55.81, 8159569
55.82, 8159569
55.83, 8159569
55.84, 8159569
55.85, 8159569
55.86, 8159569
55.87, 8159569
55.88, 8159569
55.89, 8159569
55.9, 8159569
55.91, 8159569
55.92, 8159569
55.93, 8159569
55.94, 8159569
55.95, 8159569
55.96, 8159569
55.97, 8159569
55.98, 8159569
55.99, 8159569
56.0, 8159569
56.01, 8159569
56.02, 8159569
56.03, 8159569
56.04, 8159569
56.05, 8159569
56.06, 8159569
56.07, 8159569
56.08, 8159569
56.09, 8159569
56.1, 8159569
56.11, 8159569
56.12, 8159569
56.13, 8159569
56.14, 8159569
56.15, 8159569
56.16, 8159569
56.17, 8159569
56.18, 8159569
56.19, 8159569
56.2, 8159569
56.21, 8159569
56.22, 8159569
56.23, 8159569
56.24, 8159569
56.25, 8159569
56.26, 8159569
56.27, 8159569
56.28, 8159569
56.29, 8159569
56.3, 8159569
56.31, 8159569
56.32, 8159569
56.33, 8159569
56.34, 8159569
56.35, 8159569
56.36, 8159569
56.37, 8159569
56.38, 8159569
56.39, 8159569
56.4, 8159569
56.41, 8159569
56.42, 8159569
56.43, 8159569
56.44, 8159569
56.45, 8159569
56.46, 8159569
56.47, 8159569
56.48, 8159569
56.49, 8159569
56.5, 8159569
56.51, 8159569
56.52, 8159569
56.53, 8159569
56.54, 8159569
56.55, 8159569
56.56, 8159569
56.57, 8159569
56.58, 8159569
56.59, 8159569
56.6, 8159569
56.61, 8159569
56.62, 8159569
56.63, 8159569
56.64, 8159569
56.65, 8159569
56.66, 8159569
56.67, 8159569
56.68, 8159569
56.69, 8159569
56.7, 8159569
56.71, 8159569
56.72, 8159569
56.73, 8159569
56.74, 8159569
56.75, 8159569
56.76, 8159569
56.77, 8159569
56.78, 8159569
56.79, 8159569
56.8, 8159569
56.81, 8159569
56.82, 8159569
56.83, 8159569
56.84, 8159569
56.85, 8159569
56.86, 8159569
56.87, 8159569
56.88, 8159569
56.89, 8159569
56.9, 8159569
56.91, 8159569
56.92, 8159569
56.93, 8159569
56.94, 8159569
56.95, 8159569
56.96, 8159569
56.97, 8159569
56.98, 8159569
56.99, 8159569
57.0, 8159569
57.01, 8159569
57.02, 8159569
57.03, 8159569
57.04, 8159569
57.05, 8159569
57.06, 8159569
57.07, 8159569
57.08, 8159569
57.09, 8159569
57.1, 8159569
57.11, 8159569
57.12, 8159569
57.13, 8159569
57.14, 8159569
57.15, 8159569
57.16, 8159569
57.17, 8159569
57.18, 8159569
57.19, 8159569
57.2, 8159569
57.21, 8159569
57.22, 8159569
57.23, 8159569
57.24, 8159569
57.25, 8159569
57.26, 8159569
57.27, 8159569
57.28, 8159569
57.29, 8159569
57.3, 8159569
57.31, 8159569
57.32, 8159569
57.33, 8159569
57.34, 8159569
57.35, 8159569
57.36, 8159569
57.37, 8159569
57.38, 8159569
57.39, 8159569
57.4, 8159569
57.41, 8159569
57.42, 8159569
57.43, 8159569
57.44, 8159569
57.45, 8159569
57.46, 8159569
57.47, 8159569
57.48, 8159569
57.49, 8159569
57.5, 8159569
57.51, 8159569
57.52, 8159569
57.53, 8159569
57.54, 8159569
57.55, 8159569
57.56, 8159569
57.57, 8159569
57.58, 8159569
57.59, 8159569
57.6, 8159569
57.61, 8159569
57.62, 8159569
57.63, 8159569
57.64, 8159569
57.65, 8159569
57.66, 8159569
57.67, 8159569
57.68, 8159569
57.69, 8159569
57.7, 8159569
57.71, 8159569
57.72, 8159569
57.73, 8159569
57.74, 8159569
57.75, 8159569
57.76, 8159569
57.77, 8159569
57.78, 8159569
57.79, 8159569
57.8, 8159569
57.81, 8159569
57.82, 8159569
57.83, 8159569
57.84, 8159569
57.85, 8159569
57.86, 8159569
57.87, 8159569
57.88, 8159569
57.89, 8159569
57.9, 8159569
57.91, 8159569
57.92, 8159569
57.93, 8159569
57.94, 8159569
57.95, 8159569
57.96, 8159569
57.97, 8159569
57.98, 8159569
57.99, 8159569
58.0, 8159569
58.01, 8159569
58.02, 8159569
58.03, 8159569
58.04, 8159569
58.05, 8159569
58.06, 8159569
58.07, 8159569
58.08, 8159569
58.09, 8159569
58.1, 8159569
58.11, 8159569
58.12, 8159569
58.13, 8159569
58.14, 8159569
58.15, 8159569
58.16, 8159569
58.17, 8159569
58.18, 8159569
58.19, 8159569
58.2, 8159569
58.21, 8159569
58.22, 8159569
58.23, 8159569
58.24, 8159569
58.25, 8159569
58.26, 8159569
58.27, 8159569
58.28, 8159569
58.29, 8159569
58.3, 8159569
58.31, 8159569
58.32, 8159569
58.33, 8159569
58.34, 8159569
58.35, 8159569
58.36, 8159569
58.37, 8159569
58.38, 8159569
58.39, 8159569
58.4, 8159569
58.41, 8159569
58.42, 8159569
58.43, 8159569
58.44, 8159569
58.45, 8159569
58.46, 8159569
58.47, 8159569
58.48, 8159569
58.49, 8159569
58.5, 8159569
58.51, 8159569
58.52, 8159569
58.53, 8159569
58.54, 8159569
58.55, 8159569
58.56, 8159569
58.57, 8159569
58.58, 8159569
58.59, 8159569
58.6, 8159569
58.61, 8159569
58.62, 8159569
58.63, 8159569
58.64, 8159569
58.65, 8159569
58.66, 8159569
58.67, 8159569
58.68, 8159569
58.69, 8159569
58.7, 8159569
58.71, 8159569
58.72, 8159569
58.73, 8159569
58.74, 8159569
58.75, 8159569
58.76, 8159569
58.77, 8159569
58.78, 8159569
58.79, 8159569
58.8, 8159569
58.81, 8159569
58.82, 8159569
58.83, 8159569
58.84, 8159569
58.85, 8159569
58.86, 8159569
58.87, 8159569
58.88, 8159569
58.89, 8159569
58.9, 8159569
58.91, 8159569
58.92, 8159569
58.93, 8159569
58.94, 8159569
58.95, 8159569
58.96, 8159569
58.97, 8159569
58.98, 8159569
58.99, 8159569
59.0, 8159569
59.01, 8159569
59.02, 8159569
59.03, 8159569
59.04, 8159569
59.05, 8159569
59.06, 8159569
59.07, 8159569
59.08, 8159569
59.09, 8159569
59.1, 8159569
59.11, 8159569
59.12, 8159569
59.13, 8159569
59.14, 8159569
59.15, 8159569
59.16, 8159569
59.17, 8159569
59.18, 8159569
59.19, 8159569
59.2, 8159569
59.21, 8159569
59.22, 8159569
59.23, 8159569
59.24, 8159569
59.25, 8159569
59.26, 8159569
59.27, 8159569
59.28, 8159569
59.29, 8159569
59.3, 8159569
59.31, 8159569
59.32, 8159569
59.33, 8159569
59.34, 8159569
59.35, 8159569
59.36, 8159569
59.37, 8159569
59.38, 8159569
59.39, 8159569
59.4, 8159569
59.41, 8159569
59.42, 8159569
59.43, 8159569
59.44, 8159569
59.45, 8159569
59.46, 8159569
59.47, 8159569
59.48, 8159569
59.49, 8159569
59.5, 8159569
59.51, 8159569
59.52, 8159569
59.53, 8159569
59.54, 8159569
59.55, 8159569
59.56, 8159569
59.57, 8159569
59.58, 8159569
59.59, 8159569
59.6, 8159569
59.61, 8159569
59.62, 8159569
59.63, 8159569
59.64, 8159569
59.65, 8159569
59.66, 8159569
59.67, 8159569
59.68, 8159569
59.69, 8159569
59.7, 8159569
59.71, 8159569
59.72, 8159569
59.73, 8159569
59.74, 8159569
59.75, 8159569
59.76, 8159569
59.77, 8159569
59.78, 8159569
59.79, 8159569
59.8, 8159569
59.81, 8159569
59.82, 8159569
59.83, 8159569
59.84, 8159569
59.85, 8159569
59.86, 8159569
59.87, 8159569
59.88, 8159569
59.89, 8159569
59.9, 8159569
59.91, 8159569
59.92, 8159569
59.93, 8159569
59.94, 8159569
59.95, 8159569
59.96, 8159569
59.97, 8159569
59.98, 8159569
59.99, 8159569
