0.0, 9608663
0.01, 9577754
0.02, 9429600
0.03, 9429600
0.04, 9324551
0.05, 9324551
0.06, 9324551
0.07, 9264272
0.08, 9264272
0.09, 9264272
0.1, 9264272
0.11, 9264272
0.12, 9264272
0.13, 9264272
0.14, 9264272
0.15, 9264272
0.16, 9264272
0.17, 9264272
0.18, 9264272
0.19, 9264272
0.2, 9264272
0.21, 9264272
0.22, 9100935
0.23, 9100935
0.24, 9100935
0.25, 9100935
0.26, 9100935
0.27, 9100935
0.28, 9100935
0.29, 9100935
0.3, 9100935
0.31, 8950202
0.32, 8950202
0.33, 8950202
0.34, 8950202
0.35, 8950202
0.36, 8950202
0.37, 8950202
0.38, 8950202
0.39, 8950202
0.4, 8950202
0.41, 8950202
0.42, 8950202
0.43, 8950202
0.44, 8950202
0.45, 8950202
0.46, 8950202
0.47, 8950202
0.48, 8950202
0.49, 8950202
0.5, 8950202
0.51, 8950202
0.52, 8950202
0.53, 8950202
0.54, 8946740
0.55, 8946740
0.56, 8946740
0.57, 8946740
0.58, 8946740
0.59, 8946740
0.6, 8946740
0.61, 8946740
0.62, 8946740
0.63, 8946740
0.64, 8946740
0.65, 8946740
0.66, 8870306
0.67, 8430714
0.68, 8430714
0.69, 8430714
0.7, 8430714
0.71, 8430714
0.72, 8430714
0.73, 8430714
0.74, 8430714
0.75, 8430714
0.76, 8430714
0.77, 8430714
0.78, 8430714
0.79, 8430714
0.8, 8430714
0.81, 8430714
0.82, 8430714
0.83, 8430714
0.84, 8430714
0.85, 8430714
0.86, 8430714
0.87, 8430714
0.88, 8430714
0.89, 8430714
0.9, 8430714
0.91, 8430714
0.92, 8430714
0.93, 8430714
0.94, 8430714
0.95, 8430714
0.96, 8430714
0.97, 8430714
0.98, 8430714
0.99, 8430714
1.0, 8430714
1.01, 8430714
1.02, 8430714
1.03, 8430714
1.04, 8430714
1.05, 8430714
1.06, 8430714
1.07, 8430714
1.08, 8430714
1.09, 8430714
1.1, 8430714
1.11, 8430714
1.12, 8430714
1.13, 8430714
1.14, 8430714
1.15, 8430714
1.16, 8430714
1.17, 8430714
1.18, 8430714
1.19, 8430714
1.2, 8430714
1.21, 8430714
1.22, 8430714
1.23, 8430714
1.24, 8430714
1.25, 8430714
1.26, 8430714
1.27, 8430714
1.28, 8430714
1.29, 8430714
1.3, 8430714
1.31, 8430714
1.32, 8430714
1.33, 8430714
1.34, 8430714
1.35, 8430714
1.36, 8430714
1.37, 8430714
1.38, 8430714
1.39, 8430714
1.4, 8430714
1.41, 8430714
1.42, 8430714
1.43, 8430714
1.44, 8430714
1.45, 8430714
1.46, 8430714
1.47, 8430714
1.48, 8430714
1.49, 8430714
1.5, 8430714
1.51, 8430714
1.52, 8430714
1.53, 8430714
1.54, 8430714
1.55, 8430714
1.56, 8430714
1.57, 8430714
1.58, 8430714
1.59, 8430714
1.6, 8430714
1.61, 8430714
1.62, 8430714
1.63, 8430714
1.64, 8430714
1.65, 8430714
1.66, 8430714
1.67, 8430714
1.68, 8430714
1.69, 8430714
1.7, 8430714
1.71, 8430714
1.72, 8430714
1.73, 8430714
1.74, 8430714
1.75, 8430714
1.76, 8430714
1.77, 8430714
1.78, 8430714
1.79, 8430714
1.8, 8430714
1.81, 8430714
1.82, 8430714
1.83, 8430714
1.84, 8430714
1.85, 8430714
1.86, 8430714
1.87, 8430714
1.88, 8430714
1.89, 8430714
1.9, 8430714
1.91, 8430714
1.92, 8430714
1.93, 8430714
1.94, 8430714
1.95, 8430714
1.96, 8430714
1.97, 8430714
1.98, 8430714
1.99, 8430714
2.0, 8430714
2.01, 8430714
2.02, 8430714
2.03, 8430714
2.04, 8430714
2.05, 8430714
2.06, 8430714
2.07, 8430714
2.08, 8430714
2.09, 8430714
2.1, 8430714
2.11, 8430714
2.12, 8430714
2.13, 8430714
2.14, 8430714
2.15, 8430714
2.16, 8430714
2.17, 8430714
2.18, 8430714
2.19, 8430714
2.2, 8430714
2.21, 8430714
2.22, 8430714
2.23, 8430714
2.24, 8430714
2.25, 8430714
2.26, 8430714
2.27, 8430714
2.28, 8430714
2.29, 8430714
2.3, 8430714
2.31, 8430714
2.32, 8430714
2.33, 8430714
2.34, 8430714
2.35, 8430714
2.36, 8430714
2.37, 8430714
2.38, 8430714
2.39, 8430714
2.4, 8430714
2.41, 8430714
2.42, 8430714
2.43, 8430714
2.44, 8430714
2.45, 8430714
2.46, 8430714
2.47, 8430714
2.48, 8430714
2.49, 8430714
2.5, 8430714
2.51, 8430714
2.52, 8430714
2.53, 8430714
2.54, 8430714
2.55, 8430714
2.56, 8430714
2.57, 8430714
2.58, 8430714
2.59, 8430714
2.6, 8430714
2.61, 8430714
2.62, 8430714
2.63, 8430714
2.64, 8430714
2.65, 8430714
2.66, 8430714
2.67, 8430714
2.68, 8430714
2.69, 8430714
2.7, 8430714
2.71, 8430714
2.72, 8430714
2.73, 8430714
2.74, 8430714
2.75, 8430714
2.76, 8430714
2.77, 8430714
2.78, 8430714
2.79, 8430714
2.8, 8430714
2.81, 8430714
2.82, 8430714
2.83, 8430714
2.84, 8430714
2.85, 8430714
2.86, 8430714
2.87, 8430714
2.88, 8430714
2.89, 8430714
2.9, 8430714
2.91, 8430714
2.92, 8430714
2.93, 8430714
2.94, 8430714
2.95, 8430714
2.96, 8430714
2.97, 8430714
2.98, 8430714
2.99, 8430714
3.0, 8430714
3.01, 8430714
3.02, 8430714
3.03, 8430714
3.04, 8430714
3.05, 8430714
3.06, 8430714
3.07, 8430714
3.08, 8430714
3.09, 8430714
3.1, 8430714
3.11, 8430714
3.12, 8430714
3.13, 8430714
3.14, 8430714
3.15, 8430714
3.16, 8430714
3.17, 8430714
3.18, 8430714
3.19, 8430714
3.2, 8430714
3.21, 8430714
3.22, 8430714
3.23, 8239791
3.24, 8239791
3.25, 8239791
3.26, 8239791
3.27, 8239791
3.28, 8239791
3.29, 8239791
3.3, 8239791
3.31, 8239791
3.32, 8239791
3.33, 8239791
3.34, 8239791
3.35, 8239791
3.36, 8239791
3.37, 8239791
3.38, 8239791
3.39, 8239791
3.4, 8239791
3.41, 8239791
3.42, 8239791
3.43, 8239791
3.44, 8239791
3.45, 8239791
3.46, 8239791
3.47, 8239791
3.48, 8239791
3.49, 8239791
3.5, 8239791
3.51, 8239791
3.52, 8239791
3.53, 8239791
3.54, 8239791
3.55, 8239791
3.56, 8239791
3.57, 8239791
3.58, 8239791
3.59, 8239791
3.6, 8239791
3.61, 8239791
3.62, 8239791
3.63, 8239791
3.64, 8239791
3.65, 8239791
3.66, 8239791
3.67, 8239791
3.68, 8239791
3.69, 8239791
3.7, 8239791
3.71, 8239791
3.72, 8239791
3.73, 8239791
3.74, 8239791
3.75, 8239791
3.76, 8239791
3.77, 8239791
3.78, 8239791
3.79, 8239791
3.8, 8239791
3.81, 8239791
3.82, 8239791
3.83, 8239791
3.84, 8239791
3.85, 8239791
3.86, 8239791
3.87, 8239791
3.88, 8239791
3.89, 8239791
3.9, 8239791
3.91, 8239791
3.92, 8239791
3.93, 8239791
3.94, 8239791
3.95, 8239791
3.96, 8239791
3.97, 8239791
3.98, 8239791
3.99, 8239791
4.0, 8239791
4.01, 8239791
4.02, 8239791
4.03, 8239791
4.04, 8239791
4.05, 8239791
4.06, 8239791
4.07, 8239791
4.08, 8239791
4.09, 8239791
4.1, 8239791
4.11, 8239791
4.12, 8239791
4.13, 8239791
4.14, 8239791
4.15, 8239791
4.16, 8239791
4.17, 8239791
4.18, 8239791
4.19, 8239791
4.2, 8239791
4.21, 8239791
4.22, 8239791
4.23, 8239791
4.24, 8239791
4.25, 8239791
4.26, 8239791
4.27, 8239791
4.28, 8239791
4.29, 8239791
4.3, 8239791
4.31, 8239791
4.32, 8239791
4.33, 8239791
4.34, 8239791
4.35, 8239791
4.36, 8239791
4.37, 8239791
4.38, 8239791
4.39, 8239791
4.4, 8239791
4.41, 8239791
4.42, 8239791
4.43, 8239791
4.44, 8239791
4.45, 8239791
4.46, 8239791
4.47, 8239791
4.48, 8239791
4.49, 8239791
4.5, 8239791
4.51, 8239791
4.52, 8239791
4.53, 8239791
4.54, 8239791
4.55, 8239791
4.56, 8239791
4.57, 8239791
4.58, 8239791
4.59, 8239791
4.6, 8239791
4.61, 8239791
4.62, 8239791
4.63, 8239791
4.64, 8239791
4.65, 8239791
4.66, 8239791
4.67, 8239791
4.68, 8239791
4.69, 8239791
4.7, 8239791
4.71, 8239791
4.72, 8239791
4.73, 8239791
4.74, 8239791
4.75, 8239791
4.76, 8239791
4.77, 8239791
4.78, 8239791
4.79, 8239791
4.8, 8239791
4.81, 8239791
4.82, 8239791
4.83, 8239791
4.84, 8239791
4.85, 8239791
4.86, 8239791
4.87, 8239791
4.88, 8239791
4.89, 8239791
4.9, 8239791
4.91, 8239791
4.92, 8239791
4.93, 8239791
4.94, 8239791
4.95, 8239791
4.96, 8239791
4.97, 8239791
4.98, 8239791
4.99, 8239791
5.0, 8239791
5.01, 8239791
5.02, 8239791
5.03, 8239791
5.04, 8239791
5.05, 8239791
5.06, 8239791
5.07, 8239791
5.08, 8239791
5.09, 8239791
5.1, 8239791
5.11, 8239791
5.12, 8239791
5.13, 8239791
5.14, 8239791
5.15, 8239791
5.16, 8239791
5.17, 8239791
5.18, 8239791
5.19, 8239791
5.2, 8239791
5.21, 8239791
5.22, 8239791
5.23, 8239791
5.24, 8239791
5.25, 8239791
5.26, 8239791
5.27, 8239791
5.28, 8239791
5.29, 8239791
5.3, 8239791
5.31, 8239791
5.32, 8239791
5.33, 8239791
5.34, 8239791
5.35, 8239791
5.36, 8239791
5.37, 8239791
5.38, 8239791
5.39, 8239791
5.4, 8239791
5.41, 8239791
5.42, 8239791
5.43, 8239791
5.44, 8239791
5.45, 8239791
5.46, 8239791
5.47, 8239791
5.48, 8239791
5.49, 8239791
5.5, 8239791
5.51, 8239791
5.52, 8239791
5.53, 8239791
5.54, 8239791
5.55, 8239791
5.56, 8239791
5.57, 8239791
5.58, 8239791
5.59, 8239791
5.6, 8239791
5.61, 8239791
5.62, 8239791
5.63, 8239791
5.64, 8239791
5.65, 8239791
5.66, 8239791
5.67, 8239791
5.68, 8239791
5.69, 8239791
5.7, 8239791
5.71, 8239791
5.72, 8239791
5.73, 8239791
5.74, 8239791
5.75, 8239791
5.76, 8239791
5.77, 8239791
5.78, 8239791
5.79, 8239791
5.8, 8239791
5.81, 8239791
5.82, 8239791
5.83, 8239791
5.84, 8239791
5.85, 8239791
5.86, 8239791
5.87, 8239791
5.88, 8239791
5.89, 8239791
5.9, 8239791
5.91, 8239791
5.92, 8239791
5.93, 8239791
5.94, 8239791
5.95, 8239791
5.96, 8239791
5.97, 8239791
5.98, 8239791
5.99, 8239791
6.0, 8239791
6.01, 8239791
6.02, 8239791
6.03, 8239791
6.04, 8239791
6.05, 8239791
6.06, 8239791
6.07, 8239791
6.08, 8239791
6.09, 8239791
6.1, 8239791
6.11, 8239791
6.12, 8239791
6.13, 8239791
6.14, 8239791
6.15, 8239791
6.16, 8239791
6.17, 8239791
6.18, 8239791
6.19, 8239791
6.2, 8239791
6.21, 8239791
6.22, 8239791
6.23, 8239791
6.24, 8239791
6.25, 8239791
6.26, 8239791
6.27, 8239791
6.28, 8239791
6.29, 8239791
6.3, 8239791
6.31, 8239791
6.32, 8239791
6.33, 8239791
6.34, 8239791
6.35, 8239791
6.36, 8239791
6.37, 8239791
6.38, 8239791
6.39, 8239791
6.4, 8239791
6.41, 8239791
6.42, 8239791
6.43, 8239791
6.44, 8239791
6.45, 8239791
6.46, 8239791
6.47, 8239791
6.48, 8239791
6.49, 8239791
6.5, 8239791
6.51, 8239791
6.52, 8239791
6.53, 8239791
6.54, 8239791
6.55, 8239791
6.56, 8239791
6.57, 8239791
6.58, 8239791
6.59, 8239791
6.6, 8239791
6.61, 8239791
6.62, 8239791
6.63, 8239791
6.64, 8239791
6.65, 8239791
6.66, 8239791
6.67, 8239791
6.68, 8239791
6.69, 8239791
6.7, 8239791
6.71, 8239791
6.72, 8239791
6.73, 8239791
6.74, 8239791
6.75, 8239791
6.76, 8239791
6.77, 8239791
6.78, 8239791
6.79, 8239791
6.8, 8239791
6.81, 8239791
6.82, 8239791
6.83, 8239791
6.84, 8239791
6.85, 8239791
6.86, 8239791
6.87, 8239791
6.88, 8239791
6.89, 8239791
6.9, 8239791
6.91, 8239791
6.92, 8239791
6.93, 8239791
6.94, 8239791
6.95, 8239791
6.96, 8239791
6.97, 8239791
6.98, 8239791
6.99, 8239791
7.0, 8239791
7.01, 8239791
7.02, 8239791
7.03, 8239791
7.04, 8239791
7.05, 8239791
7.06, 8239791
7.07, 8239791
7.08, 8239791
7.09, 8239791
7.1, 8239791
7.11, 8239791
7.12, 8239791
7.13, 8239791
7.14, 8239791
7.15, 8239791
7.16, 8239791
7.17, 8239791
7.18, 8239791
7.19, 8239791
7.2, 8239791
7.21, 8239791
7.22, 8239791
7.23, 8239791
7.24, 8239791
7.25, 8239791
7.26, 8239791
7.27, 8239791
7.28, 8239791
7.29, 8239791
7.3, 8239791
7.31, 8239791
7.32, 8239791
7.33, 8239791
7.34, 8239791
7.35, 8239791
7.36, 8239791
7.37, 8239791
7.38, 8239791
7.39, 8239791
7.4, 8239791
7.41, 8239791
7.42, 8239791
7.43, 8239791
7.44, 8239791
7.45, 8239791
7.46, 8239791
7.47, 8239791
7.48, 8239791
7.49, 8239791
7.5, 8239791
7.51, 8239791
7.52, 8239791
7.53, 8239791
7.54, 8239791
7.55, 8239791
7.56, 8239791
7.57, 8239791
7.58, 8239791
7.59, 8239791
7.6, 8239791
7.61, 8239791
7.62, 8239791
7.63, 8239791
7.64, 8239791
7.65, 8239791
7.66, 8239791
7.67, 8239791
7.68, 8239791
7.69, 8239791
7.7, 8239791
7.71, 8239791
7.72, 8239791
7.73, 8239791
7.74, 8239791
7.75, 8239791
7.76, 8239791
7.77, 8239791
7.78, 8239791
7.79, 8239791
7.8, 8239791
7.81, 8239791
7.82, 8239791
7.83, 8239791
7.84, 8239791
7.85, 8239791
7.86, 8239791
7.87, 8239791
7.88, 8239791
7.89, 8239791
7.9, 8239791
7.91, 8239791
7.92, 8239791
7.93, 8239791
7.94, 8239791
7.95, 8239791
7.96, 8239791
7.97, 8239791
7.98, 8239791
7.99, 8239791
8.0, 8239791
8.01, 8239791
8.02, 8239791
8.03, 8239791
8.04, 8239791
8.05, 8239791
8.06, 8239791
8.07, 8239791
8.08, 8239791
8.09, 8239791
8.1, 8239791
8.11, 8239791
8.12, 8239791
8.13, 8239791
8.14, 8239791
8.15, 8239791
8.16, 8239791
8.17, 8239791
8.18, 8239791
8.19, 8239791
8.2, 8239791
8.21, 8239791
8.22, 8239791
8.23, 8239791
8.24, 8239791
8.25, 8239791
8.26, 8239791
8.27, 8239791
8.28, 8239791
8.29, 8239791
8.3, 8239791
8.31, 8239791
8.32, 8239791
8.33, 8239791
8.34, 8239791
8.35, 8239791
8.36, 8239791
8.37, 8239791
8.38, 8239791
8.39, 8239791
8.4, 8239791
8.41, 8239791
8.42, 8239791
8.43, 8239791
8.44, 8239791
8.45, 8239791
8.46, 8239791
8.47, 8239791
8.48, 8239791
8.49, 8239791
8.5, 8239791
8.51, 8239791
8.52, 8239791
8.53, 8239791
8.54, 8239791
8.55, 8239791
8.56, 8239791
8.57, 8239791
8.58, 8239791
8.59, 8239791
8.6, 8239791
8.61, 8239791
8.62, 8239791
8.63, 8239791
8.64, 8239791
8.65, 8239791
8.66, 8239791
8.67, 8239791
8.68, 8239791
8.69, 8239791
8.7, 8239791
8.71, 8239791
8.72, 8239791
8.73, 8239791
8.74, 8239791
8.75, 8239791
8.76, 8239791
8.77, 8239791
8.78, 8239791
8.79, 8239791
8.8, 8239791
8.81, 8239791
8.82, 8239791
8.83, 8239791
8.84, 8239791
8.85, 8239791
8.86, 8239791
8.87, 8239791
8.88, 8239791
8.89, 8239791
8.9, 8239791
8.91, 8239791
8.92, 8239791
8.93, 8239791
8.94, 8239791
8.95, 8239791
8.96, 8239791
8.97, 8239791
8.98, 8239791
8.99, 8239791
9.0, 8239791
9.01, 8239791
9.02, 8239791
9.03, 8239791
9.04, 8239791
9.05, 8239791
9.06, 8239791
9.07, 8239791
9.08, 8239791
9.09, 8239791
9.1, 8239791
9.11, 8239791
9.12, 8239791
9.13, 8239791
9.14, 8239791
9.15, 8239791
9.16, 8239791
9.17, 8239791
9.18, 8239791
9.19, 8239791
9.2, 8239791
9.21, 8239791
9.22, 8239791
9.23, 8239791
9.24, 8239791
9.25, 8239791
9.26, 8239791
9.27, 8239791
9.28, 8239791
9.29, 8239791
9.3, 8239791
9.31, 8239791
9.32, 8239791
9.33, 8239791
9.34, 8239791
9.35, 8239791
9.36, 8239791
9.37, 8239791
9.38, 8239791
9.39, 8239791
9.4, 8239791
9.41, 8239791
9.42, 8239791
9.43, 8239791
9.44, 8239791
9.45, 8239791
9.46, 8239791
9.47, 8239791
9.48, 8239791
9.49, 8239791
9.5, 8239791
9.51, 8239791
9.52, 8239791
9.53, 8239791
9.54, 8239791
9.55, 8239791
9.56, 8239791
9.57, 8239791
9.58, 8239791
9.59, 8239791
9.6, 8239791
9.61, 8239791
9.62, 8239791
9.63, 8239791
9.64, 8239791
9.65, 8239791
9.66, 8239791
9.67, 8239791
9.68, 8239791
9.69, 8239791
9.7, 8239791
9.71, 8239791
9.72, 8239791
9.73, 8239791
9.74, 8239791
9.75, 8239791
9.76, 8239791
9.77, 8239791
9.78, 8239791
9.79, 8239791
9.8, 8239791
9.81, 8239791
9.82, 8239791
9.83, 8239791
9.84, 8239791
9.85, 8239791
9.86, 8239791
9.87, 8239791
9.88, 8239791
9.89, 8239791
9.9, 8239791
9.91, 8239791
9.92, 8239791
9.93, 8239791
9.94, 8239791
9.95, 8239791
9.96, 8239791
9.97, 8239791
9.98, 8239791
9.99, 8239791
10.0, 8239791
10.01, 8239791
10.02, 8239791
10.03, 8239791
10.04, 8239791
10.05, 8239791
10.06, 8239791
10.07, 8239791
10.08, 8239791
10.09, 8239791
10.1, 8239791
10.11, 8239791
10.12, 8239791
10.13, 8239791
10.14, 8239791
10.15, 8239791
10.16, 8239791
10.17, 8239791
10.18, 8239791
10.19, 8239791
10.2, 8239791
10.21, 8239791
10.22, 8239791
10.23, 8239791
10.24, 8239791
10.25, 8239791
10.26, 8239791
10.27, 8239791
10.28, 8239791
10.29, 8239791
10.3, 8239791
10.31, 8239791
10.32, 8239791
10.33, 8239791
10.34, 8239791
10.35, 8239791
10.36, 8239791
10.37, 8239791
10.38, 8239791
10.39, 8239791
10.4, 8239791
10.41, 8239791
10.42, 8239791
10.43, 8239791
10.44, 8239791
10.45, 8239791
10.46, 8239791
10.47, 8239791
10.48, 8239791
10.49, 8239791
10.5, 8239791
10.51, 8239791
10.52, 8239791
10.53, 8239791
10.54, 8239791
10.55, 8239791
10.56, 8239791
10.57, 8239791
10.58, 8239791
10.59, 8239791
10.6, 8239791
10.61, 8239791
10.62, 8239791
10.63, 8239791
10.64, 8239791
10.65, 8239791
10.66, 8239791
10.67, 8239791
10.68, 8239791
10.69, 8239791
10.7, 8239791
10.71, 8239791
10.72, 8239791
10.73, 8239791
10.74, 8239791
10.75, 8239791
10.76, 8239791
10.77, 8239791
10.78, 8239791
10.79, 8239791
10.8, 8239791
10.81, 8239791
10.82, 8239791
10.83, 8239791
10.84, 8239791
10.85, 8239791
10.86, 8239791
10.87, 8239791
10.88, 8239791
10.89, 8239791
10.9, 8239791
10.91, 8239791
10.92, 8239791
10.93, 8239791
10.94, 8239791
10.95, 8239791
10.96, 8239791
10.97, 8239791
10.98, 8239791
10.99, 8239791
11.0, 8239791
11.01, 8239791
11.02, 8239791
11.03, 8239791
11.04, 8239791
11.05, 8239791
11.06, 8239791
11.07, 8239791
11.08, 8239791
11.09, 8239791
11.1, 8239791
11.11, 8239791
11.12, 8239791
11.13, 8239791
11.14, 8239791
11.15, 8239791
11.16, 8239791
11.17, 8239791
11.18, 8239791
11.19, 8239791
11.2, 8239791
11.21, 8239791
11.22, 8239791
11.23, 8239791
11.24, 8239791
11.25, 8239791
11.26, 8239791
11.27, 8239791
11.28, 8239791
11.29, 8239791
11.3, 8239791
11.31, 8239791
11.32, 8239791
11.33, 8239791
11.34, 8239791
11.35, 8239791
11.36, 8239791
11.37, 8239791
11.38, 8239791
11.39, 8239791
11.4, 8239791
11.41, 8239791
11.42, 8239791
11.43, 8239791
11.44, 8239791
11.45, 8239791
11.46, 8239791
11.47, 8239791
11.48, 8239791
11.49, 8239791
11.5, 8239791
11.51, 8239791
11.52, 8239791
11.53, 8239791
11.54, 8239791
11.55, 8239791
11.56, 8239791
11.57, 8239791
11.58, 8239791
11.59, 8239791
11.6, 8239791
11.61, 8239791
11.62, 8239791
11.63, 8239791
11.64, 8239791
11.65, 8239791
11.66, 8239791
11.67, 8239791
11.68, 8239791
11.69, 8239791
11.7, 8239791
11.71, 8239791
11.72, 8239791
11.73, 8239791
11.74, 8239791
11.75, 8239791
11.76, 8239791
11.77, 8239791
11.78, 8239791
11.79, 8239791
11.8, 8239791
11.81, 8239791
11.82, 8239791
11.83, 8239791
11.84, 8239791
11.85, 8239791
11.86, 8239791
11.87, 8239791
11.88, 8239791
11.89, 8239791
11.9, 8239791
11.91, 8239791
11.92, 8239791
11.93, 8239791
11.94, 8239791
11.95, 8239791
11.96, 8239791
11.97, 8239791
11.98, 8239791
11.99, 8239791
12.0, 8239791
12.01, 8239791
12.02, 8239791
12.03, 8239791
12.04, 8239791
12.05, 8239791
12.06, 8239791
12.07, 8239791
12.08, 8239791
12.09, 8239791
12.1, 8239791
12.11, 8239791
12.12, 8239791
12.13, 8239791
12.14, 8239791
12.15, 8239791
12.16, 8239791
12.17, 8239791
12.18, 8239791
12.19, 8239791
12.2, 8239791
12.21, 8239791
12.22, 8239791
12.23, 8239791
12.24, 8239791
12.25, 8239791
12.26, 8239791
12.27, 8239791
12.28, 8239791
12.29, 8239791
12.3, 8239791
12.31, 8239791
12.32, 8239791
12.33, 8239791
12.34, 8239791
12.35, 8239791
12.36, 8239791
12.37, 8239791
12.38, 8239791
12.39, 8239791
12.4, 8239791
12.41, 8239791
12.42, 8239791
12.43, 8239791
12.44, 8239791
12.45, 8239791
12.46, 8239791
12.47, 8239791
12.48, 8239791
12.49, 8239791
12.5, 8239791
12.51, 8239791
12.52, 8239791
12.53, 8239791
12.54, 8239791
12.55, 8239791
12.56, 8239791
12.57, 8239791
12.58, 8239791
12.59, 8239791
12.6, 8239791
12.61, 8239791
12.62, 8239791
12.63, 8239791
12.64, 8239791
12.65, 8239791
12.66, 8239791
12.67, 8239791
12.68, 8239791
12.69, 8239791
12.7, 8239791
12.71, 8239791
12.72, 8239791
12.73, 8239791
12.74, 8239791
12.75, 8239791
12.76, 8239791
12.77, 8239791
12.78, 8239791
12.79, 8239791
12.8, 8239791
12.81, 8239791
12.82, 8239791
12.83, 8239791
12.84, 8239791
12.85, 8239791
12.86, 8239791
12.87, 8239791
12.88, 8239791
12.89, 8239791
12.9, 8239791
12.91, 8239791
12.92, 8239791
12.93, 8239791
12.94, 8239791
12.95, 8239791
12.96, 8239791
12.97, 8239791
12.98, 8239791
12.99, 8239791
13.0, 8239791
13.01, 8239791
13.02, 8239791
13.03, 8239791
13.04, 8239791
13.05, 8239791
13.06, 8239791
13.07, 8239791
13.08, 8239791
13.09, 8239791
13.1, 8239791
13.11, 8239791
13.12, 8239791
13.13, 8239791
13.14, 8239791
13.15, 8239791
13.16, 8239791
13.17, 8239791
13.18, 8239791
13.19, 8239791
13.2, 8239791
13.21, 8239791
13.22, 8239791
13.23, 8239791
13.24, 8239791
13.25, 8239791
13.26, 8239791
13.27, 8239791
13.28, 8239791
13.29, 8239791
13.3, 8239791
13.31, 8239791
13.32, 8239791
13.33, 8239791
13.34, 8239791
13.35, 8239791
13.36, 8239791
13.37, 8239791
13.38, 8239791
13.39, 8239791
13.4, 8239791
13.41, 8239791
13.42, 8239791
13.43, 8239791
13.44, 8239791
13.45, 8239791
13.46, 8239791
13.47, 8239791
13.48, 8239791
13.49, 8239791
13.5, 8239791
13.51, 8239791
13.52, 8239791
13.53, 8239791
13.54, 8239791
13.55, 8239791
13.56, 8239791
13.57, 8239791
13.58, 8239791
13.59, 8239791
13.6, 8239791
13.61, 8239791
13.62, 8239791
13.63, 8239791
13.64, 8239791
13.65, 8239791
13.66, 8239791
13.67, 8239791
13.68, 8239791
13.69, 8239791
13.7, 8239791
13.71, 8239791
13.72, 8239791
13.73, 8239791
13.74, 8239791
13.75, 8239791
13.76, 8239791
13.77, 8239791
13.78, 8239791
13.79, 8239791
13.8, 8239791
13.81, 8239791
13.82, 8239791
13.83, 8239791
13.84, 8239791
13.85, 8239791
13.86, 8239791
13.87, 8239791
13.88, 8239791
13.89, 8239791
13.9, 8239791
13.91, 8239791
13.92, 8239791
13.93, 8239791
13.94, 8239791
13.95, 8239791
13.96, 8239791
13.97, 8239791
13.98, 8239791
13.99, 8239791
14.0, 8239791
14.01, 8239791
14.02, 8239791
14.03, 8239791
14.04, 8239791
14.05, 8239791
14.06, 8239791
14.07, 8239791
14.08, 8239791
14.09, 8239791
14.1, 8239791
14.11, 8239791
14.12, 8239791
14.13, 8239791
14.14, 8239791
14.15, 8239791
14.16, 8239791
14.17, 8239791
14.18, 8239791
14.19, 8239791
14.2, 8239791
14.21, 8239791
14.22, 8239791
14.23, 8239791
14.24, 8239791
14.25, 8239791
14.26, 8239791
14.27, 8239791
14.28, 8239791
14.29, 8239791
14.3, 8239791
14.31, 8239791
14.32, 8239791
14.33, 8239791
14.34, 8239791
14.35, 8239791
14.36, 8239791
14.37, 8239791
14.38, 8239791
14.39, 8239791
14.4, 8239791
14.41, 8239791
14.42, 8239791
14.43, 8239791
14.44, 8239791
14.45, 8239791
14.46, 8239791
14.47, 8239791
14.48, 8239791
14.49, 8239791
14.5, 8239791
14.51, 8239791
14.52, 8239791
14.53, 8239791
14.54, 8239791
14.55, 8239791
14.56, 8239791
14.57, 8239791
14.58, 8239791
14.59, 8239791
14.6, 8239791
14.61, 8239791
14.62, 8239791
14.63, 8239791
14.64, 8239791
14.65, 8239791
14.66, 8239791
14.67, 8239791
14.68, 8239791
14.69, 8239791
14.7, 8239791
14.71, 8239791
14.72, 8239791
14.73, 8239791
14.74, 8239791
14.75, 8239791
14.76, 8239791
14.77, 8239791
14.78, 8239791
14.79, 8239791
14.8, 8239791
14.81, 8239791
14.82, 8239791
14.83, 8239791
14.84, 8239791
14.85, 8239791
14.86, 8239791
14.87, 8239791
14.88, 8239791
14.89, 8239791
14.9, 8239791
14.91, 8239791
14.92, 8239791
14.93, 8239791
14.94, 8239791
14.95, 8239791
14.96, 8239791
14.97, 8239791
14.98, 8239791
14.99, 8239791
15.0, 8239791
15.01, 8239791
15.02, 8239791
15.03, 8239791
15.04, 8239791
15.05, 8239791
15.06, 8239791
15.07, 8239791
15.08, 8239791
15.09, 8239791
15.1, 8239791
15.11, 8239791
15.12, 8239791
15.13, 8239791
15.14, 8239791
15.15, 8239791
15.16, 8239791
15.17, 8239791
15.18, 8239791
15.19, 8239791
15.2, 8239791
15.21, 8239791
15.22, 8239791
15.23, 8239791
15.24, 8239791
15.25, 8239791
15.26, 8239791
15.27, 8239791
15.28, 8239791
15.29, 8239791
15.3, 8239791
15.31, 8239791
15.32, 8239791
15.33, 8239791
15.34, 8239791
15.35, 8239791
15.36, 8239791
15.37, 8239791
15.38, 8239791
15.39, 8239791
15.4, 8239791
15.41, 8239791
15.42, 8239791
15.43, 8239791
15.44, 8239791
15.45, 8239791
15.46, 8239791
15.47, 8239791
15.48, 8239791
15.49, 8239791
15.5, 8239791
15.51, 8239791
15.52, 8239791
15.53, 8239791
15.54, 8239791
15.55, 8239791
15.56, 8239791
15.57, 8239791
15.58, 8239791
15.59, 8239791
15.6, 8239791
15.61, 8239791
15.62, 8239791
15.63, 8239791
15.64, 8239791
15.65, 8239791
15.66, 8239791
15.67, 8239791
15.68, 8239791
15.69, 8239791
15.7, 8239791
15.71, 8239791
15.72, 8239791
15.73, 8239791
15.74, 8239791
15.75, 8239791
15.76, 8239791
15.77, 8239791
15.78, 8239791
15.79, 8239791
15.8, 8239791
15.81, 8239791
15.82, 8239791
15.83, 8239791
15.84, 8239791
15.85, 8239791
15.86, 8239791
15.87, 8239791
15.88, 8239791
15.89, 8239791
15.9, 8239791
15.91, 8239791
15.92, 8239791
15.93, 8239791
15.94, 8239791
15.95, 8239791
15.96, 8239791
15.97, 8239791
15.98, 8239791
15.99, 8239791
16.0, 8239791
16.01, 8239791
16.02, 8239791
16.03, 8239791
16.04, 8239791
16.05, 8239791
16.06, 8239791
16.07, 8239791
16.08, 8239791
16.09, 8239791
16.1, 8239791
16.11, 8239791
16.12, 8239791
16.13, 8239791
16.14, 8239791
16.15, 8239791
16.16, 8239791
16.17, 8239791
16.18, 8239791
16.19, 8239791
16.2, 8239791
16.21, 8239791
16.22, 8239791
16.23, 8239791
16.24, 8239791
16.25, 8239791
16.26, 8239791
16.27, 8239791
16.28, 8239791
16.29, 8239791
16.3, 8239791
16.31, 8239791
16.32, 8239791
16.33, 8239791
16.34, 8239791
16.35, 8239791
16.36, 8239791
16.37, 8239791
16.38, 8239791
16.39, 8239791
16.4, 8239791
16.41, 8239791
16.42, 8239791
16.43, 8239791
16.44, 8239791
16.45, 8239791
16.46, 8239791
16.47, 8239791
16.48, 8239791
16.49, 8239791
16.5, 8239791
16.51, 8239791
16.52, 8239791
16.53, 8239791
16.54, 8239791
16.55, 8239791
16.56, 8239791
16.57, 8239791
16.58, 8239791
16.59, 8239791
16.6, 8239791
16.61, 8239791
16.62, 8239791
16.63, 8239791
16.64, 8239791
16.65, 8239791
16.66, 8239791
16.67, 8239791
16.68, 8239791
16.69, 8239791
16.7, 8239791
16.71, 8239791
16.72, 8239791
16.73, 8239791
16.74, 8239791
16.75, 8239791
16.76, 8239791
16.77, 8239791
16.78, 8239791
16.79, 8239791
16.8, 8239791
16.81, 8239791
16.82, 8239791
16.83, 8239791
16.84, 8239791
16.85, 8239791
16.86, 8239791
16.87, 8239791
16.88, 8239791
16.89, 8239791
16.9, 8239791
16.91, 8239791
16.92, 8239791
16.93, 8239791
16.94, 8239791
16.95, 8239791
16.96, 8239791
16.97, 8239791
16.98, 8239791
16.99, 8239791
17.0, 8239791
17.01, 8239791
17.02, 8239791
17.03, 8239791
17.04, 8239791
17.05, 8239791
17.06, 8239791
17.07, 8239791
17.08, 8239791
17.09, 8239791
17.1, 8239791
17.11, 8239791
17.12, 8239791
17.13, 8239791
17.14, 8239791
17.15, 8239791
17.16, 8239791
17.17, 8239791
17.18, 8239791
17.19, 8239791
17.2, 8239791
17.21, 8239791
17.22, 8239791
17.23, 8239791
17.24, 8239791
17.25, 8239791
17.26, 8239791
17.27, 8239791
17.28, 8239791
17.29, 8239791
17.3, 8239791
17.31, 8239791
17.32, 8239791
17.33, 8239791
17.34, 8239791
17.35, 8239791
17.36, 8239791
17.37, 8239791
17.38, 8239791
17.39, 8239791
17.4, 8239791
17.41, 8239791
17.42, 8239791
17.43, 8239791
17.44, 8239791
17.45, 8239791
17.46, 8239791
17.47, 8239791
17.48, 8239791
17.49, 8239791
17.5, 8239791
17.51, 8239791
17.52, 8239791
17.53, 8239791
17.54, 8239791
17.55, 8239791
17.56, 8239791
17.57, 8239791
17.58, 8239791
17.59, 8239791
17.6, 8239791
17.61, 8239791
17.62, 8239791
17.63, 8239791
17.64, 8239791
17.65, 8239791
17.66, 8239791
17.67, 8239791
17.68, 8239791
17.69, 8239791
17.7, 8239791
17.71, 8239791
17.72, 8239791
17.73, 8239791
17.74, 8239791
17.75, 8239791
17.76, 8239791
17.77, 8239791
17.78, 8239791
17.79, 8239791
17.8, 8239791
17.81, 8239791
17.82, 8239791
17.83, 8239791
17.84, 8239791
17.85, 8239791
17.86, 8239791
17.87, 8239791
17.88, 8239791
17.89, 8239791
17.9, 8239791
17.91, 8239791
17.92, 8239791
17.93, 8239791
17.94, 8239791
17.95, 8239791
17.96, 8239791
17.97, 8239791
17.98, 8239791
17.99, 8239791
18.0, 8239791
18.01, 8239791
18.02, 8239791
18.03, 8239791
18.04, 8239791
18.05, 8239791
18.06, 8239791
18.07, 8239791
18.08, 8239791
18.09, 8239791
18.1, 8239791
18.11, 8239791
18.12, 8239791
18.13, 8239791
18.14, 8239791
18.15, 8239791
18.16, 8239791
18.17, 8239791
18.18, 8239791
18.19, 8239791
18.2, 8239791
18.21, 8239791
18.22, 8239791
18.23, 8239791
18.24, 8239791
18.25, 8239791
18.26, 8239791
18.27, 8239791
18.28, 8239791
18.29, 8239791
18.3, 8239791
18.31, 8239791
18.32, 8239791
18.33, 8239791
18.34, 8239791
18.35, 8239791
18.36, 8239791
18.37, 8239791
18.38, 8239791
18.39, 8239791
18.4, 8239791
18.41, 8239791
18.42, 8239791
18.43, 8239791
18.44, 8239791
18.45, 8239791
18.46, 8239791
18.47, 8239791
18.48, 8239791
18.49, 8239791
18.5, 8239791
18.51, 8239791
18.52, 8239791
18.53, 8239791
18.54, 8239791
18.55, 8239791
18.56, 8239791
18.57, 8239791
18.58, 8239791
18.59, 8239791
18.6, 8239791
18.61, 8239791
18.62, 8239791
18.63, 8239791
18.64, 8239791
18.65, 8239791
18.66, 8239791
18.67, 8239791
18.68, 8239791
18.69, 8239791
18.7, 8239791
18.71, 8239791
18.72, 8239791
18.73, 8239791
18.74, 8239791
18.75, 8239791
18.76, 8239791
18.77, 8239791
18.78, 8239791
18.79, 8239791
18.8, 8239791
18.81, 8239791
18.82, 8239791
18.83, 8239791
18.84, 8239791
18.85, 8239791
18.86, 8239791
18.87, 8239791
18.88, 8239791
18.89, 8239791
18.9, 8239791
18.91, 8239791
18.92, 8239791
18.93, 8239791
18.94, 8239791
18.95, 8239791
18.96, 8239791
18.97, 8239791
18.98, 8239791
18.99, 8239791
19.0, 8239791
19.01, 8239791
19.02, 8239791
19.03, 8239791
19.04, 8239791
19.05, 8239791
19.06, 8239791
19.07, 8239791
19.08, 8239791
19.09, 8239791
19.1, 8239791
19.11, 8239791
19.12, 8239791
19.13, 8239791
19.14, 8239791
19.15, 8239791
19.16, 8239791
19.17, 8239791
19.18, 8239791
19.19, 8239791
19.2, 8239791
19.21, 8239791
19.22, 8239791
19.23, 8239791
19.24, 8239791
19.25, 8239791
19.26, 8239791
19.27, 8239791
19.28, 8239791
19.29, 8239791
19.3, 8239791
19.31, 8239791
19.32, 8239791
19.33, 8239791
19.34, 8239791
19.35, 8239791
19.36, 8239791
19.37, 8239791
19.38, 8239791
19.39, 8239791
19.4, 8239791
19.41, 8239791
19.42, 8239791
19.43, 8239791
19.44, 8239791
19.45, 8239791
19.46, 8239791
19.47, 8239791
19.48, 8239791
19.49, 8239791
19.5, 8239791
19.51, 8239791
19.52, 8239791
19.53, 8239791
19.54, 8239791
19.55, 8239791
19.56, 8239791
19.57, 8239791
19.58, 8239791
19.59, 8239791
19.6, 8239791
19.61, 8239791
19.62, 8239791
19.63, 8239791
19.64, 8239791
19.65, 8239791
19.66, 8239791
19.67, 8239791
19.68, 8239791
19.69, 8239791
19.7, 8239791
19.71, 8239791
19.72, 8239791
19.73, 8239791
19.74, 8239791
19.75, 8239791
19.76, 8239791
19.77, 8239791
19.78, 8239791
19.79, 8239791
19.8, 8239791
19.81, 8239791
19.82, 8239791
19.83, 8239791
19.84, 8239791
19.85, 8239791
19.86, 8239791
19.87, 8239791
19.88, 8239791
19.89, 8239791
19.9, 8239791
19.91, 8239791
19.92, 8239791
19.93, 8239791
19.94, 8239791
19.95, 8239791
19.96, 8239791
19.97, 8239791
19.98, 8239791
19.99, 8239791
20.0, 8239791
20.01, 8239791
20.02, 8239791
20.03, 8239791
20.04, 8239791
20.05, 8239791
20.06, 8239791
20.07, 8239791
20.08, 8239791
20.09, 8239791
20.1, 8239791
20.11, 8239791
20.12, 8239791
20.13, 8239791
20.14, 8239791
20.15, 8239791
20.16, 8239791
20.17, 8239791
20.18, 8239791
20.19, 8239791
20.2, 8239791
20.21, 8239791
20.22, 8239791
20.23, 8239791
20.24, 8239791
20.25, 8239791
20.26, 8239791
20.27, 8239791
20.28, 8239791
20.29, 8239791
20.3, 8239791
20.31, 8239791
20.32, 8239791
20.33, 8239791
20.34, 8239791
20.35, 8239791
20.36, 8239791
20.37, 8239791
20.38, 8239791
20.39, 8239791
20.4, 8239791
20.41, 8239791
20.42, 8239791
20.43, 8239791
20.44, 8239791
20.45, 8239791
20.46, 8239791
20.47, 8239791
20.48, 8239791
20.49, 8239791
20.5, 8239791
20.51, 8239791
20.52, 8239791
20.53, 8239791
20.54, 8239791
20.55, 8239791
20.56, 8239791
20.57, 8239791
20.58, 8239791
20.59, 8239791
20.6, 8239791
20.61, 8239791
20.62, 8239791
20.63, 8239791
20.64, 8239791
20.65, 8239791
20.66, 8239791
20.67, 8239791
20.68, 8239791
20.69, 8239791
20.7, 8239791
20.71, 8239791
20.72, 8239791
20.73, 8239791
20.74, 8239791
20.75, 8239791
20.76, 8239791
20.77, 8239791
20.78, 8239791
20.79, 8239791
20.8, 8239791
20.81, 8239791
20.82, 8239791
20.83, 8239791
20.84, 8239791
20.85, 8239791
20.86, 8239791
20.87, 8239791
20.88, 8239791
20.89, 8239791
20.9, 8239791
20.91, 8239791
20.92, 8239791
20.93, 8239791
20.94, 8239791
20.95, 8239791
20.96, 8239791
20.97, 8239791
20.98, 8239791
20.99, 8239791
21.0, 8239791
21.01, 8239791
21.02, 8239791
21.03, 8239791
21.04, 8239791
21.05, 8239791
21.06, 8239791
21.07, 8239791
21.08, 8239791
21.09, 8239791
21.1, 8239791
21.11, 8239791
21.12, 8239791
21.13, 8239791
21.14, 8239791
21.15, 8239791
21.16, 8239791
21.17, 8239791
21.18, 8239791
21.19, 8239791
21.2, 8239791
21.21, 8239791
21.22, 8239791
21.23, 8239791
21.24, 8239791
21.25, 8239791
21.26, 8239791
21.27, 8239791
21.28, 8239791
21.29, 8239791
21.3, 8239791
21.31, 8239791
21.32, 8239791
21.33, 8239791
21.34, 8239791
21.35, 8239791
21.36, 8239791
21.37, 8239791
21.38, 8239791
21.39, 8239791
21.4, 8239791
21.41, 8239791
21.42, 8239791
21.43, 8239791
21.44, 8239791
21.45, 8239791
21.46, 8239791
21.47, 8239791
21.48, 8239791
21.49, 8239791
21.5, 8239791
21.51, 8239791
21.52, 8239791
21.53, 8239791
21.54, 8239791
21.55, 8239791
21.56, 8239791
21.57, 8239791
21.58, 8239791
21.59, 8239791
21.6, 8239791
21.61, 8239791
21.62, 8239791
21.63, 8239791
21.64, 8239791
21.65, 8239791
21.66, 8239791
21.67, 8239791
21.68, 8239791
21.69, 8239791
21.7, 8239791
21.71, 8239791
21.72, 8239791
21.73, 8239791
21.74, 8239791
21.75, 8239791
21.76, 8239791
21.77, 8239791
21.78, 8239791
21.79, 8239791
21.8, 8239791
21.81, 8239791
21.82, 8239791
21.83, 8239791
21.84, 8239791
21.85, 8239791
21.86, 8239791
21.87, 8239791
21.88, 8239791
21.89, 8239791
21.9, 8239791
21.91, 8239791
21.92, 8239791
21.93, 8239791
21.94, 8239791
21.95, 8239791
21.96, 8239791
21.97, 8239791
21.98, 8239791
21.99, 8239791
22.0, 8239791
22.01, 8239791
22.02, 8239791
22.03, 8239791
22.04, 8239791
22.05, 8239791
22.06, 8239791
22.07, 8239791
22.08, 8239791
22.09, 8239791
22.1, 8239791
22.11, 8239791
22.12, 8239791
22.13, 8239791
22.14, 8239791
22.15, 8239791
22.16, 8239791
22.17, 8239791
22.18, 8239791
22.19, 8239791
22.2, 8239791
22.21, 8239791
22.22, 8239791
22.23, 8239791
22.24, 8239791
22.25, 8239791
22.26, 8239791
22.27, 8239791
22.28, 8239791
22.29, 8239791
22.3, 8239791
22.31, 8239791
22.32, 8239791
22.33, 8239791
22.34, 8239791
22.35, 8239791
22.36, 8239791
22.37, 8239791
22.38, 8239791
22.39, 8239791
22.4, 8239791
22.41, 8239791
22.42, 8239791
22.43, 8239791
22.44, 8239791
22.45, 8239791
22.46, 8239791
22.47, 8239791
22.48, 8239791
22.49, 8239791
22.5, 8239791
22.51, 8239791
22.52, 8239791
22.53, 8239791
22.54, 8239791
22.55, 8239791
22.56, 8239791
22.57, 8239791
22.58, 8239791
22.59, 8239791
22.6, 8239791
22.61, 8239791
22.62, 8239791
22.63, 8239791
22.64, 8239791
22.65, 8239791
22.66, 8239791
22.67, 8239791
22.68, 8239791
22.69, 8239791
22.7, 8239791
22.71, 8239791
22.72, 8239791
22.73, 8239791
22.74, 8239791
22.75, 8239791
22.76, 8239791
22.77, 8239791
22.78, 8239791
22.79, 8239791
22.8, 8239791
22.81, 8239791
22.82, 8239791
22.83, 8239791
22.84, 8239791
22.85, 8239791
22.86, 8239791
22.87, 8239791
22.88, 8239791
22.89, 8239791
22.9, 8239791
22.91, 8239791
22.92, 8239791
22.93, 8239791
22.94, 8239791
22.95, 8239791
22.96, 8239791
22.97, 8239791
22.98, 8239791
22.99, 8239791
23.0, 8239791
23.01, 8239791
23.02, 8239791
23.03, 8239791
23.04, 8239791
23.05, 8239791
23.06, 8239791
23.07, 8239791
23.08, 8239791
23.09, 8239791
23.1, 8239791
23.11, 8239791
23.12, 8239791
23.13, 8239791
23.14, 8239791
23.15, 8239791
23.16, 8239791
23.17, 8239791
23.18, 8239791
23.19, 8239791
23.2, 8239791
23.21, 8239791
23.22, 8239791
23.23, 8239791
23.24, 8239791
23.25, 8239791
23.26, 8239791
23.27, 8239791
23.28, 8239791
23.29, 8239791
23.3, 8239791
23.31, 8239791
23.32, 8239791
23.33, 8239791
23.34, 8239791
23.35, 8239791
23.36, 8239791
23.37, 8239791
23.38, 8239791
23.39, 8239791
23.4, 8239791
23.41, 8239791
23.42, 8239791
23.43, 8239791
23.44, 8239791
23.45, 8239791
23.46, 8239791
23.47, 8239791
23.48, 8239791
23.49, 8239791
23.5, 8239791
23.51, 8239791
23.52, 8239791
23.53, 8239791
23.54, 8239791
23.55, 8239791
23.56, 8239791
23.57, 8239791
23.58, 8239791
23.59, 8239791
23.6, 8239791
23.61, 8239791
23.62, 8239791
23.63, 8239791
23.64, 8239791
23.65, 8239791
23.66, 8239791
23.67, 8239791
23.68, 8239791
23.69, 8239791
23.7, 8239791
23.71, 8239791
23.72, 8239791
23.73, 8239791
23.74, 8239791
23.75, 8239791
23.76, 8239791
23.77, 8239791
23.78, 8239791
23.79, 8239791
23.8, 8239791
23.81, 8239791
23.82, 8239791
23.83, 8239791
23.84, 8239791
23.85, 8239791
23.86, 8239791
23.87, 8239791
23.88, 8239791
23.89, 8239791
23.9, 8239791
23.91, 8239791
23.92, 8239791
23.93, 8239791
23.94, 8239791
23.95, 8239791
23.96, 8239791
23.97, 8239791
23.98, 8239791
23.99, 8239791
24.0, 8239791
24.01, 8239791
24.02, 8239791
24.03, 8239791
24.04, 8239791
24.05, 8239791
24.06, 8239791
24.07, 8239791
24.08, 8239791
24.09, 8239791
24.1, 8239791
24.11, 8239791
24.12, 8239791
24.13, 8239791
24.14, 8239791
24.15, 8239791
24.16, 8239791
24.17, 8239791
24.18, 8239791
24.19, 8239791
24.2, 8239791
24.21, 8239791
24.22, 8239791
24.23, 8239791
24.24, 8239791
24.25, 8239791
24.26, 8239791
24.27, 8239791
24.28, 8239791
24.29, 8239791
24.3, 8239791
24.31, 8239791
24.32, 8239791
24.33, 8239791
24.34, 8239791
24.35, 8239791
24.36, 8239791
24.37, 8239791
24.38, 8239791
24.39, 8239791
24.4, 8239791
24.41, 8239791
24.42, 8239791
24.43, 8239791
24.44, 8239791
24.45, 8239791
24.46, 8239791
24.47, 8239791
24.48, 8239791
24.49, 8239791
24.5, 8239791
24.51, 8239791
24.52, 8239791
24.53, 8239791
24.54, 8239791
24.55, 8239791
24.56, 8239791
24.57, 8239791
24.58, 8239791
24.59, 8239791
24.6, 8239791
24.61, 8239791
24.62, 8239791
24.63, 8239791
24.64, 8239791
24.65, 8239791
24.66, 8239791
24.67, 8239791
24.68, 8239791
24.69, 8239791
24.7, 8239791
24.71, 8239791
24.72, 8239791
24.73, 8239791
24.74, 8239791
24.75, 8239791
24.76, 8239791
24.77, 8239791
24.78, 8239791
24.79, 8239791
24.8, 8239791
24.81, 8239791
24.82, 8239791
24.83, 8239791
24.84, 8239791
24.85, 8239791
24.86, 8239791
24.87, 8239791
24.88, 8239791
24.89, 8239791
24.9, 8239791
24.91, 8239791
24.92, 8239791
24.93, 8239791
24.94, 8239791
24.95, 8239791
24.96, 8239791
24.97, 8239791
24.98, 8239791
24.99, 8239791
25.0, 8239791
25.01, 8239791
25.02, 8239791
25.03, 8239791
25.04, 8239791
25.05, 8239791
25.06, 8239791
25.07, 8239791
25.08, 8239791
25.09, 8239791
25.1, 8239791
25.11, 8239791
25.12, 8239791
25.13, 8239791
25.14, 8239791
25.15, 8239791
25.16, 8239791
25.17, 8239791
25.18, 8239791
25.19, 8239791
25.2, 8239791
25.21, 8239791
25.22, 8239791
25.23, 8239791
25.24, 8239791
25.25, 8239791
25.26, 8239791
25.27, 8239791
25.28, 8239791
25.29, 8239791
25.3, 8239791
25.31, 8239791
25.32, 8239791
25.33, 8239791
25.34, 8239791
25.35, 8239791
25.36, 8239791
25.37, 8239791
25.38, 8239791
25.39, 8239791
25.4, 8239791
25.41, 8239791
25.42, 8239791
25.43, 8239791
25.44, 8239791
25.45, 8239791
25.46, 8239791
25.47, 8239791
25.48, 8239791
25.49, 8239791
25.5, 8239791
25.51, 8239791
25.52, 8239791
25.53, 8239791
25.54, 8239791
25.55, 8239791
25.56, 8239791
25.57, 8239791
25.58, 8239791
25.59, 8239791
25.6, 8239791
25.61, 8239791
25.62, 8239791
25.63, 8239791
25.64, 8239791
25.65, 8239791
25.66, 8239791
25.67, 8239791
25.68, 8239791
25.69, 8239791
25.7, 8239791
25.71, 8239791
25.72, 8239791
25.73, 8239791
25.74, 8239791
25.75, 8239791
25.76, 8239791
25.77, 8239791
25.78, 8239791
25.79, 8239791
25.8, 8239791
25.81, 8239791
25.82, 8239791
25.83, 8239791
25.84, 8239791
25.85, 8239791
25.86, 8239791
25.87, 8239791
25.88, 8239791
25.89, 8239791
25.9, 8239791
25.91, 8239791
25.92, 8239791
25.93, 8239791
25.94, 8239791
25.95, 8239791
25.96, 8239791
25.97, 8239791
25.98, 8239791
25.99, 8239791
26.0, 8239791
26.01, 8239791
26.02, 8239791
26.03, 8239791
26.04, 8239791
26.05, 8239791
26.06, 8239791
26.07, 8239791
26.08, 8239791
26.09, 8239791
26.1, 8239791
26.11, 8239791
26.12, 8239791
26.13, 8239791
26.14, 8239791
26.15, 8239791
26.16, 8239791
26.17, 8239791
26.18, 8239791
26.19, 8239791
26.2, 8239791
26.21, 8239791
26.22, 8239791
26.23, 8239791
26.24, 8239791
26.25, 8239791
26.26, 8239791
26.27, 8239791
26.28, 8239791
26.29, 8239791
26.3, 8239791
26.31, 8239791
26.32, 8239791
26.33, 8239791
26.34, 8239791
26.35, 8239791
26.36, 8239791
26.37, 8239791
26.38, 8239791
26.39, 8239791
26.4, 8239791
26.41, 8239791
26.42, 8239791
26.43, 8239791
26.44, 8239791
26.45, 8239791
26.46, 8239791
26.47, 8239791
26.48, 8239791
26.49, 8239791
26.5, 8239791
26.51, 8239791
26.52, 8239791
26.55, 8239791
26.56, 8239791
26.57, 8239791
26.58, 8239791
26.59, 8239791
26.6, 8239791
26.61, 8239791
26.62, 8239791
26.63, 8239791
26.64, 8239791
26.65, 8239791
26.66, 8239791
26.67, 8239791
26.68, 8239791
26.69, 8239791
26.7, 8239791
26.71, 8239791
26.72, 8239791
26.73, 8239791
26.74, 8239791
26.75, 8239791
26.76, 8239791
26.77, 8239791
26.78, 8239791
26.79, 8239791
26.8, 8239791
26.81, 8239791
26.82, 8239791
26.83, 8239791
26.84, 8239791
26.85, 8239791
26.86, 8239791
26.87, 8239791
26.88, 8239791
26.89, 8239791
26.9, 8239791
26.91, 8239791
26.92, 8239791
26.93, 8239791
26.94, 8239791
26.95, 8239791
26.96, 8239791
26.97, 8239791
26.98, 8239791
26.99, 8239791
27.0, 8239791
27.01, 8239791
27.02, 8239791
27.03, 8239791
27.04, 8239791
27.05, 8239791
27.06, 8239791
27.07, 8239791
27.08, 8239791
27.09, 8239791
27.1, 8239791
27.11, 8239791
27.12, 8239791
27.13, 8239791
27.14, 8239791
27.15, 8239791
27.16, 8239791
27.17, 8239791
27.18, 8239791
27.19, 8239791
27.2, 8239791
27.21, 8239791
27.22, 8239791
27.23, 8239791
27.24, 8239791
27.25, 8239791
27.26, 8239791
27.27, 8239791
27.28, 8239791
27.29, 8239791
27.3, 8239791
27.31, 8239791
27.32, 8239791
27.33, 8239791
27.34, 8239791
27.35, 8239791
27.36, 8239791
27.37, 8239791
27.38, 8239791
27.39, 8239791
27.4, 8239791
27.41, 8239791
27.42, 8239791
27.43, 8239791
27.44, 8239791
27.45, 8239791
27.46, 8239791
27.47, 8239791
27.48, 8239791
27.49, 8239791
27.5, 8239791
27.51, 8239791
27.52, 8239791
27.53, 8239791
27.54, 8239791
27.55, 8239791
27.56, 8239791
27.57, 8239791
27.58, 8239791
27.59, 8239791
27.6, 8239791
27.61, 8239791
27.62, 8239791
27.63, 8239791
27.64, 8239791
27.65, 8239791
27.66, 8239791
27.67, 8239791
27.68, 8239791
27.69, 8239791
27.7, 8239791
27.71, 8239791
27.72, 8239791
27.73, 8239791
27.74, 8239791
27.75, 8239791
27.76, 8239791
27.77, 8239791
27.78, 8239791
27.79, 8239791
27.8, 8239791
27.81, 8239791
27.82, 8239791
27.83, 8239791
27.84, 8239791
27.85, 8239791
27.86, 8239791
27.87, 8239791
27.88, 8239791
27.89, 8239791
27.9, 8239791
27.91, 8239791
27.92, 8239791
27.93, 8239791
27.94, 8239791
27.95, 8239791
27.96, 8239791
27.97, 8239791
27.98, 8239791
27.99, 8239791
28.0, 8239791
28.01, 8239791
28.02, 8239791
28.03, 8239791
28.04, 8239791
28.05, 8239791
28.06, 8239791
28.07, 8239791
28.08, 8239791
28.09, 8239791
28.1, 8239791
28.11, 8239791
28.12, 8239791
28.13, 8239791
28.14, 8239791
28.15, 8239791
28.16, 8239791
28.17, 8239791
28.18, 8239791
28.19, 8239791
28.2, 8239791
28.21, 8239791
28.22, 8239791
28.23, 8239791
28.24, 8239791
28.25, 8239791
28.26, 8239791
28.27, 8239791
28.28, 8239791
28.29, 8239791
28.3, 8239791
28.31, 8239791
28.32, 8239791
28.33, 8239791
28.34, 8239791
28.35, 8239791
28.36, 8239791
28.37, 8239791
28.38, 8239791
28.39, 8239791
28.4, 8239791
28.41, 8239791
28.42, 8239791
28.43, 8239791
28.44, 8239791
28.45, 8239791
28.46, 8239791
28.47, 8239791
28.48, 8239791
28.49, 8239791
28.5, 8239791
28.51, 8239791
28.52, 8239791
28.53, 8239791
28.54, 8239791
28.55, 8239791
28.56, 8239791
28.57, 8239791
28.58, 8239791
28.59, 8239791
28.6, 8239791
28.61, 8239791
28.62, 8239791
28.63, 8239791
28.64, 8239791
28.65, 8239791
28.66, 8239791
28.67, 8239791
28.68, 8239791
28.69, 8239791
28.7, 8239791
28.71, 8239791
28.72, 8239791
28.73, 8239791
28.74, 8239791
28.75, 8239791
28.76, 8239791
28.77, 8239791
28.78, 8239791
28.79, 8239791
28.8, 8239791
28.81, 8239791
28.82, 8239791
28.83, 8239791
28.84, 8239791
28.85, 8239791
28.86, 8239791
28.87, 8239791
28.88, 8239791
28.89, 8239791
28.9, 8239791
28.91, 8239791
28.92, 8239791
28.93, 8239791
28.94, 8239791
28.95, 8239791
28.96, 8239791
28.97, 8239791
28.98, 8239791
28.99, 8239791
29.0, 8239791
29.01, 8239791
29.02, 8239791
29.03, 8239791
29.04, 8239791
29.05, 8239791
29.06, 8239791
29.07, 8239791
29.08, 8239791
29.09, 8239791
29.1, 8239791
29.11, 8239791
29.12, 8239791
29.13, 8239791
29.14, 8239791
29.15, 8239791
29.16, 8239791
29.17, 8239791
29.18, 8239791
29.19, 8239791
29.2, 8239791
29.21, 8239791
29.22, 8239791
29.23, 8239791
29.24, 8239791
29.25, 8239791
29.26, 8239791
29.27, 8239791
29.28, 8239791
29.29, 8239791
29.3, 8239791
29.31, 8239791
29.32, 8239791
29.33, 8239791
29.34, 8239791
29.35, 8239791
29.36, 8239791
29.37, 8239791
29.38, 8239791
29.39, 8239791
29.4, 8239791
29.41, 8239791
29.42, 8239791
29.43, 8239791
29.44, 8239791
29.45, 8239791
29.46, 8239791
29.47, 8239791
29.48, 8239791
29.49, 8239791
29.5, 8239791
29.51, 8239791
29.52, 8239791
29.53, 8239791
29.54, 8239791
29.55, 8239791
29.56, 8239791
29.57, 8239791
29.58, 8239791
29.59, 8239791
29.6, 8239791
29.61, 8239791
29.62, 8239791
29.63, 8239791
29.64, 8239791
29.65, 8239791
29.66, 8239791
29.67, 8239791
29.68, 8239791
29.69, 8239791
29.7, 8239791
29.71, 8239791
29.72, 8239791
29.73, 8239791
29.74, 8239791
29.75, 8239791
29.76, 8239791
29.77, 8239791
29.78, 8239791
29.79, 8239791
29.8, 8239791
29.81, 8239791
29.82, 8239791
29.83, 8239791
29.84, 8239791
29.85, 8239791
29.86, 8239791
29.87, 8239791
29.88, 8239791
29.89, 8239791
29.9, 8239791
29.91, 8239791
29.92, 8239791
29.93, 8239791
29.94, 8239791
29.95, 8239791
29.96, 8239791
29.97, 8239791
29.98, 8239791
29.99, 8239791
30.0, 8239791
30.01, 8239791
30.02, 8239791
30.03, 8239791
30.04, 8239791
30.05, 8239791
30.06, 8239791
30.07, 8239791
30.08, 8239791
30.09, 8239791
30.1, 8239791
30.11, 8239791
30.12, 8239791
30.13, 8239791
30.14, 8239791
30.15, 8239791
30.16, 8239791
30.17, 8239791
30.18, 8239791
30.19, 8239791
30.2, 8239791
30.21, 8239791
30.22, 8239791
30.23, 8239791
30.24, 8239791
30.25, 8239791
30.26, 8239791
30.27, 8239791
30.28, 8239791
30.29, 8239791
30.3, 8239791
30.31, 8239791
30.32, 8239791
30.33, 8239791
30.34, 8239791
30.35, 8239791
30.36, 8239791
30.37, 8239791
30.38, 8239791
30.39, 8239791
30.4, 8239791
30.41, 8239791
30.42, 8239791
30.43, 8239791
30.44, 8239791
30.45, 8239791
30.46, 8239791
30.47, 8239791
30.48, 8239791
30.49, 8239791
30.5, 8239791
30.51, 8239791
30.52, 8239791
30.53, 8239791
30.54, 8239791
30.55, 8239791
30.56, 8239791
30.57, 8239791
30.58, 8239791
30.59, 8239791
30.6, 8239791
30.61, 8239791
30.62, 8239791
30.63, 8239791
30.64, 8239791
30.65, 8239791
30.66, 8239791
30.67, 8239791
30.68, 8239791
30.69, 8239791
30.7, 8239791
30.71, 8239791
30.72, 8239791
30.73, 8239791
30.74, 8239791
30.75, 8239791
30.76, 8239791
30.77, 8239791
30.78, 8239791
30.79, 8239791
30.8, 8239791
30.81, 8239791
30.82, 8239791
30.83, 8239791
30.84, 8239791
30.85, 8239791
30.86, 8239791
30.87, 8239791
30.88, 8239791
30.89, 8239791
30.9, 8239791
30.91, 8239791
30.92, 8239791
30.93, 8239791
30.94, 8239791
30.95, 8239791
30.96, 8239791
30.97, 8239791
30.98, 8239791
30.99, 8239791
31.0, 8239791
31.01, 8239791
31.02, 8239791
31.03, 8239791
31.04, 8239791
31.05, 8239791
31.06, 8239791
31.07, 8239791
31.08, 8239791
31.09, 8239791
31.1, 8239791
31.11, 8239791
31.12, 8239791
31.13, 8239791
31.14, 8239791
31.15, 8239791
31.16, 8239791
31.17, 8239791
31.18, 8239791
31.19, 8239791
31.2, 8239791
31.21, 8239791
31.22, 8239791
31.23, 8239791
31.24, 8239791
31.25, 8239791
31.26, 8239791
31.27, 8239791
31.28, 8239791
31.29, 8239791
31.3, 8239791
31.31, 8239791
31.32, 8239791
31.33, 8239791
31.34, 8239791
31.35, 8239791
31.36, 8239791
31.37, 8239791
31.38, 8239791
31.39, 8239791
31.4, 8239791
31.41, 8239791
31.42, 8239791
31.43, 8239791
31.44, 8239791
31.45, 8239791
31.46, 8239791
31.47, 8239791
31.48, 8239791
31.49, 8239791
31.5, 8239791
31.51, 8239791
31.52, 8239791
31.53, 8239791
31.54, 8239791
31.55, 8239791
31.56, 8239791
31.57, 8239791
31.58, 8239791
31.59, 8239791
31.6, 8239791
31.61, 8239791
31.62, 8239791
31.63, 8239791
31.64, 8239791
31.65, 8239791
31.66, 8239791
31.67, 8239791
31.68, 8239791
31.69, 8239791
31.7, 8239791
31.71, 8239791
31.72, 8239791
31.73, 8239791
31.74, 8239791
31.75, 8239791
31.76, 8239791
31.77, 8239791
31.78, 8239791
31.79, 8239791
31.8, 8239791
31.81, 8239791
31.82, 8239791
31.83, 8239791
31.84, 8239791
31.85, 8239791
31.86, 8239791
31.87, 8239791
31.88, 8239791
31.89, 8239791
31.9, 8239791
31.91, 8239791
31.92, 8239791
31.93, 8239791
31.94, 8239791
31.95, 8239791
31.96, 8239791
31.97, 8239791
31.98, 8239791
31.99, 8239791
32.0, 8239791
32.01, 8239791
32.02, 8239791
32.03, 8239791
32.04, 8239791
32.05, 8239791
32.06, 8239791
32.07, 8239791
32.08, 8239791
32.09, 8239791
32.1, 8239791
32.11, 8239791
32.12, 8239791
32.13, 8239791
32.14, 8239791
32.15, 8239791
32.16, 8239791
32.17, 8239791
32.18, 8239791
32.19, 8239791
32.2, 8239791
32.21, 8239791
32.22, 8239791
32.23, 8239791
32.24, 8239791
32.25, 8239791
32.26, 8239791
32.27, 8239791
32.28, 8239791
32.29, 8239791
32.3, 8239791
32.31, 8239791
32.32, 8239791
32.33, 8239791
32.34, 8239791
32.35, 8239791
32.36, 8239791
32.37, 8239791
32.38, 8239791
32.39, 8239791
32.4, 8239791
32.41, 8239791
32.42, 8239791
32.43, 8239791
32.44, 8239791
32.45, 8239791
32.46, 8239791
32.47, 8239791
32.48, 8239791
32.49, 8239791
32.5, 8239791
32.51, 8239791
32.52, 8239791
32.53, 8239791
32.54, 8239791
32.55, 8239791
32.56, 8239791
32.57, 8239791
32.58, 8239791
32.59, 8239791
32.6, 8239791
32.61, 8239791
32.62, 8239791
32.63, 8239791
32.64, 8239791
32.65, 8239791
32.66, 8239791
32.67, 8239791
32.68, 8239791
32.69, 8239791
32.7, 8239791
32.71, 8239791
32.72, 8239791
32.73, 8239791
32.74, 8239791
32.75, 8239791
32.76, 8239791
32.77, 8239791
32.78, 8239791
32.79, 8239791
32.8, 8239791
32.81, 8239791
32.82, 8239791
32.83, 8239791
32.84, 8239791
32.85, 8239791
32.86, 8239791
32.87, 8239791
32.88, 8239791
32.89, 8239791
32.9, 8239791
32.91, 8239791
32.92, 8239791
32.93, 8239791
32.94, 8239791
32.95, 8239791
32.96, 8239791
32.97, 8239791
32.98, 8239791
32.99, 8239791
33.0, 8239791
33.01, 8239791
33.02, 8239791
33.03, 8239791
33.04, 8239791
33.05, 8239791
33.06, 8239791
33.07, 8239791
33.08, 8239791
33.09, 8239791
33.1, 8239791
33.11, 8239791
33.12, 8239791
33.13, 8239791
33.14, 8239791
33.15, 8239791
33.16, 8239791
33.17, 8239791
33.18, 8239791
33.19, 8239791
33.2, 8239791
33.21, 8239791
33.22, 8239791
33.23, 8239791
33.24, 8239791
33.25, 8239791
33.26, 8239791
33.27, 8239791
33.28, 8239791
33.29, 8239791
33.3, 8239791
33.31, 8239791
33.32, 8239791
33.33, 8239791
33.34, 8239791
33.35, 8239791
33.36, 8239791
33.37, 8239791
33.38, 8239791
33.39, 8239791
33.4, 8239791
33.41, 8239791
33.42, 8239791
33.43, 8239791
33.44, 8239791
33.45, 8239791
33.46, 8239791
33.47, 8239791
33.48, 8239791
33.49, 8239791
33.5, 8239791
33.51, 8239791
33.52, 8239791
33.53, 8239791
33.54, 8239791
33.55, 8239791
33.56, 8239791
33.57, 8239791
33.58, 8239791
33.59, 8239791
33.6, 8239791
33.61, 8239791
33.62, 8239791
33.63, 8239791
33.64, 8239791
33.65, 8239791
33.66, 8239791
33.67, 8239791
33.68, 8239791
33.69, 8239791
33.7, 8239791
33.71, 8239791
33.72, 8239791
33.73, 8239791
33.74, 8239791
33.75, 8239791
33.76, 8239791
33.77, 8239791
33.78, 8239791
33.79, 8239791
33.8, 8239791
33.81, 8239791
33.82, 8239791
33.83, 8239791
33.84, 8239791
33.85, 8239791
33.86, 8239791
33.87, 8239791
33.88, 8239791
33.89, 8239791
33.9, 8239791
33.91, 8239791
33.92, 8239791
33.93, 8239791
33.94, 8239791
33.95, 8239791
33.96, 8239791
33.97, 8239791
33.98, 8239791
33.99, 8239791
34.0, 8239791
34.01, 8239791
34.02, 8239791
34.03, 8239791
34.04, 8239791
34.05, 8239791
34.06, 8239791
34.07, 8239791
34.08, 8239791
34.09, 8239791
34.1, 8239791
34.11, 8239791
34.12, 8239791
34.13, 8239791
34.14, 8239791
34.15, 8239791
34.16, 8239791
34.17, 8239791
34.18, 8239791
34.19, 8239791
34.2, 8239791
34.21, 8239791
34.22, 8239791
34.23, 8239791
34.24, 8239791
34.25, 8239791
34.26, 8239791
34.27, 8239791
34.28, 8239791
34.29, 8239791
34.3, 8239791
34.31, 8239791
34.32, 8239791
34.33, 8239791
34.34, 8239791
34.35, 8239791
34.36, 8239791
34.37, 8239791
34.38, 8239791
34.39, 8239791
34.4, 8239791
34.41, 8239791
34.42, 8239791
34.43, 8239791
34.44, 8239791
34.45, 8239791
34.46, 8239791
34.47, 8239791
34.48, 8239791
34.49, 8239791
34.5, 8239791
34.51, 8239791
34.52, 8239791
34.53, 8239791
34.54, 8239791
34.55, 8239791
34.56, 8239791
34.57, 8239791
34.58, 8239791
34.59, 8239791
34.6, 8239791
34.61, 8239791
34.62, 8239791
34.63, 8239791
34.64, 8239791
34.65, 8239791
34.66, 8239791
34.67, 8239791
34.68, 8239791
34.69, 8239791
34.7, 8239791
34.71, 8239791
34.72, 8239791
34.73, 8239791
34.74, 8239791
34.75, 8239791
34.76, 8239791
34.77, 8239791
34.78, 8239791
34.79, 8239791
34.8, 8239791
34.81, 8239791
34.82, 8239791
34.83, 8239791
34.84, 8239791
34.85, 8239791
34.86, 8239791
34.87, 8239791
34.88, 8239791
34.89, 8239791
34.9, 8239791
34.91, 8239791
34.92, 8239791
34.93, 8239791
34.94, 8239791
34.95, 8239791
34.96, 8239791
34.97, 8239791
34.98, 8239791
34.99, 8239791
35.0, 8239791
35.01, 8239791
35.02, 8239791
35.03, 8239791
35.04, 8239791
35.05, 8239791
35.06, 8239791
35.07, 8239791
35.08, 8239791
35.09, 8239791
35.1, 8239791
35.11, 8239791
35.12, 8239791
35.13, 8239791
35.14, 8239791
35.15, 8239791
35.16, 8239791
35.17, 8239791
35.18, 8239791
35.19, 8239791
35.2, 8239791
35.21, 8239791
35.22, 8239791
35.23, 8239791
35.24, 8239791
35.25, 8239791
35.26, 8239791
35.27, 8239791
35.28, 8239791
35.29, 8239791
35.3, 8239791
35.31, 8239791
35.32, 8239791
35.33, 8239791
35.34, 8239791
35.35, 8239791
35.36, 8239791
35.37, 8239791
35.38, 8239791
35.39, 8239791
35.4, 8239791
35.41, 8239791
35.42, 8239791
35.43, 8239791
35.44, 8239791
35.45, 8239791
35.46, 8239791
35.47, 8239791
35.48, 8239791
35.49, 8239791
35.5, 8239791
35.51, 8239791
35.52, 8239791
35.53, 8239791
35.54, 8239791
35.55, 8239791
35.56, 8239791
35.57, 8239791
35.58, 8239791
35.59, 8239791
35.6, 8239791
35.61, 8239791
35.62, 8239791
35.63, 8239791
35.64, 8239791
35.65, 8239791
35.66, 8239791
35.67, 8239791
35.68, 8239791
35.69, 8239791
35.7, 8239791
35.71, 8239791
35.72, 8239791
35.73, 8239791
35.74, 8239791
35.75, 8239791
35.76, 8239791
35.77, 8239791
35.78, 8239791
35.79, 8239791
35.8, 8239791
35.81, 8239791
35.82, 8239791
35.83, 8239791
35.84, 8239791
35.85, 8239791
35.86, 8239791
35.87, 8239791
35.88, 8239791
35.89, 8239791
35.9, 8239791
35.91, 8239791
35.92, 8239791
35.93, 8239791
35.94, 8239791
35.95, 8239791
35.96, 8239791
35.97, 8239791
35.98, 8239791
35.99, 8239791
36.0, 8239791
36.01, 8239791
36.02, 8239791
36.03, 8239791
36.04, 8239791
36.05, 8239791
36.06, 8239791
36.07, 8239791
36.08, 8239791
36.09, 8239791
36.1, 8239791
36.11, 8239791
36.12, 8239791
36.13, 8239791
36.14, 8239791
36.15, 8239791
36.16, 8239791
36.17, 8239791
36.18, 8239791
36.19, 8239791
36.2, 8239791
36.21, 8239791
36.22, 8239791
36.23, 8239791
36.24, 8239791
36.25, 8239791
36.26, 8239791
36.27, 8239791
36.28, 8239791
36.29, 8239791
36.3, 8239791
36.31, 8239791
36.32, 8239791
36.33, 8239791
36.34, 8239791
36.35, 8239791
36.36, 8239791
36.37, 8239791
36.38, 8239791
36.39, 8239791
36.4, 8239791
36.41, 8239791
36.42, 8239791
36.43, 8239791
36.44, 8239791
36.45, 8239791
36.46, 8239791
36.47, 8239791
36.48, 8239791
36.49, 8239791
36.5, 8239791
36.51, 8239791
36.52, 8239791
36.53, 8239791
36.54, 8239791
36.55, 8239791
36.56, 8239791
36.57, 8239791
36.58, 8239791
36.59, 8239791
36.6, 8239791
36.61, 8239791
36.62, 8239791
36.63, 8239791
36.64, 8239791
36.65, 8239791
36.66, 8239791
36.67, 8239791
36.68, 8239791
36.69, 8239791
36.7, 8239791
36.71, 8239791
36.72, 8239791
36.73, 8239791
36.74, 8239791
36.75, 8239791
36.76, 8239791
36.77, 8239791
36.78, 8239791
36.79, 8239791
36.8, 8239791
36.81, 8239791
36.82, 8239791
36.83, 8239791
36.84, 8239791
36.85, 8239791
36.86, 8239791
36.87, 8239791
36.88, 8239791
36.89, 8239791
36.9, 8239791
36.91, 8239791
36.92, 8239791
36.93, 8239791
36.94, 8239791
36.95, 8239791
36.96, 8239791
36.97, 8239791
36.98, 8239791
36.99, 8239791
37.0, 8239791
37.01, 8239791
37.02, 8239791
37.03, 8239791
37.04, 8239791
37.05, 8239791
37.06, 8239791
37.07, 8239791
37.08, 8239791
37.09, 8239791
37.1, 8239791
37.11, 8239791
37.12, 8239791
37.13, 8239791
37.14, 8239791
37.15, 8239791
37.16, 8239791
37.17, 8239791
37.18, 8239791
37.19, 8239791
37.2, 8239791
37.21, 8239791
37.22, 8239791
37.23, 8239791
37.24, 8239791
37.25, 8239791
37.26, 8239791
37.27, 8239791
37.28, 8239791
37.29, 8239791
37.3, 8239791
37.31, 8239791
37.32, 8239791
37.33, 8239791
37.34, 8239791
37.35, 8239791
37.36, 8239791
37.37, 8239791
37.38, 8239791
37.39, 8239791
37.4, 8239791
37.41, 8239791
37.42, 8239791
37.43, 8239791
37.44, 8239791
37.45, 8239791
37.46, 8239791
37.47, 8239791
37.48, 8239791
37.49, 8239791
37.5, 8239791
37.51, 8239791
37.52, 8239791
37.53, 8239791
37.54, 8239791
37.55, 8239791
37.56, 8239791
37.57, 8239791
37.58, 8239791
37.59, 8239791
37.6, 8239791
37.61, 8239791
37.62, 8239791
37.63, 8239791
37.64, 8239791
37.65, 8239791
37.66, 8239791
37.67, 8239791
37.68, 8239791
37.69, 8239791
37.7, 8239791
37.71, 8239791
37.72, 8239791
37.73, 8239791
37.74, 8239791
37.75, 8239791
37.76, 8239791
37.77, 8239791
37.78, 8239791
37.79, 8239791
37.8, 8239791
37.81, 8239791
37.82, 8239791
37.83, 8239791
37.84, 8239791
37.85, 8239791
37.86, 8239791
37.87, 8239791
37.88, 8239791
37.89, 8239791
37.9, 8239791
37.91, 8239791
37.92, 8239791
37.93, 8239791
37.94, 8239791
37.95, 8239791
37.96, 8239791
37.97, 8239791
37.98, 8239791
37.99, 8239791
38.0, 8239791
38.01, 8239791
38.02, 8239791
38.03, 8239791
38.04, 8239791
38.05, 8239791
38.06, 8239791
38.07, 8239791
38.08, 8239791
38.09, 8239791
38.1, 8239791
38.11, 8239791
38.12, 8239791
38.13, 8239791
38.14, 8239791
38.15, 8239791
38.16, 8239791
38.17, 8239791
38.18, 8239791
38.19, 8239791
38.2, 8239791
38.21, 8239791
38.22, 8239791
38.23, 8239791
38.24, 8239791
38.25, 8239791
38.26, 8239791
38.27, 8239791
38.28, 8239791
38.29, 8239791
38.3, 8239791
38.31, 8239791
38.32, 8239791
38.33, 8239791
38.34, 8239791
38.35, 8239791
38.36, 8239791
38.37, 8239791
38.38, 8239791
38.39, 8239791
38.4, 8239791
38.41, 8239791
38.42, 8239791
38.43, 8239791
38.44, 8239791
38.45, 8239791
38.46, 8239791
38.47, 8239791
38.48, 8239791
38.49, 8239791
38.5, 8239791
38.51, 8239791
38.52, 8239791
38.53, 8239791
38.54, 8239791
38.55, 8239791
38.56, 8239791
38.57, 8239791
38.58, 8239791
38.59, 8239791
38.6, 8239791
38.61, 8239791
38.62, 8239791
38.63, 8239791
38.64, 8239791
38.65, 8239791
38.66, 8239791
38.67, 8239791
38.68, 8239791
38.69, 8239791
38.7, 8239791
38.71, 8239791
38.72, 8239791
38.73, 8239791
38.74, 8239791
38.75, 8239791
38.76, 8239791
38.77, 8239791
38.78, 8239791
38.79, 8239791
38.8, 8239791
38.81, 8239791
38.82, 8239791
38.83, 8239791
38.84, 8239791
38.85, 8239791
38.86, 8239791
38.87, 8239791
38.88, 8239791
38.89, 8239791
38.9, 8239791
38.91, 8239791
38.92, 8239791
38.93, 8239791
38.94, 8239791
38.95, 8239791
38.96, 8239791
38.97, 8239791
38.98, 8239791
38.99, 8239791
39.0, 8239791
39.01, 8239791
39.02, 8239791
39.03, 8239791
39.04, 8239791
39.05, 8239791
39.06, 8239791
39.07, 8239791
39.08, 8239791
39.09, 8239791
39.1, 8239791
39.11, 8239791
39.12, 8239791
39.13, 8239791
39.14, 8239791
39.15, 8239791
39.16, 8239791
39.17, 8239791
39.18, 8239791
39.19, 8239791
39.2, 8239791
39.21, 8239791
39.22, 8239791
39.23, 8239791
39.24, 8239791
39.25, 8239791
39.26, 8239791
39.27, 8239791
39.28, 8239791
39.29, 8239791
39.3, 8239791
39.31, 8239791
39.32, 8239791
39.33, 8239791
39.34, 8239791
39.35, 8239791
39.36, 8239791
39.37, 8239791
39.38, 8239791
39.39, 8239791
39.4, 8239791
39.41, 8239791
39.42, 8239791
39.43, 8239791
39.44, 8239791
39.45, 8239791
39.46, 8239791
39.47, 8239791
39.48, 8239791
39.49, 8239791
39.5, 8239791
39.51, 8239791
39.52, 8239791
39.53, 8239791
39.54, 8239791
39.55, 8239791
39.56, 8239791
39.57, 8239791
39.58, 8239791
39.59, 8239791
39.6, 8239791
39.61, 8239791
39.62, 8239791
39.63, 8239791
39.64, 8239791
39.65, 8239791
39.66, 8239791
39.67, 8239791
39.68, 8239791
39.69, 8239791
39.7, 8239791
39.71, 8239791
39.72, 8239791
39.73, 8239791
39.74, 8239791
39.75, 8239791
39.76, 8239791
39.77, 8239791
39.78, 8239791
39.79, 8239791
39.8, 8239791
39.81, 8239791
39.82, 8239791
39.83, 8239791
39.84, 8239791
39.85, 8239791
39.86, 8239791
39.87, 8239791
39.88, 8239791
39.89, 8239791
39.9, 8239791
39.91, 8239791
39.92, 8239791
39.93, 8239791
39.94, 8239791
39.95, 8239791
39.96, 8239791
39.97, 8239791
39.98, 8239791
39.99, 8239791
40.0, 8239791
40.01, 8239791
40.02, 8239791
40.03, 8239791
40.04, 8239791
40.05, 8239791
40.06, 8239791
40.07, 8239791
40.08, 8239791
40.09, 8239791
40.1, 8239791
40.11, 8239791
40.12, 8239791
40.13, 8239791
40.14, 8239791
40.15, 8239791
40.16, 8239791
40.17, 8239791
40.18, 8239791
40.19, 8239791
40.2, 8239791
40.21, 8239791
40.22, 8239791
40.23, 8239791
40.24, 8239791
40.25, 8239791
40.26, 8239791
40.27, 8239791
40.28, 8239791
40.29, 8239791
40.3, 8239791
40.31, 8239791
40.32, 8239791
40.33, 8239791
40.34, 8239791
40.35, 8239791
40.36, 8239791
40.37, 8239791
40.38, 8239791
40.39, 8239791
40.4, 8239791
40.41, 8239791
40.42, 8239791
40.43, 8239791
40.44, 8239791
40.45, 8239791
40.46, 8239791
40.47, 8239791
40.48, 8239791
40.49, 8239791
40.5, 8239791
40.51, 8239791
40.52, 8239791
40.53, 8239791
40.54, 8239791
40.55, 8239791
40.56, 8239791
40.57, 8239791
40.58, 8239791
40.59, 8239791
40.6, 8239791
40.61, 8239791
40.62, 8239791
40.63, 8239791
40.64, 8239791
40.65, 8239791
40.66, 8239791
40.67, 8239791
40.68, 8239791
40.69, 8239791
40.7, 8239791
40.71, 8239791
40.72, 8239791
40.73, 8239791
40.74, 8239791
40.75, 8239791
40.76, 8239791
40.77, 8239791
40.78, 8239791
40.79, 8239791
40.8, 8239791
40.81, 8239791
40.82, 8239791
40.83, 8239791
40.84, 8239791
40.85, 8239791
40.86, 8239791
40.87, 8239791
40.88, 8239791
40.89, 8239791
40.9, 8239791
40.91, 8239791
40.92, 8239791
40.93, 8239791
40.94, 8239791
40.95, 8239791
40.96, 8239791
40.97, 8239791
40.98, 8239791
40.99, 8239791
41.0, 8239791
41.01, 8239791
41.02, 8239791
41.03, 8239791
41.04, 8239791
41.05, 8239791
41.06, 8239791
41.07, 8239791
41.08, 8239791
41.09, 8239791
41.1, 8239791
41.11, 8239791
41.12, 8239791
41.13, 8239791
41.14, 8239791
41.15, 8239791
41.16, 8239791
41.17, 8239791
41.18, 8239791
41.19, 8239791
41.2, 8239791
41.21, 8239791
41.22, 8239791
41.23, 8239791
41.24, 8239791
41.25, 8239791
41.26, 8239791
41.27, 8239791
41.28, 8239791
41.29, 8239791
41.3, 8239791
41.31, 8239791
41.32, 8239791
41.33, 8239791
41.34, 8239791
41.35, 8239791
41.36, 8239791
41.37, 8239791
41.38, 8239791
41.39, 8239791
41.4, 8239791
41.41, 8239791
41.42, 8239791
41.43, 8239791
41.44, 8239791
41.45, 8239791
41.46, 8239791
41.47, 8239791
41.48, 8239791
41.49, 8239791
41.5, 8239791
41.51, 8239791
41.52, 8239791
41.53, 8239791
41.54, 8239791
41.55, 8239791
41.56, 8239791
41.57, 8239791
41.58, 8239791
41.59, 8239791
41.6, 8239791
41.61, 8239791
41.62, 8239791
41.63, 8239791
41.64, 8239791
41.65, 8239791
41.66, 8239791
41.67, 8239791
41.68, 8239791
41.69, 8239791
41.7, 8239791
41.71, 8239791
41.72, 8239791
41.73, 8239791
41.74, 8239791
41.75, 8239791
41.76, 8239791
41.77, 8239791
41.78, 8239791
41.79, 8239791
41.8, 8239791
41.81, 8239791
41.82, 8239791
41.83, 8239791
41.84, 8239791
41.85, 8239791
41.86, 8239791
41.87, 8239791
41.88, 8239791
41.89, 8239791
41.9, 8239791
41.91, 8239791
41.92, 8239791
41.93, 8239791
41.94, 8239791
41.95, 8239791
41.96, 8239791
41.97, 8239791
41.98, 8239791
41.99, 8239791
42.0, 8239791
42.01, 8239791
42.02, 8239791
42.03, 8239791
42.04, 8239791
42.05, 8239791
42.06, 8239791
42.07, 8239791
42.08, 8239791
42.09, 8239791
42.1, 8239791
42.11, 8239791
42.12, 8239791
42.13, 8239791
42.14, 8239791
42.15, 8239791
42.16, 8239791
42.17, 8239791
42.18, 8239791
42.19, 8239791
42.2, 8239791
42.21, 8239791
42.22, 8239791
42.23, 8239791
42.24, 8239791
42.25, 8239791
42.26, 8239791
42.27, 8239791
42.28, 8239791
42.29, 8239791
42.3, 8239791
42.31, 8239791
42.32, 8239791
42.33, 8239791
42.34, 8239791
42.35, 8239791
42.36, 8239791
42.37, 8239791
42.38, 8239791
42.39, 8239791
42.4, 8239791
42.41, 8239791
42.42, 8239791
42.43, 8239791
42.44, 8239791
42.45, 8239791
42.46, 8239791
42.47, 8239791
42.48, 8239791
42.49, 8239791
42.5, 8239791
42.51, 8239791
42.52, 8239791
42.53, 8239791
42.54, 8239791
42.55, 8239791
42.56, 8239791
42.57, 8239791
42.58, 8239791
42.59, 8239791
42.6, 8239791
42.61, 8239791
42.62, 8239791
42.63, 8239791
42.64, 8239791
42.65, 8239791
42.66, 8239791
42.67, 8239791
42.68, 8239791
42.69, 8239791
42.7, 8239791
42.71, 8239791
42.72, 8239791
42.73, 8239791
42.74, 8239791
42.75, 8239791
42.76, 8239791
42.77, 8239791
42.78, 8239791
42.79, 8239791
42.8, 8239791
42.81, 8239791
42.82, 8239791
42.83, 8239791
42.84, 8239791
42.85, 8239791
42.86, 8239791
42.87, 8239791
42.88, 8239791
42.89, 8239791
42.9, 8239791
42.91, 8239791
42.92, 8239791
42.93, 8239791
42.94, 8239791
42.95, 8239791
42.96, 8239791
42.97, 8239791
42.98, 8239791
42.99, 8239791
43.0, 8239791
43.01, 8239791
43.02, 8239791
43.03, 8239791
43.04, 8239791
43.05, 8239791
43.06, 8239791
43.07, 8239791
43.08, 8239791
43.09, 8239791
43.1, 8239791
43.11, 8239791
43.12, 8239791
43.13, 8239791
43.14, 8239791
43.15, 8239791
43.16, 8239791
43.17, 8239791
43.18, 8239791
43.19, 8239791
43.2, 8239791
43.21, 8239791
43.22, 8239791
43.23, 8239791
43.24, 8239791
43.25, 8239791
43.26, 8239791
43.27, 8239791
43.28, 8239791
43.29, 8239791
43.3, 8239791
43.31, 8239791
43.32, 8239791
43.33, 8239791
43.34, 8239791
43.35, 8239791
43.36, 8239791
43.37, 8239791
43.38, 8239791
43.39, 8239791
43.4, 8239791
43.41, 8239791
43.42, 8239791
43.43, 8239791
43.44, 8239791
43.45, 8239791
43.46, 8239791
43.47, 8239791
43.48, 8239791
43.49, 8239791
43.5, 8239791
43.51, 8239791
43.52, 8239791
43.53, 8239791
43.54, 8239791
43.55, 8239791
43.56, 8239791
43.57, 8239791
43.58, 8239791
43.59, 8239791
43.6, 8239791
43.61, 8239791
43.62, 8239791
43.63, 8239791
43.64, 8239791
43.65, 8239791
43.66, 8239791
43.67, 8239791
43.68, 8239791
43.69, 8239791
43.7, 8239791
43.71, 8239791
43.72, 8239791
43.73, 8239791
43.74, 8239791
43.75, 8239791
43.76, 8239791
43.77, 8239791
43.78, 8239791
43.79, 8239791
43.8, 8239791
43.81, 8239791
43.82, 8239791
43.83, 8239791
43.84, 8239791
43.85, 8239791
43.86, 8239791
43.87, 8239791
43.88, 8239791
43.89, 8239791
43.9, 8239791
43.91, 8239791
43.92, 8239791
43.93, 8239791
43.94, 8239791
43.95, 8239791
43.96, 8239791
43.97, 8239791
43.98, 8239791
43.99, 8239791
44.0, 8239791
44.01, 8239791
44.02, 8239791
44.03, 8239791
44.04, 8239791
44.05, 8239791
44.06, 8239791
44.07, 8239791
44.08, 8239791
44.09, 8239791
44.1, 8239791
44.11, 8239791
44.12, 8239791
44.13, 8239791
44.14, 8239791
44.15, 8239791
44.16, 8239791
44.17, 8239791
44.18, 8239791
44.19, 8239791
44.2, 8239791
44.21, 8239791
44.22, 8239791
44.23, 8239791
44.24, 8239791
44.25, 8239791
44.26, 8239791
44.27, 8239791
44.28, 8239791
44.29, 8239791
44.3, 8239791
44.31, 8239791
44.32, 8239791
44.33, 8239791
44.34, 8239791
44.35, 8239791
44.36, 8239791
44.37, 8239791
44.38, 8239791
44.39, 8239791
44.4, 8239791
44.41, 8239791
44.42, 8239791
44.43, 8239791
44.44, 8239791
44.45, 8239791
44.46, 8239791
44.47, 8239791
44.48, 8239791
44.49, 8239791
44.5, 8239791
44.51, 8239791
44.52, 8239791
44.53, 8239791
44.54, 8239791
44.55, 8239791
44.56, 8239791
44.57, 8239791
44.58, 8239791
44.59, 8239791
44.6, 8239791
44.61, 8239791
44.62, 8239791
44.63, 8239791
44.64, 8239791
44.65, 8239791
44.66, 8239791
44.67, 8239791
44.68, 8239791
44.69, 8239791
44.7, 8239791
44.71, 8239791
44.72, 8239791
44.73, 8239791
44.74, 8239791
44.75, 8239791
44.76, 8239791
44.77, 8239791
44.78, 8239791
44.79, 8239791
44.8, 8239791
44.81, 8239791
44.82, 8239791
44.83, 8239791
44.84, 8239791
44.85, 8239791
44.86, 8239791
44.87, 8239791
44.88, 8239791
44.89, 8239791
44.9, 8239791
44.91, 8239791
44.92, 8239791
44.93, 8239791
44.94, 8239791
44.95, 8239791
44.96, 8239791
44.97, 8239791
44.98, 8239791
44.99, 8239791
45.0, 8239791
45.01, 8239791
45.02, 8239791
45.03, 8239791
45.04, 8239791
45.05, 8239791
45.06, 8239791
45.07, 8239791
45.08, 8239791
45.09, 8239791
45.1, 8239791
45.11, 8239791
45.12, 8239791
45.13, 8239791
45.14, 8239791
45.15, 8239791
45.16, 8239791
45.17, 8239791
45.18, 8239791
45.19, 8239791
45.2, 8239791
45.21, 8239791
45.22, 8239791
45.23, 8239791
45.24, 8239791
45.25, 8239791
45.26, 8239791
45.27, 8239791
45.28, 8239791
45.29, 8239791
45.3, 8239791
45.31, 8239791
45.32, 8239791
45.33, 8239791
45.34, 8239791
45.35, 8239791
45.36, 8239791
45.37, 8239791
45.38, 8239791
45.39, 8239791
45.4, 8239791
45.41, 8239791
45.42, 8239791
45.43, 8239791
45.44, 8239791
45.45, 8239791
45.46, 8239791
45.47, 8239791
45.48, 8239791
45.49, 8239791
45.5, 8239791
45.51, 8239791
45.52, 8239791
45.53, 8239791
45.54, 8239791
45.55, 8239791
45.56, 8239791
45.57, 8239791
45.58, 8239791
45.59, 8239791
45.6, 8239791
45.61, 8239791
45.62, 8239791
45.63, 8239791
45.64, 8239791
45.65, 8239791
45.66, 8239791
45.67, 8239791
45.68, 8239791
45.69, 8239791
45.7, 8239791
45.71, 8239791
45.72, 8239791
45.73, 8239791
45.74, 8239791
45.75, 8239791
45.76, 8239791
45.77, 8239791
45.78, 8239791
45.79, 8239791
45.8, 8239791
45.81, 8239791
45.82, 8239791
45.83, 8239791
45.84, 8239791
45.85, 8239791
45.86, 8239791
45.87, 8239791
45.88, 8239791
45.89, 8239791
45.9, 8239791
45.91, 8239791
45.92, 8239791
45.93, 8239791
45.94, 8239791
45.95, 8239791
45.96, 8239791
45.97, 8239791
45.98, 8239791
45.99, 8239791
46.0, 8239791
46.01, 8239791
46.02, 8239791
46.03, 8239791
46.04, 8239791
46.05, 8239791
46.06, 8239791
46.07, 8239791
46.08, 8239791
46.09, 8239791
46.1, 8239791
46.11, 8239791
46.12, 8239791
46.13, 8239791
46.14, 8239791
46.15, 8239791
46.16, 8239791
46.17, 8239791
46.18, 8239791
46.19, 8239791
46.2, 8239791
46.21, 8239791
46.22, 8239791
46.23, 8239791
46.24, 8239791
46.25, 8239791
46.26, 8239791
46.27, 8239791
46.28, 8239791
46.29, 8239791
46.3, 8239791
46.31, 8239791
46.32, 8239791
46.33, 8239791
46.34, 8239791
46.35, 8239791
46.36, 8239791
46.37, 8239791
46.38, 8239791
46.39, 8239791
46.4, 8239791
46.41, 8239791
46.42, 8239791
46.43, 8239791
46.44, 8239791
46.45, 8239791
46.46, 8239791
46.47, 8239791
46.48, 8239791
46.49, 8239791
46.5, 8239791
46.51, 8239791
46.52, 8239791
46.53, 8239791
46.54, 8239791
46.55, 8239791
46.56, 8239791
46.57, 8239791
46.58, 8239791
46.59, 8239791
46.6, 8239791
46.61, 8239791
46.62, 8239791
46.63, 8239791
46.64, 8239791
46.65, 8239791
46.66, 8239791
46.67, 8239791
46.68, 8239791
46.69, 8239791
46.7, 8239791
46.71, 8239791
46.72, 8239791
46.73, 8239791
46.74, 8239791
46.75, 8239791
46.76, 8239791
46.77, 8239791
46.78, 8239791
46.79, 8239791
46.8, 8239791
46.81, 8239791
46.82, 8239791
46.83, 8239791
46.84, 8239791
46.85, 8239791
46.86, 8239791
46.87, 8239791
46.88, 8239791
46.89, 8239791
46.9, 8239791
46.91, 8239791
46.92, 8239791
46.93, 8239791
46.94, 8239791
46.95, 8239791
46.96, 8239791
46.97, 8239791
46.98, 8239791
46.99, 8239791
47.0, 8239791
47.01, 8239791
47.02, 8239791
47.03, 8239791
47.04, 8239791
47.05, 8239791
47.06, 8239791
47.07, 8239791
47.08, 8239791
47.09, 8239791
47.1, 8239791
47.11, 8239791
47.12, 8239791
47.13, 8239791
47.14, 8239791
47.15, 8239791
47.16, 8239791
47.17, 8239791
47.18, 8239791
47.19, 8239791
47.2, 8239791
47.21, 8239791
47.22, 8239791
47.23, 8239791
47.24, 8239791
47.25, 8239791
47.26, 8239791
47.27, 8239791
47.28, 8239791
47.29, 8239791
47.3, 8239791
47.31, 8239791
47.32, 8239791
47.33, 8239791
47.34, 8239791
47.35, 8239791
47.36, 8239791
47.37, 8239791
47.38, 8239791
47.39, 8239791
47.4, 8239791
47.41, 8239791
47.42, 8239791
47.43, 8239791
47.44, 8239791
47.45, 8239791
47.46, 8239791
47.47, 8239791
47.48, 8239791
47.49, 8239791
47.5, 8239791
47.51, 8239791
47.52, 8239791
47.53, 8239791
47.54, 8239791
47.55, 8239791
47.56, 8239791
47.57, 8239791
47.58, 8239791
47.59, 8239791
47.6, 8239791
47.61, 8239791
47.62, 8239791
47.63, 8239791
47.64, 8239791
47.65, 8239791
47.66, 8239791
47.67, 8239791
47.68, 8239791
47.69, 8239791
47.7, 8239791
47.71, 8239791
47.72, 8239791
47.73, 8239791
47.74, 8239791
47.75, 8239791
47.76, 8239791
47.77, 8239791
47.78, 8239791
47.79, 8239791
47.8, 8239791
47.81, 8239791
47.82, 8239791
47.83, 8239791
47.84, 8239791
47.85, 8239791
47.86, 8239791
47.87, 8239791
47.88, 8239791
47.89, 8239791
47.9, 8239791
47.91, 8239791
47.92, 8239791
47.93, 8239791
47.94, 8239791
47.95, 8239791
47.96, 8239791
47.97, 8239791
47.98, 8239791
47.99, 8239791
48.0, 8239791
48.01, 8239791
48.02, 8239791
48.03, 8239791
48.04, 8239791
48.05, 8239791
48.06, 8239791
48.07, 8239791
48.08, 8239791
48.09, 8239791
48.1, 8239791
48.11, 8239791
48.12, 8239791
48.13, 8239791
48.14, 8239791
48.15, 8239791
48.16, 8239791
48.17, 8239791
48.18, 8239791
48.19, 8239791
48.2, 8239791
48.21, 8239791
48.22, 8239791
48.23, 8239791
48.24, 8239791
48.25, 8239791
48.26, 8239791
48.27, 8239791
48.28, 8239791
48.29, 8239791
48.3, 8239791
48.31, 8239791
48.32, 8239791
48.33, 8239791
48.34, 8239791
48.35, 8239791
48.36, 8239791
48.37, 8239791
48.38, 8239791
48.39, 8239791
48.4, 8239791
48.41, 8239791
48.42, 8239791
48.43, 8239791
48.44, 8239791
48.45, 8239791
48.46, 8239791
48.47, 8239791
48.48, 8239791
48.49, 8239791
48.5, 8239791
48.51, 8239791
48.52, 8239791
48.53, 8239791
48.54, 8239791
48.55, 8239791
48.56, 8239791
48.57, 8239791
48.58, 8239791
48.59, 8239791
48.6, 8239791
48.61, 8239791
48.62, 8239791
48.63, 8239791
48.64, 8239791
48.65, 8239791
48.66, 8239791
48.67, 8239791
48.68, 8239791
48.69, 8239791
48.7, 8239791
48.71, 8239791
48.72, 8239791
48.73, 8239791
48.74, 8239791
48.75, 8239791
48.76, 8239791
48.77, 8239791
48.78, 8239791
48.79, 8239791
48.8, 8239791
48.81, 8239791
48.82, 8239791
48.83, 8239791
48.84, 8239791
48.85, 8239791
48.86, 8239791
48.87, 8239791
48.88, 8239791
48.89, 8239791
48.9, 8239791
48.91, 8239791
48.92, 8239791
48.93, 8239791
48.94, 8239791
48.95, 8239791
48.96, 8239791
48.97, 8239791
48.98, 8239791
48.99, 8239791
49.0, 8239791
49.01, 8239791
49.02, 8239791
49.03, 8239791
49.04, 8239791
49.05, 8239791
49.06, 8239791
49.07, 8239791
49.08, 8239791
49.09, 8239791
49.1, 8239791
49.11, 8239791
49.12, 8239791
49.13, 8239791
49.14, 8239791
49.15, 8239791
49.16, 8239791
49.17, 8239791
49.18, 8239791
49.19, 8239791
49.2, 8239791
49.21, 8239791
49.22, 8239791
49.23, 8239791
49.24, 8239791
49.25, 8239791
49.26, 8239791
49.27, 8239791
49.28, 8239791
49.29, 8239791
49.3, 8239791
49.31, 8239791
49.32, 8239791
49.33, 8239791
49.34, 8239791
49.35, 8239791
49.36, 8239791
49.37, 8239791
49.38, 8239791
49.39, 8239791
49.4, 8239791
49.41, 8239791
49.42, 8239791
49.43, 8239791
49.44, 8239791
49.45, 8239791
49.46, 8239791
49.47, 8239791
49.48, 8239791
49.49, 8239791
49.5, 8239791
49.51, 8239791
49.52, 8239791
49.53, 8239791
49.54, 8239791
49.55, 8239791
49.56, 8239791
49.57, 8239791
49.58, 8239791
49.59, 8239791
49.6, 8239791
49.61, 8239791
49.62, 8239791
49.63, 8239791
49.64, 8239791
49.65, 8239791
49.66, 8239791
49.67, 8239791
49.68, 8239791
49.69, 8239791
49.7, 8239791
49.71, 8239791
49.72, 8239791
49.73, 8239791
49.74, 8239791
49.75, 8239791
49.76, 8239791
49.77, 8239791
49.78, 8239791
49.79, 8239791
49.8, 8239791
49.81, 8239791
49.82, 8239791
49.83, 8239791
49.84, 8239791
49.85, 8239791
49.86, 8239791
49.87, 8239791
49.88, 8239791
49.89, 8239791
49.9, 8239791
49.91, 8239791
49.92, 8239791
49.93, 8239791
49.94, 8239791
49.95, 8239791
49.96, 8239791
49.97, 8239791
49.98, 8239791
49.99, 8239791
50.0, 8239791
50.01, 8239791
50.02, 8239791
50.03, 8239791
50.04, 8239791
50.05, 8239791
50.06, 8239791
50.07, 8239791
50.08, 8239791
50.09, 8239791
50.1, 8239791
50.11, 8239791
50.12, 8239791
50.13, 8239791
50.14, 8239791
50.15, 8239791
50.16, 8239791
50.17, 8239791
50.18, 8239791
50.19, 8239791
50.2, 8239791
50.21, 8239791
50.22, 8239791
50.23, 8239791
50.24, 8239791
50.25, 8239791
50.26, 8239791
50.27, 8239791
50.28, 8239791
50.29, 8239791
50.3, 8239791
50.31, 8239791
50.32, 8239791
50.33, 8239791
50.34, 8239791
50.35, 8239791
50.36, 8239791
50.37, 8239791
50.38, 8239791
50.39, 8239791
50.4, 8239791
50.41, 8239791
50.42, 8239791
50.43, 8239791
50.44, 8239791
50.45, 8239791
50.46, 8239791
50.47, 8239791
50.48, 8239791
50.49, 8239791
50.5, 8239791
50.51, 8239791
50.52, 8239791
50.53, 8239791
50.54, 8239791
50.55, 8239791
50.56, 8239791
50.57, 8239791
50.58, 8239791
50.59, 8239791
50.6, 8239791
50.61, 8239791
50.62, 8239791
50.63, 8239791
50.64, 8239791
50.65, 8239791
50.66, 8239791
50.67, 8239791
50.68, 8239791
50.69, 8239791
50.7, 8239791
50.71, 8239791
50.72, 8239791
50.73, 8239791
50.74, 8239791
50.75, 8239791
50.76, 8239791
50.77, 8239791
50.78, 8239791
50.79, 8239791
50.8, 8239791
50.81, 8239791
50.82, 8239791
50.83, 8239791
50.84, 8239791
50.85, 8239791
50.86, 8239791
50.87, 8239791
50.88, 8239791
50.89, 8239791
50.9, 8239791
50.91, 8239791
50.92, 8239791
50.93, 8239791
50.94, 8239791
50.95, 8239791
50.96, 8239791
50.97, 8239791
50.98, 8239791
50.99, 8239791
51.0, 8239791
51.01, 8239791
51.02, 8239791
51.03, 8239791
51.04, 8239791
51.05, 8239791
51.06, 8239791
51.07, 8239791
51.08, 8239791
51.09, 8239791
51.1, 8239791
51.11, 8239791
51.12, 8239791
51.13, 8239791
51.14, 8239791
51.15, 8239791
51.16, 8239791
51.2, 8239791
51.21, 8239791
51.22, 8239791
51.23, 8239791
51.24, 8239791
51.25, 8239791
51.26, 8239791
51.27, 8239791
51.28, 8239791
51.29, 8239791
51.3, 8239791
51.31, 8239791
51.32, 8239791
51.33, 8239791
51.34, 8239791
51.35, 8239791
51.36, 8239791
51.37, 8239791
51.38, 8239791
51.39, 8239791
51.4, 8239791
51.41, 8239791
51.42, 8239791
51.43, 8239791
51.44, 8239791
51.45, 8239791
51.46, 8239791
51.47, 8239791
51.48, 8239791
51.49, 8239791
51.5, 8239791
51.51, 8239791
51.52, 8239791
51.53, 8239791
51.54, 8239791
51.55, 8239791
51.56, 8239791
51.57, 8239791
51.58, 8239791
51.59, 8239791
51.6, 8239791
51.61, 8239791
51.62, 8239791
51.63, 8239791
51.64, 8239791
51.65, 8239791
51.66, 8239791
51.67, 8239791
51.68, 8239791
51.69, 8239791
51.7, 8239791
51.71, 8239791
51.72, 8239791
51.73, 8239791
51.74, 8239791
51.75, 8239791
51.76, 8239791
51.77, 8239791
51.78, 8239791
51.79, 8239791
51.8, 8239791
51.81, 8239791
51.82, 8239791
51.83, 8239791
51.84, 8239791
51.85, 8239791
51.86, 8239791
51.87, 8239791
51.88, 8239791
51.89, 8239791
51.9, 8239791
51.91, 8239791
51.92, 8239791
51.93, 8239791
51.94, 8239791
51.95, 8239791
51.96, 8239791
51.97, 8239791
51.98, 8239791
51.99, 8239791
52.0, 8239791
52.01, 8239791
52.02, 8239791
52.03, 8239791
52.04, 8239791
52.05, 8239791
52.06, 8239791
52.07, 8239791
52.08, 8239791
52.09, 8239791
52.1, 8239791
52.11, 8239791
52.12, 8239791
52.13, 8239791
52.14, 8239791
52.15, 8239791
52.16, 8239791
52.17, 8239791
52.18, 8239791
52.19, 8239791
52.2, 8239791
52.21, 8239791
52.22, 8239791
52.23, 8239791
52.24, 8239791
52.25, 8239791
52.26, 8239791
52.27, 8239791
52.28, 8239791
52.29, 8239791
52.3, 8239791
52.31, 8239791
52.32, 8239791
52.33, 8239791
52.34, 8239791
52.35, 8239791
52.36, 8239791
52.37, 8239791
52.38, 8239791
52.39, 8142488
52.4, 8142488
52.41, 8142488
52.42, 8142488
52.43, 8142488
52.44, 8142488
52.45, 8142488
52.46, 8142488
52.47, 8142488
52.48, 8142488
52.49, 8142488
52.5, 8142488
52.51, 8142488
52.52, 8142488
52.53, 8142488
52.54, 8142488
52.55, 8142488
52.56, 8142488
52.57, 8142488
52.58, 8142488
52.59, 8142488
52.6, 8142488
52.61, 8142488
52.62, 8142488
52.63, 8142488
52.64, 8142488
52.65, 8142488
52.66, 8142488
52.67, 8142488
52.68, 8142488
52.69, 8142488
52.7, 8142488
52.71, 8142488
52.72, 8142488
52.73, 8142488
52.74, 8142488
52.75, 8142488
52.76, 8142488
52.77, 8142488
52.78, 8142488
52.79, 8142488
52.8, 8142488
52.81, 8142488
52.82, 8142488
52.83, 8142488
52.84, 8142488
52.85, 8142488
52.86, 8142488
52.87, 8142488
52.88, 8142488
52.89, 8142488
52.9, 8142488
52.91, 8142488
52.92, 8142488
52.93, 8142488
52.94, 8142488
52.95, 8142488
52.96, 8142488
52.97, 8142488
52.98, 8142488
52.99, 8142488
53.0, 8142488
53.01, 8142488
53.02, 8142488
53.03, 8142488
53.04, 8142488
53.05, 8142488
53.06, 8142488
53.07, 8142488
53.08, 8142488
53.09, 8142488
53.1, 8142488
53.11, 8142488
53.12, 8142488
53.13, 8142488
53.14, 8142488
53.15, 8142488
53.16, 8142488
53.17, 8142488
53.18, 8142488
53.19, 8142488
53.2, 8142488
53.21, 8142488
53.22, 8142488
53.23, 8142488
53.24, 8142488
53.25, 8142488
53.26, 8142488
53.27, 8142488
53.28, 8142488
53.29, 8142488
53.3, 8142488
53.31, 8142488
53.32, 8142488
53.33, 8142488
53.34, 8142488
53.35, 8142488
53.36, 8142488
53.37, 8142488
53.38, 8142488
53.39, 8142488
53.4, 8142488
53.41, 8142488
53.42, 8142488
53.43, 8142488
53.44, 8142488
53.45, 8142488
53.46, 8142488
53.47, 8142488
53.48, 8142488
53.49, 8142488
53.5, 8142488
53.51, 8142488
53.52, 8142488
53.53, 8142488
53.54, 8142488
53.55, 8142488
53.56, 8142488
53.57, 8142488
53.58, 8142488
53.59, 8142488
53.6, 8142488
53.61, 8142488
53.62, 8142488
53.63, 8142488
53.64, 8142488
53.65, 8142488
53.66, 8142488
53.67, 8142488
53.68, 8142488
53.69, 8142488
53.7, 8142488
53.71, 8142488
53.72, 8142488
53.73, 8142488
53.74, 8142488
53.75, 8142488
53.76, 8142488
53.77, 8142488
53.78, 8142488
53.79, 8142488
53.8, 8142488
53.81, 8142488
53.82, 8142488
53.83, 8142488
53.84, 8142488
53.85, 8142488
53.86, 8142488
53.87, 8142488
53.88, 8142488
53.89, 8142488
53.9, 8142488
53.91, 8142488
53.92, 8142488
53.93, 8142488
53.94, 8142488
53.95, 8142488
53.96, 8142488
53.97, 8142488
53.98, 8142488
53.99, 8142488
54.0, 8142488
54.01, 8142488
54.02, 8142488
54.03, 8142488
54.04, 8142488
54.05, 8142488
54.06, 8142488
54.07, 8142488
54.08, 8142488
54.09, 8142488
54.1, 8142488
54.11, 8142488
54.12, 8142488
54.13, 8142488
54.14, 8142488
54.15, 8142488
54.16, 8142488
54.17, 8142488
54.18, 8142488
54.19, 8142488
54.2, 8142488
54.21, 8142488
54.22, 8142488
54.23, 8142488
54.24, 8142488
54.25, 8142488
54.26, 8142488
54.27, 8142488
54.28, 8142488
54.29, 8142488
54.3, 8142488
54.31, 8142488
54.32, 8142488
54.33, 8142488
54.34, 8142488
54.35, 8142488
54.36, 8142488
54.37, 8142488
54.38, 8142488
54.39, 8142488
54.4, 8142488
54.41, 8142488
54.42, 8142488
54.43, 8142488
54.44, 8142488
54.45, 8142488
54.46, 8142488
54.47, 8142488
54.48, 8142488
54.49, 8142488
54.5, 8142488
54.51, 8142488
54.52, 8142488
54.53, 8142488
54.54, 8142488
54.55, 8142488
54.56, 8142488
54.57, 8142488
54.58, 8142488
54.59, 8142488
54.6, 8142488
54.61, 8142488
54.62, 8142488
54.63, 8142488
54.64, 8142488
54.65, 8142488
54.66, 8142488
54.67, 8142488
54.68, 8142488
54.69, 8142488
54.7, 8142488
54.71, 8142488
54.72, 8142488
54.73, 8142488
54.74, 8142488
54.75, 8142488
54.76, 8142488
54.77, 8142488
54.78, 8142488
54.79, 8142488
54.8, 8142488
54.81, 8142488
54.82, 8142488
54.83, 8142488
54.84, 8142488
54.85, 8142488
54.86, 8142488
54.87, 8142488
54.88, 8142488
54.89, 8142488
54.9, 8142488
54.91, 8142488
54.92, 8142488
54.93, 8142488
54.94, 8142488
54.95, 8142488
54.96, 8142488
54.97, 8142488
54.98, 8142488
54.99, 8142488
55.0, 8142488
55.01, 8142488
55.02, 8142488
55.03, 8142488
55.04, 8142488
55.05, 8142488
55.06, 8142488
55.07, 8142488
55.08, 8142488
55.09, 8142488
55.1, 8142488
55.11, 8142488
55.12, 8142488
55.13, 8142488
55.14, 8142488
55.15, 8142488
55.16, 8142488
55.17, 8142488
55.18, 8142488
55.19, 8142488
55.2, 8142488
55.21, 8142488
55.22, 8142488
55.23, 8142488
55.24, 8142488
55.25, 8142488
55.26, 8142488
55.27, 8142488
55.28, 8142488
55.29, 8142488
55.3, 8142488
55.31, 8142488
55.32, 8142488
55.33, 8142488
55.34, 8142488
55.35, 8142488
55.36, 8142488
55.37, 8142488
55.38, 8142488
55.39, 8142488
55.4, 8142488
55.41, 8142488
55.42, 8142488
55.43, 8142488
55.44, 8142488
55.45, 8142488
55.46, 8142488
55.47, 8142488
55.48, 8142488
55.49, 8142488
55.5, 8142488
55.51, 8142488
55.52, 8142488
55.53, 8142488
55.54, 8142488
55.55, 8142488
55.56, 8142488
55.57, 8142488
55.58, 8142488
55.59, 8142488
55.6, 8142488
55.61, 8142488
55.62, 8142488
55.63, 8142488
55.64, 8142488
55.65, 8142488
55.66, 8142488
55.67, 8142488
55.68, 8142488
55.69, 8142488
55.7, 8142488
55.71, 8142488
55.72, 8142488
55.73, 8142488
55.74, 8142488
55.75, 8142488
55.76, 8142488
55.77, 8142488
55.78, 8142488
55.79, 8142488
55.8, 8142488
55.81, 8142488
55.82, 8142488
55.83, 8142488
55.84, 8142488
55.85, 8142488
55.86, 8142488
55.87, 8142488
55.88, 8142488
55.89, 8142488
55.9, 8142488
55.91, 8142488
55.92, 8142488
55.93, 8142488
55.94, 8142488
55.95, 8142488
55.96, 8142488
55.97, 8142488
55.98, 8142488
55.99, 8142488
56.0, 8142488
56.01, 8142488
56.02, 8142488
56.03, 8142488
56.04, 8142488
56.05, 8142488
56.06, 8142488
56.07, 8142488
56.08, 8142488
56.09, 8142488
56.1, 8142488
56.11, 8142488
56.12, 8142488
56.13, 8142488
56.14, 8142488
56.15, 8142488
56.16, 8142488
56.17, 8142488
56.18, 8142488
56.19, 8142488
56.2, 8142488
56.21, 8142488
56.22, 8142488
56.23, 8142488
56.24, 8142488
56.25, 8142488
56.26, 8142488
56.27, 8142488
56.28, 8142488
56.29, 8142488
56.3, 8142488
56.31, 8142488
56.32, 8142488
56.33, 8142488
56.34, 8142488
56.35, 8142488
56.36, 8142488
56.37, 8142488
56.38, 8142488
56.39, 8142488
56.4, 8142488
56.41, 8142488
56.42, 8142488
56.43, 8142488
56.44, 8142488
56.45, 8142488
56.46, 8142488
56.47, 8142488
56.48, 8142488
56.49, 8142488
56.5, 8142488
56.51, 8142488
56.52, 8142488
56.53, 8142488
56.54, 8142488
56.55, 8142488
56.56, 8142488
56.57, 8142488
56.58, 8142488
56.59, 8142488
56.6, 8142488
56.61, 8142488
56.62, 8142488
56.63, 8142488
56.64, 8142488
56.65, 8142488
56.66, 8142488
56.67, 8142488
56.68, 8142488
56.69, 8142488
56.7, 8142488
56.71, 8142488
56.72, 8142488
56.73, 8142488
56.74, 8142488
56.75, 8142488
56.76, 8142488
56.77, 8142488
56.78, 8142488
56.79, 8142488
56.8, 8142488
56.81, 8142488
56.82, 8142488
56.83, 8142488
56.84, 8142488
56.85, 8142488
56.86, 8142488
56.87, 8142488
56.88, 8142488
56.89, 8142488
56.9, 8142488
56.91, 8142488
56.92, 8142488
56.93, 8142488
56.94, 8142488
56.95, 8142488
56.96, 8142488
56.97, 8142488
56.98, 8142488
56.99, 8142488
57.0, 8142488
57.01, 8142488
57.02, 8142488
57.03, 8142488
57.04, 8142488
57.05, 8142488
57.06, 8142488
57.07, 8142488
57.08, 8142488
57.09, 8142488
57.1, 8142488
57.11, 8142488
57.12, 8142488
57.13, 8142488
57.14, 8142488
57.15, 8142488
57.16, 8142488
57.17, 8142488
57.18, 8142488
57.19, 8142488
57.2, 8142488
57.21, 8142488
57.22, 8142488
57.23, 8142488
57.24, 8142488
57.25, 8142488
57.26, 8142488
57.27, 8142488
57.28, 8142488
57.29, 8142488
57.3, 8142488
57.31, 8142488
57.32, 8142488
57.33, 8142488
57.34, 8142488
57.35, 8142488
57.36, 8142488
57.37, 8142488
57.38, 8142488
57.39, 8142488
57.4, 8142488
57.41, 8142488
57.42, 8142488
57.43, 8142488
57.44, 8142488
57.45, 8142488
57.46, 8142488
57.47, 8142488
57.48, 8142488
57.49, 8142488
57.5, 8142488
57.51, 8142488
57.52, 8142488
57.53, 8142488
57.54, 8142488
57.55, 8142488
57.56, 8142488
57.57, 8142488
57.58, 8142488
57.59, 8142488
57.6, 8142488
57.61, 8142488
57.62, 8142488
57.63, 8142488
57.64, 8142488
57.65, 8142488
57.66, 8142488
57.67, 8142488
57.68, 8142488
57.69, 8142488
57.7, 8142488
57.71, 8142488
57.72, 8142488
57.73, 8142488
57.74, 8142488
57.75, 8142488
57.76, 8142488
57.77, 8142488
57.78, 8142488
57.79, 8142488
57.8, 8142488
57.81, 8142488
57.82, 8142488
57.83, 8142488
57.84, 8142488
57.85, 8142488
57.86, 8142488
57.87, 8142488
57.88, 8142488
57.89, 8142488
57.9, 8142488
57.91, 8142488
57.92, 8142488
57.93, 8142488
57.94, 8142488
57.95, 8142488
57.96, 8142488
57.97, 8142488
57.98, 8142488
57.99, 8142488
58.0, 8142488
58.01, 8142488
58.02, 8142488
58.03, 8142488
58.04, 8142488
58.05, 8142488
58.06, 8142488
58.07, 8142488
58.08, 8142488
58.09, 8142488
58.1, 8142488
58.11, 8142488
58.12, 8142488
58.13, 8142488
58.14, 8142488
58.15, 8142488
58.16, 8142488
58.17, 8142488
58.18, 8142488
58.19, 8142488
58.2, 8142488
58.21, 8142488
58.22, 8142488
58.23, 8142488
58.24, 8142488
58.25, 8142488
58.26, 8142488
58.27, 8142488
58.28, 8142488
58.29, 8142488
58.3, 8142488
58.31, 8142488
58.32, 8142488
58.33, 8142488
58.34, 8142488
58.35, 8142488
58.36, 8142488
58.37, 8142488
58.38, 8142488
58.39, 8142488
58.4, 8142488
58.41, 8142488
58.42, 8142488
58.43, 8142488
58.44, 8142488
58.45, 8142488
58.46, 8142488
58.47, 8142488
58.48, 8142488
58.49, 8142488
58.5, 8142488
58.51, 8142488
58.52, 8142488
58.53, 8142488
58.54, 8142488
58.55, 8142488
58.56, 8142488
58.57, 8142488
58.58, 8142488
58.59, 8142488
58.6, 8142488
58.61, 8142488
58.62, 8142488
58.63, 8142488
58.64, 8142488
58.65, 8142488
58.66, 8142488
58.67, 8142488
58.68, 8142488
58.69, 8142488
58.7, 8142488
58.71, 8142488
58.72, 8142488
58.73, 8142488
58.74, 8142488
58.75, 8142488
58.76, 8142488
58.77, 8142488
58.78, 8142488
58.79, 8142488
58.8, 8142488
58.81, 8142488
58.82, 8142488
58.83, 8142488
58.84, 8142488
58.85, 8142488
58.86, 8142488
58.87, 8142488
58.88, 8142488
58.89, 8142488
58.9, 8142488
58.91, 8142488
58.92, 8142488
58.93, 8142488
58.94, 8142488
58.95, 8142488
58.96, 8142488
58.97, 8142488
58.98, 8142488
58.99, 8142488
59.0, 8142488
59.01, 8142488
59.02, 8142488
59.03, 8142488
59.04, 8142488
59.05, 8142488
59.06, 8142488
59.07, 8142488
59.08, 8142488
59.09, 8142488
59.1, 8142488
59.11, 8142488
59.12, 8142488
59.13, 8142488
59.14, 8142488
59.15, 8142488
59.16, 8142488
59.17, 8142488
59.18, 8142488
59.19, 8142488
59.2, 8142488
59.21, 8142488
59.22, 8142488
59.23, 8142488
59.24, 8142488
59.25, 8142488
59.26, 8142488
59.27, 8142488
59.28, 8142488
59.29, 8142488
59.3, 8142488
59.31, 8142488
59.32, 8142488
59.33, 8142488
59.34, 8142488
59.35, 8142488
59.36, 8142488
59.37, 8142488
59.38, 8142488
59.39, 8142488
59.4, 8142488
59.41, 8142488
59.42, 8142488
59.43, 8142488
59.44, 8142488
59.45, 8142488
59.46, 8142488
59.47, 8142488
59.48, 8142488
59.49, 8142488
59.5, 8142488
59.51, 8142488
59.52, 8142488
59.53, 8142488
59.54, 8142488
59.55, 8142488
59.56, 8142488
59.57, 8142488
59.58, 8142488
59.59, 8142488
59.6, 8142488
59.61, 8142488
59.62, 8142488
59.63, 8142488
59.64, 8142488
59.65, 8142488
59.66, 8142488
59.67, 8142488
59.68, 8142488
59.69, 8142488
59.7, 8142488
59.71, 8142488
59.72, 8142488
59.73, 8142488
59.74, 8142488
59.75, 8142488
59.76, 8142488
59.77, 8142488
59.78, 8142488
59.79, 8142488
59.8, 8142488
59.81, 8142488
59.82, 8142488
59.83, 8142488
59.84, 8142488
59.85, 8142488
59.86, 8142488
59.87, 8142488
59.88, 8142488
59.89, 8142488
59.9, 8142488
59.91, 8142488
59.92, 8142488
59.93, 8142488
59.94, 8142488
59.95, 8142488
59.96, 8142488
59.97, 8142488
59.98, 8142488
59.99, 8142488
