0.0, 9713089
0.01, 9128345
0.02, 9128345
0.03, 9128345
0.04, 9128345
0.05, 9128345
0.06, 8728833
0.07, 8728833
0.08, 8728833
0.09, 8728833
0.1, 8728833
0.11, 8728833
0.12, 8728833
0.13, 8728833
0.14, 8728833
0.15, 8728833
0.16, 8728833
0.17, 8728833
0.18, 8728833
0.19, 8728833
0.2, 8728833
0.21, 8728833
0.22, 8728833
0.23, 8728833
0.24, 8728833
0.25, 8728833
0.26, 8728833
0.27, 8728833
0.28, 8728833
0.29, 8728833
0.3, 8728833
0.31, 8728833
0.32, 8728833
0.33, 8728833
0.34, 8728833
0.35, 8728833
0.36, 8728833
0.37, 8728833
0.38, 8728833
0.39, 8728833
0.4, 8728833
0.41, 8728833
0.42, 8728833
0.43, 8728833
0.44, 8728833
0.45, 8728833
0.46, 8728833
0.47, 8728833
0.48, 8728833
0.49, 8728833
0.5, 8728833
0.51, 8728833
0.52, 8728833
0.53, 8728833
0.54, 8728833
0.55, 8728833
0.56, 8728833
0.57, 8728833
0.58, 8728833
0.59, 8728833
0.6, 8728833
0.61, 8728833
0.62, 8728833
0.63, 8728833
0.64, 8728833
0.65, 8728833
0.66, 8728833
0.67, 8728833
0.68, 8728833
0.69, 8728833
0.7, 8728833
0.71, 8728833
0.72, 8728833
0.73, 8728833
0.74, 8726937
0.75, 8726937
0.76, 8726937
0.77, 8726937
0.78, 8726937
0.79, 8726937
0.8, 8726937
0.81, 8726937
0.82, 8726937
0.83, 8726937
0.84, 8726937
0.85, 8726937
0.86, 8726937
0.87, 8726937
0.88, 8726937
0.89, 8726937
0.9, 8726937
0.91, 8726937
0.92, 8726937
0.93, 8726937
0.94, 8726937
0.95, 8726937
0.96, 8694372
0.97, 8694372
0.98, 8694372
0.99, 8694372
1.0, 8694372
1.01, 8694372
1.02, 8694372
1.03, 8694372
1.04, 8694372
1.05, 8694372
1.06, 8694372
1.07, 8694372
1.08, 8637915
1.09, 8637915
1.1, 8637915
1.11, 8637915
1.12, 8476537
1.13, 8476537
1.14, 8476537
1.15, 8476537
1.16, 8476537
1.17, 8476537
1.18, 8476537
1.19, 8476537
1.2, 8476537
1.21, 8476537
1.22, 8476537
1.23, 8476537
1.24, 8476537
1.25, 8476537
1.26, 8476537
1.27, 8476537
1.28, 8476537
1.29, 8476537
1.3, 8476537
1.31, 8476537
1.32, 8476537
1.33, 8476537
1.34, 8476537
1.35, 8476537
1.36, 8476537
1.37, 8476537
1.38, 8476537
1.39, 8476537
1.4, 8476537
1.41, 8476537
1.42, 8476537
1.43, 8476537
1.44, 8476537
1.45, 8476537
1.46, 8476537
1.47, 8476537
1.48, 8476537
1.49, 8476537
1.5, 8476537
1.51, 8476537
1.52, 8476537
1.53, 8476537
1.54, 8476537
1.55, 8476537
1.56, 8476537
1.57, 8476537
1.58, 8476537
1.59, 8476537
1.6, 8476537
1.61, 8476537
1.62, 8476537
1.63, 8476537
1.64, 8476537
1.65, 8476537
1.66, 8476537
1.67, 8476537
1.68, 8476537
1.69, 8476537
1.7, 8476537
1.71, 8476537
1.72, 8476537
1.73, 8476537
1.74, 8476537
1.75, 8476537
1.76, 8476537
1.77, 8476537
1.78, 8476537
1.79, 8476537
1.8, 8476537
1.81, 8476537
1.82, 8476537
1.83, 8476537
1.84, 8476537
1.85, 8476537
1.86, 8476537
1.87, 8476537
1.88, 8476537
1.89, 8476537
1.9, 8476537
1.91, 8476537
1.92, 8476537
1.93, 8476537
1.94, 8476537
1.95, 8476537
1.96, 8476537
1.97, 8476537
1.98, 8476537
1.99, 8476537
2.0, 8476537
2.01, 8476537
2.02, 8476537
2.03, 8476537
2.04, 8476537
2.05, 8476537
2.06, 8476537
2.07, 8476537
2.08, 8476537
2.09, 8476537
2.1, 8476537
2.11, 8476537
2.12, 8336922
2.13, 8336922
2.14, 8336922
2.15, 8336922
2.16, 8336922
2.17, 8336922
2.18, 8336922
2.19, 8336922
2.2, 8336922
2.21, 8336922
2.22, 8336922
2.23, 8336922
2.24, 8336922
2.25, 8336922
2.26, 8336922
2.27, 8336922
2.28, 8336922
2.29, 8336922
2.3, 8336922
2.31, 8336922
2.32, 8336922
2.33, 8336922
2.34, 8336922
2.35, 8336922
2.36, 8336922
2.37, 8336922
2.38, 8336922
2.39, 8336922
2.4, 8336922
2.41, 8336922
2.42, 8336922
2.43, 8336922
2.44, 8336922
2.45, 8336922
2.46, 8336922
2.47, 8336922
2.48, 8336922
2.49, 8336922
2.5, 8336922
2.51, 8336922
2.52, 8336922
2.53, 8336922
2.54, 8336922
2.55, 8336922
2.56, 8336922
2.57, 8336922
2.58, 8336922
2.59, 8336922
2.6, 8336922
2.61, 8336922
2.62, 8336922
2.63, 8336922
2.64, 8336922
2.65, 8336922
2.66, 8336922
2.67, 8336922
2.68, 8336922
2.69, 8336922
2.7, 8336922
2.71, 8336922
2.72, 8336922
2.73, 8336922
2.74, 8336922
2.75, 8336922
2.76, 8336922
2.77, 8336922
2.78, 8336922
2.79, 8336922
2.8, 8336922
2.81, 8336922
2.82, 8336922
2.83, 8336922
2.84, 8336922
2.85, 8336922
2.86, 8336922
2.87, 8336922
2.88, 8336922
2.89, 8336922
2.9, 8336922
2.91, 8336922
2.92, 8336922
2.93, 8336922
2.94, 8336922
2.95, 8336922
2.96, 8336922
2.97, 8336922
2.98, 8336922
2.99, 8336922
3.0, 8336922
3.01, 8336922
3.02, 8336922
3.03, 8336922
3.04, 8336922
3.05, 8336922
3.06, 8336922
3.07, 8336922
3.08, 8336922
3.09, 8336922
3.1, 8336922
3.11, 8336922
3.12, 8336922
3.13, 8336922
3.14, 8336922
3.15, 8336922
3.16, 8336922
3.17, 8336922
3.18, 8336922
3.19, 8336922
3.2, 8336922
3.21, 8336922
3.22, 8336922
3.23, 8336922
3.24, 8336922
3.25, 8336922
3.26, 8336922
3.27, 8336922
3.28, 8336922
3.29, 8336922
3.3, 8336922
3.31, 8336922
3.32, 8336922
3.33, 8336922
3.34, 8336922
3.35, 8336922
3.36, 8336922
3.37, 8336922
3.38, 8336922
3.39, 8336922
3.4, 8336922
3.41, 8336922
3.42, 8336922
3.43, 8336922
3.44, 8336922
3.45, 8336922
3.46, 8336922
3.47, 8336922
3.48, 8336922
3.49, 8336922
3.5, 8336922
3.51, 8336922
3.52, 8336922
3.53, 8336922
3.54, 8336922
3.55, 8336922
3.56, 8336922
3.57, 8336922
3.58, 8336922
3.59, 8336922
3.6, 8336922
3.61, 8336922
3.62, 8336922
3.63, 8336922
3.64, 8336922
3.65, 8336922
3.66, 8336922
3.67, 8336922
3.68, 8336922
3.69, 8336922
3.7, 8336922
3.71, 8336922
3.72, 8336922
3.73, 8336922
3.74, 8336922
3.75, 8336922
3.76, 8336922
3.77, 8336922
3.78, 8336922
3.79, 8336922
3.8, 8336922
3.81, 8336922
3.82, 8336922
3.83, 8336922
3.84, 8336922
3.85, 8336922
3.86, 8336922
3.87, 8336922
3.88, 8336922
3.89, 8336922
3.9, 8336922
3.91, 8336922
3.92, 8336922
3.93, 8336922
3.94, 8336922
3.95, 8336922
3.96, 8336922
3.97, 8336922
3.98, 8336922
3.99, 8336922
4.0, 8336922
4.01, 8336922
4.02, 8336922
4.03, 8336922
4.04, 8336922
4.05, 8336922
4.06, 8336922
4.07, 8336922
4.08, 8336922
4.09, 8336922
4.1, 8336922
4.11, 8336922
4.12, 8336922
4.13, 8336922
4.14, 8336922
4.15, 8336922
4.16, 8336922
4.17, 8336922
4.18, 8336922
4.19, 8336922
4.2, 8336922
4.21, 8336922
4.22, 8336922
4.23, 8336922
4.24, 8336922
4.25, 8336922
4.26, 8336922
4.27, 8336922
4.28, 8336922
4.29, 8336922
4.3, 8336922
4.31, 8336922
4.32, 8336922
4.33, 8336922
4.34, 8336922
4.35, 8336922
4.36, 8336922
4.37, 8336922
4.38, 8336922
4.39, 8336922
4.4, 8336922
4.41, 8336922
4.42, 8336922
4.43, 8336922
4.44, 8336922
4.45, 8336922
4.46, 8336922
4.47, 8336922
4.48, 8336922
4.49, 8336922
4.5, 8336922
4.51, 8336922
4.52, 8336922
4.53, 8336922
4.54, 8336922
4.55, 8336922
4.56, 8336922
4.57, 8336922
4.58, 8336922
4.59, 8336922
4.6, 8336922
4.61, 8336922
4.62, 8336922
4.63, 8336922
4.64, 8336922
4.65, 8336922
4.66, 8336922
4.67, 8336922
4.68, 8336922
4.69, 8336922
4.7, 8336922
4.71, 8336922
4.72, 8336922
4.73, 8336922
4.74, 8336922
4.75, 8336922
4.76, 8336922
4.77, 8336922
4.78, 8336922
4.79, 8336922
4.8, 8336922
4.81, 8336922
4.82, 8336922
4.83, 8336922
4.84, 8336922
4.85, 8336922
4.86, 8336922
4.87, 8336922
4.88, 8336922
4.89, 8336922
4.9, 8336922
4.91, 8336922
4.92, 8336922
4.93, 8336922
4.94, 8336922
4.95, 8336922
4.96, 8336922
4.97, 8336922
4.98, 8336922
4.99, 8336922
5.0, 8336922
5.01, 8336922
5.02, 8336922
5.03, 8336922
5.04, 8336922
5.05, 8336922
5.06, 8336922
5.07, 8336922
5.08, 8336922
5.09, 8336922
5.1, 8336922
5.11, 8336922
5.12, 8336922
5.13, 8336922
5.14, 8336922
5.15, 8336922
5.16, 8336922
5.17, 8336922
5.18, 8336922
5.19, 8336922
5.2, 8336922
5.21, 8336922
5.22, 8336922
5.23, 8336922
5.24, 8336922
5.25, 8336922
5.26, 8336922
5.27, 8336922
5.28, 8336922
5.29, 8336922
5.3, 8336922
5.31, 8336922
5.32, 8336922
5.33, 8336922
5.34, 8336922
5.35, 8336922
5.36, 8336922
5.37, 8336922
5.38, 8336922
5.39, 8336922
5.4, 8336922
5.41, 8336922
5.42, 8336922
5.43, 8336922
5.44, 8336922
5.45, 8336922
5.46, 8336922
5.47, 8336922
5.48, 8336922
5.49, 8336922
5.5, 8336922
5.51, 8336922
5.52, 8336922
5.53, 8336922
5.54, 8336922
5.55, 8336922
5.56, 8336922
5.57, 8336922
5.58, 8336922
5.59, 8336922
5.6, 8336922
5.61, 8336922
5.62, 8336922
5.63, 8336922
5.64, 8336922
5.65, 8336922
5.66, 8336922
5.67, 8336922
5.68, 8336922
5.69, 8336922
5.7, 8336922
5.71, 8336922
5.72, 8336922
5.73, 8336922
5.74, 8336922
5.75, 8336922
5.76, 8336922
5.77, 8336922
5.78, 8336922
5.79, 8336922
5.8, 8336922
5.81, 8336922
5.82, 8336922
5.83, 8336922
5.84, 8336922
5.85, 8336922
5.86, 8336922
5.87, 8336922
5.88, 8336922
5.89, 8336922
5.9, 8336922
5.91, 8336922
5.92, 8336922
5.93, 8336922
5.94, 8336922
5.95, 8336922
5.96, 8336922
5.97, 8336922
5.98, 8336922
5.99, 8336922
6.0, 8336922
6.01, 8336922
6.02, 8336922
6.03, 8336922
6.04, 8336922
6.05, 8336922
6.06, 8336922
6.07, 8336922
6.08, 8336922
6.09, 8336922
6.1, 8336922
6.11, 8336922
6.12, 8336922
6.13, 8336922
6.14, 8336922
6.15, 8336922
6.16, 8336922
6.17, 8336922
6.18, 8336922
6.19, 8336922
6.2, 8336922
6.21, 8336922
6.22, 8336922
6.23, 8336922
6.24, 8336922
6.25, 8336922
6.26, 8336922
6.27, 8336922
6.28, 8336922
6.29, 8336922
6.3, 8336922
6.31, 8336922
6.32, 8336922
6.33, 8336922
6.34, 8336922
6.35, 8336922
6.36, 8336922
6.37, 8336922
6.38, 8336922
6.39, 8336922
6.4, 8336922
6.41, 8336922
6.42, 8336922
6.43, 8336922
6.44, 8336922
6.45, 8336922
6.46, 8336922
6.47, 8336922
6.48, 8336922
6.49, 8336922
6.5, 8336922
6.51, 8336922
6.52, 8336922
6.53, 8336922
6.54, 8336922
6.55, 8336922
6.56, 8336922
6.57, 8336922
6.58, 8336922
6.59, 8336922
6.6, 8336922
6.61, 8336922
6.62, 8336922
6.63, 8336922
6.64, 8336922
6.65, 8336922
6.66, 8336922
6.67, 8336922
6.68, 8336922
6.69, 8336922
6.7, 8336922
6.71, 8336922
6.72, 8336922
6.73, 8336922
6.74, 8336922
6.75, 8336922
6.76, 8336922
6.77, 8336922
6.78, 8336922
6.79, 8336922
6.8, 8336922
6.81, 8336922
6.82, 8336922
6.83, 8336922
6.84, 8336922
6.85, 8336922
6.86, 8336922
6.87, 8336922
6.88, 8336922
6.89, 8336922
6.9, 8336922
6.91, 8336922
6.92, 8336922
6.93, 8336922
6.94, 8336922
6.95, 8336922
6.96, 8336922
6.97, 8336922
6.98, 8336922
6.99, 8336922
7.0, 8336922
7.01, 8336922
7.02, 8336922
7.03, 8336922
7.04, 8336922
7.05, 8336922
7.06, 8336922
7.07, 8336922
7.08, 8336922
7.09, 8336922
7.1, 8336922
7.11, 8336922
7.12, 8336922
7.13, 8336922
7.14, 8336922
7.15, 8336922
7.16, 8336922
7.17, 8336922
7.18, 8336922
7.19, 8336922
7.2, 8336922
7.21, 8336922
7.22, 8336922
7.23, 8336922
7.24, 8336922
7.25, 8336922
7.26, 8336922
7.27, 8336922
7.28, 8336922
7.29, 8336922
7.3, 8336922
7.31, 8336922
7.32, 8336922
7.33, 8336922
7.34, 8336922
7.35, 8336922
7.36, 8336922
7.37, 8336922
7.38, 8336922
7.39, 8336922
7.4, 8336922
7.41, 8336922
7.42, 8336922
7.43, 8336922
7.44, 8336922
7.45, 8336922
7.46, 8336922
7.47, 8336922
7.48, 8336922
7.49, 8336922
7.5, 8336922
7.51, 8336922
7.52, 8336922
7.53, 8336922
7.54, 8336922
7.55, 8336922
7.56, 8336922
7.57, 8336922
7.58, 8336922
7.59, 8336922
7.6, 8336922
7.61, 8336922
7.62, 8336922
7.63, 8336922
7.64, 8336922
7.65, 8336922
7.66, 8336922
7.67, 8336922
7.68, 8336922
7.69, 8336922
7.7, 8336922
7.71, 8336922
7.72, 8336922
7.73, 8336922
7.74, 8336922
7.75, 8336922
7.76, 8336922
7.77, 8336922
7.78, 8336922
7.79, 8336922
7.8, 8336922
7.81, 8336922
7.82, 8336922
7.83, 8336922
7.84, 8336922
7.85, 8336922
7.86, 8336922
7.87, 8336922
7.88, 8336922
7.89, 8336922
7.9, 8336922
7.91, 8336922
7.92, 8336922
7.93, 8336922
7.94, 8336922
7.95, 8336922
7.96, 8336922
7.97, 8336922
7.98, 8336922
7.99, 8336922
8.0, 8336922
8.01, 8336922
8.02, 8336922
8.03, 8336922
8.04, 8336922
8.05, 8336922
8.06, 8336922
8.07, 8336922
8.08, 8336922
8.09, 8336922
8.1, 8336922
8.11, 8336922
8.12, 8336922
8.13, 8336922
8.14, 8336922
8.15, 8336922
8.16, 8336922
8.17, 8336922
8.18, 8336922
8.19, 8336922
8.2, 8336922
8.21, 8336922
8.22, 8336922
8.23, 8336922
8.24, 8336922
8.25, 8336922
8.26, 8336922
8.27, 8336922
8.28, 8336922
8.29, 8336922
8.3, 8336922
8.31, 8336922
8.32, 8336922
8.33, 8336922
8.34, 8336922
8.35, 8336922
8.36, 8336922
8.37, 8336922
8.38, 8336922
8.39, 8336922
8.4, 8336922
8.41, 8336922
8.42, 8336922
8.43, 8336922
8.44, 8336922
8.45, 8336922
8.46, 8336922
8.47, 8336922
8.48, 8336922
8.49, 8270864
8.5, 8270864
8.51, 8270864
8.52, 8270864
8.53, 8270864
8.54, 8270864
8.55, 8270864
8.56, 8270864
8.57, 8270864
8.58, 8270864
8.59, 8270864
8.6, 8270864
8.61, 8270864
8.62, 8270864
8.63, 8270864
8.64, 8270864
8.65, 8270864
8.66, 8270864
8.67, 8270864
8.68, 8270864
8.69, 8270864
8.7, 8270864
8.71, 8270864
8.72, 8270864
8.73, 8270864
8.74, 8270864
8.75, 8270864
8.76, 8270864
8.77, 8270864
8.78, 8270864
8.79, 8270864
8.8, 8270864
8.81, 8270864
8.82, 8270864
8.83, 8270864
8.84, 8270864
8.85, 8270864
8.86, 8270864
8.87, 8270864
8.88, 8270864
8.89, 8270864
8.9, 8270864
8.91, 8270864
8.92, 8270864
8.93, 8270864
8.94, 8270864
8.95, 8270864
8.96, 8270864
8.97, 8270864
8.98, 8270864
8.99, 8270864
9.0, 8270864
9.01, 8270864
9.02, 8270864
9.03, 8270864
9.04, 8270864
9.05, 8270864
9.06, 8270864
9.07, 8270864
9.08, 8270864
9.09, 8270864
9.1, 8270864
9.11, 8270864
9.12, 8270864
9.13, 8270864
9.14, 8270864
9.15, 8270864
9.16, 8270864
9.17, 8270864
9.18, 8270864
9.19, 8270864
9.2, 8270864
9.21, 8270864
9.22, 8270864
9.23, 8270864
9.24, 8270864
9.25, 8270864
9.26, 8270864
9.27, 8270864
9.28, 8270864
9.29, 8270864
9.3, 8270864
9.31, 8270864
9.32, 8270864
9.33, 8270864
9.34, 8270864
9.35, 8270864
9.36, 8270864
9.37, 8270864
9.38, 8270864
9.39, 8270864
9.4, 8270864
9.41, 8270864
9.42, 8270864
9.43, 8270864
9.44, 8270864
9.45, 8270864
9.46, 8270864
9.47, 8270864
9.48, 8270864
9.49, 8270864
9.5, 8270864
9.51, 8270864
9.52, 8270864
9.53, 8270864
9.54, 8270864
9.55, 8270864
9.56, 8270864
9.57, 8270864
9.58, 8270864
9.59, 8270864
9.6, 8270864
9.61, 8270864
9.62, 8270864
9.63, 8270864
9.64, 8270864
9.65, 8270864
9.66, 8270864
9.67, 8270864
9.68, 8270864
9.69, 8270864
9.7, 8270864
9.71, 8270864
9.72, 8270864
9.73, 8270864
9.74, 8270864
9.75, 8270864
9.76, 8270864
9.77, 8270864
9.78, 8270864
9.79, 8270864
9.8, 8270864
9.81, 8270864
9.82, 8270864
9.83, 8270864
9.84, 8270864
9.85, 8270864
9.86, 8270864
9.87, 8270864
9.88, 8270864
9.89, 8270864
9.9, 8270864
9.91, 8270864
9.92, 8270864
9.93, 8270864
9.94, 8270864
9.95, 8270864
9.96, 8270864
9.97, 8270864
9.98, 8270864
9.99, 8270864
10.0, 8270864
10.01, 8270864
10.02, 8270864
10.03, 8270864
10.04, 8270864
10.05, 8270864
10.06, 8270864
10.07, 8270864
10.08, 8270864
10.09, 8270864
10.1, 8270864
10.11, 8270864
10.12, 8270864
10.13, 8270864
10.14, 8270864
10.15, 8270864
10.16, 8270864
10.17, 8270864
10.18, 8270864
10.19, 8270864
10.2, 8270864
10.21, 8270864
10.22, 8270864
10.23, 8270864
10.24, 8270864
10.25, 8270864
10.26, 8270864
10.27, 8270864
10.28, 8270864
10.29, 8270864
10.3, 8270864
10.31, 8270864
10.32, 8270864
10.33, 8270864
10.34, 8270864
10.35, 8270864
10.36, 8270864
10.37, 8270864
10.38, 8270864
10.39, 8270864
10.4, 8270864
10.41, 8270864
10.42, 8270864
10.43, 8270864
10.44, 8270864
10.45, 8270864
10.46, 8270864
10.47, 8270864
10.48, 8270864
10.49, 8270864
10.5, 8270864
10.51, 8270864
10.52, 8270864
10.53, 8270864
10.54, 8270864
10.55, 8270864
10.56, 8270864
10.57, 8270864
10.58, 8270864
10.59, 8270864
10.6, 8270864
10.61, 8270864
10.62, 8270864
10.63, 8270864
10.64, 8270864
10.65, 8270864
10.66, 8270864
10.67, 8270864
10.68, 8270864
10.69, 8270864
10.7, 8270864
10.71, 8270864
10.72, 8270864
10.73, 8270864
10.74, 8270864
10.75, 8270864
10.76, 8270864
10.77, 8270864
10.78, 8270864
10.79, 8270864
10.8, 8270864
10.81, 8270864
10.82, 8270864
10.83, 8270864
10.84, 8270864
10.85, 8270864
10.86, 8270864
10.87, 8270864
10.88, 8270864
10.89, 8270864
10.9, 8270864
10.91, 8270864
10.92, 8270864
10.93, 8270864
10.94, 8270864
10.95, 8270864
10.96, 8270864
10.97, 8270864
10.98, 8270864
10.99, 8270864
11.0, 8270864
11.01, 8270864
11.02, 8270864
11.03, 8270864
11.04, 8270864
11.05, 8270864
11.06, 8270864
11.07, 8270864
11.08, 8270864
11.09, 8270864
11.1, 8270864
11.11, 8270864
11.12, 8270864
11.13, 8270864
11.14, 8270864
11.15, 8270864
11.16, 8270864
11.17, 8270864
11.18, 8270864
11.19, 8270864
11.2, 8270864
11.21, 8270864
11.22, 8270864
11.23, 8270864
11.24, 8270864
11.25, 8270864
11.26, 8270864
11.27, 8270864
11.28, 8270864
11.29, 8270864
11.3, 8270864
11.31, 8270864
11.32, 8270864
11.33, 8270864
11.34, 8270864
11.35, 8270864
11.36, 8270864
11.37, 8270864
11.38, 8270864
11.39, 8270864
11.4, 8270864
11.41, 8270864
11.42, 8270864
11.43, 8270864
11.44, 8270864
11.45, 8270864
11.46, 8270864
11.47, 8270864
11.48, 8270864
11.49, 8270864
11.5, 8270864
11.51, 8270864
11.52, 8270864
11.53, 8270864
11.54, 8270864
11.55, 8270864
11.56, 8270864
11.57, 8270864
11.58, 8270864
11.59, 8270864
11.6, 8270864
11.61, 8270864
11.62, 8270864
11.63, 8270864
11.64, 8270864
11.65, 8270864
11.66, 8270864
11.67, 8270864
11.68, 8270864
11.69, 8270864
11.7, 8270864
11.71, 8270864
11.72, 8270864
11.73, 8270864
11.74, 8270864
11.75, 8270864
11.76, 8270864
11.77, 8270864
11.78, 8270864
11.79, 8270864
11.8, 8270864
11.81, 8270864
11.82, 8270864
11.83, 8270864
11.84, 8270864
11.85, 8270864
11.86, 8270864
11.87, 8270864
11.88, 8270864
11.89, 8270864
11.9, 8270864
11.91, 8270864
11.92, 8270864
11.93, 8270864
11.94, 8270864
11.95, 8270864
11.96, 8270864
11.97, 8270864
11.98, 8270864
11.99, 8270864
12.0, 8270864
12.01, 8270864
12.02, 8270864
12.03, 8270864
12.04, 8270864
12.05, 8270864
12.06, 8270864
12.07, 8270864
12.08, 8270864
12.09, 8270864
12.1, 8270864
12.11, 8270864
12.12, 8270864
12.13, 8270864
12.14, 8270864
12.15, 8270864
12.16, 8270864
12.17, 8270864
12.18, 8270864
12.19, 8270864
12.2, 8270864
12.21, 8270864
12.22, 8270864
12.23, 8270864
12.24, 8270864
12.25, 8270864
12.26, 8270864
12.27, 8270864
12.28, 8270864
12.29, 8270864
12.3, 8270864
12.31, 8270864
12.32, 8270864
12.33, 8270864
12.34, 8270864
12.35, 8270864
12.36, 8270864
12.37, 8270864
12.38, 8270864
12.39, 8270864
12.4, 8219752
12.41, 8219752
12.42, 8219752
12.43, 8219752
12.44, 8219752
12.45, 8219752
12.46, 8219752
12.47, 8219752
12.48, 8219752
12.49, 8219752
12.5, 8219752
12.51, 8219752
12.52, 8219752
12.53, 8219752
12.54, 8219752
12.55, 8219752
12.56, 8219752
12.57, 8219752
12.58, 8219752
12.59, 8219752
12.6, 8219752
12.61, 8219752
12.62, 8219752
12.63, 8219752
12.64, 8219752
12.65, 8219752
12.66, 8219752
12.67, 8219752
12.68, 8219752
12.69, 8219752
12.7, 8219752
12.71, 8219752
12.72, 8219752
12.73, 8219752
12.74, 8219752
12.75, 8219752
12.76, 8219752
12.77, 8219752
12.78, 8219752
12.79, 8219752
12.8, 8219752
12.81, 8219752
12.82, 8219752
12.83, 8219752
12.84, 8219752
12.85, 8219752
12.86, 8219752
12.87, 8219752
12.88, 8219752
12.89, 8219752
12.9, 8219752
12.91, 8219752
12.92, 8219752
12.93, 8219752
12.94, 8219752
12.95, 8219752
12.96, 8219752
12.97, 8219752
12.98, 8219752
12.99, 8219752
13.0, 8219752
13.01, 8219752
13.02, 8219752
13.03, 8219752
13.04, 8219752
13.05, 8219752
13.06, 8219752
13.07, 8219752
13.08, 8219752
13.09, 8219752
13.1, 8219752
13.11, 8219752
13.12, 8219752
13.13, 8219752
13.14, 8219752
13.15, 8219752
13.16, 8219752
13.17, 8219752
13.18, 8219752
13.19, 8219752
13.2, 8219752
13.21, 8219752
13.22, 8219752
13.23, 8219752
13.24, 8219752
13.25, 8219752
13.26, 8219752
13.27, 8219752
13.28, 8219752
13.29, 8219752
13.3, 8219752
13.31, 8219752
13.32, 8219752
13.33, 8219752
13.34, 8219752
13.35, 8219752
13.36, 8219752
13.37, 8219752
13.38, 8219752
13.39, 8219752
13.4, 8219752
13.41, 8219752
13.42, 8219752
13.43, 8219752
13.44, 8219752
13.45, 8219752
13.46, 8219752
13.47, 8219752
13.48, 8219752
13.49, 8219752
13.5, 8219752
13.51, 8219752
13.52, 8219752
13.53, 8219752
13.54, 8219752
13.55, 8219752
13.56, 8219752
13.57, 8219752
13.58, 8219752
13.59, 8219752
13.6, 8219752
13.61, 8219752
13.62, 8219752
13.63, 8219752
13.64, 8219752
13.65, 8219752
13.66, 8219752
13.67, 8219752
13.68, 8219752
13.69, 8219752
13.7, 8219752
13.71, 8219752
13.72, 8219752
13.73, 8219752
13.74, 8219752
13.75, 8219752
13.76, 8219752
13.77, 8219752
13.78, 8219752
13.79, 8219752
13.8, 8219752
13.81, 8219752
13.82, 8219752
13.83, 8219752
13.84, 8219752
13.85, 8219752
13.86, 8219752
13.87, 8219752
13.88, 8219752
13.89, 8219752
13.9, 8219752
13.91, 8219752
13.92, 8219752
13.93, 8219752
13.94, 8219752
13.95, 8219752
13.96, 8219752
13.97, 8219752
13.98, 8219752
13.99, 8219752
14.0, 8219752
14.01, 8219752
14.02, 8219752
14.03, 8219752
14.04, 8219752
14.05, 8219752
14.06, 8219752
14.07, 8219752
14.08, 8219752
14.09, 8219752
14.1, 8219752
14.11, 8219752
14.12, 8219752
14.13, 8219752
14.14, 8219752
14.15, 8219752
14.16, 8219752
14.17, 8219752
14.18, 8219752
14.19, 8219752
14.2, 8219752
14.21, 8219752
14.22, 8219752
14.23, 8219752
14.24, 8219752
14.25, 8219752
14.26, 8219752
14.27, 8219752
14.28, 8219752
14.29, 8219752
14.3, 8219752
14.31, 8219752
14.32, 8219752
14.33, 8219752
14.34, 8219752
14.35, 8219752
14.36, 8219752
14.37, 8219752
14.38, 8219752
14.39, 8219752
14.4, 8219752
14.41, 8219752
14.42, 8219752
14.43, 8219752
14.44, 8219752
14.45, 8219752
14.46, 8219752
14.47, 8219752
14.48, 8219752
14.49, 8219752
14.5, 8219752
14.51, 8219752
14.52, 8219752
14.53, 8219752
14.54, 8219752
14.55, 8219752
14.56, 8219752
14.57, 8219752
14.58, 8219752
14.59, 8219752
14.6, 8219752
14.61, 8219752
14.62, 8219752
14.63, 8219752
14.64, 8219752
14.65, 8219752
14.66, 8219752
14.67, 8219752
14.68, 8219752
14.69, 8219752
14.7, 8219752
14.71, 8219752
14.72, 8219752
14.73, 8219752
14.74, 8219752
14.75, 8219752
14.76, 8219752
14.77, 8219752
14.78, 8219752
14.79, 8219752
14.8, 8219752
14.81, 8219752
14.82, 8219752
14.83, 8219752
14.84, 8219752
14.85, 8219752
14.86, 8219752
14.87, 8219752
14.88, 8219752
14.89, 8219752
14.9, 8219752
14.91, 8219752
14.92, 8219752
14.93, 8219752
14.94, 8219752
14.95, 8219752
14.96, 8219752
14.97, 8219752
14.98, 8219752
14.99, 8219752
15.0, 8219752
15.01, 8219752
15.02, 8219752
15.03, 8219752
15.04, 8219752
15.05, 8219752
15.06, 8219752
15.07, 8219752
15.08, 8219752
15.09, 8219752
15.1, 8219752
15.11, 8219752
15.12, 8219752
15.13, 8219752
15.14, 8219752
15.15, 8219752
15.16, 8219752
15.17, 8219752
15.18, 8219752
15.19, 8219752
15.2, 8219752
15.21, 8219752
15.22, 8219752
15.23, 8219752
15.24, 8219752
15.25, 8219752
15.26, 8219752
15.27, 8219752
15.28, 8219752
15.29, 8219752
15.3, 8219752
15.31, 8219752
15.32, 8219752
15.33, 8219752
15.34, 8219752
15.35, 8219752
15.36, 8219752
15.37, 8219752
15.38, 8219752
15.39, 8219752
15.4, 8219752
15.41, 8219752
15.42, 8219752
15.43, 8219752
15.44, 8219752
15.45, 8219752
15.46, 8219752
15.47, 8219752
15.48, 8219752
15.49, 8219752
15.5, 8219752
15.51, 8219752
15.52, 8219752
15.53, 8219752
15.54, 8219752
15.55, 8219752
15.56, 8219752
15.57, 8219752
15.58, 8219752
15.59, 8219752
15.6, 8219752
15.61, 8219752
15.62, 8219752
15.63, 8219752
15.64, 8219752
15.65, 8219752
15.66, 8219752
15.67, 8219752
15.68, 8219752
15.69, 8219752
15.7, 8219752
15.71, 8219752
15.72, 8219752
15.73, 8219752
15.74, 8219752
15.75, 8219752
15.76, 8219752
15.77, 8219752
15.78, 8219752
15.79, 8219752
15.8, 8219752
15.81, 8219752
15.82, 8219752
15.83, 8219752
15.84, 8219752
15.85, 8219752
15.86, 8219752
15.87, 8219752
15.88, 8219752
15.89, 8219752
15.9, 8219752
15.91, 8219752
15.92, 8219752
15.93, 8219752
15.94, 8219752
15.95, 8219752
15.96, 8219752
15.97, 8219752
15.98, 8219752
15.99, 8219752
16.0, 8219752
16.01, 8219752
16.02, 8219752
16.03, 8219752
16.04, 8219752
16.05, 8219752
16.06, 8219752
16.07, 8219752
16.08, 8219752
16.09, 8219752
16.1, 8219752
16.11, 8219752
16.12, 8219752
16.13, 8219752
16.14, 8219752
16.15, 8219752
16.16, 8219752
16.17, 8219752
16.18, 8219752
16.19, 8219752
16.2, 8219752
16.21, 8219752
16.22, 8219752
16.23, 8219752
16.24, 8219752
16.25, 8219752
16.26, 8219752
16.27, 8219752
16.28, 8219752
16.29, 8219752
16.3, 8219752
16.31, 8219752
16.32, 8219752
16.33, 8219752
16.34, 8219752
16.35, 8219752
16.36, 8219752
16.37, 8219752
16.38, 8219752
16.39, 8219752
16.4, 8219752
16.41, 8219752
16.42, 8219752
16.43, 8219752
16.44, 8219752
16.45, 8219752
16.46, 8219752
16.47, 8219752
16.48, 8219752
16.49, 8219752
16.5, 8219752
16.51, 8219752
16.52, 8219752
16.53, 8219752
16.54, 8219752
16.55, 8219752
16.56, 8219752
16.57, 8219752
16.58, 8219752
16.59, 8219752
16.6, 8219752
16.61, 8219752
16.62, 8219752
16.63, 8219752
16.64, 8219752
16.65, 8219752
16.66, 8219752
16.67, 8219752
16.68, 8219752
16.69, 8219752
16.7, 8219752
16.71, 8219752
16.72, 8219752
16.73, 8219752
16.74, 8219752
16.75, 8219752
16.76, 8219752
16.77, 8219752
16.78, 8219752
16.79, 8219752
16.8, 8219752
16.81, 8219752
16.82, 8219752
16.83, 8219752
16.84, 8219752
16.85, 8219752
16.86, 8219752
16.87, 8219752
16.88, 8219752
16.89, 8219752
16.9, 8219752
16.91, 8219752
16.92, 8219752
16.93, 8219752
16.94, 8219752
16.95, 8219752
16.96, 8219752
16.97, 8219752
16.98, 8219752
16.99, 8219752
17.0, 8219752
17.01, 8219752
17.02, 8219752
17.03, 8219752
17.04, 8219752
17.05, 8219752
17.06, 8219752
17.07, 8219752
17.08, 8219752
17.09, 8219752
17.1, 8219752
17.11, 8219752
17.12, 8219752
17.13, 8219752
17.14, 8219752
17.15, 8219752
17.16, 8219752
17.17, 8219752
17.18, 8219752
17.19, 8219752
17.2, 8219752
17.21, 8219752
17.22, 8219752
17.23, 8219752
17.24, 8219752
17.25, 8219752
17.26, 8219752
17.27, 8219752
17.28, 8219752
17.29, 8219752
17.3, 8219752
17.31, 8219752
17.32, 8219752
17.33, 8219752
17.34, 8219752
17.35, 8219752
17.36, 8219752
17.37, 8219752
17.38, 8219752
17.39, 8219752
17.4, 8219752
17.41, 8219752
17.42, 8219752
17.43, 8219752
17.44, 8219752
17.45, 8219752
17.46, 8219752
17.47, 8219752
17.48, 8219752
17.49, 8219752
17.5, 8219752
17.51, 8219752
17.52, 8219752
17.53, 8219752
17.54, 8219752
17.55, 8219752
17.56, 8219752
17.57, 8219752
17.58, 8219752
17.59, 8219752
17.6, 8219752
17.61, 8219752
17.62, 8219752
17.63, 8219752
17.64, 8219752
17.65, 8219752
17.66, 8219752
17.67, 8219752
17.68, 8219752
17.69, 8219752
17.7, 8219752
17.71, 8219752
17.72, 8219752
17.73, 8219752
17.74, 8219752
17.75, 8219752
17.76, 8219752
17.77, 8219752
17.78, 8219752
17.79, 8219752
17.8, 8219752
17.81, 8219752
17.82, 8219752
17.83, 8219752
17.84, 8219752
17.85, 8219752
17.86, 8219752
17.87, 8219752
17.88, 8219752
17.89, 8219752
17.9, 8219752
17.91, 8219752
17.92, 8219752
17.93, 8219752
17.94, 8219752
17.95, 8219752
17.96, 8219752
17.97, 8219752
17.98, 8219752
17.99, 8219752
18.0, 8219752
18.01, 8219752
18.02, 8219752
18.03, 8219752
18.04, 8219752
18.05, 8219752
18.06, 8219752
18.07, 8219752
18.08, 8219752
18.09, 8219752
18.1, 8219752
18.11, 8219752
18.12, 8219752
18.13, 8219752
18.14, 8219752
18.15, 8219752
18.16, 8219752
18.17, 8219752
18.18, 8219752
18.19, 8219752
18.2, 8219752
18.21, 8219752
18.22, 8219752
18.23, 8219752
18.24, 8219752
18.25, 8219752
18.26, 8219752
18.27, 8219752
18.28, 8219752
18.29, 8219752
18.3, 8219752
18.31, 8219752
18.32, 8219752
18.33, 8219752
18.34, 8219752
18.35, 8219752
18.36, 8219752
18.37, 8219752
18.38, 8219752
18.39, 8219752
18.4, 8219752
18.41, 8219752
18.42, 8219752
18.43, 8219752
18.44, 8219752
18.45, 8219752
18.46, 8219752
18.47, 8219752
18.48, 8219752
18.49, 8219752
18.5, 8219752
18.51, 8219752
18.52, 8219752
18.53, 8219752
18.54, 8219752
18.55, 8219752
18.56, 8219752
18.57, 8219752
18.58, 8219752
18.59, 8219752
18.6, 8219752
18.61, 8219752
18.62, 8219752
18.63, 8219752
18.64, 8219752
18.65, 8219752
18.66, 8219752
18.67, 8219752
18.68, 8219752
18.69, 8219752
18.7, 8219752
18.71, 8219752
18.72, 8219752
18.73, 8219752
18.74, 8219752
18.75, 8219752
18.76, 8219752
18.77, 8219752
18.78, 8219752
18.79, 8219752
18.8, 8219752
18.81, 8219752
18.82, 8219752
18.83, 8219752
18.84, 8219752
18.85, 8219752
18.86, 8219752
18.87, 8219752
18.88, 8219752
18.89, 8219752
18.9, 8219752
18.91, 8219752
18.92, 8219752
18.93, 8219752
18.94, 8219752
18.95, 8219752
18.96, 8219752
18.97, 8219752
18.98, 8219752
18.99, 8219752
19.0, 8219752
19.01, 8219752
19.02, 8219752
19.03, 8219752
19.04, 8219752
19.05, 8219752
19.06, 8219752
19.07, 8219752
19.08, 8219752
19.09, 8219752
19.1, 8219752
19.11, 8219752
19.12, 8219752
19.13, 8219752
19.14, 8219752
19.15, 8219752
19.16, 8219752
19.17, 8219752
19.18, 8219752
19.19, 8219752
19.2, 8219752
19.21, 8219752
19.22, 8219752
19.23, 8219752
19.24, 8219752
19.25, 8219752
19.26, 8219752
19.27, 8219752
19.28, 8219752
19.29, 8219752
19.3, 8219752
19.31, 8219752
19.32, 8219752
19.33, 8219752
19.34, 8219752
19.35, 8219752
19.36, 8219752
19.37, 8219752
19.38, 8219752
19.39, 8219752
19.4, 8219752
19.41, 8219752
19.42, 8219752
19.43, 8219752
19.44, 8219752
19.45, 8219752
19.46, 8219752
19.47, 8219752
19.48, 8219752
19.49, 8219752
19.5, 8219752
19.51, 8219752
19.52, 8219752
19.53, 8219752
19.54, 8219752
19.55, 8219752
19.56, 8219752
19.57, 8219752
19.58, 8219752
19.59, 8219752
19.6, 8219752
19.61, 8219752
19.62, 8219752
19.63, 8219752
19.64, 8219752
19.65, 8219752
19.66, 8219752
19.67, 8219752
19.68, 8219752
19.69, 8219752
19.7, 8219752
19.71, 8219752
19.72, 8219752
19.73, 8219752
19.74, 8219752
19.75, 8219752
19.76, 8219752
19.77, 8219752
19.78, 8219752
19.79, 8219752
19.8, 8219752
19.81, 8219752
19.82, 8219752
19.83, 8219752
19.84, 8219752
19.85, 8219752
19.86, 8219752
19.87, 8219752
19.88, 8219752
19.89, 8219752
19.9, 8219752
19.91, 8219752
19.92, 8219752
19.93, 8219752
19.94, 8219752
19.95, 8219752
19.96, 8219752
19.97, 8219752
19.98, 8219752
19.99, 8219752
20.0, 8219752
20.01, 8219752
20.02, 8219752
20.03, 8219752
20.04, 8219752
20.05, 8219752
20.06, 8219752
20.07, 8219752
20.08, 8219752
20.09, 8219752
20.1, 8219752
20.11, 8219752
20.12, 8219752
20.13, 8219752
20.14, 8219752
20.15, 8219752
20.16, 8219752
20.17, 8219752
20.18, 8219752
20.19, 8219752
20.2, 8219752
20.21, 8219752
20.22, 8219752
20.23, 8219752
20.24, 8219752
20.25, 8219752
20.26, 8219752
20.27, 8219752
20.28, 8219752
20.29, 8219752
20.3, 8219752
20.31, 8219752
20.32, 8219752
20.33, 8219752
20.34, 8219752
20.35, 8219752
20.36, 8219752
20.37, 8219752
20.38, 8219752
20.39, 8219752
20.4, 8219752
20.41, 8219752
20.42, 8219752
20.43, 8219752
20.44, 8219752
20.45, 8219752
20.46, 8219752
20.47, 8219752
20.48, 8219752
20.49, 8219752
20.5, 8219752
20.51, 8219752
20.52, 8219752
20.53, 8219752
20.54, 8219752
20.55, 8219752
20.56, 8219752
20.57, 8219752
20.58, 8219752
20.59, 8219752
20.6, 8219752
20.61, 8219752
20.62, 8219752
20.63, 8219752
20.64, 8219752
20.65, 8219752
20.66, 8219752
20.67, 8219752
20.68, 8219752
20.69, 8219752
20.7, 8219752
20.71, 8219752
20.72, 8219752
20.73, 8219752
20.74, 8219752
20.75, 8219752
20.76, 8219752
20.77, 8219752
20.78, 8219752
20.79, 8219752
20.8, 8219752
20.81, 8219752
20.82, 8219752
20.83, 8219752
20.84, 8219752
20.85, 8219752
20.86, 8219752
20.87, 8219752
20.88, 8219752
20.89, 8219752
20.9, 8219752
20.91, 8219752
20.92, 8219752
20.93, 8219752
20.94, 8219752
20.95, 8219752
20.96, 8219752
20.97, 8219752
20.98, 8219752
20.99, 8219752
21.0, 8219752
21.01, 8219752
21.02, 8219752
21.03, 8219752
21.04, 8219752
21.05, 8219752
21.06, 8219752
21.07, 8219752
21.08, 8219752
21.09, 8219752
21.1, 8219752
21.11, 8219752
21.12, 8219752
21.13, 8219752
21.14, 8219752
21.15, 8219752
21.16, 8219752
21.17, 8219752
21.18, 8219752
21.19, 8219752
21.2, 8219752
21.21, 8219752
21.22, 8219752
21.23, 8219752
21.24, 8219752
21.25, 8219752
21.26, 8219752
21.27, 8219752
21.28, 8219752
21.29, 8219752
21.3, 8219752
21.31, 8219752
21.32, 8219752
21.33, 8219752
21.34, 8219752
21.35, 8219752
21.36, 8219752
21.37, 8219752
21.38, 8219752
21.39, 8219752
21.4, 8219752
21.41, 8219752
21.42, 8219752
21.43, 8219752
21.44, 8219752
21.45, 8219752
21.46, 8219752
21.47, 8219752
21.48, 8219752
21.49, 8219752
21.5, 8219752
21.51, 8219752
21.52, 8219752
21.53, 8219752
21.54, 8219752
21.55, 8219752
21.56, 8219752
21.57, 8219752
21.58, 8219752
21.59, 8219752
21.6, 8219752
21.61, 8219752
21.62, 8219752
21.63, 8219752
21.64, 8219752
21.65, 8219752
21.66, 8219752
21.67, 8219752
21.68, 8219752
21.69, 8219752
21.7, 8219752
21.71, 8219752
21.72, 8219752
21.73, 8219752
21.74, 8219752
21.75, 8219752
21.76, 8219752
21.77, 8219752
21.78, 8219752
21.79, 8219752
21.8, 8219752
21.81, 8219752
21.82, 8219752
21.83, 8219752
21.84, 8219752
21.85, 8219752
21.86, 8219752
21.87, 8219752
21.88, 8219752
21.89, 8219752
21.9, 8219752
21.91, 8219752
21.92, 8219752
21.93, 8219752
21.94, 8219752
21.95, 8219752
21.96, 8219752
21.97, 8219752
21.98, 8219752
21.99, 8219752
22.0, 8219752
22.01, 8219752
22.02, 8219752
22.03, 8219752
22.04, 8219752
22.05, 8219752
22.06, 8219752
22.07, 8219752
22.08, 8219752
22.09, 8219752
22.1, 8219752
22.11, 8219752
22.12, 8219752
22.13, 8219752
22.14, 8219752
22.15, 8219752
22.16, 8219752
22.17, 8219752
22.18, 8219752
22.19, 8219752
22.2, 8219752
22.21, 8219752
22.22, 8219752
22.23, 8219752
22.24, 8219752
22.25, 8219752
22.26, 8219752
22.27, 8219752
22.28, 8219752
22.29, 8219752
22.3, 8219752
22.31, 8219752
22.32, 8219752
22.33, 8219752
22.34, 8219752
22.35, 8219752
22.36, 8219752
22.37, 8219752
22.38, 8219752
22.39, 8219752
22.4, 8219752
22.41, 8219752
22.42, 8219752
22.43, 8219752
22.44, 8219752
22.45, 8219752
22.46, 8219752
22.47, 8219752
22.48, 8219752
22.49, 8219752
22.5, 8219752
22.51, 8219752
22.52, 8219752
22.53, 8219752
22.54, 8219752
22.55, 8219752
22.56, 8219752
22.57, 8219752
22.58, 8219752
22.59, 8219752
22.6, 8219752
22.61, 8219752
22.62, 8219752
22.63, 8219752
22.64, 8219752
22.65, 8219752
22.66, 8219752
22.67, 8219752
22.68, 8219752
22.69, 8219752
22.7, 8219752
22.71, 8219752
22.72, 8219752
22.73, 8219752
22.74, 8219752
22.75, 8219752
22.76, 8219752
22.77, 8219752
22.78, 8219752
22.79, 8219752
22.8, 8219752
22.81, 8219752
22.82, 8219752
22.83, 8219752
22.84, 8219752
22.85, 8219752
22.86, 8219752
22.87, 8219752
22.88, 8219752
22.89, 8219752
22.9, 8219752
22.91, 8219752
22.92, 8219752
22.93, 8219752
22.94, 8219752
22.95, 8219752
22.96, 8219752
22.97, 8219752
22.98, 8219752
22.99, 8219752
23.0, 8219752
23.01, 8219752
23.02, 8219752
23.03, 8219752
23.04, 8219752
23.05, 8219752
23.06, 8219752
23.07, 8219752
23.08, 8219752
23.09, 8219752
23.1, 8219752
23.11, 8219752
23.12, 8219752
23.13, 8219752
23.14, 8219752
23.15, 8219752
23.16, 8219752
23.17, 8219752
23.18, 8219752
23.19, 8219752
23.2, 8219752
23.21, 8219752
23.22, 8219752
23.23, 8219752
23.24, 8219752
23.25, 8219752
23.26, 8219752
23.27, 8219752
23.28, 8219752
23.29, 8219752
23.3, 8219752
23.31, 8219752
23.32, 8219752
23.33, 8219752
23.34, 8219752
23.35, 8219752
23.36, 8219752
23.37, 8219752
23.38, 8219752
23.39, 8219752
23.4, 8219752
23.41, 8219752
23.42, 8219752
23.43, 8219752
23.44, 8219752
23.45, 8219752
23.46, 8219752
23.47, 8219752
23.48, 8219752
23.49, 8219752
23.5, 8219752
23.51, 8219752
23.52, 8219752
23.53, 8219752
23.54, 8219752
23.55, 8219752
23.56, 8219752
23.57, 8219752
23.58, 8219752
23.59, 8219752
23.6, 8219752
23.61, 8219752
23.62, 8219752
23.63, 8219752
23.64, 8219752
23.65, 8219752
23.66, 8219752
23.67, 8219752
23.68, 8219752
23.69, 8219752
23.7, 8219752
23.71, 8219752
23.72, 8219752
23.73, 8219752
23.74, 8219752
23.75, 8219752
23.76, 8219752
23.77, 8219752
23.78, 8219752
23.79, 8219752
23.8, 8219752
23.81, 8219752
23.82, 8219752
23.83, 8219752
23.84, 8219752
23.85, 8219752
23.86, 8219752
23.87, 8219752
23.88, 8219752
23.89, 8219752
23.9, 8219752
23.91, 8219752
23.92, 8219752
23.93, 8219752
23.94, 8219752
23.95, 8219752
23.96, 8219752
23.97, 8219752
23.98, 8219752
23.99, 8219752
24.0, 8219752
24.01, 8219752
24.02, 8219752
24.03, 8219752
24.04, 8219752
24.05, 8219752
24.06, 8219752
24.07, 8219752
24.08, 8219752
24.09, 8219752
24.1, 8219752
24.11, 8219752
24.12, 8219752
24.13, 8219752
24.14, 8219752
24.15, 8219752
24.16, 8219752
24.17, 8219752
24.18, 8219752
24.19, 8219752
24.2, 8219752
24.21, 8219752
24.22, 8219752
24.23, 8219752
24.24, 8219752
24.25, 8219752
24.26, 8219752
24.27, 8219752
24.28, 8219752
24.29, 8219752
24.3, 8219752
24.31, 8219752
24.32, 8219752
24.33, 8219752
24.34, 8219752
24.35, 8219752
24.36, 8219752
24.37, 8219752
24.38, 8219752
24.39, 8219752
24.4, 8219752
24.41, 8219752
24.42, 8219752
24.43, 8219752
24.44, 8219752
24.45, 8219752
24.46, 8219752
24.47, 8219752
24.48, 8219752
24.49, 8219752
24.5, 8219752
24.51, 8219752
24.52, 8219752
24.53, 8219752
24.54, 8219752
24.55, 8219752
24.56, 8219752
24.57, 8219752
24.58, 8219752
24.59, 8219752
24.6, 8219752
24.61, 8219752
24.62, 8219752
24.63, 8219752
24.64, 8219752
24.65, 8219752
24.66, 8219752
24.67, 8219752
24.68, 8219752
24.69, 8219752
24.7, 8219752
24.71, 8219752
24.72, 8219752
24.73, 8219752
24.74, 8219752
24.75, 8219752
24.76, 8219752
24.77, 8219752
24.78, 8219752
24.79, 8219752
24.8, 8219752
24.81, 8219752
24.82, 8219752
24.83, 8219752
24.84, 8219752
24.85, 8219752
24.86, 8219752
24.87, 8219752
24.88, 8219752
24.89, 8219752
24.9, 8219752
24.91, 8219752
24.92, 8219752
24.93, 8219752
24.94, 8219752
24.95, 8219752
24.96, 8219752
24.97, 8219752
24.98, 8219752
24.99, 8219752
25.0, 8219752
25.01, 8219752
25.02, 8219752
25.03, 8219752
25.04, 8219752
25.05, 8219752
25.06, 8219752
25.07, 8219752
25.08, 8219752
25.09, 8219752
25.1, 8219752
25.11, 8219752
25.12, 8219752
25.13, 8219752
25.14, 8219752
25.15, 8219752
25.16, 8219752
25.17, 8219752
25.18, 8219752
25.19, 8219752
25.2, 8219752
25.21, 8219752
25.22, 8219752
25.23, 8219752
25.24, 8219752
25.25, 8219752
25.26, 8219752
25.27, 8219752
25.28, 8219752
25.29, 8219752
25.3, 8219752
25.31, 8219752
25.32, 8219752
25.33, 8219752
25.34, 8219752
25.35, 8219752
25.36, 8219752
25.37, 8219752
25.38, 8219752
25.39, 8219752
25.4, 8219752
25.41, 8219752
25.42, 8219752
25.43, 8219752
25.44, 8219752
25.45, 8219752
25.46, 8219752
25.47, 8219752
25.48, 8219752
25.49, 8219752
25.5, 8219752
25.51, 8219752
25.52, 8219752
25.53, 8219752
25.54, 8219752
25.55, 8219752
25.56, 8219752
25.57, 8219752
25.58, 8219752
25.59, 8219752
25.6, 8219752
25.61, 8219752
25.62, 8219752
25.63, 8219752
25.64, 8219752
25.65, 8219752
25.66, 8219752
25.67, 8219752
25.68, 8219752
25.69, 8219752
25.7, 8219752
25.71, 8219752
25.72, 8219752
25.73, 8219752
25.74, 8219752
25.75, 8219752
25.76, 8219752
25.77, 8219752
25.78, 8219752
25.79, 8219752
25.8, 8219752
25.81, 8219752
25.82, 8219752
25.83, 8219752
25.84, 8219752
25.85, 8219752
25.86, 8219752
25.87, 8219752
25.88, 8219752
25.89, 8219752
25.9, 8219752
25.91, 8219752
25.92, 8219752
25.93, 8219752
25.94, 8219752
25.95, 8219752
25.96, 8219752
25.97, 8219752
25.98, 8219752
25.99, 8219752
26.0, 8219752
26.01, 8219752
26.02, 8219752
26.03, 8219752
26.04, 8219752
26.05, 8219752
26.06, 8219752
26.07, 8219752
26.08, 8219752
26.09, 8219752
26.1, 8219752
26.11, 8219752
26.12, 8219752
26.13, 8219752
26.14, 8219752
26.15, 8219752
26.16, 8219752
26.17, 8219752
26.18, 8219752
26.19, 8219752
26.2, 8219752
26.21, 8219752
26.22, 8219752
26.23, 8219752
26.24, 8219752
26.25, 8219752
26.26, 8219752
26.27, 8219752
26.28, 8219752
26.29, 8219752
26.3, 8219752
26.31, 8219752
26.32, 8219752
26.33, 8219752
26.34, 8219752
26.35, 8219752
26.36, 8219752
26.37, 8219752
26.38, 8219752
26.39, 8219752
26.4, 8219752
26.41, 8219752
26.42, 8219752
26.43, 8219752
26.44, 8219752
26.45, 8219752
26.46, 8219752
26.47, 8219752
26.48, 8219752
26.49, 8219752
26.5, 8219752
26.51, 8219752
26.52, 8219752
26.53, 8219752
26.54, 8219752
26.55, 8219752
26.56, 8219752
26.57, 8219752
26.58, 8219752
26.59, 8219752
26.6, 8219752
26.61, 8219752
26.62, 8219752
26.63, 8219752
26.64, 8219752
26.65, 8219752
26.66, 8219752
26.67, 8219752
26.68, 8219752
26.69, 8219752
26.7, 8219752
26.71, 8219752
26.72, 8219752
26.73, 8219752
26.74, 8219752
26.75, 8219752
26.76, 8219752
26.77, 8219752
26.78, 8219752
26.79, 8219752
26.8, 8219752
26.81, 8219752
26.82, 8219752
26.83, 8219752
26.84, 8219752
26.85, 8219752
26.86, 8219752
26.87, 8219752
26.88, 8219752
26.89, 8219752
26.9, 8219752
26.91, 8219752
26.92, 8219752
26.93, 8219752
26.94, 8219752
26.95, 8219752
26.96, 8219752
26.97, 8219752
26.98, 8219752
26.99, 8219752
27.0, 8219752
27.01, 8219752
27.02, 8219752
27.03, 8219752
27.04, 8219752
27.05, 8219752
27.06, 8219752
27.07, 8219752
27.08, 8219752
27.09, 8219752
27.1, 8219752
27.11, 8219752
27.12, 8219752
27.13, 8219752
27.14, 8219752
27.15, 8219752
27.16, 8219752
27.17, 8219752
27.18, 8219752
27.19, 8219752
27.2, 8219752
27.21, 8219752
27.22, 8219752
27.23, 8219752
27.24, 8219752
27.25, 8219752
27.26, 8219752
27.27, 8219752
27.28, 8219752
27.29, 8219752
27.3, 8219752
27.31, 8219752
27.32, 8219752
27.33, 8219752
27.34, 8219752
27.35, 8219752
27.36, 8219752
27.37, 8219752
27.38, 8219752
27.39, 8219752
27.4, 8219752
27.41, 8219752
27.42, 8219752
27.43, 8219752
27.44, 8219752
27.45, 8219752
27.46, 8219752
27.47, 8219752
27.48, 8219752
27.49, 8219752
27.5, 8219752
27.51, 8219752
27.52, 8219752
27.53, 8219752
27.54, 8219752
27.55, 8219752
27.56, 8219752
27.57, 8219752
27.58, 8219752
27.59, 8219752
27.6, 8219752
27.61, 8219752
27.62, 8219752
27.63, 8219752
27.64, 8219752
27.65, 8219752
27.66, 8219752
27.67, 8219752
27.68, 8219752
27.69, 8219752
27.7, 8219752
27.71, 8219752
27.72, 8219752
27.73, 8219752
27.74, 8219752
27.75, 8219752
27.76, 8219752
27.77, 8219752
27.78, 8219752
27.79, 8219752
27.8, 8219752
27.81, 8219752
27.82, 8219752
27.83, 8219752
27.84, 8219752
27.85, 8219752
27.86, 8219752
27.87, 8219752
27.88, 8219752
27.89, 8219752
27.9, 8219752
27.91, 8219752
27.92, 8219752
27.93, 8219752
27.94, 8219752
27.95, 8219752
27.96, 8219752
27.97, 8219752
27.98, 8219752
27.99, 8219752
28.0, 8219752
28.01, 8219752
28.02, 8219752
28.03, 8219752
28.04, 8219752
28.05, 8219752
28.06, 8219752
28.07, 8219752
28.08, 8219752
28.09, 8219752
28.1, 8219752
28.11, 8219752
28.12, 8219752
28.13, 8219752
28.14, 8219752
28.15, 8219752
28.16, 8219752
28.17, 8219752
28.18, 8219752
28.19, 8219752
28.2, 8219752
28.21, 8219752
28.22, 8219752
28.23, 8219752
28.24, 8219752
28.25, 8219752
28.26, 8219752
28.27, 8219752
28.28, 8219752
28.29, 8219752
28.3, 8219752
28.31, 8219752
28.32, 8219752
28.33, 8219752
28.34, 8219752
28.35, 8219752
28.36, 8219752
28.37, 8219752
28.38, 8219752
28.39, 8219752
28.4, 8219752
28.41, 8219752
28.42, 8219752
28.43, 8219752
28.44, 8219752
28.45, 8219752
28.46, 8219752
28.47, 8219752
28.48, 8219752
28.49, 8219752
28.5, 8219752
28.51, 8219752
28.52, 8219752
28.53, 8219752
28.54, 8219752
28.55, 8219752
28.56, 8219752
28.57, 8219752
28.58, 8219752
28.59, 8219752
28.6, 8219752
28.61, 8219752
28.62, 8219752
28.63, 8219752
28.64, 8219752
28.65, 8219752
28.66, 8219752
28.67, 8219752
28.68, 8219752
28.69, 8219752
28.7, 8219752
28.71, 8219752
28.72, 8219752
28.73, 8219752
28.74, 8219752
28.75, 8219752
28.76, 8219752
28.77, 8219752
28.78, 8219752
28.79, 8219752
28.8, 8219752
28.81, 8219752
28.82, 8219752
28.83, 8219752
28.84, 8219752
28.85, 8219752
28.86, 8219752
28.87, 8219752
28.88, 8219752
28.89, 8219752
28.9, 8219752
28.91, 8219752
28.92, 8219752
28.93, 8219752
28.94, 8219752
28.95, 8219752
28.96, 8219752
28.97, 8219752
28.98, 8219752
28.99, 8219752
29.0, 8219752
29.01, 8219752
29.02, 8219752
29.03, 8219752
29.04, 8219752
29.05, 8219752
29.06, 8219752
29.07, 8219752
29.08, 8219752
29.09, 8219752
29.1, 8219752
29.11, 8219752
29.12, 8219752
29.13, 8219752
29.14, 8219752
29.15, 8219752
29.16, 8219752
29.17, 8219752
29.18, 8219752
29.19, 8219752
29.2, 8219752
29.21, 8219752
29.22, 8219752
29.23, 8219752
29.24, 8219752
29.25, 8219752
29.26, 8219752
29.27, 8219752
29.28, 8219752
29.29, 8219752
29.3, 8219752
29.31, 8219752
29.32, 8219752
29.33, 8219752
29.34, 8055504
29.35, 8055504
29.36, 8055504
29.37, 8055504
29.38, 8055504
29.39, 8055504
29.4, 8055504
29.41, 8055504
29.42, 8055504
29.43, 8055504
29.44, 8055504
29.45, 8055504
29.46, 8055504
29.47, 8055504
29.48, 8055504
29.49, 8055504
29.5, 8055504
29.51, 8055504
29.52, 8055504
29.53, 8055504
29.54, 8055504
29.55, 8055504
29.56, 8055504
29.57, 8055504
29.58, 8055504
29.59, 8055504
29.6, 8055504
29.61, 8055504
29.62, 8055504
29.63, 8055504
29.64, 8055504
29.65, 8055504
29.66, 8055504
29.67, 8055504
29.68, 8055504
29.69, 8055504
29.7, 8055504
29.71, 8055504
29.72, 8055504
29.73, 8055504
29.74, 8055504
29.75, 8055504
29.76, 8055504
29.77, 8055504
29.78, 8055504
29.79, 8055504
29.8, 8055504
29.81, 8055504
29.82, 8055504
29.83, 8055504
29.84, 8055504
29.85, 8055504
29.86, 8055504
29.87, 8055504
29.88, 8055504
29.89, 8055504
29.9, 8055504
29.91, 8055504
29.92, 8055504
29.93, 8055504
29.94, 8055504
29.95, 8055504
29.96, 8055504
29.97, 8055504
29.98, 8055504
29.99, 8055504
30.0, 8055504
30.01, 8055504
30.02, 8055504
30.03, 8055504
30.04, 8055504
30.05, 8055504
30.06, 8055504
30.07, 8055504
30.08, 8055504
30.09, 8055504
30.1, 8055504
30.11, 8055504
30.12, 8055504
30.13, 8055504
30.14, 8055504
30.15, 8055504
30.16, 8055504
30.17, 8055504
30.18, 8055504
30.19, 8055504
30.2, 8055504
30.21, 8055504
30.22, 8055504
30.23, 8055504
30.24, 8055504
30.25, 8055504
30.26, 8055504
30.27, 8055504
30.28, 8055504
30.29, 8055504
30.3, 8055504
30.31, 8055504
30.32, 8055504
30.33, 8055504
30.34, 8055504
30.35, 8055504
30.36, 8055504
30.37, 8055504
30.38, 8055504
30.39, 8055504
30.4, 8055504
30.41, 8055504
30.42, 8055504
30.43, 8055504
30.44, 8055504
30.45, 8055504
30.46, 8055504
30.47, 8055504
30.48, 8055504
30.49, 8055504
30.5, 8055504
30.51, 8055504
30.52, 8055504
30.53, 8055504
30.54, 8055504
30.55, 8055504
30.56, 8055504
30.57, 8055504
30.58, 8055504
30.59, 8055504
30.6, 8055504
30.61, 8055504
30.62, 8055504
30.63, 8055504
30.64, 8055504
30.65, 8055504
30.66, 8055504
30.67, 8055504
30.68, 8055504
30.69, 8055504
30.7, 8055504
30.71, 8055504
30.72, 8055504
30.73, 8055504
30.74, 8055504
30.75, 8055504
30.76, 8055504
30.77, 8055504
30.78, 8055504
30.79, 8055504
30.8, 8055504
30.81, 8055504
30.82, 8055504
30.83, 8055504
30.84, 8055504
30.85, 8055504
30.86, 8055504
30.87, 8055504
30.88, 8055504
30.89, 8055504
30.9, 8055504
30.91, 8055504
30.92, 8055504
30.93, 8055504
30.94, 8055504
30.95, 8055504
30.96, 8055504
30.97, 8055504
30.98, 8055504
30.99, 8055504
31.0, 8055504
31.01, 8055504
31.02, 8055504
31.03, 8055504
31.04, 8055504
31.05, 8055504
31.06, 8055504
31.07, 8055504
31.08, 8055504
31.09, 8055504
31.1, 8055504
31.11, 8055504
31.12, 8055504
31.13, 8055504
31.14, 8055504
31.15, 8055504
31.16, 8055504
31.17, 8055504
31.18, 8055504
31.19, 8055504
31.2, 8055504
31.21, 8055504
31.22, 8055504
31.23, 8055504
31.24, 8055504
31.25, 8055504
31.26, 8055504
31.27, 8055504
31.28, 8055504
31.29, 8055504
31.3, 8055504
31.31, 8055504
31.32, 8055504
31.33, 8055504
31.34, 8055504
31.35, 8055504
31.36, 8055504
31.37, 8055504
31.38, 8055504
31.39, 8055504
31.4, 8055504
31.41, 8055504
31.42, 8055504
31.43, 8055504
31.44, 8055504
31.45, 8055504
31.46, 8055504
31.47, 8055504
31.48, 8055504
31.49, 8055504
31.5, 8055504
31.51, 8055504
31.52, 8055504
31.53, 8055504
31.54, 8055504
31.55, 8055504
31.56, 8055504
31.57, 8055504
31.58, 8055504
31.59, 8055504
31.6, 8055504
31.61, 8055504
31.62, 8055504
31.63, 8055504
31.64, 8055504
31.65, 8055504
31.66, 8055504
31.67, 8055504
31.68, 8055504
31.69, 8055504
31.7, 8055504
31.71, 8055504
31.72, 8055504
31.73, 8055504
31.74, 8055504
31.75, 8055504
31.76, 8055504
31.77, 8055504
31.78, 8055504
31.79, 8055504
31.8, 8055504
31.81, 8055504
31.82, 8055504
31.83, 8055504
31.84, 8055504
31.85, 8055504
31.86, 8055504
31.87, 8055504
31.88, 8055504
31.89, 8055504
31.9, 8055504
31.91, 8055504
31.92, 8055504
31.93, 8055504
31.94, 8055504
31.95, 8055504
31.96, 8055504
31.97, 8055504
31.98, 8055504
31.99, 8055504
32.0, 8055504
32.01, 8055504
32.02, 8055504
32.03, 8055504
32.04, 8055504
32.05, 8055504
32.06, 8055504
32.07, 8055504
32.08, 8055504
32.09, 8055504
32.1, 8055504
32.11, 8055504
32.12, 8055504
32.13, 8055504
32.14, 8055504
32.15, 8055504
32.16, 8055504
32.17, 8055504
32.18, 8055504
32.19, 8055504
32.2, 8055504
32.21, 8055504
32.22, 8055504
32.23, 8055504
32.24, 8055504
32.25, 8055504
32.26, 8055504
32.27, 8055504
32.28, 8055504
32.29, 8055504
32.3, 8055504
32.31, 8055504
32.32, 8055504
32.33, 8055504
32.34, 8055504
32.35, 8055504
32.36, 8055504
32.37, 8055504
32.38, 8055504
32.39, 8055504
32.4, 8055504
32.41, 8055504
32.42, 8055504
32.43, 8055504
32.44, 8055504
32.45, 8055504
32.46, 8055504
32.47, 8055504
32.48, 8055504
32.49, 8055504
32.5, 8055504
32.51, 8055504
32.52, 8055504
32.53, 8055504
32.54, 8055504
32.55, 8055504
32.56, 8055504
32.57, 8055504
32.58, 8055504
32.59, 8055504
32.6, 8055504
32.61, 8055504
32.62, 8055504
32.63, 8055504
32.64, 8055504
32.65, 8055504
32.66, 8055504
32.67, 8055504
32.68, 8055504
32.69, 8055504
32.7, 8055504
32.71, 8055504
32.72, 8055504
32.73, 8055504
32.74, 8055504
32.75, 8055504
32.76, 8055504
32.77, 8055504
32.78, 8055504
32.79, 8055504
32.8, 8055504
32.81, 8055504
32.82, 8055504
32.83, 8055504
32.84, 8055504
32.85, 8055504
32.86, 8055504
32.87, 8055504
32.88, 8055504
32.89, 8055504
32.9, 8055504
32.91, 8055504
32.92, 8055504
32.93, 8055504
32.94, 8055504
32.95, 8055504
32.96, 8055504
32.97, 8055504
32.98, 8055504
32.99, 8055504
33.0, 8055504
33.01, 8055504
33.02, 8055504
33.03, 8055504
33.04, 8055504
33.05, 8055504
33.06, 8055504
33.07, 8055504
33.08, 8055504
33.09, 8055504
33.1, 8055504
33.11, 8055504
33.12, 8055504
33.13, 8055504
33.14, 8055504
33.15, 8055504
33.16, 8055504
33.17, 8055504
33.18, 8055504
33.19, 8055504
33.2, 8055504
33.21, 8055504
33.22, 8055504
33.23, 8055504
33.24, 8055504
33.25, 8055504
33.26, 8055504
33.27, 8055504
33.28, 8055504
33.29, 8055504
33.3, 8055504
33.31, 8055504
33.32, 8055504
33.33, 8055504
33.34, 8055504
33.35, 8055504
33.36, 8055504
33.37, 8055504
33.38, 8055504
33.39, 8055504
33.4, 8055504
33.41, 8055504
33.42, 8055504
33.43, 8055504
33.44, 8055504
33.45, 8055504
33.46, 8055504
33.47, 8055504
33.48, 8055504
33.49, 8055504
33.5, 8055504
33.51, 8055504
33.52, 8055504
33.53, 8055504
33.54, 8055504
33.55, 8055504
33.56, 8055504
33.57, 8055504
33.58, 8055504
33.59, 8055504
33.6, 8055504
33.61, 8055504
33.62, 8055504
33.63, 8055504
33.64, 8055504
33.65, 8055504
33.66, 8055504
33.67, 8055504
33.68, 8055504
33.69, 8055504
33.7, 8055504
33.71, 8055504
33.72, 8055504
33.73, 8055504
33.74, 8055504
33.75, 8055504
33.76, 8055504
33.77, 8055504
33.78, 8055504
33.79, 8055504
33.8, 8055504
33.81, 8055504
33.82, 8055504
33.83, 8055504
33.84, 8055504
33.85, 8055504
33.86, 8055504
33.87, 8055504
33.88, 8055504
33.89, 8055504
33.9, 8055504
33.91, 8055504
33.92, 8055504
33.93, 8055504
33.94, 8055504
33.95, 8055504
33.96, 8055504
33.97, 8055504
33.98, 8055504
33.99, 8055504
34.0, 8055504
34.01, 8055504
34.02, 8055504
34.03, 8055504
34.04, 8055504
34.05, 8055504
34.06, 8055504
34.07, 8055504
34.08, 8055504
34.09, 8055504
34.1, 8055504
34.11, 8055504
34.12, 8055504
34.13, 8055504
34.14, 8055504
34.15, 8055504
34.16, 8055504
34.17, 8055504
34.18, 8055504
34.19, 8055504
34.2, 8055504
34.21, 8055504
34.22, 8055504
34.23, 8055504
34.24, 8055504
34.25, 8055504
34.26, 8055504
34.27, 8055504
34.28, 8055504
34.29, 8055504
34.3, 8055504
34.31, 8055504
34.32, 8055504
34.33, 8055504
34.34, 8055504
34.35, 8055504
34.36, 8055504
34.37, 8055504
34.38, 8055504
34.39, 8055504
34.4, 8055504
34.41, 8055504
34.42, 8055504
34.43, 8055504
34.44, 8055504
34.45, 8055504
34.46, 8055504
34.47, 8055504
34.48, 8055504
34.49, 8055504
34.5, 8055504
34.51, 8055504
34.52, 8055504
34.53, 8055504
34.54, 8055504
34.55, 8055504
34.56, 8055504
34.57, 8055504
34.58, 8055504
34.59, 8055504
34.6, 8055504
34.61, 8055504
34.62, 8055504
34.63, 8055504
34.64, 8055504
34.65, 8055504
34.66, 8055504
34.67, 8055504
34.68, 8055504
34.69, 8055504
34.7, 8055504
34.71, 8055504
34.72, 8055504
34.73, 8055504
34.74, 8055504
34.75, 8055504
34.76, 8055504
34.77, 8055504
34.78, 8055504
34.79, 8055504
34.8, 8055504
34.81, 8055504
34.82, 8055504
34.83, 8055504
34.84, 8055504
34.85, 8055504
34.86, 8055504
34.87, 8055504
34.88, 8055504
34.89, 8055504
34.9, 8055504
34.91, 8055504
34.92, 8055504
34.93, 8055504
34.94, 8055504
34.95, 8055504
34.96, 8055504
34.97, 8055504
34.98, 8055504
34.99, 8055504
35.0, 8055504
35.01, 8055504
35.02, 8055504
35.03, 8055504
35.04, 8055504
35.05, 8055504
35.06, 8055504
35.07, 8055504
35.08, 8055504
35.09, 8055504
35.1, 8055504
35.11, 8055504
35.12, 8055504
35.13, 8055504
35.14, 8055504
35.15, 8055504
35.16, 8055504
35.17, 8055504
35.18, 8055504
35.19, 8055504
35.2, 8055504
35.21, 8055504
35.22, 8055504
35.23, 8055504
35.24, 8055504
35.25, 8055504
35.26, 8055504
35.27, 8055504
35.28, 8055504
35.29, 8055504
35.3, 8055504
35.31, 8055504
35.32, 8055504
35.33, 8055504
35.34, 8055504
35.35, 8055504
35.36, 8055504
35.37, 8055504
35.38, 8055504
35.39, 8055504
35.4, 8055504
35.41, 8055504
35.42, 8055504
35.43, 8055504
35.44, 8055504
35.45, 8055504
35.46, 8055504
35.47, 8055504
35.48, 8055504
35.49, 8055504
35.5, 8055504
35.51, 8055504
35.52, 8055504
35.53, 8055504
35.54, 8055504
35.55, 8055504
35.56, 8055504
35.57, 8055504
35.58, 8055504
35.59, 8055504
35.6, 8055504
35.61, 8055504
35.62, 8055504
35.63, 8055504
35.64, 8055504
35.65, 8055504
35.66, 8055504
35.67, 8055504
35.68, 8055504
35.69, 8055504
35.7, 8055504
35.71, 8055504
35.72, 8055504
35.73, 8055504
35.74, 8055504
35.75, 8055504
35.76, 8055504
35.77, 8055504
35.78, 8055504
35.79, 8055504
35.8, 8055504
35.81, 8055504
35.82, 8055504
35.83, 8055504
35.84, 8055504
35.85, 8055504
35.86, 8055504
35.87, 8055504
35.88, 8055504
35.89, 8055504
35.9, 8055504
35.91, 8055504
35.92, 8055504
35.93, 8055504
35.94, 8055504
35.95, 8055504
35.96, 8055504
35.97, 8055504
35.98, 8055504
35.99, 8055504
36.0, 8055504
36.01, 8055504
36.02, 8055504
36.03, 8055504
36.04, 8055504
36.05, 8055504
36.06, 8055504
36.07, 8055504
36.08, 8055504
36.09, 8055504
36.1, 8055504
36.11, 8055504
36.12, 8055504
36.13, 8055504
36.14, 8055504
36.15, 8055504
36.16, 8055504
36.17, 8055504
36.18, 8055504
36.19, 8055504
36.2, 8055504
36.21, 8055504
36.22, 8055504
36.23, 8055504
36.24, 8055504
36.25, 8055504
36.26, 8055504
36.27, 8055504
36.28, 8055504
36.29, 8055504
36.3, 8055504
36.31, 8055504
36.32, 8055504
36.33, 8055504
36.34, 8055504
36.35, 8055504
36.36, 8055504
36.37, 8055504
36.38, 8055504
36.39, 8055504
36.4, 8055504
36.41, 8055504
36.42, 8055504
36.43, 8055504
36.44, 8055504
36.45, 8055504
36.46, 8055504
36.47, 8055504
36.48, 8055504
36.49, 8055504
36.5, 8055504
36.51, 8055504
36.52, 8055504
36.53, 8055504
36.54, 8055504
36.55, 8055504
36.56, 8055504
36.57, 8055504
36.58, 8055504
36.59, 8055504
36.6, 8055504
36.61, 8055504
36.62, 8055504
36.63, 8055504
36.64, 8055504
36.65, 8055504
36.66, 8055504
36.67, 8055504
36.68, 8055504
36.69, 8055504
36.7, 8055504
36.71, 8055504
36.72, 8055504
36.73, 8055504
36.74, 8055504
36.75, 8055504
36.76, 8055504
36.77, 8055504
36.78, 8055504
36.79, 8055504
36.8, 8055504
36.81, 8055504
36.82, 8055504
36.83, 8055504
36.84, 8055504
36.85, 8055504
36.86, 8055504
36.87, 8055504
36.88, 8055504
36.89, 8055504
36.9, 8055504
36.91, 8055504
36.92, 8055504
36.93, 8055504
36.94, 8055504
36.95, 8055504
36.96, 8055504
36.97, 8055504
36.98, 8055504
36.99, 8055504
37.0, 8055504
37.01, 8055504
37.02, 8055504
37.03, 8055504
37.04, 8055504
37.05, 8055504
37.06, 8055504
37.07, 8055504
37.08, 8055504
37.09, 8055504
37.1, 8055504
37.11, 8055504
37.12, 8055504
37.13, 8055504
37.14, 8055504
37.15, 8055504
37.16, 8055504
37.17, 8055504
37.18, 8055504
37.19, 8055504
37.2, 8055504
37.21, 8055504
37.22, 8055504
37.23, 8055504
37.24, 8055504
37.25, 8055504
37.26, 8055504
37.27, 8055504
37.28, 8055504
37.29, 8055504
37.3, 8055504
37.31, 8055504
37.32, 8055504
37.33, 8055504
37.34, 8055504
37.35, 8055504
37.36, 8055504
37.37, 8055504
37.38, 8055504
37.39, 8055504
37.4, 8055504
37.41, 8055504
37.42, 8055504
37.43, 8055504
37.44, 8055504
37.45, 8055504
37.46, 8055504
37.47, 8055504
37.48, 8055504
37.49, 8055504
37.5, 8055504
37.51, 8055504
37.52, 8055504
37.53, 8055504
37.54, 8055504
37.55, 8055504
37.56, 8055504
37.57, 8055504
37.58, 8055504
37.59, 8055504
37.6, 8055504
37.61, 8055504
37.62, 8055504
37.63, 8055504
37.64, 8055504
37.65, 8055504
37.66, 8055504
37.67, 8055504
37.68, 8055504
37.69, 8055504
37.7, 8055504
37.71, 8055504
37.72, 8055504
37.73, 8055504
37.74, 8055504
37.75, 8055504
37.76, 8055504
37.77, 8055504
37.78, 8055504
37.79, 8055504
37.8, 8055504
37.81, 8055504
37.82, 8055504
37.83, 8055504
37.84, 8055504
37.85, 8055504
37.86, 8055504
37.87, 8055504
37.88, 8055504
37.89, 8055504
37.9, 8055504
37.91, 8055504
37.92, 8055504
37.93, 8055504
37.94, 8055504
37.95, 8055504
37.96, 8055504
37.97, 8055504
37.98, 8055504
37.99, 8055504
38.0, 8055504
38.01, 8055504
38.02, 8055504
38.03, 8055504
38.04, 8055504
38.05, 8055504
38.06, 8055504
38.07, 8055504
38.08, 8055504
38.09, 8055504
38.1, 8055504
38.11, 8055504
38.12, 8055504
38.13, 8055504
38.14, 8055504
38.15, 8055504
38.16, 8055504
38.17, 8055504
38.18, 8055504
38.19, 8055504
38.2, 8055504
38.21, 8055504
38.22, 8055504
38.23, 8055504
38.24, 8055504
38.25, 8055504
38.26, 8055504
38.27, 8055504
38.28, 8055504
38.29, 8055504
38.3, 8055504
38.31, 8055504
38.32, 8055504
38.33, 8055504
38.34, 8055504
38.35, 8055504
38.36, 8055504
38.37, 8055504
38.38, 8055504
38.39, 8055504
38.4, 8055504
38.41, 8055504
38.42, 8055504
38.43, 8055504
38.44, 8055504
38.45, 8055504
38.46, 8055504
38.47, 8055504
38.48, 8055504
38.49, 8055504
38.5, 8055504
38.51, 8055504
38.52, 8055504
38.53, 8055504
38.54, 8055504
38.55, 8055504
38.56, 8055504
38.57, 8055504
38.58, 8055504
38.59, 8055504
38.6, 8055504
38.61, 8055504
38.62, 8055504
38.63, 8055504
38.64, 8055504
38.65, 8055504
38.66, 8055504
38.67, 8055504
38.68, 8055504
38.69, 8055504
38.7, 8055504
38.71, 8055504
38.72, 8055504
38.73, 8055504
38.74, 8055504
38.75, 8055504
38.76, 8055504
38.77, 8055504
38.78, 8055504
38.79, 8055504
38.8, 8055504
38.81, 8055504
38.82, 8055504
38.83, 8055504
38.84, 8055504
38.85, 8055504
38.86, 8055504
38.87, 8055504
38.88, 8055504
38.89, 8055504
38.9, 8055504
38.91, 8055504
38.92, 8055504
38.93, 8055504
38.94, 8055504
38.95, 8055504
38.96, 8055504
38.97, 8055504
38.98, 8055504
38.99, 8055504
39.0, 8055504
39.01, 8055504
39.02, 8055504
39.03, 8055504
39.04, 8055504
39.05, 8055504
39.06, 8055504
39.07, 8055504
39.08, 8055504
39.09, 8055504
39.1, 8055504
39.11, 8055504
39.12, 8055504
39.13, 8055504
39.14, 8055504
39.15, 8055504
39.16, 8055504
39.17, 8055504
39.18, 8055504
39.19, 8055504
39.2, 8055504
39.21, 8055504
39.22, 8055504
39.23, 8055504
39.24, 8055504
39.25, 8055504
39.26, 8055504
39.27, 8055504
39.28, 8055504
39.29, 8055504
39.3, 8055504
39.31, 8055504
39.32, 8055504
39.33, 8055504
39.34, 8055504
39.35, 8055504
39.36, 8055504
39.37, 8055504
39.38, 8055504
39.39, 8055504
39.4, 8055504
39.41, 8055504
39.42, 8055504
39.43, 8055504
39.44, 8055504
39.45, 8055504
39.46, 8055504
39.47, 8055504
39.48, 8055504
39.49, 8055504
39.5, 8055504
39.51, 8055504
39.52, 8055504
39.53, 8055504
39.54, 8055504
39.55, 8055504
39.56, 8055504
39.57, 8055504
39.58, 8055504
39.59, 8055504
39.6, 8055504
39.61, 8055504
39.62, 8055504
39.63, 8055504
39.64, 8055504
39.65, 8055504
39.66, 8055504
39.67, 8055504
39.68, 8055504
39.69, 8055504
39.7, 8055504
39.71, 8055504
39.72, 8055504
39.73, 8055504
39.74, 8055504
39.75, 8055504
39.76, 8055504
39.77, 8055504
39.78, 8055504
39.79, 8055504
39.8, 8055504
39.81, 8055504
39.82, 8055504
39.83, 8055504
39.84, 8055504
39.85, 8055504
39.86, 8055504
39.87, 8055504
39.88, 8055504
39.89, 8055504
39.9, 8055504
39.91, 8055504
39.92, 8055504
39.93, 8055504
39.94, 8055504
39.95, 8055504
39.96, 8055504
39.97, 8055504
39.98, 8055504
39.99, 8055504
40.0, 8055504
40.01, 8055504
40.02, 8055504
40.03, 8055504
40.04, 8055504
40.05, 8055504
40.06, 8055504
40.07, 8055504
40.08, 8055504
40.09, 8055504
40.1, 8055504
40.11, 8055504
40.12, 8055504
40.13, 8055504
40.14, 8055504
40.15, 8055504
40.16, 8055504
40.17, 8055504
40.18, 8055504
40.19, 8055504
40.2, 8055504
40.21, 8055504
40.22, 8055504
40.23, 8055504
40.24, 8055504
40.25, 8055504
40.26, 8055504
40.27, 8055504
40.28, 8055504
40.29, 8055504
40.3, 8055504
40.31, 8055504
40.32, 8055504
40.33, 8055504
40.34, 8055504
40.35, 8055504
40.36, 8055504
40.37, 8055504
40.38, 8055504
40.39, 8055504
40.4, 8055504
40.41, 8055504
40.42, 8055504
40.43, 8055504
40.44, 8055504
40.45, 8055504
40.46, 8055504
40.47, 8055504
40.48, 8055504
40.49, 8055504
40.5, 8055504
40.51, 8055504
40.52, 8055504
40.53, 8055504
40.54, 8055504
40.55, 8055504
40.56, 8055504
40.57, 8055504
40.58, 8055504
40.59, 8055504
40.6, 8055504
40.61, 8055504
40.62, 8055504
40.63, 8055504
40.64, 8055504
40.65, 8055504
40.66, 8055504
40.67, 8055504
40.68, 8055504
40.69, 8055504
40.7, 8055504
40.71, 8055504
40.72, 8055504
40.73, 8055504
40.74, 8055504
40.75, 8055504
40.76, 8055504
40.77, 8055504
40.78, 8055504
40.79, 8055504
40.8, 8055504
40.81, 8055504
40.82, 8055504
40.83, 8055504
40.84, 8055504
40.85, 8055504
40.86, 8055504
40.87, 8055504
40.88, 8055504
40.89, 8055504
40.9, 8055504
40.91, 8055504
40.92, 8055504
40.93, 8055504
40.94, 8055504
40.95, 8055504
40.96, 8055504
40.97, 8055504
40.98, 8055504
40.99, 8055504
41.0, 8055504
41.01, 8055504
41.02, 8055504
41.03, 8055504
41.04, 8055504
41.05, 8055504
41.06, 8055504
41.07, 8055504
41.08, 8055504
41.09, 8055504
41.1, 8055504
41.11, 8055504
41.12, 8055504
41.13, 8055504
41.14, 8055504
41.15, 8055504
41.16, 8055504
41.17, 8055504
41.18, 8055504
41.19, 8055504
41.2, 8055504
41.21, 8055504
41.22, 8055504
41.23, 8055504
41.24, 8055504
41.25, 8055504
41.26, 8055504
41.27, 8055504
41.28, 8055504
41.29, 8055504
41.3, 8055504
41.31, 8055504
41.32, 8055504
41.33, 8055504
41.34, 8055504
41.35, 8055504
41.36, 8055504
41.37, 8055504
41.38, 8055504
41.39, 8055504
41.4, 8055504
41.41, 8055504
41.42, 8055504
41.43, 8055504
41.44, 8055504
41.45, 8055504
41.46, 8055504
41.47, 8055504
41.48, 8055504
41.49, 8055504
41.5, 8055504
41.51, 8055504
41.52, 8055504
41.53, 8055504
41.54, 8055504
41.55, 8055504
41.56, 8055504
41.57, 8055504
41.58, 8055504
41.59, 8055504
41.6, 8055504
41.61, 8055504
41.62, 8055504
41.63, 8055504
41.64, 8055504
41.65, 8055504
41.66, 8055504
41.67, 8055504
41.68, 8055504
41.69, 8055504
41.7, 8055504
41.71, 8055504
41.72, 8055504
41.73, 8055504
41.74, 8055504
41.75, 8055504
41.76, 8055504
41.77, 8055504
41.78, 8055504
41.79, 8055504
41.8, 8055504
41.81, 8055504
41.82, 8055504
41.83, 8055504
41.84, 8055504
41.85, 8055504
41.86, 8055504
41.87, 8055504
41.88, 8055504
41.89, 8055504
41.9, 8055504
41.91, 8055504
41.92, 8055504
41.93, 8055504
41.94, 8055504
41.95, 8055504
41.96, 8055504
41.97, 8055504
41.98, 8055504
41.99, 8055504
42.0, 8055504
42.01, 8055504
42.02, 8055504
42.03, 8055504
42.04, 8055504
42.05, 8055504
42.06, 8055504
42.07, 8055504
42.08, 8055504
42.09, 8055504
42.1, 8055504
42.11, 8055504
42.12, 8055504
42.13, 8055504
42.14, 8055504
42.15, 8055504
42.16, 8055504
42.17, 8055504
42.18, 8055504
42.19, 8055504
42.2, 8055504
42.21, 8055504
42.22, 8055504
42.23, 8055504
42.24, 8055504
42.25, 8055504
42.26, 8055504
42.27, 8055504
42.28, 8055504
42.29, 8055504
42.3, 8055504
42.31, 8055504
42.32, 8055504
42.33, 8055504
42.34, 8055504
42.35, 8055504
42.36, 8055504
42.37, 8055504
42.38, 8055504
42.39, 8055504
42.4, 8055504
42.41, 8055504
42.42, 8055504
42.43, 8055504
42.44, 8055504
42.45, 8055504
42.46, 8055504
42.47, 8055504
42.48, 8055504
42.49, 8055504
42.5, 8055504
42.51, 8055504
42.52, 8055504
42.53, 8055504
42.54, 8055504
42.55, 8055504
42.56, 8055504
42.57, 8055504
42.58, 8055504
42.59, 8055504
42.6, 8055504
42.61, 8055504
42.62, 8055504
42.63, 8055504
42.64, 8055504
42.65, 8055504
42.66, 8055504
42.67, 8055504
42.68, 8055504
42.69, 8055504
42.7, 8055504
42.71, 8055504
42.72, 8055504
42.73, 8055504
42.74, 8055504
42.75, 8055504
42.76, 8055504
42.77, 8055504
42.78, 8055504
42.79, 8055504
42.8, 8055504
42.81, 8055504
42.82, 8055504
42.83, 8055504
42.84, 8055504
42.85, 8055504
42.86, 8055504
42.87, 8055504
42.88, 8055504
42.89, 8055504
42.9, 8055504
42.91, 8055504
42.92, 8055504
42.93, 8055504
42.94, 8055504
42.95, 8055504
42.96, 8055504
42.97, 8055504
42.98, 8055504
42.99, 8055504
43.0, 8055504
43.01, 8055504
43.02, 8055504
43.03, 8055504
43.04, 8055504
43.05, 8055504
43.06, 8055504
43.07, 8055504
43.08, 8055504
43.09, 8055504
43.1, 8055504
43.11, 8055504
43.12, 8055504
43.13, 8055504
43.14, 8055504
43.15, 8055504
43.16, 8055504
43.17, 8055504
43.18, 8055504
43.19, 8055504
43.2, 8055504
43.21, 8055504
43.22, 8055504
43.23, 8055504
43.24, 8055504
43.25, 8055504
43.26, 8055504
43.27, 8055504
43.28, 8055504
43.29, 8055504
43.3, 8055504
43.31, 8055504
43.32, 8055504
43.33, 8055504
43.34, 8055504
43.35, 8055504
43.36, 8055504
43.37, 8055504
43.38, 8055504
43.39, 8055504
43.4, 8055504
43.41, 8055504
43.42, 8055504
43.43, 8055504
43.44, 8055504
43.45, 8055504
43.46, 8055504
43.47, 8055504
43.48, 8055504
43.49, 8055504
43.5, 8055504
43.51, 8055504
43.52, 8055504
43.53, 8055504
43.54, 8055504
43.55, 8055504
43.56, 8055504
43.57, 8055504
43.58, 8055504
43.59, 8055504
43.6, 8055504
43.61, 8055504
43.62, 8055504
43.63, 8055504
43.64, 8055504
43.65, 8055504
43.66, 8055504
43.67, 8055504
43.68, 8055504
43.69, 8055504
43.7, 8055504
43.71, 8055504
43.72, 8055504
43.73, 8055504
43.74, 8055504
43.75, 8055504
43.76, 8055504
43.77, 8055504
43.78, 8055504
43.79, 8055504
43.8, 8055504
43.81, 8055504
43.82, 8055504
43.83, 8055504
43.84, 8055504
43.85, 8055504
43.86, 8055504
43.87, 8055504
43.88, 8055504
43.89, 8055504
43.9, 8055504
43.91, 8055504
43.92, 8055504
43.93, 8055504
43.94, 8055504
43.95, 8055504
43.96, 8055504
43.97, 8055504
43.98, 8055504
43.99, 8055504
44.0, 8055504
44.01, 8055504
44.02, 8055504
44.03, 8055504
44.04, 8055504
44.05, 8055504
44.06, 8055504
44.07, 8055504
44.08, 8055504
44.09, 8055504
44.1, 8055504
44.11, 8055504
44.12, 8055504
44.13, 8055504
44.14, 8055504
44.15, 8055504
44.16, 8055504
44.17, 8055504
44.18, 8055504
44.19, 8055504
44.2, 8055504
44.21, 8055504
44.22, 8055504
44.23, 8055504
44.24, 8055504
44.25, 8055504
44.26, 8055504
44.27, 8055504
44.28, 8055504
44.29, 8055504
44.3, 8055504
44.31, 8055504
44.32, 8055504
44.33, 8055504
44.34, 8055504
44.35, 8055504
44.36, 8055504
44.37, 8055504
44.38, 8055504
44.39, 8055504
44.4, 8055504
44.41, 8055504
44.42, 8055504
44.43, 8055504
44.44, 8055504
44.45, 8055504
44.46, 8055504
44.47, 8055504
44.48, 8055504
44.49, 8055504
44.5, 8055504
44.51, 8055504
44.52, 8055504
44.53, 8055504
44.54, 8055504
44.55, 8055504
44.56, 8055504
44.57, 8055504
44.58, 8055504
44.59, 8055504
44.6, 8055504
44.61, 8055504
44.62, 8055504
44.63, 8055504
44.64, 8055504
44.65, 8055504
44.66, 8055504
44.67, 8055504
44.68, 8055504
44.69, 8055504
44.7, 8055504
44.71, 8055504
44.72, 8055504
44.73, 8055504
44.74, 8055504
44.75, 8055504
44.76, 8055504
44.77, 8055504
44.78, 8055504
44.79, 8055504
44.8, 8055504
44.81, 8055504
44.82, 8055504
44.83, 8055504
44.84, 8055504
44.85, 8055504
44.86, 8055504
44.87, 8055504
44.88, 8055504
44.89, 8055504
44.9, 8055504
44.91, 8055504
44.92, 8055504
44.93, 8055504
44.94, 8055504
44.95, 8055504
44.96, 8055504
44.97, 8055504
44.98, 8055504
44.99, 8055504
45.0, 8055504
45.01, 8055504
45.02, 8055504
45.03, 8055504
45.04, 8055504
45.05, 8055504
45.06, 8055504
45.07, 8055504
45.08, 8055504
45.09, 8055504
45.1, 8055504
45.11, 8055504
45.12, 8055504
45.13, 8055504
45.14, 8055504
45.15, 8055504
45.16, 8055504
45.17, 8055504
45.18, 8055504
45.19, 8055504
45.2, 8055504
45.21, 8055504
45.22, 8055504
45.23, 8055504
45.24, 8055504
45.25, 8055504
45.26, 8055504
45.27, 8055504
45.28, 8055504
45.29, 8055504
45.3, 8055504
45.31, 8055504
45.32, 8055504
45.33, 8055504
45.34, 8055504
45.35, 8055504
45.36, 8055504
45.37, 8055504
45.38, 8055504
45.39, 8055504
45.4, 8055504
45.41, 8055504
45.42, 8055504
45.43, 8055504
45.44, 8055504
45.45, 8055504
45.46, 8055504
45.47, 8055504
45.48, 8055504
45.49, 8055504
45.5, 8055504
45.51, 8055504
45.52, 8055504
45.53, 8055504
45.54, 8055504
45.55, 8055504
45.56, 8055504
45.57, 8055504
45.58, 8055504
45.59, 8055504
45.6, 8055504
45.61, 8055504
45.62, 8055504
45.63, 8055504
45.64, 8055504
45.65, 8055504
45.66, 8055504
45.67, 8055504
45.68, 8055504
45.69, 8055504
45.7, 8055504
45.71, 8055504
45.72, 8055504
45.73, 8055504
45.74, 8055504
45.75, 8055504
45.76, 8055504
45.77, 8055504
45.78, 8055504
45.79, 8055504
45.8, 8055504
45.81, 8055504
45.82, 8055504
45.83, 8055504
45.84, 8055504
45.85, 8055504
45.86, 8055504
45.87, 8055504
45.88, 8055504
45.89, 8055504
45.9, 8055504
45.91, 8055504
45.92, 8055504
45.93, 8055504
45.94, 8055504
45.95, 8055504
45.96, 8055504
45.97, 8055504
45.98, 8055504
45.99, 8055504
46.0, 8055504
46.01, 8055504
46.02, 8055504
46.03, 8055504
46.04, 8055504
46.05, 8055504
46.06, 8055504
46.07, 8055504
46.08, 8055504
46.09, 8055504
46.1, 8055504
46.11, 8055504
46.12, 8055504
46.13, 8055504
46.14, 8055504
46.15, 8055504
46.16, 8055504
46.17, 8055504
46.18, 8055504
46.19, 8055504
46.2, 8055504
46.21, 8055504
46.22, 8055504
46.23, 8055504
46.24, 8055504
46.25, 8055504
46.26, 8055504
46.27, 8055504
46.28, 8055504
46.29, 8055504
46.3, 8055504
46.31, 8055504
46.32, 8055504
46.33, 8055504
46.34, 8055504
46.35, 8055504
46.36, 8055504
46.37, 8055504
46.38, 8055504
46.39, 8055504
46.4, 8055504
46.41, 8055504
46.42, 8055504
46.43, 8055504
46.44, 8055504
46.45, 8055504
46.46, 8055504
46.47, 8055504
46.48, 8055504
46.49, 8055504
46.5, 8055504
46.51, 8055504
46.52, 8055504
46.53, 8055504
46.54, 8055504
46.55, 8055504
46.56, 8055504
46.57, 8055504
46.58, 8055504
46.59, 8055504
46.6, 8055504
46.61, 8055504
46.62, 8055504
46.63, 8055504
46.64, 8055504
46.65, 8055504
46.66, 8055504
46.67, 8055504
46.68, 8055504
46.69, 8055504
46.7, 8055504
46.71, 8055504
46.72, 8055504
46.73, 8055504
46.74, 8055504
46.75, 8055504
46.76, 8055504
46.77, 8055504
46.78, 8055504
46.79, 8055504
46.8, 8055504
46.81, 8055504
46.82, 8055504
46.83, 8055504
46.84, 8055504
46.85, 8055504
46.86, 8055504
46.87, 8055504
46.88, 8055504
46.89, 8055504
46.9, 8055504
46.91, 8055504
46.92, 8055504
46.93, 8055504
46.94, 8055504
46.95, 8055504
46.96, 8055504
46.97, 8055504
46.98, 8055504
46.99, 8055504
47.0, 8055504
47.01, 8055504
47.02, 8055504
47.03, 8055504
47.04, 8055504
47.05, 8055504
47.06, 8055504
47.07, 8055504
47.08, 8055504
47.09, 8055504
47.1, 8055504
47.11, 8055504
47.12, 8055504
47.13, 8055504
47.14, 8055504
47.15, 8055504
47.16, 8055504
47.17, 8055504
47.18, 8055504
47.19, 8055504
47.2, 8055504
47.21, 8055504
47.22, 8055504
47.23, 8055504
47.24, 8055504
47.25, 8055504
47.26, 8055504
47.27, 8055504
47.28, 8055504
47.29, 8055504
47.3, 8055504
47.31, 8055504
47.32, 8055504
47.33, 8055504
47.34, 8055504
47.35, 8055504
47.36, 8055504
47.37, 8055504
47.38, 8055504
47.39, 8055504
47.4, 8055504
47.41, 8055504
47.42, 8055504
47.43, 8055504
47.44, 8055504
47.45, 8055504
47.46, 8055504
47.47, 8055504
47.48, 8055504
47.49, 8055504
47.5, 8055504
47.51, 8055504
47.52, 8055504
47.53, 8055504
47.54, 8055504
47.55, 8055504
47.56, 8055504
47.57, 8055504
47.58, 8055504
47.59, 8055504
47.6, 8055504
47.61, 8055504
47.62, 8055504
47.63, 8055504
47.64, 8055504
47.65, 8055504
47.66, 8055504
47.67, 8055504
47.68, 8055504
47.69, 8055504
47.7, 8055504
47.71, 8055504
47.72, 8055504
47.73, 8055504
47.74, 8055504
47.75, 8055504
47.76, 8055504
47.77, 8055504
47.78, 8055504
47.79, 8055504
47.8, 8055504
47.81, 8055504
47.82, 8055504
47.83, 8055504
47.84, 8055504
47.85, 8055504
47.86, 8055504
47.87, 8055504
47.88, 8055504
47.89, 8055504
47.9, 8055504
47.91, 8055504
47.92, 8055504
47.93, 8055504
47.94, 8055504
47.95, 8055504
47.96, 8055504
47.97, 8055504
47.98, 8055504
47.99, 8055504
48.0, 8055504
48.01, 8055504
48.02, 8055504
48.03, 8055504
48.04, 8055504
48.05, 8055504
48.06, 8055504
48.07, 8055504
48.08, 8055504
48.09, 8055504
48.1, 8055504
48.11, 8055504
48.12, 8055504
48.13, 8055504
48.14, 8055504
48.15, 8055504
48.16, 8055504
48.17, 8055504
48.18, 8055504
48.19, 8055504
48.2, 8055504
48.21, 8055504
48.22, 8055504
48.23, 8055504
48.24, 8055504
48.25, 8055504
48.26, 8055504
48.27, 8055504
48.28, 8055504
48.29, 8055504
48.3, 8055504
48.31, 8055504
48.32, 8055504
48.33, 8055504
48.34, 8055504
48.35, 8055504
48.36, 8055504
48.37, 8055504
48.38, 8055504
48.39, 8055504
48.4, 8055504
48.41, 8055504
48.42, 8055504
48.43, 8055504
48.44, 8055504
48.45, 8055504
48.46, 8055504
48.47, 8055504
48.48, 8055504
48.49, 8055504
48.5, 8055504
48.51, 8055504
48.52, 8055504
48.53, 8055504
48.54, 8055504
48.55, 8055504
48.56, 8055504
48.57, 8055504
48.58, 8055504
48.59, 8055504
48.6, 8055504
48.61, 8055504
48.62, 8055504
48.63, 8055504
48.64, 8055504
48.65, 8055504
48.66, 8055504
48.67, 8055504
48.68, 8055504
48.69, 8055504
48.7, 8055504
48.71, 8055504
48.72, 8055504
48.73, 8055504
48.74, 8055504
48.75, 8055504
48.76, 8055504
48.77, 8055504
48.78, 8055504
48.79, 8055504
48.8, 8055504
48.81, 8055504
48.82, 8055504
48.83, 8055504
48.84, 8055504
48.85, 8055504
48.86, 8055504
48.87, 8055504
48.88, 8055504
48.89, 8055504
48.9, 8055504
48.91, 8055504
48.92, 8055504
48.93, 8055504
48.94, 8055504
48.95, 8055504
48.96, 8055504
48.97, 8055504
48.98, 8055504
48.99, 8055504
49.0, 8055504
49.01, 8055504
49.02, 8055504
49.03, 8055504
49.04, 8055504
49.05, 8055504
49.06, 8055504
49.07, 8055504
49.08, 8055504
49.09, 8055504
49.1, 8055504
49.11, 8055504
49.12, 8055504
49.13, 8055504
49.14, 8055504
49.15, 8055504
49.16, 8055504
49.17, 8055504
49.18, 8055504
49.19, 8055504
49.2, 8055504
49.21, 8055504
49.22, 8055504
49.23, 8055504
49.24, 8055504
49.25, 8055504
49.26, 8055504
49.27, 8055504
49.28, 8055504
49.29, 8055504
49.3, 8055504
49.31, 8055504
49.32, 8055504
49.33, 8055504
49.34, 8055504
49.35, 8055504
49.36, 8055504
49.37, 8055504
49.38, 8055504
49.39, 8055504
49.4, 8055504
49.41, 8055504
49.42, 8055504
49.43, 8055504
49.44, 8055504
49.45, 8055504
49.46, 8055504
49.47, 8055504
49.48, 8055504
49.49, 8055504
49.5, 8055504
49.51, 8055504
49.52, 8055504
49.53, 8055504
49.54, 8055504
49.55, 8055504
49.56, 8055504
49.57, 8055504
49.58, 8055504
49.59, 8055504
49.6, 8055504
49.61, 8055504
49.62, 8055504
49.63, 8055504
49.64, 8055504
49.65, 8055504
49.66, 8055504
49.67, 8055504
49.68, 8055504
49.69, 8055504
49.7, 8055504
49.71, 8055504
49.72, 8055504
49.73, 8055504
49.74, 8055504
49.75, 8055504
49.76, 8055504
49.77, 8055504
49.78, 8055504
49.79, 8055504
49.8, 8055504
49.81, 8055504
49.82, 8055504
49.83, 8055504
49.84, 8055504
49.85, 8055504
49.86, 8055504
49.87, 8055504
49.88, 8055504
49.89, 8055504
49.9, 8055504
49.91, 8055504
49.92, 8055504
49.93, 8055504
49.94, 8055504
49.95, 8055504
49.96, 8055504
49.97, 8055504
49.98, 8055504
49.99, 8055504
50.0, 8055504
50.01, 8055504
50.02, 8055504
50.03, 8055504
50.04, 8055504
50.05, 8055504
50.06, 8055504
50.07, 8055504
50.08, 8055504
50.09, 8055504
50.1, 8055504
50.11, 8055504
50.12, 8055504
50.13, 8055504
50.14, 8055504
50.15, 8055504
50.16, 8055504
50.19, 8055504
50.2, 8055504
50.21, 8055504
50.22, 8055504
50.23, 8055504
50.24, 8055504
50.25, 8055504
50.26, 8055504
50.27, 8055504
50.28, 8055504
50.29, 8055504
50.3, 8055504
50.31, 8055504
50.32, 8055504
50.33, 8055504
50.34, 8055504
50.35, 8055504
50.36, 8055504
50.37, 8055504
50.38, 8055504
50.39, 8055504
50.4, 8055504
50.41, 8055504
50.42, 8055504
50.43, 8055504
50.44, 8055504
50.45, 8055504
50.46, 8055504
50.47, 8055504
50.48, 8055504
50.49, 8055504
50.5, 8055504
50.51, 8055504
50.52, 8055504
50.53, 8055504
50.54, 8055504
50.55, 8055504
50.56, 8055504
50.57, 8055504
50.58, 8055504
50.59, 8055504
50.6, 8055504
50.61, 8055504
50.62, 8055504
50.63, 8055504
50.64, 8055504
50.65, 8055504
50.66, 8055504
50.67, 8055504
50.68, 8055504
50.69, 8055504
50.7, 8055504
50.71, 8055504
50.72, 8055504
50.73, 8055504
50.74, 8055504
50.75, 8055504
50.76, 8055504
50.77, 8055504
50.78, 8055504
50.79, 8055504
50.8, 8055504
50.81, 8055504
50.82, 8055504
50.83, 8055504
50.84, 8055504
50.85, 8055504
50.86, 8055504
50.87, 8055504
50.88, 8055504
50.89, 8055504
50.9, 8055504
50.91, 8055504
50.92, 8055504
50.93, 8055504
50.94, 8055504
50.95, 8055504
50.96, 8055504
50.97, 8055504
50.98, 8055504
50.99, 8055504
51.0, 8055504
51.01, 8055504
51.02, 8055504
51.03, 8055504
51.04, 8055504
51.05, 8055504
51.06, 8055504
51.07, 8055504
51.08, 8055504
51.09, 8055504
51.1, 8055504
51.11, 8055504
51.12, 8055504
51.13, 8055504
51.14, 8055504
51.15, 8055504
51.16, 8055504
51.17, 8055504
51.18, 8055504
51.19, 8055504
51.2, 8055504
51.21, 8055504
51.22, 8055504
51.23, 8055504
51.24, 8055504
51.25, 8055504
51.26, 8055504
51.27, 8055504
51.28, 8055504
51.29, 8055504
51.3, 8055504
51.31, 8055504
51.32, 8055504
51.33, 8055504
51.34, 8055504
51.35, 8055504
51.36, 8055504
51.37, 8055504
51.38, 8055504
51.39, 8055504
51.4, 8055504
51.41, 8055504
51.42, 8055504
51.43, 8055504
51.44, 8055504
51.45, 8055504
51.46, 8055504
51.47, 8055504
51.48, 8055504
51.49, 8055504
51.5, 8055504
51.51, 8055504
51.52, 8055504
51.53, 8055504
51.54, 8055504
51.55, 8055504
51.56, 8055504
51.57, 8055504
51.58, 8055504
51.59, 8055504
51.6, 8055504
51.61, 8055504
51.62, 8055504
51.63, 8055504
51.64, 8055504
51.65, 8055504
51.66, 8055504
51.67, 8055504
51.68, 8055504
51.69, 8055504
51.7, 8055504
51.71, 8055504
51.72, 8055504
51.73, 8055504
51.74, 8055504
51.75, 8055504
51.76, 8055504
51.77, 8055504
51.78, 8055504
51.79, 8055504
51.8, 8055504
51.81, 8055504
51.82, 8055504
51.83, 8055504
51.84, 8055504
51.85, 8055504
51.86, 8055504
51.87, 8055504
51.88, 8055504
51.89, 8055504
51.9, 8055504
51.91, 8055504
51.92, 8055504
51.93, 8055504
51.94, 8055504
51.95, 8055504
51.96, 8055504
51.97, 8055504
51.98, 8055504
51.99, 8055504
52.0, 8055504
52.01, 8055504
52.02, 8055504
52.03, 8055504
52.04, 8055504
52.05, 8055504
52.06, 8055504
52.07, 8055504
52.08, 8055504
52.09, 8055504
52.1, 8055504
52.11, 8055504
52.12, 8055504
52.13, 8055504
52.14, 8055504
52.15, 8055504
52.16, 8055504
52.17, 8055504
52.18, 8055504
52.19, 8055504
52.2, 8055504
52.21, 8055504
52.22, 8055504
52.23, 8055504
52.24, 8055504
52.25, 8055504
52.26, 8055504
52.27, 8055504
52.28, 8055504
52.29, 8055504
52.3, 8055504
52.31, 8055504
52.32, 8055504
52.33, 8055504
52.34, 8055504
52.35, 8055504
52.36, 8055504
52.37, 8055504
52.38, 8055504
52.39, 8055504
52.4, 8055504
52.41, 8055504
52.42, 8055504
52.43, 8055504
52.44, 8055504
52.45, 8055504
52.46, 8055504
52.47, 8055504
52.48, 8055504
52.49, 8055504
52.5, 8055504
52.51, 8055504
52.52, 8055504
52.53, 8055504
52.54, 8055504
52.55, 8055504
52.56, 8055504
52.57, 8055504
52.58, 8055504
52.59, 8055504
52.6, 8055504
52.61, 8055504
52.62, 8055504
52.63, 8055504
52.64, 8055504
52.65, 8055504
52.66, 8055504
52.67, 8055504
52.68, 8055504
52.69, 8055504
52.7, 8055504
52.71, 8055504
52.72, 8055504
52.73, 8055504
52.74, 8055504
52.75, 8055504
52.76, 8055504
52.77, 8055504
52.78, 8055504
52.79, 8055504
52.8, 8055504
52.81, 8055504
52.82, 8055504
52.83, 8055504
52.84, 8055504
52.85, 8055504
52.86, 8055504
52.87, 8055504
52.88, 8055504
52.89, 8055504
52.9, 8055504
52.91, 8055504
52.92, 8055504
52.93, 8055504
52.94, 8055504
52.95, 8055504
52.96, 8055504
52.97, 8055504
52.98, 8055504
52.99, 8055504
53.0, 8055504
53.01, 8055504
53.02, 8055504
53.03, 8055504
53.04, 8055504
53.05, 8055504
53.06, 8055504
53.07, 8055504
53.08, 8055504
53.09, 8055504
53.1, 8055504
53.11, 8055504
53.12, 8055504
53.13, 8055504
53.14, 8055504
53.15, 8055504
53.16, 8055504
53.17, 8055504
53.18, 8055504
53.19, 8055504
53.2, 8055504
53.21, 8055504
53.22, 8055504
53.23, 8055504
53.24, 8055504
53.25, 8055504
53.26, 8055504
53.27, 8055504
53.28, 8055504
53.29, 8055504
53.3, 8055504
53.31, 8055504
53.32, 8055504
53.33, 8055504
53.34, 8055504
53.35, 8055504
53.36, 8055504
53.37, 8055504
53.38, 8055504
53.39, 8055504
53.4, 8055504
53.41, 8055504
53.42, 8055504
53.43, 8055504
53.44, 8055504
53.45, 8055504
53.46, 8055504
53.47, 8055504
53.48, 8055504
53.49, 8055504
53.5, 8055504
53.51, 8055504
53.52, 8055504
53.53, 8055504
53.54, 8055504
53.55, 8055504
53.56, 8055504
53.57, 8055504
53.58, 8055504
53.59, 8055504
53.6, 8055504
53.61, 8055504
53.62, 8055504
53.63, 8055504
53.64, 8055504
53.65, 8055504
53.66, 8055504
53.67, 8055504
53.68, 8055504
53.69, 8055504
53.7, 8055504
53.71, 8055504
53.72, 8055504
53.73, 8055504
53.74, 8055504
53.75, 8055504
53.76, 8055504
53.77, 8055504
53.78, 8055504
53.79, 8055504
53.8, 8055504
53.81, 8055504
53.82, 8055504
53.83, 8055504
53.84, 8055504
53.85, 8055504
53.86, 8055504
53.87, 8055504
53.88, 8055504
53.89, 8055504
53.9, 8055504
53.91, 8055504
53.92, 8055504
53.93, 8055504
53.94, 8055504
53.95, 8055504
53.96, 8055504
53.97, 8055504
53.98, 8055504
53.99, 8055504
54.0, 8055504
54.01, 8055504
54.02, 8055504
54.03, 8055504
54.04, 8055504
54.05, 8055504
54.06, 8055504
54.07, 8055504
54.08, 8055504
54.09, 8055504
54.1, 8055504
54.11, 8055504
54.12, 8055504
54.13, 8055504
54.14, 8055504
54.15, 8055504
54.16, 8055504
54.17, 8055504
54.18, 8055504
54.19, 8055504
54.2, 8055504
54.21, 8055504
54.22, 8055504
54.23, 8055504
54.24, 8055504
54.25, 8055504
54.26, 8055504
54.27, 8055504
54.28, 8055504
54.29, 8055504
54.3, 8055504
54.31, 8055504
54.32, 8055504
54.33, 8055504
54.34, 8055504
54.35, 8055504
54.36, 8055504
54.37, 8055504
54.38, 8055504
54.39, 8055504
54.4, 8055504
54.41, 8055504
54.42, 8055504
54.43, 8055504
54.44, 8055504
54.45, 8055504
54.46, 8055504
54.47, 8055504
54.48, 8055504
54.49, 8055504
54.5, 8055504
54.51, 8055504
54.52, 8055504
54.53, 8055504
54.54, 8055504
54.55, 8055504
54.56, 8055504
54.57, 8055504
54.58, 8055504
54.59, 8055504
54.6, 8055504
54.61, 8055504
54.62, 8055504
54.63, 8055504
54.64, 8055504
54.65, 8055504
54.66, 8055504
54.67, 8055504
54.68, 8055504
54.69, 8055504
54.7, 8055504
54.71, 8055504
54.72, 8055504
54.73, 8055504
54.74, 8055504
54.75, 8055504
54.76, 8055504
54.77, 8055504
54.78, 8055504
54.79, 8055504
54.8, 8055504
54.81, 8055504
54.82, 8055504
54.83, 8055504
54.84, 8055504
54.85, 8055504
54.86, 8055504
54.87, 8055504
54.88, 8055504
54.89, 8055504
54.9, 8055504
54.91, 8055504
54.92, 8055504
54.93, 8055504
54.94, 8055504
54.95, 8055504
54.96, 8055504
54.97, 8055504
54.98, 8055504
54.99, 8055504
55.0, 8055504
55.01, 8055504
55.02, 8055504
55.03, 8055504
55.04, 8055504
55.05, 8055504
55.06, 8055504
55.07, 8055504
55.08, 8055504
55.09, 8055504
55.1, 8055504
55.11, 8055504
55.12, 8055504
55.13, 8055504
55.14, 8055504
55.15, 8055504
55.16, 8055504
55.17, 8055504
55.18, 8055504
55.19, 8055504
55.2, 8055504
55.21, 8055504
55.22, 8055504
55.23, 8055504
55.24, 8055504
55.25, 8055504
55.26, 8055504
55.27, 8055504
55.28, 8055504
55.29, 8055504
55.3, 8055504
55.31, 8055504
55.32, 8055504
55.33, 8055504
55.34, 8055504
55.35, 8055504
55.36, 8055504
55.37, 8055504
55.38, 8055504
55.39, 8055504
55.4, 8055504
55.41, 8055504
55.42, 8055504
55.43, 8055504
55.44, 8055504
55.45, 8055504
55.46, 8055504
55.47, 8055504
55.48, 8055504
55.49, 8055504
55.5, 8055504
55.51, 8055504
55.52, 8055504
55.53, 8055504
55.54, 8055504
55.55, 8055504
55.56, 8055504
55.57, 8055504
55.58, 8055504
55.59, 8055504
55.6, 8055504
55.61, 8055504
55.62, 8055504
55.63, 8055504
55.64, 8055504
55.65, 8055504
55.66, 8055504
55.67, 8055504
55.68, 8055504
55.69, 8055504
55.7, 8055504
55.71, 8055504
55.72, 8055504
55.73, 8055504
55.74, 8055504
55.75, 8055504
55.76, 8055504
55.77, 8055504
55.78, 8055504
55.79, 8055504
55.8, 8055504
55.81, 8055504
55.82, 8055504
55.83, 8055504
55.84, 8055504
55.85, 8055504
55.86, 8055504
55.87, 8055504
55.88, 8055504
55.89, 8055504
55.9, 8055504
55.91, 8055504
55.92, 8055504
55.93, 8055504
55.94, 8055504
55.95, 8055504
55.96, 8055504
55.97, 8055504
55.98, 8055504
55.99, 8055504
56.0, 8055504
56.01, 8055504
56.02, 8055504
56.03, 8055504
56.04, 8055504
56.05, 8055504
56.06, 8055504
56.07, 8055504
56.08, 8055504
56.09, 8055504
56.1, 8055504
56.11, 8055504
56.12, 8055504
56.13, 8055504
56.14, 8055504
56.15, 8055504
56.16, 8055504
56.17, 8055504
56.18, 8055504
56.19, 8055504
56.2, 8055504
56.21, 8055504
56.22, 8055504
56.23, 8055504
56.24, 8055504
56.25, 8055504
56.26, 8055504
56.27, 8055504
56.28, 8055504
56.29, 8055504
56.3, 8055504
56.31, 8055504
56.32, 8055504
56.33, 8055504
56.34, 8055504
56.35, 8055504
56.36, 8055504
56.37, 8055504
56.38, 8055504
56.39, 8055504
56.4, 8055504
56.41, 8055504
56.42, 8055504
56.43, 8055504
56.44, 8055504
56.45, 8055504
56.46, 8055504
56.47, 8055504
56.48, 8055504
56.49, 8055504
56.5, 8055504
56.51, 8055504
56.52, 8055504
56.53, 8055504
56.54, 8055504
56.55, 8055504
56.56, 8055504
56.57, 8055504
56.58, 8055504
56.59, 8055504
56.6, 8055504
56.61, 8055504
56.62, 8055504
56.63, 8055504
56.64, 8055504
56.65, 8055504
56.66, 8055504
56.67, 8055504
56.68, 8055504
56.69, 8055504
56.7, 8055504
56.71, 8055504
56.72, 8055504
56.73, 8055504
56.74, 8055504
56.75, 8055504
56.76, 8055504
56.77, 8055504
56.78, 8055504
56.79, 8055504
56.8, 8055504
56.81, 8055504
56.82, 8055504
56.83, 8055504
56.84, 8055504
56.85, 8055504
56.86, 8055504
56.87, 8055504
56.88, 8055504
56.89, 8055504
56.9, 8055504
56.91, 8055504
56.92, 8055504
56.93, 8055504
56.94, 8055504
56.95, 8055504
56.96, 8055504
56.97, 8055504
56.98, 8055504
56.99, 8055504
57.0, 8055504
57.01, 8055504
57.02, 8055504
57.03, 8055504
57.04, 8055504
57.05, 8055504
57.06, 8055504
57.07, 8055504
57.08, 8055504
57.09, 8055504
57.1, 8055504
57.11, 8055504
57.12, 8055504
57.13, 8055504
57.14, 8055504
57.15, 8055504
57.16, 8055504
57.17, 8055504
57.18, 8055504
57.19, 8055504
57.2, 8055504
57.21, 8055504
57.22, 8055504
57.23, 8055504
57.24, 8055504
57.25, 8055504
57.26, 8055504
57.27, 8055504
57.28, 8055504
57.29, 8055504
57.3, 8055504
57.31, 8055504
57.32, 8055504
57.33, 8055504
57.34, 8055504
57.35, 8055504
57.36, 8055504
57.37, 8055504
57.38, 8055504
57.39, 8055504
57.4, 8055504
57.41, 8055504
57.42, 8055504
57.43, 8055504
57.44, 8055504
57.45, 8055504
57.46, 8055504
57.47, 8055504
57.48, 8055504
57.49, 8055504
57.5, 8055504
57.51, 8055504
57.52, 8055504
57.53, 8055504
57.54, 8055504
57.55, 8055504
57.56, 8055504
57.57, 8055504
57.58, 8055504
57.59, 8055504
57.6, 8055504
57.61, 8055504
57.62, 8055504
57.63, 8055504
57.64, 8055504
57.65, 8055504
57.66, 8055504
57.67, 8055504
57.68, 8055504
57.69, 8055504
57.7, 8055504
57.71, 8055504
57.72, 8055504
57.73, 8055504
57.74, 8055504
57.75, 8055504
57.76, 8055504
57.77, 8055504
57.78, 8055504
57.79, 8055504
57.8, 8055504
57.81, 8055504
57.82, 8055504
57.83, 8055504
57.84, 8055504
57.86, 8055504
57.87, 8055504
57.88, 8055504
57.89, 8055504
57.9, 8055504
57.91, 8055504
57.92, 8055504
57.93, 8055504
57.94, 8055504
57.95, 8055504
57.96, 8055504
57.97, 8055504
57.98, 8055504
57.99, 8055504
58.0, 8055504
58.01, 8055504
58.02, 8055504
58.03, 8055504
58.04, 8055504
58.05, 8055504
58.06, 8055504
58.07, 8055504
58.08, 8055504
58.09, 8055504
58.1, 8055504
58.11, 8055504
58.12, 8055504
58.13, 8055504
58.14, 8055504
58.15, 8055504
58.16, 8055504
58.17, 8055504
58.18, 8055504
58.19, 8055504
58.2, 8055504
58.21, 8055504
58.22, 8055504
58.23, 8055504
58.24, 8055504
58.25, 8055504
58.26, 8055504
58.27, 8055504
58.28, 8055504
58.29, 8055504
58.3, 8055504
58.31, 8055504
58.32, 8055504
58.33, 8055504
58.34, 8055504
58.35, 8055504
58.36, 8055504
58.37, 8055504
58.38, 8055504
58.39, 8055504
58.4, 8055504
58.41, 8055504
58.42, 8055504
58.43, 8055504
58.44, 8055504
58.45, 8055504
58.46, 8055504
58.47, 8055504
58.48, 8055504
58.49, 8055504
58.5, 8055504
58.51, 8055504
58.52, 8055504
58.53, 8055504
58.54, 8055504
58.55, 8055504
58.56, 8055504
58.57, 8055504
58.58, 8055504
58.59, 8055504
58.6, 8055504
58.61, 8055504
58.62, 8055504
58.63, 8055504
58.64, 8055504
58.65, 8055504
58.66, 8055504
58.67, 8055504
58.68, 8055504
58.69, 8055504
58.7, 8055504
58.71, 8055504
58.72, 8055504
58.73, 8055504
58.74, 8055504
58.75, 8055504
58.76, 8055504
58.77, 8055504
58.78, 8055504
58.79, 8055504
58.8, 8055504
58.81, 8055504
58.82, 8055504
58.83, 8055504
58.84, 8055504
58.85, 8055504
58.86, 8055504
58.87, 8055504
58.88, 8055504
58.89, 8055504
58.9, 8055504
58.91, 8055504
58.92, 8055504
58.93, 8055504
58.94, 8055504
58.95, 8055504
58.96, 8055504
58.97, 8055504
58.98, 8055504
58.99, 8055504
59.0, 8055504
59.01, 8055504
59.02, 8055504
59.03, 8055504
59.04, 8055504
59.05, 8055504
59.06, 8055504
59.07, 8055504
59.08, 8055504
59.09, 8055504
59.1, 8055504
59.11, 8055504
59.12, 8055504
59.13, 8055504
59.14, 8055504
59.15, 8055504
59.16, 8055504
59.17, 8055504
59.18, 8055504
59.19, 8055504
59.2, 8055504
59.21, 8055504
59.22, 8055504
59.23, 8055504
59.24, 8055504
59.25, 8055504
59.26, 8055504
59.27, 8055504
59.28, 8055504
59.29, 8055504
59.3, 8055504
59.31, 8055504
59.32, 8055504
59.33, 8055504
59.34, 8055504
59.35, 8055504
59.36, 8055504
59.37, 8055504
59.38, 8055504
59.39, 8055504
59.4, 8055504
59.41, 8055504
59.42, 8055504
59.43, 8055504
59.44, 8055504
59.45, 8055504
59.46, 8055504
59.47, 8055504
59.48, 8055504
59.49, 8055504
59.5, 8055504
59.51, 8055504
59.52, 8055504
59.53, 8055504
59.54, 8055504
59.55, 8055504
59.56, 8055504
59.57, 8055504
59.58, 8055504
59.59, 8055504
59.6, 8055504
59.61, 8055504
59.62, 8055504
59.63, 8055504
59.64, 8055504
59.65, 8055504
59.66, 8055504
59.67, 8055504
59.68, 8055504
59.69, 8055504
59.7, 8055504
59.71, 8055504
59.72, 8055504
59.73, 8055504
59.74, 8055504
59.75, 8055504
59.76, 8055504
59.77, 8055504
59.78, 8055504
59.79, 8055504
59.8, 8055504
59.81, 8055504
59.82, 8055504
59.83, 8055504
59.84, 8055504
59.85, 8055504
59.86, 8055504
59.87, 8055504
59.88, 8055504
59.89, 8055504
59.9, 8055504
59.91, 8055504
59.92, 8055504
59.93, 8055504
59.94, 8055504
59.95, 8055504
59.96, 8055504
59.97, 8055504
59.98, 8055504
59.99, 8055504
