0.0, 9708152
0.01, 9645703
0.02, 9413170
0.03, 9413170
0.04, 9413170
0.05, 9413170
0.06, 9413170
0.07, 9256146
0.08, 9187157
0.09, 9187157
0.1, 8799855
0.11, 8799855
0.12, 8799855
0.13, 8799855
0.14, 8799855
0.15, 8799855
0.16, 8799855
0.17, 8799855
0.18, 8799855
0.19, 8799855
0.2, 8799855
0.21, 8799855
0.22, 8799855
0.23, 8799855
0.24, 8799855
0.25, 8799855
0.26, 8799855
0.27, 8799855
0.28, 8799855
0.29, 8799855
0.3, 8799855
0.31, 8799855
0.32, 8799855
0.33, 8799855
0.34, 8799855
0.35, 8799855
0.36, 8799855
0.37, 8799855
0.38, 8799855
0.39, 8799855
0.4, 8799855
0.41, 8799855
0.42, 8799855
0.43, 8799855
0.44, 8799855
0.45, 8799855
0.46, 8799855
0.47, 8799855
0.48, 8799855
0.49, 8799855
0.5, 8799855
0.51, 8799855
0.52, 8799855
0.53, 8799855
0.54, 8799855
0.55, 8799855
0.56, 8799855
0.57, 8799855
0.58, 8799855
0.59, 8799855
0.6, 8799855
0.61, 8799855
0.62, 8733312
0.63, 8733312
0.64, 8733312
0.65, 8733312
0.66, 8733312
0.67, 8733312
0.68, 8733312
0.69, 8733312
0.7, 8733312
0.71, 8733312
0.72, 8733312
0.73, 8733312
0.74, 8733312
0.75, 8733312
0.76, 8733312
0.77, 8733312
0.78, 8733312
0.79, 8580004
0.8, 8580004
0.81, 8580004
0.82, 8580004
0.83, 8580004
0.84, 8580004
0.85, 8580004
0.86, 8580004
0.87, 8580004
0.88, 8580004
0.89, 8580004
0.9, 8580004
0.91, 8580004
0.92, 8580004
0.93, 8580004
0.94, 8580004
0.95, 8580004
0.96, 8580004
0.97, 8580004
0.98, 8580004
0.99, 8580004
1.0, 8580004
1.01, 8580004
1.02, 8580004
1.03, 8580004
1.04, 8580004
1.05, 8580004
1.06, 8580004
1.07, 8580004
1.08, 8580004
1.09, 8580004
1.1, 8580004
1.11, 8580004
1.12, 8580004
1.13, 8580004
1.14, 8580004
1.15, 8580004
1.16, 8580004
1.17, 8580004
1.18, 8580004
1.19, 8580004
1.2, 8580004
1.21, 8580004
1.22, 8580004
1.23, 8580004
1.24, 8580004
1.25, 8580004
1.26, 8580004
1.27, 8580004
1.28, 8580004
1.29, 8580004
1.3, 8580004
1.31, 8580004
1.32, 8580004
1.33, 8580004
1.34, 8580004
1.35, 8580004
1.36, 8580004
1.37, 8580004
1.38, 8580004
1.39, 8580004
1.4, 8580004
1.41, 8580004
1.42, 8580004
1.43, 8580004
1.44, 8300972
1.45, 8300972
1.46, 8300972
1.47, 8300972
1.48, 8300972
1.49, 8300972
1.5, 8300972
1.51, 8300972
1.52, 8300972
1.53, 8300972
1.54, 8300972
1.55, 8300972
1.56, 8300972
1.57, 8300972
1.58, 8300972
1.59, 8300972
1.6, 8300972
1.61, 8300972
1.62, 8300972
1.63, 8300972
1.64, 8300972
1.65, 8300972
1.66, 8300972
1.67, 8300972
1.68, 8300972
1.69, 8300972
1.7, 8300972
1.71, 8300972
1.72, 8300972
1.73, 8300972
1.74, 8300972
1.75, 8300972
1.76, 8300972
1.77, 8300972
1.78, 8300972
1.79, 8300972
1.8, 8300972
1.81, 8300972
1.82, 8300972
1.83, 8300972
1.84, 8300972
1.85, 8300972
1.86, 8300972
1.87, 8300972
1.88, 8300972
1.89, 8300972
1.9, 8300972
1.91, 8300972
1.92, 8300972
1.93, 8300972
1.94, 8300972
1.95, 8300972
1.96, 8300972
1.97, 8300972
1.98, 8300972
1.99, 8300972
2.0, 8300972
2.01, 8300972
2.02, 8300972
2.03, 8300972
2.04, 8300972
2.05, 8300972
2.06, 8300972
2.07, 8300972
2.08, 8300972
2.09, 8300972
2.1, 8300972
2.11, 8300972
2.12, 8300972
2.13, 8300972
2.14, 8300972
2.15, 8300972
2.16, 8300972
2.17, 8300972
2.18, 8300972
2.19, 8300972
2.2, 8300972
2.21, 8300972
2.22, 8300972
2.23, 8300972
2.24, 8300972
2.25, 8300972
2.26, 8300972
2.27, 8300972
2.28, 8300972
2.29, 8300972
2.3, 8300972
2.31, 8300972
2.32, 8300972
2.33, 8300972
2.34, 8300972
2.35, 8300972
2.36, 8300972
2.37, 8300972
2.38, 8300972
2.39, 8300972
2.4, 8300972
2.41, 8300972
2.42, 8300972
2.43, 8300972
2.44, 8300972
2.45, 8300972
2.46, 8300972
2.47, 8300972
2.48, 8300972
2.49, 8300972
2.5, 8300972
2.51, 8300972
2.52, 8300972
2.53, 8300972
2.54, 8300972
2.55, 8300972
2.56, 8300972
2.57, 8300972
2.58, 8300972
2.59, 8300972
2.6, 8300972
2.61, 8300972
2.62, 8300972
2.63, 8300972
2.64, 8300972
2.65, 8300972
2.66, 8300972
2.67, 8300972
2.68, 8300972
2.69, 8300972
2.7, 8300972
2.71, 8300972
2.72, 8300972
2.73, 8300972
2.74, 8300972
2.75, 8300972
2.76, 8300972
2.77, 8300972
2.78, 8300972
2.79, 8300972
2.8, 8300972
2.81, 8300972
2.82, 8300972
2.83, 8300972
2.84, 8300972
2.85, 8300972
2.86, 8300972
2.87, 8300972
2.88, 8300972
2.89, 8300972
2.9, 8300972
2.91, 8300972
2.92, 8300972
2.93, 8300972
2.94, 8300972
2.95, 8300972
2.96, 8300972
2.97, 8300972
2.98, 8300972
2.99, 8300972
3.0, 8300972
3.01, 8300972
3.02, 8300972
3.03, 8300972
3.04, 8300972
3.05, 8300972
3.06, 8300972
3.07, 8300972
3.08, 8300972
3.09, 8300972
3.1, 8300972
3.11, 8300972
3.12, 8300972
3.13, 8300972
3.14, 8300972
3.15, 8300972
3.16, 8300972
3.17, 8300972
3.18, 8300972
3.19, 8300972
3.2, 8300972
3.21, 8300972
3.22, 8300972
3.23, 8300972
3.24, 8300972
3.25, 8300972
3.26, 8300972
3.27, 8300972
3.28, 8300972
3.29, 8300972
3.3, 8300972
3.31, 8300972
3.32, 8300972
3.33, 8300972
3.34, 8300972
3.35, 8300972
3.36, 8300972
3.37, 8300972
3.38, 8300972
3.39, 8300972
3.4, 8300972
3.41, 8300972
3.42, 8300972
3.43, 8300972
3.44, 8300972
3.45, 8300972
3.46, 8300972
3.47, 8300972
3.48, 8300972
3.49, 8300972
3.5, 8300972
3.51, 8300972
3.52, 8300972
3.53, 8300972
3.54, 8300972
3.55, 8300972
3.56, 8300972
3.57, 8300972
3.58, 8300972
3.59, 8300972
3.6, 8300972
3.61, 8300972
3.62, 8300972
3.63, 8300972
3.64, 8300972
3.65, 8300972
3.66, 8300972
3.67, 8300972
3.68, 8300972
3.69, 8300972
3.7, 8300972
3.71, 8300972
3.72, 8300972
3.73, 8300972
3.74, 8300972
3.75, 8300972
3.76, 8300972
3.77, 8300972
3.78, 8300972
3.79, 8300972
3.8, 8300972
3.81, 8300972
3.82, 8300972
3.83, 8300972
3.84, 8300972
3.85, 8300972
3.86, 8300972
3.87, 8300972
3.88, 8300972
3.89, 8300972
3.9, 8300972
3.91, 8300972
3.92, 8300972
3.93, 8300972
3.94, 8300972
3.95, 8300972
3.96, 8300972
3.97, 8300972
3.98, 8300972
3.99, 8300972
4.0, 8300972
4.01, 8300972
4.02, 8300972
4.03, 8300972
4.04, 8300972
4.05, 8300972
4.06, 8300972
4.07, 8300972
4.08, 8300972
4.09, 8300972
4.1, 8300972
4.11, 8300972
4.12, 8300972
4.13, 8300972
4.14, 8300972
4.15, 8300972
4.16, 8300972
4.17, 8300972
4.18, 8300972
4.19, 8300972
4.2, 8300972
4.21, 8300972
4.22, 8300972
4.23, 8300972
4.24, 8300972
4.25, 8300972
4.26, 8300972
4.27, 8300972
4.28, 8300972
4.29, 8300972
4.3, 8300972
4.31, 8300972
4.32, 8300972
4.33, 8300972
4.34, 8300972
4.35, 8300972
4.36, 8300972
4.37, 8300972
4.38, 8300972
4.39, 8300972
4.4, 8300972
4.41, 8300972
4.42, 8300972
4.43, 8300972
4.44, 8300972
4.45, 8300972
4.46, 8300972
4.47, 8300972
4.48, 8300972
4.49, 8300972
4.5, 8300972
4.51, 8300972
4.52, 8300972
4.53, 8300972
4.54, 8300972
4.55, 8300972
4.56, 8300972
4.57, 8300972
4.58, 8300972
4.59, 8300972
4.6, 8300972
4.61, 8300972
4.62, 8300972
4.63, 8300972
4.64, 8300972
4.65, 8300972
4.66, 8300972
4.67, 8300972
4.68, 8300972
4.69, 8300972
4.7, 8300972
4.71, 8300972
4.72, 8300972
4.73, 8300972
4.74, 8300972
4.75, 8300972
4.76, 8300972
4.77, 8300972
4.78, 8300972
4.79, 8300972
4.8, 8300972
4.81, 8300972
4.82, 8300972
4.83, 8300972
4.84, 8300972
4.85, 8300972
4.86, 8300972
4.87, 8300972
4.88, 8300972
4.89, 8300972
4.9, 8300972
4.91, 8300972
4.92, 8300972
4.93, 8300972
4.94, 8300972
4.95, 8300972
4.96, 8300972
4.97, 8300972
4.98, 8300972
4.99, 8300972
5.0, 8300972
5.01, 8300972
5.02, 8300972
5.03, 8300972
5.04, 8300972
5.05, 8300972
5.06, 8300972
5.07, 8300972
5.08, 8300972
5.09, 8300972
5.1, 8300972
5.11, 8300972
5.12, 8300972
5.13, 8300972
5.14, 8300972
5.15, 8300972
5.16, 8300972
5.17, 8300972
5.18, 8300972
5.19, 8300972
5.2, 8300972
5.21, 8300972
5.22, 8300972
5.23, 8300972
5.24, 8300972
5.25, 8300972
5.26, 8300972
5.27, 8300972
5.28, 8300972
5.29, 8300972
5.3, 8300972
5.31, 8300972
5.32, 8300972
5.33, 8300972
5.34, 8300972
5.35, 8300972
5.36, 8300972
5.37, 8300972
5.38, 8300972
5.39, 8300972
5.4, 8300972
5.41, 8300972
5.42, 8300972
5.43, 8300972
5.44, 8300972
5.45, 8300972
5.46, 8300972
5.47, 8300972
5.48, 8300972
5.49, 8300972
5.5, 8300972
5.51, 8300972
5.52, 8300972
5.53, 8300972
5.54, 8300972
5.55, 8300972
5.56, 8300972
5.57, 8300972
5.58, 8300972
5.59, 8300972
5.6, 8300972
5.61, 8300972
5.62, 8300972
5.63, 8300972
5.64, 8300972
5.65, 8300972
5.66, 8300972
5.67, 8300972
5.68, 8300972
5.69, 8300972
5.7, 8300972
5.71, 8300972
5.72, 8300972
5.73, 8300972
5.74, 8300972
5.75, 8300972
5.76, 8300972
5.77, 8300972
5.78, 8300972
5.79, 8300972
5.8, 8300972
5.81, 8300972
5.82, 8300972
5.83, 8300972
5.84, 8300972
5.85, 8300972
5.86, 8300972
5.87, 8300972
5.88, 8300972
5.89, 8300972
5.9, 8300972
5.91, 8300972
5.92, 8300972
5.93, 8300972
5.94, 8300972
5.95, 8300972
5.96, 8300972
5.97, 8300972
5.98, 8300972
5.99, 8300972
6.0, 8300972
6.01, 8300972
6.02, 8300972
6.03, 8300972
6.04, 8300972
6.05, 8300972
6.06, 8300972
6.07, 8300972
6.08, 8300972
6.09, 8300972
6.1, 8300972
6.11, 8300972
6.12, 8300972
6.13, 8300972
6.14, 8300972
6.15, 8300972
6.16, 8300972
6.17, 8300972
6.18, 8300972
6.19, 8300972
6.2, 8300972
6.21, 8300972
6.22, 8300972
6.23, 8300972
6.24, 8300972
6.25, 8300972
6.26, 8300972
6.27, 8300972
6.28, 8300972
6.29, 8300972
6.3, 8300972
6.31, 8300972
6.32, 8300972
6.33, 8300972
6.34, 8300972
6.35, 8300972
6.36, 8300972
6.37, 8300972
6.38, 8300972
6.39, 8300972
6.4, 8300972
6.41, 8300972
6.42, 8300972
6.43, 8300972
6.44, 8300972
6.45, 8300972
6.46, 8300972
6.47, 8300972
6.48, 8300972
6.49, 8300972
6.5, 8300972
6.51, 8300972
6.52, 8300972
6.53, 8300972
6.54, 8300972
6.55, 8300972
6.56, 8300972
6.57, 8300972
6.58, 8300972
6.59, 8300972
6.6, 8300972
6.61, 8300972
6.62, 8300972
6.63, 8300972
6.64, 8300972
6.65, 8300972
6.66, 8300972
6.67, 8300972
6.68, 8300972
6.69, 8300972
6.7, 8300972
6.71, 8300972
6.72, 8300972
6.73, 8300972
6.74, 8300972
6.75, 8300972
6.76, 8300972
6.77, 8300972
6.78, 8300972
6.79, 8300972
6.8, 8300972
6.81, 8300972
6.82, 8300972
6.83, 8300972
6.84, 8300972
6.85, 8300972
6.86, 8300972
6.87, 8300972
6.88, 8300972
6.89, 8300972
6.9, 8300972
6.91, 8300972
6.92, 8300972
6.93, 8300972
6.94, 8300972
6.95, 8300972
6.96, 8128442
6.97, 8128442
6.98, 8128442
6.99, 8128442
7.0, 8128442
7.01, 8128442
7.02, 8128442
7.03, 8128442
7.04, 8128442
7.05, 8128442
7.06, 8128442
7.07, 8128442
7.08, 8128442
7.09, 8128442
7.1, 8128442
7.11, 8128442
7.12, 8128442
7.13, 8128442
7.14, 8128442
7.15, 8128442
7.16, 8128442
7.17, 8128442
7.18, 8128442
7.19, 8128442
7.2, 8128442
7.21, 8128442
7.22, 8128442
7.23, 8128442
7.24, 8128442
7.25, 8128442
7.26, 8128442
7.27, 8128442
7.28, 8128442
7.29, 8128442
7.3, 8128442
7.31, 8128442
7.32, 8128442
7.33, 8128442
7.34, 8128442
7.35, 8128442
7.36, 8128442
7.37, 8128442
7.38, 8128442
7.39, 8128442
7.4, 8128442
7.41, 8128442
7.42, 8128442
7.43, 8128442
7.44, 8128442
7.45, 8128442
7.46, 8128442
7.47, 8128442
7.48, 8128442
7.49, 8128442
7.5, 8128442
7.51, 8128442
7.52, 8128442
7.53, 8128442
7.54, 8128442
7.55, 8128442
7.56, 8128442
7.57, 8128442
7.58, 8128442
7.59, 8128442
7.6, 8128442
7.61, 8128442
7.62, 8128442
7.63, 8128442
7.64, 8128442
7.65, 8128442
7.66, 8128442
7.67, 8128442
7.68, 8128442
7.69, 8128442
7.7, 8128442
7.71, 8128442
7.72, 8128442
7.73, 8128442
7.74, 8128442
7.75, 8128442
7.76, 8128442
7.77, 8128442
7.78, 8128442
7.79, 8128442
7.8, 8128442
7.81, 8128442
7.82, 8128442
7.83, 8128442
7.84, 8128442
7.85, 8128442
7.86, 8128442
7.87, 8128442
7.88, 8128442
7.89, 8128442
7.9, 8128442
7.91, 8128442
7.92, 8128442
7.93, 8128442
7.94, 8128442
7.95, 8128442
7.96, 8128442
7.97, 8128442
7.98, 8128442
7.99, 8128442
8.0, 8128442
8.01, 8128442
8.02, 8128442
8.03, 8128442
8.04, 8128442
8.05, 8128442
8.06, 8128442
8.07, 8128442
8.08, 8128442
8.09, 8128442
8.1, 8128442
8.11, 8128442
8.12, 8128442
8.13, 8128442
8.14, 8128442
8.15, 8128442
8.16, 8128442
8.17, 8128442
8.18, 8128442
8.19, 8128442
8.2, 8128442
8.21, 8128442
8.22, 8128442
8.23, 8128442
8.24, 8128442
8.25, 8128442
8.26, 8128442
8.27, 8128442
8.28, 8128442
8.29, 8128442
8.3, 8128442
8.31, 8128442
8.32, 8128442
8.33, 8128442
8.34, 8128442
8.35, 8128442
8.36, 8128442
8.37, 8128442
8.38, 8128442
8.39, 8128442
8.4, 8128442
8.41, 8128442
8.42, 8128442
8.43, 8128442
8.44, 8128442
8.45, 8128442
8.46, 8128442
8.47, 8128442
8.48, 8128442
8.49, 8128442
8.5, 8128442
8.51, 8128442
8.52, 8128442
8.53, 8128442
8.54, 8128442
8.55, 8128442
8.56, 8128442
8.57, 8128442
8.58, 8128442
8.59, 8128442
8.6, 8128442
8.61, 8128442
8.62, 8128442
8.63, 8128442
8.64, 8128442
8.65, 8128442
8.66, 8128442
8.67, 8128442
8.68, 8128442
8.69, 8128442
8.7, 8128442
8.71, 8128442
8.72, 8128442
8.73, 8128442
8.74, 8128442
8.75, 8128442
8.76, 8128442
8.77, 8128442
8.78, 8128442
8.79, 8128442
8.8, 8128442
8.81, 8128442
8.82, 8128442
8.83, 8128442
8.84, 8128442
8.85, 8128442
8.86, 8128442
8.87, 8128442
8.88, 8128442
8.89, 8128442
8.9, 8128442
8.91, 8128442
8.92, 8128442
8.93, 8128442
8.94, 8128442
8.95, 8128442
8.96, 8128442
8.97, 8128442
8.98, 8128442
8.99, 8128442
9.0, 8128442
9.01, 8128442
9.02, 8128442
9.03, 8128442
9.04, 8128442
9.05, 8128442
9.06, 8128442
9.07, 8128442
9.08, 8128442
9.09, 8128442
9.1, 8128442
9.11, 8128442
9.12, 8128442
9.13, 8128442
9.14, 8128442
9.15, 8128442
9.16, 8128442
9.17, 8128442
9.18, 8128442
9.19, 8128442
9.2, 8128442
9.21, 8128442
9.22, 8128442
9.23, 8128442
9.24, 8128442
9.25, 8128442
9.26, 8128442
9.27, 8128442
9.28, 8128442
9.29, 8128442
9.3, 8128442
9.31, 8128442
9.32, 8128442
9.33, 8128442
9.34, 8128442
9.35, 8128442
9.36, 8128442
9.37, 8128442
9.38, 8128442
9.39, 8128442
9.4, 8128442
9.41, 8128442
9.42, 8128442
9.43, 8128442
9.44, 8128442
9.45, 8128442
9.46, 8128442
9.47, 8128442
9.48, 8128442
9.49, 8128442
9.5, 8128442
9.51, 8128442
9.52, 8128442
9.53, 8128442
9.54, 8128442
9.55, 8128442
9.56, 8128442
9.57, 8128442
9.58, 8128442
9.59, 8128442
9.6, 8128442
9.61, 8128442
9.62, 8128442
9.63, 8128442
9.64, 8128442
9.65, 8128442
9.66, 8128442
9.67, 8128442
9.68, 8128442
9.69, 8128442
9.7, 8128442
9.71, 8128442
9.72, 8128442
9.73, 8128442
9.74, 8128442
9.75, 8128442
9.76, 8128442
9.77, 8128442
9.78, 8128442
9.79, 8128442
9.8, 8128442
9.81, 8128442
9.82, 8128442
9.83, 8128442
9.84, 8128442
9.85, 8128442
9.86, 8128442
9.87, 8128442
9.88, 8128442
9.89, 8128442
9.9, 8128442
9.91, 8128442
9.92, 8128442
9.93, 8128442
9.94, 8128442
9.95, 8128442
9.96, 8128442
9.97, 8128442
9.98, 8128442
9.99, 8128442
10.0, 8128442
10.01, 8128442
10.02, 8128442
10.03, 8128442
10.04, 8128442
10.05, 8128442
10.06, 8128442
10.07, 8128442
10.08, 8128442
10.09, 8128442
10.1, 8128442
10.11, 8128442
10.12, 8128442
10.13, 8128442
10.14, 8128442
10.15, 8128442
10.16, 8128442
10.17, 8128442
10.18, 8128442
10.19, 8128442
10.2, 8128442
10.21, 8128442
10.22, 8128442
10.23, 8128442
10.24, 8128442
10.25, 8128442
10.26, 8128442
10.27, 8128442
10.28, 8128442
10.29, 8128442
10.3, 8128442
10.31, 8128442
10.32, 8128442
10.33, 8128442
10.34, 8128442
10.35, 8128442
10.36, 8128442
10.37, 8128442
10.38, 8128442
10.39, 8128442
10.4, 8128442
10.41, 8128442
10.42, 8128442
10.43, 8128442
10.44, 8128442
10.45, 8128442
10.46, 8128442
10.47, 8128442
10.48, 8128442
10.49, 8128442
10.5, 8128442
10.51, 8128442
10.52, 8128442
10.53, 8128442
10.54, 8128442
10.55, 8128442
10.56, 8128442
10.57, 8128442
10.58, 8128442
10.59, 8128442
10.6, 8128442
10.61, 8128442
10.62, 8128442
10.63, 8128442
10.64, 8128442
10.65, 8128442
10.66, 8128442
10.67, 8128442
10.68, 8128442
10.69, 8128442
10.7, 8128442
10.71, 8128442
10.72, 8128442
10.73, 8128442
10.74, 8128442
10.75, 8128442
10.76, 8128442
10.77, 8128442
10.78, 8128442
10.79, 8128442
10.8, 8128442
10.81, 8128442
10.82, 8128442
10.83, 8128442
10.84, 8128442
10.85, 8128442
10.86, 8128442
10.87, 8128442
10.88, 8128442
10.89, 8128442
10.9, 8128442
10.91, 8128442
10.92, 8128442
10.93, 8128442
10.94, 8128442
10.95, 8128442
10.96, 8128442
10.97, 8128442
10.98, 8128442
10.99, 8128442
11.0, 8128442
11.01, 8128442
11.02, 8128442
11.03, 8128442
11.04, 8128442
11.05, 8128442
11.06, 8128442
11.07, 8128442
11.08, 8128442
11.09, 8128442
11.1, 8128442
11.11, 8128442
11.12, 8128442
11.13, 8128442
11.14, 8128442
11.15, 8128442
11.16, 8128442
11.17, 8128442
11.18, 8128442
11.19, 8128442
11.2, 8128442
11.21, 8128442
11.22, 8128442
11.23, 8128442
11.24, 8128442
11.25, 8128442
11.26, 8128442
11.27, 8128442
11.28, 8128442
11.29, 8128442
11.3, 8128442
11.31, 8128442
11.32, 8128442
11.33, 8128442
11.34, 8128442
11.35, 8128442
11.36, 8128442
11.37, 8128442
11.38, 8128442
11.39, 8128442
11.4, 8128442
11.41, 8128442
11.42, 8128442
11.43, 8128442
11.44, 8128442
11.45, 8128442
11.46, 8128442
11.47, 8128442
11.48, 8128442
11.49, 8128442
11.5, 8128442
11.51, 8128442
11.52, 8128442
11.53, 8128442
11.54, 8128442
11.55, 8128442
11.56, 8128442
11.57, 8128442
11.58, 8128442
11.59, 8128442
11.6, 8128442
11.61, 8128442
11.62, 8128442
11.63, 8128442
11.64, 8128442
11.65, 8128442
11.66, 8128442
11.67, 8128442
11.68, 8128442
11.69, 8128442
11.7, 8128442
11.71, 8128442
11.72, 8128442
11.73, 8128442
11.74, 8128442
11.75, 8128442
11.76, 8128442
11.77, 8128442
11.78, 8128442
11.79, 8128442
11.8, 8128442
11.81, 8128442
11.82, 8128442
11.83, 8128442
11.84, 8128442
11.85, 8128442
11.86, 8128442
11.87, 8128442
11.88, 8128442
11.89, 8128442
11.9, 8128442
11.91, 8128442
11.92, 8128442
11.93, 8128442
11.94, 8128442
11.95, 8128442
11.96, 8128442
11.97, 8128442
11.98, 8128442
11.99, 8128442
12.0, 8128442
12.01, 8128442
12.02, 8128442
12.03, 8128442
12.04, 8128442
12.05, 8128442
12.06, 8128442
12.07, 8128442
12.08, 8128442
12.09, 8128442
12.1, 8128442
12.11, 8128442
12.12, 8128442
12.13, 8128442
12.14, 8128442
12.15, 8128442
12.16, 8128442
12.17, 8128442
12.18, 8128442
12.19, 8128442
12.2, 8128442
12.21, 8128442
12.22, 8128442
12.23, 8128442
12.24, 8128442
12.25, 8128442
12.26, 8128442
12.27, 8128442
12.28, 8128442
12.29, 8128442
12.3, 8128442
12.31, 8128442
12.32, 8128442
12.33, 8128442
12.34, 8128442
12.35, 8128442
12.36, 8128442
12.37, 8128442
12.38, 8128442
12.39, 8128442
12.4, 8128442
12.41, 8128442
12.42, 8128442
12.43, 8128442
12.44, 8128442
12.45, 8128442
12.46, 8128442
12.47, 8128442
12.48, 8128442
12.49, 8128442
12.5, 8128442
12.51, 8128442
12.52, 8128442
12.53, 8128442
12.54, 8128442
12.55, 8128442
12.56, 8128442
12.57, 8128442
12.58, 8128442
12.59, 8128442
12.6, 8128442
12.61, 8128442
12.62, 8128442
12.63, 8128442
12.64, 8128442
12.65, 8128442
12.66, 8128442
12.67, 8128442
12.68, 8128442
12.69, 8128442
12.7, 8128442
12.71, 8128442
12.72, 8128442
12.73, 8128442
12.74, 8128442
12.75, 8128442
12.76, 8128442
12.77, 8128442
12.78, 8128442
12.79, 8128442
12.8, 8128442
12.81, 8128442
12.82, 8128442
12.83, 8128442
12.84, 8128442
12.85, 8128442
12.86, 8128442
12.87, 8128442
12.88, 8128442
12.89, 8128442
12.9, 8128442
12.91, 8128442
12.92, 8128442
12.93, 8128442
12.94, 8128442
12.95, 8128442
12.96, 8128442
12.97, 8128442
12.98, 8128442
12.99, 8128442
13.0, 8128442
13.01, 8128442
13.02, 8128442
13.03, 8128442
13.04, 8128442
13.05, 8128442
13.06, 8128442
13.07, 8128442
13.08, 8128442
13.09, 8128442
13.1, 8128442
13.11, 8128442
13.12, 8128442
13.13, 8128442
13.14, 8128442
13.15, 8128442
13.16, 8128442
13.17, 8128442
13.18, 8128442
13.19, 8128442
13.2, 8128442
13.21, 8128442
13.22, 8128442
13.23, 8128442
13.24, 8128442
13.25, 8128442
13.26, 8128442
13.27, 8128442
13.28, 8128442
13.29, 8128442
13.3, 8128442
13.31, 8128442
13.32, 8128442
13.33, 8128442
13.34, 8128442
13.35, 8128442
13.36, 8128442
13.37, 8128442
13.38, 8128442
13.39, 8128442
13.4, 8128442
13.41, 8128442
13.42, 8128442
13.43, 8128442
13.44, 8128442
13.45, 8128442
13.46, 8128442
13.47, 8128442
13.48, 8128442
13.49, 8128442
13.5, 8128442
13.51, 8128442
13.52, 8128442
13.53, 8128442
13.54, 8128442
13.55, 8128442
13.56, 8128442
13.57, 8128442
13.58, 8128442
13.59, 8128442
13.6, 8128442
13.61, 8128442
13.62, 8128442
13.63, 8128442
13.64, 8128442
13.65, 8128442
13.66, 8128442
13.67, 8128442
13.68, 8128442
13.69, 8128442
13.7, 8128442
13.71, 8128442
13.72, 8128442
13.73, 8128442
13.74, 8128442
13.75, 8128442
13.76, 8128442
13.77, 8128442
13.78, 8128442
13.79, 8128442
13.8, 8128442
13.81, 8128442
13.82, 8128442
13.83, 8128442
13.84, 8128442
13.85, 8128442
13.86, 8128442
13.87, 8128442
13.88, 8128442
13.89, 8128442
13.9, 8128442
13.91, 8128442
13.92, 8128442
13.93, 8128442
13.94, 8128442
13.95, 8128442
13.96, 8128442
13.97, 8128442
13.98, 8128442
13.99, 8128442
14.0, 8128442
14.01, 8128442
14.02, 8128442
14.03, 8128442
14.04, 8128442
14.05, 8128442
14.06, 8128442
14.07, 8128442
14.08, 8128442
14.09, 8128442
14.1, 8128442
14.11, 8128442
14.12, 8128442
14.13, 8128442
14.14, 8128442
14.15, 8128442
14.16, 8128442
14.17, 8128442
14.18, 8128442
14.19, 8128442
14.2, 8128442
14.21, 8128442
14.22, 8128442
14.23, 8128442
14.24, 8128442
14.25, 8128442
14.26, 8128442
14.27, 8128442
14.28, 8128442
14.29, 8128442
14.3, 8128442
14.31, 8128442
14.32, 8128442
14.33, 8128442
14.34, 8128442
14.35, 8128442
14.36, 8128442
14.37, 8128442
14.38, 8128442
14.39, 8128442
14.4, 8128442
14.41, 8128442
14.42, 8128442
14.43, 8128442
14.44, 8128442
14.45, 8128442
14.46, 8128442
14.47, 8128442
14.48, 8128442
14.49, 8128442
14.5, 8128442
14.51, 8128442
14.52, 8128442
14.53, 8128442
14.54, 8128442
14.55, 8128442
14.56, 8128442
14.57, 8128442
14.58, 8128442
14.59, 8128442
14.6, 8128442
14.61, 8128442
14.62, 8128442
14.63, 8128442
14.64, 8128442
14.65, 8128442
14.66, 8128442
14.67, 8128442
14.68, 8128442
14.69, 8128442
14.7, 8128442
14.71, 8128442
14.72, 8128442
14.73, 8128442
14.74, 8128442
14.75, 8128442
14.76, 8128442
14.77, 8128442
14.78, 8128442
14.79, 8128442
14.8, 8128442
14.81, 8128442
14.82, 8128442
14.83, 8128442
14.84, 8128442
14.85, 8128442
14.86, 8128442
14.87, 8128442
14.88, 8128442
14.89, 8128442
14.9, 8128442
14.91, 8128442
14.92, 8128442
14.93, 8128442
14.94, 8128442
14.95, 8128442
14.96, 8128442
14.97, 8128442
14.98, 8128442
14.99, 8128442
15.0, 8128442
15.01, 8128442
15.02, 8128442
15.03, 8128442
15.04, 8128442
15.05, 8128442
15.06, 8128442
15.07, 8128442
15.08, 8128442
15.09, 8128442
15.1, 8128442
15.11, 8128442
15.12, 8128442
15.13, 8128442
15.14, 8128442
15.15, 8128442
15.16, 8128442
15.17, 8128442
15.18, 8128442
15.19, 8128442
15.2, 8128442
15.21, 8128442
15.22, 8128442
15.23, 8128442
15.24, 8128442
15.25, 8128442
15.26, 8128442
15.27, 8128442
15.28, 8128442
15.29, 8128442
15.3, 8128442
15.31, 8128442
15.32, 8128442
15.33, 8128442
15.34, 8128442
15.35, 8128442
15.36, 8128442
15.37, 8128442
15.38, 8128442
15.39, 8128442
15.4, 8128442
15.41, 8128442
15.42, 8128442
15.43, 8128442
15.44, 8128442
15.45, 8128442
15.46, 8128442
15.47, 8128442
15.48, 8128442
15.49, 8128442
15.5, 8128442
15.51, 8128442
15.52, 8128442
15.53, 8128442
15.54, 8128442
15.55, 8128442
15.56, 8128442
15.57, 8128442
15.58, 8128442
15.59, 8128442
15.6, 8128442
15.61, 8128442
15.62, 8128442
15.63, 8128442
15.64, 8128442
15.65, 8128442
15.66, 8128442
15.67, 8128442
15.68, 8128442
15.69, 8128442
15.7, 8128442
15.71, 8128442
15.72, 8128442
15.73, 8128442
15.74, 8128442
15.75, 8128442
15.76, 8128442
15.77, 8128442
15.78, 8128442
15.79, 8128442
15.8, 8128442
15.81, 8128442
15.82, 8128442
15.83, 8128442
15.84, 8128442
15.85, 8128442
15.86, 8128442
15.87, 8128442
15.88, 8128442
15.89, 8128442
15.9, 8128442
15.91, 8128442
15.92, 8128442
15.93, 8128442
15.94, 8128442
15.95, 8128442
15.96, 8128442
15.97, 8128442
15.98, 8128442
15.99, 8128442
16.0, 8128442
16.01, 8128442
16.02, 8128442
16.03, 8128442
16.04, 8128442
16.05, 8128442
16.06, 8128442
16.07, 8128442
16.08, 8128442
16.09, 8128442
16.1, 8128442
16.11, 8128442
16.12, 8128442
16.13, 8128442
16.14, 8128442
16.15, 8128442
16.16, 8128442
16.17, 8128442
16.18, 8128442
16.19, 8128442
16.2, 8128442
16.21, 8128442
16.22, 8128442
16.23, 8128442
16.24, 8128442
16.25, 8128442
16.26, 8128442
16.27, 8128442
16.28, 8128442
16.29, 8128442
16.3, 8128442
16.31, 8128442
16.32, 8128442
16.33, 8128442
16.34, 8128442
16.35, 8128442
16.36, 8128442
16.37, 8128442
16.38, 8128442
16.39, 8128442
16.4, 8128442
16.41, 8128442
16.42, 8128442
16.43, 8128442
16.44, 8128442
16.45, 8128442
16.46, 8128442
16.47, 8128442
16.48, 8128442
16.49, 8128442
16.5, 8128442
16.51, 8128442
16.52, 8128442
16.53, 8128442
16.54, 8128442
16.55, 8128442
16.56, 8128442
16.57, 8128442
16.58, 8128442
16.59, 8128442
16.6, 8128442
16.61, 8128442
16.62, 8128442
16.63, 8128442
16.64, 8128442
16.65, 8128442
16.66, 8128442
16.67, 8128442
16.68, 8128442
16.69, 8128442
16.7, 8128442
16.71, 8128442
16.72, 8128442
16.73, 8128442
16.74, 8128442
16.75, 8128442
16.76, 8128442
16.77, 8128442
16.78, 8128442
16.79, 8128442
16.8, 8128442
16.81, 8128442
16.82, 8128442
16.83, 8128442
16.84, 8128442
16.85, 8128442
16.86, 8128442
16.87, 8128442
16.88, 8128442
16.89, 8128442
16.9, 8128442
16.91, 8128442
16.92, 8128442
16.93, 8128442
16.94, 8128442
16.95, 8128442
16.96, 8128442
16.97, 8128442
16.98, 8128442
16.99, 8128442
17.0, 8128442
17.01, 8128442
17.02, 8128442
17.03, 8128442
17.04, 8128442
17.05, 8128442
17.06, 8128442
17.07, 8128442
17.08, 8128442
17.09, 8128442
17.1, 8128442
17.11, 8128442
17.12, 8128442
17.13, 8128442
17.14, 8128442
17.15, 8128442
17.16, 8128442
17.17, 8128442
17.18, 8128442
17.19, 8128442
17.2, 8128442
17.21, 8128442
17.22, 8128442
17.23, 8128442
17.24, 8128442
17.25, 8128442
17.26, 8128442
17.27, 8128442
17.28, 8128442
17.29, 8128442
17.3, 8128442
17.31, 8128442
17.32, 8128442
17.33, 8128442
17.34, 8128442
17.35, 8128442
17.36, 8128442
17.37, 8128442
17.38, 8128442
17.39, 8128442
17.4, 8128442
17.41, 8128442
17.42, 8128442
17.43, 8128442
17.44, 8128442
17.45, 8128442
17.46, 8128442
17.47, 8128442
17.48, 8128442
17.49, 8128442
17.5, 8128442
17.51, 8128442
17.52, 8128442
17.53, 8128442
17.54, 8128442
17.55, 8128442
17.56, 8128442
17.57, 8128442
17.58, 8128442
17.59, 8128442
17.6, 8128442
17.61, 8128442
17.62, 8128442
17.63, 8128442
17.64, 8128442
17.65, 8128442
17.66, 8128442
17.67, 8128442
17.68, 8128442
17.69, 8128442
17.7, 8128442
17.71, 8128442
17.72, 8128442
17.73, 8128442
17.74, 8128442
17.75, 8128442
17.76, 8128442
17.77, 8128442
17.78, 8128442
17.79, 8128442
17.8, 8128442
17.81, 8128442
17.82, 8128442
17.83, 8128442
17.84, 8128442
17.85, 8128442
17.86, 8128442
17.87, 8128442
17.88, 8128442
17.89, 8128442
17.9, 8128442
17.91, 8128442
17.92, 8128442
17.93, 8128442
17.94, 8128442
17.95, 8128442
17.96, 8128442
17.97, 8128442
17.98, 8128442
17.99, 8128442
18.0, 8128442
18.01, 8128442
18.02, 8128442
18.03, 8128442
18.04, 8128442
18.05, 8128442
18.06, 8128442
18.07, 8128442
18.08, 8128442
18.09, 8128442
18.1, 8128442
18.11, 8128442
18.12, 8128442
18.13, 8128442
18.14, 8128442
18.15, 8128442
18.16, 8128442
18.17, 8128442
18.18, 8128442
18.19, 8128442
18.2, 8128442
18.21, 8128442
18.22, 8128442
18.23, 8128442
18.24, 8128442
18.25, 8128442
18.26, 8128442
18.27, 8128442
18.28, 8128442
18.29, 8128442
18.3, 8128442
18.31, 8128442
18.32, 8128442
18.33, 8128442
18.34, 8128442
18.35, 8128442
18.36, 8128442
18.37, 8128442
18.38, 8128442
18.39, 8128442
18.4, 8128442
18.41, 8128442
18.42, 8128442
18.43, 8128442
18.44, 8128442
18.45, 8128442
18.46, 8128442
18.47, 8128442
18.48, 8128442
18.49, 8128442
18.5, 8128442
18.51, 8128442
18.52, 8128442
18.53, 8128442
18.54, 8128442
18.55, 8128442
18.56, 8128442
18.57, 8128442
18.58, 8128442
18.59, 8128442
18.6, 8128442
18.61, 8128442
18.62, 8128442
18.63, 8128442
18.64, 8128442
18.65, 8128442
18.66, 8128442
18.67, 8128442
18.68, 8128442
18.69, 8128442
18.7, 8128442
18.71, 8128442
18.72, 8128442
18.73, 8128442
18.74, 8128442
18.75, 8128442
18.76, 8128442
18.77, 8128442
18.78, 8128442
18.79, 8128442
18.8, 8128442
18.81, 8128442
18.82, 8128442
18.83, 8128442
18.84, 8128442
18.85, 8128442
18.86, 8128442
18.87, 8128442
18.88, 8128442
18.89, 8128442
18.9, 8128442
18.91, 8128442
18.92, 8128442
18.93, 8128442
18.94, 8128442
18.95, 8128442
18.96, 8128442
18.97, 8128442
18.98, 8128442
18.99, 8128442
19.0, 8128442
19.01, 8128442
19.02, 8128442
19.03, 8128442
19.04, 8128442
19.05, 8128442
19.06, 8128442
19.07, 8128442
19.08, 8128442
19.09, 8128442
19.1, 8128442
19.11, 8128442
19.12, 8128442
19.13, 8128442
19.14, 8128442
19.15, 8128442
19.16, 8128442
19.17, 8128442
19.18, 8128442
19.19, 8128442
19.2, 8128442
19.21, 8128442
19.22, 8128442
19.23, 8128442
19.24, 8128442
19.25, 8128442
19.26, 8128442
19.27, 8128442
19.28, 8128442
19.29, 8128442
19.3, 8128442
19.31, 8128442
19.32, 8128442
19.33, 8128442
19.34, 8128442
19.35, 8128442
19.36, 8128442
19.37, 8128442
19.38, 8128442
19.39, 8128442
19.4, 8128442
19.41, 8128442
19.42, 8128442
19.43, 8128442
19.44, 8128442
19.45, 8128442
19.46, 8128442
19.47, 8128442
19.48, 8128442
19.49, 8128442
19.5, 8128442
19.51, 8128442
19.52, 8128442
19.53, 8128442
19.54, 8128442
19.55, 8128442
19.56, 8128442
19.57, 8128442
19.58, 8128442
19.59, 8128442
19.6, 8128442
19.61, 8128442
19.62, 8128442
19.63, 8128442
19.64, 8128442
19.65, 8128442
19.66, 8128442
19.67, 8128442
19.68, 8128442
19.69, 8128442
19.7, 8128442
19.71, 8128442
19.72, 8128442
19.73, 8128442
19.74, 8128442
19.75, 8128442
19.76, 8128442
19.77, 8128442
19.78, 8128442
19.79, 8128442
19.8, 8128442
19.81, 8128442
19.82, 8128442
19.83, 8128442
19.84, 8128442
19.85, 8128442
19.86, 8128442
19.87, 8128442
19.88, 8128442
19.89, 8128442
19.9, 8128442
19.91, 8128442
19.92, 8128442
19.93, 8128442
19.94, 8128442
19.95, 8128442
19.96, 8128442
19.97, 8128442
19.98, 8128442
19.99, 8128442
20.0, 8128442
20.01, 8128442
20.02, 8128442
20.03, 8128442
20.04, 8128442
20.05, 8128442
20.06, 8128442
20.07, 8128442
20.08, 8128442
20.09, 8128442
20.1, 8128442
20.11, 8128442
20.12, 8128442
20.13, 8128442
20.14, 8128442
20.15, 8128442
20.16, 8128442
20.17, 8128442
20.18, 8128442
20.19, 8128442
20.2, 8128442
20.21, 8128442
20.22, 8128442
20.23, 8128442
20.24, 8128442
20.25, 8128442
20.26, 8128442
20.27, 8128442
20.28, 8128442
20.29, 8128442
20.3, 8128442
20.33, 8128442
20.34, 8128442
20.35, 8128442
20.36, 8128442
20.37, 8128442
20.38, 8128442
20.39, 8128442
20.4, 8128442
20.41, 8128442
20.42, 8128442
20.43, 8128442
20.44, 8128442
20.45, 8128442
20.46, 8128442
20.47, 8128442
20.48, 8128442
20.49, 8128442
20.5, 8128442
20.51, 8128442
20.52, 8128442
20.53, 8128442
20.54, 8128442
20.55, 8128442
20.56, 8128442
20.57, 8128442
20.58, 8128442
20.59, 8128442
20.6, 8128442
20.61, 8128442
20.62, 8128442
20.63, 8128442
20.64, 8128442
20.65, 8128442
20.66, 8128442
20.67, 8128442
20.68, 8128442
20.69, 8128442
20.7, 8128442
20.71, 8128442
20.72, 8128442
20.73, 8128442
20.74, 8128442
20.75, 8128442
20.76, 8128442
20.77, 8128442
20.78, 8128442
20.79, 8128442
20.8, 8128442
20.81, 8128442
20.82, 8128442
20.83, 8128442
20.84, 8128442
20.85, 8128442
20.86, 8128442
20.87, 8128442
20.88, 8128442
20.89, 8128442
20.9, 8128442
20.91, 8128442
20.92, 8128442
20.93, 8128442
20.94, 8128442
20.95, 8128442
20.96, 8128442
20.97, 8128442
20.98, 8128442
20.99, 8128442
21.0, 8128442
21.01, 8128442
21.02, 8128442
21.03, 8128442
21.04, 8128442
21.05, 8128442
21.06, 8128442
21.07, 8128442
21.08, 8128442
21.09, 8128442
21.1, 8128442
21.11, 8128442
21.12, 8128442
21.13, 8128442
21.14, 8128442
21.15, 8128442
21.16, 8128442
21.17, 8128442
21.18, 8128442
21.19, 8128442
21.2, 8128442
21.21, 8128442
21.22, 8128442
21.23, 8128442
21.24, 8128442
21.25, 8128442
21.26, 8128442
21.27, 8128442
21.28, 8128442
21.29, 8128442
21.3, 8128442
21.31, 8128442
21.32, 8128442
21.33, 8128442
21.34, 8128442
21.35, 8128442
21.36, 8128442
21.37, 8128442
21.38, 8128442
21.39, 8128442
21.4, 8128442
21.41, 8128442
21.42, 8128442
21.43, 8128442
21.44, 8128442
21.45, 8128442
21.46, 8128442
21.47, 8128442
21.48, 8128442
21.49, 8128442
21.5, 8128442
21.51, 8128442
21.52, 8128442
21.53, 8128442
21.54, 8128442
21.55, 8128442
21.56, 8128442
21.57, 8128442
21.58, 8128442
21.59, 8128442
21.6, 8128442
21.61, 8128442
21.62, 8128442
21.63, 8128442
21.64, 8128442
21.65, 8128442
21.66, 8128442
21.67, 8128442
21.68, 8128442
21.69, 8128442
21.7, 8128442
21.71, 8128442
21.72, 8128442
21.73, 8128442
21.74, 8128442
21.75, 8128442
21.76, 8128442
21.77, 8128442
21.78, 8128442
21.79, 8128442
21.8, 8128442
21.81, 8128442
21.82, 8128442
21.83, 8128442
21.84, 8128442
21.85, 8128442
21.86, 8128442
21.87, 8128442
21.88, 8128442
21.89, 8128442
21.9, 8128442
21.91, 8128442
21.92, 8128442
21.93, 8128442
21.94, 8128442
21.95, 8128442
21.96, 8128442
21.97, 8128442
21.98, 8128442
21.99, 8128442
22.0, 8128442
22.01, 8128442
22.02, 8128442
22.03, 8128442
22.04, 8128442
22.05, 8128442
22.06, 8128442
22.07, 8128442
22.08, 8128442
22.09, 8128442
22.1, 8128442
22.11, 8128442
22.12, 8128442
22.13, 8128442
22.14, 8128442
22.15, 8128442
22.16, 8128442
22.17, 8128442
22.18, 8128442
22.19, 8128442
22.2, 8128442
22.21, 8128442
22.22, 8128442
22.23, 8128442
22.24, 8128442
22.25, 8128442
22.26, 8128442
22.27, 8128442
22.28, 8128442
22.29, 8128442
22.3, 8128442
22.31, 8128442
22.32, 8128442
22.33, 8128442
22.34, 8128442
22.35, 8128442
22.36, 8128442
22.37, 8128442
22.38, 8128442
22.39, 8128442
22.4, 8128442
22.41, 8128442
22.42, 8128442
22.43, 8128442
22.44, 8128442
22.45, 8128442
22.46, 8128442
22.47, 8128442
22.48, 8128442
22.49, 8128442
22.5, 8128442
22.51, 8128442
22.52, 8128442
22.53, 8128442
22.54, 8128442
22.55, 8128442
22.56, 8128442
22.57, 8128442
22.58, 8128442
22.59, 8128442
22.6, 8128442
22.61, 8128442
22.62, 8128442
22.63, 8128442
22.64, 8128442
22.65, 8128442
22.66, 8128442
22.67, 8128442
22.68, 8128442
22.69, 8128442
22.7, 8128442
22.71, 8128442
22.72, 8128442
22.73, 8128442
22.74, 8128442
22.75, 8128442
22.76, 8128442
22.77, 8128442
22.78, 8128442
22.79, 8128442
22.8, 8128442
22.81, 8128442
22.82, 8128442
22.83, 8128442
22.84, 8128442
22.85, 8128442
22.86, 8128442
22.87, 8128442
22.88, 8128442
22.89, 8128442
22.9, 8128442
22.91, 8128442
22.92, 8128442
22.93, 8128442
22.94, 8128442
22.95, 8128442
22.96, 8128442
22.97, 8128442
22.98, 8128442
22.99, 8128442
23.0, 8128442
23.01, 8128442
23.02, 8128442
23.03, 8128442
23.04, 8128442
23.05, 8128442
23.06, 8128442
23.07, 8128442
23.08, 8128442
23.09, 8128442
23.1, 8128442
23.11, 8128442
23.12, 8128442
23.13, 8128442
23.14, 8128442
23.15, 8128442
23.16, 8128442
23.17, 8128442
23.18, 8128442
23.19, 8128442
23.2, 8128442
23.21, 8128442
23.22, 8128442
23.23, 8128442
23.24, 8128442
23.25, 8128442
23.26, 8128442
23.27, 8128442
23.28, 8128442
23.29, 8128442
23.3, 8128442
23.31, 8128442
23.32, 8128442
23.33, 8128442
23.34, 8128442
23.35, 8128442
23.36, 8128442
23.37, 8128442
23.38, 8128442
23.39, 8128442
23.4, 8128442
23.41, 8128442
23.42, 8128442
23.43, 8128442
23.44, 8128442
23.45, 8128442
23.46, 8128442
23.47, 8128442
23.48, 8128442
23.49, 8128442
23.5, 8128442
23.51, 8128442
23.52, 8128442
23.53, 8128442
23.54, 8128442
23.55, 8128442
23.56, 8128442
23.57, 8128442
23.58, 8128442
23.59, 8128442
23.6, 8128442
23.61, 8128442
23.62, 8128442
23.63, 8128442
23.64, 8128442
23.65, 8128442
23.66, 8128442
23.67, 8128442
23.68, 8128442
23.69, 8128442
23.7, 8128442
23.71, 8128442
23.72, 8128442
23.73, 8128442
23.74, 8128442
23.75, 8128442
23.76, 8128442
23.77, 8128442
23.78, 8128442
23.79, 8128442
23.8, 8128442
23.81, 8128442
23.82, 8128442
23.83, 8128442
23.84, 8128442
23.85, 8128442
23.86, 8128442
23.87, 8128442
23.88, 8128442
23.89, 8128442
23.9, 8128442
23.91, 8128442
23.92, 8128442
23.93, 8128442
23.94, 8128442
23.95, 8128442
23.96, 8128442
23.97, 8128442
23.98, 8128442
23.99, 8128442
24.0, 8128442
24.01, 8128442
24.02, 8128442
24.03, 8128442
24.04, 8128442
24.05, 8128442
24.06, 8128442
24.07, 8128442
24.08, 8128442
24.09, 8128442
24.1, 8128442
24.11, 8128442
24.12, 8128442
24.13, 8128442
24.14, 8128442
24.15, 8128442
24.16, 8128442
24.17, 8128442
24.18, 8128442
24.19, 8128442
24.2, 8128442
24.21, 8128442
24.22, 8128442
24.23, 8128442
24.24, 8128442
24.25, 8128442
24.26, 8128442
24.27, 8128442
24.28, 8128442
24.29, 8128442
24.3, 8128442
24.31, 8128442
24.32, 8128442
24.33, 8128442
24.34, 8128442
24.35, 8128442
24.36, 8128442
24.37, 8128442
24.38, 8128442
24.39, 8128442
24.4, 8128442
24.41, 8128442
24.42, 8128442
24.43, 8128442
24.44, 8128442
24.45, 8128442
24.46, 8128442
24.47, 8128442
24.48, 8128442
24.49, 8128442
24.5, 8128442
24.51, 8128442
24.52, 8128442
24.53, 8128442
24.54, 8128442
24.55, 8128442
24.56, 8128442
24.57, 8128442
24.58, 8128442
24.59, 8128442
24.6, 8128442
24.61, 8128442
24.62, 8128442
24.63, 8128442
24.64, 8128442
24.65, 8128442
24.66, 8128442
24.67, 8128442
24.68, 8128442
24.69, 8128442
24.7, 8128442
24.71, 8128442
24.72, 8128442
24.73, 8128442
24.74, 8128442
24.75, 8128442
24.76, 8128442
24.77, 8128442
24.78, 8128442
24.79, 8128442
24.8, 8128442
24.81, 8128442
24.82, 8128442
24.83, 8128442
24.84, 8128442
24.85, 8128442
24.86, 8128442
24.87, 8128442
24.88, 8128442
24.89, 8128442
24.9, 8128442
24.91, 8128442
24.92, 8128442
24.93, 8128442
24.94, 8128442
24.95, 8128442
24.96, 8128442
24.97, 8128442
24.98, 8128442
24.99, 8128442
25.0, 8128442
25.01, 8128442
25.02, 8128442
25.03, 8128442
25.04, 8128442
25.05, 8128442
25.06, 8128442
25.07, 8128442
25.08, 8128442
25.09, 8128442
25.1, 8128442
25.11, 8128442
25.12, 8128442
25.13, 8128442
25.14, 8128442
25.15, 8128442
25.16, 8128442
25.17, 8128442
25.18, 8128442
25.19, 8128442
25.2, 8128442
25.21, 8128442
25.22, 8128442
25.23, 8128442
25.24, 8128442
25.25, 8128442
25.26, 8128442
25.27, 8128442
25.28, 8128442
25.29, 8128442
25.3, 8128442
25.31, 8128442
25.32, 8128442
25.33, 8128442
25.34, 8128442
25.35, 8128442
25.36, 8128442
25.37, 8128442
25.38, 8128442
25.39, 8128442
25.4, 8128442
25.41, 8128442
25.42, 8128442
25.43, 8128442
25.44, 8128442
25.45, 8128442
25.46, 8128442
25.47, 8128442
25.48, 8128442
25.49, 8128442
25.5, 8128442
25.51, 8128442
25.52, 8128442
25.53, 8128442
25.54, 8128442
25.55, 8128442
25.56, 8128442
25.57, 8128442
25.58, 8128442
25.59, 8128442
25.6, 8128442
25.61, 8128442
25.62, 8128442
25.63, 8128442
25.64, 8128442
25.65, 8128442
25.66, 8128442
25.67, 8128442
25.68, 8128442
25.69, 8128442
25.7, 8128442
25.71, 8128442
25.72, 8128442
25.73, 8128442
25.74, 8128442
25.75, 8128442
25.76, 8128442
25.77, 8128442
25.78, 8128442
25.79, 8128442
25.8, 8128442
25.81, 8128442
25.82, 8128442
25.83, 8128442
25.84, 8128442
25.85, 8128442
25.86, 8128442
25.87, 8128442
25.88, 8128442
25.89, 8128442
25.9, 8128442
25.91, 8128442
25.92, 8128442
25.93, 8128442
25.94, 8128442
25.95, 8128442
25.96, 8128442
25.97, 8128442
25.98, 8128442
25.99, 8128442
26.0, 8128442
26.01, 8128442
26.02, 8128442
26.03, 8128442
26.04, 8128442
26.05, 8128442
26.06, 8128442
26.07, 8128442
26.08, 8128442
26.09, 8128442
26.1, 8128442
26.11, 8128442
26.12, 8128442
26.13, 8128442
26.14, 8128442
26.15, 8128442
26.16, 8128442
26.17, 8128442
26.18, 8128442
26.19, 8128442
26.2, 8128442
26.21, 8128442
26.22, 8128442
26.23, 8128442
26.24, 8128442
26.25, 8128442
26.26, 8128442
26.27, 8128442
26.28, 8128442
26.29, 8128442
26.3, 8128442
26.31, 8128442
26.32, 8128442
26.33, 8128442
26.34, 8128442
26.35, 8128442
26.36, 8128442
26.37, 8128442
26.38, 8128442
26.39, 8128442
26.4, 8128442
26.41, 8128442
26.42, 8128442
26.43, 8128442
26.44, 8128442
26.45, 8128442
26.46, 8128442
26.47, 8128442
26.48, 8128442
26.49, 8128442
26.5, 8128442
26.51, 8128442
26.52, 8128442
26.53, 8128442
26.54, 8128442
26.55, 8128442
26.56, 8128442
26.57, 8128442
26.58, 8128442
26.59, 8128442
26.6, 8128442
26.61, 8128442
26.62, 8128442
26.63, 8128442
26.64, 8128442
26.65, 8128442
26.66, 8128442
26.67, 8128442
26.68, 8128442
26.69, 8128442
26.7, 8128442
26.71, 8128442
26.72, 8128442
26.73, 8128442
26.74, 8128442
26.75, 8128442
26.76, 8128442
26.77, 8128442
26.78, 8128442
26.79, 8128442
26.8, 8128442
26.81, 8128442
26.82, 8128442
26.83, 8128442
26.84, 8128442
26.85, 8128442
26.86, 8128442
26.87, 8128442
26.88, 8128442
26.89, 8128442
26.9, 8128442
26.91, 8128442
26.92, 8128442
26.93, 8128442
26.94, 8128442
26.95, 8128442
26.96, 8128442
26.97, 8128442
26.98, 8128442
26.99, 8128442
27.0, 8128442
27.01, 8128442
27.02, 8128442
27.03, 8128442
27.04, 8128442
27.05, 8128442
27.06, 8128442
27.07, 8128442
27.08, 8128442
27.09, 8128442
27.1, 8128442
27.11, 8128442
27.12, 8128442
27.13, 8128442
27.14, 8128442
27.15, 8128442
27.16, 8128442
27.17, 8128442
27.18, 8128442
27.19, 8128442
27.2, 8128442
27.21, 8128442
27.22, 8128442
27.23, 8128442
27.24, 8128442
27.25, 8128442
27.26, 8128442
27.27, 8128442
27.28, 8128442
27.29, 8128442
27.3, 8128442
27.31, 8128442
27.32, 8128442
27.33, 8128442
27.34, 8128442
27.35, 8128442
27.36, 8128442
27.37, 8128442
27.38, 8128442
27.39, 8128442
27.4, 8128442
27.41, 8128442
27.42, 8128442
27.43, 8128442
27.44, 8128442
27.45, 8128442
27.46, 8128442
27.47, 8128442
27.48, 8128442
27.49, 8128442
27.5, 8128442
27.51, 8128442
27.52, 8128442
27.53, 8128442
27.54, 8128442
27.55, 8128442
27.56, 8128442
27.57, 8128442
27.58, 8128442
27.59, 8128442
27.6, 8128442
27.61, 8128442
27.62, 8128442
27.63, 8128442
27.64, 8128442
27.65, 8128442
27.66, 8128442
27.67, 8128442
27.68, 8128442
27.69, 8128442
27.7, 8128442
27.71, 8128442
27.72, 8128442
27.73, 8128442
27.74, 8128442
27.75, 8128442
27.76, 8128442
27.77, 8128442
27.78, 8128442
27.79, 8128442
27.8, 8128442
27.81, 8128442
27.82, 8128442
27.83, 8128442
27.84, 8128442
27.85, 8128442
27.86, 8128442
27.87, 8128442
27.88, 8128442
27.89, 8128442
27.9, 8128442
27.91, 8128442
27.92, 8128442
27.93, 8128442
27.94, 8128442
27.95, 8128442
27.96, 8128442
27.97, 8128442
27.98, 8128442
27.99, 8128442
28.0, 8128442
28.01, 8128442
28.02, 8128442
28.03, 8128442
28.04, 8128442
28.05, 8128442
28.06, 8128442
28.07, 8128442
28.08, 8128442
28.09, 8128442
28.1, 8128442
28.11, 8128442
28.12, 8128442
28.13, 8128442
28.14, 8128442
28.15, 8128442
28.16, 8128442
28.17, 8128442
28.18, 8128442
28.19, 8128442
28.2, 8128442
28.21, 8128442
28.22, 8128442
28.23, 8128442
28.24, 8128442
28.25, 8128442
28.26, 8128442
28.27, 8128442
28.28, 8128442
28.29, 8128442
28.3, 8128442
28.31, 8128442
28.32, 8128442
28.33, 8128442
28.34, 8128442
28.35, 8128442
28.36, 8128442
28.37, 8128442
28.38, 8128442
28.39, 8128442
28.4, 8128442
28.41, 8128442
28.42, 8128442
28.43, 8128442
28.44, 8128442
28.45, 8128442
28.46, 8128442
28.47, 8128442
28.48, 8128442
28.49, 8128442
28.5, 8128442
28.51, 8128442
28.52, 8128442
28.53, 8128442
28.54, 8128442
28.55, 8128442
28.56, 8128442
28.57, 8128442
28.58, 8128442
28.59, 8128442
28.6, 8128442
28.61, 8128442
28.62, 8128442
28.63, 8128442
28.64, 8128442
28.65, 8128442
28.66, 8128442
28.67, 8128442
28.68, 8128442
28.69, 8128442
28.7, 8128442
28.71, 8128442
28.72, 8128442
28.73, 8128442
28.74, 8128442
28.75, 8128442
28.76, 8128442
28.77, 8128442
28.78, 8128442
28.79, 8128442
28.8, 8128442
28.81, 8128442
28.82, 8128442
28.83, 8128442
28.84, 8128442
28.85, 8128442
28.86, 8128442
28.87, 8128442
28.88, 8128442
28.89, 8128442
28.9, 8128442
28.91, 8128442
28.92, 8128442
28.93, 8128442
28.94, 8128442
28.95, 8128442
28.96, 8128442
28.97, 8128442
28.98, 8128442
28.99, 8128442
29.0, 8128442
29.01, 8128442
29.02, 8128442
29.03, 8128442
29.04, 8128442
29.05, 8128442
29.06, 8128442
29.07, 8128442
29.08, 8128442
29.09, 8128442
29.1, 8128442
29.11, 8128442
29.12, 8128442
29.13, 8128442
29.14, 8128442
29.15, 8128442
29.16, 8128442
29.17, 8128442
29.18, 8128442
29.19, 8128442
29.2, 8128442
29.21, 8128442
29.22, 8128442
29.23, 8128442
29.24, 8128442
29.25, 8128442
29.26, 8128442
29.27, 8128442
29.28, 8128442
29.29, 8128442
29.3, 8128442
29.31, 8128442
29.32, 8128442
29.33, 8128442
29.34, 8128442
29.35, 8128442
29.36, 8128442
29.37, 8128442
29.38, 8128442
29.39, 8128442
29.4, 8128442
29.41, 8128442
29.42, 8128442
29.43, 8128442
29.44, 8128442
29.45, 8128442
29.46, 8128442
29.47, 8128442
29.48, 8128442
29.49, 8128442
29.5, 8128442
29.51, 8128442
29.52, 8128442
29.53, 8128442
29.54, 8128442
29.55, 8128442
29.56, 8128442
29.57, 8128442
29.58, 8128442
29.59, 8128442
29.6, 8128442
29.61, 8128442
29.62, 8128442
29.63, 8128442
29.64, 8128442
29.65, 8128442
29.66, 8128442
29.67, 8128442
29.68, 8128442
29.69, 8128442
29.7, 8128442
29.71, 8128442
29.72, 8128442
29.73, 8128442
29.74, 8128442
29.75, 8128442
29.76, 8128442
29.77, 8128442
29.78, 8128442
29.79, 8128442
29.8, 8128442
29.81, 8128442
29.82, 8128442
29.83, 8128442
29.84, 8128442
29.85, 8128442
29.86, 8128442
29.87, 8128442
29.88, 8128442
29.89, 8128442
29.9, 8128442
29.91, 8128442
29.92, 8128442
29.93, 8128442
29.94, 8128442
29.95, 8128442
29.96, 8128442
29.97, 8128442
29.98, 8128442
29.99, 8128442
30.0, 8128442
30.01, 8128442
30.02, 8128442
30.03, 8128442
30.04, 8128442
30.05, 8128442
30.06, 8128442
30.07, 8128442
30.08, 8128442
30.09, 8128442
30.1, 8128442
30.11, 8128442
30.12, 8128442
30.13, 8128442
30.14, 8128442
30.15, 8128442
30.16, 8128442
30.17, 8128442
30.18, 8128442
30.19, 8128442
30.2, 8128442
30.21, 8128442
30.22, 8128442
30.23, 8128442
30.24, 8128442
30.25, 8128442
30.26, 8128442
30.27, 8128442
30.28, 8128442
30.29, 8128442
30.3, 8128442
30.31, 8128442
30.32, 8128442
30.33, 8128442
30.34, 8128442
30.35, 8128442
30.36, 8128442
30.37, 8128442
30.38, 8128442
30.39, 8128442
30.4, 8128442
30.41, 8128442
30.42, 8128442
30.43, 8128442
30.44, 8128442
30.45, 8128442
30.46, 8128442
30.47, 8128442
30.48, 8128442
30.49, 8128442
30.5, 8128442
30.51, 8128442
30.52, 8128442
30.53, 8128442
30.54, 8128442
30.55, 8128442
30.56, 8128442
30.57, 8128442
30.58, 8128442
30.59, 8128442
30.6, 8128442
30.61, 8128442
30.62, 8128442
30.63, 8128442
30.64, 8128442
30.65, 8128442
30.66, 8128442
30.67, 8128442
30.68, 8128442
30.69, 8128442
30.7, 8128442
30.71, 8128442
30.72, 8128442
30.73, 8128442
30.74, 8128442
30.75, 8128442
30.76, 8128442
30.77, 8128442
30.78, 8128442
30.79, 8128442
30.8, 8128442
30.81, 8128442
30.82, 8128442
30.83, 8128442
30.84, 8128442
30.85, 8128442
30.86, 8128442
30.87, 8128442
30.88, 8128442
30.89, 8128442
30.9, 8128442
30.91, 8128442
30.92, 8128442
30.93, 8128442
30.94, 8128442
30.95, 8128442
30.96, 8128442
30.97, 8128442
30.98, 8128442
30.99, 8128442
31.0, 8128442
31.01, 8128442
31.02, 8128442
31.03, 8128442
31.04, 8128442
31.05, 8128442
31.06, 8128442
31.07, 8128442
31.08, 8128442
31.09, 8128442
31.1, 8128442
31.11, 8128442
31.12, 8128442
31.13, 8128442
31.14, 8128442
31.15, 8128442
31.16, 8128442
31.17, 8128442
31.18, 8128442
31.19, 8128442
31.2, 8128442
31.21, 8128442
31.22, 8128442
31.23, 8128442
31.24, 8128442
31.25, 8128442
31.26, 8128442
31.27, 8128442
31.28, 8128442
31.29, 8128442
31.3, 8128442
31.31, 8128442
31.32, 8128442
31.33, 8128442
31.34, 8128442
31.35, 8128442
31.36, 8128442
31.37, 8128442
31.38, 8128442
31.39, 8128442
31.4, 8128442
31.41, 8128442
31.42, 8128442
31.43, 8128442
31.44, 8128442
31.45, 8128442
31.46, 8128442
31.47, 8128442
31.48, 8128442
31.49, 8128442
31.5, 8128442
31.51, 8128442
31.52, 8128442
31.53, 8128442
31.54, 8128442
31.55, 8128442
31.56, 8128442
31.57, 8128442
31.58, 8128442
31.59, 8128442
31.6, 8128442
31.61, 8128442
31.62, 8128442
31.63, 8128442
31.64, 8128442
31.65, 8128442
31.66, 8128442
31.67, 8128442
31.68, 8128442
31.69, 8128442
31.7, 8128442
31.71, 8128442
31.72, 8128442
31.73, 8128442
31.74, 8128442
31.75, 8128442
31.76, 8128442
31.77, 8128442
31.78, 8128442
31.79, 8128442
31.8, 8128442
31.81, 8128442
31.82, 8128442
31.83, 8128442
31.84, 8128442
31.85, 8128442
31.86, 8128442
31.87, 8128442
31.88, 8128442
31.89, 8128442
31.9, 8128442
31.91, 8128442
31.92, 8128442
31.93, 8128442
31.94, 8128442
31.95, 8128442
31.96, 8128442
31.97, 8128442
31.98, 8128442
31.99, 8128442
32.0, 8128442
32.01, 8128442
32.02, 8128442
32.03, 8128442
32.04, 8128442
32.05, 8128442
32.06, 8128442
32.07, 8128442
32.08, 8128442
32.09, 8128442
32.1, 8128442
32.11, 8128442
32.12, 8128442
32.13, 8128442
32.14, 8128442
32.15, 8128442
32.16, 8128442
32.17, 8128442
32.18, 8128442
32.19, 8128442
32.2, 8128442
32.21, 8128442
32.22, 8128442
32.23, 8128442
32.24, 8128442
32.25, 8128442
32.26, 8128442
32.27, 8128442
32.28, 8128442
32.29, 8128442
32.3, 8128442
32.31, 8128442
32.32, 8128442
32.33, 8128442
32.34, 8128442
32.35, 8128442
32.36, 8128442
32.37, 8128442
32.38, 8128442
32.39, 8128442
32.4, 8128442
32.41, 8128442
32.42, 8128442
32.43, 8128442
32.44, 8128442
32.45, 8128442
32.46, 8128442
32.47, 8128442
32.48, 8128442
32.49, 8128442
32.5, 8128442
32.51, 8128442
32.52, 8128442
32.53, 8128442
32.54, 8128442
32.55, 8128442
32.56, 8128442
32.57, 8128442
32.58, 8128442
32.59, 8128442
32.6, 8128442
32.61, 8128442
32.62, 8128442
32.63, 8128442
32.64, 8128442
32.65, 8128442
32.66, 8128442
32.67, 8128442
32.68, 8128442
32.69, 8128442
32.7, 8128442
32.71, 8128442
32.72, 8128442
32.73, 8128442
32.74, 8128442
32.75, 8128442
32.76, 8128442
32.77, 8128442
32.78, 8128442
32.79, 8128442
32.8, 8128442
32.81, 8128442
32.82, 8128442
32.83, 8128442
32.84, 8128442
32.85, 8128442
32.86, 8128442
32.87, 8128442
32.88, 8128442
32.89, 8128442
32.9, 8128442
32.91, 8128442
32.92, 8128442
32.93, 8128442
32.94, 8128442
32.95, 8128442
32.96, 8128442
32.97, 8128442
32.98, 8128442
32.99, 8128442
33.0, 8128442
33.01, 8128442
33.02, 8128442
33.03, 8128442
33.04, 8128442
33.05, 8128442
33.06, 8128442
33.07, 8128442
33.08, 8128442
33.09, 8128442
33.1, 8128442
33.11, 8128442
33.12, 8128442
33.13, 8128442
33.14, 8128442
33.15, 8128442
33.16, 8128442
33.17, 8128442
33.18, 8128442
33.19, 8128442
33.2, 8128442
33.21, 8128442
33.22, 8128442
33.23, 8128442
33.24, 8128442
33.25, 8128442
33.26, 8128442
33.27, 8128442
33.28, 8128442
33.29, 8128442
33.3, 8128442
33.31, 8128442
33.32, 8128442
33.33, 8128442
33.34, 8128442
33.35, 8128442
33.36, 8128442
33.37, 8128442
33.38, 8128442
33.39, 8128442
33.4, 8128442
33.41, 8128442
33.42, 8128442
33.43, 8128442
33.44, 8128442
33.45, 8128442
33.46, 8128442
33.47, 8128442
33.48, 8128442
33.49, 8128442
33.5, 8128442
33.51, 8128442
33.52, 8128442
33.53, 8128442
33.54, 8128442
33.55, 8128442
33.56, 8128442
33.57, 8128442
33.58, 8128442
33.59, 8128442
33.6, 8128442
33.61, 8128442
33.62, 8128442
33.63, 8128442
33.64, 8128442
33.65, 8128442
33.66, 8128442
33.67, 8128442
33.68, 8128442
33.69, 8128442
33.7, 8128442
33.71, 8128442
33.72, 8128442
33.73, 8128442
33.74, 8128442
33.75, 8128442
33.76, 8128442
33.77, 8128442
33.78, 8128442
33.79, 8128442
33.8, 8128442
33.81, 8128442
33.82, 8128442
33.83, 8128442
33.84, 8128442
33.85, 8128442
33.86, 8128442
33.87, 8128442
33.88, 8128442
33.89, 8128442
33.9, 8128442
33.91, 8128442
33.92, 8128442
33.93, 8128442
33.94, 8128442
33.95, 8128442
33.96, 8128442
33.97, 8128442
33.98, 8128442
33.99, 8128442
34.0, 8128442
34.01, 8128442
34.02, 8128442
34.03, 8128442
34.04, 8128442
34.05, 8128442
34.06, 8128442
34.07, 8128442
34.08, 8128442
34.09, 8128442
34.1, 8128442
34.11, 8128442
34.12, 8128442
34.13, 8128442
34.14, 8128442
34.15, 8128442
34.16, 8128442
34.17, 8128442
34.18, 8128442
34.19, 8128442
34.2, 8128442
34.21, 8128442
34.22, 8128442
34.23, 8128442
34.24, 8128442
34.25, 8128442
34.26, 8128442
34.27, 8128442
34.28, 8128442
34.29, 8128442
34.3, 8128442
34.31, 8128442
34.32, 8128442
34.33, 8128442
34.34, 8128442
34.35, 8128442
34.36, 8128442
34.37, 8128442
34.38, 8128442
34.39, 8128442
34.4, 8128442
34.41, 8128442
34.42, 8128442
34.43, 8128442
34.44, 8128442
34.45, 8128442
34.46, 8128442
34.47, 8128442
34.48, 8128442
34.49, 8128442
34.5, 8128442
34.51, 8128442
34.52, 8128442
34.53, 8128442
34.54, 8128442
34.55, 8128442
34.56, 8128442
34.57, 8128442
34.58, 8128442
34.59, 8128442
34.6, 8128442
34.61, 8128442
34.62, 8128442
34.63, 8128442
34.64, 8128442
34.65, 8128442
34.66, 8128442
34.67, 8128442
34.68, 8128442
34.69, 8128442
34.7, 8128442
34.71, 8128442
34.72, 8128442
34.73, 8128442
34.74, 8128442
34.75, 8128442
34.76, 8128442
34.77, 8128442
34.78, 8128442
34.79, 8128442
34.8, 8128442
34.81, 8128442
34.82, 8128442
34.83, 8128442
34.84, 8128442
34.85, 8128442
34.86, 8128442
34.87, 8128442
34.88, 8128442
34.89, 8128442
34.9, 8128442
34.91, 8128442
34.92, 8128442
34.93, 8128442
34.94, 8128442
34.95, 8128442
34.96, 8128442
34.97, 8128442
34.98, 8128442
34.99, 8128442
35.0, 8128442
35.01, 8128442
35.02, 8128442
35.03, 8128442
35.04, 8128442
35.05, 8128442
35.06, 8128442
35.07, 8128442
35.08, 8128442
35.09, 8128442
35.1, 8128442
35.11, 8128442
35.12, 8128442
35.13, 8128442
35.14, 8128442
35.15, 8128442
35.16, 8128442
35.17, 8128442
35.18, 8128442
35.19, 8128442
35.2, 8128442
35.21, 8128442
35.22, 8128442
35.23, 8128442
35.24, 8128442
35.25, 8128442
35.26, 8128442
35.27, 8128442
35.28, 8128442
35.29, 8128442
35.3, 8128442
35.31, 8128442
35.32, 8128442
35.33, 8128442
35.34, 8128442
35.35, 8128442
35.36, 8128442
35.37, 8128442
35.38, 8128442
35.39, 8128442
35.4, 8128442
35.41, 8128442
35.42, 8128442
35.43, 8128442
35.44, 8128442
35.45, 8128442
35.46, 8128442
35.47, 8128442
35.48, 8128442
35.49, 8128442
35.5, 8128442
35.51, 8128442
35.52, 8128442
35.53, 8128442
35.54, 8128442
35.55, 8128442
35.56, 8128442
35.57, 8128442
35.58, 8128442
35.59, 8128442
35.6, 8128442
35.61, 8128442
35.62, 8128442
35.63, 8128442
35.64, 8128442
35.65, 8128442
35.66, 8128442
35.67, 8128442
35.68, 8128442
35.69, 8128442
35.7, 8128442
35.71, 8128442
35.72, 8128442
35.73, 8128442
35.74, 8128442
35.75, 8128442
35.76, 8128442
35.77, 8128442
35.78, 8128442
35.79, 8128442
35.8, 8128442
35.81, 8128442
35.82, 8128442
35.83, 8128442
35.84, 8128442
35.85, 8128442
35.86, 8128442
35.87, 8128442
35.88, 8128442
35.89, 8128442
35.9, 8128442
35.91, 8128442
35.92, 8128442
35.93, 8128442
35.94, 8128442
35.95, 8128442
35.96, 8128442
35.97, 8128442
35.98, 8128442
35.99, 8128442
36.0, 8128442
36.01, 8128442
36.02, 8128442
36.03, 8128442
36.04, 8128442
36.05, 8128442
36.06, 8128442
36.07, 8128442
36.08, 8128442
36.09, 8128442
36.1, 8128442
36.11, 8128442
36.12, 8128442
36.13, 8128442
36.14, 8128442
36.15, 8128442
36.16, 8128442
36.17, 8128442
36.18, 8128442
36.19, 8128442
36.2, 8128442
36.21, 8128442
36.22, 8128442
36.23, 8128442
36.24, 8128442
36.25, 8128442
36.26, 8128442
36.27, 8128442
36.28, 8128442
36.29, 8128442
36.3, 8128442
36.31, 8128442
36.32, 8128442
36.33, 8128442
36.34, 8128442
36.35, 8128442
36.36, 8128442
36.37, 8128442
36.38, 8128442
36.39, 8128442
36.4, 8128442
36.41, 8128442
36.42, 8128442
36.43, 8128442
36.44, 8128442
36.45, 8128442
36.46, 8128442
36.47, 8128442
36.48, 8128442
36.49, 8128442
36.5, 8128442
36.51, 8128442
36.52, 8128442
36.53, 8128442
36.54, 8128442
36.55, 8128442
36.56, 8128442
36.57, 8128442
36.58, 8128442
36.59, 8128442
36.6, 8128442
36.61, 8128442
36.62, 8128442
36.63, 8128442
36.64, 8128442
36.65, 8128442
36.66, 8128442
36.67, 8128442
36.68, 8128442
36.69, 8128442
36.7, 8128442
36.71, 8128442
36.72, 8128442
36.73, 8128442
36.74, 8128442
36.75, 8128442
36.76, 8128442
36.77, 8128442
36.78, 8128442
36.79, 8128442
36.8, 8128442
36.81, 8128442
36.82, 8128442
36.83, 8128442
36.84, 8128442
36.85, 8128442
36.86, 8128442
36.87, 8128442
36.88, 8128442
36.89, 8128442
36.9, 8128442
36.91, 8128442
36.92, 8128442
36.93, 8128442
36.94, 8128442
36.95, 8128442
36.96, 8128442
36.97, 8128442
36.98, 8128442
36.99, 8128442
37.0, 8128442
37.01, 8128442
37.02, 8128442
37.03, 8128442
37.04, 8128442
37.05, 8128442
37.06, 8128442
37.07, 8128442
37.08, 8128442
37.09, 8128442
37.1, 8128442
37.11, 8128442
37.12, 8128442
37.13, 8128442
37.14, 8128442
37.15, 8128442
37.16, 8128442
37.17, 8128442
37.18, 8128442
37.19, 8128442
37.2, 8128442
37.21, 8128442
37.22, 8128442
37.23, 8128442
37.24, 8128442
37.25, 8128442
37.26, 8128442
37.27, 8128442
37.28, 8128442
37.29, 8128442
37.3, 8128442
37.31, 8128442
37.32, 8128442
37.33, 8128442
37.34, 8128442
37.35, 8128442
37.36, 8128442
37.37, 8128442
37.38, 8128442
37.39, 8128442
37.4, 8128442
37.41, 8128442
37.42, 8128442
37.43, 8128442
37.44, 8128442
37.45, 8128442
37.46, 8128442
37.47, 8128442
37.48, 8128442
37.49, 8128442
37.5, 8128442
37.51, 8128442
37.52, 8128442
37.53, 8128442
37.54, 8128442
37.55, 8128442
37.56, 8128442
37.57, 8128442
37.58, 8128442
37.59, 8128442
37.6, 8128442
37.61, 8128442
37.62, 8128442
37.63, 8128442
37.64, 8128442
37.65, 8128442
37.66, 8128442
37.67, 8128442
37.68, 8128442
37.69, 8128442
37.7, 8128442
37.71, 8128442
37.72, 8128442
37.73, 8128442
37.74, 8128442
37.75, 8128442
37.76, 8128442
37.77, 8128442
37.78, 8128442
37.79, 8128442
37.8, 8128442
37.81, 8128442
37.82, 8128442
37.83, 8128442
37.84, 8128442
37.85, 8128442
37.86, 8128442
37.87, 8128442
37.88, 8128442
37.89, 8128442
37.9, 8128442
37.91, 8128442
37.92, 8128442
37.93, 8128442
37.94, 8128442
37.95, 8128442
37.96, 8128442
37.97, 8128442
37.98, 8128442
37.99, 8128442
38.0, 8128442
38.01, 8128442
38.02, 8128442
38.03, 8128442
38.04, 8128442
38.05, 8128442
38.06, 8128442
38.07, 8128442
38.08, 8128442
38.09, 8128442
38.1, 8128442
38.11, 8128442
38.12, 8128442
38.13, 8128442
38.14, 8128442
38.15, 8128442
38.16, 8128442
38.17, 8128442
38.18, 8128442
38.19, 8128442
38.2, 8128442
38.21, 8128442
38.22, 8128442
38.23, 8128442
38.24, 8128442
38.25, 8128442
38.26, 8128442
38.27, 8128442
38.28, 8128442
38.29, 8128442
38.3, 8128442
38.31, 8128442
38.32, 8128442
38.33, 8128442
38.34, 8128442
38.35, 8128442
38.36, 8128442
38.37, 8128442
38.38, 8128442
38.39, 8128442
38.4, 8128442
38.41, 8128442
38.42, 8128442
38.43, 8128442
38.44, 8128442
38.45, 8128442
38.46, 8128442
38.47, 8128442
38.48, 8128442
38.49, 8128442
38.5, 8128442
38.51, 8128442
38.52, 8128442
38.53, 8128442
38.54, 8128442
38.55, 8128442
38.56, 8128442
38.57, 8128442
38.58, 8128442
38.59, 8128442
38.6, 8128442
38.61, 8128442
38.62, 8128442
38.63, 8128442
38.64, 8128442
38.65, 8128442
38.66, 8128442
38.67, 8128442
38.68, 8128442
38.69, 8128442
38.7, 8128442
38.71, 8128442
38.72, 8128442
38.73, 8128442
38.74, 8128442
38.75, 8128442
38.76, 8128442
38.77, 8128442
38.78, 8128442
38.79, 8128442
38.8, 8128442
38.81, 8128442
38.82, 8128442
38.83, 8128442
38.84, 8128442
38.85, 8128442
38.86, 8128442
38.87, 8128442
38.88, 8128442
38.89, 8128442
38.9, 8128442
38.91, 8128442
38.92, 8128442
38.93, 8128442
38.94, 8128442
38.95, 8128442
38.96, 8128442
38.97, 8128442
38.98, 8128442
38.99, 8128442
39.0, 8128442
39.01, 8128442
39.02, 8128442
39.03, 8128442
39.04, 8128442
39.05, 8128442
39.06, 8128442
39.07, 8128442
39.08, 8128442
39.09, 8128442
39.1, 8128442
39.11, 8128442
39.12, 8128442
39.13, 8128442
39.14, 8128442
39.15, 8128442
39.16, 8128442
39.17, 8128442
39.18, 8128442
39.19, 8128442
39.2, 8128442
39.21, 8128442
39.22, 8128442
39.23, 8128442
39.24, 8128442
39.25, 8128442
39.26, 8128442
39.27, 8128442
39.28, 8128442
39.29, 8128442
39.3, 8128442
39.31, 8128442
39.32, 8128442
39.33, 8128442
39.34, 8128442
39.35, 8128442
39.36, 8128442
39.37, 8128442
39.38, 8128442
39.39, 8128442
39.4, 8128442
39.41, 8128442
39.42, 8128442
39.43, 8128442
39.44, 8128442
39.45, 8128442
39.46, 8128442
39.47, 8128442
39.48, 8128442
39.49, 8128442
39.5, 8128442
39.51, 8128442
39.52, 8128442
39.53, 8128442
39.54, 8128442
39.55, 8128442
39.56, 8128442
39.57, 8128442
39.58, 8128442
39.59, 8128442
39.6, 8128442
39.61, 8128442
39.62, 8128442
39.63, 8128442
39.64, 8128442
39.65, 8128442
39.66, 8128442
39.67, 8128442
39.68, 8128442
39.69, 8128442
39.7, 8128442
39.71, 8128442
39.72, 8128442
39.73, 8128442
39.74, 8128442
39.75, 8128442
39.76, 8128442
39.77, 8128442
39.78, 8128442
39.79, 8128442
39.8, 8128442
39.81, 8128442
39.82, 8128442
39.83, 8128442
39.84, 8128442
39.85, 8128442
39.86, 8128442
39.87, 8128442
39.88, 8128442
39.89, 8128442
39.9, 8128442
39.91, 8128442
39.92, 8128442
39.93, 8128442
39.94, 8128442
39.95, 8128442
39.96, 8128442
39.97, 8128442
39.98, 8128442
39.99, 8128442
40.0, 8128442
40.01, 8128442
40.02, 8128442
40.03, 8128442
40.04, 8128442
40.05, 8128442
40.06, 8128442
40.07, 8128442
40.08, 8128442
40.09, 8128442
40.1, 8128442
40.11, 8128442
40.12, 8128442
40.13, 8128442
40.14, 8128442
40.15, 8128442
40.16, 8128442
40.17, 8128442
40.18, 8128442
40.19, 8128442
40.2, 8128442
40.21, 8128442
40.22, 8128442
40.23, 8128442
40.24, 8128442
40.25, 8128442
40.26, 8128442
40.27, 8128442
40.28, 8128442
40.29, 8128442
40.3, 8128442
40.31, 8128442
40.32, 8128442
40.33, 8128442
40.34, 8128442
40.35, 8128442
40.36, 8128442
40.37, 8128442
40.38, 8128442
40.39, 8128442
40.4, 8128442
40.41, 8128442
40.42, 8128442
40.43, 8128442
40.44, 8128442
40.45, 8128442
40.46, 8128442
40.47, 8128442
40.48, 8128442
40.49, 8128442
40.5, 8128442
40.51, 8128442
40.52, 8128442
40.53, 8128442
40.54, 8128442
40.55, 8128442
40.56, 8128442
40.57, 8128442
40.58, 8128442
40.59, 8128442
40.6, 8128442
40.61, 8128442
40.62, 8128442
40.63, 8128442
40.64, 8128442
40.65, 8128442
40.66, 8128442
40.67, 8128442
40.68, 8128442
40.69, 8128442
40.7, 8128442
40.71, 8128442
40.72, 8128442
40.73, 8128442
40.74, 8128442
40.75, 8128442
40.76, 8128442
40.77, 8128442
40.78, 8128442
40.79, 8128442
40.8, 8128442
40.81, 8128442
40.82, 8128442
40.83, 8128442
40.84, 8128442
40.85, 8128442
40.86, 8128442
40.87, 8128442
40.88, 8128442
40.89, 8128442
40.9, 8128442
40.91, 8128442
40.92, 8128442
40.93, 8128442
40.94, 8128442
40.95, 8128442
40.96, 8128442
40.97, 8128442
40.98, 8128442
40.99, 8128442
41.0, 8128442
41.01, 8128442
41.02, 8128442
41.03, 8128442
41.04, 8128442
41.05, 8128442
41.06, 8128442
41.07, 8128442
41.08, 8128442
41.09, 8128442
41.1, 8128442
41.11, 8128442
41.12, 8128442
41.13, 8128442
41.14, 8128442
41.15, 8128442
41.16, 8128442
41.17, 8128442
41.18, 8128442
41.19, 8128442
41.2, 8128442
41.21, 8128442
41.22, 8128442
41.23, 8128442
41.24, 8128442
41.25, 8128442
41.26, 8128442
41.27, 8128442
41.28, 8128442
41.29, 8128442
41.3, 8128442
41.31, 8128442
41.32, 8128442
41.33, 8128442
41.34, 8128442
41.35, 8128442
41.36, 8128442
41.37, 8128442
41.38, 8128442
41.39, 8128442
41.4, 8128442
41.41, 8128442
41.42, 8128442
41.43, 8128442
41.44, 8128442
41.45, 8128442
41.46, 8128442
41.47, 8128442
41.48, 8128442
41.49, 8128442
41.5, 8128442
41.51, 8128442
41.52, 8128442
41.53, 8128442
41.54, 8128442
41.55, 8128442
41.56, 8128442
41.57, 8128442
41.58, 8128442
41.59, 8128442
41.6, 8128442
41.61, 8128442
41.62, 8128442
41.63, 8128442
41.64, 8128442
41.65, 8128442
41.66, 8128442
41.67, 8128442
41.68, 8128442
41.69, 8128442
41.7, 8128442
41.71, 8128442
41.72, 8128442
41.73, 8128442
41.74, 8128442
41.75, 8128442
41.76, 8128442
41.77, 8128442
41.78, 8128442
41.79, 8128442
41.8, 8128442
41.81, 8128442
41.82, 8128442
41.83, 8128442
41.84, 8128442
41.85, 8128442
41.86, 8128442
41.87, 8128442
41.88, 8128442
41.89, 8128442
41.9, 8128442
41.91, 8128442
41.92, 8128442
41.93, 8128442
41.94, 8128442
41.95, 8128442
41.96, 8128442
41.97, 8128442
41.98, 8128442
41.99, 8128442
42.0, 8128442
42.01, 8128442
42.02, 8128442
42.03, 8128442
42.04, 8128442
42.05, 8128442
42.06, 8128442
42.07, 8128442
42.08, 8128442
42.09, 8128442
42.1, 8128442
42.11, 8128442
42.12, 8128442
42.13, 8128442
42.14, 8128442
42.15, 8128442
42.16, 8128442
42.17, 8128442
42.18, 8128442
42.19, 8128442
42.2, 8128442
42.21, 8128442
42.22, 8128442
42.23, 8128442
42.24, 8128442
42.25, 8128442
42.26, 8128442
42.27, 8128442
42.28, 8128442
42.29, 8128442
42.3, 8128442
42.31, 8128442
42.32, 8128442
42.33, 8128442
42.34, 8128442
42.35, 8128442
42.36, 8128442
42.37, 8128442
42.38, 8128442
42.39, 8128442
42.4, 8128442
42.41, 8128442
42.42, 8128442
42.43, 8128442
42.44, 8128442
42.45, 8128442
42.46, 8128442
42.47, 8128442
42.48, 8128442
42.49, 8128442
42.5, 8128442
42.51, 8128442
42.52, 8128442
42.53, 8128442
42.54, 8128442
42.55, 8128442
42.56, 8128442
42.57, 8128442
42.58, 8128442
42.59, 8128442
42.6, 8128442
42.61, 8128442
42.62, 8128442
42.63, 8128442
42.64, 8128442
42.65, 8128442
42.66, 8128442
42.67, 8128442
42.68, 8128442
42.69, 8128442
42.7, 8128442
42.71, 8128442
42.72, 8128442
42.73, 8128442
42.74, 8128442
42.75, 8128442
42.76, 8128442
42.77, 8128442
42.78, 8128442
42.79, 8128442
42.8, 8128442
42.81, 8128442
42.82, 8128442
42.83, 8128442
42.84, 8128442
42.85, 8128442
42.86, 8128442
42.87, 8128442
42.88, 8128442
42.89, 8128442
42.9, 8128442
42.91, 8128442
42.92, 8128442
42.93, 8128442
42.94, 8128442
42.95, 8128442
42.96, 8128442
42.97, 8128442
42.98, 8128442
42.99, 8128442
43.0, 8128442
43.01, 8128442
43.02, 8128442
43.03, 8128442
43.04, 8128442
43.05, 8128442
43.06, 8128442
43.07, 8128442
43.08, 8128442
43.09, 8128442
43.1, 8128442
43.11, 8128442
43.12, 8128442
43.13, 8128442
43.14, 8128442
43.15, 8128442
43.16, 8128442
43.17, 8128442
43.18, 8128442
43.19, 8128442
43.2, 8128442
43.21, 8128442
43.22, 8128442
43.23, 8128442
43.24, 8128442
43.25, 8128442
43.26, 8128442
43.27, 8128442
43.28, 8128442
43.29, 8128442
43.3, 8128442
43.31, 8128442
43.32, 8128442
43.33, 8128442
43.34, 8128442
43.35, 8128442
43.36, 8128442
43.37, 8128442
43.38, 8128442
43.39, 8128442
43.4, 8128442
43.41, 8128442
43.42, 8128442
43.43, 8128442
43.44, 8128442
43.45, 8128442
43.46, 8128442
43.47, 8128442
43.48, 8128442
43.49, 8128442
43.5, 8128442
43.51, 8128442
43.52, 8128442
43.53, 8128442
43.54, 8128442
43.55, 8128442
43.56, 8128442
43.57, 8128442
43.58, 8128442
43.59, 8128442
43.6, 8128442
43.61, 8128442
43.62, 8128442
43.63, 8128442
43.64, 8128442
43.65, 8128442
43.66, 8128442
43.67, 8128442
43.68, 8128442
43.69, 8128442
43.7, 8128442
43.71, 8128442
43.72, 8128442
43.73, 8128442
43.74, 8128442
43.75, 8128442
43.76, 8128442
43.77, 8128442
43.78, 8128442
43.79, 8128442
43.8, 8128442
43.81, 8128442
43.82, 8128442
43.83, 8128442
43.84, 8128442
43.85, 8128442
43.86, 8128442
43.87, 8128442
43.88, 8128442
43.89, 8128442
43.9, 8128442
43.91, 8128442
43.92, 8128442
43.93, 8128442
43.94, 8128442
43.95, 8128442
43.96, 8128442
43.97, 8128442
43.98, 8128442
43.99, 8128442
44.0, 8128442
44.01, 8128442
44.02, 8128442
44.03, 8128442
44.04, 8128442
44.05, 8128442
44.06, 8128442
44.07, 8128442
44.08, 8128442
44.09, 8128442
44.1, 8128442
44.11, 8128442
44.12, 8128442
44.13, 8128442
44.14, 8128442
44.15, 8128442
44.16, 8128442
44.17, 8128442
44.18, 8128442
44.19, 8128442
44.2, 8128442
44.21, 8128442
44.22, 8128442
44.23, 8128442
44.24, 8128442
44.25, 8128442
44.26, 8128442
44.27, 8128442
44.28, 8128442
44.29, 8128442
44.3, 8128442
44.31, 8128442
44.32, 8128442
44.33, 8128442
44.34, 8128442
44.35, 8128442
44.36, 8128442
44.37, 8128442
44.38, 8128442
44.39, 8128442
44.4, 8128442
44.41, 8128442
44.42, 8128442
44.43, 8128442
44.44, 8128442
44.45, 8128442
44.46, 8128442
44.47, 8128442
44.48, 8128442
44.49, 8128442
44.5, 8128442
44.51, 8128442
44.52, 8128442
44.53, 8128442
44.54, 8128442
44.55, 8128442
44.56, 8128442
44.57, 8128442
44.58, 8128442
44.59, 8128442
44.6, 8128442
44.61, 8128442
44.62, 8128442
44.63, 8128442
44.64, 8128442
44.65, 8128442
44.66, 8128442
44.67, 8128442
44.68, 8128442
44.69, 8128442
44.7, 8128442
44.71, 8128442
44.72, 8128442
44.73, 8128442
44.74, 8128442
44.75, 8128442
44.76, 8128442
44.77, 8128442
44.78, 8128442
44.79, 8128442
44.8, 8128442
44.81, 8128442
44.82, 8128442
44.83, 8128442
44.84, 8128442
44.85, 8128442
44.86, 8128442
44.87, 8128442
44.88, 8128442
44.89, 8128442
44.9, 8128442
44.91, 8128442
44.92, 8128442
44.93, 8128442
44.94, 8128442
44.95, 8128442
44.96, 8128442
44.97, 8128442
44.98, 8128442
44.99, 8128442
45.0, 8128442
45.01, 8128442
45.02, 8128442
45.03, 8128442
45.04, 8128442
45.05, 8128442
45.06, 8128442
45.07, 8128442
45.08, 8128442
45.09, 8128442
45.1, 8128442
45.11, 8128442
45.12, 8128442
45.13, 8128442
45.14, 8128442
45.15, 8128442
45.16, 8128442
45.17, 8128442
45.18, 8128442
45.19, 8128442
45.2, 8128442
45.21, 8128442
45.22, 8128442
45.23, 8128442
45.24, 8128442
45.25, 8128442
45.26, 8128442
45.27, 8128442
45.28, 8128442
45.29, 8128442
45.3, 8128442
45.31, 8128442
45.32, 8128442
45.33, 8128442
45.34, 8128442
45.35, 8128442
45.36, 8128442
45.37, 8128442
45.38, 8128442
45.39, 8128442
45.4, 8128442
45.41, 8128442
45.42, 8128442
45.43, 8128442
45.44, 8128442
45.45, 8128442
45.46, 8128442
45.47, 8128442
45.48, 8128442
45.49, 8128442
45.5, 8128442
45.51, 8128442
45.52, 8128442
45.53, 8128442
45.54, 8128442
45.55, 8128442
45.56, 8128442
45.57, 8128442
45.58, 8128442
45.59, 8128442
45.6, 8128442
45.61, 8128442
45.62, 8128442
45.63, 8128442
45.64, 8128442
45.65, 8128442
45.66, 8128442
45.67, 8128442
45.68, 8128442
45.69, 8128442
45.7, 8128442
45.71, 8128442
45.72, 8128442
45.73, 8128442
45.74, 8128442
45.75, 8128442
45.76, 8128442
45.77, 8128442
45.78, 8128442
45.79, 8128442
45.8, 8128442
45.81, 8128442
45.82, 8128442
45.83, 8128442
45.84, 8128442
45.85, 8128442
45.86, 8128442
45.87, 8128442
45.88, 8128442
45.89, 8128442
45.9, 8128442
45.91, 8128442
45.92, 8128442
45.93, 8128442
45.94, 8128442
45.95, 8128442
45.96, 8128442
45.97, 8128442
45.98, 8128442
45.99, 8128442
46.0, 8128442
46.01, 8128442
46.02, 8128442
46.03, 8128442
46.04, 8128442
46.05, 8128442
46.06, 8128442
46.07, 8128442
46.08, 8128442
46.09, 8128442
46.1, 8128442
46.11, 8128442
46.12, 8128442
46.13, 8128442
46.14, 8128442
46.15, 8128442
46.16, 8128442
46.17, 8128442
46.18, 8128442
46.19, 8128442
46.2, 8128442
46.21, 8128442
46.22, 8128442
46.23, 8128442
46.24, 8128442
46.25, 8128442
46.26, 8128442
46.27, 8128442
46.28, 8128442
46.29, 8128442
46.3, 8128442
46.31, 8128442
46.32, 8128442
46.33, 8128442
46.34, 8128442
46.35, 8128442
46.36, 8128442
46.37, 8128442
46.38, 8128442
46.39, 8128442
46.4, 8128442
46.41, 8128442
46.42, 8128442
46.43, 8128442
46.44, 8128442
46.45, 8128442
46.46, 8128442
46.47, 8128442
46.48, 8128442
46.49, 8128442
46.5, 8128442
46.51, 8128442
46.52, 8128442
46.53, 8128442
46.54, 8128442
46.55, 8128442
46.56, 8128442
46.57, 8128442
46.58, 8128442
46.59, 8128442
46.6, 8128442
46.61, 8128442
46.62, 8128442
46.63, 8128442
46.64, 8128442
46.65, 8128442
46.66, 8128442
46.67, 8128442
46.68, 8128442
46.69, 8128442
46.7, 8128442
46.71, 8128442
46.72, 8128442
46.73, 8128442
46.74, 8128442
46.75, 8128442
46.76, 8128442
46.77, 8128442
46.78, 8128442
46.79, 8128442
46.8, 8128442
46.81, 8128442
46.82, 8128442
46.83, 8128442
46.84, 8128442
46.85, 8128442
46.86, 8128442
46.87, 8128442
46.88, 8128442
46.89, 8128442
46.9, 8128442
46.91, 8128442
46.92, 8128442
46.93, 8128442
46.94, 8128442
46.95, 8128442
46.96, 8128442
46.97, 8128442
46.98, 8128442
46.99, 8128442
47.0, 8128442
47.01, 8128442
47.02, 8128442
47.03, 8128442
47.04, 8128442
47.05, 8128442
47.06, 8128442
47.07, 8128442
47.08, 8128442
47.09, 8128442
47.1, 8128442
47.11, 8128442
47.12, 8128442
47.13, 8128442
47.14, 8128442
47.15, 8128442
47.16, 8128442
47.17, 8128442
47.18, 8128442
47.19, 8128442
47.2, 8128442
47.21, 8128442
47.22, 8128442
47.23, 8128442
47.24, 8128442
47.25, 8128442
47.26, 8128442
47.27, 8128442
47.28, 8128442
47.29, 8128442
47.3, 8128442
47.31, 8128442
47.32, 8128442
47.33, 8128442
47.34, 8128442
47.35, 8128442
47.36, 8128442
47.37, 8128442
47.38, 8128442
47.39, 8128442
47.4, 8128442
47.41, 8128442
47.42, 8128442
47.43, 8128442
47.44, 8128442
47.45, 8128442
47.46, 8128442
47.47, 8128442
47.48, 8128442
47.49, 8128442
47.5, 8128442
47.51, 8128442
47.52, 8128442
47.53, 8128442
47.54, 8128442
47.55, 8128442
47.56, 8128442
47.57, 8128442
47.58, 8128442
47.59, 8128442
47.6, 8128442
47.61, 8128442
47.62, 8128442
47.63, 8128442
47.64, 8128442
47.65, 8128442
47.66, 8128442
47.67, 8128442
47.68, 8128442
47.69, 8128442
47.7, 8128442
47.71, 8128442
47.72, 8128442
47.73, 8128442
47.74, 8128442
47.75, 8128442
47.76, 8128442
47.77, 8128442
47.78, 8128442
47.79, 8128442
47.8, 8128442
47.81, 8128442
47.82, 8128442
47.83, 8128442
47.84, 8128442
47.85, 8128442
47.86, 8128442
47.87, 8128442
47.88, 8128442
47.89, 8128442
47.9, 8128442
47.91, 8128442
47.92, 8128442
47.93, 8128442
47.94, 8128442
47.95, 8128442
47.96, 8128442
47.97, 8128442
47.98, 8128442
47.99, 8128442
48.0, 8128442
48.01, 8128442
48.02, 8128442
48.03, 8128442
48.04, 8128442
48.05, 8128442
48.06, 8128442
48.07, 8128442
48.08, 8128442
48.09, 8128442
48.1, 8128442
48.11, 8128442
48.12, 8128442
48.13, 8128442
48.14, 8128442
48.15, 8128442
48.16, 8128442
48.17, 8128442
48.18, 8128442
48.19, 8128442
48.2, 8128442
48.21, 8128442
48.22, 8128442
48.23, 8128442
48.24, 8128442
48.25, 8128442
48.26, 8128442
48.27, 8128442
48.28, 8128442
48.29, 8128442
48.3, 8128442
48.31, 8128442
48.32, 8128442
48.33, 8128442
48.34, 8128442
48.35, 8128442
48.36, 8128442
48.37, 8128442
48.38, 8128442
48.39, 8128442
48.4, 8128442
48.41, 8128442
48.42, 8128442
48.43, 8128442
48.44, 8128442
48.45, 8128442
48.46, 8128442
48.47, 8128442
48.48, 8128442
48.49, 8128442
48.5, 8128442
48.51, 8128442
48.52, 8128442
48.53, 8128442
48.54, 8128442
48.55, 8128442
48.56, 8128442
48.57, 8128442
48.58, 8128442
48.59, 8128442
48.6, 8128442
48.61, 8128442
48.62, 8128442
48.63, 8128442
48.64, 8128442
48.65, 8128442
48.66, 8128442
48.67, 8128442
48.68, 8128442
48.69, 8128442
48.7, 8128442
48.71, 8128442
48.72, 8128442
48.73, 8128442
48.74, 8128442
48.75, 8128442
48.76, 8128442
48.77, 8128442
48.78, 8128442
48.79, 8128442
48.8, 8128442
48.81, 8128442
48.82, 8128442
48.83, 8128442
48.84, 8128442
48.85, 8128442
48.86, 8128442
48.87, 8128442
48.88, 8128442
48.89, 8128442
48.9, 8128442
48.91, 8128442
48.92, 8128442
48.93, 8128442
48.94, 8128442
48.95, 8128442
48.96, 8128442
48.97, 8128442
48.98, 8128442
48.99, 8128442
49.0, 8128442
49.01, 8128442
49.02, 8128442
49.03, 8128442
49.04, 8128442
49.05, 8128442
49.06, 8128442
49.07, 8128442
49.08, 8128442
49.09, 8128442
49.1, 8128442
49.11, 8128442
49.12, 8128442
49.13, 8128442
49.14, 8128442
49.15, 8128442
49.16, 8128442
49.17, 8128442
49.18, 8128442
49.19, 8128442
49.2, 8128442
49.21, 8128442
49.22, 8128442
49.23, 8128442
49.24, 8128442
49.25, 8128442
49.26, 8128442
49.27, 8128442
49.28, 8128442
49.29, 8128442
49.3, 8128442
49.31, 8128442
49.32, 8128442
49.33, 8128442
49.34, 8128442
49.35, 8128442
49.36, 8128442
49.37, 8128442
49.38, 8128442
49.39, 8128442
49.4, 8128442
49.41, 8128442
49.42, 8128442
49.43, 8128442
49.44, 8128442
49.45, 8128442
49.46, 8128442
49.47, 8128442
49.48, 8128442
49.49, 8128442
49.5, 8128442
49.51, 8128442
49.52, 8128442
49.53, 8128442
49.54, 8128442
49.55, 8128442
49.56, 8128442
49.57, 8128442
49.58, 8128442
49.59, 8128442
49.6, 8128442
49.61, 8128442
49.62, 8128442
49.63, 8128442
49.64, 8128442
49.65, 8128442
49.66, 8128442
49.67, 8128442
49.68, 8128442
49.69, 8128442
49.7, 8128442
49.71, 8128442
49.72, 8128442
49.73, 8128442
49.74, 8128442
49.75, 8128442
49.76, 8128442
49.77, 8128442
49.78, 8128442
49.79, 8128442
49.8, 8128442
49.81, 8128442
49.82, 8128442
49.83, 8128442
49.84, 8128442
49.85, 8128442
49.86, 8128442
49.87, 8128442
49.88, 8128442
49.89, 8128442
49.9, 8128442
49.91, 8128442
49.92, 8128442
49.93, 8128442
49.94, 8128442
49.95, 8128442
49.96, 8128442
49.97, 8128442
49.98, 8128442
49.99, 8128442
50.0, 8128442
50.01, 8128442
50.02, 8128442
50.03, 8128442
50.04, 8128442
50.05, 8128442
50.06, 8128442
50.07, 8128442
50.08, 8128442
50.09, 8128442
50.1, 8128442
50.11, 8128442
50.12, 8128442
50.13, 8128442
50.14, 8128442
50.15, 8128442
50.16, 8128442
50.17, 8128442
50.18, 8128442
50.19, 8128442
50.2, 8128442
50.21, 8128442
50.22, 8128442
50.23, 8128442
50.24, 8128442
50.25, 8128442
50.26, 8128442
50.27, 8128442
50.28, 8128442
50.29, 8128442
50.3, 8128442
50.31, 8128442
50.32, 8128442
50.33, 8128442
50.34, 8128442
50.35, 8128442
50.36, 8128442
50.37, 8128442
50.38, 8128442
50.39, 8128442
50.4, 8128442
50.41, 8128442
50.42, 8128442
50.43, 8128442
50.44, 8128442
50.45, 8128442
50.46, 8128442
50.47, 8128442
50.48, 8128442
50.49, 8128442
50.5, 8128442
50.51, 8128442
50.52, 8128442
50.53, 8128442
50.54, 8128442
50.55, 8128442
50.56, 8128442
50.57, 8128442
50.58, 8128442
50.59, 8128442
50.6, 8128442
50.61, 8128442
50.62, 8128442
50.63, 8128442
50.64, 8128442
50.65, 8128442
50.66, 8128442
50.67, 8128442
50.68, 8128442
50.69, 8128442
50.7, 8128442
50.71, 8128442
50.72, 8128442
50.73, 8128442
50.74, 8128442
50.75, 8128442
50.76, 8128442
50.77, 8128442
50.78, 8128442
50.79, 8128442
50.8, 8128442
50.81, 8128442
50.82, 8128442
50.83, 8128442
50.84, 8128442
50.85, 8128442
50.86, 8128442
50.87, 8128442
50.88, 8128442
50.89, 8128442
50.9, 8128442
50.91, 8128442
50.92, 8128442
50.93, 8128442
50.94, 8128442
50.95, 8128442
50.96, 8128442
50.97, 8128442
50.98, 8128442
50.99, 8128442
51.0, 8128442
51.01, 8128442
51.02, 8128442
51.03, 8128442
51.04, 8128442
51.05, 8128442
51.06, 8128442
51.07, 8128442
51.08, 8128442
51.09, 8128442
51.1, 8128442
51.11, 8128442
51.12, 8128442
51.13, 8128442
51.14, 8128442
51.15, 8128442
51.16, 8128442
51.17, 8128442
51.18, 8128442
51.19, 8128442
51.2, 8128442
51.21, 8128442
51.22, 8128442
51.23, 8128442
51.24, 8128442
51.25, 8128442
51.26, 8128442
51.27, 8128442
51.28, 8128442
51.29, 8128442
51.3, 8128442
51.31, 8128442
51.32, 8128442
51.33, 8128442
51.34, 8128442
51.35, 8128442
51.36, 8128442
51.37, 8128442
51.38, 8128442
51.39, 8128442
51.4, 8128442
51.41, 8128442
51.42, 8128442
51.43, 8128442
51.44, 8128442
51.45, 8128442
51.46, 8128442
51.47, 8128442
51.48, 8128442
51.49, 8128442
51.5, 8128442
51.51, 8128442
51.52, 8128442
51.53, 8128442
51.54, 8128442
51.55, 8128442
51.56, 8128442
51.57, 8128442
51.58, 8128442
51.59, 8128442
51.6, 8128442
51.61, 8128442
51.62, 8128442
51.63, 8128442
51.64, 8128442
51.65, 8128442
51.66, 8128442
51.67, 8128442
51.68, 8128442
51.69, 8128442
51.7, 8128442
51.71, 8128442
51.72, 8128442
51.73, 8128442
51.74, 8128442
51.75, 8128442
51.76, 8128442
51.77, 8128442
51.78, 8128442
51.79, 8128442
51.8, 8128442
51.81, 8128442
51.82, 8128442
51.83, 8128442
51.84, 8128442
51.85, 8128442
51.86, 8128442
51.87, 8128442
51.88, 8128442
51.89, 8128442
51.9, 8128442
51.91, 8128442
51.92, 8128442
51.93, 8128442
51.94, 8128442
51.95, 8128442
51.96, 8128442
51.97, 8128442
51.98, 8128442
51.99, 8128442
52.0, 8128442
52.01, 8128442
52.02, 8128442
52.03, 8128442
52.04, 8128442
52.05, 8128442
52.06, 8128442
52.07, 8128442
52.08, 8128442
52.09, 8128442
52.1, 8128442
52.11, 8128442
52.12, 8128442
52.13, 8128442
52.14, 8128442
52.15, 8128442
52.16, 8128442
52.17, 8128442
52.18, 8128442
52.19, 8128442
52.2, 8128442
52.21, 8128442
52.22, 8128442
52.23, 8128442
52.24, 8128442
52.25, 8128442
52.26, 8128442
52.27, 8128442
52.28, 8128442
52.29, 8128442
52.3, 8128442
52.31, 8128442
52.32, 8128442
52.33, 8128442
52.34, 8128442
52.35, 8128442
52.36, 8128442
52.37, 8128442
52.38, 8128442
52.39, 8128442
52.4, 8128442
52.41, 8128442
52.42, 8128442
52.43, 8128442
52.44, 8128442
52.45, 8128442
52.46, 8128442
52.47, 8128442
52.48, 8128442
52.49, 8128442
52.5, 8128442
52.51, 8128442
52.52, 8128442
52.53, 8128442
52.54, 8128442
52.55, 8128442
52.56, 8128442
52.57, 8128442
52.58, 8128442
52.59, 8128442
52.6, 8128442
52.61, 8128442
52.62, 8128442
52.63, 8128442
52.64, 8128442
52.65, 8128442
52.66, 8128442
52.67, 8128442
52.68, 8128442
52.69, 8128442
52.7, 8128442
52.71, 8128442
52.72, 8128442
52.73, 8128442
52.74, 8128442
52.75, 8128442
52.76, 8128442
52.77, 8128442
52.78, 8128442
52.79, 8128442
52.8, 8128442
52.81, 8128442
52.82, 8128442
52.83, 8128442
52.84, 8128442
52.85, 8128442
52.86, 8128442
52.87, 8128442
52.88, 8128442
52.89, 8128442
52.9, 8128442
52.91, 8128442
52.92, 8128442
52.93, 8128442
52.94, 8128442
52.95, 8128442
52.96, 8128442
52.97, 8128442
52.98, 8128442
52.99, 8128442
53.0, 8128442
53.01, 8128442
53.02, 8128442
53.03, 8128442
53.04, 8128442
53.05, 8128442
53.06, 8128442
53.07, 8128442
53.08, 8128442
53.09, 8128442
53.1, 8128442
53.11, 8128442
53.12, 8128442
53.13, 8128442
53.14, 8128442
53.15, 8128442
53.16, 8128442
53.17, 8128442
53.18, 8128442
53.19, 8128442
53.2, 8128442
53.21, 8128442
53.22, 8128442
53.23, 8128442
53.24, 8128442
53.25, 8128442
53.26, 8128442
53.27, 8128442
53.28, 8128442
53.29, 8128442
53.3, 8128442
53.31, 8128442
53.32, 8128442
53.33, 8128442
53.34, 8128442
53.35, 8128442
53.36, 8128442
53.37, 8128442
53.38, 8128442
53.39, 8128442
53.4, 8128442
53.41, 8128442
53.42, 8128442
53.43, 8128442
53.44, 8128442
53.45, 8128442
53.46, 8128442
53.47, 8128442
53.48, 8128442
53.49, 8128442
53.5, 8128442
53.51, 8128442
53.52, 8128442
53.53, 8128442
53.54, 8128442
53.55, 8128442
53.56, 8128442
53.57, 8128442
53.58, 8128442
53.59, 8128442
53.6, 8128442
53.61, 8128442
53.62, 8128442
53.63, 8128442
53.64, 8128442
53.65, 8128442
53.66, 8128442
53.67, 8128442
53.68, 8128442
53.69, 8128442
53.7, 8128442
53.71, 8128442
53.72, 8128442
53.73, 8128442
53.74, 8128442
53.75, 8128442
53.76, 8128442
53.77, 8128442
53.78, 8128442
53.79, 8128442
53.8, 8128442
53.81, 8128442
53.82, 8128442
53.83, 8128442
53.84, 8128442
53.85, 8128442
53.86, 8128442
53.87, 8128442
53.88, 8128442
53.89, 8128442
53.9, 8128442
53.91, 8128442
53.92, 8128442
53.93, 8128442
53.94, 8128442
53.95, 8128442
53.96, 8128442
53.97, 8128442
53.98, 8128442
53.99, 8128442
54.0, 8128442
54.01, 8128442
54.02, 8128442
54.03, 8128442
54.04, 8128442
54.05, 8128442
54.06, 8128442
54.07, 8128442
54.08, 8128442
54.09, 8128442
54.1, 8128442
54.11, 8128442
54.12, 8128442
54.13, 8128442
54.14, 8128442
54.15, 8128442
54.16, 8128442
54.17, 8128442
54.18, 8128442
54.19, 8128442
54.2, 8128442
54.21, 8128442
54.22, 8128442
54.23, 8128442
54.24, 8128442
54.25, 8128442
54.26, 8128442
54.27, 8128442
54.28, 8128442
54.29, 8128442
54.3, 8128442
54.31, 8128442
54.32, 8128442
54.33, 8128442
54.34, 8128442
54.35, 8128442
54.36, 8128442
54.37, 8128442
54.38, 8128442
54.39, 8128442
54.4, 8128442
54.41, 8128442
54.42, 8128442
54.43, 8128442
54.44, 8128442
54.45, 8128442
54.46, 8128442
54.47, 8128442
54.48, 8128442
54.49, 8128442
54.5, 8128442
54.51, 8128442
54.52, 8128442
54.53, 8128442
54.54, 8128442
54.55, 8128442
54.56, 8128442
54.57, 8128442
54.58, 8128442
54.59, 8128442
54.6, 8128442
54.61, 8128442
54.62, 8128442
54.63, 8128442
54.64, 8128442
54.65, 8128442
54.66, 8128442
54.67, 8128442
54.68, 8128442
54.69, 8128442
54.7, 8128442
54.71, 8128442
54.72, 8128442
54.73, 8128442
54.74, 8128442
54.75, 8128442
54.76, 8128442
54.77, 8128442
54.78, 8128442
54.79, 8128442
54.8, 8128442
54.81, 8128442
54.82, 8128442
54.83, 8128442
54.84, 8128442
54.85, 8128442
54.86, 8128442
54.87, 8128442
54.88, 8128442
54.89, 8128442
54.9, 8128442
54.91, 8128442
54.92, 8128442
54.93, 8128442
54.94, 8128442
54.95, 8128442
54.96, 8128442
54.97, 8128442
54.98, 8128442
54.99, 8128442
55.0, 8128442
55.01, 8128442
55.02, 8128442
55.03, 8128442
55.04, 8128442
55.05, 8128442
55.06, 8128442
55.07, 8128442
55.08, 8128442
55.09, 8128442
55.1, 8128442
55.11, 8128442
55.12, 8128442
55.13, 8128442
55.14, 8128442
55.15, 8128442
55.16, 8128442
55.17, 8128442
55.18, 8128442
55.19, 8128442
55.2, 8128442
55.21, 8128442
55.22, 8128442
55.23, 8128442
55.24, 8128442
55.25, 8128442
55.26, 8128442
55.27, 8128442
55.28, 8128442
55.29, 8128442
55.3, 8128442
55.31, 8128442
55.32, 8128442
55.33, 8128442
55.34, 8128442
55.35, 8128442
55.36, 8128442
55.37, 8128442
55.38, 8128442
55.39, 8128442
55.4, 8128442
55.41, 8128442
55.42, 8128442
55.43, 8128442
55.44, 8128442
55.45, 8128442
55.46, 8128442
55.47, 8128442
55.48, 8128442
55.49, 8128442
55.5, 8128442
55.51, 8128442
55.52, 8128442
55.53, 8128442
55.54, 8128442
55.55, 8128442
55.56, 8128442
55.57, 8128442
55.58, 8128442
55.59, 8128442
55.6, 8128442
55.61, 8128442
55.62, 8128442
55.63, 8128442
55.64, 8128442
55.65, 8128442
55.66, 8128442
55.67, 8128442
55.68, 8128442
55.69, 8128442
55.7, 8128442
55.71, 8128442
55.72, 8128442
55.73, 8128442
55.74, 8128442
55.75, 8128442
55.76, 8128442
55.77, 8128442
55.78, 8128442
55.79, 8128442
55.8, 8128442
55.81, 8128442
55.82, 8128442
55.83, 8128442
55.84, 8128442
55.85, 8128442
55.86, 8128442
55.87, 8128442
55.88, 8128442
55.89, 8128442
55.9, 8128442
55.91, 8128442
55.92, 8128442
55.93, 8128442
55.94, 8128442
55.95, 8128442
55.96, 8128442
55.97, 8128442
55.98, 8128442
55.99, 8128442
56.0, 8128442
56.01, 8128442
56.02, 8128442
56.03, 8128442
56.04, 8128442
56.05, 8128442
56.06, 8128442
56.07, 8128442
56.08, 8128442
56.09, 8128442
56.1, 8128442
56.11, 8128442
56.12, 8128442
56.13, 8128442
56.14, 8128442
56.15, 8128442
56.16, 8128442
56.17, 8128442
56.18, 8128442
56.19, 8128442
56.2, 8128442
56.21, 8128442
56.22, 8128442
56.23, 8128442
56.24, 8128442
56.25, 8128442
56.26, 8128442
56.27, 8128442
56.28, 8128442
56.29, 8128442
56.3, 8128442
56.31, 8128442
56.32, 8128442
56.33, 8128442
56.34, 8128442
56.35, 8128442
56.36, 8128442
56.37, 8128442
56.38, 8128442
56.39, 8128442
56.4, 8128442
56.41, 8128442
56.42, 8128442
56.43, 8128442
56.44, 8128442
56.45, 8128442
56.46, 8128442
56.47, 8128442
56.48, 8128442
56.49, 8128442
56.5, 8128442
56.51, 8128442
56.52, 8128442
56.53, 8128442
56.54, 8128442
56.55, 8128442
56.56, 8128442
56.57, 8128442
56.58, 8128442
56.59, 8128442
56.6, 8128442
56.61, 8128442
56.62, 8128442
56.63, 8128442
56.64, 8128442
56.65, 8128442
56.66, 8128442
56.67, 8128442
56.68, 8128442
56.69, 8128442
56.7, 8128442
56.71, 8128442
56.72, 8128442
56.73, 8128442
56.74, 8128442
56.75, 8128442
56.76, 8128442
56.77, 8128442
56.78, 8128442
56.79, 8128442
56.8, 8128442
56.81, 8128442
56.82, 8128442
56.83, 8128442
56.84, 8128442
56.85, 8128442
56.86, 8128442
56.87, 8128442
56.88, 8128442
56.89, 8128442
56.9, 8128442
56.91, 8128442
56.92, 8128442
56.93, 8128442
56.94, 8128442
56.95, 8128442
56.96, 8128442
56.97, 8128442
56.98, 8128442
56.99, 8128442
57.0, 8128442
57.01, 8128442
57.02, 8128442
57.03, 8128442
57.04, 8128442
57.05, 8128442
57.06, 8128442
57.07, 8128442
57.08, 8128442
57.09, 8128442
57.1, 8128442
57.11, 8128442
57.12, 8128442
57.13, 8128442
57.14, 8128442
57.15, 8128442
57.16, 8128442
57.17, 8128442
57.18, 8128442
57.19, 8128442
57.2, 8128442
57.21, 8128442
57.22, 8128442
57.23, 8128442
57.24, 8128442
57.25, 8128442
57.26, 8128442
57.27, 8128442
57.28, 8128442
57.29, 8128442
57.3, 8128442
57.31, 8128442
57.32, 8128442
57.33, 8128442
57.34, 8128442
57.35, 8128442
57.36, 8128442
57.37, 8128442
57.38, 8128442
57.39, 8128442
57.4, 8128442
57.41, 8128442
57.42, 8128442
57.43, 8128442
57.44, 8128442
57.45, 8128442
57.46, 8128442
57.47, 8128442
57.48, 8128442
57.49, 8128442
57.5, 8128442
57.51, 8128442
57.52, 8128442
57.53, 8128442
57.54, 8128442
57.55, 8128442
57.56, 8128442
57.57, 8128442
57.58, 8128442
57.59, 8128442
57.6, 8128442
57.61, 8128442
57.62, 8128442
57.63, 8128442
57.64, 8128442
57.65, 8128442
57.66, 8128442
57.67, 8128442
57.68, 8128442
57.69, 8128442
57.7, 8128442
57.71, 8128442
57.72, 8128442
57.73, 8128442
57.74, 8128442
57.75, 8128442
57.76, 8128442
57.77, 8128442
57.78, 8128442
57.79, 8128442
57.8, 8128442
57.81, 8128442
57.82, 8128442
57.83, 8128442
57.84, 8128442
57.85, 8128442
57.86, 8128442
57.87, 8128442
57.88, 8128442
57.89, 8128442
57.9, 8128442
57.91, 8128442
57.92, 8128442
57.93, 8128442
57.94, 8128442
57.95, 8128442
57.96, 8128442
57.97, 8128442
57.98, 8128442
57.99, 8128442
58.0, 8128442
58.01, 8128442
58.02, 8128442
58.03, 8128442
58.04, 8128442
58.05, 8128442
58.06, 8128442
58.07, 8128442
58.08, 8128442
58.09, 8128442
58.1, 8128442
58.11, 8128442
58.12, 8128442
58.13, 8128442
58.14, 8128442
58.15, 8128442
58.16, 8128442
58.17, 8128442
58.18, 8128442
58.19, 8128442
58.2, 8128442
58.21, 8128442
58.22, 8128442
58.23, 8128442
58.24, 8128442
58.25, 8128442
58.26, 8128442
58.27, 8128442
58.28, 8128442
58.29, 8128442
58.3, 8128442
58.31, 8128442
58.32, 8128442
58.33, 8128442
58.34, 8128442
58.35, 8128442
58.36, 8128442
58.37, 8128442
58.38, 8128442
58.39, 8128442
58.4, 8128442
58.41, 8128442
58.42, 8128442
58.43, 8128442
58.44, 8128442
58.45, 8128442
58.46, 8128442
58.47, 8128442
58.48, 8128442
58.49, 8128442
58.5, 8128442
58.51, 8128442
58.52, 8128442
58.53, 8128442
58.54, 8128442
58.55, 8128442
58.56, 8128442
58.57, 8128442
58.58, 8128442
58.59, 8128442
58.6, 8128442
58.61, 8128442
58.62, 8128442
58.63, 8128442
58.64, 8128442
58.65, 8128442
58.66, 8128442
58.67, 8128442
58.68, 8128442
58.69, 8128442
58.7, 8128442
58.71, 8128442
58.72, 8128442
58.73, 8128442
58.74, 8128442
58.75, 8128442
58.76, 8128442
58.77, 8128442
58.78, 8128442
58.79, 8128442
58.8, 8128442
58.81, 8128442
58.82, 8128442
58.83, 8128442
58.84, 8128442
58.85, 8128442
58.86, 8128442
58.87, 8128442
58.88, 8128442
58.89, 8128442
58.9, 8128442
58.91, 8128442
58.92, 8128442
58.93, 8128442
58.94, 8128442
58.95, 8128442
58.96, 8128442
58.97, 8128442
58.98, 8128442
58.99, 8128442
59.0, 8128442
59.01, 8128442
59.02, 8128442
59.03, 8128442
59.04, 8128442
59.05, 8128442
59.06, 8128442
59.07, 8128442
59.08, 8128442
59.09, 8128442
59.1, 8128442
59.11, 8128442
59.12, 8128442
59.13, 8128442
59.14, 8128442
59.15, 8128442
59.16, 8128442
59.17, 8128442
59.18, 8128442
59.19, 8128442
59.2, 8128442
59.21, 8128442
59.22, 8128442
59.23, 8128442
59.24, 8128442
59.25, 8128442
59.26, 8128442
59.27, 8128442
59.28, 8128442
59.29, 8128442
59.3, 8128442
59.31, 8128442
59.32, 8128442
59.33, 8128442
59.34, 8128442
59.35, 8128442
59.36, 8128442
59.37, 8128442
59.38, 8128442
59.39, 8128442
59.4, 8128442
59.41, 8128442
59.42, 8128442
59.43, 8128442
59.44, 8128442
59.45, 8128442
59.46, 8128442
59.47, 8128442
59.48, 8128442
59.49, 8128442
59.5, 8128442
59.51, 8128442
59.52, 8128442
59.53, 8128442
59.54, 8128442
59.55, 8128442
59.56, 8128442
59.57, 8128442
59.58, 8128442
59.59, 8128442
59.6, 8128442
59.61, 8128442
59.62, 8128442
59.63, 8128442
59.64, 8128442
59.65, 8128442
59.66, 8128442
59.67, 8128442
59.68, 8128442
59.69, 8128442
59.7, 8128442
59.71, 8128442
59.72, 8128442
59.73, 8128442
59.74, 8128442
59.75, 8128442
59.76, 8128442
59.77, 8128442
59.78, 8128442
59.79, 8128442
59.8, 8128442
59.81, 8128442
59.82, 8128442
59.83, 8128442
59.84, 8128442
59.85, 8128442
59.86, 8128442
59.87, 8128442
59.88, 8128442
59.89, 8128442
59.9, 8128442
59.91, 8128442
59.92, 8128442
59.93, 8128442
59.94, 8128442
59.95, 8128442
59.96, 8128442
59.97, 8128442
59.98, 8128442
59.99, 8128442
