0.0, 703833
0.01, 683201
0.02, 673938
0.03, 665893
0.04, 665893
0.05, 665893
0.06, 665893
0.07, 663972
0.08, 663972
0.09, 663972
0.1, 663972
0.11, 663972
0.12, 663972
0.13, 663972
0.14, 663972
0.15, 663972
0.16, 663972
0.17, 663972
0.18, 661864
0.19, 661864
0.2, 661864
0.21, 647808
0.22, 647808
0.23, 647808
0.24, 647808
0.25, 647808
0.26, 647808
0.27, 647808
0.28, 647808
0.29, 647808
0.3, 647808
0.31, 647808
0.32, 647808
0.33, 647808
0.34, 647808
0.35, 647808
0.36, 647808
0.37, 647808
0.38, 647808
0.39, 647808
0.4, 647808
0.41, 647808
0.42, 647808
0.43, 647808
0.44, 647808
0.45, 647808
0.46, 647808
0.47, 647808
0.48, 647808
0.49, 647808
0.5, 647808
0.51, 647808
0.52, 647808
0.53, 647808
0.54, 647808
0.55, 647808
0.56, 647808
0.57, 647808
0.58, 647808
0.59, 647808
0.6, 647808
0.61, 647808
0.62, 647808
0.63, 647808
0.64, 647808
0.65, 647808
0.66, 647808
0.67, 647808
0.68, 647808
0.69, 647808
0.7, 647808
0.71, 647808
0.72, 647808
0.73, 647808
0.74, 647808
0.75, 647808
0.76, 647808
0.77, 647808
0.78, 647808
0.79, 647808
0.8, 647808
0.81, 647808
0.82, 647808
0.83, 647808
0.84, 647808
0.85, 647808
0.86, 647808
0.87, 647808
0.88, 647808
0.89, 647808
0.9, 647808
0.91, 647808
0.92, 647808
0.93, 647808
0.94, 647808
0.95, 647808
0.96, 647808
0.97, 647808
0.98, 647808
0.99, 647808
1.0, 647808
1.01, 647808
1.02, 647808
1.03, 647808
1.04, 647808
1.05, 647808
1.06, 647808
1.07, 647808
1.08, 647808
1.09, 647808
1.1, 647808
1.11, 647808
1.12, 647808
1.13, 647808
1.14, 647808
1.15, 647808
1.16, 647808
1.17, 647808
1.18, 647808
1.19, 647808
1.2, 647808
1.21, 647808
1.22, 647808
1.23, 647808
1.24, 647808
1.25, 647808
1.26, 647808
1.27, 647808
1.28, 647808
1.29, 647808
1.3, 647808
1.31, 647808
1.32, 647808
1.33, 647808
1.34, 647808
1.35, 647808
1.36, 647808
1.37, 647808
1.38, 647808
1.39, 638650
1.4, 638650
1.41, 638650
1.42, 638650
1.43, 638650
1.44, 638650
1.45, 638650
1.46, 638650
1.47, 638650
1.48, 638650
1.49, 638650
1.5, 638650
1.51, 638650
1.52, 638650
1.53, 638650
1.54, 638650
1.55, 638650
1.56, 638650
1.57, 638650
1.58, 638650
1.59, 638650
1.6, 638650
1.61, 638650
1.62, 638650
1.63, 638650
1.64, 638650
1.65, 638650
1.66, 638650
1.67, 638650
1.68, 638650
1.69, 638650
1.7, 638650
1.71, 638650
1.72, 638650
1.73, 638650
1.74, 638650
1.75, 638650
1.76, 638650
1.77, 638650
1.78, 638650
1.79, 638650
1.8, 638650
1.81, 638650
1.82, 638650
1.83, 638650
1.84, 638650
1.85, 638650
1.86, 638650
1.87, 638650
1.88, 638650
1.89, 638650
1.9, 638650
1.91, 638650
1.92, 638650
1.93, 638650
1.94, 638650
1.95, 638650
1.96, 638650
1.97, 638650
1.98, 638650
1.99, 638650
2.0, 638650
2.01, 638650
2.02, 638650
2.03, 638650
2.04, 638650
2.05, 638650
2.06, 638650
2.07, 638650
2.08, 638650
2.09, 638650
2.1, 638650
2.11, 638650
2.12, 638650
2.13, 638650
2.14, 638650
2.15, 638650
2.16, 638650
2.17, 638650
2.18, 638650
2.19, 638650
2.2, 638650
2.21, 638650
2.22, 638650
2.23, 638650
2.24, 638650
2.25, 638650
2.26, 638650
2.27, 638650
2.28, 638650
2.29, 638650
2.3, 638650
2.31, 632685
2.32, 632685
2.33, 632685
2.34, 632685
2.35, 632685
2.36, 632685
2.37, 632685
2.38, 632685
2.39, 632685
2.4, 632685
2.41, 632685
2.42, 632685
2.43, 632685
2.44, 632685
2.45, 632685
2.46, 632685
2.47, 632685
2.48, 632685
2.49, 632685
2.5, 632685
2.51, 632685
2.52, 632685
2.53, 632685
2.54, 632685
2.55, 632685
2.56, 632685
2.57, 632685
2.58, 632685
2.59, 632685
2.6, 632685
2.61, 632685
2.62, 632685
2.63, 632685
2.64, 632685
2.65, 632685
2.66, 632685
2.67, 632685
2.68, 632685
2.69, 632685
2.7, 632685
2.71, 632685
2.72, 632685
2.73, 632685
2.74, 632685
2.75, 632685
2.76, 632685
2.77, 632685
2.78, 632685
2.79, 632685
2.8, 632685
2.81, 632685
2.82, 632685
2.83, 632685
2.84, 632685
2.85, 632685
2.86, 632685
2.87, 632685
2.88, 632685
2.89, 632685
2.9, 632685
2.91, 632685
2.92, 632685
2.93, 632685
2.94, 632685
2.95, 632685
2.96, 632685
2.97, 632685
2.98, 632685
2.99, 632685
3.0, 632685
3.01, 632685
3.02, 632685
3.03, 632685
3.04, 632685
3.05, 632685
3.06, 632685
3.07, 632685
3.08, 632685
3.09, 632685
3.1, 632685
3.11, 632685
3.12, 632685
3.13, 632685
3.14, 632685
3.15, 632685
3.16, 632685
3.17, 632685
3.18, 632685
3.19, 632685
3.2, 632685
3.21, 632685
3.22, 632685
3.23, 632685
3.24, 632685
3.25, 632685
3.26, 632685
3.27, 632685
3.28, 632685
3.29, 632685
3.3, 632685
3.31, 632685
3.32, 632685
3.33, 632685
3.34, 632685
3.35, 632685
3.36, 632685
3.37, 632685
3.38, 632685
3.39, 632685
3.4, 632685
3.41, 632685
3.42, 632685
3.43, 632685
3.44, 632685
3.45, 632685
3.46, 632685
3.47, 632685
3.48, 632685
3.49, 632685
3.5, 632685
3.51, 632685
3.52, 632685
3.53, 632685
3.54, 632685
3.55, 632685
3.56, 632685
3.57, 632685
3.58, 632685
3.59, 632685
3.6, 632685
3.61, 632685
3.62, 632685
3.63, 632685
3.64, 632685
3.65, 632685
3.66, 632685
3.67, 632685
3.68, 632685
3.69, 632685
3.7, 632685
3.71, 632685
3.72, 632685
3.73, 632685
3.74, 632685
3.75, 632685
3.76, 632685
3.77, 632685
3.78, 632685
3.79, 632685
3.8, 632685
3.81, 632685
3.82, 632685
3.83, 632685
3.84, 632685
3.85, 632685
3.86, 632685
3.87, 632685
3.88, 632685
3.89, 632685
3.9, 632685
3.91, 632685
3.92, 632685
3.93, 632685
3.94, 632685
3.95, 632685
3.96, 632685
3.97, 632685
3.98, 632685
3.99, 632685
4.0, 632685
4.01, 632685
4.02, 632685
4.03, 632685
4.04, 632685
4.05, 632685
4.06, 632685
4.07, 632685
4.08, 632685
4.09, 632685
4.1, 632685
4.11, 632685
4.12, 632685
4.13, 632685
4.14, 632685
4.15, 632685
4.16, 632685
4.17, 632685
4.18, 632685
4.19, 632685
4.2, 632685
4.21, 632685
4.22, 632685
4.23, 632685
4.24, 632685
4.25, 632685
4.26, 632685
4.27, 632685
4.28, 632685
4.29, 632685
4.3, 632685
4.31, 632685
4.32, 632685
4.33, 632685
4.34, 632685
4.35, 632685
4.36, 632685
4.37, 632685
4.38, 632685
4.39, 632685
4.4, 632685
4.41, 632685
4.42, 632685
4.43, 632685
4.44, 632685
4.45, 632685
4.46, 632685
4.47, 632685
4.48, 632685
4.49, 632685
4.5, 632685
4.51, 632685
4.52, 632685
4.53, 632685
4.54, 632685
4.55, 632685
4.56, 632685
4.57, 632685
4.58, 632685
4.59, 632685
4.6, 632685
4.61, 632685
4.62, 632685
4.63, 632685
4.64, 632685
4.65, 632685
4.66, 632685
4.67, 632685
4.68, 632685
4.69, 632685
4.7, 632685
4.71, 632685
4.72, 632685
4.73, 632685
4.74, 632685
4.75, 632685
4.76, 632685
4.77, 632685
4.78, 632685
4.79, 632685
4.8, 632685
4.81, 632685
4.82, 632685
4.83, 632685
4.84, 632685
4.85, 632685
4.86, 632685
4.87, 632685
4.88, 632685
4.89, 632685
4.9, 632685
4.91, 632685
4.92, 632685
4.93, 632685
4.94, 632685
4.95, 632685
4.96, 632685
4.97, 632685
4.98, 632685
4.99, 632685
5.0, 632685
5.01, 632685
5.02, 632685
5.03, 632685
5.04, 632685
5.05, 632685
5.06, 632685
5.07, 632685
5.08, 632685
5.09, 632685
5.1, 632685
5.11, 632685
5.12, 632685
5.13, 632685
5.14, 632685
5.15, 632685
5.16, 632685
5.17, 632685
5.18, 632685
5.19, 632685
5.2, 632685
5.21, 632685
5.22, 632685
5.23, 632685
5.24, 632685
5.25, 632685
5.26, 632685
5.27, 632685
5.28, 632685
5.29, 632685
5.3, 632685
5.31, 632685
5.32, 632685
5.33, 632685
5.34, 632685
5.35, 632685
5.36, 632685
5.37, 632685
5.38, 632685
5.39, 632685
5.4, 632685
5.41, 632685
5.42, 632685
5.43, 632685
5.44, 632685
5.45, 632685
5.46, 632685
5.47, 632685
5.48, 632685
5.49, 632685
5.5, 632685
5.51, 632685
5.52, 632685
5.53, 632685
5.54, 632685
5.55, 632685
5.56, 632685
5.57, 632685
5.58, 632685
5.59, 632685
5.6, 632685
5.61, 632685
5.62, 632685
5.63, 632685
5.64, 632685
5.65, 632685
5.66, 632685
5.67, 632685
5.68, 632685
5.69, 632685
5.7, 632685
5.71, 632685
5.72, 632685
5.73, 632685
5.74, 632685
5.75, 632685
5.76, 632685
5.77, 632685
5.78, 632685
5.79, 632685
5.8, 632685
5.81, 632685
5.82, 632685
5.83, 632685
5.84, 632685
5.85, 632685
5.86, 632685
5.87, 632685
5.88, 632685
5.89, 632685
5.9, 632685
5.91, 632685
5.92, 632685
5.93, 632685
5.94, 632685
5.95, 632685
5.96, 632685
5.97, 632685
5.98, 632685
5.99, 632685
6.0, 632685
6.01, 632685
6.02, 632685
6.03, 632685
6.04, 632685
6.05, 632685
6.06, 632685
6.07, 632685
6.08, 632685
6.09, 632685
6.1, 632685
6.11, 632685
6.12, 632685
6.13, 632685
6.14, 632685
6.15, 632685
6.16, 632685
6.17, 632685
6.18, 632685
6.19, 632685
6.2, 632685
6.21, 632685
6.22, 632685
6.23, 632685
6.24, 632685
6.25, 632685
6.26, 632685
6.27, 632685
6.28, 632685
6.29, 632685
6.3, 632685
6.31, 632685
6.32, 632685
6.33, 632685
6.34, 632685
6.35, 632685
6.36, 632685
6.37, 632685
6.38, 632685
6.39, 632685
6.4, 632685
6.41, 632685
6.42, 632685
6.43, 632685
6.44, 632685
6.45, 632685
6.46, 632685
6.47, 632685
6.48, 632685
6.49, 632685
6.5, 632685
6.51, 632685
6.52, 632685
6.53, 632685
6.54, 632685
6.55, 632685
6.56, 632685
6.57, 632685
6.58, 632685
6.59, 632685
6.6, 632685
6.61, 632685
6.62, 632685
6.63, 632685
6.64, 632685
6.65, 632685
6.66, 632685
6.67, 632685
6.68, 632685
6.69, 632685
6.7, 632685
6.71, 632685
6.72, 632685
6.73, 632685
6.74, 632685
6.75, 632685
6.76, 632685
6.77, 632685
6.78, 632685
6.79, 632685
6.8, 632685
6.81, 632685
6.82, 632685
6.83, 632685
6.84, 632685
6.85, 632685
6.86, 632685
6.87, 632685
6.88, 632685
6.89, 632685
6.9, 632685
6.91, 632685
6.92, 632685
6.93, 632685
6.94, 632685
6.95, 632685
6.96, 632685
6.97, 632685
6.98, 632685
6.99, 632685
7.0, 632685
7.01, 632685
7.02, 632685
7.03, 632685
7.04, 632685
7.05, 632685
7.06, 632685
7.07, 632685
7.08, 632685
7.09, 632685
7.1, 632685
7.11, 632685
7.12, 632685
7.13, 632685
7.14, 632685
7.15, 632685
7.16, 632685
7.17, 632685
7.18, 632685
7.19, 632685
7.2, 632685
7.21, 632685
7.22, 632685
7.23, 632685
7.24, 632685
7.25, 632685
7.26, 632685
7.27, 632685
7.28, 632685
7.29, 632685
7.3, 632685
7.31, 632685
7.32, 632685
7.33, 632685
7.34, 632685
7.35, 632685
7.36, 632685
7.37, 632685
7.38, 632685
7.39, 632685
7.4, 632685
7.41, 632685
7.42, 632685
7.43, 632685
7.44, 632685
7.45, 632685
7.46, 632685
7.47, 632685
7.48, 632685
7.49, 632685
7.5, 632685
7.51, 632685
7.52, 632685
7.53, 632685
7.54, 632685
7.55, 632685
7.56, 632685
7.57, 632685
7.58, 632685
7.59, 632685
7.6, 632685
7.61, 632685
7.62, 632685
7.63, 632685
7.64, 632685
7.65, 632685
7.66, 632685
7.67, 632685
7.68, 632685
7.69, 632685
7.7, 632685
7.71, 632685
7.72, 632685
7.73, 632685
7.74, 632685
7.75, 632685
7.76, 632685
7.77, 632685
7.78, 632685
7.79, 632685
7.8, 626054
7.81, 626054
7.82, 626054
7.83, 626054
7.84, 626054
7.85, 626054
7.86, 626054
7.87, 626054
7.88, 626054
7.89, 626054
7.9, 626054
7.91, 626054
7.92, 626054
7.93, 626054
7.94, 626054
7.95, 626054
7.96, 626054
7.97, 626054
7.98, 626054
7.99, 626054
8.0, 626054
8.01, 626054
8.02, 626054
8.03, 626054
8.04, 626054
8.05, 626054
8.06, 626054
8.07, 626054
8.08, 626054
8.09, 626054
8.1, 626054
8.11, 626054
8.12, 626054
8.13, 626054
8.14, 626054
8.15, 626054
8.16, 626054
8.17, 626054
8.18, 626054
8.19, 626054
8.2, 626054
8.21, 626054
8.22, 626054
8.23, 626054
8.24, 626054
8.25, 626054
8.26, 626054
8.27, 626054
8.28, 626054
8.29, 626054
8.3, 626054
8.31, 626054
8.32, 626054
8.33, 626054
8.34, 626054
8.35, 626054
8.36, 626054
8.37, 626054
8.38, 626054
8.39, 626054
8.4, 626054
8.41, 626054
8.42, 626054
8.43, 626054
8.44, 626054
8.45, 626054
8.46, 626054
8.47, 626054
8.48, 626054
8.49, 626054
8.5, 626054
8.51, 626054
8.52, 626054
8.53, 626054
8.54, 626054
8.55, 626054
8.56, 626054
8.57, 626054
8.58, 626054
8.59, 626054
8.6, 626054
8.61, 626054
8.62, 626054
8.63, 626054
8.64, 626054
8.65, 626054
8.66, 626054
8.67, 626054
8.68, 626054
8.69, 626054
8.7, 626054
8.71, 626054
8.72, 626054
8.73, 626054
8.74, 626054
8.75, 626054
8.76, 626054
8.77, 626054
8.8, 626054
8.81, 626054
8.82, 626054
8.83, 626054
8.84, 626054
8.85, 626054
8.86, 626054
8.87, 626054
8.88, 626054
8.89, 626054
8.9, 626054
8.91, 626054
8.92, 626054
8.93, 626054
8.94, 626054
8.95, 626054
8.96, 626054
8.97, 626054
8.98, 626054
8.99, 626054
9.0, 626054
9.01, 626054
9.02, 626054
9.03, 626054
9.04, 626054
9.05, 626054
9.06, 626054
9.07, 626054
9.08, 626054
9.09, 626054
9.1, 626054
9.11, 626054
9.12, 626054
9.13, 626054
9.14, 626054
9.15, 626054
9.16, 626054
9.17, 626054
9.18, 626054
9.19, 626054
9.2, 626054
9.21, 626054
9.22, 626054
9.23, 626054
9.24, 626054
9.25, 626054
9.26, 626054
9.27, 626054
9.28, 626054
9.29, 626054
9.3, 626054
9.31, 626054
9.32, 626054
9.33, 626054
9.34, 626054
9.35, 626054
9.36, 626054
9.37, 626054
9.38, 626054
9.39, 626054
9.4, 626054
9.41, 626054
9.42, 626054
9.43, 626054
9.44, 626054
9.45, 626054
9.46, 626054
9.47, 626054
9.48, 626054
9.49, 626054
9.5, 626054
9.51, 626054
9.52, 626054
9.53, 626054
9.54, 626054
9.55, 626054
9.56, 626054
9.57, 626054
9.58, 626054
9.59, 626054
9.6, 626054
9.61, 626054
9.62, 626054
9.63, 626054
9.64, 626054
9.65, 626054
9.66, 626054
9.67, 626054
9.68, 626054
9.69, 626054
9.7, 626054
9.71, 626054
9.72, 626054
9.73, 626054
9.74, 626054
9.75, 626054
9.76, 626054
9.77, 626054
9.78, 626054
9.79, 626054
9.8, 626054
9.81, 626054
9.82, 626054
9.83, 626054
9.84, 626054
9.85, 626054
9.86, 626054
9.87, 626054
9.88, 626054
9.89, 626054
9.9, 626054
9.91, 626054
9.92, 626054
9.93, 626054
9.94, 626054
9.95, 626054
9.96, 626054
9.97, 626054
9.98, 626054
9.99, 626054
10.0, 626054
10.01, 626054
10.02, 626054
10.03, 626054
10.04, 626054
10.05, 626054
10.06, 626054
10.07, 626054
10.08, 626054
10.09, 626054
10.1, 626054
10.11, 626054
10.12, 626054
10.13, 626054
10.14, 626054
10.15, 626054
10.16, 626054
10.17, 626054
10.18, 626054
10.19, 626054
10.2, 626054
10.21, 626054
10.22, 626054
10.23, 626054
10.24, 626054
10.25, 626054
10.26, 626054
10.27, 626054
10.28, 626054
10.29, 626054
10.3, 626054
10.31, 626054
10.32, 626054
10.33, 626054
10.34, 626054
10.35, 626054
10.36, 626054
10.37, 626054
10.38, 626054
10.39, 626054
10.4, 626054
10.41, 626054
10.42, 626054
10.43, 626054
10.44, 626054
10.45, 626054
10.46, 626054
10.47, 626054
10.48, 626054
10.49, 626054
10.5, 626054
10.51, 626054
10.52, 626054
10.53, 626054
10.54, 626054
10.55, 626054
10.56, 626054
10.57, 626054
10.58, 626054
10.59, 607950
10.6, 607950
10.61, 607950
10.62, 607950
10.63, 607950
10.64, 607950
10.65, 607950
10.66, 607950
10.67, 607950
10.68, 607950
10.69, 607950
10.7, 607950
10.71, 607950
10.72, 607950
10.73, 607950
10.74, 607950
10.75, 607950
10.76, 607950
10.77, 607950
10.78, 607950
10.79, 607950
10.8, 607950
10.81, 607950
10.82, 607950
10.83, 607950
10.84, 607950
10.85, 607950
10.86, 607950
10.87, 607950
10.88, 607950
10.89, 607950
10.9, 607950
10.91, 607950
10.92, 607950
10.93, 607950
10.94, 607950
10.95, 607950
10.96, 607950
10.97, 607950
10.98, 607950
10.99, 607950
11.0, 607950
11.01, 607950
11.02, 607950
11.03, 607950
11.04, 607950
11.05, 607950
11.06, 607950
11.07, 607950
11.08, 607950
11.09, 607950
11.1, 607950
11.11, 607950
11.12, 607950
11.13, 607950
11.14, 607950
11.15, 607950
11.16, 607950
11.17, 607950
11.18, 607950
11.19, 607950
11.2, 607950
11.21, 607950
11.22, 607950
11.23, 607950
11.24, 607950
11.25, 607950
11.26, 607950
11.27, 607950
11.28, 607950
11.29, 607950
11.3, 607950
11.31, 607950
11.32, 607950
11.33, 607950
11.34, 607950
11.35, 607950
11.36, 607950
11.37, 607950
11.38, 607950
11.39, 607950
11.4, 607950
11.41, 607950
11.42, 607950
11.43, 607950
11.44, 607950
11.45, 607950
11.46, 607950
11.47, 607950
11.48, 607950
11.49, 607950
11.5, 607950
11.51, 607950
11.52, 607950
11.53, 607950
11.54, 607950
11.55, 607950
11.56, 607950
11.57, 607950
11.58, 607950
11.59, 607950
11.6, 607950
11.61, 607950
11.62, 607950
11.63, 607950
11.64, 607950
11.65, 607950
11.66, 607950
11.67, 607950
11.68, 607950
11.69, 607950
11.7, 607950
11.71, 607950
11.72, 607950
11.73, 607950
11.74, 607950
11.75, 607950
11.76, 607950
11.77, 607950
11.78, 607950
11.79, 607950
11.8, 607950
11.81, 607950
11.82, 607950
11.83, 607950
11.84, 607950
11.85, 607950
11.86, 607950
11.87, 607950
11.88, 607950
11.89, 607950
11.9, 607950
11.91, 607950
11.92, 607950
11.93, 607950
11.94, 607950
11.95, 607950
11.96, 607950
11.97, 607950
11.98, 607950
11.99, 607950
12.0, 607950
12.01, 607950
12.02, 607950
12.03, 607950
12.04, 607950
12.05, 607950
12.06, 607950
12.07, 607950
12.08, 607950
12.09, 607950
12.1, 607950
12.11, 607950
12.12, 607950
12.13, 607950
12.14, 607950
12.15, 607950
12.16, 607950
12.17, 607950
12.18, 607950
12.19, 607950
12.2, 607950
12.21, 607950
12.22, 607950
12.23, 607950
12.24, 607950
12.25, 607950
12.26, 607950
12.27, 607950
12.28, 607950
12.29, 607950
12.3, 607950
12.31, 607950
12.32, 607950
12.33, 607950
12.34, 607950
12.35, 607950
12.36, 607950
12.37, 607950
12.38, 607950
12.39, 607950
12.4, 607950
12.41, 607950
12.42, 607950
12.43, 607950
12.44, 607950
12.45, 607950
12.46, 607950
12.47, 607950
12.48, 607950
12.49, 607950
12.5, 607950
12.51, 607950
12.52, 607950
12.53, 607950
12.54, 607950
12.55, 607950
12.56, 607950
12.57, 607950
12.58, 607950
12.59, 607950
12.6, 607950
12.61, 607950
12.62, 607950
12.63, 607950
12.64, 607950
12.65, 607950
12.66, 607950
12.67, 607950
12.68, 607950
12.69, 607950
12.7, 607950
12.71, 607950
12.72, 607950
12.73, 607950
12.74, 607950
12.75, 607950
12.76, 607950
12.77, 607950
12.78, 607950
12.79, 607950
12.8, 607950
12.81, 607950
12.82, 607950
12.83, 607950
12.84, 607950
12.85, 607950
12.86, 607950
12.87, 607950
12.88, 607950
12.89, 607950
12.9, 607950
12.91, 607950
12.92, 607950
12.93, 607950
12.94, 607950
12.95, 607950
12.96, 607950
12.97, 607950
12.98, 607950
12.99, 607950
13.0, 607950
13.01, 607950
13.02, 607950
13.03, 607950
13.04, 607950
13.05, 607950
13.06, 607950
13.07, 607950
13.08, 607950
13.09, 607950
13.1, 607950
13.11, 607950
13.12, 607950
13.13, 607950
13.14, 607950
13.15, 607950
13.16, 607950
13.17, 607950
13.18, 607950
13.19, 607950
13.2, 607950
13.21, 607950
13.22, 607950
13.23, 607950
13.24, 607950
13.25, 607950
13.26, 607950
13.27, 607950
13.28, 607950
13.29, 607950
13.3, 607950
13.31, 607950
13.32, 607950
13.33, 607950
13.34, 607950
13.35, 607950
13.36, 607950
13.37, 607950
13.38, 607950
13.39, 607950
13.4, 607950
13.41, 607950
13.42, 607950
13.43, 607950
13.44, 607950
13.45, 607950
13.46, 607950
13.47, 607950
13.48, 607950
13.49, 607950
13.5, 607950
13.51, 607950
13.52, 607950
13.53, 607950
13.54, 607950
13.55, 607950
13.56, 607950
13.57, 607950
13.58, 607950
13.59, 607950
13.6, 607950
13.61, 607950
13.62, 607950
13.63, 607950
13.64, 607950
13.65, 607950
13.66, 607950
13.67, 607950
13.68, 607950
13.69, 607950
13.7, 607950
13.71, 607950
13.72, 607950
13.73, 607950
13.74, 607950
13.75, 607950
13.76, 607950
13.77, 607950
13.78, 607950
13.79, 607950
13.8, 607950
13.81, 607950
13.82, 607950
13.83, 607950
13.84, 607950
13.85, 607950
13.86, 607950
13.87, 607950
13.88, 607950
13.89, 607950
13.9, 607950
13.91, 607950
13.92, 607950
13.93, 607950
13.94, 607950
13.95, 607950
13.96, 607950
13.97, 607950
13.98, 607950
13.99, 607950
14.0, 607950
14.01, 607950
14.02, 607950
14.03, 607950
14.04, 607950
14.05, 607950
14.06, 607950
14.07, 607950
14.08, 607950
14.09, 607950
14.1, 607950
14.11, 607950
14.12, 607950
14.13, 607950
14.14, 607950
14.15, 607950
14.16, 607950
14.17, 607950
14.18, 607950
14.19, 607950
14.2, 607950
14.21, 607950
14.22, 607950
14.23, 607950
14.24, 607950
14.25, 607950
14.26, 607950
14.27, 607950
14.28, 607950
14.29, 607950
14.3, 607950
14.31, 607950
14.32, 607950
14.33, 607950
14.34, 607950
14.35, 607950
14.36, 607950
14.37, 607950
14.38, 607950
14.39, 607950
14.4, 607950
14.41, 607950
14.42, 607950
14.43, 607950
14.44, 607950
14.45, 607950
14.46, 607950
14.47, 607950
14.48, 607950
14.49, 607950
14.5, 607950
14.51, 607950
14.52, 607950
14.53, 607950
14.54, 607950
14.55, 607950
14.56, 607950
14.57, 607950
14.58, 607950
14.59, 607950
14.6, 607950
14.61, 607950
14.62, 607950
14.63, 607950
14.64, 607950
14.65, 607950
14.66, 607950
14.67, 607950
14.68, 607950
14.69, 607950
14.7, 607950
14.71, 607950
14.72, 607950
14.73, 607950
14.74, 607950
14.75, 607950
14.76, 607950
14.77, 607950
14.78, 607950
14.79, 607950
14.8, 607950
14.81, 607950
14.82, 607950
14.83, 607950
14.84, 607950
14.85, 607950
14.86, 607950
14.87, 607950
14.88, 607950
14.89, 607950
14.9, 607950
14.91, 607950
14.92, 607950
14.93, 607950
14.94, 607950
14.95, 607950
14.96, 607950
14.97, 607950
14.98, 607950
14.99, 607950
15.0, 607950
15.01, 607950
15.02, 607950
15.03, 607950
15.04, 607950
15.05, 607950
15.06, 607950
15.07, 607950
15.08, 607950
15.09, 607950
15.1, 607950
15.11, 607950
15.12, 607950
15.13, 607950
15.14, 607950
15.15, 607950
15.16, 607950
15.17, 607950
15.18, 607950
15.19, 607950
15.2, 607950
15.21, 607950
15.22, 607950
15.23, 607950
15.24, 607950
15.25, 607950
15.26, 607950
15.27, 607950
15.28, 607950
15.29, 607950
15.3, 607950
15.31, 607950
15.32, 607950
15.33, 607950
15.34, 607950
15.35, 607950
15.36, 607950
15.37, 607950
15.38, 607950
15.39, 607950
15.4, 607950
15.41, 607950
15.42, 607950
15.43, 607950
15.44, 607950
15.45, 607950
15.46, 607950
15.47, 607950
15.48, 607950
15.49, 607950
15.5, 607950
15.51, 607950
15.52, 607950
15.53, 607950
15.54, 607950
15.55, 607950
15.56, 607950
15.57, 607950
15.58, 607950
15.59, 607950
15.6, 607950
15.61, 607950
15.62, 607950
15.63, 607950
15.64, 607950
15.65, 607950
15.66, 607950
15.67, 607950
15.68, 607950
15.69, 607950
15.7, 607950
15.71, 607950
15.72, 607950
15.73, 607950
15.74, 607950
15.75, 607950
15.76, 607950
15.77, 607950
15.78, 607950
15.79, 607950
15.8, 607950
15.81, 607950
15.82, 607950
15.83, 607950
15.84, 607950
15.85, 607950
15.86, 607950
15.87, 607950
15.88, 607950
15.89, 607950
15.9, 607950
15.91, 607950
15.92, 607950
15.93, 607950
15.94, 607950
15.95, 607950
15.96, 607950
15.97, 607950
15.98, 607950
15.99, 607950
16.0, 607950
16.01, 607950
16.02, 607950
16.03, 607950
16.04, 607950
16.05, 607950
16.06, 607950
16.07, 607950
16.08, 607950
16.09, 607950
16.1, 607950
16.11, 607950
16.12, 607950
16.13, 607950
16.14, 607950
16.15, 607950
16.16, 607950
16.17, 607950
16.18, 607950
16.19, 607950
16.2, 607950
16.21, 607950
16.22, 607950
16.23, 607950
16.24, 607950
16.25, 607950
16.26, 607950
16.27, 607950
16.28, 607950
16.29, 607950
16.3, 607950
16.31, 607950
16.32, 607950
16.33, 607950
16.34, 607950
16.35, 607950
16.36, 607950
16.37, 607950
16.38, 607950
16.39, 607950
16.4, 607950
16.41, 607950
16.42, 607950
16.43, 607950
16.44, 607950
16.45, 607950
16.46, 607950
16.47, 607950
16.48, 607950
16.49, 607950
16.5, 607950
16.51, 607950
16.52, 607950
16.53, 607950
16.54, 607950
16.55, 607950
16.56, 607950
16.57, 607950
16.58, 607950
16.59, 607950
16.6, 607950
16.61, 607950
16.62, 607950
16.63, 607950
16.64, 607950
16.65, 607950
16.66, 607950
16.67, 607950
16.68, 607950
16.69, 607950
16.7, 607950
16.71, 607950
16.72, 607950
16.73, 607950
16.74, 607950
16.75, 607950
16.76, 607950
16.77, 607950
16.78, 607950
16.79, 607950
16.8, 607950
16.81, 607950
16.82, 607950
16.83, 607950
16.84, 607950
16.85, 607950
16.86, 607950
16.87, 607950
16.88, 607950
16.89, 607950
16.9, 607950
16.91, 607950
16.92, 607950
16.93, 607950
16.94, 607950
16.95, 607950
16.96, 607950
16.97, 607950
16.98, 607950
16.99, 607950
17.0, 607950
17.01, 607950
17.02, 607950
17.03, 607950
17.04, 607950
17.05, 607950
17.06, 607950
17.07, 607950
17.08, 607950
17.09, 607950
17.1, 607950
17.11, 607950
17.12, 607950
17.13, 607950
17.14, 607950
17.15, 607950
17.16, 607950
17.17, 607950
17.18, 607950
17.19, 607950
17.2, 607950
17.21, 607950
17.22, 607950
17.23, 607950
17.24, 607950
17.25, 607950
17.26, 607950
17.27, 607950
17.28, 607950
17.29, 607950
17.3, 607950
17.31, 607950
17.32, 607950
17.33, 607950
17.34, 607950
17.35, 607950
17.36, 607950
17.37, 607950
17.38, 607950
17.39, 607950
17.4, 607950
17.41, 607950
17.42, 607950
17.43, 607950
17.44, 607950
17.45, 607950
17.46, 607950
17.47, 607950
17.48, 607950
17.49, 607950
17.5, 607950
17.51, 607950
17.52, 607950
17.53, 607950
17.54, 607950
17.55, 607950
17.56, 607950
17.57, 607950
17.58, 607950
17.59, 607950
17.6, 607950
17.61, 607950
17.62, 607950
17.63, 607950
17.64, 607950
17.65, 607950
17.66, 607950
17.67, 607950
17.68, 607950
17.69, 607950
17.7, 607950
17.71, 607950
17.72, 607950
17.73, 607950
17.74, 607950
17.75, 607950
17.76, 607950
17.77, 607950
17.78, 607950
17.79, 607950
17.8, 607950
17.81, 607950
17.82, 607950
17.83, 607950
17.84, 607950
17.85, 607950
17.86, 607950
17.87, 607950
17.88, 607950
17.89, 607950
17.9, 607950
17.91, 607950
17.92, 607950
17.93, 607950
17.94, 607950
17.95, 607950
17.96, 607950
17.97, 607950
17.98, 607950
17.99, 607950
18.0, 607950
18.01, 607950
18.02, 607950
18.03, 607950
18.04, 607950
18.05, 607950
18.06, 607950
18.07, 607950
18.08, 607950
18.09, 607950
18.1, 607950
18.11, 607950
18.12, 607950
18.13, 607950
18.14, 607950
18.15, 607950
18.16, 607950
18.17, 607950
18.18, 607950
18.19, 607950
18.2, 607950
18.21, 607950
18.22, 607950
18.23, 607950
18.24, 607950
18.25, 607950
18.26, 607950
18.27, 607950
18.28, 607950
18.29, 607950
18.3, 607950
18.31, 607950
18.32, 607950
18.33, 607950
18.34, 607950
18.35, 607950
18.36, 607950
18.37, 607950
18.38, 607950
18.39, 607950
18.4, 607950
18.41, 607950
18.42, 607950
18.43, 607950
18.44, 607950
18.45, 607950
18.46, 607950
18.47, 607950
18.48, 607950
18.49, 607950
18.5, 607950
18.51, 607950
18.52, 607950
18.53, 607950
18.54, 607950
18.55, 607950
18.56, 607950
18.57, 607950
18.58, 607950
18.59, 607950
18.6, 607950
18.61, 607950
18.62, 607950
18.63, 607950
18.64, 607950
18.65, 607950
18.66, 607950
18.67, 607950
18.68, 607950
18.69, 607950
18.7, 607950
18.71, 607950
18.72, 607950
18.73, 607950
18.74, 607950
18.75, 607950
18.76, 607950
18.77, 607950
18.78, 607950
18.79, 607950
18.8, 607950
18.81, 607950
18.82, 607950
18.83, 607950
18.84, 607950
18.85, 607950
18.86, 607950
18.87, 607950
18.88, 607950
18.89, 607950
18.9, 607950
18.91, 607950
18.92, 607950
18.93, 607950
18.94, 607950
18.95, 607950
18.96, 607950
18.97, 607950
18.98, 607950
18.99, 607950
19.0, 607950
19.01, 607950
19.02, 607950
19.03, 607950
19.04, 607950
19.05, 607950
19.06, 607950
19.07, 607950
19.08, 607950
19.09, 607950
19.1, 607950
19.11, 607950
19.12, 607950
19.13, 607950
19.14, 607950
19.15, 607950
19.16, 607950
19.17, 607950
19.18, 607950
19.19, 607950
19.2, 607950
19.21, 607950
19.22, 607950
19.23, 607950
19.24, 607950
19.25, 607950
19.26, 607950
19.27, 607950
19.28, 607950
19.29, 607950
19.3, 607950
19.31, 607950
19.32, 607950
19.33, 607950
19.34, 607950
19.35, 607950
19.36, 607950
19.37, 607950
19.38, 607950
19.39, 607950
19.4, 607950
19.41, 607950
19.42, 607950
19.43, 607950
19.44, 607950
19.45, 607950
19.46, 607950
19.47, 607950
19.48, 607950
19.49, 607950
19.5, 607950
19.51, 607950
19.52, 607950
19.53, 607950
19.54, 607950
19.55, 607950
19.56, 607950
19.57, 607950
19.58, 607950
19.59, 607950
19.6, 607950
19.61, 607950
19.62, 607950
19.63, 607950
19.64, 607950
19.65, 607950
19.66, 607950
19.67, 607950
19.68, 607950
19.69, 607950
19.7, 607950
19.71, 607950
19.72, 607950
19.73, 607950
19.74, 607950
19.75, 607950
19.76, 607950
19.77, 607950
19.78, 607950
19.79, 607950
19.8, 607950
19.81, 607950
19.82, 607950
19.83, 607950
19.84, 607950
19.85, 607950
19.86, 607950
19.87, 607950
19.88, 607950
19.89, 607950
19.9, 607950
19.91, 607950
19.92, 607950
19.93, 607950
19.94, 607950
19.95, 607950
19.96, 607950
19.97, 607950
19.98, 607950
19.99, 607950
20.0, 607950
20.01, 607950
20.02, 607950
20.03, 607950
20.04, 607950
20.05, 607950
20.06, 607950
20.07, 607950
20.08, 607950
20.09, 607950
20.1, 607950
20.11, 607950
20.12, 607950
20.13, 607950
20.14, 607950
20.15, 607950
20.16, 607950
20.17, 607950
20.18, 607950
20.19, 607950
20.2, 607950
20.21, 607950
20.22, 607950
20.23, 607950
20.24, 607950
20.25, 607950
20.26, 607950
20.27, 607950
20.28, 607950
20.29, 607950
20.3, 607950
20.31, 607950
20.32, 607950
20.33, 607950
20.34, 607950
20.35, 607950
20.36, 607950
20.37, 607950
20.38, 607950
20.39, 607950
20.4, 607950
20.41, 607950
20.42, 607950
20.43, 607950
20.44, 607950
20.45, 607950
20.46, 607950
20.47, 607950
20.48, 607950
20.49, 607950
20.5, 607950
20.51, 607950
20.52, 607950
20.53, 607950
20.54, 607950
20.55, 607950
20.56, 607950
20.57, 607950
20.58, 607950
20.59, 607950
20.6, 607950
20.61, 607950
20.62, 607950
20.63, 607950
20.64, 607950
20.65, 607950
20.66, 607950
20.67, 607950
20.68, 607950
20.69, 607950
20.7, 607950
20.71, 607950
20.72, 607950
20.73, 607950
20.74, 607950
20.75, 607950
20.76, 607950
20.77, 607950
20.78, 607950
20.79, 607950
20.8, 607950
20.81, 607950
20.82, 607950
20.83, 607950
20.84, 607950
20.85, 607950
20.86, 607950
20.87, 607950
20.88, 607950
20.89, 607950
20.9, 607950
20.91, 607950
20.92, 607950
20.93, 607950
20.94, 607950
20.95, 607950
20.96, 607950
20.97, 607950
20.98, 607950
20.99, 607950
21.0, 607950
21.01, 607950
21.02, 607950
21.03, 607950
21.04, 607950
21.05, 607950
21.06, 607950
21.07, 607950
21.08, 607950
21.09, 607950
21.1, 607950
21.11, 607950
21.12, 607950
21.13, 607950
21.14, 607950
21.15, 607950
21.16, 607950
21.17, 607950
21.18, 607950
21.19, 607950
21.2, 607950
21.21, 607950
21.22, 607950
21.23, 607950
21.24, 607950
21.25, 607950
21.26, 607950
21.27, 607950
21.28, 607950
21.29, 607950
21.3, 607950
21.31, 607950
21.32, 607950
21.33, 607950
21.34, 607950
21.35, 607950
21.36, 607950
21.37, 607950
21.38, 607950
21.39, 607950
21.4, 607950
21.41, 607950
21.42, 607950
21.43, 607950
21.44, 607950
21.45, 607950
21.46, 607950
21.47, 607950
21.48, 607950
21.49, 607950
21.5, 607950
21.51, 607950
21.52, 607950
21.53, 607950
21.54, 607950
21.55, 607950
21.56, 607950
21.57, 607950
21.58, 607950
21.59, 607950
21.6, 607950
21.61, 607950
21.62, 607950
21.63, 607950
21.64, 607950
21.65, 607950
21.66, 607950
21.67, 607950
21.68, 607950
21.69, 607950
21.7, 607950
21.71, 607950
21.72, 607950
21.73, 607950
21.74, 607950
21.75, 607950
21.76, 607950
21.77, 607950
21.78, 607950
21.79, 607950
21.8, 607950
21.81, 607950
21.82, 607950
21.83, 607950
21.84, 607950
21.85, 607950
21.86, 607950
21.87, 607950
21.88, 607950
21.89, 607950
21.9, 607950
21.91, 607950
21.92, 607950
21.93, 607950
21.94, 607950
21.97, 607950
21.98, 607950
21.99, 607950
22.0, 607950
22.01, 607950
22.02, 607950
22.03, 607950
22.04, 607950
22.05, 607950
22.06, 607950
22.07, 607950
22.08, 607950
22.09, 607950
22.1, 607950
22.11, 607950
22.12, 607950
22.13, 607950
22.14, 607950
22.15, 607950
22.16, 607950
22.17, 607950
22.18, 607950
22.19, 607950
22.2, 607950
22.21, 607950
22.22, 607950
22.23, 607950
22.24, 607950
22.25, 607950
22.26, 607950
22.27, 607950
22.28, 607950
22.29, 607950
22.3, 607950
22.31, 607950
22.32, 607950
22.33, 607950
22.34, 607950
22.35, 607950
22.36, 607950
22.37, 607950
22.38, 607950
22.39, 607950
22.4, 607950
22.41, 607950
22.42, 607950
22.43, 607950
22.44, 607950
22.45, 607950
22.46, 607950
22.47, 607950
22.48, 607950
22.49, 607950
22.5, 607950
22.51, 607950
22.52, 607950
22.53, 607950
22.54, 607950
22.55, 607950
22.56, 607950
22.57, 607950
22.58, 607950
22.59, 607950
22.6, 607950
22.61, 607950
22.62, 607950
22.63, 607950
22.64, 607950
22.65, 607950
22.66, 607950
22.67, 607950
22.68, 607950
22.69, 607950
22.7, 607950
22.71, 607950
22.72, 607950
22.73, 607950
22.74, 607950
22.75, 607950
22.76, 607950
22.77, 607950
22.78, 607950
22.79, 607950
22.8, 607950
22.81, 607950
22.82, 607950
22.83, 607950
22.84, 607950
22.85, 607950
22.86, 607950
22.87, 607950
22.88, 607950
22.89, 607950
22.9, 607950
22.91, 607950
22.92, 607950
22.93, 607950
22.94, 607950
22.95, 607950
22.96, 607950
22.97, 607950
22.98, 607950
22.99, 607950
23.0, 607950
23.01, 607950
23.02, 607950
23.03, 607950
23.04, 607950
23.05, 607950
23.06, 607950
23.07, 607950
23.08, 607950
23.09, 607950
23.1, 607950
23.11, 607950
23.12, 607950
23.13, 607950
23.14, 607950
23.15, 607950
23.16, 607950
23.17, 607950
23.18, 607950
23.19, 607950
23.2, 607950
23.21, 607950
23.22, 607950
23.23, 607950
23.24, 607950
23.25, 607950
23.26, 607950
23.27, 607950
23.28, 607950
23.29, 607950
23.3, 607950
23.31, 607950
23.32, 607950
23.33, 607950
23.34, 607950
23.35, 607950
23.36, 607950
23.37, 607950
23.38, 607950
23.39, 607950
23.4, 607950
23.41, 607950
23.42, 607950
23.43, 607950
23.44, 607950
23.45, 607950
23.46, 607950
23.47, 607950
23.48, 607950
23.49, 607950
23.5, 607950
23.51, 607950
23.52, 607950
23.53, 607950
23.54, 607950
23.55, 607950
23.56, 607950
23.57, 607950
23.58, 607950
23.59, 607950
23.6, 607950
23.61, 607950
23.62, 607950
23.63, 607950
23.64, 607950
23.65, 607950
23.66, 607950
23.67, 607950
23.68, 607950
23.69, 607950
23.7, 607950
23.71, 607950
23.72, 607950
23.73, 607950
23.74, 607950
23.75, 607950
23.76, 607950
23.77, 607950
23.78, 607950
23.79, 607950
23.8, 607950
23.81, 607950
23.82, 607950
23.83, 607950
23.84, 607950
23.85, 607950
23.86, 607950
23.87, 607950
23.88, 607950
23.89, 607950
23.9, 607950
23.91, 607950
23.92, 607950
23.93, 607950
23.94, 607950
23.95, 607950
23.96, 607950
23.97, 607950
23.98, 607950
23.99, 607950
24.0, 607950
24.01, 607950
24.02, 607950
24.03, 607950
24.04, 607950
24.05, 607950
24.06, 607950
24.07, 607950
24.08, 607950
24.09, 607950
24.1, 607950
24.11, 607950
24.12, 607950
24.13, 607950
24.14, 607950
24.15, 607950
24.16, 607950
24.17, 607950
24.18, 607950
24.19, 607950
24.2, 607950
24.21, 607950
24.22, 607950
24.23, 607950
24.24, 607950
24.25, 607950
24.26, 607950
24.27, 607950
24.28, 607950
24.29, 607950
24.3, 607950
24.31, 607950
24.32, 607950
24.33, 607950
24.34, 607950
24.35, 607950
24.36, 607950
24.37, 607950
24.38, 607950
24.39, 607950
24.4, 607950
24.41, 607950
24.42, 607950
24.43, 607950
24.44, 607950
24.45, 607950
24.46, 607950
24.47, 607950
24.48, 607950
24.49, 607950
24.5, 607950
24.51, 607950
24.52, 607950
24.53, 607950
24.54, 607950
24.55, 607950
24.56, 607950
24.57, 607950
24.58, 607950
24.59, 607950
24.6, 607950
24.61, 607950
24.62, 607950
24.63, 607950
24.64, 607950
24.65, 607950
24.66, 607950
24.67, 607950
24.68, 607950
24.69, 607950
24.7, 607950
24.71, 607950
24.72, 607950
24.73, 607950
24.74, 607950
24.75, 607950
24.76, 607950
24.77, 607950
24.78, 607950
24.79, 607950
24.8, 607950
24.81, 607950
24.82, 607950
24.83, 607950
24.84, 607950
24.85, 607950
24.86, 607950
24.87, 607950
24.88, 607950
24.89, 607950
24.9, 607950
24.91, 607950
24.92, 607950
24.93, 607950
24.94, 607950
24.95, 607950
24.96, 607950
24.97, 607950
24.98, 607950
24.99, 607950
25.0, 607950
25.01, 607950
25.02, 607950
25.03, 607950
25.04, 607950
25.05, 607950
25.06, 607950
25.07, 607950
25.08, 607950
25.09, 607950
25.1, 607950
25.11, 607950
25.12, 607950
25.13, 607950
25.14, 607950
25.15, 607950
25.16, 607950
25.17, 607950
25.18, 607950
25.19, 607950
25.2, 607950
25.21, 607950
25.22, 607950
25.23, 607950
25.24, 607950
25.25, 607950
25.26, 607950
25.27, 607950
25.28, 607950
25.29, 607950
25.3, 607950
25.31, 607950
25.32, 607950
25.33, 607950
25.34, 607950
25.35, 607950
25.36, 607950
25.37, 607950
25.38, 607950
25.39, 607950
25.4, 607950
25.41, 607950
25.42, 607950
25.43, 607950
25.44, 607950
25.45, 607950
25.46, 607950
25.47, 607950
25.48, 607950
25.49, 607950
25.5, 607950
25.51, 607950
25.52, 607950
25.53, 607950
25.54, 607950
25.55, 607950
25.56, 607950
25.57, 607950
25.58, 607950
25.59, 607950
25.6, 607950
25.61, 607950
25.62, 607950
25.63, 607950
25.64, 607950
25.65, 607950
25.66, 607950
25.67, 607950
25.68, 607950
25.69, 607950
25.7, 607950
25.71, 607950
25.72, 607950
25.73, 607950
25.74, 607950
25.75, 607950
25.76, 607950
25.77, 607950
25.78, 607950
25.79, 607950
25.8, 607950
25.81, 607950
25.82, 607950
25.83, 607950
25.84, 607950
25.85, 607950
25.86, 607950
25.87, 607950
25.88, 607950
25.89, 607950
25.9, 607950
25.91, 607950
25.92, 607950
25.93, 607950
25.94, 607950
25.95, 607950
25.96, 607950
25.97, 607950
25.98, 607950
25.99, 607950
26.0, 607950
26.01, 607950
26.02, 607950
26.03, 607950
26.04, 607950
26.05, 607950
26.06, 607950
26.07, 607950
26.08, 607950
26.09, 607950
26.1, 607950
26.11, 607950
26.12, 607950
26.13, 607950
26.14, 607950
26.15, 607950
26.16, 607950
26.17, 607950
26.18, 607950
26.19, 607950
26.2, 607950
26.21, 607950
26.22, 607950
26.23, 607950
26.24, 607950
26.25, 607950
26.26, 607950
26.27, 607950
26.28, 607950
26.29, 607950
26.3, 607950
26.31, 607950
26.32, 607950
26.33, 607950
26.34, 607950
26.35, 607950
26.36, 607950
26.37, 607950
26.38, 607950
26.39, 607950
26.4, 607950
26.41, 607950
26.42, 607950
26.43, 607950
26.44, 607950
26.45, 607950
26.46, 607950
26.47, 607950
26.48, 607950
26.49, 607950
26.5, 607950
26.51, 607950
26.52, 607950
26.53, 607950
26.54, 607950
26.55, 607950
26.56, 607950
26.57, 607950
26.58, 607950
26.59, 607950
26.6, 607950
26.61, 607950
26.62, 607950
26.63, 607950
26.64, 607950
26.65, 607950
26.66, 607950
26.67, 607950
26.68, 607950
26.69, 607950
26.7, 607950
26.71, 607950
26.72, 607950
26.73, 607950
26.74, 607950
26.75, 607950
26.76, 607950
26.77, 607950
26.78, 607950
26.79, 607950
26.8, 607950
26.81, 607950
26.82, 607950
26.83, 607950
26.84, 607950
26.85, 607950
26.86, 607950
26.87, 607950
26.88, 607950
26.89, 607950
26.9, 607950
26.91, 607950
26.92, 607950
26.93, 607950
26.94, 607950
26.95, 607950
26.96, 607950
26.97, 607950
26.98, 607950
26.99, 607950
27.0, 607950
27.01, 607950
27.02, 607950
27.03, 607950
27.04, 607950
27.05, 607950
27.06, 607950
27.07, 607950
27.08, 607950
27.09, 607950
27.1, 607950
27.11, 607950
27.12, 607950
27.13, 607950
27.14, 607950
27.15, 607950
27.16, 607950
27.17, 607950
27.18, 607950
27.19, 607950
27.2, 607950
27.21, 607950
27.22, 607950
27.23, 607950
27.24, 607950
27.25, 607950
27.26, 607950
27.27, 607950
27.28, 607950
27.29, 607950
27.3, 607950
27.31, 607950
27.32, 607950
27.33, 607950
27.34, 607950
27.35, 607950
27.36, 607950
27.37, 607950
27.38, 607950
27.39, 607950
27.4, 607950
27.41, 607950
27.42, 607950
27.43, 607950
27.44, 607950
27.45, 607950
27.46, 607950
27.47, 607950
27.48, 607950
27.49, 607950
27.5, 607950
27.51, 607950
27.52, 607950
27.53, 607950
27.54, 607950
27.55, 607950
27.56, 607950
27.57, 607950
27.58, 607950
27.59, 607950
27.6, 607950
27.61, 607950
27.62, 607950
27.63, 607950
27.64, 607950
27.65, 607950
27.66, 607950
27.67, 607950
27.68, 607950
27.69, 607950
27.7, 607950
27.71, 607950
27.72, 607950
27.73, 607950
27.74, 607950
27.75, 607950
27.76, 607950
27.77, 607950
27.78, 607950
27.79, 607950
27.8, 607950
27.81, 607950
27.82, 607950
27.83, 607950
27.84, 607950
27.85, 607950
27.86, 607950
27.87, 607950
27.88, 607950
27.89, 607950
27.9, 607950
27.91, 607950
27.92, 607950
27.93, 607950
27.94, 607950
27.95, 607950
27.96, 607950
27.97, 607950
27.98, 607950
27.99, 607950
28.0, 607950
28.01, 607950
28.02, 607950
28.03, 607950
28.04, 607950
28.05, 607950
28.06, 607950
28.07, 607950
28.08, 607950
28.09, 607950
28.1, 607950
28.11, 607950
28.12, 607950
28.13, 607950
28.14, 607950
28.15, 607950
28.16, 607950
28.17, 607950
28.18, 607950
28.19, 607950
28.2, 607950
28.21, 607950
28.22, 607950
28.23, 607950
28.24, 607950
28.25, 607950
28.26, 607950
28.27, 607950
28.28, 607950
28.29, 607950
28.3, 607950
28.31, 607950
28.32, 607950
28.33, 607950
28.34, 607950
28.35, 607950
28.36, 607950
28.37, 607950
28.38, 607950
28.39, 607950
28.4, 607950
28.41, 607950
28.42, 607950
28.43, 607950
28.44, 607950
28.45, 607950
28.46, 607950
28.47, 607950
28.48, 607950
28.49, 607950
28.5, 607950
28.51, 607950
28.52, 607950
28.53, 607950
28.54, 607950
28.55, 607950
28.56, 607950
28.57, 607950
28.58, 607950
28.59, 607950
28.6, 607950
28.61, 607950
28.62, 607950
28.63, 607950
28.64, 607950
28.65, 607950
28.66, 607950
28.67, 607950
28.68, 607950
28.69, 607950
28.7, 607950
28.71, 607950
28.72, 607950
28.73, 607950
28.74, 607950
28.75, 607950
28.76, 607950
28.77, 607950
28.78, 607950
28.79, 607950
28.8, 607950
28.81, 607950
28.82, 607950
28.83, 607950
28.84, 607950
28.85, 607950
28.86, 607950
28.87, 607950
28.88, 607950
28.89, 607950
28.9, 607950
28.91, 607950
28.92, 607950
28.93, 607950
28.94, 607950
28.95, 607950
28.96, 607950
28.97, 607950
28.98, 607950
28.99, 607950
29.0, 607950
29.01, 607950
29.02, 607950
29.03, 607950
29.04, 607950
29.05, 607950
29.06, 607950
29.07, 607950
29.08, 607950
29.09, 607950
29.1, 607950
29.11, 607950
29.12, 607950
29.13, 607950
29.14, 607950
29.15, 607950
29.16, 607950
29.17, 607950
29.18, 607950
29.19, 607950
29.2, 607950
29.21, 607950
29.22, 607950
29.23, 607950
29.24, 607950
29.25, 607950
29.26, 607950
29.27, 607950
29.28, 607950
29.29, 607950
29.3, 607950
29.31, 607950
29.32, 607950
29.33, 607950
29.34, 607950
29.35, 607950
29.36, 607950
29.37, 607950
29.38, 607950
29.39, 607950
29.4, 607950
29.41, 607950
29.42, 607950
29.43, 607950
29.44, 607950
29.45, 607950
29.46, 607950
29.47, 607950
29.48, 607950
29.49, 607950
29.5, 607950
29.51, 607950
29.52, 607950
29.53, 607950
29.54, 607950
29.55, 607950
29.56, 607950
29.57, 607950
29.58, 607950
29.59, 607950
29.6, 607950
29.61, 607950
29.62, 607950
29.63, 607950
29.64, 607950
29.65, 607950
29.66, 607950
29.67, 607950
29.68, 607950
29.69, 607950
29.7, 607950
29.71, 607950
29.72, 607950
29.73, 607950
29.74, 607950
29.75, 607950
29.76, 607950
29.77, 607950
29.78, 607950
29.79, 607950
29.8, 607950
29.81, 607950
29.82, 607950
29.83, 607950
29.84, 607950
29.85, 607950
29.86, 607950
29.87, 607950
29.88, 607950
29.89, 607950
29.9, 607950
29.91, 607950
29.92, 607950
29.93, 607950
29.94, 607950
29.95, 607950
29.96, 607950
29.97, 607950
29.98, 607950
29.99, 607950
30.0, 607950
30.01, 607950
30.02, 607950
30.03, 607950
30.04, 607950
30.05, 607950
30.06, 607950
30.07, 607950
30.08, 607950
30.09, 607950
30.1, 607950
30.11, 607950
30.12, 607950
30.13, 607950
30.14, 607950
30.15, 607950
30.16, 607950
30.17, 607950
30.18, 607950
30.19, 607950
30.2, 607950
30.21, 607950
30.22, 607950
30.23, 607950
30.24, 607950
30.25, 607950
30.26, 607950
30.27, 607950
30.28, 607950
30.29, 607950
30.3, 607950
30.31, 607950
30.32, 607950
30.33, 607950
30.34, 607950
30.35, 607950
30.36, 607950
30.37, 607950
30.38, 607950
30.39, 607950
30.4, 607950
30.41, 607950
30.42, 607950
30.43, 607950
30.44, 607950
30.45, 607950
30.46, 607950
30.47, 607950
30.48, 607950
30.49, 607950
30.5, 607950
30.51, 607950
30.52, 607950
30.53, 607950
30.54, 607950
30.55, 607950
30.56, 607950
30.57, 607950
30.58, 607950
30.59, 607950
30.6, 607950
30.61, 607950
30.62, 607950
30.63, 607950
30.64, 607950
30.65, 607950
30.66, 607950
30.67, 607950
30.68, 607950
30.69, 607950
30.7, 607950
30.71, 607950
30.72, 607950
30.73, 607950
30.74, 607950
30.75, 607950
30.76, 607950
30.77, 607950
30.78, 607950
30.79, 607950
30.8, 607950
30.81, 607950
30.82, 607950
30.83, 607950
30.84, 607950
30.85, 607950
30.86, 607950
30.87, 607950
30.88, 607950
30.89, 607950
30.9, 607950
30.91, 607950
30.92, 607950
30.93, 607950
30.94, 607950
30.95, 607950
30.96, 607950
30.97, 607950
30.98, 607950
30.99, 607950
31.0, 607950
31.01, 607950
31.02, 607950
31.03, 607950
31.04, 607950
31.05, 607950
31.06, 607950
31.07, 607950
31.08, 607950
31.09, 607950
31.1, 607950
31.11, 607950
31.12, 607950
31.13, 607950
31.14, 607950
31.15, 607950
31.16, 607950
31.17, 607950
31.18, 607950
31.19, 607950
31.2, 607950
31.21, 607950
31.22, 607950
31.23, 607950
31.24, 607950
31.25, 607950
31.26, 607950
31.27, 607950
31.28, 607950
31.29, 607950
31.3, 607950
31.31, 607950
31.32, 607950
31.33, 607950
31.34, 607950
31.35, 607950
31.36, 607950
31.37, 607950
31.38, 607950
31.39, 607950
31.4, 607950
31.41, 607950
31.42, 607950
31.43, 607950
31.44, 607950
31.45, 607950
31.46, 607950
31.47, 607950
31.48, 607950
31.49, 607950
31.5, 607950
31.51, 607950
31.52, 607950
31.53, 607950
31.54, 607950
31.55, 607950
31.56, 607950
31.57, 607950
31.58, 607950
31.59, 607950
31.6, 607950
31.61, 607950
31.62, 607950
31.63, 607950
31.64, 607950
31.65, 607950
31.66, 607950
31.67, 607950
31.68, 607950
31.69, 607950
31.7, 607950
31.71, 607950
31.72, 607950
31.73, 607950
31.74, 607950
31.75, 607950
31.76, 607950
31.77, 607950
31.78, 607950
31.79, 607950
31.8, 607950
31.81, 607950
31.82, 607950
31.83, 607950
31.84, 607950
31.85, 607950
31.86, 607950
31.87, 607950
31.88, 607950
31.89, 607950
31.9, 607950
31.91, 607950
31.92, 607950
31.93, 607950
31.94, 607950
31.95, 607950
31.96, 607950
31.97, 607950
31.98, 607950
31.99, 607950
32.0, 607950
32.01, 607950
32.02, 607950
32.03, 607950
32.04, 607950
32.05, 607950
32.06, 607950
32.07, 607950
32.08, 607950
32.09, 607950
32.1, 607950
32.11, 607950
32.12, 607950
32.13, 607950
32.14, 607950
32.15, 607950
32.16, 607950
32.17, 607950
32.18, 607950
32.19, 607950
32.2, 607950
32.21, 607950
32.22, 607950
32.23, 607950
32.24, 607950
32.25, 607950
32.26, 607950
32.27, 607950
32.28, 607950
32.29, 607950
32.3, 607950
32.31, 607950
32.32, 607950
32.33, 607950
32.34, 607950
32.35, 607950
32.36, 607950
32.37, 607950
32.38, 607950
32.39, 607950
32.4, 607950
32.41, 607950
32.42, 607950
32.43, 607950
32.44, 607950
32.45, 607950
32.46, 607950
32.47, 607950
32.48, 607950
32.49, 607950
32.5, 607950
32.51, 607950
32.52, 607950
32.53, 607950
32.54, 607950
32.55, 607950
32.56, 607950
32.57, 607950
32.58, 607950
32.59, 607950
32.6, 607950
32.61, 607950
32.62, 607950
32.63, 607950
32.64, 607950
32.65, 607950
32.66, 607950
32.67, 607950
32.68, 607950
32.69, 607950
32.7, 607950
32.71, 607950
32.72, 607950
32.73, 607950
32.74, 607950
32.75, 607950
32.76, 607950
32.77, 607950
32.78, 607950
32.79, 607950
32.8, 607950
32.81, 607950
32.82, 607950
32.83, 607950
32.84, 607950
32.85, 607950
32.86, 607950
32.87, 607950
32.88, 607950
32.89, 607950
32.9, 607950
32.91, 607950
32.92, 607950
32.93, 607950
32.94, 607950
32.95, 607950
32.96, 607950
32.97, 607950
32.98, 607950
32.99, 607950
33.0, 607950
33.01, 607950
33.02, 607950
33.03, 607950
33.04, 607950
33.05, 607950
33.06, 607950
33.07, 607950
33.08, 607950
33.09, 607950
33.1, 607950
33.11, 607950
33.12, 607950
33.13, 607950
33.14, 607950
33.15, 607950
33.16, 607950
33.17, 607950
33.18, 607950
33.19, 607950
33.2, 607950
33.21, 607950
33.22, 607950
33.23, 607950
33.24, 607950
33.25, 607950
33.26, 607950
33.27, 607950
33.28, 607950
33.29, 607950
33.3, 607950
33.31, 607950
33.32, 607950
33.33, 607950
33.34, 607950
33.35, 607950
33.36, 607950
33.37, 607950
33.38, 607950
33.39, 607950
33.4, 607950
33.41, 607950
33.42, 607950
33.43, 607950
33.44, 607950
33.45, 607950
33.46, 607950
33.47, 607950
33.48, 607950
33.49, 607950
33.5, 607950
33.51, 607950
33.52, 607950
33.53, 607950
33.54, 607950
33.55, 607950
33.56, 607950
33.57, 607950
33.58, 607950
33.59, 607950
33.6, 607950
33.61, 607950
33.62, 607950
33.63, 607950
33.64, 607950
33.65, 607950
33.66, 607950
33.67, 607950
33.68, 607950
33.69, 607950
33.7, 607950
33.71, 607950
33.72, 607950
33.73, 607950
33.74, 607950
33.75, 607950
33.76, 607950
33.77, 607950
33.78, 607950
33.79, 607950
33.8, 607950
33.81, 607950
33.82, 607950
33.83, 607950
33.84, 607950
33.85, 607950
33.86, 607950
33.87, 607950
33.88, 607950
33.89, 607950
33.9, 607950
33.91, 607950
33.92, 607950
33.93, 607950
33.94, 607950
33.95, 607950
33.96, 607950
33.97, 607950
33.98, 607950
33.99, 607950
34.0, 607950
34.01, 607950
34.02, 607950
34.03, 607950
34.04, 607950
34.05, 607950
34.06, 607950
34.07, 607950
34.08, 607950
34.09, 607950
34.1, 607950
34.11, 607950
34.12, 607950
34.13, 607950
34.14, 607950
34.15, 607950
34.16, 607950
34.17, 607950
34.18, 607950
34.19, 607950
34.2, 607950
34.21, 607950
34.22, 607950
34.23, 607950
34.24, 607950
34.25, 607950
34.26, 607950
34.27, 607950
34.28, 607950
34.29, 607950
34.3, 607950
34.31, 607950
34.32, 607950
34.33, 607950
34.34, 607950
34.35, 607950
34.36, 607950
34.37, 607950
34.38, 607950
34.39, 607950
34.4, 607950
34.41, 607950
34.42, 607950
34.43, 607950
34.44, 607950
34.45, 607950
34.46, 607950
34.47, 607950
34.48, 607950
34.49, 607950
34.5, 607950
34.51, 607950
34.52, 607950
34.53, 607950
34.54, 607950
34.55, 607950
34.56, 607950
34.57, 607950
34.58, 607950
34.59, 607950
34.6, 607950
34.61, 607950
34.62, 607950
34.63, 607950
34.64, 607950
34.65, 607950
34.66, 607950
34.67, 607950
34.68, 607950
34.69, 607950
34.7, 607950
34.71, 607950
34.72, 607950
34.73, 607950
34.74, 607950
34.75, 607950
34.76, 607950
34.77, 607950
34.78, 607950
34.79, 607950
34.8, 607950
34.81, 607950
34.82, 607950
34.83, 607950
34.84, 607950
34.85, 607950
34.86, 607950
34.87, 607950
34.88, 607950
34.89, 607950
34.9, 607950
34.91, 607950
34.92, 607950
34.93, 607950
34.94, 607950
34.95, 607950
34.96, 607950
34.97, 607950
34.98, 607950
34.99, 607950
35.0, 607950
35.01, 607950
35.02, 607950
35.03, 607950
35.04, 607950
35.05, 607950
35.06, 607950
35.07, 607950
35.08, 607950
35.09, 607950
35.1, 607950
35.11, 607950
35.12, 607950
35.13, 607950
35.14, 607950
35.15, 607950
35.16, 607950
35.17, 607950
35.18, 607950
35.19, 607950
35.2, 607950
35.21, 607950
35.22, 607950
35.23, 607950
35.24, 607950
35.25, 607950
35.26, 607950
35.27, 607950
35.28, 607950
35.29, 607950
35.3, 607950
35.31, 607950
35.32, 607950
35.33, 607950
35.34, 607950
35.35, 607950
35.36, 607950
35.37, 607950
35.38, 607950
35.39, 607950
35.4, 607950
35.41, 607950
35.42, 607950
35.43, 607950
35.44, 607950
35.45, 607950
35.46, 607950
35.47, 607950
35.48, 607950
35.49, 607950
35.5, 607950
35.51, 607950
35.52, 607950
35.53, 607950
35.54, 607950
35.55, 607950
35.56, 607950
35.57, 607950
35.58, 607950
35.59, 607950
35.6, 607950
35.61, 607950
35.62, 607950
35.63, 607950
35.64, 607950
35.65, 607950
35.66, 607950
35.67, 607950
35.68, 607950
35.69, 607950
35.7, 607950
35.71, 607950
35.72, 607950
35.73, 607950
35.74, 607950
35.75, 607950
35.76, 607950
35.77, 607950
35.78, 607950
35.79, 607950
35.8, 607950
35.81, 607950
35.82, 607950
35.83, 607950
35.84, 607950
35.85, 607950
35.86, 607950
35.87, 607950
35.88, 607950
35.89, 607950
35.9, 607950
35.91, 607950
35.92, 607950
35.93, 607950
35.94, 607950
35.95, 607950
35.96, 607950
35.97, 607950
35.98, 607950
35.99, 607950
36.0, 607950
36.01, 607950
36.02, 607950
36.03, 607950
36.04, 607950
36.05, 607950
36.06, 607950
36.07, 607950
36.08, 607950
36.09, 607950
36.1, 607950
36.11, 607950
36.12, 607950
36.13, 607950
36.14, 607950
36.15, 607950
36.16, 607950
36.17, 607950
36.18, 607950
36.19, 607950
36.2, 607950
36.21, 607950
36.22, 607950
36.23, 607950
36.24, 607950
36.25, 607950
36.26, 607950
36.27, 607950
36.28, 607950
36.29, 607950
36.3, 607950
36.31, 607950
36.32, 607950
36.33, 607950
36.34, 607950
36.35, 607950
36.36, 607950
36.37, 607950
36.38, 607950
36.39, 607950
36.4, 607950
36.41, 607950
36.42, 607950
36.43, 607950
36.44, 607950
36.45, 607950
36.46, 607950
36.47, 607950
36.48, 607950
36.49, 607950
36.5, 607950
36.51, 607950
36.52, 607950
36.53, 607950
36.54, 607950
36.55, 607950
36.56, 607950
36.57, 607950
36.58, 607950
36.59, 607950
36.6, 607950
36.61, 607950
36.62, 607950
36.63, 607950
36.64, 607950
36.65, 607950
36.66, 607950
36.67, 607950
36.68, 607950
36.69, 607950
36.7, 607950
36.71, 607950
36.72, 607950
36.73, 607950
36.74, 607950
36.75, 607950
36.76, 607950
36.77, 607950
36.78, 607950
36.79, 607950
36.8, 607950
36.81, 607950
36.82, 607950
36.83, 607950
36.84, 607950
36.85, 607950
36.86, 607950
36.87, 607950
36.88, 607950
36.89, 607950
36.9, 607950
36.91, 607950
36.92, 607950
36.93, 607950
36.94, 607950
36.95, 607950
36.96, 607950
36.97, 607950
36.98, 607950
36.99, 607950
37.0, 607950
37.01, 607950
37.02, 607950
37.03, 607950
37.04, 607950
37.05, 607950
37.06, 607950
37.07, 607950
37.08, 607950
37.09, 607950
37.1, 607950
37.11, 607950
37.12, 607950
37.13, 607950
37.14, 607950
37.15, 607950
37.16, 607950
37.17, 607950
37.18, 607950
37.19, 607950
37.2, 607950
37.21, 607950
37.22, 607950
37.23, 607950
37.24, 607950
37.25, 607950
37.26, 607950
37.27, 607950
37.28, 607950
37.29, 607950
37.3, 607950
37.31, 607950
37.32, 607950
37.33, 607950
37.34, 607950
37.35, 607950
37.36, 607950
37.37, 607950
37.38, 607950
37.39, 607950
37.4, 607950
37.41, 607950
37.42, 607950
37.43, 607950
37.44, 607950
37.45, 607950
37.46, 607950
37.47, 607950
37.48, 607950
37.49, 607950
37.5, 607950
37.51, 607950
37.52, 607950
37.53, 607950
37.54, 607950
37.55, 607950
37.56, 607950
37.57, 607950
37.58, 607950
37.59, 607950
37.6, 607950
37.61, 607950
37.62, 607950
37.63, 607950
37.64, 607950
37.65, 607950
37.66, 607950
37.67, 607950
37.68, 607950
37.69, 607950
37.7, 607950
37.71, 607950
37.72, 607950
37.73, 607950
37.74, 607950
37.75, 607950
37.76, 607950
37.77, 607950
37.78, 607950
37.79, 607950
37.8, 607950
37.81, 607950
37.82, 607950
37.83, 607950
37.84, 607950
37.85, 607950
37.86, 607950
37.87, 607950
37.88, 607950
37.89, 607950
37.9, 607950
37.91, 607950
37.92, 607950
37.93, 607950
37.94, 607950
37.95, 607950
37.96, 607950
37.97, 607950
37.98, 607950
37.99, 607950
38.0, 607950
38.01, 607950
38.02, 607950
38.03, 607950
38.04, 607950
38.05, 607950
38.06, 607950
38.07, 607950
38.08, 607950
38.09, 607950
38.1, 607950
38.11, 607950
38.12, 607950
38.13, 607950
38.14, 607950
38.15, 607950
38.16, 607950
38.17, 607950
38.18, 607950
38.19, 607950
38.2, 607950
38.21, 607950
38.22, 607950
38.23, 607950
38.24, 607950
38.25, 607950
38.26, 607950
38.27, 607950
38.28, 607950
38.29, 607950
38.3, 607950
38.31, 607950
38.32, 607950
38.33, 607950
38.34, 607950
38.35, 607950
38.36, 607950
38.37, 607950
38.38, 607950
38.39, 607950
38.4, 607950
38.41, 607950
38.42, 607950
38.43, 607950
38.44, 607950
38.45, 607950
38.46, 607950
38.47, 607950
38.48, 607950
38.49, 607950
38.5, 607950
38.51, 607950
38.52, 607950
38.53, 607950
38.54, 607950
38.55, 607950
38.56, 607950
38.57, 607950
38.58, 607950
38.59, 607950
38.6, 607950
38.61, 607950
38.62, 607950
38.63, 607950
38.64, 607950
38.65, 607950
38.66, 607950
38.67, 607950
38.68, 607950
38.69, 607950
38.7, 607950
38.71, 607950
38.72, 607950
38.73, 607950
38.74, 607950
38.75, 607950
38.76, 607950
38.77, 607950
38.78, 607950
38.79, 607950
38.8, 607950
38.81, 607950
38.82, 607950
38.83, 607950
38.84, 607950
38.85, 607950
38.86, 607950
38.87, 607950
38.88, 607950
38.89, 607950
38.9, 607950
38.91, 607950
38.92, 607950
38.93, 607950
38.94, 607950
38.95, 607950
38.96, 607950
38.97, 607950
38.98, 607950
38.99, 607950
39.0, 607950
39.01, 607950
39.02, 607950
39.03, 605429
39.04, 605429
39.05, 605429
39.06, 605429
39.07, 605429
39.08, 605429
39.09, 605429
39.1, 605429
39.11, 605429
39.12, 605429
39.13, 605429
39.14, 605429
39.15, 605429
39.16, 605429
39.17, 605429
39.18, 605429
39.19, 605429
39.2, 605429
39.21, 605429
39.22, 605429
39.23, 605429
39.24, 605429
39.25, 605429
39.26, 605429
39.27, 605429
39.28, 605429
39.29, 605429
39.3, 605429
39.31, 605429
39.32, 605429
39.33, 605429
39.34, 605429
39.35, 605429
39.36, 605429
39.37, 605429
39.38, 605429
39.39, 605429
39.4, 605429
39.41, 605429
39.42, 605429
39.43, 605429
39.44, 605429
39.45, 605429
39.46, 605429
39.47, 605429
39.48, 605429
39.49, 605429
39.5, 605429
39.51, 605429
39.52, 605429
39.53, 605429
39.54, 605429
39.55, 605429
39.56, 605429
39.57, 605429
39.58, 605429
39.59, 605429
39.6, 605429
39.61, 605429
39.62, 605429
39.63, 605429
39.64, 605429
39.65, 605429
39.66, 605429
39.67, 605429
39.68, 605429
39.69, 605429
39.7, 605429
39.71, 605429
39.72, 605429
39.73, 605429
39.74, 605429
39.75, 605429
39.76, 605429
39.77, 605429
39.78, 605429
39.79, 605429
39.8, 605429
39.81, 605429
39.82, 605429
39.83, 605429
39.84, 605429
39.85, 605429
39.86, 605429
39.87, 605429
39.88, 605429
39.89, 605429
39.9, 605429
39.91, 605429
39.92, 605429
39.93, 605429
39.94, 605429
39.95, 605429
39.96, 605429
39.97, 605429
39.98, 605429
39.99, 605429
40.0, 605429
40.01, 605429
40.02, 605429
40.03, 605429
40.04, 605429
40.05, 605429
40.06, 605429
40.07, 605429
40.08, 605429
40.09, 605429
40.1, 605429
40.11, 605429
40.12, 605429
40.13, 605429
40.14, 605429
40.15, 605429
40.16, 605429
40.17, 605429
40.18, 605429
40.19, 605429
40.2, 605429
40.21, 605429
40.22, 605429
40.23, 605429
40.24, 605429
40.25, 605429
40.26, 605429
40.27, 605429
40.28, 605429
40.29, 605429
40.3, 605429
40.31, 605429
40.32, 605429
40.33, 605429
40.34, 605429
40.35, 605429
40.36, 605429
40.37, 605429
40.38, 605429
40.39, 605429
40.4, 605429
40.41, 605429
40.42, 605429
40.43, 605429
40.44, 605429
40.45, 605429
40.46, 605429
40.47, 605429
40.48, 605429
40.49, 605429
40.5, 605429
40.51, 605429
40.52, 605429
40.53, 605429
40.54, 605429
40.55, 605429
40.56, 605429
40.57, 605429
40.58, 605429
40.59, 605429
40.6, 605429
40.61, 605429
40.62, 605429
40.63, 605429
40.64, 605429
40.65, 605429
40.66, 605429
40.67, 605429
40.68, 605429
40.69, 605429
40.7, 605429
40.71, 605429
40.72, 605429
40.73, 605429
40.74, 605429
40.75, 605429
40.76, 605429
40.77, 605429
40.78, 605429
40.79, 605429
40.8, 605429
40.81, 605429
40.82, 605429
40.83, 605429
40.84, 605429
40.85, 605429
40.86, 605429
40.87, 605429
40.88, 605429
40.89, 605429
40.9, 605429
40.91, 605429
40.92, 605429
40.93, 605429
40.94, 605429
40.95, 605429
40.96, 605429
40.97, 605429
40.98, 605429
40.99, 605429
41.0, 605429
41.01, 605429
41.02, 605429
41.03, 605429
41.04, 605429
41.05, 605429
41.06, 605429
41.07, 605429
41.08, 605429
41.09, 605429
41.1, 605429
41.11, 605429
41.12, 605429
41.13, 605429
41.14, 605429
41.15, 605429
41.16, 605429
41.17, 605429
41.18, 605429
41.19, 605429
41.2, 605429
41.21, 605429
41.22, 605429
41.23, 605429
41.24, 605429
41.25, 605429
41.26, 605429
41.27, 605429
41.28, 605429
41.29, 605429
41.3, 605429
41.31, 605429
41.32, 605429
41.33, 605429
41.34, 605429
41.35, 605429
41.36, 605429
41.37, 605429
41.38, 605429
41.39, 605429
41.4, 605429
41.41, 605429
41.42, 605429
41.43, 605429
41.44, 605429
41.45, 605429
41.46, 605429
41.47, 605429
41.48, 605429
41.49, 605429
41.5, 605429
41.51, 605429
41.52, 605429
41.53, 605429
41.54, 605429
41.55, 605429
41.56, 605429
41.57, 605429
41.58, 605429
41.59, 605429
41.6, 605429
41.61, 605429
41.62, 605429
41.63, 605429
41.64, 605429
41.65, 605429
41.66, 605429
41.67, 605429
41.68, 605429
41.69, 605429
41.7, 605429
41.71, 605429
41.72, 605429
41.73, 605429
41.74, 605429
41.75, 605429
41.76, 605429
41.77, 605429
41.78, 605429
41.79, 605429
41.8, 605429
41.81, 605429
41.82, 605429
41.83, 605429
41.84, 605429
41.85, 605429
41.86, 605429
41.87, 605429
41.88, 605429
41.89, 605429
41.9, 605429
41.91, 605429
41.92, 605429
41.93, 605429
41.94, 605429
41.95, 605429
41.96, 605429
41.97, 605429
41.98, 605429
41.99, 605429
42.0, 605429
42.01, 605429
42.02, 605429
42.03, 605429
42.04, 605429
42.05, 605429
42.06, 605429
42.07, 605429
42.08, 605429
42.09, 605429
42.1, 605429
42.11, 605429
42.12, 605429
42.13, 605429
42.14, 605429
42.15, 605429
42.16, 605429
42.17, 605429
42.18, 605429
42.19, 605429
42.2, 605429
42.21, 605429
42.22, 605429
42.23, 605429
42.24, 605429
42.25, 605429
42.26, 605429
42.27, 605429
42.28, 605429
42.29, 605429
42.3, 605429
42.31, 605429
42.32, 605429
42.33, 605429
42.34, 605429
42.35, 605429
42.36, 605429
42.37, 605429
42.38, 605429
42.39, 605429
42.4, 605429
42.41, 605429
42.42, 605429
42.43, 605429
42.44, 605429
42.45, 605429
42.46, 605429
42.47, 605429
42.48, 605429
42.49, 605429
42.5, 605429
42.51, 605429
42.52, 605429
42.53, 605429
42.54, 605429
42.55, 605429
42.56, 605429
42.57, 605429
42.58, 605429
42.59, 605429
42.6, 605429
42.61, 605429
42.62, 605429
42.63, 605429
42.64, 605429
42.65, 605429
42.66, 605429
42.67, 605429
42.68, 605429
42.69, 605429
42.7, 605429
42.71, 605429
42.72, 605429
42.73, 605429
42.74, 605429
42.75, 605429
42.76, 605429
42.77, 605429
42.78, 605429
42.79, 605429
42.8, 605429
42.81, 605429
42.82, 605429
42.83, 605429
42.84, 605429
42.85, 605429
42.86, 605429
42.87, 605429
42.88, 605429
42.89, 605429
42.9, 605429
42.91, 605429
42.92, 605429
42.93, 605429
42.94, 605429
42.95, 605429
42.96, 605429
42.97, 605429
42.98, 605429
42.99, 605429
43.0, 605429
43.01, 605429
43.02, 605429
43.03, 605429
43.04, 605429
43.05, 605429
43.06, 605429
43.07, 605429
43.08, 605429
43.09, 605429
43.1, 605429
43.11, 605429
43.12, 605429
43.13, 605429
43.14, 605429
43.15, 605429
43.16, 605429
43.17, 605429
43.18, 605429
43.19, 605429
43.2, 605429
43.21, 605429
43.22, 605429
43.23, 605429
43.24, 605429
43.25, 605429
43.26, 605429
43.27, 605429
43.28, 605429
43.29, 605429
43.3, 605429
43.31, 605429
43.32, 605429
43.33, 605429
43.34, 605429
43.35, 605429
43.36, 605429
43.37, 605429
43.38, 605429
43.39, 605429
43.4, 605429
43.41, 605429
43.42, 605429
43.43, 605429
43.44, 605429
43.45, 605429
43.46, 605429
43.47, 605429
43.48, 605429
43.49, 605429
43.5, 605429
43.51, 605429
43.52, 605429
43.53, 605429
43.54, 605429
43.55, 605429
43.56, 605429
43.57, 605429
43.58, 605429
43.59, 605429
43.6, 605429
43.61, 605429
43.62, 605429
43.63, 605429
43.64, 605429
43.65, 605429
43.66, 605429
43.67, 605429
43.68, 605429
43.69, 605429
43.7, 605429
43.71, 605429
43.72, 605429
43.73, 605429
43.74, 605429
43.75, 605429
43.76, 605429
43.77, 605429
43.78, 605429
43.79, 605429
43.8, 605429
43.81, 605429
43.82, 605429
43.83, 605429
43.84, 605429
43.85, 605429
43.86, 605429
43.87, 605429
43.88, 605429
43.89, 605429
43.9, 605429
43.91, 605429
43.92, 605429
43.93, 605429
43.94, 605429
43.95, 605429
43.96, 605429
43.97, 605429
43.98, 605429
43.99, 605429
44.0, 605429
44.01, 605429
44.02, 605429
44.03, 605429
44.04, 605429
44.05, 605429
44.06, 605429
44.07, 605429
44.08, 605429
44.09, 605429
44.1, 605429
44.11, 605429
44.12, 605429
44.13, 605429
44.14, 605429
44.15, 605429
44.16, 605429
44.17, 605429
44.18, 605429
44.19, 605429
44.2, 605429
44.21, 605429
44.22, 605429
44.23, 605429
44.24, 605429
44.25, 605429
44.26, 605429
44.27, 605429
44.28, 605429
44.29, 605429
44.3, 605429
44.31, 605429
44.32, 605429
44.33, 605429
44.34, 605429
44.35, 605429
44.36, 605429
44.37, 605429
44.38, 605429
44.39, 605429
44.4, 605429
44.41, 605429
44.42, 605429
44.43, 605429
44.44, 605429
44.45, 605429
44.46, 605429
44.47, 605429
44.48, 605429
44.49, 605429
44.5, 605429
44.51, 605429
44.52, 605429
44.53, 605429
44.54, 605429
44.55, 605429
44.56, 605429
44.57, 605429
44.58, 605429
44.59, 605429
44.6, 605429
44.61, 605429
44.62, 605429
44.63, 605429
44.64, 605429
44.65, 605429
44.66, 605429
44.67, 605429
44.68, 605429
44.69, 605429
44.7, 605429
44.71, 605429
44.72, 605429
44.73, 605429
44.74, 605429
44.75, 605429
44.76, 605429
44.77, 605429
44.78, 605429
44.79, 605429
44.8, 605429
44.81, 605429
44.82, 605429
44.83, 605429
44.84, 605429
44.85, 605429
44.86, 605429
44.87, 605429
44.88, 605429
44.89, 605429
44.9, 605429
44.91, 605429
44.92, 605429
44.93, 605429
44.94, 605429
44.95, 605429
44.96, 605429
44.97, 605429
44.98, 605429
44.99, 605429
45.0, 605429
45.01, 605429
45.02, 605429
45.03, 605429
45.04, 605429
45.05, 605429
45.06, 605429
45.07, 605429
45.08, 605429
45.09, 605429
45.1, 605429
45.11, 605429
45.12, 605429
45.13, 605429
45.14, 605429
45.15, 605429
45.16, 605429
45.17, 605429
45.18, 605429
45.19, 605429
45.2, 605429
45.21, 605429
45.22, 605429
45.23, 605429
45.24, 605429
45.25, 605429
45.26, 605429
45.27, 605429
45.28, 605429
45.29, 605429
45.3, 605429
45.31, 605429
45.32, 605429
45.33, 605429
45.34, 605429
45.35, 605429
45.36, 605429
45.37, 605429
45.38, 605429
45.39, 605429
45.4, 605429
45.41, 605429
45.42, 605429
45.43, 605429
45.44, 605429
45.45, 605429
45.46, 605429
45.47, 605429
45.48, 605429
45.49, 605429
45.5, 605429
45.51, 605429
45.52, 605429
45.53, 605429
45.54, 605429
45.55, 605429
45.56, 605429
45.57, 605429
45.58, 605429
45.59, 605429
45.6, 605429
45.61, 605429
45.62, 605429
45.63, 605429
45.64, 605429
45.65, 605429
45.66, 605429
45.67, 605429
45.68, 605429
45.69, 605429
45.7, 605429
45.71, 605429
45.72, 605429
45.73, 605429
45.74, 605429
45.75, 605429
45.76, 605429
45.77, 605429
45.78, 605429
45.79, 605429
45.8, 605429
45.81, 605429
45.82, 605429
45.83, 605429
45.84, 605429
45.85, 605429
45.86, 605429
45.87, 605429
45.88, 605429
45.89, 605429
45.9, 605429
45.91, 605429
45.92, 605429
45.93, 605429
45.94, 605429
45.95, 605429
45.96, 605429
45.97, 605429
45.98, 605429
45.99, 605429
46.0, 605429
46.01, 605429
46.02, 605429
46.03, 605429
46.04, 605429
46.05, 605429
46.06, 605429
46.07, 605429
46.08, 605429
46.09, 605429
46.1, 605429
46.11, 605429
46.12, 605429
46.13, 605429
46.14, 605429
46.15, 605429
46.16, 605429
46.17, 605429
46.18, 605429
46.19, 605429
46.2, 605429
46.21, 605429
46.22, 605429
46.23, 605429
46.24, 605429
46.25, 605429
46.26, 605429
46.27, 605429
46.28, 605429
46.29, 605429
46.3, 605429
46.31, 605429
46.32, 605429
46.33, 605429
46.34, 605429
46.35, 605429
46.36, 605429
46.37, 605429
46.38, 605429
46.39, 605429
46.4, 605429
46.41, 605429
46.42, 605429
46.43, 605429
46.44, 605429
46.45, 605429
46.46, 605429
46.47, 605429
46.48, 605429
46.49, 605429
46.5, 605429
46.51, 605429
46.52, 605429
46.53, 605429
46.54, 605429
46.55, 605429
46.56, 605429
46.57, 605429
46.58, 605429
46.59, 605429
46.6, 605429
46.61, 605429
46.62, 605429
46.63, 605429
46.64, 605429
46.65, 605429
46.66, 605429
46.67, 605429
46.68, 605429
46.69, 605429
46.7, 605429
46.71, 605429
46.72, 605429
46.73, 605429
46.74, 605429
46.75, 605429
46.76, 605429
46.77, 605429
46.78, 605429
46.79, 605429
46.8, 605429
46.81, 605429
46.82, 605429
46.83, 605429
46.84, 605429
46.85, 605429
46.86, 605429
46.87, 605429
46.88, 605429
46.89, 605429
46.9, 605429
46.91, 605429
46.92, 605429
46.93, 605429
46.94, 605429
46.95, 605429
46.96, 605429
46.97, 605429
46.98, 605429
46.99, 605429
47.0, 605429
47.01, 605429
47.02, 605429
47.03, 605429
47.04, 605429
47.05, 605429
47.06, 605429
47.07, 605429
47.08, 605429
47.09, 605429
47.1, 605429
47.11, 605429
47.12, 605429
47.13, 605429
47.14, 605429
47.15, 605429
47.16, 605429
47.17, 605429
47.18, 605429
47.19, 605429
47.2, 605429
47.21, 605429
47.22, 605429
47.23, 605429
47.24, 605429
47.25, 605429
47.26, 605429
47.27, 605429
47.28, 605429
47.29, 605429
47.3, 605429
47.31, 605429
47.32, 605429
47.33, 605429
47.34, 605429
47.35, 605429
47.36, 605429
47.37, 605429
47.38, 605429
47.39, 605429
47.4, 605429
47.41, 605429
47.42, 605429
47.43, 605429
47.44, 605429
47.45, 605429
47.46, 605429
47.47, 605429
47.48, 605429
47.49, 605429
47.5, 605429
47.51, 605429
47.52, 605429
47.53, 605429
47.54, 605429
47.55, 605429
47.56, 605429
47.57, 605429
47.58, 605429
47.59, 605429
47.6, 605429
47.61, 605429
47.62, 605429
47.63, 605429
47.64, 605429
47.65, 605429
47.66, 605429
47.67, 605429
47.68, 605429
47.69, 605429
47.7, 605429
47.71, 605429
47.72, 605429
47.73, 605429
47.74, 605429
47.75, 605429
47.76, 605429
47.77, 605429
47.78, 605429
47.79, 605429
47.8, 605429
47.81, 605429
47.82, 605429
47.83, 605429
47.84, 605429
47.85, 605429
47.86, 605429
47.87, 605429
47.88, 605429
47.89, 605429
47.9, 605429
47.91, 605429
47.92, 605429
47.93, 605429
47.94, 605429
47.95, 605429
47.96, 605429
47.97, 605429
47.98, 605429
47.99, 605429
48.0, 605429
48.01, 605429
48.02, 605429
48.03, 605429
48.04, 605429
48.05, 605429
48.06, 605429
48.07, 605429
48.08, 605429
48.09, 605429
48.1, 605429
48.11, 605429
48.12, 605429
48.13, 605429
48.14, 605429
48.15, 605429
48.16, 605429
48.17, 605429
48.18, 605429
48.19, 605429
48.2, 605429
48.21, 605429
48.22, 605429
48.23, 605429
48.24, 605429
48.25, 605429
48.26, 605429
48.27, 605429
48.28, 605429
48.29, 605429
48.3, 605429
48.31, 605429
48.32, 605429
48.33, 605429
48.34, 605429
48.35, 605429
48.36, 605429
48.37, 605429
48.38, 605429
48.39, 605429
48.4, 605429
48.41, 605429
48.42, 605429
48.43, 605429
48.44, 605429
48.45, 605429
48.46, 605429
48.47, 605429
48.48, 605429
48.49, 605429
48.5, 605429
48.51, 605429
48.52, 605429
48.53, 605429
48.54, 605429
48.55, 605429
48.56, 605429
48.57, 605429
48.58, 605429
48.59, 605429
48.6, 605429
48.61, 605429
48.62, 605429
48.63, 605429
48.64, 605429
48.65, 605429
48.66, 605429
48.67, 605429
48.68, 605429
48.69, 605429
48.7, 605429
48.71, 605429
48.72, 605429
48.73, 605429
48.74, 605429
48.75, 605429
48.76, 605429
48.77, 605429
48.78, 605429
48.79, 605429
48.8, 605429
48.81, 605429
48.82, 605429
48.83, 605429
48.84, 605429
48.85, 605429
48.86, 605429
48.87, 605429
48.88, 605429
48.89, 605429
48.9, 605429
48.91, 605429
48.92, 605429
48.93, 605429
48.94, 605429
48.95, 605429
48.96, 605429
48.97, 605429
48.98, 605429
48.99, 605429
49.0, 605429
49.01, 605429
49.02, 605429
49.03, 605429
49.04, 605429
49.05, 605429
49.06, 605429
49.07, 605429
49.08, 605429
49.09, 605429
49.1, 605429
49.11, 605429
49.12, 605429
49.13, 605429
49.14, 605429
49.15, 605429
49.16, 605429
49.17, 605429
49.18, 605429
49.19, 605429
49.2, 605429
49.21, 605429
49.22, 605429
49.23, 605429
49.24, 605429
49.25, 605429
49.26, 605429
49.27, 605429
49.28, 605429
49.29, 605429
49.3, 605429
49.31, 605429
49.32, 605429
49.33, 605429
49.34, 605429
49.35, 605429
49.36, 605429
49.37, 605429
49.38, 605429
49.39, 605429
49.4, 605429
49.41, 605429
49.42, 605429
49.43, 605429
49.44, 605429
49.45, 605429
49.46, 605429
49.47, 605429
49.48, 605429
49.49, 605429
49.5, 605429
49.51, 605429
49.52, 605429
49.53, 605429
49.54, 605429
49.55, 605429
49.56, 605429
49.57, 605429
49.58, 605429
49.59, 605429
49.6, 605429
49.61, 605429
49.62, 605429
49.63, 605429
49.64, 605429
49.65, 605429
49.66, 605429
49.67, 605429
49.68, 605429
49.69, 605429
49.7, 605429
49.71, 605429
49.72, 605429
49.73, 605429
49.74, 605429
49.75, 605429
49.76, 605429
49.77, 605429
49.78, 605429
49.79, 605429
49.8, 605429
49.81, 605429
49.82, 605429
49.83, 605429
49.84, 605429
49.85, 605429
49.86, 605429
49.87, 605429
49.88, 605429
49.89, 605429
49.9, 605429
49.91, 605429
49.92, 605429
49.93, 605429
49.94, 605429
49.95, 605429
49.96, 605429
49.97, 605429
49.98, 605429
49.99, 605429
50.0, 605429
50.01, 605429
50.02, 605429
50.03, 605429
50.04, 605429
50.05, 605429
50.06, 605429
50.07, 605429
50.08, 605429
50.09, 605429
50.1, 605429
50.11, 605429
50.12, 605429
50.13, 605429
50.14, 605429
50.15, 605429
50.16, 605429
50.17, 605429
50.18, 605429
50.19, 605429
50.2, 605429
50.21, 605429
50.22, 605429
50.23, 605429
50.24, 605429
50.25, 605429
50.26, 605429
50.27, 605429
50.28, 605429
50.29, 605429
50.3, 605429
50.31, 605429
50.32, 605429
50.33, 605429
50.34, 605429
50.35, 605429
50.36, 605429
50.37, 605429
50.38, 605429
50.39, 605429
50.4, 605429
50.41, 605429
50.42, 605429
50.43, 605429
50.44, 605429
50.45, 605429
50.46, 605429
50.47, 605429
50.48, 605429
50.49, 605429
50.5, 605429
50.51, 605429
50.52, 605429
50.53, 605429
50.54, 605429
50.55, 605429
50.56, 605429
50.57, 605429
50.58, 605429
50.59, 605429
50.6, 605429
50.61, 605429
50.62, 605429
50.63, 605429
50.64, 605429
50.65, 605429
50.66, 605429
50.67, 605429
50.68, 605429
50.69, 605429
50.7, 605429
50.71, 605429
50.72, 605429
50.73, 605429
50.74, 605429
50.75, 605429
50.76, 605429
50.77, 605429
50.78, 605429
50.79, 605429
50.8, 605429
50.81, 605429
50.82, 605429
50.83, 605429
50.84, 605429
50.85, 605429
50.86, 605429
50.87, 605429
50.88, 605429
50.89, 605429
50.9, 605429
50.91, 605429
50.92, 605429
50.93, 605429
50.94, 605429
50.95, 605429
50.96, 605429
50.97, 605429
50.98, 605429
50.99, 605429
51.0, 605429
51.01, 605429
51.02, 605429
51.03, 605429
51.04, 605429
51.05, 605429
51.06, 605429
51.07, 605429
51.08, 605429
51.09, 605429
51.1, 605429
51.11, 605429
51.12, 605429
51.13, 605429
51.14, 605429
51.15, 605429
51.16, 605429
51.17, 605429
51.18, 605429
51.19, 605429
51.2, 605429
51.21, 605429
51.22, 605429
51.23, 605429
51.24, 605429
51.25, 605429
51.26, 605429
51.27, 605429
51.28, 605429
51.29, 605429
51.3, 605429
51.31, 605429
51.32, 605429
51.33, 605429
51.34, 605429
51.35, 605429
51.36, 605429
51.37, 605429
51.38, 605429
51.39, 605429
51.4, 605429
51.41, 605429
51.42, 605429
51.43, 605429
51.44, 605429
51.45, 605429
51.46, 605429
51.47, 605429
51.48, 605429
51.49, 605429
51.5, 605429
51.51, 605429
51.52, 605429
51.53, 605429
51.54, 605429
51.55, 605429
51.56, 605429
51.57, 605429
51.58, 605429
51.59, 605429
51.6, 605429
51.61, 605429
51.62, 605429
51.63, 605429
51.64, 605429
51.65, 605429
51.66, 605429
51.67, 605429
51.68, 605429
51.69, 605429
51.7, 605429
51.71, 605429
51.72, 605429
51.73, 605429
51.74, 605429
51.75, 605429
51.76, 605429
51.77, 605429
51.78, 605429
51.79, 605429
51.8, 605429
51.81, 605429
51.82, 605429
51.83, 605429
51.84, 605429
51.85, 605429
51.86, 605429
51.87, 605429
51.88, 605429
51.89, 605429
51.9, 605429
51.91, 605429
51.92, 605429
51.93, 605429
51.94, 605429
51.95, 605429
51.96, 605429
51.97, 605429
51.98, 605429
51.99, 605429
52.0, 605429
52.01, 605429
52.02, 605429
52.03, 605429
52.04, 605429
52.05, 605429
52.06, 605429
52.07, 605429
52.08, 605429
52.09, 605429
52.1, 605429
52.11, 605429
52.12, 605429
52.13, 605429
52.14, 605429
52.15, 605429
52.16, 605429
52.17, 605429
52.18, 605429
52.19, 605429
52.2, 605429
52.21, 605429
52.22, 605429
52.23, 605429
52.24, 605429
52.25, 605429
52.26, 605429
52.27, 605429
52.28, 605429
52.29, 605429
52.3, 605429
52.31, 605429
52.32, 605429
52.33, 605429
52.34, 605429
52.35, 605429
52.36, 605429
52.37, 605429
52.38, 605429
52.39, 605429
52.4, 605429
52.41, 605429
52.42, 605429
52.43, 605429
52.44, 605429
52.45, 605429
52.46, 605429
52.47, 605429
52.48, 605429
52.49, 605429
52.5, 605429
52.51, 605429
52.52, 605429
52.53, 605429
52.54, 605429
52.55, 605429
52.56, 605429
52.57, 605429
52.58, 605429
52.59, 605429
52.6, 605429
52.61, 605429
52.62, 605429
52.63, 605429
52.64, 605429
52.65, 605429
52.66, 605429
52.67, 605429
52.68, 605429
52.69, 605429
52.7, 605429
52.71, 605429
52.72, 605429
52.73, 605429
52.74, 605429
52.75, 605429
52.76, 605429
52.77, 605429
52.78, 605429
52.79, 605429
52.8, 605429
52.81, 605429
52.82, 605429
52.83, 605429
52.84, 605429
52.85, 605429
52.86, 605429
52.87, 605429
52.88, 605429
52.89, 605429
52.9, 605429
52.91, 605429
52.92, 605429
52.93, 605429
52.94, 605429
52.95, 605429
52.96, 605429
52.97, 605429
52.98, 605429
52.99, 605429
53.0, 605429
53.01, 605429
53.02, 605429
53.03, 605429
53.04, 605429
53.05, 605429
53.06, 605429
53.07, 605429
53.08, 605429
53.09, 605429
53.1, 605429
53.11, 605429
53.12, 605429
53.13, 605429
53.14, 605429
53.15, 605429
53.16, 605429
53.17, 605429
53.18, 605429
53.19, 605429
53.2, 605429
53.21, 605429
53.22, 605429
53.23, 605429
53.24, 605429
53.25, 605429
53.26, 605429
53.27, 605429
53.28, 605429
53.29, 605429
53.3, 605429
53.31, 605429
53.32, 605429
53.33, 605429
53.34, 605429
53.35, 605429
53.36, 605429
53.37, 605429
53.38, 605429
53.39, 605429
53.4, 605429
53.41, 605429
53.42, 605429
53.43, 605429
53.44, 605429
53.45, 605429
53.46, 605429
53.47, 605429
53.48, 605429
53.49, 605429
53.5, 605429
53.51, 605429
53.52, 605429
53.53, 605429
53.54, 605429
53.55, 605429
53.56, 589837
53.57, 589837
53.58, 589837
53.59, 589837
53.6, 589837
53.61, 589837
53.62, 589837
53.63, 589837
53.64, 589837
53.65, 589837
53.66, 589837
53.67, 589837
53.68, 589837
53.69, 589837
53.7, 589837
53.71, 589837
53.72, 589837
53.73, 589837
53.74, 589837
53.75, 589837
53.76, 589837
53.77, 589837
53.78, 589837
53.79, 589837
53.8, 589837
53.81, 589837
53.82, 589837
53.83, 589837
53.84, 589837
53.85, 589837
53.86, 589837
53.87, 589837
53.88, 589837
53.89, 589837
53.9, 589837
53.91, 589837
53.92, 589837
53.93, 589837
53.94, 589837
53.95, 589837
53.96, 589837
53.97, 589837
53.98, 589837
53.99, 589837
54.0, 589837
54.01, 589837
54.02, 589837
54.03, 589837
54.04, 589837
54.05, 589837
54.06, 589837
54.07, 589837
54.08, 589837
54.09, 589837
54.1, 589837
54.11, 589837
54.12, 589837
54.13, 589837
54.14, 589837
54.15, 589837
54.16, 589837
54.17, 589837
54.18, 589837
54.19, 589837
54.2, 589837
54.21, 589837
54.22, 589837
54.23, 589837
54.24, 589837
54.25, 589837
54.26, 589837
54.27, 589837
54.28, 589837
54.29, 589837
54.3, 589837
54.31, 589837
54.32, 589837
54.33, 589837
54.34, 589837
54.35, 589837
54.36, 589837
54.37, 589837
54.38, 589837
54.39, 589837
54.4, 589837
54.41, 589837
54.42, 589837
54.43, 589837
54.44, 589837
54.45, 589837
54.46, 589837
54.47, 589837
54.48, 589837
54.49, 589837
54.5, 589837
54.51, 589837
54.52, 589837
54.53, 589837
54.54, 589837
54.55, 589837
54.56, 589837
54.57, 589837
54.58, 589837
54.59, 589837
54.6, 589837
54.61, 589837
54.62, 589837
54.63, 589837
54.64, 589837
54.65, 589837
54.66, 589837
54.67, 589837
54.68, 589837
54.69, 589837
54.7, 589837
54.71, 589837
54.72, 589837
54.73, 589837
54.74, 589837
54.75, 589837
54.76, 589837
54.77, 589837
54.78, 589837
54.79, 589837
54.8, 589837
54.81, 589837
54.82, 589837
54.83, 589837
54.84, 589837
54.85, 589837
54.86, 589837
54.87, 589837
54.88, 589837
54.89, 589837
54.9, 589837
54.91, 589837
54.92, 589837
54.93, 589837
54.94, 589837
54.95, 589837
54.96, 589837
54.97, 589837
54.98, 589837
54.99, 589837
55.0, 589837
55.01, 589837
55.02, 589837
55.03, 589837
55.04, 589837
55.05, 589837
55.06, 589837
55.07, 589837
55.08, 589837
55.09, 589837
55.1, 589837
55.11, 589837
55.12, 589837
55.13, 589837
55.14, 589837
55.15, 589837
55.16, 589837
55.17, 589837
55.18, 589837
55.19, 589837
55.2, 589837
55.21, 589837
55.22, 589837
55.23, 589837
55.24, 589837
55.25, 589837
55.26, 589837
55.27, 589837
55.28, 589837
55.29, 589837
55.3, 589837
55.31, 589837
55.32, 589837
55.33, 589837
55.34, 589837
55.35, 589837
55.36, 589837
55.37, 589837
55.38, 589837
55.39, 589837
55.4, 589837
55.41, 589837
55.42, 589837
55.43, 589837
55.44, 589837
55.45, 589837
55.46, 589837
55.47, 589837
55.48, 589837
55.49, 589837
55.5, 589837
55.51, 589837
55.52, 589837
55.53, 589837
55.54, 589837
55.55, 589837
55.56, 589837
55.57, 589837
55.58, 589837
55.59, 589837
55.6, 589837
55.61, 589837
55.62, 589837
55.63, 589837
55.64, 589837
55.65, 589837
55.66, 589837
55.67, 589837
55.68, 589837
55.69, 589837
55.7, 589837
55.71, 589837
55.72, 589837
55.73, 589837
55.74, 589837
55.75, 589837
55.76, 589837
55.77, 589837
55.78, 589837
55.79, 589837
55.8, 589837
55.81, 589837
55.82, 589837
55.83, 589837
55.84, 589837
55.85, 589837
55.86, 589837
55.87, 589837
55.88, 589837
55.89, 589837
55.9, 589837
55.91, 589837
55.92, 589837
55.93, 589837
55.94, 589837
55.95, 589837
55.96, 589837
55.97, 589837
55.98, 589837
55.99, 589837
56.0, 589837
56.01, 589837
56.02, 589837
56.03, 589837
56.04, 589837
56.05, 589837
56.06, 589837
56.07, 589837
56.08, 589837
56.09, 589837
56.1, 589837
56.11, 589837
56.12, 589837
56.13, 589837
56.14, 589837
56.15, 589837
56.16, 589837
56.17, 589837
56.18, 589837
56.19, 589837
56.2, 589837
56.21, 589837
56.22, 589837
56.23, 589837
56.24, 589837
56.25, 589837
56.26, 589837
56.27, 589837
56.28, 589837
56.29, 589837
56.3, 589837
56.31, 589837
56.32, 589837
56.33, 589837
56.34, 589837
56.35, 589837
56.36, 589837
56.37, 589837
56.38, 589837
56.39, 589837
56.4, 589837
56.41, 589837
56.42, 589837
56.43, 589837
56.44, 589837
56.45, 589837
56.46, 589837
56.47, 589837
56.48, 589837
56.49, 589837
56.5, 589837
56.51, 589837
56.52, 589837
56.53, 589837
56.54, 589837
56.55, 589837
56.56, 589837
56.57, 589837
56.58, 589837
56.59, 589837
56.6, 589837
56.61, 589837
56.62, 589837
56.63, 589837
56.64, 589837
56.65, 589837
56.66, 589837
56.67, 589837
56.68, 589837
56.69, 589837
56.7, 589837
56.71, 589837
56.72, 589837
56.73, 589837
56.74, 589837
56.75, 589837
56.76, 589837
56.77, 589837
56.78, 589837
56.79, 589837
56.8, 589837
56.81, 589837
56.82, 589837
56.83, 589837
56.84, 589837
56.85, 589837
56.86, 589837
56.87, 589837
56.88, 589837
56.89, 589837
56.9, 589837
56.91, 589837
56.92, 589837
56.93, 589837
56.94, 589837
56.95, 589837
56.96, 589837
56.97, 589837
56.98, 589837
56.99, 589837
57.0, 589837
57.01, 589837
57.02, 589837
57.03, 589837
57.04, 589837
57.05, 589837
57.06, 589837
57.07, 589837
57.08, 589837
57.09, 589837
57.1, 589837
57.11, 589837
57.12, 589837
57.13, 589837
57.14, 589837
57.15, 589837
57.16, 589837
57.17, 589837
57.18, 589837
57.19, 589837
57.2, 589837
57.21, 589837
57.22, 589837
57.23, 589837
57.24, 589837
57.25, 589837
57.26, 589837
57.27, 589837
57.28, 589837
57.29, 589837
57.3, 589837
57.31, 589837
57.32, 589837
57.33, 589837
57.34, 589837
57.35, 589837
57.36, 589837
57.37, 589837
57.38, 589837
57.39, 589837
57.4, 589837
57.41, 589837
57.42, 589837
57.43, 589837
57.44, 589837
57.45, 589837
57.46, 589837
57.47, 589837
57.48, 589837
57.49, 589837
57.5, 589837
57.51, 589837
57.52, 589837
57.53, 589837
57.54, 589837
57.55, 589837
57.56, 589837
57.57, 589837
57.58, 589837
57.59, 589837
57.6, 589837
57.61, 589837
57.62, 589837
57.63, 589837
57.64, 589837
57.65, 589837
57.66, 589837
57.67, 589837
57.68, 589837
57.69, 589837
57.7, 589837
57.71, 589837
57.72, 589837
57.73, 589837
57.74, 589837
57.75, 589837
57.76, 589837
57.77, 589837
57.78, 589837
57.79, 589837
57.8, 589837
57.81, 589837
57.82, 589837
57.83, 589837
57.84, 589837
57.85, 589837
57.86, 589837
57.87, 589837
57.88, 589837
57.89, 589837
57.9, 589837
57.91, 589837
57.92, 589837
57.93, 589837
57.94, 589837
57.95, 589837
57.96, 589837
57.97, 589837
57.98, 589837
57.99, 589837
58.0, 589837
58.01, 589837
58.02, 589837
58.03, 589837
58.04, 589837
58.05, 589837
58.06, 589837
58.07, 589837
58.08, 589837
58.09, 589837
58.1, 589837
58.11, 589837
58.12, 589837
58.13, 589837
58.14, 589837
58.15, 589837
58.16, 589837
58.17, 589837
58.18, 589837
58.19, 589837
58.2, 589837
58.21, 589837
58.22, 589837
58.23, 589837
58.24, 589837
58.25, 589837
58.26, 589837
58.27, 589837
58.28, 589837
58.29, 589837
58.3, 589837
58.31, 589837
58.32, 589837
58.33, 589837
58.34, 589837
58.35, 589837
58.36, 589837
58.37, 589837
58.38, 589837
58.39, 589837
58.4, 589837
58.41, 589837
58.42, 589837
58.43, 589837
58.44, 589837
58.45, 589837
58.46, 589837
58.47, 589837
58.48, 589837
58.49, 589837
58.5, 589837
58.51, 589837
58.52, 589837
58.53, 589837
58.54, 589837
58.55, 589837
58.56, 589837
58.57, 589837
58.58, 589837
58.59, 589837
58.6, 589837
58.61, 589837
58.62, 589837
58.63, 589837
58.64, 589837
58.65, 589837
58.66, 589837
58.67, 589837
58.68, 589837
58.69, 589837
58.7, 589837
58.71, 589837
58.72, 589837
58.73, 589837
58.74, 589837
58.75, 589837
58.76, 589837
58.77, 589837
58.78, 589837
58.79, 589837
58.8, 589837
58.81, 589837
58.82, 589837
58.83, 589837
58.84, 589837
58.85, 589837
58.86, 589837
58.87, 589837
58.88, 589837
58.89, 589837
58.9, 589837
58.91, 589837
58.92, 589837
58.93, 589837
58.94, 589837
58.95, 589837
58.96, 589837
58.97, 589837
58.98, 589837
58.99, 589837
59.0, 589837
59.01, 589837
59.02, 589837
59.03, 589837
59.04, 589837
59.05, 589837
59.06, 589837
59.07, 589837
59.08, 589837
59.09, 589837
59.1, 589837
59.11, 589837
59.12, 589837
59.13, 589837
59.14, 589837
59.15, 589837
59.16, 589837
59.17, 589837
59.18, 589837
59.19, 589837
59.2, 589837
59.21, 589837
59.22, 589837
59.23, 589837
59.24, 589837
59.25, 589837
59.26, 589837
59.27, 589837
59.28, 589837
59.29, 589837
59.3, 589837
59.31, 589837
59.32, 589837
59.33, 589837
59.34, 589837
59.35, 589837
59.36, 589837
59.37, 589837
59.38, 589837
59.39, 589837
59.4, 589837
59.41, 589837
59.42, 589837
59.43, 589837
59.44, 589837
59.45, 589837
59.46, 589837
59.47, 589837
59.48, 589837
59.49, 589837
59.5, 589837
59.51, 589837
59.52, 589837
59.53, 589837
59.54, 589837
59.55, 589837
59.56, 589837
59.57, 589837
59.58, 589837
59.59, 589837
59.6, 589837
59.61, 589837
59.62, 589837
59.63, 589837
59.64, 589837
59.65, 589837
59.66, 589837
59.67, 589837
59.68, 589837
59.69, 589837
59.7, 589837
59.71, 589837
59.72, 589837
59.73, 589837
59.74, 589837
59.75, 589837
59.76, 589837
59.77, 589837
59.78, 589837
59.79, 589837
59.8, 589837
59.81, 589837
59.82, 589837
59.83, 589837
59.84, 589837
59.85, 589837
59.86, 589837
59.87, 589837
59.88, 589837
59.89, 589837
59.9, 589837
59.91, 589837
59.92, 589837
59.93, 589837
59.94, 589837
59.95, 589837
59.96, 589837
59.97, 589837
59.98, 589837
59.99, 589837
