0.0, 688363
0.01, 678919
0.02, 675226
0.03, 675226
0.04, 675226
0.05, 675226
0.06, 675226
0.07, 675226
0.08, 675226
0.09, 675226
0.1, 675226
0.11, 675226
0.12, 675226
0.13, 675226
0.14, 675226
0.15, 675226
0.16, 663987
0.17, 663987
0.18, 663987
0.19, 663987
0.2, 663987
0.21, 663987
0.22, 663987
0.23, 663987
0.24, 663987
0.25, 663987
0.26, 663987
0.27, 663987
0.28, 663987
0.29, 663987
0.3, 663987
0.31, 663987
0.32, 663987
0.33, 663987
0.34, 663987
0.35, 663987
0.36, 663987
0.37, 663987
0.38, 663987
0.39, 663987
0.4, 663987
0.41, 663987
0.42, 663987
0.43, 663987
0.44, 663987
0.45, 663987
0.46, 663987
0.47, 663987
0.48, 663987
0.49, 663987
0.5, 663987
0.51, 663987
0.52, 663987
0.53, 663987
0.54, 663987
0.55, 663987
0.56, 663987
0.57, 663987
0.58, 663987
0.59, 663987
0.6, 663987
0.61, 663987
0.62, 663987
0.63, 663987
0.64, 663987
0.65, 663987
0.66, 663987
0.67, 643881
0.68, 643881
0.69, 643881
0.7, 643881
0.71, 643881
0.72, 643881
0.73, 643881
0.74, 643881
0.75, 643881
0.76, 643881
0.77, 643881
0.78, 643881
0.79, 643881
0.8, 643881
0.81, 643881
0.82, 643881
0.83, 643881
0.84, 643881
0.85, 643881
0.86, 643881
0.87, 643881
0.88, 643881
0.89, 642738
0.9, 642738
0.91, 640377
0.92, 640377
0.93, 640377
0.94, 640377
0.95, 640377
0.96, 640377
0.97, 640377
0.98, 640377
0.99, 640377
1.0, 599131
1.01, 599131
1.02, 599131
1.03, 599131
1.04, 599131
1.05, 599131
1.06, 599131
1.07, 599131
1.08, 599131
1.09, 599131
1.1, 599131
1.11, 599131
1.12, 599131
1.13, 599131
1.14, 599131
1.15, 599131
1.16, 599131
1.17, 599131
1.18, 599131
1.19, 599131
1.2, 599131
1.21, 599131
1.22, 599131
1.23, 599131
1.24, 599131
1.25, 599131
1.26, 599131
1.27, 599131
1.28, 599131
1.29, 599131
1.3, 599131
1.31, 599131
1.32, 599131
1.33, 599131
1.34, 599131
1.35, 599131
1.36, 599131
1.37, 599131
1.38, 599131
1.39, 599131
1.4, 599131
1.41, 599131
1.42, 599131
1.43, 599131
1.44, 599131
1.45, 599131
1.46, 599131
1.47, 599131
1.48, 599131
1.49, 599131
1.5, 599131
1.51, 599131
1.52, 599131
1.53, 599131
1.54, 599131
1.55, 599131
1.56, 599131
1.57, 599131
1.58, 599131
1.59, 599131
1.6, 599131
1.61, 599131
1.62, 599131
1.63, 599131
1.64, 599131
1.65, 599131
1.66, 599131
1.67, 599131
1.68, 599131
1.69, 599131
1.7, 599131
1.71, 599131
1.72, 599131
1.73, 599131
1.74, 599131
1.75, 599131
1.76, 599131
1.77, 599131
1.78, 599131
1.79, 599131
1.8, 599131
1.81, 599131
1.82, 599131
1.83, 599131
1.84, 599131
1.85, 599131
1.86, 599131
1.87, 599131
1.88, 599131
1.89, 599131
1.9, 599131
1.91, 599131
1.92, 599131
1.93, 599131
1.94, 599131
1.95, 599131
1.96, 599131
1.97, 599131
1.98, 599131
1.99, 599131
2.0, 599131
2.01, 599131
2.02, 599131
2.03, 599131
2.04, 599131
2.05, 599131
2.06, 599131
2.07, 599131
2.08, 599131
2.09, 599131
2.1, 599131
2.11, 599131
2.12, 599131
2.13, 599131
2.14, 599131
2.15, 599131
2.16, 599131
2.17, 599131
2.18, 599131
2.19, 599131
2.2, 599131
2.21, 599131
2.22, 599131
2.23, 599131
2.24, 599131
2.25, 599131
2.26, 599131
2.27, 599131
2.28, 599131
2.29, 599131
2.3, 599131
2.31, 599131
2.32, 599131
2.33, 599131
2.34, 599131
2.35, 599131
2.36, 599131
2.37, 599131
2.38, 599131
2.39, 599131
2.4, 599131
2.41, 599131
2.42, 599131
2.43, 599131
2.44, 599131
2.45, 599131
2.46, 599131
2.47, 599131
2.48, 599131
2.49, 599131
2.5, 599131
2.51, 599131
2.52, 599131
2.53, 599131
2.54, 599131
2.55, 599131
2.56, 599131
2.57, 599131
2.58, 599131
2.59, 599131
2.6, 599131
2.61, 599131
2.62, 599131
2.63, 599131
2.64, 599131
2.65, 599131
2.66, 599131
2.67, 599131
2.68, 599131
2.69, 599131
2.7, 599131
2.71, 599131
2.72, 599131
2.73, 599131
2.74, 599131
2.75, 599131
2.76, 599131
2.77, 599131
2.78, 599131
2.79, 599131
2.8, 599131
2.81, 599131
2.82, 599131
2.83, 599131
2.84, 599131
2.85, 599131
2.86, 599131
2.87, 599131
2.88, 599131
2.89, 599131
2.9, 599131
2.91, 599131
2.92, 599131
2.93, 599131
2.94, 599131
2.95, 599131
2.96, 599131
2.97, 599131
2.98, 599131
2.99, 599131
3.0, 599131
3.01, 599131
3.02, 599131
3.03, 599131
3.04, 599131
3.05, 599131
3.06, 599131
3.07, 599131
3.08, 599131
3.09, 599131
3.1, 599131
3.11, 599131
3.12, 599131
3.13, 599131
3.14, 599131
3.15, 599131
3.16, 599131
3.17, 599131
3.18, 599131
3.19, 599131
3.2, 599131
3.21, 599131
3.22, 599131
3.23, 599131
3.24, 599131
3.25, 599131
3.26, 599131
3.27, 599131
3.28, 599131
3.29, 599131
3.3, 599131
3.31, 599131
3.32, 599131
3.33, 599131
3.34, 599131
3.35, 599131
3.36, 599131
3.37, 599131
3.38, 599131
3.39, 599131
3.4, 599131
3.41, 599131
3.42, 599131
3.43, 599131
3.44, 599131
3.45, 599131
3.46, 599131
3.47, 599131
3.48, 599131
3.49, 599131
3.5, 599131
3.51, 599131
3.52, 599131
3.53, 599131
3.54, 599131
3.55, 599131
3.56, 599131
3.57, 599131
3.58, 599131
3.59, 599131
3.6, 599131
3.61, 599131
3.62, 599131
3.63, 599131
3.64, 599131
3.65, 599131
3.66, 599131
3.67, 599131
3.68, 599131
3.69, 599131
3.7, 599131
3.71, 599131
3.72, 599131
3.73, 599131
3.74, 599131
3.75, 599131
3.76, 599131
3.77, 599131
3.78, 599131
3.79, 599131
3.8, 599131
3.81, 599131
3.82, 599131
3.83, 599131
3.84, 599131
3.85, 599131
3.86, 599131
3.87, 599131
3.88, 599131
3.89, 599131
3.9, 599131
3.91, 599131
3.92, 599131
3.93, 599131
3.94, 599131
3.95, 599131
3.96, 599131
3.97, 599131
3.98, 599131
3.99, 599131
4.0, 599131
4.01, 599131
4.02, 599131
4.03, 599131
4.04, 599131
4.05, 599131
4.06, 599131
4.07, 599131
4.08, 599131
4.09, 599131
4.1, 599131
4.11, 599131
4.12, 599131
4.13, 599131
4.14, 599131
4.15, 599131
4.16, 599131
4.17, 599131
4.18, 599131
4.19, 599131
4.2, 599131
4.21, 599131
4.22, 599131
4.23, 599131
4.24, 599131
4.25, 599131
4.26, 599131
4.27, 599131
4.28, 599131
4.29, 599131
4.3, 599131
4.31, 599131
4.32, 599131
4.33, 599131
4.34, 599131
4.35, 599131
4.36, 599131
4.37, 599131
4.38, 599131
4.39, 599131
4.4, 599131
4.41, 599131
4.42, 599131
4.43, 599131
4.44, 599131
4.45, 599131
4.46, 599131
4.47, 599131
4.48, 599131
4.49, 599131
4.5, 599131
4.51, 599131
4.52, 599131
4.53, 599131
4.54, 599131
4.55, 599131
4.56, 599131
4.57, 599131
4.58, 599131
4.59, 599131
4.6, 599131
4.61, 599131
4.62, 599131
4.63, 599131
4.64, 599131
4.65, 599131
4.66, 599131
4.67, 599131
4.68, 599131
4.69, 599131
4.7, 599131
4.71, 599131
4.72, 599131
4.73, 599131
4.74, 599131
4.75, 599131
4.76, 599131
4.77, 599131
4.78, 599131
4.79, 599131
4.8, 599131
4.81, 599131
4.82, 599131
4.83, 599131
4.84, 599131
4.85, 599131
4.86, 599131
4.87, 599131
4.88, 599131
4.89, 599131
4.9, 599131
4.91, 599131
4.92, 599131
4.93, 599131
4.94, 599131
4.95, 599131
4.96, 599131
4.97, 599131
4.98, 599131
4.99, 599131
5.0, 599131
5.01, 599131
5.02, 599131
5.03, 599131
5.04, 599131
5.05, 599131
5.06, 599131
5.07, 599131
5.08, 599131
5.09, 599131
5.1, 599131
5.11, 599131
5.12, 599131
5.13, 599131
5.14, 599131
5.15, 599131
5.16, 599131
5.17, 599131
5.18, 599131
5.19, 599131
5.2, 599131
5.21, 599131
5.22, 599131
5.23, 599131
5.24, 599131
5.25, 599131
5.26, 599131
5.27, 599131
5.28, 599131
5.29, 599131
5.3, 599131
5.31, 599131
5.32, 599131
5.33, 599131
5.34, 599131
5.35, 599131
5.36, 599131
5.37, 599131
5.38, 599131
5.39, 599131
5.4, 599131
5.41, 599131
5.42, 599131
5.43, 599131
5.44, 599131
5.45, 599131
5.46, 599131
5.47, 599131
5.48, 599131
5.49, 599131
5.5, 599131
5.51, 599131
5.52, 599131
5.53, 599131
5.54, 599131
5.55, 599131
5.56, 599131
5.57, 599131
5.58, 599131
5.59, 599131
5.6, 599131
5.61, 599131
5.62, 599131
5.63, 599131
5.64, 599131
5.65, 599131
5.66, 599131
5.67, 599131
5.68, 599131
5.69, 599131
5.7, 599131
5.71, 599131
5.72, 599131
5.73, 599131
5.74, 599131
5.75, 599131
5.76, 599131
5.77, 599131
5.78, 599131
5.79, 599131
5.8, 599131
5.81, 599131
5.82, 599131
5.83, 599131
5.84, 599131
5.85, 599131
5.86, 599131
5.87, 599131
5.88, 599131
5.89, 599131
5.9, 599131
5.91, 599131
5.92, 599131
5.93, 599131
5.94, 599131
5.95, 599131
5.96, 599131
5.97, 599131
5.98, 599131
5.99, 599131
6.0, 599131
6.01, 599131
6.02, 599131
6.03, 599131
6.04, 599131
6.05, 599131
6.06, 599131
6.07, 599131
6.08, 599131
6.09, 599131
6.1, 599131
6.11, 599131
6.12, 599131
6.13, 599131
6.14, 599131
6.15, 599131
6.16, 599131
6.17, 599131
6.18, 599131
6.19, 599131
6.2, 599131
6.21, 599131
6.22, 599131
6.23, 599131
6.24, 599131
6.25, 599131
6.26, 599131
6.27, 599131
6.28, 599131
6.29, 599131
6.3, 599131
6.31, 599131
6.32, 599131
6.33, 599131
6.34, 599131
6.35, 599131
6.36, 599131
6.37, 599131
6.38, 599131
6.39, 599131
6.4, 599131
6.41, 599131
6.42, 599131
6.43, 599131
6.44, 599131
6.45, 599131
6.46, 599131
6.47, 599131
6.48, 599131
6.49, 599131
6.5, 599131
6.51, 599131
6.52, 599131
6.53, 599131
6.54, 599131
6.55, 599131
6.56, 599131
6.57, 599131
6.58, 599131
6.59, 599131
6.6, 599131
6.61, 599131
6.62, 599131
6.63, 599131
6.64, 599131
6.65, 599131
6.66, 599131
6.67, 599131
6.68, 599131
6.69, 599131
6.7, 599131
6.71, 599131
6.72, 599131
6.73, 599131
6.74, 599131
6.75, 599131
6.76, 599131
6.77, 599131
6.78, 599131
6.79, 599131
6.8, 599131
6.81, 599131
6.82, 599131
6.83, 599131
6.84, 599131
6.85, 599131
6.86, 599131
6.87, 599131
6.88, 599131
6.89, 599131
6.9, 599131
6.91, 599131
6.92, 599131
6.93, 599131
6.94, 599131
6.95, 599131
6.96, 599131
6.97, 599131
6.98, 599131
6.99, 599131
7.0, 599131
7.01, 599131
7.02, 599131
7.03, 599131
7.04, 599131
7.05, 599131
7.06, 599131
7.07, 599131
7.08, 599131
7.09, 599131
7.1, 599131
7.11, 599131
7.12, 599131
7.13, 599131
7.14, 599131
7.15, 599131
7.16, 599131
7.17, 599131
7.18, 599131
7.19, 599131
7.2, 599131
7.21, 599131
7.22, 599131
7.23, 599131
7.24, 599131
7.25, 599131
7.26, 599131
7.27, 599131
7.28, 599131
7.29, 599131
7.3, 599131
7.31, 599131
7.32, 599131
7.33, 599131
7.34, 599131
7.35, 599131
7.36, 599131
7.37, 599131
7.38, 599131
7.39, 599131
7.4, 599131
7.41, 599131
7.42, 599131
7.43, 599131
7.44, 599131
7.45, 599131
7.46, 599131
7.47, 599131
7.48, 599131
7.49, 599131
7.5, 599131
7.51, 599131
7.52, 599131
7.53, 599131
7.54, 599131
7.55, 599131
7.56, 599131
7.57, 599131
7.58, 599131
7.59, 599131
7.6, 599131
7.61, 599131
7.62, 599131
7.63, 599131
7.64, 599131
7.65, 599131
7.66, 599131
7.67, 599131
7.68, 599131
7.69, 599131
7.7, 599131
7.71, 599131
7.72, 599131
7.73, 599131
7.74, 599131
7.75, 599131
7.76, 599131
7.77, 599131
7.78, 599131
7.79, 599131
7.8, 599131
7.81, 599131
7.82, 599131
7.83, 599131
7.84, 599131
7.85, 599131
7.86, 599131
7.87, 599131
7.88, 599131
7.89, 599131
7.9, 599131
7.91, 599131
7.92, 599131
7.93, 599131
7.94, 599131
7.95, 599131
7.96, 599131
7.97, 599131
7.98, 599131
7.99, 599131
8.0, 599131
8.01, 599131
8.02, 599131
8.03, 599131
8.04, 599131
8.05, 599131
8.06, 599131
8.07, 599131
8.08, 599131
8.09, 599131
8.1, 599131
8.11, 599131
8.12, 599131
8.13, 599131
8.14, 599131
8.15, 599131
8.16, 599131
8.17, 599131
8.18, 599131
8.19, 599131
8.2, 599131
8.21, 599131
8.22, 599131
8.23, 599131
8.24, 599131
8.25, 599131
8.26, 599131
8.27, 599131
8.28, 599131
8.29, 599131
8.3, 599131
8.31, 599131
8.32, 599131
8.33, 599131
8.34, 599131
8.35, 599131
8.36, 599131
8.37, 599131
8.38, 599131
8.39, 599131
8.4, 599131
8.41, 599131
8.42, 599131
8.43, 599131
8.44, 599131
8.45, 599131
8.46, 599131
8.47, 599131
8.48, 599131
8.49, 599131
8.5, 599131
8.51, 599131
8.52, 599131
8.53, 599131
8.54, 599131
8.55, 599131
8.56, 599131
8.57, 599131
8.58, 599131
8.59, 599131
8.6, 599131
8.61, 599131
8.62, 599131
8.63, 599131
8.64, 599131
8.65, 599131
8.66, 599131
8.67, 599131
8.68, 599131
8.69, 599131
8.7, 599131
8.71, 599131
8.72, 599131
8.73, 599131
8.74, 599131
8.75, 599131
8.76, 599131
8.77, 599131
8.78, 599131
8.79, 599131
8.8, 599131
8.81, 599131
8.82, 599131
8.83, 599131
8.84, 599131
8.85, 599131
8.86, 599131
8.87, 599131
8.88, 599131
8.89, 599131
8.9, 599131
8.91, 599131
8.92, 599131
8.93, 599131
8.94, 599131
8.95, 599131
8.96, 599131
8.97, 599131
8.98, 599131
8.99, 599131
9.0, 599131
9.01, 599131
9.02, 599131
9.03, 599131
9.04, 599131
9.05, 599131
9.06, 599131
9.07, 599131
9.08, 599131
9.09, 599131
9.1, 599131
9.11, 599131
9.12, 599131
9.13, 599131
9.14, 599131
9.15, 599131
9.16, 599131
9.17, 599131
9.18, 599131
9.19, 599131
9.2, 599131
9.21, 599131
9.22, 599131
9.23, 599131
9.24, 599131
9.25, 599131
9.26, 599131
9.27, 599131
9.28, 599131
9.29, 599131
9.3, 599131
9.31, 599131
9.32, 599131
9.33, 599131
9.34, 599131
9.35, 599131
9.36, 599131
9.37, 599131
9.38, 599131
9.39, 599131
9.4, 599131
9.41, 599131
9.42, 599131
9.43, 599131
9.44, 599131
9.45, 599131
9.46, 599131
9.47, 599131
9.48, 599131
9.49, 599131
9.5, 599131
9.51, 599131
9.52, 599131
9.53, 599131
9.54, 599131
9.55, 599131
9.56, 599131
9.57, 599131
9.58, 599131
9.59, 599131
9.6, 599131
9.61, 599131
9.62, 599131
9.63, 599131
9.64, 599131
9.65, 599131
9.66, 599131
9.67, 599131
9.68, 599131
9.69, 599131
9.7, 599131
9.71, 599131
9.72, 599131
9.73, 599131
9.74, 599131
9.75, 599131
9.76, 599131
9.77, 599131
9.78, 599131
9.79, 599131
9.8, 599131
9.81, 599131
9.82, 599131
9.83, 599131
9.84, 599131
9.85, 599131
9.86, 599131
9.87, 599131
9.88, 599131
9.89, 599131
9.9, 599131
9.91, 599131
9.92, 599131
9.93, 599131
9.94, 599131
9.95, 599131
9.96, 599131
9.97, 599131
9.98, 599131
9.99, 599131
10.0, 599131
10.01, 599131
10.02, 599131
10.03, 599131
10.04, 599131
10.05, 599131
10.06, 599131
10.07, 599131
10.08, 599131
10.09, 599131
10.1, 599131
10.11, 599131
10.12, 599131
10.13, 599131
10.14, 599131
10.15, 599131
10.16, 599131
10.17, 599131
10.18, 599131
10.19, 599131
10.2, 599131
10.21, 599131
10.22, 599131
10.23, 599131
10.24, 599131
10.25, 599131
10.26, 599131
10.27, 599131
10.28, 599131
10.29, 599131
10.3, 599131
10.31, 599131
10.32, 599131
10.33, 599131
10.34, 599131
10.35, 599131
10.36, 599131
10.37, 599131
10.38, 599131
10.39, 599131
10.4, 599131
10.41, 599131
10.42, 599131
10.43, 599131
10.44, 599131
10.45, 599131
10.46, 599131
10.47, 599131
10.48, 599131
10.49, 599131
10.5, 599131
10.51, 599131
10.52, 599131
10.53, 599131
10.54, 599131
10.55, 599131
10.56, 599131
10.57, 599131
10.58, 599131
10.59, 599131
10.6, 599131
10.61, 599131
10.62, 599131
10.63, 599131
10.64, 599131
10.65, 599131
10.66, 599131
10.67, 599131
10.68, 599131
10.69, 599131
10.7, 599131
10.71, 599131
10.72, 599131
10.73, 599131
10.74, 599131
10.75, 599131
10.76, 599131
10.77, 599131
10.78, 599131
10.79, 599131
10.8, 599131
10.81, 599131
10.82, 599131
10.83, 599131
10.84, 599131
10.85, 599131
10.86, 599131
10.87, 599131
10.88, 599131
10.89, 599131
10.9, 599131
10.91, 599131
10.92, 599131
10.93, 599131
10.94, 599131
10.95, 599131
10.96, 599131
10.97, 599131
10.98, 599131
10.99, 599131
11.0, 599131
11.01, 599131
11.02, 599131
11.03, 599131
11.04, 599131
11.05, 599131
11.06, 599131
11.07, 599131
11.08, 599131
11.09, 599131
11.1, 599131
11.11, 599131
11.12, 599131
11.13, 599131
11.14, 599131
11.15, 599131
11.16, 599131
11.17, 599131
11.18, 599131
11.19, 599131
11.2, 599131
11.21, 599131
11.22, 599131
11.23, 599131
11.24, 599131
11.25, 599131
11.26, 599131
11.27, 599131
11.28, 599131
11.29, 599131
11.3, 599131
11.31, 599131
11.32, 599131
11.33, 599131
11.34, 599131
11.35, 599131
11.36, 599131
11.37, 599131
11.38, 599131
11.39, 599131
11.4, 599131
11.41, 599131
11.42, 599131
11.43, 599131
11.44, 599131
11.45, 599131
11.46, 599131
11.47, 599131
11.48, 599131
11.49, 599131
11.5, 599131
11.51, 599131
11.52, 599131
11.53, 599131
11.54, 599131
11.55, 599131
11.56, 599131
11.57, 599131
11.58, 599131
11.59, 599131
11.6, 599131
11.61, 599131
11.62, 599131
11.63, 599131
11.64, 599131
11.65, 599131
11.66, 599131
11.67, 599131
11.68, 599131
11.69, 599131
11.7, 599131
11.71, 599131
11.72, 599131
11.73, 599131
11.74, 599131
11.75, 599131
11.76, 599131
11.77, 599131
11.78, 599131
11.79, 599131
11.8, 599131
11.81, 599131
11.82, 599131
11.83, 599131
11.84, 599131
11.85, 599131
11.86, 599131
11.87, 599131
11.88, 599131
11.89, 599131
11.9, 599131
11.91, 599131
11.92, 599131
11.93, 599131
11.94, 599131
11.95, 599131
11.96, 599131
11.97, 599131
11.98, 599131
11.99, 599131
12.0, 599131
12.01, 599131
12.02, 599131
12.03, 599131
12.04, 599131
12.05, 599131
12.06, 599131
12.07, 599131
12.08, 599131
12.09, 599131
12.1, 599131
12.11, 599131
12.12, 599131
12.13, 599131
12.14, 599131
12.15, 599131
12.16, 599131
12.17, 599131
12.18, 599131
12.19, 599131
12.2, 599131
12.21, 599131
12.22, 599131
12.23, 599131
12.24, 599131
12.25, 599131
12.26, 599131
12.27, 599131
12.28, 599131
12.29, 599131
12.3, 599131
12.31, 599131
12.32, 599131
12.33, 599131
12.34, 599131
12.35, 599131
12.36, 599131
12.37, 599131
12.38, 599131
12.39, 599131
12.4, 599131
12.41, 599131
12.42, 599131
12.43, 599131
12.44, 599131
12.45, 599131
12.46, 599131
12.47, 599131
12.48, 599131
12.49, 599131
12.5, 599131
12.51, 599131
12.52, 599131
12.53, 599131
12.54, 599131
12.55, 599131
12.56, 599131
12.57, 599131
12.58, 599131
12.59, 599131
12.6, 599131
12.61, 599131
12.62, 599131
12.63, 599131
12.64, 599131
12.65, 599131
12.66, 599131
12.67, 599131
12.68, 599131
12.69, 599131
12.7, 599131
12.71, 599131
12.72, 599131
12.73, 599131
12.74, 599131
12.75, 599131
12.76, 599131
12.77, 599131
12.78, 599131
12.79, 599131
12.8, 599131
12.81, 599131
12.82, 599131
12.83, 599131
12.84, 599131
12.85, 599131
12.86, 599131
12.87, 599131
12.88, 599131
12.89, 599131
12.9, 599131
12.91, 599131
12.92, 599131
12.93, 599131
12.94, 599131
12.95, 599131
12.96, 599131
12.97, 599131
12.98, 599131
12.99, 599131
13.0, 599131
13.01, 599131
13.02, 599131
13.03, 599131
13.04, 599131
13.05, 599131
13.06, 599131
13.07, 599131
13.08, 599131
13.09, 599131
13.1, 599131
13.11, 599131
13.12, 599131
13.13, 599131
13.14, 599131
13.15, 599131
13.16, 599131
13.17, 599131
13.18, 599131
13.19, 599131
13.2, 599131
13.21, 599131
13.22, 599131
13.23, 599131
13.24, 599131
13.25, 599131
13.26, 599131
13.27, 599131
13.28, 599131
13.29, 599131
13.3, 599131
13.31, 599131
13.32, 599131
13.33, 599131
13.34, 599131
13.35, 599131
13.36, 599131
13.37, 599131
13.38, 599131
13.39, 599131
13.4, 599131
13.41, 599131
13.42, 599131
13.43, 599131
13.44, 599131
13.45, 599131
13.46, 599131
13.47, 599131
13.48, 599131
13.49, 599131
13.5, 599131
13.51, 599131
13.52, 599131
13.53, 599131
13.54, 599131
13.55, 599131
13.56, 599131
13.57, 599131
13.58, 599131
13.59, 599131
13.6, 599131
13.61, 599131
13.62, 599131
13.63, 599131
13.64, 599131
13.65, 599131
13.66, 599131
13.67, 599131
13.68, 599131
13.69, 599131
13.7, 599131
13.71, 599131
13.72, 599131
13.73, 599131
13.74, 599131
13.75, 599131
13.76, 599131
13.77, 599131
13.78, 599131
13.79, 599131
13.8, 599131
13.81, 599131
13.82, 599131
13.83, 599131
13.84, 599131
13.85, 599131
13.86, 599131
13.87, 599131
13.88, 599131
13.89, 599131
13.9, 599131
13.91, 599131
13.92, 599131
13.93, 599131
13.94, 599131
13.95, 599131
13.96, 599131
13.97, 599131
13.98, 599131
13.99, 599131
14.0, 599131
14.01, 599131
14.02, 599131
14.03, 599131
14.04, 599131
14.05, 599131
14.06, 599131
14.07, 599131
14.08, 599131
14.09, 599131
14.1, 599131
14.11, 599131
14.12, 599131
14.13, 599131
14.14, 599131
14.15, 599131
14.16, 599131
14.17, 599131
14.18, 599131
14.19, 599131
14.2, 599131
14.21, 599131
14.22, 599131
14.23, 599131
14.24, 599131
14.25, 599131
14.26, 599131
14.27, 599131
14.28, 599131
14.29, 599131
14.3, 599131
14.31, 599131
14.32, 599131
14.33, 599131
14.34, 599131
14.35, 599131
14.36, 599131
14.37, 599131
14.38, 599131
14.39, 599131
14.4, 599131
14.41, 599131
14.42, 599131
14.43, 599131
14.44, 599131
14.45, 599131
14.46, 599131
14.47, 599131
14.48, 599131
14.49, 599131
14.5, 599131
14.51, 599131
14.52, 599131
14.53, 599131
14.54, 599131
14.55, 599131
14.56, 599131
14.57, 599131
14.58, 599131
14.59, 599131
14.6, 599131
14.61, 599131
14.62, 599131
14.63, 599131
14.64, 599131
14.65, 599131
14.66, 599131
14.67, 599131
14.68, 599131
14.69, 599131
14.7, 599131
14.71, 599131
14.72, 599131
14.73, 599131
14.74, 599131
14.75, 599131
14.76, 599131
14.77, 599131
14.78, 599131
14.79, 599131
14.8, 599131
14.81, 599131
14.82, 599131
14.83, 599131
14.84, 599131
14.85, 599131
14.86, 599131
14.87, 599131
14.88, 599131
14.89, 599131
14.9, 599131
14.91, 599131
14.92, 599131
14.93, 599131
14.94, 599131
14.95, 599131
14.96, 599131
14.97, 599131
14.98, 599131
14.99, 599131
15.0, 599131
15.01, 599131
15.02, 599131
15.03, 599131
15.04, 599131
15.05, 599131
15.06, 599131
15.07, 599131
15.08, 599131
15.09, 599131
15.1, 599131
15.11, 599131
15.12, 599131
15.13, 599131
15.14, 599131
15.15, 599131
15.16, 599131
15.17, 599131
15.18, 599131
15.19, 599131
15.2, 599131
15.21, 599131
15.22, 599131
15.23, 599131
15.24, 599131
15.25, 599131
15.26, 599131
15.27, 599131
15.28, 599131
15.29, 599131
15.3, 599131
15.31, 599131
15.32, 599131
15.33, 599131
15.34, 599131
15.35, 599131
15.36, 599131
15.37, 599131
15.38, 599131
15.39, 599131
15.4, 599131
15.41, 599131
15.42, 599131
15.43, 599131
15.44, 599131
15.45, 599131
15.46, 599131
15.47, 599131
15.48, 599131
15.49, 599131
15.5, 599131
15.51, 599131
15.52, 599131
15.53, 599131
15.54, 599131
15.55, 599131
15.56, 599131
15.57, 599131
15.58, 599131
15.59, 599131
15.6, 599131
15.61, 599131
15.62, 599131
15.63, 599131
15.64, 599131
15.65, 599131
15.66, 599131
15.67, 599131
15.68, 599131
15.69, 599131
15.7, 599131
15.71, 599131
15.72, 599131
15.73, 599131
15.74, 599131
15.75, 599131
15.76, 599131
15.77, 599131
15.78, 599131
15.79, 599131
15.8, 599131
15.81, 599131
15.82, 599131
15.83, 599131
15.84, 599131
15.85, 599131
15.86, 599131
15.87, 599131
15.88, 599131
15.89, 599131
15.9, 599131
15.91, 599131
15.92, 599131
15.93, 599131
15.94, 599131
15.95, 599131
15.96, 599131
15.97, 599131
15.98, 599131
15.99, 599131
16.0, 599131
16.01, 599131
16.02, 599131
16.03, 599131
16.04, 599131
16.05, 599131
16.06, 599131
16.07, 599131
16.08, 599131
16.09, 599131
16.1, 599131
16.11, 599131
16.12, 599131
16.13, 599131
16.14, 599131
16.15, 599131
16.16, 599131
16.17, 599131
16.18, 599131
16.19, 599131
16.2, 599131
16.21, 599131
16.22, 599131
16.23, 599131
16.24, 599131
16.25, 599131
16.26, 599131
16.27, 599131
16.28, 599131
16.29, 599131
16.3, 599131
16.31, 599131
16.32, 599131
16.33, 599131
16.34, 599131
16.35, 599131
16.36, 599131
16.37, 599131
16.38, 599131
16.39, 599131
16.4, 599131
16.41, 599131
16.42, 599131
16.43, 599131
16.44, 599131
16.45, 599131
16.46, 599131
16.47, 599131
16.48, 599131
16.49, 599131
16.5, 599131
16.51, 599131
16.52, 599131
16.53, 599131
16.54, 599131
16.55, 599131
16.56, 599131
16.57, 599131
16.58, 599131
16.59, 599131
16.6, 599131
16.61, 599131
16.62, 599131
16.63, 599131
16.64, 599131
16.65, 599131
16.66, 599131
16.67, 599131
16.68, 599131
16.69, 599131
16.7, 599131
16.71, 599131
16.72, 599131
16.73, 599131
16.74, 599131
16.75, 599131
16.76, 599131
16.77, 599131
16.78, 599131
16.79, 599131
16.8, 599131
16.81, 599131
16.82, 599131
16.83, 599131
16.84, 599131
16.85, 599131
16.86, 599131
16.87, 599131
16.88, 599131
16.89, 599131
16.9, 599131
16.91, 599131
16.92, 599131
16.93, 599131
16.94, 599131
16.95, 599131
16.96, 599131
16.97, 599131
16.98, 599131
16.99, 599131
17.0, 599131
17.01, 599131
17.02, 599131
17.03, 599131
17.04, 599131
17.05, 599131
17.06, 599131
17.07, 599131
17.08, 599131
17.09, 599131
17.1, 599131
17.11, 599131
17.12, 599131
17.13, 599131
17.14, 599131
17.15, 599131
17.16, 599131
17.17, 599131
17.18, 599131
17.19, 599131
17.2, 599131
17.21, 599131
17.22, 599131
17.23, 599131
17.24, 599131
17.25, 599131
17.26, 599131
17.27, 599131
17.28, 599131
17.29, 599131
17.3, 599131
17.31, 599131
17.32, 599131
17.33, 599131
17.34, 599131
17.35, 599131
17.36, 599131
17.37, 599131
17.38, 599131
17.39, 599131
17.4, 599131
17.41, 599131
17.42, 599131
17.43, 599131
17.44, 599131
17.45, 599131
17.46, 599131
17.47, 599131
17.48, 599131
17.49, 599131
17.5, 599131
17.51, 599131
17.52, 599131
17.53, 599131
17.54, 599131
17.55, 599131
17.56, 599131
17.57, 599131
17.58, 599131
17.59, 599131
17.6, 599131
17.61, 599131
17.62, 599131
17.63, 599131
17.64, 599131
17.65, 599131
17.66, 599131
17.67, 599131
17.68, 599131
17.69, 599131
17.7, 599131
17.71, 599131
17.72, 599131
17.73, 599131
17.74, 599131
17.75, 599131
17.76, 599131
17.77, 599131
17.78, 599131
17.79, 599131
17.8, 599131
17.81, 599131
17.82, 599131
17.83, 599131
17.84, 599131
17.85, 599131
17.86, 599131
17.87, 599131
17.88, 599131
17.89, 599131
17.9, 599131
17.91, 599131
17.92, 599131
17.93, 599131
17.94, 599131
17.95, 599131
17.96, 599131
17.97, 599131
17.98, 599131
17.99, 599131
18.0, 599131
18.01, 599131
18.02, 599131
18.03, 599131
18.04, 599131
18.05, 599131
18.06, 599131
18.07, 599131
18.08, 599131
18.09, 599131
18.1, 599131
18.11, 599131
18.12, 599131
18.13, 599131
18.14, 599131
18.15, 599131
18.16, 599131
18.17, 599131
18.18, 599131
18.19, 599131
18.2, 599131
18.21, 599131
18.22, 599131
18.23, 599131
18.24, 599131
18.25, 599131
18.26, 599131
18.27, 599131
18.28, 599131
18.29, 599131
18.3, 599131
18.31, 599131
18.32, 599131
18.33, 599131
18.34, 599131
18.35, 599131
18.36, 599131
18.37, 599131
18.38, 599131
18.39, 599131
18.4, 599131
18.41, 599131
18.42, 599131
18.43, 599131
18.44, 599131
18.45, 599131
18.46, 599131
18.47, 599131
18.48, 599131
18.49, 599131
18.5, 599131
18.51, 599131
18.52, 599131
18.53, 599131
18.54, 599131
18.55, 599131
18.56, 599131
18.57, 599131
18.58, 599131
18.59, 599131
18.6, 599131
18.61, 599131
18.62, 599131
18.63, 599131
18.64, 599131
18.65, 599131
18.66, 599131
18.67, 599131
18.68, 599131
18.69, 599131
18.7, 599131
18.71, 599131
18.72, 599131
18.73, 599131
18.74, 599131
18.75, 599131
18.76, 599131
18.77, 599131
18.78, 599131
18.79, 599131
18.8, 599131
18.81, 599131
18.82, 599131
18.83, 599131
18.84, 599131
18.85, 599131
18.86, 599131
18.87, 599131
18.88, 599131
18.89, 599131
18.9, 599131
18.91, 599131
18.92, 599131
18.93, 599131
18.94, 599131
18.95, 599131
18.96, 599131
18.97, 599131
18.98, 599131
18.99, 599131
19.0, 599131
19.01, 599131
19.02, 599131
19.03, 599131
19.04, 599131
19.05, 599131
19.06, 599131
19.07, 599131
19.08, 599131
19.09, 599131
19.1, 599131
19.11, 599131
19.12, 599131
19.13, 599131
19.14, 599131
19.15, 599131
19.16, 599131
19.17, 599131
19.18, 599131
19.19, 599131
19.2, 599131
19.21, 599131
19.22, 599131
19.23, 599131
19.24, 599131
19.25, 599131
19.26, 599131
19.27, 599131
19.28, 599131
19.29, 599131
19.3, 599131
19.31, 599131
19.32, 599131
19.33, 599131
19.34, 599131
19.35, 599131
19.36, 599131
19.37, 599131
19.38, 599131
19.39, 599131
19.4, 599131
19.41, 599131
19.42, 599131
19.45, 599131
19.46, 599131
19.47, 599131
19.48, 599131
19.49, 599131
19.5, 599131
19.51, 599131
19.52, 599131
19.53, 599131
19.54, 599131
19.55, 599131
19.56, 599131
19.57, 599131
19.58, 599131
19.59, 599131
19.6, 599131
19.61, 599131
19.62, 599131
19.63, 599131
19.64, 599131
19.65, 599131
19.66, 599131
19.67, 599131
19.68, 599131
19.69, 599131
19.7, 599131
19.71, 599131
19.72, 599131
19.73, 599131
19.74, 599131
19.75, 599131
19.76, 599131
19.77, 599131
19.78, 599131
19.79, 599131
19.8, 599131
19.81, 599131
19.82, 599131
19.83, 599131
19.84, 599131
19.85, 599131
19.86, 599131
19.87, 599131
19.88, 599131
19.89, 599131
19.9, 599131
19.91, 599131
19.92, 599131
19.93, 599131
19.94, 599131
19.95, 599131
19.96, 599131
19.97, 599131
19.98, 599131
19.99, 599131
20.0, 599131
20.01, 599131
20.02, 599131
20.03, 599131
20.04, 599131
20.05, 599131
20.06, 599131
20.07, 599131
20.08, 599131
20.09, 599131
20.1, 599131
20.11, 599131
20.12, 599131
20.13, 599131
20.14, 599131
20.15, 599131
20.16, 599131
20.17, 599131
20.18, 599131
20.19, 599131
20.2, 599131
20.21, 599131
20.22, 599131
20.23, 599131
20.24, 599131
20.25, 599131
20.26, 599131
20.27, 599131
20.28, 599131
20.29, 599131
20.3, 599131
20.31, 599131
20.32, 599131
20.33, 599131
20.34, 599131
20.35, 599131
20.36, 599131
20.37, 599131
20.38, 599131
20.39, 599131
20.4, 599131
20.41, 599131
20.42, 599131
20.43, 599131
20.44, 599131
20.45, 599131
20.46, 599131
20.47, 599131
20.48, 599131
20.49, 599131
20.5, 599131
20.51, 599131
20.52, 599131
20.53, 599131
20.54, 599131
20.55, 599131
20.56, 599131
20.57, 599131
20.58, 599131
20.59, 599131
20.6, 599131
20.61, 599131
20.62, 599131
20.63, 599131
20.64, 599131
20.65, 599131
20.66, 599131
20.67, 599131
20.68, 599131
20.69, 599131
20.7, 599131
20.71, 599131
20.72, 599131
20.73, 599131
20.74, 599131
20.75, 599131
20.76, 599131
20.77, 599131
20.78, 599131
20.79, 599131
20.8, 599131
20.81, 599131
20.82, 599131
20.83, 599131
20.84, 599131
20.85, 599131
20.86, 599131
20.87, 599131
20.88, 599131
20.89, 599131
20.9, 599131
20.91, 599131
20.92, 599131
20.93, 599131
20.94, 599131
20.95, 599131
20.96, 599131
20.97, 599131
20.98, 599131
20.99, 599131
21.0, 599131
21.01, 599131
21.02, 599131
21.03, 599131
21.04, 599131
21.05, 599131
21.06, 599131
21.07, 599131
21.08, 599131
21.09, 599131
21.1, 599131
21.11, 599131
21.12, 599131
21.13, 599131
21.14, 599131
21.15, 599131
21.16, 599131
21.17, 599131
21.18, 599131
21.19, 599131
21.2, 599131
21.21, 599131
21.22, 599131
21.23, 599131
21.24, 599131
21.25, 599131
21.26, 599131
21.27, 599131
21.28, 599131
21.29, 599131
21.3, 599131
21.31, 599131
21.32, 599131
21.33, 599131
21.34, 599131
21.35, 599131
21.36, 599131
21.37, 599131
21.38, 599131
21.39, 599131
21.4, 599131
21.41, 599131
21.42, 599131
21.43, 599131
21.44, 599131
21.45, 599131
21.46, 599131
21.47, 599131
21.48, 599131
21.49, 599131
21.5, 599131
21.51, 599131
21.52, 599131
21.53, 599131
21.54, 599131
21.55, 599131
21.56, 599131
21.57, 599131
21.58, 599131
21.59, 599131
21.6, 599131
21.61, 599131
21.62, 599131
21.63, 599131
21.64, 599131
21.65, 599131
21.66, 599131
21.67, 599131
21.68, 599131
21.69, 599131
21.7, 599131
21.71, 599131
21.72, 599131
21.73, 599131
21.74, 599131
21.75, 599131
21.76, 599131
21.77, 599131
21.78, 599131
21.79, 599131
21.8, 599131
21.81, 599131
21.82, 599131
21.83, 599131
21.84, 599131
21.85, 599131
21.86, 599131
21.87, 599131
21.88, 599131
21.89, 599131
21.9, 599131
21.91, 599131
21.92, 599131
21.93, 599131
21.94, 599131
21.95, 599131
21.96, 599131
21.97, 599131
21.98, 599131
21.99, 599131
22.0, 599131
22.01, 599131
22.02, 599131
22.03, 599131
22.04, 599131
22.05, 599131
22.06, 599131
22.07, 599131
22.08, 599131
22.09, 599131
22.1, 599131
22.11, 599131
22.12, 599131
22.13, 599131
22.14, 599131
22.15, 599131
22.16, 599131
22.17, 599131
22.18, 599131
22.19, 599131
22.2, 599131
22.21, 599131
22.22, 599131
22.23, 599131
22.24, 599131
22.25, 599131
22.26, 599131
22.27, 599131
22.28, 599131
22.29, 599131
22.3, 599131
22.31, 599131
22.32, 599131
22.33, 599131
22.34, 599131
22.35, 599131
22.36, 599131
22.37, 599131
22.38, 599131
22.39, 599131
22.4, 599131
22.41, 599131
22.42, 599131
22.43, 599131
22.44, 599131
22.45, 599131
22.46, 599131
22.47, 599131
22.48, 599131
22.49, 599131
22.5, 599131
22.51, 599131
22.52, 599131
22.53, 599131
22.54, 599131
22.55, 599131
22.56, 599131
22.57, 599131
22.58, 599131
22.59, 599131
22.6, 599131
22.61, 599131
22.62, 599131
22.63, 599131
22.64, 599131
22.65, 599131
22.66, 599131
22.67, 599131
22.68, 599131
22.69, 599131
22.7, 599131
22.71, 599131
22.72, 599131
22.73, 599131
22.74, 599131
22.75, 599131
22.76, 599131
22.77, 599131
22.78, 599131
22.79, 599131
22.8, 599131
22.81, 599131
22.82, 599131
22.83, 599131
22.84, 599131
22.85, 599131
22.86, 599131
22.87, 599131
22.88, 599131
22.89, 599131
22.9, 599131
22.91, 599131
22.92, 599131
22.93, 599131
22.94, 599131
22.95, 599131
22.96, 599131
22.97, 599131
22.98, 599131
22.99, 599131
23.0, 599131
23.01, 599131
23.02, 599131
23.03, 599131
23.04, 599131
23.05, 599131
23.06, 599131
23.07, 599131
23.08, 599131
23.09, 599131
23.1, 599131
23.11, 599131
23.12, 599131
23.13, 599131
23.14, 599131
23.15, 599131
23.16, 599131
23.17, 599131
23.18, 599131
23.19, 599131
23.2, 599131
23.21, 599131
23.22, 599131
23.23, 599131
23.24, 599131
23.25, 599131
23.26, 599131
23.27, 599131
23.28, 599131
23.29, 599131
23.3, 599131
23.31, 599131
23.32, 599131
23.33, 599131
23.34, 599131
23.35, 599131
23.36, 599131
23.37, 599131
23.38, 599131
23.39, 599131
23.4, 599131
23.41, 599131
23.42, 599131
23.43, 599131
23.44, 599131
23.45, 599131
23.46, 599131
23.47, 599131
23.48, 599131
23.49, 599131
23.5, 599131
23.51, 599131
23.52, 599131
23.53, 599131
23.54, 599131
23.55, 599131
23.56, 599131
23.57, 599131
23.58, 599131
23.59, 599131
23.6, 599131
23.61, 599131
23.62, 599131
23.63, 599131
23.64, 599131
23.65, 599131
23.66, 599131
23.67, 599131
23.68, 599131
23.69, 599131
23.7, 599131
23.71, 599131
23.72, 599131
23.73, 599131
23.74, 599131
23.75, 599131
23.76, 599131
23.77, 599131
23.78, 599131
23.79, 599131
23.8, 599131
23.81, 599131
23.82, 599131
23.83, 599131
23.84, 599131
23.85, 599131
23.86, 599131
23.87, 599131
23.88, 599131
23.89, 599131
23.9, 599131
23.91, 599131
23.92, 599131
23.93, 599131
23.94, 599131
23.95, 599131
23.96, 599131
23.97, 599131
23.98, 599131
23.99, 599131
24.0, 599131
24.01, 599131
24.02, 599131
24.03, 599131
24.04, 599131
24.05, 599131
24.06, 599131
24.07, 599131
24.08, 599131
24.09, 599131
24.1, 599131
24.11, 599131
24.12, 599131
24.13, 599131
24.14, 599131
24.15, 599131
24.16, 599131
24.17, 599131
24.18, 599131
24.19, 599131
24.2, 599131
24.21, 599131
24.22, 599131
24.23, 599131
24.24, 599131
24.25, 599131
24.26, 599131
24.27, 599131
24.28, 599131
24.29, 599131
24.3, 599131
24.31, 599131
24.32, 599131
24.33, 599131
24.34, 599131
24.35, 599131
24.36, 599131
24.37, 599131
24.38, 599131
24.39, 599131
24.4, 599131
24.41, 599131
24.42, 599131
24.43, 599131
24.44, 599131
24.45, 599131
24.46, 599131
24.47, 599131
24.48, 599131
24.49, 599131
24.5, 599131
24.51, 599131
24.52, 599131
24.53, 599131
24.54, 599131
24.55, 599131
24.56, 599131
24.57, 599131
24.58, 599131
24.59, 599131
24.6, 599131
24.61, 599131
24.62, 599131
24.63, 599131
24.64, 599131
24.65, 599131
24.66, 599131
24.67, 599131
24.68, 599131
24.69, 599131
24.7, 599131
24.71, 599131
24.72, 599131
24.73, 599131
24.74, 599131
24.75, 599131
24.76, 599131
24.77, 599131
24.78, 599131
24.79, 599131
24.8, 599131
24.81, 599131
24.82, 599131
24.83, 599131
24.84, 599131
24.85, 599131
24.86, 599131
24.87, 599131
24.88, 599131
24.89, 599131
24.9, 599131
24.91, 599131
24.92, 599131
24.93, 599131
24.94, 599131
24.95, 599131
24.96, 599131
24.97, 599131
24.98, 599131
24.99, 599131
25.0, 599131
25.01, 599131
25.02, 599131
25.03, 599131
25.04, 599131
25.05, 599131
25.06, 599131
25.07, 599131
25.08, 599131
25.09, 599131
25.1, 599131
25.11, 599131
25.12, 599131
25.13, 599131
25.14, 599131
25.15, 599131
25.16, 599131
25.17, 599131
25.18, 599131
25.19, 599131
25.2, 599131
25.21, 599131
25.22, 599131
25.23, 599131
25.24, 599131
25.25, 599131
25.26, 599131
25.27, 599131
25.28, 599131
25.29, 599131
25.3, 599131
25.31, 599131
25.32, 599131
25.33, 599131
25.34, 599131
25.35, 599131
25.36, 599131
25.37, 599131
25.38, 599131
25.39, 599131
25.4, 599131
25.41, 599131
25.42, 599131
25.43, 599131
25.44, 599131
25.45, 599131
25.46, 599131
25.47, 599131
25.48, 599131
25.49, 599131
25.5, 599131
25.51, 599131
25.52, 599131
25.53, 599131
25.54, 599131
25.55, 599131
25.56, 599131
25.57, 599131
25.58, 599131
25.59, 599131
25.6, 599131
25.61, 599131
25.62, 599131
25.63, 599131
25.64, 599131
25.65, 599131
25.66, 599131
25.67, 599131
25.68, 599131
25.69, 599131
25.7, 599131
25.71, 599131
25.72, 599131
25.73, 599131
25.74, 599131
25.75, 599131
25.76, 599131
25.77, 599131
25.78, 599131
25.79, 599131
25.8, 599131
25.81, 599131
25.82, 599131
25.83, 599131
25.84, 599131
25.85, 599131
25.86, 599131
25.87, 599131
25.88, 599131
25.89, 599131
25.9, 599131
25.91, 599131
25.92, 599131
25.93, 599131
25.94, 599131
25.95, 599131
25.96, 599131
25.97, 599131
25.98, 599131
25.99, 599131
26.0, 599131
26.01, 599131
26.02, 599131
26.03, 599131
26.04, 599131
26.05, 599131
26.06, 599131
26.07, 599131
26.08, 599131
26.09, 599131
26.1, 599131
26.11, 599131
26.12, 599131
26.13, 599131
26.14, 599131
26.15, 599131
26.16, 599131
26.17, 599131
26.18, 599131
26.19, 599131
26.2, 599131
26.21, 599131
26.22, 599131
26.23, 599131
26.24, 599131
26.25, 599131
26.26, 599131
26.27, 599131
26.28, 599131
26.29, 599131
26.3, 599131
26.31, 599131
26.32, 599131
26.33, 599131
26.34, 599131
26.35, 599131
26.36, 599131
26.37, 599131
26.38, 599131
26.39, 599131
26.4, 599131
26.41, 599131
26.42, 599131
26.43, 599131
26.44, 599131
26.45, 599131
26.46, 599131
26.47, 599131
26.48, 599131
26.49, 599131
26.5, 599131
26.51, 599131
26.52, 599131
26.53, 599131
26.54, 599131
26.55, 599131
26.56, 599131
26.57, 599131
26.58, 599131
26.59, 599131
26.6, 599131
26.61, 599131
26.62, 599131
26.63, 599131
26.64, 599131
26.65, 599131
26.66, 599131
26.67, 599131
26.68, 599131
26.69, 599131
26.7, 599131
26.71, 599131
26.72, 599131
26.73, 599131
26.74, 599131
26.75, 599131
26.76, 599131
26.77, 599131
26.78, 599131
26.79, 599131
26.8, 599131
26.81, 599131
26.82, 599131
26.83, 599131
26.84, 599131
26.85, 599131
26.86, 599131
26.87, 599131
26.88, 599131
26.89, 599131
26.9, 599131
26.91, 599131
26.92, 599131
26.93, 599131
26.94, 599131
26.95, 599131
26.96, 599131
26.97, 599131
26.98, 599131
26.99, 599131
27.0, 599131
27.01, 599131
27.02, 599131
27.03, 599131
27.04, 599131
27.05, 599131
27.06, 599131
27.07, 599131
27.08, 599131
27.09, 599131
27.1, 599131
27.11, 599131
27.12, 599131
27.13, 599131
27.14, 599131
27.15, 599131
27.16, 599131
27.17, 599131
27.18, 599131
27.19, 599131
27.2, 599131
27.21, 599131
27.22, 599131
27.23, 599131
27.24, 599131
27.25, 599131
27.26, 599131
27.27, 599131
27.28, 599131
27.29, 599131
27.3, 599131
27.31, 599131
27.32, 599131
27.33, 599131
27.34, 599131
27.35, 599131
27.36, 599131
27.37, 599131
27.38, 599131
27.39, 599131
27.4, 599131
27.41, 599131
27.42, 599131
27.43, 599131
27.44, 599131
27.45, 599131
27.46, 599131
27.47, 599131
27.48, 599131
27.49, 599131
27.5, 599131
27.51, 599131
27.52, 599131
27.53, 599131
27.54, 599131
27.55, 599131
27.56, 599131
27.57, 599131
27.58, 599131
27.59, 599131
27.6, 599131
27.61, 599131
27.62, 599131
27.63, 599131
27.64, 599131
27.65, 599131
27.66, 599131
27.67, 599131
27.68, 599131
27.69, 599131
27.7, 599131
27.71, 599131
27.72, 599131
27.73, 599131
27.74, 599131
27.75, 599131
27.76, 599131
27.77, 599131
27.78, 599131
27.79, 599131
27.8, 599131
27.81, 599131
27.82, 599131
27.83, 599131
27.84, 599131
27.85, 599131
27.86, 599131
27.87, 599131
27.88, 599131
27.89, 599131
27.9, 599131
27.91, 599131
27.92, 599131
27.93, 599131
27.94, 599131
27.95, 599131
27.96, 599131
27.97, 599131
27.98, 599131
27.99, 599131
28.0, 599131
28.01, 599131
28.02, 599131
28.03, 599131
28.04, 599131
28.05, 599131
28.06, 599131
28.07, 599131
28.08, 599131
28.09, 599131
28.1, 599131
28.11, 599131
28.12, 599131
28.13, 599131
28.14, 599131
28.15, 599131
28.16, 599131
28.17, 599131
28.18, 599131
28.19, 599131
28.2, 599131
28.21, 599131
28.22, 599131
28.23, 599131
28.24, 599131
28.25, 599131
28.26, 599131
28.27, 599131
28.28, 599131
28.29, 599131
28.3, 599131
28.31, 599131
28.32, 599131
28.33, 599131
28.34, 599131
28.35, 599131
28.36, 599131
28.37, 599131
28.38, 599131
28.39, 599131
28.4, 599131
28.41, 599131
28.42, 599131
28.43, 599131
28.44, 599131
28.45, 599131
28.46, 599131
28.47, 599131
28.48, 599131
28.49, 599131
28.5, 599131
28.51, 599131
28.52, 599131
28.53, 599131
28.54, 599131
28.55, 599131
28.56, 599131
28.57, 599131
28.58, 599131
28.59, 599131
28.6, 599131
28.61, 599131
28.62, 599131
28.63, 599131
28.64, 599131
28.65, 599131
28.66, 599131
28.67, 599131
28.68, 599131
28.69, 599131
28.7, 599131
28.71, 599131
28.72, 599131
28.73, 599131
28.74, 599131
28.75, 599131
28.76, 599131
28.77, 599131
28.78, 599131
28.79, 599131
28.8, 599131
28.81, 599131
28.82, 599131
28.83, 599131
28.84, 599131
28.85, 599131
28.86, 599131
28.87, 599131
28.88, 599131
28.89, 599131
28.9, 599131
28.91, 599131
28.92, 599131
28.93, 599131
28.94, 599131
28.95, 599131
28.96, 599131
28.97, 599131
28.98, 599131
28.99, 599131
29.0, 599131
29.01, 599131
29.02, 599131
29.03, 599131
29.04, 599131
29.05, 599131
29.06, 599131
29.07, 599131
29.08, 599131
29.09, 599131
29.1, 599131
29.11, 599131
29.12, 599131
29.13, 599131
29.14, 599131
29.15, 599131
29.16, 599131
29.17, 599131
29.18, 599131
29.19, 599131
29.2, 599131
29.21, 599131
29.22, 599131
29.23, 599131
29.24, 599131
29.25, 599131
29.26, 599131
29.27, 599131
29.28, 599131
29.29, 599131
29.3, 599131
29.31, 599131
29.32, 599131
29.33, 599131
29.34, 599131
29.35, 599131
29.36, 599131
29.37, 599131
29.38, 599131
29.39, 599131
29.4, 599131
29.41, 599131
29.42, 599131
29.43, 599131
29.44, 599131
29.45, 599131
29.46, 599131
29.47, 599131
29.48, 599131
29.49, 599131
29.5, 599131
29.51, 599131
29.52, 599131
29.53, 599131
29.54, 599131
29.55, 599131
29.56, 599131
29.57, 599131
29.58, 599131
29.59, 599131
29.6, 599131
29.61, 599131
29.62, 599131
29.63, 599131
29.64, 599131
29.65, 599131
29.66, 599131
29.67, 599131
29.68, 599131
29.69, 599131
29.7, 599131
29.71, 599131
29.72, 599131
29.73, 599131
29.74, 599131
29.75, 599131
29.76, 599131
29.77, 599131
29.78, 599131
29.79, 599131
29.8, 599131
29.81, 599131
29.82, 599131
29.83, 599131
29.84, 599131
29.85, 599131
29.86, 599131
29.87, 599131
29.88, 599131
29.89, 599131
29.9, 599131
29.91, 599131
29.92, 599131
29.93, 599131
29.94, 599131
29.95, 599131
29.96, 599131
29.97, 599131
29.98, 599131
29.99, 599131
30.0, 599131
30.01, 599131
30.02, 599131
30.03, 599131
30.04, 599131
30.05, 599131
30.06, 599131
30.07, 599131
30.08, 599131
30.09, 599131
30.1, 599131
30.11, 599131
30.12, 599131
30.13, 599131
30.14, 599131
30.15, 599131
30.16, 599131
30.17, 599131
30.18, 599131
30.19, 599131
30.2, 599131
30.21, 599131
30.22, 599131
30.23, 599131
30.24, 599131
30.25, 599131
30.26, 599131
30.27, 599131
30.28, 599131
30.29, 599131
30.3, 599131
30.31, 599131
30.32, 599131
30.33, 599131
30.34, 599131
30.35, 599131
30.36, 599131
30.37, 599131
30.38, 599131
30.39, 599131
30.4, 599131
30.41, 599131
30.42, 599131
30.43, 599131
30.44, 599131
30.45, 599131
30.46, 599131
30.47, 599131
30.48, 599131
30.49, 599131
30.5, 599131
30.51, 599131
30.52, 599131
30.53, 599131
30.54, 599131
30.55, 599131
30.56, 599131
30.57, 599131
30.58, 599131
30.59, 599131
30.6, 599131
30.61, 599131
30.62, 599131
30.63, 599131
30.64, 599131
30.65, 599131
30.66, 599131
30.67, 599131
30.68, 599131
30.69, 599131
30.7, 599131
30.71, 599131
30.72, 599131
30.73, 599131
30.74, 599131
30.75, 599131
30.76, 599131
30.77, 599131
30.78, 599131
30.79, 599131
30.8, 599131
30.81, 599131
30.82, 599131
30.83, 599131
30.84, 599131
30.85, 599131
30.86, 599131
30.87, 599131
30.88, 599131
30.89, 599131
30.9, 599131
30.91, 599131
30.92, 599131
30.93, 599131
30.94, 599131
30.95, 599131
30.96, 599131
30.97, 599131
30.98, 599131
30.99, 599131
31.0, 599131
31.01, 599131
31.02, 599131
31.03, 599131
31.04, 599131
31.05, 599131
31.06, 599131
31.07, 599131
31.08, 599131
31.09, 599131
31.1, 599131
31.11, 599131
31.12, 599131
31.13, 599131
31.14, 599131
31.15, 599131
31.16, 599131
31.17, 599131
31.18, 599131
31.19, 599131
31.2, 599131
31.21, 599131
31.22, 599131
31.23, 599131
31.24, 599131
31.25, 599131
31.26, 599131
31.27, 599131
31.28, 599131
31.29, 599131
31.3, 599131
31.31, 599131
31.32, 599131
31.33, 599131
31.34, 599131
31.35, 599131
31.36, 599131
31.37, 599131
31.38, 599131
31.39, 599131
31.4, 599131
31.41, 599131
31.42, 599131
31.43, 599131
31.44, 599131
31.45, 599131
31.46, 599131
31.47, 599131
31.48, 599131
31.49, 599131
31.5, 599131
31.51, 599131
31.52, 599131
31.53, 599131
31.54, 599131
31.55, 599131
31.56, 599131
31.57, 599131
31.58, 599131
31.59, 599131
31.6, 599131
31.61, 599131
31.62, 599131
31.63, 599131
31.64, 599131
31.65, 599131
31.66, 599131
31.67, 599131
31.68, 599131
31.69, 599131
31.7, 599131
31.71, 599131
31.72, 599131
31.73, 599131
31.74, 599131
31.75, 599131
31.76, 599131
31.77, 599131
31.78, 599131
31.79, 599131
31.8, 599131
31.81, 599131
31.82, 599131
31.83, 599131
31.84, 599131
31.85, 599131
31.86, 599131
31.87, 599131
31.88, 599131
31.89, 599131
31.9, 599131
31.91, 599131
31.92, 599131
31.93, 599131
31.94, 599131
31.95, 599131
31.96, 599131
31.97, 599131
31.98, 599131
31.99, 599131
32.0, 599131
32.01, 599131
32.02, 599131
32.03, 599131
32.04, 599131
32.05, 599131
32.06, 599131
32.07, 599131
32.08, 599131
32.09, 599131
32.1, 599131
32.11, 599131
32.12, 599131
32.13, 599131
32.14, 599131
32.15, 599131
32.16, 599131
32.17, 599131
32.18, 599131
32.19, 599131
32.2, 599131
32.21, 599131
32.22, 599131
32.23, 599131
32.24, 599131
32.25, 599131
32.26, 599131
32.27, 599131
32.28, 599131
32.29, 599131
32.3, 599131
32.31, 599131
32.32, 599131
32.33, 599131
32.34, 599131
32.35, 599131
32.36, 599131
32.37, 599131
32.38, 599131
32.39, 599131
32.4, 599131
32.41, 599131
32.42, 599131
32.43, 599131
32.44, 599131
32.45, 599131
32.46, 599131
32.47, 599131
32.48, 599131
32.49, 599131
32.5, 599131
32.51, 599131
32.52, 599131
32.53, 599131
32.54, 599131
32.55, 599131
32.56, 599131
32.57, 599131
32.58, 599131
32.59, 599131
32.6, 599131
32.61, 599131
32.62, 599131
32.63, 599131
32.64, 599131
32.65, 599131
32.66, 599131
32.67, 599131
32.68, 599131
32.69, 599131
32.7, 599131
32.71, 599131
32.72, 599131
32.73, 599131
32.74, 599131
32.75, 599131
32.76, 599131
32.77, 599131
32.78, 599131
32.79, 599131
32.8, 599131
32.81, 599131
32.82, 599131
32.83, 599131
32.84, 599131
32.85, 599131
32.86, 599131
32.87, 599131
32.88, 599131
32.89, 599131
32.9, 599131
32.91, 599131
32.92, 599131
32.93, 599131
32.94, 599131
32.95, 599131
32.96, 599131
32.97, 599131
32.98, 599131
32.99, 599131
33.0, 599131
33.01, 599131
33.02, 599131
33.03, 599131
33.04, 599131
33.05, 599131
33.06, 599131
33.07, 599131
33.08, 599131
33.09, 599131
33.1, 599131
33.11, 599131
33.12, 599131
33.13, 599131
33.14, 599131
33.15, 599131
33.16, 599131
33.17, 599131
33.18, 599131
33.19, 599131
33.2, 599131
33.21, 599131
33.22, 599131
33.23, 599131
33.24, 599131
33.25, 599131
33.26, 599131
33.27, 599131
33.28, 599131
33.29, 599131
33.3, 599131
33.31, 599131
33.32, 599131
33.33, 599131
33.34, 599131
33.35, 599131
33.36, 599131
33.37, 599131
33.38, 599131
33.39, 599131
33.4, 599131
33.41, 599131
33.42, 599131
33.43, 599131
33.44, 599131
33.45, 599131
33.46, 599131
33.47, 599131
33.48, 599131
33.49, 599131
33.5, 599131
33.51, 599131
33.52, 599131
33.53, 599131
33.54, 599131
33.55, 599131
33.56, 599131
33.57, 599131
33.58, 599131
33.59, 599131
33.6, 599131
33.61, 599131
33.62, 599131
33.63, 599131
33.64, 599131
33.65, 599131
33.66, 599131
33.67, 599131
33.68, 599131
33.69, 599131
33.7, 599131
33.71, 599131
33.72, 599131
33.73, 599131
33.74, 599131
33.75, 599131
33.76, 599131
33.77, 599131
33.78, 599131
33.79, 599131
33.8, 599131
33.81, 599131
33.82, 599131
33.83, 599131
33.84, 599131
33.85, 599131
33.86, 599131
33.87, 599131
33.88, 599131
33.89, 599131
33.9, 599131
33.91, 599131
33.92, 599131
33.93, 599131
33.94, 599131
33.95, 599131
33.96, 599131
33.97, 599131
33.98, 599131
33.99, 599131
34.0, 599131
34.01, 599131
34.02, 599131
34.03, 599131
34.04, 599131
34.05, 599131
34.06, 599131
34.07, 599131
34.08, 599131
34.09, 599131
34.1, 599131
34.11, 599131
34.12, 599131
34.13, 599131
34.14, 599131
34.15, 599131
34.16, 599131
34.17, 599131
34.18, 599131
34.19, 599131
34.2, 599131
34.21, 599131
34.22, 599131
34.23, 599131
34.24, 599131
34.25, 599131
34.26, 599131
34.27, 599131
34.28, 599131
34.29, 599131
34.3, 599131
34.31, 599131
34.32, 599131
34.33, 599131
34.34, 599131
34.35, 599131
34.36, 599131
34.37, 599131
34.38, 599131
34.39, 599131
34.4, 599131
34.41, 599131
34.42, 599131
34.43, 599131
34.44, 599131
34.45, 599131
34.46, 599131
34.47, 599131
34.48, 599131
34.49, 599131
34.5, 599131
34.51, 599131
34.52, 599131
34.53, 599131
34.54, 599131
34.55, 599131
34.56, 599131
34.57, 599131
34.58, 599131
34.59, 599131
34.6, 599131
34.61, 599131
34.62, 599131
34.63, 599131
34.64, 599131
34.65, 599131
34.66, 599131
34.67, 599131
34.68, 599131
34.69, 599131
34.7, 599131
34.71, 599131
34.72, 599131
34.73, 599131
34.74, 599131
34.75, 599131
34.76, 599131
34.77, 599131
34.78, 599131
34.79, 599131
34.8, 599131
34.81, 599131
34.82, 599131
34.83, 599131
34.84, 599131
34.85, 599131
34.86, 599131
34.87, 599131
34.88, 599131
34.89, 599131
34.9, 599131
34.91, 599131
34.92, 599131
34.93, 599131
34.94, 599131
34.95, 599131
34.96, 599131
34.97, 599131
34.98, 599131
34.99, 599131
35.0, 599131
35.01, 599131
35.02, 599131
35.03, 599131
35.04, 599131
35.05, 599131
35.06, 599131
35.07, 599131
35.08, 599131
35.09, 599131
35.1, 599131
35.11, 599131
35.12, 599131
35.13, 599131
35.14, 599131
35.15, 599131
35.16, 599131
35.17, 599131
35.18, 599131
35.19, 599131
35.2, 599131
35.21, 599131
35.22, 599131
35.23, 599131
35.24, 599131
35.25, 599131
35.26, 599131
35.27, 599131
35.28, 599131
35.29, 599131
35.3, 599131
35.31, 599131
35.32, 599131
35.33, 599131
35.34, 599131
35.35, 599131
35.36, 599131
35.37, 599131
35.38, 599131
35.39, 599131
35.4, 599131
35.41, 599131
35.42, 599131
35.43, 599131
35.44, 599131
35.45, 599131
35.46, 599131
35.47, 599131
35.48, 599131
35.49, 599131
35.5, 599131
35.51, 599131
35.52, 599131
35.53, 599131
35.54, 599131
35.55, 599131
35.56, 599131
35.57, 599131
35.58, 599131
35.59, 599131
35.6, 599131
35.61, 599131
35.62, 599131
35.63, 599131
35.64, 599131
35.65, 599131
35.66, 599131
35.67, 599131
35.68, 599131
35.69, 599131
35.7, 599131
35.71, 599131
35.72, 599131
35.73, 599131
35.74, 599131
35.75, 599131
35.76, 599131
35.77, 599131
35.78, 599131
35.79, 599131
35.8, 599131
35.81, 599131
35.82, 599131
35.83, 599131
35.84, 599131
35.85, 599131
35.86, 599131
35.87, 599131
35.88, 599131
35.89, 599131
35.9, 599131
35.91, 599131
35.92, 599131
35.93, 599131
35.94, 599131
35.95, 599131
35.96, 599131
35.97, 599131
35.98, 599131
35.99, 599131
36.0, 599131
36.01, 599131
36.02, 599131
36.03, 599131
36.04, 599131
36.05, 599131
36.06, 599131
36.07, 599131
36.08, 599131
36.09, 599131
36.1, 599131
36.11, 599131
36.12, 599131
36.13, 599131
36.14, 599131
36.15, 599131
36.16, 599131
36.17, 599131
36.18, 599131
36.19, 599131
36.2, 599131
36.21, 599131
36.22, 599131
36.23, 599131
36.24, 599131
36.25, 599131
36.26, 599131
36.27, 599131
36.28, 599131
36.29, 599131
36.3, 599131
36.31, 599131
36.32, 599131
36.33, 599131
36.34, 599131
36.35, 599131
36.36, 599131
36.37, 599131
36.38, 599131
36.39, 599131
36.4, 599131
36.41, 599131
36.42, 599131
36.43, 599131
36.44, 599131
36.45, 599131
36.46, 599131
36.47, 599131
36.48, 599131
36.49, 599131
36.5, 599131
36.51, 599131
36.52, 599131
36.53, 599131
36.54, 599131
36.55, 599131
36.56, 599131
36.57, 599131
36.58, 599131
36.59, 599131
36.6, 599131
36.61, 599131
36.62, 599131
36.63, 599131
36.64, 599131
36.65, 599131
36.66, 599131
36.67, 599131
36.68, 599131
36.69, 599131
36.7, 599131
36.71, 599131
36.72, 599131
36.73, 599131
36.74, 599131
36.75, 599131
36.76, 599131
36.77, 599131
36.78, 599131
36.79, 599131
36.8, 599131
36.81, 599131
36.82, 599131
36.83, 599131
36.84, 599131
36.85, 599131
36.86, 599131
36.87, 599131
36.88, 599131
36.89, 599131
36.9, 599131
36.91, 599131
36.92, 599131
36.93, 599131
36.94, 599131
36.95, 599131
36.96, 599131
36.97, 599131
36.98, 599131
36.99, 599131
37.0, 599131
37.01, 599131
37.02, 599131
37.03, 599131
37.04, 599131
37.05, 599131
37.06, 599131
37.07, 599131
37.08, 599131
37.09, 599131
37.1, 599131
37.11, 599131
37.12, 599131
37.13, 599131
37.14, 599131
37.15, 599131
37.16, 599131
37.17, 599131
37.18, 599131
37.19, 599131
37.2, 599131
37.21, 599131
37.22, 599131
37.23, 599131
37.24, 599131
37.25, 599131
37.26, 599131
37.27, 599131
37.28, 599131
37.29, 599131
37.3, 599131
37.31, 599131
37.32, 599131
37.33, 599131
37.34, 599131
37.35, 599131
37.36, 599131
37.37, 599131
37.38, 599131
37.39, 599131
37.4, 599131
37.41, 599131
37.42, 599131
37.43, 599131
37.44, 599131
37.45, 599131
37.46, 599131
37.47, 599131
37.48, 599131
37.49, 599131
37.5, 599131
37.51, 599131
37.52, 599131
37.53, 599131
37.54, 599131
37.55, 599131
37.56, 599131
37.57, 599131
37.58, 599131
37.59, 599131
37.6, 599131
37.61, 599131
37.62, 599131
37.63, 599131
37.64, 599131
37.65, 599131
37.66, 599131
37.67, 599131
37.68, 599131
37.69, 599131
37.7, 599131
37.71, 599131
37.72, 599131
37.73, 599131
37.74, 599131
37.75, 599131
37.76, 599131
37.77, 599131
37.78, 599131
37.79, 599131
37.8, 599131
37.81, 599131
37.82, 599131
37.83, 599131
37.84, 599131
37.85, 599131
37.86, 599131
37.87, 599131
37.88, 599131
37.89, 599131
37.9, 599131
37.91, 599131
37.92, 599131
37.93, 599131
37.94, 599131
37.95, 599131
37.96, 599131
37.97, 599131
37.98, 599131
37.99, 599131
38.0, 599131
38.01, 599131
38.02, 599131
38.03, 599131
38.04, 599131
38.05, 599131
38.06, 599131
38.07, 599131
38.08, 599131
38.09, 599131
38.1, 599131
38.11, 599131
38.12, 599131
38.13, 599131
38.14, 599131
38.15, 599131
38.16, 599131
38.17, 599131
38.18, 599131
38.19, 599131
38.2, 599131
38.21, 599131
38.22, 599131
38.23, 599131
38.24, 599131
38.25, 599131
38.26, 599131
38.27, 599131
38.28, 599131
38.29, 599131
38.3, 599131
38.31, 599131
38.32, 599131
38.33, 599131
38.34, 599131
38.35, 599131
38.36, 599131
38.37, 599131
38.38, 599131
38.39, 599131
38.4, 599131
38.41, 599131
38.42, 599131
38.43, 599131
38.44, 599131
38.45, 599131
38.46, 599131
38.47, 599131
38.48, 599131
38.49, 599131
38.5, 599131
38.51, 599131
38.52, 599131
38.53, 599131
38.54, 599131
38.55, 599131
38.56, 599131
38.57, 599131
38.58, 599131
38.59, 599131
38.6, 599131
38.61, 599131
38.62, 599131
38.63, 599131
38.64, 599131
38.65, 599131
38.66, 599131
38.67, 599131
38.68, 599131
38.69, 599131
38.7, 599131
38.71, 599131
38.72, 599131
38.73, 599131
38.74, 599131
38.75, 599131
38.76, 599131
38.77, 599131
38.78, 599131
38.79, 599131
38.8, 599131
38.81, 599131
38.82, 599131
38.83, 599131
38.84, 599131
38.85, 599131
38.86, 599131
38.87, 599131
38.88, 599131
38.89, 599131
38.9, 599131
38.91, 599131
38.92, 599131
38.93, 599131
38.94, 599131
38.95, 599131
38.96, 599131
38.97, 599131
38.98, 599131
38.99, 599131
39.0, 599131
39.01, 599131
39.02, 599131
39.03, 599131
39.04, 599131
39.05, 599131
39.06, 599131
39.07, 599131
39.08, 599131
39.09, 599131
39.1, 599131
39.11, 599131
39.12, 599131
39.13, 599131
39.14, 599131
39.15, 599131
39.16, 599131
39.17, 599131
39.18, 599131
39.19, 599131
39.2, 599131
39.21, 599131
39.22, 599131
39.23, 599131
39.24, 599131
39.25, 599131
39.27, 599131
39.28, 599131
39.29, 599131
39.3, 599131
39.31, 599131
39.32, 599131
39.33, 599131
39.34, 599131
39.35, 599131
39.36, 599131
39.37, 599131
39.38, 599131
39.39, 599131
39.4, 599131
39.41, 599131
39.42, 599131
39.43, 599131
39.44, 599131
39.45, 599131
39.46, 599131
39.47, 599131
39.48, 599131
39.49, 599131
39.5, 599131
39.51, 599131
39.52, 599131
39.53, 599131
39.54, 599131
39.55, 599131
39.56, 599131
39.57, 599131
39.58, 599131
39.59, 599131
39.6, 599131
39.61, 599131
39.62, 599131
39.63, 599131
39.64, 599131
39.65, 599131
39.66, 599131
39.67, 599131
39.68, 599131
39.69, 599131
39.7, 599131
39.71, 599131
39.72, 599131
39.73, 599131
39.74, 599131
39.75, 599131
39.76, 599131
39.77, 599131
39.78, 599131
39.79, 599131
39.8, 599131
39.81, 599131
39.82, 599131
39.83, 599131
39.84, 599131
39.85, 599131
39.86, 599131
39.87, 599131
39.88, 599131
39.89, 599131
39.9, 599131
39.91, 599131
39.92, 599131
39.93, 599131
39.94, 599131
39.95, 599131
39.96, 599131
39.97, 599131
39.98, 599131
39.99, 599131
40.0, 599131
40.01, 599131
40.02, 599131
40.03, 599131
40.04, 599131
40.05, 599131
40.06, 599131
40.07, 599131
40.08, 599131
40.09, 599131
40.1, 599131
40.11, 599131
40.12, 599131
40.13, 599131
40.14, 599131
40.15, 599131
40.16, 599131
40.17, 599131
40.18, 599131
40.19, 599131
40.2, 599131
40.21, 599131
40.22, 599131
40.23, 599131
40.24, 599131
40.25, 599131
40.26, 599131
40.27, 599131
40.28, 599131
40.29, 599131
40.3, 599131
40.31, 599131
40.32, 599131
40.33, 599131
40.34, 599131
40.35, 599131
40.36, 599131
40.37, 599131
40.38, 599131
40.39, 599131
40.4, 599131
40.41, 599131
40.42, 599131
40.43, 599131
40.44, 599131
40.45, 599131
40.46, 599131
40.47, 599131
40.48, 599131
40.49, 599131
40.5, 599131
40.51, 599131
40.52, 599131
40.53, 599131
40.54, 599131
40.55, 599131
40.56, 599131
40.57, 599131
40.58, 599131
40.59, 599131
40.6, 599131
40.61, 599131
40.62, 599131
40.63, 599131
40.64, 599131
40.65, 599131
40.66, 599131
40.67, 599131
40.68, 599131
40.69, 599131
40.7, 599131
40.71, 599131
40.72, 599131
40.73, 599131
40.74, 599131
40.75, 599131
40.76, 599131
40.77, 599131
40.78, 599131
40.79, 599131
40.8, 599131
40.81, 599131
40.82, 599131
40.83, 599131
40.84, 599131
40.85, 599131
40.86, 599131
40.87, 599131
40.88, 599131
40.89, 599131
40.9, 599131
40.91, 599131
40.92, 599131
40.93, 599131
40.94, 599131
40.95, 599131
40.96, 599131
40.97, 599131
40.98, 599131
40.99, 599131
41.0, 599131
41.01, 599131
41.02, 599131
41.03, 599131
41.04, 599131
41.05, 599131
41.06, 599131
41.07, 599131
41.08, 599131
41.09, 599131
41.1, 599131
41.11, 599131
41.12, 599131
41.13, 599131
41.14, 599131
41.15, 599131
41.16, 599131
41.17, 599131
41.18, 599131
41.19, 599131
41.2, 599131
41.21, 599131
41.22, 599131
41.23, 599131
41.24, 599131
41.25, 599131
41.26, 599131
41.27, 599131
41.28, 599131
41.29, 599131
41.3, 599131
41.31, 599131
41.32, 599131
41.33, 599131
41.34, 599131
41.35, 599131
41.36, 599131
41.37, 599131
41.38, 599131
41.39, 599131
41.4, 599131
41.41, 599131
41.42, 599131
41.43, 599131
41.44, 599131
41.45, 599131
41.46, 599131
41.47, 598551
41.48, 598551
41.49, 598551
41.5, 598551
41.51, 598551
41.52, 598551
41.53, 598551
41.54, 598551
41.55, 598551
41.56, 598551
41.57, 598551
41.58, 598551
41.59, 598551
41.6, 598551
41.61, 598551
41.62, 598551
41.63, 598551
41.64, 598551
41.65, 598551
41.66, 598551
41.67, 598551
41.68, 598551
41.69, 598551
41.7, 598551
41.71, 598551
41.72, 598551
41.73, 598551
41.74, 598551
41.75, 598551
41.76, 598551
41.77, 598551
41.78, 598551
41.79, 598551
41.8, 598551
41.81, 598551
41.82, 598551
41.83, 598551
41.84, 598551
41.85, 598551
41.86, 598551
41.87, 598551
41.88, 598551
41.89, 598551
41.9, 598551
41.91, 598551
41.92, 598551
41.93, 598551
41.94, 598551
41.95, 598551
41.96, 598551
41.97, 598551
41.98, 598551
41.99, 598551
42.0, 598551
42.01, 598551
42.02, 598551
42.03, 598551
42.04, 598551
42.05, 598551
42.06, 598551
42.07, 598551
42.08, 598551
42.09, 598551
42.1, 598551
42.11, 598551
42.12, 598551
42.13, 598551
42.14, 598551
42.15, 598551
42.16, 598551
42.17, 598551
42.18, 598551
42.19, 598551
42.2, 598551
42.21, 598551
42.22, 598551
42.23, 598551
42.24, 598551
42.25, 598551
42.26, 598551
42.27, 598551
42.28, 598551
42.29, 598551
42.3, 598551
42.31, 598551
42.32, 598551
42.33, 598551
42.34, 598551
42.35, 598551
42.36, 598551
42.37, 598551
42.38, 598551
42.39, 598551
42.4, 598551
42.41, 598551
42.42, 598551
42.43, 598551
42.44, 598551
42.45, 598551
42.46, 598551
42.47, 598551
42.48, 598551
42.49, 598551
42.5, 598551
42.51, 598551
42.52, 598551
42.53, 598551
42.54, 598551
42.55, 598551
42.56, 598551
42.57, 598551
42.58, 598551
42.59, 598551
42.6, 598551
42.61, 598551
42.62, 598551
42.63, 598551
42.64, 598551
42.65, 598551
42.66, 598551
42.67, 598551
42.68, 598551
42.69, 598551
42.7, 598551
42.71, 598551
42.72, 598551
42.73, 598551
42.74, 598551
42.75, 598551
42.76, 598551
42.77, 598551
42.78, 598551
42.79, 598551
42.8, 598551
42.81, 598551
42.82, 598551
42.83, 598551
42.84, 598551
42.85, 598551
42.86, 598551
42.87, 598551
42.88, 598551
42.89, 598551
42.9, 598551
42.91, 598551
42.92, 598551
42.93, 598551
42.94, 598551
42.95, 598551
42.96, 598551
42.97, 598551
42.98, 598551
42.99, 598551
43.0, 598551
43.01, 598551
43.02, 598551
43.03, 598551
43.04, 598551
43.05, 598551
43.06, 598551
43.07, 598551
43.08, 598551
43.09, 598551
43.1, 598551
43.11, 598551
43.12, 598551
43.13, 598551
43.14, 598551
43.15, 598551
43.16, 598551
43.17, 598551
43.18, 598551
43.19, 598551
43.2, 598551
43.21, 598551
43.22, 598551
43.23, 598551
43.24, 598551
43.25, 598551
43.26, 598551
43.27, 598551
43.28, 598551
43.29, 598551
43.3, 598551
43.31, 598551
43.32, 598551
43.33, 598551
43.34, 598551
43.35, 598551
43.36, 598551
43.37, 598551
43.38, 598551
43.39, 598551
43.4, 598551
43.41, 598551
43.42, 598551
43.43, 598551
43.44, 598551
43.45, 598551
43.46, 598551
43.47, 598551
43.48, 598551
43.49, 598551
43.5, 598551
43.51, 598551
43.52, 598551
43.53, 598551
43.54, 598551
43.55, 598551
43.56, 598551
43.57, 598551
43.58, 598551
43.59, 598551
43.6, 598551
43.61, 598551
43.62, 598551
43.63, 598551
43.64, 598551
43.65, 598551
43.66, 598551
43.67, 598551
43.68, 598551
43.69, 598551
43.7, 598551
43.71, 598551
43.72, 598551
43.73, 598551
43.74, 598551
43.75, 598551
43.76, 598551
43.77, 598551
43.78, 598551
43.79, 598551
43.8, 598551
43.81, 598551
43.82, 598551
43.83, 598551
43.84, 598551
43.85, 598551
43.86, 598551
43.87, 598551
43.88, 598551
43.89, 598551
43.9, 598551
43.91, 598551
43.92, 598551
43.93, 598551
43.94, 598551
43.95, 598551
43.96, 598551
43.97, 598551
43.98, 598551
43.99, 598551
44.0, 598551
44.01, 598551
44.02, 598551
44.03, 598551
44.04, 598551
44.05, 598551
44.06, 598551
44.07, 598551
44.08, 598551
44.09, 598551
44.1, 598551
44.11, 598551
44.12, 598551
44.13, 598551
44.14, 598551
44.15, 598551
44.16, 598551
44.17, 598551
44.18, 598551
44.19, 598551
44.2, 598551
44.21, 598551
44.22, 598551
44.23, 598551
44.24, 598551
44.25, 598551
44.26, 598551
44.27, 598551
44.28, 598551
44.29, 598551
44.3, 598551
44.31, 598551
44.32, 598551
44.33, 598551
44.34, 598551
44.35, 598551
44.36, 598551
44.37, 598551
44.38, 598551
44.39, 598551
44.4, 598551
44.41, 598551
44.42, 598551
44.43, 598551
44.44, 598551
44.45, 598551
44.46, 598551
44.47, 598551
44.48, 598551
44.49, 598551
44.5, 598551
44.51, 598551
44.52, 598551
44.53, 598551
44.54, 598551
44.55, 598551
44.56, 598551
44.57, 598551
44.58, 598551
44.59, 598551
44.6, 598551
44.61, 598551
44.62, 598551
44.63, 598551
44.64, 598551
44.65, 598551
44.66, 598551
44.67, 598551
44.68, 598551
44.69, 598551
44.7, 598551
44.71, 598551
44.72, 598551
44.73, 598551
44.74, 598551
44.75, 598551
44.76, 598551
44.77, 598551
44.78, 598551
44.79, 598551
44.8, 598551
44.81, 598551
44.82, 598551
44.83, 598551
44.84, 598551
44.85, 598551
44.86, 598551
44.87, 598551
44.88, 598551
44.89, 598551
44.9, 598551
44.91, 598551
44.92, 598551
44.93, 598551
44.94, 598551
44.95, 598551
44.96, 598551
44.97, 598551
44.98, 598551
44.99, 598551
45.0, 598551
45.01, 598551
45.02, 598551
45.03, 598551
45.04, 598551
45.05, 598551
45.06, 598551
45.07, 598551
45.08, 598551
45.09, 598551
45.1, 598551
45.11, 598551
45.12, 598551
45.13, 598551
45.14, 598551
45.15, 598551
45.16, 598551
45.17, 598551
45.18, 598551
45.19, 598551
45.2, 598551
45.21, 598551
45.22, 598551
45.23, 598551
45.24, 598551
45.25, 598551
45.26, 598551
45.27, 598551
45.28, 598551
45.29, 598551
45.3, 598551
45.31, 598551
45.32, 598551
45.33, 598551
45.34, 598551
45.35, 598551
45.36, 598551
45.37, 598551
45.38, 598551
45.39, 598551
45.4, 598551
45.41, 598551
45.42, 598551
45.43, 598551
45.44, 598551
45.45, 598551
45.46, 598551
45.47, 598551
45.48, 598551
45.49, 598551
45.5, 598551
45.51, 598551
45.52, 598551
45.53, 598551
45.54, 598551
45.55, 598551
45.56, 598551
45.57, 598551
45.58, 595565
45.59, 595565
45.6, 595565
45.61, 595565
45.62, 595565
45.63, 595565
45.64, 595565
45.65, 595565
45.66, 595565
45.67, 595565
45.68, 595565
45.69, 595565
45.7, 595565
45.71, 595565
45.72, 595565
45.73, 595565
45.74, 595565
45.75, 595565
45.76, 595565
45.77, 595565
45.78, 595565
45.79, 595565
45.8, 595565
45.81, 595565
45.82, 595565
45.83, 595565
45.84, 595565
45.85, 595565
45.86, 595565
45.87, 595565
45.88, 595565
45.89, 595565
45.9, 595565
45.91, 595565
45.92, 595565
45.93, 595565
45.94, 595565
45.95, 595565
45.96, 595565
45.97, 595565
45.98, 595565
45.99, 595565
46.0, 595565
46.01, 595565
46.02, 595565
46.03, 595565
46.04, 595565
46.05, 595565
46.06, 595565
46.07, 595565
46.08, 595565
46.09, 595565
46.1, 595565
46.11, 595565
46.12, 595565
46.13, 595565
46.14, 595565
46.15, 595565
46.18, 595565
46.19, 595565
46.2, 595565
46.21, 595565
46.22, 595565
46.23, 595565
46.24, 595565
46.25, 595565
46.26, 595565
46.27, 595565
46.28, 595565
46.29, 595565
46.3, 595565
46.31, 595565
46.32, 595565
46.33, 595565
46.34, 595565
46.35, 595565
46.36, 595565
46.37, 595565
46.38, 595565
46.39, 595565
46.4, 595565
46.41, 595565
46.42, 595565
46.43, 595565
46.44, 595565
46.45, 595565
46.46, 595565
46.47, 595565
46.48, 595565
46.49, 595565
46.5, 595565
46.51, 595565
46.52, 595565
46.53, 595565
46.54, 595565
46.55, 595565
46.56, 595565
46.57, 595565
46.58, 595565
46.59, 595565
46.6, 595565
46.61, 595565
46.62, 595565
46.63, 595565
46.64, 595565
46.65, 595565
46.66, 595565
46.67, 595565
46.68, 595565
46.69, 595565
46.7, 595565
46.71, 595565
46.72, 595565
46.73, 595565
46.74, 595565
46.75, 595565
46.76, 595565
46.77, 595565
46.78, 595565
46.79, 595565
46.8, 595565
46.81, 595565
46.82, 595565
46.83, 595565
46.84, 595565
46.85, 595565
46.86, 595565
46.87, 595565
46.88, 595565
46.89, 595565
46.9, 595565
46.91, 595565
46.92, 595565
46.93, 595565
46.94, 595565
46.95, 595565
46.96, 595565
46.97, 595565
46.98, 595565
46.99, 595565
47.0, 595565
47.01, 595565
47.02, 595565
47.03, 595565
47.04, 595565
47.05, 595565
47.06, 595565
47.07, 595565
47.08, 595565
47.09, 595565
47.1, 595565
47.11, 595565
47.12, 595565
47.13, 595565
47.14, 595565
47.15, 595565
47.16, 595565
47.17, 595565
47.18, 595565
47.19, 595565
47.2, 595565
47.21, 595565
47.22, 595565
47.23, 595565
47.24, 595565
47.25, 595565
47.26, 595565
47.27, 595565
47.28, 595565
47.29, 595565
47.3, 595565
47.31, 595565
47.32, 595565
47.33, 595565
47.34, 595565
47.35, 595565
47.36, 595565
47.37, 595565
47.38, 595565
47.39, 595565
47.4, 595565
47.41, 595565
47.42, 595565
47.43, 595565
47.44, 595565
47.45, 595565
47.46, 595565
47.47, 595565
47.48, 595565
47.49, 595565
47.5, 595565
47.51, 595565
47.52, 595565
47.53, 595565
47.54, 595565
47.55, 595565
47.56, 595565
47.57, 595565
47.58, 595565
47.59, 595565
47.6, 595565
47.61, 595565
47.62, 595565
47.63, 595565
47.64, 595565
47.65, 595565
47.66, 595565
47.67, 595565
47.68, 595565
47.69, 595565
47.7, 595565
47.71, 595565
47.72, 595565
47.73, 595565
47.74, 595565
47.75, 595565
47.76, 595565
47.77, 595565
47.78, 595565
47.79, 595565
47.8, 595565
47.81, 595565
47.82, 595565
47.83, 595565
47.84, 595565
47.85, 595565
47.86, 595565
47.87, 595565
47.88, 595565
47.89, 595565
47.9, 595565
47.91, 595565
47.92, 595565
47.93, 595565
47.94, 595565
47.95, 595565
47.96, 595565
47.97, 595565
47.98, 595565
47.99, 595565
48.0, 595565
48.01, 595565
48.02, 595565
48.03, 595565
48.04, 595565
48.05, 595565
48.06, 595565
48.07, 595565
48.08, 595565
48.09, 595565
48.1, 595565
48.11, 595565
48.12, 595565
48.13, 595565
48.14, 595565
48.15, 595565
48.16, 595565
48.17, 595565
48.18, 595565
48.19, 595565
48.2, 595565
48.21, 595565
48.22, 595565
48.23, 595565
48.24, 595565
48.25, 595565
48.26, 595565
48.27, 595565
48.28, 595565
48.29, 595565
48.3, 595565
48.31, 595565
48.32, 595565
48.33, 595565
48.34, 595565
48.35, 595565
48.36, 595565
48.37, 595565
48.38, 595565
48.39, 595565
48.4, 595565
48.41, 595565
48.42, 595565
48.43, 595565
48.44, 595565
48.45, 595565
48.46, 595565
48.47, 595565
48.48, 595565
48.49, 595565
48.5, 595565
48.51, 595565
48.52, 595565
48.53, 595565
48.54, 595565
48.55, 595565
48.56, 595565
48.57, 595565
48.58, 595565
48.59, 595565
48.6, 595565
48.61, 595565
48.62, 595565
48.63, 595565
48.64, 595565
48.65, 595565
48.66, 595565
48.67, 595565
48.68, 595565
48.69, 595565
48.7, 595565
48.71, 595565
48.72, 595565
48.73, 595565
48.74, 595565
48.75, 595565
48.76, 595565
48.77, 595565
48.78, 595565
48.79, 595565
48.8, 595565
48.81, 595565
48.82, 595565
48.83, 595565
48.84, 595565
48.85, 595565
48.86, 595565
48.87, 595565
48.88, 595565
48.89, 595565
48.9, 595565
48.91, 595565
48.92, 595565
48.93, 595565
48.94, 595565
48.95, 595565
48.96, 595565
48.97, 595565
48.98, 595565
48.99, 595565
49.0, 595565
49.01, 595565
49.02, 595565
49.03, 595565
49.04, 595565
49.05, 595565
49.06, 595565
49.07, 595565
49.08, 595565
49.09, 595565
49.1, 595565
49.11, 595565
49.12, 595565
49.13, 595565
49.14, 595565
49.15, 595565
49.16, 595565
49.17, 595565
49.18, 595565
49.19, 595565
49.2, 595565
49.21, 595565
49.22, 595565
49.23, 595565
49.24, 595565
49.25, 595565
49.26, 595565
49.27, 595565
49.28, 595565
49.29, 595565
49.3, 595565
49.31, 595565
49.32, 595565
49.33, 595565
49.34, 595565
49.35, 595565
49.36, 595565
49.37, 595565
49.38, 595565
49.39, 595565
49.4, 595565
49.41, 595565
49.42, 595565
49.43, 595565
49.44, 595565
49.45, 595565
49.46, 595565
49.47, 595565
49.48, 595565
49.49, 595565
49.5, 595565
49.51, 595565
49.52, 595565
49.53, 595565
49.54, 595565
49.55, 595565
49.56, 595565
49.57, 595565
49.58, 595565
49.59, 595565
49.6, 595565
49.61, 595565
49.62, 595565
49.63, 595565
49.64, 595565
49.65, 595565
49.66, 595565
49.67, 595565
49.68, 595565
49.69, 595565
49.7, 595565
49.71, 595565
49.72, 595565
49.73, 595565
49.74, 595565
49.75, 595565
49.76, 595565
49.77, 595565
49.78, 595565
49.79, 595565
49.8, 595565
49.81, 595565
49.82, 595565
49.83, 595565
49.84, 595565
49.85, 595565
49.86, 595565
49.87, 595565
49.88, 595565
49.89, 595565
49.9, 595565
49.91, 595565
49.92, 595565
49.93, 595565
49.94, 595565
49.95, 595565
49.96, 595565
49.97, 595565
49.98, 595565
49.99, 595565
50.0, 595565
50.01, 595565
50.02, 595565
50.03, 595565
50.04, 595565
50.05, 595565
50.06, 595565
50.07, 595565
50.08, 595565
50.09, 595565
50.1, 595565
50.11, 595565
50.12, 595565
50.13, 595565
50.14, 595565
50.15, 595565
50.16, 595565
50.17, 595565
50.18, 595565
50.19, 595565
50.2, 595565
50.21, 595565
50.22, 595565
50.23, 595565
50.24, 595565
50.25, 595565
50.26, 595565
50.27, 595565
50.28, 595565
50.29, 595565
50.3, 595565
50.31, 595565
50.32, 595565
50.33, 595565
50.34, 595565
50.35, 595565
50.36, 595565
50.37, 595565
50.38, 595565
50.39, 595565
50.4, 595565
50.41, 595565
50.42, 595565
50.43, 595565
50.44, 595565
50.45, 595565
50.46, 595565
50.47, 595565
50.48, 595565
50.49, 595565
50.5, 595565
50.51, 595565
50.52, 595565
50.53, 595565
50.54, 595565
50.55, 595565
50.56, 595565
50.57, 595565
50.58, 595565
50.59, 595565
50.6, 595565
50.61, 595565
50.62, 595565
50.63, 595565
50.64, 595565
50.65, 595565
50.66, 595565
50.67, 595565
50.68, 595565
50.69, 595565
50.7, 595565
50.71, 595565
50.72, 595565
50.73, 595565
50.74, 595565
50.75, 595565
50.76, 595565
50.77, 595565
50.78, 595565
50.79, 595565
50.8, 595565
50.81, 595565
50.82, 595565
50.83, 595565
50.84, 595565
50.85, 595565
50.86, 595565
50.87, 595565
50.88, 595565
50.89, 595565
50.9, 595565
50.91, 595565
50.92, 595565
50.93, 595565
50.94, 595565
50.95, 595565
50.96, 595565
50.97, 595565
50.98, 595565
50.99, 595565
51.0, 595565
51.01, 595565
51.02, 595565
51.03, 595565
51.04, 595565
51.05, 595565
51.06, 595565
51.07, 595565
51.08, 595565
51.09, 595565
51.1, 595565
51.11, 595565
51.12, 595565
51.13, 595565
51.14, 595565
51.15, 595565
51.16, 595565
51.17, 595565
51.18, 595565
51.19, 595565
51.2, 595565
51.21, 595565
51.22, 595565
51.23, 595565
51.24, 595565
51.25, 595565
51.26, 595565
51.27, 595565
51.28, 595565
51.29, 595565
51.3, 595565
51.31, 595565
51.32, 595565
51.33, 595565
51.34, 595565
51.35, 595565
51.36, 595565
51.37, 595565
51.38, 595565
51.39, 595565
51.4, 595565
51.41, 595565
51.42, 595565
51.43, 595565
51.44, 595565
51.45, 595565
51.46, 595565
51.47, 595565
51.48, 595565
51.49, 595565
51.5, 595565
51.51, 595565
51.52, 595565
51.53, 595565
51.54, 595565
51.55, 595565
51.56, 595565
51.57, 595565
51.58, 595565
51.59, 595565
51.6, 595565
51.61, 595565
51.62, 595565
51.63, 595565
51.64, 595565
51.65, 595565
51.66, 595565
51.67, 595565
51.68, 595565
51.69, 595565
51.7, 595565
51.71, 595565
51.72, 595565
51.73, 595565
51.74, 595565
51.75, 595565
51.76, 595565
51.77, 595565
51.78, 595565
51.79, 595565
51.8, 595565
51.81, 595565
51.82, 595565
51.83, 595565
51.84, 595565
51.85, 595565
51.86, 595565
51.87, 595565
51.88, 595565
51.89, 595565
51.9, 595565
51.91, 595565
51.92, 595565
51.93, 595565
51.94, 595565
51.95, 595565
51.96, 595565
51.97, 595565
51.98, 595565
51.99, 595565
52.0, 595565
52.01, 595565
52.02, 595565
52.03, 595565
52.04, 595565
52.05, 595565
52.06, 595565
52.07, 595565
52.08, 595565
52.09, 595565
52.1, 595565
52.11, 595565
52.12, 595565
52.13, 595565
52.14, 595565
52.15, 595565
52.16, 595565
52.17, 595565
52.18, 595565
52.19, 595565
52.2, 595565
52.21, 595565
52.22, 595565
52.23, 595565
52.24, 595565
52.25, 595565
52.26, 595565
52.27, 595565
52.28, 595565
52.29, 595565
52.3, 595565
52.31, 595565
52.32, 595565
52.33, 595565
52.34, 595565
52.35, 595565
52.36, 595565
52.37, 595565
52.38, 595565
52.39, 595565
52.4, 595565
52.41, 595565
52.43, 595565
52.44, 595565
52.45, 595565
52.46, 595565
52.47, 595565
52.48, 595565
52.49, 595565
52.5, 595565
52.51, 595565
52.52, 595565
52.53, 595565
52.54, 595565
52.55, 595565
52.56, 595565
52.57, 595565
52.58, 595565
52.59, 595565
52.6, 595565
52.61, 595565
52.62, 595565
52.63, 595565
52.64, 595565
52.65, 595565
52.66, 595565
52.67, 595565
52.68, 595565
52.69, 595565
52.7, 595565
52.71, 595565
52.72, 595565
52.73, 595565
52.74, 595565
52.75, 595565
52.76, 595565
52.77, 595565
52.78, 595565
52.79, 595565
52.8, 595565
52.81, 595565
52.82, 595565
52.83, 595565
52.84, 595565
52.85, 595565
52.86, 595565
52.87, 595565
52.88, 595565
52.89, 595565
52.9, 595565
52.91, 595565
52.92, 595565
52.93, 595565
52.94, 595565
52.95, 595565
52.96, 595565
52.97, 595565
52.98, 595565
52.99, 595565
53.0, 595565
53.01, 595565
53.02, 595565
53.03, 595565
53.04, 595565
53.05, 595565
53.06, 595565
53.07, 595565
53.08, 595565
53.09, 595565
53.1, 595565
53.11, 595565
53.12, 595565
53.13, 595565
53.14, 595565
53.15, 595565
53.16, 595565
53.17, 595565
53.18, 595565
53.19, 595565
53.2, 595565
53.21, 595565
53.22, 595565
53.23, 595565
53.24, 595565
53.25, 595565
53.26, 595565
53.27, 595565
53.28, 595565
53.29, 595565
53.3, 595565
53.31, 595565
53.32, 595565
53.33, 595565
53.34, 595565
53.35, 595565
53.36, 595565
53.37, 595565
53.38, 595565
53.39, 595565
53.4, 595565
53.41, 595565
53.42, 595565
53.43, 595565
53.44, 595565
53.45, 595565
53.46, 595565
53.47, 595565
53.48, 595565
53.49, 595565
53.5, 595565
53.51, 595565
53.52, 595565
53.53, 595565
53.54, 595565
53.55, 595565
53.56, 595565
53.57, 595565
53.58, 595565
53.59, 595565
53.6, 595565
53.61, 595565
53.62, 595565
53.63, 595565
53.64, 595565
53.65, 595565
53.66, 595565
53.67, 595565
53.68, 595565
53.69, 595565
53.7, 595565
53.71, 595565
53.72, 595565
53.73, 595565
53.74, 595565
53.75, 595565
53.76, 595565
53.77, 595565
53.78, 595565
53.79, 595565
53.8, 595565
53.81, 595565
53.82, 595565
53.83, 595565
53.84, 595565
53.85, 595565
53.86, 595565
53.87, 595565
53.88, 595565
53.89, 595565
53.9, 595565
53.91, 595565
53.92, 595565
53.93, 595565
53.94, 595565
53.95, 595565
53.96, 595565
53.97, 595565
53.98, 595565
53.99, 595565
54.0, 595565
54.01, 595565
54.02, 595565
54.03, 595565
54.04, 595565
54.05, 595565
54.06, 595565
54.07, 595565
54.08, 595565
54.09, 595565
54.1, 595565
54.11, 595565
54.12, 595565
54.13, 595565
54.14, 595565
54.15, 595565
54.16, 595565
54.17, 595565
54.18, 595565
54.19, 595565
54.2, 595565
54.21, 595565
54.22, 595565
54.23, 595565
54.24, 595565
54.25, 595565
54.26, 595565
54.27, 595565
54.28, 595565
54.29, 595565
54.3, 595565
54.31, 595565
54.32, 595565
54.33, 595565
54.34, 595565
54.35, 595565
54.36, 595565
54.37, 595565
54.38, 595565
54.39, 595565
54.4, 595565
54.41, 595565
54.42, 595565
54.43, 595565
54.44, 595565
54.45, 595565
54.46, 595565
54.47, 595565
54.48, 595565
54.49, 595565
54.5, 595565
54.51, 595565
54.52, 595565
54.53, 595565
54.54, 595565
54.55, 595565
54.56, 595565
54.57, 595565
54.58, 595565
54.59, 595565
54.6, 595565
54.61, 595565
54.62, 595565
54.63, 595565
54.64, 595565
54.65, 595565
54.66, 595565
54.67, 595565
54.68, 595565
54.69, 595565
54.7, 595565
54.71, 595565
54.72, 595565
54.73, 595565
54.74, 595565
54.75, 595565
54.76, 595565
54.77, 595565
54.78, 595565
54.79, 595565
54.8, 595565
54.81, 595565
54.82, 595565
54.83, 595565
54.84, 595565
54.85, 595565
54.86, 595565
54.87, 595565
54.88, 595565
54.89, 595565
54.9, 595565
54.91, 595565
54.92, 595565
54.93, 595565
54.94, 595565
54.95, 595565
54.96, 595565
54.97, 595565
54.98, 595565
54.99, 595565
55.0, 595565
55.01, 595565
55.02, 595565
55.03, 595565
55.04, 595565
55.05, 595565
55.06, 595565
55.07, 595565
55.08, 595565
55.09, 595565
55.1, 595565
55.11, 595565
55.12, 595565
55.13, 595565
55.14, 595565
55.15, 595565
55.16, 595565
55.17, 595565
55.18, 595565
55.19, 595565
55.2, 595565
55.21, 595565
55.22, 595565
55.23, 595565
55.24, 595565
55.25, 595565
55.26, 595565
55.27, 595565
55.28, 595565
55.29, 595565
55.3, 595565
55.31, 595565
55.32, 595565
55.33, 595565
55.34, 595565
55.35, 595565
55.36, 595565
55.37, 595565
55.38, 595565
55.39, 595565
55.4, 595565
55.41, 595565
55.42, 595565
55.43, 595565
55.44, 595565
55.45, 595565
55.46, 595565
55.47, 595565
55.48, 595565
55.49, 595565
55.5, 595565
55.51, 595565
55.52, 595565
55.53, 595565
55.54, 595565
55.55, 595565
55.56, 595565
55.57, 595565
55.58, 595565
55.59, 595565
55.6, 595565
55.61, 595565
55.62, 595565
55.63, 595565
55.64, 595565
55.65, 595565
55.66, 595565
55.67, 595565
55.68, 595565
55.69, 595565
55.7, 595565
55.71, 595565
55.72, 595565
55.73, 595565
55.74, 595565
55.75, 595565
55.76, 595565
55.77, 595565
55.78, 595565
55.79, 595565
55.8, 595565
55.81, 595565
55.82, 595565
55.83, 595565
55.84, 595565
55.85, 595565
55.86, 595565
55.87, 595565
55.88, 595565
55.89, 595565
55.9, 595565
55.91, 595565
55.92, 595565
55.93, 595565
55.94, 595565
55.95, 595565
55.96, 595565
55.97, 595565
55.98, 595565
55.99, 595565
56.0, 595565
56.01, 595565
56.02, 595565
56.03, 595565
56.04, 595565
56.05, 595565
56.06, 595565
56.07, 595565
56.08, 595565
56.09, 595565
56.1, 595565
56.11, 595565
56.12, 595565
56.13, 595565
56.14, 595565
56.15, 595565
56.16, 595565
56.17, 595565
56.18, 595565
56.19, 595565
56.2, 595565
56.21, 595565
56.22, 595565
56.23, 595565
56.24, 595565
56.25, 595565
56.26, 595565
56.27, 595565
56.28, 595565
56.29, 595565
56.3, 595565
56.31, 595565
56.32, 595565
56.33, 595565
56.34, 595565
56.35, 595565
56.36, 595565
56.37, 595565
56.38, 595565
56.39, 595565
56.4, 595565
56.41, 595565
56.42, 595565
56.43, 595565
56.44, 595565
56.45, 595565
56.46, 595565
56.47, 595565
56.48, 595565
56.49, 595565
56.5, 595565
56.51, 595565
56.52, 595565
56.53, 595565
56.54, 595565
56.55, 595565
56.56, 595565
56.57, 595565
56.58, 595565
56.59, 595565
56.6, 595565
56.61, 595565
56.62, 595565
56.63, 595565
56.64, 595565
56.65, 595565
56.66, 595565
56.67, 595565
56.68, 595565
56.69, 595565
56.7, 595565
56.71, 595565
56.72, 595565
56.73, 595565
56.74, 595565
56.75, 595565
56.76, 595565
56.77, 595565
56.78, 595565
56.79, 595565
56.8, 595565
56.81, 595565
56.82, 595565
56.83, 595565
56.84, 595565
56.85, 595565
56.86, 595565
56.87, 595565
56.88, 595565
56.89, 595565
56.9, 595565
56.91, 595565
56.92, 595565
56.93, 595565
56.94, 595565
56.95, 595565
56.96, 595565
56.97, 595565
56.98, 595565
56.99, 595565
57.0, 595565
57.01, 595565
57.02, 595565
57.03, 595565
57.04, 595565
57.05, 595565
57.06, 595565
57.07, 595565
57.08, 595565
57.09, 595565
57.1, 595565
57.11, 595565
57.12, 595565
57.13, 595565
57.14, 595565
57.15, 595565
57.16, 595565
57.17, 595565
57.18, 595565
57.19, 595565
57.2, 595565
57.21, 595565
57.22, 595565
57.23, 595565
57.24, 595565
57.25, 595565
57.26, 595565
57.27, 595565
57.28, 595565
57.29, 595565
57.3, 595565
57.31, 595565
57.32, 595565
57.33, 595565
57.34, 595565
57.35, 595565
57.36, 595565
57.37, 595565
57.38, 595565
57.39, 595565
57.4, 595565
57.41, 595565
57.42, 595565
57.43, 595565
57.44, 595565
57.45, 595565
57.46, 595565
57.47, 595565
57.48, 595565
57.49, 595565
57.5, 595565
57.51, 595565
57.52, 595565
57.53, 595565
57.54, 595565
57.55, 595565
57.56, 595565
57.57, 595565
57.58, 595565
57.59, 595565
57.6, 595565
57.61, 595565
57.62, 595565
57.63, 595565
57.64, 595565
57.65, 595565
57.66, 595565
57.67, 595565
57.68, 595565
57.69, 595565
57.7, 595565
57.71, 595565
57.72, 595565
57.73, 595565
57.74, 595565
57.75, 595565
57.76, 595565
57.77, 595565
57.78, 595565
57.79, 595565
57.8, 595565
57.81, 595565
57.82, 595565
57.83, 595565
57.84, 595565
57.85, 595565
57.86, 595565
57.87, 595565
57.88, 595565
57.89, 595565
57.9, 595565
57.91, 595565
57.92, 595565
57.93, 595565
57.94, 595565
57.95, 595565
57.96, 595565
57.97, 595565
57.98, 595565
57.99, 595565
58.0, 595565
58.01, 595565
58.02, 595565
58.03, 595565
58.04, 595565
58.05, 595565
58.06, 595565
58.07, 595565
58.08, 595565
58.09, 595565
58.1, 595565
58.11, 595565
58.12, 595565
58.13, 595565
58.14, 595565
58.15, 595565
58.16, 595565
58.17, 595565
58.18, 595565
58.19, 595565
58.2, 595565
58.21, 595565
58.22, 595565
58.23, 595565
58.24, 595565
58.25, 595565
58.26, 595565
58.27, 595565
58.28, 595565
58.29, 595565
58.3, 595565
58.31, 595565
58.32, 595565
58.33, 595565
58.34, 595565
58.35, 595565
58.36, 595565
58.37, 595565
58.38, 595565
58.39, 595565
58.42, 595565
58.43, 595565
58.44, 595565
58.45, 595565
58.46, 595565
58.47, 595565
58.48, 595565
58.49, 595565
58.5, 595565
58.51, 595565
58.52, 595565
58.53, 595565
58.54, 595565
58.55, 595565
58.56, 595565
58.57, 595565
58.58, 595565
58.59, 595565
58.6, 595565
58.61, 595565
58.62, 595565
58.63, 595565
58.64, 595565
58.65, 595565
58.66, 595565
58.67, 595565
58.68, 595565
58.69, 595565
58.7, 595565
58.71, 595565
58.72, 595565
58.73, 595565
58.74, 595565
58.75, 595565
58.76, 595565
58.77, 595565
58.78, 595565
58.79, 595565
58.8, 595565
58.81, 595565
58.82, 595565
58.83, 595565
58.84, 595565
58.85, 595565
58.86, 595565
58.87, 595565
58.88, 595565
58.89, 595565
58.9, 595565
58.91, 595565
58.92, 595565
58.93, 595565
58.94, 595565
58.95, 595565
58.96, 595565
58.97, 595565
58.98, 595565
58.99, 595565
59.0, 595565
59.01, 595565
59.02, 595565
59.03, 595565
59.04, 595565
59.05, 595565
59.06, 595565
59.07, 595565
59.08, 595565
59.09, 595565
59.1, 595565
59.11, 595565
59.12, 595565
59.13, 595565
59.14, 595565
59.15, 595565
59.16, 595565
59.17, 595565
59.18, 595565
59.19, 595565
59.2, 595565
59.21, 595565
59.22, 595565
59.23, 595565
59.24, 595565
59.25, 595565
59.26, 595565
59.27, 595565
59.28, 595565
59.29, 595565
59.3, 595565
59.31, 595565
59.32, 595565
59.33, 595565
59.34, 595565
59.35, 595565
59.36, 595565
59.37, 595565
59.38, 595565
59.39, 595565
59.4, 595565
59.41, 595565
59.42, 595565
59.43, 595565
59.44, 595565
59.45, 595565
59.46, 595565
59.47, 595565
59.48, 595565
59.49, 595565
59.5, 595565
59.51, 595565
59.52, 595565
59.53, 595565
59.54, 595565
59.55, 595565
59.56, 595565
59.57, 595565
59.58, 595565
59.59, 595565
59.6, 595565
59.61, 595565
59.62, 595565
59.63, 595565
59.64, 595565
59.65, 595565
59.66, 595565
59.67, 595565
59.68, 595565
59.69, 595565
59.7, 595565
59.71, 595565
59.72, 595565
59.73, 595565
59.74, 595565
59.75, 595565
59.76, 595565
59.77, 595565
59.78, 595565
59.79, 595565
59.8, 595565
59.81, 595565
59.82, 595565
59.83, 595565
59.84, 595565
59.85, 595565
59.86, 595565
59.87, 595565
59.88, 595565
59.89, 595565
59.9, 595565
59.91, 595565
59.92, 595565
59.93, 595565
59.94, 595565
59.95, 595565
59.96, 595565
59.97, 595565
59.98, 595565
59.99, 595565
