0.0, 702173
0.01, 693557
0.02, 690137
0.03, 690137
0.04, 690137
0.05, 690137
0.06, 690137
0.07, 690137
0.08, 689648
0.09, 663758
0.1, 663758
0.11, 663758
0.12, 663758
0.13, 663758
0.14, 649136
0.15, 649136
0.16, 649136
0.17, 649136
0.18, 649136
0.19, 649136
0.2, 649136
0.21, 649136
0.22, 649136
0.23, 649136
0.24, 649136
0.25, 649136
0.26, 637550
0.27, 637550
0.28, 637550
0.29, 637550
0.3, 637550
0.31, 637550
0.32, 637550
0.33, 637550
0.34, 637550
0.35, 637550
0.36, 637550
0.37, 637550
0.38, 637550
0.39, 637550
0.4, 637550
0.41, 637550
0.42, 637550
0.43, 637550
0.44, 637550
0.45, 637550
0.46, 637550
0.5, 637550
0.51, 637550
0.52, 637550
0.53, 637550
0.54, 637550
0.55, 637550
0.56, 637550
0.57, 637550
0.58, 637550
0.59, 637550
0.6, 637550
0.61, 637550
0.62, 637550
0.63, 637550
0.64, 637550
0.65, 637550
0.66, 637550
0.67, 637550
0.68, 637550
0.69, 637550
0.7, 637550
0.71, 637550
0.72, 637550
0.73, 637550
0.74, 637550
0.75, 637550
0.76, 637550
0.77, 637550
0.78, 637550
0.79, 637550
0.8, 637550
0.81, 637550
0.82, 637550
0.83, 637550
0.84, 637550
0.85, 637550
0.86, 637550
0.87, 637550
0.88, 637550
0.89, 637550
0.9, 637550
0.91, 637550
0.92, 637550
0.93, 637550
0.94, 637550
0.95, 637550
0.96, 637550
0.97, 637550
0.98, 637550
0.99, 637550
1.0, 637550
1.01, 632972
1.02, 632972
1.03, 632972
1.04, 632972
1.05, 632972
1.06, 632972
1.07, 632972
1.08, 632972
1.09, 632972
1.1, 632972
1.11, 632972
1.12, 632972
1.13, 632972
1.14, 632972
1.15, 632972
1.16, 632972
1.17, 632972
1.18, 632972
1.19, 632972
1.2, 632972
1.21, 632972
1.22, 632972
1.23, 632972
1.24, 632972
1.25, 632972
1.26, 632972
1.27, 632972
1.28, 632972
1.29, 632972
1.3, 632972
1.31, 632972
1.32, 632972
1.33, 632972
1.34, 632972
1.35, 632972
1.36, 632972
1.37, 632972
1.38, 632972
1.39, 632972
1.4, 632972
1.41, 632972
1.42, 632972
1.43, 632972
1.44, 632972
1.45, 632972
1.46, 632972
1.47, 632972
1.48, 632972
1.49, 632972
1.5, 632972
1.51, 632972
1.52, 632972
1.53, 632972
1.54, 632972
1.55, 632972
1.56, 632972
1.57, 632972
1.58, 632972
1.59, 632972
1.6, 632972
1.61, 632972
1.62, 632972
1.63, 632972
1.64, 632972
1.65, 632972
1.66, 632972
1.67, 632972
1.68, 632972
1.69, 632972
1.7, 632972
1.71, 632972
1.72, 632972
1.73, 632972
1.74, 632972
1.75, 632972
1.76, 632972
1.77, 632972
1.78, 632972
1.79, 632972
1.8, 632972
1.81, 632972
1.82, 632972
1.83, 632972
1.84, 632972
1.85, 632972
1.86, 632972
1.87, 632972
1.88, 632972
1.89, 632972
1.9, 632972
1.91, 632972
1.92, 632972
1.93, 632972
1.94, 632972
1.95, 632972
1.96, 632972
1.97, 632972
1.98, 632972
1.99, 632972
2.0, 632972
2.01, 632972
2.02, 632972
2.03, 632972
2.04, 632972
2.05, 632972
2.06, 632972
2.07, 632972
2.08, 632972
2.09, 632972
2.1, 632972
2.11, 632972
2.12, 632972
2.13, 632972
2.14, 632972
2.15, 632972
2.16, 632972
2.17, 632972
2.18, 632972
2.19, 632972
2.2, 632972
2.21, 632972
2.22, 632972
2.23, 632972
2.24, 632972
2.25, 632972
2.26, 632972
2.27, 632972
2.28, 632972
2.29, 632972
2.3, 632972
2.31, 632972
2.32, 632972
2.33, 632972
2.34, 632972
2.35, 632972
2.36, 632972
2.37, 632972
2.38, 632972
2.39, 632972
2.4, 632972
2.41, 632972
2.42, 632972
2.43, 632972
2.44, 632972
2.45, 632972
2.46, 632972
2.47, 632972
2.48, 632972
2.49, 632972
2.5, 632972
2.51, 632972
2.52, 632972
2.53, 632972
2.54, 632972
2.55, 632972
2.56, 632972
2.57, 632972
2.58, 632972
2.59, 632972
2.6, 632972
2.61, 632972
2.62, 632972
2.63, 632972
2.64, 632972
2.65, 632972
2.66, 632972
2.67, 632972
2.68, 632972
2.69, 632972
2.7, 632972
2.71, 632972
2.72, 632972
2.73, 632972
2.74, 632972
2.75, 632972
2.76, 632972
2.77, 632972
2.78, 632972
2.79, 632972
2.8, 632972
2.81, 632972
2.82, 632972
2.83, 632972
2.84, 632972
2.85, 632972
2.86, 632972
2.87, 632972
2.88, 632972
2.89, 632972
2.9, 632972
2.91, 632972
2.92, 632972
2.93, 632972
2.94, 632972
2.95, 632972
2.96, 632972
2.97, 632972
2.98, 632972
2.99, 632972
3.0, 632972
3.01, 632972
3.02, 632972
3.03, 632972
3.04, 632972
3.05, 632972
3.06, 632972
3.07, 632972
3.08, 632972
3.09, 632972
3.1, 632972
3.11, 632972
3.12, 632972
3.13, 632972
3.14, 632972
3.15, 632972
3.16, 632972
3.17, 632972
3.18, 632972
3.19, 632972
3.2, 632972
3.21, 632972
3.22, 632972
3.23, 632972
3.24, 632972
3.25, 632972
3.26, 632972
3.27, 632972
3.28, 632972
3.29, 632972
3.3, 632972
3.31, 632972
3.32, 632972
3.33, 632972
3.34, 632972
3.35, 632972
3.36, 632972
3.37, 632972
3.38, 632972
3.39, 632972
3.4, 632972
3.41, 632972
3.42, 632972
3.43, 632972
3.44, 632972
3.45, 632972
3.46, 632972
3.47, 632972
3.48, 632972
3.49, 632972
3.5, 632972
3.51, 632972
3.52, 632972
3.53, 632972
3.54, 632972
3.55, 632972
3.56, 632972
3.57, 632972
3.58, 632972
3.59, 632972
3.6, 632972
3.61, 632972
3.62, 632972
3.63, 632972
3.64, 632972
3.65, 632972
3.66, 632972
3.67, 632972
3.68, 632972
3.69, 632972
3.7, 632972
3.71, 632972
3.72, 632972
3.73, 632972
3.74, 632972
3.75, 632972
3.76, 632972
3.77, 632972
3.78, 632972
3.79, 632972
3.8, 632972
3.81, 632972
3.82, 632972
3.83, 632972
3.84, 632972
3.85, 632972
3.86, 632972
3.87, 632972
3.88, 632972
3.89, 632972
3.9, 632972
3.91, 632972
3.92, 632972
3.93, 632972
3.94, 632972
3.95, 632972
3.96, 632972
3.97, 632972
3.98, 632972
3.99, 632972
4.0, 632972
4.01, 632972
4.02, 632972
4.03, 632972
4.04, 632972
4.05, 632972
4.06, 632972
4.07, 632972
4.08, 632972
4.09, 632972
4.1, 632972
4.11, 632972
4.12, 632972
4.13, 632972
4.14, 632972
4.15, 632972
4.16, 632972
4.17, 632972
4.18, 632972
4.19, 632972
4.2, 632972
4.21, 632972
4.22, 632972
4.23, 632972
4.24, 632972
4.25, 632972
4.26, 632972
4.27, 632972
4.28, 632972
4.29, 632972
4.3, 632972
4.31, 632972
4.32, 632972
4.33, 632972
4.34, 632972
4.35, 632972
4.36, 632972
4.37, 632972
4.38, 632972
4.39, 632972
4.4, 632972
4.41, 632972
4.42, 632972
4.43, 632972
4.44, 632972
4.45, 632972
4.46, 632972
4.47, 632972
4.48, 632972
4.49, 632972
4.5, 632972
4.51, 632972
4.52, 632972
4.53, 632972
4.54, 632972
4.55, 632972
4.56, 632972
4.57, 632972
4.58, 632972
4.59, 632972
4.6, 632972
4.61, 632972
4.62, 632972
4.63, 632972
4.64, 632972
4.65, 632972
4.66, 632972
4.67, 632972
4.68, 632972
4.69, 632972
4.7, 632972
4.71, 632972
4.72, 632972
4.73, 632972
4.74, 632972
4.75, 632972
4.76, 632972
4.77, 632972
4.78, 613725
4.79, 613725
4.8, 613725
4.81, 613725
4.82, 613725
4.83, 613725
4.84, 613725
4.85, 613725
4.86, 613725
4.87, 613725
4.88, 613725
4.89, 613725
4.9, 613725
4.91, 613725
4.92, 613725
4.93, 613725
4.94, 613725
4.95, 613725
4.96, 613725
4.97, 613725
4.98, 613725
4.99, 613725
5.0, 613725
5.01, 613725
5.02, 613725
5.03, 613725
5.04, 613725
5.05, 613725
5.06, 613725
5.07, 613725
5.08, 613725
5.09, 613725
5.1, 613725
5.11, 613725
5.12, 613725
5.13, 613725
5.14, 613725
5.15, 613725
5.16, 613725
5.17, 613725
5.18, 613725
5.19, 613725
5.2, 613725
5.21, 613725
5.22, 613725
5.23, 613725
5.24, 613725
5.25, 613725
5.26, 613725
5.27, 613725
5.28, 613725
5.29, 613725
5.3, 613725
5.31, 613725
5.32, 613725
5.33, 613725
5.34, 613725
5.35, 613725
5.36, 613725
5.37, 613725
5.38, 613725
5.39, 613725
5.4, 613725
5.41, 613725
5.42, 613725
5.43, 613725
5.44, 613725
5.45, 613725
5.46, 613725
5.47, 613725
5.48, 613725
5.49, 613725
5.5, 613725
5.51, 613725
5.52, 613725
5.53, 613725
5.54, 613725
5.55, 613725
5.56, 613725
5.57, 613725
5.58, 613725
5.59, 613725
5.6, 613725
5.61, 613725
5.62, 613725
5.63, 613725
5.64, 613725
5.65, 613725
5.66, 613725
5.67, 613725
5.68, 613725
5.69, 613725
5.7, 613725
5.71, 613725
5.72, 613725
5.73, 613725
5.74, 613725
5.75, 613725
5.76, 613725
5.77, 613725
5.78, 613725
5.79, 613725
5.8, 613725
5.81, 613725
5.82, 613725
5.83, 613725
5.84, 613725
5.85, 613725
5.86, 613725
5.87, 613725
5.88, 613725
5.89, 613725
5.9, 613725
5.91, 613725
5.92, 613725
5.93, 613725
5.94, 613725
5.95, 613725
5.96, 613725
5.97, 613725
5.98, 613725
5.99, 613725
6.0, 613725
6.01, 613725
6.02, 613725
6.03, 613725
6.04, 613725
6.05, 613725
6.06, 613725
6.07, 613725
6.08, 613725
6.09, 613725
6.1, 613725
6.11, 613725
6.12, 613725
6.13, 613725
6.14, 613725
6.15, 613725
6.16, 613725
6.17, 613725
6.18, 613725
6.19, 613725
6.2, 613725
6.21, 613725
6.22, 613725
6.23, 613725
6.24, 613725
6.25, 613725
6.26, 613725
6.27, 613725
6.28, 613725
6.29, 613725
6.3, 613725
6.31, 613725
6.32, 613725
6.33, 613725
6.34, 613725
6.35, 613725
6.36, 613725
6.37, 613725
6.38, 613725
6.39, 613725
6.4, 613725
6.41, 613725
6.42, 613725
6.43, 613725
6.44, 613725
6.45, 613725
6.46, 613725
6.47, 613725
6.48, 613725
6.49, 613725
6.5, 613725
6.51, 613725
6.52, 613725
6.53, 613725
6.54, 613725
6.55, 613725
6.56, 613725
6.57, 613725
6.58, 613725
6.59, 613725
6.6, 613725
6.61, 613725
6.62, 613725
6.63, 613725
6.64, 613725
6.65, 613725
6.66, 613725
6.67, 613725
6.68, 613725
6.69, 613725
6.7, 613725
6.71, 613725
6.72, 613725
6.73, 613725
6.74, 613725
6.75, 613725
6.76, 613725
6.77, 613725
6.78, 613725
6.79, 613725
6.8, 613725
6.81, 613725
6.82, 613725
6.83, 613725
6.84, 613725
6.85, 613725
6.86, 613725
6.87, 613725
6.88, 613725
6.89, 613725
6.9, 613725
6.91, 613725
6.92, 613725
6.93, 613725
6.94, 613725
6.95, 613725
6.96, 613725
6.97, 613725
6.98, 613725
6.99, 613725
7.0, 613725
7.01, 613725
7.02, 613725
7.03, 613725
7.04, 613725
7.05, 613725
7.06, 613725
7.07, 613725
7.08, 613725
7.09, 613725
7.1, 613725
7.11, 613725
7.12, 613725
7.13, 613725
7.14, 613725
7.15, 613725
7.16, 613725
7.17, 613725
7.18, 613725
7.19, 613725
7.2, 613725
7.21, 613725
7.22, 613725
7.23, 613725
7.24, 613725
7.25, 613725
7.26, 613725
7.27, 613725
7.28, 613725
7.29, 613725
7.3, 613725
7.31, 613725
7.32, 613725
7.33, 613725
7.34, 613725
7.35, 613725
7.36, 613725
7.37, 613725
7.38, 613725
7.39, 613725
7.4, 613725
7.41, 613725
7.42, 613725
7.43, 613725
7.44, 613725
7.45, 613725
7.46, 613725
7.47, 613725
7.48, 613725
7.49, 613725
7.5, 613725
7.51, 613725
7.52, 613725
7.53, 613725
7.54, 613725
7.55, 613725
7.56, 613725
7.57, 613725
7.58, 613725
7.59, 613725
7.6, 613725
7.61, 613725
7.62, 613725
7.63, 613725
7.64, 613725
7.65, 613725
7.66, 613725
7.67, 613725
7.68, 613725
7.69, 613725
7.7, 613725
7.71, 613725
7.72, 613725
7.73, 613725
7.74, 613725
7.75, 613725
7.76, 613725
7.77, 613725
7.78, 613725
7.79, 613725
7.8, 613725
7.81, 613725
7.82, 613725
7.83, 613725
7.84, 613725
7.85, 613725
7.86, 613725
7.87, 613725
7.88, 613725
7.89, 613725
7.9, 613725
7.91, 613725
7.92, 613725
7.93, 613725
7.94, 613725
7.95, 613725
7.96, 613725
7.97, 613725
7.98, 613725
7.99, 613725
8.0, 613725
8.01, 613725
8.02, 613725
8.03, 613725
8.04, 613725
8.05, 613725
8.06, 613725
8.07, 613725
8.08, 613725
8.09, 613725
8.1, 613725
8.11, 613725
8.12, 613725
8.13, 613725
8.14, 613725
8.15, 613725
8.16, 613725
8.17, 613725
8.18, 613725
8.19, 613725
8.2, 613725
8.21, 613725
8.22, 613725
8.23, 613725
8.24, 613725
8.25, 613725
8.26, 613725
8.27, 613725
8.28, 613725
8.29, 613725
8.3, 613725
8.31, 613725
8.32, 613725
8.33, 613725
8.34, 613725
8.35, 613725
8.36, 613725
8.37, 613725
8.38, 613725
8.39, 613725
8.4, 613725
8.41, 613725
8.42, 613725
8.43, 613725
8.44, 613725
8.45, 613725
8.46, 613725
8.47, 613725
8.48, 613725
8.49, 613725
8.5, 613725
8.51, 613725
8.52, 613725
8.53, 613725
8.54, 613725
8.55, 613725
8.56, 613725
8.57, 613725
8.58, 613725
8.59, 613725
8.6, 613725
8.61, 613725
8.62, 613725
8.63, 613725
8.64, 613725
8.65, 613725
8.66, 613725
8.67, 613725
8.68, 613725
8.69, 613725
8.7, 613725
8.71, 613725
8.72, 613725
8.73, 613725
8.74, 613725
8.75, 613725
8.76, 613725
8.77, 613725
8.78, 613725
8.79, 613725
8.8, 613725
8.81, 613725
8.82, 613725
8.83, 613725
8.84, 613725
8.85, 613725
8.86, 613725
8.87, 613725
8.88, 613725
8.89, 613725
8.9, 613725
8.91, 613725
8.92, 613725
8.93, 613725
8.94, 613725
8.95, 613725
8.96, 613725
8.97, 613725
8.98, 613725
8.99, 613725
9.0, 613725
9.01, 613725
9.02, 613725
9.03, 613725
9.04, 613725
9.05, 613725
9.06, 613725
9.07, 613725
9.08, 613725
9.09, 613725
9.1, 613725
9.11, 613725
9.12, 613725
9.13, 613725
9.14, 613725
9.15, 613725
9.16, 613725
9.17, 613725
9.18, 613725
9.19, 613725
9.2, 613725
9.21, 613725
9.22, 613725
9.23, 613725
9.24, 613725
9.25, 613725
9.26, 613725
9.27, 613725
9.28, 613725
9.29, 613725
9.3, 613725
9.31, 613725
9.32, 613725
9.33, 613725
9.34, 613725
9.35, 613725
9.36, 613725
9.37, 613725
9.38, 613725
9.39, 613725
9.4, 613725
9.41, 613725
9.42, 613725
9.43, 613725
9.44, 613725
9.45, 613725
9.46, 613725
9.47, 613725
9.48, 613725
9.49, 613725
9.5, 613725
9.51, 613725
9.52, 613725
9.53, 613725
9.54, 613725
9.55, 613725
9.56, 613725
9.57, 613725
9.58, 613725
9.59, 613725
9.6, 613725
9.61, 613725
9.62, 613725
9.63, 613725
9.64, 613725
9.65, 613725
9.66, 613725
9.67, 613725
9.68, 613725
9.69, 613725
9.7, 613725
9.71, 613725
9.72, 613725
9.73, 613725
9.74, 613725
9.75, 613725
9.76, 613725
9.77, 613725
9.78, 613725
9.79, 613725
9.8, 613725
9.81, 613725
9.82, 613725
9.83, 613725
9.84, 613725
9.85, 613725
9.86, 613725
9.87, 613725
9.88, 613725
9.89, 613725
9.9, 613725
9.91, 613725
9.92, 613725
9.93, 613725
9.94, 613725
9.95, 613725
9.96, 613725
9.97, 613725
9.98, 613725
9.99, 613725
10.0, 613725
10.01, 613725
10.02, 613725
10.03, 613725
10.04, 613725
10.05, 613725
10.06, 613725
10.07, 613725
10.08, 613725
10.09, 613725
10.1, 613725
10.11, 613725
10.12, 613725
10.13, 613725
10.14, 613725
10.15, 613725
10.16, 613725
10.17, 613725
10.18, 613725
10.19, 613725
10.2, 613725
10.21, 613725
10.22, 613725
10.23, 613725
10.24, 613725
10.25, 613725
10.26, 613725
10.27, 613725
10.28, 613725
10.29, 613725
10.3, 613725
10.31, 613725
10.32, 613725
10.33, 613725
10.34, 613725
10.35, 613725
10.36, 613725
10.37, 613725
10.38, 613725
10.39, 613725
10.4, 613725
10.41, 613725
10.42, 613725
10.43, 613725
10.44, 613725
10.45, 613725
10.46, 613725
10.47, 613725
10.48, 613725
10.49, 613725
10.5, 613725
10.51, 613725
10.52, 613725
10.53, 613725
10.54, 613725
10.55, 613725
10.56, 613725
10.57, 613725
10.58, 613725
10.59, 613725
10.6, 613725
10.61, 613725
10.62, 613725
10.63, 613725
10.64, 613725
10.65, 613725
10.66, 613725
10.67, 613725
10.68, 613725
10.69, 613725
10.7, 613725
10.71, 613725
10.72, 613725
10.73, 613725
10.74, 613725
10.75, 613725
10.76, 613725
10.77, 613725
10.78, 613725
10.79, 613725
10.8, 613725
10.81, 613725
10.82, 613725
10.83, 613725
10.84, 613725
10.85, 613725
10.86, 613725
10.87, 613725
10.88, 613725
10.89, 613725
10.9, 613725
10.91, 613725
10.92, 613725
10.93, 613725
10.94, 613725
10.95, 613725
10.96, 613725
10.97, 613725
10.98, 613725
10.99, 613725
11.0, 613725
11.01, 613725
11.02, 613725
11.03, 613725
11.04, 613725
11.05, 613725
11.06, 613725
11.07, 613725
11.08, 613725
11.09, 613725
11.1, 613725
11.11, 613725
11.12, 613725
11.13, 613725
11.14, 613725
11.15, 613725
11.16, 613725
11.17, 613725
11.18, 613725
11.19, 613725
11.2, 613725
11.21, 613725
11.22, 613725
11.23, 613725
11.24, 613725
11.25, 613725
11.26, 613725
11.27, 613725
11.28, 613725
11.29, 613725
11.3, 613725
11.31, 613725
11.32, 613725
11.33, 613725
11.34, 613725
11.35, 613725
11.36, 613725
11.37, 613725
11.38, 613725
11.39, 613725
11.4, 613725
11.41, 613725
11.42, 613725
11.43, 613725
11.44, 613725
11.45, 613725
11.46, 613725
11.47, 613725
11.48, 613725
11.49, 613725
11.5, 613725
11.51, 613725
11.52, 613725
11.53, 613725
11.54, 613725
11.55, 613725
11.56, 613725
11.57, 613725
11.58, 613725
11.59, 613725
11.6, 613725
11.61, 613725
11.62, 613725
11.63, 613725
11.64, 613725
11.65, 613725
11.66, 613725
11.67, 613725
11.68, 613725
11.69, 613725
11.7, 613725
11.71, 613725
11.72, 613725
11.73, 613725
11.74, 613725
11.75, 613725
11.76, 613725
11.77, 613725
11.78, 613725
11.79, 613725
11.8, 613725
11.81, 613725
11.82, 613725
11.83, 613725
11.84, 613725
11.85, 613725
11.86, 613725
11.87, 613725
11.88, 613725
11.89, 613725
11.9, 613725
11.91, 613725
11.92, 613725
11.93, 613725
11.94, 613725
11.95, 613725
11.96, 613725
11.97, 613725
11.98, 613725
11.99, 613725
12.0, 613725
12.01, 613725
12.02, 613725
12.03, 613725
12.04, 613725
12.05, 613725
12.06, 613725
12.07, 613725
12.08, 613725
12.09, 613725
12.1, 613725
12.11, 613725
12.12, 613725
12.13, 613725
12.14, 613725
12.15, 613725
12.16, 613725
12.17, 613725
12.18, 613725
12.19, 613725
12.2, 613725
12.21, 613725
12.22, 613725
12.23, 613725
12.24, 613725
12.25, 613725
12.26, 613725
12.27, 613725
12.28, 613725
12.29, 613725
12.3, 613725
12.31, 613725
12.32, 613725
12.33, 613725
12.34, 613725
12.35, 613725
12.36, 613725
12.37, 613725
12.38, 613725
12.39, 613725
12.4, 613725
12.41, 613725
12.42, 613725
12.43, 613725
12.44, 613725
12.45, 613725
12.46, 613725
12.47, 613725
12.48, 613725
12.49, 613725
12.5, 613725
12.51, 613725
12.52, 613725
12.53, 613725
12.54, 613725
12.55, 613725
12.56, 613725
12.57, 613725
12.58, 613725
12.59, 613725
12.6, 613725
12.61, 613725
12.62, 613725
12.63, 613725
12.64, 613725
12.65, 613725
12.66, 613725
12.67, 613725
12.68, 613725
12.69, 613725
12.7, 613725
12.71, 613725
12.72, 613725
12.73, 613725
12.74, 613725
12.75, 613725
12.76, 613725
12.77, 611985
12.78, 611985
12.79, 611985
12.8, 611985
12.81, 611985
12.82, 611985
12.83, 611985
12.84, 611985
12.85, 611985
12.86, 611985
12.87, 611985
12.88, 611985
12.89, 611985
12.9, 611985
12.91, 611985
12.92, 611985
12.93, 611985
12.94, 611985
12.95, 611985
12.96, 611985
12.97, 611985
12.98, 611985
12.99, 611985
13.0, 611985
13.01, 611985
13.02, 611985
13.03, 611985
13.04, 611985
13.05, 611985
13.06, 611985
13.07, 611985
13.08, 611985
13.09, 611985
13.1, 611985
13.11, 611985
13.12, 611985
13.13, 611985
13.14, 611985
13.15, 611985
13.16, 611985
13.17, 611985
13.18, 611985
13.19, 611985
13.2, 611985
13.21, 611985
13.22, 611985
13.23, 611985
13.24, 611985
13.25, 611985
13.26, 611985
13.27, 611985
13.28, 611985
13.29, 611985
13.3, 611985
13.31, 611985
13.32, 611985
13.33, 611985
13.34, 611985
13.35, 611985
13.36, 611985
13.37, 611985
13.38, 611985
13.39, 611985
13.4, 611985
13.41, 611985
13.42, 611985
13.43, 611985
13.44, 611985
13.45, 611985
13.46, 611985
13.47, 611985
13.48, 611985
13.49, 611985
13.5, 611985
13.51, 611985
13.52, 611985
13.53, 611985
13.54, 611985
13.55, 611985
13.56, 611985
13.57, 611985
13.58, 611985
13.59, 611985
13.6, 611985
13.61, 611985
13.62, 611985
13.63, 611985
13.64, 611985
13.65, 611985
13.66, 611985
13.67, 611985
13.68, 611985
13.69, 611985
13.7, 611985
13.71, 611985
13.72, 611985
13.73, 611985
13.74, 611985
13.75, 611985
13.76, 611985
13.77, 611985
13.78, 611985
13.79, 611985
13.8, 611985
13.81, 611985
13.82, 611985
13.83, 611985
13.84, 611985
13.85, 611985
13.86, 611985
13.87, 611985
13.88, 611985
13.89, 611985
13.9, 611985
13.91, 611985
13.92, 611985
13.93, 611985
13.94, 611985
13.95, 611985
13.96, 611985
13.97, 611985
13.98, 611985
13.99, 611985
14.0, 611985
14.01, 611985
14.02, 611985
14.03, 611985
14.04, 611985
14.05, 611985
14.06, 611985
14.07, 611985
14.08, 611985
14.09, 611985
14.1, 611985
14.11, 611985
14.12, 611985
14.13, 611985
14.14, 611985
14.15, 611985
14.16, 611985
14.17, 611985
14.18, 611985
14.19, 611985
14.2, 611985
14.21, 611985
14.22, 611985
14.23, 611985
14.24, 611985
14.25, 611985
14.26, 611985
14.27, 611985
14.28, 611985
14.29, 611985
14.3, 611985
14.31, 611985
14.32, 611985
14.33, 611985
14.34, 611985
14.35, 611985
14.36, 611985
14.37, 611985
14.38, 611985
14.39, 611985
14.4, 611985
14.41, 611985
14.42, 611985
14.43, 611985
14.44, 611985
14.45, 611985
14.46, 611985
14.47, 611985
14.48, 611985
14.49, 611985
14.5, 611985
14.51, 611985
14.52, 611985
14.53, 611985
14.54, 611985
14.55, 611985
14.56, 611985
14.57, 611985
14.58, 611985
14.59, 611985
14.6, 611985
14.61, 611985
14.62, 611985
14.63, 611985
14.64, 611985
14.65, 611985
14.66, 611985
14.67, 611985
14.68, 611985
14.69, 611985
14.7, 611985
14.71, 611985
14.72, 611985
14.73, 611985
14.74, 611985
14.75, 611985
14.76, 611985
14.79, 611985
14.8, 611985
14.81, 611985
14.82, 611985
14.83, 611985
14.84, 611985
14.85, 611985
14.86, 611985
14.87, 611985
14.88, 611985
14.89, 611985
14.9, 611985
14.91, 611985
14.92, 611985
14.93, 611985
14.94, 611985
14.95, 611985
14.96, 611985
14.97, 611985
14.98, 611985
14.99, 611985
15.0, 611985
15.01, 611985
15.02, 611985
15.03, 611985
15.04, 611985
15.05, 611985
15.06, 611985
15.07, 611985
15.08, 611985
15.09, 611985
15.1, 611985
15.11, 611985
15.12, 611985
15.13, 611985
15.14, 611985
15.15, 611985
15.16, 611985
15.17, 611985
15.18, 611985
15.19, 611985
15.2, 611985
15.21, 611985
15.22, 611985
15.23, 611985
15.24, 611985
15.25, 611985
15.26, 611985
15.27, 611985
15.28, 611985
15.29, 611985
15.3, 611985
15.31, 611985
15.32, 611985
15.33, 611985
15.34, 611985
15.35, 611985
15.36, 611985
15.37, 611985
15.38, 611985
15.39, 611985
15.4, 611985
15.41, 611985
15.42, 611985
15.43, 611985
15.44, 611985
15.45, 611985
15.46, 611985
15.47, 611985
15.48, 611985
15.49, 611985
15.5, 611985
15.51, 611985
15.52, 611985
15.53, 611985
15.54, 611985
15.55, 611985
15.56, 611985
15.57, 611985
15.58, 611985
15.59, 611985
15.6, 611985
15.61, 611985
15.62, 611985
15.63, 611985
15.64, 611985
15.65, 611985
15.66, 611985
15.67, 611985
15.68, 611985
15.69, 611985
15.7, 611985
15.71, 611985
15.72, 611985
15.73, 611985
15.74, 611985
15.75, 611985
15.76, 611985
15.77, 611985
15.78, 611985
15.79, 611985
15.8, 611985
15.81, 611985
15.82, 611985
15.83, 611985
15.84, 611985
15.85, 611985
15.86, 611985
15.87, 611985
15.88, 611985
15.89, 611985
15.9, 611985
15.91, 611985
15.92, 611985
15.93, 611985
15.94, 611985
15.95, 611985
15.96, 611985
15.97, 611985
15.98, 611985
15.99, 611985
16.0, 611985
16.01, 611985
16.02, 611985
16.03, 611985
16.04, 611985
16.05, 611985
16.06, 611985
16.07, 611985
16.08, 611985
16.09, 611985
16.1, 611985
16.11, 611985
16.12, 611985
16.13, 611985
16.14, 611985
16.15, 611985
16.16, 611985
16.17, 611985
16.18, 611985
16.19, 611985
16.2, 611985
16.21, 611985
16.22, 611985
16.23, 611985
16.24, 611985
16.25, 611985
16.26, 611985
16.27, 611985
16.28, 611985
16.29, 611985
16.3, 611985
16.31, 611985
16.32, 611985
16.33, 611985
16.34, 611985
16.35, 611985
16.36, 611985
16.37, 611985
16.38, 611985
16.39, 611985
16.4, 611985
16.41, 611985
16.42, 611985
16.43, 611985
16.44, 611985
16.45, 611985
16.46, 611985
16.47, 611985
16.48, 611985
16.49, 611985
16.5, 611985
16.51, 611985
16.52, 611985
16.53, 611985
16.54, 611985
16.55, 611985
16.56, 611985
16.57, 611985
16.58, 611985
16.59, 611985
16.6, 611985
16.61, 611985
16.62, 611985
16.63, 611985
16.64, 611985
16.65, 611985
16.66, 611985
16.67, 611985
16.68, 611985
16.69, 611985
16.7, 611985
16.71, 611985
16.72, 611985
16.73, 611985
16.74, 611985
16.75, 611985
16.76, 611985
16.77, 611985
16.78, 611985
16.79, 611985
16.8, 611985
16.81, 611985
16.82, 611985
16.83, 611985
16.84, 611985
16.85, 611985
16.86, 611985
16.87, 611985
16.88, 611985
16.89, 611985
16.9, 611985
16.91, 611985
16.92, 611985
16.93, 611985
16.94, 611985
16.95, 611985
16.96, 611985
16.97, 611985
16.98, 611985
16.99, 611985
17.0, 611985
17.01, 611985
17.02, 611985
17.03, 611985
17.04, 611985
17.05, 611985
17.06, 611985
17.07, 611985
17.08, 611985
17.09, 611985
17.1, 611985
17.11, 611985
17.12, 611985
17.13, 611985
17.14, 611985
17.15, 611985
17.16, 611985
17.17, 611985
17.18, 611985
17.19, 611985
17.2, 611985
17.21, 611985
17.22, 611985
17.23, 611985
17.24, 611985
17.25, 611985
17.26, 611985
17.27, 611985
17.28, 611985
17.29, 611985
17.3, 611985
17.31, 611985
17.32, 611985
17.33, 611985
17.34, 611985
17.35, 611985
17.36, 611985
17.37, 611985
17.38, 611985
17.39, 611985
17.4, 611985
17.41, 611985
17.42, 611985
17.43, 611985
17.44, 611985
17.45, 611985
17.46, 611985
17.47, 611985
17.48, 611985
17.49, 611985
17.5, 611985
17.51, 611985
17.52, 611985
17.53, 611985
17.54, 611985
17.55, 611985
17.56, 611985
17.57, 611985
17.58, 611985
17.59, 611985
17.6, 611985
17.61, 611985
17.62, 611985
17.63, 611985
17.64, 611985
17.65, 611985
17.66, 611985
17.67, 611985
17.68, 611985
17.69, 611985
17.7, 611985
17.71, 611985
17.72, 611985
17.73, 611985
17.74, 611985
17.75, 611985
17.76, 611985
17.77, 611985
17.78, 611985
17.79, 611985
17.8, 611985
17.81, 611985
17.82, 611985
17.83, 611985
17.84, 611985
17.85, 611985
17.86, 611985
17.87, 611985
17.88, 611985
17.89, 611985
17.9, 611985
17.91, 611985
17.92, 611985
17.93, 611985
17.94, 611985
17.95, 611985
17.96, 611985
17.97, 611985
17.98, 611985
17.99, 611985
18.0, 611985
18.01, 611985
18.02, 611985
18.03, 611985
18.04, 611985
18.05, 611985
18.06, 611985
18.07, 611985
18.08, 611985
18.09, 611985
18.1, 611985
18.11, 611985
18.12, 611985
18.13, 611985
18.14, 611985
18.15, 611985
18.16, 611985
18.17, 611985
18.18, 611985
18.19, 611985
18.2, 611985
18.21, 611985
18.22, 611985
18.23, 611985
18.24, 611985
18.25, 611985
18.26, 611985
18.27, 611985
18.28, 611985
18.29, 611985
18.3, 611985
18.31, 611985
18.32, 611985
18.33, 611985
18.34, 611985
18.35, 611985
18.36, 611985
18.37, 611985
18.38, 611985
18.39, 611985
18.4, 611985
18.41, 611985
18.42, 611985
18.43, 611985
18.44, 611985
18.45, 611985
18.46, 611985
18.47, 611985
18.48, 611985
18.49, 611985
18.5, 611985
18.51, 611985
18.52, 611985
18.53, 611985
18.54, 611985
18.55, 611985
18.56, 611985
18.57, 611985
18.58, 611985
18.59, 611985
18.6, 611985
18.61, 611985
18.62, 611985
18.63, 611985
18.64, 611985
18.65, 611985
18.66, 611985
18.67, 611985
18.68, 611985
18.69, 611985
18.7, 611985
18.71, 611985
18.72, 611985
18.73, 611985
18.74, 611985
18.75, 611985
18.76, 611985
18.77, 611985
18.78, 611985
18.79, 611985
18.8, 611985
18.81, 611985
18.82, 605988
18.83, 605988
18.84, 605988
18.85, 605988
18.86, 605988
18.87, 605988
18.88, 605988
18.89, 605988
18.9, 605988
18.91, 605988
18.92, 605988
18.93, 605988
18.94, 605988
18.95, 605988
18.96, 605988
18.97, 605988
18.98, 605988
18.99, 605988
19.0, 605988
19.01, 605988
19.02, 605988
19.03, 605988
19.04, 605988
19.05, 605988
19.06, 605988
19.07, 605988
19.08, 605988
19.09, 605988
19.1, 605988
19.11, 605988
19.12, 605988
19.13, 605988
19.14, 605988
19.15, 605988
19.16, 605988
19.17, 605988
19.18, 605988
19.19, 605988
19.2, 605988
19.21, 605988
19.22, 605988
19.23, 605988
19.24, 605988
19.25, 605988
19.26, 605988
19.27, 605988
19.28, 605988
19.29, 605988
19.3, 605988
19.31, 605988
19.32, 605988
19.33, 605988
19.34, 605988
19.35, 605988
19.36, 605988
19.37, 605988
19.38, 605988
19.39, 605988
19.4, 605988
19.41, 605988
19.42, 605988
19.43, 605988
19.44, 605988
19.45, 605988
19.46, 605988
19.47, 605988
19.48, 605988
19.49, 605988
19.5, 605988
19.51, 605988
19.52, 605988
19.53, 605988
19.54, 605988
19.55, 605988
19.56, 605988
19.57, 605988
19.58, 605988
19.59, 605988
19.6, 605988
19.61, 605988
19.62, 605988
19.63, 605988
19.64, 605988
19.65, 605988
19.66, 605988
19.67, 605988
19.68, 605988
19.69, 605988
19.7, 605988
19.71, 605988
19.72, 605988
19.73, 605988
19.74, 605988
19.75, 605988
19.76, 605988
19.77, 605988
19.78, 605988
19.79, 605988
19.8, 605988
19.81, 605988
19.82, 605988
19.83, 605988
19.84, 605988
19.85, 605988
19.86, 605988
19.87, 605988
19.88, 605988
19.89, 605988
19.9, 605988
19.91, 605988
19.92, 605988
19.93, 605988
19.94, 605988
19.95, 605988
19.96, 605988
19.97, 605988
19.98, 605988
19.99, 605988
20.0, 605988
20.01, 605988
20.02, 605988
20.03, 605988
20.04, 605988
20.05, 605988
20.06, 605988
20.07, 605988
20.08, 605988
20.09, 605988
20.1, 605988
20.11, 605988
20.12, 605988
20.13, 605988
20.14, 605988
20.15, 605988
20.16, 605988
20.17, 605988
20.18, 605988
20.19, 605988
20.2, 605988
20.21, 605988
20.22, 605988
20.23, 605988
20.24, 605988
20.25, 605988
20.26, 605988
20.27, 605988
20.28, 605988
20.29, 605988
20.3, 605988
20.31, 605988
20.32, 605988
20.33, 605988
20.34, 605988
20.35, 605988
20.36, 605988
20.37, 605988
20.38, 605988
20.39, 605988
20.4, 605988
20.41, 605988
20.42, 605988
20.43, 605988
20.44, 605988
20.45, 605988
20.46, 605988
20.47, 605988
20.48, 605988
20.49, 605988
20.5, 605988
20.51, 605988
20.52, 605988
20.53, 605988
20.54, 605988
20.55, 605988
20.56, 605988
20.57, 605988
20.58, 605988
20.59, 605988
20.6, 605988
20.61, 605988
20.62, 605988
20.63, 605988
20.64, 605988
20.65, 605988
20.66, 605988
20.67, 605988
20.68, 605988
20.69, 605988
20.7, 605988
20.71, 605988
20.72, 605988
20.73, 605988
20.74, 605988
20.75, 605988
20.76, 605988
20.77, 605988
20.78, 605988
20.79, 605988
20.8, 605988
20.81, 605988
20.82, 605988
20.83, 605988
20.84, 605988
20.85, 605988
20.86, 605988
20.87, 605988
20.88, 605988
20.89, 605988
20.9, 605988
20.91, 605988
20.92, 605988
20.93, 605988
20.94, 605988
20.95, 605988
20.96, 605988
20.97, 605988
20.98, 605988
20.99, 605988
21.0, 605988
21.01, 605988
21.02, 605988
21.03, 605988
21.04, 605988
21.05, 605988
21.06, 605988
21.07, 605988
21.08, 605988
21.09, 605988
21.1, 605988
21.11, 605988
21.12, 605988
21.13, 605988
21.14, 605988
21.15, 605988
21.16, 605988
21.17, 605988
21.18, 605988
21.19, 605988
21.2, 605988
21.21, 605988
21.22, 605988
21.23, 605988
21.24, 605988
21.25, 605988
21.26, 605988
21.27, 605988
21.28, 605988
21.29, 605988
21.3, 605988
21.31, 605988
21.32, 605988
21.33, 605988
21.34, 605988
21.35, 605988
21.36, 605988
21.37, 605988
21.38, 605988
21.39, 605988
21.4, 605988
21.41, 605988
21.42, 605988
21.43, 605988
21.44, 605988
21.45, 605988
21.46, 605988
21.47, 605988
21.48, 605988
21.49, 605988
21.5, 605988
21.51, 605988
21.52, 605988
21.53, 605988
21.54, 605988
21.55, 605988
21.56, 605988
21.57, 605988
21.58, 605988
21.59, 605988
21.6, 605988
21.61, 605988
21.62, 605988
21.63, 605988
21.64, 605988
21.65, 605988
21.66, 605988
21.67, 605988
21.68, 605988
21.69, 605988
21.7, 605988
21.71, 605988
21.72, 605988
21.73, 605988
21.74, 605988
21.75, 605988
21.76, 605988
21.77, 605988
21.78, 605988
21.79, 605988
21.8, 605988
21.81, 605988
21.82, 605988
21.83, 605988
21.84, 605988
21.85, 605988
21.86, 605988
21.87, 605988
21.88, 605988
21.89, 605988
21.9, 605988
21.91, 605988
21.92, 605988
21.93, 605988
21.94, 605988
21.95, 605988
21.96, 605988
21.97, 605988
21.98, 605988
21.99, 605988
22.0, 605988
22.01, 605988
22.02, 605988
22.03, 605988
22.04, 605988
22.05, 605988
22.06, 605988
22.07, 605988
22.08, 605988
22.09, 605988
22.1, 605988
22.11, 605988
22.12, 605988
22.13, 605988
22.14, 605988
22.15, 605988
22.16, 605988
22.17, 605988
22.18, 605988
22.19, 605988
22.2, 605988
22.21, 605988
22.22, 605988
22.23, 605988
22.24, 605988
22.25, 605988
22.26, 605988
22.27, 605988
22.28, 605988
22.29, 605988
22.3, 605988
22.31, 605988
22.32, 605988
22.33, 605988
22.34, 605988
22.35, 605988
22.36, 605988
22.37, 605988
22.38, 605988
22.39, 605988
22.4, 605988
22.41, 605988
22.42, 605988
22.43, 605988
22.44, 605988
22.45, 605988
22.46, 605988
22.47, 605988
22.48, 605988
22.49, 605988
22.5, 605988
22.51, 605988
22.52, 605988
22.53, 605988
22.54, 605988
22.55, 605988
22.56, 605988
22.57, 605988
22.58, 605988
22.59, 605988
22.6, 605988
22.61, 605988
22.62, 605988
22.63, 605988
22.64, 605988
22.65, 605988
22.66, 605988
22.67, 605988
22.68, 605988
22.69, 605988
22.7, 605988
22.71, 605988
22.72, 605988
22.73, 605988
22.74, 605988
22.75, 605988
22.76, 605988
22.77, 605988
22.78, 605988
22.79, 605988
22.8, 605988
22.81, 605988
22.82, 605988
22.83, 605988
22.84, 605988
22.85, 605988
22.86, 605988
22.87, 605988
22.88, 605988
22.89, 605988
22.9, 605988
22.91, 605988
22.92, 605988
22.93, 605988
22.94, 605988
22.95, 605988
22.96, 605988
22.97, 605988
22.98, 605988
22.99, 605988
23.0, 605988
23.01, 605988
23.02, 605988
23.03, 605988
23.04, 605988
23.05, 605988
23.06, 605988
23.07, 605988
23.08, 605988
23.09, 605988
23.1, 605988
23.11, 605988
23.12, 605988
23.13, 605988
23.14, 605988
23.15, 605988
23.16, 605988
23.17, 605988
23.2, 605988
23.21, 605988
23.22, 605988
23.23, 605988
23.24, 605988
23.25, 605988
23.26, 605988
23.27, 605988
23.28, 605988
23.29, 605988
23.3, 605988
23.31, 605988
23.32, 605988
23.33, 605988
23.34, 605988
23.35, 605988
23.36, 605988
23.37, 605988
23.38, 605988
23.39, 605988
23.4, 605988
23.41, 605988
23.42, 605988
23.43, 605988
23.44, 605988
23.45, 605988
23.46, 605988
23.47, 605988
23.48, 605988
23.49, 605988
23.5, 605988
23.51, 605988
23.52, 605988
23.53, 605988
23.54, 605988
23.55, 605988
23.56, 605988
23.57, 605988
23.58, 605988
23.59, 605988
23.6, 605988
23.61, 605988
23.62, 605988
23.63, 605988
23.64, 605988
23.65, 605988
23.66, 605988
23.67, 605988
23.68, 605988
23.69, 605988
23.7, 605988
23.71, 605988
23.72, 605988
23.73, 605988
23.74, 605988
23.75, 605988
23.76, 605988
23.77, 605988
23.78, 605988
23.79, 605988
23.8, 605988
23.81, 605988
23.82, 605988
23.83, 605988
23.84, 605988
23.85, 605988
23.86, 605988
23.87, 605988
23.88, 605988
23.89, 605988
23.9, 605988
23.91, 605988
23.92, 605988
23.93, 605988
23.94, 605988
23.95, 605988
23.96, 605988
23.97, 605988
23.98, 605988
23.99, 605988
24.0, 605988
24.01, 605988
24.02, 605988
24.03, 605988
24.04, 605988
24.05, 605988
24.06, 605988
24.07, 605988
24.08, 605988
24.09, 605988
24.1, 605988
24.11, 605988
24.12, 605988
24.13, 605988
24.14, 605988
24.15, 605988
24.16, 605988
24.17, 605988
24.18, 605988
24.19, 605988
24.2, 605988
24.21, 605988
24.22, 605988
24.23, 605988
24.24, 605988
24.25, 605988
24.26, 605988
24.27, 605988
24.28, 605988
24.29, 605988
24.3, 605988
24.31, 605988
24.32, 605988
24.33, 605988
24.34, 605988
24.35, 605988
24.36, 605988
24.37, 605988
24.38, 605988
24.39, 605988
24.4, 605988
24.41, 605988
24.42, 605988
24.43, 605988
24.44, 605988
24.45, 605988
24.46, 605988
24.47, 605988
24.48, 605988
24.49, 605988
24.5, 605988
24.51, 605988
24.52, 605988
24.53, 605988
24.54, 605988
24.55, 605988
24.56, 605988
24.57, 605988
24.58, 605988
24.59, 605988
24.6, 605988
24.61, 605988
24.62, 605988
24.63, 605988
24.64, 605988
24.65, 605988
24.66, 605988
24.67, 605988
24.68, 605988
24.69, 605988
24.7, 605988
24.71, 605988
24.72, 605988
24.73, 605988
24.74, 605988
24.75, 605988
24.76, 605988
24.77, 605988
24.78, 605988
24.79, 605988
24.8, 605988
24.81, 605988
24.82, 605988
24.83, 605988
24.84, 605988
24.85, 605988
24.86, 605988
24.87, 605988
24.88, 605988
24.89, 605988
24.9, 605988
24.91, 605988
24.92, 605988
24.93, 605988
24.94, 605988
24.95, 605988
24.96, 605988
24.97, 605988
24.98, 605988
24.99, 605988
25.0, 605988
25.01, 605988
25.02, 605988
25.03, 605988
25.04, 605988
25.05, 605988
25.06, 605988
25.07, 605988
25.08, 605988
25.09, 605988
25.1, 605988
25.11, 605988
25.12, 605988
25.13, 605988
25.14, 605988
25.15, 605988
25.16, 605988
25.17, 605988
25.18, 605988
25.19, 605988
25.2, 605988
25.21, 605988
25.22, 605988
25.23, 605988
25.24, 605988
25.25, 605988
25.26, 605988
25.27, 605988
25.28, 605988
25.29, 605988
25.3, 605988
25.31, 605988
25.32, 605988
25.33, 605988
25.34, 605988
25.35, 605988
25.36, 605988
25.37, 605988
25.38, 605988
25.39, 605988
25.4, 605988
25.41, 605988
25.42, 605988
25.43, 605988
25.44, 605988
25.45, 605988
25.46, 605988
25.47, 605988
25.48, 605988
25.49, 605988
25.5, 605988
25.51, 605988
25.52, 605988
25.53, 605988
25.54, 605988
25.55, 605988
25.56, 605988
25.57, 605988
25.58, 605988
25.59, 605988
25.6, 605988
25.61, 605988
25.62, 605988
25.63, 605988
25.64, 605988
25.65, 605988
25.66, 605988
25.67, 605988
25.68, 605988
25.69, 605988
25.7, 605988
25.71, 605988
25.72, 605988
25.73, 605988
25.74, 605988
25.75, 605988
25.76, 605988
25.77, 605988
25.78, 605988
25.79, 605988
25.8, 605988
25.81, 605988
25.82, 605988
25.83, 605988
25.84, 605988
25.85, 605988
25.86, 605988
25.87, 605988
25.88, 605988
25.89, 605988
25.9, 605988
25.91, 605988
25.92, 605988
25.93, 605988
25.94, 605988
25.95, 605988
25.96, 605988
25.97, 605988
25.98, 605988
25.99, 605988
26.0, 605988
26.01, 605988
26.02, 605988
26.03, 605988
26.04, 605988
26.05, 605988
26.06, 605988
26.07, 605988
26.08, 605988
26.09, 605988
26.1, 605988
26.11, 605988
26.12, 605988
26.13, 605988
26.14, 605988
26.15, 605988
26.16, 605988
26.17, 605988
26.18, 605988
26.19, 605988
26.2, 605988
26.21, 605988
26.22, 605988
26.23, 605988
26.24, 605988
26.25, 605988
26.26, 605988
26.27, 605988
26.28, 605988
26.29, 605988
26.3, 605988
26.31, 605988
26.32, 605988
26.33, 605988
26.34, 605988
26.35, 605988
26.36, 605988
26.37, 605988
26.38, 605988
26.39, 605988
26.4, 605988
26.41, 605988
26.42, 605988
26.43, 605988
26.44, 605988
26.45, 605988
26.46, 605988
26.47, 605988
26.48, 605988
26.49, 605988
26.5, 605988
26.51, 605988
26.52, 605988
26.53, 605988
26.54, 605988
26.55, 605988
26.56, 605988
26.57, 605988
26.58, 605988
26.59, 605988
26.6, 605988
26.61, 605988
26.62, 605988
26.63, 605988
26.64, 605988
26.65, 605988
26.66, 605988
26.67, 605988
26.68, 605988
26.69, 605988
26.7, 605988
26.71, 605988
26.72, 605988
26.73, 605988
26.74, 605988
26.75, 605988
26.76, 605988
26.77, 605988
26.78, 605988
26.79, 605988
26.8, 605988
26.81, 605988
26.82, 605988
26.83, 605988
26.84, 605988
26.85, 605988
26.86, 605988
26.87, 605988
26.88, 605988
26.89, 605988
26.9, 605988
26.91, 605988
26.92, 605988
26.93, 605988
26.94, 605988
26.95, 605988
26.96, 605988
26.97, 605988
26.98, 605988
26.99, 605988
27.0, 605988
27.01, 605988
27.02, 605988
27.03, 605988
27.04, 605988
27.05, 605988
27.06, 605988
27.07, 605988
27.08, 605988
27.09, 605988
27.1, 605988
27.11, 605988
27.12, 605988
27.13, 605988
27.14, 605988
27.15, 605988
27.16, 605988
27.17, 605988
27.18, 605988
27.19, 605988
27.2, 605988
27.21, 605988
27.22, 605988
27.23, 605988
27.24, 605988
27.25, 605988
27.26, 605988
27.27, 605988
27.28, 605988
27.29, 605988
27.3, 605988
27.31, 605988
27.32, 605988
27.33, 605988
27.34, 605988
27.35, 605988
27.36, 605988
27.37, 605988
27.38, 605988
27.39, 605988
27.4, 605988
27.41, 605988
27.42, 605988
27.43, 605988
27.44, 605988
27.45, 605988
27.46, 605988
27.47, 605988
27.48, 605988
27.49, 605988
27.5, 605988
27.51, 605988
27.52, 605988
27.53, 605988
27.54, 605988
27.55, 605988
27.56, 605988
27.57, 605988
27.58, 605988
27.59, 605988
27.6, 605988
27.61, 605988
27.62, 605988
27.63, 605988
27.64, 605988
27.65, 605988
27.66, 605988
27.67, 605988
27.68, 605988
27.69, 605988
27.7, 605988
27.71, 605988
27.72, 605988
27.73, 605988
27.74, 605988
27.75, 605988
27.76, 605988
27.77, 605988
27.78, 605988
27.79, 605988
27.8, 605988
27.81, 605988
27.82, 605988
27.83, 605988
27.84, 605988
27.85, 605988
27.86, 605988
27.87, 605988
27.88, 605988
27.89, 605988
27.9, 605988
27.91, 605988
27.92, 605988
27.93, 605988
27.94, 605988
27.95, 605988
27.96, 605988
27.97, 605988
27.98, 605988
27.99, 605988
28.0, 605988
28.01, 605988
28.02, 605988
28.03, 605988
28.04, 605988
28.05, 605988
28.06, 605988
28.07, 605988
28.08, 605988
28.09, 605988
28.1, 605988
28.11, 605988
28.12, 605988
28.13, 605988
28.14, 605988
28.15, 605988
28.16, 605988
28.17, 605988
28.18, 605988
28.19, 605988
28.2, 605988
28.21, 605988
28.22, 605988
28.23, 605988
28.24, 605988
28.25, 605988
28.26, 605988
28.27, 605988
28.28, 605988
28.29, 605988
28.3, 605988
28.31, 605988
28.32, 605988
28.33, 605988
28.34, 605988
28.35, 605988
28.36, 605988
28.37, 605988
28.38, 605988
28.39, 605988
28.4, 605988
28.41, 605988
28.42, 605988
28.43, 605988
28.44, 605988
28.45, 605988
28.46, 605988
28.47, 605988
28.48, 605988
28.49, 605988
28.5, 605988
28.51, 605988
28.52, 605988
28.53, 605988
28.54, 605988
28.55, 605988
28.56, 605988
28.57, 605988
28.58, 605988
28.59, 605988
28.6, 605988
28.61, 605988
28.62, 605988
28.63, 605988
28.64, 605988
28.65, 605988
28.66, 605988
28.67, 605988
28.68, 605988
28.69, 605988
28.7, 605988
28.71, 605988
28.72, 605988
28.73, 605988
28.74, 605988
28.75, 605988
28.76, 605988
28.77, 605988
28.78, 605988
28.79, 605988
28.8, 605988
28.81, 605988
28.82, 605988
28.83, 605988
28.84, 605988
28.85, 605988
28.86, 605988
28.87, 605988
28.88, 605988
28.89, 605988
28.9, 605988
28.91, 605988
28.92, 605988
28.93, 605988
28.94, 605988
28.95, 605988
28.96, 605988
28.97, 605988
28.98, 605988
28.99, 605988
29.0, 605988
29.01, 605988
29.02, 605988
29.03, 605988
29.04, 605988
29.05, 605988
29.06, 605988
29.07, 605988
29.08, 605988
29.09, 605988
29.1, 605988
29.11, 605988
29.12, 605988
29.13, 605988
29.14, 605988
29.15, 605988
29.16, 605988
29.17, 605988
29.18, 605988
29.19, 605988
29.2, 605988
29.21, 605988
29.22, 605988
29.23, 605988
29.24, 605988
29.25, 605988
29.26, 605988
29.27, 605988
29.28, 605988
29.29, 605988
29.3, 605988
29.31, 605988
29.32, 605988
29.33, 605988
29.34, 605988
29.35, 605988
29.36, 605988
29.37, 605988
29.38, 605988
29.39, 605988
29.4, 605988
29.41, 605988
29.42, 605988
29.43, 605988
29.44, 605988
29.45, 605988
29.46, 605988
29.47, 605988
29.48, 605988
29.49, 605988
29.5, 605988
29.51, 605988
29.52, 605988
29.53, 605988
29.54, 605988
29.55, 605988
29.56, 605988
29.57, 605988
29.58, 605988
29.59, 605988
29.6, 605988
29.61, 605988
29.62, 605988
29.63, 605988
29.64, 605988
29.65, 605988
29.66, 605988
29.67, 605988
29.68, 605988
29.69, 605988
29.7, 605988
29.71, 605988
29.72, 605988
29.73, 605988
29.74, 605988
29.75, 605988
29.76, 605988
29.77, 605988
29.78, 605988
29.79, 605988
29.8, 605988
29.81, 605988
29.82, 605988
29.83, 605988
29.84, 605988
29.85, 605988
29.86, 605988
29.87, 605988
29.88, 605988
29.89, 605988
29.9, 605988
29.91, 605988
29.92, 605988
29.93, 605988
29.94, 605988
29.95, 605988
29.96, 605988
29.97, 605988
29.98, 605988
29.99, 605988
30.0, 605988
30.01, 605988
30.02, 605988
30.03, 605988
30.04, 605988
30.05, 605988
30.06, 605988
30.07, 605988
30.08, 605988
30.09, 605988
30.1, 605988
30.11, 605988
30.12, 605988
30.13, 605988
30.14, 605988
30.15, 605988
30.16, 605988
30.17, 605988
30.18, 605988
30.19, 605988
30.2, 605988
30.21, 605988
30.22, 605988
30.23, 605988
30.24, 605988
30.25, 605988
30.26, 605988
30.27, 605988
30.28, 605988
30.29, 605988
30.3, 605988
30.31, 605988
30.32, 605988
30.33, 605988
30.34, 605988
30.35, 605988
30.36, 605988
30.37, 605988
30.38, 605988
30.39, 605988
30.4, 605988
30.41, 605988
30.42, 605988
30.43, 605988
30.44, 605988
30.45, 605988
30.46, 605988
30.47, 605988
30.48, 605988
30.49, 605988
30.5, 605988
30.51, 605988
30.52, 605988
30.53, 605988
30.54, 605988
30.55, 605988
30.56, 605988
30.57, 605988
30.58, 605988
30.59, 605988
30.6, 605988
30.61, 605988
30.62, 605988
30.63, 605988
30.64, 605988
30.65, 605988
30.66, 605988
30.67, 605988
30.68, 605988
30.69, 605988
30.7, 605988
30.71, 605988
30.72, 605988
30.73, 605988
30.74, 605988
30.75, 605988
30.76, 605988
30.77, 605988
30.78, 605988
30.79, 605988
30.8, 605988
30.81, 605988
30.82, 605988
30.83, 605988
30.84, 605988
30.85, 605988
30.86, 605988
30.87, 605988
30.88, 605988
30.89, 605988
30.9, 605988
30.91, 605988
30.92, 605988
30.93, 605988
30.94, 605988
30.95, 605988
30.96, 605988
30.97, 605988
30.98, 605988
30.99, 605988
31.0, 605988
31.01, 605988
31.02, 605988
31.03, 605988
31.04, 605988
31.05, 605988
31.06, 605988
31.07, 605988
31.08, 605988
31.09, 605988
31.1, 605988
31.11, 605988
31.12, 605988
31.13, 605988
31.14, 605988
31.15, 605988
31.16, 605988
31.17, 605988
31.18, 605988
31.19, 605988
31.2, 605988
31.21, 605988
31.22, 605988
31.23, 605988
31.24, 605988
31.25, 605988
31.26, 605988
31.27, 605988
31.28, 605988
31.29, 605988
31.3, 605988
31.31, 605988
31.32, 605988
31.33, 605988
31.34, 605988
31.35, 605988
31.36, 605988
31.37, 605988
31.38, 605988
31.39, 605988
31.4, 605988
31.41, 605988
31.42, 605988
31.43, 605988
31.44, 605988
31.45, 605988
31.46, 605988
31.47, 605988
31.48, 605988
31.49, 605988
31.5, 605988
31.51, 605988
31.52, 605988
31.53, 605988
31.54, 605988
31.55, 605988
31.56, 605988
31.57, 605988
31.58, 605988
31.59, 605988
31.6, 605988
31.61, 605988
31.62, 605988
31.63, 605988
31.64, 605988
31.65, 605988
31.66, 605988
31.67, 605988
31.68, 605988
31.69, 605988
31.7, 605988
31.71, 605988
31.72, 605988
31.73, 605988
31.74, 605988
31.75, 605988
31.76, 605988
31.77, 605988
31.78, 605988
31.79, 605988
31.8, 605988
31.81, 605988
31.82, 605988
31.83, 605988
31.84, 605988
31.85, 605988
31.86, 605988
31.87, 605988
31.88, 605988
31.89, 605988
31.9, 605988
31.91, 605988
31.92, 605988
31.93, 605988
31.94, 605988
31.95, 605988
31.96, 605988
31.97, 605988
31.98, 605988
31.99, 605988
32.0, 605988
32.01, 605988
32.02, 605988
32.03, 605988
32.04, 605988
32.05, 605988
32.06, 605988
32.07, 605988
32.08, 605988
32.09, 605988
32.1, 605988
32.11, 605988
32.12, 605988
32.13, 605988
32.14, 605988
32.15, 605988
32.16, 605988
32.17, 605988
32.18, 605988
32.19, 605988
32.2, 605988
32.21, 605988
32.22, 605988
32.23, 605988
32.24, 605988
32.25, 605988
32.26, 605988
32.27, 605988
32.28, 605988
32.29, 605988
32.3, 605988
32.31, 605988
32.32, 605988
32.33, 605988
32.34, 605988
32.35, 605988
32.36, 605988
32.37, 605988
32.38, 605988
32.39, 605988
32.4, 605988
32.41, 605988
32.42, 605988
32.43, 605988
32.44, 605988
32.45, 605988
32.46, 605988
32.47, 605988
32.48, 605988
32.49, 605988
32.5, 605988
32.51, 605988
32.52, 605988
32.53, 605988
32.54, 605988
32.55, 605988
32.56, 605988
32.57, 605988
32.58, 605988
32.59, 605988
32.6, 605988
32.61, 605988
32.62, 605988
32.63, 605988
32.64, 605988
32.65, 605988
32.66, 605988
32.67, 605988
32.68, 605988
32.69, 605988
32.7, 605988
32.71, 605988
32.72, 605988
32.73, 605988
32.74, 605988
32.75, 605988
32.76, 605988
32.77, 605988
32.78, 605988
32.79, 605988
32.8, 605988
32.81, 605988
32.82, 605988
32.83, 605988
32.84, 605988
32.85, 605988
32.86, 605988
32.87, 605988
32.88, 605988
32.89, 605988
32.9, 605988
32.91, 605988
32.92, 605988
32.93, 605988
32.94, 605988
32.95, 605988
32.96, 605988
32.97, 605988
32.98, 605988
32.99, 605988
33.0, 605988
33.01, 605988
33.02, 605988
33.03, 605988
33.04, 605988
33.05, 605988
33.06, 605988
33.07, 605988
33.08, 605988
33.09, 605988
33.1, 605988
33.11, 605988
33.12, 605988
33.13, 605988
33.14, 605988
33.15, 605988
33.16, 605988
33.17, 605988
33.18, 605988
33.19, 605988
33.2, 605988
33.21, 605988
33.22, 605988
33.23, 605988
33.24, 605988
33.25, 605988
33.26, 605988
33.27, 605988
33.28, 605988
33.29, 605988
33.3, 605988
33.31, 605988
33.32, 605988
33.33, 605988
33.34, 605988
33.35, 605988
33.36, 605988
33.37, 605988
33.38, 605988
33.39, 605988
33.4, 605988
33.41, 605988
33.42, 605988
33.43, 605988
33.44, 605988
33.45, 605988
33.46, 605988
33.47, 605988
33.48, 605988
33.49, 605988
33.5, 605988
33.51, 605988
33.52, 605988
33.53, 605988
33.54, 605988
33.55, 605988
33.56, 605988
33.57, 605988
33.58, 605988
33.59, 605988
33.6, 605988
33.61, 605988
33.62, 605988
33.63, 605988
33.64, 605988
33.65, 605988
33.66, 605988
33.67, 605988
33.68, 605988
33.69, 605988
33.7, 605988
33.71, 605988
33.72, 605988
33.73, 605988
33.74, 605988
33.75, 605988
33.76, 605988
33.77, 605988
33.78, 605988
33.79, 605988
33.8, 605988
33.81, 605988
33.82, 605988
33.83, 605988
33.84, 605988
33.85, 605988
33.86, 605988
33.87, 605988
33.88, 605988
33.89, 605988
33.9, 605988
33.91, 605988
33.92, 605988
33.93, 605988
33.94, 605988
33.95, 605988
33.96, 605988
33.97, 605988
33.98, 605988
33.99, 605988
34.0, 605988
34.01, 605988
34.02, 605988
34.03, 605988
34.04, 605988
34.05, 605988
34.06, 605988
34.07, 605988
34.08, 605988
34.09, 605988
34.1, 605988
34.11, 605988
34.12, 605988
34.13, 605988
34.14, 605988
34.15, 605988
34.16, 605988
34.17, 605988
34.18, 605988
34.19, 605988
34.2, 605988
34.21, 605988
34.22, 605988
34.23, 605988
34.24, 605988
34.25, 605988
34.26, 605988
34.27, 605988
34.28, 605988
34.29, 605988
34.3, 605988
34.31, 605988
34.32, 605988
34.33, 605988
34.34, 605988
34.35, 605988
34.36, 605988
34.37, 605988
34.38, 605988
34.39, 605988
34.4, 605988
34.41, 605988
34.42, 605988
34.43, 605988
34.44, 605988
34.45, 605988
34.46, 605988
34.47, 605988
34.48, 605988
34.49, 605988
34.5, 605988
34.51, 605988
34.52, 605988
34.53, 605988
34.54, 605988
34.55, 605988
34.56, 605988
34.57, 605988
34.58, 605988
34.59, 605988
34.6, 605988
34.61, 605988
34.62, 605988
34.63, 605988
34.64, 605988
34.65, 605988
34.66, 605988
34.67, 605988
34.68, 605988
34.69, 605988
34.7, 605988
34.71, 605988
34.72, 605988
34.73, 605988
34.74, 605988
34.75, 605988
34.76, 605988
34.77, 605988
34.78, 605988
34.79, 605988
34.8, 605988
34.81, 605988
34.82, 605988
34.83, 605988
34.84, 605988
34.85, 605988
34.86, 605988
34.87, 605988
34.88, 605988
34.89, 605988
34.9, 605988
34.91, 605988
34.92, 605988
34.93, 605988
34.94, 605988
34.95, 605988
34.96, 605988
34.97, 605988
34.98, 605988
34.99, 605988
35.0, 605988
35.01, 605988
35.02, 605988
35.03, 605988
35.04, 605988
35.05, 605988
35.06, 605988
35.07, 605988
35.08, 605988
35.09, 605988
35.1, 605988
35.11, 605988
35.12, 605988
35.13, 605988
35.14, 605988
35.15, 605988
35.16, 605988
35.17, 605988
35.18, 605988
35.19, 605988
35.2, 605988
35.21, 605988
35.22, 605988
35.23, 605988
35.24, 605988
35.25, 605988
35.26, 605988
35.27, 605988
35.28, 605988
35.29, 605988
35.3, 605988
35.31, 605988
35.32, 605988
35.33, 605988
35.34, 605988
35.35, 605988
35.36, 605988
35.37, 605988
35.38, 605988
35.39, 605988
35.4, 605988
35.41, 605988
35.42, 605988
35.43, 605988
35.44, 605988
35.45, 605988
35.46, 605988
35.47, 605988
35.48, 605988
35.49, 605988
35.5, 605988
35.51, 605988
35.52, 605988
35.53, 605988
35.54, 605988
35.55, 605988
35.56, 605988
35.57, 605988
35.58, 605988
35.59, 605988
35.6, 605988
35.61, 605988
35.62, 605988
35.63, 605988
35.64, 605988
35.65, 605988
35.66, 605988
35.67, 605988
35.68, 605988
35.69, 605988
35.7, 605988
35.71, 605988
35.72, 605988
35.73, 605988
35.74, 605988
35.75, 605988
35.76, 605988
35.77, 605988
35.78, 605988
35.79, 605988
35.8, 605988
35.81, 605988
35.82, 605988
35.83, 605988
35.84, 605988
35.85, 605988
35.86, 605988
35.87, 605988
35.88, 605988
35.89, 605988
35.9, 605988
35.91, 605988
35.92, 605988
35.93, 605988
35.94, 605988
35.95, 605988
35.96, 605988
35.97, 605988
35.98, 605988
35.99, 605988
36.0, 605988
36.01, 605988
36.02, 605988
36.03, 605988
36.04, 605988
36.05, 605988
36.06, 605988
36.07, 605988
36.08, 605988
36.09, 605988
36.1, 605988
36.11, 605988
36.12, 605988
36.13, 605988
36.14, 605988
36.15, 605988
36.16, 605988
36.17, 605988
36.18, 605988
36.19, 605988
36.2, 605988
36.21, 605988
36.22, 605988
36.23, 605988
36.24, 605988
36.25, 605988
36.26, 605988
36.27, 605988
36.28, 605988
36.29, 605988
36.3, 605988
36.31, 605988
36.32, 605988
36.33, 605988
36.34, 605988
36.35, 605988
36.36, 605988
36.37, 605988
36.38, 605988
36.39, 605988
36.4, 605988
36.41, 605988
36.42, 605988
36.43, 605988
36.44, 605988
36.45, 605988
36.46, 605988
36.47, 605988
36.48, 605988
36.49, 605988
36.5, 605988
36.51, 605988
36.52, 605988
36.53, 605988
36.54, 605988
36.55, 605988
36.56, 605988
36.57, 605988
36.58, 605988
36.59, 605988
36.6, 605988
36.61, 605988
36.62, 605988
36.63, 605988
36.64, 605988
36.65, 605988
36.66, 605988
36.67, 605988
36.68, 605988
36.69, 605988
36.7, 605988
36.71, 605988
36.72, 605988
36.73, 605988
36.74, 605988
36.75, 605988
36.76, 605988
36.77, 605988
36.78, 605988
36.79, 605988
36.8, 605988
36.81, 605988
36.82, 605988
36.83, 605988
36.84, 605988
36.85, 605988
36.86, 605988
36.87, 605988
36.88, 605988
36.89, 605988
36.9, 605988
36.91, 605988
36.92, 605988
36.93, 605988
36.94, 605988
36.95, 605988
36.96, 605988
36.97, 605988
36.98, 605988
36.99, 605988
37.0, 605988
37.01, 605988
37.02, 605988
37.03, 605988
37.04, 605988
37.05, 605988
37.06, 605988
37.07, 605988
37.08, 605988
37.09, 605988
37.1, 605988
37.11, 605988
37.12, 605988
37.13, 605988
37.14, 605988
37.15, 605988
37.16, 605988
37.17, 605988
37.18, 605988
37.19, 605988
37.2, 605988
37.21, 605988
37.22, 605988
37.23, 605988
37.24, 605988
37.25, 605988
37.26, 605988
37.27, 605988
37.28, 605988
37.29, 605988
37.3, 605988
37.31, 605988
37.32, 605988
37.33, 605988
37.34, 605988
37.35, 605988
37.36, 605988
37.37, 605988
37.38, 605988
37.39, 605988
37.4, 605988
37.41, 605988
37.42, 605988
37.43, 605988
37.44, 605988
37.45, 605988
37.46, 605988
37.47, 605988
37.48, 605988
37.49, 605988
37.5, 605988
37.51, 605988
37.52, 605988
37.53, 605988
37.54, 605988
37.55, 605988
37.56, 605988
37.57, 605988
37.58, 605988
37.59, 605988
37.6, 605988
37.61, 605988
37.62, 605988
37.63, 605988
37.64, 605988
37.65, 605988
37.66, 605988
37.67, 605988
37.68, 605988
37.69, 605988
37.7, 605988
37.71, 605988
37.72, 605988
37.73, 605988
37.74, 605988
37.75, 605988
37.76, 605988
37.77, 605988
37.78, 605988
37.79, 605988
37.8, 605988
37.81, 605988
37.82, 605988
37.83, 605988
37.84, 605988
37.85, 605988
37.86, 605988
37.87, 605988
37.88, 605988
37.89, 605988
37.9, 605988
37.91, 605988
37.92, 605988
37.93, 605988
37.94, 605988
37.95, 605988
37.96, 605988
37.97, 605988
37.98, 605988
37.99, 605988
38.0, 605988
38.01, 605988
38.02, 605988
38.03, 605988
38.04, 605988
38.05, 605988
38.06, 605988
38.07, 605988
38.08, 605988
38.09, 605988
38.1, 605988
38.11, 605988
38.12, 605988
38.13, 605988
38.14, 605988
38.15, 605988
38.16, 605988
38.17, 605988
38.18, 605988
38.19, 605988
38.2, 605988
38.21, 605988
38.22, 605988
38.23, 605988
38.24, 605988
38.25, 605988
38.26, 605988
38.27, 605988
38.28, 605988
38.29, 605988
38.3, 605988
38.31, 605988
38.32, 605988
38.33, 605988
38.34, 605988
38.35, 605988
38.36, 605988
38.37, 605988
38.38, 605988
38.39, 605988
38.4, 605988
38.41, 605988
38.42, 605988
38.43, 605988
38.44, 605988
38.45, 605988
38.46, 605988
38.47, 605988
38.48, 605988
38.49, 605988
38.5, 605988
38.51, 605988
38.52, 605988
38.53, 605988
38.54, 605988
38.55, 605988
38.56, 605988
38.57, 605988
38.58, 605988
38.59, 605988
38.6, 605988
38.61, 605988
38.62, 605988
38.63, 605988
38.64, 605988
38.65, 605988
38.66, 605988
38.67, 605988
38.68, 605988
38.69, 605988
38.7, 605988
38.71, 605988
38.72, 605988
38.73, 605988
38.74, 605988
38.75, 605988
38.76, 605988
38.77, 605988
38.78, 605988
38.79, 605988
38.8, 605988
38.81, 605988
38.82, 605988
38.83, 605988
38.84, 605988
38.85, 605988
38.86, 605988
38.87, 605988
38.88, 605988
38.89, 605988
38.9, 605988
38.91, 605988
38.92, 605988
38.93, 605988
38.94, 605988
38.95, 605988
38.96, 605988
38.97, 605988
38.98, 605988
38.99, 605988
39.0, 605988
39.01, 605988
39.02, 605988
39.03, 605988
39.04, 605988
39.05, 605988
39.06, 605988
39.07, 605988
39.08, 605988
39.09, 605988
39.1, 605988
39.11, 605988
39.12, 605988
39.13, 605988
39.14, 605988
39.15, 605988
39.16, 605988
39.17, 605988
39.18, 605988
39.19, 605988
39.2, 605988
39.21, 605988
39.22, 605988
39.23, 605988
39.24, 605988
39.25, 605988
39.26, 605988
39.27, 605988
39.28, 605988
39.29, 605988
39.3, 605988
39.31, 605988
39.32, 605988
39.33, 605988
39.34, 605988
39.35, 605988
39.36, 605988
39.37, 605988
39.38, 605988
39.39, 605988
39.4, 605988
39.41, 605988
39.42, 605988
39.43, 605988
39.44, 605988
39.45, 605988
39.46, 605988
39.47, 605988
39.48, 605988
39.49, 605988
39.5, 605988
39.51, 605988
39.52, 605988
39.53, 605988
39.54, 605988
39.55, 605988
39.56, 605988
39.57, 605988
39.58, 605988
39.59, 605988
39.6, 605988
39.61, 605988
39.62, 605988
39.63, 605988
39.64, 605988
39.65, 605988
39.66, 605988
39.67, 605988
39.68, 605988
39.69, 605988
39.7, 605988
39.71, 605988
39.72, 605988
39.73, 605988
39.74, 605988
39.75, 605988
39.76, 605988
39.77, 605988
39.78, 605988
39.79, 605988
39.8, 605988
39.81, 605988
39.82, 605988
39.83, 605988
39.84, 605988
39.85, 605988
39.86, 605988
39.87, 605988
39.88, 605988
39.89, 605988
39.9, 605988
39.91, 605988
39.92, 605988
39.93, 605988
39.94, 605988
39.95, 605988
39.96, 605988
39.97, 605988
39.98, 605988
39.99, 605988
40.0, 605988
40.01, 605988
40.02, 605988
40.03, 605988
40.04, 605988
40.05, 605988
40.06, 605988
40.07, 605988
40.08, 605988
40.09, 605988
40.1, 605988
40.11, 605988
40.12, 605988
40.13, 605988
40.14, 605988
40.15, 605988
40.16, 605988
40.17, 605988
40.18, 605988
40.19, 605988
40.2, 605988
40.21, 605988
40.22, 605988
40.23, 605988
40.24, 605988
40.25, 605988
40.26, 605988
40.27, 605988
40.28, 605988
40.29, 605988
40.3, 605988
40.31, 605988
40.32, 605988
40.33, 605988
40.34, 605988
40.35, 605988
40.36, 605988
40.37, 605988
40.38, 605988
40.39, 605988
40.4, 605988
40.41, 605988
40.42, 605988
40.43, 605988
40.44, 605988
40.45, 605988
40.46, 605988
40.47, 605988
40.48, 605988
40.49, 605988
40.5, 605988
40.51, 605988
40.52, 605988
40.53, 605988
40.54, 605988
40.55, 605988
40.56, 605988
40.57, 605988
40.58, 605988
40.59, 605988
40.6, 605988
40.61, 605988
40.62, 605988
40.63, 605988
40.64, 605988
40.65, 605988
40.66, 605988
40.67, 605988
40.68, 605988
40.69, 605988
40.7, 605988
40.71, 605988
40.72, 605988
40.73, 605988
40.74, 605988
40.75, 605988
40.76, 605988
40.77, 605988
40.78, 605988
40.79, 605988
40.8, 605988
40.81, 605988
40.82, 605988
40.83, 605988
40.84, 605988
40.85, 605988
40.86, 605988
40.87, 605988
40.88, 605988
40.89, 605988
40.9, 605988
40.91, 605988
40.92, 605988
40.93, 605988
40.94, 605988
40.95, 605988
40.96, 605988
40.97, 605988
40.98, 605988
40.99, 605988
41.0, 605988
41.01, 605988
41.02, 605988
41.03, 605988
41.04, 605988
41.05, 605988
41.06, 605988
41.07, 605988
41.08, 605988
41.09, 605988
41.1, 605988
41.11, 605988
41.12, 605988
41.13, 605988
41.14, 605988
41.15, 605988
41.16, 605988
41.17, 605988
41.18, 605988
41.19, 605988
41.2, 605988
41.21, 605988
41.22, 605988
41.23, 605988
41.24, 605988
41.25, 605988
41.26, 605988
41.27, 605988
41.28, 605988
41.29, 605988
41.3, 605988
41.31, 605988
41.32, 605988
41.33, 605988
41.34, 605988
41.35, 605988
41.36, 605988
41.37, 605988
41.38, 605988
41.39, 605988
41.4, 605988
41.41, 605988
41.42, 605988
41.43, 605988
41.44, 605988
41.45, 605988
41.46, 605988
41.47, 605988
41.48, 605988
41.49, 605988
41.5, 605988
41.51, 605988
41.52, 605988
41.53, 605988
41.54, 605988
41.55, 605988
41.56, 605988
41.57, 605988
41.58, 605988
41.59, 605988
41.6, 605988
41.61, 605988
41.62, 605988
41.63, 605988
41.64, 605988
41.65, 605988
41.66, 605988
41.67, 605988
41.68, 605988
41.69, 605988
41.7, 605988
41.71, 605988
41.72, 605988
41.73, 605988
41.74, 605988
41.75, 605988
41.76, 605988
41.77, 605988
41.78, 605988
41.79, 605988
41.8, 605988
41.81, 605988
41.82, 605988
41.83, 605988
41.84, 605988
41.85, 605988
41.86, 605988
41.87, 605988
41.88, 605988
41.89, 605988
41.9, 605988
41.91, 605988
41.92, 605988
41.93, 605988
41.94, 605988
41.95, 605988
41.96, 605988
41.97, 605988
41.98, 605988
41.99, 605988
42.0, 605988
42.01, 605988
42.02, 605988
42.03, 605988
42.04, 605988
42.05, 605988
42.06, 605988
42.07, 605988
42.08, 605988
42.09, 605988
42.1, 605988
42.11, 605988
42.12, 605988
42.13, 605988
42.14, 605988
42.15, 605988
42.16, 605988
42.17, 605988
42.18, 605988
42.19, 605988
42.2, 605988
42.21, 605988
42.22, 605988
42.23, 605988
42.24, 605988
42.25, 605988
42.26, 605988
42.27, 605988
42.28, 605988
42.29, 605988
42.3, 605988
42.31, 605988
42.32, 605988
42.33, 605988
42.34, 605988
42.35, 605988
42.36, 605988
42.37, 605988
42.38, 605988
42.39, 605988
42.4, 605988
42.41, 605988
42.42, 605988
42.43, 605988
42.44, 605988
42.45, 605988
42.46, 605988
42.47, 605988
42.48, 605988
42.49, 605988
42.5, 605988
42.51, 605988
42.52, 605988
42.53, 605988
42.54, 605988
42.55, 605988
42.56, 605988
42.57, 605988
42.58, 605988
42.59, 605988
42.6, 605988
42.61, 605988
42.62, 605988
42.63, 605988
42.64, 605988
42.65, 605988
42.66, 605988
42.67, 605988
42.68, 605988
42.69, 605988
42.7, 605988
42.71, 605988
42.72, 605988
42.73, 605988
42.74, 605988
42.75, 605988
42.76, 605988
42.77, 605988
42.78, 605988
42.79, 605988
42.8, 605988
42.81, 605988
42.82, 605988
42.83, 605988
42.84, 605988
42.85, 605988
42.86, 605988
42.87, 605988
42.88, 605988
42.89, 605988
42.9, 605988
42.91, 605988
42.92, 605988
42.93, 605988
42.94, 605988
42.95, 605988
42.96, 605988
42.97, 605988
42.98, 605988
42.99, 605988
43.0, 605988
43.01, 605988
43.02, 605988
43.03, 605988
43.04, 605988
43.05, 605988
43.06, 605988
43.07, 605988
43.08, 605988
43.09, 605988
43.1, 605988
43.11, 605988
43.12, 605988
43.13, 605988
43.14, 605988
43.15, 605988
43.16, 605988
43.17, 605988
43.18, 605988
43.19, 605988
43.2, 605988
43.21, 605988
43.22, 605988
43.23, 605988
43.24, 605988
43.25, 605988
43.26, 605988
43.27, 605988
43.28, 605988
43.29, 605988
43.3, 605988
43.31, 605988
43.32, 605988
43.33, 605988
43.34, 605988
43.35, 605988
43.36, 605988
43.37, 605988
43.38, 605988
43.39, 605988
43.4, 605988
43.41, 605988
43.42, 605988
43.43, 605988
43.44, 605988
43.45, 605988
43.46, 605988
43.47, 605988
43.48, 605988
43.49, 605988
43.5, 605988
43.51, 605988
43.52, 605988
43.53, 605988
43.54, 605988
43.55, 605988
43.56, 605988
43.57, 605988
43.58, 605988
43.59, 605988
43.6, 605988
43.61, 605988
43.62, 605988
43.63, 605988
43.64, 605988
43.65, 605988
43.66, 605988
43.67, 605988
43.68, 605988
43.69, 605988
43.7, 605988
43.71, 605988
43.72, 605988
43.73, 605988
43.74, 605988
43.75, 605988
43.76, 605988
43.77, 605988
43.78, 605988
43.79, 605988
43.8, 605988
43.81, 605988
43.82, 605988
43.83, 605988
43.84, 605988
43.85, 605988
43.86, 605988
43.87, 605988
43.88, 605988
43.89, 605988
43.9, 605988
43.91, 605988
43.92, 605988
43.93, 605988
43.94, 605988
43.95, 605988
43.96, 605988
43.97, 605988
43.98, 605988
43.99, 605988
44.0, 605988
44.01, 605988
44.02, 605988
44.03, 605988
44.04, 605988
44.05, 605988
44.06, 605988
44.07, 605988
44.08, 605988
44.09, 605988
44.1, 605988
44.11, 605988
44.12, 605988
44.13, 605988
44.14, 605988
44.15, 605988
44.16, 605988
44.17, 605988
44.18, 605988
44.19, 605988
44.2, 605988
44.21, 605988
44.22, 605988
44.23, 605988
44.24, 605988
44.25, 605988
44.26, 605988
44.27, 605988
44.28, 605988
44.29, 605988
44.3, 605988
44.31, 605988
44.32, 605988
44.33, 605988
44.34, 605988
44.35, 605988
44.36, 605988
44.37, 605988
44.38, 605988
44.39, 605988
44.4, 605988
44.41, 605988
44.42, 605988
44.43, 605988
44.44, 605988
44.45, 605988
44.46, 605988
44.47, 605988
44.48, 605988
44.49, 605988
44.5, 605988
44.51, 605988
44.52, 605988
44.53, 605988
44.54, 605988
44.55, 605988
44.56, 605988
44.57, 605988
44.58, 605988
44.59, 605988
44.6, 605988
44.61, 605988
44.62, 605988
44.63, 605988
44.64, 605988
44.65, 605988
44.66, 605988
44.67, 605988
44.68, 605988
44.69, 605988
44.7, 605988
44.71, 605988
44.72, 605988
44.73, 605988
44.74, 605988
44.75, 605988
44.76, 605988
44.77, 605988
44.78, 605988
44.79, 605988
44.8, 605988
44.81, 605988
44.82, 605988
44.83, 605988
44.84, 605988
44.85, 605988
44.86, 605988
44.87, 605988
44.88, 605988
44.89, 605988
44.9, 605988
44.91, 605988
44.92, 605988
44.93, 605988
44.94, 605988
44.95, 605988
44.96, 605988
44.97, 605988
44.98, 605988
44.99, 605988
45.0, 605988
45.01, 605988
45.02, 605988
45.03, 605988
45.04, 605988
45.05, 605988
45.06, 605988
45.07, 605988
45.08, 605988
45.09, 605988
45.1, 605988
45.11, 605988
45.12, 605988
45.13, 605988
45.14, 605988
45.15, 605988
45.16, 605988
45.17, 605988
45.18, 605988
45.19, 605988
45.2, 605988
45.21, 605988
45.22, 605988
45.23, 605988
45.24, 605988
45.25, 605988
45.26, 605988
45.27, 605988
45.28, 605988
45.29, 605988
45.3, 605988
45.31, 605988
45.32, 605988
45.33, 605988
45.34, 605988
45.35, 605988
45.36, 605988
45.37, 605988
45.38, 605988
45.39, 605988
45.4, 605988
45.41, 605988
45.42, 605988
45.43, 605988
45.44, 605988
45.45, 605988
45.46, 605988
45.47, 605988
45.48, 605988
45.49, 605988
45.5, 605988
45.51, 605988
45.52, 605988
45.53, 605988
45.54, 605988
45.55, 605988
45.56, 605988
45.57, 605988
45.58, 605988
45.59, 605988
45.6, 605988
45.61, 605988
45.62, 605988
45.63, 605988
45.64, 605988
45.65, 605988
45.66, 605988
45.67, 605988
45.68, 605988
45.69, 605988
45.7, 605988
45.71, 605988
45.72, 605988
45.73, 605988
45.74, 605988
45.75, 605988
45.76, 605988
45.77, 605988
45.78, 605988
45.79, 605988
45.8, 605988
45.81, 605988
45.82, 605988
45.83, 605988
45.84, 605988
45.85, 605988
45.86, 605988
45.87, 605988
45.88, 605988
45.89, 605988
45.9, 605988
45.91, 605988
45.92, 605988
45.93, 605988
45.94, 605988
45.95, 605988
45.96, 605988
45.97, 605988
45.98, 605988
45.99, 605988
46.0, 605988
46.01, 605988
46.02, 605988
46.03, 605988
46.04, 605988
46.05, 605988
46.06, 605988
46.07, 605988
46.08, 605988
46.09, 605988
46.1, 605988
46.11, 605988
46.12, 605988
46.13, 605988
46.14, 605988
46.15, 605988
46.16, 605988
46.17, 605988
46.18, 605988
46.19, 605988
46.2, 605988
46.21, 605988
46.22, 605988
46.23, 605988
46.24, 605988
46.25, 605988
46.26, 605988
46.27, 605988
46.28, 605988
46.29, 605988
46.3, 605988
46.31, 605988
46.32, 605988
46.33, 605988
46.34, 605988
46.35, 605988
46.36, 605988
46.37, 605988
46.38, 605988
46.39, 605988
46.4, 605988
46.41, 605988
46.42, 605988
46.43, 605988
46.44, 605988
46.45, 605988
46.46, 605988
46.47, 605988
46.48, 605988
46.49, 605988
46.5, 605988
46.51, 605988
46.52, 605988
46.53, 605988
46.54, 605988
46.55, 605988
46.56, 605988
46.57, 605988
46.58, 605988
46.59, 605988
46.6, 605988
46.61, 605988
46.62, 605988
46.63, 605988
46.64, 605988
46.65, 605988
46.66, 605988
46.67, 605988
46.68, 605988
46.69, 605988
46.7, 605988
46.71, 605988
46.72, 605988
46.73, 605988
46.74, 605988
46.75, 605988
46.76, 605988
46.77, 605988
46.78, 605988
46.79, 605988
46.8, 605988
46.81, 605988
46.82, 605988
46.83, 605988
46.84, 605988
46.85, 605988
46.86, 605988
46.87, 605988
46.88, 605988
46.89, 605988
46.9, 605988
46.91, 605988
46.92, 605988
46.93, 605988
46.94, 605988
46.95, 605988
46.96, 605988
46.97, 605988
46.98, 605988
46.99, 605988
47.0, 605988
47.01, 605988
47.02, 605988
47.03, 605988
47.04, 605988
47.05, 605988
47.06, 605988
47.07, 605988
47.08, 605988
47.09, 605988
47.1, 605988
47.11, 605988
47.12, 605988
47.13, 605988
47.14, 605988
47.15, 605988
47.16, 605988
47.17, 605988
47.18, 605988
47.19, 605988
47.2, 605988
47.21, 605988
47.22, 605988
47.23, 605988
47.24, 605988
47.25, 605988
47.26, 605988
47.27, 605988
47.28, 605988
47.29, 605988
47.3, 605988
47.31, 605988
47.32, 605988
47.33, 605988
47.34, 605988
47.35, 605988
47.36, 605988
47.37, 605988
47.38, 605988
47.39, 605988
47.4, 605988
47.41, 605988
47.42, 605988
47.43, 605988
47.44, 605988
47.45, 605988
47.46, 605988
47.47, 605988
47.48, 605988
47.49, 605988
47.5, 605988
47.51, 605988
47.52, 605988
47.53, 605988
47.54, 605988
47.55, 605988
47.56, 605988
47.57, 605988
47.58, 605988
47.59, 605988
47.6, 605988
47.61, 605988
47.62, 605988
47.63, 605988
47.64, 605988
47.65, 605988
47.66, 605988
47.67, 605988
47.68, 605988
47.69, 605988
47.7, 605988
47.71, 605988
47.72, 605988
47.73, 605988
47.74, 605988
47.75, 605988
47.76, 605988
47.77, 605988
47.78, 605988
47.79, 605988
47.8, 605988
47.81, 605988
47.82, 605988
47.83, 605988
47.84, 605988
47.85, 605988
47.86, 605988
47.87, 605988
47.88, 605988
47.89, 605988
47.9, 605988
47.91, 605988
47.92, 605988
47.93, 605988
47.94, 605988
47.95, 605988
47.96, 605988
47.97, 605988
47.98, 605988
47.99, 605988
48.0, 605988
48.01, 605988
48.02, 605988
48.03, 605988
48.04, 605988
48.05, 605988
48.06, 605988
48.07, 605988
48.08, 605988
48.09, 605988
48.1, 605988
48.11, 605988
48.12, 605988
48.13, 605988
48.14, 605988
48.15, 605988
48.16, 605988
48.17, 605988
48.18, 605988
48.19, 605988
48.2, 605988
48.21, 605988
48.22, 605988
48.23, 605988
48.24, 605988
48.25, 605988
48.26, 605988
48.27, 605988
48.28, 605988
48.29, 605988
48.3, 605988
48.31, 605988
48.32, 605988
48.33, 605988
48.34, 605988
48.35, 605988
48.36, 605988
48.37, 605988
48.38, 605988
48.39, 605988
48.4, 605988
48.41, 605988
48.42, 605988
48.43, 605988
48.44, 605988
48.45, 605988
48.46, 605988
48.47, 605988
48.48, 605988
48.49, 605988
48.5, 605988
48.51, 605988
48.52, 605988
48.53, 605988
48.54, 605988
48.55, 605988
48.56, 605988
48.57, 605988
48.58, 605988
48.59, 605988
48.6, 605988
48.61, 605988
48.62, 605988
48.63, 605988
48.64, 605988
48.65, 605988
48.66, 605988
48.67, 605988
48.68, 605988
48.69, 605988
48.7, 605988
48.71, 605988
48.72, 605988
48.73, 605988
48.74, 605988
48.75, 605988
48.76, 605988
48.77, 605988
48.78, 605988
48.79, 605988
48.8, 605988
48.81, 605988
48.82, 605988
48.83, 605988
48.84, 605988
48.85, 605988
48.86, 605988
48.87, 605988
48.88, 605988
48.89, 605988
48.9, 605988
48.91, 605988
48.92, 605988
48.93, 605988
48.94, 605988
48.95, 605988
48.96, 605988
48.97, 605988
48.98, 605988
48.99, 605988
49.0, 605988
49.01, 605988
49.02, 605988
49.03, 605988
49.04, 605988
49.05, 605988
49.06, 605988
49.07, 605988
49.08, 605988
49.09, 605988
49.1, 605988
49.11, 605988
49.12, 605988
49.13, 605988
49.14, 605988
49.15, 605988
49.16, 605988
49.17, 605988
49.18, 605988
49.19, 605988
49.2, 605988
49.21, 605988
49.22, 605988
49.23, 605988
49.24, 605988
49.25, 605988
49.26, 605988
49.27, 605988
49.28, 605988
49.29, 605988
49.3, 605988
49.31, 605988
49.32, 605988
49.33, 605988
49.34, 605988
49.35, 605988
49.36, 605988
49.37, 605988
49.38, 605988
49.39, 605988
49.4, 605988
49.41, 605988
49.42, 605988
49.43, 605988
49.44, 605988
49.45, 605988
49.46, 605988
49.47, 605988
49.48, 605988
49.49, 605988
49.5, 605988
49.51, 605988
49.52, 605988
49.53, 605988
49.54, 605988
49.55, 605988
49.56, 605988
49.57, 605988
49.58, 605988
49.59, 605988
49.6, 605988
49.61, 605988
49.62, 605988
49.63, 605988
49.64, 605988
49.65, 605988
49.66, 605988
49.67, 605988
49.68, 605988
49.69, 605988
49.7, 605988
49.71, 605988
49.72, 605988
49.73, 605988
49.74, 605988
49.75, 605988
49.76, 605988
49.77, 605988
49.78, 605988
49.79, 605988
49.8, 605988
49.81, 605988
49.82, 605988
49.83, 605988
49.84, 605988
49.85, 605988
49.86, 605988
49.87, 605988
49.88, 605988
49.89, 605988
49.9, 605988
49.91, 605988
49.92, 605988
49.93, 605988
49.94, 605988
49.95, 605988
49.96, 605988
49.97, 605988
49.98, 605988
49.99, 605988
50.0, 605988
50.01, 605988
50.02, 605988
50.03, 605988
50.04, 605988
50.05, 605988
50.06, 605988
50.07, 605988
50.08, 605988
50.09, 605988
50.1, 605988
50.11, 605988
50.12, 605988
50.13, 605988
50.14, 605988
50.15, 605988
50.16, 605988
50.17, 605988
50.18, 605988
50.19, 605988
50.2, 605988
50.21, 605988
50.22, 605988
50.23, 605988
50.24, 605988
50.25, 605988
50.26, 605988
50.27, 605988
50.28, 605988
50.29, 605988
50.3, 605988
50.31, 605988
50.32, 605988
50.33, 605988
50.34, 605988
50.35, 605988
50.36, 605988
50.37, 605988
50.38, 605988
50.39, 605988
50.4, 605988
50.41, 605988
50.42, 605988
50.43, 605988
50.44, 605988
50.45, 605988
50.46, 605988
50.47, 605988
50.48, 605988
50.49, 605988
50.5, 605988
50.51, 605988
50.52, 605988
50.53, 605988
50.54, 605988
50.55, 605988
50.56, 605988
50.57, 605988
50.58, 605988
50.59, 605988
50.6, 605988
50.61, 605988
50.62, 605988
50.63, 605988
50.64, 605988
50.65, 605988
50.66, 605988
50.67, 605988
50.68, 605988
50.69, 605988
50.7, 605988
50.71, 605988
50.72, 605988
50.73, 605988
50.74, 605988
50.75, 605988
50.76, 605988
50.77, 605988
50.78, 605988
50.79, 605988
50.8, 605988
50.81, 605988
50.82, 605988
50.83, 605988
50.84, 605988
50.85, 605988
50.86, 605988
50.87, 605988
50.88, 605988
50.89, 605988
50.9, 605988
50.91, 605988
50.92, 605988
50.93, 605988
50.94, 605988
50.95, 605988
50.96, 605988
50.97, 605988
50.98, 605988
50.99, 605988
51.0, 605988
51.01, 605988
51.02, 605988
51.03, 605988
51.04, 605988
51.05, 605988
51.06, 605988
51.07, 605988
51.08, 605988
51.09, 605988
51.1, 605988
51.11, 605988
51.12, 605988
51.13, 605988
51.14, 605988
51.15, 605988
51.16, 605988
51.17, 605988
51.18, 605988
51.19, 605988
51.2, 605988
51.21, 605988
51.22, 605988
51.23, 605988
51.24, 605988
51.25, 605988
51.26, 605988
51.27, 605988
51.28, 605988
51.29, 605988
51.3, 605988
51.31, 605988
51.32, 605988
51.33, 605988
51.34, 605988
51.35, 605988
51.36, 605988
51.37, 605988
51.38, 605988
51.39, 605988
51.4, 605988
51.41, 605988
51.42, 605988
51.43, 605988
51.44, 605988
51.45, 605988
51.46, 605988
51.47, 605988
51.48, 605988
51.49, 605988
51.5, 605988
51.51, 605988
51.52, 605988
51.53, 605988
51.54, 605988
51.55, 605988
51.56, 605988
51.57, 605988
51.58, 605988
51.59, 605988
51.6, 605988
51.61, 605988
51.62, 605988
51.63, 605988
51.64, 605988
51.65, 605988
51.66, 605988
51.67, 605988
51.68, 605988
51.69, 605988
51.7, 605988
51.71, 605988
51.72, 605988
51.73, 605988
51.74, 605988
51.75, 605988
51.76, 605988
51.77, 605988
51.78, 605988
51.79, 605988
51.8, 605988
51.81, 605988
51.82, 605988
51.83, 605988
51.84, 605988
51.85, 605988
51.86, 605988
51.87, 605988
51.88, 605988
51.89, 605988
51.9, 605988
51.91, 605988
51.92, 605988
51.93, 605988
51.94, 605988
51.95, 605988
51.96, 605988
51.97, 605988
51.98, 605988
51.99, 605988
52.0, 605988
52.01, 605988
52.02, 605988
52.03, 605988
52.04, 605988
52.05, 605988
52.06, 605988
52.07, 605988
52.08, 605988
52.09, 605988
52.1, 605988
52.11, 605988
52.12, 605988
52.13, 605988
52.14, 605988
52.15, 605988
52.16, 605988
52.17, 605988
52.18, 605988
52.19, 605988
52.2, 605988
52.21, 605988
52.22, 605988
52.23, 605988
52.24, 605988
52.25, 605988
52.26, 605988
52.27, 605988
52.28, 605988
52.29, 605988
52.3, 605988
52.31, 605988
52.32, 605988
52.33, 605988
52.34, 605988
52.35, 605988
52.36, 605988
52.37, 605988
52.38, 605988
52.39, 605988
52.4, 605988
52.41, 605988
52.42, 605988
52.43, 605988
52.44, 605988
52.45, 605988
52.46, 605988
52.47, 605988
52.48, 605988
52.49, 605988
52.5, 605988
52.51, 605988
52.52, 605988
52.53, 605988
52.54, 605988
52.55, 605988
52.56, 605988
52.57, 605988
52.58, 605988
52.59, 605988
52.6, 605988
52.61, 605988
52.62, 605988
52.63, 605988
52.64, 605988
52.65, 605988
52.66, 605988
52.67, 605988
52.68, 605988
52.69, 605988
52.7, 605988
52.71, 605988
52.72, 605988
52.73, 605988
52.74, 605988
52.75, 605988
52.76, 605988
52.77, 605988
52.78, 605988
52.79, 605988
52.8, 605988
52.81, 605988
52.82, 605988
52.83, 605988
52.84, 605988
52.85, 605988
52.86, 605988
52.87, 605988
52.88, 605988
52.89, 605988
52.9, 605988
52.91, 605988
52.92, 605988
52.93, 605988
52.94, 605988
52.95, 605988
52.96, 605988
52.97, 605988
52.98, 605988
52.99, 605988
53.0, 605988
53.01, 605988
53.02, 605988
53.03, 605988
53.04, 605988
53.05, 605988
53.06, 605988
53.07, 605988
53.08, 605988
53.09, 605988
53.1, 605988
53.11, 605988
53.12, 605988
53.13, 605988
53.14, 605988
53.15, 605988
53.16, 605988
53.17, 605988
53.18, 605988
53.19, 605988
53.2, 605988
53.21, 605988
53.22, 605988
53.23, 605988
53.24, 605988
53.25, 605988
53.26, 605988
53.27, 605988
53.28, 605988
53.29, 605988
53.3, 605988
53.31, 605988
53.32, 605988
53.33, 605988
53.34, 605988
53.35, 605988
53.36, 605988
53.37, 605988
53.38, 605988
53.39, 605988
53.4, 605988
53.41, 605988
53.42, 605988
53.43, 605988
53.44, 605988
53.45, 605988
53.46, 605988
53.47, 605988
53.48, 605988
53.49, 605988
53.5, 605988
53.51, 605988
53.52, 605988
53.53, 605988
53.54, 605988
53.55, 605988
53.56, 605988
53.57, 605988
53.58, 605988
53.59, 605988
53.6, 605988
53.61, 605988
53.62, 605988
53.63, 605988
53.64, 605988
53.65, 605988
53.66, 605988
53.67, 605988
53.68, 605988
53.69, 605988
53.7, 605988
53.71, 605988
53.72, 605988
53.73, 605988
53.74, 605988
53.75, 605988
53.76, 605988
53.77, 605988
53.78, 605988
53.79, 605988
53.8, 605988
53.81, 605988
53.82, 605988
53.83, 605988
53.84, 605988
53.85, 605988
53.86, 605988
53.87, 605988
53.88, 605988
53.89, 605988
53.9, 605988
53.91, 605988
53.92, 605988
53.93, 605988
53.94, 605988
53.95, 605988
53.96, 605988
53.97, 605988
53.98, 605988
53.99, 605988
54.0, 605988
54.01, 605988
54.02, 605988
54.03, 605988
54.04, 605988
54.05, 605988
54.06, 605988
54.07, 605988
54.08, 605988
54.09, 605988
54.1, 605988
54.11, 605988
54.12, 605988
54.13, 605988
54.14, 605988
54.15, 605988
54.16, 605988
54.17, 605988
54.18, 605988
54.19, 605988
54.2, 605988
54.21, 605988
54.22, 605988
54.23, 605988
54.24, 605988
54.25, 605988
54.26, 605988
54.27, 605988
54.28, 605988
54.29, 605988
54.3, 605988
54.31, 605988
54.32, 605988
54.33, 605988
54.34, 605988
54.35, 605988
54.36, 605988
54.37, 605988
54.38, 605988
54.39, 605988
54.4, 605988
54.41, 605988
54.42, 605988
54.43, 605988
54.44, 605988
54.45, 605988
54.46, 605988
54.47, 605988
54.48, 605988
54.49, 605988
54.5, 605988
54.51, 605988
54.52, 605988
54.53, 605988
54.54, 605988
54.55, 605988
54.56, 605988
54.57, 605988
54.58, 605988
54.59, 605988
54.6, 605988
54.61, 605988
54.62, 605988
54.63, 605988
54.64, 605988
54.65, 605988
54.66, 605988
54.67, 605988
54.68, 605988
54.69, 605988
54.7, 605988
54.71, 605988
54.72, 605988
54.73, 605988
54.74, 605988
54.75, 605988
54.76, 605988
54.77, 605988
54.78, 605988
54.79, 605988
54.8, 605988
54.81, 605988
54.82, 605988
54.83, 605988
54.84, 605988
54.85, 605988
54.86, 605988
54.87, 605988
54.88, 605988
54.89, 605988
54.9, 605988
54.91, 605988
54.92, 605988
54.93, 605988
54.94, 605988
54.95, 605988
54.96, 605988
54.97, 605988
54.98, 605988
54.99, 605988
55.0, 605988
55.01, 605988
55.02, 605988
55.03, 605988
55.04, 605988
55.05, 605988
55.06, 605988
55.07, 605988
55.08, 605988
55.09, 605988
55.1, 605988
55.11, 605988
55.12, 605988
55.13, 605988
55.14, 605988
55.15, 605988
55.16, 605988
55.17, 605988
55.18, 605988
55.19, 605988
55.2, 605988
55.21, 605988
55.22, 605988
55.23, 605988
55.24, 605988
55.25, 605988
55.26, 605988
55.27, 605988
55.28, 605988
55.29, 605988
55.3, 605988
55.31, 605988
55.32, 605988
55.33, 605988
55.34, 605988
55.35, 605988
55.36, 605988
55.37, 605988
55.38, 605988
55.39, 605988
55.4, 605988
55.41, 605988
55.42, 605988
55.43, 605988
55.44, 605988
55.45, 605988
55.46, 605988
55.47, 605988
55.48, 605988
55.49, 605988
55.5, 605988
55.51, 605988
55.52, 605988
55.53, 605988
55.54, 605988
55.55, 605988
55.56, 605988
55.57, 605988
55.58, 605988
55.59, 605988
55.6, 605988
55.61, 605988
55.62, 605988
55.63, 605988
55.64, 605988
55.65, 605988
55.66, 605988
55.67, 605988
55.68, 605988
55.69, 605988
55.7, 605988
55.71, 605988
55.72, 605988
55.73, 605988
55.74, 605988
55.75, 605988
55.76, 605988
55.77, 605988
55.78, 605988
55.79, 605988
55.8, 605988
55.81, 605988
55.82, 605988
55.83, 605988
55.84, 605988
55.85, 605988
55.86, 605988
55.87, 605988
55.88, 605988
55.89, 605988
55.9, 605988
55.91, 605988
55.92, 605988
55.93, 605988
55.94, 605988
55.95, 605988
55.96, 605988
55.97, 605988
55.98, 605988
55.99, 605988
56.0, 605988
56.01, 605988
56.02, 605988
56.03, 605988
56.04, 605988
56.05, 605988
56.06, 605988
56.07, 605988
56.08, 605988
56.09, 605988
56.1, 605988
56.11, 605988
56.12, 605988
56.13, 605988
56.14, 605988
56.15, 605988
56.16, 605988
56.17, 605988
56.18, 605988
56.19, 605988
56.2, 605988
56.21, 605988
56.22, 605988
56.23, 605988
56.24, 605988
56.25, 605988
56.26, 605988
56.27, 605988
56.28, 605988
56.29, 605988
56.3, 605988
56.31, 605988
56.32, 605988
56.33, 605988
56.34, 605988
56.35, 605988
56.36, 605988
56.37, 605988
56.38, 605988
56.39, 605988
56.4, 605988
56.41, 605988
56.42, 605988
56.43, 605988
56.44, 605988
56.45, 605988
56.46, 605988
56.47, 605988
56.48, 605988
56.49, 605988
56.5, 605988
56.51, 605988
56.52, 605988
56.53, 605988
56.54, 605988
56.55, 605988
56.56, 605988
56.57, 605988
56.58, 605988
56.59, 605988
56.6, 605988
56.61, 605988
56.62, 605988
56.63, 605988
56.64, 605988
56.65, 605988
56.66, 605988
56.67, 605988
56.68, 605988
56.69, 605988
56.7, 605988
56.71, 605988
56.72, 605988
56.73, 605988
56.74, 605988
56.75, 605988
56.76, 605988
56.77, 605988
56.78, 605988
56.79, 605988
56.8, 605988
56.81, 605988
56.82, 605988
56.83, 605988
56.84, 605988
56.85, 605988
56.86, 605988
56.87, 605988
56.88, 605988
56.89, 605988
56.9, 605988
56.91, 605988
56.92, 605988
56.93, 605988
56.94, 605988
56.95, 605988
56.96, 605988
56.97, 605988
56.98, 605988
56.99, 605988
57.0, 605988
57.01, 605988
57.02, 605988
57.03, 605988
57.04, 605988
57.05, 605988
57.06, 605988
57.07, 605988
57.08, 605988
57.09, 605988
57.1, 605988
57.11, 605988
57.12, 605988
57.13, 605988
57.14, 605988
57.15, 605988
57.16, 605988
57.17, 605988
57.18, 605988
57.19, 605988
57.2, 605988
57.21, 605988
57.22, 605988
57.23, 605988
57.24, 605988
57.25, 605988
57.26, 605988
57.27, 605988
57.28, 605988
57.29, 605988
57.3, 605988
57.31, 605988
57.32, 605988
57.33, 605988
57.34, 605988
57.35, 605988
57.36, 605988
57.37, 605988
57.38, 605988
57.39, 605988
57.4, 605988
57.41, 605988
57.42, 605988
57.43, 605988
57.44, 605988
57.45, 605988
57.46, 605988
57.47, 605988
57.48, 605988
57.49, 605988
57.5, 605988
57.51, 605988
57.52, 605988
57.53, 605988
57.54, 605988
57.55, 605988
57.56, 605988
57.57, 605988
57.58, 605988
57.59, 605988
57.6, 605988
57.61, 605988
57.62, 605988
57.63, 605988
57.64, 605988
57.65, 605988
57.66, 605988
57.67, 605988
57.68, 605988
57.69, 605988
57.7, 605988
57.71, 605988
57.72, 605988
57.73, 605988
57.74, 605988
57.75, 605988
57.76, 605988
57.77, 605988
57.78, 605988
57.79, 605988
57.8, 605988
57.81, 605988
57.82, 605988
57.83, 605988
57.84, 605988
57.85, 605988
57.86, 605988
57.87, 605988
57.88, 605988
57.89, 605988
57.9, 605988
57.91, 605988
57.92, 605988
57.93, 605988
57.94, 605988
57.95, 605988
57.96, 605988
57.97, 605988
57.98, 605988
57.99, 605988
58.0, 605988
58.01, 605988
58.02, 605988
58.03, 605988
58.04, 605988
58.05, 605988
58.06, 605988
58.07, 605988
58.08, 605988
58.09, 605988
58.1, 605988
58.11, 605988
58.12, 605988
58.13, 605988
58.14, 605988
58.15, 605988
58.16, 605988
58.17, 605988
58.18, 605988
58.19, 605988
58.2, 605988
58.21, 605988
58.22, 605988
58.23, 605988
58.24, 605988
58.25, 605988
58.26, 605988
58.27, 605988
58.28, 605988
58.29, 605988
58.3, 605988
58.31, 605988
58.32, 605988
58.33, 605988
58.34, 605988
58.35, 605988
58.36, 605988
58.37, 605988
58.38, 605988
58.39, 605988
58.4, 605988
58.41, 605988
58.42, 605988
58.43, 605988
58.44, 605988
58.45, 605988
58.46, 605988
58.47, 605988
58.48, 605988
58.49, 605988
58.5, 605988
58.51, 605988
58.52, 605988
58.53, 605988
58.54, 605988
58.55, 605988
58.56, 605988
58.57, 605988
58.58, 605988
58.59, 605988
58.6, 605988
58.61, 605988
58.62, 605988
58.63, 605988
58.64, 605988
58.65, 605988
58.66, 605988
58.67, 605988
58.68, 605988
58.69, 605988
58.7, 605988
58.71, 605988
58.72, 605988
58.73, 605988
58.74, 605988
58.75, 605988
58.76, 605988
58.77, 605988
58.78, 605988
58.79, 605988
58.8, 605988
58.81, 605988
58.82, 605988
58.83, 605988
58.84, 605988
58.85, 605988
58.86, 605988
58.87, 605988
58.88, 605988
58.89, 605988
58.9, 605988
58.91, 605988
58.92, 605988
58.93, 605988
58.94, 605988
58.95, 605988
58.96, 605988
58.97, 605988
58.98, 605988
58.99, 605988
59.0, 605988
59.01, 605988
59.02, 605988
59.03, 605988
59.04, 605988
59.05, 605988
59.06, 605988
59.07, 605988
59.08, 605988
59.09, 605988
59.1, 605988
59.11, 605988
59.12, 605988
59.13, 605988
59.14, 605988
59.15, 605988
59.16, 605988
59.17, 605988
59.18, 605988
59.19, 605988
59.2, 605988
59.21, 605988
59.22, 605988
59.23, 605988
59.24, 605988
59.25, 605988
59.26, 605988
59.27, 605988
59.28, 605988
59.29, 605988
59.3, 605988
59.31, 605988
59.32, 605988
59.33, 605988
59.34, 605988
59.35, 605988
59.36, 605988
59.37, 605988
59.38, 605988
59.39, 605988
59.4, 605988
59.41, 605988
59.42, 605988
59.43, 605988
59.44, 605988
59.45, 605988
59.46, 605988
59.47, 605988
59.48, 605988
59.49, 605988
59.5, 605988
59.51, 605988
59.52, 605988
59.53, 605988
59.54, 605988
59.55, 605988
59.56, 605988
59.57, 605988
59.58, 605988
59.59, 605988
59.6, 605988
59.61, 605988
59.62, 605988
59.63, 605988
59.64, 605988
59.65, 605988
59.66, 605988
59.67, 605988
59.68, 605988
59.69, 605988
59.7, 605988
59.71, 605988
59.72, 605988
59.73, 605988
59.74, 605988
59.75, 605988
59.76, 605988
59.77, 605988
59.78, 605988
59.79, 605988
59.8, 605988
59.81, 605988
59.82, 605988
59.83, 605988
59.84, 605988
59.85, 605988
59.86, 605988
59.87, 605988
59.88, 605988
59.89, 605988
59.9, 605988
59.91, 605988
59.92, 605988
59.93, 605988
59.94, 605988
59.95, 605988
59.96, 605988
59.97, 605988
59.98, 605988
59.99, 605988
