0.0, 716292
0.01, 716292
0.02, 710929
0.03, 710232
0.04, 683534
0.05, 683534
0.06, 683534
0.07, 683534
0.08, 683534
0.09, 675355
0.1, 675355
0.11, 675355
0.12, 675355
0.13, 675355
0.14, 675355
0.15, 675355
0.16, 675355
0.17, 675355
0.18, 673700
0.19, 673700
0.2, 673700
0.21, 673700
0.22, 673700
0.23, 667139
0.24, 667139
0.25, 663007
0.26, 663007
0.27, 663007
0.28, 649548
0.29, 649548
0.3, 649548
0.31, 649548
0.32, 649548
0.33, 649548
0.34, 649548
0.35, 649548
0.36, 649548
0.37, 649548
0.38, 635742
0.39, 635742
0.4, 635742
0.41, 635742
0.42, 635742
0.43, 635742
0.44, 635742
0.45, 635742
0.46, 635742
0.47, 635742
0.48, 635742
0.49, 635742
0.5, 635742
0.51, 635742
0.52, 635742
0.53, 635742
0.54, 635742
0.55, 635742
0.56, 635742
0.57, 635742
0.58, 635742
0.59, 635742
0.6, 635742
0.61, 635742
0.62, 635742
0.63, 635742
0.64, 635742
0.65, 635742
0.66, 635742
0.67, 635742
0.68, 635742
0.69, 635742
0.7, 635742
0.71, 635742
0.72, 635742
0.73, 635742
0.74, 635742
0.75, 635742
0.76, 635742
0.77, 635742
0.78, 635742
0.79, 635742
0.8, 635742
0.81, 635742
0.82, 635742
0.83, 635742
0.84, 635742
0.85, 635742
0.86, 635742
0.87, 635742
0.88, 635742
0.89, 635742
0.9, 635742
0.91, 635742
0.92, 635742
0.93, 635742
0.94, 635742
0.95, 635742
0.96, 635742
0.97, 635742
0.98, 635742
0.99, 635742
1.0, 635742
1.01, 635742
1.02, 635742
1.03, 635742
1.04, 635742
1.05, 635742
1.06, 635742
1.07, 634457
1.08, 634457
1.09, 634457
1.1, 634457
1.11, 634457
1.12, 634457
1.13, 634457
1.14, 634457
1.15, 634457
1.16, 634457
1.17, 634457
1.18, 634457
1.19, 634457
1.2, 634457
1.21, 634457
1.22, 634457
1.23, 634457
1.24, 634457
1.25, 634457
1.26, 634457
1.27, 634457
1.28, 634457
1.29, 634457
1.3, 634457
1.31, 634457
1.32, 634457
1.33, 634457
1.34, 634457
1.35, 634457
1.36, 634457
1.37, 634457
1.38, 634457
1.39, 634457
1.4, 634457
1.41, 634457
1.42, 634457
1.43, 634457
1.44, 634457
1.45, 634457
1.46, 634457
1.47, 634457
1.48, 634457
1.49, 634457
1.5, 634457
1.51, 634457
1.52, 634457
1.53, 634457
1.54, 634457
1.55, 634457
1.56, 634457
1.57, 634457
1.58, 634457
1.59, 634457
1.6, 634457
1.61, 634457
1.62, 634457
1.63, 634457
1.64, 634457
1.65, 634457
1.66, 634457
1.67, 634457
1.68, 634457
1.69, 634457
1.7, 634457
1.71, 634457
1.72, 634457
1.73, 634457
1.74, 634457
1.75, 634457
1.76, 634457
1.77, 634457
1.78, 634457
1.79, 634457
1.8, 634457
1.81, 634457
1.82, 634457
1.83, 634457
1.84, 634457
1.85, 634457
1.86, 634457
1.87, 634457
1.88, 634457
1.89, 634457
1.9, 634457
1.91, 634457
1.92, 634457
1.93, 634457
1.94, 634457
1.95, 634457
1.96, 634457
1.97, 634457
1.98, 634457
1.99, 634457
2.0, 634457
2.01, 634457
2.02, 634457
2.03, 634457
2.04, 634457
2.05, 634457
2.06, 634457
2.07, 634457
2.08, 634457
2.09, 634457
2.1, 634457
2.11, 634457
2.12, 634457
2.13, 634457
2.14, 634457
2.15, 634457
2.16, 634457
2.17, 634457
2.18, 631890
2.19, 631890
2.2, 631890
2.21, 631890
2.22, 631890
2.23, 631890
2.24, 631890
2.25, 631890
2.26, 631890
2.27, 631890
2.28, 631890
2.29, 631890
2.3, 631890
2.31, 631890
2.32, 631890
2.33, 631890
2.34, 631890
2.35, 631890
2.36, 631890
2.37, 631890
2.38, 631890
2.39, 631890
2.4, 631890
2.41, 631890
2.42, 631890
2.43, 631890
2.44, 631890
2.45, 631890
2.46, 631890
2.47, 631890
2.48, 631890
2.49, 631890
2.5, 631890
2.51, 631890
2.52, 631890
2.53, 631890
2.54, 631890
2.55, 631890
2.56, 631890
2.57, 631890
2.58, 631890
2.59, 631890
2.6, 631890
2.61, 631890
2.62, 631890
2.63, 631890
2.64, 631890
2.65, 631890
2.66, 631890
2.67, 631890
2.68, 631890
2.69, 631890
2.7, 631890
2.71, 631890
2.72, 631890
2.73, 631890
2.74, 631890
2.75, 631890
2.76, 631890
2.77, 631890
2.78, 631890
2.79, 631890
2.8, 631890
2.81, 631890
2.82, 631890
2.83, 631890
2.84, 631890
2.85, 631890
2.86, 631890
2.87, 631890
2.88, 631890
2.89, 631890
2.9, 631890
2.91, 631890
2.92, 631890
2.93, 631890
2.94, 631890
2.95, 631890
2.96, 631890
2.97, 631890
2.98, 631890
2.99, 631890
3.0, 631890
3.01, 631890
3.02, 631890
3.03, 631890
3.04, 631890
3.05, 631890
3.06, 631890
3.07, 631890
3.08, 631890
3.09, 631890
3.1, 631890
3.11, 631890
3.12, 631890
3.13, 631890
3.14, 631890
3.15, 631890
3.16, 631890
3.17, 631890
3.18, 631890
3.19, 631890
3.2, 631890
3.21, 631890
3.22, 631890
3.23, 631890
3.24, 631890
3.25, 631890
3.26, 631890
3.27, 631890
3.28, 631890
3.29, 631890
3.3, 631890
3.31, 631890
3.32, 631890
3.33, 631890
3.34, 631890
3.35, 631890
3.36, 631890
3.37, 631890
3.38, 631890
3.39, 631890
3.4, 631890
3.41, 631890
3.42, 631890
3.43, 631890
3.44, 631890
3.45, 631890
3.46, 631890
3.47, 631890
3.48, 631890
3.49, 631890
3.5, 631890
3.51, 631890
3.52, 631890
3.53, 631890
3.54, 631890
3.55, 631890
3.56, 631890
3.57, 631890
3.58, 631890
3.59, 631890
3.6, 631890
3.61, 631890
3.62, 631890
3.63, 631890
3.64, 631890
3.65, 631890
3.66, 631890
3.67, 631890
3.68, 631890
3.69, 631890
3.7, 631890
3.71, 631890
3.72, 631890
3.73, 631890
3.74, 631890
3.75, 631890
3.76, 631890
3.77, 631890
3.78, 631890
3.79, 631890
3.8, 631890
3.81, 631890
3.82, 631890
3.83, 631890
3.84, 631890
3.85, 631890
3.86, 631890
3.87, 631890
3.88, 631890
3.89, 631890
3.9, 631890
3.91, 631890
3.92, 631890
3.93, 631890
3.94, 631890
3.95, 631890
3.96, 631890
3.97, 631890
3.98, 631890
3.99, 631890
4.0, 631890
4.01, 631890
4.02, 631890
4.03, 631890
4.04, 631890
4.05, 631890
4.06, 631890
4.07, 631890
4.08, 631890
4.09, 631890
4.1, 631890
4.11, 631890
4.12, 631890
4.13, 631890
4.14, 631890
4.15, 631890
4.16, 631890
4.17, 631890
4.18, 631890
4.19, 631890
4.2, 631890
4.21, 631890
4.22, 631890
4.23, 631890
4.24, 631890
4.25, 631890
4.26, 631890
4.27, 631890
4.28, 631890
4.29, 631890
4.3, 631890
4.31, 631890
4.32, 631890
4.33, 631890
4.34, 631890
4.35, 631890
4.36, 631890
4.37, 631890
4.38, 631890
4.39, 631890
4.4, 631890
4.41, 631890
4.42, 631890
4.43, 631890
4.44, 631890
4.45, 631890
4.46, 631890
4.47, 631890
4.48, 631890
4.49, 631890
4.5, 631890
4.51, 631890
4.52, 631890
4.53, 631890
4.54, 631890
4.55, 631890
4.56, 631890
4.57, 631890
4.58, 631890
4.59, 631890
4.6, 631890
4.61, 631890
4.62, 631890
4.63, 631890
4.64, 631890
4.65, 631890
4.66, 631890
4.67, 631890
4.68, 631890
4.69, 631890
4.7, 631890
4.71, 631890
4.72, 631890
4.73, 631890
4.74, 631890
4.75, 631890
4.76, 631890
4.77, 631890
4.78, 631890
4.79, 631890
4.8, 631890
4.81, 631890
4.82, 631890
4.83, 631890
4.84, 631890
4.85, 631890
4.86, 631890
4.87, 631890
4.88, 631890
4.89, 631890
4.9, 631890
4.91, 631890
4.92, 631890
4.93, 631890
4.94, 631890
4.95, 631890
4.96, 631890
4.97, 631890
4.98, 631890
4.99, 631890
5.0, 631890
5.01, 631890
5.02, 631890
5.03, 631890
5.04, 631890
5.05, 631890
5.06, 631890
5.07, 631890
5.08, 631890
5.09, 631890
5.1, 631890
5.11, 631890
5.12, 631890
5.13, 631890
5.14, 631890
5.15, 631890
5.16, 631890
5.17, 631890
5.18, 631890
5.19, 631890
5.2, 631890
5.21, 631890
5.22, 631890
5.23, 631890
5.24, 631890
5.25, 631890
5.26, 631890
5.27, 631890
5.28, 631890
5.29, 631890
5.3, 631890
5.31, 631890
5.32, 631890
5.33, 631890
5.34, 631890
5.35, 631890
5.36, 631890
5.37, 631890
5.38, 631890
5.39, 631890
5.4, 631890
5.41, 631890
5.42, 631890
5.43, 631890
5.44, 631890
5.45, 631890
5.46, 631890
5.47, 631890
5.48, 631890
5.49, 631890
5.5, 631890
5.51, 631890
5.52, 631890
5.53, 631890
5.54, 631890
5.55, 631890
5.56, 631890
5.57, 631890
5.58, 631890
5.59, 631890
5.6, 631890
5.61, 631890
5.62, 631890
5.63, 631890
5.64, 631890
5.65, 631890
5.66, 631890
5.67, 631890
5.68, 631890
5.69, 631890
5.7, 631890
5.71, 631890
5.72, 631890
5.73, 631890
5.74, 631890
5.75, 631890
5.76, 631890
5.77, 631890
5.78, 631890
5.79, 631890
5.8, 631890
5.81, 631890
5.82, 631890
5.83, 631890
5.84, 631890
5.85, 631890
5.86, 631890
5.87, 631890
5.88, 631890
5.89, 631890
5.9, 631890
5.91, 631890
5.92, 631890
5.93, 631890
5.94, 631890
5.95, 631890
5.96, 631890
5.97, 631890
5.98, 631890
5.99, 631890
6.0, 631890
6.01, 631890
6.02, 631890
6.03, 631890
6.04, 631890
6.05, 631890
6.06, 631890
6.07, 631890
6.08, 631890
6.09, 631890
6.1, 631890
6.11, 631890
6.12, 631890
6.13, 631890
6.14, 631890
6.15, 631890
6.16, 631890
6.17, 631890
6.18, 631890
6.19, 631890
6.2, 631890
6.21, 631890
6.22, 631890
6.23, 631890
6.24, 631890
6.25, 631890
6.26, 631890
6.27, 631890
6.28, 631890
6.29, 631890
6.3, 631890
6.31, 631890
6.32, 631825
6.33, 631825
6.34, 631825
6.35, 625633
6.36, 625633
6.37, 625633
6.38, 625633
6.39, 625633
6.4, 625633
6.41, 625633
6.42, 625633
6.43, 625633
6.44, 625633
6.45, 625633
6.46, 625633
6.47, 625633
6.48, 625633
6.49, 625633
6.5, 625633
6.51, 625633
6.52, 625633
6.53, 625633
6.54, 625633
6.55, 625633
6.56, 625633
6.57, 625633
6.58, 625633
6.59, 625633
6.6, 625633
6.61, 625633
6.62, 625633
6.63, 625633
6.64, 625633
6.65, 625633
6.66, 625633
6.67, 625633
6.68, 625633
6.69, 625633
6.7, 625633
6.71, 625633
6.72, 625633
6.73, 625633
6.74, 625633
6.75, 625633
6.76, 625633
6.77, 625633
6.78, 625633
6.79, 625633
6.8, 625633
6.81, 625633
6.82, 625633
6.83, 625633
6.84, 625633
6.85, 625633
6.86, 625633
6.87, 625633
6.88, 625633
6.89, 625633
6.9, 625633
6.91, 625633
6.92, 625633
6.93, 625633
6.94, 625633
6.95, 625633
6.96, 625633
6.97, 625633
6.98, 625633
6.99, 625633
7.0, 625633
7.01, 625633
7.02, 625633
7.03, 625633
7.04, 625633
7.05, 625633
7.06, 625633
7.07, 625633
7.08, 625633
7.09, 625633
7.1, 625633
7.11, 625633
7.12, 625633
7.13, 625633
7.14, 625633
7.15, 625633
7.16, 625633
7.17, 625633
7.18, 625633
7.19, 625633
7.2, 625633
7.21, 625633
7.22, 625633
7.23, 625633
7.24, 625633
7.25, 625633
7.26, 625633
7.27, 625633
7.28, 625633
7.29, 625633
7.3, 625633
7.31, 625633
7.32, 625633
7.33, 625633
7.34, 625633
7.35, 625633
7.36, 625633
7.37, 625633
7.38, 625633
7.39, 625633
7.4, 625633
7.41, 625633
7.42, 625633
7.43, 625633
7.44, 625633
7.45, 625633
7.46, 625633
7.47, 625633
7.48, 625633
7.49, 625633
7.5, 625633
7.51, 625633
7.52, 625633
7.53, 625633
7.54, 625633
7.55, 625633
7.56, 625633
7.57, 625633
7.58, 625633
7.59, 625633
7.6, 625633
7.61, 625633
7.62, 625633
7.63, 625633
7.64, 625633
7.65, 625633
7.66, 625633
7.67, 625633
7.68, 625633
7.69, 625633
7.7, 625633
7.71, 625633
7.72, 625633
7.73, 625633
7.74, 625633
7.75, 625633
7.76, 625633
7.77, 625633
7.78, 625633
7.79, 625633
7.8, 625633
7.81, 625633
7.82, 625633
7.83, 625633
7.84, 625633
7.85, 625633
7.86, 625633
7.87, 625633
7.88, 625633
7.89, 625633
7.9, 625633
7.91, 625633
7.92, 625633
7.93, 625633
7.94, 625633
7.95, 625633
7.96, 625633
7.97, 625633
7.98, 625633
7.99, 625633
8.0, 625633
8.01, 625633
8.02, 625633
8.03, 625633
8.04, 625633
8.05, 625633
8.06, 625633
8.07, 625633
8.08, 625633
8.09, 625633
8.1, 625633
8.11, 625633
8.12, 625633
8.13, 625633
8.14, 625633
8.15, 625633
8.16, 625633
8.17, 625633
8.18, 625633
8.19, 625633
8.2, 625633
8.21, 625633
8.22, 625633
8.23, 625633
8.24, 625633
8.25, 625633
8.26, 625633
8.27, 625633
8.28, 625633
8.29, 625633
8.3, 625633
8.31, 625633
8.32, 625633
8.33, 625633
8.34, 625633
8.35, 625633
8.36, 625633
8.37, 625633
8.38, 625633
8.39, 625633
8.4, 625633
8.41, 625633
8.42, 625633
8.43, 625633
8.44, 625633
8.45, 625633
8.46, 625633
8.47, 625633
8.48, 625633
8.49, 625633
8.5, 625633
8.51, 625633
8.52, 625633
8.53, 625633
8.54, 625633
8.55, 625633
8.56, 625633
8.57, 625633
8.58, 625633
8.59, 625633
8.6, 625633
8.61, 625633
8.62, 625633
8.63, 625633
8.64, 625633
8.65, 625633
8.66, 625633
8.67, 625633
8.68, 625633
8.69, 625633
8.7, 625633
8.71, 625633
8.72, 625633
8.73, 625633
8.74, 625633
8.75, 625633
8.76, 625633
8.77, 625633
8.78, 625633
8.79, 625633
8.8, 625633
8.81, 625633
8.82, 625633
8.83, 625633
8.84, 625633
8.85, 625633
8.86, 625633
8.87, 625633
8.88, 625633
8.89, 625633
8.9, 625633
8.91, 625633
8.92, 625633
8.93, 625633
8.94, 625633
8.95, 625633
8.96, 625633
8.97, 625633
8.98, 625633
8.99, 625633
9.0, 625633
9.01, 625633
9.02, 625633
9.03, 625633
9.04, 625633
9.05, 625633
9.06, 625633
9.07, 625633
9.08, 625633
9.09, 625633
9.1, 625633
9.11, 625633
9.12, 625633
9.13, 625633
9.14, 625633
9.15, 625633
9.16, 625633
9.17, 625633
9.18, 625633
9.19, 625633
9.2, 625633
9.21, 625633
9.22, 625633
9.23, 625633
9.24, 625633
9.25, 625633
9.26, 625633
9.27, 625633
9.28, 625633
9.29, 625633
9.3, 625633
9.31, 625633
9.32, 625633
9.33, 625633
9.34, 625633
9.35, 625633
9.36, 625633
9.37, 625633
9.38, 625633
9.39, 625633
9.4, 625633
9.41, 625633
9.42, 625633
9.43, 625633
9.44, 625633
9.45, 625633
9.46, 625633
9.47, 625633
9.48, 625633
9.49, 625633
9.5, 625633
9.51, 625633
9.52, 625633
9.53, 625633
9.54, 625633
9.55, 625633
9.56, 625633
9.57, 625633
9.58, 625633
9.59, 625633
9.6, 625633
9.61, 625633
9.62, 625633
9.63, 625633
9.64, 625633
9.65, 625633
9.66, 625633
9.67, 625633
9.68, 625633
9.69, 625633
9.7, 625633
9.71, 625633
9.72, 625633
9.73, 625633
9.74, 625633
9.75, 625633
9.76, 625633
9.77, 625633
9.78, 625633
9.79, 625633
9.8, 625633
9.81, 625633
9.82, 625633
9.83, 625633
9.84, 625633
9.85, 625633
9.86, 625633
9.87, 625633
9.88, 625633
9.89, 625633
9.9, 625633
9.91, 625633
9.92, 625633
9.93, 625633
9.94, 625633
9.95, 625633
9.96, 625633
9.97, 625633
9.98, 625633
9.99, 625633
10.0, 625633
10.01, 625633
10.02, 625633
10.03, 625633
10.04, 625633
10.05, 625633
10.06, 625633
10.07, 625633
10.08, 625633
10.09, 625633
10.1, 625633
10.11, 625633
10.12, 625633
10.13, 625633
10.14, 625633
10.15, 625633
10.16, 625633
10.17, 625633
10.18, 625633
10.19, 625633
10.2, 625633
10.21, 625633
10.22, 625633
10.23, 625633
10.24, 625633
10.25, 625633
10.26, 625633
10.27, 625633
10.28, 625633
10.29, 625633
10.3, 625633
10.31, 625633
10.32, 625633
10.33, 625633
10.34, 625633
10.35, 625633
10.36, 625633
10.37, 625633
10.38, 625633
10.39, 625633
10.4, 625633
10.41, 625633
10.44, 625633
10.45, 625633
10.46, 625633
10.47, 625633
10.48, 625633
10.49, 625633
10.5, 612825
10.51, 612825
10.52, 612825
10.53, 612825
10.54, 612825
10.55, 612825
10.56, 612825
10.57, 612825
10.58, 612825
10.59, 612825
10.6, 612825
10.61, 612825
10.62, 612825
10.63, 612825
10.64, 612825
10.65, 612825
10.66, 612825
10.67, 612825
10.68, 612825
10.69, 612825
10.7, 612825
10.71, 612825
10.72, 612825
10.73, 612825
10.74, 612825
10.75, 612825
10.76, 612825
10.77, 612825
10.78, 612825
10.79, 612825
10.8, 612825
10.81, 612825
10.82, 612825
10.83, 612825
10.84, 612825
10.85, 612825
10.86, 612825
10.87, 612825
10.88, 612825
10.89, 612825
10.9, 612825
10.91, 612825
10.92, 612825
10.93, 612825
10.94, 612825
10.95, 612825
10.96, 612825
10.97, 612825
10.98, 612825
10.99, 612825
11.0, 612825
11.01, 612825
11.02, 612825
11.03, 612825
11.04, 612825
11.05, 612825
11.06, 612825
11.07, 612825
11.08, 612825
11.09, 612825
11.1, 612825
11.11, 612825
11.12, 612825
11.13, 612825
11.14, 612825
11.15, 612825
11.16, 612825
11.17, 612825
11.18, 612825
11.19, 612825
11.2, 612825
11.21, 612825
11.22, 612825
11.23, 612825
11.24, 612825
11.25, 612825
11.26, 612825
11.27, 612825
11.28, 612825
11.29, 612825
11.3, 612825
11.31, 612825
11.32, 612825
11.33, 612825
11.34, 612825
11.35, 612825
11.36, 612825
11.37, 612825
11.38, 612825
11.39, 612825
11.4, 612825
11.41, 612825
11.42, 612825
11.43, 612825
11.44, 612825
11.45, 612825
11.46, 612825
11.47, 612825
11.48, 612825
11.49, 612825
11.5, 612825
11.51, 612825
11.52, 612825
11.53, 612825
11.54, 612825
11.55, 612825
11.56, 612825
11.57, 612825
11.58, 612825
11.59, 612825
11.6, 612825
11.61, 612825
11.62, 612825
11.63, 612825
11.64, 612825
11.65, 612825
11.66, 612825
11.67, 612825
11.68, 612825
11.69, 612825
11.7, 612825
11.71, 612825
11.72, 612825
11.73, 612825
11.74, 612825
11.75, 612825
11.76, 612825
11.77, 612825
11.78, 612825
11.79, 612825
11.8, 612825
11.81, 612825
11.82, 612825
11.83, 612825
11.84, 612825
11.85, 612825
11.86, 612825
11.87, 612825
11.88, 612825
11.89, 612825
11.9, 612825
11.91, 612825
11.92, 612825
11.93, 612825
11.94, 612825
11.95, 612825
11.96, 612825
11.97, 612825
11.98, 612825
11.99, 612825
12.0, 612825
12.01, 612825
12.02, 612825
12.03, 612825
12.04, 612825
12.05, 612825
12.06, 612825
12.07, 612825
12.08, 612825
12.09, 612825
12.1, 612825
12.11, 612825
12.12, 612825
12.13, 612825
12.14, 612825
12.15, 612825
12.16, 612825
12.17, 612825
12.18, 612825
12.19, 612825
12.2, 612825
12.21, 612825
12.22, 612825
12.23, 612825
12.24, 612825
12.25, 612825
12.26, 612825
12.27, 612825
12.28, 612825
12.29, 612825
12.3, 612825
12.31, 612825
12.32, 612825
12.33, 612825
12.34, 612825
12.35, 612825
12.36, 612825
12.37, 612825
12.38, 612825
12.39, 612825
12.4, 612825
12.41, 612825
12.42, 612825
12.43, 612825
12.44, 612825
12.45, 612825
12.46, 612825
12.47, 612825
12.48, 612825
12.49, 612825
12.5, 612825
12.51, 612825
12.52, 612825
12.53, 612825
12.54, 612825
12.55, 612825
12.56, 612825
12.57, 612825
12.58, 612825
12.59, 612825
12.6, 612825
12.61, 612825
12.62, 612825
12.63, 612825
12.64, 612825
12.65, 612825
12.66, 612825
12.67, 612825
12.68, 612825
12.69, 612825
12.7, 612825
12.71, 612825
12.72, 612825
12.73, 612825
12.74, 612825
12.75, 612825
12.76, 612825
12.77, 612825
12.78, 612825
12.79, 612825
12.8, 612825
12.81, 612825
12.82, 612825
12.83, 612825
12.84, 612825
12.85, 612825
12.86, 612825
12.87, 612825
12.88, 612825
12.89, 612825
12.9, 612825
12.91, 612825
12.92, 612825
12.93, 612825
12.94, 612825
12.95, 612825
12.96, 612825
12.97, 612825
12.98, 612825
12.99, 612825
13.0, 612825
13.01, 612825
13.02, 612825
13.03, 612825
13.04, 612825
13.05, 612825
13.06, 612825
13.07, 612825
13.08, 612825
13.09, 612825
13.1, 612825
13.11, 612825
13.12, 612825
13.13, 612825
13.14, 612825
13.15, 612825
13.16, 612825
13.17, 612825
13.18, 612825
13.19, 612825
13.2, 612825
13.21, 612825
13.22, 612825
13.23, 612825
13.24, 612825
13.25, 612825
13.26, 612825
13.27, 612825
13.28, 612825
13.29, 612825
13.3, 612825
13.31, 612825
13.32, 612825
13.33, 612825
13.34, 612825
13.35, 612825
13.36, 612825
13.37, 612825
13.38, 612825
13.39, 612825
13.4, 612825
13.41, 612825
13.42, 612825
13.43, 612825
13.44, 612825
13.45, 612825
13.46, 612825
13.47, 612825
13.48, 612825
13.49, 612825
13.5, 612825
13.51, 612825
13.52, 612825
13.53, 612825
13.54, 612825
13.55, 612825
13.56, 612825
13.57, 612825
13.58, 612825
13.59, 612825
13.6, 612825
13.61, 612825
13.62, 612825
13.63, 612825
13.64, 612825
13.65, 612825
13.66, 612825
13.67, 612825
13.68, 612825
13.69, 612825
13.7, 612825
13.71, 612825
13.72, 612825
13.73, 612825
13.74, 612825
13.75, 612825
13.76, 612825
13.77, 612825
13.78, 612825
13.79, 612825
13.8, 612825
13.81, 612825
13.82, 612825
13.83, 612825
13.84, 612825
13.85, 612825
13.86, 612825
13.87, 612825
13.88, 612825
13.89, 612825
13.9, 612825
13.91, 612825
13.92, 612825
13.93, 612825
13.94, 612825
13.95, 612825
13.96, 612825
13.97, 612825
13.98, 612825
13.99, 612825
14.0, 612825
14.01, 612825
14.02, 612825
14.03, 612825
14.04, 612825
14.05, 612825
14.06, 612825
14.07, 612825
14.08, 612825
14.09, 612825
14.1, 612825
14.11, 612825
14.12, 612825
14.13, 612825
14.14, 612825
14.15, 612825
14.16, 612825
14.17, 612825
14.18, 612825
14.19, 612825
14.2, 612825
14.21, 612825
14.22, 612825
14.23, 612825
14.24, 612825
14.25, 612825
14.26, 612825
14.27, 612825
14.28, 612825
14.29, 612825
14.3, 612825
14.31, 612825
14.32, 612825
14.33, 612825
14.34, 612825
14.35, 612825
14.36, 612825
14.37, 612825
14.38, 612825
14.39, 612825
14.4, 612825
14.41, 612825
14.42, 612825
14.43, 612825
14.44, 612825
14.45, 612825
14.46, 612825
14.47, 612825
14.48, 612825
14.49, 612825
14.5, 612825
14.51, 612825
14.52, 612825
14.53, 612825
14.54, 612825
14.55, 612825
14.56, 612825
14.57, 612825
14.58, 612825
14.59, 612825
14.6, 612825
14.61, 612825
14.62, 612825
14.63, 612825
14.64, 612825
14.65, 612825
14.66, 612825
14.67, 612825
14.68, 612825
14.69, 612825
14.7, 612825
14.71, 612825
14.72, 612825
14.73, 612825
14.74, 612825
14.75, 612825
14.76, 612825
14.77, 612825
14.78, 612825
14.79, 612825
14.8, 612825
14.81, 612825
14.82, 612825
14.83, 612825
14.84, 612825
14.85, 612825
14.86, 612825
14.87, 612825
14.88, 612825
14.89, 612825
14.9, 612825
14.91, 612825
14.92, 612825
14.93, 612825
14.94, 612825
14.95, 612825
14.96, 612825
14.97, 612825
14.98, 612825
14.99, 612825
15.0, 608723
15.01, 608723
15.02, 608723
15.03, 608723
15.04, 608723
15.05, 608723
15.06, 608723
15.07, 608723
15.08, 608723
15.09, 608723
15.1, 608723
15.11, 608723
15.12, 608723
15.13, 608723
15.14, 608723
15.15, 608723
15.16, 608723
15.17, 608723
15.18, 608723
15.19, 608723
15.2, 608723
15.21, 608723
15.22, 608723
15.23, 608723
15.24, 608723
15.25, 608723
15.26, 608723
15.27, 608723
15.28, 608723
15.29, 608723
15.3, 608723
15.31, 608723
15.32, 608723
15.33, 608723
15.34, 608723
15.35, 608723
15.36, 608723
15.37, 608723
15.38, 608723
15.39, 608723
15.4, 608723
15.41, 608723
15.42, 608723
15.43, 608723
15.44, 608723
15.45, 608723
15.46, 608723
15.47, 608723
15.48, 608723
15.49, 608723
15.5, 608723
15.51, 608723
15.52, 608723
15.53, 608723
15.54, 608723
15.55, 608723
15.56, 608723
15.57, 608723
15.58, 608723
15.59, 608723
15.6, 608723
15.61, 608723
15.62, 608723
15.63, 608723
15.64, 608723
15.65, 608723
15.66, 608723
15.67, 608723
15.68, 608723
15.69, 608723
15.7, 608723
15.71, 608723
15.72, 608723
15.73, 608723
15.74, 608723
15.75, 608723
15.76, 608723
15.77, 608723
15.78, 608723
15.79, 608723
15.8, 608723
15.81, 608723
15.82, 608723
15.83, 608723
15.84, 608723
15.85, 608723
15.86, 608723
15.87, 608723
15.88, 608723
15.89, 608723
15.9, 608723
15.91, 608723
15.92, 608723
15.93, 608723
15.94, 608723
15.95, 608723
15.96, 608723
15.97, 608723
15.98, 608723
15.99, 608723
16.0, 608723
16.01, 608723
16.02, 608723
16.03, 608723
16.04, 608723
16.05, 608723
16.06, 608723
16.07, 608723
16.08, 608723
16.09, 608723
16.1, 608723
16.11, 608723
16.12, 608723
16.13, 608723
16.14, 608723
16.15, 608723
16.16, 608723
16.17, 608723
16.18, 608723
16.19, 608723
16.2, 608723
16.21, 608723
16.22, 608723
16.23, 608723
16.24, 608723
16.25, 608723
16.26, 608723
16.27, 608723
16.28, 608723
16.29, 608723
16.3, 608723
16.31, 608723
16.32, 608723
16.33, 608723
16.34, 608723
16.35, 608723
16.36, 608723
16.37, 608723
16.38, 608723
16.39, 608723
16.4, 608723
16.41, 608723
16.42, 608723
16.43, 608723
16.44, 608723
16.45, 608723
16.46, 608723
16.47, 608723
16.48, 608723
16.49, 608723
16.5, 608723
16.51, 608723
16.52, 608723
16.53, 608723
16.54, 608723
16.55, 608723
16.56, 608723
16.57, 608723
16.58, 608723
16.59, 608723
16.6, 608723
16.61, 608723
16.62, 608723
16.63, 608723
16.64, 608723
16.65, 608723
16.66, 608723
16.67, 608723
16.68, 608723
16.69, 608723
16.7, 608723
16.71, 608723
16.72, 608723
16.73, 608723
16.74, 608723
16.75, 608723
16.76, 608723
16.77, 608723
16.78, 608723
16.79, 608723
16.8, 608723
16.81, 608723
16.82, 608723
16.83, 608723
16.84, 608723
16.85, 608723
16.86, 608723
16.87, 608723
16.88, 608723
16.89, 608723
16.9, 608723
16.91, 608723
16.92, 608723
16.93, 608723
16.94, 608723
16.95, 608723
16.96, 608723
16.97, 608723
16.98, 608723
16.99, 608723
17.0, 608723
17.01, 608723
17.02, 608723
17.03, 608723
17.04, 608723
17.05, 608723
17.06, 608723
17.07, 608723
17.08, 608723
17.09, 608723
17.1, 608723
17.11, 608723
17.12, 608723
17.13, 608723
17.14, 608723
17.15, 608723
17.16, 608723
17.17, 608723
17.18, 608723
17.19, 608723
17.2, 608723
17.21, 608723
17.22, 608723
17.23, 608723
17.24, 608723
17.25, 608723
17.26, 608723
17.27, 608723
17.28, 608723
17.29, 608723
17.3, 608723
17.31, 608723
17.32, 608723
17.33, 608723
17.34, 608723
17.35, 608723
17.36, 608723
17.37, 608723
17.38, 608723
17.39, 608723
17.4, 608723
17.41, 608723
17.42, 608723
17.43, 608723
17.44, 608723
17.45, 608723
17.46, 608723
17.47, 608723
17.48, 608723
17.49, 608723
17.5, 608723
17.51, 608723
17.52, 608723
17.53, 608723
17.54, 608723
17.55, 608723
17.56, 608723
17.57, 608723
17.58, 608723
17.59, 608723
17.6, 608723
17.61, 608723
17.62, 608723
17.63, 608723
17.64, 608723
17.65, 608723
17.66, 608723
17.67, 608723
17.68, 608723
17.69, 608723
17.7, 608723
17.71, 608723
17.72, 608723
17.73, 608723
17.74, 608723
17.75, 608723
17.76, 608723
17.77, 608723
17.78, 608723
17.79, 608723
17.8, 608723
17.81, 608723
17.82, 608723
17.83, 608723
17.84, 608723
17.85, 608723
17.86, 608723
17.87, 608723
17.88, 608723
17.89, 608723
17.9, 608723
17.91, 608723
17.92, 608723
17.93, 608723
17.94, 608723
17.95, 608723
17.96, 608723
17.97, 608723
17.98, 608723
17.99, 608723
18.0, 608723
18.01, 608723
18.02, 608723
18.03, 608723
18.04, 608723
18.05, 608723
18.06, 608723
18.07, 608723
18.08, 608723
18.09, 608723
18.1, 608723
18.11, 608723
18.12, 608723
18.13, 608723
18.14, 608723
18.15, 608723
18.16, 608723
18.17, 608723
18.18, 608723
18.19, 608723
18.2, 608723
18.21, 608723
18.22, 608723
18.23, 608723
18.24, 608723
18.25, 608723
18.26, 608723
18.27, 608723
18.28, 608723
18.29, 608723
18.3, 608723
18.31, 608723
18.32, 608723
18.33, 608723
18.34, 608723
18.35, 608723
18.36, 608723
18.37, 608723
18.38, 608723
18.39, 608723
18.4, 608723
18.41, 608723
18.42, 608723
18.43, 608723
18.44, 608723
18.45, 608723
18.46, 608723
18.47, 608723
18.48, 608723
18.49, 608723
18.5, 608723
18.51, 608723
18.52, 608723
18.53, 608723
18.54, 608723
18.55, 608723
18.56, 608723
18.57, 608723
18.58, 608723
18.59, 608723
18.6, 608723
18.61, 608723
18.62, 608723
18.63, 608723
18.64, 608723
18.65, 608723
18.66, 608723
18.67, 608723
18.68, 608723
18.69, 608723
18.7, 608723
18.71, 608723
18.72, 608723
18.73, 608723
18.74, 608723
18.75, 608723
18.76, 608723
18.77, 608723
18.78, 608723
18.79, 608723
18.8, 608723
18.81, 608723
18.82, 608723
18.83, 608723
18.84, 608723
18.85, 608723
18.86, 608723
18.87, 608723
18.88, 608723
18.89, 608723
18.9, 608723
18.91, 608723
18.92, 608723
18.93, 608723
18.94, 608723
18.95, 608723
18.96, 608723
18.97, 608723
18.98, 608723
18.99, 608723
19.0, 608723
19.01, 608723
19.02, 608723
19.03, 608723
19.04, 608723
19.05, 608723
19.06, 608723
19.07, 608723
19.08, 608723
19.09, 608723
19.1, 608723
19.11, 608723
19.12, 608723
19.13, 608723
19.14, 608723
19.15, 608723
19.16, 608723
19.17, 608723
19.18, 608723
19.19, 608723
19.2, 608723
19.21, 608723
19.22, 608723
19.23, 608723
19.24, 608723
19.25, 608723
19.26, 608723
19.27, 608723
19.28, 608723
19.29, 608723
19.3, 608723
19.31, 608723
19.32, 608723
19.33, 608723
19.34, 608723
19.35, 608723
19.36, 608723
19.37, 608723
19.38, 608723
19.39, 608723
19.4, 608723
19.41, 608723
19.42, 608723
19.43, 608723
19.44, 608723
19.45, 608723
19.46, 608723
19.47, 608723
19.48, 608723
19.49, 608723
19.5, 608723
19.51, 608723
19.52, 608723
19.53, 608723
19.54, 608723
19.55, 608723
19.56, 608723
19.57, 608723
19.58, 608723
19.59, 608723
19.6, 608723
19.61, 608723
19.62, 608723
19.63, 608723
19.64, 608723
19.65, 608723
19.66, 608723
19.67, 608723
19.68, 608723
19.69, 608723
19.7, 608723
19.71, 608723
19.72, 608723
19.73, 608723
19.74, 608723
19.75, 608723
19.76, 608723
19.77, 608723
19.78, 608723
19.79, 608723
19.8, 608723
19.81, 608723
19.82, 608723
19.83, 608723
19.84, 608723
19.85, 608723
19.86, 608723
19.87, 608723
19.88, 608723
19.89, 608723
19.9, 608723
19.91, 608723
19.92, 608723
19.93, 608723
19.94, 608723
19.95, 608723
19.96, 608723
19.97, 608723
19.98, 608723
19.99, 608723
20.0, 608723
20.01, 608723
20.02, 608723
20.03, 608723
20.04, 608723
20.05, 608723
20.06, 608723
20.07, 608723
20.08, 608723
20.09, 608723
20.1, 608723
20.11, 608723
20.12, 608723
20.13, 608723
20.14, 608723
20.15, 608723
20.16, 608723
20.17, 608723
20.18, 608723
20.19, 608723
20.2, 608723
20.21, 608723
20.22, 608723
20.23, 608723
20.24, 608723
20.25, 608723
20.26, 608723
20.27, 608723
20.28, 608723
20.29, 608723
20.3, 608723
20.31, 608723
20.32, 608723
20.33, 608723
20.34, 608723
20.35, 608723
20.36, 608723
20.37, 608723
20.38, 608723
20.39, 608723
20.4, 608723
20.41, 608723
20.42, 608723
20.43, 608723
20.44, 608723
20.45, 608723
20.46, 608723
20.47, 608723
20.48, 608723
20.49, 608723
20.5, 608723
20.51, 608723
20.52, 608723
20.53, 608723
20.54, 608723
20.55, 608723
20.56, 608723
20.57, 608723
20.58, 608723
20.59, 608723
20.6, 608723
20.61, 608723
20.62, 608723
20.63, 608723
20.64, 608723
20.65, 608723
20.66, 608723
20.67, 608723
20.68, 608723
20.69, 608723
20.7, 608723
20.71, 608723
20.72, 608723
20.73, 608723
20.74, 608723
20.75, 608723
20.76, 608723
20.77, 608723
20.78, 608723
20.79, 608723
20.8, 608723
20.81, 608723
20.82, 608723
20.83, 608723
20.84, 608723
20.85, 608723
20.86, 608723
20.87, 608723
20.88, 608723
20.89, 608723
20.9, 608723
20.91, 608723
20.92, 608723
20.93, 608723
20.94, 608723
20.95, 608723
20.96, 608723
20.97, 608723
20.98, 608723
20.99, 608723
21.0, 608723
21.01, 608723
21.02, 608723
21.03, 608723
21.04, 608723
21.05, 608723
21.06, 608723
21.07, 608723
21.08, 608723
21.09, 608723
21.1, 608723
21.11, 608723
21.12, 608723
21.13, 608723
21.14, 608723
21.15, 608723
21.16, 608723
21.17, 608723
21.18, 608723
21.19, 608723
21.2, 608723
21.21, 608723
21.22, 608723
21.23, 608723
21.24, 608723
21.25, 608723
21.26, 608723
21.27, 608723
21.28, 608723
21.29, 608723
21.3, 608723
21.31, 608723
21.32, 608723
21.33, 608723
21.34, 608723
21.35, 608723
21.36, 608723
21.37, 608723
21.38, 608723
21.39, 608723
21.4, 608723
21.41, 608723
21.42, 608723
21.43, 608723
21.44, 608723
21.45, 608723
21.46, 608723
21.47, 608723
21.48, 608723
21.49, 608723
21.5, 608723
21.51, 608723
21.52, 608723
21.53, 608723
21.54, 608723
21.55, 608723
21.56, 608723
21.57, 608723
21.58, 608723
21.59, 608723
21.6, 608723
21.61, 608723
21.62, 608723
21.63, 608723
21.64, 608723
21.65, 608723
21.66, 608723
21.67, 608723
21.68, 608723
21.69, 608723
21.7, 608723
21.71, 608723
21.72, 608723
21.73, 608723
21.74, 608723
21.75, 608723
21.76, 608723
21.77, 608723
21.78, 608723
21.79, 608723
21.8, 608723
21.81, 608723
21.82, 608723
21.83, 608723
21.84, 608723
21.85, 608723
21.86, 608723
21.87, 608723
21.88, 608723
21.89, 608723
21.9, 608723
21.91, 608723
21.92, 608723
21.93, 608723
21.94, 608723
21.95, 608723
21.96, 608723
21.97, 608723
21.98, 608723
21.99, 608723
22.0, 608723
22.01, 608723
22.02, 608723
22.03, 608723
22.04, 608723
22.05, 608723
22.06, 608723
22.07, 608723
22.08, 608723
22.09, 608723
22.1, 608723
22.11, 608723
22.12, 608723
22.13, 608723
22.14, 608723
22.15, 608723
22.16, 608723
22.17, 608723
22.18, 608723
22.19, 608723
22.2, 608723
22.21, 608723
22.22, 608723
22.23, 608723
22.24, 608723
22.25, 608723
22.26, 608723
22.27, 608723
22.28, 608723
22.29, 608723
22.3, 608723
22.31, 608723
22.32, 608723
22.33, 608723
22.34, 608723
22.35, 608723
22.36, 608723
22.37, 608723
22.38, 608723
22.39, 608723
22.4, 608723
22.41, 608723
22.42, 608723
22.43, 608723
22.44, 608723
22.45, 608723
22.46, 608723
22.47, 608723
22.48, 608723
22.49, 608723
22.5, 608723
22.51, 608723
22.52, 608723
22.53, 608723
22.54, 608723
22.55, 608723
22.56, 608723
22.57, 608723
22.58, 608723
22.59, 608723
22.6, 608723
22.61, 608723
22.62, 608723
22.63, 608723
22.64, 608723
22.65, 608723
22.66, 608723
22.67, 608723
22.68, 608723
22.69, 608723
22.7, 608723
22.71, 608723
22.72, 608723
22.73, 608723
22.74, 608723
22.75, 608723
22.76, 608723
22.77, 608723
22.78, 608723
22.79, 608723
22.8, 608723
22.81, 608723
22.82, 608723
22.83, 608723
22.84, 608723
22.85, 608723
22.86, 608723
22.87, 608723
22.88, 608723
22.89, 608723
22.9, 608723
22.91, 608723
22.92, 608723
22.93, 608723
22.94, 608723
22.95, 608723
22.96, 608723
22.97, 608723
22.98, 608723
22.99, 608723
23.0, 608723
23.01, 608723
23.02, 608723
23.03, 608723
23.04, 608723
23.05, 608723
23.06, 608723
23.07, 608723
23.08, 608723
23.09, 608723
23.1, 608723
23.11, 608723
23.12, 608723
23.13, 608723
23.14, 608723
23.15, 608723
23.16, 608723
23.17, 608723
23.18, 608723
23.19, 608723
23.2, 608723
23.21, 608723
23.22, 608723
23.23, 608723
23.24, 608723
23.25, 608723
23.26, 608723
23.27, 608723
23.28, 608723
23.29, 608723
23.3, 608723
23.31, 608723
23.32, 608723
23.33, 608723
23.34, 608723
23.35, 608723
23.36, 608723
23.37, 608723
23.38, 608723
23.39, 608723
23.4, 608723
23.41, 608723
23.42, 608723
23.43, 608723
23.44, 608723
23.45, 608723
23.46, 608723
23.47, 608723
23.48, 608723
23.49, 608723
23.5, 608723
23.51, 608723
23.52, 608723
23.53, 608723
23.54, 608723
23.55, 608723
23.56, 608723
23.57, 608723
23.58, 608723
23.59, 608723
23.6, 608723
23.61, 608723
23.62, 608723
23.63, 608723
23.64, 608723
23.65, 608723
23.66, 608723
23.67, 608723
23.68, 608723
23.69, 608723
23.7, 608723
23.71, 608723
23.72, 608723
23.73, 608723
23.74, 608723
23.75, 608723
23.76, 608723
23.77, 608723
23.78, 608723
23.79, 608723
23.8, 608723
23.81, 608723
23.82, 608723
23.83, 608723
23.84, 608723
23.85, 608723
23.86, 608723
23.87, 608723
23.88, 608723
23.89, 608723
23.9, 608723
23.91, 608723
23.92, 608723
23.93, 608723
23.94, 608723
23.95, 608723
23.96, 608723
23.97, 608723
23.98, 608723
23.99, 608723
24.0, 608723
24.01, 608723
24.02, 608723
24.03, 608723
24.04, 608723
24.05, 608723
24.06, 608723
24.07, 608723
24.08, 608723
24.09, 608723
24.1, 608723
24.11, 608723
24.12, 608723
24.13, 608723
24.14, 608723
24.15, 608723
24.16, 608723
24.17, 608723
24.18, 608723
24.19, 608723
24.2, 608723
24.21, 608723
24.22, 608723
24.23, 608723
24.24, 608723
24.25, 608723
24.26, 608723
24.27, 608723
24.28, 608723
24.29, 608723
24.3, 608723
24.31, 608723
24.32, 608723
24.33, 608723
24.34, 608723
24.35, 608723
24.36, 608723
24.37, 608723
24.38, 608723
24.39, 608723
24.4, 608723
24.41, 608723
24.42, 608723
24.43, 608723
24.44, 608723
24.45, 608723
24.46, 608723
24.47, 608723
24.48, 608723
24.49, 608723
24.5, 608723
24.51, 608723
24.52, 608723
24.53, 608723
24.54, 608723
24.55, 608723
24.56, 608723
24.57, 608723
24.58, 608723
24.59, 608723
24.6, 608723
24.61, 608723
24.62, 608723
24.63, 608723
24.64, 608723
24.65, 608723
24.66, 608723
24.67, 608723
24.68, 608723
24.69, 608723
24.7, 608723
24.71, 608723
24.72, 608723
24.73, 608723
24.74, 608723
24.75, 608723
24.76, 608723
24.77, 608723
24.78, 608723
24.79, 608723
24.8, 608723
24.81, 608723
24.82, 608723
24.83, 608723
24.84, 608723
24.85, 608723
24.86, 608723
24.87, 608723
24.88, 608723
24.89, 608723
24.9, 608723
24.91, 608723
24.92, 608723
24.93, 608723
24.94, 608723
24.95, 608723
24.96, 608723
24.97, 608723
24.98, 608723
24.99, 608723
25.0, 608723
25.01, 608723
25.02, 608723
25.03, 608723
25.04, 608723
25.05, 608723
25.06, 608723
25.07, 608723
25.08, 608723
25.09, 608723
25.1, 608723
25.11, 608723
25.12, 608723
25.13, 608723
25.14, 608723
25.15, 608723
25.16, 608723
25.17, 608723
25.18, 608723
25.19, 608723
25.2, 608723
25.21, 608723
25.22, 608723
25.23, 608723
25.24, 608723
25.25, 608723
25.26, 608723
25.27, 608723
25.28, 608723
25.29, 608723
25.3, 608723
25.31, 608723
25.32, 608723
25.33, 608723
25.34, 608723
25.35, 608723
25.36, 608723
25.37, 608723
25.38, 608723
25.39, 608723
25.4, 608723
25.41, 608723
25.42, 608723
25.43, 608723
25.44, 608723
25.45, 608723
25.46, 608723
25.47, 608723
25.48, 608723
25.49, 608723
25.5, 608723
25.51, 608723
25.52, 608723
25.53, 608723
25.54, 608723
25.55, 608723
25.56, 608723
25.57, 608723
25.58, 608723
25.59, 608723
25.6, 608723
25.61, 608723
25.62, 608723
25.63, 608723
25.64, 608723
25.65, 608723
25.66, 608723
25.67, 608723
25.68, 608723
25.69, 608723
25.7, 608723
25.71, 608723
25.72, 608723
25.73, 608723
25.74, 608723
25.75, 608723
25.76, 608723
25.77, 608723
25.78, 608723
25.79, 608723
25.8, 608723
25.81, 608723
25.82, 608723
25.83, 608723
25.84, 608723
25.85, 608723
25.86, 608723
25.87, 608723
25.88, 608723
25.89, 608723
25.9, 608723
25.91, 608723
25.92, 608723
25.93, 608723
25.94, 608723
25.95, 608723
25.96, 608723
25.97, 608723
25.98, 608723
25.99, 608723
26.0, 608723
26.01, 608723
26.02, 608723
26.03, 608723
26.04, 608723
26.05, 608723
26.06, 608723
26.07, 608723
26.08, 608723
26.09, 608723
26.1, 608723
26.11, 608723
26.12, 608723
26.13, 608723
26.14, 608723
26.15, 608723
26.16, 608723
26.17, 608723
26.18, 608723
26.19, 608723
26.2, 608723
26.21, 608723
26.22, 608723
26.23, 608723
26.24, 608723
26.25, 608723
26.26, 608723
26.27, 608723
26.28, 608723
26.29, 608723
26.3, 608723
26.31, 608723
26.32, 608723
26.33, 608723
26.34, 608723
26.35, 608723
26.36, 608723
26.37, 608723
26.38, 608723
26.39, 608723
26.4, 608723
26.41, 608723
26.42, 608723
26.43, 608723
26.44, 608723
26.45, 608723
26.46, 608723
26.47, 608723
26.48, 608723
26.49, 608723
26.5, 608723
26.51, 608723
26.52, 608723
26.53, 608723
26.54, 608723
26.55, 608723
26.56, 608723
26.57, 608723
26.58, 608723
26.59, 608723
26.6, 608723
26.61, 608723
26.62, 608723
26.63, 608723
26.64, 608723
26.65, 608723
26.66, 608723
26.67, 608723
26.68, 608723
26.69, 608723
26.7, 608723
26.71, 608723
26.72, 608723
26.73, 608723
26.74, 608723
26.75, 608723
26.76, 608723
26.77, 608723
26.78, 608723
26.79, 608723
26.8, 608723
26.81, 608723
26.82, 608723
26.83, 608723
26.84, 608723
26.85, 608723
26.86, 608723
26.87, 608723
26.88, 608723
26.89, 608723
26.9, 608723
26.91, 608723
26.92, 608723
26.93, 608723
26.94, 608723
26.95, 608723
26.96, 608723
26.97, 608723
26.98, 608723
26.99, 608723
27.0, 608723
27.01, 608723
27.02, 608723
27.03, 608723
27.04, 608723
27.05, 608723
27.06, 608723
27.07, 608723
27.08, 608723
27.09, 608723
27.1, 608723
27.11, 608723
27.12, 608723
27.13, 608723
27.14, 608723
27.15, 608723
27.16, 608723
27.17, 608723
27.18, 608723
27.19, 608723
27.2, 608723
27.21, 608723
27.22, 608723
27.23, 608723
27.24, 608723
27.25, 608723
27.26, 608723
27.27, 608723
27.28, 608723
27.29, 608723
27.3, 608723
27.31, 608723
27.32, 608723
27.33, 608723
27.34, 608723
27.35, 608723
27.36, 608723
27.37, 608723
27.38, 608723
27.39, 608723
27.4, 608723
27.41, 608723
27.42, 608723
27.43, 608723
27.44, 608723
27.45, 608723
27.46, 608723
27.47, 608723
27.48, 608723
27.49, 608723
27.5, 608723
27.51, 608723
27.52, 608723
27.53, 608723
27.54, 608723
27.55, 608723
27.56, 608723
27.57, 608723
27.58, 608723
27.59, 608723
27.6, 608723
27.61, 608723
27.62, 608723
27.63, 608723
27.64, 608723
27.65, 608723
27.66, 608723
27.67, 608723
27.68, 608723
27.69, 608723
27.7, 608723
27.71, 608723
27.72, 608723
27.73, 608723
27.74, 608723
27.75, 608723
27.76, 608723
27.77, 608723
27.78, 608723
27.79, 608723
27.8, 608723
27.81, 608723
27.82, 608723
27.83, 608723
27.84, 608723
27.85, 608723
27.86, 608723
27.87, 608723
27.88, 608723
27.89, 608723
27.9, 608723
27.91, 608723
27.92, 608723
27.93, 608723
27.94, 608723
27.95, 608723
27.96, 608723
27.97, 608723
27.98, 608723
27.99, 608723
28.0, 608723
28.01, 608723
28.02, 608723
28.03, 608723
28.04, 608723
28.05, 608723
28.06, 608723
28.07, 608723
28.08, 608723
28.09, 608723
28.1, 608723
28.11, 608723
28.12, 608723
28.13, 608723
28.14, 608723
28.15, 608723
28.16, 608723
28.18, 608723
28.19, 608723
28.2, 608723
28.21, 608723
28.22, 608723
28.23, 608723
28.24, 608723
28.25, 608723
28.26, 608723
28.27, 608723
28.28, 608723
28.29, 608723
28.3, 608723
28.31, 608723
28.32, 608723
28.33, 608723
28.34, 608723
28.35, 608723
28.36, 608723
28.37, 608723
28.38, 608723
28.39, 608723
28.4, 608723
28.41, 608723
28.42, 608723
28.43, 608723
28.44, 608723
28.45, 608723
28.46, 608723
28.47, 608723
28.48, 608723
28.49, 608723
28.5, 608723
28.51, 608723
28.52, 608723
28.53, 608723
28.54, 608723
28.55, 608723
28.56, 608723
28.57, 608723
28.58, 608723
28.59, 608723
28.6, 608723
28.61, 608723
28.62, 608723
28.63, 608723
28.64, 608723
28.65, 608723
28.66, 608723
28.67, 608723
28.68, 608723
28.69, 608723
28.7, 608723
28.71, 608723
28.72, 608723
28.73, 608723
28.74, 608723
28.75, 608723
28.76, 608723
28.77, 608723
28.78, 608723
28.79, 608723
28.8, 608723
28.81, 608723
28.82, 608723
28.83, 608723
28.84, 608723
28.85, 608723
28.86, 608723
28.87, 608723
28.88, 608723
28.89, 608723
28.9, 608723
28.91, 608723
28.92, 608723
28.93, 608723
28.94, 608723
28.95, 608723
28.96, 608723
28.97, 608723
28.98, 608723
28.99, 608723
29.0, 608723
29.01, 608723
29.02, 608723
29.03, 608723
29.04, 608723
29.05, 608723
29.06, 608723
29.07, 608723
29.08, 608723
29.09, 608723
29.1, 608723
29.11, 608723
29.12, 608723
29.13, 608723
29.14, 608723
29.15, 608723
29.16, 608723
29.17, 608723
29.18, 608723
29.19, 608723
29.2, 608723
29.21, 608723
29.22, 608723
29.23, 608723
29.24, 608723
29.25, 608723
29.26, 608723
29.27, 608723
29.28, 608723
29.29, 608723
29.3, 608723
29.31, 608723
29.32, 608723
29.33, 608723
29.34, 608723
29.35, 608723
29.36, 608723
29.37, 608723
29.38, 608723
29.39, 608723
29.4, 608723
29.41, 608723
29.42, 608723
29.43, 608723
29.44, 608723
29.45, 608723
29.46, 608723
29.47, 608723
29.48, 608723
29.49, 608723
29.5, 608723
29.51, 608723
29.52, 608723
29.53, 608723
29.54, 608723
29.55, 608723
29.56, 608723
29.57, 608723
29.58, 608723
29.59, 608723
29.6, 608723
29.61, 608723
29.62, 608723
29.63, 608723
29.64, 608723
29.65, 608723
29.66, 608723
29.67, 608723
29.68, 608723
29.69, 608723
29.7, 608723
29.71, 608723
29.72, 608723
29.73, 608723
29.74, 608723
29.75, 608723
29.76, 608723
29.77, 608723
29.78, 608723
29.79, 608723
29.8, 608723
29.81, 608723
29.82, 608723
29.83, 608723
29.84, 608723
29.85, 608723
29.86, 608723
29.87, 608723
29.88, 608723
29.89, 608723
29.9, 608723
29.91, 608723
29.92, 608723
29.93, 608723
29.94, 608723
29.95, 608723
29.96, 608723
29.97, 608723
29.98, 608723
29.99, 608723
30.0, 608723
30.01, 608723
30.02, 608723
30.03, 608723
30.04, 608723
30.05, 608723
30.06, 608723
30.07, 608723
30.08, 608723
30.09, 608723
30.1, 608723
30.11, 608723
30.12, 608723
30.13, 608723
30.14, 608723
30.15, 608723
30.16, 608723
30.17, 608723
30.18, 608723
30.19, 608723
30.2, 608723
30.21, 608723
30.22, 608723
30.23, 608723
30.24, 608723
30.25, 608723
30.26, 608723
30.27, 608723
30.28, 608723
30.29, 608723
30.3, 608723
30.31, 608723
30.32, 608723
30.33, 608723
30.34, 608723
30.35, 608723
30.36, 608723
30.37, 608723
30.38, 608723
30.39, 608723
30.4, 608723
30.41, 608723
30.42, 608723
30.43, 608723
30.44, 608723
30.45, 608723
30.46, 608723
30.47, 608723
30.48, 608723
30.49, 608723
30.5, 608723
30.51, 608723
30.52, 608723
30.53, 608723
30.54, 608723
30.55, 608723
30.56, 608723
30.57, 608723
30.58, 608723
30.59, 608723
30.6, 608723
30.61, 608723
30.62, 608723
30.63, 608723
30.64, 608723
30.65, 608723
30.66, 608723
30.67, 608723
30.68, 608723
30.69, 608723
30.7, 608723
30.71, 608723
30.72, 608723
30.73, 608723
30.74, 608723
30.75, 608723
30.76, 608723
30.77, 608723
30.78, 608723
30.79, 608723
30.8, 608723
30.81, 608723
30.82, 608723
30.83, 608723
30.84, 608723
30.85, 608723
30.86, 608723
30.87, 608723
30.88, 608723
30.89, 608723
30.9, 608723
30.91, 608723
30.92, 608723
30.93, 608723
30.94, 608723
30.95, 608723
30.96, 608723
30.97, 608723
30.98, 608723
30.99, 608723
31.0, 608723
31.01, 608723
31.02, 608723
31.03, 608723
31.04, 608723
31.05, 608723
31.06, 608723
31.07, 608723
31.08, 608723
31.09, 608723
31.1, 608723
31.11, 608723
31.12, 608723
31.13, 608723
31.14, 608723
31.15, 608723
31.16, 608723
31.17, 608723
31.18, 608723
31.19, 608723
31.2, 608723
31.21, 608723
31.22, 608723
31.23, 608723
31.24, 608723
31.25, 608723
31.26, 608723
31.27, 608723
31.28, 608723
31.29, 608723
31.3, 608723
31.31, 608723
31.32, 608723
31.33, 608723
31.34, 608723
31.35, 608723
31.36, 608723
31.37, 608723
31.38, 608723
31.39, 608723
31.4, 608723
31.41, 608723
31.42, 608723
31.43, 608723
31.44, 608723
31.45, 608723
31.46, 608723
31.47, 608723
31.48, 608723
31.49, 608723
31.5, 608723
31.51, 608723
31.52, 608723
31.53, 608723
31.54, 608723
31.55, 608723
31.56, 608723
31.57, 608723
31.58, 608723
31.59, 608723
31.6, 608723
31.61, 608723
31.62, 608723
31.63, 608723
31.64, 608723
31.65, 608723
31.66, 608723
31.67, 608723
31.68, 608723
31.69, 608723
31.7, 608723
31.71, 608723
31.72, 608723
31.73, 608723
31.74, 608723
31.75, 608723
31.76, 608723
31.77, 608723
31.78, 608723
31.79, 608723
31.8, 608723
31.81, 608723
31.82, 608723
31.83, 608723
31.84, 608723
31.85, 608723
31.86, 608723
31.87, 608723
31.88, 608723
31.89, 608723
31.9, 608723
31.91, 608723
31.92, 608723
31.93, 608723
31.94, 608723
31.95, 608723
31.96, 608723
31.97, 608723
31.98, 608723
31.99, 608723
32.0, 608723
32.01, 608723
32.02, 608723
32.03, 608723
32.04, 608723
32.05, 608723
32.06, 608723
32.07, 608723
32.08, 608723
32.09, 608723
32.1, 608723
32.11, 608723
32.12, 608723
32.13, 608723
32.14, 608723
32.15, 608723
32.16, 608723
32.17, 608723
32.18, 608723
32.19, 608723
32.2, 608723
32.21, 608723
32.22, 608723
32.23, 608723
32.24, 608723
32.25, 608723
32.26, 608723
32.27, 608723
32.28, 608723
32.29, 608723
32.3, 608723
32.31, 608723
32.32, 608723
32.33, 608723
32.34, 608723
32.35, 608723
32.36, 608723
32.37, 608723
32.38, 608723
32.39, 608723
32.4, 608723
32.41, 608723
32.42, 608723
32.43, 608723
32.44, 608723
32.45, 608723
32.46, 608723
32.47, 608723
32.48, 608723
32.49, 608723
32.5, 608723
32.51, 608723
32.52, 608723
32.53, 608723
32.54, 608723
32.55, 608723
32.56, 608723
32.57, 608723
32.58, 608723
32.59, 608723
32.6, 608723
32.61, 608723
32.62, 608723
32.63, 608723
32.64, 608723
32.65, 608723
32.66, 608723
32.67, 608723
32.68, 608723
32.69, 608723
32.7, 608723
32.71, 608723
32.72, 608723
32.73, 608723
32.74, 608723
32.75, 608723
32.76, 608723
32.77, 608723
32.78, 608723
32.79, 608723
32.8, 608723
32.81, 608723
32.82, 608723
32.83, 608723
32.84, 608723
32.85, 608723
32.86, 608723
32.87, 608723
32.88, 608723
32.89, 608723
32.9, 608723
32.91, 608723
32.92, 608723
32.93, 608723
32.94, 608723
32.95, 608723
32.96, 608723
32.97, 608723
32.98, 608723
32.99, 608723
33.0, 608723
33.01, 608723
33.02, 608723
33.03, 608723
33.04, 608723
33.05, 608723
33.06, 608723
33.07, 608723
33.08, 608723
33.09, 608723
33.1, 608723
33.11, 608723
33.12, 608723
33.13, 608723
33.14, 608723
33.15, 608723
33.16, 608723
33.17, 608723
33.18, 608723
33.19, 608723
33.2, 608723
33.21, 608723
33.22, 608723
33.23, 608723
33.24, 608723
33.25, 608723
33.26, 608723
33.27, 608723
33.28, 608723
33.29, 608723
33.3, 608723
33.31, 608723
33.32, 608723
33.33, 608723
33.34, 608723
33.35, 608723
33.36, 608723
33.37, 608723
33.38, 608723
33.39, 608723
33.4, 608723
33.41, 608723
33.42, 608723
33.43, 608723
33.44, 608723
33.45, 608723
33.46, 608723
33.47, 608723
33.48, 608723
33.49, 608723
33.5, 608723
33.51, 608723
33.52, 608723
33.53, 608723
33.54, 608723
33.55, 608723
33.56, 608723
33.57, 608723
33.58, 608723
33.59, 608723
33.6, 608723
33.61, 608723
33.62, 608723
33.63, 608723
33.64, 608723
33.65, 608723
33.66, 608723
33.67, 608723
33.68, 608723
33.69, 608723
33.7, 608723
33.71, 608723
33.72, 608723
33.73, 608723
33.74, 608723
33.75, 608723
33.76, 608723
33.77, 608723
33.78, 608723
33.79, 608723
33.8, 608723
33.81, 608723
33.82, 608723
33.83, 608723
33.84, 608723
33.85, 608723
33.86, 608723
33.87, 608723
33.88, 608723
33.89, 608723
33.9, 608723
33.91, 608723
33.92, 608723
33.93, 608723
33.94, 608723
33.95, 608723
33.96, 608723
33.97, 608723
33.98, 608723
33.99, 608723
34.0, 608723
34.01, 608723
34.02, 608723
34.03, 608723
34.04, 608723
34.05, 608723
34.06, 608723
34.07, 608723
34.08, 608723
34.09, 608723
34.1, 608723
34.11, 608723
34.12, 608723
34.13, 608723
34.14, 608723
34.15, 608723
34.16, 608723
34.17, 608723
34.18, 608723
34.19, 608723
34.2, 608723
34.21, 608723
34.22, 608723
34.23, 608723
34.24, 608723
34.25, 608723
34.26, 608723
34.27, 608723
34.28, 608723
34.29, 608723
34.3, 608723
34.31, 608723
34.32, 608723
34.33, 608723
34.34, 608723
34.35, 608723
34.36, 608723
34.37, 608723
34.38, 608723
34.39, 608723
34.4, 608723
34.41, 608723
34.42, 608723
34.43, 608723
34.44, 608723
34.45, 608723
34.46, 608723
34.47, 608723
34.48, 608723
34.49, 608723
34.5, 608723
34.51, 608723
34.52, 608723
34.53, 608723
34.54, 608723
34.55, 608723
34.56, 608723
34.57, 608723
34.58, 608723
34.59, 608723
34.6, 608723
34.61, 608723
34.62, 608723
34.63, 608723
34.64, 608723
34.65, 608723
34.66, 608723
34.67, 608723
34.68, 608723
34.69, 608723
34.7, 608723
34.71, 608723
34.72, 608723
34.73, 608723
34.74, 608723
34.75, 608723
34.76, 608723
34.77, 608723
34.78, 608723
34.79, 608723
34.8, 608723
34.81, 608723
34.82, 608723
34.83, 608723
34.84, 608723
34.85, 608723
34.86, 608723
34.87, 608723
34.88, 608723
34.89, 608723
34.9, 608723
34.91, 608723
34.92, 608723
34.93, 608723
34.94, 608723
34.95, 608723
34.96, 608723
34.97, 608723
34.98, 608723
34.99, 608723
35.0, 608723
35.01, 608723
35.02, 608723
35.03, 608723
35.04, 608723
35.05, 608723
35.06, 608723
35.07, 608723
35.08, 608723
35.09, 608723
35.1, 608723
35.11, 608723
35.12, 608723
35.13, 608723
35.14, 608723
35.15, 608723
35.16, 608723
35.17, 608723
35.18, 608723
35.19, 608723
35.2, 608723
35.21, 608723
35.22, 608723
35.23, 608723
35.24, 608723
35.25, 608723
35.26, 608723
35.27, 608723
35.28, 608723
35.29, 608723
35.3, 608723
35.31, 608723
35.32, 608723
35.33, 608723
35.34, 608723
35.35, 608723
35.36, 608723
35.37, 608723
35.38, 608723
35.39, 608723
35.4, 608723
35.41, 608723
35.42, 608723
35.43, 608723
35.44, 608723
35.45, 608723
35.46, 608723
35.47, 608723
35.48, 608723
35.49, 608723
35.5, 608723
35.51, 608723
35.52, 608723
35.53, 608723
35.54, 608723
35.55, 608723
35.56, 608723
35.57, 608723
35.58, 608723
35.59, 608723
35.6, 608723
35.61, 608723
35.62, 608723
35.63, 608723
35.64, 608723
35.65, 608723
35.66, 608723
35.67, 608723
35.68, 608723
35.69, 608723
35.7, 608723
35.71, 608723
35.72, 608723
35.73, 608723
35.74, 608723
35.75, 608723
35.76, 608723
35.77, 608723
35.78, 608723
35.79, 608723
35.8, 608723
35.81, 608723
35.82, 608723
35.83, 608723
35.84, 608723
35.85, 608723
35.86, 608723
35.87, 608723
35.88, 608723
35.89, 608723
35.9, 608723
35.91, 608723
35.92, 608723
35.93, 608723
35.94, 608723
35.95, 608723
35.96, 608723
35.97, 608723
35.98, 608723
35.99, 608723
36.0, 608723
36.01, 608723
36.02, 608723
36.03, 608723
36.04, 608723
36.05, 608723
36.06, 608723
36.07, 608723
36.08, 608723
36.09, 608723
36.1, 608723
36.11, 608723
36.12, 608723
36.13, 608723
36.14, 608723
36.15, 608723
36.16, 608723
36.17, 608723
36.18, 608723
36.19, 608723
36.2, 608723
36.21, 608723
36.22, 608723
36.23, 608723
36.24, 608723
36.25, 608723
36.26, 608723
36.27, 608723
36.28, 608723
36.29, 608723
36.3, 608723
36.31, 608723
36.32, 608723
36.33, 608723
36.34, 608723
36.35, 608723
36.36, 608723
36.37, 608723
36.38, 608723
36.39, 608723
36.4, 608723
36.41, 608723
36.42, 608723
36.43, 608723
36.44, 608723
36.45, 608723
36.46, 608723
36.47, 608723
36.48, 608723
36.49, 608723
36.5, 608723
36.51, 608723
36.52, 608723
36.53, 608723
36.54, 608723
36.55, 608723
36.56, 608723
36.57, 608723
36.58, 608723
36.59, 608723
36.6, 608723
36.61, 608723
36.62, 608723
36.63, 608723
36.64, 608723
36.65, 608723
36.66, 608723
36.67, 608723
36.68, 608723
36.69, 608723
36.7, 608723
36.71, 608723
36.72, 608723
36.73, 608723
36.74, 608723
36.75, 608723
36.76, 608723
36.77, 608723
36.78, 608723
36.79, 608723
36.8, 608723
36.81, 608723
36.82, 608723
36.83, 608723
36.84, 608723
36.85, 608723
36.86, 608723
36.87, 608723
36.88, 608723
36.89, 608723
36.9, 608723
36.91, 608723
36.92, 608723
36.93, 608723
36.94, 608723
36.95, 608723
36.96, 608723
36.97, 608723
36.98, 608723
36.99, 608723
37.0, 608723
37.01, 608723
37.02, 608723
37.03, 608723
37.04, 608723
37.05, 608723
37.06, 608723
37.07, 608723
37.08, 608723
37.09, 608723
37.1, 608723
37.11, 608723
37.12, 608723
37.13, 608723
37.14, 608723
37.15, 608723
37.16, 608723
37.17, 608723
37.18, 608723
37.19, 608723
37.2, 608723
37.21, 608723
37.22, 608723
37.23, 608723
37.24, 608723
37.25, 608723
37.26, 608723
37.27, 608723
37.28, 608723
37.29, 608723
37.3, 608723
37.31, 608723
37.32, 608723
37.33, 608723
37.34, 608723
37.35, 608723
37.36, 608723
37.37, 608723
37.38, 608723
37.39, 608723
37.4, 608723
37.41, 608723
37.42, 608723
37.43, 608723
37.44, 608723
37.45, 608723
37.46, 608723
37.47, 608723
37.48, 608723
37.49, 608723
37.5, 608723
37.51, 608723
37.52, 608723
37.53, 608723
37.54, 608723
37.55, 608723
37.56, 608723
37.57, 608723
37.58, 608723
37.59, 608723
37.6, 608723
37.61, 608723
37.62, 608723
37.63, 608723
37.64, 608723
37.65, 608723
37.66, 608723
37.67, 608723
37.68, 608723
37.69, 608723
37.7, 608723
37.71, 608723
37.72, 608723
37.73, 608723
37.74, 608723
37.75, 608723
37.76, 608723
37.77, 608723
37.78, 608723
37.79, 608723
37.8, 608723
37.81, 608723
37.82, 608723
37.83, 608723
37.84, 608723
37.85, 608723
37.86, 608723
37.87, 608723
37.88, 608723
37.89, 608723
37.9, 608723
37.91, 608723
37.92, 608723
37.93, 608723
37.94, 608723
37.95, 608723
37.96, 608723
37.97, 608723
37.98, 608723
37.99, 608723
38.0, 608723
38.01, 608723
38.02, 608723
38.03, 608723
38.04, 608723
38.05, 608723
38.06, 608723
38.07, 608723
38.08, 608723
38.09, 608723
38.1, 608723
38.11, 608723
38.12, 608723
38.13, 608723
38.14, 608723
38.15, 608723
38.16, 608723
38.17, 608723
38.18, 608723
38.19, 608723
38.2, 608723
38.21, 608723
38.22, 608723
38.23, 608723
38.24, 608723
38.25, 608723
38.26, 608723
38.27, 608723
38.28, 608723
38.29, 608723
38.3, 608723
38.31, 608723
38.32, 608723
38.33, 608723
38.34, 608723
38.35, 608723
38.36, 608723
38.37, 608723
38.38, 608723
38.39, 608723
38.4, 608723
38.41, 608723
38.42, 608723
38.43, 608723
38.44, 608723
38.45, 608723
38.46, 608723
38.47, 608723
38.48, 608723
38.49, 608723
38.5, 608723
38.51, 608723
38.52, 608723
38.53, 608723
38.54, 608723
38.55, 608723
38.56, 608723
38.57, 608723
38.58, 608723
38.59, 608723
38.6, 608723
38.61, 608723
38.62, 608723
38.63, 608723
38.64, 608723
38.65, 608723
38.66, 608723
38.67, 608723
38.68, 608723
38.69, 608723
38.7, 608723
38.71, 608723
38.72, 608723
38.73, 608723
38.74, 608723
38.75, 608723
38.76, 608723
38.77, 608723
38.78, 608723
38.79, 608723
38.8, 608723
38.81, 608723
38.82, 608723
38.83, 608723
38.84, 608723
38.85, 608723
38.86, 608723
38.87, 608723
38.88, 608723
38.89, 608723
38.9, 608723
38.91, 608723
38.92, 608723
38.93, 608723
38.94, 608723
38.95, 608723
38.96, 608723
38.97, 608723
38.98, 608723
38.99, 608723
39.0, 608723
39.01, 608723
39.02, 608723
39.03, 608723
39.04, 608723
39.05, 608723
39.06, 608723
39.07, 608723
39.08, 608723
39.09, 608723
39.1, 608723
39.11, 608723
39.12, 608723
39.13, 608723
39.14, 608723
39.15, 608723
39.16, 608723
39.17, 608723
39.18, 608723
39.19, 608723
39.2, 608723
39.21, 608723
39.22, 608723
39.23, 608723
39.24, 608723
39.25, 608723
39.26, 608723
39.27, 608723
39.28, 608723
39.29, 608723
39.3, 608723
39.31, 608723
39.32, 608723
39.33, 608723
39.34, 608723
39.35, 608723
39.36, 608723
39.37, 608723
39.38, 608723
39.39, 608723
39.4, 608723
39.41, 608723
39.42, 608723
39.43, 608723
39.44, 608723
39.45, 608723
39.46, 608723
39.47, 608723
39.48, 608723
39.49, 608723
39.5, 608723
39.51, 608723
39.52, 608723
39.53, 608723
39.54, 608723
39.55, 608723
39.56, 608723
39.57, 608723
39.58, 608723
39.59, 608723
39.6, 608723
39.61, 608723
39.62, 608723
39.63, 608723
39.64, 608723
39.65, 608723
39.66, 608723
39.67, 608723
39.68, 608723
39.69, 608723
39.7, 608723
39.71, 608723
39.72, 608723
39.73, 608723
39.74, 608723
39.75, 608723
39.76, 608723
39.77, 608723
39.78, 608723
39.79, 608723
39.8, 608723
39.81, 608723
39.82, 608723
39.83, 608723
39.84, 608723
39.85, 608723
39.86, 608723
39.87, 608723
39.88, 608723
39.89, 608723
39.9, 608723
39.91, 608723
39.92, 608723
39.93, 608723
39.94, 608723
39.95, 608723
39.96, 608723
39.97, 608723
39.98, 608723
39.99, 608723
40.0, 608723
40.01, 608723
40.02, 608723
40.03, 608723
40.04, 608723
40.05, 608723
40.06, 608723
40.07, 608723
40.08, 608723
40.09, 608723
40.1, 608723
40.11, 608723
40.12, 608723
40.13, 608723
40.14, 608723
40.15, 608723
40.16, 608723
40.17, 608723
40.18, 608723
40.19, 608723
40.2, 608723
40.21, 608723
40.22, 608723
40.23, 608723
40.24, 608723
40.25, 608723
40.26, 608723
40.27, 608723
40.28, 608723
40.29, 608723
40.3, 608723
40.31, 608723
40.32, 608723
40.33, 608723
40.34, 608723
40.35, 608723
40.36, 608723
40.37, 608723
40.38, 608723
40.39, 608723
40.4, 608723
40.41, 608723
40.42, 608723
40.43, 608723
40.44, 608723
40.45, 608723
40.46, 608723
40.47, 608723
40.48, 608723
40.49, 608723
40.5, 608723
40.51, 608723
40.52, 608723
40.53, 608723
40.54, 608723
40.55, 608723
40.56, 608723
40.57, 608723
40.58, 608723
40.59, 608723
40.6, 608723
40.61, 608723
40.62, 608723
40.63, 608723
40.64, 608723
40.65, 608723
40.66, 608723
40.67, 608723
40.68, 608723
40.69, 608723
40.7, 608723
40.71, 608723
40.72, 608723
40.73, 608723
40.74, 608723
40.75, 608723
40.76, 608723
40.77, 608723
40.78, 608723
40.79, 608723
40.8, 608723
40.81, 608723
40.82, 608723
40.83, 608723
40.84, 608723
40.85, 608723
40.86, 608723
40.87, 608723
40.88, 608723
40.89, 608723
40.9, 608723
40.91, 608723
40.92, 608723
40.93, 608723
40.94, 608723
40.95, 608723
40.96, 608723
40.97, 608723
40.98, 608723
40.99, 608723
41.0, 608723
41.01, 608723
41.02, 608723
41.03, 608723
41.04, 608723
41.05, 608723
41.06, 608723
41.07, 608723
41.08, 608723
41.09, 608723
41.1, 608723
41.11, 608723
41.12, 608723
41.13, 608723
41.14, 608723
41.15, 608723
41.16, 608723
41.17, 608723
41.18, 608723
41.19, 608723
41.2, 608723
41.21, 608723
41.22, 608723
41.23, 608723
41.24, 608723
41.25, 608723
41.26, 608723
41.27, 608723
41.28, 608723
41.29, 608723
41.3, 608723
41.31, 608723
41.32, 608723
41.33, 608723
41.34, 608723
41.35, 608723
41.36, 608723
41.37, 608723
41.38, 608723
41.39, 608723
41.4, 608723
41.41, 608723
41.42, 608723
41.43, 608723
41.44, 608723
41.45, 608723
41.46, 608723
41.47, 608723
41.48, 608723
41.49, 608723
41.5, 608723
41.51, 608723
41.52, 608723
41.53, 608723
41.54, 608723
41.55, 608723
41.56, 608723
41.57, 608723
41.58, 608723
41.59, 608723
41.6, 608723
41.61, 608723
41.62, 608723
41.63, 608723
41.64, 608723
41.65, 608723
41.66, 608723
41.67, 608723
41.68, 608723
41.69, 608723
41.7, 608723
41.71, 608723
41.72, 608723
41.73, 608723
41.74, 608723
41.75, 608723
41.76, 608723
41.77, 608723
41.78, 608723
41.79, 608723
41.8, 608723
41.81, 608723
41.82, 608723
41.84, 608723
41.85, 608723
41.86, 608723
41.87, 608723
41.88, 608723
41.89, 608723
41.9, 608723
41.91, 608723
41.92, 608723
41.93, 608723
41.94, 608723
41.95, 608723
41.96, 608723
41.97, 608723
41.98, 608723
41.99, 608723
42.0, 608723
42.01, 608723
42.02, 608723
42.03, 608723
42.04, 608723
42.05, 608723
42.06, 608723
42.07, 608723
42.08, 608723
42.09, 608723
42.1, 608723
42.11, 608723
42.12, 608723
42.13, 608723
42.14, 608723
42.15, 608723
42.16, 608723
42.17, 608723
42.18, 608723
42.19, 608723
42.2, 608723
42.21, 608723
42.22, 608723
42.23, 608723
42.24, 608723
42.25, 608723
42.26, 608723
42.27, 608723
42.28, 608723
42.29, 608723
42.3, 608723
42.31, 608723
42.32, 608723
42.33, 608723
42.34, 608723
42.35, 608723
42.36, 608723
42.37, 608723
42.38, 608723
42.39, 608723
42.4, 608723
42.41, 608723
42.42, 608723
42.43, 608723
42.44, 608723
42.45, 608723
42.46, 608723
42.47, 608723
42.48, 608723
42.49, 608723
42.5, 608723
42.51, 608723
42.52, 608723
42.53, 608723
42.54, 608723
42.55, 608723
42.56, 608723
42.57, 608723
42.58, 608723
42.59, 608723
42.6, 608723
42.61, 608723
42.62, 608723
42.63, 608723
42.64, 608723
42.65, 608723
42.66, 608723
42.67, 608723
42.68, 608723
42.69, 608723
42.7, 608723
42.71, 608723
42.72, 608723
42.73, 608723
42.74, 608723
42.75, 608723
42.76, 608723
42.77, 608723
42.78, 608723
42.79, 608723
42.8, 608723
42.81, 608723
42.82, 608723
42.83, 608723
42.84, 608723
42.85, 608723
42.86, 608723
42.87, 608723
42.88, 608723
42.89, 608723
42.9, 608723
42.91, 608723
42.92, 608723
42.93, 608723
42.94, 608723
42.95, 608723
42.96, 608723
42.97, 608723
42.98, 608723
42.99, 608723
43.0, 608723
43.01, 608723
43.02, 608723
43.03, 608723
43.04, 608723
43.05, 608723
43.06, 608723
43.07, 608723
43.08, 608723
43.09, 608723
43.1, 608723
43.11, 608723
43.12, 608723
43.13, 608723
43.14, 608723
43.15, 608723
43.16, 608723
43.17, 608723
43.18, 608723
43.19, 608723
43.2, 608723
43.21, 608723
43.22, 608723
43.23, 608723
43.24, 608723
43.25, 608723
43.26, 608723
43.27, 608723
43.28, 608723
43.29, 608723
43.3, 608723
43.31, 608723
43.32, 608723
43.33, 608723
43.34, 608723
43.35, 608723
43.36, 608723
43.37, 608723
43.38, 608723
43.39, 608723
43.4, 608723
43.41, 608723
43.42, 608723
43.43, 608723
43.44, 608723
43.45, 608723
43.46, 608723
43.47, 608723
43.48, 608723
43.49, 608723
43.5, 608723
43.51, 608723
43.52, 608723
43.53, 608723
43.54, 608723
43.55, 608723
43.56, 608723
43.57, 608723
43.58, 608723
43.59, 608723
43.6, 608723
43.61, 608723
43.62, 608723
43.63, 608723
43.64, 608723
43.65, 608723
43.66, 608723
43.67, 608723
43.68, 608723
43.69, 608723
43.7, 608723
43.71, 608723
43.72, 608723
43.73, 608723
43.74, 608723
43.75, 608723
43.76, 608723
43.77, 608723
43.78, 608723
43.79, 608723
43.8, 608723
43.81, 608723
43.82, 608723
43.83, 608723
43.84, 608723
43.85, 608723
43.86, 608723
43.87, 608723
43.88, 608723
43.89, 608723
43.9, 608723
43.91, 608723
43.92, 608723
43.93, 608723
43.94, 608723
43.95, 608723
43.96, 608723
43.97, 608723
43.98, 608723
43.99, 608723
44.0, 608723
44.01, 608723
44.02, 608723
44.03, 608723
44.04, 608723
44.05, 608723
44.06, 608723
44.07, 608723
44.08, 608723
44.09, 608723
44.1, 608723
44.11, 608723
44.12, 608723
44.13, 608723
44.14, 608723
44.15, 608723
44.16, 608723
44.17, 608723
44.18, 608723
44.19, 608723
44.2, 608723
44.21, 608723
44.22, 608723
44.23, 608723
44.24, 608723
44.25, 608723
44.26, 608723
44.27, 608723
44.28, 608723
44.29, 608723
44.3, 608723
44.31, 608723
44.32, 608723
44.33, 608723
44.34, 608723
44.35, 608723
44.36, 608723
44.37, 608723
44.38, 608723
44.39, 608723
44.4, 608723
44.41, 608723
44.42, 608723
44.43, 608723
44.44, 608723
44.45, 608723
44.46, 608723
44.47, 608723
44.48, 608723
44.49, 608723
44.5, 608723
44.51, 608723
44.52, 608723
44.53, 608723
44.54, 608723
44.55, 608723
44.56, 608723
44.57, 608723
44.58, 608723
44.59, 608723
44.6, 608723
44.61, 608723
44.62, 608723
44.63, 608723
44.64, 608723
44.65, 608723
44.66, 608723
44.67, 608723
44.68, 608723
44.69, 608723
44.7, 608723
44.71, 608723
44.72, 608723
44.73, 608723
44.74, 608723
44.75, 608723
44.76, 608723
44.77, 608723
44.78, 608723
44.79, 608723
44.8, 608723
44.81, 608723
44.82, 608723
44.83, 608723
44.84, 608723
44.85, 608723
44.86, 608723
44.87, 608723
44.88, 608723
44.89, 608723
44.9, 608723
44.91, 608723
44.92, 608723
44.93, 608723
44.94, 608723
44.95, 608723
44.96, 608723
44.97, 608723
44.98, 608723
44.99, 608723
45.0, 608723
45.01, 608723
45.02, 608723
45.03, 608723
45.04, 608723
45.05, 608723
45.06, 608723
45.07, 608723
45.08, 608723
45.09, 608723
45.1, 608723
45.11, 608723
45.12, 608723
45.13, 608723
45.14, 608723
45.15, 608723
45.16, 608723
45.17, 608723
45.18, 608723
45.19, 608723
45.2, 608723
45.21, 608723
45.22, 608723
45.23, 608723
45.24, 608723
45.25, 608723
45.26, 608723
45.27, 608723
45.28, 608723
45.29, 608723
45.3, 608723
45.31, 608723
45.32, 608723
45.33, 608723
45.34, 608723
45.35, 608723
45.36, 608723
45.37, 608723
45.38, 608723
45.39, 608723
45.4, 608723
45.41, 608723
45.42, 608723
45.43, 608723
45.44, 608723
45.45, 608723
45.46, 608723
45.47, 608723
45.48, 608723
45.49, 608723
45.5, 608723
45.51, 608723
45.52, 608723
45.53, 608723
45.54, 608723
45.55, 608723
45.56, 608723
45.57, 608723
45.58, 608723
45.59, 608723
45.6, 608723
45.61, 608723
45.62, 608723
45.63, 608723
45.64, 608723
45.65, 608723
45.66, 608723
45.67, 608723
45.68, 608723
45.69, 608723
45.7, 608723
45.71, 608723
45.72, 608723
45.73, 608723
45.74, 608723
45.75, 608723
45.76, 608723
45.77, 608723
45.78, 608723
45.79, 608723
45.8, 608723
45.81, 608723
45.82, 608723
45.83, 608723
45.84, 608723
45.85, 608723
45.86, 608723
45.87, 608723
45.88, 608723
45.89, 608723
45.9, 608723
45.91, 608723
45.92, 608723
45.93, 608723
45.94, 608723
45.95, 608723
45.96, 608723
45.97, 608723
45.98, 608723
45.99, 608723
46.0, 608723
46.01, 608723
46.02, 608723
46.03, 608723
46.04, 608723
46.05, 608723
46.06, 608723
46.07, 608723
46.08, 608723
46.09, 608723
46.1, 608723
46.11, 608723
46.12, 608723
46.13, 608723
46.14, 608723
46.15, 608723
46.16, 608723
46.17, 608723
46.18, 608723
46.19, 608723
46.2, 608723
46.21, 608723
46.22, 608723
46.23, 608723
46.24, 608723
46.25, 608723
46.26, 608723
46.27, 608723
46.28, 608723
46.29, 608723
46.3, 608723
46.31, 608723
46.32, 608723
46.33, 608723
46.34, 608723
46.35, 608723
46.36, 608723
46.37, 608723
46.38, 608723
46.39, 608723
46.4, 608723
46.41, 608723
46.42, 608723
46.43, 608723
46.44, 608723
46.45, 608723
46.46, 608723
46.47, 608723
46.48, 608723
46.49, 608723
46.5, 608723
46.51, 608723
46.52, 608723
46.53, 608723
46.54, 608723
46.55, 608723
46.56, 608723
46.57, 608723
46.58, 608723
46.59, 608723
46.6, 608723
46.61, 608723
46.62, 608723
46.63, 608723
46.64, 608723
46.65, 608723
46.66, 608723
46.67, 608723
46.68, 608723
46.69, 608723
46.7, 608723
46.71, 608723
46.72, 608723
46.73, 608723
46.74, 608723
46.75, 608723
46.76, 608723
46.77, 608723
46.78, 608723
46.79, 608723
46.8, 608723
46.81, 608723
46.82, 608723
46.83, 608723
46.84, 608723
46.85, 608723
46.86, 608723
46.87, 608723
46.88, 608723
46.89, 608723
46.9, 608723
46.91, 608723
46.92, 608723
46.93, 608723
46.94, 608723
46.95, 608723
46.96, 608723
46.97, 608723
46.98, 608723
46.99, 608723
47.0, 608723
47.01, 608723
47.02, 608723
47.03, 608723
47.04, 608723
47.05, 608723
47.06, 608723
47.07, 608723
47.08, 608723
47.09, 608723
47.1, 608723
47.11, 608723
47.12, 608723
47.13, 608723
47.14, 608723
47.15, 608723
47.16, 608723
47.17, 608723
47.18, 608723
47.19, 608723
47.2, 608723
47.21, 608723
47.22, 608723
47.23, 608723
47.24, 608723
47.25, 608723
47.26, 608723
47.27, 608723
47.28, 608723
47.29, 608723
47.3, 608723
47.31, 608723
47.32, 608723
47.33, 608723
47.34, 608723
47.35, 608723
47.36, 608723
47.37, 608723
47.38, 608723
47.39, 608723
47.4, 608723
47.41, 608723
47.42, 608723
47.43, 608723
47.44, 608723
47.45, 608723
47.46, 608723
47.47, 608723
47.48, 608723
47.49, 608723
47.5, 608723
47.51, 608723
47.52, 608723
47.53, 608723
47.54, 608723
47.55, 608723
47.56, 608723
47.57, 608723
47.58, 608723
47.59, 608723
47.6, 608723
47.61, 608723
47.62, 608723
47.63, 608723
47.64, 608723
47.65, 608723
47.66, 608723
47.67, 608723
47.68, 608723
47.69, 608723
47.7, 608723
47.71, 608723
47.72, 608723
47.73, 608723
47.74, 608723
47.75, 608723
47.76, 608723
47.77, 608723
47.78, 608723
47.79, 608723
47.8, 608723
47.81, 608723
47.82, 608723
47.83, 608723
47.84, 608723
47.85, 608723
47.86, 608723
47.87, 608723
47.88, 608723
47.89, 608723
47.9, 608723
47.91, 608723
47.92, 608723
47.93, 608723
47.94, 608723
47.95, 608723
47.96, 608723
47.97, 608723
47.98, 608723
47.99, 608723
48.0, 608723
48.01, 608723
48.02, 608723
48.03, 608723
48.04, 608723
48.05, 608723
48.06, 608723
48.07, 608723
48.08, 608723
48.09, 608723
48.1, 608723
48.11, 608723
48.12, 608723
48.13, 608723
48.14, 608723
48.15, 608723
48.16, 608723
48.17, 608723
48.18, 608723
48.19, 608723
48.2, 608723
48.21, 608723
48.22, 608723
48.23, 608723
48.24, 608723
48.25, 608723
48.26, 608723
48.27, 608723
48.28, 608723
48.29, 608723
48.3, 608723
48.31, 608723
48.32, 608723
48.33, 608723
48.34, 608723
48.35, 608723
48.36, 608723
48.37, 608723
48.38, 608723
48.39, 608723
48.4, 608723
48.41, 608723
48.42, 608723
48.43, 608723
48.44, 608723
48.45, 608723
48.46, 608723
48.47, 608723
48.48, 608723
48.49, 608723
48.5, 608723
48.51, 608723
48.52, 608723
48.53, 608723
48.54, 608723
48.55, 608723
48.56, 608723
48.57, 608723
48.58, 608723
48.59, 608723
48.6, 608723
48.61, 608723
48.62, 608723
48.63, 608723
48.64, 608723
48.65, 608723
48.66, 608723
48.67, 608723
48.68, 608723
48.69, 608723
48.7, 608723
48.71, 608723
48.72, 608723
48.73, 608723
48.74, 608723
48.75, 608723
48.76, 608723
48.77, 608723
48.78, 608723
48.79, 608723
48.8, 608723
48.81, 608723
48.82, 608723
48.83, 608723
48.84, 608723
48.85, 608723
48.86, 608723
48.87, 608723
48.88, 608723
48.89, 608723
48.9, 608723
48.91, 608723
48.92, 608723
48.93, 608723
48.94, 608723
48.95, 608723
48.96, 608723
48.97, 608723
48.98, 608723
48.99, 608723
49.0, 608723
49.01, 608723
49.02, 608723
49.03, 608723
49.04, 608723
49.05, 608723
49.06, 608723
49.07, 608723
49.08, 608723
49.09, 608723
49.1, 608723
49.11, 608723
49.12, 608723
49.13, 608723
49.14, 608723
49.15, 608723
49.16, 608723
49.17, 608723
49.18, 608723
49.19, 608723
49.2, 608723
49.21, 608723
49.22, 608723
49.23, 608723
49.24, 608723
49.25, 608723
49.26, 608723
49.27, 608723
49.28, 608723
49.29, 608723
49.3, 608723
49.31, 608723
49.32, 608723
49.33, 608723
49.34, 608723
49.35, 608723
49.36, 608723
49.37, 608723
49.38, 608723
49.39, 608723
49.4, 608723
49.41, 608723
49.42, 608723
49.43, 608723
49.44, 608723
49.45, 608723
49.46, 608723
49.47, 608723
49.48, 608723
49.49, 608723
49.5, 608723
49.51, 608723
49.52, 608723
49.53, 608723
49.54, 608723
49.55, 608723
49.56, 608723
49.57, 608723
49.58, 608723
49.59, 608723
49.6, 608723
49.61, 608723
49.62, 608723
49.63, 608723
49.64, 608723
49.65, 608723
49.66, 608723
49.67, 608723
49.68, 608723
49.69, 608723
49.7, 608723
49.71, 608723
49.72, 608723
49.73, 608723
49.74, 608723
49.75, 608723
49.76, 608723
49.77, 608723
49.78, 608723
49.79, 608723
49.8, 608723
49.81, 608723
49.82, 608723
49.83, 608723
49.84, 608723
49.85, 608723
49.86, 608723
49.87, 608723
49.88, 608723
49.89, 608723
49.9, 608723
49.91, 608723
49.92, 608723
49.93, 608723
49.94, 608723
49.95, 608723
49.96, 608723
49.97, 608723
49.98, 608723
49.99, 608723
50.0, 608723
50.01, 608723
50.02, 608723
50.03, 608723
50.04, 608723
50.05, 608723
50.06, 608723
50.07, 608723
50.08, 608723
50.09, 608723
50.1, 608723
50.11, 608723
50.12, 608723
50.13, 608723
50.14, 608723
50.15, 608723
50.16, 608723
50.17, 608723
50.18, 608723
50.19, 608723
50.2, 608723
50.21, 608723
50.22, 608723
50.23, 608723
50.24, 608723
50.25, 608723
50.26, 608723
50.27, 608723
50.28, 608723
50.29, 608723
50.3, 608723
50.31, 608723
50.32, 608723
50.33, 608723
50.34, 608723
50.35, 608723
50.36, 608723
50.37, 608723
50.38, 608723
50.39, 608723
50.4, 608723
50.41, 608723
50.42, 608723
50.43, 608723
50.44, 608723
50.45, 608723
50.46, 608723
50.47, 608723
50.48, 608723
50.49, 608723
50.5, 608723
50.51, 608723
50.52, 608723
50.53, 608723
50.54, 608723
50.55, 608723
50.56, 608723
50.57, 608723
50.58, 608723
50.59, 608723
50.6, 608723
50.61, 608723
50.62, 608723
50.63, 608723
50.64, 608723
50.65, 608723
50.66, 608723
50.67, 608723
50.68, 608723
50.69, 608723
50.7, 608723
50.71, 608723
50.72, 608723
50.73, 608723
50.74, 608723
50.75, 608723
50.76, 608723
50.77, 608723
50.78, 608723
50.79, 608723
50.8, 608723
50.81, 608723
50.82, 608723
50.83, 608723
50.84, 608723
50.85, 608723
50.86, 608723
50.87, 608723
50.88, 608723
50.89, 608723
50.9, 608723
50.91, 608723
50.92, 608723
50.93, 608723
50.94, 608723
50.95, 608723
50.96, 608723
50.97, 608723
50.98, 608723
50.99, 608723
51.0, 608723
51.01, 608723
51.02, 608723
51.03, 608723
51.04, 608723
51.05, 608723
51.06, 608723
51.07, 608723
51.08, 608723
51.09, 608723
51.1, 608723
51.11, 608723
51.12, 608723
51.13, 608723
51.14, 608723
51.15, 608723
51.16, 608723
51.17, 608723
51.18, 608723
51.19, 608723
51.2, 608723
51.21, 608723
51.22, 608723
51.23, 608723
51.24, 608723
51.25, 608723
51.26, 608723
51.27, 608723
51.28, 608723
51.29, 608723
51.3, 608723
51.31, 608723
51.32, 608723
51.33, 608723
51.34, 608723
51.35, 608723
51.36, 608723
51.37, 608723
51.38, 608723
51.39, 608723
51.4, 608723
51.41, 608723
51.42, 608723
51.43, 608723
51.44, 608723
51.45, 608723
51.46, 608723
51.47, 608723
51.48, 608723
51.49, 608723
51.5, 608723
51.51, 608723
51.52, 608723
51.53, 608723
51.54, 608723
51.55, 608723
51.56, 608723
51.57, 608723
51.58, 608723
51.59, 608723
51.6, 608723
51.61, 608723
51.62, 608723
51.63, 608723
51.64, 608723
51.65, 608723
51.66, 608723
51.67, 608723
51.68, 608723
51.69, 608723
51.7, 608723
51.71, 608723
51.72, 608723
51.73, 608723
51.74, 608723
51.75, 608723
51.76, 608723
51.77, 608723
51.78, 608723
51.79, 608723
51.8, 608723
51.81, 608723
51.82, 608723
51.83, 608723
51.84, 608723
51.85, 608723
51.86, 608723
51.87, 608723
51.88, 608723
51.89, 608723
51.9, 608723
51.91, 608723
51.92, 608723
51.93, 608723
51.94, 608723
51.95, 608723
51.96, 608723
51.97, 608723
51.98, 608723
51.99, 608723
52.0, 608723
52.01, 608723
52.02, 608723
52.03, 608723
52.04, 608723
52.05, 608723
52.06, 608723
52.07, 608723
52.08, 608723
52.09, 608723
52.1, 608723
52.11, 608723
52.12, 608723
52.13, 608723
52.14, 608723
52.15, 608723
52.16, 608723
52.17, 608723
52.18, 608723
52.19, 608723
52.2, 608723
52.21, 608723
52.22, 608723
52.23, 608723
52.24, 608723
52.25, 608723
52.26, 608723
52.27, 608723
52.28, 608723
52.29, 608723
52.3, 608723
52.31, 608723
52.32, 608723
52.33, 608723
52.34, 608723
52.35, 608723
52.36, 608723
52.37, 608723
52.38, 608723
52.39, 608723
52.4, 608723
52.41, 608723
52.42, 608723
52.43, 608723
52.44, 608723
52.45, 608723
52.46, 608723
52.47, 608723
52.48, 608723
52.49, 608723
52.5, 608723
52.51, 608723
52.52, 608723
52.53, 608723
52.54, 608723
52.55, 608723
52.56, 608723
52.57, 608723
52.58, 608723
52.59, 608723
52.6, 608723
52.61, 608723
52.62, 608723
52.63, 608723
52.64, 608723
52.65, 608723
52.66, 608723
52.67, 608723
52.68, 608723
52.69, 608723
52.7, 608723
52.71, 608723
52.72, 608723
52.73, 608723
52.74, 608723
52.75, 608723
52.76, 608723
52.77, 608723
52.78, 608723
52.79, 608723
52.8, 608723
52.81, 608723
52.82, 608723
52.83, 608723
52.84, 608723
52.85, 608723
52.86, 608723
52.87, 608723
52.88, 608723
52.89, 608723
52.9, 608723
52.91, 608723
52.92, 608723
52.93, 608723
52.94, 608723
52.95, 608723
52.96, 608723
52.97, 608723
52.98, 608723
52.99, 608723
53.0, 608723
53.01, 608723
53.02, 608723
53.03, 608723
53.04, 608723
53.05, 608723
53.06, 608723
53.07, 608723
53.08, 608723
53.09, 608723
53.1, 608723
53.11, 608723
53.12, 608723
53.13, 608723
53.14, 608723
53.15, 608723
53.16, 608723
53.17, 608723
53.18, 608723
53.19, 608723
53.2, 608723
53.21, 608723
53.22, 608723
53.23, 608723
53.24, 608723
53.25, 608723
53.26, 608723
53.27, 608723
53.28, 608723
53.29, 608723
53.3, 608723
53.31, 608723
53.32, 608723
53.33, 608723
53.34, 608723
53.35, 608723
53.36, 608723
53.37, 608723
53.38, 608723
53.39, 608723
53.4, 608723
53.41, 608723
53.42, 608723
53.43, 608723
53.44, 608723
53.45, 608723
53.46, 608723
53.47, 608723
53.48, 608723
53.49, 608723
53.5, 608723
53.51, 608723
53.52, 608723
53.53, 608723
53.54, 608723
53.55, 608723
53.56, 608723
53.57, 608723
53.58, 608723
53.59, 608723
53.6, 608723
53.61, 608723
53.62, 608723
53.63, 608723
53.64, 608723
53.65, 608723
53.66, 608723
53.67, 608723
53.68, 608723
53.69, 608723
53.7, 608723
53.71, 608723
53.72, 608723
53.73, 608723
53.74, 608723
53.75, 608723
53.76, 608723
53.77, 608723
53.78, 608723
53.79, 608723
53.8, 608723
53.81, 608723
53.82, 608723
53.83, 608723
53.84, 608723
53.85, 608723
53.86, 608723
53.87, 608723
53.88, 608723
53.89, 608723
53.9, 608723
53.91, 608723
53.92, 608723
53.93, 608723
53.94, 608723
53.95, 608723
53.96, 608723
53.97, 608723
53.98, 608723
53.99, 608723
54.0, 608723
54.01, 608723
54.02, 608723
54.03, 608723
54.04, 608723
54.05, 608723
54.06, 608723
54.07, 608723
54.08, 608723
54.09, 608723
54.1, 608723
54.11, 608723
54.12, 608723
54.13, 608723
54.14, 608723
54.15, 608723
54.16, 608723
54.17, 608723
54.18, 608723
54.19, 608723
54.2, 608723
54.21, 608723
54.22, 608723
54.23, 608723
54.24, 608723
54.25, 608723
54.26, 608723
54.27, 608723
54.28, 608723
54.29, 608723
54.3, 608723
54.31, 608723
54.32, 608723
54.33, 608723
54.34, 608723
54.35, 608723
54.36, 608723
54.37, 608723
54.38, 608723
54.39, 608723
54.4, 608723
54.41, 608723
54.42, 608723
54.43, 608723
54.44, 608723
54.45, 608723
54.46, 608723
54.47, 608723
54.48, 608723
54.49, 608723
54.5, 608723
54.51, 608723
54.52, 608723
54.53, 608723
54.54, 608723
54.55, 608723
54.56, 608723
54.57, 608723
54.58, 608723
54.59, 608723
54.6, 608723
54.61, 608723
54.62, 608723
54.63, 608723
54.64, 608723
54.65, 608723
54.66, 608723
54.67, 608723
54.68, 608723
54.69, 608723
54.7, 608723
54.71, 608723
54.72, 608723
54.73, 608723
54.74, 608723
54.75, 608723
54.76, 608723
54.77, 608723
54.78, 608723
54.79, 608723
54.8, 608723
54.81, 608723
54.82, 608723
54.83, 608723
54.84, 608723
54.85, 608723
54.86, 608723
54.87, 608723
54.88, 608723
54.89, 608723
54.9, 608723
54.91, 608723
54.92, 608723
54.93, 608723
54.94, 608723
54.95, 608723
54.96, 608723
54.97, 608723
54.98, 608723
54.99, 608723
55.0, 608723
55.01, 608723
55.02, 608723
55.03, 608723
55.04, 608723
55.05, 608723
55.06, 608723
55.07, 608723
55.08, 608723
55.09, 608723
55.1, 608723
55.11, 608723
55.12, 608723
55.13, 608723
55.14, 608723
55.15, 608723
55.16, 608723
55.17, 608723
55.18, 608723
55.19, 608723
55.2, 608723
55.21, 608723
55.22, 608723
55.23, 608723
55.24, 608723
55.25, 608723
55.26, 608723
55.27, 608723
55.28, 608723
55.29, 608723
55.3, 608723
55.31, 608723
55.32, 608723
55.33, 608723
55.34, 608723
55.35, 608723
55.36, 608723
55.37, 608723
55.38, 608723
55.39, 608723
55.4, 608723
55.41, 608723
55.42, 608723
55.43, 608723
55.44, 608723
55.45, 608723
55.46, 608723
55.47, 608723
55.48, 602782
55.49, 602782
55.5, 602782
55.51, 602782
55.52, 602782
55.53, 602782
55.54, 602782
55.55, 602782
55.56, 602782
55.57, 602782
55.58, 602782
55.59, 602782
55.6, 602782
55.61, 602782
55.62, 602782
55.63, 602782
55.64, 602782
55.65, 602782
55.66, 602782
55.67, 602782
55.68, 602782
55.69, 602782
55.7, 602782
55.71, 602782
55.72, 602782
55.73, 602782
55.74, 602782
55.75, 602782
55.76, 602782
55.77, 602782
55.78, 602782
55.79, 602782
55.8, 602782
55.81, 602782
55.82, 602782
55.83, 602782
55.84, 602782
55.85, 602782
55.86, 602782
55.87, 602782
55.88, 602782
55.89, 602782
55.9, 602782
55.91, 602782
55.92, 602782
55.93, 602782
55.94, 602782
55.95, 602782
55.96, 602782
55.97, 602782
55.98, 602782
55.99, 602782
56.0, 602782
56.01, 602782
56.02, 602782
56.03, 602782
56.04, 602782
56.05, 602782
56.06, 602782
56.07, 602782
56.08, 602782
56.09, 602782
56.1, 602782
56.11, 602782
56.12, 602782
56.13, 602782
56.14, 602782
56.15, 602782
56.16, 602782
56.17, 602782
56.18, 602782
56.19, 602782
56.2, 602782
56.21, 602782
56.22, 602782
56.23, 602782
56.24, 602782
56.25, 602782
56.26, 602782
56.27, 602782
56.28, 602782
56.29, 602782
56.3, 602782
56.31, 602782
56.32, 602782
56.33, 602782
56.34, 602782
56.35, 602782
56.36, 602782
56.37, 602782
56.38, 602782
56.39, 602782
56.4, 602782
56.41, 602782
56.42, 602782
56.43, 602782
56.44, 602782
56.45, 602782
56.46, 602782
56.47, 602782
56.48, 602782
56.49, 602782
56.5, 602782
56.51, 602782
56.52, 602782
56.53, 602782
56.54, 602782
56.55, 602782
56.56, 602782
56.57, 602782
56.58, 602782
56.59, 602782
56.6, 602782
56.61, 602782
56.62, 602782
56.63, 602782
56.64, 602782
56.65, 602782
56.66, 602782
56.67, 602782
56.68, 602782
56.69, 602782
56.7, 602782
56.71, 602782
56.72, 602782
56.73, 602782
56.74, 602782
56.75, 602782
56.76, 602782
56.77, 602782
56.78, 602782
56.79, 602782
56.8, 602782
56.81, 602782
56.82, 602782
56.83, 602782
56.84, 602782
56.85, 602782
56.86, 602782
56.87, 602782
56.88, 602782
56.89, 602782
56.9, 602782
56.91, 602782
56.92, 602782
56.93, 602782
56.94, 602782
56.95, 602782
56.96, 602782
56.97, 602782
56.98, 602782
56.99, 602782
57.0, 602782
57.01, 602782
57.02, 602782
57.03, 602782
57.04, 602782
57.05, 602782
57.06, 602782
57.07, 602782
57.08, 602782
57.09, 602782
57.1, 602782
57.11, 602782
57.12, 602782
57.13, 602782
57.14, 602782
57.15, 602782
57.16, 602782
57.17, 602782
57.18, 602782
57.19, 602782
57.2, 602782
57.21, 602782
57.22, 602782
57.23, 602782
57.24, 602782
57.25, 602782
57.26, 602782
57.27, 602782
57.28, 602782
57.29, 602782
57.3, 602782
57.31, 602782
57.32, 602782
57.33, 602782
57.34, 602782
57.35, 602782
57.36, 602782
57.37, 602782
57.38, 602782
57.39, 602782
57.4, 602782
57.41, 602782
57.42, 602782
57.43, 602782
57.44, 602782
57.45, 602782
57.46, 602782
57.47, 602782
57.48, 602782
57.49, 602782
57.5, 602782
57.51, 602782
57.52, 602782
57.53, 602782
57.54, 602782
57.55, 602782
57.56, 602782
57.57, 602782
57.58, 602782
57.59, 602782
57.6, 602782
57.61, 602782
57.62, 602782
57.63, 602782
57.64, 602782
57.65, 602782
57.66, 602782
57.67, 602782
57.68, 602782
57.69, 602782
57.7, 602782
57.71, 602782
57.72, 602782
57.73, 602782
57.74, 602782
57.75, 602782
57.76, 602782
57.77, 602782
57.78, 602782
57.79, 602782
57.8, 602782
57.81, 602782
57.82, 602782
57.83, 602782
57.84, 602782
57.85, 602782
57.86, 602782
57.87, 602782
57.88, 602782
57.89, 602782
57.9, 602782
57.91, 602782
57.92, 602782
57.93, 602782
57.94, 602782
57.95, 602782
57.96, 602782
57.97, 602782
57.98, 602782
57.99, 602782
58.0, 602782
58.01, 602782
58.02, 602782
58.03, 602782
58.04, 602782
58.05, 602782
58.06, 602782
58.07, 602782
58.08, 602782
58.09, 602782
58.1, 602782
58.11, 602782
58.12, 602782
58.13, 602782
58.14, 602782
58.15, 602782
58.16, 602782
58.17, 602782
58.18, 602782
58.19, 602782
58.2, 602782
58.21, 602782
58.22, 602782
58.23, 602782
58.24, 602782
58.25, 602782
58.26, 602782
58.27, 602782
58.28, 602782
58.29, 602782
58.3, 602782
58.31, 602782
58.32, 602782
58.33, 602782
58.34, 602782
58.35, 602782
58.36, 602782
58.37, 602782
58.38, 602782
58.39, 602782
58.4, 602782
58.41, 602782
58.42, 602782
58.43, 602782
58.44, 602782
58.45, 602782
58.46, 602782
58.47, 602782
58.48, 602782
58.49, 602782
58.5, 602782
58.51, 602782
58.52, 602782
58.53, 602782
58.54, 602782
58.55, 602782
58.56, 602782
58.57, 602782
58.58, 602782
58.59, 602782
58.6, 602782
58.61, 602782
58.62, 602782
58.63, 602782
58.64, 602782
58.65, 602782
58.66, 602782
58.67, 602782
58.68, 602782
58.69, 602782
58.7, 602782
58.71, 602782
58.72, 602782
58.73, 602782
58.74, 602782
58.75, 602782
58.76, 602782
58.77, 602782
58.78, 602782
58.79, 602782
58.8, 602782
58.81, 602782
58.82, 602782
58.83, 602782
58.84, 602782
58.85, 602782
58.86, 602782
58.87, 602782
58.88, 602782
58.89, 602782
58.9, 602782
58.91, 602782
58.92, 602782
58.93, 602782
58.94, 602782
58.95, 602782
58.96, 602782
58.97, 602782
58.98, 602782
58.99, 602782
59.0, 602782
59.01, 602782
59.02, 602782
59.03, 602782
59.04, 602782
59.05, 602782
59.06, 602782
59.07, 602782
59.08, 602782
59.09, 602782
59.1, 602782
59.11, 602782
59.12, 602782
59.13, 602782
59.14, 602782
59.15, 602782
59.16, 602782
59.17, 602782
59.18, 602782
59.19, 602782
59.2, 602782
59.21, 602782
59.22, 602782
59.23, 602782
59.24, 602782
59.25, 602782
59.26, 602782
59.27, 602782
59.28, 602782
59.29, 602782
59.3, 602782
59.31, 602782
59.32, 602782
59.33, 602782
59.34, 602782
59.35, 602782
59.36, 602782
59.37, 602782
59.38, 602782
59.39, 602782
59.4, 602782
59.41, 602782
59.42, 602782
59.43, 602782
59.44, 602782
59.45, 602782
59.46, 602782
59.47, 602782
59.48, 602782
59.49, 602782
59.5, 602782
59.51, 602782
59.52, 602782
59.53, 602782
59.54, 602782
59.55, 602782
59.56, 602782
59.57, 602782
59.58, 602782
59.59, 602782
59.6, 602782
59.61, 602782
59.62, 602782
59.63, 602782
59.64, 602782
59.65, 602782
59.66, 602782
59.67, 602782
59.68, 602782
59.69, 602782
59.7, 602782
59.71, 602782
59.72, 602782
59.73, 602782
59.74, 602782
59.75, 602782
59.76, 602782
59.77, 602782
59.78, 602782
59.79, 602782
59.8, 602782
59.81, 602782
59.82, 602782
59.83, 602782
59.84, 602782
59.85, 602782
59.86, 602782
59.87, 602782
59.88, 602782
59.89, 602782
59.9, 602782
59.91, 602782
59.92, 602782
59.93, 602782
59.94, 602782
59.95, 602782
59.96, 602782
59.97, 602782
59.98, 602782
59.99, 602782
