0.0, 719892
0.01, 719892
0.02, 683642
0.03, 683642
0.04, 683642
0.05, 683642
0.06, 665851
0.07, 665851
0.08, 665851
0.09, 665851
0.1, 665851
0.11, 665851
0.12, 664389
0.13, 664389
0.14, 664389
0.15, 664389
0.16, 664389
0.17, 664389
0.18, 664389
0.19, 664389
0.2, 664389
0.21, 664389
0.22, 664389
0.23, 664389
0.24, 664389
0.25, 664389
0.26, 664389
0.27, 664389
0.28, 664389
0.29, 662223
0.3, 662223
0.31, 662223
0.32, 662223
0.33, 662223
0.34, 662223
0.35, 662223
0.36, 662223
0.37, 662223
0.38, 662223
0.39, 662223
0.4, 662223
0.41, 662223
0.42, 662223
0.43, 662223
0.44, 662223
0.45, 662223
0.46, 662223
0.47, 662223
0.48, 662223
0.49, 662223
0.5, 662223
0.51, 662223
0.52, 662223
0.53, 662223
0.54, 662223
0.55, 662223
0.56, 662223
0.57, 662223
0.58, 662223
0.59, 646452
0.6, 646452
0.61, 646452
0.62, 646452
0.63, 646452
0.64, 646452
0.65, 646452
0.66, 646452
0.67, 646452
0.68, 646452
0.69, 646452
0.7, 646452
0.71, 646452
0.72, 646452
0.73, 646452
0.74, 646452
0.75, 646452
0.76, 646452
0.77, 646452
0.78, 646452
0.79, 646452
0.8, 646452
0.81, 646452
0.82, 616644
0.83, 616644
0.84, 616644
0.85, 616644
0.86, 616644
0.87, 616644
0.88, 616644
0.89, 616644
0.9, 616644
0.91, 616644
0.92, 616644
0.93, 616644
0.94, 616644
0.95, 616644
0.96, 616644
0.97, 616644
0.98, 616644
0.99, 616644
1.0, 616644
1.01, 616644
1.02, 616644
1.03, 616644
1.04, 616644
1.05, 616644
1.06, 616644
1.07, 616644
1.08, 616644
1.09, 616644
1.1, 616644
1.11, 616644
1.12, 616644
1.13, 616644
1.14, 616644
1.15, 616644
1.16, 616644
1.17, 616644
1.18, 616644
1.19, 616644
1.2, 616644
1.21, 616644
1.22, 616644
1.23, 616644
1.24, 616644
1.25, 616644
1.26, 616644
1.27, 616644
1.28, 616644
1.29, 616644
1.3, 616644
1.31, 616644
1.32, 616644
1.33, 616644
1.34, 616644
1.35, 616644
1.36, 616644
1.37, 608063
1.38, 608063
1.39, 608063
1.4, 608063
1.41, 608063
1.42, 608063
1.43, 608063
1.44, 608063
1.45, 608063
1.46, 608063
1.47, 608063
1.48, 608063
1.49, 608063
1.5, 608063
1.51, 608063
1.52, 608063
1.53, 608063
1.54, 608063
1.55, 608063
1.56, 608063
1.57, 608063
1.58, 608063
1.59, 608063
1.6, 608063
1.61, 608063
1.62, 608063
1.63, 608063
1.64, 608063
1.65, 608063
1.66, 608063
1.67, 608063
1.68, 608063
1.69, 608063
1.7, 608063
1.71, 608063
1.72, 608063
1.73, 608063
1.74, 608063
1.75, 608063
1.76, 608063
1.77, 608063
1.78, 608063
1.79, 608063
1.8, 608063
1.81, 608063
1.82, 608063
1.83, 608063
1.84, 608063
1.85, 608063
1.86, 608063
1.87, 608063
1.88, 608063
1.89, 608063
1.9, 608063
1.91, 608063
1.92, 608063
1.93, 608063
1.94, 608063
1.95, 608063
1.96, 608063
1.97, 608063
1.98, 608063
1.99, 608063
2.0, 608063
2.01, 608063
2.02, 608063
2.03, 608063
2.04, 608063
2.05, 608063
2.06, 608063
2.07, 608063
2.08, 608063
2.09, 608063
2.1, 608063
2.11, 608063
2.12, 608063
2.13, 608063
2.14, 608063
2.15, 608063
2.16, 608063
2.17, 608063
2.18, 608063
2.19, 608063
2.2, 608063
2.21, 608063
2.22, 608063
2.23, 608063
2.24, 608063
2.25, 608063
2.26, 608063
2.27, 608063
2.28, 608063
2.29, 608063
2.3, 608063
2.31, 608063
2.32, 608063
2.33, 608063
2.34, 608063
2.35, 608063
2.36, 608063
2.37, 608063
2.38, 608063
2.39, 608063
2.4, 608063
2.41, 608063
2.42, 608063
2.43, 608063
2.44, 608063
2.45, 608063
2.46, 608063
2.47, 608063
2.48, 608063
2.49, 608063
2.5, 608063
2.51, 608063
2.52, 608063
2.53, 608063
2.54, 608063
2.55, 608063
2.56, 608063
2.57, 608063
2.58, 608063
2.59, 608063
2.6, 608063
2.61, 608063
2.62, 608063
2.63, 608063
2.64, 608063
2.65, 608063
2.66, 608063
2.67, 608063
2.68, 608063
2.69, 608063
2.7, 608063
2.71, 608063
2.72, 608063
2.73, 608063
2.74, 608063
2.75, 608063
2.76, 608063
2.77, 608063
2.79, 608063
2.8, 608063
2.81, 608063
2.82, 608063
2.83, 608063
2.84, 608063
2.85, 608063
2.86, 608063
2.87, 608063
2.88, 608063
2.89, 608063
2.9, 608063
2.91, 608063
2.92, 608063
2.93, 608063
2.94, 608063
2.95, 608063
2.96, 608063
2.97, 608063
2.98, 608063
2.99, 608063
3.0, 608063
3.01, 608063
3.02, 608063
3.03, 608063
3.04, 608063
3.05, 608063
3.06, 608063
3.07, 608063
3.08, 608063
3.09, 608063
3.1, 608063
3.11, 608063
3.12, 608063
3.13, 608063
3.14, 608063
3.15, 608063
3.16, 608063
3.17, 608063
3.18, 608063
3.19, 608063
3.2, 608063
3.21, 608063
3.22, 608063
3.23, 608063
3.24, 608063
3.25, 608063
3.26, 608063
3.27, 608063
3.28, 608063
3.29, 608063
3.3, 608063
3.31, 608063
3.32, 608063
3.33, 608063
3.34, 608063
3.35, 608063
3.36, 608063
3.37, 608063
3.38, 608063
3.39, 608063
3.4, 608063
3.41, 608063
3.42, 608063
3.43, 608063
3.44, 608063
3.45, 608063
3.46, 608063
3.47, 608063
3.48, 608063
3.49, 608063
3.5, 608063
3.51, 608063
3.52, 608063
3.53, 608063
3.54, 608063
3.55, 608063
3.56, 608063
3.57, 608063
3.58, 608063
3.59, 608063
3.6, 608063
3.61, 608063
3.62, 608063
3.63, 608063
3.64, 608063
3.65, 608063
3.66, 608063
3.67, 608063
3.68, 608063
3.69, 608063
3.7, 608063
3.71, 608063
3.72, 608063
3.73, 608063
3.74, 608063
3.75, 608063
3.76, 608063
3.77, 608063
3.78, 608063
3.79, 608063
3.8, 608063
3.81, 608063
3.82, 608063
3.83, 608063
3.84, 608063
3.85, 608063
3.86, 608063
3.87, 608063
3.88, 608063
3.89, 608063
3.9, 608063
3.91, 608063
3.92, 608063
3.93, 608063
3.94, 608063
3.95, 608063
3.96, 608063
3.97, 608063
3.98, 608063
3.99, 608063
4.0, 608063
4.01, 608063
4.02, 608063
4.03, 608063
4.04, 608063
4.05, 608063
4.06, 608063
4.07, 608063
4.08, 608063
4.09, 608063
4.1, 608063
4.11, 608063
4.12, 608063
4.13, 608063
4.14, 608063
4.15, 608063
4.16, 608063
4.17, 608063
4.18, 608063
4.19, 608063
4.2, 608063
4.21, 608063
4.22, 608063
4.23, 608063
4.24, 608063
4.25, 608063
4.26, 608063
4.27, 608063
4.28, 608063
4.29, 608063
4.3, 608063
4.31, 608063
4.32, 608063
4.33, 608063
4.34, 608063
4.35, 608063
4.36, 608063
4.37, 608063
4.38, 608063
4.39, 608063
4.4, 608063
4.41, 608063
4.42, 608063
4.43, 608063
4.44, 608063
4.45, 608063
4.46, 608063
4.47, 608063
4.48, 608063
4.49, 608063
4.5, 608063
4.51, 608063
4.52, 608063
4.53, 608063
4.54, 608063
4.55, 608063
4.56, 608063
4.57, 608063
4.58, 608063
4.59, 608063
4.6, 608063
4.61, 608063
4.62, 608063
4.63, 608063
4.64, 608063
4.65, 608063
4.66, 608063
4.67, 608063
4.68, 608063
4.69, 608063
4.7, 608063
4.71, 608063
4.72, 608063
4.73, 608063
4.74, 608063
4.75, 608063
4.76, 608063
4.77, 608063
4.78, 608063
4.79, 608063
4.8, 608063
4.81, 608063
4.82, 608063
4.83, 608063
4.84, 608063
4.85, 608063
4.86, 608063
4.87, 608063
4.88, 608063
4.89, 608063
4.9, 608063
4.91, 608063
4.92, 608063
4.93, 608063
4.94, 608063
4.95, 608063
4.96, 608063
4.97, 608063
4.98, 608063
4.99, 608063
5.0, 608063
5.01, 608063
5.02, 608063
5.03, 608063
5.04, 608063
5.05, 608063
5.06, 608063
5.07, 608063
5.08, 608063
5.09, 608063
5.1, 608063
5.11, 608063
5.12, 608063
5.13, 608063
5.14, 608063
5.15, 608063
5.16, 608063
5.17, 608063
5.18, 608063
5.19, 608063
5.2, 608063
5.21, 608063
5.22, 608063
5.23, 608063
5.24, 608063
5.25, 608063
5.26, 608063
5.27, 608063
5.28, 608063
5.29, 608063
5.3, 608063
5.31, 608063
5.32, 608063
5.33, 608063
5.34, 608063
5.35, 608063
5.36, 608063
5.37, 608063
5.38, 608063
5.39, 608063
5.4, 608063
5.41, 608063
5.42, 608063
5.43, 608063
5.44, 608063
5.45, 608063
5.46, 608063
5.47, 608063
5.48, 608063
5.49, 608063
5.5, 608063
5.51, 608063
5.52, 608063
5.53, 608063
5.54, 608063
5.55, 608063
5.56, 608063
5.57, 608063
5.58, 608063
5.59, 608063
5.6, 608063
5.61, 608063
5.62, 608063
5.63, 608063
5.64, 608063
5.65, 608063
5.66, 608063
5.67, 608063
5.68, 608063
5.69, 608063
5.7, 608063
5.71, 608063
5.72, 608063
5.73, 608063
5.74, 608063
5.75, 608063
5.76, 608063
5.77, 608063
5.78, 608063
5.79, 608063
5.8, 608063
5.81, 608063
5.82, 608063
5.83, 608063
5.84, 608063
5.85, 608063
5.86, 608063
5.87, 608063
5.88, 608063
5.89, 608063
5.9, 608063
5.91, 608063
5.92, 608063
5.93, 608063
5.94, 608063
5.95, 608063
5.96, 608063
5.97, 608063
5.98, 608063
5.99, 608063
6.0, 608063
6.01, 608063
6.02, 608063
6.03, 608063
6.04, 608063
6.05, 608063
6.06, 608063
6.07, 608063
6.08, 608063
6.09, 608063
6.1, 608063
6.11, 608063
6.12, 608063
6.13, 608063
6.14, 608063
6.15, 608063
6.16, 608063
6.17, 608063
6.18, 608063
6.19, 608063
6.2, 608063
6.21, 608063
6.22, 608063
6.23, 608063
6.24, 608063
6.25, 608063
6.26, 608063
6.27, 608063
6.28, 608063
6.29, 608063
6.3, 608063
6.31, 608063
6.32, 608063
6.33, 608063
6.34, 608063
6.35, 608063
6.36, 608063
6.37, 608063
6.38, 608063
6.39, 608063
6.4, 608063
6.41, 608063
6.42, 608063
6.43, 608063
6.44, 608063
6.45, 608063
6.46, 608063
6.47, 608063
6.48, 608063
6.49, 608063
6.5, 608063
6.51, 608063
6.52, 608063
6.53, 608063
6.54, 608063
6.55, 608063
6.56, 608063
6.57, 608063
6.58, 608063
6.59, 608063
6.6, 608063
6.61, 608063
6.62, 608063
6.63, 608063
6.64, 608063
6.65, 608063
6.66, 608063
6.67, 608063
6.68, 608063
6.69, 608063
6.7, 608063
6.71, 608063
6.72, 608063
6.73, 608063
6.74, 608063
6.75, 608063
6.76, 608063
6.77, 608063
6.78, 608063
6.79, 608063
6.8, 608063
6.81, 608063
6.82, 608063
6.83, 608063
6.84, 608063
6.85, 608063
6.86, 608063
6.87, 608063
6.88, 608063
6.89, 608063
6.9, 608063
6.91, 608063
6.92, 608063
6.93, 608063
6.94, 608063
6.95, 608063
6.96, 608063
6.97, 608063
6.98, 608063
6.99, 608063
7.0, 608063
7.01, 608063
7.02, 608063
7.03, 608063
7.04, 608063
7.05, 608063
7.06, 608063
7.07, 608063
7.08, 608063
7.09, 608063
7.1, 608063
7.11, 608063
7.12, 608063
7.13, 608063
7.14, 608063
7.15, 608063
7.16, 608063
7.17, 608063
7.18, 608063
7.19, 608063
7.2, 608063
7.21, 608063
7.22, 608063
7.23, 608063
7.24, 608063
7.25, 608063
7.26, 608063
7.27, 608063
7.28, 608063
7.29, 608063
7.3, 608063
7.31, 608063
7.32, 608063
7.33, 608063
7.34, 608063
7.35, 608063
7.36, 608063
7.37, 608063
7.38, 608063
7.39, 608063
7.4, 608063
7.41, 608063
7.42, 608063
7.43, 608063
7.44, 608063
7.45, 608063
7.46, 608063
7.47, 608063
7.48, 608063
7.49, 608063
7.5, 608063
7.51, 608063
7.52, 608063
7.53, 608063
7.54, 608063
7.55, 608063
7.56, 608063
7.57, 608063
7.58, 608063
7.59, 608063
7.6, 608063
7.61, 608063
7.62, 608063
7.63, 608063
7.64, 608063
7.65, 608063
7.66, 608063
7.67, 608063
7.68, 608063
7.69, 608063
7.7, 608063
7.71, 608063
7.72, 608063
7.73, 608063
7.74, 608063
7.75, 608063
7.76, 608063
7.77, 608063
7.78, 608063
7.79, 608063
7.8, 608063
7.81, 608063
7.82, 608063
7.83, 608063
7.84, 608063
7.85, 608063
7.86, 608063
7.87, 608063
7.88, 608063
7.89, 608063
7.9, 608063
7.91, 608063
7.92, 608063
7.93, 608063
7.94, 608063
7.95, 608063
7.96, 608063
7.97, 608063
7.98, 608063
7.99, 608063
8.0, 608063
8.01, 608063
8.02, 608063
8.03, 608063
8.04, 608063
8.05, 608063
8.06, 608063
8.07, 608063
8.08, 608063
8.09, 608063
8.1, 608063
8.11, 608063
8.12, 608063
8.13, 608063
8.14, 608063
8.15, 608063
8.16, 608063
8.17, 608063
8.18, 608063
8.19, 608063
8.2, 608063
8.21, 608063
8.22, 608063
8.23, 608063
8.24, 608063
8.25, 608063
8.26, 608063
8.27, 608063
8.28, 608063
8.29, 608063
8.3, 608063
8.31, 608063
8.32, 608063
8.33, 608063
8.34, 608063
8.35, 608063
8.36, 608063
8.37, 608063
8.38, 608063
8.39, 608063
8.4, 608063
8.41, 608063
8.42, 608063
8.43, 608063
8.44, 608063
8.45, 608063
8.46, 608063
8.47, 608063
8.48, 608063
8.49, 608063
8.5, 608063
8.51, 608063
8.52, 608063
8.53, 608063
8.54, 608063
8.55, 608063
8.56, 608063
8.57, 608063
8.58, 608063
8.59, 608063
8.6, 608063
8.61, 608063
8.62, 608063
8.63, 608063
8.64, 608063
8.65, 608063
8.66, 608063
8.67, 608063
8.68, 608063
8.69, 608063
8.7, 608063
8.71, 608063
8.72, 608063
8.73, 608063
8.74, 608063
8.75, 608063
8.76, 608063
8.77, 608063
8.78, 608063
8.79, 608063
8.8, 608063
8.81, 608063
8.82, 608063
8.83, 608063
8.84, 608063
8.85, 608063
8.86, 608063
8.87, 608063
8.88, 608063
8.89, 608063
8.9, 608063
8.91, 608063
8.92, 608063
8.93, 608063
8.94, 608063
8.95, 608063
8.96, 608063
8.97, 608063
8.98, 608063
8.99, 608063
9.0, 608063
9.01, 608063
9.02, 608063
9.03, 608063
9.04, 608063
9.05, 608063
9.06, 608063
9.07, 608063
9.08, 608063
9.09, 608063
9.1, 608063
9.11, 608063
9.12, 608063
9.13, 608063
9.14, 608063
9.15, 608063
9.16, 608063
9.17, 608063
9.18, 608063
9.19, 608063
9.2, 608063
9.21, 608063
9.22, 608063
9.23, 608063
9.24, 608063
9.25, 608063
9.26, 608063
9.27, 608063
9.28, 608063
9.29, 608063
9.3, 608063
9.31, 608063
9.32, 608063
9.33, 608063
9.34, 608063
9.35, 608063
9.36, 608063
9.37, 608063
9.38, 608063
9.39, 608063
9.4, 608063
9.41, 608063
9.42, 608063
9.43, 608063
9.44, 608063
9.45, 608063
9.46, 608063
9.47, 608063
9.48, 608063
9.49, 608063
9.5, 608063
9.51, 608063
9.52, 608063
9.53, 608063
9.54, 608063
9.55, 608063
9.56, 608063
9.57, 608063
9.58, 608063
9.59, 608063
9.6, 608063
9.61, 608063
9.62, 608063
9.63, 608063
9.64, 608063
9.65, 608063
9.66, 608063
9.67, 608063
9.68, 608063
9.69, 608063
9.7, 608063
9.71, 608063
9.72, 608063
9.73, 608063
9.74, 608063
9.75, 608063
9.76, 608063
9.77, 608063
9.78, 608063
9.79, 608063
9.8, 608063
9.81, 608063
9.82, 608063
9.83, 608063
9.84, 608063
9.85, 608063
9.86, 608063
9.87, 608063
9.88, 608063
9.89, 608063
9.9, 608063
9.91, 608063
9.92, 608063
9.93, 608063
9.94, 608063
9.95, 608063
9.96, 608063
9.97, 608063
9.98, 608063
9.99, 608063
10.0, 608063
10.01, 608063
10.02, 608063
10.03, 608063
10.04, 608063
10.05, 608063
10.06, 608063
10.07, 608063
10.08, 608063
10.09, 608063
10.1, 608063
10.11, 608063
10.12, 608063
10.13, 608063
10.14, 608063
10.15, 608063
10.16, 608063
10.17, 608063
10.18, 608063
10.19, 608063
10.2, 608063
10.21, 608063
10.22, 608063
10.23, 608063
10.24, 608063
10.25, 608063
10.26, 608063
10.27, 608063
10.28, 608063
10.29, 608063
10.3, 608063
10.31, 608063
10.32, 608063
10.33, 608063
10.34, 608063
10.35, 608063
10.36, 608063
10.37, 608063
10.38, 608063
10.39, 608063
10.4, 608063
10.41, 608063
10.42, 608063
10.43, 608063
10.44, 608063
10.45, 608063
10.46, 608063
10.47, 608063
10.48, 608063
10.49, 608063
10.5, 608063
10.51, 608063
10.52, 608063
10.53, 608063
10.54, 608063
10.55, 608063
10.56, 608063
10.57, 608063
10.58, 608063
10.59, 608063
10.6, 608063
10.61, 608063
10.62, 608063
10.63, 608063
10.64, 608063
10.65, 608063
10.66, 608063
10.67, 608063
10.68, 608063
10.69, 608063
10.7, 608063
10.71, 608063
10.72, 608063
10.73, 608063
10.74, 608063
10.75, 608063
10.76, 608063
10.77, 608063
10.78, 608063
10.79, 608063
10.8, 608063
10.81, 603993
10.82, 603993
10.83, 603993
10.84, 603993
10.85, 603993
10.86, 603993
10.87, 603993
10.88, 603993
10.89, 603993
10.9, 603993
10.91, 603993
10.92, 603993
10.93, 603993
10.94, 603993
10.95, 603993
10.96, 603993
10.97, 603993
10.98, 603993
10.99, 603993
11.0, 603993
11.01, 603993
11.02, 603993
11.03, 603993
11.04, 603993
11.05, 603993
11.06, 603993
11.07, 603993
11.08, 603993
11.09, 603993
11.1, 603993
11.11, 603993
11.12, 603993
11.13, 603993
11.14, 603993
11.15, 603993
11.16, 603993
11.17, 603993
11.18, 603993
11.19, 603993
11.2, 603993
11.21, 603993
11.22, 603993
11.23, 603993
11.24, 603993
11.25, 603993
11.26, 603993
11.27, 603993
11.28, 603993
11.29, 603993
11.3, 603993
11.31, 603993
11.32, 603993
11.33, 603993
11.34, 603993
11.35, 603993
11.36, 603993
11.37, 603993
11.38, 603993
11.39, 603993
11.4, 603993
11.41, 603993
11.42, 603993
11.43, 603993
11.44, 603993
11.45, 603993
11.46, 603993
11.47, 603993
11.48, 603993
11.49, 603993
11.5, 603993
11.51, 603993
11.52, 603993
11.53, 603993
11.54, 603993
11.55, 603993
11.56, 603993
11.57, 603993
11.58, 603993
11.59, 603993
11.6, 603993
11.61, 603993
11.62, 603993
11.63, 603993
11.64, 603993
11.65, 603993
11.66, 603993
11.67, 603993
11.68, 603993
11.69, 603993
11.7, 603993
11.71, 603993
11.72, 603993
11.73, 603993
11.74, 603993
11.75, 603993
11.76, 603993
11.77, 603993
11.78, 603993
11.79, 603993
11.8, 603993
11.81, 603993
11.82, 603993
11.83, 603993
11.84, 603993
11.85, 603993
11.86, 603993
11.87, 603993
11.88, 603993
11.89, 603993
11.9, 603993
11.91, 603993
11.92, 603993
11.93, 603993
11.94, 603993
11.95, 603993
11.96, 603993
11.97, 603993
11.98, 603993
11.99, 603993
12.0, 603993
12.01, 603993
12.02, 603993
12.03, 603993
12.04, 603993
12.05, 603993
12.06, 603993
12.07, 603993
12.08, 603993
12.09, 603993
12.1, 603993
12.11, 603993
12.12, 603993
12.13, 603993
12.14, 603993
12.15, 603993
12.16, 603993
12.17, 603993
12.18, 603993
12.19, 603993
12.2, 603993
12.21, 603993
12.22, 603993
12.23, 603993
12.24, 603993
12.25, 603993
12.26, 603993
12.27, 603993
12.28, 603993
12.29, 603993
12.3, 603993
12.31, 603993
12.32, 603993
12.33, 603993
12.34, 603993
12.35, 603993
12.36, 603993
12.37, 603993
12.38, 603993
12.39, 603993
12.4, 603993
12.41, 603993
12.42, 603993
12.43, 603993
12.44, 603993
12.45, 603993
12.46, 603993
12.47, 603993
12.48, 603993
12.49, 603993
12.5, 603993
12.51, 603993
12.52, 603993
12.53, 603993
12.54, 603993
12.55, 603993
12.56, 603993
12.57, 603993
12.58, 603993
12.59, 603993
12.6, 603993
12.61, 603993
12.62, 603993
12.63, 603993
12.64, 603993
12.65, 603993
12.66, 603993
12.67, 603993
12.68, 603993
12.69, 603993
12.7, 603993
12.71, 603993
12.72, 603993
12.73, 603993
12.74, 603993
12.75, 603993
12.76, 603993
12.77, 603993
12.78, 603993
12.79, 603993
12.8, 603993
12.81, 603993
12.82, 603993
12.83, 603993
12.84, 603993
12.85, 603993
12.86, 603993
12.87, 603993
12.88, 603993
12.89, 603993
12.9, 603993
12.91, 603993
12.92, 603993
12.93, 603993
12.94, 603993
12.95, 603993
12.96, 603993
12.97, 603993
12.98, 603993
12.99, 603993
13.0, 603993
13.01, 603993
13.02, 603993
13.03, 603993
13.04, 603993
13.05, 603993
13.06, 603993
13.07, 603993
13.08, 603993
13.09, 603993
13.1, 603993
13.11, 603993
13.12, 603993
13.13, 603993
13.14, 603993
13.15, 603993
13.16, 603993
13.17, 603993
13.18, 603993
13.19, 603993
13.2, 603993
13.21, 603993
13.22, 603993
13.23, 603993
13.24, 603993
13.25, 603993
13.26, 603993
13.27, 603993
13.28, 603993
13.29, 603993
13.3, 603993
13.31, 603993
13.32, 603993
13.33, 603993
13.34, 603993
13.35, 603993
13.36, 603993
13.37, 603993
13.38, 603993
13.39, 603993
13.4, 603993
13.41, 603993
13.42, 603993
13.43, 603993
13.44, 603993
13.45, 603993
13.46, 603993
13.47, 603993
13.48, 603993
13.49, 603993
13.5, 603993
13.51, 603993
13.52, 603993
13.53, 603993
13.54, 603993
13.55, 603993
13.56, 603993
13.57, 603993
13.58, 603993
13.59, 603993
13.6, 603993
13.61, 603993
13.62, 603993
13.63, 603993
13.64, 603993
13.65, 603993
13.66, 603993
13.67, 603993
13.68, 603993
13.69, 603993
13.7, 603993
13.71, 603993
13.72, 603993
13.73, 603993
13.74, 603993
13.75, 603993
13.76, 603993
13.77, 603993
13.78, 603993
13.79, 603993
13.8, 603993
13.81, 603993
13.82, 603993
13.83, 603993
13.84, 603993
13.85, 603993
13.86, 603993
13.87, 603993
13.88, 603993
13.89, 603993
13.9, 603993
13.91, 603993
13.92, 603993
13.93, 603993
13.94, 603993
13.95, 603993
13.96, 603993
13.97, 603993
13.98, 603993
13.99, 603993
14.0, 603993
14.01, 603993
14.02, 603993
14.03, 603993
14.04, 603993
14.05, 603993
14.06, 603993
14.07, 603993
14.08, 603993
14.09, 603993
14.1, 603993
14.11, 603993
14.12, 603993
14.13, 603993
14.14, 603993
14.15, 603993
14.16, 603993
14.17, 603993
14.18, 603993
14.19, 603993
14.2, 603993
14.21, 603993
14.22, 603993
14.23, 603993
14.24, 603993
14.25, 603993
14.26, 603993
14.27, 603993
14.28, 603993
14.29, 603993
14.3, 603993
14.31, 603993
14.32, 603993
14.33, 603993
14.34, 603993
14.35, 603993
14.36, 603993
14.37, 603993
14.38, 603993
14.39, 603993
14.4, 603993
14.41, 603993
14.42, 603993
14.43, 603993
14.44, 603993
14.45, 603993
14.46, 603993
14.47, 603993
14.48, 603993
14.49, 603993
14.5, 603993
14.51, 603993
14.52, 603993
14.53, 603993
14.54, 603993
14.55, 603993
14.56, 603993
14.57, 603993
14.58, 603993
14.59, 603993
14.6, 603993
14.61, 603993
14.62, 603993
14.63, 603993
14.64, 603993
14.65, 603993
14.66, 603993
14.67, 603993
14.68, 603993
14.69, 603993
14.7, 603993
14.71, 603993
14.72, 603993
14.73, 603993
14.74, 603993
14.75, 603993
14.76, 603993
14.77, 603993
14.78, 603993
14.79, 603993
14.8, 603993
14.81, 603993
14.82, 603993
14.83, 603993
14.84, 603993
14.85, 603993
14.86, 603993
14.87, 603993
14.88, 603993
14.89, 603993
14.9, 603993
14.91, 603993
14.92, 603993
14.93, 603993
14.94, 603993
14.95, 603993
14.96, 603993
14.97, 603993
14.98, 603993
14.99, 603993
15.0, 603993
15.01, 603993
15.02, 603993
15.03, 603993
15.04, 603993
15.05, 603993
15.06, 603993
15.07, 603993
15.08, 603993
15.09, 603993
15.1, 603993
15.11, 603993
15.12, 603993
15.13, 603993
15.14, 603993
15.15, 603993
15.16, 603993
15.17, 603993
15.18, 603993
15.19, 603993
15.2, 603993
15.21, 603993
15.22, 603993
15.23, 603993
15.24, 603993
15.25, 603993
15.26, 603993
15.27, 603993
15.28, 603993
15.29, 603993
15.3, 603993
15.31, 603993
15.32, 603993
15.33, 603993
15.34, 603993
15.35, 603993
15.36, 603993
15.37, 603993
15.38, 603993
15.39, 603993
15.4, 603993
15.41, 603993
15.42, 603993
15.43, 603993
15.44, 603993
15.45, 603993
15.46, 603993
15.47, 603993
15.48, 603993
15.49, 603993
15.5, 603993
15.51, 603993
15.52, 603993
15.53, 603993
15.54, 603993
15.55, 603993
15.56, 603993
15.57, 603993
15.58, 603993
15.59, 603993
15.6, 603993
15.61, 603993
15.62, 603993
15.63, 603993
15.64, 603993
15.65, 603993
15.66, 603993
15.67, 603993
15.68, 603993
15.69, 603993
15.7, 603993
15.71, 603993
15.72, 603993
15.73, 603993
15.74, 603993
15.75, 603993
15.76, 603993
15.77, 603993
15.78, 603993
15.79, 603993
15.8, 603993
15.81, 603993
15.82, 603993
15.83, 603993
15.84, 603993
15.85, 603993
15.86, 603993
15.87, 603993
15.88, 603993
15.89, 603993
15.9, 603993
15.91, 603993
15.92, 603993
15.93, 603993
15.94, 603993
15.95, 603993
15.96, 603993
15.97, 603993
15.98, 603993
15.99, 603993
16.0, 603993
16.01, 603993
16.02, 603993
16.03, 603993
16.04, 603993
16.05, 603993
16.06, 603993
16.07, 603993
16.08, 603993
16.09, 603993
16.1, 603993
16.11, 603993
16.12, 603993
16.13, 603993
16.14, 603993
16.15, 603993
16.16, 603993
16.17, 603993
16.18, 603993
16.19, 603993
16.2, 603993
16.21, 603993
16.22, 603993
16.23, 603993
16.24, 603993
16.25, 603993
16.26, 603993
16.27, 603993
16.28, 603993
16.29, 603993
16.3, 603993
16.31, 603993
16.32, 603993
16.33, 603993
16.34, 603993
16.35, 603993
16.36, 603993
16.37, 603993
16.38, 603993
16.39, 603993
16.4, 603993
16.41, 603993
16.42, 603993
16.43, 603993
16.44, 603993
16.45, 603993
16.46, 603993
16.47, 603993
16.48, 603993
16.49, 603993
16.5, 603993
16.51, 603993
16.52, 603993
16.53, 603993
16.54, 603993
16.55, 603993
16.56, 603993
16.57, 603993
16.58, 603993
16.59, 603993
16.6, 603993
16.61, 603993
16.62, 603993
16.63, 603993
16.64, 603993
16.65, 603993
16.66, 603993
16.67, 603993
16.68, 603993
16.69, 603993
16.7, 603993
16.71, 603993
16.72, 603993
16.73, 603993
16.74, 603993
16.75, 603993
16.76, 603993
16.77, 603993
16.78, 603993
16.79, 603993
16.8, 603993
16.81, 603993
16.82, 603993
16.83, 603993
16.84, 603993
16.85, 603993
16.86, 603993
16.87, 603993
16.88, 603993
16.89, 603993
16.9, 603993
16.91, 603993
16.92, 603993
16.93, 603993
16.94, 603993
16.95, 603993
16.96, 603993
16.97, 603993
16.98, 603993
16.99, 603993
17.0, 603993
17.01, 603993
17.02, 603993
17.03, 603993
17.04, 603993
17.05, 603993
17.06, 603993
17.07, 603993
17.08, 603993
17.09, 603993
17.1, 603993
17.11, 603993
17.12, 603993
17.13, 603993
17.14, 603993
17.15, 603993
17.16, 603993
17.17, 603993
17.18, 603993
17.19, 603993
17.2, 603993
17.21, 603993
17.22, 603993
17.23, 603993
17.24, 603993
17.25, 603993
17.26, 603993
17.27, 603993
17.28, 603993
17.29, 603993
17.3, 603993
17.31, 603993
17.32, 603993
17.33, 603993
17.34, 603993
17.35, 603993
17.36, 603993
17.37, 603993
17.38, 603993
17.39, 603993
17.4, 603993
17.41, 603993
17.42, 603993
17.43, 603993
17.44, 603993
17.45, 603993
17.46, 603993
17.47, 603993
17.48, 603993
17.49, 603993
17.5, 603993
17.51, 603993
17.52, 603993
17.53, 603993
17.54, 603993
17.55, 603993
17.56, 603993
17.57, 603993
17.58, 603993
17.59, 603993
17.6, 603993
17.61, 603993
17.62, 603993
17.63, 603993
17.64, 603993
17.65, 603993
17.66, 603993
17.67, 603993
17.68, 603993
17.69, 603993
17.7, 603993
17.71, 603993
17.72, 603993
17.73, 603993
17.74, 603993
17.75, 603993
17.76, 603993
17.77, 603993
17.78, 603993
17.79, 603993
17.8, 603993
17.81, 603993
17.82, 603993
17.83, 603993
17.84, 603993
17.85, 603993
17.86, 603993
17.87, 603993
17.88, 603993
17.89, 603993
17.9, 603993
17.91, 603993
17.92, 603993
17.93, 603993
17.94, 603993
17.95, 603993
17.96, 603993
17.97, 603993
17.98, 603993
17.99, 603993
18.0, 603993
18.01, 603993
18.02, 603993
18.03, 603993
18.04, 603993
18.05, 603993
18.06, 603993
18.07, 603993
18.08, 603993
18.09, 603993
18.1, 603993
18.11, 603993
18.12, 603993
18.13, 603993
18.14, 603993
18.15, 603993
18.16, 603993
18.17, 603993
18.18, 603993
18.19, 603993
18.2, 603993
18.21, 603993
18.22, 603993
18.23, 603993
18.24, 603993
18.25, 603993
18.26, 603993
18.27, 603993
18.28, 603993
18.29, 603993
18.3, 603993
18.31, 603993
18.32, 603993
18.33, 603993
18.34, 603993
18.35, 603993
18.36, 603993
18.37, 603993
18.38, 603993
18.39, 603993
18.4, 603993
18.41, 603993
18.42, 603993
18.43, 603993
18.44, 603993
18.45, 603993
18.46, 603993
18.47, 603993
18.48, 603993
18.49, 603993
18.5, 603993
18.51, 603993
18.52, 603993
18.53, 603993
18.54, 603993
18.55, 603993
18.56, 603993
18.57, 603993
18.58, 603993
18.59, 603993
18.6, 603993
18.61, 603993
18.62, 603993
18.63, 603993
18.64, 603993
18.65, 603993
18.66, 603993
18.67, 603993
18.68, 603993
18.69, 603993
18.7, 603993
18.71, 603993
18.72, 603993
18.73, 603993
18.74, 603993
18.75, 603993
18.76, 603993
18.77, 603993
18.78, 603993
18.79, 603993
18.8, 603993
18.81, 603993
18.82, 603993
18.83, 603993
18.84, 603993
18.85, 603993
18.86, 603993
18.87, 603993
18.88, 603993
18.89, 603993
18.9, 603993
18.91, 603993
18.92, 603993
18.93, 603993
18.94, 603993
18.95, 603993
18.96, 603993
18.97, 603993
18.98, 603993
18.99, 603993
19.0, 603993
19.01, 603993
19.02, 603993
19.03, 603993
19.04, 603993
19.05, 603993
19.06, 603993
19.07, 603993
19.08, 603993
19.09, 603993
19.1, 603993
19.11, 603993
19.12, 603993
19.13, 603993
19.14, 603993
19.15, 603993
19.16, 603993
19.17, 603993
19.18, 603993
19.19, 603993
19.2, 603993
19.21, 603993
19.22, 603993
19.23, 603993
19.24, 603993
19.25, 603993
19.26, 603993
19.27, 603993
19.28, 603993
19.29, 603993
19.3, 603993
19.31, 603993
19.32, 603993
19.33, 603993
19.34, 603993
19.35, 603993
19.36, 603993
19.37, 603993
19.38, 603993
19.39, 603993
19.4, 603993
19.41, 603993
19.42, 603993
19.43, 603993
19.44, 603993
19.45, 603993
19.46, 603993
19.47, 603993
19.48, 603993
19.49, 603993
19.5, 603993
19.51, 603993
19.52, 603993
19.53, 603993
19.54, 603993
19.55, 603993
19.56, 603993
19.57, 603993
19.58, 603993
19.59, 603993
19.6, 603993
19.61, 603993
19.62, 603993
19.63, 603993
19.64, 603993
19.65, 603993
19.66, 603993
19.67, 603993
19.68, 603993
19.69, 603993
19.7, 603993
19.71, 603993
19.72, 603993
19.73, 603993
19.74, 603993
19.75, 603993
19.76, 603993
19.77, 603993
19.78, 603993
19.79, 603993
19.8, 603993
19.81, 603993
19.82, 603993
19.83, 603993
19.84, 603993
19.85, 603993
19.86, 603993
19.87, 603993
19.88, 603993
19.89, 603993
19.9, 603993
19.91, 603993
19.92, 603993
19.93, 603993
19.94, 603993
19.95, 603993
19.96, 603993
19.97, 603993
19.98, 603993
19.99, 603993
20.0, 603993
20.01, 603993
20.02, 603993
20.03, 603993
20.04, 603993
20.05, 603993
20.06, 603993
20.07, 603993
20.08, 603993
20.09, 603993
20.1, 603993
20.11, 603993
20.12, 603993
20.13, 603993
20.14, 603993
20.15, 603993
20.16, 603993
20.17, 603993
20.18, 603993
20.19, 603993
20.2, 603993
20.21, 603993
20.22, 603993
20.23, 603993
20.24, 603993
20.25, 603993
20.26, 603993
20.27, 603993
20.28, 603993
20.29, 603993
20.3, 603993
20.31, 603993
20.32, 603993
20.33, 603993
20.34, 603993
20.35, 603993
20.36, 603993
20.37, 603993
20.38, 603993
20.39, 603993
20.4, 603993
20.41, 603993
20.42, 603993
20.43, 603993
20.44, 603993
20.45, 603993
20.46, 603993
20.47, 603993
20.48, 603993
20.49, 603993
20.5, 603993
20.51, 603993
20.52, 603993
20.53, 603993
20.54, 603993
20.55, 603993
20.56, 603993
20.57, 603993
20.58, 603993
20.59, 603993
20.6, 603993
20.61, 603993
20.62, 603993
20.63, 603993
20.64, 603993
20.65, 603993
20.66, 603993
20.67, 603993
20.68, 603993
20.69, 603993
20.7, 603993
20.71, 603993
20.72, 603993
20.73, 603993
20.74, 603993
20.75, 603993
20.76, 603993
20.77, 603993
20.78, 603993
20.79, 603993
20.8, 603993
20.81, 603993
20.82, 603993
20.83, 603993
20.84, 603993
20.85, 603993
20.86, 603993
20.87, 603993
20.88, 603993
20.89, 603993
20.9, 603993
20.91, 603993
20.92, 603993
20.93, 603993
20.94, 603993
20.95, 603993
20.96, 603993
20.97, 603993
20.98, 603993
20.99, 603993
21.0, 603993
21.01, 603993
21.02, 603993
21.03, 603993
21.04, 603993
21.05, 603993
21.06, 603993
21.07, 603993
21.08, 603993
21.09, 603993
21.1, 603993
21.11, 603993
21.12, 603993
21.13, 603993
21.14, 603993
21.15, 603993
21.16, 603993
21.17, 603993
21.18, 603993
21.19, 603993
21.2, 603993
21.21, 603993
21.22, 603993
21.23, 603993
21.24, 603993
21.25, 603993
21.26, 603993
21.27, 603993
21.28, 603993
21.29, 603993
21.3, 603993
21.31, 603993
21.32, 603993
21.33, 603993
21.34, 603993
21.35, 603993
21.36, 603993
21.37, 603993
21.38, 603993
21.39, 603993
21.4, 603993
21.41, 603993
21.42, 603993
21.43, 603993
21.44, 603993
21.45, 603993
21.46, 603993
21.47, 603993
21.48, 603993
21.49, 603993
21.5, 603993
21.51, 603993
21.52, 603993
21.53, 603993
21.54, 603993
21.55, 603993
21.56, 603993
21.57, 603993
21.58, 603993
21.59, 603993
21.6, 603993
21.61, 603993
21.62, 603993
21.63, 603993
21.64, 603993
21.65, 603993
21.66, 603993
21.67, 603993
21.68, 603993
21.69, 603993
21.7, 603993
21.71, 603993
21.72, 603993
21.73, 603993
21.74, 603993
21.75, 603993
21.76, 603993
21.77, 603993
21.78, 603993
21.79, 603993
21.8, 603993
21.81, 603993
21.82, 603993
21.83, 603993
21.84, 603993
21.85, 603993
21.86, 603993
21.87, 603993
21.88, 603993
21.89, 603993
21.9, 603993
21.91, 603993
21.92, 603993
21.93, 603993
21.94, 603993
21.95, 603993
21.96, 603993
21.97, 603993
21.98, 603993
21.99, 603993
22.0, 603993
22.01, 603993
22.02, 603993
22.03, 603993
22.04, 603993
22.05, 603993
22.06, 603993
22.07, 603993
22.08, 603993
22.09, 603993
22.1, 603993
22.11, 603993
22.12, 603993
22.13, 603993
22.14, 603993
22.15, 603993
22.16, 603993
22.17, 603993
22.18, 603993
22.19, 603993
22.2, 603993
22.21, 603993
22.22, 603993
22.23, 603993
22.24, 603993
22.25, 603993
22.26, 603993
22.27, 603993
22.28, 603993
22.29, 603993
22.3, 603993
22.31, 603993
22.32, 603993
22.33, 603993
22.34, 603993
22.35, 603993
22.36, 603993
22.37, 603993
22.38, 603993
22.39, 603993
22.4, 603993
22.41, 603993
22.42, 603993
22.43, 603993
22.44, 603993
22.45, 603993
22.46, 603993
22.47, 603993
22.48, 603993
22.49, 603993
22.5, 603993
22.51, 603993
22.52, 603993
22.53, 603993
22.54, 603993
22.55, 603993
22.56, 603993
22.57, 603993
22.58, 603993
22.59, 603993
22.6, 603993
22.61, 603993
22.62, 603993
22.63, 603993
22.64, 603993
22.65, 603993
22.66, 603993
22.67, 603993
22.68, 603993
22.69, 603993
22.7, 603993
22.71, 603993
22.72, 603993
22.73, 603993
22.74, 603993
22.75, 603993
22.76, 603993
22.77, 603993
22.78, 603993
22.79, 603993
22.8, 603993
22.81, 603993
22.82, 603993
22.83, 603993
22.84, 603993
22.85, 603993
22.86, 603993
22.87, 603993
22.88, 603993
22.89, 603993
22.9, 603993
22.91, 603993
22.92, 603993
22.93, 603993
22.94, 603993
22.95, 603993
22.96, 603993
22.97, 603993
22.98, 603993
22.99, 603993
23.0, 603993
23.01, 603993
23.02, 603993
23.03, 603993
23.04, 603993
23.05, 603993
23.06, 603993
23.07, 603993
23.08, 603993
23.09, 603993
23.1, 603993
23.11, 603993
23.12, 603993
23.13, 603993
23.14, 603993
23.15, 603993
23.16, 603993
23.17, 603993
23.18, 603993
23.19, 603993
23.2, 603993
23.21, 603993
23.22, 603993
23.23, 603993
23.24, 603993
23.25, 603993
23.26, 603993
23.27, 603993
23.28, 603993
23.29, 603993
23.3, 603993
23.31, 603993
23.32, 603993
23.33, 603993
23.34, 603993
23.35, 603993
23.36, 603993
23.37, 603993
23.38, 603993
23.39, 603993
23.4, 603993
23.41, 603993
23.42, 603993
23.43, 603993
23.44, 603993
23.45, 603993
23.46, 603993
23.47, 603993
23.48, 603993
23.49, 603993
23.5, 603993
23.51, 603993
23.52, 603993
23.53, 603993
23.54, 603993
23.55, 603993
23.56, 603993
23.57, 603993
23.58, 603993
23.59, 603993
23.6, 603993
23.61, 603993
23.62, 603993
23.63, 603993
23.64, 603993
23.65, 603993
23.66, 603993
23.67, 603993
23.68, 603993
23.69, 603993
23.7, 603993
23.71, 603993
23.72, 603993
23.73, 603993
23.74, 603993
23.75, 603993
23.76, 603993
23.77, 603993
23.78, 603993
23.79, 603993
23.8, 603993
23.81, 603993
23.82, 603993
23.83, 603993
23.84, 603993
23.85, 603993
23.86, 603993
23.87, 603993
23.88, 603993
23.89, 603993
23.9, 603993
23.91, 603993
23.92, 603993
23.93, 603993
23.94, 603993
23.95, 603993
23.96, 603993
23.97, 603993
23.98, 603993
23.99, 603993
24.0, 603993
24.01, 603993
24.02, 603993
24.03, 603993
24.04, 603993
24.05, 603993
24.06, 603993
24.07, 603993
24.08, 603993
24.09, 603993
24.1, 603993
24.11, 603993
24.12, 603993
24.13, 603993
24.14, 603993
24.15, 603993
24.16, 603993
24.17, 603993
24.18, 603993
24.19, 603993
24.2, 603993
24.21, 603993
24.22, 603993
24.23, 603993
24.24, 603993
24.25, 603993
24.26, 603993
24.27, 603993
24.28, 603993
24.29, 603993
24.3, 603993
24.31, 603993
24.32, 603993
24.33, 603993
24.34, 603993
24.35, 603993
24.36, 603993
24.37, 603993
24.38, 603993
24.39, 603993
24.4, 603993
24.41, 603993
24.42, 603993
24.43, 603993
24.44, 603993
24.45, 603993
24.46, 603993
24.47, 603993
24.48, 603993
24.49, 603993
24.5, 603993
24.51, 603993
24.52, 603993
24.53, 603993
24.54, 603993
24.55, 603993
24.56, 603993
24.57, 603993
24.58, 603993
24.59, 603993
24.6, 603993
24.61, 603993
24.62, 603993
24.63, 603993
24.64, 603993
24.65, 603993
24.66, 603993
24.67, 603993
24.68, 603993
24.69, 603993
24.7, 603993
24.71, 603993
24.72, 603993
24.73, 603993
24.74, 603993
24.75, 603993
24.76, 603993
24.77, 603993
24.78, 603993
24.79, 603993
24.8, 603993
24.81, 603993
24.82, 603993
24.83, 603993
24.84, 603993
24.85, 603993
24.86, 603993
24.87, 603993
24.88, 603993
24.89, 603993
24.9, 603993
24.91, 603993
24.92, 603993
24.93, 603993
24.94, 603993
24.95, 603993
24.96, 603993
24.97, 603993
24.98, 603993
24.99, 603993
25.0, 603993
25.01, 603993
25.02, 603993
25.03, 603993
25.04, 603993
25.05, 603993
25.06, 603993
25.07, 603993
25.08, 603993
25.09, 603993
25.1, 603993
25.11, 603993
25.12, 603993
25.13, 603993
25.14, 603993
25.15, 603993
25.16, 603993
25.17, 603993
25.18, 603993
25.19, 603993
25.2, 603993
25.21, 603993
25.22, 603993
25.23, 603993
25.24, 603993
25.25, 603993
25.26, 603993
25.27, 603993
25.28, 603993
25.29, 603993
25.3, 603993
25.31, 603993
25.32, 603993
25.33, 603993
25.34, 603993
25.35, 603993
25.36, 603993
25.37, 603993
25.38, 603993
25.39, 603993
25.4, 603993
25.41, 603993
25.42, 603993
25.43, 603993
25.44, 603993
25.45, 603993
25.46, 603993
25.47, 603993
25.48, 603993
25.49, 603993
25.5, 603993
25.51, 603993
25.52, 603993
25.53, 603993
25.54, 603993
25.55, 603993
25.56, 603993
25.57, 603993
25.59, 603993
25.6, 603993
25.61, 603993
25.62, 603993
25.63, 603993
25.64, 603993
25.65, 603993
25.66, 603993
25.67, 603993
25.68, 603993
25.69, 603993
25.7, 603993
25.71, 603993
25.72, 603993
25.73, 603993
25.74, 603993
25.75, 603993
25.76, 603993
25.77, 603993
25.78, 603993
25.79, 603993
25.8, 603993
25.81, 603993
25.82, 603993
25.83, 603993
25.84, 603993
25.85, 603993
25.86, 603993
25.87, 603993
25.88, 603993
25.89, 603993
25.9, 603993
25.91, 603993
25.92, 603993
25.93, 603993
25.94, 603993
25.95, 603993
25.96, 603993
25.97, 603993
25.98, 603993
25.99, 603993
26.0, 603993
26.01, 603993
26.02, 603993
26.03, 603993
26.04, 603993
26.05, 603993
26.06, 603993
26.07, 603993
26.08, 603993
26.09, 603993
26.1, 603993
26.11, 603993
26.12, 603993
26.13, 603993
26.14, 603993
26.15, 603993
26.16, 603993
26.17, 603993
26.18, 603993
26.19, 603993
26.2, 603993
26.21, 603993
26.22, 603993
26.23, 603993
26.24, 603993
26.25, 603993
26.26, 603993
26.27, 603993
26.28, 603993
26.29, 603993
26.3, 603993
26.31, 603993
26.32, 603993
26.33, 603993
26.34, 603993
26.35, 603993
26.36, 603993
26.37, 603993
26.38, 603993
26.39, 603993
26.4, 603993
26.41, 603993
26.42, 603993
26.43, 603993
26.44, 603993
26.45, 603993
26.46, 603993
26.47, 603993
26.48, 603993
26.49, 603993
26.5, 603993
26.51, 603993
26.52, 603993
26.53, 603993
26.54, 603993
26.55, 603993
26.56, 603993
26.57, 603993
26.58, 603993
26.59, 603993
26.6, 603993
26.61, 603993
26.62, 603993
26.63, 603993
26.64, 603993
26.65, 603993
26.66, 603993
26.67, 603993
26.68, 603993
26.69, 603993
26.7, 603993
26.71, 603993
26.72, 603993
26.73, 603993
26.74, 603993
26.75, 603993
26.76, 603993
26.77, 603993
26.78, 603993
26.79, 603993
26.8, 603993
26.81, 603993
26.82, 603993
26.83, 603993
26.84, 603993
26.85, 603993
26.86, 603993
26.87, 603993
26.88, 603993
26.89, 603993
26.9, 603993
26.91, 603993
26.92, 603993
26.93, 603993
26.94, 603993
26.95, 603993
26.96, 603993
26.97, 603993
26.98, 603993
26.99, 603993
27.0, 603993
27.01, 603993
27.02, 603993
27.03, 603993
27.04, 603993
27.05, 603993
27.06, 603993
27.07, 603993
27.08, 603993
27.09, 603993
27.1, 603993
27.11, 603993
27.12, 603993
27.13, 603993
27.14, 603993
27.15, 603993
27.16, 603993
27.17, 603993
27.18, 603993
27.19, 603993
27.2, 603993
27.21, 603993
27.22, 603993
27.23, 603993
27.24, 603993
27.25, 603993
27.26, 603993
27.27, 603993
27.28, 603993
27.29, 603993
27.3, 603993
27.31, 603993
27.32, 603993
27.33, 603993
27.34, 603993
27.35, 603993
27.36, 603993
27.37, 603993
27.38, 603993
27.39, 603993
27.4, 603993
27.41, 603993
27.42, 603993
27.43, 603993
27.44, 603993
27.45, 603993
27.46, 603993
27.47, 603993
27.48, 603993
27.49, 603993
27.5, 603993
27.51, 603993
27.52, 603993
27.53, 603993
27.54, 603993
27.55, 603993
27.56, 603993
27.57, 603993
27.58, 603993
27.59, 603993
27.6, 603993
27.61, 603993
27.62, 603993
27.63, 603993
27.64, 603993
27.65, 603993
27.66, 603993
27.67, 603993
27.68, 603993
27.69, 603993
27.7, 603993
27.71, 603993
27.72, 603993
27.73, 603993
27.74, 603993
27.75, 603993
27.76, 603993
27.77, 603993
27.78, 603993
27.79, 603993
27.8, 603993
27.81, 603993
27.82, 603993
27.83, 603993
27.84, 603993
27.85, 603993
27.86, 603993
27.87, 603993
27.88, 603993
27.89, 603993
27.9, 603993
27.91, 603993
27.92, 603993
27.93, 603993
27.94, 603993
27.95, 603993
27.96, 603993
27.97, 603993
27.98, 603993
27.99, 603993
28.0, 603993
28.01, 603993
28.02, 603993
28.03, 603993
28.04, 603993
28.05, 603993
28.06, 603993
28.07, 603993
28.08, 603993
28.09, 603993
28.1, 603993
28.11, 603993
28.12, 603993
28.13, 603993
28.14, 603993
28.15, 603993
28.16, 603993
28.17, 603993
28.18, 603993
28.19, 603993
28.2, 603993
28.21, 603993
28.22, 603993
28.23, 603993
28.24, 603993
28.25, 603993
28.26, 603993
28.27, 603993
28.28, 603993
28.29, 603993
28.3, 603993
28.31, 603993
28.32, 603993
28.33, 603993
28.34, 603993
28.35, 603993
28.36, 603993
28.37, 603993
28.38, 603993
28.39, 603993
28.4, 603993
28.41, 603993
28.42, 603993
28.43, 603993
28.44, 603993
28.45, 603993
28.46, 603993
28.47, 603993
28.48, 603993
28.49, 603993
28.5, 603993
28.51, 603993
28.52, 603993
28.53, 603993
28.54, 603993
28.55, 603993
28.56, 603993
28.57, 603993
28.58, 603993
28.59, 603993
28.6, 603993
28.61, 603993
28.62, 603993
28.63, 603993
28.64, 603993
28.65, 603993
28.66, 603993
28.67, 603993
28.68, 603993
28.69, 603993
28.7, 603993
28.71, 603993
28.72, 603993
28.73, 603993
28.74, 603993
28.75, 603993
28.76, 603993
28.77, 603993
28.78, 603993
28.79, 603993
28.8, 603993
28.81, 603993
28.82, 603993
28.83, 603993
28.84, 603993
28.85, 603993
28.86, 603993
28.87, 603993
28.88, 603993
28.89, 603993
28.9, 603993
28.91, 603993
28.92, 603993
28.93, 603993
28.94, 603993
28.95, 603993
28.96, 603993
28.97, 603993
28.98, 603993
28.99, 603993
29.0, 603993
29.01, 603993
29.02, 603993
29.03, 603993
29.04, 603993
29.05, 603993
29.06, 603993
29.07, 603993
29.08, 603993
29.09, 603993
29.1, 603993
29.11, 603993
29.12, 603993
29.13, 603993
29.14, 603993
29.15, 603993
29.16, 603993
29.17, 603993
29.18, 603993
29.19, 603993
29.2, 603993
29.21, 603993
29.22, 603993
29.23, 603993
29.24, 603993
29.25, 603993
29.26, 603993
29.27, 603993
29.28, 603993
29.29, 603993
29.3, 603993
29.31, 603993
29.32, 603993
29.33, 603993
29.34, 603993
29.35, 603993
29.36, 603993
29.37, 603993
29.38, 603993
29.39, 603993
29.4, 603993
29.41, 603993
29.42, 603993
29.43, 603993
29.44, 603993
29.45, 603993
29.46, 603993
29.47, 603993
29.48, 603993
29.49, 603993
29.5, 603993
29.51, 603993
29.52, 603993
29.53, 603993
29.54, 603993
29.55, 603993
29.56, 603993
29.57, 603993
29.58, 603993
29.59, 603993
29.6, 603993
29.61, 603993
29.62, 603993
29.63, 603993
29.64, 603993
29.65, 603993
29.66, 603993
29.67, 603993
29.68, 603993
29.69, 603993
29.7, 603993
29.71, 603993
29.72, 603993
29.73, 603993
29.74, 603993
29.75, 603993
29.76, 603993
29.77, 603993
29.78, 603993
29.79, 603993
29.8, 603993
29.81, 603993
29.82, 603993
29.83, 603993
29.84, 603993
29.85, 603993
29.86, 603993
29.87, 603993
29.88, 603993
29.89, 603993
29.9, 603993
29.91, 603993
29.92, 603993
29.93, 603993
29.94, 603993
29.95, 603993
29.96, 603993
29.97, 603993
29.98, 603993
29.99, 603993
30.0, 603993
30.01, 603993
30.02, 603993
30.03, 603993
30.04, 603993
30.05, 603993
30.06, 603993
30.07, 603993
30.08, 603993
30.09, 603993
30.1, 603993
30.11, 603993
30.12, 603993
30.13, 603993
30.14, 603993
30.15, 603993
30.16, 603993
30.17, 603993
30.18, 603993
30.19, 603993
30.2, 603993
30.21, 603993
30.22, 603993
30.23, 603993
30.24, 603993
30.25, 603993
30.26, 603993
30.27, 603993
30.28, 603993
30.29, 603993
30.3, 603993
30.31, 603993
30.32, 603993
30.33, 603993
30.34, 603993
30.35, 603993
30.36, 603993
30.37, 603993
30.38, 603993
30.39, 603993
30.4, 603993
30.41, 603993
30.42, 603993
30.43, 603993
30.44, 603993
30.45, 603993
30.46, 603993
30.47, 603993
30.48, 603993
30.49, 603993
30.5, 603993
30.51, 603993
30.52, 603993
30.53, 603993
30.54, 603993
30.55, 603993
30.56, 603993
30.57, 603993
30.58, 603993
30.59, 603993
30.6, 603993
30.61, 603993
30.62, 603993
30.63, 603993
30.64, 603993
30.65, 603993
30.66, 603993
30.67, 603993
30.68, 603993
30.69, 603993
30.7, 603993
30.71, 603993
30.72, 603993
30.73, 603993
30.74, 603993
30.75, 603993
30.76, 603993
30.77, 603993
30.78, 603993
30.79, 603993
30.8, 603993
30.81, 603993
30.82, 603993
30.83, 603993
30.84, 603993
30.85, 603993
30.86, 603993
30.87, 603993
30.88, 603993
30.89, 603993
30.9, 603993
30.91, 603993
30.92, 603993
30.93, 603993
30.94, 603993
30.95, 603993
30.96, 603993
30.97, 603993
30.98, 603993
30.99, 603993
31.0, 603993
31.01, 603993
31.02, 603993
31.03, 603993
31.04, 603993
31.05, 603993
31.06, 603993
31.07, 603993
31.08, 603993
31.09, 603993
31.1, 603993
31.11, 603993
31.12, 603993
31.13, 603993
31.14, 603993
31.15, 603993
31.16, 603993
31.17, 603993
31.18, 603993
31.19, 603993
31.2, 603993
31.21, 603993
31.22, 603993
31.23, 603993
31.24, 603993
31.25, 603993
31.26, 603993
31.27, 603993
31.28, 603993
31.29, 603993
31.3, 603993
31.31, 603993
31.32, 603993
31.33, 603993
31.34, 603993
31.35, 603993
31.36, 603993
31.37, 603993
31.38, 603993
31.39, 603993
31.4, 603993
31.41, 603993
31.42, 603993
31.43, 603993
31.44, 603993
31.45, 603993
31.46, 603993
31.47, 603993
31.48, 603993
31.49, 603993
31.5, 603993
31.51, 603993
31.52, 603993
31.53, 603993
31.54, 603993
31.55, 603993
31.56, 603993
31.57, 603993
31.58, 603993
31.59, 603993
31.6, 603993
31.61, 603993
31.62, 603993
31.63, 603993
31.64, 603993
31.65, 603993
31.66, 603993
31.67, 603993
31.68, 603993
31.69, 603993
31.7, 603993
31.71, 603993
31.72, 603993
31.73, 603993
31.74, 603993
31.75, 603993
31.76, 603993
31.77, 603993
31.78, 603993
31.79, 603993
31.8, 603993
31.81, 603993
31.82, 603993
31.83, 603993
31.84, 603993
31.85, 603993
31.86, 603993
31.87, 603993
31.88, 603993
31.89, 603993
31.9, 603993
31.91, 603993
31.92, 603993
31.93, 603993
31.94, 603993
31.95, 603993
31.96, 603993
31.97, 603993
31.98, 603993
31.99, 603993
32.0, 603993
32.01, 603993
32.02, 603993
32.03, 603993
32.04, 603993
32.05, 603993
32.06, 603993
32.07, 603993
32.08, 603993
32.09, 603993
32.1, 603993
32.11, 603993
32.12, 603993
32.13, 603993
32.14, 603993
32.15, 603993
32.16, 603993
32.17, 603993
32.18, 603993
32.19, 603993
32.2, 603993
32.21, 603993
32.22, 603993
32.23, 603993
32.24, 603993
32.25, 603993
32.26, 603993
32.27, 603993
32.28, 603993
32.29, 603993
32.3, 603993
32.31, 603993
32.32, 603993
32.33, 603993
32.34, 603993
32.35, 603993
32.36, 603993
32.37, 603993
32.38, 603993
32.39, 603993
32.4, 603993
32.41, 603993
32.42, 603993
32.43, 603993
32.44, 603993
32.45, 603993
32.46, 603993
32.47, 603993
32.48, 603993
32.49, 603993
32.5, 603993
32.51, 603993
32.52, 603993
32.53, 603993
32.54, 603993
32.55, 603993
32.56, 603993
32.57, 603993
32.58, 603993
32.59, 603993
32.6, 603993
32.61, 603993
32.62, 603993
32.63, 603993
32.64, 603993
32.65, 603993
32.66, 603993
32.67, 603993
32.68, 603993
32.69, 603993
32.7, 603993
32.71, 603993
32.72, 603993
32.73, 603993
32.74, 603993
32.75, 603993
32.76, 603993
32.77, 603993
32.78, 603993
32.79, 603993
32.8, 603993
32.81, 603993
32.82, 603993
32.83, 603993
32.84, 603993
32.85, 603993
32.86, 603993
32.87, 603993
32.88, 603993
32.89, 603993
32.9, 603993
32.91, 603993
32.92, 603993
32.93, 603993
32.94, 603993
32.95, 603993
32.96, 603993
32.97, 603993
32.98, 603993
32.99, 603993
33.0, 603993
33.01, 603993
33.02, 603993
33.03, 603993
33.04, 603993
33.05, 603993
33.06, 603993
33.07, 603993
33.08, 603993
33.09, 603993
33.1, 603993
33.11, 603993
33.12, 603993
33.13, 603993
33.14, 603993
33.15, 603993
33.16, 603993
33.17, 603993
33.18, 603993
33.19, 603993
33.2, 603993
33.21, 603993
33.22, 603993
33.23, 603993
33.24, 603993
33.25, 603993
33.26, 603993
33.27, 603993
33.28, 603993
33.29, 603993
33.3, 603993
33.31, 603993
33.32, 603993
33.33, 603993
33.34, 603993
33.35, 603993
33.36, 603993
33.37, 603993
33.38, 603993
33.39, 603993
33.4, 603993
33.41, 603993
33.42, 603993
33.43, 603993
33.44, 603993
33.45, 603993
33.46, 603993
33.47, 603993
33.48, 603993
33.49, 603993
33.5, 603993
33.51, 603993
33.52, 603993
33.53, 603993
33.54, 603993
33.55, 603993
33.56, 603993
33.57, 603993
33.58, 603993
33.59, 603993
33.6, 603993
33.61, 603993
33.62, 603993
33.63, 603993
33.64, 603993
33.65, 603993
33.66, 603993
33.67, 603993
33.68, 603993
33.69, 603993
33.7, 603993
33.71, 603993
33.72, 603993
33.73, 603993
33.74, 603993
33.75, 603993
33.76, 603993
33.77, 603993
33.78, 603993
33.79, 603993
33.8, 603993
33.81, 603993
33.82, 603993
33.83, 603993
33.84, 603993
33.85, 603993
33.86, 603993
33.87, 603993
33.88, 603993
33.89, 603993
33.9, 603993
33.91, 603993
33.92, 603993
33.93, 603993
33.94, 603993
33.95, 603993
33.96, 603993
33.97, 603993
33.98, 603993
33.99, 603993
34.0, 603993
34.01, 603993
34.02, 603993
34.03, 603993
34.04, 603993
34.05, 603993
34.06, 603993
34.07, 603993
34.08, 603993
34.09, 603993
34.1, 603993
34.11, 603993
34.12, 603993
34.13, 603993
34.14, 603993
34.15, 603993
34.16, 603993
34.17, 603993
34.18, 603993
34.19, 603993
34.2, 603993
34.21, 603993
34.22, 603993
34.23, 603993
34.24, 603993
34.25, 603993
34.26, 603993
34.27, 603993
34.28, 603993
34.29, 603993
34.3, 603993
34.31, 603993
34.32, 603993
34.33, 603993
34.34, 603993
34.35, 603993
34.36, 603993
34.37, 603993
34.38, 603993
34.39, 603993
34.4, 603993
34.41, 603993
34.42, 603993
34.43, 603993
34.44, 603993
34.45, 603993
34.46, 603993
34.47, 603993
34.48, 603993
34.49, 603993
34.5, 603993
34.51, 603993
34.52, 603993
34.53, 603993
34.54, 603993
34.55, 603993
34.56, 603993
34.57, 603993
34.58, 603993
34.59, 603993
34.6, 603993
34.61, 603993
34.62, 603993
34.63, 603993
34.64, 603993
34.65, 603993
34.66, 603993
34.67, 603993
34.68, 603993
34.69, 603993
34.7, 603993
34.71, 603993
34.72, 603993
34.73, 603993
34.74, 603993
34.75, 603993
34.76, 603993
34.77, 603993
34.78, 603993
34.79, 603993
34.8, 603993
34.81, 603993
34.82, 603993
34.83, 603993
34.84, 603993
34.85, 603993
34.86, 603993
34.87, 603993
34.88, 603993
34.89, 603993
34.9, 603993
34.91, 603993
34.92, 603993
34.93, 603993
34.94, 603993
34.95, 603993
34.96, 603993
34.97, 603993
34.98, 603993
34.99, 603993
35.0, 603993
35.01, 603993
35.02, 603993
35.03, 603993
35.04, 603993
35.05, 603993
35.06, 603993
35.07, 603993
35.08, 603993
35.09, 603993
35.1, 603993
35.11, 603993
35.12, 603993
35.13, 603993
35.14, 603993
35.15, 603993
35.16, 603993
35.17, 603993
35.18, 603993
35.19, 603993
35.2, 603993
35.21, 603993
35.22, 603993
35.23, 603993
35.24, 603993
35.25, 603993
35.26, 603993
35.27, 603993
35.28, 603993
35.29, 603993
35.3, 603993
35.31, 603993
35.32, 603993
35.33, 603993
35.34, 603993
35.35, 603993
35.36, 603993
35.37, 603993
35.38, 603993
35.39, 603993
35.4, 603993
35.41, 603993
35.42, 603993
35.43, 603993
35.44, 603993
35.45, 603993
35.46, 603993
35.47, 603993
35.48, 603993
35.49, 603993
35.5, 603993
35.51, 603993
35.52, 603993
35.53, 603993
35.54, 603993
35.55, 603993
35.56, 603993
35.57, 603993
35.58, 603993
35.59, 603993
35.6, 603993
35.61, 603993
35.62, 603993
35.63, 603993
35.64, 603993
35.65, 603993
35.66, 603993
35.67, 603993
35.68, 603993
35.69, 603993
35.7, 603993
35.71, 603993
35.72, 603993
35.73, 603993
35.74, 603993
35.75, 603993
35.76, 603993
35.77, 603993
35.78, 603993
35.79, 603993
35.8, 603993
35.81, 603993
35.82, 603993
35.83, 603993
35.84, 603993
35.85, 603993
35.86, 603993
35.87, 603993
35.88, 603993
35.89, 603993
35.9, 603993
35.91, 603993
35.92, 603993
35.93, 603993
35.94, 603993
35.95, 603993
35.96, 603993
35.97, 603993
35.98, 603993
35.99, 603993
36.0, 603993
36.01, 603993
36.02, 603993
36.03, 603993
36.04, 603993
36.05, 603993
36.06, 603993
36.07, 603993
36.08, 603993
36.09, 603993
36.1, 603993
36.11, 603993
36.12, 603993
36.13, 603993
36.14, 603993
36.15, 603993
36.16, 603993
36.17, 603993
36.18, 603993
36.19, 603993
36.2, 603993
36.21, 603993
36.22, 603993
36.23, 603993
36.24, 603993
36.25, 603993
36.26, 603993
36.27, 603993
36.28, 603993
36.29, 603993
36.3, 603993
36.31, 603993
36.32, 603993
36.33, 603993
36.34, 603993
36.35, 603993
36.36, 603993
36.37, 603993
36.38, 603993
36.39, 603993
36.4, 603993
36.41, 603993
36.42, 603993
36.43, 603993
36.44, 603993
36.45, 603993
36.46, 603993
36.47, 603993
36.48, 603993
36.49, 603993
36.5, 603993
36.51, 603993
36.52, 603993
36.53, 603993
36.54, 603993
36.55, 603993
36.56, 603993
36.57, 603993
36.58, 603993
36.59, 603993
36.6, 603993
36.61, 603993
36.62, 603993
36.63, 603993
36.64, 603993
36.65, 603993
36.66, 603993
36.67, 603993
36.68, 603993
36.69, 603993
36.7, 603993
36.71, 603993
36.72, 603993
36.73, 603993
36.74, 603993
36.75, 603993
36.76, 603993
36.77, 603993
36.78, 603993
36.79, 603993
36.8, 603993
36.81, 603993
36.82, 603993
36.83, 603993
36.84, 603993
36.85, 603993
36.86, 603993
36.87, 603993
36.88, 603993
36.89, 603993
36.9, 603993
36.91, 603993
36.92, 603993
36.93, 603993
36.94, 603993
36.95, 603993
36.96, 603993
36.97, 603993
36.98, 603993
36.99, 603993
37.0, 603993
37.01, 603993
37.02, 603993
37.03, 603993
37.04, 603993
37.05, 603993
37.06, 603993
37.07, 603993
37.08, 603993
37.09, 603993
37.1, 603993
37.11, 603993
37.12, 603993
37.13, 603993
37.14, 603993
37.15, 603993
37.16, 603993
37.17, 603993
37.18, 603993
37.19, 603993
37.2, 603993
37.21, 603993
37.22, 603993
37.23, 603993
37.24, 603993
37.25, 603993
37.26, 603993
37.27, 603993
37.28, 603993
37.29, 603993
37.3, 603993
37.31, 603993
37.32, 603993
37.33, 603993
37.34, 603993
37.35, 603993
37.36, 603993
37.37, 603993
37.38, 603993
37.39, 603993
37.4, 603993
37.41, 603993
37.42, 603993
37.43, 603993
37.44, 603993
37.45, 603993
37.46, 603993
37.47, 603993
37.48, 603993
37.49, 603993
37.5, 603993
37.51, 603993
37.52, 603993
37.53, 603993
37.54, 603993
37.55, 603993
37.56, 603993
37.57, 603993
37.58, 603993
37.59, 603993
37.6, 603993
37.61, 603993
37.62, 603993
37.63, 603993
37.64, 603993
37.65, 603993
37.66, 603993
37.67, 603993
37.68, 603993
37.69, 603993
37.7, 603993
37.71, 603993
37.72, 603993
37.73, 603993
37.74, 603993
37.75, 603993
37.76, 603993
37.77, 603993
37.78, 603993
37.79, 603993
37.8, 603993
37.81, 603993
37.82, 603993
37.83, 603993
37.84, 603993
37.85, 603993
37.86, 603993
37.87, 603993
37.88, 603993
37.89, 603993
37.9, 603993
37.91, 603993
37.92, 603993
37.93, 603993
37.94, 603993
37.95, 603993
37.96, 603993
37.97, 603993
37.98, 603993
37.99, 603993
38.0, 603993
38.01, 603993
38.02, 603993
38.03, 603993
38.04, 603993
38.05, 603993
38.06, 603993
38.07, 603993
38.08, 603993
38.09, 603993
38.1, 603993
38.11, 603993
38.12, 603993
38.13, 603993
38.14, 603993
38.15, 603993
38.16, 603993
38.17, 603993
38.18, 603993
38.19, 603993
38.2, 603993
38.21, 603993
38.22, 603993
38.23, 603993
38.24, 603993
38.25, 603993
38.26, 603993
38.27, 603993
38.28, 603993
38.29, 603993
38.3, 603993
38.31, 603993
38.32, 603993
38.33, 603993
38.34, 603993
38.35, 603993
38.36, 603993
38.37, 603993
38.38, 603993
38.39, 603993
38.4, 603993
38.41, 603993
38.42, 603993
38.43, 603993
38.44, 603993
38.45, 603993
38.46, 603993
38.47, 603993
38.48, 603993
38.49, 603993
38.5, 603993
38.51, 603993
38.52, 603993
38.53, 603993
38.54, 603993
38.55, 603993
38.56, 603993
38.57, 603993
38.58, 603993
38.59, 603993
38.6, 603993
38.61, 603993
38.62, 603993
38.63, 603993
38.64, 603993
38.65, 603993
38.66, 603993
38.67, 603993
38.68, 603993
38.69, 603993
38.7, 603993
38.71, 603993
38.72, 603993
38.73, 603993
38.74, 603993
38.75, 603993
38.76, 603993
38.77, 603993
38.78, 603993
38.79, 603993
38.8, 603993
38.81, 603993
38.82, 603993
38.83, 603993
38.84, 603993
38.85, 603993
38.86, 603993
38.87, 603993
38.88, 603993
38.89, 603993
38.9, 603993
38.91, 603993
38.92, 603993
38.93, 603993
38.94, 603993
38.95, 603993
38.96, 603993
38.97, 603993
38.98, 603993
38.99, 603993
39.0, 603993
39.01, 603993
39.02, 603993
39.03, 603993
39.04, 603993
39.05, 603993
39.06, 603993
39.07, 603993
39.08, 603993
39.09, 603993
39.1, 603993
39.11, 603993
39.12, 603993
39.13, 603993
39.14, 603993
39.15, 603993
39.16, 603993
39.17, 603993
39.18, 603993
39.19, 603993
39.2, 603993
39.21, 603993
39.22, 603993
39.23, 603993
39.24, 603993
39.25, 603993
39.26, 603993
39.27, 603993
39.28, 603993
39.29, 603993
39.3, 603993
39.31, 603993
39.32, 603993
39.33, 603993
39.34, 603993
39.35, 603993
39.36, 603993
39.37, 603993
39.38, 603993
39.39, 603993
39.4, 603993
39.41, 603993
39.42, 603993
39.43, 603993
39.44, 603993
39.45, 603993
39.46, 603993
39.47, 603993
39.48, 603993
39.49, 603993
39.5, 603993
39.51, 603993
39.52, 603993
39.53, 603993
39.54, 603993
39.55, 603993
39.56, 603993
39.57, 603993
39.58, 603993
39.59, 603993
39.6, 603993
39.61, 603993
39.62, 603993
39.63, 603993
39.64, 603993
39.65, 603993
39.66, 603993
39.67, 603993
39.68, 603993
39.69, 603993
39.7, 603993
39.71, 603993
39.72, 603993
39.73, 603993
39.74, 603993
39.75, 603993
39.76, 603993
39.77, 603993
39.78, 603993
39.79, 603993
39.8, 603993
39.81, 603993
39.82, 603993
39.83, 603993
39.84, 603993
39.85, 603993
39.86, 603993
39.87, 603993
39.88, 603993
39.89, 603993
39.9, 603993
39.91, 603993
39.92, 603993
39.93, 603993
39.94, 603993
39.95, 603993
39.96, 603993
39.97, 603993
39.98, 603993
39.99, 603993
40.0, 603993
40.01, 603993
40.02, 603993
40.03, 603993
40.04, 603993
40.05, 603993
40.06, 603993
40.07, 603993
40.08, 603993
40.09, 603993
40.1, 603993
40.11, 603993
40.12, 603993
40.13, 603993
40.14, 603993
40.15, 603993
40.16, 603993
40.17, 603993
40.18, 603993
40.19, 603993
40.2, 603993
40.21, 603993
40.22, 603993
40.23, 603993
40.24, 603993
40.25, 603993
40.26, 603993
40.27, 603993
40.28, 603993
40.29, 603993
40.3, 603993
40.31, 603993
40.32, 603993
40.33, 603993
40.34, 603993
40.35, 603993
40.36, 603993
40.37, 603993
40.38, 603993
40.39, 603993
40.4, 603993
40.41, 603993
40.42, 603993
40.43, 603993
40.44, 603993
40.45, 603993
40.46, 603993
40.47, 603993
40.48, 603993
40.49, 603993
40.5, 603993
40.51, 603993
40.52, 603993
40.53, 603993
40.54, 603993
40.55, 603993
40.56, 603993
40.57, 603993
40.58, 603993
40.59, 603993
40.6, 603993
40.61, 603993
40.62, 603993
40.63, 603993
40.64, 603993
40.65, 603993
40.66, 603993
40.67, 603993
40.68, 603993
40.69, 603993
40.7, 603993
40.71, 603993
40.72, 603993
40.73, 603993
40.74, 603993
40.75, 603993
40.76, 603993
40.77, 603993
40.78, 603993
40.79, 603993
40.8, 603993
40.81, 603993
40.82, 603993
40.83, 603993
40.84, 603993
40.85, 603993
40.86, 603993
40.87, 603993
40.88, 603993
40.89, 603993
40.9, 603993
40.91, 603993
40.92, 603993
40.93, 603993
40.94, 603993
40.95, 603993
40.96, 603993
40.97, 603993
40.98, 603993
40.99, 603993
41.0, 603993
41.01, 603993
41.02, 603993
41.03, 603993
41.04, 603993
41.05, 603993
41.06, 603993
41.07, 603993
41.08, 603993
41.09, 603993
41.1, 603993
41.11, 603993
41.12, 603993
41.13, 603993
41.14, 603993
41.15, 603993
41.16, 603993
41.17, 603993
41.18, 603993
41.19, 603993
41.2, 603993
41.21, 603993
41.22, 603993
41.23, 603993
41.24, 603993
41.25, 603993
41.26, 603993
41.27, 603993
41.28, 603993
41.29, 603993
41.3, 603993
41.31, 603993
41.32, 603993
41.33, 603993
41.34, 603993
41.35, 603993
41.36, 603993
41.37, 603993
41.38, 603993
41.39, 603993
41.4, 603993
41.41, 603993
41.42, 603993
41.43, 603993
41.44, 603993
41.45, 603993
41.46, 603993
41.47, 603993
41.48, 603993
41.49, 603993
41.5, 603993
41.51, 603993
41.52, 603993
41.53, 603993
41.54, 603993
41.55, 603993
41.56, 603993
41.57, 603993
41.58, 603993
41.59, 603993
41.6, 603993
41.61, 603993
41.62, 603993
41.63, 603993
41.64, 603993
41.65, 603993
41.66, 603993
41.67, 603993
41.68, 603993
41.69, 603993
41.7, 603993
41.71, 603993
41.72, 603993
41.73, 603993
41.74, 603993
41.75, 603993
41.76, 603993
41.77, 603993
41.78, 603993
41.79, 603993
41.8, 603993
41.81, 603993
41.82, 603993
41.83, 603993
41.84, 603993
41.85, 603993
41.86, 603993
41.87, 603993
41.88, 603993
41.89, 603993
41.9, 603993
41.91, 603993
41.92, 603993
41.93, 603993
41.94, 603993
41.95, 603993
41.96, 603993
41.97, 603993
41.98, 603993
41.99, 603993
42.0, 603993
42.01, 603993
42.02, 603993
42.03, 603993
42.04, 603993
42.05, 603993
42.06, 603993
42.07, 603993
42.08, 603993
42.09, 603993
42.1, 603993
42.11, 603993
42.12, 603993
42.13, 603993
42.14, 603993
42.15, 603993
42.16, 603993
42.17, 603993
42.18, 603993
42.19, 603993
42.2, 603993
42.21, 603993
42.22, 603993
42.23, 603993
42.24, 603993
42.25, 603993
42.26, 603993
42.27, 603993
42.28, 603993
42.29, 603993
42.3, 603993
42.31, 603993
42.32, 603993
42.33, 603993
42.34, 603993
42.35, 603993
42.36, 603993
42.37, 603993
42.38, 603993
42.39, 603993
42.4, 603993
42.41, 603993
42.42, 603993
42.43, 603993
42.44, 603993
42.45, 603993
42.46, 603993
42.47, 603993
42.48, 603993
42.49, 603993
42.5, 603993
42.51, 603993
42.52, 603993
42.53, 603993
42.54, 603993
42.55, 603993
42.56, 603993
42.57, 603993
42.58, 603993
42.59, 603993
42.6, 603993
42.61, 603993
42.62, 603993
42.63, 603993
42.64, 603993
42.65, 603993
42.66, 603993
42.67, 603993
42.68, 603993
42.69, 603993
42.7, 603993
42.71, 603993
42.72, 603993
42.73, 603993
42.74, 603993
42.75, 603993
42.79, 603993
42.8, 603993
42.81, 603993
42.82, 603993
42.83, 603993
42.84, 603993
42.85, 603993
42.86, 603993
42.87, 603993
42.88, 603993
42.89, 603993
42.9, 603993
42.91, 603993
42.92, 603993
42.93, 603993
42.94, 603993
42.95, 603993
42.96, 603993
42.97, 603993
42.98, 603993
42.99, 603993
43.0, 603993
43.01, 603993
43.02, 603993
43.03, 603993
43.04, 603993
43.05, 603993
43.06, 603993
43.07, 603993
43.08, 603993
43.09, 603993
43.1, 603993
43.11, 603993
43.12, 603993
43.13, 603993
43.14, 603993
43.15, 603993
43.16, 603993
43.17, 603993
43.18, 603993
43.19, 603993
43.2, 603993
43.21, 603993
43.22, 603993
43.23, 603993
43.24, 603993
43.25, 603993
43.26, 603993
43.27, 603993
43.28, 603993
43.29, 603993
43.3, 603993
43.31, 603993
43.32, 603993
43.33, 603993
43.34, 603993
43.35, 603993
43.36, 603993
43.37, 603993
43.38, 603993
43.39, 603993
43.4, 603993
43.41, 603993
43.42, 603993
43.43, 603993
43.44, 603993
43.45, 603993
43.46, 603993
43.47, 603993
43.48, 603993
43.49, 603993
43.5, 603993
43.51, 603993
43.52, 603993
43.53, 603993
43.54, 603993
43.55, 603993
43.56, 603993
43.57, 603993
43.58, 603993
43.59, 603993
43.6, 603993
43.61, 603993
43.62, 603993
43.63, 603993
43.64, 603993
43.65, 603993
43.66, 603993
43.67, 603993
43.68, 603993
43.69, 603993
43.7, 603993
43.71, 603993
43.72, 603993
43.73, 603993
43.74, 603993
43.75, 603993
43.76, 603993
43.77, 603993
43.78, 603993
43.79, 603993
43.8, 603993
43.81, 603993
43.82, 603993
43.83, 603993
43.84, 603993
43.85, 603993
43.86, 603993
43.87, 603993
43.88, 603993
43.89, 603993
43.9, 603993
43.91, 603993
43.92, 603993
43.93, 603993
43.94, 603993
43.95, 603993
43.96, 603993
43.97, 603993
43.98, 603993
43.99, 603993
44.0, 603993
44.01, 603993
44.02, 603993
44.03, 603993
44.04, 603993
44.05, 603993
44.06, 603993
44.07, 603993
44.08, 603993
44.09, 603993
44.1, 603993
44.11, 603993
44.12, 603993
44.13, 603993
44.14, 603993
44.15, 603993
44.16, 603993
44.17, 603993
44.18, 603993
44.19, 603993
44.2, 603993
44.21, 603993
44.22, 603993
44.23, 603993
44.24, 603993
44.25, 603993
44.26, 603993
44.27, 603993
44.28, 603993
44.29, 603993
44.3, 603993
44.31, 603993
44.32, 603993
44.33, 603993
44.34, 603993
44.35, 603993
44.36, 603993
44.37, 603993
44.38, 603993
44.39, 603993
44.4, 603993
44.41, 603993
44.42, 603993
44.43, 603993
44.44, 603993
44.45, 603993
44.46, 603993
44.47, 603993
44.48, 603993
44.49, 603993
44.5, 603993
44.51, 603993
44.52, 603993
44.53, 603993
44.54, 603993
44.55, 603993
44.56, 603993
44.57, 603993
44.58, 603993
44.59, 603993
44.6, 603993
44.61, 603993
44.62, 603993
44.63, 603993
44.64, 603993
44.65, 603993
44.66, 603993
44.67, 603993
44.68, 603993
44.69, 603993
44.7, 603993
44.71, 603993
44.72, 603993
44.73, 603993
44.74, 603993
44.75, 603993
44.76, 603993
44.77, 603993
44.78, 603993
44.79, 603993
44.8, 603993
44.81, 603993
44.82, 603993
44.83, 603993
44.84, 603993
44.85, 603993
44.86, 603993
44.87, 603993
44.88, 603993
44.89, 603993
44.9, 603993
44.91, 603993
44.92, 603993
44.93, 603993
44.94, 603993
44.95, 603993
44.96, 603993
44.97, 603993
44.98, 603993
44.99, 603993
45.0, 603993
45.01, 603993
45.02, 603993
45.03, 603993
45.04, 603993
45.05, 603993
45.06, 603993
45.07, 603993
45.08, 603993
45.09, 603993
45.1, 603993
45.11, 603993
45.12, 603993
45.13, 603993
45.14, 603993
45.15, 603993
45.16, 603993
45.17, 603993
45.18, 603993
45.19, 603993
45.2, 603993
45.21, 603993
45.22, 603993
45.23, 603993
45.24, 603993
45.25, 603993
45.26, 603993
45.27, 603993
45.28, 603993
45.29, 603993
45.3, 603993
45.31, 603993
45.32, 603993
45.33, 603993
45.34, 603993
45.35, 603993
45.36, 603993
45.37, 603993
45.38, 603993
45.39, 603993
45.4, 603993
45.41, 603993
45.42, 603993
45.43, 603993
45.44, 603993
45.45, 603993
45.46, 603993
45.47, 603993
45.48, 603993
45.49, 603993
45.5, 603993
45.51, 603993
45.52, 603993
45.53, 603993
45.54, 603993
45.55, 603993
45.56, 603993
45.57, 603993
45.58, 603993
45.59, 603993
45.6, 603993
45.61, 603993
45.62, 603993
45.63, 603993
45.64, 603993
45.65, 603993
45.66, 603993
45.67, 603993
45.68, 603993
45.69, 603993
45.7, 603993
45.71, 603993
45.72, 603993
45.73, 603993
45.74, 603993
45.75, 603993
45.76, 603993
45.77, 603993
45.78, 603993
45.79, 603993
45.8, 603993
45.81, 603993
45.82, 603993
45.83, 603993
45.84, 603993
45.85, 603993
45.86, 603993
45.87, 603993
45.88, 603993
45.89, 603993
45.9, 603993
45.91, 603993
45.92, 603993
45.93, 603993
45.94, 603993
45.95, 603993
45.96, 603993
45.97, 603993
45.98, 603993
45.99, 603993
46.0, 603993
46.01, 603993
46.02, 603993
46.03, 603993
46.04, 603993
46.05, 603993
46.06, 603993
46.07, 603993
46.08, 603993
46.09, 603993
46.1, 603993
46.11, 603993
46.12, 603993
46.13, 603993
46.14, 603993
46.15, 603993
46.16, 603993
46.17, 603993
46.18, 603993
46.19, 603993
46.2, 603993
46.21, 603993
46.22, 603993
46.23, 603993
46.24, 603993
46.25, 603993
46.26, 603993
46.27, 603993
46.28, 603993
46.29, 603993
46.3, 603993
46.31, 603993
46.32, 603993
46.33, 603993
46.34, 603993
46.35, 603993
46.36, 603993
46.37, 603993
46.38, 603993
46.39, 603993
46.4, 603993
46.41, 603993
46.42, 603993
46.43, 603993
46.44, 603993
46.45, 603993
46.46, 603993
46.47, 603993
46.48, 603993
46.49, 603993
46.5, 603993
46.51, 603993
46.52, 603993
46.53, 603993
46.54, 603993
46.55, 603993
46.56, 603993
46.57, 603993
46.58, 603993
46.59, 603993
46.6, 603993
46.61, 603993
46.62, 603993
46.63, 603993
46.64, 603993
46.65, 603993
46.66, 603993
46.67, 603993
46.68, 603993
46.69, 603993
46.7, 603993
46.71, 603993
46.72, 603993
46.73, 603993
46.74, 603993
46.75, 603993
46.76, 603993
46.77, 603993
46.78, 603993
46.79, 603993
46.8, 603993
46.81, 603993
46.82, 603993
46.83, 603993
46.84, 603993
46.85, 603993
46.86, 603993
46.87, 603993
46.88, 603993
46.89, 603993
46.9, 603993
46.91, 603993
46.92, 603993
46.93, 603993
46.94, 603993
46.95, 603993
46.96, 603993
46.97, 603993
46.98, 603993
46.99, 603993
47.0, 603993
47.01, 603993
47.02, 603993
47.03, 603993
47.04, 603993
47.05, 603993
47.06, 603993
47.07, 603993
47.08, 603993
47.09, 603993
47.1, 603993
47.11, 603993
47.12, 603993
47.13, 603993
47.14, 603993
47.15, 603993
47.16, 603993
47.17, 603993
47.18, 603993
47.19, 603993
47.2, 603993
47.21, 603993
47.22, 603993
47.23, 603993
47.24, 603993
47.25, 603993
47.26, 603993
47.27, 603993
47.28, 603993
47.29, 603993
47.3, 603993
47.31, 603993
47.32, 603993
47.33, 603993
47.34, 603993
47.35, 603993
47.36, 603993
47.37, 603993
47.38, 603993
47.39, 603993
47.4, 603993
47.41, 603993
47.42, 603993
47.43, 603993
47.44, 603993
47.45, 603993
47.46, 603993
47.47, 603993
47.48, 603993
47.49, 603993
47.5, 603993
47.51, 603993
47.52, 603993
47.53, 603993
47.54, 603993
47.55, 603993
47.56, 603993
47.57, 603993
47.58, 603993
47.59, 603993
47.6, 603993
47.61, 603993
47.62, 603993
47.63, 603993
47.64, 603993
47.65, 603993
47.66, 603993
47.67, 603993
47.68, 603993
47.69, 603993
47.7, 603993
47.71, 603993
47.72, 603993
47.73, 603993
47.74, 603993
47.75, 603993
47.76, 603993
47.77, 603993
47.78, 603993
47.79, 603993
47.8, 603993
47.81, 603993
47.82, 603993
47.83, 603993
47.84, 603993
47.85, 603993
47.86, 603993
47.87, 603993
47.88, 603993
47.89, 603993
47.9, 603993
47.91, 603993
47.92, 603993
47.93, 603993
47.94, 603993
47.95, 603993
47.96, 603993
47.97, 603993
47.98, 603993
47.99, 603993
48.0, 603993
48.01, 603993
48.02, 603993
48.03, 603993
48.04, 603993
48.05, 603993
48.06, 603993
48.07, 603993
48.08, 603993
48.09, 603993
48.1, 603993
48.11, 603993
48.12, 603993
48.13, 603993
48.14, 603993
48.15, 603993
48.16, 603993
48.17, 603993
48.18, 603993
48.19, 603993
48.2, 603993
48.21, 603993
48.22, 603993
48.23, 603993
48.24, 603993
48.25, 603993
48.26, 603993
48.27, 603993
48.28, 603993
48.29, 603993
48.3, 603993
48.31, 603993
48.32, 603993
48.33, 603993
48.34, 603993
48.35, 603993
48.36, 603993
48.37, 603993
48.38, 603993
48.39, 603993
48.4, 603993
48.41, 603993
48.42, 603993
48.43, 603993
48.44, 603993
48.45, 603993
48.46, 603993
48.47, 603993
48.48, 603993
48.49, 603993
48.5, 603993
48.51, 603993
48.52, 603993
48.53, 603993
48.54, 603993
48.55, 603993
48.56, 603993
48.57, 603993
48.58, 603993
48.59, 603993
48.6, 603993
48.61, 603993
48.62, 603993
48.63, 603993
48.64, 603993
48.65, 603993
48.66, 603993
48.67, 603993
48.68, 603993
48.69, 603993
48.7, 603993
48.71, 603993
48.72, 603993
48.73, 603993
48.74, 603993
48.75, 603993
48.76, 603993
48.77, 603993
48.78, 603993
48.79, 603993
48.8, 603993
48.81, 603993
48.82, 603993
48.83, 603993
48.84, 603993
48.85, 603993
48.86, 603993
48.87, 603993
48.88, 603993
48.89, 603993
48.9, 603993
48.91, 603993
48.92, 603993
48.93, 603993
48.94, 603993
48.95, 603993
48.96, 603993
48.97, 603993
48.98, 603993
48.99, 603993
49.0, 603993
49.01, 603993
49.02, 603993
49.03, 603993
49.04, 603993
49.05, 603993
49.06, 603993
49.07, 603993
49.08, 603993
49.09, 603993
49.1, 603993
49.11, 603993
49.12, 603993
49.13, 603993
49.14, 603993
49.15, 603993
49.16, 603993
49.17, 603993
49.18, 603993
49.19, 603993
49.2, 603993
49.21, 603993
49.22, 603993
49.23, 603993
49.24, 603993
49.25, 603993
49.26, 603993
49.27, 603993
49.28, 603993
49.29, 603993
49.3, 603993
49.31, 603993
49.32, 603993
49.33, 603993
49.34, 603993
49.35, 603993
49.36, 603993
49.37, 603993
49.38, 603993
49.39, 603993
49.4, 603993
49.41, 603993
49.42, 603993
49.43, 603993
49.44, 603993
49.45, 603993
49.46, 603993
49.47, 603993
49.48, 603993
49.49, 603993
49.5, 603993
49.51, 603993
49.52, 603993
49.53, 603993
49.54, 603993
49.55, 603993
49.56, 603993
49.57, 603993
49.58, 603993
49.59, 603993
49.6, 603993
49.61, 603993
49.62, 603993
49.63, 603993
49.64, 603993
49.65, 603993
49.66, 603993
49.67, 603993
49.68, 603993
49.69, 603993
49.7, 603993
49.71, 603993
49.72, 603993
49.73, 603993
49.74, 603993
49.75, 603993
49.76, 603993
49.77, 603993
49.78, 603993
49.79, 603993
49.8, 603993
49.81, 603993
49.82, 603993
49.83, 603993
49.84, 603993
49.85, 603993
49.86, 603993
49.87, 603993
49.88, 603993
49.89, 603993
49.9, 603993
49.91, 603993
49.92, 603993
49.93, 603993
49.94, 603993
49.95, 603993
49.96, 603993
49.97, 603993
49.98, 603993
49.99, 603993
50.0, 603993
50.01, 603993
50.02, 603993
50.03, 603993
50.04, 603993
50.05, 603993
50.06, 603993
50.07, 603993
50.08, 603993
50.09, 603993
50.1, 603993
50.11, 603993
50.12, 603993
50.13, 603993
50.14, 603993
50.15, 603993
50.16, 603993
50.17, 603993
50.18, 603993
50.19, 603993
50.2, 603993
50.21, 603993
50.22, 603993
50.23, 603993
50.24, 603993
50.25, 603993
50.26, 603993
50.27, 603993
50.28, 603993
50.29, 603993
50.3, 603993
50.31, 603993
50.32, 603993
50.33, 603993
50.34, 603993
50.35, 603993
50.36, 603993
50.37, 603993
50.38, 603993
50.39, 603993
50.4, 603993
50.41, 603993
50.42, 603993
50.43, 603993
50.44, 603993
50.45, 603993
50.46, 603993
50.47, 603993
50.48, 603993
50.49, 603993
50.5, 603993
50.51, 603993
50.52, 603993
50.53, 603993
50.54, 603993
50.55, 603993
50.56, 603993
50.57, 603993
50.58, 603993
50.59, 603993
50.6, 603993
50.61, 603993
50.62, 603993
50.63, 603993
50.64, 603993
50.65, 603993
50.66, 603993
50.67, 603993
50.68, 603993
50.69, 603993
50.7, 603993
50.71, 603993
50.72, 603993
50.73, 603993
50.74, 603993
50.75, 603993
50.76, 603993
50.77, 603993
50.78, 603993
50.79, 603993
50.8, 603993
50.81, 603993
50.82, 603993
50.83, 603993
50.84, 603993
50.85, 603993
50.86, 603993
50.87, 603993
50.88, 603993
50.89, 603993
50.9, 603993
50.91, 603993
50.92, 603993
50.93, 603993
50.94, 603993
50.95, 603993
50.96, 603993
50.97, 603993
50.98, 603993
50.99, 603993
51.0, 603993
51.01, 603993
51.02, 603993
51.03, 603993
51.04, 603993
51.05, 603993
51.06, 603993
51.07, 603993
51.08, 603993
51.09, 603993
51.1, 603993
51.11, 603993
51.12, 603993
51.13, 603993
51.14, 603993
51.15, 603993
51.16, 603993
51.17, 603993
51.18, 603993
51.19, 603993
51.2, 603993
51.21, 603993
51.22, 603993
51.23, 603993
51.24, 603993
51.25, 603993
51.26, 603993
51.27, 603993
51.28, 603993
51.29, 603993
51.3, 603993
51.31, 603993
51.32, 603993
51.33, 603993
51.34, 603993
51.35, 603993
51.36, 603993
51.37, 603993
51.38, 603993
51.39, 603993
51.4, 603993
51.41, 603993
51.42, 603993
51.43, 603993
51.44, 603993
51.45, 603993
51.46, 603993
51.47, 603993
51.48, 603993
51.49, 603993
51.5, 603993
51.51, 603993
51.52, 603993
51.53, 603993
51.54, 603993
51.55, 603993
51.56, 603993
51.57, 603993
51.58, 603993
51.59, 603993
51.6, 603993
51.61, 603993
51.62, 603993
51.63, 603993
51.64, 603993
51.65, 603993
51.66, 603993
51.67, 603993
51.68, 603993
51.69, 603993
51.7, 603993
51.71, 603993
51.72, 603993
51.73, 603993
51.74, 603993
51.75, 603993
51.76, 603993
51.77, 603993
51.78, 603993
51.79, 603993
51.8, 603993
51.81, 603993
51.82, 603993
51.83, 603993
51.84, 603993
51.85, 603993
51.86, 603993
51.87, 603993
51.88, 603993
51.89, 603993
51.9, 603993
51.91, 603993
51.92, 603993
51.93, 603993
51.94, 603993
51.95, 603993
51.96, 603993
51.97, 603993
51.98, 603993
51.99, 603993
52.0, 603993
52.01, 603993
52.02, 603993
52.03, 603993
52.04, 603993
52.05, 603993
52.06, 603993
52.07, 603993
52.08, 603993
52.09, 603993
52.1, 603993
52.11, 603993
52.12, 603993
52.13, 603993
52.14, 603993
52.15, 603993
52.16, 603993
52.17, 603993
52.18, 603993
52.19, 603993
52.2, 603993
52.21, 603993
52.22, 603993
52.23, 603993
52.24, 603993
52.25, 603993
52.26, 603993
52.27, 603993
52.28, 603993
52.29, 603993
52.3, 603993
52.31, 603993
52.32, 603993
52.33, 603993
52.34, 603993
52.35, 603993
52.36, 603993
52.37, 603993
52.38, 603993
52.39, 603993
52.4, 603993
52.41, 603993
52.42, 603993
52.43, 603993
52.44, 603993
52.45, 603993
52.46, 603993
52.47, 603993
52.48, 603993
52.49, 603993
52.5, 603993
52.51, 603993
52.52, 603993
52.53, 603993
52.54, 603993
52.55, 603993
52.56, 603993
52.57, 603993
52.58, 603993
52.59, 603993
52.6, 603993
52.61, 603993
52.62, 603993
52.63, 603993
52.64, 603993
52.65, 603993
52.66, 603993
52.67, 603993
52.68, 603993
52.69, 603993
52.7, 603993
52.71, 603993
52.72, 603993
52.73, 603993
52.74, 603993
52.75, 603993
52.76, 603993
52.77, 603993
52.78, 603993
52.79, 603993
52.8, 603993
52.81, 603993
52.82, 603993
52.83, 603993
52.84, 603993
52.85, 603993
52.86, 603993
52.87, 603993
52.88, 603993
52.89, 603993
52.9, 603993
52.91, 603993
52.92, 603993
52.93, 603993
52.94, 603993
52.95, 603993
52.96, 603993
52.97, 603993
52.98, 603993
52.99, 603993
53.0, 603993
53.01, 603993
53.02, 603993
53.03, 603993
53.04, 603993
53.05, 603993
53.06, 603993
53.07, 603993
53.08, 603993
53.09, 603993
53.1, 603993
53.11, 603993
53.12, 603993
53.13, 603993
53.14, 603993
53.15, 603993
53.16, 603993
53.17, 603993
53.18, 603993
53.19, 603993
53.2, 603993
53.21, 603993
53.22, 603993
53.23, 603993
53.24, 603993
53.25, 603993
53.26, 603993
53.27, 603993
53.28, 603993
53.29, 603993
53.3, 603993
53.31, 603993
53.32, 603993
53.33, 603993
53.34, 603993
53.35, 603993
53.36, 603993
53.37, 603993
53.38, 603993
53.39, 603993
53.4, 603993
53.41, 603993
53.42, 603993
53.43, 603993
53.44, 603993
53.45, 603993
53.46, 603993
53.47, 603993
53.48, 603993
53.49, 603993
53.5, 603993
53.51, 603993
53.52, 603993
53.53, 603993
53.54, 603993
53.55, 603993
53.56, 603993
53.57, 603993
53.58, 603993
53.59, 603993
53.6, 603993
53.61, 603993
53.62, 603993
53.63, 603993
53.64, 603993
53.65, 603993
53.66, 603993
53.67, 603993
53.68, 603993
53.69, 603993
53.7, 603993
53.71, 603993
53.72, 603993
53.73, 603993
53.74, 603993
53.75, 603993
53.76, 603993
53.77, 603993
53.78, 603993
53.79, 603993
53.8, 603993
53.81, 603993
53.82, 603993
53.83, 603993
53.84, 603993
53.85, 603993
53.86, 603993
53.87, 603993
53.88, 603993
53.89, 603993
53.9, 603993
53.91, 603993
53.92, 603993
53.93, 603993
53.94, 603993
53.95, 603993
53.96, 603993
53.97, 603993
53.98, 603993
53.99, 603993
54.0, 603993
54.01, 603993
54.02, 603993
54.03, 603993
54.04, 603993
54.05, 603993
54.06, 603993
54.07, 603993
54.08, 603993
54.09, 603993
54.1, 603993
54.11, 603993
54.12, 603993
54.13, 603993
54.14, 603993
54.15, 603993
54.16, 603993
54.17, 603993
54.18, 603993
54.19, 603993
54.2, 603993
54.21, 603993
54.22, 603993
54.23, 603993
54.24, 603993
54.25, 603993
54.26, 603993
54.27, 603993
54.28, 603993
54.29, 603993
54.3, 603993
54.31, 603993
54.32, 603993
54.33, 603993
54.34, 603993
54.35, 603993
54.36, 603993
54.37, 603993
54.38, 603993
54.39, 603993
54.4, 603993
54.41, 603993
54.42, 603993
54.43, 603993
54.44, 603993
54.45, 603993
54.46, 603993
54.47, 603993
54.48, 603993
54.49, 603993
54.5, 603993
54.51, 603993
54.52, 603993
54.53, 603993
54.54, 603993
54.55, 603993
54.56, 603993
54.57, 603993
54.58, 603993
54.59, 603993
54.6, 603993
54.61, 603993
54.62, 603993
54.63, 603993
54.64, 603993
54.65, 603993
54.66, 603993
54.67, 603993
54.68, 603993
54.69, 603993
54.7, 603993
54.71, 603993
54.72, 603993
54.73, 603993
54.74, 603993
54.75, 603993
54.76, 603993
54.77, 603993
54.78, 603993
54.79, 603993
54.8, 603993
54.81, 603993
54.82, 603993
54.83, 603993
54.84, 603993
54.85, 603993
54.86, 603993
54.87, 603993
54.88, 603993
54.89, 603993
54.9, 603993
54.91, 603993
54.92, 603993
54.93, 603993
54.94, 603993
54.95, 603993
54.96, 603993
54.97, 603993
54.98, 603993
54.99, 603993
55.0, 603993
55.01, 603993
55.02, 603993
55.03, 603993
55.04, 603993
55.05, 603993
55.06, 603993
55.07, 603993
55.08, 603993
55.09, 603993
55.1, 603993
55.11, 603993
55.12, 603993
55.13, 603993
55.14, 603993
55.15, 603993
55.16, 603993
55.17, 603993
55.18, 603993
55.19, 603993
55.2, 603993
55.21, 603993
55.22, 603993
55.23, 603993
55.24, 603993
55.25, 603993
55.26, 603993
55.27, 603993
55.28, 603993
55.29, 603993
55.3, 603993
55.31, 603993
55.32, 603993
55.33, 603993
55.34, 603993
55.35, 603993
55.36, 603993
55.37, 603993
55.38, 603993
55.39, 603993
55.4, 603993
55.41, 603993
55.42, 603993
55.43, 603993
55.44, 603993
55.45, 603993
55.46, 603993
55.47, 603993
55.48, 603993
55.49, 603993
55.5, 603993
55.51, 603993
55.52, 603993
55.53, 603993
55.54, 603993
55.55, 603993
55.56, 603993
55.57, 603993
55.58, 603993
55.59, 603993
55.6, 603993
55.61, 603993
55.62, 603993
55.63, 603993
55.64, 603993
55.65, 603993
55.66, 603993
55.67, 603993
55.68, 603993
55.69, 603993
55.7, 603993
55.71, 603993
55.72, 603993
55.73, 603993
55.74, 603993
55.75, 603993
55.76, 603993
55.77, 603993
55.78, 603993
55.79, 603993
55.8, 603993
55.81, 603993
55.82, 603993
55.83, 603993
55.84, 603993
55.85, 603993
55.86, 603993
55.87, 603993
55.88, 603993
55.89, 603993
55.9, 603993
55.91, 603993
55.92, 603993
55.93, 603993
55.94, 603993
55.95, 603993
55.96, 603993
55.97, 603993
55.98, 603993
55.99, 603993
56.0, 603993
56.01, 603993
56.02, 603993
56.03, 603993
56.04, 603993
56.05, 603993
56.06, 603993
56.07, 603993
56.08, 603993
56.09, 603993
56.1, 603993
56.11, 603993
56.12, 603993
56.13, 603993
56.14, 603993
56.15, 603993
56.16, 603993
56.17, 603993
56.18, 603993
56.19, 603993
56.2, 603993
56.21, 603993
56.22, 603993
56.23, 603993
56.24, 603993
56.25, 603993
56.26, 603993
56.27, 603993
56.28, 603993
56.29, 603993
56.3, 603993
56.31, 603993
56.32, 603993
56.33, 603993
56.34, 603993
56.35, 603993
56.36, 603993
56.37, 603993
56.38, 603993
56.39, 603993
56.4, 603993
56.41, 603993
56.42, 603993
56.43, 603993
56.44, 603993
56.45, 603993
56.46, 603993
56.47, 603993
56.48, 603993
56.49, 603993
56.5, 603993
56.51, 603993
56.52, 603993
56.53, 603993
56.54, 603993
56.55, 603993
56.56, 603993
56.57, 603993
56.58, 603993
56.59, 603993
56.6, 603993
56.61, 603993
56.62, 603993
56.63, 603993
56.64, 603993
56.65, 603993
56.66, 603993
56.67, 603993
56.68, 603993
56.69, 603993
56.7, 603993
56.71, 603993
56.72, 603993
56.73, 603993
56.74, 603993
56.75, 603993
56.76, 603993
56.77, 603993
56.78, 603993
56.79, 603993
56.8, 603993
56.81, 603993
56.82, 603993
56.83, 603993
56.84, 603993
56.85, 603993
56.86, 603993
56.87, 603993
56.88, 603993
56.89, 603993
56.9, 603993
56.91, 603993
56.92, 603993
56.93, 603993
56.94, 603993
56.95, 603993
56.96, 603993
56.97, 603993
56.98, 603993
56.99, 603993
57.0, 603993
57.01, 603993
57.02, 603993
57.03, 603993
57.04, 603993
57.05, 603993
57.06, 603993
57.07, 603993
57.08, 603993
57.09, 603993
57.1, 603993
57.11, 603993
57.12, 603993
57.13, 603993
57.14, 603993
57.15, 603993
57.16, 603993
57.17, 603993
57.18, 603993
57.19, 603993
57.2, 603993
57.21, 603993
57.22, 603993
57.23, 603993
57.24, 603993
57.25, 603993
57.26, 603993
57.27, 603993
57.28, 603993
57.29, 603993
57.3, 603993
57.31, 603993
57.32, 603993
57.33, 603993
57.34, 603993
57.35, 603993
57.36, 603993
57.37, 603993
57.38, 603993
57.39, 603993
57.4, 603993
57.41, 603993
57.42, 603993
57.43, 603993
57.44, 603993
57.45, 603993
57.46, 603993
57.47, 603993
57.48, 603993
57.49, 603993
57.5, 603993
57.51, 603993
57.52, 603993
57.53, 603993
57.54, 603993
57.55, 603993
57.56, 603993
57.57, 603993
57.58, 603993
57.59, 603993
57.6, 603993
57.61, 603993
57.62, 603993
57.63, 603993
57.64, 603993
57.65, 603993
57.66, 603993
57.67, 603993
57.68, 603993
57.69, 603993
57.7, 603993
57.71, 603993
57.72, 603993
57.73, 603993
57.74, 603993
57.75, 603993
57.76, 603993
57.77, 603993
57.78, 603993
57.79, 603993
57.8, 603993
57.81, 603993
57.82, 603993
57.83, 603993
57.84, 603993
57.85, 603993
57.86, 603993
57.87, 603993
57.88, 603993
57.89, 603993
57.9, 603993
57.91, 603993
57.92, 603993
57.93, 603993
57.94, 603993
57.95, 603993
57.96, 603993
57.97, 603993
57.98, 603993
57.99, 603993
58.0, 603993
58.01, 603993
58.02, 603993
58.03, 603993
58.04, 603993
58.05, 603993
58.06, 603993
58.07, 603993
58.08, 603993
58.09, 603993
58.1, 603993
58.11, 603993
58.12, 603993
58.13, 603993
58.14, 603993
58.15, 603993
58.16, 603993
58.17, 603993
58.18, 603993
58.19, 603993
58.2, 603993
58.21, 603993
58.22, 603993
58.23, 603993
58.24, 603993
58.25, 603993
58.26, 603993
58.27, 603993
58.28, 603993
58.29, 603993
58.3, 603993
58.31, 603993
58.32, 603993
58.33, 603993
58.34, 603993
58.35, 603993
58.36, 603993
58.37, 603993
58.38, 603993
58.39, 603993
58.4, 603993
58.41, 603993
58.42, 603993
58.43, 603993
58.44, 603993
58.45, 603993
58.46, 603993
58.47, 603993
58.48, 603993
58.49, 603993
58.5, 603993
58.51, 603993
58.52, 603993
58.53, 603993
58.54, 603993
58.55, 603993
58.56, 603993
58.57, 603993
58.58, 603993
58.59, 603993
58.6, 603993
58.61, 603993
58.62, 603993
58.63, 603993
58.64, 603993
58.65, 603993
58.66, 603993
58.67, 603993
58.68, 603993
58.69, 603993
58.7, 603993
58.71, 603993
58.72, 603993
58.73, 603993
58.74, 603993
58.75, 603993
58.76, 603993
58.77, 603993
58.78, 603993
58.79, 603993
58.8, 603993
58.81, 603993
58.82, 603993
58.83, 603993
58.84, 603993
58.85, 603993
58.86, 603993
58.87, 603993
58.88, 603993
58.89, 603993
58.9, 603993
58.91, 603993
58.92, 603993
58.93, 603993
58.94, 603993
58.95, 603993
58.96, 603993
58.97, 603993
58.98, 603993
58.99, 603993
59.0, 603993
59.01, 603993
59.02, 603993
59.03, 603993
59.04, 603993
59.05, 603993
59.06, 603993
59.07, 603993
59.08, 603993
59.09, 603993
59.1, 603993
59.11, 603993
59.12, 603993
59.13, 603993
59.14, 603993
59.15, 603993
59.16, 603993
59.17, 603993
59.18, 603993
59.19, 603993
59.2, 603993
59.21, 603993
59.22, 603993
59.23, 603993
59.24, 603993
59.25, 603993
59.26, 603993
59.27, 603993
59.28, 603993
59.29, 603993
59.3, 603993
59.31, 603993
59.32, 603993
59.33, 603993
59.34, 603993
59.35, 603993
59.36, 603993
59.37, 603993
59.38, 603993
59.39, 603993
59.4, 603993
59.41, 603993
59.42, 603993
59.43, 603993
59.44, 603993
59.45, 603993
59.46, 603993
59.47, 603993
59.48, 603993
59.49, 603993
59.5, 603993
59.51, 603993
59.52, 603993
59.53, 603993
59.54, 603993
59.55, 603993
59.56, 603993
59.57, 603993
59.58, 603993
59.59, 603993
59.6, 603993
59.61, 603993
59.62, 603993
59.63, 603993
59.64, 603993
59.65, 603993
59.66, 603993
59.67, 603993
59.68, 603993
59.69, 603993
59.7, 603993
59.71, 603993
59.72, 603993
59.73, 603993
59.74, 603993
59.75, 603993
59.76, 603993
59.77, 603993
59.78, 603993
59.79, 603993
59.8, 603993
59.81, 603993
59.82, 603993
59.83, 603993
59.84, 603993
59.85, 603993
59.86, 603993
59.87, 603993
59.88, 603993
59.89, 603993
59.9, 603993
59.91, 603993
59.92, 603993
59.93, 603993
59.94, 603993
59.95, 603993
59.96, 603993
59.97, 603993
59.98, 603993
59.99, 603993
