0.0, 3784028
0.01, 3668568
0.02, 3604140
0.03, 3604140
0.04, 3448625
0.05, 3448625
0.06, 3448625
0.07, 3448625
0.08, 3448625
0.09, 3448625
0.1, 3314516
0.11, 3314516
0.12, 3314516
0.13, 3314516
0.14, 3314516
0.15, 3314516
0.16, 3314516
0.17, 3228799
0.18, 3228799
0.19, 3228799
0.2, 3228799
0.21, 3228799
0.22, 3228799
0.23, 3228799
0.24, 3228799
0.25, 3228799
0.26, 3228799
0.27, 3228799
0.28, 3228799
0.29, 3228799
0.3, 3228799
0.31, 3228799
0.32, 3228799
0.33, 3228799
0.34, 3228799
0.35, 3228799
0.36, 3228799
0.37, 3228799
0.38, 3228799
0.39, 3228799
0.4, 3228799
0.41, 3222298
0.42, 3222298
0.43, 3222298
0.44, 3222298
0.45, 3222298
0.46, 3222298
0.47, 3222298
0.48, 3222298
0.49, 3222298
0.5, 3222298
0.51, 3222298
0.52, 3222298
0.53, 3222298
0.54, 3222298
0.55, 3222298
0.56, 3222298
0.57, 3222298
0.58, 3222298
0.59, 3179661
0.6, 3179661
0.61, 3179661
0.62, 3179661
0.63, 3179661
0.64, 3179661
0.65, 3179661
0.66, 2956586
0.67, 2956586
0.68, 2956586
0.69, 2956586
0.7, 2956586
0.71, 2956586
0.72, 2956586
0.73, 2956586
0.74, 2956586
0.75, 2956586
0.76, 2956586
0.77, 2956586
0.78, 2956586
0.79, 2956586
0.8, 2956586
0.81, 2956586
0.82, 2956586
0.83, 2956586
0.84, 2956586
0.85, 2956586
0.86, 2956586
0.87, 2956586
0.88, 2956586
0.89, 2956586
0.9, 2956586
0.91, 2956586
0.92, 2956586
0.93, 2956586
0.94, 2956586
0.95, 2956586
0.96, 2956586
0.97, 2956586
0.98, 2956586
0.99, 2956586
1.0, 2956586
1.01, 2956586
1.02, 2956586
1.03, 2956586
1.04, 2956586
1.05, 2956586
1.06, 2956586
1.07, 2956586
1.08, 2956586
1.09, 2956586
1.1, 2956586
1.11, 2956586
1.12, 2956586
1.13, 2956586
1.14, 2956586
1.15, 2956586
1.16, 2956586
1.17, 2956586
1.18, 2956586
1.19, 2956586
1.2, 2956586
1.21, 2956586
1.22, 2956586
1.23, 2956586
1.24, 2956586
1.25, 2956586
1.26, 2956586
1.27, 2956586
1.28, 2956586
1.29, 2956586
1.3, 2956586
1.31, 2956586
1.32, 2956586
1.33, 2956586
1.34, 2956586
1.35, 2956586
1.36, 2956586
1.37, 2956586
1.38, 2956586
1.39, 2956586
1.4, 2956586
1.41, 2956586
1.42, 2956586
1.43, 2956586
1.44, 2956586
1.45, 2956586
1.46, 2956586
1.47, 2956586
1.48, 2956586
1.49, 2956586
1.5, 2956586
1.51, 2956586
1.52, 2956586
1.53, 2956586
1.54, 2956586
1.55, 2956586
1.56, 2956586
1.57, 2956586
1.58, 2956586
1.59, 2956586
1.6, 2956586
1.61, 2956586
1.62, 2956586
1.63, 2956586
1.64, 2956586
1.65, 2956586
1.66, 2956586
1.67, 2956586
1.68, 2956586
1.69, 2956586
1.7, 2956586
1.71, 2956586
1.72, 2956586
1.73, 2956586
1.74, 2956586
1.75, 2956586
1.76, 2956586
1.77, 2956586
1.78, 2956586
1.79, 2956586
1.8, 2956586
1.81, 2956586
1.82, 2956586
1.83, 2956586
1.84, 2956586
1.85, 2956586
1.86, 2956586
1.87, 2956586
1.88, 2956586
1.89, 2956586
1.9, 2956586
1.91, 2956586
1.92, 2956586
1.93, 2956586
1.94, 2956586
1.95, 2956586
1.96, 2956586
1.97, 2956586
1.98, 2956586
1.99, 2956586
2.0, 2956586
2.01, 2956586
2.02, 2956586
2.03, 2956586
2.04, 2956586
2.05, 2956586
2.06, 2956586
2.07, 2956586
2.08, 2956586
2.09, 2956586
2.1, 2956586
2.11, 2956586
2.12, 2956586
2.13, 2956586
2.14, 2956586
2.15, 2956586
2.16, 2956586
2.17, 2956586
2.18, 2956586
2.19, 2956586
2.2, 2956586
2.21, 2956586
2.22, 2956586
2.23, 2956586
2.24, 2956586
2.25, 2956586
2.26, 2956586
2.27, 2956586
2.28, 2956586
2.29, 2956586
2.3, 2956586
2.31, 2956586
2.32, 2956586
2.33, 2956586
2.34, 2956586
2.35, 2956586
2.36, 2956586
2.37, 2956586
2.38, 2956586
2.39, 2956586
2.4, 2956586
2.41, 2956586
2.42, 2956586
2.43, 2956586
2.44, 2956586
2.45, 2956586
2.46, 2956586
2.47, 2956586
2.48, 2956586
2.49, 2956586
2.5, 2956586
2.51, 2956586
2.52, 2956586
2.53, 2956586
2.54, 2956586
2.55, 2956586
2.56, 2956586
2.57, 2956586
2.58, 2956586
2.59, 2956586
2.6, 2956586
2.61, 2956586
2.62, 2956586
2.63, 2956586
2.64, 2956586
2.65, 2956586
2.66, 2956586
2.67, 2956586
2.68, 2956586
2.69, 2956586
2.7, 2956586
2.71, 2956586
2.72, 2956586
2.73, 2956586
2.74, 2956586
2.75, 2956586
2.76, 2956586
2.77, 2956586
2.78, 2956586
2.79, 2956586
2.8, 2956586
2.81, 2956586
2.82, 2956586
2.83, 2956586
2.84, 2956586
2.85, 2956586
2.86, 2956586
2.87, 2956586
2.88, 2956586
2.89, 2956586
2.9, 2956586
2.91, 2956586
2.92, 2956586
2.93, 2956586
2.94, 2956586
2.95, 2956586
2.96, 2956586
2.97, 2956586
2.98, 2956586
2.99, 2956586
3.0, 2956586
3.01, 2956586
3.02, 2956586
3.03, 2956586
3.04, 2956586
3.05, 2956586
3.06, 2956586
3.07, 2956586
3.08, 2956586
3.09, 2956586
3.1, 2956586
3.11, 2956586
3.12, 2956586
3.13, 2956586
3.14, 2956586
3.15, 2956586
3.16, 2956586
3.17, 2902917
3.18, 2902917
3.19, 2902917
3.2, 2902917
3.21, 2902917
3.22, 2902917
3.23, 2902917
3.24, 2902917
3.25, 2902917
3.26, 2902917
3.27, 2902917
3.28, 2902917
3.29, 2902917
3.3, 2902917
3.31, 2902917
3.32, 2902917
3.33, 2902917
3.34, 2902917
3.35, 2902917
3.36, 2902917
3.37, 2902917
3.38, 2902917
3.39, 2902917
3.4, 2902917
3.41, 2902917
3.42, 2902917
3.43, 2902917
3.44, 2902917
3.45, 2902917
3.46, 2902917
3.47, 2902917
3.48, 2902917
3.49, 2902917
3.5, 2902917
3.51, 2902917
3.52, 2902917
3.53, 2902917
3.54, 2902917
3.55, 2902917
3.56, 2902917
3.57, 2902917
3.58, 2902917
3.59, 2902917
3.6, 2902917
3.61, 2902917
3.62, 2902917
3.63, 2902917
3.64, 2902917
3.65, 2902917
3.66, 2902917
3.67, 2902917
3.68, 2902917
3.69, 2902917
3.7, 2902917
3.71, 2902917
3.72, 2902917
3.73, 2902917
3.74, 2902917
3.75, 2902917
3.76, 2902917
3.77, 2902917
3.78, 2902917
3.79, 2902917
3.8, 2902917
3.81, 2902917
3.82, 2902917
3.83, 2902917
3.84, 2902917
3.85, 2902917
3.86, 2902917
3.87, 2902917
3.88, 2902917
3.89, 2902917
3.9, 2902917
3.91, 2902917
3.92, 2902917
3.93, 2902917
3.94, 2902917
3.95, 2902917
3.96, 2902917
3.97, 2902917
3.98, 2902917
3.99, 2902917
4.0, 2902917
4.01, 2902917
4.02, 2902917
4.03, 2902917
4.04, 2902917
4.05, 2902917
4.06, 2902917
4.07, 2902917
4.08, 2902917
4.09, 2902917
4.1, 2902917
4.11, 2902917
4.12, 2902917
4.13, 2902917
4.14, 2902917
4.15, 2902917
4.16, 2902917
4.17, 2902917
4.18, 2902917
4.19, 2902917
4.2, 2902917
4.21, 2902917
4.22, 2902917
4.23, 2902917
4.24, 2902917
4.25, 2902917
4.26, 2902917
4.27, 2902917
4.28, 2902917
4.29, 2902917
4.3, 2902917
4.31, 2902917
4.32, 2902917
4.33, 2902917
4.34, 2902917
4.35, 2902917
4.36, 2902917
4.37, 2902917
4.38, 2902917
4.39, 2902917
4.4, 2902917
4.41, 2902917
4.42, 2902917
4.43, 2902917
4.44, 2902917
4.45, 2902917
4.46, 2902917
4.47, 2902917
4.48, 2902917
4.49, 2902917
4.5, 2902917
4.51, 2902917
4.52, 2902917
4.53, 2902917
4.54, 2902917
4.55, 2902917
4.56, 2902917
4.57, 2902917
4.58, 2902917
4.59, 2902917
4.6, 2902917
4.61, 2902917
4.62, 2902917
4.63, 2902917
4.64, 2902917
4.65, 2902917
4.66, 2902917
4.67, 2902917
4.68, 2902917
4.69, 2902917
4.7, 2902917
4.71, 2902917
4.72, 2902917
4.73, 2902917
4.74, 2902917
4.75, 2902917
4.76, 2902917
4.77, 2902917
4.78, 2902917
4.79, 2902917
4.8, 2902917
4.81, 2902917
4.82, 2902917
4.83, 2902917
4.84, 2902917
4.85, 2902917
4.86, 2902917
4.87, 2902917
4.88, 2902917
4.89, 2902917
4.9, 2902917
4.91, 2902917
4.92, 2902917
4.93, 2902917
4.94, 2902917
4.95, 2902917
4.96, 2902917
4.97, 2902917
4.98, 2902917
4.99, 2902917
5.0, 2902917
5.01, 2902917
5.02, 2902917
5.03, 2902917
5.04, 2902917
5.05, 2902917
5.06, 2902917
5.07, 2902917
5.08, 2902917
5.09, 2902917
5.1, 2902917
5.11, 2902917
5.12, 2902917
5.13, 2902917
5.14, 2902917
5.15, 2902917
5.16, 2902917
5.17, 2902917
5.18, 2902917
5.19, 2902917
5.2, 2902917
5.21, 2902917
5.22, 2902917
5.23, 2902917
5.24, 2902917
5.25, 2902917
5.26, 2902917
5.27, 2902917
5.28, 2902917
5.29, 2902917
5.3, 2902917
5.31, 2902917
5.32, 2902917
5.33, 2902917
5.34, 2902917
5.35, 2902917
5.36, 2902917
5.37, 2902917
5.38, 2902917
5.39, 2902917
5.4, 2902917
5.41, 2902917
5.42, 2902917
5.43, 2902917
5.44, 2902917
5.45, 2902917
5.46, 2847685
5.47, 2847685
5.48, 2847685
5.49, 2847685
5.5, 2847685
5.51, 2847685
5.52, 2847685
5.53, 2847685
5.54, 2847685
5.55, 2847685
5.56, 2847685
5.57, 2847685
5.58, 2847685
5.59, 2847685
5.6, 2847685
5.61, 2847685
5.62, 2847685
5.63, 2847685
5.64, 2847685
5.65, 2847685
5.66, 2847685
5.67, 2847685
5.68, 2847685
5.69, 2847685
5.7, 2847685
5.71, 2847685
5.72, 2847685
5.73, 2847685
5.74, 2847685
5.75, 2847685
5.76, 2847685
5.77, 2847685
5.78, 2847685
5.79, 2847685
5.8, 2847685
5.81, 2847685
5.82, 2847685
5.83, 2847685
5.84, 2847685
5.85, 2847685
5.86, 2847685
5.87, 2847685
5.88, 2847685
5.89, 2847685
5.9, 2847685
5.91, 2847685
5.92, 2847685
5.93, 2847685
5.94, 2847685
5.95, 2847685
5.96, 2847685
5.97, 2847685
5.98, 2847685
5.99, 2847685
6.0, 2847685
6.01, 2847685
6.02, 2847685
6.03, 2847685
6.04, 2847685
6.05, 2847685
6.06, 2847685
6.07, 2847685
6.08, 2847685
6.09, 2847685
6.1, 2847685
6.11, 2847685
6.12, 2847685
6.13, 2847685
6.14, 2847685
6.15, 2847685
6.16, 2847685
6.17, 2847685
6.18, 2847685
6.19, 2847685
6.2, 2847685
6.21, 2847685
6.22, 2847685
6.23, 2847685
6.24, 2847685
6.25, 2847685
6.26, 2847685
6.27, 2847685
6.28, 2847685
6.29, 2847685
6.3, 2847685
6.31, 2847685
6.32, 2847685
6.33, 2847685
6.34, 2847685
6.35, 2847685
6.36, 2847685
6.37, 2847685
6.38, 2847685
6.39, 2847685
6.4, 2847685
6.41, 2847685
6.42, 2847685
6.43, 2847685
6.44, 2847685
6.45, 2847685
6.46, 2847685
6.47, 2847685
6.48, 2847685
6.49, 2847685
6.5, 2847685
6.51, 2847685
6.52, 2847685
6.53, 2847685
6.54, 2847685
6.55, 2847685
6.56, 2847685
6.57, 2847685
6.58, 2847685
6.59, 2847685
6.6, 2847685
6.61, 2847685
6.62, 2847685
6.63, 2847685
6.64, 2847685
6.65, 2847685
6.66, 2847685
6.67, 2847685
6.68, 2847685
6.69, 2847685
6.7, 2847685
6.71, 2847685
6.72, 2847685
6.73, 2847685
6.74, 2847685
6.75, 2847685
6.76, 2847685
6.77, 2847685
6.78, 2847685
6.79, 2847685
6.8, 2847685
6.81, 2847685
6.82, 2847685
6.83, 2847685
6.84, 2847685
6.85, 2847685
6.86, 2847685
6.87, 2847685
6.88, 2847685
6.89, 2847685
6.9, 2847685
6.91, 2847685
6.92, 2847685
6.93, 2847685
6.94, 2847685
6.95, 2847685
6.96, 2847685
6.97, 2847685
6.98, 2847685
6.99, 2847685
7.0, 2847685
7.01, 2847685
7.02, 2847685
7.03, 2847685
7.04, 2847685
7.05, 2847685
7.06, 2847685
7.07, 2847685
7.08, 2847685
7.09, 2847685
7.1, 2847685
7.11, 2847685
7.12, 2847685
7.13, 2847685
7.14, 2847685
7.15, 2847685
7.16, 2847685
7.17, 2847685
7.18, 2847685
7.19, 2847685
7.2, 2847685
7.21, 2847685
7.22, 2847685
7.23, 2847685
7.24, 2847685
7.25, 2847685
7.26, 2847685
7.27, 2847685
7.28, 2847685
7.29, 2847685
7.3, 2847685
7.31, 2847685
7.32, 2847685
7.33, 2847685
7.34, 2847685
7.35, 2847685
7.36, 2847685
7.37, 2847685
7.38, 2847685
7.39, 2847685
7.4, 2847685
7.41, 2847685
7.42, 2847685
7.43, 2847685
7.44, 2847685
7.45, 2847685
7.46, 2847685
7.47, 2847685
7.48, 2847685
7.49, 2847685
7.5, 2847685
7.51, 2847685
7.52, 2847685
7.53, 2847685
7.54, 2847685
7.55, 2847685
7.56, 2847685
7.57, 2847685
7.58, 2847685
7.59, 2847685
7.6, 2847685
7.61, 2847685
7.62, 2847685
7.63, 2847685
7.64, 2847685
7.65, 2847685
7.66, 2847685
7.67, 2847685
7.68, 2847685
7.69, 2847685
7.7, 2847685
7.71, 2847685
7.72, 2847685
7.73, 2847685
7.74, 2847685
7.75, 2847685
7.76, 2847685
7.77, 2847685
7.78, 2847685
7.79, 2847685
7.8, 2847685
7.81, 2847685
7.82, 2847685
7.83, 2847685
7.84, 2847685
7.85, 2847685
7.86, 2847685
7.87, 2847685
7.88, 2847685
7.89, 2847685
7.9, 2847685
7.91, 2847685
7.92, 2847685
7.93, 2847685
7.94, 2847685
7.95, 2847685
7.96, 2847685
7.97, 2847685
7.98, 2847685
7.99, 2847685
8.0, 2847685
8.01, 2847685
8.02, 2847685
8.03, 2847685
8.04, 2847685
8.05, 2847685
8.06, 2847685
8.07, 2847685
8.08, 2847685
8.09, 2847685
8.1, 2847685
8.11, 2847685
8.12, 2847685
8.13, 2847685
8.14, 2847685
8.15, 2847685
8.16, 2847685
8.17, 2847685
8.18, 2847685
8.19, 2847685
8.2, 2847685
8.21, 2847685
8.22, 2847685
8.23, 2847685
8.24, 2847685
8.25, 2847685
8.26, 2847685
8.27, 2847685
8.28, 2847685
8.29, 2847685
8.3, 2847685
8.31, 2847685
8.32, 2847685
8.33, 2847685
8.34, 2847685
8.35, 2847685
8.36, 2847685
8.37, 2847685
8.38, 2847685
8.39, 2847685
8.4, 2847685
8.41, 2847685
8.42, 2847685
8.43, 2847685
8.44, 2847685
8.45, 2847685
8.46, 2847685
8.47, 2847685
8.48, 2847685
8.49, 2847685
8.5, 2847685
8.51, 2847685
8.52, 2847685
8.53, 2847685
8.54, 2847685
8.55, 2847685
8.56, 2847685
8.57, 2847685
8.58, 2847685
8.59, 2847685
8.6, 2847685
8.61, 2847685
8.62, 2847685
8.63, 2847685
8.64, 2847685
8.65, 2847685
8.66, 2847685
8.67, 2847685
8.68, 2847685
8.69, 2847685
8.7, 2847685
8.71, 2847685
8.72, 2847685
8.73, 2847685
8.74, 2847685
8.75, 2847685
8.76, 2847685
8.77, 2847685
8.78, 2847685
8.79, 2847685
8.8, 2847685
8.81, 2847685
8.82, 2847685
8.83, 2847685
8.84, 2847685
8.85, 2847685
8.86, 2847685
8.87, 2847685
8.88, 2797895
8.89, 2797895
8.9, 2797895
8.91, 2797895
8.92, 2797895
8.93, 2797895
8.94, 2797895
8.95, 2797895
8.96, 2797895
8.97, 2797895
8.98, 2797895
8.99, 2797895
9.0, 2797895
9.01, 2797895
9.02, 2797895
9.03, 2797895
9.04, 2797895
9.05, 2797895
9.06, 2797895
9.07, 2797895
9.08, 2797895
9.09, 2797895
9.1, 2797895
9.11, 2797895
9.12, 2797895
9.13, 2797895
9.14, 2797895
9.15, 2797895
9.16, 2797895
9.17, 2797895
9.18, 2797895
9.19, 2797895
9.2, 2797895
9.21, 2797895
9.22, 2797895
9.23, 2797895
9.24, 2797895
9.25, 2797895
9.26, 2797895
9.27, 2797895
9.28, 2797895
9.29, 2797895
9.3, 2797895
9.31, 2797895
9.32, 2797895
9.33, 2797895
9.34, 2797895
9.35, 2797895
9.36, 2797895
9.37, 2797895
9.38, 2797895
9.39, 2797895
9.4, 2797895
9.41, 2797895
9.42, 2797895
9.43, 2797895
9.44, 2797895
9.45, 2797895
9.46, 2797895
9.47, 2797895
9.48, 2797895
9.49, 2797895
9.5, 2797895
9.51, 2797895
9.52, 2797895
9.53, 2797895
9.54, 2797895
9.55, 2797895
9.56, 2797895
9.57, 2797895
9.58, 2797895
9.59, 2797895
9.6, 2797895
9.61, 2797895
9.62, 2797895
9.63, 2797895
9.64, 2797895
9.65, 2797895
9.66, 2797895
9.67, 2797895
9.68, 2797895
9.69, 2797895
9.7, 2797895
9.71, 2797895
9.72, 2797895
9.73, 2797895
9.74, 2797895
9.75, 2797895
9.76, 2797895
9.77, 2797895
9.78, 2797895
9.79, 2797895
9.8, 2797895
9.81, 2797895
9.82, 2797895
9.83, 2797895
9.84, 2797895
9.85, 2797895
9.86, 2797895
9.87, 2797895
9.88, 2797895
9.89, 2797895
9.9, 2797895
9.91, 2797895
9.92, 2797895
9.93, 2797895
9.94, 2797895
9.95, 2797895
9.96, 2797895
9.97, 2797895
9.98, 2797895
9.99, 2797895
10.0, 2797895
10.01, 2797895
10.02, 2797895
10.03, 2797895
10.04, 2797895
10.05, 2797895
10.06, 2797895
10.07, 2797895
10.08, 2797895
10.09, 2797895
10.1, 2797895
10.11, 2797895
10.12, 2797895
10.13, 2797895
10.14, 2797895
10.15, 2797895
10.16, 2797895
10.17, 2797895
10.18, 2797895
10.19, 2797895
10.2, 2797895
10.21, 2797895
10.22, 2797895
10.23, 2797895
10.24, 2797895
10.25, 2797895
10.26, 2797895
10.27, 2797895
10.28, 2797895
10.29, 2797895
10.3, 2797895
10.31, 2797895
10.32, 2797895
10.33, 2797895
10.34, 2797895
10.35, 2797895
10.36, 2797895
10.37, 2797895
10.38, 2797895
10.39, 2797895
10.4, 2797895
10.41, 2797895
10.42, 2797895
10.43, 2797895
10.44, 2797895
10.45, 2797895
10.46, 2797895
10.47, 2797895
10.48, 2797895
10.49, 2797895
10.5, 2797895
10.51, 2797895
10.52, 2797895
10.53, 2797895
10.54, 2797895
10.55, 2797895
10.56, 2797895
10.57, 2797895
10.58, 2797895
10.59, 2797895
10.6, 2797895
10.61, 2797895
10.62, 2797895
10.63, 2797895
10.64, 2797895
10.65, 2797895
10.66, 2797895
10.67, 2797895
10.68, 2797895
10.69, 2797895
10.7, 2797895
10.71, 2797895
10.72, 2797895
10.73, 2797895
10.74, 2797895
10.75, 2797895
10.76, 2797895
10.77, 2797895
10.78, 2797895
10.79, 2797895
10.8, 2797895
10.81, 2797895
10.82, 2797895
10.83, 2797895
10.84, 2797895
10.85, 2797895
10.86, 2797895
10.87, 2797895
10.88, 2797895
10.89, 2797895
10.9, 2797895
10.91, 2797895
10.92, 2797895
10.93, 2797895
10.94, 2797895
10.95, 2797895
10.96, 2797895
10.97, 2797895
10.98, 2797895
10.99, 2797895
11.0, 2797895
11.01, 2797895
11.02, 2797895
11.03, 2797895
11.04, 2797895
11.05, 2797895
11.06, 2797895
11.07, 2797895
11.08, 2797895
11.09, 2797895
11.1, 2797895
11.11, 2797895
11.12, 2797895
11.13, 2797895
11.14, 2797895
11.15, 2797895
11.16, 2797895
11.17, 2797895
11.18, 2797895
11.19, 2797895
11.2, 2797895
11.21, 2797895
11.22, 2797895
11.23, 2797895
11.24, 2797895
11.25, 2797895
11.26, 2797895
11.27, 2797895
11.28, 2797895
11.29, 2797895
11.3, 2797895
11.31, 2797895
11.32, 2797895
11.33, 2797895
11.34, 2797895
11.35, 2797895
11.36, 2797895
11.37, 2797895
11.38, 2797895
11.39, 2797895
11.4, 2797895
11.41, 2797895
11.42, 2797895
11.43, 2797895
11.44, 2797895
11.45, 2797895
11.46, 2797895
11.47, 2797895
11.48, 2797895
11.49, 2797895
11.5, 2797895
11.51, 2797895
11.52, 2797895
11.53, 2797895
11.54, 2797895
11.55, 2797895
11.56, 2797895
11.57, 2797895
11.58, 2797895
11.59, 2797895
11.6, 2797895
11.61, 2797895
11.62, 2797895
11.63, 2797895
11.64, 2797895
11.65, 2797895
11.66, 2797895
11.67, 2797895
11.68, 2797895
11.69, 2797895
11.7, 2797895
11.71, 2797895
11.72, 2797895
11.73, 2797895
11.74, 2797895
11.75, 2797895
11.76, 2797895
11.77, 2797895
11.78, 2797895
11.79, 2797895
11.8, 2797895
11.81, 2797895
11.82, 2797895
11.83, 2797895
11.84, 2797895
11.85, 2797895
11.86, 2797895
11.87, 2797895
11.88, 2797895
11.89, 2797895
11.9, 2797895
11.91, 2797895
11.92, 2797895
11.93, 2797895
11.94, 2797895
11.95, 2797895
11.96, 2797895
11.97, 2797895
11.98, 2797895
11.99, 2797895
12.0, 2797895
12.01, 2797895
12.02, 2797895
12.03, 2797895
12.04, 2797895
12.05, 2797895
12.06, 2797895
12.07, 2797895
12.08, 2797895
12.09, 2797895
12.1, 2797895
12.11, 2797895
12.12, 2797895
12.13, 2797895
12.14, 2797895
12.15, 2797895
12.16, 2797895
12.17, 2797895
12.18, 2797895
12.19, 2797895
12.2, 2797895
12.21, 2797895
12.22, 2797895
12.23, 2797895
12.24, 2797895
12.25, 2797895
12.26, 2797895
12.27, 2797895
12.28, 2797895
12.29, 2797895
12.3, 2797895
12.31, 2797895
12.32, 2797895
12.33, 2797895
12.34, 2797895
12.35, 2797895
12.36, 2797895
12.37, 2797895
12.38, 2797895
12.39, 2797895
12.4, 2797895
12.41, 2797895
12.42, 2797895
12.43, 2797895
12.44, 2797895
12.45, 2797895
12.46, 2797895
12.47, 2797895
12.48, 2797895
12.49, 2797895
12.5, 2797895
12.51, 2797895
12.52, 2797895
12.53, 2797895
12.54, 2797895
12.55, 2797895
12.56, 2797895
12.57, 2797895
12.58, 2797895
12.59, 2797895
12.6, 2797895
12.61, 2797895
12.62, 2797895
12.63, 2797895
12.64, 2797895
12.65, 2797895
12.66, 2797895
12.67, 2797895
12.68, 2797895
12.69, 2797895
12.7, 2797895
12.71, 2797895
12.72, 2797895
12.73, 2797895
12.74, 2797895
12.75, 2797895
12.76, 2797895
12.77, 2797895
12.78, 2797895
12.79, 2797895
12.8, 2797895
12.81, 2797895
12.82, 2797895
12.83, 2797895
12.84, 2797895
12.85, 2797895
12.86, 2797895
12.87, 2797895
12.88, 2797895
12.89, 2797895
12.9, 2797895
12.91, 2797895
12.92, 2797895
12.93, 2797895
12.94, 2797895
12.95, 2797895
12.96, 2797895
12.97, 2797895
12.98, 2797895
12.99, 2797895
13.0, 2797895
13.01, 2797895
13.02, 2797895
13.03, 2797895
13.04, 2797895
13.05, 2797895
13.06, 2797895
13.07, 2797895
13.08, 2797895
13.09, 2797895
13.1, 2797895
13.11, 2797895
13.12, 2797895
13.13, 2797895
13.14, 2797895
13.15, 2797895
13.16, 2797895
13.17, 2797895
13.18, 2797895
13.19, 2797895
13.2, 2797895
13.21, 2797895
13.22, 2797895
13.23, 2797895
13.24, 2797895
13.25, 2797895
13.26, 2797895
13.27, 2797895
13.28, 2797895
13.29, 2797895
13.3, 2797895
13.31, 2797895
13.32, 2797895
13.33, 2797895
13.34, 2797895
13.35, 2797895
13.36, 2797895
13.37, 2797895
13.38, 2797895
13.39, 2797895
13.4, 2797895
13.41, 2797895
13.42, 2797895
13.43, 2797895
13.44, 2797895
13.45, 2797895
13.46, 2797895
13.47, 2797895
13.48, 2797895
13.49, 2797895
13.5, 2797895
13.51, 2797895
13.52, 2797895
13.53, 2797895
13.54, 2797895
13.55, 2797895
13.56, 2797895
13.57, 2797895
13.58, 2797895
13.59, 2797895
13.6, 2797895
13.61, 2797895
13.62, 2797895
13.63, 2797895
13.64, 2797895
13.65, 2797895
13.66, 2797895
13.67, 2797895
13.68, 2797895
13.69, 2797895
13.7, 2797895
13.71, 2797895
13.72, 2797895
13.73, 2797895
13.74, 2797895
13.75, 2797895
13.76, 2797895
13.77, 2797895
13.78, 2797895
13.79, 2797895
13.8, 2797895
13.81, 2797895
13.82, 2797895
13.83, 2797895
13.84, 2797895
13.85, 2797895
13.86, 2797895
13.87, 2797895
13.88, 2797895
13.89, 2797895
13.9, 2797895
13.91, 2797895
13.92, 2797895
13.93, 2797895
13.94, 2797895
13.95, 2797895
13.96, 2797895
13.97, 2797895
13.98, 2797895
13.99, 2797895
14.0, 2797895
14.01, 2797895
14.02, 2797895
14.03, 2797895
14.04, 2797895
14.05, 2797895
14.06, 2797895
14.07, 2797895
14.08, 2797895
14.09, 2797895
14.1, 2797895
14.11, 2797895
14.12, 2797895
14.13, 2797895
14.14, 2797895
14.15, 2797895
14.16, 2797895
14.17, 2797895
14.18, 2797895
14.19, 2797895
14.2, 2797895
14.21, 2797895
14.22, 2797895
14.23, 2797895
14.24, 2797895
14.25, 2797895
14.26, 2797895
14.27, 2797895
14.28, 2797895
14.29, 2797895
14.3, 2797895
14.31, 2797895
14.32, 2797895
14.33, 2797895
14.34, 2797895
14.35, 2797895
14.36, 2797895
14.37, 2797895
14.38, 2797895
14.39, 2797895
14.4, 2797895
14.41, 2797895
14.42, 2797895
14.43, 2797895
14.44, 2797895
14.45, 2797895
14.46, 2797895
14.47, 2797895
14.48, 2797895
14.49, 2797895
14.5, 2797895
14.51, 2797895
14.52, 2797895
14.53, 2797895
14.54, 2797895
14.55, 2797895
14.56, 2797895
14.57, 2797895
14.58, 2797895
14.59, 2797895
14.6, 2797895
14.61, 2797895
14.62, 2797895
14.63, 2797895
14.64, 2797895
14.65, 2797895
14.66, 2797895
14.67, 2797895
14.68, 2797895
14.69, 2797895
14.7, 2797895
14.71, 2797895
14.72, 2797895
14.73, 2797895
14.74, 2797895
14.75, 2797895
14.76, 2797895
14.77, 2797895
14.78, 2797895
14.79, 2797895
14.8, 2797895
14.81, 2797895
14.82, 2797895
14.83, 2797895
14.84, 2797895
14.85, 2797895
14.86, 2797895
14.87, 2797895
14.88, 2797895
14.89, 2797895
14.9, 2797895
14.91, 2797895
14.92, 2797895
14.93, 2797895
14.94, 2797895
14.95, 2797895
14.96, 2797895
14.97, 2797895
14.98, 2797895
14.99, 2797895
15.0, 2797895
15.01, 2797895
15.02, 2797895
15.03, 2797895
15.04, 2797895
15.05, 2797895
15.06, 2797895
15.07, 2797895
15.08, 2797895
15.09, 2797895
15.1, 2797895
15.11, 2797895
15.12, 2797895
15.13, 2797895
15.14, 2797895
15.15, 2797895
15.16, 2797895
15.17, 2797895
15.18, 2797895
15.19, 2797895
15.2, 2797895
15.21, 2797895
15.22, 2797895
15.23, 2797895
15.24, 2797895
15.25, 2797895
15.26, 2797895
15.27, 2797895
15.28, 2797895
15.29, 2797895
15.3, 2797895
15.31, 2797895
15.32, 2797895
15.33, 2797895
15.34, 2797895
15.35, 2797895
15.36, 2797895
15.37, 2797895
15.38, 2797895
15.39, 2797895
15.4, 2797895
15.41, 2797895
15.42, 2797895
15.43, 2797895
15.44, 2797895
15.45, 2797895
15.46, 2797895
15.47, 2797895
15.48, 2797895
15.49, 2797895
15.5, 2797895
15.51, 2797895
15.52, 2797895
15.53, 2797895
15.54, 2797895
15.55, 2797895
15.56, 2797895
15.57, 2797895
15.58, 2797895
15.59, 2797895
15.6, 2797895
15.61, 2797895
15.62, 2797895
15.63, 2797895
15.64, 2797895
15.65, 2797895
15.66, 2797895
15.67, 2797895
15.68, 2797895
15.69, 2797895
15.7, 2797895
15.71, 2797895
15.72, 2797895
15.73, 2797895
15.74, 2797895
15.75, 2797895
15.76, 2797895
15.77, 2797895
15.78, 2797895
15.79, 2797895
15.8, 2797895
15.81, 2797895
15.82, 2797895
15.83, 2797895
15.84, 2797895
15.85, 2797895
15.86, 2797895
15.87, 2797895
15.88, 2797895
15.89, 2797895
15.9, 2797895
15.91, 2797895
15.92, 2797895
15.93, 2797895
15.94, 2797895
15.95, 2797895
15.96, 2797895
15.97, 2797895
15.98, 2797895
15.99, 2797895
16.0, 2797895
16.01, 2797895
16.02, 2797895
16.03, 2797895
16.04, 2797895
16.05, 2797895
16.06, 2797895
16.07, 2797895
16.08, 2797895
16.09, 2797895
16.1, 2797895
16.11, 2797895
16.12, 2797895
16.13, 2797895
16.14, 2797895
16.15, 2797895
16.16, 2797895
16.17, 2797895
16.18, 2797895
16.19, 2797895
16.2, 2797895
16.21, 2797895
16.22, 2797895
16.23, 2797895
16.24, 2797895
16.25, 2797895
16.26, 2797895
16.27, 2797895
16.28, 2797895
16.29, 2797895
16.3, 2797895
16.31, 2797895
16.32, 2797895
16.33, 2797895
16.34, 2797895
16.35, 2797895
16.36, 2797895
16.37, 2797895
16.38, 2797895
16.39, 2797895
16.4, 2797895
16.41, 2797895
16.42, 2797895
16.43, 2797895
16.44, 2797895
16.45, 2797895
16.46, 2797895
16.47, 2797895
16.48, 2797895
16.49, 2797895
16.5, 2797895
16.51, 2797895
16.52, 2797895
16.53, 2797895
16.54, 2797895
16.55, 2797895
16.56, 2797895
16.57, 2797895
16.58, 2797895
16.59, 2797895
16.6, 2797895
16.61, 2797895
16.62, 2797895
16.63, 2797895
16.64, 2797895
16.65, 2797895
16.66, 2797895
16.67, 2797895
16.68, 2797895
16.69, 2797895
16.7, 2797895
16.71, 2797895
16.72, 2797895
16.73, 2797895
16.74, 2797895
16.75, 2797895
16.76, 2797895
16.77, 2797895
16.78, 2797895
16.79, 2797895
16.8, 2797895
16.81, 2797895
16.82, 2797895
16.83, 2797895
16.84, 2797895
16.85, 2797895
16.86, 2797895
16.87, 2797895
16.88, 2797895
16.89, 2797895
16.9, 2797895
16.91, 2797895
16.92, 2797895
16.93, 2797895
16.94, 2797895
16.95, 2797895
16.96, 2797895
16.97, 2797895
16.98, 2797895
16.99, 2797895
17.0, 2797895
17.01, 2797895
17.02, 2797895
17.03, 2797895
17.04, 2797895
17.05, 2797895
17.06, 2797895
17.07, 2797895
17.08, 2797895
17.09, 2797895
17.1, 2797895
17.11, 2797895
17.12, 2797895
17.13, 2797895
17.14, 2797895
17.15, 2797895
17.16, 2797895
17.17, 2797895
17.18, 2797895
17.19, 2797895
17.2, 2797895
17.21, 2797895
17.22, 2797895
17.23, 2797895
17.24, 2797895
17.25, 2797895
17.26, 2797895
17.27, 2797895
17.28, 2797895
17.29, 2797895
17.3, 2797895
17.31, 2797895
17.32, 2797895
17.33, 2797895
17.34, 2797895
17.35, 2797895
17.36, 2797895
17.37, 2797895
17.38, 2797895
17.39, 2797895
17.4, 2797895
17.41, 2797895
17.42, 2797895
17.43, 2797895
17.44, 2797895
17.45, 2797895
17.46, 2797895
17.47, 2797895
17.48, 2797895
17.49, 2797895
17.5, 2797895
17.51, 2797895
17.52, 2797895
17.53, 2797895
17.54, 2797895
17.55, 2797895
17.56, 2797895
17.57, 2797895
17.58, 2797895
17.59, 2797895
17.6, 2797895
17.61, 2797895
17.62, 2797895
17.63, 2797895
17.64, 2797895
17.65, 2797895
17.66, 2797895
17.67, 2797895
17.68, 2797895
17.69, 2797895
17.7, 2797895
17.71, 2797895
17.72, 2797895
17.73, 2797895
17.74, 2797895
17.75, 2797895
17.76, 2797895
17.77, 2797895
17.78, 2797895
17.79, 2797895
17.8, 2797895
17.81, 2797895
17.82, 2797895
17.83, 2797895
17.84, 2797895
17.85, 2797895
17.86, 2797895
17.87, 2797895
17.88, 2797895
17.89, 2797895
17.9, 2797895
17.91, 2797895
17.92, 2797895
17.93, 2797895
17.94, 2797895
17.95, 2797895
17.96, 2797895
17.97, 2797895
17.98, 2797895
17.99, 2797895
18.0, 2797895
18.01, 2797895
18.02, 2797895
18.03, 2797895
18.04, 2797895
18.05, 2797895
18.06, 2797895
18.07, 2797895
18.08, 2797895
18.09, 2797895
18.1, 2797895
18.11, 2797895
18.12, 2797895
18.13, 2797895
18.14, 2797895
18.15, 2797895
18.16, 2797895
18.17, 2797895
18.18, 2797895
18.19, 2797895
18.2, 2797895
18.21, 2797895
18.22, 2797895
18.23, 2797895
18.24, 2797895
18.25, 2797895
18.26, 2797895
18.27, 2797895
18.28, 2797895
18.29, 2797895
18.3, 2797895
18.31, 2797895
18.32, 2797895
18.33, 2797895
18.34, 2797895
18.35, 2797895
18.36, 2797895
18.37, 2797895
18.38, 2797895
18.39, 2797895
18.4, 2797895
18.41, 2797895
18.42, 2797895
18.43, 2797895
18.44, 2797895
18.45, 2797895
18.46, 2797895
18.47, 2797895
18.48, 2797895
18.49, 2797895
18.5, 2797895
18.51, 2797895
18.52, 2797895
18.53, 2797895
18.54, 2797895
18.55, 2797895
18.56, 2797895
18.57, 2797895
18.58, 2797895
18.59, 2797895
18.6, 2797895
18.61, 2797895
18.62, 2797895
18.63, 2797895
18.64, 2797895
18.65, 2797895
18.66, 2797895
18.67, 2797895
18.68, 2797895
18.69, 2797895
18.7, 2797895
18.71, 2797895
18.72, 2797895
18.73, 2797895
18.74, 2797895
18.75, 2797895
18.76, 2797895
18.77, 2797895
18.78, 2797895
18.79, 2797895
18.8, 2797895
18.81, 2797895
18.82, 2797895
18.83, 2797895
18.84, 2797895
18.85, 2797895
18.86, 2797895
18.87, 2797895
18.88, 2797895
18.89, 2797895
18.9, 2797895
18.91, 2797895
18.92, 2797895
18.93, 2797895
18.94, 2797895
18.95, 2797895
18.96, 2797895
18.97, 2797895
18.98, 2797895
18.99, 2797895
19.0, 2797895
19.01, 2797895
19.02, 2797895
19.03, 2797895
19.04, 2797895
19.05, 2797895
19.06, 2797895
19.07, 2797895
19.08, 2797895
19.09, 2797895
19.1, 2797895
19.11, 2797895
19.12, 2797895
19.13, 2797895
19.14, 2797895
19.15, 2797895
19.16, 2797895
19.17, 2797895
19.18, 2797895
19.19, 2797895
19.2, 2797895
19.21, 2797895
19.22, 2797895
19.23, 2797895
19.24, 2797895
19.25, 2797895
19.26, 2797895
19.27, 2797895
19.28, 2797895
19.29, 2797895
19.3, 2797895
19.31, 2797895
19.32, 2797895
19.33, 2797895
19.34, 2797895
19.35, 2797895
19.36, 2797895
19.37, 2797895
19.38, 2797895
19.39, 2797895
19.4, 2797895
19.41, 2797895
19.42, 2797895
19.43, 2797895
19.44, 2797895
19.45, 2797895
19.46, 2797895
19.47, 2797895
19.48, 2797895
19.49, 2797895
19.5, 2797895
19.51, 2797895
19.52, 2797895
19.53, 2797895
19.54, 2797895
19.55, 2797895
19.56, 2797895
19.57, 2797895
19.58, 2797895
19.59, 2797895
19.6, 2797895
19.61, 2797895
19.62, 2797895
19.63, 2797895
19.64, 2797895
19.65, 2797895
19.66, 2797895
19.67, 2797895
19.68, 2797895
19.69, 2797895
19.7, 2797895
19.71, 2797895
19.72, 2797895
19.73, 2797895
19.74, 2797895
19.75, 2797895
19.76, 2797895
19.77, 2797895
19.78, 2797895
19.79, 2797895
19.8, 2797895
19.81, 2797895
19.82, 2797895
19.83, 2797895
19.84, 2797895
19.85, 2797895
19.86, 2797895
19.87, 2797895
19.88, 2797895
19.89, 2797895
19.9, 2797895
19.91, 2797895
19.92, 2797895
19.93, 2797895
19.94, 2797895
19.95, 2797895
19.96, 2797895
19.97, 2797895
19.98, 2797895
19.99, 2797895
20.0, 2797895
20.01, 2797895
20.02, 2797895
20.03, 2797895
20.04, 2797895
20.05, 2797895
20.06, 2797895
20.07, 2797895
20.08, 2797895
20.09, 2797895
20.1, 2797895
20.11, 2797895
20.12, 2797895
20.13, 2797895
20.14, 2797895
20.15, 2797895
20.16, 2797895
20.17, 2797895
20.18, 2797895
20.19, 2797895
20.2, 2797895
20.21, 2797895
20.22, 2797895
20.23, 2797895
20.24, 2797895
20.25, 2797895
20.26, 2797895
20.27, 2797895
20.28, 2797895
20.29, 2797895
20.3, 2797895
20.31, 2797895
20.32, 2797895
20.33, 2797895
20.34, 2797895
20.35, 2797895
20.36, 2797895
20.37, 2797895
20.38, 2797895
20.39, 2797895
20.4, 2797895
20.41, 2797895
20.42, 2797895
20.43, 2797895
20.44, 2797895
20.45, 2797895
20.46, 2797895
20.47, 2797895
20.48, 2797895
20.49, 2797895
20.5, 2797895
20.51, 2797895
20.52, 2797895
20.53, 2797895
20.54, 2797895
20.55, 2797895
20.56, 2797895
20.57, 2797895
20.58, 2797895
20.59, 2797895
20.6, 2797895
20.61, 2797895
20.62, 2797895
20.63, 2797895
20.64, 2797895
20.65, 2797895
20.66, 2797895
20.67, 2797895
20.68, 2797895
20.69, 2797895
20.7, 2797895
20.71, 2797895
20.72, 2797895
20.73, 2797895
20.74, 2797895
20.75, 2797895
20.76, 2797895
20.77, 2797895
20.78, 2797895
20.79, 2797895
20.8, 2797895
20.81, 2797895
20.82, 2797895
20.83, 2797895
20.84, 2797895
20.85, 2797895
20.86, 2797895
20.87, 2797895
20.88, 2797895
20.89, 2797895
20.9, 2797895
20.91, 2797895
20.92, 2797895
20.93, 2797895
20.94, 2797895
20.95, 2797895
20.96, 2797895
20.97, 2797895
20.98, 2797895
20.99, 2797895
21.0, 2797895
21.01, 2797895
21.02, 2797895
21.03, 2797895
21.04, 2797895
21.05, 2797895
21.06, 2797895
21.07, 2797895
21.08, 2797895
21.09, 2797895
21.1, 2797895
21.11, 2797895
21.12, 2797895
21.13, 2797895
21.14, 2797895
21.15, 2797895
21.16, 2797895
21.17, 2797895
21.18, 2797895
21.19, 2797895
21.2, 2797895
21.21, 2797895
21.22, 2797895
21.23, 2797895
21.24, 2797895
21.25, 2797895
21.26, 2797895
21.27, 2797895
21.28, 2797895
21.29, 2797895
21.3, 2797895
21.31, 2797895
21.32, 2797895
21.33, 2797895
21.34, 2797895
21.35, 2797895
21.36, 2797895
21.37, 2797895
21.38, 2797895
21.39, 2797895
21.4, 2797895
21.41, 2797895
21.42, 2797895
21.43, 2797895
21.44, 2797895
21.45, 2797895
21.46, 2797895
21.47, 2797895
21.48, 2797895
21.49, 2797895
21.5, 2797895
21.51, 2797895
21.52, 2797895
21.53, 2797895
21.54, 2797895
21.55, 2797895
21.56, 2797895
21.57, 2797895
21.58, 2797895
21.59, 2797895
21.6, 2797895
21.61, 2797895
21.62, 2797895
21.63, 2797895
21.64, 2797895
21.65, 2797895
21.66, 2797895
21.67, 2797895
21.68, 2797895
21.69, 2797895
21.7, 2797895
21.71, 2797895
21.72, 2797895
21.73, 2797895
21.74, 2797895
21.75, 2797895
21.76, 2797895
21.77, 2797895
21.78, 2797895
21.79, 2797895
21.8, 2797895
21.81, 2797895
21.82, 2797895
21.83, 2797895
21.84, 2797895
21.85, 2797895
21.86, 2797895
21.87, 2797895
21.88, 2797895
21.89, 2797895
21.9, 2797895
21.91, 2797895
21.92, 2797895
21.93, 2797895
21.94, 2797895
21.95, 2797895
21.96, 2797895
21.97, 2797895
21.98, 2797895
21.99, 2797895
22.0, 2797895
22.01, 2797895
22.02, 2797895
22.03, 2797895
22.04, 2797895
22.05, 2797895
22.06, 2797895
22.07, 2797895
22.08, 2797895
22.09, 2797895
22.1, 2797895
22.11, 2797895
22.12, 2797895
22.13, 2797895
22.14, 2797895
22.15, 2797895
22.16, 2797895
22.17, 2797895
22.18, 2797895
22.19, 2797895
22.2, 2797895
22.21, 2797895
22.22, 2797895
22.23, 2797895
22.24, 2797895
22.25, 2797895
22.26, 2797895
22.27, 2797895
22.28, 2797895
22.29, 2797895
22.3, 2797895
22.31, 2797895
22.32, 2797895
22.33, 2797895
22.34, 2797895
22.35, 2797895
22.36, 2797895
22.37, 2797895
22.38, 2797895
22.39, 2797895
22.4, 2797895
22.41, 2797895
22.42, 2797895
22.43, 2797895
22.44, 2797895
22.45, 2797895
22.46, 2797895
22.47, 2797895
22.48, 2797895
22.49, 2797895
22.5, 2797895
22.51, 2797895
22.52, 2797895
22.53, 2797895
22.54, 2797895
22.55, 2797895
22.56, 2797895
22.57, 2797895
22.58, 2797895
22.59, 2797895
22.6, 2797895
22.61, 2797895
22.62, 2797895
22.63, 2797895
22.64, 2797895
22.65, 2797895
22.66, 2797895
22.67, 2797895
22.68, 2797895
22.69, 2797895
22.7, 2797895
22.71, 2797895
22.72, 2797895
22.73, 2797895
22.74, 2797895
22.75, 2797895
22.76, 2797895
22.77, 2797895
22.78, 2797895
22.79, 2797895
22.8, 2797895
22.81, 2797895
22.82, 2797895
22.83, 2797895
22.84, 2797895
22.85, 2797895
22.86, 2797895
22.87, 2797895
22.88, 2797895
22.89, 2797895
22.9, 2797895
22.91, 2797895
22.92, 2797895
22.93, 2797895
22.94, 2797895
22.95, 2797895
22.96, 2797895
22.97, 2797895
22.98, 2797895
22.99, 2797895
23.0, 2797895
23.01, 2797895
23.02, 2797895
23.03, 2797895
23.04, 2797895
23.05, 2797895
23.06, 2797895
23.07, 2797895
23.08, 2797895
23.09, 2797895
23.1, 2797895
23.11, 2797895
23.12, 2797895
23.13, 2797895
23.14, 2797895
23.15, 2797895
23.16, 2797895
23.17, 2797895
23.18, 2797895
23.19, 2797895
23.2, 2797895
23.21, 2797895
23.22, 2797895
23.23, 2797895
23.24, 2797895
23.25, 2797895
23.26, 2797895
23.27, 2797895
23.28, 2797895
23.29, 2797895
23.3, 2797895
23.31, 2797895
23.32, 2797895
23.33, 2797895
23.34, 2797895
23.35, 2797895
23.36, 2797895
23.37, 2797895
23.38, 2797895
23.39, 2797895
23.4, 2797895
23.41, 2797895
23.42, 2797895
23.43, 2797895
23.44, 2797895
23.45, 2797895
23.46, 2797895
23.47, 2797895
23.48, 2797895
23.49, 2797895
23.5, 2797895
23.51, 2797895
23.52, 2797895
23.53, 2797895
23.54, 2797895
23.55, 2797895
23.56, 2797895
23.57, 2797895
23.58, 2797895
23.59, 2797895
23.6, 2797895
23.61, 2797895
23.62, 2797895
23.63, 2797895
23.64, 2797895
23.65, 2797895
23.66, 2797895
23.67, 2797895
23.68, 2797895
23.69, 2797895
23.7, 2797895
23.71, 2797895
23.72, 2797895
23.73, 2797895
23.74, 2797895
23.75, 2797895
23.76, 2797895
23.77, 2797895
23.78, 2797895
23.79, 2797895
23.8, 2797895
23.81, 2797895
23.82, 2797895
23.83, 2797895
23.84, 2797895
23.85, 2797895
23.86, 2797895
23.87, 2797895
23.88, 2797895
23.89, 2797895
23.9, 2797895
23.91, 2797895
23.92, 2797895
23.93, 2797895
23.94, 2797895
23.95, 2797895
23.96, 2797895
23.97, 2797895
23.98, 2797895
23.99, 2797895
24.0, 2797895
24.01, 2797895
24.02, 2797895
24.03, 2797895
24.04, 2797895
24.05, 2797895
24.06, 2797895
24.07, 2797895
24.08, 2797895
24.09, 2797895
24.1, 2797895
24.11, 2797895
24.12, 2797895
24.13, 2797895
24.14, 2797895
24.15, 2797895
24.16, 2797895
24.17, 2797895
24.18, 2797895
24.19, 2797895
24.2, 2797895
24.21, 2797895
24.22, 2797895
24.23, 2797895
24.24, 2797895
24.25, 2797895
24.26, 2797895
24.27, 2797895
24.28, 2797895
24.29, 2797895
24.3, 2797895
24.31, 2797895
24.32, 2797895
24.33, 2797895
24.34, 2797895
24.35, 2797895
24.36, 2797895
24.37, 2797895
24.38, 2797895
24.39, 2797895
24.4, 2797895
24.41, 2797895
24.42, 2797895
24.43, 2797895
24.44, 2797895
24.45, 2797895
24.46, 2797895
24.47, 2797895
24.48, 2797895
24.49, 2797895
24.5, 2797895
24.51, 2797895
24.52, 2797895
24.53, 2797895
24.54, 2797895
24.55, 2797895
24.56, 2797895
24.57, 2797895
24.58, 2797895
24.59, 2797895
24.6, 2797895
24.61, 2797895
24.62, 2797895
24.63, 2797895
24.64, 2797895
24.65, 2797895
24.66, 2797895
24.67, 2797895
24.68, 2797895
24.69, 2797895
24.7, 2797895
24.71, 2797895
24.72, 2797895
24.73, 2797895
24.74, 2797895
24.75, 2797895
24.76, 2797895
24.77, 2797895
24.78, 2797895
24.79, 2797895
24.8, 2797895
24.81, 2797895
24.82, 2797895
24.83, 2797895
24.84, 2797895
24.85, 2797895
24.86, 2797895
24.87, 2797895
24.88, 2797895
24.89, 2797895
24.9, 2797895
24.91, 2797895
24.92, 2797895
24.93, 2797895
24.94, 2797895
24.95, 2797895
24.96, 2797895
24.97, 2797895
24.98, 2797895
24.99, 2797895
25.0, 2797895
25.01, 2797895
25.02, 2797895
25.03, 2797895
25.04, 2797895
25.05, 2797895
25.06, 2797895
25.07, 2797895
25.08, 2797895
25.09, 2797895
25.1, 2797895
25.11, 2797895
25.12, 2797895
25.13, 2797895
25.14, 2797895
25.15, 2797895
25.16, 2797895
25.17, 2797895
25.18, 2797895
25.19, 2797895
25.2, 2797895
25.21, 2797895
25.22, 2797895
25.23, 2797895
25.24, 2797895
25.25, 2797895
25.26, 2797895
25.27, 2797895
25.28, 2797895
25.29, 2797895
25.3, 2797895
25.31, 2797895
25.32, 2797895
25.33, 2797895
25.34, 2797895
25.35, 2797895
25.36, 2797895
25.37, 2797895
25.38, 2797895
25.39, 2797895
25.4, 2797895
25.41, 2797895
25.42, 2797895
25.43, 2797895
25.44, 2797895
25.45, 2797895
25.46, 2797895
25.47, 2797895
25.48, 2797895
25.49, 2797895
25.5, 2797895
25.51, 2797895
25.52, 2797895
25.53, 2797895
25.54, 2797895
25.55, 2797895
25.56, 2797895
25.57, 2797895
25.58, 2797895
25.59, 2797895
25.6, 2797895
25.61, 2797895
25.62, 2797895
25.63, 2797895
25.64, 2797895
25.65, 2797895
25.66, 2797895
25.67, 2797895
25.68, 2797895
25.69, 2797895
25.7, 2797895
25.71, 2797895
25.72, 2797895
25.73, 2797895
25.74, 2797895
25.75, 2797895
25.76, 2797895
25.77, 2797895
25.78, 2797895
25.79, 2797895
25.8, 2797895
25.81, 2797895
25.82, 2797895
25.83, 2797895
25.84, 2797895
25.85, 2797895
25.86, 2797895
25.87, 2797895
25.88, 2797895
25.89, 2797895
25.9, 2797895
25.91, 2797895
25.92, 2797895
25.93, 2797895
25.94, 2797895
25.95, 2797895
25.96, 2797895
25.97, 2797895
25.98, 2797895
25.99, 2797895
26.0, 2797895
26.01, 2797895
26.02, 2797895
26.03, 2797895
26.04, 2797895
26.05, 2797895
26.06, 2797895
26.07, 2797895
26.08, 2797895
26.09, 2797895
26.1, 2797895
26.11, 2797895
26.12, 2797895
26.13, 2797895
26.14, 2797895
26.15, 2797895
26.16, 2797895
26.17, 2797895
26.18, 2797895
26.19, 2797895
26.2, 2797895
26.21, 2797895
26.22, 2797895
26.23, 2797895
26.24, 2797895
26.25, 2797895
26.26, 2797895
26.27, 2797895
26.28, 2797895
26.29, 2797895
26.3, 2797895
26.31, 2797895
26.32, 2797895
26.33, 2797895
26.34, 2797895
26.35, 2797895
26.36, 2797895
26.37, 2797895
26.38, 2797895
26.39, 2797895
26.4, 2797895
26.41, 2797895
26.42, 2797895
26.43, 2797895
26.44, 2797895
26.45, 2797895
26.46, 2797895
26.47, 2797895
26.48, 2797895
26.49, 2797895
26.5, 2797895
26.51, 2797895
26.52, 2797895
26.53, 2797895
26.54, 2797895
26.55, 2797895
26.56, 2797895
26.57, 2797895
26.58, 2797895
26.59, 2797895
26.6, 2797895
26.61, 2797895
26.62, 2797895
26.63, 2797895
26.64, 2797895
26.65, 2797895
26.66, 2797895
26.67, 2797895
26.68, 2797895
26.69, 2797895
26.7, 2797895
26.71, 2797895
26.72, 2797895
26.73, 2797895
26.74, 2797895
26.75, 2797895
26.76, 2797895
26.77, 2797895
26.78, 2797895
26.79, 2797895
26.8, 2797895
26.81, 2797895
26.82, 2797895
26.83, 2797895
26.84, 2797895
26.85, 2797895
26.86, 2797895
26.87, 2797895
26.88, 2797895
26.89, 2797895
26.9, 2797895
26.91, 2797895
26.92, 2797895
26.93, 2797895
26.94, 2797895
26.95, 2797895
26.96, 2797895
26.97, 2797895
26.98, 2797895
26.99, 2797895
27.0, 2797895
27.01, 2797895
27.02, 2797895
27.03, 2797895
27.04, 2797895
27.05, 2797895
27.06, 2797895
27.07, 2797895
27.08, 2797895
27.09, 2797895
27.1, 2797895
27.11, 2797895
27.12, 2797895
27.13, 2797895
27.14, 2797895
27.15, 2797895
27.16, 2797895
27.17, 2797895
27.18, 2797895
27.19, 2797895
27.2, 2797895
27.21, 2797895
27.22, 2797895
27.23, 2797895
27.24, 2797895
27.25, 2797895
27.26, 2797895
27.27, 2797895
27.28, 2797895
27.29, 2797895
27.3, 2797895
27.31, 2797895
27.32, 2797895
27.33, 2797895
27.34, 2797895
27.35, 2797895
27.36, 2797895
27.37, 2797895
27.38, 2797895
27.39, 2797895
27.4, 2797895
27.41, 2797895
27.42, 2797895
27.43, 2797895
27.44, 2797895
27.45, 2797895
27.46, 2797895
27.47, 2797895
27.48, 2797895
27.49, 2797895
27.5, 2797895
27.51, 2797895
27.52, 2797895
27.53, 2797895
27.54, 2797895
27.55, 2797895
27.56, 2797895
27.57, 2797895
27.58, 2797895
27.59, 2797895
27.6, 2797895
27.61, 2797895
27.62, 2797895
27.63, 2797895
27.64, 2797895
27.65, 2797895
27.66, 2797895
27.67, 2797895
27.68, 2797895
27.69, 2797895
27.7, 2797895
27.71, 2797895
27.72, 2797895
27.73, 2797895
27.74, 2797895
27.75, 2797895
27.76, 2797895
27.77, 2797895
27.78, 2797895
27.79, 2797895
27.8, 2797895
27.81, 2797895
27.82, 2797895
27.83, 2797895
27.84, 2797895
27.85, 2797895
27.86, 2797895
27.87, 2797895
27.88, 2797895
27.89, 2797895
27.9, 2797895
27.91, 2797895
27.92, 2797895
27.93, 2797895
27.94, 2797895
27.95, 2797895
27.96, 2797895
27.97, 2797895
27.98, 2797895
27.99, 2797895
28.0, 2797895
28.01, 2797895
28.02, 2797895
28.03, 2797895
28.04, 2797895
28.05, 2797895
28.06, 2797895
28.07, 2797895
28.08, 2797895
28.09, 2797895
28.1, 2797895
28.11, 2797895
28.12, 2797895
28.13, 2797895
28.14, 2797895
28.15, 2797895
28.16, 2797895
28.17, 2797895
28.18, 2797895
28.19, 2797895
28.2, 2797895
28.21, 2797895
28.22, 2797895
28.23, 2797895
28.24, 2797895
28.25, 2797895
28.26, 2797895
28.27, 2797895
28.28, 2797895
28.29, 2797895
28.3, 2797895
28.31, 2797895
28.32, 2797895
28.33, 2797895
28.34, 2797895
28.35, 2797895
28.36, 2797895
28.37, 2797895
28.38, 2797895
28.39, 2797895
28.4, 2797895
28.41, 2797895
28.42, 2797895
28.43, 2797895
28.44, 2797895
28.45, 2797895
28.46, 2797895
28.47, 2797895
28.48, 2797895
28.49, 2797895
28.5, 2797895
28.51, 2797895
28.52, 2797895
28.53, 2797895
28.54, 2797895
28.55, 2797895
28.56, 2797895
28.57, 2797895
28.58, 2797895
28.59, 2797895
28.6, 2797895
28.61, 2797895
28.62, 2797895
28.63, 2797895
28.64, 2797895
28.65, 2797895
28.66, 2797895
28.67, 2797895
28.68, 2797895
28.69, 2797895
28.7, 2797895
28.71, 2797895
28.72, 2797895
28.73, 2797895
28.74, 2797895
28.75, 2797895
28.76, 2797895
28.77, 2797895
28.78, 2797895
28.79, 2797895
28.8, 2797895
28.81, 2797895
28.82, 2797895
28.83, 2797895
28.84, 2797895
28.85, 2797895
28.86, 2797895
28.87, 2797895
28.88, 2797895
28.89, 2797895
28.9, 2797895
28.91, 2797895
28.92, 2797895
28.93, 2797895
28.94, 2797895
28.95, 2797895
28.96, 2797895
28.97, 2797895
28.98, 2797895
28.99, 2797895
29.0, 2797895
29.01, 2797895
29.02, 2797895
29.03, 2797895
29.04, 2797895
29.05, 2797895
29.06, 2797895
29.07, 2797895
29.08, 2797895
29.09, 2797895
29.1, 2797895
29.11, 2797895
29.12, 2797895
29.13, 2797895
29.14, 2797895
29.15, 2797895
29.16, 2797895
29.17, 2797895
29.18, 2797895
29.19, 2797895
29.2, 2797895
29.21, 2797895
29.22, 2797895
29.23, 2797895
29.24, 2797895
29.25, 2797895
29.26, 2797895
29.27, 2797895
29.28, 2797895
29.29, 2797895
29.3, 2797895
29.31, 2797895
29.32, 2797895
29.33, 2797895
29.34, 2797895
29.35, 2797895
29.36, 2797895
29.37, 2797895
29.38, 2797895
29.39, 2797895
29.4, 2797895
29.41, 2797895
29.42, 2797895
29.43, 2797895
29.44, 2797895
29.45, 2797895
29.46, 2797895
29.47, 2797895
29.48, 2797895
29.49, 2797895
29.5, 2797895
29.51, 2797895
29.52, 2797895
29.53, 2797895
29.54, 2797895
29.55, 2797895
29.56, 2797895
29.57, 2797895
29.58, 2797895
29.59, 2797895
29.6, 2797895
29.61, 2797895
29.62, 2797895
29.63, 2797895
29.64, 2797895
29.65, 2797895
29.66, 2797895
29.67, 2797895
29.68, 2797895
29.69, 2797895
29.7, 2797895
29.71, 2797895
29.72, 2797895
29.73, 2797895
29.74, 2797895
29.75, 2797895
29.76, 2797895
29.77, 2797895
29.78, 2797895
29.79, 2797895
29.8, 2797895
29.81, 2797895
29.82, 2797895
29.83, 2797895
29.84, 2797895
29.85, 2797895
29.86, 2797895
29.87, 2797895
29.88, 2797895
29.89, 2797895
29.9, 2797895
29.91, 2797895
29.92, 2797895
29.93, 2797895
29.94, 2797895
29.95, 2797895
29.96, 2797895
29.97, 2797895
29.98, 2797895
29.99, 2797895
30.0, 2797895
30.01, 2797895
30.02, 2797895
30.03, 2797895
30.04, 2797895
30.05, 2797895
30.06, 2797895
30.07, 2797895
30.08, 2797895
30.09, 2797895
30.1, 2797895
30.11, 2797895
30.12, 2797895
30.13, 2797895
30.14, 2797895
30.15, 2797895
30.16, 2797895
30.17, 2797895
30.18, 2797895
30.19, 2797895
30.2, 2797895
30.21, 2797895
30.22, 2797895
30.23, 2797895
30.24, 2797895
30.25, 2797895
30.26, 2797895
30.27, 2797895
30.28, 2797895
30.29, 2797895
30.3, 2797895
30.31, 2797895
30.32, 2797895
30.33, 2797895
30.34, 2797895
30.35, 2797895
30.36, 2797895
30.37, 2797895
30.38, 2797895
30.39, 2797895
30.4, 2797895
30.41, 2797895
30.42, 2797895
30.43, 2797895
30.44, 2797895
30.45, 2797895
30.46, 2797895
30.47, 2797895
30.48, 2797895
30.49, 2797895
30.5, 2797895
30.51, 2797895
30.52, 2797895
30.53, 2797895
30.54, 2797895
30.55, 2797895
30.56, 2797895
30.57, 2797895
30.58, 2797895
30.59, 2797895
30.6, 2797895
30.61, 2797895
30.62, 2797895
30.63, 2797895
30.64, 2797895
30.65, 2797895
30.66, 2797895
30.67, 2797895
30.68, 2797895
30.69, 2797895
30.7, 2797895
30.71, 2797895
30.72, 2797895
30.73, 2797895
30.74, 2797895
30.75, 2797895
30.76, 2797895
30.77, 2797895
30.78, 2797895
30.79, 2797895
30.8, 2797895
30.81, 2797895
30.82, 2797895
30.83, 2797895
30.84, 2797895
30.85, 2797895
30.86, 2797895
30.87, 2797895
30.88, 2797895
30.89, 2797895
30.9, 2797895
30.91, 2797895
30.92, 2797895
30.93, 2797895
30.94, 2797895
30.95, 2797895
30.96, 2797895
30.97, 2797895
30.98, 2797895
30.99, 2797895
31.0, 2797895
31.01, 2797895
31.02, 2797895
31.03, 2797895
31.04, 2797895
31.05, 2797895
31.06, 2797895
31.07, 2797895
31.08, 2797895
31.09, 2797895
31.1, 2797895
31.11, 2797895
31.12, 2797895
31.13, 2797895
31.14, 2797895
31.15, 2797895
31.16, 2797895
31.17, 2797895
31.18, 2797895
31.19, 2797895
31.2, 2797895
31.21, 2797895
31.22, 2797895
31.23, 2797895
31.24, 2797895
31.25, 2797895
31.26, 2797895
31.27, 2797895
31.28, 2797895
31.29, 2797895
31.3, 2797895
31.31, 2797895
31.32, 2797895
31.33, 2797895
31.34, 2797895
31.35, 2797895
31.36, 2797895
31.37, 2797895
31.38, 2797895
31.39, 2797895
31.4, 2797895
31.41, 2797895
31.42, 2797895
31.43, 2797895
31.44, 2797895
31.45, 2797895
31.46, 2797895
31.47, 2797895
31.48, 2797895
31.49, 2797895
31.5, 2797895
31.51, 2797895
31.52, 2797895
31.53, 2797895
31.54, 2797895
31.55, 2797895
31.56, 2797895
31.57, 2797895
31.58, 2797895
31.59, 2797895
31.6, 2797895
31.61, 2797895
31.62, 2797895
31.63, 2797895
31.64, 2797895
31.65, 2797895
31.66, 2797895
31.67, 2797895
31.68, 2797895
31.69, 2797895
31.7, 2797895
31.71, 2797895
31.72, 2797895
31.73, 2797895
31.74, 2797895
31.75, 2797895
31.76, 2797895
31.77, 2797895
31.78, 2797895
31.79, 2797895
31.8, 2797895
31.81, 2797895
31.82, 2797895
31.83, 2797895
31.84, 2797895
31.85, 2797895
31.86, 2797895
31.87, 2797895
31.88, 2797895
31.89, 2797895
31.9, 2797895
31.91, 2797895
31.92, 2797895
31.93, 2797895
31.94, 2797895
31.95, 2797895
31.96, 2797895
31.97, 2797895
31.98, 2797895
31.99, 2797895
32.0, 2797895
32.01, 2797895
32.02, 2797895
32.03, 2797895
32.04, 2797895
32.05, 2797895
32.06, 2797895
32.07, 2797895
32.08, 2797895
32.09, 2797895
32.1, 2797895
32.11, 2797895
32.12, 2797895
32.13, 2797895
32.14, 2797895
32.15, 2797895
32.16, 2797895
32.17, 2797895
32.18, 2797895
32.19, 2797895
32.2, 2797895
32.21, 2797895
32.22, 2797895
32.23, 2797895
32.24, 2797895
32.25, 2797895
32.26, 2797895
32.27, 2797895
32.28, 2797895
32.29, 2797895
32.3, 2797895
32.31, 2797895
32.32, 2797895
32.33, 2797895
32.34, 2797895
32.35, 2797895
32.36, 2797895
32.37, 2797895
32.38, 2797895
32.39, 2797895
32.4, 2797895
32.41, 2797895
32.42, 2797895
32.43, 2797895
32.44, 2797895
32.45, 2797895
32.46, 2797895
32.47, 2797895
32.48, 2797895
32.49, 2797895
32.5, 2797895
32.51, 2797895
32.52, 2797895
32.53, 2797895
32.54, 2797895
32.55, 2797895
32.56, 2797895
32.57, 2797895
32.58, 2797895
32.59, 2797895
32.6, 2797895
32.61, 2797895
32.62, 2797895
32.63, 2797895
32.64, 2797895
32.65, 2797895
32.66, 2797895
32.67, 2797895
32.68, 2797895
32.69, 2797895
32.7, 2797895
32.71, 2797895
32.72, 2797895
32.73, 2797895
32.74, 2797895
32.75, 2797895
32.76, 2797895
32.77, 2797895
32.78, 2797895
32.79, 2797895
32.8, 2797895
32.81, 2797895
32.82, 2797895
32.83, 2797895
32.84, 2797895
32.85, 2797895
32.86, 2797895
32.87, 2797895
32.88, 2797895
32.89, 2797895
32.9, 2797895
32.91, 2797895
32.92, 2797895
32.93, 2797895
32.94, 2797895
32.95, 2797895
32.96, 2797895
32.97, 2797895
32.98, 2797895
32.99, 2797895
33.0, 2797895
33.01, 2797895
33.02, 2797895
33.03, 2797895
33.04, 2797895
33.05, 2797895
33.06, 2797895
33.07, 2797895
33.08, 2797895
33.09, 2797895
33.1, 2797895
33.11, 2797895
33.12, 2797895
33.13, 2797895
33.14, 2797895
33.15, 2797895
33.16, 2797895
33.17, 2797895
33.18, 2797895
33.19, 2797895
33.2, 2797895
33.21, 2797895
33.22, 2797895
33.23, 2797895
33.24, 2797895
33.25, 2797895
33.26, 2797895
33.27, 2797895
33.28, 2797895
33.29, 2797895
33.3, 2797895
33.31, 2797895
33.32, 2797895
33.33, 2797895
33.34, 2797895
33.35, 2797895
33.36, 2797895
33.37, 2797895
33.38, 2797895
33.39, 2797895
33.4, 2797895
33.41, 2797895
33.42, 2797895
33.43, 2797895
33.44, 2797895
33.45, 2797895
33.46, 2797895
33.47, 2797895
33.48, 2797895
33.49, 2797895
33.5, 2797895
33.51, 2797895
33.52, 2797895
33.53, 2797895
33.54, 2797895
33.55, 2797895
33.56, 2797895
33.57, 2797895
33.58, 2797895
33.59, 2797895
33.6, 2797895
33.61, 2797895
33.62, 2797895
33.63, 2797895
33.64, 2797895
33.65, 2797895
33.66, 2797895
33.67, 2797895
33.68, 2797895
33.69, 2797895
33.7, 2797895
33.71, 2797895
33.72, 2797895
33.73, 2797895
33.74, 2797895
33.75, 2797895
33.76, 2797895
33.77, 2797895
33.78, 2797895
33.79, 2797895
33.8, 2797895
33.81, 2797895
33.82, 2797895
33.83, 2797895
33.84, 2797895
33.85, 2797895
33.86, 2797895
33.87, 2797895
33.88, 2797895
33.89, 2797895
33.9, 2797895
33.91, 2797895
33.92, 2797895
33.93, 2797895
33.94, 2797895
33.95, 2797895
33.96, 2797895
33.97, 2797895
33.98, 2797895
33.99, 2797895
34.0, 2797895
34.01, 2797895
34.02, 2797895
34.03, 2797895
34.04, 2797895
34.05, 2797895
34.06, 2797895
34.07, 2797895
34.08, 2797895
34.09, 2797895
34.1, 2797895
34.11, 2797895
34.12, 2797895
34.13, 2797895
34.14, 2797895
34.15, 2797895
34.16, 2797895
34.17, 2797895
34.18, 2797895
34.19, 2797895
34.2, 2797895
34.21, 2797895
34.22, 2797895
34.23, 2797895
34.24, 2797895
34.25, 2797895
34.26, 2797895
34.27, 2797895
34.28, 2797895
34.29, 2797895
34.3, 2797895
34.31, 2797895
34.32, 2797895
34.33, 2797895
34.34, 2797895
34.35, 2797895
34.36, 2797895
34.37, 2797895
34.38, 2797895
34.39, 2797895
34.4, 2797895
34.41, 2797895
34.42, 2797895
34.43, 2797895
34.44, 2797895
34.45, 2797895
34.46, 2797895
34.47, 2797895
34.48, 2797895
34.49, 2797895
34.5, 2797895
34.51, 2797895
34.52, 2797895
34.53, 2797895
34.54, 2797895
34.55, 2797895
34.56, 2797895
34.57, 2797895
34.58, 2797895
34.59, 2797895
34.6, 2797895
34.61, 2797895
34.62, 2797895
34.63, 2797895
34.64, 2797895
34.65, 2797895
34.66, 2797895
34.67, 2797895
34.68, 2797895
34.69, 2797895
34.7, 2797895
34.71, 2797895
34.72, 2797895
34.73, 2797895
34.74, 2797895
34.75, 2797895
34.76, 2797895
34.77, 2797895
34.78, 2797895
34.79, 2797895
34.8, 2797895
34.81, 2797895
34.82, 2797895
34.83, 2797895
34.84, 2797895
34.85, 2797895
34.86, 2797895
34.87, 2797895
34.88, 2797895
34.89, 2797895
34.9, 2797895
34.91, 2797895
34.92, 2797895
34.93, 2797895
34.94, 2797895
34.95, 2797895
34.96, 2797895
34.97, 2797895
34.98, 2797895
34.99, 2797895
35.0, 2797895
35.01, 2797895
35.02, 2797895
35.03, 2797895
35.04, 2797895
35.05, 2797895
35.06, 2797895
35.07, 2797895
35.08, 2797895
35.09, 2797895
35.1, 2797895
35.11, 2797895
35.12, 2797895
35.13, 2797895
35.14, 2797895
35.15, 2797895
35.16, 2797895
35.17, 2797895
35.18, 2797895
35.19, 2797895
35.2, 2797895
35.21, 2797895
35.22, 2797895
35.23, 2797895
35.24, 2797895
35.25, 2797895
35.26, 2797895
35.27, 2797895
35.28, 2797895
35.29, 2797895
35.3, 2797895
35.31, 2797895
35.32, 2797895
35.33, 2797895
35.34, 2797895
35.35, 2797895
35.36, 2797895
35.37, 2797895
35.38, 2797895
35.39, 2797895
35.4, 2797895
35.41, 2797895
35.42, 2797895
35.43, 2797895
35.44, 2797895
35.45, 2797895
35.46, 2797895
35.47, 2797895
35.48, 2797895
35.49, 2797895
35.5, 2797895
35.51, 2797895
35.52, 2797895
35.53, 2797895
35.54, 2797895
35.55, 2797895
35.56, 2797895
35.57, 2797895
35.58, 2797895
35.59, 2797895
35.6, 2797895
35.61, 2797895
35.62, 2797895
35.63, 2797895
35.64, 2797895
35.65, 2797895
35.66, 2797895
35.67, 2797895
35.68, 2797895
35.69, 2797895
35.7, 2797895
35.71, 2797895
35.72, 2797895
35.73, 2797895
35.74, 2797895
35.75, 2797895
35.76, 2797895
35.77, 2797895
35.78, 2797895
35.79, 2797895
35.8, 2797895
35.81, 2797895
35.82, 2797895
35.83, 2797895
35.84, 2797895
35.85, 2797895
35.86, 2797895
35.87, 2797895
35.88, 2797895
35.89, 2797895
35.9, 2797895
35.91, 2797895
35.92, 2797895
35.93, 2797895
35.94, 2797895
35.95, 2797895
35.96, 2797895
35.97, 2797895
35.98, 2797895
35.99, 2797895
36.0, 2797895
36.01, 2797895
36.02, 2797895
36.03, 2797895
36.04, 2797895
36.05, 2797895
36.06, 2797895
36.07, 2797895
36.08, 2797895
36.09, 2797895
36.1, 2797895
36.11, 2797895
36.12, 2797895
36.13, 2797895
36.14, 2797895
36.15, 2797895
36.16, 2797895
36.17, 2797895
36.18, 2797895
36.19, 2797895
36.2, 2797895
36.21, 2797895
36.22, 2797895
36.23, 2797895
36.24, 2797895
36.25, 2797895
36.26, 2797895
36.27, 2797895
36.28, 2797895
36.29, 2797895
36.3, 2797895
36.31, 2797895
36.32, 2797895
36.33, 2797895
36.34, 2797895
36.35, 2797895
36.36, 2797895
36.37, 2797895
36.38, 2797895
36.39, 2797895
36.4, 2797895
36.41, 2797895
36.42, 2797895
36.43, 2797895
36.44, 2797895
36.45, 2797895
36.46, 2797895
36.47, 2797895
36.48, 2797895
36.49, 2797895
36.5, 2797895
36.51, 2797895
36.52, 2797895
36.53, 2797895
36.54, 2797895
36.55, 2797895
36.56, 2797895
36.57, 2797895
36.58, 2797895
36.59, 2797895
36.6, 2797895
36.61, 2797895
36.62, 2797895
36.63, 2797895
36.64, 2797895
36.65, 2797895
36.66, 2797895
36.67, 2797895
36.68, 2797895
36.69, 2797895
36.7, 2797895
36.71, 2797895
36.72, 2797895
36.73, 2797895
36.74, 2797895
36.75, 2797895
36.76, 2797895
36.77, 2797895
36.78, 2797895
36.79, 2797895
36.8, 2797895
36.81, 2797895
36.82, 2797895
36.83, 2797895
36.84, 2797895
36.85, 2797895
36.86, 2797895
36.87, 2797895
36.88, 2797895
36.89, 2797895
36.9, 2797895
36.91, 2797895
36.92, 2797895
36.93, 2797895
36.94, 2797895
36.95, 2797895
36.96, 2797895
36.97, 2797895
36.98, 2797895
36.99, 2797895
37.0, 2797895
37.01, 2797895
37.02, 2797895
37.03, 2797895
37.04, 2797895
37.05, 2797895
37.06, 2797895
37.07, 2797895
37.08, 2797895
37.09, 2797895
37.1, 2797895
37.11, 2797895
37.12, 2797895
37.13, 2797895
37.14, 2797895
37.15, 2797895
37.16, 2797895
37.17, 2797895
37.18, 2797895
37.19, 2797895
37.2, 2797895
37.21, 2797895
37.22, 2797895
37.23, 2797895
37.24, 2797895
37.25, 2797895
37.26, 2797895
37.27, 2797895
37.28, 2797895
37.29, 2797895
37.3, 2797895
37.31, 2797895
37.32, 2797895
37.33, 2797895
37.34, 2797895
37.35, 2797895
37.36, 2797895
37.37, 2797895
37.38, 2797895
37.39, 2797895
37.4, 2797895
37.41, 2797895
37.42, 2797895
37.43, 2797895
37.44, 2797895
37.45, 2797895
37.46, 2797895
37.47, 2797895
37.48, 2797895
37.49, 2797895
37.5, 2797895
37.51, 2797895
37.52, 2797895
37.53, 2797895
37.54, 2797895
37.55, 2797895
37.56, 2797895
37.57, 2797895
37.58, 2797895
37.59, 2797895
37.6, 2797895
37.61, 2797895
37.62, 2797895
37.63, 2797895
37.64, 2797895
37.65, 2797895
37.66, 2797895
37.67, 2797895
37.68, 2797895
37.69, 2797895
37.7, 2797895
37.71, 2797895
37.72, 2797895
37.73, 2797895
37.74, 2797895
37.75, 2797895
37.76, 2797895
37.77, 2797895
37.78, 2797895
37.79, 2797895
37.8, 2797895
37.81, 2797895
37.82, 2797895
37.83, 2797895
37.84, 2797895
37.85, 2797895
37.86, 2797895
37.87, 2797895
37.88, 2797895
37.89, 2797895
37.9, 2797895
37.91, 2797895
37.92, 2797895
37.93, 2797895
37.94, 2797895
37.95, 2797895
37.96, 2797895
37.97, 2797895
37.98, 2797895
37.99, 2797895
38.0, 2797895
38.01, 2797895
38.02, 2797895
38.03, 2797895
38.04, 2797895
38.05, 2797895
38.06, 2797895
38.07, 2797895
38.08, 2797895
38.09, 2797895
38.1, 2797895
38.11, 2797895
38.12, 2797895
38.13, 2797895
38.14, 2797895
38.15, 2797895
38.16, 2797895
38.17, 2797895
38.18, 2797895
38.19, 2797895
38.2, 2797895
38.21, 2797895
38.22, 2797895
38.23, 2797895
38.24, 2797895
38.25, 2797895
38.26, 2797895
38.27, 2797895
38.28, 2797895
38.29, 2797895
38.3, 2797895
38.31, 2797895
38.32, 2797895
38.33, 2797895
38.34, 2797895
38.35, 2797895
38.36, 2797895
38.37, 2797895
38.38, 2797895
38.39, 2797895
38.4, 2797895
38.41, 2797895
38.42, 2797895
38.43, 2797895
38.44, 2797895
38.45, 2797895
38.46, 2797895
38.47, 2797895
38.48, 2797895
38.49, 2797895
38.5, 2797895
38.51, 2797895
38.52, 2797895
38.53, 2797895
38.54, 2797895
38.55, 2797895
38.56, 2797895
38.57, 2797895
38.58, 2797895
38.59, 2797895
38.6, 2797895
38.61, 2797895
38.62, 2797895
38.63, 2797895
38.64, 2797895
38.65, 2797895
38.66, 2797895
38.67, 2797895
38.68, 2797895
38.69, 2797895
38.7, 2797895
38.71, 2797895
38.72, 2797895
38.73, 2797895
38.74, 2797895
38.75, 2797895
38.76, 2797895
38.77, 2797895
38.78, 2797895
38.79, 2797895
38.8, 2797895
38.81, 2797895
38.82, 2797895
38.83, 2797895
38.84, 2797895
38.85, 2797895
38.86, 2797895
38.87, 2797895
38.88, 2797895
38.89, 2797895
38.9, 2797895
38.91, 2797895
38.92, 2797895
38.93, 2797895
38.94, 2797895
38.95, 2797895
38.96, 2797895
38.97, 2797895
38.98, 2797895
38.99, 2797895
39.0, 2797895
39.01, 2797895
39.02, 2797895
39.03, 2797895
39.04, 2797895
39.05, 2797895
39.06, 2797895
39.07, 2797895
39.08, 2797895
39.09, 2797895
39.1, 2797895
39.11, 2797895
39.12, 2797895
39.13, 2797895
39.14, 2797895
39.15, 2797895
39.16, 2797895
39.17, 2797895
39.18, 2797895
39.19, 2797895
39.2, 2797895
39.21, 2797895
39.22, 2797895
39.23, 2797895
39.24, 2797895
39.25, 2797895
39.26, 2797895
39.27, 2797895
39.28, 2797895
39.29, 2797895
39.3, 2797895
39.31, 2797895
39.32, 2797895
39.33, 2797895
39.34, 2797895
39.35, 2797895
39.36, 2797895
39.37, 2797895
39.38, 2797895
39.39, 2797895
39.4, 2797895
39.41, 2797895
39.42, 2797895
39.43, 2797895
39.44, 2797895
39.45, 2797895
39.46, 2797895
39.47, 2797895
39.48, 2797895
39.49, 2797895
39.5, 2797895
39.51, 2797895
39.52, 2797895
39.53, 2797895
39.54, 2797895
39.55, 2797895
39.56, 2797895
39.57, 2797895
39.58, 2797895
39.59, 2797895
39.6, 2797895
39.61, 2797895
39.62, 2797895
39.63, 2797895
39.64, 2797895
39.65, 2797895
39.66, 2797895
39.67, 2797895
39.68, 2797895
39.69, 2797895
39.7, 2797895
39.71, 2797895
39.72, 2797895
39.73, 2797895
39.74, 2797895
39.75, 2797895
39.76, 2797895
39.77, 2797895
39.78, 2797895
39.79, 2797895
39.8, 2797895
39.81, 2797895
39.82, 2797895
39.83, 2797895
39.84, 2797895
39.85, 2797895
39.86, 2797895
39.87, 2797895
39.88, 2797895
39.89, 2797895
39.9, 2797895
39.91, 2797895
39.92, 2797895
39.93, 2797895
39.94, 2797895
39.95, 2797895
39.96, 2797895
39.97, 2797895
39.98, 2797895
39.99, 2797895
40.0, 2797895
40.01, 2797895
40.02, 2797895
40.03, 2797895
40.04, 2797895
40.05, 2797895
40.06, 2797895
40.07, 2797895
40.08, 2797895
40.09, 2797895
40.1, 2797895
40.11, 2797895
40.12, 2797895
40.13, 2797895
40.14, 2797895
40.15, 2797895
40.16, 2797895
40.17, 2797895
40.18, 2797895
40.19, 2797895
40.2, 2797895
40.21, 2797895
40.22, 2797895
40.23, 2797895
40.24, 2797895
40.25, 2797895
40.26, 2797895
40.27, 2797895
40.28, 2797895
40.29, 2797895
40.3, 2797895
40.31, 2797895
40.32, 2797895
40.33, 2797895
40.34, 2797895
40.35, 2797895
40.36, 2797895
40.37, 2797895
40.38, 2797895
40.39, 2797895
40.4, 2797895
40.41, 2797895
40.42, 2797895
40.43, 2797895
40.44, 2797895
40.45, 2797895
40.46, 2797895
40.47, 2797895
40.48, 2797895
40.49, 2797895
40.5, 2797895
40.51, 2797895
40.52, 2797895
40.53, 2797895
40.54, 2797895
40.55, 2797895
40.56, 2797895
40.57, 2797895
40.58, 2797895
40.59, 2797895
40.6, 2797895
40.61, 2797895
40.62, 2797895
40.63, 2797895
40.64, 2797895
40.65, 2797895
40.66, 2797895
40.67, 2797895
40.68, 2797895
40.69, 2797895
40.7, 2797895
40.71, 2797895
40.72, 2797895
40.73, 2797895
40.74, 2797895
40.75, 2797895
40.76, 2797895
40.77, 2797895
40.78, 2797895
40.79, 2797895
40.8, 2797895
40.81, 2797895
40.82, 2797895
40.83, 2797895
40.84, 2797895
40.85, 2797895
40.86, 2797895
40.87, 2797895
40.88, 2797895
40.89, 2797895
40.9, 2797895
40.91, 2797895
40.92, 2797895
40.93, 2797895
40.94, 2797895
40.95, 2797895
40.96, 2797895
40.97, 2797895
40.98, 2797895
40.99, 2797895
41.0, 2797895
41.01, 2797895
41.02, 2797895
41.03, 2797895
41.04, 2797895
41.05, 2797895
41.06, 2797895
41.07, 2797895
41.08, 2797895
41.09, 2797895
41.1, 2797895
41.11, 2797895
41.12, 2797895
41.13, 2797895
41.14, 2797895
41.15, 2797895
41.16, 2797895
41.17, 2797895
41.18, 2797895
41.19, 2797895
41.2, 2797895
41.21, 2797895
41.22, 2797895
41.23, 2797895
41.24, 2797895
41.25, 2797895
41.26, 2797895
41.27, 2797895
41.28, 2797895
41.29, 2797895
41.3, 2797895
41.31, 2797895
41.32, 2797895
41.33, 2797895
41.34, 2797895
41.35, 2797895
41.36, 2797895
41.37, 2797895
41.38, 2797895
41.39, 2797895
41.4, 2797895
41.41, 2797895
41.42, 2797895
41.43, 2797895
41.44, 2797895
41.45, 2797895
41.46, 2797895
41.47, 2797895
41.48, 2797895
41.49, 2797895
41.5, 2797895
41.51, 2797895
41.52, 2797895
41.53, 2797895
41.54, 2797895
41.55, 2797895
41.56, 2797895
41.57, 2797895
41.58, 2797895
41.59, 2797895
41.6, 2797895
41.61, 2797895
41.62, 2797895
41.63, 2797895
41.64, 2797895
41.65, 2797895
41.66, 2797895
41.67, 2797895
41.68, 2797895
41.69, 2797895
41.7, 2797895
41.71, 2797895
41.72, 2797895
41.73, 2797895
41.74, 2797895
41.75, 2797895
41.76, 2797895
41.77, 2797895
41.78, 2797895
41.79, 2797895
41.8, 2797895
41.81, 2797895
41.82, 2797895
41.83, 2797895
41.84, 2797895
41.85, 2797895
41.86, 2797895
41.87, 2797895
41.88, 2797895
41.89, 2797895
41.9, 2797895
41.91, 2797895
41.92, 2797895
41.93, 2797895
41.94, 2797895
41.95, 2797895
41.96, 2797895
41.97, 2797895
41.98, 2797895
41.99, 2797895
42.0, 2797895
42.01, 2797895
42.02, 2797895
42.03, 2797895
42.04, 2797895
42.05, 2797895
42.06, 2797895
42.07, 2797895
42.08, 2797895
42.09, 2797895
42.1, 2797895
42.11, 2797895
42.12, 2797895
42.13, 2797895
42.14, 2797895
42.15, 2797895
42.16, 2797895
42.17, 2797895
42.18, 2797895
42.19, 2797895
42.2, 2797895
42.21, 2797895
42.22, 2797895
42.23, 2797895
42.24, 2797895
42.25, 2797895
42.26, 2797895
42.27, 2797895
42.28, 2797895
42.29, 2797895
42.3, 2797895
42.31, 2797895
42.32, 2797895
42.33, 2797895
42.34, 2797895
42.35, 2797895
42.36, 2797895
42.37, 2797895
42.38, 2797895
42.39, 2797895
42.4, 2797895
42.41, 2797895
42.42, 2797895
42.43, 2797895
42.44, 2797895
42.45, 2797895
42.46, 2797895
42.47, 2797895
42.48, 2797895
42.49, 2797895
42.5, 2797895
42.51, 2797895
42.52, 2797895
42.53, 2797895
42.54, 2797895
42.55, 2797895
42.56, 2797895
42.57, 2797895
42.58, 2797895
42.59, 2797895
42.6, 2797895
42.61, 2797895
42.62, 2797895
42.63, 2797895
42.64, 2797895
42.65, 2797895
42.66, 2797895
42.67, 2797895
42.68, 2797895
42.69, 2797895
42.7, 2797895
42.71, 2797895
42.72, 2797895
42.73, 2797895
42.74, 2797895
42.75, 2797895
42.76, 2797895
42.77, 2797895
42.78, 2797895
42.79, 2797895
42.8, 2797895
42.81, 2797895
42.82, 2797895
42.83, 2797895
42.84, 2797895
42.85, 2797895
42.86, 2797895
42.87, 2797895
42.88, 2797895
42.89, 2797895
42.9, 2797895
42.91, 2797895
42.92, 2797895
42.93, 2797895
42.94, 2797895
42.95, 2797895
42.96, 2797895
42.97, 2797895
42.98, 2797895
42.99, 2797895
43.0, 2797895
43.01, 2797895
43.02, 2797895
43.03, 2797895
43.04, 2797895
43.05, 2797895
43.06, 2797895
43.07, 2797895
43.08, 2797895
43.09, 2797895
43.1, 2797895
43.11, 2797895
43.12, 2797895
43.13, 2797895
43.14, 2797895
43.15, 2797895
43.16, 2797895
43.17, 2797895
43.18, 2797895
43.19, 2797895
43.2, 2797895
43.21, 2797895
43.22, 2797895
43.23, 2797895
43.24, 2797895
43.25, 2797895
43.26, 2797895
43.27, 2797895
43.28, 2797895
43.29, 2797895
43.3, 2797895
43.31, 2797895
43.32, 2797895
43.33, 2797895
43.34, 2797895
43.35, 2797895
43.36, 2797895
43.37, 2797895
43.38, 2797895
43.39, 2797895
43.4, 2797895
43.41, 2797895
43.42, 2797895
43.43, 2797895
43.44, 2797895
43.45, 2797895
43.46, 2797895
43.47, 2797895
43.48, 2797895
43.49, 2797895
43.5, 2797895
43.51, 2797895
43.52, 2797895
43.53, 2797895
43.54, 2797895
43.55, 2797895
43.56, 2797895
43.57, 2797895
43.58, 2797895
43.59, 2797895
43.6, 2797895
43.61, 2797895
43.62, 2797895
43.63, 2797895
43.64, 2797895
43.65, 2797895
43.66, 2797895
43.67, 2797895
43.68, 2797895
43.69, 2797895
43.7, 2797895
43.71, 2797895
43.72, 2797895
43.73, 2797895
43.74, 2797895
43.75, 2797895
43.76, 2797895
43.77, 2797895
43.78, 2797895
43.79, 2797895
43.8, 2797895
43.81, 2797895
43.82, 2797895
43.83, 2797895
43.84, 2797895
43.85, 2797895
43.86, 2797895
43.87, 2797895
43.88, 2797895
43.89, 2797895
43.9, 2797895
43.91, 2797895
43.92, 2797895
43.93, 2797895
43.94, 2797895
43.95, 2797895
43.96, 2797895
43.97, 2797895
43.98, 2797895
43.99, 2797895
44.0, 2797895
44.01, 2797895
44.02, 2797895
44.03, 2797895
44.04, 2797895
44.05, 2797895
44.06, 2797895
44.07, 2797895
44.08, 2797895
44.09, 2797895
44.1, 2797895
44.11, 2797895
44.12, 2797895
44.13, 2797895
44.14, 2797895
44.15, 2797895
44.16, 2797895
44.17, 2797895
44.18, 2797895
44.19, 2797895
44.2, 2797895
44.21, 2797895
44.22, 2797895
44.23, 2797895
44.24, 2797895
44.25, 2797895
44.26, 2797895
44.27, 2797895
44.28, 2797895
44.29, 2797895
44.3, 2797895
44.31, 2797895
44.32, 2797895
44.33, 2797895
44.34, 2797895
44.35, 2797895
44.36, 2797895
44.37, 2797895
44.38, 2797895
44.39, 2797895
44.4, 2797895
44.41, 2797895
44.42, 2797895
44.43, 2797895
44.44, 2797895
44.45, 2797895
44.46, 2797895
44.47, 2797895
44.48, 2797895
44.49, 2797895
44.5, 2797895
44.51, 2797895
44.52, 2797895
44.53, 2797895
44.54, 2797895
44.55, 2797895
44.56, 2797895
44.57, 2797895
44.58, 2797895
44.59, 2797895
44.6, 2797895
44.61, 2797895
44.62, 2797895
44.63, 2797895
44.64, 2797895
44.65, 2797895
44.66, 2797895
44.67, 2797895
44.68, 2797895
44.69, 2797895
44.7, 2797895
44.71, 2797895
44.72, 2797895
44.73, 2797895
44.74, 2797895
44.75, 2797895
44.76, 2797895
44.77, 2797895
44.78, 2797895
44.79, 2797895
44.8, 2797895
44.81, 2797895
44.82, 2797895
44.83, 2797895
44.84, 2797895
44.85, 2797895
44.86, 2797895
44.87, 2797895
44.88, 2797895
44.89, 2797895
44.9, 2797895
44.91, 2797895
44.92, 2797895
44.93, 2797895
44.94, 2797895
44.95, 2797895
44.96, 2797895
44.97, 2797895
44.98, 2797895
44.99, 2797895
45.0, 2797895
45.01, 2797895
45.02, 2797895
45.03, 2797895
45.04, 2797895
45.05, 2797895
45.06, 2797895
45.07, 2797895
45.08, 2797895
45.09, 2797895
45.1, 2797895
45.11, 2797895
45.12, 2797895
45.13, 2797895
45.14, 2797895
45.15, 2797895
45.16, 2797895
45.17, 2797895
45.18, 2797895
45.19, 2797895
45.2, 2797895
45.21, 2797895
45.22, 2797895
45.23, 2797895
45.24, 2797895
45.25, 2797895
45.26, 2797895
45.27, 2797895
45.28, 2797895
45.29, 2797895
45.3, 2797895
45.31, 2797895
45.32, 2797895
45.33, 2797895
45.34, 2797895
45.35, 2797895
45.36, 2797895
45.37, 2797895
45.38, 2797895
45.39, 2797895
45.4, 2797895
45.41, 2797895
45.42, 2797895
45.43, 2797895
45.44, 2797895
45.45, 2797895
45.46, 2797895
45.47, 2797895
45.48, 2797895
45.49, 2797895
45.5, 2797895
45.51, 2797895
45.52, 2797895
45.53, 2797895
45.54, 2797895
45.55, 2797895
45.56, 2797895
45.57, 2797895
45.58, 2797895
45.59, 2797895
45.6, 2797895
45.61, 2797895
45.62, 2797895
45.63, 2797895
45.64, 2797895
45.65, 2797895
45.66, 2797895
45.67, 2797895
45.68, 2797895
45.69, 2797895
45.7, 2797895
45.71, 2797895
45.72, 2797895
45.73, 2797895
45.74, 2797895
45.75, 2797895
45.76, 2797895
45.77, 2797895
45.78, 2797895
45.79, 2797895
45.8, 2797895
45.81, 2797895
45.82, 2797895
45.83, 2797895
45.84, 2797895
45.85, 2797895
45.86, 2797895
45.87, 2797895
45.88, 2797895
45.89, 2797895
45.9, 2797895
45.91, 2797895
45.92, 2797895
45.93, 2797895
45.94, 2589110
45.95, 2589110
45.96, 2589110
45.97, 2589110
45.98, 2589110
45.99, 2589110
46.0, 2589110
46.01, 2589110
46.02, 2589110
46.03, 2589110
46.04, 2589110
46.05, 2589110
46.06, 2589110
46.07, 2589110
46.08, 2589110
46.09, 2589110
46.1, 2589110
46.11, 2589110
46.12, 2589110
46.13, 2589110
46.14, 2589110
46.15, 2589110
46.16, 2589110
46.17, 2589110
46.18, 2589110
46.19, 2589110
46.2, 2589110
46.21, 2589110
46.22, 2589110
46.23, 2589110
46.24, 2589110
46.25, 2589110
46.26, 2589110
46.27, 2589110
46.28, 2589110
46.29, 2589110
46.3, 2589110
46.31, 2589110
46.32, 2589110
46.33, 2589110
46.34, 2589110
46.35, 2589110
46.36, 2589110
46.37, 2589110
46.38, 2589110
46.39, 2589110
46.4, 2589110
46.41, 2589110
46.42, 2589110
46.43, 2589110
46.44, 2589110
46.45, 2589110
46.46, 2589110
46.47, 2589110
46.48, 2589110
46.49, 2589110
46.5, 2589110
46.51, 2589110
46.52, 2589110
46.53, 2589110
46.54, 2589110
46.55, 2589110
46.56, 2589110
46.57, 2589110
46.58, 2589110
46.59, 2589110
46.6, 2589110
46.61, 2589110
46.62, 2589110
46.63, 2589110
46.64, 2589110
46.65, 2589110
46.66, 2589110
46.67, 2589110
46.68, 2589110
46.69, 2589110
46.7, 2589110
46.71, 2589110
46.72, 2589110
46.73, 2589110
46.74, 2589110
46.75, 2589110
46.76, 2589110
46.77, 2589110
46.78, 2589110
46.79, 2589110
46.8, 2589110
46.81, 2589110
46.82, 2589110
46.83, 2589110
46.84, 2589110
46.85, 2589110
46.86, 2589110
46.87, 2589110
46.88, 2589110
46.89, 2589110
46.9, 2589110
46.91, 2589110
46.92, 2589110
46.93, 2589110
46.94, 2589110
46.95, 2589110
46.96, 2589110
46.97, 2589110
46.98, 2589110
46.99, 2589110
47.0, 2589110
47.01, 2589110
47.02, 2589110
47.03, 2589110
47.04, 2589110
47.05, 2589110
47.06, 2589110
47.07, 2589110
47.08, 2589110
47.09, 2589110
47.1, 2589110
47.11, 2589110
47.12, 2589110
47.13, 2589110
47.14, 2589110
47.15, 2589110
47.16, 2589110
47.17, 2589110
47.18, 2589110
47.19, 2589110
47.2, 2589110
47.21, 2589110
47.22, 2589110
47.23, 2589110
47.24, 2589110
47.25, 2589110
47.26, 2589110
47.27, 2589110
47.28, 2589110
47.29, 2589110
47.3, 2589110
47.31, 2589110
47.32, 2589110
47.33, 2589110
47.34, 2589110
47.35, 2589110
47.36, 2589110
47.37, 2589110
47.38, 2589110
47.39, 2589110
47.4, 2589110
47.41, 2589110
47.42, 2589110
47.43, 2589110
47.44, 2589110
47.45, 2589110
47.46, 2589110
47.47, 2589110
47.48, 2589110
47.49, 2589110
47.5, 2589110
47.51, 2589110
47.52, 2589110
47.53, 2589110
47.54, 2589110
47.55, 2589110
47.56, 2589110
47.57, 2589110
47.58, 2589110
47.59, 2589110
47.6, 2589110
47.61, 2589110
47.62, 2589110
47.63, 2589110
47.64, 2589110
47.65, 2589110
47.66, 2589110
47.67, 2589110
47.68, 2589110
47.69, 2589110
47.7, 2589110
47.71, 2589110
47.72, 2589110
47.73, 2589110
47.74, 2589110
47.75, 2589110
47.76, 2589110
47.77, 2589110
47.78, 2589110
47.79, 2589110
47.8, 2589110
47.81, 2589110
47.82, 2589110
47.83, 2589110
47.84, 2589110
47.85, 2589110
47.86, 2589110
47.87, 2589110
47.88, 2589110
47.89, 2589110
47.9, 2589110
47.91, 2589110
47.92, 2589110
47.93, 2589110
47.94, 2589110
47.95, 2589110
47.96, 2589110
47.97, 2589110
47.98, 2589110
47.99, 2589110
48.0, 2589110
48.01, 2589110
48.02, 2589110
48.03, 2589110
48.04, 2589110
48.05, 2589110
48.06, 2589110
48.07, 2589110
48.08, 2589110
48.09, 2589110
48.1, 2589110
48.11, 2589110
48.12, 2589110
48.13, 2589110
48.14, 2589110
48.15, 2589110
48.16, 2589110
48.17, 2589110
48.18, 2589110
48.19, 2589110
48.2, 2589110
48.21, 2589110
48.22, 2589110
48.23, 2589110
48.24, 2589110
48.25, 2589110
48.26, 2589110
48.27, 2589110
48.28, 2589110
48.29, 2589110
48.3, 2589110
48.31, 2589110
48.32, 2589110
48.33, 2589110
48.34, 2589110
48.35, 2589110
48.36, 2589110
48.37, 2589110
48.38, 2589110
48.39, 2589110
48.4, 2589110
48.41, 2589110
48.42, 2589110
48.43, 2589110
48.44, 2589110
48.45, 2589110
48.46, 2589110
48.47, 2589110
48.48, 2589110
48.49, 2589110
48.5, 2589110
48.51, 2589110
48.52, 2589110
48.53, 2589110
48.54, 2589110
48.55, 2589110
48.56, 2589110
48.57, 2589110
48.58, 2589110
48.59, 2589110
48.6, 2589110
48.61, 2589110
48.62, 2589110
48.63, 2589110
48.64, 2589110
48.65, 2589110
48.66, 2589110
48.67, 2589110
48.68, 2589110
48.69, 2589110
48.7, 2589110
48.71, 2589110
48.72, 2589110
48.73, 2589110
48.74, 2589110
48.75, 2589110
48.76, 2589110
48.77, 2589110
48.78, 2589110
48.79, 2589110
48.8, 2589110
48.81, 2589110
48.82, 2589110
48.83, 2589110
48.84, 2589110
48.85, 2589110
48.86, 2589110
48.87, 2589110
48.88, 2589110
48.89, 2589110
48.9, 2589110
48.91, 2589110
48.92, 2589110
48.93, 2589110
48.94, 2589110
48.95, 2589110
48.96, 2589110
48.97, 2589110
48.98, 2589110
48.99, 2589110
49.0, 2589110
49.01, 2589110
49.02, 2589110
49.03, 2589110
49.04, 2589110
49.05, 2589110
49.06, 2589110
49.07, 2589110
49.08, 2589110
49.09, 2589110
49.1, 2589110
49.11, 2589110
49.12, 2589110
49.13, 2589110
49.14, 2589110
49.15, 2589110
49.16, 2589110
49.17, 2589110
49.18, 2589110
49.19, 2589110
49.2, 2589110
49.21, 2589110
49.22, 2589110
49.23, 2589110
49.24, 2589110
49.25, 2589110
49.26, 2589110
49.27, 2589110
49.28, 2589110
49.29, 2589110
49.3, 2589110
49.31, 2589110
49.32, 2589110
49.33, 2589110
49.34, 2589110
49.35, 2589110
49.36, 2589110
49.37, 2589110
49.38, 2589110
49.39, 2589110
49.4, 2589110
49.41, 2589110
49.42, 2589110
49.43, 2589110
49.44, 2589110
49.45, 2589110
49.46, 2589110
49.47, 2589110
49.48, 2589110
49.49, 2589110
49.5, 2589110
49.51, 2589110
49.52, 2589110
49.53, 2589110
49.54, 2589110
49.55, 2589110
49.56, 2589110
49.57, 2589110
49.58, 2589110
49.59, 2589110
49.6, 2589110
49.61, 2589110
49.62, 2589110
49.63, 2589110
49.64, 2589110
49.65, 2589110
49.66, 2589110
49.67, 2589110
49.68, 2589110
49.69, 2589110
49.7, 2589110
49.71, 2589110
49.72, 2589110
49.73, 2589110
49.74, 2589110
49.75, 2589110
49.76, 2589110
49.77, 2589110
49.78, 2589110
49.79, 2589110
49.8, 2589110
49.81, 2589110
49.82, 2589110
49.83, 2589110
49.84, 2589110
49.85, 2589110
49.86, 2589110
49.87, 2589110
49.88, 2589110
49.89, 2589110
49.9, 2589110
49.91, 2589110
49.92, 2589110
49.93, 2589110
49.94, 2589110
49.95, 2589110
49.96, 2589110
49.97, 2589110
49.98, 2589110
49.99, 2589110
50.0, 2589110
50.01, 2589110
50.02, 2589110
50.03, 2589110
50.04, 2589110
50.05, 2589110
50.06, 2589110
50.07, 2589110
50.08, 2589110
50.09, 2589110
50.1, 2589110
50.11, 2589110
50.12, 2589110
50.13, 2589110
50.14, 2589110
50.15, 2589110
50.16, 2589110
50.17, 2589110
50.18, 2589110
50.19, 2589110
50.2, 2589110
50.21, 2589110
50.22, 2589110
50.23, 2589110
50.24, 2589110
50.25, 2589110
50.26, 2589110
50.27, 2589110
50.28, 2589110
50.29, 2589110
50.3, 2589110
50.31, 2589110
50.32, 2589110
50.33, 2589110
50.34, 2589110
50.35, 2589110
50.36, 2589110
50.37, 2589110
50.38, 2589110
50.39, 2589110
50.4, 2589110
50.41, 2589110
50.42, 2589110
50.43, 2589110
50.44, 2589110
50.45, 2589110
50.46, 2589110
50.47, 2589110
50.48, 2589110
50.49, 2589110
50.5, 2589110
50.51, 2589110
50.52, 2589110
50.53, 2589110
50.54, 2589110
50.55, 2589110
50.56, 2589110
50.57, 2589110
50.58, 2589110
50.59, 2589110
50.6, 2589110
50.61, 2589110
50.62, 2589110
50.63, 2589110
50.64, 2589110
50.65, 2589110
50.66, 2589110
50.67, 2589110
50.68, 2589110
50.69, 2589110
50.7, 2589110
50.71, 2589110
50.72, 2589110
50.73, 2589110
50.74, 2589110
50.75, 2589110
50.76, 2589110
50.77, 2589110
50.78, 2589110
50.79, 2589110
50.8, 2589110
50.81, 2589110
50.82, 2589110
50.83, 2589110
50.84, 2589110
50.85, 2589110
50.86, 2589110
50.87, 2589110
50.88, 2589110
50.89, 2589110
50.9, 2589110
50.91, 2589110
50.92, 2589110
50.93, 2589110
50.94, 2589110
50.95, 2589110
50.96, 2589110
50.97, 2589110
50.98, 2589110
50.99, 2589110
51.0, 2589110
51.01, 2589110
51.02, 2589110
51.03, 2589110
51.04, 2589110
51.05, 2589110
51.06, 2589110
51.07, 2589110
51.08, 2589110
51.09, 2589110
51.1, 2589110
51.11, 2589110
51.12, 2589110
51.13, 2589110
51.14, 2589110
51.15, 2589110
51.16, 2589110
51.17, 2589110
51.18, 2589110
51.19, 2589110
51.2, 2589110
51.21, 2589110
51.22, 2589110
51.23, 2589110
51.24, 2589110
51.25, 2589110
51.26, 2589110
51.27, 2589110
51.28, 2589110
51.29, 2589110
51.3, 2589110
51.31, 2589110
51.32, 2589110
51.33, 2589110
51.34, 2589110
51.35, 2589110
51.36, 2589110
51.37, 2589110
51.38, 2589110
51.39, 2589110
51.4, 2589110
51.41, 2589110
51.42, 2589110
51.43, 2589110
51.44, 2589110
51.45, 2589110
51.46, 2589110
51.47, 2589110
51.48, 2589110
51.49, 2589110
51.5, 2589110
51.51, 2589110
51.52, 2589110
51.53, 2589110
51.54, 2589110
51.55, 2589110
51.56, 2589110
51.57, 2589110
51.58, 2589110
51.59, 2589110
51.6, 2589110
51.61, 2589110
51.62, 2589110
51.63, 2589110
51.64, 2589110
51.65, 2589110
51.66, 2589110
51.67, 2589110
51.68, 2589110
51.69, 2589110
51.7, 2589110
51.71, 2589110
51.72, 2589110
51.73, 2589110
51.74, 2589110
51.75, 2589110
51.76, 2589110
51.77, 2589110
51.78, 2589110
51.79, 2589110
51.8, 2589110
51.81, 2589110
51.82, 2589110
51.83, 2589110
51.84, 2589110
51.85, 2589110
51.86, 2589110
51.87, 2589110
51.88, 2589110
51.89, 2589110
51.9, 2589110
51.91, 2589110
51.92, 2589110
51.93, 2589110
51.94, 2589110
51.95, 2589110
51.96, 2589110
51.97, 2589110
51.98, 2589110
51.99, 2589110
52.0, 2589110
52.01, 2589110
52.02, 2589110
52.03, 2589110
52.04, 2589110
52.05, 2589110
52.06, 2589110
52.07, 2589110
52.08, 2589110
52.09, 2589110
52.1, 2589110
52.11, 2589110
52.12, 2589110
52.13, 2589110
52.14, 2589110
52.15, 2589110
52.16, 2589110
52.17, 2589110
52.18, 2589110
52.19, 2589110
52.2, 2589110
52.21, 2589110
52.22, 2589110
52.23, 2589110
52.24, 2589110
52.25, 2589110
52.26, 2589110
52.27, 2589110
52.28, 2589110
52.29, 2589110
52.3, 2589110
52.31, 2589110
52.32, 2589110
52.33, 2589110
52.34, 2589110
52.35, 2589110
52.36, 2589110
52.37, 2589110
52.38, 2589110
52.39, 2589110
52.4, 2589110
52.41, 2589110
52.42, 2589110
52.43, 2589110
52.44, 2589110
52.45, 2589110
52.46, 2589110
52.47, 2589110
52.48, 2589110
52.49, 2589110
52.5, 2589110
52.51, 2589110
52.52, 2589110
52.53, 2589110
52.54, 2589110
52.55, 2589110
52.56, 2589110
52.57, 2589110
52.58, 2589110
52.59, 2589110
52.6, 2589110
52.61, 2589110
52.62, 2589110
52.63, 2589110
52.64, 2589110
52.65, 2589110
52.66, 2589110
52.67, 2589110
52.68, 2589110
52.69, 2589110
52.7, 2589110
52.71, 2589110
52.72, 2589110
52.73, 2589110
52.74, 2589110
52.75, 2589110
52.76, 2589110
52.77, 2589110
52.78, 2589110
52.79, 2589110
52.8, 2589110
52.81, 2589110
52.82, 2589110
52.83, 2589110
52.84, 2589110
52.85, 2589110
52.86, 2589110
52.87, 2589110
52.88, 2589110
52.89, 2589110
52.9, 2589110
52.91, 2589110
52.92, 2589110
52.93, 2589110
52.94, 2589110
52.95, 2589110
52.96, 2589110
52.97, 2589110
52.98, 2589110
52.99, 2589110
53.0, 2589110
53.01, 2589110
53.02, 2589110
53.03, 2589110
53.04, 2589110
53.05, 2589110
53.06, 2589110
53.07, 2589110
53.08, 2589110
53.09, 2589110
53.1, 2589110
53.11, 2589110
53.12, 2589110
53.13, 2589110
53.14, 2589110
53.15, 2589110
53.16, 2589110
53.17, 2589110
53.18, 2589110
53.19, 2589110
53.2, 2589110
53.21, 2589110
53.22, 2589110
53.23, 2589110
53.24, 2589110
53.25, 2589110
53.26, 2589110
53.27, 2589110
53.28, 2589110
53.29, 2589110
53.3, 2589110
53.31, 2589110
53.32, 2589110
53.33, 2589110
53.34, 2589110
53.35, 2589110
53.36, 2589110
53.37, 2589110
53.38, 2589110
53.39, 2589110
53.4, 2589110
53.41, 2589110
53.42, 2589110
53.43, 2589110
53.44, 2589110
53.45, 2589110
53.46, 2589110
53.47, 2589110
53.48, 2589110
53.49, 2589110
53.5, 2589110
53.51, 2589110
53.52, 2589110
53.53, 2589110
53.54, 2589110
53.55, 2589110
53.56, 2589110
53.57, 2589110
53.58, 2589110
53.59, 2589110
53.6, 2589110
53.61, 2589110
53.62, 2589110
53.63, 2589110
53.64, 2589110
53.65, 2589110
53.66, 2589110
53.67, 2589110
53.68, 2589110
53.69, 2589110
53.7, 2589110
53.71, 2589110
53.72, 2589110
53.73, 2589110
53.74, 2589110
53.75, 2589110
53.76, 2589110
53.77, 2589110
53.78, 2589110
53.79, 2589110
53.8, 2589110
53.81, 2589110
53.82, 2589110
53.83, 2589110
53.84, 2589110
53.85, 2589110
53.86, 2589110
53.87, 2589110
53.88, 2589110
53.89, 2589110
53.9, 2589110
53.91, 2589110
53.92, 2589110
53.93, 2589110
53.94, 2589110
53.95, 2589110
53.96, 2589110
53.97, 2589110
53.98, 2589110
53.99, 2589110
54.0, 2589110
54.01, 2589110
54.02, 2589110
54.03, 2589110
54.04, 2589110
54.05, 2589110
54.06, 2589110
54.07, 2589110
54.08, 2589110
54.09, 2589110
54.1, 2589110
54.11, 2589110
54.12, 2589110
54.13, 2589110
54.14, 2589110
54.15, 2589110
54.16, 2589110
54.17, 2589110
54.18, 2589110
54.19, 2589110
54.2, 2589110
54.21, 2589110
54.22, 2589110
54.23, 2589110
54.24, 2589110
54.25, 2589110
54.26, 2589110
54.27, 2589110
54.28, 2589110
54.29, 2589110
54.3, 2589110
54.31, 2589110
54.32, 2589110
54.33, 2589110
54.34, 2589110
54.35, 2589110
54.36, 2589110
54.37, 2589110
54.38, 2589110
54.39, 2589110
54.4, 2589110
54.41, 2589110
54.42, 2589110
54.43, 2589110
54.44, 2589110
54.45, 2589110
54.46, 2589110
54.47, 2589110
54.48, 2589110
54.49, 2589110
54.5, 2589110
54.51, 2589110
54.52, 2589110
54.53, 2589110
54.54, 2589110
54.55, 2589110
54.56, 2589110
54.57, 2589110
54.58, 2589110
54.59, 2589110
54.6, 2589110
54.61, 2589110
54.62, 2589110
54.63, 2589110
54.64, 2589110
54.65, 2589110
54.66, 2589110
54.67, 2589110
54.68, 2589110
54.69, 2589110
54.7, 2589110
54.71, 2589110
54.72, 2589110
54.73, 2589110
54.74, 2589110
54.75, 2589110
54.76, 2589110
54.77, 2589110
54.78, 2589110
54.79, 2589110
54.8, 2589110
54.81, 2589110
54.82, 2589110
54.83, 2589110
54.84, 2589110
54.85, 2589110
54.86, 2589110
54.87, 2589110
54.88, 2589110
54.89, 2589110
54.9, 2589110
54.91, 2589110
54.92, 2589110
54.93, 2589110
54.94, 2589110
54.95, 2589110
54.96, 2589110
54.97, 2589110
54.98, 2589110
54.99, 2589110
55.0, 2589110
55.01, 2589110
55.02, 2589110
55.03, 2589110
55.04, 2589110
55.05, 2589110
55.06, 2589110
55.07, 2589110
55.08, 2589110
55.09, 2589110
55.1, 2589110
55.11, 2589110
55.12, 2589110
55.13, 2589110
55.14, 2589110
55.15, 2589110
55.16, 2589110
55.17, 2589110
55.18, 2589110
55.19, 2589110
55.2, 2589110
55.21, 2589110
55.22, 2589110
55.23, 2589110
55.24, 2589110
55.25, 2589110
55.26, 2589110
55.27, 2589110
55.28, 2589110
55.29, 2589110
55.3, 2589110
55.31, 2589110
55.32, 2589110
55.33, 2589110
55.34, 2589110
55.35, 2589110
55.36, 2589110
55.37, 2589110
55.38, 2589110
55.39, 2589110
55.4, 2589110
55.41, 2589110
55.42, 2589110
55.43, 2589110
55.44, 2589110
55.45, 2589110
55.46, 2589110
55.47, 2589110
55.48, 2589110
55.49, 2589110
55.5, 2589110
55.51, 2589110
55.52, 2589110
55.53, 2589110
55.54, 2589110
55.55, 2589110
55.56, 2589110
55.57, 2589110
55.58, 2589110
55.59, 2589110
55.6, 2589110
55.61, 2589110
55.62, 2589110
55.63, 2589110
55.64, 2589110
55.65, 2589110
55.66, 2589110
55.67, 2589110
55.68, 2589110
55.69, 2589110
55.7, 2589110
55.71, 2589110
55.72, 2589110
55.73, 2589110
55.74, 2589110
55.75, 2589110
55.76, 2589110
55.77, 2589110
55.78, 2589110
55.79, 2589110
55.8, 2589110
55.81, 2589110
55.82, 2589110
55.83, 2589110
55.84, 2589110
55.85, 2589110
55.86, 2589110
55.87, 2589110
55.88, 2589110
55.89, 2589110
55.9, 2589110
55.91, 2589110
55.92, 2589110
55.93, 2589110
55.94, 2589110
55.95, 2589110
55.96, 2589110
55.97, 2589110
55.98, 2589110
55.99, 2589110
56.0, 2589110
56.01, 2589110
56.02, 2589110
56.03, 2589110
56.04, 2589110
56.05, 2589110
56.06, 2589110
56.07, 2589110
56.08, 2589110
56.09, 2589110
56.1, 2589110
56.11, 2589110
56.12, 2589110
56.13, 2589110
56.14, 2589110
56.15, 2589110
56.16, 2589110
56.17, 2589110
56.18, 2589110
56.19, 2589110
56.2, 2589110
56.21, 2589110
56.22, 2589110
56.23, 2589110
56.24, 2589110
56.25, 2589110
56.26, 2589110
56.27, 2589110
56.28, 2589110
56.29, 2589110
56.3, 2589110
56.31, 2589110
56.32, 2589110
56.33, 2589110
56.34, 2589110
56.35, 2589110
56.36, 2589110
56.37, 2589110
56.38, 2589110
56.39, 2589110
56.4, 2589110
56.41, 2589110
56.42, 2589110
56.43, 2589110
56.44, 2589110
56.45, 2589110
56.46, 2589110
56.47, 2589110
56.48, 2589110
56.49, 2589110
56.5, 2589110
56.51, 2589110
56.52, 2589110
56.53, 2589110
56.54, 2589110
56.55, 2589110
56.56, 2589110
56.57, 2589110
56.58, 2589110
56.59, 2589110
56.6, 2589110
56.61, 2589110
56.62, 2589110
56.63, 2589110
56.64, 2589110
56.65, 2589110
56.66, 2589110
56.67, 2589110
56.68, 2589110
56.69, 2589110
56.7, 2589110
56.71, 2589110
56.72, 2589110
56.73, 2589110
56.74, 2589110
56.75, 2589110
56.76, 2589110
56.77, 2589110
56.78, 2589110
56.79, 2589110
56.8, 2589110
56.81, 2589110
56.82, 2589110
56.83, 2589110
56.84, 2589110
56.85, 2589110
56.86, 2589110
56.87, 2589110
56.88, 2589110
56.89, 2589110
56.9, 2589110
56.91, 2589110
56.92, 2589110
56.93, 2589110
56.94, 2589110
56.95, 2589110
56.96, 2589110
56.97, 2589110
56.98, 2589110
56.99, 2589110
57.0, 2589110
57.01, 2589110
57.02, 2589110
57.03, 2589110
57.04, 2589110
57.05, 2589110
57.06, 2589110
57.07, 2589110
57.08, 2589110
57.09, 2589110
57.1, 2589110
57.11, 2589110
57.12, 2589110
57.13, 2589110
57.14, 2589110
57.15, 2589110
57.16, 2589110
57.17, 2589110
57.18, 2589110
57.19, 2589110
57.2, 2589110
57.21, 2589110
57.22, 2589110
57.23, 2589110
57.24, 2589110
57.25, 2589110
57.26, 2589110
57.27, 2589110
57.28, 2589110
57.29, 2589110
57.3, 2589110
57.31, 2589110
57.32, 2589110
57.33, 2589110
57.34, 2589110
57.35, 2589110
57.36, 2589110
57.37, 2589110
57.38, 2589110
57.39, 2589110
57.4, 2589110
57.41, 2589110
57.42, 2589110
57.43, 2589110
57.44, 2589110
57.45, 2589110
57.46, 2589110
57.47, 2589110
57.48, 2589110
57.49, 2589110
57.5, 2589110
57.51, 2589110
57.52, 2589110
57.53, 2589110
57.54, 2589110
57.55, 2589110
57.56, 2589110
57.57, 2589110
57.58, 2589110
57.59, 2589110
57.6, 2589110
57.61, 2589110
57.62, 2589110
57.63, 2589110
57.64, 2589110
57.65, 2589110
57.66, 2589110
57.67, 2589110
57.68, 2589110
57.69, 2589110
57.7, 2589110
57.71, 2589110
57.72, 2589110
57.73, 2589110
57.74, 2589110
57.75, 2589110
57.76, 2589110
57.77, 2589110
57.78, 2589110
57.79, 2589110
57.8, 2589110
57.81, 2589110
57.82, 2589110
57.83, 2589110
57.84, 2589110
57.85, 2589110
57.86, 2589110
57.87, 2589110
57.88, 2589110
57.89, 2589110
57.9, 2589110
57.91, 2589110
57.92, 2589110
57.93, 2589110
57.94, 2589110
57.95, 2589110
57.96, 2589110
57.97, 2589110
57.98, 2589110
57.99, 2589110
58.0, 2589110
58.01, 2589110
58.02, 2589110
58.03, 2589110
58.04, 2589110
58.05, 2589110
58.06, 2589110
58.07, 2589110
58.08, 2589110
58.09, 2589110
58.1, 2589110
58.11, 2589110
58.12, 2589110
58.13, 2589110
58.14, 2589110
58.15, 2589110
58.16, 2589110
58.17, 2589110
58.18, 2589110
58.19, 2589110
58.2, 2589110
58.21, 2589110
58.22, 2589110
58.23, 2589110
58.24, 2589110
58.25, 2589110
58.26, 2589110
58.27, 2589110
58.28, 2589110
58.29, 2589110
58.3, 2589110
58.31, 2589110
58.32, 2589110
58.33, 2589110
58.34, 2589110
58.35, 2589110
58.36, 2589110
58.37, 2589110
58.38, 2589110
58.39, 2589110
58.4, 2589110
58.41, 2589110
58.42, 2589110
58.43, 2589110
58.44, 2589110
58.45, 2589110
58.46, 2589110
58.47, 2589110
58.48, 2589110
58.49, 2589110
58.5, 2589110
58.51, 2589110
58.52, 2589110
58.53, 2589110
58.54, 2589110
58.55, 2589110
58.56, 2589110
58.57, 2589110
58.58, 2589110
58.59, 2589110
58.6, 2589110
58.61, 2589110
58.62, 2589110
58.63, 2589110
58.64, 2589110
58.65, 2589110
58.66, 2589110
58.67, 2589110
58.68, 2589110
58.69, 2589110
58.7, 2589110
58.71, 2589110
58.72, 2589110
58.73, 2589110
58.74, 2589110
58.75, 2589110
58.76, 2589110
58.77, 2589110
58.78, 2589110
58.79, 2589110
58.8, 2589110
58.81, 2589110
58.82, 2589110
58.83, 2589110
58.84, 2589110
58.85, 2589110
58.86, 2589110
58.87, 2589110
58.88, 2589110
58.89, 2589110
58.9, 2589110
58.91, 2589110
58.92, 2589110
58.93, 2589110
58.94, 2589110
58.95, 2589110
58.96, 2589110
58.97, 2589110
58.98, 2589110
58.99, 2589110
59.0, 2589110
59.01, 2589110
59.02, 2589110
59.03, 2589110
59.04, 2589110
59.05, 2589110
59.06, 2589110
59.07, 2589110
59.08, 2589110
59.09, 2589110
59.1, 2589110
59.11, 2589110
59.12, 2589110
59.13, 2589110
59.14, 2589110
59.15, 2589110
59.16, 2589110
59.17, 2589110
59.18, 2589110
59.19, 2589110
59.2, 2589110
59.21, 2589110
59.22, 2589110
59.23, 2589110
59.24, 2589110
59.25, 2589110
59.26, 2589110
59.27, 2589110
59.28, 2589110
59.29, 2589110
59.3, 2589110
59.31, 2589110
59.32, 2589110
59.33, 2589110
59.34, 2589110
59.35, 2589110
59.36, 2589110
59.37, 2589110
59.38, 2589110
59.39, 2589110
59.4, 2589110
59.41, 2589110
59.42, 2589110
59.43, 2589110
59.44, 2589110
59.45, 2589110
59.46, 2589110
59.47, 2589110
59.48, 2589110
59.49, 2589110
59.5, 2589110
59.51, 2589110
59.52, 2589110
59.53, 2589110
59.54, 2589110
59.55, 2589110
59.56, 2589110
59.57, 2589110
59.58, 2589110
59.59, 2589110
59.6, 2589110
59.61, 2589110
59.62, 2589110
59.63, 2589110
59.64, 2589110
59.65, 2589110
59.66, 2589110
59.67, 2589110
59.68, 2589110
59.69, 2589110
59.7, 2589110
59.71, 2589110
59.72, 2589110
59.73, 2589110
59.74, 2589110
59.75, 2589110
59.76, 2589110
59.77, 2589110
59.78, 2589110
59.79, 2589110
59.8, 2589110
59.81, 2589110
59.82, 2589110
59.83, 2589110
59.84, 2589110
59.85, 2589110
59.86, 2589110
59.87, 2589110
59.88, 2589110
59.89, 2589110
59.9, 2589110
59.91, 2589110
59.92, 2589110
59.93, 2589110
59.94, 2589110
59.95, 2589110
59.96, 2589110
59.97, 2589110
59.98, 2589110
59.99, 2589110
