0.0, 3828256
0.01, 3764586
0.02, 3152930
0.03, 3152930
0.04, 3152930
0.05, 3152930
0.06, 3152930
0.07, 3152930
0.08, 3152930
0.09, 3152930
0.1, 3152930
0.11, 3152930
0.12, 3152930
0.13, 3152930
0.14, 3152930
0.15, 3152930
0.16, 3152930
0.17, 3152930
0.18, 3152930
0.19, 3152930
0.2, 3152930
0.21, 3152930
0.22, 3152930
0.23, 3152930
0.24, 3152930
0.25, 3152930
0.26, 3152930
0.27, 3152930
0.28, 3152930
0.29, 3152930
0.3, 3152930
0.31, 3152930
0.32, 3152930
0.33, 3152930
0.34, 3152930
0.35, 3152930
0.36, 3152930
0.37, 3152930
0.38, 3152930
0.39, 3152930
0.4, 3152930
0.41, 3152930
0.42, 3152930
0.43, 3152930
0.44, 3152930
0.45, 3152930
0.46, 3152930
0.47, 3152930
0.48, 3152930
0.49, 3023566
0.5, 3023566
0.51, 3023566
0.52, 3023566
0.53, 3023566
0.54, 3023566
0.55, 3023566
0.56, 3023566
0.57, 3023566
0.58, 3023566
0.59, 3023566
0.6, 3023566
0.61, 3023566
0.62, 3023566
0.63, 3023566
0.64, 3023566
0.65, 3023566
0.66, 3023566
0.67, 3023566
0.68, 3023566
0.69, 3023566
0.7, 3023566
0.71, 3023566
0.72, 3023566
0.73, 3023566
0.74, 3023566
0.75, 3023566
0.76, 3023566
0.77, 3023566
0.78, 3023566
0.79, 3023566
0.8, 3023566
0.81, 3023566
0.82, 3023566
0.83, 3023566
0.84, 3023566
0.85, 3023566
0.86, 3023566
0.87, 3023566
0.88, 3023566
0.89, 3023566
0.9, 3023566
0.91, 3023566
0.92, 3023566
0.93, 3023566
0.94, 3023566
0.95, 3023566
0.96, 3023566
0.97, 3023566
0.98, 3023566
0.99, 3023566
1.0, 3023566
1.01, 3023566
1.02, 3023566
1.03, 3023566
1.04, 3023566
1.05, 3023566
1.06, 3023566
1.07, 3023566
1.08, 3023566
1.09, 3023566
1.1, 3023566
1.11, 3023566
1.12, 3023566
1.13, 3023566
1.14, 3023566
1.15, 3023566
1.16, 3023566
1.17, 3023566
1.18, 3023566
1.19, 3023566
1.2, 3023566
1.21, 3023566
1.22, 3023566
1.23, 3023566
1.24, 3023566
1.25, 3023566
1.26, 3023566
1.27, 3023566
1.28, 3023566
1.29, 3023566
1.3, 3023566
1.31, 3023566
1.32, 3023566
1.33, 3023566
1.34, 3023566
1.35, 3023566
1.36, 3023566
1.37, 3023566
1.38, 3023566
1.39, 3023566
1.4, 3023566
1.41, 3023566
1.42, 3023566
1.43, 3023566
1.44, 3023566
1.45, 3023566
1.46, 3023566
1.47, 3023566
1.48, 3023566
1.49, 3023566
1.5, 3023566
1.51, 3023566
1.52, 3023566
1.53, 3023566
1.54, 3023566
1.55, 3023566
1.56, 3023566
1.57, 3023566
1.58, 3023566
1.59, 3023566
1.6, 3023566
1.61, 3023566
1.62, 3023566
1.63, 3023566
1.64, 3023566
1.65, 3023566
1.66, 3023566
1.67, 3023566
1.68, 3023566
1.69, 3023566
1.7, 3023566
1.71, 3023566
1.72, 3023566
1.73, 3023566
1.74, 3023566
1.75, 3023566
1.76, 3023566
1.77, 3023566
1.78, 3023566
1.79, 3023566
1.8, 3023566
1.81, 3023566
1.82, 3023566
1.83, 3023566
1.84, 3023566
1.85, 3023566
1.86, 3023566
1.87, 3023566
1.88, 3023566
1.89, 3023566
1.9, 3023566
1.91, 3023566
1.92, 3023566
1.93, 3023566
1.94, 3023566
1.95, 3023566
1.96, 3023566
1.97, 3023566
1.98, 3023566
1.99, 3023566
2.0, 3023566
2.01, 3023566
2.02, 3023566
2.03, 3023566
2.04, 3023566
2.05, 3023566
2.06, 3023566
2.07, 3023566
2.08, 3023566
2.09, 3023566
2.1, 3023566
2.11, 3023566
2.12, 3023566
2.13, 3023566
2.14, 3023566
2.15, 3023566
2.16, 3023566
2.17, 3023566
2.18, 3023566
2.19, 3023566
2.2, 3023566
2.21, 3023566
2.22, 3023566
2.23, 3023566
2.24, 3023566
2.25, 3023566
2.26, 3023566
2.27, 3023566
2.28, 3023566
2.29, 3023566
2.3, 3023566
2.31, 3023566
2.32, 3023566
2.33, 3023566
2.34, 3023566
2.35, 3023566
2.36, 3023566
2.37, 3023566
2.38, 3023566
2.39, 3023566
2.4, 3023566
2.41, 3023566
2.42, 3023566
2.43, 3023566
2.44, 3023566
2.45, 3023566
2.46, 3023566
2.47, 3023566
2.48, 3023566
2.49, 3023566
2.5, 3023566
2.51, 3023566
2.52, 3023566
2.53, 3023566
2.54, 3023566
2.55, 3023566
2.56, 3023566
2.57, 3023566
2.58, 3023566
2.59, 3023566
2.6, 3023566
2.61, 3023566
2.62, 3023566
2.63, 3023566
2.64, 3023566
2.65, 3023566
2.66, 3023566
2.67, 3023566
2.68, 3023566
2.69, 3023566
2.7, 3023566
2.71, 2911827
2.72, 2911827
2.73, 2911827
2.74, 2911827
2.75, 2911827
2.76, 2911827
2.77, 2911827
2.78, 2911827
2.79, 2911827
2.8, 2911827
2.81, 2911827
2.82, 2911827
2.83, 2911827
2.84, 2911827
2.85, 2911827
2.86, 2911827
2.87, 2911827
2.88, 2911827
2.89, 2911827
2.9, 2911827
2.91, 2911827
2.92, 2911827
2.93, 2911827
2.94, 2911827
2.95, 2911827
2.96, 2911827
2.97, 2911827
2.98, 2911827
2.99, 2911827
3.0, 2911827
3.01, 2911827
3.02, 2911827
3.03, 2911827
3.04, 2911827
3.05, 2911827
3.06, 2911827
3.07, 2911827
3.08, 2911827
3.09, 2911827
3.1, 2911827
3.11, 2911827
3.12, 2911827
3.13, 2911827
3.14, 2911827
3.15, 2911827
3.16, 2911827
3.17, 2911827
3.18, 2911827
3.19, 2911827
3.2, 2911827
3.21, 2911827
3.22, 2911827
3.23, 2911827
3.24, 2911827
3.25, 2911827
3.26, 2911827
3.27, 2911827
3.28, 2911827
3.29, 2911827
3.3, 2911827
3.31, 2911827
3.32, 2911827
3.33, 2911827
3.34, 2911827
3.35, 2911827
3.36, 2911827
3.37, 2911827
3.38, 2911827
3.39, 2911827
3.4, 2911827
3.41, 2911827
3.42, 2911827
3.43, 2911827
3.44, 2911827
3.45, 2911827
3.46, 2911827
3.47, 2911827
3.48, 2911827
3.49, 2911827
3.5, 2911827
3.51, 2911827
3.52, 2911827
3.53, 2911827
3.54, 2911827
3.55, 2911827
3.56, 2911827
3.57, 2911827
3.58, 2911827
3.59, 2911827
3.6, 2911827
3.61, 2911827
3.62, 2911827
3.63, 2911827
3.64, 2911827
3.65, 2911827
3.66, 2911827
3.67, 2911827
3.68, 2911827
3.69, 2911827
3.7, 2911827
3.71, 2911827
3.72, 2911827
3.73, 2911827
3.74, 2911827
3.75, 2911827
3.76, 2911827
3.77, 2911827
3.78, 2911827
3.79, 2911827
3.8, 2911827
3.81, 2911827
3.82, 2911827
3.83, 2911827
3.84, 2911827
3.85, 2911827
3.86, 2911827
3.87, 2911827
3.88, 2911827
3.89, 2911827
3.9, 2911827
3.91, 2911827
3.92, 2911827
3.93, 2911827
3.94, 2911827
3.95, 2911827
3.96, 2911827
3.97, 2911827
3.98, 2911827
3.99, 2911827
4.0, 2911827
4.01, 2911827
4.02, 2911827
4.03, 2911827
4.04, 2911827
4.05, 2911827
4.06, 2911827
4.07, 2911827
4.08, 2911827
4.09, 2911827
4.1, 2911827
4.11, 2911827
4.12, 2911827
4.13, 2911827
4.14, 2911827
4.15, 2911827
4.16, 2911827
4.17, 2911827
4.18, 2911827
4.19, 2911827
4.2, 2911827
4.21, 2911827
4.22, 2911827
4.23, 2911827
4.24, 2911827
4.25, 2911827
4.26, 2911827
4.27, 2911827
4.28, 2911827
4.29, 2911827
4.3, 2911827
4.31, 2911827
4.32, 2911827
4.33, 2911827
4.34, 2911827
4.35, 2911827
4.36, 2911827
4.37, 2911827
4.38, 2911827
4.39, 2911827
4.4, 2911827
4.41, 2911827
4.42, 2911827
4.43, 2911827
4.44, 2911827
4.45, 2911827
4.46, 2911827
4.47, 2911827
4.48, 2911827
4.49, 2911827
4.5, 2911827
4.51, 2911827
4.52, 2911827
4.53, 2911827
4.54, 2911827
4.55, 2911827
4.56, 2911827
4.57, 2911827
4.58, 2911827
4.59, 2911827
4.6, 2911827
4.61, 2911827
4.62, 2911827
4.63, 2911827
4.64, 2911827
4.65, 2911827
4.66, 2911827
4.67, 2911827
4.68, 2911827
4.69, 2911827
4.7, 2911827
4.71, 2911827
4.72, 2911827
4.73, 2911827
4.74, 2911827
4.75, 2911827
4.76, 2911827
4.77, 2911827
4.78, 2911827
4.79, 2911827
4.8, 2911827
4.81, 2911827
4.82, 2911827
4.83, 2911827
4.84, 2911827
4.85, 2911827
4.86, 2911827
4.87, 2911827
4.88, 2911827
4.89, 2911827
4.9, 2911827
4.91, 2911827
4.92, 2911827
4.93, 2911827
4.94, 2911827
4.95, 2911827
4.96, 2911827
4.97, 2911827
4.98, 2911827
4.99, 2911827
5.0, 2911827
5.01, 2892246
5.02, 2892246
5.03, 2892246
5.04, 2892246
5.05, 2892246
5.06, 2892246
5.07, 2892246
5.08, 2892246
5.09, 2892246
5.1, 2892246
5.11, 2892246
5.12, 2892246
5.13, 2892246
5.14, 2892246
5.15, 2892246
5.16, 2892246
5.17, 2892246
5.18, 2892246
5.19, 2892246
5.2, 2892246
5.21, 2892246
5.22, 2892246
5.23, 2892246
5.24, 2892246
5.25, 2892246
5.26, 2892246
5.27, 2892246
5.28, 2892246
5.29, 2892246
5.3, 2892246
5.31, 2892246
5.32, 2892246
5.33, 2892246
5.34, 2892246
5.35, 2892246
5.36, 2892246
5.37, 2892246
5.38, 2892246
5.39, 2892246
5.4, 2892246
5.41, 2892246
5.42, 2892246
5.43, 2892246
5.44, 2892246
5.45, 2892246
5.46, 2892246
5.47, 2892246
5.48, 2892246
5.49, 2892246
5.5, 2892246
5.51, 2892246
5.52, 2892246
5.53, 2892246
5.54, 2892246
5.55, 2892246
5.56, 2892246
5.57, 2892246
5.58, 2892246
5.59, 2892246
5.6, 2892246
5.61, 2892246
5.62, 2892246
5.63, 2892246
5.64, 2892246
5.65, 2892246
5.66, 2892246
5.67, 2892246
5.68, 2892246
5.69, 2892246
5.7, 2892246
5.71, 2892246
5.72, 2892246
5.73, 2892246
5.74, 2892246
5.75, 2892246
5.76, 2892246
5.77, 2892246
5.78, 2892246
5.79, 2892246
5.8, 2892246
5.81, 2892246
5.82, 2892246
5.83, 2892246
5.84, 2892246
5.85, 2892246
5.86, 2892246
5.87, 2892246
5.88, 2892246
5.89, 2892246
5.9, 2892246
5.91, 2892246
5.92, 2892246
5.93, 2892246
5.94, 2892246
5.95, 2892246
5.96, 2892246
5.97, 2892246
5.98, 2892246
5.99, 2892246
6.0, 2892246
6.01, 2892246
6.02, 2892246
6.03, 2892246
6.04, 2892246
6.05, 2892246
6.06, 2892246
6.07, 2892246
6.08, 2892246
6.09, 2892246
6.1, 2892246
6.11, 2892246
6.12, 2892246
6.13, 2892246
6.14, 2892246
6.15, 2892246
6.16, 2892246
6.17, 2892246
6.18, 2892246
6.19, 2892246
6.2, 2892246
6.21, 2892246
6.22, 2892246
6.23, 2892246
6.24, 2892246
6.25, 2892246
6.26, 2892246
6.27, 2892246
6.28, 2892246
6.29, 2892246
6.3, 2892246
6.31, 2892246
6.32, 2892246
6.33, 2892246
6.34, 2892246
6.35, 2892246
6.36, 2892246
6.37, 2892246
6.38, 2892246
6.39, 2892246
6.4, 2892246
6.41, 2892246
6.42, 2892246
6.43, 2892246
6.44, 2892246
6.45, 2892246
6.46, 2892246
6.47, 2892246
6.48, 2892246
6.49, 2892246
6.5, 2892246
6.51, 2892246
6.52, 2892246
6.53, 2892246
6.54, 2892246
6.55, 2892246
6.56, 2892246
6.57, 2892246
6.58, 2892246
6.59, 2892246
6.6, 2892246
6.61, 2892246
6.62, 2892246
6.63, 2892246
6.64, 2892246
6.65, 2892246
6.66, 2892246
6.67, 2892246
6.68, 2892246
6.69, 2892246
6.7, 2892246
6.71, 2892246
6.72, 2892246
6.73, 2892246
6.74, 2892246
6.75, 2892246
6.76, 2892246
6.77, 2892246
6.78, 2892246
6.79, 2892246
6.8, 2892246
6.81, 2892246
6.82, 2892246
6.83, 2892246
6.84, 2892246
6.85, 2892246
6.86, 2892246
6.87, 2892246
6.88, 2892246
6.89, 2892246
6.9, 2892246
6.91, 2892246
6.92, 2892246
6.93, 2892246
6.94, 2892246
6.95, 2892246
6.96, 2892246
6.97, 2892246
6.98, 2892246
6.99, 2892246
7.0, 2892246
7.01, 2892246
7.02, 2892246
7.03, 2892246
7.04, 2892246
7.05, 2892246
7.06, 2892246
7.07, 2892246
7.08, 2892246
7.09, 2892246
7.1, 2892246
7.11, 2892246
7.12, 2892246
7.13, 2892246
7.14, 2892246
7.15, 2892246
7.16, 2892246
7.17, 2892246
7.18, 2892246
7.19, 2892246
7.2, 2892246
7.21, 2892246
7.22, 2892246
7.23, 2892246
7.24, 2892246
7.25, 2892246
7.26, 2892246
7.27, 2892246
7.28, 2892246
7.29, 2892246
7.3, 2892246
7.31, 2892246
7.32, 2892246
7.33, 2892246
7.34, 2892246
7.35, 2892246
7.36, 2892246
7.37, 2892246
7.38, 2892246
7.39, 2892246
7.4, 2892246
7.41, 2892246
7.42, 2892246
7.43, 2892246
7.44, 2892246
7.45, 2892246
7.46, 2892246
7.47, 2892246
7.48, 2892246
7.49, 2892246
7.5, 2892246
7.51, 2892246
7.52, 2892246
7.53, 2892246
7.54, 2892246
7.55, 2892246
7.56, 2892246
7.57, 2892246
7.58, 2892246
7.59, 2892246
7.6, 2892246
7.61, 2892246
7.62, 2892246
7.63, 2892246
7.64, 2892246
7.65, 2892246
7.66, 2892246
7.67, 2892246
7.68, 2892246
7.69, 2892246
7.7, 2892246
7.71, 2892246
7.72, 2892246
7.73, 2892246
7.74, 2892246
7.75, 2892246
7.76, 2892246
7.77, 2892246
7.78, 2892246
7.79, 2892246
7.8, 2892246
7.81, 2892246
7.82, 2892246
7.83, 2892246
7.84, 2892246
7.85, 2892246
7.86, 2892246
7.87, 2892246
7.88, 2892246
7.89, 2892246
7.9, 2892246
7.91, 2892246
7.92, 2892246
7.93, 2892246
7.94, 2892246
7.95, 2892246
7.96, 2892246
7.97, 2892246
7.98, 2892246
7.99, 2892246
8.0, 2892246
8.01, 2892246
8.02, 2892246
8.03, 2892246
8.04, 2892246
8.05, 2892246
8.06, 2892246
8.07, 2892246
8.08, 2892246
8.09, 2892246
8.1, 2892246
8.11, 2892246
8.12, 2892246
8.13, 2892246
8.14, 2892246
8.15, 2892246
8.16, 2892246
8.17, 2892246
8.18, 2892246
8.19, 2892246
8.2, 2892246
8.21, 2892246
8.22, 2892246
8.23, 2892246
8.24, 2892246
8.25, 2892246
8.26, 2892246
8.27, 2892246
8.28, 2892246
8.29, 2892246
8.3, 2892246
8.31, 2892246
8.32, 2892246
8.33, 2892246
8.34, 2892246
8.35, 2892246
8.36, 2892246
8.37, 2892246
8.38, 2892246
8.39, 2892246
8.4, 2892246
8.41, 2892246
8.42, 2892246
8.43, 2892246
8.44, 2892246
8.45, 2892246
8.46, 2892246
8.47, 2892246
8.48, 2892246
8.49, 2892246
8.5, 2892246
8.51, 2892246
8.52, 2892246
8.53, 2892246
8.54, 2892246
8.55, 2892246
8.56, 2892246
8.57, 2892246
8.58, 2892246
8.59, 2892246
8.6, 2892246
8.61, 2892246
8.62, 2892246
8.63, 2892246
8.64, 2892246
8.65, 2892246
8.66, 2892246
8.67, 2892246
8.68, 2892246
8.69, 2892246
8.7, 2892246
8.71, 2892246
8.72, 2892246
8.73, 2892246
8.74, 2892246
8.75, 2892246
8.76, 2892246
8.77, 2892246
8.78, 2892246
8.79, 2892246
8.8, 2892246
8.81, 2892246
8.82, 2892246
8.83, 2892246
8.84, 2892246
8.85, 2892246
8.86, 2892246
8.87, 2892246
8.88, 2892246
8.89, 2892246
8.9, 2892246
8.91, 2892246
8.92, 2892246
8.93, 2892246
8.94, 2892246
8.95, 2892246
8.96, 2892246
8.97, 2892246
8.98, 2892246
8.99, 2892246
9.0, 2892246
9.01, 2892246
9.02, 2892246
9.03, 2892246
9.04, 2892246
9.05, 2892246
9.06, 2892246
9.07, 2892246
9.08, 2892246
9.09, 2892246
9.1, 2892246
9.11, 2892246
9.12, 2892246
9.13, 2892246
9.14, 2892246
9.15, 2892246
9.16, 2892246
9.17, 2892246
9.18, 2892246
9.19, 2892246
9.2, 2892246
9.21, 2892246
9.22, 2892246
9.23, 2892246
9.24, 2892246
9.25, 2892246
9.26, 2892246
9.27, 2892246
9.28, 2892246
9.29, 2892246
9.3, 2892246
9.31, 2892246
9.32, 2892246
9.33, 2892246
9.34, 2892246
9.35, 2892246
9.36, 2892246
9.37, 2892246
9.38, 2892246
9.39, 2892246
9.4, 2892246
9.41, 2892246
9.42, 2892246
9.43, 2892246
9.44, 2892246
9.45, 2892246
9.46, 2892246
9.47, 2892246
9.48, 2892246
9.49, 2892246
9.5, 2892246
9.51, 2892246
9.52, 2892246
9.53, 2892246
9.54, 2892246
9.55, 2892246
9.56, 2892246
9.57, 2856879
9.58, 2856879
9.59, 2856879
9.6, 2856879
9.61, 2856879
9.62, 2856879
9.63, 2856879
9.64, 2856879
9.65, 2856879
9.66, 2856879
9.67, 2856879
9.68, 2856879
9.69, 2856879
9.7, 2856879
9.71, 2856879
9.72, 2856879
9.73, 2856879
9.74, 2856879
9.75, 2856879
9.76, 2856879
9.77, 2856879
9.78, 2856879
9.79, 2856879
9.8, 2856879
9.81, 2856879
9.82, 2856879
9.83, 2856879
9.84, 2856879
9.85, 2856879
9.86, 2856879
9.87, 2856879
9.88, 2856879
9.89, 2856879
9.9, 2856879
9.91, 2856879
9.92, 2856879
9.93, 2856879
9.94, 2856879
9.95, 2856879
9.96, 2856879
9.97, 2856879
9.98, 2856879
9.99, 2856879
10.0, 2856879
10.01, 2856879
10.02, 2856879
10.03, 2856879
10.04, 2856879
10.05, 2856879
10.06, 2856879
10.07, 2856879
10.08, 2856879
10.09, 2856879
10.1, 2856879
10.11, 2856879
10.12, 2856879
10.13, 2856879
10.14, 2856879
10.15, 2856879
10.16, 2856879
10.17, 2856879
10.18, 2856879
10.19, 2856879
10.2, 2856879
10.21, 2856879
10.22, 2856879
10.23, 2856879
10.24, 2856879
10.25, 2856879
10.26, 2856879
10.27, 2856879
10.28, 2856879
10.29, 2856879
10.3, 2856879
10.31, 2856879
10.32, 2856879
10.33, 2856879
10.34, 2856879
10.35, 2856879
10.36, 2856879
10.37, 2856879
10.38, 2856879
10.39, 2856879
10.4, 2856879
10.41, 2856879
10.42, 2856879
10.43, 2856879
10.44, 2856879
10.45, 2856879
10.46, 2856879
10.47, 2856879
10.48, 2856879
10.49, 2856879
10.5, 2856879
10.51, 2856879
10.52, 2856879
10.53, 2856879
10.54, 2856879
10.55, 2856879
10.56, 2856879
10.57, 2856879
10.58, 2856879
10.59, 2856879
10.6, 2856879
10.61, 2856879
10.62, 2856879
10.63, 2856879
10.64, 2856879
10.65, 2856879
10.66, 2856879
10.67, 2856879
10.68, 2856879
10.69, 2856879
10.7, 2856879
10.71, 2856879
10.72, 2856879
10.73, 2856879
10.74, 2856879
10.75, 2856879
10.76, 2856879
10.77, 2856879
10.78, 2856879
10.79, 2856879
10.8, 2856879
10.81, 2856879
10.82, 2856879
10.83, 2856879
10.84, 2856879
10.85, 2856879
10.86, 2856879
10.87, 2856879
10.88, 2856879
10.89, 2856879
10.9, 2856879
10.91, 2856879
10.92, 2856879
10.93, 2856879
10.94, 2856879
10.95, 2856879
10.96, 2856879
10.97, 2856879
10.98, 2856879
10.99, 2856879
11.0, 2856879
11.01, 2856879
11.02, 2856879
11.03, 2856879
11.04, 2856879
11.05, 2856879
11.06, 2856879
11.07, 2856879
11.08, 2856879
11.09, 2856879
11.1, 2856879
11.11, 2856879
11.12, 2856879
11.13, 2856879
11.14, 2856879
11.15, 2856879
11.16, 2856879
11.17, 2856879
11.18, 2856879
11.19, 2856879
11.2, 2856879
11.21, 2856879
11.22, 2856879
11.23, 2856879
11.24, 2856879
11.25, 2856879
11.26, 2856879
11.27, 2856879
11.28, 2856879
11.29, 2856879
11.3, 2856879
11.31, 2856879
11.32, 2856879
11.33, 2856879
11.34, 2856879
11.36, 2856879
11.37, 2856879
11.38, 2856879
11.39, 2856879
11.4, 2856879
11.41, 2856879
11.42, 2856879
11.43, 2856879
11.44, 2856879
11.45, 2856879
11.46, 2856879
11.47, 2856879
11.48, 2856879
11.49, 2856879
11.5, 2856879
11.51, 2856879
11.52, 2856879
11.53, 2856879
11.54, 2856879
11.55, 2856879
11.56, 2856879
11.57, 2856879
11.58, 2856879
11.59, 2856879
11.6, 2856879
11.61, 2856879
11.62, 2856879
11.63, 2856879
11.64, 2856879
11.65, 2856879
11.66, 2856879
11.67, 2856879
11.68, 2856879
11.69, 2856879
11.7, 2856879
11.71, 2856879
11.72, 2856879
11.73, 2856879
11.74, 2856879
11.75, 2856879
11.76, 2856879
11.77, 2856879
11.78, 2856879
11.79, 2856879
11.8, 2856879
11.81, 2856879
11.82, 2856879
11.83, 2856879
11.84, 2856879
11.85, 2856879
11.86, 2856879
11.87, 2856879
11.88, 2856879
11.89, 2856879
11.9, 2856879
11.91, 2856879
11.92, 2856879
11.93, 2856879
11.94, 2856879
11.95, 2856879
11.96, 2856879
11.97, 2856879
11.98, 2856879
11.99, 2856879
12.0, 2856879
12.01, 2856879
12.02, 2856879
12.03, 2856879
12.04, 2856879
12.05, 2856879
12.06, 2856879
12.07, 2856879
12.08, 2856879
12.09, 2856879
12.1, 2856879
12.11, 2856879
12.12, 2856879
12.13, 2856879
12.14, 2856879
12.15, 2856879
12.16, 2856879
12.17, 2856879
12.18, 2856879
12.19, 2856879
12.2, 2856879
12.21, 2856879
12.22, 2856879
12.23, 2856879
12.24, 2856879
12.25, 2856879
12.26, 2856879
12.27, 2856879
12.28, 2856879
12.29, 2856879
12.3, 2856879
12.31, 2856879
12.32, 2856879
12.33, 2856879
12.34, 2856879
12.35, 2856879
12.36, 2856879
12.37, 2856879
12.38, 2856879
12.39, 2856879
12.4, 2856879
12.41, 2856879
12.42, 2856879
12.43, 2856879
12.44, 2856879
12.45, 2856879
12.46, 2856879
12.47, 2856879
12.48, 2856879
12.49, 2856879
12.5, 2856879
12.51, 2856879
12.52, 2856879
12.53, 2856879
12.54, 2856879
12.55, 2856879
12.56, 2856879
12.57, 2856879
12.58, 2856879
12.59, 2856879
12.6, 2856879
12.61, 2856879
12.62, 2856879
12.63, 2856879
12.64, 2856879
12.65, 2856879
12.66, 2856879
12.67, 2856879
12.68, 2856879
12.69, 2856879
12.7, 2856879
12.71, 2856879
12.72, 2856879
12.73, 2856879
12.74, 2856879
12.75, 2856879
12.76, 2856879
12.77, 2856879
12.78, 2856879
12.79, 2856879
12.8, 2856879
12.81, 2856879
12.82, 2856879
12.83, 2856879
12.84, 2856879
12.85, 2856879
12.86, 2856879
12.87, 2856879
12.88, 2856879
12.89, 2856879
12.9, 2856879
12.91, 2856879
12.92, 2856879
12.93, 2856879
12.94, 2856879
12.95, 2856879
12.96, 2856879
12.97, 2856879
12.98, 2856879
12.99, 2856879
13.0, 2856879
13.01, 2856879
13.02, 2856879
13.03, 2856879
13.04, 2856879
13.05, 2856879
13.06, 2856879
13.07, 2856879
13.08, 2856879
13.09, 2856879
13.1, 2856879
13.11, 2856879
13.12, 2856879
13.13, 2856879
13.14, 2856879
13.15, 2856879
13.16, 2856879
13.17, 2856879
13.18, 2856879
13.19, 2856879
13.2, 2856879
13.21, 2856879
13.22, 2856879
13.23, 2856879
13.24, 2856879
13.25, 2856879
13.26, 2856879
13.27, 2856879
13.28, 2856879
13.29, 2856879
13.3, 2856879
13.31, 2856879
13.32, 2856879
13.33, 2856879
13.34, 2856879
13.35, 2856879
13.36, 2856879
13.37, 2856879
13.38, 2856879
13.39, 2856879
13.4, 2856879
13.41, 2856879
13.42, 2856879
13.43, 2856879
13.44, 2856879
13.45, 2856879
13.46, 2856879
13.47, 2856879
13.48, 2856879
13.49, 2856879
13.5, 2856879
13.51, 2856879
13.52, 2856879
13.53, 2856879
13.54, 2856879
13.55, 2856879
13.56, 2856879
13.57, 2856879
13.58, 2856879
13.59, 2856879
13.6, 2856879
13.61, 2856879
13.62, 2856879
13.63, 2856879
13.64, 2856879
13.65, 2856879
13.66, 2856879
13.67, 2856879
13.68, 2856879
13.69, 2856879
13.7, 2856879
13.71, 2856879
13.72, 2856879
13.73, 2856879
13.74, 2856879
13.75, 2856879
13.76, 2856879
13.77, 2856879
13.78, 2856879
13.79, 2856879
13.8, 2856879
13.81, 2856879
13.82, 2856879
13.83, 2856879
13.84, 2856879
13.85, 2856879
13.86, 2856879
13.87, 2856879
13.88, 2856879
13.89, 2856879
13.9, 2856879
13.91, 2856879
13.92, 2856879
13.93, 2856879
13.94, 2856879
13.95, 2856879
13.96, 2856879
13.97, 2856879
13.98, 2856879
13.99, 2856879
14.0, 2856879
14.01, 2856879
14.02, 2856879
14.03, 2856879
14.04, 2856879
14.05, 2856879
14.06, 2856879
14.07, 2856879
14.08, 2856879
14.09, 2856879
14.1, 2856879
14.11, 2856879
14.12, 2856879
14.13, 2856879
14.14, 2856879
14.15, 2856879
14.16, 2856879
14.17, 2856879
14.18, 2856879
14.19, 2856879
14.2, 2856879
14.21, 2856879
14.22, 2856879
14.23, 2856879
14.24, 2856879
14.25, 2856879
14.26, 2856879
14.27, 2856879
14.28, 2856879
14.29, 2856879
14.3, 2856879
14.31, 2856879
14.32, 2856879
14.33, 2856879
14.34, 2856879
14.35, 2856879
14.36, 2856879
14.37, 2856879
14.38, 2856879
14.39, 2856879
14.4, 2856879
14.41, 2856879
14.42, 2856879
14.43, 2856879
14.44, 2856879
14.45, 2856879
14.46, 2856879
14.47, 2856879
14.48, 2856879
14.49, 2856879
14.5, 2856879
14.51, 2856879
14.52, 2856879
14.53, 2856879
14.54, 2856879
14.55, 2856879
14.56, 2856879
14.57, 2856879
14.58, 2856879
14.59, 2856879
14.6, 2856879
14.61, 2856879
14.62, 2856879
14.63, 2856879
14.64, 2856879
14.65, 2856879
14.66, 2856879
14.67, 2856879
14.68, 2856879
14.69, 2856879
14.7, 2856879
14.71, 2856879
14.72, 2856879
14.73, 2856879
14.74, 2856879
14.75, 2856879
14.76, 2856879
14.77, 2856879
14.78, 2856879
14.79, 2856879
14.8, 2856879
14.81, 2856879
14.82, 2856879
14.83, 2856879
14.84, 2856879
14.85, 2856879
14.86, 2856879
14.87, 2856879
14.88, 2856879
14.89, 2856879
14.9, 2856879
14.91, 2856879
14.92, 2856879
14.93, 2856879
14.94, 2856879
14.95, 2856879
14.96, 2856879
14.97, 2856879
14.98, 2856879
14.99, 2856879
15.0, 2856879
15.01, 2856879
15.02, 2856879
15.03, 2856879
15.04, 2856879
15.05, 2856879
15.06, 2856879
15.07, 2856879
15.08, 2856879
15.09, 2856879
15.1, 2856879
15.11, 2856879
15.12, 2856879
15.13, 2856879
15.14, 2856879
15.15, 2856879
15.16, 2856879
15.17, 2856879
15.18, 2856879
15.19, 2856879
15.2, 2856879
15.21, 2856879
15.22, 2856879
15.23, 2856879
15.24, 2856879
15.25, 2856879
15.26, 2856879
15.27, 2856879
15.28, 2856879
15.29, 2856879
15.3, 2856879
15.31, 2856879
15.32, 2856879
15.33, 2856879
15.34, 2856879
15.35, 2856879
15.36, 2856879
15.37, 2856879
15.38, 2856879
15.39, 2856879
15.4, 2856879
15.41, 2856879
15.42, 2856879
15.43, 2856879
15.44, 2856879
15.45, 2856879
15.46, 2856879
15.47, 2856879
15.48, 2856879
15.49, 2856879
15.5, 2856879
15.51, 2856879
15.52, 2856879
15.53, 2856879
15.54, 2856879
15.55, 2856879
15.56, 2856879
15.57, 2856879
15.58, 2856879
15.59, 2856879
15.6, 2856879
15.61, 2856879
15.62, 2856879
15.63, 2856879
15.64, 2856879
15.65, 2856879
15.66, 2856879
15.67, 2856879
15.68, 2856879
15.69, 2856879
15.7, 2856879
15.71, 2856879
15.72, 2856879
15.73, 2856879
15.74, 2856879
15.75, 2856879
15.76, 2856879
15.77, 2856879
15.78, 2856879
15.79, 2856879
15.8, 2856879
15.81, 2856879
15.82, 2856879
15.83, 2856879
15.84, 2856879
15.85, 2856879
15.86, 2856879
15.87, 2856879
15.88, 2856879
15.89, 2856879
15.9, 2856879
15.91, 2856879
15.92, 2856879
15.93, 2856879
15.94, 2856879
15.95, 2856879
15.96, 2856879
15.97, 2856879
15.98, 2856879
15.99, 2856879
16.0, 2856879
16.01, 2856879
16.02, 2856879
16.03, 2856879
16.04, 2856879
16.05, 2856879
16.06, 2856879
16.07, 2856879
16.08, 2856879
16.09, 2856879
16.1, 2856879
16.11, 2856879
16.12, 2856879
16.13, 2856879
16.14, 2856879
16.15, 2856879
16.16, 2856879
16.17, 2856879
16.18, 2856879
16.19, 2856879
16.2, 2856879
16.21, 2856879
16.22, 2856879
16.23, 2856879
16.24, 2856879
16.25, 2856879
16.26, 2856879
16.27, 2856879
16.28, 2856879
16.29, 2856879
16.3, 2856879
16.31, 2856879
16.32, 2856879
16.33, 2856879
16.34, 2856879
16.35, 2856879
16.36, 2856879
16.37, 2856879
16.38, 2856879
16.39, 2856879
16.4, 2856879
16.41, 2856879
16.42, 2856879
16.43, 2856879
16.44, 2856879
16.45, 2856879
16.46, 2856879
16.47, 2856879
16.48, 2856879
16.49, 2856879
16.5, 2856879
16.51, 2856879
16.52, 2856879
16.53, 2856879
16.54, 2856879
16.55, 2856879
16.56, 2856879
16.57, 2856879
16.58, 2856879
16.59, 2856879
16.6, 2856879
16.61, 2856879
16.62, 2856879
16.63, 2856879
16.64, 2856879
16.65, 2856879
16.66, 2856879
16.67, 2856879
16.68, 2856879
16.69, 2856879
16.7, 2856879
16.71, 2856879
16.72, 2856879
16.73, 2856879
16.74, 2856879
16.75, 2856879
16.76, 2856879
16.77, 2856879
16.78, 2856879
16.79, 2856879
16.8, 2856879
16.81, 2856879
16.82, 2856879
16.83, 2856879
16.84, 2856879
16.85, 2856879
16.86, 2856879
16.87, 2856879
16.88, 2856879
16.89, 2856879
16.9, 2856879
16.91, 2856879
16.92, 2856879
16.93, 2856879
16.94, 2856879
16.95, 2856879
16.96, 2856879
16.97, 2856879
16.98, 2856879
16.99, 2856879
17.0, 2856879
17.01, 2856879
17.02, 2856879
17.03, 2856879
17.04, 2856879
17.05, 2856879
17.06, 2856879
17.07, 2856879
17.08, 2856879
17.09, 2856879
17.1, 2856879
17.11, 2856879
17.12, 2856879
17.13, 2856879
17.14, 2856879
17.15, 2856879
17.16, 2856879
17.17, 2856879
17.18, 2856879
17.19, 2856879
17.2, 2856879
17.21, 2856879
17.22, 2856879
17.23, 2856879
17.24, 2856879
17.25, 2856879
17.26, 2856879
17.27, 2856879
17.28, 2856879
17.29, 2856879
17.3, 2856879
17.31, 2856879
17.32, 2856879
17.33, 2856879
17.34, 2856879
17.35, 2856879
17.36, 2856879
17.37, 2780022
17.38, 2780022
17.39, 2780022
17.4, 2780022
17.41, 2780022
17.42, 2780022
17.43, 2780022
17.44, 2780022
17.45, 2780022
17.46, 2780022
17.47, 2780022
17.48, 2780022
17.49, 2780022
17.5, 2780022
17.51, 2780022
17.52, 2780022
17.53, 2780022
17.54, 2780022
17.55, 2780022
17.56, 2780022
17.57, 2780022
17.58, 2780022
17.59, 2780022
17.6, 2780022
17.61, 2780022
17.62, 2780022
17.63, 2780022
17.64, 2780022
17.65, 2780022
17.66, 2780022
17.67, 2780022
17.68, 2780022
17.69, 2780022
17.7, 2780022
17.71, 2780022
17.72, 2780022
17.73, 2780022
17.74, 2780022
17.75, 2780022
17.76, 2780022
17.77, 2780022
17.78, 2780022
17.79, 2780022
17.8, 2780022
17.81, 2780022
17.82, 2780022
17.83, 2780022
17.84, 2780022
17.85, 2780022
17.86, 2780022
17.87, 2780022
17.88, 2780022
17.89, 2780022
17.9, 2780022
17.91, 2780022
17.92, 2780022
17.93, 2780022
17.94, 2780022
17.95, 2780022
17.96, 2780022
17.97, 2780022
17.98, 2780022
17.99, 2780022
18.0, 2780022
18.01, 2780022
18.02, 2780022
18.03, 2780022
18.04, 2780022
18.05, 2780022
18.06, 2780022
18.07, 2780022
18.08, 2780022
18.09, 2780022
18.1, 2780022
18.11, 2780022
18.12, 2780022
18.13, 2780022
18.14, 2780022
18.15, 2780022
18.16, 2780022
18.17, 2780022
18.18, 2780022
18.19, 2780022
18.2, 2780022
18.21, 2780022
18.22, 2780022
18.23, 2780022
18.24, 2780022
18.25, 2780022
18.26, 2780022
18.27, 2780022
18.28, 2780022
18.29, 2780022
18.3, 2780022
18.31, 2780022
18.32, 2780022
18.33, 2780022
18.34, 2780022
18.35, 2780022
18.36, 2780022
18.37, 2780022
18.38, 2780022
18.39, 2780022
18.4, 2780022
18.41, 2780022
18.42, 2780022
18.43, 2780022
18.44, 2780022
18.45, 2780022
18.46, 2780022
18.47, 2780022
18.48, 2780022
18.49, 2780022
18.5, 2780022
18.51, 2780022
18.52, 2780022
18.53, 2780022
18.54, 2780022
18.55, 2780022
18.56, 2780022
18.57, 2780022
18.58, 2780022
18.59, 2780022
18.6, 2780022
18.61, 2780022
18.62, 2780022
18.63, 2780022
18.64, 2780022
18.65, 2780022
18.66, 2780022
18.67, 2780022
18.68, 2780022
18.69, 2780022
18.7, 2780022
18.71, 2780022
18.72, 2780022
18.73, 2780022
18.74, 2780022
18.75, 2780022
18.76, 2780022
18.77, 2780022
18.78, 2780022
18.79, 2780022
18.8, 2780022
18.81, 2780022
18.82, 2780022
18.83, 2780022
18.84, 2780022
18.85, 2780022
18.86, 2780022
18.87, 2780022
18.88, 2780022
18.89, 2780022
18.9, 2780022
18.91, 2780022
18.92, 2780022
18.93, 2780022
18.94, 2780022
18.95, 2780022
18.96, 2780022
18.97, 2780022
18.98, 2780022
18.99, 2780022
19.0, 2780022
19.01, 2780022
19.02, 2780022
19.03, 2780022
19.04, 2780022
19.05, 2780022
19.06, 2780022
19.07, 2780022
19.08, 2780022
19.09, 2780022
19.1, 2780022
19.11, 2780022
19.12, 2780022
19.13, 2780022
19.14, 2780022
19.15, 2780022
19.16, 2780022
19.17, 2780022
19.18, 2780022
19.19, 2780022
19.2, 2780022
19.21, 2780022
19.22, 2780022
19.23, 2780022
19.24, 2780022
19.25, 2780022
19.26, 2780022
19.27, 2780022
19.28, 2780022
19.29, 2780022
19.3, 2780022
19.31, 2780022
19.32, 2780022
19.33, 2780022
19.34, 2780022
19.35, 2780022
19.36, 2780022
19.37, 2780022
19.38, 2780022
19.39, 2780022
19.4, 2780022
19.41, 2780022
19.42, 2780022
19.43, 2780022
19.44, 2780022
19.45, 2780022
19.46, 2780022
19.47, 2780022
19.48, 2780022
19.49, 2780022
19.5, 2780022
19.51, 2780022
19.52, 2780022
19.53, 2780022
19.54, 2780022
19.55, 2780022
19.56, 2780022
19.57, 2780022
19.58, 2780022
19.59, 2780022
19.6, 2780022
19.61, 2780022
19.62, 2780022
19.63, 2780022
19.64, 2780022
19.65, 2780022
19.66, 2780022
19.67, 2780022
19.68, 2780022
19.69, 2780022
19.7, 2780022
19.71, 2780022
19.72, 2780022
19.73, 2780022
19.74, 2780022
19.75, 2780022
19.76, 2780022
19.77, 2780022
19.78, 2780022
19.79, 2780022
19.8, 2780022
19.81, 2780022
19.82, 2780022
19.83, 2780022
19.84, 2780022
19.85, 2780022
19.86, 2780022
19.87, 2780022
19.88, 2780022
19.89, 2780022
19.9, 2780022
19.91, 2780022
19.92, 2780022
19.93, 2780022
19.94, 2780022
19.95, 2780022
19.96, 2780022
19.97, 2780022
19.98, 2780022
19.99, 2780022
20.0, 2780022
20.01, 2780022
20.02, 2780022
20.03, 2780022
20.04, 2780022
20.05, 2780022
20.06, 2780022
20.07, 2780022
20.08, 2780022
20.09, 2780022
20.1, 2780022
20.11, 2780022
20.12, 2780022
20.13, 2780022
20.14, 2780022
20.15, 2780022
20.16, 2780022
20.17, 2780022
20.18, 2780022
20.19, 2780022
20.2, 2780022
20.21, 2780022
20.22, 2780022
20.23, 2780022
20.24, 2780022
20.25, 2780022
20.26, 2780022
20.27, 2780022
20.28, 2780022
20.29, 2780022
20.3, 2780022
20.31, 2780022
20.32, 2780022
20.33, 2780022
20.34, 2780022
20.35, 2780022
20.36, 2780022
20.37, 2780022
20.38, 2780022
20.39, 2780022
20.4, 2780022
20.41, 2780022
20.42, 2780022
20.43, 2780022
20.44, 2780022
20.45, 2780022
20.46, 2780022
20.47, 2780022
20.48, 2780022
20.49, 2780022
20.5, 2780022
20.51, 2780022
20.52, 2780022
20.53, 2780022
20.54, 2780022
20.55, 2780022
20.56, 2780022
20.57, 2780022
20.58, 2780022
20.59, 2780022
20.6, 2780022
20.61, 2780022
20.62, 2780022
20.63, 2780022
20.64, 2780022
20.65, 2780022
20.66, 2780022
20.67, 2780022
20.68, 2780022
20.69, 2780022
20.7, 2780022
20.71, 2780022
20.72, 2780022
20.73, 2780022
20.74, 2780022
20.75, 2780022
20.76, 2780022
20.77, 2780022
20.78, 2780022
20.79, 2780022
20.8, 2780022
20.81, 2780022
20.82, 2780022
20.83, 2780022
20.84, 2780022
20.85, 2780022
20.86, 2780022
20.87, 2780022
20.88, 2780022
20.89, 2780022
20.9, 2780022
20.91, 2780022
20.92, 2780022
20.93, 2780022
20.94, 2780022
20.95, 2780022
20.96, 2780022
20.97, 2780022
20.98, 2780022
20.99, 2780022
21.0, 2780022
21.01, 2780022
21.02, 2780022
21.03, 2780022
21.04, 2780022
21.05, 2780022
21.06, 2780022
21.07, 2780022
21.08, 2780022
21.09, 2780022
21.1, 2780022
21.11, 2780022
21.12, 2780022
21.13, 2780022
21.14, 2780022
21.15, 2780022
21.16, 2780022
21.17, 2780022
21.18, 2780022
21.19, 2780022
21.2, 2780022
21.21, 2780022
21.22, 2780022
21.23, 2780022
21.24, 2780022
21.25, 2780022
21.26, 2780022
21.27, 2780022
21.28, 2780022
21.29, 2780022
21.3, 2780022
21.31, 2780022
21.32, 2780022
21.33, 2780022
21.34, 2780022
21.35, 2780022
21.36, 2780022
21.37, 2780022
21.38, 2780022
21.39, 2780022
21.4, 2780022
21.41, 2780022
21.42, 2780022
21.43, 2780022
21.44, 2780022
21.45, 2780022
21.46, 2780022
21.47, 2780022
21.48, 2780022
21.49, 2780022
21.5, 2780022
21.51, 2780022
21.52, 2780022
21.53, 2780022
21.54, 2780022
21.55, 2780022
21.56, 2780022
21.57, 2780022
21.58, 2780022
21.59, 2780022
21.6, 2780022
21.61, 2780022
21.62, 2780022
21.63, 2780022
21.64, 2780022
21.65, 2780022
21.66, 2780022
21.67, 2780022
21.68, 2780022
21.69, 2780022
21.7, 2780022
21.71, 2780022
21.72, 2780022
21.73, 2780022
21.74, 2780022
21.75, 2780022
21.76, 2780022
21.77, 2780022
21.78, 2780022
21.79, 2780022
21.8, 2780022
21.81, 2780022
21.82, 2780022
21.83, 2780022
21.84, 2780022
21.85, 2780022
21.86, 2780022
21.87, 2780022
21.88, 2780022
21.89, 2780022
21.9, 2780022
21.91, 2780022
21.92, 2780022
21.93, 2780022
21.94, 2780022
21.95, 2780022
21.96, 2780022
21.97, 2780022
21.98, 2780022
21.99, 2780022
22.0, 2780022
22.01, 2780022
22.02, 2780022
22.03, 2780022
22.04, 2780022
22.05, 2780022
22.06, 2780022
22.07, 2780022
22.08, 2780022
22.09, 2780022
22.1, 2780022
22.11, 2780022
22.12, 2780022
22.13, 2780022
22.14, 2780022
22.15, 2780022
22.16, 2780022
22.17, 2780022
22.18, 2780022
22.19, 2780022
22.2, 2780022
22.21, 2780022
22.22, 2780022
22.23, 2780022
22.24, 2780022
22.25, 2780022
22.26, 2780022
22.27, 2780022
22.28, 2780022
22.29, 2780022
22.3, 2780022
22.31, 2780022
22.32, 2780022
22.33, 2780022
22.34, 2780022
22.35, 2780022
22.36, 2780022
22.37, 2780022
22.38, 2780022
22.39, 2780022
22.4, 2780022
22.41, 2780022
22.42, 2780022
22.43, 2780022
22.44, 2780022
22.45, 2780022
22.46, 2780022
22.47, 2780022
22.48, 2780022
22.49, 2780022
22.5, 2780022
22.51, 2780022
22.52, 2780022
22.53, 2780022
22.54, 2780022
22.55, 2780022
22.56, 2780022
22.57, 2780022
22.58, 2780022
22.59, 2780022
22.6, 2780022
22.61, 2780022
22.62, 2780022
22.63, 2780022
22.64, 2780022
22.65, 2780022
22.66, 2780022
22.67, 2780022
22.68, 2780022
22.69, 2780022
22.7, 2780022
22.71, 2780022
22.72, 2780022
22.73, 2780022
22.74, 2780022
22.75, 2780022
22.76, 2780022
22.77, 2780022
22.78, 2780022
22.79, 2780022
22.8, 2780022
22.81, 2780022
22.82, 2780022
22.83, 2780022
22.84, 2780022
22.85, 2780022
22.86, 2780022
22.87, 2780022
22.88, 2780022
22.89, 2780022
22.9, 2780022
22.91, 2780022
22.92, 2780022
22.93, 2780022
22.94, 2780022
22.95, 2780022
22.96, 2780022
22.97, 2780022
22.98, 2780022
22.99, 2780022
23.0, 2780022
23.01, 2780022
23.02, 2780022
23.03, 2780022
23.04, 2780022
23.05, 2780022
23.06, 2780022
23.07, 2780022
23.08, 2780022
23.09, 2780022
23.1, 2780022
23.11, 2780022
23.12, 2780022
23.13, 2780022
23.14, 2780022
23.15, 2780022
23.16, 2780022
23.17, 2780022
23.18, 2780022
23.19, 2780022
23.2, 2780022
23.21, 2780022
23.22, 2780022
23.23, 2780022
23.24, 2780022
23.25, 2780022
23.26, 2780022
23.27, 2780022
23.28, 2780022
23.29, 2780022
23.3, 2780022
23.31, 2780022
23.32, 2780022
23.33, 2780022
23.34, 2780022
23.35, 2780022
23.36, 2780022
23.37, 2780022
23.38, 2780022
23.39, 2780022
23.4, 2780022
23.41, 2780022
23.42, 2780022
23.43, 2780022
23.44, 2780022
23.45, 2780022
23.46, 2780022
23.47, 2780022
23.48, 2780022
23.49, 2780022
23.5, 2780022
23.51, 2780022
23.52, 2780022
23.53, 2780022
23.54, 2780022
23.55, 2780022
23.56, 2780022
23.57, 2780022
23.58, 2780022
23.59, 2780022
23.6, 2780022
23.61, 2780022
23.62, 2780022
23.63, 2780022
23.64, 2780022
23.65, 2780022
23.66, 2780022
23.67, 2780022
23.68, 2780022
23.69, 2780022
23.7, 2780022
23.71, 2780022
23.72, 2780022
23.73, 2780022
23.74, 2780022
23.75, 2780022
23.76, 2780022
23.77, 2780022
23.78, 2780022
23.79, 2780022
23.8, 2780022
23.81, 2780022
23.82, 2780022
23.83, 2780022
23.84, 2780022
23.85, 2780022
23.86, 2780022
23.87, 2780022
23.88, 2780022
23.89, 2780022
23.9, 2780022
23.91, 2780022
23.92, 2780022
23.93, 2780022
23.94, 2780022
23.95, 2780022
23.96, 2780022
23.97, 2780022
23.98, 2780022
23.99, 2780022
24.0, 2780022
24.01, 2780022
24.02, 2780022
24.03, 2780022
24.04, 2780022
24.05, 2780022
24.06, 2780022
24.07, 2780022
24.08, 2780022
24.09, 2780022
24.1, 2780022
24.11, 2780022
24.12, 2780022
24.13, 2780022
24.14, 2780022
24.15, 2780022
24.16, 2780022
24.17, 2780022
24.18, 2780022
24.19, 2780022
24.2, 2780022
24.21, 2780022
24.22, 2780022
24.23, 2780022
24.24, 2780022
24.25, 2780022
24.26, 2780022
24.27, 2780022
24.28, 2780022
24.29, 2780022
24.3, 2780022
24.31, 2780022
24.32, 2780022
24.33, 2780022
24.34, 2780022
24.35, 2780022
24.36, 2780022
24.37, 2780022
24.38, 2780022
24.39, 2780022
24.4, 2780022
24.41, 2780022
24.42, 2780022
24.43, 2780022
24.44, 2780022
24.45, 2780022
24.46, 2780022
24.47, 2780022
24.48, 2780022
24.49, 2780022
24.5, 2780022
24.51, 2780022
24.52, 2780022
24.53, 2780022
24.54, 2780022
24.55, 2780022
24.56, 2780022
24.57, 2780022
24.58, 2780022
24.59, 2780022
24.6, 2780022
24.61, 2780022
24.62, 2780022
24.63, 2780022
24.64, 2780022
24.65, 2780022
24.66, 2780022
24.67, 2780022
24.68, 2780022
24.69, 2780022
24.7, 2780022
24.71, 2780022
24.72, 2780022
24.73, 2780022
24.74, 2780022
24.75, 2780022
24.76, 2780022
24.77, 2780022
24.78, 2780022
24.79, 2780022
24.8, 2780022
24.81, 2780022
24.82, 2780022
24.83, 2780022
24.84, 2780022
24.85, 2780022
24.86, 2780022
24.87, 2780022
24.88, 2780022
24.89, 2780022
24.9, 2780022
24.91, 2780022
24.92, 2780022
24.93, 2780022
24.94, 2780022
24.95, 2780022
24.96, 2780022
24.97, 2780022
24.98, 2780022
24.99, 2780022
25.0, 2780022
25.01, 2780022
25.02, 2780022
25.03, 2780022
25.04, 2780022
25.05, 2780022
25.06, 2780022
25.07, 2780022
25.08, 2780022
25.09, 2780022
25.1, 2780022
25.11, 2780022
25.12, 2780022
25.13, 2780022
25.14, 2780022
25.15, 2780022
25.16, 2780022
25.17, 2780022
25.18, 2780022
25.19, 2780022
25.2, 2780022
25.21, 2780022
25.22, 2780022
25.23, 2780022
25.24, 2780022
25.25, 2780022
25.26, 2780022
25.27, 2780022
25.28, 2780022
25.29, 2780022
25.3, 2780022
25.31, 2780022
25.32, 2780022
25.33, 2780022
25.34, 2780022
25.35, 2780022
25.36, 2780022
25.37, 2780022
25.38, 2780022
25.39, 2780022
25.4, 2780022
25.41, 2780022
25.42, 2780022
25.43, 2780022
25.44, 2780022
25.45, 2780022
25.46, 2780022
25.47, 2780022
25.48, 2780022
25.49, 2780022
25.5, 2780022
25.51, 2780022
25.52, 2780022
25.53, 2780022
25.54, 2780022
25.55, 2780022
25.56, 2780022
25.57, 2780022
25.58, 2780022
25.59, 2780022
25.6, 2780022
25.61, 2780022
25.62, 2780022
25.63, 2780022
25.64, 2780022
25.65, 2780022
25.66, 2780022
25.67, 2780022
25.68, 2780022
25.69, 2780022
25.7, 2780022
25.71, 2780022
25.72, 2780022
25.73, 2780022
25.74, 2780022
25.75, 2780022
25.76, 2780022
25.77, 2780022
25.78, 2780022
25.79, 2780022
25.8, 2780022
25.81, 2780022
25.82, 2780022
25.83, 2780022
25.84, 2780022
25.85, 2780022
25.86, 2780022
25.87, 2780022
25.88, 2780022
25.89, 2780022
25.9, 2780022
25.91, 2780022
25.92, 2780022
25.93, 2780022
25.94, 2780022
25.95, 2780022
25.96, 2780022
25.97, 2780022
25.98, 2780022
25.99, 2780022
26.0, 2780022
26.01, 2780022
26.02, 2780022
26.03, 2780022
26.04, 2780022
26.05, 2780022
26.06, 2780022
26.07, 2780022
26.08, 2780022
26.09, 2780022
26.1, 2780022
26.11, 2780022
26.12, 2780022
26.13, 2780022
26.14, 2780022
26.15, 2780022
26.16, 2780022
26.17, 2780022
26.18, 2780022
26.19, 2780022
26.2, 2780022
26.21, 2780022
26.22, 2780022
26.23, 2780022
26.24, 2780022
26.25, 2780022
26.26, 2780022
26.27, 2780022
26.28, 2780022
26.29, 2780022
26.3, 2780022
26.31, 2780022
26.32, 2780022
26.33, 2780022
26.34, 2780022
26.35, 2780022
26.36, 2780022
26.37, 2780022
26.38, 2780022
26.39, 2780022
26.4, 2780022
26.41, 2780022
26.42, 2780022
26.43, 2780022
26.44, 2780022
26.45, 2780022
26.46, 2780022
26.47, 2780022
26.48, 2780022
26.49, 2780022
26.5, 2780022
26.51, 2780022
26.52, 2780022
26.53, 2780022
26.54, 2780022
26.55, 2780022
26.56, 2780022
26.57, 2780022
26.58, 2780022
26.59, 2780022
26.6, 2780022
26.61, 2780022
26.62, 2780022
26.63, 2780022
26.64, 2780022
26.65, 2780022
26.66, 2780022
26.67, 2780022
26.68, 2780022
26.69, 2780022
26.7, 2780022
26.71, 2780022
26.72, 2780022
26.73, 2780022
26.74, 2780022
26.75, 2780022
26.76, 2780022
26.77, 2780022
26.78, 2780022
26.79, 2780022
26.8, 2780022
26.81, 2780022
26.82, 2780022
26.83, 2780022
26.84, 2780022
26.85, 2780022
26.86, 2780022
26.87, 2780022
26.88, 2780022
26.89, 2780022
26.9, 2780022
26.91, 2780022
26.92, 2780022
26.93, 2780022
26.94, 2780022
26.95, 2780022
26.96, 2780022
26.97, 2780022
26.98, 2780022
26.99, 2780022
27.0, 2780022
27.01, 2780022
27.02, 2780022
27.03, 2780022
27.04, 2780022
27.05, 2780022
27.06, 2780022
27.07, 2780022
27.08, 2780022
27.09, 2780022
27.1, 2780022
27.11, 2780022
27.12, 2780022
27.13, 2780022
27.14, 2780022
27.15, 2780022
27.16, 2780022
27.17, 2780022
27.18, 2780022
27.19, 2780022
27.2, 2780022
27.21, 2780022
27.22, 2780022
27.23, 2780022
27.24, 2780022
27.25, 2780022
27.26, 2780022
27.27, 2780022
27.28, 2780022
27.29, 2780022
27.3, 2780022
27.31, 2780022
27.32, 2780022
27.33, 2780022
27.34, 2780022
27.35, 2780022
27.36, 2780022
27.37, 2780022
27.38, 2780022
27.39, 2780022
27.4, 2780022
27.41, 2780022
27.42, 2780022
27.43, 2780022
27.44, 2780022
27.45, 2780022
27.46, 2780022
27.47, 2780022
27.48, 2780022
27.49, 2780022
27.5, 2780022
27.51, 2780022
27.52, 2780022
27.53, 2780022
27.54, 2780022
27.55, 2780022
27.56, 2780022
27.57, 2780022
27.58, 2780022
27.59, 2780022
27.6, 2780022
27.61, 2780022
27.62, 2780022
27.63, 2780022
27.64, 2780022
27.65, 2780022
27.66, 2780022
27.67, 2780022
27.68, 2780022
27.69, 2780022
27.7, 2780022
27.71, 2780022
27.72, 2780022
27.73, 2780022
27.74, 2780022
27.75, 2780022
27.76, 2780022
27.77, 2780022
27.78, 2780022
27.79, 2780022
27.8, 2780022
27.81, 2780022
27.82, 2780022
27.83, 2780022
27.84, 2780022
27.85, 2780022
27.86, 2780022
27.87, 2780022
27.88, 2780022
27.89, 2780022
27.9, 2780022
27.91, 2780022
27.92, 2780022
27.93, 2780022
27.94, 2780022
27.95, 2780022
27.96, 2780022
27.97, 2780022
27.98, 2780022
27.99, 2780022
28.0, 2780022
28.01, 2780022
28.02, 2780022
28.03, 2780022
28.04, 2780022
28.05, 2780022
28.06, 2780022
28.07, 2780022
28.08, 2780022
28.09, 2780022
28.1, 2780022
28.11, 2780022
28.12, 2780022
28.13, 2780022
28.14, 2780022
28.15, 2780022
28.16, 2780022
28.17, 2780022
28.18, 2780022
28.19, 2780022
28.2, 2780022
28.21, 2780022
28.22, 2780022
28.23, 2780022
28.24, 2780022
28.25, 2780022
28.26, 2780022
28.27, 2780022
28.28, 2780022
28.29, 2780022
28.3, 2780022
28.31, 2780022
28.32, 2780022
28.33, 2780022
28.34, 2780022
28.35, 2780022
28.36, 2780022
28.37, 2780022
28.38, 2780022
28.39, 2780022
28.4, 2780022
28.41, 2780022
28.42, 2780022
28.43, 2780022
28.44, 2780022
28.45, 2780022
28.46, 2780022
28.47, 2780022
28.48, 2780022
28.49, 2780022
28.5, 2780022
28.51, 2780022
28.52, 2780022
28.53, 2780022
28.54, 2780022
28.55, 2780022
28.56, 2780022
28.57, 2780022
28.58, 2780022
28.59, 2780022
28.6, 2780022
28.61, 2780022
28.62, 2780022
28.63, 2780022
28.64, 2780022
28.65, 2780022
28.66, 2780022
28.67, 2780022
28.68, 2780022
28.69, 2780022
28.7, 2780022
28.71, 2780022
28.72, 2780022
28.73, 2780022
28.74, 2780022
28.75, 2780022
28.76, 2780022
28.77, 2780022
28.78, 2780022
28.79, 2780022
28.8, 2780022
28.81, 2780022
28.82, 2780022
28.83, 2780022
28.84, 2780022
28.85, 2780022
28.86, 2780022
28.87, 2780022
28.88, 2780022
28.89, 2780022
28.9, 2780022
28.91, 2780022
28.92, 2780022
28.93, 2780022
28.94, 2780022
28.95, 2780022
28.96, 2780022
28.97, 2780022
28.98, 2780022
28.99, 2780022
29.0, 2780022
29.01, 2780022
29.02, 2780022
29.03, 2780022
29.04, 2780022
29.05, 2780022
29.06, 2780022
29.07, 2780022
29.08, 2780022
29.09, 2780022
29.1, 2780022
29.11, 2780022
29.12, 2780022
29.13, 2780022
29.14, 2780022
29.15, 2780022
29.16, 2780022
29.17, 2780022
29.18, 2780022
29.19, 2780022
29.2, 2780022
29.21, 2780022
29.22, 2780022
29.23, 2780022
29.24, 2780022
29.25, 2780022
29.26, 2780022
29.27, 2780022
29.28, 2780022
29.29, 2780022
29.3, 2780022
29.31, 2780022
29.32, 2780022
29.33, 2780022
29.34, 2780022
29.35, 2780022
29.36, 2780022
29.37, 2780022
29.38, 2780022
29.39, 2780022
29.4, 2780022
29.41, 2780022
29.42, 2780022
29.43, 2780022
29.44, 2780022
29.45, 2780022
29.46, 2780022
29.47, 2780022
29.48, 2780022
29.49, 2780022
29.5, 2780022
29.51, 2780022
29.52, 2780022
29.53, 2780022
29.54, 2780022
29.55, 2780022
29.56, 2780022
29.57, 2780022
29.58, 2780022
29.59, 2780022
29.6, 2780022
29.61, 2780022
29.62, 2780022
29.63, 2780022
29.64, 2780022
29.65, 2780022
29.66, 2780022
29.67, 2780022
29.68, 2780022
29.69, 2780022
29.7, 2780022
29.71, 2780022
29.72, 2780022
29.73, 2780022
29.74, 2780022
29.75, 2780022
29.76, 2780022
29.77, 2780022
29.78, 2780022
29.79, 2780022
29.8, 2780022
29.81, 2780022
29.82, 2780022
29.83, 2780022
29.84, 2780022
29.85, 2780022
29.86, 2780022
29.87, 2780022
29.88, 2780022
29.89, 2780022
29.9, 2780022
29.91, 2780022
29.92, 2780022
29.93, 2780022
29.94, 2780022
29.95, 2780022
29.96, 2780022
29.97, 2780022
29.98, 2780022
29.99, 2780022
30.0, 2780022
30.01, 2780022
30.02, 2780022
30.03, 2780022
30.04, 2780022
30.05, 2780022
30.06, 2780022
30.07, 2780022
30.08, 2780022
30.09, 2780022
30.1, 2780022
30.11, 2780022
30.12, 2780022
30.13, 2780022
30.14, 2780022
30.15, 2780022
30.16, 2780022
30.17, 2780022
30.18, 2780022
30.19, 2780022
30.2, 2780022
30.21, 2780022
30.22, 2780022
30.23, 2780022
30.24, 2780022
30.25, 2780022
30.26, 2780022
30.27, 2780022
30.28, 2780022
30.29, 2780022
30.3, 2780022
30.31, 2780022
30.32, 2780022
30.33, 2780022
30.34, 2780022
30.35, 2780022
30.36, 2780022
30.37, 2780022
30.38, 2780022
30.39, 2780022
30.4, 2780022
30.41, 2780022
30.42, 2780022
30.43, 2780022
30.44, 2780022
30.45, 2780022
30.46, 2780022
30.47, 2780022
30.48, 2780022
30.49, 2780022
30.5, 2780022
30.51, 2780022
30.52, 2780022
30.53, 2780022
30.54, 2780022
30.55, 2780022
30.56, 2780022
30.57, 2780022
30.58, 2780022
30.59, 2780022
30.6, 2780022
30.61, 2780022
30.62, 2780022
30.63, 2780022
30.64, 2780022
30.65, 2780022
30.66, 2780022
30.67, 2780022
30.68, 2780022
30.69, 2780022
30.7, 2780022
30.71, 2780022
30.72, 2780022
30.73, 2780022
30.74, 2780022
30.75, 2780022
30.76, 2780022
30.77, 2780022
30.78, 2780022
30.79, 2780022
30.8, 2780022
30.81, 2780022
30.82, 2780022
30.83, 2780022
30.84, 2780022
30.85, 2780022
30.86, 2780022
30.87, 2780022
30.88, 2780022
30.89, 2780022
30.9, 2780022
30.91, 2780022
30.92, 2780022
30.93, 2780022
30.94, 2780022
30.95, 2780022
30.96, 2780022
30.97, 2780022
30.98, 2780022
30.99, 2780022
31.0, 2780022
31.01, 2780022
31.02, 2780022
31.03, 2780022
31.04, 2780022
31.05, 2780022
31.06, 2780022
31.07, 2780022
31.08, 2780022
31.09, 2780022
31.1, 2780022
31.11, 2780022
31.12, 2780022
31.13, 2780022
31.14, 2780022
31.15, 2780022
31.16, 2780022
31.17, 2780022
31.18, 2780022
31.19, 2780022
31.2, 2780022
31.21, 2780022
31.22, 2780022
31.23, 2780022
31.24, 2780022
31.25, 2780022
31.26, 2780022
31.27, 2780022
31.28, 2780022
31.29, 2780022
31.3, 2780022
31.31, 2780022
31.32, 2780022
31.33, 2780022
31.34, 2780022
31.35, 2780022
31.36, 2780022
31.37, 2780022
31.38, 2780022
31.39, 2780022
31.4, 2780022
31.41, 2780022
31.42, 2780022
31.43, 2780022
31.44, 2780022
31.45, 2780022
31.46, 2780022
31.47, 2780022
31.48, 2780022
31.49, 2780022
31.5, 2780022
31.51, 2780022
31.52, 2780022
31.53, 2780022
31.54, 2780022
31.55, 2780022
31.56, 2780022
31.57, 2780022
31.58, 2780022
31.59, 2780022
31.6, 2780022
31.61, 2780022
31.62, 2780022
31.63, 2780022
31.64, 2780022
31.65, 2780022
31.66, 2780022
31.67, 2780022
31.68, 2780022
31.69, 2780022
31.7, 2780022
31.71, 2780022
31.72, 2780022
31.73, 2780022
31.74, 2780022
31.75, 2780022
31.76, 2780022
31.77, 2780022
31.78, 2780022
31.79, 2780022
31.8, 2780022
31.81, 2780022
31.82, 2780022
31.83, 2780022
31.84, 2780022
31.85, 2780022
31.86, 2780022
31.87, 2780022
31.88, 2780022
31.89, 2780022
31.9, 2780022
31.91, 2780022
31.92, 2780022
31.93, 2780022
31.94, 2780022
31.95, 2780022
31.96, 2780022
31.97, 2780022
31.98, 2780022
31.99, 2780022
32.0, 2780022
32.01, 2780022
32.02, 2780022
32.03, 2780022
32.04, 2780022
32.05, 2780022
32.06, 2780022
32.07, 2780022
32.08, 2780022
32.09, 2780022
32.1, 2780022
32.11, 2780022
32.12, 2780022
32.13, 2780022
32.14, 2780022
32.15, 2780022
32.16, 2780022
32.17, 2780022
32.18, 2780022
32.19, 2780022
32.2, 2780022
32.21, 2780022
32.22, 2780022
32.23, 2780022
32.24, 2780022
32.25, 2780022
32.26, 2780022
32.27, 2780022
32.28, 2780022
32.29, 2780022
32.3, 2780022
32.31, 2780022
32.32, 2780022
32.33, 2780022
32.34, 2780022
32.35, 2780022
32.36, 2780022
32.37, 2780022
32.38, 2780022
32.39, 2780022
32.4, 2780022
32.41, 2780022
32.42, 2780022
32.43, 2780022
32.44, 2780022
32.45, 2780022
32.46, 2780022
32.47, 2780022
32.48, 2780022
32.49, 2780022
32.5, 2780022
32.51, 2780022
32.52, 2780022
32.53, 2780022
32.54, 2780022
32.55, 2780022
32.56, 2780022
32.57, 2780022
32.58, 2780022
32.59, 2780022
32.6, 2780022
32.61, 2780022
32.62, 2780022
32.63, 2780022
32.64, 2780022
32.65, 2780022
32.66, 2780022
32.67, 2780022
32.68, 2780022
32.69, 2780022
32.7, 2780022
32.71, 2780022
32.72, 2780022
32.73, 2780022
32.74, 2780022
32.75, 2780022
32.76, 2780022
32.77, 2780022
32.78, 2780022
32.79, 2780022
32.8, 2780022
32.81, 2780022
32.82, 2780022
32.83, 2780022
32.84, 2780022
32.85, 2780022
32.86, 2780022
32.87, 2780022
32.88, 2780022
32.89, 2780022
32.9, 2780022
32.91, 2780022
32.92, 2780022
32.93, 2780022
32.94, 2780022
32.95, 2780022
32.96, 2780022
32.97, 2780022
32.98, 2780022
32.99, 2780022
33.0, 2780022
33.01, 2780022
33.02, 2780022
33.03, 2780022
33.04, 2780022
33.05, 2780022
33.06, 2780022
33.07, 2780022
33.08, 2780022
33.09, 2780022
33.1, 2780022
33.11, 2780022
33.12, 2780022
33.13, 2780022
33.14, 2780022
33.15, 2780022
33.16, 2780022
33.17, 2780022
33.18, 2780022
33.19, 2780022
33.2, 2780022
33.21, 2780022
33.22, 2780022
33.23, 2780022
33.24, 2780022
33.25, 2780022
33.26, 2780022
33.27, 2780022
33.28, 2780022
33.29, 2780022
33.3, 2780022
33.31, 2780022
33.32, 2780022
33.33, 2780022
33.34, 2780022
33.35, 2780022
33.36, 2780022
33.37, 2780022
33.38, 2780022
33.39, 2780022
33.4, 2780022
33.41, 2780022
33.42, 2780022
33.43, 2780022
33.44, 2780022
33.45, 2780022
33.46, 2780022
33.47, 2780022
33.48, 2780022
33.49, 2780022
33.5, 2780022
33.51, 2780022
33.52, 2780022
33.53, 2780022
33.54, 2780022
33.55, 2780022
33.56, 2780022
33.57, 2780022
33.58, 2780022
33.59, 2780022
33.6, 2780022
33.61, 2780022
33.62, 2780022
33.63, 2780022
33.64, 2780022
33.65, 2780022
33.66, 2780022
33.67, 2780022
33.68, 2780022
33.69, 2780022
33.7, 2780022
33.71, 2780022
33.72, 2780022
33.73, 2780022
33.74, 2780022
33.75, 2780022
33.76, 2780022
33.77, 2780022
33.78, 2780022
33.79, 2780022
33.8, 2780022
33.81, 2780022
33.82, 2780022
33.83, 2780022
33.84, 2780022
33.85, 2780022
33.86, 2780022
33.87, 2780022
33.88, 2780022
33.89, 2780022
33.9, 2780022
33.91, 2780022
33.92, 2780022
33.93, 2780022
33.94, 2780022
33.95, 2780022
33.96, 2780022
33.97, 2780022
33.98, 2780022
33.99, 2780022
34.0, 2780022
34.01, 2780022
34.02, 2780022
34.03, 2780022
34.04, 2780022
34.05, 2780022
34.06, 2780022
34.07, 2780022
34.08, 2780022
34.09, 2780022
34.1, 2780022
34.11, 2780022
34.12, 2780022
34.13, 2780022
34.14, 2780022
34.15, 2780022
34.16, 2780022
34.17, 2780022
34.18, 2780022
34.19, 2780022
34.2, 2780022
34.21, 2780022
34.22, 2780022
34.23, 2780022
34.24, 2780022
34.25, 2780022
34.26, 2780022
34.27, 2780022
34.28, 2780022
34.29, 2780022
34.3, 2780022
34.31, 2780022
34.32, 2780022
34.33, 2780022
34.34, 2780022
34.35, 2780022
34.36, 2780022
34.37, 2780022
34.38, 2780022
34.39, 2780022
34.4, 2780022
34.41, 2780022
34.42, 2780022
34.43, 2780022
34.44, 2780022
34.45, 2780022
34.46, 2780022
34.47, 2780022
34.48, 2780022
34.49, 2780022
34.5, 2780022
34.51, 2780022
34.52, 2780022
34.53, 2780022
34.54, 2780022
34.55, 2780022
34.56, 2780022
34.57, 2780022
34.58, 2780022
34.59, 2780022
34.6, 2780022
34.61, 2780022
34.62, 2780022
34.63, 2780022
34.64, 2780022
34.65, 2780022
34.66, 2780022
34.67, 2780022
34.68, 2780022
34.69, 2780022
34.7, 2780022
34.71, 2780022
34.72, 2780022
34.73, 2780022
34.74, 2780022
34.75, 2780022
34.76, 2780022
34.77, 2780022
34.78, 2780022
34.79, 2780022
34.8, 2780022
34.81, 2780022
34.82, 2780022
34.83, 2780022
34.84, 2780022
34.85, 2780022
34.86, 2780022
34.87, 2780022
34.88, 2780022
34.89, 2780022
34.9, 2780022
34.91, 2780022
34.92, 2780022
34.93, 2780022
34.94, 2780022
34.95, 2780022
34.96, 2780022
34.97, 2780022
34.98, 2780022
34.99, 2780022
35.0, 2780022
35.01, 2780022
35.02, 2780022
35.03, 2780022
35.04, 2780022
35.05, 2780022
35.06, 2780022
35.07, 2780022
35.08, 2780022
35.09, 2780022
35.1, 2780022
35.11, 2780022
35.12, 2780022
35.13, 2780022
35.14, 2780022
35.15, 2780022
35.16, 2780022
35.17, 2780022
35.18, 2780022
35.19, 2780022
35.2, 2780022
35.21, 2780022
35.22, 2780022
35.23, 2780022
35.24, 2780022
35.25, 2780022
35.26, 2780022
35.27, 2780022
35.28, 2780022
35.29, 2780022
35.3, 2780022
35.31, 2780022
35.32, 2780022
35.33, 2780022
35.34, 2780022
35.35, 2780022
35.36, 2780022
35.37, 2780022
35.38, 2780022
35.39, 2780022
35.4, 2780022
35.41, 2780022
35.42, 2780022
35.43, 2780022
35.44, 2780022
35.45, 2780022
35.46, 2780022
35.47, 2780022
35.48, 2780022
35.49, 2780022
35.5, 2780022
35.51, 2780022
35.52, 2780022
35.53, 2780022
35.54, 2780022
35.55, 2780022
35.56, 2780022
35.57, 2780022
35.58, 2780022
35.59, 2780022
35.6, 2780022
35.61, 2780022
35.62, 2780022
35.63, 2780022
35.64, 2780022
35.65, 2780022
35.66, 2780022
35.67, 2780022
35.68, 2780022
35.69, 2780022
35.7, 2780022
35.71, 2780022
35.72, 2780022
35.73, 2780022
35.74, 2780022
35.75, 2780022
35.76, 2780022
35.77, 2780022
35.78, 2780022
35.79, 2780022
35.8, 2780022
35.81, 2780022
35.82, 2780022
35.83, 2780022
35.84, 2780022
35.85, 2780022
35.86, 2780022
35.87, 2780022
35.88, 2780022
35.89, 2780022
35.9, 2780022
35.91, 2780022
35.92, 2780022
35.93, 2780022
35.94, 2780022
35.95, 2780022
35.96, 2780022
35.97, 2780022
35.98, 2780022
35.99, 2780022
36.0, 2780022
36.01, 2780022
36.02, 2780022
36.03, 2780022
36.04, 2780022
36.05, 2780022
36.06, 2780022
36.07, 2780022
36.08, 2780022
36.09, 2780022
36.1, 2780022
36.11, 2780022
36.12, 2780022
36.13, 2780022
36.14, 2780022
36.15, 2780022
36.16, 2780022
36.17, 2780022
36.18, 2780022
36.19, 2780022
36.2, 2780022
36.21, 2780022
36.22, 2780022
36.23, 2780022
36.24, 2780022
36.25, 2780022
36.26, 2780022
36.27, 2780022
36.28, 2780022
36.29, 2780022
36.3, 2780022
36.31, 2780022
36.32, 2780022
36.33, 2780022
36.34, 2780022
36.35, 2780022
36.36, 2780022
36.37, 2780022
36.38, 2780022
36.39, 2780022
36.4, 2780022
36.41, 2780022
36.42, 2780022
36.43, 2780022
36.44, 2780022
36.45, 2780022
36.46, 2780022
36.47, 2780022
36.48, 2780022
36.49, 2780022
36.5, 2780022
36.51, 2780022
36.52, 2780022
36.53, 2780022
36.54, 2780022
36.55, 2780022
36.56, 2780022
36.57, 2780022
36.58, 2780022
36.59, 2780022
36.6, 2780022
36.61, 2780022
36.62, 2780022
36.63, 2780022
36.64, 2780022
36.65, 2780022
36.66, 2780022
36.67, 2780022
36.68, 2780022
36.69, 2780022
36.7, 2780022
36.71, 2780022
36.72, 2780022
36.73, 2780022
36.74, 2780022
36.75, 2780022
36.76, 2780022
36.77, 2780022
36.78, 2780022
36.79, 2780022
36.8, 2780022
36.81, 2780022
36.82, 2780022
36.83, 2780022
36.84, 2780022
36.85, 2780022
36.86, 2780022
36.87, 2780022
36.88, 2780022
36.89, 2780022
36.9, 2780022
36.91, 2780022
36.92, 2780022
36.93, 2780022
36.94, 2780022
36.95, 2780022
36.96, 2780022
36.97, 2780022
36.98, 2780022
36.99, 2780022
37.0, 2780022
37.01, 2780022
37.02, 2780022
37.03, 2780022
37.04, 2780022
37.05, 2780022
37.06, 2780022
37.07, 2780022
37.08, 2780022
37.09, 2780022
37.1, 2780022
37.11, 2780022
37.12, 2780022
37.13, 2780022
37.14, 2780022
37.15, 2780022
37.16, 2780022
37.17, 2780022
37.18, 2780022
37.19, 2780022
37.2, 2780022
37.21, 2780022
37.22, 2780022
37.23, 2780022
37.24, 2780022
37.25, 2780022
37.26, 2780022
37.27, 2780022
37.28, 2780022
37.29, 2780022
37.3, 2780022
37.31, 2780022
37.32, 2780022
37.33, 2780022
37.34, 2780022
37.35, 2780022
37.36, 2780022
37.37, 2780022
37.38, 2780022
37.39, 2780022
37.4, 2780022
37.41, 2780022
37.42, 2780022
37.43, 2780022
37.44, 2780022
37.45, 2780022
37.46, 2780022
37.47, 2780022
37.48, 2780022
37.49, 2780022
37.5, 2780022
37.51, 2780022
37.52, 2780022
37.53, 2780022
37.54, 2780022
37.55, 2780022
37.56, 2780022
37.57, 2780022
37.58, 2780022
37.59, 2780022
37.6, 2780022
37.61, 2780022
37.62, 2780022
37.63, 2780022
37.64, 2780022
37.65, 2780022
37.66, 2780022
37.67, 2780022
37.68, 2780022
37.69, 2780022
37.7, 2780022
37.71, 2780022
37.72, 2780022
37.73, 2780022
37.74, 2780022
37.75, 2780022
37.76, 2780022
37.77, 2780022
37.78, 2780022
37.79, 2780022
37.8, 2780022
37.81, 2780022
37.82, 2780022
37.83, 2780022
37.84, 2780022
37.85, 2780022
37.86, 2780022
37.87, 2780022
37.88, 2780022
37.89, 2780022
37.9, 2780022
37.91, 2780022
37.92, 2780022
37.93, 2780022
37.94, 2780022
37.95, 2780022
37.96, 2780022
37.97, 2780022
37.98, 2780022
37.99, 2780022
38.0, 2780022
38.01, 2780022
38.02, 2780022
38.03, 2780022
38.04, 2780022
38.05, 2780022
38.06, 2780022
38.07, 2780022
38.08, 2780022
38.09, 2780022
38.1, 2780022
38.11, 2780022
38.12, 2780022
38.13, 2780022
38.14, 2780022
38.15, 2780022
38.16, 2780022
38.17, 2780022
38.18, 2780022
38.19, 2780022
38.2, 2780022
38.21, 2780022
38.22, 2780022
38.23, 2780022
38.24, 2780022
38.25, 2780022
38.26, 2780022
38.27, 2780022
38.28, 2780022
38.29, 2780022
38.3, 2780022
38.31, 2780022
38.32, 2780022
38.33, 2780022
38.34, 2780022
38.35, 2780022
38.36, 2780022
38.37, 2780022
38.38, 2780022
38.39, 2780022
38.4, 2780022
38.41, 2780022
38.42, 2780022
38.43, 2780022
38.44, 2780022
38.45, 2780022
38.46, 2780022
38.47, 2780022
38.48, 2780022
38.49, 2780022
38.5, 2780022
38.51, 2780022
38.52, 2780022
38.53, 2780022
38.54, 2780022
38.55, 2780022
38.56, 2780022
38.57, 2780022
38.58, 2780022
38.59, 2780022
38.6, 2780022
38.61, 2780022
38.62, 2780022
38.63, 2780022
38.64, 2780022
38.65, 2780022
38.66, 2780022
38.67, 2780022
38.68, 2780022
38.69, 2780022
38.7, 2780022
38.71, 2780022
38.72, 2780022
38.73, 2780022
38.74, 2780022
38.75, 2780022
38.76, 2780022
38.77, 2780022
38.78, 2780022
38.79, 2780022
38.8, 2780022
38.81, 2780022
38.82, 2780022
38.83, 2780022
38.84, 2780022
38.85, 2780022
38.86, 2780022
38.87, 2780022
38.88, 2780022
38.89, 2780022
38.9, 2780022
38.91, 2780022
38.92, 2780022
38.93, 2780022
38.94, 2780022
38.95, 2780022
38.96, 2780022
38.97, 2780022
38.98, 2780022
38.99, 2780022
39.0, 2780022
39.01, 2780022
39.02, 2780022
39.03, 2780022
39.04, 2780022
39.05, 2780022
39.06, 2780022
39.07, 2780022
39.08, 2780022
39.09, 2780022
39.1, 2780022
39.11, 2780022
39.12, 2780022
39.13, 2780022
39.14, 2780022
39.15, 2780022
39.16, 2780022
39.17, 2780022
39.18, 2780022
39.19, 2780022
39.2, 2780022
39.21, 2780022
39.22, 2780022
39.23, 2780022
39.24, 2780022
39.25, 2780022
39.26, 2780022
39.27, 2780022
39.28, 2780022
39.29, 2780022
39.3, 2780022
39.31, 2780022
39.32, 2780022
39.33, 2780022
39.34, 2780022
39.35, 2780022
39.36, 2780022
39.37, 2780022
39.38, 2780022
39.39, 2780022
39.4, 2780022
39.41, 2780022
39.42, 2780022
39.43, 2780022
39.44, 2780022
39.45, 2780022
39.46, 2780022
39.47, 2780022
39.48, 2780022
39.49, 2780022
39.5, 2780022
39.51, 2780022
39.52, 2780022
39.53, 2780022
39.54, 2780022
39.55, 2780022
39.56, 2780022
39.57, 2780022
39.58, 2780022
39.59, 2780022
39.6, 2780022
39.61, 2780022
39.62, 2780022
39.63, 2780022
39.64, 2780022
39.65, 2780022
39.66, 2780022
39.67, 2780022
39.68, 2780022
39.69, 2780022
39.7, 2780022
39.71, 2780022
39.72, 2780022
39.73, 2780022
39.74, 2780022
39.75, 2780022
39.76, 2780022
39.77, 2780022
39.78, 2780022
39.79, 2780022
39.8, 2780022
39.81, 2780022
39.82, 2780022
39.83, 2780022
39.84, 2780022
39.85, 2780022
39.86, 2780022
39.87, 2780022
39.88, 2780022
39.89, 2780022
39.9, 2780022
39.91, 2780022
39.92, 2780022
39.93, 2780022
39.94, 2780022
39.95, 2780022
39.96, 2780022
39.97, 2780022
39.98, 2780022
39.99, 2780022
40.0, 2780022
40.01, 2780022
40.02, 2780022
40.03, 2780022
40.04, 2780022
40.05, 2780022
40.06, 2780022
40.07, 2780022
40.08, 2780022
40.09, 2780022
40.1, 2780022
40.11, 2780022
40.12, 2780022
40.13, 2780022
40.14, 2780022
40.15, 2780022
40.16, 2780022
40.17, 2780022
40.18, 2780022
40.19, 2780022
40.2, 2780022
40.21, 2780022
40.22, 2780022
40.23, 2780022
40.24, 2780022
40.25, 2780022
40.26, 2780022
40.27, 2780022
40.28, 2780022
40.29, 2780022
40.3, 2780022
40.31, 2780022
40.32, 2780022
40.33, 2780022
40.34, 2780022
40.35, 2780022
40.36, 2780022
40.37, 2780022
40.38, 2780022
40.39, 2780022
40.4, 2780022
40.41, 2780022
40.42, 2780022
40.43, 2780022
40.44, 2780022
40.45, 2780022
40.46, 2780022
40.47, 2780022
40.48, 2780022
40.49, 2780022
40.5, 2780022
40.51, 2780022
40.52, 2780022
40.53, 2780022
40.54, 2780022
40.55, 2780022
40.56, 2780022
40.57, 2780022
40.58, 2780022
40.59, 2780022
40.6, 2780022
40.61, 2780022
40.62, 2780022
40.63, 2780022
40.64, 2780022
40.65, 2780022
40.66, 2780022
40.67, 2780022
40.68, 2780022
40.69, 2780022
40.7, 2780022
40.71, 2780022
40.72, 2780022
40.73, 2780022
40.74, 2780022
40.75, 2780022
40.76, 2780022
40.77, 2780022
40.78, 2780022
40.79, 2780022
40.8, 2780022
40.81, 2780022
40.82, 2780022
40.83, 2780022
40.84, 2780022
40.85, 2780022
40.86, 2780022
40.87, 2780022
40.88, 2780022
40.89, 2780022
40.9, 2780022
40.91, 2780022
40.92, 2780022
40.93, 2780022
40.94, 2780022
40.95, 2780022
40.96, 2780022
40.97, 2780022
40.98, 2780022
40.99, 2780022
41.0, 2780022
41.01, 2780022
41.02, 2780022
41.03, 2780022
41.04, 2780022
41.05, 2780022
41.06, 2780022
41.07, 2780022
41.08, 2780022
41.09, 2780022
41.1, 2780022
41.11, 2780022
41.12, 2780022
41.13, 2780022
41.14, 2780022
41.15, 2780022
41.16, 2780022
41.17, 2780022
41.18, 2780022
41.19, 2780022
41.2, 2780022
41.21, 2780022
41.22, 2780022
41.23, 2780022
41.24, 2780022
41.25, 2780022
41.26, 2780022
41.27, 2780022
41.28, 2780022
41.29, 2780022
41.3, 2780022
41.31, 2780022
41.32, 2780022
41.33, 2780022
41.34, 2780022
41.35, 2780022
41.36, 2780022
41.37, 2780022
41.38, 2780022
41.39, 2780022
41.4, 2780022
41.41, 2780022
41.42, 2780022
41.43, 2780022
41.44, 2780022
41.45, 2780022
41.46, 2780022
41.47, 2780022
41.48, 2780022
41.49, 2780022
41.5, 2780022
41.51, 2780022
41.52, 2780022
41.53, 2780022
41.54, 2780022
41.55, 2780022
41.56, 2780022
41.57, 2780022
41.58, 2780022
41.59, 2780022
41.6, 2780022
41.61, 2780022
41.62, 2780022
41.63, 2780022
41.64, 2780022
41.65, 2780022
41.66, 2780022
41.67, 2780022
41.68, 2780022
41.69, 2780022
41.7, 2780022
41.71, 2780022
41.72, 2780022
41.73, 2780022
41.74, 2780022
41.75, 2780022
41.76, 2780022
41.77, 2780022
41.78, 2780022
41.79, 2780022
41.8, 2780022
41.81, 2780022
41.82, 2780022
41.83, 2780022
41.84, 2780022
41.85, 2780022
41.86, 2780022
41.87, 2780022
41.88, 2780022
41.89, 2780022
41.9, 2780022
41.91, 2780022
41.92, 2780022
41.93, 2780022
41.94, 2780022
41.95, 2780022
41.96, 2780022
41.97, 2780022
41.98, 2780022
41.99, 2780022
42.0, 2780022
42.01, 2780022
42.02, 2780022
42.03, 2780022
42.04, 2780022
42.05, 2780022
42.06, 2780022
42.07, 2780022
42.08, 2780022
42.09, 2780022
42.1, 2780022
42.11, 2780022
42.12, 2780022
42.13, 2780022
42.14, 2780022
42.15, 2780022
42.16, 2780022
42.17, 2780022
42.18, 2780022
42.19, 2780022
42.2, 2780022
42.21, 2780022
42.22, 2780022
42.23, 2780022
42.24, 2780022
42.25, 2780022
42.26, 2780022
42.27, 2780022
42.28, 2780022
42.29, 2780022
42.3, 2780022
42.31, 2780022
42.32, 2780022
42.33, 2780022
42.34, 2780022
42.35, 2780022
42.36, 2780022
42.37, 2780022
42.38, 2780022
42.39, 2780022
42.4, 2780022
42.41, 2780022
42.42, 2780022
42.43, 2780022
42.44, 2780022
42.45, 2780022
42.46, 2780022
42.47, 2780022
42.48, 2780022
42.49, 2780022
42.5, 2780022
42.51, 2780022
42.52, 2780022
42.53, 2780022
42.54, 2780022
42.55, 2780022
42.56, 2780022
42.57, 2780022
42.58, 2780022
42.59, 2780022
42.6, 2780022
42.61, 2780022
42.62, 2780022
42.63, 2780022
42.64, 2780022
42.65, 2780022
42.66, 2780022
42.67, 2780022
42.68, 2780022
42.69, 2780022
42.7, 2780022
42.71, 2780022
42.72, 2780022
42.73, 2780022
42.74, 2780022
42.75, 2780022
42.76, 2780022
42.77, 2780022
42.78, 2780022
42.79, 2780022
42.8, 2780022
42.81, 2780022
42.82, 2780022
42.83, 2780022
42.84, 2780022
42.85, 2780022
42.86, 2780022
42.87, 2780022
42.88, 2780022
42.89, 2780022
42.9, 2780022
42.91, 2780022
42.92, 2780022
42.93, 2780022
42.94, 2780022
42.95, 2780022
42.96, 2780022
42.97, 2780022
42.98, 2780022
42.99, 2780022
43.0, 2780022
43.01, 2780022
43.02, 2780022
43.03, 2780022
43.04, 2780022
43.05, 2780022
43.06, 2780022
43.07, 2780022
43.08, 2780022
43.09, 2780022
43.1, 2780022
43.11, 2780022
43.12, 2780022
43.13, 2780022
43.14, 2780022
43.15, 2780022
43.16, 2780022
43.17, 2780022
43.18, 2780022
43.19, 2780022
43.2, 2780022
43.21, 2780022
43.22, 2780022
43.23, 2780022
43.24, 2780022
43.25, 2780022
43.26, 2780022
43.27, 2780022
43.28, 2780022
43.29, 2780022
43.3, 2780022
43.31, 2780022
43.32, 2780022
43.33, 2780022
43.34, 2780022
43.35, 2780022
43.36, 2780022
43.37, 2780022
43.38, 2780022
43.39, 2780022
43.4, 2780022
43.41, 2780022
43.42, 2780022
43.43, 2780022
43.44, 2780022
43.45, 2780022
43.46, 2780022
43.47, 2780022
43.48, 2780022
43.49, 2780022
43.5, 2780022
43.51, 2780022
43.52, 2780022
43.53, 2780022
43.54, 2780022
43.55, 2780022
43.56, 2780022
43.57, 2780022
43.58, 2780022
43.59, 2780022
43.6, 2780022
43.61, 2780022
43.62, 2780022
43.63, 2780022
43.64, 2780022
43.65, 2780022
43.66, 2780022
43.67, 2780022
43.68, 2780022
43.69, 2780022
43.7, 2780022
43.71, 2780022
43.72, 2780022
43.73, 2780022
43.74, 2780022
43.75, 2780022
43.76, 2780022
43.77, 2780022
43.78, 2780022
43.79, 2780022
43.8, 2780022
43.81, 2780022
43.82, 2780022
43.83, 2780022
43.84, 2780022
43.85, 2780022
43.86, 2780022
43.87, 2780022
43.88, 2780022
43.89, 2780022
43.9, 2780022
43.91, 2780022
43.92, 2780022
43.93, 2780022
43.94, 2780022
43.95, 2780022
43.96, 2780022
43.97, 2780022
43.98, 2780022
43.99, 2780022
44.0, 2780022
44.01, 2780022
44.02, 2780022
44.03, 2780022
44.04, 2780022
44.05, 2780022
44.06, 2780022
44.07, 2780022
44.08, 2780022
44.09, 2780022
44.1, 2780022
44.11, 2780022
44.12, 2780022
44.13, 2780022
44.14, 2780022
44.15, 2780022
44.16, 2780022
44.17, 2780022
44.18, 2780022
44.19, 2780022
44.2, 2780022
44.21, 2780022
44.22, 2780022
44.23, 2780022
44.24, 2780022
44.25, 2780022
44.26, 2780022
44.27, 2780022
44.28, 2780022
44.29, 2780022
44.3, 2780022
44.31, 2780022
44.32, 2780022
44.33, 2780022
44.34, 2780022
44.35, 2780022
44.36, 2780022
44.37, 2780022
44.38, 2780022
44.39, 2780022
44.4, 2780022
44.41, 2780022
44.42, 2780022
44.43, 2780022
44.44, 2780022
44.45, 2780022
44.46, 2780022
44.47, 2780022
44.48, 2780022
44.49, 2780022
44.5, 2780022
44.51, 2780022
44.52, 2780022
44.53, 2780022
44.54, 2780022
44.55, 2780022
44.56, 2780022
44.57, 2780022
44.58, 2780022
44.59, 2780022
44.6, 2780022
44.61, 2780022
44.62, 2780022
44.63, 2780022
44.64, 2780022
44.65, 2780022
44.66, 2780022
44.67, 2780022
44.68, 2780022
44.69, 2780022
44.7, 2780022
44.71, 2780022
44.72, 2780022
44.73, 2780022
44.74, 2780022
44.75, 2780022
44.76, 2780022
44.77, 2780022
44.78, 2780022
44.79, 2780022
44.8, 2780022
44.81, 2780022
44.82, 2780022
44.83, 2780022
44.84, 2780022
44.85, 2780022
44.86, 2780022
44.87, 2780022
44.88, 2780022
44.89, 2780022
44.9, 2780022
44.91, 2780022
44.92, 2780022
44.93, 2780022
44.94, 2780022
44.95, 2780022
44.96, 2780022
44.97, 2780022
44.98, 2780022
44.99, 2780022
45.0, 2780022
45.01, 2780022
45.02, 2780022
45.03, 2780022
45.04, 2780022
45.05, 2780022
45.06, 2780022
45.07, 2780022
45.08, 2780022
45.09, 2780022
45.1, 2780022
45.11, 2780022
45.12, 2780022
45.13, 2780022
45.14, 2780022
45.15, 2780022
45.16, 2780022
45.17, 2780022
45.18, 2780022
45.19, 2780022
45.2, 2780022
45.21, 2780022
45.22, 2780022
45.23, 2780022
45.24, 2780022
45.25, 2780022
45.26, 2780022
45.27, 2780022
45.28, 2780022
45.29, 2780022
45.3, 2780022
45.31, 2780022
45.32, 2780022
45.33, 2780022
45.34, 2780022
45.35, 2780022
45.36, 2780022
45.37, 2780022
45.38, 2780022
45.39, 2780022
45.4, 2780022
45.41, 2780022
45.42, 2780022
45.43, 2780022
45.44, 2780022
45.45, 2780022
45.46, 2780022
45.47, 2780022
45.48, 2780022
45.49, 2780022
45.5, 2780022
45.51, 2780022
45.52, 2780022
45.53, 2780022
45.54, 2780022
45.55, 2780022
45.56, 2780022
45.57, 2780022
45.58, 2780022
45.59, 2780022
45.6, 2780022
45.61, 2780022
45.62, 2780022
45.63, 2780022
45.64, 2780022
45.65, 2780022
45.66, 2780022
45.67, 2780022
45.68, 2780022
45.69, 2780022
45.7, 2780022
45.71, 2780022
45.72, 2780022
45.73, 2780022
45.74, 2780022
45.75, 2780022
45.76, 2780022
45.77, 2780022
45.78, 2780022
45.79, 2780022
45.8, 2780022
45.81, 2780022
45.82, 2780022
45.83, 2780022
45.84, 2780022
45.85, 2780022
45.86, 2780022
45.87, 2780022
45.88, 2780022
45.89, 2780022
45.9, 2780022
45.91, 2780022
45.92, 2780022
45.93, 2780022
45.94, 2780022
45.95, 2780022
45.96, 2780022
45.97, 2780022
45.98, 2780022
45.99, 2780022
46.0, 2780022
46.01, 2780022
46.02, 2780022
46.03, 2780022
46.04, 2780022
46.05, 2780022
46.06, 2780022
46.07, 2780022
46.08, 2780022
46.09, 2780022
46.1, 2780022
46.11, 2780022
46.12, 2780022
46.13, 2780022
46.14, 2780022
46.15, 2780022
46.16, 2780022
46.17, 2780022
46.18, 2780022
46.19, 2780022
46.2, 2780022
46.21, 2780022
46.22, 2780022
46.23, 2780022
46.24, 2780022
46.25, 2780022
46.26, 2780022
46.27, 2780022
46.28, 2780022
46.29, 2780022
46.3, 2780022
46.31, 2780022
46.32, 2780022
46.33, 2780022
46.34, 2780022
46.35, 2780022
46.36, 2780022
46.37, 2780022
46.38, 2780022
46.39, 2780022
46.4, 2780022
46.41, 2780022
46.42, 2780022
46.43, 2780022
46.44, 2780022
46.45, 2780022
46.46, 2780022
46.47, 2780022
46.48, 2780022
46.49, 2780022
46.5, 2780022
46.51, 2780022
46.52, 2780022
46.53, 2780022
46.54, 2780022
46.55, 2780022
46.56, 2780022
46.57, 2780022
46.58, 2780022
46.59, 2780022
46.6, 2780022
46.61, 2780022
46.62, 2780022
46.63, 2780022
46.64, 2780022
46.65, 2780022
46.66, 2780022
46.67, 2780022
46.68, 2780022
46.69, 2780022
46.7, 2780022
46.71, 2780022
46.72, 2780022
46.73, 2780022
46.74, 2780022
46.75, 2780022
46.76, 2780022
46.77, 2780022
46.78, 2780022
46.79, 2780022
46.8, 2780022
46.81, 2780022
46.82, 2780022
46.83, 2780022
46.84, 2780022
46.85, 2780022
46.86, 2780022
46.87, 2780022
46.88, 2780022
46.89, 2780022
46.9, 2780022
46.91, 2780022
46.92, 2780022
46.93, 2780022
46.94, 2780022
46.95, 2780022
46.96, 2780022
46.97, 2780022
46.98, 2780022
46.99, 2780022
47.0, 2780022
47.01, 2780022
47.02, 2780022
47.03, 2780022
47.04, 2780022
47.05, 2780022
47.06, 2780022
47.07, 2780022
47.08, 2780022
47.09, 2780022
47.1, 2780022
47.11, 2780022
47.12, 2780022
47.13, 2780022
47.14, 2780022
47.15, 2780022
47.16, 2780022
47.17, 2780022
47.18, 2780022
47.19, 2780022
47.2, 2780022
47.21, 2780022
47.22, 2780022
47.23, 2780022
47.24, 2780022
47.25, 2780022
47.26, 2780022
47.27, 2780022
47.28, 2780022
47.29, 2780022
47.3, 2780022
47.31, 2780022
47.32, 2780022
47.33, 2780022
47.34, 2780022
47.35, 2780022
47.36, 2780022
47.37, 2780022
47.38, 2780022
47.39, 2780022
47.4, 2780022
47.41, 2780022
47.42, 2780022
47.43, 2780022
47.44, 2780022
47.45, 2780022
47.46, 2780022
47.47, 2780022
47.48, 2780022
47.49, 2780022
47.5, 2780022
47.51, 2780022
47.52, 2780022
47.53, 2780022
47.54, 2780022
47.55, 2780022
47.56, 2780022
47.57, 2780022
47.58, 2780022
47.59, 2780022
47.6, 2780022
47.61, 2780022
47.62, 2780022
47.63, 2780022
47.64, 2780022
47.65, 2780022
47.66, 2780022
47.67, 2780022
47.68, 2780022
47.69, 2780022
47.7, 2780022
47.71, 2780022
47.72, 2780022
47.73, 2780022
47.74, 2780022
47.75, 2780022
47.76, 2780022
47.77, 2780022
47.78, 2780022
47.79, 2780022
47.8, 2780022
47.81, 2780022
47.82, 2780022
47.83, 2780022
47.84, 2780022
47.85, 2780022
47.86, 2780022
47.87, 2780022
47.88, 2780022
47.89, 2780022
47.9, 2780022
47.91, 2780022
47.92, 2780022
47.93, 2780022
47.94, 2780022
47.95, 2780022
47.96, 2780022
47.97, 2780022
47.98, 2780022
47.99, 2780022
48.0, 2780022
48.01, 2780022
48.02, 2780022
48.03, 2780022
48.04, 2780022
48.05, 2780022
48.06, 2780022
48.07, 2780022
48.08, 2780022
48.09, 2780022
48.1, 2780022
48.11, 2780022
48.12, 2780022
48.13, 2780022
48.14, 2780022
48.15, 2780022
48.16, 2780022
48.17, 2780022
48.18, 2780022
48.19, 2780022
48.2, 2780022
48.21, 2780022
48.22, 2780022
48.23, 2780022
48.24, 2780022
48.25, 2780022
48.26, 2780022
48.27, 2780022
48.28, 2780022
48.29, 2780022
48.3, 2780022
48.31, 2780022
48.32, 2780022
48.33, 2780022
48.34, 2780022
48.35, 2780022
48.36, 2780022
48.37, 2780022
48.38, 2780022
48.39, 2780022
48.4, 2780022
48.41, 2780022
48.42, 2780022
48.43, 2780022
48.44, 2780022
48.45, 2780022
48.46, 2780022
48.47, 2780022
48.48, 2780022
48.49, 2780022
48.5, 2780022
48.51, 2780022
48.52, 2780022
48.53, 2780022
48.54, 2780022
48.55, 2780022
48.56, 2780022
48.57, 2780022
48.58, 2780022
48.59, 2780022
48.6, 2780022
48.61, 2780022
48.62, 2780022
48.63, 2780022
48.64, 2780022
48.65, 2780022
48.66, 2780022
48.67, 2780022
48.68, 2780022
48.69, 2780022
48.7, 2780022
48.71, 2780022
48.72, 2780022
48.73, 2780022
48.74, 2780022
48.75, 2780022
48.76, 2780022
48.77, 2780022
48.78, 2780022
48.79, 2780022
48.8, 2780022
48.81, 2780022
48.82, 2780022
48.83, 2780022
48.84, 2780022
48.85, 2780022
48.86, 2780022
48.87, 2780022
48.88, 2780022
48.89, 2780022
48.9, 2780022
48.91, 2780022
48.92, 2780022
48.93, 2780022
48.94, 2780022
48.95, 2780022
48.96, 2780022
48.97, 2780022
48.98, 2780022
48.99, 2780022
49.0, 2780022
49.01, 2780022
49.02, 2780022
49.03, 2780022
49.04, 2780022
49.05, 2780022
49.06, 2780022
49.07, 2780022
49.08, 2780022
49.09, 2780022
49.1, 2780022
49.11, 2780022
49.12, 2780022
49.13, 2780022
49.14, 2780022
49.15, 2780022
49.16, 2780022
49.17, 2780022
49.18, 2780022
49.19, 2780022
49.2, 2780022
49.21, 2780022
49.22, 2780022
49.23, 2780022
49.24, 2780022
49.25, 2780022
49.26, 2780022
49.27, 2780022
49.28, 2780022
49.29, 2780022
49.3, 2780022
49.31, 2780022
49.32, 2780022
49.33, 2780022
49.34, 2780022
49.35, 2780022
49.36, 2780022
49.37, 2780022
49.38, 2780022
49.39, 2780022
49.4, 2780022
49.41, 2780022
49.42, 2780022
49.43, 2780022
49.44, 2780022
49.45, 2780022
49.46, 2780022
49.47, 2780022
49.48, 2780022
49.49, 2780022
49.5, 2780022
49.51, 2780022
49.52, 2780022
49.53, 2780022
49.54, 2780022
49.55, 2780022
49.56, 2780022
49.57, 2780022
49.58, 2780022
49.59, 2780022
49.6, 2780022
49.61, 2780022
49.62, 2780022
49.63, 2780022
49.64, 2780022
49.65, 2780022
49.66, 2780022
49.67, 2780022
49.68, 2780022
49.69, 2780022
49.7, 2780022
49.71, 2780022
49.72, 2780022
49.73, 2780022
49.74, 2780022
49.75, 2780022
49.76, 2780022
49.77, 2780022
49.78, 2780022
49.79, 2780022
49.8, 2780022
49.81, 2780022
49.82, 2780022
49.83, 2780022
49.84, 2780022
49.85, 2780022
49.86, 2780022
49.87, 2780022
49.88, 2780022
49.89, 2780022
49.9, 2780022
49.91, 2780022
49.92, 2780022
49.93, 2780022
49.94, 2780022
49.95, 2780022
49.96, 2780022
49.97, 2780022
49.98, 2780022
49.99, 2780022
50.0, 2780022
50.01, 2780022
50.02, 2780022
50.03, 2780022
50.04, 2780022
50.05, 2780022
50.06, 2780022
50.07, 2780022
50.08, 2780022
50.09, 2780022
50.1, 2780022
50.11, 2780022
50.12, 2780022
50.13, 2780022
50.14, 2780022
50.15, 2780022
50.16, 2780022
50.17, 2780022
50.18, 2780022
50.19, 2780022
50.2, 2780022
50.21, 2780022
50.22, 2780022
50.23, 2780022
50.24, 2780022
50.25, 2780022
50.26, 2780022
50.27, 2780022
50.28, 2780022
50.29, 2780022
50.3, 2780022
50.31, 2780022
50.32, 2780022
50.33, 2780022
50.34, 2780022
50.35, 2780022
50.36, 2780022
50.37, 2780022
50.38, 2780022
50.39, 2780022
50.4, 2780022
50.41, 2780022
50.42, 2780022
50.43, 2780022
50.44, 2780022
50.45, 2780022
50.46, 2780022
50.47, 2780022
50.48, 2780022
50.49, 2780022
50.5, 2780022
50.51, 2780022
50.52, 2780022
50.53, 2780022
50.54, 2780022
50.55, 2780022
50.56, 2780022
50.57, 2780022
50.58, 2780022
50.59, 2780022
50.6, 2780022
50.61, 2780022
50.62, 2780022
50.63, 2780022
50.64, 2780022
50.65, 2780022
50.66, 2780022
50.67, 2780022
50.68, 2780022
50.69, 2780022
50.7, 2780022
50.71, 2780022
50.72, 2780022
50.73, 2780022
50.74, 2780022
50.75, 2780022
50.76, 2780022
50.77, 2780022
50.78, 2780022
50.79, 2780022
50.8, 2780022
50.81, 2780022
50.82, 2780022
50.83, 2780022
50.84, 2780022
50.85, 2780022
50.86, 2780022
50.87, 2780022
50.88, 2780022
50.89, 2780022
50.9, 2780022
50.91, 2780022
50.92, 2780022
50.93, 2780022
50.94, 2780022
50.95, 2780022
50.96, 2780022
50.97, 2780022
50.98, 2780022
50.99, 2780022
51.0, 2780022
51.01, 2780022
51.02, 2780022
51.03, 2780022
51.04, 2780022
51.05, 2780022
51.06, 2780022
51.07, 2780022
51.08, 2780022
51.09, 2780022
51.1, 2780022
51.11, 2780022
51.12, 2780022
51.13, 2780022
51.14, 2780022
51.15, 2780022
51.16, 2780022
51.17, 2780022
51.18, 2780022
51.19, 2780022
51.2, 2780022
51.21, 2780022
51.22, 2780022
51.23, 2780022
51.24, 2780022
51.25, 2780022
51.26, 2780022
51.27, 2780022
51.28, 2780022
51.29, 2780022
51.3, 2780022
51.31, 2780022
51.32, 2780022
51.33, 2780022
51.34, 2780022
51.35, 2780022
51.36, 2780022
51.37, 2780022
51.38, 2780022
51.39, 2780022
51.4, 2780022
51.41, 2780022
51.42, 2780022
51.43, 2780022
51.44, 2780022
51.45, 2780022
51.46, 2780022
51.47, 2780022
51.48, 2780022
51.49, 2780022
51.5, 2780022
51.51, 2780022
51.52, 2780022
51.53, 2780022
51.54, 2780022
51.55, 2780022
51.56, 2780022
51.57, 2780022
51.58, 2780022
51.59, 2780022
51.6, 2780022
51.61, 2780022
51.62, 2780022
51.63, 2780022
51.64, 2780022
51.65, 2780022
51.66, 2780022
51.67, 2780022
51.68, 2780022
51.69, 2780022
51.7, 2780022
51.71, 2780022
51.72, 2780022
51.73, 2780022
51.74, 2780022
51.75, 2780022
51.76, 2780022
51.77, 2780022
51.78, 2780022
51.79, 2780022
51.8, 2780022
51.81, 2780022
51.82, 2780022
51.83, 2780022
51.84, 2780022
51.85, 2780022
51.86, 2780022
51.87, 2780022
51.88, 2780022
51.89, 2780022
51.9, 2780022
51.91, 2780022
51.92, 2780022
51.93, 2780022
51.94, 2780022
51.95, 2780022
51.96, 2780022
51.97, 2780022
51.98, 2780022
51.99, 2780022
52.0, 2780022
52.01, 2780022
52.02, 2780022
52.03, 2780022
52.04, 2780022
52.05, 2780022
52.06, 2780022
52.07, 2780022
52.08, 2780022
52.09, 2780022
52.1, 2780022
52.11, 2780022
52.12, 2780022
52.13, 2780022
52.14, 2780022
52.15, 2780022
52.16, 2780022
52.17, 2780022
52.18, 2780022
52.19, 2780022
52.2, 2780022
52.21, 2780022
52.22, 2780022
52.23, 2780022
52.24, 2780022
52.25, 2780022
52.26, 2780022
52.27, 2780022
52.28, 2780022
52.29, 2780022
52.3, 2780022
52.31, 2780022
52.32, 2780022
52.33, 2780022
52.34, 2780022
52.35, 2780022
52.36, 2780022
52.37, 2780022
52.38, 2780022
52.39, 2780022
52.4, 2780022
52.41, 2780022
52.42, 2780022
52.43, 2780022
52.44, 2780022
52.45, 2780022
52.46, 2780022
52.47, 2780022
52.48, 2780022
52.49, 2780022
52.5, 2780022
52.51, 2780022
52.52, 2780022
52.53, 2780022
52.54, 2780022
52.55, 2780022
52.56, 2780022
52.57, 2780022
52.58, 2780022
52.59, 2780022
52.6, 2780022
52.61, 2780022
52.62, 2780022
52.63, 2780022
52.64, 2780022
52.65, 2780022
52.66, 2780022
52.67, 2780022
52.68, 2780022
52.69, 2780022
52.7, 2780022
52.71, 2780022
52.72, 2780022
52.73, 2780022
52.74, 2780022
52.75, 2780022
52.76, 2780022
52.77, 2780022
52.78, 2780022
52.79, 2780022
52.8, 2780022
52.81, 2780022
52.82, 2780022
52.83, 2780022
52.84, 2780022
52.85, 2780022
52.86, 2780022
52.87, 2780022
52.88, 2780022
52.89, 2780022
52.9, 2780022
52.91, 2780022
52.92, 2780022
52.93, 2780022
52.94, 2780022
52.95, 2780022
52.96, 2780022
52.97, 2780022
52.98, 2780022
52.99, 2780022
53.0, 2780022
53.01, 2780022
53.02, 2780022
53.03, 2780022
53.04, 2780022
53.05, 2780022
53.06, 2780022
53.07, 2780022
53.08, 2780022
53.09, 2780022
53.1, 2780022
53.11, 2780022
53.12, 2780022
53.13, 2780022
53.14, 2780022
53.15, 2780022
53.16, 2780022
53.17, 2780022
53.18, 2780022
53.19, 2780022
53.2, 2780022
53.21, 2780022
53.22, 2780022
53.23, 2780022
53.24, 2780022
53.25, 2780022
53.26, 2780022
53.27, 2780022
53.28, 2780022
53.29, 2780022
53.3, 2780022
53.31, 2780022
53.32, 2780022
53.33, 2780022
53.34, 2780022
53.35, 2780022
53.36, 2780022
53.37, 2780022
53.38, 2780022
53.39, 2780022
53.4, 2780022
53.41, 2780022
53.42, 2780022
53.43, 2780022
53.44, 2780022
53.45, 2780022
53.46, 2780022
53.47, 2780022
53.48, 2780022
53.49, 2780022
53.5, 2780022
53.51, 2780022
53.52, 2780022
53.53, 2780022
53.54, 2780022
53.55, 2780022
53.56, 2780022
53.57, 2780022
53.58, 2780022
53.59, 2780022
53.6, 2780022
53.61, 2780022
53.62, 2780022
53.63, 2780022
53.64, 2780022
53.65, 2780022
53.66, 2780022
53.67, 2780022
53.68, 2780022
53.69, 2780022
53.7, 2780022
53.71, 2780022
53.72, 2780022
53.73, 2780022
53.74, 2780022
53.75, 2780022
53.76, 2780022
53.77, 2780022
53.78, 2780022
53.79, 2780022
53.8, 2780022
53.81, 2780022
53.82, 2780022
53.83, 2780022
53.84, 2780022
53.85, 2780022
53.86, 2780022
53.87, 2780022
53.88, 2780022
53.89, 2780022
53.9, 2780022
53.91, 2780022
53.92, 2780022
53.93, 2780022
53.94, 2780022
53.95, 2780022
53.96, 2780022
53.97, 2780022
53.98, 2780022
53.99, 2780022
54.0, 2780022
54.01, 2780022
54.02, 2780022
54.03, 2780022
54.04, 2780022
54.05, 2780022
54.06, 2780022
54.07, 2780022
54.08, 2780022
54.09, 2780022
54.1, 2780022
54.11, 2780022
54.12, 2780022
54.13, 2780022
54.14, 2780022
54.15, 2780022
54.16, 2780022
54.17, 2780022
54.18, 2780022
54.19, 2780022
54.2, 2780022
54.21, 2780022
54.22, 2780022
54.23, 2780022
54.24, 2780022
54.25, 2780022
54.26, 2780022
54.27, 2780022
54.28, 2780022
54.29, 2780022
54.3, 2780022
54.31, 2780022
54.32, 2780022
54.33, 2780022
54.34, 2780022
54.35, 2780022
54.36, 2780022
54.37, 2780022
54.38, 2780022
54.39, 2780022
54.4, 2780022
54.41, 2780022
54.42, 2780022
54.43, 2780022
54.44, 2780022
54.45, 2780022
54.46, 2780022
54.47, 2780022
54.48, 2780022
54.49, 2780022
54.5, 2780022
54.51, 2780022
54.52, 2780022
54.53, 2780022
54.54, 2780022
54.55, 2780022
54.56, 2780022
54.57, 2780022
54.58, 2780022
54.59, 2780022
54.6, 2780022
54.61, 2780022
54.62, 2780022
54.63, 2780022
54.64, 2780022
54.65, 2780022
54.66, 2780022
54.67, 2780022
54.68, 2780022
54.69, 2780022
54.7, 2780022
54.71, 2780022
54.72, 2780022
54.73, 2780022
54.74, 2780022
54.75, 2780022
54.76, 2780022
54.77, 2780022
54.78, 2780022
54.79, 2780022
54.8, 2780022
54.81, 2780022
54.82, 2780022
54.83, 2780022
54.84, 2780022
54.85, 2780022
54.86, 2780022
54.87, 2780022
54.88, 2780022
54.89, 2780022
54.9, 2780022
54.91, 2780022
54.92, 2780022
54.93, 2780022
54.94, 2780022
54.95, 2780022
54.96, 2780022
54.97, 2780022
54.98, 2780022
54.99, 2780022
55.0, 2780022
55.01, 2780022
55.02, 2780022
55.03, 2780022
55.04, 2780022
55.05, 2780022
55.06, 2780022
55.07, 2780022
55.08, 2780022
55.09, 2780022
55.1, 2780022
55.11, 2780022
55.12, 2780022
55.13, 2780022
55.14, 2780022
55.15, 2780022
55.16, 2780022
55.17, 2780022
55.18, 2780022
55.19, 2780022
55.2, 2780022
55.21, 2780022
55.22, 2780022
55.23, 2780022
55.24, 2780022
55.25, 2780022
55.26, 2780022
55.27, 2780022
55.28, 2780022
55.29, 2780022
55.3, 2780022
55.31, 2780022
55.32, 2780022
55.33, 2780022
55.34, 2780022
55.35, 2780022
55.36, 2780022
55.37, 2780022
55.38, 2780022
55.39, 2780022
55.4, 2780022
55.41, 2780022
55.42, 2780022
55.43, 2780022
55.44, 2780022
55.45, 2780022
55.46, 2780022
55.47, 2780022
55.48, 2780022
55.49, 2780022
55.5, 2780022
55.51, 2780022
55.52, 2780022
55.53, 2780022
55.54, 2780022
55.55, 2780022
55.56, 2780022
55.57, 2780022
55.58, 2780022
55.59, 2780022
55.6, 2780022
55.61, 2780022
55.62, 2780022
55.63, 2780022
55.64, 2780022
55.65, 2780022
55.66, 2780022
55.67, 2780022
55.68, 2780022
55.69, 2780022
55.7, 2780022
55.71, 2780022
55.72, 2780022
55.73, 2780022
55.74, 2780022
55.75, 2780022
55.76, 2780022
55.77, 2780022
55.78, 2780022
55.79, 2780022
55.8, 2780022
55.81, 2780022
55.82, 2780022
55.83, 2780022
55.84, 2780022
55.85, 2780022
55.86, 2780022
55.87, 2780022
55.88, 2780022
55.89, 2780022
55.9, 2780022
55.91, 2780022
55.92, 2780022
55.93, 2780022
55.94, 2780022
55.95, 2780022
55.96, 2780022
55.97, 2780022
55.98, 2780022
55.99, 2780022
56.0, 2780022
56.01, 2780022
56.02, 2780022
56.03, 2780022
56.04, 2780022
56.05, 2780022
56.06, 2780022
56.07, 2780022
56.08, 2780022
56.09, 2780022
56.1, 2780022
56.11, 2780022
56.12, 2780022
56.13, 2780022
56.14, 2780022
56.15, 2780022
56.16, 2780022
56.17, 2780022
56.18, 2780022
56.19, 2780022
56.2, 2780022
56.21, 2780022
56.22, 2780022
56.23, 2780022
56.24, 2780022
56.25, 2780022
56.26, 2780022
56.27, 2780022
56.28, 2780022
56.29, 2780022
56.3, 2780022
56.31, 2780022
56.32, 2780022
56.33, 2780022
56.34, 2780022
56.35, 2780022
56.36, 2780022
56.37, 2780022
56.38, 2780022
56.39, 2780022
56.4, 2780022
56.41, 2780022
56.42, 2780022
56.43, 2780022
56.44, 2780022
56.45, 2780022
56.46, 2780022
56.47, 2780022
56.48, 2780022
56.49, 2780022
56.5, 2780022
56.51, 2780022
56.52, 2780022
56.53, 2780022
56.54, 2780022
56.55, 2780022
56.56, 2780022
56.57, 2780022
56.58, 2780022
56.59, 2780022
56.6, 2780022
56.61, 2780022
56.62, 2780022
56.63, 2780022
56.64, 2780022
56.65, 2780022
56.66, 2780022
56.67, 2780022
56.68, 2780022
56.69, 2780022
56.7, 2780022
56.71, 2780022
56.72, 2780022
56.73, 2780022
56.74, 2780022
56.75, 2780022
56.76, 2780022
56.77, 2780022
56.78, 2780022
56.79, 2780022
56.8, 2780022
56.81, 2780022
56.82, 2780022
56.83, 2780022
56.84, 2780022
56.85, 2780022
56.86, 2780022
56.87, 2780022
56.88, 2780022
56.89, 2780022
56.9, 2780022
56.91, 2780022
56.92, 2780022
56.93, 2780022
56.94, 2780022
56.95, 2780022
56.96, 2780022
56.97, 2780022
56.98, 2780022
56.99, 2780022
57.0, 2780022
57.01, 2780022
57.02, 2780022
57.03, 2780022
57.04, 2780022
57.05, 2780022
57.06, 2780022
57.07, 2780022
57.08, 2780022
57.09, 2780022
57.1, 2780022
57.11, 2780022
57.12, 2780022
57.13, 2780022
57.14, 2780022
57.15, 2780022
57.16, 2780022
57.17, 2780022
57.18, 2780022
57.19, 2780022
57.2, 2780022
57.21, 2780022
57.22, 2780022
57.23, 2780022
57.24, 2780022
57.25, 2780022
57.26, 2780022
57.27, 2780022
57.28, 2780022
57.29, 2780022
57.3, 2780022
57.31, 2780022
57.32, 2780022
57.33, 2780022
57.34, 2780022
57.35, 2780022
57.36, 2780022
57.37, 2780022
57.38, 2780022
57.39, 2780022
57.4, 2780022
57.41, 2780022
57.42, 2780022
57.43, 2780022
57.44, 2780022
57.45, 2780022
57.46, 2780022
57.47, 2780022
57.48, 2780022
57.49, 2780022
57.5, 2780022
57.51, 2780022
57.52, 2780022
57.53, 2780022
57.54, 2780022
57.55, 2780022
57.56, 2780022
57.57, 2780022
57.58, 2780022
57.59, 2780022
57.6, 2780022
57.61, 2780022
57.62, 2780022
57.63, 2780022
57.64, 2780022
57.65, 2780022
57.66, 2780022
57.67, 2780022
57.68, 2780022
57.69, 2780022
57.7, 2780022
57.71, 2780022
57.72, 2780022
57.73, 2780022
57.74, 2780022
57.75, 2780022
57.76, 2780022
57.77, 2780022
57.78, 2780022
57.79, 2780022
57.8, 2780022
57.81, 2780022
57.82, 2780022
57.83, 2780022
57.84, 2780022
57.85, 2780022
57.86, 2780022
57.87, 2780022
57.88, 2780022
57.89, 2780022
57.9, 2780022
57.91, 2780022
57.92, 2780022
57.93, 2780022
57.94, 2780022
57.95, 2780022
57.96, 2780022
57.97, 2780022
57.98, 2780022
57.99, 2780022
58.0, 2780022
58.01, 2780022
58.02, 2780022
58.03, 2780022
58.04, 2780022
58.05, 2780022
58.06, 2780022
58.07, 2780022
58.08, 2780022
58.09, 2780022
58.1, 2780022
58.11, 2780022
58.12, 2780022
58.13, 2780022
58.14, 2780022
58.15, 2780022
58.16, 2780022
58.17, 2780022
58.18, 2780022
58.19, 2780022
58.2, 2780022
58.21, 2780022
58.22, 2780022
58.23, 2780022
58.24, 2780022
58.25, 2780022
58.26, 2780022
58.27, 2780022
58.28, 2780022
58.29, 2780022
58.3, 2780022
58.31, 2780022
58.32, 2780022
58.33, 2780022
58.34, 2780022
58.35, 2780022
58.36, 2780022
58.37, 2780022
58.38, 2780022
58.39, 2780022
58.4, 2780022
58.41, 2780022
58.42, 2780022
58.43, 2780022
58.44, 2780022
58.45, 2780022
58.46, 2780022
58.47, 2780022
58.48, 2780022
58.49, 2780022
58.5, 2780022
58.51, 2780022
58.52, 2780022
58.53, 2780022
58.54, 2780022
58.55, 2780022
58.56, 2780022
58.57, 2780022
58.58, 2780022
58.59, 2780022
58.6, 2780022
58.61, 2780022
58.62, 2780022
58.63, 2780022
58.64, 2780022
58.65, 2780022
58.66, 2780022
58.67, 2780022
58.68, 2780022
58.69, 2780022
58.7, 2780022
58.71, 2780022
58.72, 2780022
58.73, 2780022
58.74, 2780022
58.75, 2780022
58.76, 2780022
58.77, 2780022
58.78, 2780022
58.79, 2780022
58.8, 2780022
58.81, 2780022
58.82, 2780022
58.83, 2780022
58.84, 2780022
58.85, 2780022
58.86, 2780022
58.87, 2780022
58.88, 2780022
58.89, 2780022
58.9, 2780022
58.91, 2780022
58.92, 2780022
58.93, 2780022
58.94, 2780022
58.95, 2780022
58.96, 2780022
58.97, 2780022
58.98, 2780022
58.99, 2780022
59.0, 2780022
59.01, 2780022
59.02, 2780022
59.03, 2780022
59.04, 2780022
59.05, 2780022
59.06, 2780022
59.07, 2780022
59.08, 2780022
59.09, 2780022
59.1, 2780022
59.11, 2780022
59.12, 2780022
59.13, 2780022
59.14, 2780022
59.15, 2780022
59.16, 2780022
59.17, 2780022
59.18, 2780022
59.19, 2780022
59.2, 2780022
59.21, 2780022
59.22, 2780022
59.23, 2780022
59.24, 2780022
59.25, 2780022
59.26, 2780022
59.27, 2780022
59.28, 2780022
59.29, 2780022
59.3, 2780022
59.31, 2780022
59.32, 2780022
59.33, 2780022
59.34, 2780022
59.35, 2780022
59.36, 2780022
59.37, 2780022
59.38, 2780022
59.39, 2780022
59.4, 2780022
59.41, 2780022
59.42, 2780022
59.43, 2780022
59.44, 2780022
59.45, 2780022
59.46, 2780022
59.47, 2780022
59.48, 2780022
59.49, 2780022
59.5, 2780022
59.51, 2780022
59.52, 2780022
59.53, 2780022
59.54, 2780022
59.55, 2780022
59.56, 2780022
59.57, 2780022
59.58, 2780022
59.59, 2780022
59.6, 2780022
59.61, 2780022
59.62, 2780022
59.63, 2780022
59.64, 2780022
59.65, 2780022
59.66, 2780022
59.67, 2780022
59.68, 2780022
59.69, 2780022
59.7, 2780022
59.71, 2780022
59.72, 2780022
59.73, 2780022
59.74, 2780022
59.75, 2780022
59.76, 2780022
59.77, 2780022
59.78, 2780022
59.79, 2780022
59.8, 2780022
59.81, 2780022
59.82, 2780022
59.83, 2780022
59.84, 2780022
59.85, 2780022
59.86, 2780022
59.87, 2780022
59.88, 2780022
59.89, 2780022
59.9, 2780022
59.91, 2780022
59.92, 2780022
59.93, 2780022
59.94, 2780022
59.95, 2780022
59.96, 2780022
59.97, 2780022
59.98, 2780022
59.99, 2780022
