0.0, 26234
0.01, 24373
0.02, 24373
0.03, 23954
0.04, 23954
0.05, 23954
0.06, 23954
0.07, 23954
0.08, 23954
0.09, 23954
0.1, 23954
0.11, 23954
0.12, 23954
0.13, 23954
0.14, 23954
0.15, 23954
0.16, 23954
0.17, 23954
0.18, 23954
0.19, 23954
0.2, 23954
0.21, 23954
0.22, 23954
0.23, 23954
0.24, 23954
0.25, 23954
0.26, 23954
0.27, 23954
0.28, 23954
0.29, 23954
0.3, 23954
0.31, 23954
0.32, 23954
0.33, 23954
0.34, 23954
0.35, 23954
0.36, 23954
0.37, 23954
0.38, 23954
0.39, 23954
0.4, 23954
0.41, 23954
0.42, 23954
0.43, 23954
0.44, 23954
0.45, 23954
0.46, 23954
0.47, 23954
0.48, 23765
0.49, 23765
0.5, 23765
0.51, 23765
0.52, 23568
0.53, 23568
0.54, 23568
0.55, 23568
0.56, 23568
0.57, 23568
0.58, 23568
0.59, 23568
0.6, 23568
0.61, 23568
0.62, 23568
0.63, 23568
0.64, 23568
0.65, 23568
0.66, 23568
0.67, 23568
0.68, 23568
0.69, 23568
0.7, 23568
0.71, 23568
0.72, 23568
0.73, 23568
0.74, 23568
0.75, 23568
0.76, 23568
0.77, 23568
0.78, 23568
0.79, 23568
0.8, 23568
0.81, 23568
0.82, 23568
0.83, 23568
0.84, 23568
0.85, 23568
0.86, 23568
0.87, 23568
0.88, 23568
0.89, 23568
0.9, 23568
0.91, 23568
0.92, 23568
0.93, 23568
0.94, 23568
0.95, 23568
0.96, 23568
0.97, 23568
0.98, 23568
0.99, 23568
1.0, 23568
1.01, 23568
1.02, 23568
1.03, 23568
1.04, 23568
1.05, 23568
1.06, 23568
1.07, 23568
1.08, 23568
1.09, 23568
1.1, 23568
1.11, 23568
1.12, 23568
1.13, 23568
1.14, 23568
1.15, 23568
1.16, 23568
1.17, 23568
1.18, 23568
1.19, 23568
1.2, 23568
1.21, 23568
1.22, 23568
1.23, 23568
1.24, 23568
1.25, 23568
1.26, 23568
1.27, 23568
1.28, 23568
1.29, 23568
1.3, 23568
1.31, 23568
1.32, 23568
1.33, 23568
1.34, 23568
1.35, 23568
1.36, 23568
1.37, 23568
1.38, 23568
1.39, 23568
1.4, 23568
1.41, 23568
1.42, 23568
1.43, 23568
1.44, 23568
1.45, 23568
1.46, 23568
1.47, 23568
1.48, 23568
1.49, 23568
1.5, 23568
1.51, 23568
1.52, 23568
1.53, 23568
1.54, 23568
1.55, 23568
1.56, 23568
1.57, 23568
1.58, 23568
1.59, 23568
1.6, 23568
1.61, 23568
1.62, 23568
1.63, 23568
1.64, 23568
1.65, 23568
1.66, 23568
1.67, 23568
1.68, 23568
1.69, 23568
1.7, 23568
1.71, 23568
1.72, 23568
1.73, 23568
1.74, 23568
1.75, 23568
1.76, 23568
1.77, 23568
1.78, 23568
1.79, 23568
1.8, 23568
1.81, 23568
1.82, 23568
1.83, 23568
1.84, 23568
1.85, 23568
1.86, 23568
1.87, 23568
1.88, 23568
1.89, 23568
1.9, 23568
1.91, 23568
1.92, 23568
1.93, 23568
1.94, 23568
1.95, 23568
1.96, 23568
1.97, 23568
1.98, 23568
1.99, 23568
2.0, 23568
2.01, 23568
2.02, 23568
2.03, 23568
2.04, 23568
2.05, 23568
2.06, 23568
2.07, 23568
2.08, 23568
2.09, 23568
2.1, 23568
2.11, 23568
2.12, 23568
2.13, 23568
2.14, 23568
2.15, 23568
2.16, 23568
2.17, 23568
2.18, 23568
2.19, 23568
2.2, 23568
2.21, 23568
2.22, 23568
2.23, 23568
2.24, 23568
2.25, 23568
2.26, 23568
2.27, 23568
2.28, 23568
2.29, 23568
2.3, 23568
2.31, 23568
2.32, 23568
2.33, 23568
2.34, 23568
2.35, 23568
2.36, 23568
2.37, 23288
2.38, 23288
2.39, 23288
2.4, 23288
2.41, 23288
2.42, 23288
2.43, 23288
2.44, 23288
2.45, 23288
2.46, 23288
2.47, 23288
2.48, 23288
2.49, 23288
2.5, 23288
2.51, 23288
2.52, 23288
2.53, 23288
2.54, 23288
2.55, 23288
2.56, 23288
2.57, 23288
2.58, 23288
2.59, 23288
2.6, 23288
2.61, 23288
2.62, 23288
2.63, 23288
2.64, 23288
2.65, 23288
2.66, 23288
2.67, 23288
2.68, 23288
2.69, 23288
2.7, 23288
2.71, 23288
2.72, 23288
2.73, 23288
2.74, 23288
2.75, 23288
2.76, 23288
2.77, 23288
2.78, 23288
2.79, 23288
2.8, 23288
2.81, 23288
2.82, 23288
2.83, 23288
2.84, 23288
2.85, 23288
2.86, 23288
2.87, 23288
2.88, 23288
2.89, 23288
2.9, 23288
2.91, 23288
2.92, 23288
2.93, 23288
2.94, 23288
2.95, 23288
2.96, 23288
2.97, 23288
2.98, 23288
2.99, 23288
3.0, 23288
3.01, 23288
3.02, 23288
3.03, 23288
3.04, 23288
3.05, 23288
3.06, 23288
3.07, 23288
3.08, 23288
3.09, 23288
3.1, 23288
3.11, 23288
3.12, 23288
3.13, 23288
3.14, 23288
3.15, 23288
3.16, 23288
3.17, 23288
3.18, 23288
3.19, 23288
3.2, 23288
3.21, 23288
3.22, 23288
3.23, 23288
3.24, 23288
3.25, 23288
3.26, 23288
3.27, 23288
3.28, 23288
3.29, 23288
3.3, 23288
3.31, 23288
3.32, 23288
3.33, 23288
3.34, 23288
3.35, 23288
3.36, 23288
3.37, 23288
3.38, 23288
3.39, 23288
3.4, 23288
3.41, 23288
3.42, 23288
3.43, 23288
3.44, 23288
3.45, 23288
3.46, 23288
3.47, 23288
3.48, 23288
3.49, 23288
3.5, 23288
3.51, 23288
3.52, 23288
3.53, 23288
3.54, 23288
3.55, 23288
3.56, 23288
3.57, 23288
3.58, 23288
3.59, 23288
3.6, 23288
3.61, 23288
3.62, 23288
3.63, 23288
3.64, 23288
3.65, 23288
3.66, 23288
3.67, 23288
3.68, 23288
3.69, 23288
3.7, 23288
3.71, 23288
3.72, 23288
3.73, 23288
3.74, 23288
3.75, 23288
3.76, 23288
3.77, 23288
3.78, 23288
3.79, 23288
3.8, 23288
3.81, 23288
3.82, 23288
3.83, 23288
3.84, 23288
3.85, 23288
3.86, 23288
3.87, 23288
3.88, 23288
3.89, 23288
3.9, 23288
3.91, 23288
3.92, 23288
3.93, 23288
3.94, 23288
3.95, 23288
3.96, 23288
3.97, 23288
3.98, 23288
3.99, 23288
4.0, 23288
4.01, 23288
4.02, 23288
4.03, 23288
4.04, 23288
4.05, 23288
4.06, 23288
4.07, 23288
4.08, 23288
4.09, 23288
4.1, 23288
4.11, 23288
4.12, 23288
4.13, 23288
4.14, 23288
4.15, 23288
4.16, 23288
4.17, 23288
4.18, 23288
4.19, 23288
4.2, 23288
4.21, 23288
4.22, 23288
4.23, 23288
4.24, 23288
4.25, 23288
4.26, 23288
4.27, 23288
4.28, 23288
4.29, 23288
4.3, 23288
4.31, 23288
4.32, 23288
4.33, 23288
4.34, 23288
4.35, 23288
4.36, 23288
4.37, 23288
4.38, 23288
4.39, 23288
4.4, 23288
4.41, 23288
4.42, 23288
4.43, 23288
4.44, 23288
4.45, 23288
4.46, 23288
4.47, 23288
4.48, 23288
4.49, 23288
4.5, 23288
4.51, 23288
4.52, 23288
4.53, 23288
4.54, 23288
4.55, 23288
4.56, 23288
4.57, 23288
4.58, 23288
4.59, 23288
4.6, 23288
4.61, 23288
4.62, 23288
4.63, 23288
4.64, 23288
4.65, 23288
4.66, 23288
4.67, 23288
4.68, 23288
4.69, 23288
4.7, 23288
4.71, 23288
4.72, 23288
4.73, 23288
4.74, 23288
4.75, 23288
4.76, 23288
4.77, 23288
4.78, 23288
4.79, 23288
4.8, 23288
4.81, 23288
4.82, 23288
4.83, 23288
4.84, 23288
4.85, 23288
4.86, 23288
4.87, 23288
4.88, 23288
4.89, 23288
4.9, 23288
4.91, 23288
4.92, 23288
4.93, 23288
4.94, 23288
4.95, 23288
4.96, 23288
4.97, 23288
4.98, 23036
4.99, 23036
5.0, 23036
5.01, 23036
5.02, 23036
5.03, 23036
5.04, 23036
5.05, 23036
5.06, 23036
5.07, 23036
5.08, 23036
5.09, 23036
5.1, 23036
5.11, 23036
5.12, 23036
5.13, 23036
5.14, 23036
5.15, 23036
5.16, 23036
5.17, 23036
5.18, 23036
5.19, 23036
5.2, 23036
5.21, 23036
5.22, 23036
5.23, 23036
5.24, 23036
5.25, 23036
5.26, 23036
5.27, 23036
5.28, 23036
5.29, 23036
5.3, 23036
5.31, 23036
5.32, 23036
5.33, 23036
5.34, 23036
5.35, 23036
5.36, 23036
5.37, 23036
5.38, 23036
5.39, 23036
5.4, 23036
5.41, 23036
5.42, 23036
5.43, 23036
5.44, 23036
5.45, 23036
5.46, 23036
5.47, 23036
5.48, 23036
5.49, 23036
5.5, 23036
5.51, 23036
5.52, 23036
5.53, 23036
5.54, 23036
5.55, 23036
5.56, 23036
5.57, 22772
5.58, 22772
5.59, 22772
5.6, 22772
5.61, 22772
5.62, 22772
5.63, 22772
5.64, 22772
5.65, 22772
5.66, 22772
5.67, 22772
5.68, 22772
5.69, 22772
5.7, 22772
5.71, 22772
5.72, 22772
5.73, 22772
5.74, 22772
5.75, 22772
5.76, 22772
5.77, 22772
5.78, 22772
5.79, 22772
5.8, 22772
5.81, 22772
5.82, 22772
5.83, 22772
5.84, 22772
5.85, 22772
5.86, 22772
5.87, 22772
5.88, 22772
5.89, 22772
5.9, 22772
5.91, 22772
5.92, 22772
5.93, 22772
5.94, 22772
5.95, 22772
5.96, 22772
5.97, 22772
5.98, 22772
5.99, 22772
6.0, 22772
6.01, 22772
6.02, 22772
6.03, 22772
6.04, 22772
6.05, 22772
6.06, 22772
6.07, 22772
6.08, 22772
6.09, 22772
6.1, 22772
6.11, 22772
6.12, 22772
6.13, 22772
6.14, 22772
6.15, 22772
6.16, 22772
6.17, 22772
6.18, 22772
6.19, 22772
6.2, 22772
6.21, 22772
6.22, 22772
6.23, 22772
6.24, 22772
6.25, 22772
6.26, 22772
6.27, 22772
6.28, 22772
6.29, 22772
6.3, 22772
6.31, 22772
6.32, 22772
6.33, 22772
6.34, 22772
6.35, 22772
6.36, 22772
6.37, 22772
6.38, 22772
6.39, 22772
6.4, 22772
6.41, 22772
6.42, 22772
6.43, 22772
6.44, 22772
6.45, 22772
6.46, 22772
6.47, 22772
6.48, 22772
6.49, 22772
6.5, 22772
6.51, 22772
6.52, 22772
6.53, 22772
6.54, 22772
6.55, 22772
6.56, 22772
6.57, 22772
6.58, 22772
6.59, 22772
6.6, 22772
6.61, 22772
6.62, 22772
6.63, 22772
6.64, 22772
6.65, 22772
6.66, 22772
6.67, 22772
6.68, 22772
6.69, 22772
6.7, 22772
6.71, 22772
6.72, 22772
6.73, 22772
6.74, 22772
6.75, 22772
6.76, 22772
6.77, 22772
6.78, 22772
6.79, 22772
6.8, 22772
6.81, 22772
6.82, 22772
6.83, 22772
6.84, 22772
6.85, 22772
6.86, 22772
6.87, 22772
6.88, 22772
6.89, 22772
6.9, 22772
6.91, 22772
6.92, 22772
6.93, 22772
6.94, 22772
6.95, 22772
6.96, 22772
6.97, 22772
6.98, 22772
6.99, 22772
7.0, 22772
7.01, 22772
7.02, 22772
7.03, 22772
7.04, 22772
7.05, 22772
7.06, 22772
7.07, 22772
7.08, 22772
7.09, 22772
7.1, 22772
7.11, 22772
7.12, 22772
7.13, 22772
7.14, 22772
7.15, 22772
7.16, 22772
7.17, 22772
7.18, 22772
7.19, 22772
7.2, 22772
7.21, 22772
7.22, 22772
7.23, 22772
7.24, 22772
7.25, 22772
7.26, 22772
7.27, 22772
7.28, 22772
7.29, 22772
7.3, 22772
7.31, 22772
7.32, 22772
7.33, 22772
7.34, 22772
7.35, 22772
7.36, 22772
7.37, 22772
7.38, 22772
7.39, 22571
7.4, 22571
7.41, 22571
7.42, 22571
7.43, 22571
7.44, 22571
7.45, 22571
7.46, 22571
7.47, 22571
7.48, 22571
7.49, 22571
7.5, 22571
7.51, 22571
7.52, 22571
7.53, 22571
7.54, 22571
7.55, 22571
7.56, 22571
7.57, 22571
7.58, 22571
7.59, 22571
7.6, 22571
7.61, 22571
7.62, 22571
7.63, 22571
7.64, 22571
7.65, 22571
7.66, 22571
7.67, 22571
7.68, 22571
7.69, 22571
7.7, 22571
7.71, 22571
7.72, 22571
7.73, 22571
7.74, 22571
7.75, 22571
7.76, 22571
7.77, 22571
7.78, 22571
7.79, 22571
7.8, 22571
7.81, 22571
7.82, 22571
7.83, 22571
7.84, 22571
7.85, 22571
7.86, 22571
7.87, 22571
7.88, 22571
7.89, 22571
7.9, 22571
7.91, 22571
7.92, 22571
7.93, 22571
7.94, 22571
7.95, 22571
7.96, 22571
7.97, 22571
7.98, 22571
7.99, 22571
8.0, 22571
8.01, 22571
8.02, 22571
8.03, 22571
8.04, 22571
8.05, 22571
8.06, 22571
8.07, 22571
8.08, 22571
8.09, 22571
8.1, 22571
8.11, 22571
8.12, 22571
8.13, 22571
8.14, 22571
8.15, 22571
8.16, 22571
8.17, 22571
8.18, 22571
8.19, 22571
8.2, 22571
8.21, 22571
8.22, 22571
8.23, 22571
8.24, 22571
8.25, 22571
8.26, 22571
8.27, 22571
8.28, 22571
8.29, 22571
8.3, 22571
8.31, 22571
8.32, 22571
8.33, 22571
8.34, 22571
8.35, 22571
8.36, 22571
8.37, 22571
8.38, 22571
8.39, 22571
8.4, 22571
8.41, 22571
8.42, 22571
8.43, 22571
8.44, 22571
8.45, 22571
8.46, 22571
8.47, 22571
8.48, 22571
8.49, 22571
8.5, 22571
8.51, 22571
8.52, 22571
8.53, 22571
8.54, 22571
8.55, 22571
8.56, 22571
8.57, 22571
8.58, 22571
8.59, 22571
8.6, 22571
8.61, 22571
8.62, 22571
8.63, 22571
8.64, 22571
8.65, 22571
8.66, 22571
8.67, 22571
8.68, 22571
8.69, 22571
8.7, 22571
8.71, 22571
8.72, 22571
8.73, 22571
8.74, 22571
8.75, 22571
8.76, 22571
8.77, 22571
8.78, 22571
8.79, 22571
8.8, 22571
8.81, 22571
8.82, 22571
8.83, 22571
8.84, 22571
8.85, 22571
8.86, 22571
8.87, 22571
8.88, 22571
8.89, 22571
8.9, 22571
8.91, 22571
8.92, 22571
8.93, 22571
8.94, 22571
8.95, 22571
8.96, 22571
8.97, 22571
8.98, 22571
8.99, 22571
9.0, 22571
9.01, 22571
9.02, 22571
9.03, 22571
9.04, 22571
9.05, 22571
9.06, 22571
9.07, 22571
9.08, 22571
9.09, 22571
9.1, 22571
9.11, 22571
9.12, 22571
9.13, 22571
9.14, 22571
9.15, 22571
9.16, 22571
9.17, 22571
9.18, 22571
9.19, 22571
9.2, 22571
9.21, 22571
9.22, 22571
9.23, 22571
9.24, 22571
9.25, 22571
9.26, 22571
9.27, 22571
9.28, 22571
9.29, 22571
9.3, 22571
9.31, 22571
9.32, 22571
9.33, 22571
9.34, 22571
9.35, 22571
9.36, 22571
9.37, 22571
9.38, 22571
9.39, 22571
9.4, 22571
9.41, 22571
9.42, 22571
9.43, 22571
9.44, 22571
9.45, 22571
9.46, 22571
9.47, 22571
9.48, 22571
9.49, 22571
9.5, 22571
9.51, 22571
9.52, 22571
9.53, 22571
9.54, 22571
9.55, 22571
9.56, 22571
9.57, 22571
9.58, 22571
9.59, 22571
9.6, 22571
9.61, 22571
9.62, 22571
9.63, 22571
9.64, 22571
9.65, 22571
9.66, 22571
9.67, 22571
9.68, 22571
9.69, 22571
9.7, 22571
9.71, 22571
9.72, 22571
9.73, 22571
9.74, 22571
9.75, 22571
9.76, 22571
9.77, 22571
9.78, 22571
9.79, 22571
9.8, 22571
9.81, 22571
9.82, 22571
9.83, 22571
9.84, 22571
9.85, 22571
9.86, 22571
9.87, 22571
9.88, 22571
9.89, 22571
9.9, 22571
9.91, 22571
9.92, 22571
9.93, 22571
9.94, 22571
9.96, 22571
9.97, 22571
9.98, 22571
9.99, 22571
10.0, 22571
10.01, 22571
10.02, 22571
10.03, 22571
10.04, 22571
10.05, 22571
10.06, 22571
10.07, 22571
10.08, 22571
10.09, 22571
10.1, 22571
10.11, 22571
10.12, 22571
10.13, 22571
10.14, 22571
10.15, 22571
10.16, 22482
10.17, 22482
10.18, 22482
10.19, 22482
10.2, 22482
10.21, 22482
10.22, 22482
10.23, 22482
10.24, 22482
10.25, 22482
10.26, 22482
10.27, 22482
10.28, 22482
10.29, 22482
10.3, 22482
10.31, 22482
10.32, 22482
10.33, 22482
10.34, 22482
10.35, 22482
10.36, 22482
10.37, 22482
10.38, 22482
10.39, 22482
10.4, 22482
10.41, 22482
10.42, 22482
10.43, 22482
10.44, 22482
10.45, 22482
10.46, 22482
10.47, 22482
10.48, 22482
10.49, 22482
10.5, 22482
10.51, 22482
10.52, 22482
10.53, 22482
10.54, 22482
10.55, 22482
10.56, 22482
10.57, 22482
10.58, 22482
10.59, 22482
10.6, 22482
10.61, 22482
10.62, 22482
10.63, 22482
10.64, 22482
10.65, 22482
10.66, 22482
10.67, 22482
10.68, 22482
10.69, 22482
10.7, 22482
10.71, 22482
10.72, 22482
10.73, 22482
10.74, 22482
10.75, 22482
10.76, 22482
10.77, 22482
10.78, 22482
10.79, 22482
10.8, 22482
10.81, 22482
10.82, 22482
10.83, 22482
10.84, 22482
10.85, 22482
10.86, 22482
10.87, 22482
10.88, 22482
10.89, 22482
10.9, 22482
10.91, 22482
10.92, 22482
10.93, 22482
10.94, 22482
10.95, 22482
10.96, 22482
10.97, 22482
10.98, 22482
10.99, 22482
11.0, 22482
11.01, 22482
11.02, 22482
11.03, 22482
11.04, 22482
11.05, 22482
11.06, 22482
11.07, 22482
11.08, 22482
11.09, 22482
11.1, 22482
11.11, 22482
11.12, 22482
11.13, 22482
11.14, 22482
11.15, 22482
11.16, 22482
11.17, 22482
11.18, 22482
11.19, 22482
11.2, 22482
11.21, 22482
11.22, 22482
11.23, 22482
11.24, 22482
11.25, 22482
11.26, 22482
11.27, 22482
11.28, 22482
11.29, 22482
11.3, 22482
11.31, 22482
11.32, 22482
11.33, 22482
11.34, 22482
11.35, 22482
11.36, 22482
11.37, 22482
11.38, 22482
11.39, 22482
11.4, 22482
11.41, 22482
11.42, 22482
11.43, 22482
11.44, 22482
11.45, 22482
11.46, 22482
11.47, 22482
11.48, 22482
11.49, 22482
11.5, 22482
11.51, 22482
11.52, 22482
11.53, 22482
11.54, 22482
11.55, 22482
11.56, 22482
11.57, 22482
11.58, 22482
11.59, 22482
11.6, 22482
11.61, 22482
11.62, 22482
11.63, 22482
11.64, 22482
11.65, 22482
11.66, 22482
11.67, 22482
11.68, 22482
11.69, 22482
11.7, 22482
11.71, 22482
11.72, 22482
11.73, 22482
11.74, 22482
11.75, 22482
11.76, 22482
11.77, 22482
11.78, 22482
11.79, 22482
11.8, 22482
11.81, 22482
11.82, 22482
11.83, 22482
11.84, 22482
11.85, 22482
11.86, 22482
11.87, 22482
11.88, 22482
11.89, 22482
11.9, 22482
11.91, 22482
11.92, 22482
11.93, 22482
11.94, 22482
11.95, 22482
11.96, 22482
11.97, 22482
11.98, 22482
11.99, 22482
12.0, 22482
12.01, 22482
12.02, 22482
12.03, 22482
12.04, 22482
12.05, 22482
12.06, 22482
12.07, 22482
12.08, 22482
12.09, 22482
12.1, 22482
12.11, 22482
12.12, 22482
12.13, 22482
12.14, 22482
12.15, 22482
12.16, 22482
12.17, 22482
12.18, 22482
12.19, 22482
12.2, 22482
12.21, 22482
12.22, 22482
12.23, 22482
12.24, 22482
12.25, 22482
12.26, 22482
12.27, 22482
12.28, 22482
12.29, 22482
12.3, 22482
12.31, 22482
12.32, 22482
12.33, 22482
12.34, 22482
12.35, 22482
12.36, 22482
12.37, 22482
12.38, 22482
12.39, 22482
12.4, 22482
12.41, 22482
12.42, 22482
12.43, 22482
12.44, 22482
12.45, 22482
12.46, 22482
12.47, 22482
12.48, 22482
12.49, 22482
12.5, 22482
12.51, 22482
12.52, 22482
12.53, 22482
12.54, 22482
12.55, 22482
12.56, 22482
12.57, 22482
12.58, 22482
12.59, 22482
12.6, 22482
12.61, 22482
12.62, 22482
12.63, 22482
12.64, 22482
12.65, 22482
12.66, 22482
12.67, 22482
12.68, 22482
12.69, 22482
12.7, 22482
12.71, 22482
12.72, 22482
12.73, 22482
12.74, 22482
12.75, 22482
12.76, 22482
12.77, 22482
12.78, 22482
12.79, 22482
12.8, 22482
12.81, 22482
12.82, 22482
12.83, 22482
12.84, 22482
12.85, 22482
12.86, 22482
12.87, 22482
12.88, 22482
12.89, 22482
12.9, 22482
12.91, 22482
12.92, 22482
12.93, 22482
12.94, 22482
12.95, 22482
12.96, 22482
12.97, 22482
12.98, 22482
12.99, 22482
13.0, 22482
13.01, 22482
13.02, 22482
13.03, 22482
13.04, 22482
13.05, 22482
13.06, 22482
13.07, 22482
13.08, 22482
13.09, 22482
13.1, 22482
13.11, 22482
13.12, 22482
13.13, 22482
13.14, 22482
13.15, 22482
13.16, 22482
13.17, 22482
13.18, 22482
13.19, 22482
13.2, 22482
13.21, 22482
13.22, 22482
13.23, 22482
13.24, 22482
13.25, 22482
13.26, 22482
13.27, 22482
13.28, 22482
13.29, 22482
13.3, 22482
13.31, 22482
13.32, 22482
13.33, 22482
13.34, 22482
13.35, 22482
13.36, 22482
13.37, 22482
13.38, 22482
13.39, 22482
13.4, 22482
13.41, 22482
13.42, 22482
13.43, 22482
13.44, 22482
13.45, 22482
13.46, 22482
13.47, 22482
13.48, 22482
13.49, 22482
13.5, 22482
13.51, 22482
13.52, 22482
13.53, 22482
13.54, 22482
13.55, 22482
13.56, 22482
13.57, 22482
13.58, 22482
13.59, 22482
13.6, 22482
13.61, 22482
13.62, 22482
13.63, 22482
13.64, 22482
13.65, 22482
13.66, 22482
13.67, 22482
13.68, 22482
13.69, 22482
13.7, 22482
13.71, 22482
13.72, 22482
13.73, 22482
13.74, 22482
13.75, 22482
13.76, 22482
13.77, 22482
13.78, 22482
13.79, 22482
13.8, 22482
13.81, 22482
13.82, 22482
13.83, 22482
13.84, 22482
13.85, 22482
13.86, 22482
13.87, 22482
13.88, 22482
13.89, 22482
13.9, 22482
13.91, 22482
13.92, 22482
13.93, 22482
13.94, 22482
13.95, 22482
13.96, 22482
13.97, 22482
13.98, 22482
13.99, 22482
14.0, 22482
14.01, 22482
14.02, 22482
14.03, 22482
14.04, 22482
14.05, 22482
14.06, 22482
14.07, 22482
14.08, 22482
14.09, 22482
14.1, 22482
14.11, 22482
14.12, 22482
14.13, 22482
14.14, 22482
14.15, 22482
14.16, 22482
14.17, 22482
14.18, 22482
14.19, 22482
14.2, 22482
14.21, 22482
14.22, 22482
14.23, 22482
14.24, 22482
14.25, 22482
14.26, 22482
14.27, 22482
14.28, 22482
14.29, 22482
14.3, 22482
14.31, 22482
14.32, 22482
14.33, 22482
14.34, 22482
14.35, 22482
14.36, 22482
14.37, 22482
14.38, 22482
14.39, 22482
14.4, 22482
14.41, 22482
14.42, 22482
14.43, 22482
14.44, 22482
14.45, 22482
14.46, 22482
14.47, 22482
14.48, 22482
14.49, 22482
14.5, 22482
14.51, 22482
14.52, 22482
14.53, 22482
14.54, 22482
14.55, 22482
14.56, 22482
14.57, 22482
14.58, 22482
14.59, 22482
14.6, 22482
14.61, 22482
14.62, 22482
14.63, 22482
14.64, 22482
14.65, 22482
14.66, 22482
14.67, 22482
14.68, 22482
14.69, 22482
14.7, 22482
14.71, 22482
14.72, 22482
14.73, 22482
14.74, 22482
14.75, 22482
14.76, 22482
14.77, 22482
14.78, 22482
14.79, 22482
14.8, 22482
14.81, 22482
14.82, 22482
14.83, 22482
14.84, 22482
14.85, 22482
14.86, 22482
14.87, 22482
14.88, 22482
14.89, 22482
14.9, 22482
14.91, 22482
14.92, 22482
14.93, 22482
14.94, 22482
14.95, 22482
14.96, 22482
14.97, 22482
14.98, 22482
14.99, 22482
15.0, 22482
15.01, 22482
15.02, 22482
15.03, 22482
15.04, 22482
15.05, 22482
15.06, 22482
15.07, 22482
15.08, 22482
15.09, 22482
15.1, 22482
15.11, 22482
15.12, 22482
15.13, 22482
15.14, 22482
15.15, 22482
15.16, 22482
15.17, 22482
15.18, 22482
15.19, 22482
15.2, 22482
15.21, 22482
15.22, 22482
15.23, 22482
15.24, 22482
15.25, 22482
15.26, 22482
15.27, 22482
15.28, 22482
15.29, 22482
15.3, 22482
15.31, 22482
15.32, 22482
15.33, 22482
15.34, 22482
15.35, 22482
15.36, 22482
15.37, 22482
15.38, 22482
15.39, 22482
15.4, 22482
15.41, 22482
15.42, 22482
15.43, 22482
15.44, 22482
15.45, 22482
15.46, 22482
15.47, 22482
15.48, 22482
15.49, 22482
15.5, 22482
15.51, 22482
15.52, 22482
15.53, 22482
15.54, 22482
15.55, 22482
15.56, 22482
15.57, 22482
15.58, 22482
15.59, 22482
15.6, 22482
15.61, 22482
15.62, 22482
15.63, 22482
15.64, 22482
15.65, 22482
15.66, 22482
15.67, 22482
15.68, 22482
15.69, 22482
15.7, 22482
15.71, 22482
15.72, 22482
15.73, 22482
15.74, 22482
15.75, 22482
15.76, 22482
15.77, 22482
15.78, 22482
15.79, 22482
15.8, 22482
15.81, 22482
15.82, 22482
15.83, 22482
15.84, 22482
15.85, 22482
15.86, 22482
15.87, 22482
15.88, 22482
15.89, 22482
15.9, 22482
15.91, 22482
15.92, 22482
15.93, 22482
15.94, 22482
15.95, 22482
15.96, 22482
15.97, 22482
15.98, 22482
15.99, 22482
16.0, 22482
16.01, 22482
16.02, 22482
16.03, 22482
16.04, 22482
16.05, 22482
16.06, 22482
16.07, 22482
16.08, 22482
16.09, 22482
16.1, 22482
16.11, 22482
16.12, 22482
16.13, 22482
16.14, 22482
16.15, 22482
16.16, 22482
16.17, 22482
16.18, 22482
16.19, 22482
16.2, 22482
16.21, 22482
16.22, 22482
16.23, 22482
16.24, 22482
16.25, 22482
16.26, 22482
16.27, 22482
16.28, 22482
16.29, 22482
16.3, 22482
16.31, 22482
16.32, 22482
16.33, 22482
16.34, 22482
16.35, 22482
16.36, 22482
16.37, 22482
16.38, 22482
16.39, 22482
16.4, 22482
16.41, 22482
16.42, 22482
16.43, 22482
16.44, 22482
16.45, 22482
16.46, 22482
16.47, 22482
16.48, 22482
16.49, 22482
16.5, 22482
16.51, 22482
16.52, 22482
16.53, 22482
16.54, 22482
16.55, 22482
16.56, 22482
16.57, 22482
16.58, 22482
16.59, 22482
16.6, 22482
16.61, 22482
16.62, 22482
16.63, 22482
16.64, 22482
16.65, 22482
16.66, 22482
16.67, 22482
16.68, 22482
16.69, 22482
16.7, 22482
16.71, 22482
16.72, 22482
16.73, 22482
16.74, 22482
16.75, 22482
16.76, 22482
16.77, 22482
16.78, 22482
16.79, 22482
16.8, 22482
16.81, 22482
16.82, 22482
16.83, 22482
16.84, 22482
16.85, 22482
16.86, 22482
16.87, 22482
16.88, 22482
16.89, 22482
16.9, 22482
16.91, 22482
16.92, 22482
16.93, 22482
16.94, 22482
16.95, 22482
16.96, 22482
16.97, 22482
16.98, 22482
16.99, 22482
17.0, 22482
17.01, 22482
17.02, 22482
17.03, 22482
17.04, 22482
17.05, 22482
17.06, 22482
17.07, 22482
17.08, 22482
17.09, 22482
17.1, 22482
17.11, 22482
17.12, 22482
17.13, 22482
17.14, 22482
17.15, 22482
17.16, 22482
17.17, 22482
17.18, 22482
17.19, 22482
17.2, 22482
17.21, 22482
17.22, 22482
17.23, 22482
17.24, 22482
17.25, 22482
17.26, 22482
17.27, 22482
17.28, 22482
17.29, 22482
17.3, 22482
17.31, 22482
17.32, 22482
17.33, 22482
17.34, 22482
17.35, 22482
17.36, 22482
17.37, 22482
17.38, 22482
17.39, 22482
17.4, 22482
17.41, 22482
17.42, 22482
17.43, 22482
17.44, 22482
17.45, 22482
17.46, 22482
17.47, 22482
17.48, 22482
17.49, 22482
17.5, 22482
17.51, 22482
17.52, 22482
17.53, 22482
17.54, 22482
17.55, 22482
17.56, 22482
17.57, 22482
17.58, 22482
17.59, 22482
17.6, 22482
17.61, 22482
17.62, 22482
17.63, 22482
17.64, 22482
17.65, 22482
17.66, 22482
17.67, 22482
17.68, 22482
17.69, 22482
17.7, 22482
17.71, 22482
17.72, 22482
17.73, 22482
17.74, 22482
17.75, 22482
17.76, 22482
17.77, 22482
17.78, 22482
17.79, 22482
17.8, 22482
17.81, 22482
17.82, 22482
17.83, 22482
17.84, 22482
17.85, 22482
17.86, 22482
17.87, 22482
17.88, 22482
17.89, 22482
17.9, 22482
17.91, 22482
17.92, 22482
17.93, 22482
17.94, 22482
17.95, 22482
17.96, 22482
17.97, 22482
17.98, 22482
17.99, 22482
18.0, 22482
18.01, 22482
18.02, 22482
18.03, 22482
18.04, 22482
18.05, 22482
18.06, 22482
18.07, 22482
18.08, 22482
18.09, 22482
18.1, 22482
18.11, 22482
18.12, 22482
18.13, 22482
18.14, 22482
18.15, 22482
18.16, 22482
18.17, 22482
18.18, 22482
18.19, 22482
18.2, 22482
18.21, 22482
18.22, 22482
18.23, 22482
18.24, 22482
18.25, 22482
18.26, 22482
18.27, 22482
18.28, 22482
18.29, 22482
18.3, 22482
18.31, 22482
18.32, 22482
18.33, 22482
18.34, 22482
18.35, 22482
18.36, 22482
18.37, 22482
18.38, 22482
18.39, 22482
18.4, 22482
18.41, 22482
18.42, 22482
18.43, 22482
18.44, 22482
18.45, 22482
18.46, 22482
18.47, 22482
18.48, 22482
18.49, 22482
18.5, 22482
18.51, 22482
18.52, 22482
18.53, 22482
18.54, 22482
18.55, 22482
18.56, 22482
18.57, 22482
18.58, 22482
18.59, 22482
18.6, 22482
18.61, 22482
18.62, 22482
18.63, 22482
18.64, 22482
18.65, 22482
18.66, 22482
18.67, 22482
18.68, 22482
18.69, 22482
18.7, 22482
18.71, 22482
18.72, 22482
18.73, 22482
18.74, 22482
18.75, 22482
18.76, 22482
18.77, 22482
18.78, 22482
18.79, 22482
18.8, 22482
18.81, 22482
18.82, 22482
18.83, 22482
18.84, 22482
18.85, 22482
18.86, 22482
18.87, 22482
18.88, 22482
18.89, 22482
18.9, 22482
18.91, 22482
18.92, 22482
18.93, 22482
18.94, 22482
18.95, 22482
18.96, 22482
18.97, 22482
18.98, 22482
18.99, 22482
19.0, 22482
19.01, 22482
19.02, 22482
19.03, 22482
19.04, 22482
19.05, 22482
19.06, 22482
19.07, 22482
19.08, 22482
19.09, 22482
19.1, 22482
19.11, 22482
19.12, 22482
19.13, 22482
19.14, 22482
19.15, 22482
19.16, 22482
19.17, 22482
19.18, 22482
19.19, 22482
19.2, 22482
19.21, 22482
19.22, 22482
19.23, 22482
19.24, 22482
19.25, 22482
19.26, 22482
19.27, 22482
19.28, 22482
19.29, 22482
19.3, 22482
19.31, 22482
19.32, 22482
19.33, 22482
19.34, 22482
19.35, 22482
19.36, 22482
19.37, 22482
19.38, 22482
19.39, 22482
19.4, 22482
19.41, 22482
19.42, 22482
19.43, 22482
19.44, 22482
19.45, 22482
19.46, 22482
19.47, 22482
19.48, 22482
19.49, 22482
19.5, 22482
19.51, 22482
19.52, 22482
19.53, 22482
19.54, 22482
19.55, 22482
19.56, 22482
19.57, 22482
19.58, 22482
19.59, 22482
19.6, 22482
19.61, 22482
19.62, 22482
19.63, 22482
19.64, 22482
19.65, 22482
19.66, 22482
19.67, 22482
19.68, 22482
19.69, 22482
19.7, 22482
19.71, 22482
19.72, 22482
19.73, 22482
19.74, 22482
19.75, 22482
19.76, 22482
19.77, 22482
19.78, 22482
19.79, 22482
19.8, 22482
19.81, 22482
19.82, 22482
19.83, 22482
19.84, 22482
19.85, 22482
19.86, 22482
19.87, 22482
19.88, 22482
19.89, 22482
19.9, 22482
19.91, 22482
19.92, 22482
19.93, 22482
19.94, 22482
19.95, 22482
19.96, 22482
19.97, 22482
19.98, 22482
19.99, 22482
20.0, 22482
20.01, 22482
20.02, 22482
20.03, 22482
20.04, 22482
20.05, 22482
20.06, 22482
20.07, 22482
20.08, 22482
20.09, 22482
20.1, 22482
20.11, 22482
20.12, 22482
20.13, 22482
20.14, 22482
20.15, 22482
20.16, 22482
20.17, 22482
20.18, 22482
20.19, 22482
20.2, 22482
20.21, 22482
20.22, 22482
20.23, 22482
20.24, 22482
20.25, 22482
20.26, 22482
20.27, 22482
20.28, 22482
20.29, 22482
20.3, 22482
20.31, 22482
20.32, 22482
20.33, 22482
20.34, 22482
20.35, 22482
20.36, 22482
20.37, 22482
20.38, 22482
20.39, 22482
20.4, 22482
20.41, 22482
20.42, 22482
20.43, 22482
20.44, 22482
20.45, 22482
20.46, 22482
20.47, 22482
20.48, 22482
20.49, 22482
20.5, 22482
20.51, 22482
20.52, 22482
20.53, 22482
20.54, 22482
20.55, 22482
20.56, 22482
20.57, 22482
20.58, 22482
20.59, 22482
20.6, 22482
20.61, 22482
20.62, 22482
20.63, 22482
20.64, 22482
20.65, 22482
20.66, 22482
20.67, 22482
20.68, 22482
20.69, 22482
20.7, 22482
20.71, 22482
20.72, 22482
20.73, 22482
20.74, 22482
20.75, 22482
20.76, 22482
20.77, 22482
20.78, 22482
20.79, 22482
20.8, 22482
20.81, 22482
20.82, 22482
20.83, 22482
20.84, 22482
20.85, 22482
20.86, 22482
20.87, 22482
20.88, 22482
20.89, 22482
20.9, 22482
20.91, 22482
20.92, 22482
20.93, 22482
20.94, 22482
20.95, 22482
20.96, 22482
20.97, 22482
20.98, 22482
20.99, 22482
21.0, 22482
21.01, 22482
21.02, 22482
21.03, 22482
21.04, 22482
21.05, 22482
21.06, 22482
21.07, 22482
21.08, 22482
21.09, 22482
21.1, 22482
21.11, 22482
21.12, 22482
21.13, 22482
21.14, 22482
21.15, 22482
21.16, 22482
21.17, 22482
21.18, 22482
21.19, 22482
21.2, 22482
21.21, 22482
21.22, 22482
21.23, 22482
21.24, 22482
21.25, 22482
21.26, 22482
21.27, 22482
21.28, 22482
21.29, 22482
21.3, 22482
21.31, 22482
21.32, 22482
21.33, 22482
21.34, 22482
21.35, 22482
21.36, 22482
21.37, 22482
21.38, 22482
21.39, 22482
21.4, 22482
21.41, 22482
21.42, 22482
21.43, 22482
21.44, 22482
21.45, 22482
21.46, 22482
21.47, 22482
21.48, 22482
21.49, 22482
21.5, 22482
21.51, 22482
21.52, 22482
21.53, 22482
21.54, 22482
21.55, 22482
21.56, 22482
21.57, 22482
21.58, 22482
21.59, 22482
21.6, 22482
21.61, 22482
21.62, 22482
21.64, 22482
21.65, 22482
21.66, 22482
21.67, 22482
21.68, 22482
21.69, 22482
21.7, 22482
21.71, 22482
21.72, 22482
21.73, 22482
21.74, 22482
21.75, 22482
21.76, 22482
21.77, 22482
21.78, 22482
21.79, 22482
21.8, 22482
21.81, 22482
21.82, 22482
21.83, 22482
21.84, 22482
21.85, 22482
21.86, 22482
21.87, 22482
21.88, 22482
21.89, 22482
21.9, 22482
21.91, 22482
21.92, 22482
21.93, 22482
21.94, 22482
21.95, 22482
21.96, 22482
21.97, 22482
21.98, 22482
21.99, 22482
22.0, 22482
22.01, 22482
22.02, 22482
22.03, 22482
22.04, 22482
22.05, 22482
22.06, 22482
22.07, 22482
22.08, 22482
22.09, 22482
22.1, 22482
22.11, 22482
22.12, 22482
22.13, 22482
22.14, 22482
22.15, 22482
22.16, 22482
22.17, 22482
22.18, 22482
22.19, 22482
22.2, 22482
22.21, 22482
22.22, 22482
22.23, 22482
22.24, 22482
22.25, 22482
22.26, 22482
22.27, 22482
22.28, 22482
22.29, 22482
22.3, 22482
22.31, 22482
22.32, 22482
22.33, 22482
22.34, 22482
22.35, 22482
22.36, 22482
22.37, 22482
22.38, 22482
22.39, 22482
22.4, 22482
22.41, 22482
22.42, 22482
22.43, 22482
22.44, 22482
22.45, 22482
22.46, 22482
22.47, 22482
22.48, 22482
22.49, 22482
22.5, 22482
22.51, 22482
22.52, 22482
22.53, 22482
22.54, 22482
22.55, 22482
22.56, 22482
22.57, 22482
22.58, 22482
22.59, 22482
22.6, 22482
22.61, 22482
22.62, 22482
22.63, 22482
22.64, 22482
22.65, 22482
22.66, 22482
22.67, 22482
22.68, 22482
22.69, 22482
22.7, 22482
22.71, 22482
22.72, 22482
22.73, 22482
22.74, 22482
22.75, 22482
22.76, 22482
22.77, 22482
22.78, 22482
22.79, 22482
22.8, 22482
22.81, 22482
22.82, 22482
22.83, 22482
22.84, 22482
22.85, 22482
22.86, 22482
22.87, 22482
22.88, 22482
22.89, 22482
22.9, 22482
22.91, 22482
22.92, 22482
22.93, 22482
22.94, 22482
22.95, 22482
22.96, 22482
22.97, 22482
22.98, 22482
22.99, 22482
23.0, 22482
23.01, 22482
23.02, 22482
23.03, 22482
23.04, 22482
23.05, 22482
23.06, 22482
23.07, 22482
23.08, 22482
23.09, 22482
23.1, 22482
23.11, 22482
23.12, 22482
23.13, 22482
23.14, 22482
23.15, 22482
23.16, 22482
23.17, 22482
23.18, 22482
23.19, 22482
23.2, 22482
23.21, 22482
23.22, 22482
23.23, 22482
23.24, 22482
23.25, 22482
23.26, 22482
23.27, 22482
23.28, 22482
23.29, 22482
23.3, 22482
23.31, 22482
23.32, 22482
23.33, 22482
23.34, 22482
23.35, 22482
23.36, 22482
23.37, 22482
23.38, 22482
23.39, 22482
23.4, 22482
23.41, 22482
23.42, 22482
23.43, 22482
23.44, 22482
23.45, 22482
23.46, 22482
23.47, 22482
23.48, 22482
23.49, 22482
23.5, 22482
23.51, 22482
23.52, 22482
23.53, 22482
23.54, 22482
23.55, 22482
23.56, 22482
23.57, 22482
23.58, 22482
23.59, 22482
23.6, 22482
23.61, 22482
23.62, 22482
23.63, 22482
23.64, 22482
23.65, 22482
23.66, 22482
23.67, 22482
23.68, 22482
23.69, 22482
23.7, 22482
23.71, 22482
23.72, 22482
23.73, 22482
23.74, 22482
23.75, 22482
23.76, 22482
23.77, 22482
23.78, 22482
23.79, 22482
23.8, 22482
23.81, 22482
23.82, 22482
23.83, 22482
23.84, 22482
23.85, 22482
23.86, 22482
23.87, 22482
23.88, 22482
23.89, 22482
23.9, 22482
23.91, 22482
23.92, 22482
23.93, 22482
23.94, 22482
23.95, 22482
23.96, 22302
23.97, 22302
23.98, 22302
23.99, 22302
24.0, 22302
24.01, 22302
24.02, 22302
24.03, 22302
24.04, 22302
24.05, 22302
24.06, 22302
24.07, 22302
24.08, 21946
24.09, 21946
24.1, 21946
24.11, 21946
24.12, 21946
24.13, 21946
24.14, 21946
24.15, 21946
24.16, 21946
24.17, 21946
24.18, 21946
24.19, 21946
24.2, 21946
24.21, 21946
24.22, 21946
24.23, 21946
24.24, 21946
24.25, 21946
24.26, 21946
24.27, 21946
24.28, 21946
24.29, 21946
24.3, 21946
24.31, 21946
24.32, 21946
24.33, 21946
24.34, 21946
24.35, 21946
24.36, 21946
24.37, 21946
24.38, 21946
24.39, 21946
24.4, 21946
24.41, 21946
24.42, 21946
24.43, 21946
24.44, 21946
24.45, 21946
24.46, 21946
24.47, 21946
24.48, 21946
24.49, 21946
24.5, 21946
24.51, 21946
24.52, 21946
24.53, 21946
24.54, 21946
24.55, 21946
24.56, 21946
24.57, 21946
24.58, 21946
24.59, 21946
24.6, 21946
24.61, 21946
24.62, 21946
24.63, 21946
24.64, 21946
24.65, 21946
24.66, 21946
24.67, 21946
24.68, 21946
24.69, 21946
24.7, 21946
24.71, 21946
24.72, 21946
24.73, 21946
24.74, 21946
24.75, 21946
24.76, 21946
24.77, 21946
24.78, 21946
24.79, 21946
24.8, 21946
24.81, 21946
24.82, 21946
24.83, 21946
24.84, 21946
24.85, 21946
24.86, 21946
24.87, 21946
24.88, 21946
24.89, 21946
24.9, 21946
24.91, 21946
24.92, 21946
24.93, 21946
24.94, 21946
24.95, 21946
24.96, 21946
24.97, 21946
24.98, 21946
24.99, 21946
25.0, 21946
25.01, 21946
25.02, 21946
25.03, 21946
25.04, 21946
25.05, 21946
25.06, 21946
25.07, 21946
25.08, 21946
25.09, 21946
25.1, 21946
25.11, 21946
25.12, 21946
25.13, 21946
25.14, 21946
25.15, 21946
25.16, 21946
25.17, 21946
25.18, 21946
25.19, 21946
25.2, 21946
25.21, 21946
25.22, 21946
25.23, 21946
25.24, 21946
25.25, 21946
25.26, 21946
25.27, 21946
25.28, 21946
25.29, 21946
25.3, 21946
25.31, 21946
25.32, 21946
25.33, 21946
25.34, 21946
25.35, 21946
25.36, 21946
25.37, 21946
25.38, 21946
25.39, 21946
25.4, 21946
25.41, 21946
25.42, 21946
25.43, 21946
25.44, 21946
25.45, 21946
25.46, 21946
25.47, 21946
25.48, 21946
25.49, 21946
25.5, 21946
25.51, 21946
25.52, 21946
25.53, 21946
25.54, 21946
25.55, 21946
25.56, 21946
25.57, 21946
25.58, 21946
25.59, 21946
25.6, 21946
25.61, 21946
25.62, 21946
25.63, 21946
25.64, 21946
25.65, 21946
25.66, 21946
25.67, 21946
25.68, 21946
25.69, 21946
25.7, 21946
25.71, 21946
25.72, 21946
25.73, 21946
25.74, 21946
25.75, 21946
25.76, 21946
25.77, 21946
25.78, 21946
25.79, 21946
25.8, 21946
25.81, 21946
25.82, 21946
25.83, 21946
25.84, 21946
25.85, 21946
25.86, 21946
25.87, 21946
25.88, 21946
25.89, 21946
25.9, 21946
25.91, 21946
25.92, 21946
25.93, 21946
25.94, 21946
25.95, 21946
25.96, 21946
25.97, 21946
25.98, 21946
25.99, 21946
26.0, 21946
26.01, 21946
26.02, 21946
26.03, 21946
26.04, 21946
26.05, 21946
26.06, 21946
26.07, 21946
26.08, 21946
26.09, 21946
26.1, 21946
26.11, 21946
26.12, 21946
26.13, 21946
26.14, 21946
26.15, 21946
26.16, 21946
26.17, 21946
26.18, 21946
26.19, 21946
26.2, 21946
26.21, 21946
26.22, 21946
26.23, 21946
26.24, 21946
26.25, 21946
26.26, 21946
26.27, 21946
26.28, 21946
26.29, 21946
26.3, 21946
26.31, 21946
26.32, 21946
26.33, 21946
26.34, 21946
26.35, 21946
26.36, 21946
26.37, 21946
26.38, 21946
26.39, 21946
26.4, 21946
26.41, 21946
26.42, 21946
26.43, 21946
26.44, 21946
26.45, 21946
26.46, 21946
26.47, 21946
26.48, 21946
26.49, 21946
26.5, 21946
26.51, 21946
26.52, 21946
26.53, 21946
26.54, 21946
26.55, 21946
26.56, 21946
26.57, 21946
26.58, 21946
26.59, 21946
26.6, 21946
26.61, 21946
26.62, 21946
26.63, 21946
26.64, 21946
26.65, 21946
26.66, 21946
26.67, 21946
26.68, 21946
26.69, 21946
26.7, 21946
26.71, 21946
26.72, 21946
26.73, 21946
26.74, 21946
26.75, 21946
26.76, 21946
26.77, 21946
26.78, 21946
26.79, 21946
26.8, 21946
26.81, 21946
26.82, 21946
26.83, 21946
26.84, 21946
26.85, 21946
26.86, 21946
26.87, 21946
26.88, 21946
26.89, 21946
26.9, 21946
26.91, 21946
26.92, 21946
26.93, 21946
26.94, 21946
26.95, 21946
26.96, 21946
26.97, 21946
26.98, 21946
26.99, 21946
27.0, 21946
27.01, 21946
27.02, 21946
27.03, 21946
27.04, 21946
27.05, 21946
27.06, 21946
27.07, 21946
27.08, 21946
27.09, 21946
27.1, 21946
27.11, 21946
27.12, 21946
27.13, 21946
27.14, 21946
27.15, 21946
27.16, 21946
27.17, 21946
27.18, 21946
27.19, 21946
27.2, 21946
27.21, 21946
27.22, 21946
27.23, 21946
27.24, 21946
27.25, 21946
27.26, 21946
27.27, 21946
27.28, 21946
27.29, 21946
27.3, 21946
27.31, 21946
27.32, 21946
27.33, 21946
27.34, 21946
27.35, 21946
27.36, 21946
27.37, 21946
27.38, 21946
27.39, 21946
27.4, 21946
27.41, 21946
27.42, 21946
27.43, 21946
27.44, 21946
27.45, 21946
27.46, 21946
27.47, 21946
27.48, 21946
27.49, 21946
27.5, 21946
27.51, 21946
27.52, 21946
27.53, 21946
27.54, 21946
27.55, 21946
27.56, 21946
27.57, 21946
27.58, 21946
27.59, 21946
27.6, 21946
27.61, 21946
27.62, 21946
27.63, 21946
27.64, 21946
27.65, 21946
27.66, 21946
27.67, 21946
27.68, 21946
27.69, 21946
27.7, 21946
27.71, 21946
27.72, 21946
27.73, 21946
27.74, 21946
27.75, 21946
27.76, 21946
27.77, 21946
27.78, 21946
27.79, 21946
27.8, 21946
27.81, 21946
27.82, 21946
27.83, 21946
27.84, 21946
27.85, 21946
27.86, 21946
27.87, 21946
27.88, 21946
27.89, 21946
27.9, 21946
27.91, 21946
27.92, 21946
27.93, 21946
27.94, 21946
27.95, 21946
27.96, 21946
27.97, 21946
27.98, 21946
27.99, 21946
28.0, 21946
28.01, 21946
28.02, 21946
28.03, 21946
28.04, 21946
28.05, 21946
28.06, 21946
28.07, 21946
28.08, 21946
28.09, 21946
28.1, 21946
28.11, 21946
28.12, 21946
28.13, 21946
28.14, 21946
28.15, 21946
28.16, 21946
28.17, 21946
28.18, 21946
28.19, 21946
28.2, 21946
28.21, 21946
28.22, 21946
28.23, 21946
28.24, 21946
28.25, 21946
28.26, 21946
28.27, 21946
28.28, 21946
28.29, 21946
28.3, 21946
28.31, 21946
28.32, 21946
28.33, 21946
28.34, 21946
28.35, 21946
28.36, 21946
28.37, 21946
28.38, 21946
28.39, 21946
28.4, 21946
28.41, 21946
28.42, 21946
28.43, 21946
28.44, 21946
28.45, 21946
28.46, 21946
28.47, 21946
28.48, 21946
28.49, 21946
28.5, 21946
28.51, 21946
28.52, 21946
28.53, 21946
28.54, 21946
28.55, 21946
28.56, 21946
28.57, 21946
28.58, 21946
28.59, 21946
28.6, 21946
28.61, 21946
28.62, 21946
28.63, 21946
28.64, 21946
28.65, 21946
28.66, 21946
28.67, 21946
28.68, 21946
28.69, 21946
28.7, 21946
28.71, 21946
28.72, 21946
28.73, 21946
28.74, 21946
28.75, 21946
28.76, 21946
28.77, 21946
28.78, 21946
28.79, 21946
28.8, 21946
28.81, 21946
28.82, 21946
28.83, 21946
28.84, 21946
28.85, 21946
28.86, 21946
28.87, 21946
28.88, 21946
28.89, 21946
28.9, 21946
28.91, 21946
28.92, 21946
28.93, 21946
28.94, 21946
28.95, 21946
28.96, 21946
28.97, 21946
28.98, 21946
28.99, 21946
29.0, 21946
29.01, 21946
29.02, 21946
29.03, 21946
29.04, 21946
29.05, 21946
29.06, 21946
29.07, 21946
29.08, 21946
29.09, 21946
29.1, 21946
29.11, 21946
29.12, 21946
29.13, 21946
29.14, 21946
29.15, 21946
29.16, 21946
29.17, 21946
29.18, 21946
29.19, 21946
29.2, 21946
29.21, 21946
29.22, 21946
29.23, 21946
29.24, 21946
29.25, 21946
29.26, 21946
29.27, 21946
29.28, 21946
29.29, 21946
29.3, 21946
29.31, 21946
29.32, 21946
29.33, 21946
29.34, 21946
29.35, 21946
29.36, 21946
29.37, 21946
29.38, 21946
29.39, 21946
29.4, 21946
29.41, 21946
29.42, 21946
29.43, 21946
29.44, 21946
29.45, 21946
29.46, 21946
29.47, 21946
29.48, 21946
29.49, 21946
29.5, 21946
29.51, 21946
29.52, 21946
29.53, 21946
29.54, 21946
29.55, 21946
29.56, 21946
29.57, 21946
29.58, 21946
29.59, 21946
29.6, 21946
29.61, 21946
29.62, 21946
29.63, 21946
29.64, 21946
29.65, 21946
29.66, 21946
29.67, 21946
29.68, 21946
29.69, 21946
29.7, 21946
29.71, 21946
29.72, 21946
29.73, 21946
29.74, 21946
29.75, 21946
29.76, 21946
29.77, 21946
29.78, 21946
29.79, 21946
29.8, 21946
29.81, 21946
29.82, 21946
29.83, 21946
29.84, 21946
29.85, 21946
29.86, 21946
29.87, 21946
29.88, 21946
29.89, 21946
29.9, 21946
29.91, 21946
29.92, 21946
29.93, 21946
29.94, 21946
29.95, 21946
29.96, 21946
29.97, 21946
29.98, 21946
29.99, 21946
30.0, 21946
30.01, 21946
30.02, 21946
30.03, 21946
30.04, 21946
30.05, 21946
30.06, 21946
30.07, 21946
30.08, 21946
30.09, 21946
30.1, 21946
30.11, 21946
30.12, 21946
30.13, 21946
30.14, 21946
30.15, 21946
30.16, 21946
30.17, 21946
30.18, 21946
30.19, 21946
30.2, 21946
30.21, 21946
30.22, 21946
30.23, 21946
30.24, 21946
30.25, 21946
30.26, 21946
30.27, 21946
30.28, 21946
30.29, 21946
30.3, 21946
30.31, 21946
30.32, 21946
30.33, 21946
30.34, 21946
30.35, 21946
30.36, 21946
30.37, 21946
30.38, 21946
30.39, 21946
30.4, 21946
30.41, 21946
30.42, 21946
30.43, 21946
30.44, 21946
30.45, 21946
30.46, 21946
30.47, 21946
30.48, 21946
30.49, 21946
30.5, 21946
30.51, 21946
30.52, 21946
30.53, 21946
30.54, 21946
30.55, 21946
30.56, 21946
30.57, 21946
30.58, 21946
30.59, 21946
30.6, 21946
30.61, 21946
30.62, 21946
30.63, 21946
30.64, 21946
30.65, 21946
30.66, 21946
30.67, 21946
30.68, 21946
30.69, 21946
30.7, 21946
30.71, 21946
30.72, 21946
30.73, 21946
30.74, 21946
30.75, 21946
30.76, 21946
30.77, 21946
30.78, 21946
30.79, 21946
30.8, 21946
30.81, 21946
30.82, 21946
30.83, 21946
30.84, 21946
30.85, 21946
30.86, 21946
30.87, 21946
30.88, 21946
30.89, 21946
30.9, 21946
30.91, 21946
30.92, 21946
30.93, 21946
30.94, 21946
30.95, 21946
30.96, 21946
30.97, 21946
30.98, 21946
30.99, 21946
31.0, 21946
31.01, 21946
31.02, 21946
31.03, 21946
31.04, 21946
31.05, 21946
31.06, 21946
31.07, 21946
31.08, 21946
31.09, 21946
31.1, 21946
31.11, 21946
31.12, 21946
31.13, 21946
31.14, 21946
31.15, 21946
31.16, 21946
31.17, 21946
31.18, 21946
31.19, 21946
31.2, 21946
31.21, 21946
31.22, 21946
31.23, 21946
31.24, 21946
31.25, 21946
31.26, 21946
31.27, 21946
31.28, 21946
31.29, 21946
31.3, 21946
31.31, 21946
31.32, 21946
31.33, 21946
31.34, 21946
31.35, 21946
31.36, 21946
31.37, 21946
31.38, 21946
31.39, 21946
31.4, 21946
31.41, 21946
31.42, 21946
31.43, 21946
31.44, 21946
31.45, 21946
31.46, 21946
31.47, 21946
31.48, 21946
31.49, 21946
31.5, 21946
31.51, 21946
31.52, 21946
31.53, 21946
31.54, 21946
31.55, 21946
31.56, 21946
31.57, 21946
31.58, 21946
31.59, 21946
31.6, 21946
31.61, 21946
31.62, 21946
31.63, 21946
31.64, 21946
31.65, 21946
31.66, 21946
31.67, 21946
31.68, 21946
31.69, 21946
31.7, 21946
31.71, 21946
31.72, 21946
31.73, 21946
31.74, 21946
31.75, 21946
31.76, 21946
31.77, 21946
31.78, 21946
31.79, 21946
31.8, 21946
31.81, 21946
31.82, 21946
31.83, 21946
31.84, 21946
31.85, 21946
31.86, 21946
31.87, 21946
31.88, 21946
31.89, 21946
31.9, 21946
31.91, 21946
31.92, 21946
31.93, 21946
31.94, 21946
31.95, 21946
31.96, 21946
31.97, 21946
31.98, 21946
31.99, 21946
32.0, 21946
32.01, 21946
32.02, 21946
32.03, 21946
32.04, 21946
32.05, 21946
32.06, 21946
32.07, 21946
32.08, 21946
32.09, 21946
32.1, 21946
32.11, 21946
32.12, 21946
32.13, 21946
32.14, 21946
32.15, 21946
32.16, 21946
32.17, 21946
32.18, 21946
32.19, 21946
32.2, 21946
32.21, 21946
32.22, 21946
32.23, 21946
32.24, 21946
32.25, 21946
32.26, 21946
32.27, 21946
32.28, 21946
32.29, 21946
32.3, 21946
32.31, 21946
32.32, 21946
32.33, 21946
32.34, 21946
32.35, 21946
32.36, 21946
32.37, 21946
32.38, 21946
32.39, 21946
32.4, 21946
32.41, 21946
32.42, 21946
32.43, 21946
32.44, 21946
32.45, 21946
32.46, 21946
32.47, 21946
32.48, 21946
32.49, 21946
32.5, 21946
32.51, 21946
32.52, 21946
32.53, 21946
32.54, 21946
32.55, 21946
32.56, 21946
32.57, 21946
32.58, 21946
32.59, 21946
32.6, 21946
32.61, 21946
32.62, 21946
32.63, 21946
32.64, 21946
32.65, 21946
32.66, 21946
32.67, 21946
32.68, 21946
32.69, 21946
32.7, 21946
32.71, 21946
32.72, 21946
32.73, 21946
32.74, 21946
32.75, 21946
32.76, 21946
32.77, 21946
32.78, 21946
32.79, 21946
32.8, 21946
32.81, 21946
32.82, 21946
32.83, 21946
32.84, 21946
32.85, 21946
32.86, 21946
32.87, 21946
32.88, 21946
32.89, 21946
32.9, 21946
32.91, 21946
32.92, 21946
32.93, 21946
32.94, 21946
32.95, 21946
32.96, 21946
32.97, 21946
32.98, 21946
32.99, 21946
33.0, 21946
33.01, 21946
33.02, 21946
33.03, 21946
33.04, 21946
33.05, 21946
33.06, 21946
33.07, 21946
33.08, 21946
33.09, 21946
33.1, 21946
33.11, 21946
33.12, 21946
33.13, 21946
33.14, 21946
33.15, 21946
33.16, 21946
33.17, 21946
33.18, 21946
33.19, 21946
33.2, 21946
33.21, 21946
33.22, 21946
33.23, 21946
33.24, 21946
33.25, 21946
33.26, 21946
33.27, 21946
33.28, 21946
33.29, 21946
33.3, 21946
33.31, 21946
33.32, 21946
33.33, 21946
33.34, 21946
33.35, 21946
33.36, 21946
33.37, 21946
33.38, 21946
33.39, 21946
33.4, 21946
33.41, 21946
33.42, 21946
33.43, 21946
33.44, 21946
33.45, 21946
33.46, 21946
33.47, 21946
33.48, 21946
33.49, 21946
33.5, 21946
33.51, 21946
33.52, 21946
33.53, 21946
33.54, 21946
33.55, 21946
33.56, 21946
33.57, 21946
33.58, 21946
33.59, 21946
33.6, 21946
33.61, 21946
33.62, 21946
33.63, 21946
33.64, 21946
33.65, 21946
33.66, 21946
33.67, 21946
33.68, 21946
33.69, 21946
33.7, 21946
33.71, 21946
33.72, 21946
33.73, 21946
33.74, 21946
33.75, 21946
33.76, 21946
33.77, 21946
33.78, 21946
33.79, 21946
33.8, 21946
33.81, 21946
33.82, 21946
33.83, 21946
33.84, 21946
33.85, 21946
33.86, 21946
33.87, 21946
33.88, 21946
33.89, 21946
33.9, 21946
33.91, 21946
33.92, 21946
33.93, 21946
33.94, 21946
33.95, 21946
33.96, 21946
33.97, 21946
33.98, 21946
33.99, 21946
34.0, 21946
34.01, 21946
34.02, 21946
34.03, 21946
34.04, 21946
34.05, 21946
34.06, 21946
34.07, 21946
34.08, 21946
34.09, 21946
34.1, 21946
34.11, 21946
34.12, 21946
34.13, 21946
34.14, 21946
34.15, 21946
34.16, 21946
34.17, 21946
34.18, 21946
34.19, 21946
34.2, 21946
34.21, 21946
34.22, 21946
34.23, 21946
34.24, 21946
34.25, 21946
34.26, 21946
34.27, 21946
34.28, 21946
34.29, 21946
34.3, 21946
34.31, 21946
34.32, 21946
34.33, 21946
34.34, 21946
34.35, 21946
34.36, 21946
34.37, 21946
34.38, 21946
34.39, 21946
34.4, 21946
34.41, 21946
34.42, 21946
34.43, 21946
34.44, 21946
34.45, 21946
34.46, 21946
34.47, 21946
34.48, 21946
34.49, 21946
34.5, 21946
34.51, 21946
34.52, 21946
34.53, 21946
34.54, 21946
34.55, 21946
34.56, 21946
34.57, 21946
34.58, 21946
34.59, 21946
34.6, 21946
34.61, 21946
34.62, 21946
34.63, 21946
34.64, 21946
34.65, 21946
34.66, 21946
34.67, 21946
34.68, 21946
34.69, 21946
34.7, 21946
34.71, 21946
34.72, 21946
34.73, 21946
34.74, 21946
34.75, 21946
34.76, 21946
34.77, 21946
34.78, 21946
34.79, 21946
34.8, 21946
34.81, 21946
34.82, 21946
34.83, 21946
34.84, 21946
34.85, 21946
34.86, 21946
34.87, 21946
34.88, 21946
34.89, 21946
34.9, 21946
34.91, 21946
34.92, 21946
34.93, 21946
34.94, 21946
34.95, 21946
34.96, 21946
34.97, 21946
34.98, 21946
34.99, 21946
35.0, 21946
35.01, 21946
35.02, 21946
35.03, 21946
35.04, 21946
35.05, 21946
35.06, 21946
35.07, 21946
35.08, 21946
35.09, 21946
35.1, 21946
35.11, 21946
35.12, 21946
35.13, 21946
35.14, 21946
35.15, 21946
35.16, 21946
35.17, 21946
35.18, 21946
35.19, 21946
35.2, 21946
35.21, 21946
35.22, 21946
35.23, 21946
35.24, 21946
35.25, 21946
35.26, 21946
35.27, 21946
35.28, 21946
35.29, 21946
35.3, 21946
35.31, 21946
35.32, 21946
35.33, 21946
35.34, 21946
35.35, 21946
35.36, 21946
35.37, 21946
35.38, 21946
35.39, 21946
35.4, 21946
35.41, 21946
35.42, 21946
35.43, 21946
35.44, 21946
35.45, 21946
35.46, 21946
35.47, 21946
35.48, 21946
35.49, 21946
35.5, 21946
35.51, 21946
35.52, 21946
35.53, 21946
35.54, 21946
35.55, 21946
35.56, 21946
35.57, 21946
35.58, 21946
35.59, 21946
35.6, 21946
35.61, 21946
35.62, 21946
35.63, 21946
35.64, 21946
35.65, 21946
35.66, 21946
35.67, 21946
35.68, 21946
35.69, 21946
35.7, 21946
35.71, 21946
35.72, 21946
35.73, 21946
35.74, 21946
35.75, 21946
35.76, 21946
35.77, 21946
35.78, 21946
35.79, 21946
35.8, 21946
35.81, 21946
35.82, 21946
35.83, 21946
35.84, 21946
35.85, 21946
35.86, 21946
35.87, 21946
35.88, 21946
35.89, 21946
35.9, 21946
35.91, 21946
35.92, 21946
35.93, 21946
35.94, 21946
35.95, 21946
35.96, 21946
35.97, 21946
35.98, 21946
35.99, 21946
36.0, 21946
36.01, 21946
36.02, 21946
36.03, 21946
36.04, 21946
36.05, 21946
36.06, 21946
36.07, 21946
36.08, 21946
36.09, 21946
36.1, 21946
36.11, 21946
36.12, 21946
36.13, 21946
36.14, 21946
36.15, 21946
36.16, 21946
36.17, 21946
36.18, 21946
36.19, 21946
36.2, 21946
36.21, 21946
36.22, 21946
36.23, 21946
36.24, 21946
36.25, 21946
36.26, 21946
36.27, 21946
36.28, 21946
36.29, 21946
36.3, 21946
36.31, 21946
36.32, 21946
36.33, 21946
36.34, 21946
36.35, 21946
36.36, 21946
36.37, 21946
36.38, 21946
36.39, 21946
36.4, 21946
36.41, 21946
36.42, 21946
36.43, 21946
36.44, 21946
36.45, 21946
36.46, 21946
36.47, 21946
36.48, 21946
36.49, 21946
36.5, 21946
36.51, 21946
36.52, 21946
36.53, 21946
36.54, 21946
36.55, 21946
36.56, 21946
36.57, 21946
36.58, 21946
36.59, 21946
36.6, 21946
36.61, 21946
36.62, 21946
36.63, 21946
36.64, 21946
36.65, 21946
36.66, 21946
36.67, 21946
36.68, 21946
36.69, 21946
36.7, 21946
36.71, 21946
36.72, 21946
36.73, 21946
36.74, 21946
36.75, 21946
36.76, 21946
36.77, 21946
36.78, 21946
36.79, 21946
36.8, 21946
36.81, 21946
36.82, 21946
36.83, 21946
36.84, 21946
36.85, 21946
36.86, 21946
36.87, 21946
36.88, 21946
36.89, 21946
36.9, 21946
36.91, 21946
36.92, 21946
36.93, 21946
36.94, 21946
36.95, 21946
36.96, 21946
36.97, 21946
36.98, 21946
36.99, 21946
37.0, 21946
37.01, 21946
37.02, 21946
37.03, 21946
37.04, 21946
37.05, 21946
37.06, 21946
37.07, 21946
37.08, 21946
37.09, 21946
37.1, 21946
37.11, 21946
37.12, 21946
37.13, 21946
37.14, 21946
37.15, 21946
37.16, 21946
37.17, 21946
37.18, 21946
37.19, 21946
37.2, 21946
37.21, 21946
37.22, 21946
37.23, 21946
37.24, 21946
37.25, 21946
37.26, 21946
37.27, 21946
37.28, 21946
37.29, 21946
37.3, 21946
37.31, 21946
37.32, 21946
37.33, 21946
37.34, 21946
37.35, 21946
37.36, 21946
37.37, 21946
37.38, 21946
37.39, 21946
37.4, 21946
37.41, 21946
37.42, 21946
37.43, 21946
37.44, 21946
37.45, 21946
37.46, 21946
37.47, 21946
37.48, 21946
37.49, 21946
37.5, 21946
37.51, 21946
37.52, 21946
37.53, 21946
37.54, 21946
37.55, 21946
37.56, 21946
37.57, 21946
37.58, 21946
37.59, 21946
37.6, 21946
37.61, 21946
37.62, 21946
37.63, 21946
37.64, 21946
37.65, 21946
37.66, 21946
37.67, 21946
37.68, 21946
37.69, 21946
37.7, 21946
37.71, 21946
37.72, 21946
37.73, 21946
37.74, 21946
37.75, 21946
37.76, 21946
37.77, 21946
37.78, 21946
37.79, 21946
37.8, 21946
37.81, 21946
37.82, 21946
37.83, 21946
37.84, 21946
37.85, 21946
37.86, 21946
37.87, 21946
37.88, 21946
37.89, 21946
37.9, 21946
37.91, 21946
37.92, 21946
37.94, 21946
37.95, 21946
37.96, 21946
37.97, 21946
37.98, 21946
37.99, 21946
38.0, 21946
38.01, 21946
38.02, 21946
38.03, 21946
38.04, 21946
38.05, 21946
38.06, 21946
38.07, 21946
38.08, 21946
38.09, 21946
38.1, 21946
38.11, 21946
38.12, 21946
38.13, 21946
38.14, 21946
38.15, 21946
38.16, 21946
38.17, 21946
38.18, 21946
38.19, 21946
38.2, 21946
38.21, 21946
38.22, 21946
38.23, 21946
38.24, 21946
38.25, 21946
38.26, 21946
38.27, 21946
38.28, 21946
38.29, 21946
38.3, 21946
38.31, 21946
38.32, 21946
38.33, 21946
38.34, 21946
38.35, 21946
38.36, 21946
38.37, 21946
38.38, 21946
38.39, 21946
38.4, 21946
38.41, 21946
38.42, 21946
38.43, 21946
38.44, 21946
38.45, 21946
38.46, 21946
38.47, 21946
38.48, 21946
38.49, 21946
38.5, 21946
38.51, 21946
38.52, 21946
38.53, 21946
38.54, 21946
38.55, 21946
38.56, 21946
38.57, 21946
38.58, 21946
38.59, 21946
38.6, 21946
38.61, 21946
38.62, 21946
38.63, 21946
38.64, 21946
38.65, 21946
38.66, 21946
38.67, 21946
38.68, 21946
38.69, 21946
38.7, 21946
38.71, 21946
38.72, 21946
38.73, 21946
38.74, 21946
38.75, 21946
38.76, 21946
38.77, 21946
38.78, 21946
38.79, 21946
38.8, 21946
38.81, 21946
38.82, 21946
38.83, 21946
38.84, 21946
38.85, 21946
38.86, 21946
38.87, 21946
38.88, 21946
38.89, 21946
38.9, 21946
38.91, 21946
38.92, 21946
38.93, 21946
38.94, 21946
38.95, 21946
38.96, 21946
38.97, 21946
38.98, 21946
38.99, 21946
39.0, 21946
39.01, 21946
39.02, 21946
39.03, 21946
39.04, 21946
39.05, 21946
39.06, 21946
39.07, 21946
39.08, 21946
39.09, 21946
39.1, 21946
39.11, 21946
39.12, 21946
39.13, 21946
39.14, 21946
39.15, 21946
39.16, 21946
39.17, 21946
39.18, 21946
39.19, 21946
39.2, 21946
39.21, 21946
39.22, 21946
39.23, 21946
39.24, 21946
39.25, 21946
39.26, 21946
39.27, 21946
39.28, 21946
39.29, 21946
39.3, 21946
39.31, 21946
39.32, 21946
39.33, 21946
39.34, 21946
39.35, 21946
39.36, 21946
39.37, 21946
39.38, 21946
39.39, 21946
39.4, 21946
39.41, 21946
39.42, 21946
39.43, 21946
39.44, 21946
39.45, 21946
39.46, 21946
39.47, 21946
39.48, 21946
39.49, 21946
39.5, 21946
39.51, 21946
39.52, 21946
39.53, 21946
39.54, 21946
39.55, 21946
39.56, 21946
39.57, 21946
39.58, 21946
39.59, 21946
39.6, 21946
39.61, 21946
39.62, 21946
39.63, 21946
39.64, 21946
39.65, 21946
39.66, 21946
39.67, 21946
39.68, 21946
39.69, 21946
39.7, 21946
39.71, 21946
39.72, 21946
39.73, 21946
39.74, 21946
39.75, 21946
39.76, 21946
39.77, 21946
39.78, 21946
39.79, 21946
39.8, 21946
39.81, 21946
39.82, 21946
39.83, 21946
39.84, 21946
39.85, 21946
39.86, 21946
39.87, 21946
39.88, 21946
39.89, 21946
39.9, 21946
39.91, 21946
39.92, 21946
39.93, 21946
39.94, 21946
39.95, 21946
39.96, 21946
39.97, 21946
39.98, 21946
39.99, 21946
40.0, 21946
40.01, 21946
40.02, 21946
40.03, 21946
40.04, 21946
40.05, 21946
40.06, 21946
40.07, 21946
40.08, 21946
40.09, 21946
40.1, 21946
40.11, 21946
40.12, 21946
40.13, 21946
40.14, 21946
40.15, 21946
40.16, 21946
40.17, 21946
40.18, 21946
40.19, 21946
40.2, 21946
40.21, 21946
40.22, 21946
40.23, 21946
40.24, 21946
40.25, 21946
40.26, 21946
40.27, 21946
40.28, 21946
40.29, 21946
40.3, 21946
40.31, 21946
40.32, 21946
40.33, 21946
40.34, 21946
40.35, 21946
40.36, 21946
40.37, 21946
40.38, 21946
40.39, 21946
40.4, 21946
40.41, 21946
40.42, 21946
40.43, 21946
40.44, 21946
40.45, 21946
40.46, 21946
40.47, 21946
40.48, 21946
40.49, 21946
40.5, 21946
40.51, 21946
40.52, 21946
40.53, 21946
40.54, 21946
40.55, 21946
40.56, 21946
40.57, 21946
40.58, 21946
40.59, 21946
40.6, 21946
40.61, 21946
40.62, 21946
40.63, 21946
40.64, 21946
40.65, 21946
40.66, 21946
40.67, 21946
40.68, 21946
40.69, 21946
40.7, 21946
40.71, 21946
40.72, 21946
40.73, 21946
40.74, 21946
40.75, 21946
40.76, 21946
40.77, 21946
40.78, 21946
40.79, 21946
40.8, 21946
40.81, 21946
40.82, 21946
40.83, 21946
40.84, 21946
40.85, 21946
40.86, 21946
40.87, 21946
40.88, 21946
40.89, 21946
40.9, 21946
40.91, 21946
40.92, 21946
40.93, 21946
40.94, 21946
40.95, 21946
40.96, 21946
40.97, 21946
40.98, 21946
40.99, 21946
41.0, 21946
41.01, 21946
41.02, 21946
41.03, 21946
41.04, 21946
41.05, 21946
41.06, 21946
41.07, 21946
41.08, 21946
41.09, 21946
41.1, 21946
41.11, 21946
41.12, 21946
41.13, 21946
41.14, 21946
41.15, 21946
41.16, 21946
41.17, 21946
41.18, 21946
41.19, 21946
41.2, 21946
41.21, 21946
41.22, 21946
41.23, 21946
41.24, 21946
41.25, 21946
41.26, 21946
41.27, 21946
41.28, 21946
41.29, 21946
41.3, 21946
41.31, 21946
41.32, 21946
41.33, 21946
41.34, 21946
41.35, 21946
41.36, 21946
41.37, 21946
41.38, 21946
41.39, 21946
41.4, 21946
41.41, 21946
41.42, 21946
41.43, 21946
41.44, 21946
41.45, 21946
41.46, 21946
41.47, 21946
41.48, 21946
41.49, 21946
41.5, 21946
41.51, 21946
41.52, 21946
41.53, 21946
41.54, 21946
41.55, 21946
41.56, 21946
41.57, 21946
41.58, 21946
41.59, 21946
41.6, 21946
41.61, 21946
41.62, 21946
41.63, 21946
41.64, 21946
41.65, 21946
41.66, 21946
41.67, 21946
41.68, 21946
41.69, 21946
41.7, 21946
41.71, 21946
41.72, 21946
41.73, 21946
41.74, 21946
41.75, 21946
41.76, 21946
41.77, 21946
41.78, 21946
41.79, 21946
41.8, 21946
41.81, 21946
41.82, 21946
41.83, 21946
41.84, 21946
41.85, 21946
41.86, 21946
41.87, 21946
41.88, 21946
41.89, 21946
41.9, 21946
41.91, 21946
41.92, 21946
41.93, 21946
41.94, 21946
41.95, 21946
41.96, 21946
41.97, 21946
41.98, 21946
41.99, 21946
42.0, 21946
42.01, 21946
42.02, 21946
42.03, 21946
42.04, 21946
42.05, 21946
42.06, 21946
42.07, 21946
42.08, 21946
42.09, 21946
42.1, 21946
42.11, 21946
42.12, 21946
42.13, 21946
42.14, 21946
42.15, 21946
42.16, 21946
42.17, 21946
42.18, 21946
42.19, 21946
42.2, 21946
42.21, 21946
42.22, 21946
42.23, 21946
42.24, 21946
42.25, 21946
42.26, 21946
42.27, 21946
42.28, 21946
42.29, 21946
42.3, 21946
42.31, 21946
42.32, 21946
42.33, 21946
42.34, 21946
42.35, 21946
42.36, 21946
42.37, 21946
42.38, 21946
42.39, 21946
42.4, 21946
42.41, 21946
42.42, 21946
42.43, 21946
42.44, 21946
42.45, 21946
42.46, 21946
42.47, 21946
42.48, 21946
42.49, 21946
42.5, 21946
42.51, 21946
42.52, 21946
42.53, 21946
42.54, 21946
42.55, 21946
42.56, 21946
42.57, 21946
42.58, 21946
42.59, 21946
42.6, 21946
42.61, 21946
42.62, 21946
42.63, 21946
42.64, 21946
42.65, 21946
42.66, 21946
42.67, 21946
42.68, 21946
42.69, 21946
42.7, 21946
42.71, 21946
42.72, 21946
42.73, 21946
42.74, 21946
42.75, 21946
42.76, 21946
42.77, 21946
42.78, 21946
42.79, 21946
42.8, 21946
42.81, 21946
42.82, 21946
42.83, 21946
42.84, 21946
42.85, 21946
42.86, 21946
42.87, 21946
42.88, 21946
42.89, 21946
42.9, 21946
42.91, 21946
42.92, 21946
42.93, 21946
42.94, 21946
42.95, 21946
42.96, 21946
42.97, 21946
42.98, 21946
42.99, 21946
43.0, 21946
43.01, 21946
43.02, 21946
43.03, 21946
43.04, 21946
43.05, 21946
43.06, 21946
43.07, 21946
43.08, 21946
43.09, 21946
43.1, 21946
43.11, 21946
43.12, 21946
43.13, 21946
43.14, 21946
43.15, 21946
43.16, 21946
43.17, 21946
43.18, 21946
43.19, 21946
43.2, 21946
43.21, 21946
43.22, 21946
43.23, 21946
43.24, 21946
43.25, 21946
43.26, 21946
43.27, 21946
43.28, 21946
43.29, 21946
43.3, 21946
43.31, 21946
43.32, 21946
43.33, 21946
43.34, 21946
43.35, 21946
43.36, 21946
43.37, 21946
43.38, 21946
43.39, 21946
43.4, 21946
43.41, 21946
43.42, 21946
43.43, 21946
43.44, 21946
43.45, 21946
43.46, 21946
43.47, 21946
43.48, 21946
43.49, 21946
43.5, 21946
43.51, 21946
43.52, 21946
43.53, 21946
43.54, 21946
43.55, 21946
43.56, 21946
43.57, 21946
43.58, 21946
43.59, 21946
43.6, 21946
43.61, 21946
43.62, 21946
43.63, 21946
43.64, 21946
43.65, 21946
43.66, 21946
43.67, 21946
43.68, 21946
43.69, 21946
43.7, 21946
43.71, 21946
43.72, 21946
43.73, 21946
43.74, 21946
43.75, 21946
43.76, 21946
43.77, 21946
43.78, 21946
43.79, 21946
43.8, 21946
43.81, 21946
43.82, 21946
43.83, 21946
43.84, 21877
43.85, 21877
43.86, 21877
43.87, 21877
43.88, 21877
43.89, 21877
43.9, 21877
43.91, 21877
43.92, 21877
43.93, 21877
43.94, 21877
43.95, 21877
43.96, 21877
43.97, 21877
43.98, 21877
43.99, 21877
44.0, 21877
44.01, 21877
44.02, 21877
44.03, 21877
44.04, 21877
44.05, 21877
44.06, 21877
44.07, 21877
44.08, 21877
44.09, 21877
44.1, 21877
44.11, 21877
44.12, 21877
44.13, 21877
44.14, 21877
44.15, 21877
44.16, 21877
44.17, 21877
44.18, 21877
44.19, 21877
44.2, 21877
44.21, 21877
44.22, 21877
44.23, 21877
44.24, 21877
44.25, 21877
44.26, 21877
44.27, 21877
44.28, 21877
44.29, 21877
44.3, 21877
44.31, 21877
44.32, 21877
44.33, 21877
44.34, 21877
44.35, 21877
44.36, 21877
44.37, 21877
44.38, 21877
44.39, 21877
44.4, 21877
44.41, 21877
44.42, 21877
44.43, 21877
44.44, 21877
44.45, 21877
44.46, 21877
44.47, 21877
44.48, 21877
44.49, 21877
44.5, 21877
44.51, 21877
44.52, 21877
44.53, 21877
44.54, 21877
44.55, 21877
44.56, 21877
44.57, 21877
44.58, 21877
44.59, 21877
44.6, 21877
44.61, 21877
44.62, 21877
44.63, 21877
44.64, 21877
44.65, 21877
44.66, 21877
44.67, 21877
44.68, 21877
44.69, 21877
44.7, 21877
44.71, 21877
44.72, 21877
44.73, 21877
44.74, 21877
44.75, 21877
44.76, 21877
44.77, 21877
44.78, 21877
44.79, 21877
44.8, 21877
44.81, 21877
44.82, 21877
44.83, 21877
44.84, 21877
44.85, 21877
44.86, 21877
44.87, 21877
44.88, 21877
44.89, 21877
44.9, 21877
44.91, 21877
44.92, 21877
44.93, 21877
44.94, 21877
44.95, 21877
44.96, 21877
44.97, 21877
44.98, 21877
44.99, 21877
45.0, 21877
45.01, 21877
45.02, 21877
45.03, 21877
45.04, 21877
45.05, 21877
45.06, 21877
45.07, 21877
45.08, 21877
45.09, 21877
45.1, 21877
45.11, 21877
45.12, 21877
45.13, 21877
45.14, 21877
45.15, 21877
45.16, 21877
45.17, 21877
45.18, 21877
45.19, 21877
45.2, 21877
45.21, 21877
45.22, 21877
45.23, 21877
45.24, 21877
45.25, 21877
45.26, 21877
45.27, 21877
45.28, 21877
45.29, 21877
45.3, 21877
45.31, 21877
45.32, 21877
45.33, 21877
45.34, 21877
45.35, 21877
45.36, 21877
45.37, 21877
45.38, 21877
45.39, 21877
45.4, 21877
45.41, 21877
45.42, 21877
45.43, 21877
45.44, 21877
45.45, 21877
45.46, 21877
45.47, 21877
45.48, 21877
45.49, 21877
45.5, 21877
45.51, 21877
45.52, 21877
45.53, 21877
45.54, 21877
45.55, 21877
45.56, 21877
45.57, 21877
45.58, 21877
45.59, 21877
45.6, 21877
45.61, 21877
45.62, 21877
45.63, 21877
45.64, 21877
45.65, 21877
45.66, 21877
45.67, 21877
45.68, 21877
45.69, 21877
45.7, 21877
45.71, 21877
45.72, 21877
45.73, 21877
45.74, 21877
45.75, 21877
45.76, 21877
45.77, 21877
45.78, 21877
45.79, 21877
45.8, 21877
45.81, 21877
45.82, 21877
45.83, 21877
45.84, 21877
45.85, 21877
45.86, 21877
45.87, 21877
45.88, 21877
45.89, 21877
45.9, 21877
45.91, 21877
45.92, 21877
45.93, 21877
45.94, 21877
45.95, 21877
45.96, 21877
45.97, 21877
45.98, 21877
45.99, 21877
46.0, 21877
46.01, 21877
46.02, 21877
46.03, 21877
46.04, 21877
46.05, 21877
46.06, 21877
46.07, 21877
46.08, 21877
46.09, 21877
46.1, 21877
46.11, 21877
46.12, 21877
46.13, 21877
46.14, 21877
46.15, 21877
46.16, 21877
46.17, 21877
46.18, 21877
46.19, 21877
46.2, 21877
46.21, 21877
46.22, 21877
46.23, 21877
46.24, 21877
46.25, 21877
46.26, 21877
46.27, 21877
46.28, 21877
46.29, 21877
46.3, 21877
46.31, 21877
46.32, 21877
46.33, 21877
46.34, 21877
46.35, 21877
46.36, 21877
46.37, 21877
46.38, 21877
46.39, 21877
46.4, 21877
46.41, 21877
46.42, 21877
46.43, 21877
46.44, 21877
46.45, 21877
46.46, 21877
46.47, 21877
46.48, 21877
46.49, 21877
46.5, 21877
46.51, 21877
46.52, 21877
46.53, 21877
46.54, 21877
46.55, 21877
46.56, 21877
46.57, 21877
46.58, 21877
46.59, 21877
46.6, 21877
46.61, 21877
46.62, 21877
46.63, 21877
46.64, 21877
46.65, 21877
46.66, 21877
46.67, 21877
46.68, 21877
46.69, 21877
46.7, 21877
46.71, 21877
46.72, 21877
46.73, 21877
46.74, 21877
46.75, 21877
46.76, 21877
46.77, 21877
46.78, 21877
46.79, 21877
46.8, 21877
46.81, 21877
46.82, 21877
46.83, 21877
46.84, 21877
46.85, 21877
46.86, 21877
46.87, 21877
46.88, 21877
46.89, 21877
46.9, 21877
46.91, 21877
46.92, 21877
46.93, 21877
46.94, 21877
46.95, 21877
46.96, 21877
46.97, 21877
46.98, 21877
46.99, 21877
47.0, 21877
47.01, 21877
47.02, 21877
47.03, 21877
47.04, 21877
47.05, 21877
47.06, 21877
47.07, 21877
47.08, 21877
47.09, 21877
47.1, 21877
47.11, 21877
47.12, 21877
47.13, 21877
47.14, 21877
47.15, 21877
47.16, 21877
47.17, 21877
47.18, 21877
47.19, 21877
47.2, 21877
47.21, 21877
47.22, 21877
47.23, 21877
47.24, 21877
47.25, 21877
47.26, 21877
47.27, 21877
47.28, 21877
47.29, 21877
47.3, 21877
47.31, 21877
47.32, 21877
47.33, 21877
47.34, 21877
47.35, 21877
47.36, 21877
47.37, 21877
47.38, 21877
47.39, 21877
47.4, 21877
47.41, 21877
47.42, 21877
47.43, 21877
47.44, 21877
47.45, 21877
47.46, 21877
47.47, 21877
47.48, 21877
47.49, 21877
47.5, 21877
47.51, 21877
47.52, 21877
47.53, 21877
47.54, 21877
47.55, 21877
47.56, 21877
47.57, 21877
47.58, 21877
47.59, 21877
47.6, 21877
47.61, 21877
47.62, 21877
47.63, 21877
47.64, 21877
47.65, 21877
47.66, 21877
47.67, 21877
47.68, 21877
47.69, 21877
47.7, 21877
47.71, 21877
47.72, 21877
47.73, 21877
47.74, 21877
47.75, 21877
47.76, 21877
47.77, 21877
47.78, 21877
47.79, 21877
47.8, 21877
47.81, 21877
47.82, 21877
47.83, 21877
47.84, 21877
47.85, 21877
47.86, 21877
47.87, 21877
47.88, 21877
47.89, 21877
47.9, 21877
47.91, 21877
47.92, 21877
47.93, 21877
47.94, 21877
47.95, 21877
47.96, 21877
47.97, 21877
47.98, 21877
47.99, 21877
48.0, 21877
48.01, 21877
48.02, 21877
48.03, 21877
48.04, 21877
48.05, 21877
48.06, 21877
48.07, 21877
48.08, 21877
48.09, 21877
48.1, 21877
48.11, 21877
48.12, 21877
48.13, 21877
48.14, 21877
48.15, 21877
48.16, 21877
48.17, 21877
48.18, 21877
48.19, 21877
48.2, 21877
48.21, 21877
48.22, 21877
48.23, 21877
48.24, 21877
48.25, 21877
48.26, 21877
48.27, 21877
48.28, 21877
48.29, 21877
48.3, 21877
48.31, 21877
48.32, 21877
48.33, 21877
48.34, 21877
48.35, 21877
48.36, 21877
48.37, 21877
48.38, 21877
48.39, 21877
48.4, 21877
48.41, 21877
48.42, 21877
48.43, 21877
48.44, 21877
48.45, 21877
48.46, 21877
48.47, 21877
48.48, 21877
48.49, 21877
48.5, 21877
48.51, 21877
48.52, 21877
48.53, 21877
48.54, 21877
48.55, 21877
48.56, 21877
48.57, 21877
48.58, 21877
48.59, 21877
48.6, 21877
48.61, 21877
48.62, 21877
48.63, 21877
48.64, 21877
48.65, 21877
48.66, 21877
48.67, 21877
48.68, 21877
48.69, 21877
48.7, 21877
48.71, 21877
48.72, 21877
48.73, 21877
48.74, 21877
48.75, 21877
48.76, 21877
48.77, 21877
48.78, 21877
48.79, 21877
48.8, 21877
48.81, 21877
48.82, 21877
48.83, 21877
48.84, 21877
48.85, 21877
48.86, 21877
48.87, 21877
48.88, 21877
48.89, 21877
48.9, 21877
48.91, 21877
48.92, 21877
48.93, 21877
48.94, 21877
48.95, 21877
48.96, 21877
48.97, 21877
48.98, 21877
48.99, 21877
49.0, 21877
49.01, 21877
49.02, 21877
49.03, 21877
49.04, 21877
49.05, 21877
49.06, 21877
49.07, 21877
49.08, 21877
49.09, 21877
49.1, 21877
49.11, 21877
49.12, 21877
49.13, 21877
49.14, 21877
49.15, 21877
49.16, 21877
49.17, 21877
49.18, 21877
49.19, 21877
49.2, 21877
49.21, 21877
49.22, 21877
49.23, 21877
49.24, 21877
49.25, 21877
49.26, 21877
49.27, 21877
49.28, 21877
49.29, 21877
49.3, 21877
49.31, 21877
49.32, 21877
49.33, 21877
49.34, 21877
49.35, 21877
49.36, 21877
49.37, 21877
49.38, 21877
49.39, 21877
49.4, 21877
49.41, 21877
49.42, 21877
49.43, 21877
49.44, 21877
49.45, 21877
49.46, 21877
49.47, 21877
49.48, 21877
49.49, 21877
49.5, 21877
49.51, 21877
49.52, 21877
49.53, 21877
49.54, 21877
49.55, 21877
49.56, 21877
49.57, 21877
49.58, 21877
49.59, 21877
49.6, 21877
49.61, 21877
49.62, 21877
49.63, 21877
49.64, 21877
49.65, 21877
49.66, 21877
49.67, 21877
49.68, 21877
49.69, 21877
49.7, 21877
49.71, 21877
49.72, 21877
49.73, 21877
49.74, 21877
49.75, 21877
49.76, 21877
49.77, 21877
49.78, 21877
49.79, 21877
49.8, 21877
49.81, 21877
49.82, 21877
49.83, 21877
49.84, 21877
49.85, 21877
49.86, 21877
49.87, 21877
49.88, 21877
49.89, 21877
49.9, 21877
49.91, 21877
49.92, 21877
49.93, 21877
49.94, 21877
49.95, 21877
49.96, 21877
49.97, 21877
49.98, 21877
49.99, 21877
50.0, 21877
50.01, 21877
50.02, 21877
50.03, 21877
50.04, 21877
50.05, 21877
50.06, 21877
50.07, 21877
50.08, 21877
50.09, 21877
50.1, 21877
50.11, 21877
50.12, 21877
50.13, 21877
50.14, 21877
50.15, 21877
50.16, 21877
50.17, 21877
50.18, 21877
50.19, 21877
50.2, 21877
50.21, 21877
50.22, 21877
50.23, 21877
50.24, 21877
50.25, 21877
50.26, 21877
50.27, 21877
50.28, 21877
50.29, 21877
50.3, 21877
50.31, 21877
50.32, 21877
50.33, 21877
50.34, 21877
50.35, 21877
50.36, 21877
50.37, 21877
50.38, 21877
50.39, 21877
50.4, 21877
50.41, 21877
50.42, 21877
50.43, 21877
50.44, 21877
50.45, 21877
50.46, 21877
50.47, 21877
50.48, 21877
50.49, 21877
50.5, 21877
50.51, 21877
50.52, 21877
50.53, 21877
50.54, 21877
50.55, 21877
50.56, 21877
50.57, 21877
50.58, 21877
50.59, 21877
50.6, 21877
50.61, 21877
50.62, 21877
50.63, 21877
50.64, 21877
50.65, 21877
50.66, 21877
50.67, 21877
50.68, 21877
50.69, 21877
50.7, 21877
50.71, 21877
50.72, 21877
50.73, 21877
50.74, 21877
50.75, 21877
50.76, 21877
50.77, 21877
50.78, 21877
50.79, 21877
50.8, 21877
50.81, 21877
50.82, 21877
50.83, 21877
50.84, 21877
50.85, 21877
50.86, 21877
50.87, 21877
50.88, 21877
50.89, 21877
50.9, 21877
50.91, 21877
50.92, 21877
50.93, 21877
50.94, 21877
50.95, 21877
50.96, 21877
50.97, 21877
50.98, 21877
50.99, 21877
51.0, 21877
51.01, 21877
51.02, 21877
51.03, 21877
51.04, 21877
51.05, 21877
51.06, 21877
51.07, 21877
51.08, 21877
51.09, 21877
51.1, 21877
51.11, 21877
51.12, 21877
51.13, 21877
51.14, 21877
51.15, 21877
51.16, 21877
51.17, 21877
51.18, 21877
51.19, 21877
51.2, 21877
51.21, 21877
51.22, 21877
51.23, 21877
51.24, 21877
51.25, 21877
51.26, 21877
51.27, 21877
51.28, 21877
51.29, 21877
51.3, 21877
51.31, 21877
51.32, 21877
51.33, 21877
51.34, 21877
51.35, 21877
51.36, 21877
51.37, 21877
51.38, 21877
51.39, 21877
51.4, 21877
51.41, 21877
51.42, 21877
51.43, 21877
51.44, 21877
51.45, 21877
51.46, 21877
51.47, 21877
51.48, 21877
51.49, 21877
51.5, 21877
51.51, 21877
51.52, 21877
51.53, 21877
51.54, 21877
51.55, 21877
51.56, 21877
51.57, 21877
51.58, 21877
51.59, 21877
51.6, 21877
51.61, 21877
51.62, 21877
51.63, 21877
51.64, 21877
51.65, 21877
51.66, 21877
51.67, 21877
51.68, 21877
51.69, 21877
51.7, 21877
51.71, 21877
51.72, 21877
51.73, 21877
51.74, 21877
51.75, 21877
51.76, 21877
51.77, 21877
51.78, 21877
51.79, 21877
51.8, 21877
51.81, 21877
51.82, 21877
51.83, 21877
51.84, 21877
51.85, 21877
51.86, 21877
51.87, 21877
51.88, 21877
51.89, 21877
51.9, 21877
51.91, 21877
51.92, 21877
51.93, 21877
51.94, 21877
51.95, 21877
51.96, 21877
51.97, 21877
51.98, 21877
51.99, 21877
52.0, 21877
52.01, 21877
52.02, 21877
52.03, 21877
52.04, 21877
52.05, 21877
52.06, 21877
52.07, 21877
52.08, 21877
52.09, 21877
52.1, 21877
52.11, 21877
52.12, 21877
52.13, 21877
52.14, 21877
52.15, 21877
52.16, 21877
52.17, 21877
52.18, 21877
52.19, 21877
52.2, 21877
52.21, 21877
52.22, 21877
52.23, 21877
52.24, 21877
52.25, 21877
52.26, 21877
52.27, 21877
52.28, 21877
52.29, 21877
52.3, 21877
52.31, 21877
52.32, 21877
52.33, 21877
52.34, 21877
52.35, 21877
52.36, 21877
52.37, 21877
52.38, 21877
52.39, 21877
52.4, 21877
52.41, 21877
52.42, 21877
52.43, 21877
52.44, 21877
52.45, 21877
52.46, 21877
52.47, 21877
52.48, 21877
52.49, 21877
52.5, 21877
52.51, 21877
52.52, 21877
52.53, 21877
52.54, 21877
52.55, 21877
52.56, 21877
52.57, 21877
52.58, 21877
52.59, 21877
52.6, 21877
52.61, 21877
52.62, 21877
52.63, 21877
52.64, 21877
52.65, 21877
52.66, 21877
52.67, 21877
52.68, 21877
52.69, 21877
52.7, 21877
52.71, 21877
52.72, 21877
52.73, 21877
52.74, 21877
52.75, 21877
52.76, 21877
52.77, 21877
52.78, 21877
52.79, 21877
52.8, 21877
52.81, 21877
52.82, 21877
52.83, 21877
52.84, 21877
52.85, 21877
52.86, 21877
52.87, 21877
52.88, 21877
52.89, 21877
52.9, 21877
52.91, 21877
52.92, 21877
52.93, 21877
52.94, 21877
52.95, 21877
52.96, 21877
52.97, 21877
52.98, 21877
52.99, 21877
53.0, 21877
53.01, 21877
53.02, 21877
53.03, 21877
53.04, 21877
53.05, 21877
53.06, 21877
53.07, 21877
53.08, 21877
53.09, 21877
53.1, 21877
53.11, 21877
53.12, 21877
53.13, 21877
53.14, 21877
53.15, 21877
53.16, 21877
53.17, 21877
53.18, 21877
53.19, 21877
53.2, 21877
53.21, 21877
53.22, 21877
53.23, 21877
53.24, 21877
53.25, 21877
53.26, 21877
53.27, 21877
53.28, 21877
53.29, 21877
53.3, 21877
53.31, 21877
53.32, 21877
53.33, 21877
53.34, 21877
53.35, 21877
53.36, 21877
53.37, 21877
53.38, 21877
53.39, 21877
53.4, 21877
53.41, 21877
53.42, 21877
53.43, 21877
53.44, 21877
53.45, 21877
53.46, 21877
53.47, 21877
53.48, 21877
53.49, 21877
53.5, 21877
53.51, 21877
53.52, 21877
53.53, 21877
53.54, 21877
53.55, 21877
53.56, 21877
53.57, 21877
53.58, 21877
53.59, 21877
53.6, 21877
53.61, 21877
53.62, 21877
53.63, 21877
53.64, 21877
53.65, 21877
53.66, 21877
53.67, 21877
53.68, 21877
53.69, 21877
53.7, 21877
53.71, 21877
53.72, 21877
53.73, 21877
53.74, 21877
53.75, 21877
53.76, 21877
53.77, 21877
53.78, 21877
53.79, 21877
53.8, 21877
53.81, 21877
53.82, 21877
53.83, 21877
53.84, 21877
53.85, 21877
53.86, 21877
53.87, 21877
53.88, 21877
53.89, 21877
53.9, 21877
53.91, 21877
53.92, 21877
53.93, 21877
53.94, 21877
53.95, 21877
53.96, 21877
53.97, 21877
53.98, 21877
53.99, 21877
54.0, 21877
54.01, 21877
54.02, 21877
54.03, 21877
54.04, 21877
54.05, 21877
54.06, 21877
54.07, 21877
54.08, 21877
54.09, 21877
54.1, 21877
54.11, 21877
54.12, 21877
54.13, 21877
54.14, 21877
54.15, 21877
54.16, 21877
54.17, 21877
54.18, 21877
54.19, 21877
54.2, 21877
54.21, 21877
54.22, 21877
54.23, 21877
54.24, 21877
54.25, 21877
54.26, 21877
54.27, 21877
54.28, 21877
54.29, 21877
54.3, 21877
54.31, 21877
54.32, 21877
54.33, 21877
54.34, 21877
54.35, 21877
54.36, 21877
54.37, 21877
54.38, 21877
54.39, 21877
54.4, 21877
54.41, 21877
54.42, 21877
54.43, 21877
54.44, 21877
54.45, 21877
54.46, 21877
54.47, 21877
54.48, 21877
54.49, 21877
54.5, 21877
54.51, 21877
54.52, 21877
54.53, 21877
54.54, 21877
54.55, 21877
54.56, 21877
54.57, 21877
54.58, 21877
54.59, 21877
54.6, 21877
54.61, 21877
54.62, 21877
54.63, 21877
54.64, 21877
54.65, 21877
54.66, 21877
54.67, 21877
54.68, 21877
54.69, 21877
54.7, 21877
54.71, 21877
54.72, 21877
54.73, 21877
54.74, 21877
54.75, 21877
54.76, 21877
54.77, 21877
54.78, 21877
54.79, 21877
54.8, 21877
54.81, 21877
54.82, 21877
54.83, 21877
54.84, 21877
54.85, 21877
54.86, 21877
54.87, 21877
54.88, 21877
54.89, 21877
54.9, 21877
54.91, 21877
54.92, 21877
54.93, 21877
54.94, 21877
54.95, 21877
54.96, 21877
54.97, 21877
54.98, 21877
54.99, 21877
55.0, 21877
55.01, 21877
55.02, 21877
55.03, 21877
55.04, 21877
55.05, 21877
55.06, 21877
55.07, 21877
55.08, 21877
55.09, 21877
55.1, 21877
55.11, 21877
55.12, 21877
55.13, 21877
55.14, 21877
55.15, 21877
55.16, 21877
55.17, 21877
55.18, 21877
55.19, 21877
55.2, 21877
55.21, 21877
55.22, 21877
55.23, 21877
55.24, 21877
55.25, 21877
55.26, 21877
55.27, 21877
55.28, 21877
55.29, 21877
55.3, 21877
55.31, 21877
55.32, 21877
55.33, 21877
55.34, 21877
55.35, 21877
55.36, 21877
55.37, 21877
55.38, 21877
55.39, 21877
55.4, 21877
55.41, 21877
55.42, 21877
55.43, 21877
55.44, 21877
55.45, 21877
55.46, 21877
55.47, 21877
55.48, 21877
55.49, 21877
55.5, 21877
55.51, 21877
55.52, 21877
55.53, 21877
55.54, 21877
55.55, 21877
55.56, 21877
55.57, 21877
55.58, 21877
55.59, 21877
55.6, 21877
55.61, 21877
55.62, 21877
55.63, 21877
55.64, 21877
55.65, 21877
55.66, 21877
55.67, 21877
55.68, 21877
55.69, 21877
55.7, 21877
55.71, 21877
55.72, 21877
55.73, 21877
55.74, 21877
55.75, 21877
55.76, 21877
55.77, 21877
55.78, 21877
55.79, 21877
55.8, 21877
55.81, 21877
55.82, 21877
55.83, 21877
55.84, 21877
55.85, 21877
55.86, 21877
55.87, 21877
55.88, 21877
55.89, 21877
55.9, 21877
55.91, 21877
55.92, 21877
55.93, 21877
55.94, 21877
55.95, 21877
55.96, 21877
55.97, 21877
55.98, 21877
55.99, 21877
56.0, 21877
56.01, 21877
56.02, 21877
56.03, 21877
56.04, 21877
56.05, 21877
56.06, 21877
56.07, 21877
56.08, 21877
56.09, 21877
56.1, 21877
56.11, 21877
56.12, 21877
56.13, 21877
56.14, 21877
56.15, 21877
56.16, 21877
56.17, 21877
56.18, 21877
56.19, 21877
56.2, 21877
56.21, 21877
56.22, 21877
56.23, 21877
56.24, 21877
56.25, 21877
56.26, 21877
56.27, 21877
56.28, 21877
56.29, 21877
56.3, 21877
56.31, 21877
56.32, 21877
56.33, 21877
56.34, 21877
56.35, 21877
56.36, 21877
56.37, 21877
56.38, 21877
56.39, 21877
56.4, 21877
56.41, 21877
56.42, 21877
56.43, 21877
56.44, 21877
56.45, 21877
56.46, 21877
56.47, 21877
56.48, 21877
56.49, 21877
56.5, 21877
56.51, 21877
56.52, 21877
56.53, 21877
56.54, 21877
56.55, 21877
56.56, 21877
56.57, 21877
56.58, 21877
56.59, 21877
56.6, 21877
56.61, 21877
56.62, 21877
56.63, 21877
56.64, 21877
56.65, 21877
56.66, 21877
56.67, 21877
56.68, 21877
56.69, 21877
56.7, 21877
56.71, 21877
56.72, 21877
56.73, 21877
56.74, 21877
56.75, 21877
56.76, 21877
56.77, 21877
56.78, 21877
56.79, 21877
56.8, 21877
56.81, 21877
56.82, 21877
56.83, 21877
56.84, 21877
56.85, 21877
56.86, 21877
56.87, 21877
56.88, 21877
56.89, 21877
56.9, 21877
56.91, 21877
56.92, 21877
56.93, 21877
56.94, 21877
56.95, 21877
56.96, 21877
56.97, 21877
56.98, 21877
56.99, 21877
57.0, 21877
57.01, 21877
57.02, 21877
57.03, 21877
57.04, 21877
57.05, 21877
57.06, 21877
57.07, 21877
57.08, 21877
57.09, 21877
57.1, 21877
57.11, 21877
57.12, 21877
57.13, 21877
57.14, 21877
57.15, 21877
57.16, 21877
57.17, 21877
57.18, 21877
57.19, 21877
57.2, 21877
57.21, 21877
57.22, 21877
57.23, 21877
57.24, 21877
57.25, 21877
57.26, 21877
57.27, 21877
57.28, 21877
57.29, 21877
57.3, 21877
57.31, 21877
57.32, 21877
57.33, 21877
57.34, 21877
57.35, 21877
57.36, 21877
57.37, 21877
57.38, 21877
57.39, 21877
57.4, 21877
57.41, 21877
57.42, 21877
57.43, 21877
57.44, 21877
57.45, 21877
57.46, 21877
57.47, 21877
57.48, 21877
57.49, 21877
57.5, 21877
57.51, 21877
57.52, 21877
57.53, 21877
57.54, 21877
57.55, 21877
57.56, 21877
57.57, 21877
57.58, 21877
57.59, 21877
57.6, 21877
57.61, 21877
57.62, 21877
57.63, 21877
57.64, 21877
57.65, 21877
57.66, 21877
57.67, 21877
57.68, 21877
57.69, 21877
57.7, 21877
57.71, 21877
57.72, 21877
57.73, 21877
57.74, 21877
57.75, 21877
57.76, 21877
57.77, 21877
57.78, 21877
57.79, 21877
57.8, 21877
57.81, 21877
57.82, 21877
57.83, 21877
57.84, 21877
57.85, 21877
57.86, 21877
57.87, 21877
57.88, 21877
57.89, 21877
57.9, 21877
57.91, 21877
57.92, 21877
57.93, 21877
57.94, 21877
57.95, 21877
57.96, 21877
57.97, 21877
57.98, 21877
57.99, 21877
58.0, 21877
58.01, 21877
58.02, 21877
58.03, 21877
58.04, 21877
58.05, 21877
58.06, 21877
58.07, 21877
58.08, 21877
58.09, 21877
58.1, 21877
58.11, 21877
58.12, 21877
58.13, 21877
58.14, 21877
58.15, 21877
58.16, 21877
58.17, 21877
58.18, 21877
58.19, 21877
58.2, 21877
58.21, 21877
58.22, 21877
58.23, 21877
58.24, 21877
58.25, 21877
58.26, 21877
58.27, 21877
58.28, 21877
58.29, 21877
58.3, 21877
58.31, 21877
58.32, 21877
58.33, 21877
58.34, 21877
58.35, 21877
58.36, 21877
58.37, 21877
58.38, 21877
58.39, 21877
58.4, 21877
58.41, 21877
58.42, 21877
58.43, 21877
58.44, 21877
58.45, 21877
58.46, 21877
58.47, 21877
58.48, 21877
58.49, 21877
58.5, 21877
58.51, 21877
58.52, 21877
58.53, 21877
58.54, 21877
58.55, 21877
58.56, 21877
58.57, 21877
58.58, 21877
58.59, 21877
58.6, 21877
58.61, 21877
58.62, 21877
58.63, 21877
58.64, 21877
58.65, 21877
58.66, 21877
58.67, 21877
58.68, 21877
58.69, 21877
58.7, 21877
58.71, 21877
58.72, 21877
58.73, 21877
58.74, 21877
58.75, 21877
58.76, 21877
58.77, 21877
58.78, 21877
58.79, 21877
58.8, 21877
58.81, 21877
58.82, 21877
58.83, 21877
58.84, 21877
58.85, 21877
58.86, 21877
58.87, 21877
58.88, 21877
58.89, 21877
58.9, 21877
58.91, 21877
58.92, 21877
58.93, 21877
58.94, 21877
58.95, 21877
58.96, 21877
58.97, 21877
58.98, 21877
58.99, 21877
59.0, 21877
59.01, 21877
59.02, 21877
59.03, 21877
59.04, 21877
59.05, 21877
59.06, 21877
59.07, 21877
59.08, 21877
59.09, 21877
59.1, 21877
59.11, 21877
59.12, 21877
59.13, 21877
59.14, 21877
59.15, 21877
59.16, 21877
59.17, 21877
59.18, 21877
59.19, 21877
59.2, 21877
59.21, 21877
59.22, 21877
59.23, 21877
59.24, 21877
59.25, 21877
59.26, 21877
59.27, 21877
59.28, 21877
59.29, 21877
59.3, 21877
59.31, 21877
59.32, 21877
59.33, 21877
59.34, 21877
59.35, 21877
59.36, 21877
59.37, 21877
59.38, 21877
59.39, 21877
59.4, 21877
59.41, 21877
59.42, 21877
59.43, 21877
59.44, 21877
59.45, 21877
59.46, 21877
59.47, 21877
59.48, 21877
59.49, 21877
59.5, 21877
59.51, 21877
59.52, 21877
59.53, 21877
59.54, 21877
59.55, 21877
59.56, 21877
59.57, 21877
59.58, 21877
59.59, 21877
59.6, 21877
59.61, 21877
59.62, 21877
59.63, 21877
59.64, 21877
59.65, 21877
59.66, 21877
59.67, 21877
59.68, 21877
59.69, 21877
59.7, 21877
59.71, 21877
59.72, 21877
59.73, 21877
59.74, 21877
59.75, 21877
59.76, 21877
59.77, 21877
59.78, 21877
59.79, 21877
59.8, 21877
59.81, 21877
59.82, 21877
59.83, 21877
59.84, 21877
59.85, 21877
59.86, 21877
59.87, 21877
59.88, 21877
59.89, 21877
59.9, 21877
59.91, 21877
59.92, 21877
59.93, 21877
59.94, 21877
59.95, 21877
59.96, 21877
59.97, 21877
59.98, 21877
59.99, 21877
