0.0, 25758
0.01, 25237
0.02, 24438
0.03, 24438
0.04, 24438
0.05, 24438
0.06, 24438
0.07, 24438
0.08, 24438
0.09, 23367
0.1, 23367
0.11, 23367
0.12, 22550
0.13, 22550
0.14, 22550
0.15, 22550
0.16, 22550
0.17, 22550
0.18, 22550
0.19, 22550
0.2, 22550
0.21, 22550
0.22, 22550
0.23, 22550
0.24, 22550
0.25, 22550
0.26, 22550
0.27, 22550
0.28, 22550
0.29, 22550
0.3, 22550
0.31, 22550
0.32, 22550
0.33, 22550
0.34, 22550
0.35, 22550
0.36, 22550
0.37, 22550
0.38, 22550
0.39, 22550
0.4, 22550
0.41, 22550
0.42, 22550
0.43, 22550
0.44, 22550
0.45, 22550
0.46, 22550
0.47, 22550
0.48, 22550
0.49, 22550
0.5, 22550
0.51, 22550
0.52, 22550
0.53, 22550
0.54, 22550
0.55, 22550
0.56, 22550
0.57, 22550
0.58, 22550
0.59, 22550
0.6, 22550
0.61, 22550
0.62, 22550
0.63, 22550
0.64, 22550
0.65, 22550
0.66, 22550
0.67, 22550
0.68, 22550
0.69, 22550
0.7, 22550
0.71, 22550
0.72, 22550
0.73, 22550
0.74, 22550
0.75, 22550
0.76, 22550
0.77, 22550
0.78, 22550
0.79, 22550
0.8, 22550
0.81, 22550
0.82, 22550
0.83, 22550
0.84, 22550
0.85, 22550
0.86, 22550
0.87, 22550
0.88, 22550
0.89, 22550
0.9, 22550
0.91, 22550
0.92, 22550
0.93, 22550
0.94, 22550
0.95, 22550
0.96, 22550
0.97, 22550
0.98, 22550
0.99, 22550
1.0, 22550
1.01, 22550
1.02, 22550
1.03, 22550
1.04, 22550
1.05, 22515
1.06, 22515
1.07, 22515
1.08, 22515
1.09, 22515
1.1, 22515
1.11, 22515
1.12, 22515
1.13, 22515
1.14, 22515
1.15, 22515
1.16, 22515
1.17, 22515
1.18, 22515
1.19, 22515
1.2, 22515
1.21, 22515
1.22, 22515
1.23, 22515
1.24, 22515
1.25, 22515
1.26, 22515
1.27, 22515
1.28, 22515
1.29, 22515
1.3, 22515
1.31, 22515
1.32, 22515
1.33, 22515
1.34, 22515
1.35, 22515
1.36, 22515
1.37, 22515
1.38, 22515
1.39, 22515
1.4, 22515
1.41, 22515
1.42, 22515
1.43, 22515
1.44, 22515
1.45, 22515
1.46, 22515
1.47, 22515
1.48, 22515
1.49, 22515
1.5, 22515
1.51, 22515
1.52, 22515
1.53, 22515
1.54, 22515
1.55, 22515
1.56, 22515
1.57, 22515
1.58, 22515
1.59, 22515
1.6, 22515
1.61, 22515
1.62, 22515
1.63, 22515
1.64, 22515
1.65, 22515
1.66, 22515
1.67, 22515
1.68, 22515
1.69, 22515
1.7, 22515
1.71, 22515
1.72, 22515
1.73, 22515
1.74, 22515
1.75, 22515
1.76, 22515
1.77, 22515
1.78, 22515
1.79, 22515
1.8, 22515
1.81, 22515
1.82, 22515
1.83, 22515
1.84, 22515
1.85, 22515
1.86, 22515
1.87, 22515
1.88, 22515
1.89, 22515
1.9, 22515
1.91, 22515
1.92, 22515
1.93, 22515
1.94, 22515
1.95, 22515
1.96, 22515
1.97, 22515
1.98, 22515
1.99, 22515
2.0, 22515
2.01, 22515
2.02, 22515
2.03, 22515
2.04, 22515
2.05, 22515
2.06, 22515
2.07, 22515
2.08, 22515
2.09, 22515
2.1, 22515
2.11, 22515
2.12, 22515
2.13, 22515
2.14, 22515
2.15, 22515
2.16, 22515
2.17, 22515
2.18, 22515
2.19, 22515
2.2, 22515
2.21, 22515
2.22, 22515
2.23, 22515
2.24, 22515
2.25, 22515
2.26, 22515
2.27, 22515
2.28, 22515
2.29, 22515
2.3, 22515
2.31, 22515
2.32, 22515
2.33, 22515
2.34, 22515
2.35, 22515
2.36, 22515
2.37, 22515
2.38, 22515
2.39, 22515
2.4, 22515
2.41, 22515
2.42, 22515
2.43, 22515
2.44, 22515
2.45, 22515
2.46, 22515
2.47, 22515
2.48, 22515
2.49, 22515
2.5, 22515
2.51, 22515
2.52, 22515
2.53, 22515
2.54, 22515
2.55, 22515
2.56, 22515
2.57, 22515
2.58, 22515
2.59, 22515
2.6, 22515
2.61, 22515
2.62, 22515
2.63, 22515
2.64, 22515
2.65, 22515
2.66, 22515
2.67, 22515
2.68, 22515
2.69, 22515
2.7, 22515
2.71, 22515
2.72, 22515
2.73, 22515
2.74, 22515
2.75, 22515
2.76, 22515
2.77, 22515
2.78, 22515
2.79, 22515
2.8, 22515
2.81, 22515
2.82, 22515
2.83, 22515
2.84, 22515
2.85, 22515
2.86, 22515
2.87, 22515
2.88, 22515
2.89, 22515
2.9, 22515
2.91, 22515
2.92, 22515
2.93, 22515
2.94, 22515
2.95, 22515
2.96, 22515
2.97, 22515
2.98, 22515
2.99, 22515
3.0, 22515
3.01, 22515
3.02, 22515
3.03, 22515
3.04, 22515
3.05, 22515
3.06, 22515
3.07, 22515
3.08, 22515
3.09, 22515
3.1, 22515
3.11, 22515
3.12, 22515
3.13, 22515
3.14, 22515
3.15, 22515
3.16, 22515
3.17, 22515
3.18, 22515
3.19, 22515
3.2, 22515
3.21, 22515
3.22, 22515
3.23, 22515
3.24, 22515
3.25, 22515
3.26, 22515
3.27, 22515
3.28, 22515
3.29, 22515
3.3, 22515
3.31, 22515
3.32, 22515
3.33, 22515
3.34, 22515
3.35, 22515
3.36, 22515
3.37, 22515
3.38, 22515
3.39, 22515
3.4, 22515
3.41, 22515
3.42, 22515
3.43, 22515
3.44, 22515
3.45, 22515
3.46, 22515
3.47, 22515
3.48, 22515
3.49, 22515
3.5, 22515
3.51, 22515
3.52, 22515
3.53, 22515
3.54, 22515
3.55, 22515
3.56, 22515
3.57, 22515
3.58, 22515
3.59, 22515
3.6, 22515
3.61, 22515
3.62, 22515
3.63, 22515
3.64, 22515
3.65, 22515
3.66, 22515
3.67, 22515
3.68, 22515
3.69, 22515
3.7, 22515
3.71, 22515
3.72, 22515
3.73, 22515
3.74, 22515
3.75, 22515
3.76, 22515
3.77, 22515
3.78, 22515
3.79, 22515
3.8, 22515
3.81, 22515
3.82, 22515
3.83, 22515
3.84, 22515
3.85, 22515
3.86, 22515
3.87, 22515
3.88, 22515
3.89, 22515
3.9, 22515
3.91, 22515
3.92, 22515
3.93, 22515
3.94, 22515
3.95, 22515
3.96, 22515
3.97, 22515
3.98, 22515
3.99, 22515
4.0, 22515
4.01, 22515
4.02, 22515
4.03, 22515
4.04, 22515
4.05, 22515
4.06, 22515
4.07, 22515
4.08, 22515
4.09, 22515
4.1, 22515
4.11, 22515
4.12, 22515
4.13, 22515
4.14, 22515
4.15, 22515
4.16, 22515
4.17, 22515
4.18, 22515
4.19, 22515
4.2, 22515
4.21, 22515
4.22, 22515
4.23, 22515
4.24, 22515
4.25, 22515
4.26, 22515
4.27, 22515
4.28, 22515
4.29, 22515
4.3, 22515
4.31, 22515
4.32, 22515
4.33, 22515
4.34, 22515
4.35, 22515
4.36, 22515
4.37, 22515
4.38, 22515
4.39, 22515
4.4, 22515
4.41, 22515
4.42, 22515
4.43, 22515
4.44, 22515
4.45, 22515
4.46, 22515
4.47, 22515
4.48, 22515
4.49, 22515
4.5, 22515
4.51, 22515
4.52, 22515
4.53, 22515
4.54, 22515
4.55, 22515
4.56, 22515
4.57, 22515
4.58, 22515
4.59, 22515
4.6, 22515
4.61, 22515
4.62, 22515
4.63, 22515
4.64, 22515
4.65, 22515
4.66, 22515
4.67, 22515
4.68, 22515
4.69, 22515
4.7, 22515
4.71, 22515
4.72, 22515
4.73, 22515
4.74, 22515
4.75, 22515
4.76, 22515
4.77, 22515
4.78, 22515
4.79, 22515
4.8, 22515
4.81, 22515
4.82, 22515
4.83, 22515
4.84, 22515
4.85, 22515
4.86, 22515
4.87, 22515
4.88, 22515
4.89, 22515
4.9, 22515
4.91, 22515
4.92, 22515
4.93, 22515
4.94, 22515
4.95, 22515
4.96, 22515
4.97, 22515
4.98, 22515
4.99, 22515
5.0, 22515
5.01, 22515
5.02, 22515
5.03, 22515
5.04, 22515
5.05, 22515
5.06, 22515
5.07, 22515
5.08, 22515
5.09, 22515
5.1, 22515
5.11, 22515
5.12, 22515
5.13, 22515
5.14, 22515
5.15, 22515
5.16, 22515
5.17, 22515
5.18, 22515
5.19, 22515
5.2, 22515
5.21, 22515
5.22, 22515
5.23, 22515
5.24, 22515
5.25, 22515
5.26, 22515
5.27, 22515
5.28, 22515
5.29, 22515
5.3, 22515
5.31, 22515
5.32, 22515
5.33, 22515
5.34, 22515
5.35, 22515
5.36, 22515
5.37, 22515
5.38, 22515
5.39, 22515
5.4, 22515
5.41, 22515
5.42, 22515
5.43, 22515
5.44, 22515
5.45, 22515
5.46, 22515
5.47, 22515
5.48, 22515
5.49, 22515
5.5, 22515
5.51, 22515
5.52, 22515
5.53, 22515
5.54, 22515
5.55, 22515
5.56, 22515
5.57, 22515
5.58, 22515
5.59, 22515
5.6, 22515
5.61, 22515
5.62, 22515
5.63, 22515
5.64, 22515
5.65, 22515
5.66, 22515
5.67, 22515
5.68, 22515
5.69, 22515
5.7, 22515
5.71, 22515
5.72, 22515
5.73, 22515
5.74, 22515
5.75, 22515
5.76, 22515
5.77, 22515
5.78, 22515
5.79, 22515
5.8, 22515
5.81, 22515
5.82, 22515
5.83, 22515
5.84, 22515
5.85, 22515
5.86, 22515
5.87, 22515
5.88, 22515
5.89, 22515
5.9, 22515
5.91, 22515
5.92, 22515
5.93, 22515
5.94, 22515
5.95, 22515
5.96, 22515
5.97, 22515
5.98, 22515
5.99, 22515
6.0, 22515
6.01, 22515
6.02, 22515
6.03, 22515
6.04, 22515
6.05, 22515
6.06, 22515
6.07, 22515
6.08, 22515
6.09, 22515
6.1, 22515
6.11, 22515
6.12, 22515
6.13, 22515
6.14, 22515
6.15, 22515
6.16, 22515
6.17, 22515
6.18, 22515
6.19, 22515
6.2, 22515
6.21, 22515
6.22, 22515
6.23, 22515
6.24, 22515
6.25, 22515
6.26, 22515
6.27, 22515
6.28, 22515
6.29, 22515
6.3, 22515
6.31, 22515
6.32, 22515
6.33, 22515
6.34, 22515
6.35, 22515
6.36, 22515
6.37, 22515
6.38, 22515
6.39, 22515
6.4, 22515
6.41, 22515
6.42, 22515
6.43, 22515
6.44, 22515
6.45, 22515
6.46, 22515
6.47, 22515
6.48, 22515
6.49, 22515
6.5, 22515
6.51, 22515
6.52, 22515
6.53, 22515
6.54, 22515
6.55, 22515
6.56, 22515
6.57, 22515
6.58, 22515
6.59, 22515
6.6, 22515
6.61, 22515
6.62, 22515
6.63, 22515
6.64, 22515
6.65, 22515
6.66, 22515
6.67, 22515
6.68, 22515
6.69, 22515
6.7, 22515
6.71, 22515
6.72, 22515
6.73, 22515
6.74, 22515
6.75, 22515
6.76, 22515
6.77, 22515
6.78, 22515
6.79, 22515
6.8, 22515
6.81, 22515
6.82, 22515
6.83, 22515
6.84, 22515
6.85, 22515
6.86, 22515
6.87, 22515
6.88, 22515
6.89, 22515
6.9, 22515
6.91, 22515
6.92, 22515
6.93, 22515
6.94, 22515
6.95, 22515
6.96, 22515
6.97, 22515
6.98, 22515
6.99, 22515
7.0, 22515
7.01, 22515
7.02, 22515
7.03, 22515
7.04, 22515
7.05, 22515
7.06, 22515
7.07, 22515
7.08, 22515
7.09, 22515
7.1, 22515
7.11, 22515
7.12, 22515
7.13, 22515
7.14, 22515
7.15, 22515
7.16, 22515
7.17, 22515
7.18, 22515
7.19, 22515
7.2, 22515
7.21, 22515
7.22, 22515
7.23, 22515
7.24, 22515
7.25, 22515
7.26, 22515
7.27, 22515
7.28, 22515
7.29, 22515
7.3, 22515
7.31, 22515
7.32, 22515
7.33, 22515
7.34, 22515
7.35, 22515
7.36, 22515
7.37, 22515
7.38, 22515
7.39, 22515
7.4, 22515
7.41, 22515
7.42, 22515
7.43, 22515
7.44, 22515
7.45, 22515
7.46, 22515
7.47, 22515
7.48, 22515
7.49, 22515
7.5, 22515
7.51, 22515
7.52, 22515
7.53, 22515
7.54, 22515
7.55, 22515
7.56, 22515
7.57, 22515
7.58, 22515
7.59, 22515
7.6, 22515
7.61, 22515
7.62, 22515
7.63, 22515
7.64, 22515
7.65, 22515
7.66, 22515
7.67, 22515
7.68, 22515
7.69, 22515
7.7, 22515
7.71, 22515
7.72, 22515
7.73, 22515
7.74, 22515
7.75, 22515
7.76, 22515
7.77, 22515
7.78, 22515
7.79, 22515
7.8, 22515
7.81, 22515
7.82, 22515
7.83, 22515
7.84, 22515
7.85, 22515
7.86, 22515
7.87, 22515
7.88, 22515
7.89, 22515
7.9, 22515
7.91, 22515
7.92, 22515
7.93, 22515
7.94, 22515
7.95, 22515
7.96, 22515
7.97, 22515
7.98, 22515
7.99, 22515
8.0, 22515
8.01, 22515
8.02, 22515
8.03, 22515
8.04, 22515
8.05, 22515
8.06, 22515
8.07, 22515
8.08, 22515
8.09, 22515
8.1, 22515
8.11, 22515
8.12, 22515
8.13, 22515
8.14, 22515
8.15, 22515
8.16, 22515
8.17, 22515
8.18, 22515
8.19, 22515
8.2, 22515
8.21, 22515
8.22, 22515
8.23, 22515
8.24, 22515
8.25, 22515
8.26, 22515
8.27, 22515
8.28, 22515
8.29, 22515
8.3, 22515
8.31, 22515
8.32, 22515
8.33, 22515
8.34, 22515
8.35, 22515
8.36, 22515
8.37, 22515
8.38, 22515
8.39, 22515
8.4, 22515
8.41, 22515
8.42, 22515
8.43, 22515
8.44, 22515
8.45, 22515
8.46, 22515
8.47, 22515
8.48, 22515
8.49, 22515
8.5, 22515
8.51, 22515
8.52, 22515
8.53, 22515
8.54, 22515
8.55, 22515
8.56, 22515
8.57, 22515
8.58, 22515
8.59, 22515
8.6, 22515
8.61, 22515
8.62, 22515
8.63, 22515
8.64, 22515
8.65, 22515
8.66, 22515
8.67, 22515
8.68, 22515
8.69, 22515
8.7, 22515
8.71, 22515
8.72, 22515
8.73, 22515
8.74, 22515
8.75, 22515
8.76, 22515
8.77, 22515
8.78, 22515
8.79, 22515
8.8, 22515
8.81, 22515
8.82, 22515
8.83, 22515
8.84, 22515
8.85, 22515
8.86, 22515
8.87, 22515
8.88, 22515
8.89, 22515
8.9, 22515
8.91, 22515
8.92, 22515
8.93, 22515
8.94, 22515
8.95, 22515
8.96, 22515
8.97, 22515
8.98, 22515
8.99, 22515
9.0, 22515
9.01, 22515
9.02, 22515
9.03, 22515
9.04, 22515
9.05, 22515
9.06, 22515
9.07, 22515
9.08, 22515
9.09, 22515
9.1, 22515
9.11, 22515
9.12, 22515
9.13, 22515
9.14, 22515
9.15, 22515
9.16, 22515
9.17, 22515
9.18, 22515
9.19, 22515
9.2, 22515
9.21, 22515
9.22, 22515
9.23, 22515
9.24, 22515
9.25, 22515
9.26, 22515
9.27, 22515
9.28, 22515
9.29, 22515
9.3, 22515
9.31, 22515
9.32, 22515
9.33, 22515
9.34, 22515
9.35, 22515
9.36, 22515
9.37, 22515
9.38, 22515
9.39, 22515
9.4, 22515
9.41, 22515
9.42, 22515
9.43, 22515
9.44, 22515
9.45, 22515
9.46, 22515
9.47, 22515
9.48, 22515
9.49, 22515
9.5, 22515
9.51, 22515
9.52, 22515
9.53, 22515
9.54, 22515
9.55, 22515
9.56, 22515
9.57, 22515
9.58, 22515
9.59, 22515
9.6, 22515
9.61, 22515
9.62, 22515
9.63, 22515
9.64, 22515
9.65, 22515
9.66, 22515
9.67, 22515
9.68, 22515
9.69, 22515
9.7, 22515
9.71, 22515
9.72, 22515
9.73, 22515
9.74, 22515
9.75, 22515
9.76, 22515
9.77, 22515
9.78, 22515
9.79, 22515
9.8, 22515
9.81, 22515
9.82, 22515
9.83, 22515
9.84, 22515
9.85, 22515
9.86, 22515
9.87, 22515
9.88, 22515
9.89, 22515
9.9, 22515
9.91, 22515
9.92, 22515
9.93, 22515
9.94, 22515
9.95, 22515
9.96, 22515
9.97, 22515
9.98, 22515
9.99, 22515
10.0, 22515
10.01, 22515
10.02, 22515
10.03, 22515
10.04, 22515
10.05, 22515
10.06, 22515
10.07, 22515
10.08, 22515
10.09, 22515
10.1, 22515
10.11, 22515
10.12, 22515
10.13, 22515
10.14, 22515
10.15, 22515
10.16, 22515
10.17, 22515
10.18, 22515
10.19, 22515
10.2, 22515
10.21, 22515
10.22, 22515
10.23, 22515
10.24, 22515
10.25, 22515
10.26, 22515
10.27, 22515
10.28, 22515
10.29, 22515
10.3, 22515
10.31, 22515
10.32, 22515
10.33, 22515
10.34, 22515
10.35, 22515
10.36, 22515
10.37, 22515
10.38, 22515
10.39, 22515
10.4, 22515
10.41, 22515
10.42, 22515
10.43, 22515
10.44, 22515
10.45, 22515
10.46, 22515
10.47, 22515
10.48, 22515
10.49, 22515
10.5, 22515
10.51, 22515
10.52, 22515
10.53, 22515
10.54, 22515
10.55, 22515
10.56, 22515
10.57, 22515
10.58, 22515
10.59, 22515
10.6, 22515
10.61, 22515
10.62, 22515
10.63, 22515
10.64, 22515
10.65, 22515
10.66, 22515
10.67, 22515
10.68, 22515
10.69, 22515
10.7, 22515
10.71, 22515
10.72, 22515
10.73, 22515
10.74, 22515
10.75, 22515
10.76, 22515
10.77, 22515
10.78, 22515
10.79, 22515
10.8, 22515
10.81, 22515
10.82, 22515
10.83, 22515
10.84, 22515
10.85, 22515
10.86, 22515
10.87, 22515
10.88, 22515
10.89, 22515
10.9, 22515
10.91, 22515
10.92, 22515
10.93, 22515
10.94, 22515
10.95, 22515
10.96, 22515
10.97, 22515
10.98, 22515
10.99, 22515
11.0, 22515
11.01, 22515
11.02, 22515
11.03, 22515
11.04, 22515
11.05, 22515
11.06, 22515
11.07, 22515
11.08, 22515
11.09, 22515
11.1, 22515
11.11, 22515
11.12, 22515
11.13, 22515
11.14, 22515
11.15, 22515
11.16, 22515
11.17, 22515
11.18, 22515
11.19, 22515
11.2, 22515
11.21, 22515
11.22, 22515
11.23, 22515
11.24, 22515
11.25, 22515
11.26, 22515
11.27, 22515
11.28, 22515
11.29, 22515
11.3, 22515
11.31, 22515
11.32, 22515
11.33, 22515
11.34, 22515
11.35, 22515
11.36, 22515
11.37, 22515
11.38, 22515
11.39, 22515
11.4, 22515
11.41, 22515
11.42, 22515
11.43, 22515
11.44, 22515
11.45, 22515
11.46, 22515
11.47, 22515
11.48, 22515
11.49, 22515
11.5, 22515
11.51, 22515
11.52, 22515
11.53, 22515
11.54, 22515
11.55, 22515
11.56, 22515
11.57, 22515
11.58, 22515
11.59, 22515
11.6, 22515
11.61, 22515
11.62, 22515
11.63, 22515
11.64, 22515
11.65, 22515
11.66, 22515
11.67, 22515
11.68, 22515
11.69, 22515
11.7, 22515
11.71, 22515
11.72, 22515
11.73, 22515
11.74, 22515
11.75, 22515
11.76, 22515
11.77, 22515
11.78, 22515
11.79, 22515
11.8, 22515
11.81, 22515
11.82, 22515
11.83, 22515
11.84, 22515
11.85, 22515
11.86, 22515
11.87, 22515
11.88, 22515
11.89, 22515
11.9, 22515
11.91, 22515
11.92, 22515
11.93, 22515
11.94, 22515
11.95, 22515
11.96, 22515
11.97, 22515
11.98, 22515
11.99, 22515
12.0, 22515
12.01, 22515
12.02, 22515
12.03, 22515
12.04, 22515
12.05, 22515
12.06, 22515
12.07, 22515
12.08, 22515
12.09, 22515
12.1, 22515
12.11, 22515
12.12, 22381
12.13, 22381
12.14, 22381
12.15, 22381
12.16, 22381
12.17, 22381
12.18, 22381
12.19, 22381
12.2, 22381
12.21, 22381
12.22, 22381
12.23, 22381
12.24, 22381
12.25, 22381
12.26, 22381
12.27, 22381
12.28, 22381
12.29, 22381
12.3, 22381
12.31, 22381
12.32, 22381
12.33, 22381
12.34, 22381
12.35, 22381
12.36, 22381
12.37, 22381
12.38, 22381
12.39, 22381
12.4, 22381
12.41, 22381
12.42, 22381
12.43, 22381
12.44, 22381
12.45, 22381
12.46, 22381
12.47, 22381
12.48, 22381
12.49, 22381
12.5, 22381
12.51, 22381
12.52, 22381
12.53, 22381
12.54, 22381
12.55, 22381
12.56, 22381
12.57, 22381
12.58, 22381
12.59, 22381
12.6, 22381
12.61, 22381
12.62, 22381
12.63, 22381
12.64, 22381
12.65, 22381
12.66, 22381
12.67, 22381
12.68, 22381
12.69, 22381
12.7, 22381
12.71, 22381
12.72, 22381
12.73, 22381
12.74, 22381
12.75, 22381
12.76, 22381
12.77, 22381
12.78, 22381
12.79, 22381
12.8, 22381
12.81, 22381
12.82, 22381
12.83, 22381
12.84, 22381
12.85, 22381
12.86, 22381
12.87, 22381
12.88, 22381
12.89, 22381
12.9, 22381
12.91, 22381
12.92, 22381
12.93, 22381
12.94, 22381
12.95, 22381
12.96, 22381
12.97, 22381
12.98, 22381
12.99, 22381
13.0, 22381
13.01, 22381
13.02, 22381
13.03, 22381
13.04, 22381
13.05, 22381
13.06, 22381
13.07, 22381
13.08, 22381
13.09, 22381
13.1, 22381
13.11, 22381
13.12, 22381
13.13, 22381
13.14, 22381
13.15, 22381
13.16, 22381
13.17, 22381
13.18, 22381
13.19, 22381
13.2, 22381
13.21, 22381
13.22, 22381
13.23, 22381
13.24, 22381
13.25, 22381
13.26, 22381
13.27, 22381
13.28, 22381
13.29, 22381
13.3, 22381
13.31, 22381
13.32, 22381
13.33, 22381
13.34, 22381
13.35, 22381
13.36, 22381
13.37, 22381
13.38, 22381
13.39, 22381
13.4, 22381
13.41, 22381
13.42, 22381
13.43, 22381
13.44, 22381
13.45, 22381
13.46, 22381
13.47, 22381
13.48, 22381
13.49, 22381
13.5, 22381
13.51, 22381
13.52, 22381
13.53, 22381
13.54, 22381
13.55, 22381
13.56, 22381
13.57, 22381
13.58, 22381
13.59, 22381
13.6, 22381
13.61, 22381
13.62, 22381
13.63, 22381
13.64, 22381
13.65, 22381
13.66, 22381
13.67, 22381
13.68, 22381
13.69, 22381
13.7, 22381
13.71, 22381
13.72, 22381
13.73, 22381
13.74, 22381
13.75, 22381
13.76, 22381
13.77, 22381
13.78, 22381
13.79, 22381
13.8, 22381
13.81, 22381
13.82, 22381
13.83, 22381
13.84, 22381
13.85, 22381
13.86, 22381
13.87, 22381
13.88, 22381
13.89, 22381
13.9, 22381
13.91, 22381
13.92, 22381
13.93, 22381
13.94, 22381
13.95, 22381
13.96, 22381
13.97, 22381
13.98, 22381
13.99, 22381
14.0, 22381
14.01, 22381
14.02, 22381
14.03, 22381
14.04, 22381
14.05, 22381
14.06, 22381
14.07, 22381
14.08, 22381
14.09, 22381
14.1, 22381
14.11, 22381
14.12, 22381
14.13, 22381
14.14, 22381
14.15, 22381
14.16, 22381
14.17, 22381
14.18, 22381
14.19, 22381
14.2, 22381
14.21, 22381
14.22, 22381
14.23, 22381
14.24, 22381
14.25, 22381
14.26, 22381
14.27, 22381
14.28, 22381
14.29, 22381
14.3, 22381
14.31, 22381
14.32, 22381
14.33, 22381
14.34, 22381
14.35, 22381
14.36, 22381
14.37, 22381
14.38, 22381
14.39, 22381
14.4, 22381
14.41, 22381
14.42, 22381
14.43, 22381
14.44, 22381
14.45, 22381
14.46, 22381
14.47, 22381
14.48, 22381
14.49, 22381
14.5, 22381
14.51, 22381
14.52, 22381
14.53, 22381
14.54, 22381
14.55, 22381
14.56, 22381
14.57, 22381
14.58, 22381
14.59, 22381
14.6, 22381
14.61, 22381
14.62, 22381
14.63, 22381
14.64, 22381
14.65, 22381
14.66, 22381
14.67, 22381
14.68, 22381
14.69, 22381
14.7, 22381
14.71, 22381
14.72, 22381
14.73, 22381
14.74, 22381
14.75, 22381
14.76, 22381
14.77, 22381
14.78, 22381
14.79, 22381
14.8, 22381
14.81, 22381
14.82, 22381
14.83, 22381
14.84, 22381
14.85, 22381
14.86, 22381
14.87, 22381
14.88, 22381
14.89, 22381
14.9, 22381
14.91, 22381
14.92, 22381
14.93, 22381
14.94, 22381
14.95, 22381
14.96, 22381
14.97, 22381
14.98, 22381
14.99, 22381
15.0, 22381
15.01, 22381
15.02, 22381
15.03, 22381
15.04, 22381
15.05, 22381
15.06, 22381
15.07, 22381
15.08, 22381
15.09, 22381
15.1, 22381
15.11, 22381
15.12, 22381
15.13, 22381
15.14, 22381
15.15, 22381
15.16, 22381
15.17, 22381
15.18, 22381
15.19, 22381
15.2, 22381
15.21, 22381
15.22, 22381
15.23, 22381
15.24, 22381
15.25, 22381
15.26, 22381
15.27, 22381
15.28, 22381
15.29, 22381
15.3, 22381
15.31, 22381
15.32, 22381
15.33, 22381
15.34, 22381
15.35, 22381
15.36, 22381
15.37, 22381
15.38, 22381
15.39, 22381
15.4, 22381
15.41, 22381
15.42, 22381
15.43, 22381
15.44, 22381
15.45, 22381
15.46, 22381
15.47, 22381
15.48, 22381
15.49, 22381
15.5, 22381
15.51, 22381
15.52, 22381
15.53, 22381
15.54, 22381
15.55, 22381
15.56, 22381
15.57, 22381
15.58, 22381
15.59, 22381
15.6, 22381
15.61, 22381
15.62, 22381
15.63, 22381
15.64, 22381
15.65, 22381
15.66, 22381
15.67, 22381
15.68, 22381
15.69, 22381
15.7, 22381
15.71, 22381
15.72, 22381
15.73, 22381
15.74, 22381
15.75, 22381
15.76, 22381
15.77, 22381
15.78, 22381
15.79, 22381
15.8, 22381
15.81, 22381
15.82, 22381
15.83, 22381
15.84, 22381
15.85, 22381
15.86, 22381
15.87, 22381
15.88, 22381
15.89, 22381
15.9, 22381
15.91, 22381
15.92, 22381
15.93, 22381
15.94, 22381
15.95, 22381
15.96, 22381
15.97, 22381
15.98, 22381
15.99, 22381
16.0, 22381
16.01, 22381
16.02, 22381
16.03, 22381
16.04, 22381
16.05, 22381
16.06, 22381
16.07, 22381
16.08, 22381
16.09, 22381
16.1, 22381
16.11, 22381
16.12, 22381
16.13, 22381
16.14, 22381
16.15, 22381
16.16, 22381
16.17, 22381
16.18, 22381
16.19, 22381
16.2, 22381
16.21, 22381
16.22, 22381
16.23, 22381
16.24, 22381
16.25, 22381
16.26, 22381
16.27, 22381
16.28, 22381
16.29, 22381
16.3, 22381
16.31, 22381
16.32, 22381
16.33, 22381
16.34, 22381
16.35, 22381
16.36, 22381
16.37, 22381
16.38, 22381
16.39, 22381
16.4, 22381
16.41, 22381
16.42, 22381
16.43, 22381
16.44, 22381
16.45, 22381
16.46, 22381
16.47, 22381
16.48, 22381
16.49, 22381
16.5, 22381
16.51, 22381
16.52, 22381
16.53, 22381
16.54, 22381
16.55, 22381
16.56, 22381
16.57, 22381
16.58, 22381
16.59, 22381
16.6, 22381
16.61, 22381
16.62, 22381
16.63, 22381
16.64, 22381
16.65, 22381
16.66, 22381
16.67, 22381
16.68, 22381
16.69, 22381
16.7, 22381
16.71, 22381
16.72, 22381
16.73, 22381
16.74, 22381
16.75, 22381
16.76, 22381
16.77, 22381
16.78, 22381
16.79, 22381
16.8, 22381
16.81, 22381
16.82, 22381
16.83, 22381
16.84, 22381
16.85, 22381
16.86, 22381
16.87, 22381
16.88, 22381
16.89, 22381
16.9, 22381
16.91, 22381
16.92, 22381
16.93, 22381
16.94, 22381
16.95, 22381
16.96, 22381
16.97, 22381
16.98, 22381
16.99, 22381
17.0, 22381
17.01, 22381
17.02, 22381
17.03, 22381
17.04, 22381
17.05, 22381
17.06, 22381
17.07, 22381
17.08, 22381
17.09, 22381
17.1, 22381
17.11, 22381
17.12, 22381
17.13, 22381
17.14, 22381
17.15, 22381
17.16, 22381
17.17, 22381
17.18, 22381
17.19, 22381
17.2, 22381
17.21, 22381
17.22, 22381
17.23, 22381
17.24, 22381
17.25, 22381
17.26, 22381
17.27, 22381
17.28, 22381
17.29, 22381
17.3, 22381
17.31, 22381
17.32, 22381
17.33, 22381
17.34, 22381
17.35, 22381
17.36, 22381
17.37, 22381
17.38, 22381
17.39, 22381
17.4, 22381
17.41, 22381
17.42, 22381
17.43, 22381
17.44, 22381
17.45, 22381
17.46, 22381
17.47, 22381
17.48, 22381
17.49, 22381
17.5, 22381
17.51, 22381
17.52, 22381
17.53, 22381
17.54, 22381
17.55, 22381
17.56, 22381
17.57, 22381
17.58, 22381
17.59, 22381
17.6, 22381
17.61, 22381
17.62, 22381
17.63, 22381
17.64, 22381
17.65, 22381
17.66, 22381
17.67, 22381
17.68, 22381
17.69, 22381
17.7, 22381
17.71, 22381
17.72, 22381
17.73, 22381
17.74, 22381
17.75, 22381
17.76, 22381
17.77, 22381
17.78, 22381
17.79, 22381
17.8, 22381
17.81, 22381
17.82, 22381
17.83, 22381
17.84, 22381
17.85, 22381
17.86, 22381
17.87, 22381
17.88, 22381
17.89, 22381
17.9, 22381
17.91, 22381
17.92, 22381
17.93, 22381
17.94, 22381
17.95, 22381
17.96, 22381
17.97, 22381
17.98, 22381
17.99, 22381
18.0, 22381
18.01, 22381
18.02, 22381
18.03, 22381
18.04, 22381
18.05, 22381
18.06, 22381
18.07, 22381
18.08, 22381
18.09, 22381
18.1, 22381
18.11, 22381
18.12, 22381
18.13, 22381
18.14, 22381
18.15, 22381
18.16, 22381
18.17, 22381
18.18, 22381
18.19, 22381
18.2, 22381
18.21, 22381
18.22, 22381
18.23, 22381
18.24, 22381
18.25, 22381
18.26, 22381
18.27, 22381
18.28, 22381
18.29, 22381
18.3, 22381
18.31, 22381
18.32, 22381
18.33, 22381
18.34, 22381
18.35, 22381
18.36, 22381
18.37, 22381
18.38, 22381
18.39, 22381
18.4, 22381
18.41, 22381
18.42, 22381
18.43, 22381
18.44, 22381
18.45, 22381
18.46, 22381
18.47, 22381
18.48, 22381
18.49, 22381
18.5, 22381
18.51, 22381
18.52, 22381
18.53, 22381
18.54, 22381
18.55, 22381
18.56, 22381
18.57, 22381
18.58, 22381
18.59, 22381
18.6, 22381
18.61, 22381
18.62, 22381
18.63, 22381
18.64, 22381
18.65, 22381
18.66, 22381
18.67, 22381
18.68, 22381
18.69, 22381
18.7, 22381
18.71, 22381
18.72, 22381
18.73, 22381
18.74, 22381
18.75, 22381
18.76, 22381
18.77, 22381
18.78, 22381
18.79, 22381
18.8, 22381
18.81, 22381
18.82, 22381
18.83, 22381
18.84, 22381
18.85, 22381
18.86, 22381
18.87, 22381
18.88, 22381
18.89, 22381
18.9, 22381
18.91, 22381
18.92, 22381
18.93, 22381
18.94, 22381
18.95, 22381
18.96, 22381
18.97, 22381
18.98, 22381
18.99, 22381
19.0, 22381
19.01, 22381
19.02, 22381
19.03, 22381
19.04, 22381
19.05, 22381
19.06, 22381
19.07, 22381
19.08, 22381
19.09, 22381
19.1, 22381
19.11, 22381
19.12, 22381
19.13, 22381
19.14, 22381
19.15, 22381
19.16, 22381
19.17, 22381
19.18, 22381
19.19, 22381
19.2, 22381
19.21, 22381
19.22, 22381
19.23, 22381
19.24, 22381
19.25, 22381
19.26, 22381
19.27, 22381
19.28, 22381
19.29, 22381
19.3, 22381
19.31, 22381
19.32, 22381
19.33, 22381
19.34, 22381
19.35, 22381
19.36, 22381
19.37, 22381
19.38, 22381
19.39, 22381
19.4, 22381
19.41, 22381
19.42, 22381
19.43, 22381
19.44, 22381
19.45, 22381
19.46, 22381
19.47, 22381
19.48, 22381
19.49, 22381
19.5, 22381
19.51, 22381
19.52, 22381
19.53, 22381
19.54, 22381
19.55, 22381
19.56, 22381
19.57, 22381
19.58, 22381
19.59, 22381
19.6, 22381
19.61, 22381
19.62, 22381
19.63, 22381
19.64, 22381
19.65, 22381
19.66, 22381
19.67, 22381
19.68, 22381
19.69, 22381
19.7, 22381
19.71, 22381
19.72, 22381
19.73, 22381
19.74, 22381
19.75, 22381
19.76, 22381
19.77, 22381
19.78, 22381
19.79, 22381
19.8, 22381
19.81, 22381
19.82, 22381
19.83, 22381
19.84, 22381
19.85, 22381
19.86, 22381
19.87, 22381
19.88, 22381
19.89, 22381
19.9, 22381
19.91, 22381
19.92, 22381
19.93, 22381
19.94, 22381
19.95, 22381
19.96, 22381
19.97, 22381
19.98, 22381
19.99, 22381
20.0, 22381
20.01, 22381
20.02, 22381
20.03, 22381
20.04, 22381
20.05, 22381
20.06, 22381
20.07, 22381
20.08, 22381
20.09, 22381
20.1, 22381
20.11, 22381
20.12, 22381
20.13, 22381
20.14, 22381
20.15, 22381
20.16, 22381
20.17, 22381
20.18, 22381
20.19, 22381
20.2, 22381
20.21, 22381
20.22, 22381
20.23, 22381
20.24, 22381
20.25, 22381
20.26, 22381
20.27, 22381
20.28, 22381
20.29, 22381
20.3, 22381
20.31, 22381
20.32, 22381
20.33, 22381
20.34, 22381
20.35, 22381
20.36, 22381
20.37, 22381
20.38, 22381
20.39, 22381
20.4, 22381
20.41, 22381
20.42, 22381
20.43, 22381
20.44, 22381
20.45, 22381
20.46, 22381
20.47, 22381
20.48, 22381
20.49, 22381
20.5, 22381
20.51, 22381
20.52, 22381
20.53, 22381
20.54, 22381
20.55, 22381
20.56, 22381
20.57, 22381
20.58, 22381
20.59, 22381
20.6, 22381
20.61, 22381
20.62, 22381
20.63, 22381
20.64, 22381
20.65, 22381
20.66, 22381
20.67, 22381
20.68, 22381
20.69, 22381
20.7, 22381
20.71, 22381
20.72, 22381
20.73, 22381
20.74, 22381
20.75, 22381
20.76, 22381
20.77, 22381
20.78, 22381
20.79, 22381
20.8, 22381
20.81, 22381
20.82, 22381
20.83, 22381
20.84, 22381
20.85, 22381
20.86, 22381
20.87, 22381
20.88, 22381
20.89, 22381
20.9, 22381
20.91, 22381
20.92, 22381
20.93, 22381
20.94, 22381
20.95, 22381
20.96, 22381
20.97, 22381
20.98, 22381
20.99, 22381
21.0, 22381
21.01, 22381
21.02, 22381
21.03, 22381
21.04, 22381
21.05, 22381
21.06, 22381
21.07, 22381
21.08, 22381
21.09, 22381
21.1, 22381
21.11, 22381
21.12, 22381
21.13, 22381
21.14, 22381
21.15, 22381
21.16, 22381
21.17, 22381
21.18, 22381
21.19, 22381
21.2, 22381
21.21, 22381
21.22, 22381
21.23, 22381
21.24, 22381
21.25, 22381
21.26, 22381
21.27, 22381
21.28, 22381
21.29, 22381
21.3, 22381
21.31, 22381
21.32, 22381
21.33, 22381
21.34, 22381
21.35, 22381
21.36, 22381
21.37, 22381
21.38, 22381
21.39, 22381
21.4, 22381
21.41, 22381
21.42, 22381
21.43, 22381
21.44, 22381
21.45, 22381
21.46, 22381
21.47, 22381
21.48, 22381
21.49, 22381
21.5, 22381
21.51, 22381
21.52, 22381
21.53, 22381
21.54, 22381
21.55, 22381
21.56, 22381
21.57, 22381
21.58, 22381
21.59, 22381
21.6, 22381
21.61, 22381
21.62, 22381
21.63, 22381
21.64, 22381
21.65, 22381
21.66, 22381
21.67, 22381
21.68, 22381
21.69, 22381
21.7, 22381
21.71, 22381
21.72, 22381
21.73, 22381
21.74, 22381
21.75, 22381
21.76, 22381
21.77, 22381
21.78, 22381
21.79, 22381
21.8, 22381
21.81, 22381
21.82, 22381
21.83, 22381
21.84, 22381
21.85, 22381
21.86, 22381
21.87, 22381
21.88, 22381
21.89, 22381
21.9, 22381
21.91, 22381
21.92, 22381
21.93, 22381
21.94, 22381
21.95, 22381
21.96, 22381
21.97, 22381
21.98, 22381
21.99, 22381
22.0, 22381
22.01, 22381
22.02, 22381
22.03, 22381
22.04, 22381
22.05, 22381
22.06, 22381
22.07, 22381
22.08, 22381
22.09, 22381
22.1, 22381
22.11, 22381
22.12, 22381
22.13, 22381
22.14, 22381
22.15, 22381
22.16, 22381
22.17, 22381
22.18, 22381
22.19, 22381
22.2, 22381
22.21, 22381
22.22, 22381
22.23, 22381
22.24, 22381
22.25, 22381
22.26, 22381
22.27, 22381
22.28, 22381
22.29, 22381
22.3, 22381
22.31, 22381
22.32, 22381
22.33, 22381
22.34, 22381
22.35, 22381
22.36, 22381
22.37, 22381
22.38, 22381
22.39, 22381
22.4, 22381
22.41, 22381
22.42, 22381
22.43, 22381
22.44, 22381
22.45, 22381
22.46, 22381
22.47, 22381
22.48, 22381
22.49, 22381
22.5, 22381
22.51, 22381
22.52, 22381
22.53, 22381
22.54, 22381
22.55, 22381
22.56, 22381
22.57, 22381
22.58, 22381
22.59, 22381
22.6, 22381
22.61, 22381
22.62, 22381
22.63, 22381
22.64, 22381
22.65, 22381
22.66, 22381
22.67, 22381
22.69, 22381
22.7, 22381
22.71, 22381
22.72, 22381
22.73, 22381
22.74, 22381
22.75, 22381
22.76, 22381
22.77, 22381
22.78, 22381
22.79, 22381
22.8, 22381
22.81, 22381
22.82, 22381
22.83, 22381
22.84, 22381
22.85, 22381
22.86, 22381
22.87, 22381
22.88, 22381
22.89, 22381
22.9, 22381
22.91, 22381
22.92, 22381
22.93, 22381
22.94, 22381
22.95, 22381
22.96, 22381
22.97, 22381
22.98, 22381
22.99, 22381
23.0, 22381
23.01, 22381
23.02, 22381
23.03, 22381
23.04, 22381
23.05, 22381
23.06, 22381
23.07, 22381
23.08, 22381
23.09, 22381
23.1, 22381
23.11, 22381
23.12, 22381
23.13, 22381
23.14, 22381
23.15, 22381
23.16, 22381
23.17, 22381
23.18, 22381
23.19, 22381
23.2, 22381
23.21, 22381
23.22, 22381
23.23, 22381
23.24, 22381
23.25, 22381
23.26, 22381
23.27, 22381
23.28, 22381
23.29, 22381
23.3, 22381
23.31, 22381
23.32, 22381
23.33, 22381
23.34, 22381
23.35, 22381
23.36, 22381
23.37, 22381
23.38, 22381
23.39, 22381
23.4, 22381
23.41, 22381
23.42, 22381
23.43, 22381
23.44, 22381
23.45, 22381
23.46, 22381
23.47, 22381
23.48, 22381
23.49, 22381
23.5, 22381
23.51, 22381
23.52, 22381
23.53, 22381
23.54, 22381
23.55, 22381
23.56, 22381
23.57, 22381
23.58, 22381
23.59, 22381
23.6, 22381
23.61, 22381
23.62, 22381
23.63, 22381
23.64, 22381
23.65, 22381
23.66, 22381
23.67, 22381
23.68, 22381
23.69, 22381
23.7, 22381
23.71, 22381
23.72, 22381
23.73, 22381
23.74, 22381
23.75, 22381
23.76, 22381
23.77, 22381
23.78, 22381
23.79, 22381
23.8, 22381
23.81, 22381
23.82, 22381
23.83, 22381
23.84, 22381
23.85, 22381
23.86, 22381
23.87, 22381
23.88, 22381
23.89, 22381
23.9, 22381
23.91, 22381
23.92, 22381
23.93, 22381
23.94, 22381
23.95, 22381
23.96, 22381
23.97, 22381
23.98, 22381
23.99, 22381
24.0, 22381
24.01, 22381
24.02, 22381
24.03, 22381
24.04, 22381
24.05, 22381
24.06, 22381
24.07, 22381
24.08, 22381
24.09, 22381
24.1, 22381
24.11, 22381
24.12, 22381
24.13, 22381
24.14, 22381
24.15, 22381
24.16, 22381
24.17, 22381
24.18, 22381
24.19, 22381
24.2, 22381
24.21, 22381
24.22, 22381
24.23, 22381
24.24, 22381
24.25, 22381
24.26, 22381
24.27, 22381
24.28, 22381
24.29, 22381
24.3, 22381
24.31, 22381
24.32, 22381
24.33, 22381
24.34, 22381
24.35, 22381
24.36, 22381
24.37, 22381
24.38, 22381
24.39, 22381
24.4, 22381
24.41, 22381
24.42, 22381
24.43, 22381
24.44, 22381
24.45, 22381
24.46, 22381
24.47, 22381
24.48, 22381
24.49, 22381
24.5, 22381
24.51, 22381
24.52, 22381
24.53, 22381
24.54, 22381
24.55, 22381
24.56, 22381
24.57, 22381
24.58, 22381
24.59, 22381
24.6, 22381
24.61, 22381
24.62, 22381
24.63, 22381
24.64, 22381
24.65, 22381
24.66, 22381
24.67, 22381
24.68, 22381
24.69, 22381
24.7, 22381
24.71, 22381
24.72, 22381
24.73, 22381
24.74, 22381
24.75, 22381
24.76, 22381
24.77, 22381
24.78, 22381
24.79, 22381
24.8, 22381
24.81, 22381
24.82, 22381
24.83, 22381
24.84, 22381
24.85, 22381
24.86, 22381
24.87, 22381
24.88, 22381
24.89, 22381
24.9, 22381
24.91, 22381
24.92, 22381
24.93, 22381
24.94, 22381
24.95, 22381
24.96, 22381
24.97, 22381
24.98, 22381
24.99, 22381
25.0, 22381
25.01, 22381
25.02, 22381
25.03, 22381
25.04, 22381
25.05, 22381
25.06, 22381
25.07, 22381
25.08, 22381
25.09, 22381
25.1, 22381
25.11, 22381
25.12, 22381
25.13, 22381
25.14, 22381
25.15, 22381
25.16, 22381
25.17, 22381
25.18, 22381
25.19, 22381
25.2, 22381
25.21, 22381
25.22, 22381
25.23, 22381
25.24, 22381
25.25, 22381
25.26, 22381
25.27, 22381
25.28, 22381
25.29, 22381
25.3, 22381
25.31, 22381
25.32, 22381
25.33, 22381
25.34, 22381
25.35, 22381
25.36, 22381
25.37, 22381
25.38, 22381
25.39, 22381
25.4, 22381
25.41, 22381
25.42, 22381
25.43, 22381
25.44, 22381
25.45, 22381
25.46, 22381
25.47, 22381
25.48, 22381
25.49, 22381
25.5, 22381
25.51, 22381
25.52, 22381
25.53, 22381
25.54, 22381
25.55, 22381
25.56, 22381
25.57, 22381
25.58, 22381
25.59, 22381
25.6, 22381
25.61, 22381
25.62, 22381
25.63, 22381
25.64, 22381
25.65, 22381
25.66, 22381
25.67, 22381
25.68, 22381
25.69, 22381
25.7, 22381
25.71, 22381
25.72, 22381
25.73, 22381
25.74, 22381
25.75, 22381
25.76, 22381
25.77, 22381
25.78, 22381
25.79, 22381
25.8, 22381
25.81, 22381
25.82, 22381
25.83, 22381
25.84, 22381
25.85, 22381
25.86, 22381
25.87, 22381
25.88, 22381
25.89, 22381
25.9, 22381
25.91, 22381
25.92, 22381
25.93, 22381
25.94, 22381
25.95, 22381
25.96, 22381
25.97, 22381
25.98, 22381
25.99, 22381
26.0, 22381
26.01, 22381
26.02, 22381
26.03, 22381
26.04, 22381
26.05, 22381
26.06, 22381
26.07, 22381
26.08, 22381
26.09, 22381
26.1, 22381
26.11, 22381
26.12, 22381
26.13, 22381
26.14, 22381
26.15, 22381
26.16, 22381
26.17, 22381
26.18, 22381
26.19, 22381
26.2, 22381
26.21, 22381
26.22, 22381
26.23, 22381
26.24, 22381
26.25, 22381
26.26, 22381
26.27, 22381
26.28, 22381
26.29, 22381
26.3, 22381
26.31, 22381
26.32, 22381
26.33, 22381
26.34, 22381
26.35, 22381
26.36, 22381
26.37, 22381
26.38, 22381
26.39, 22381
26.4, 22381
26.41, 22381
26.42, 22381
26.43, 22381
26.44, 22381
26.45, 22381
26.46, 22381
26.47, 22381
26.48, 22381
26.49, 22381
26.5, 22381
26.51, 22381
26.52, 22381
26.53, 22381
26.54, 22381
26.55, 22381
26.56, 22381
26.57, 22381
26.58, 22381
26.59, 22381
26.6, 22381
26.61, 22381
26.62, 22381
26.63, 22381
26.64, 22381
26.65, 22381
26.66, 22381
26.67, 22381
26.68, 22381
26.69, 22381
26.7, 22381
26.71, 22381
26.72, 22381
26.73, 22381
26.74, 22381
26.75, 22381
26.76, 22381
26.77, 22381
26.78, 22381
26.79, 22381
26.8, 22381
26.81, 22381
26.82, 22381
26.83, 22381
26.84, 22381
26.85, 22381
26.86, 22381
26.87, 22381
26.88, 22381
26.89, 22381
26.9, 22381
26.91, 22381
26.92, 22381
26.93, 22381
26.94, 22381
26.95, 22381
26.96, 22381
26.97, 22381
26.98, 22381
26.99, 22381
27.0, 22381
27.01, 22381
27.02, 22381
27.03, 22381
27.04, 22381
27.05, 22381
27.06, 22381
27.07, 22381
27.08, 22381
27.09, 22381
27.1, 22381
27.11, 22381
27.12, 22381
27.13, 22381
27.14, 22381
27.15, 22381
27.16, 22381
27.17, 22381
27.18, 22381
27.19, 22381
27.2, 22381
27.21, 22381
27.22, 22381
27.23, 22381
27.24, 22381
27.25, 22381
27.26, 22381
27.27, 22381
27.28, 22381
27.29, 22381
27.3, 22381
27.31, 22381
27.32, 22381
27.33, 22381
27.34, 22381
27.35, 22381
27.36, 22381
27.37, 22381
27.38, 22381
27.39, 22381
27.4, 22381
27.41, 22381
27.42, 22381
27.43, 22381
27.44, 22381
27.45, 22381
27.46, 22381
27.47, 22381
27.48, 22381
27.49, 22381
27.5, 22381
27.51, 22381
27.52, 22381
27.53, 22381
27.54, 22381
27.55, 22381
27.56, 22381
27.57, 22381
27.58, 22381
27.59, 22381
27.6, 22381
27.61, 22381
27.62, 22381
27.63, 22381
27.64, 22381
27.65, 22381
27.66, 22381
27.67, 22381
27.68, 22381
27.69, 22381
27.7, 22381
27.71, 22381
27.72, 22381
27.73, 22381
27.74, 22381
27.75, 22381
27.76, 22381
27.77, 22381
27.78, 22381
27.79, 22381
27.8, 22381
27.81, 22381
27.82, 22381
27.83, 22381
27.84, 22381
27.85, 22381
27.86, 22381
27.87, 22381
27.88, 22381
27.89, 22381
27.9, 22381
27.91, 22381
27.92, 22381
27.93, 22381
27.94, 22381
27.95, 22381
27.96, 22381
27.97, 22381
27.98, 22381
27.99, 22381
28.0, 22381
28.01, 22381
28.02, 22381
28.03, 22381
28.04, 22381
28.05, 22381
28.06, 22381
28.07, 22381
28.08, 22381
28.09, 22381
28.1, 22381
28.11, 22381
28.12, 22381
28.13, 22381
28.14, 22381
28.15, 22381
28.16, 22381
28.17, 22381
28.18, 22381
28.19, 22381
28.2, 22381
28.21, 22381
28.22, 22381
28.23, 22381
28.24, 22381
28.25, 22381
28.26, 22381
28.27, 22381
28.28, 22381
28.29, 22381
28.3, 22381
28.31, 22381
28.32, 22381
28.33, 22381
28.34, 22381
28.35, 22381
28.36, 22381
28.37, 22381
28.38, 22381
28.39, 22381
28.4, 22381
28.41, 22381
28.42, 22381
28.43, 22381
28.44, 22381
28.45, 22381
28.46, 22381
28.47, 22381
28.48, 22381
28.49, 22381
28.5, 22381
28.51, 22381
28.52, 22381
28.53, 22381
28.54, 22381
28.55, 22381
28.56, 22381
28.57, 22381
28.58, 22381
28.59, 22381
28.6, 22381
28.61, 22381
28.62, 22381
28.63, 22381
28.64, 22381
28.65, 22381
28.66, 22381
28.67, 22381
28.68, 22381
28.69, 22381
28.7, 22381
28.71, 22381
28.72, 22381
28.73, 22381
28.74, 22381
28.76, 22381
28.77, 22381
28.78, 22381
28.79, 22381
28.8, 22381
28.81, 22381
28.82, 22381
28.83, 22381
28.84, 22381
28.85, 22381
28.86, 22381
28.87, 22381
28.88, 22381
28.89, 22381
28.9, 22381
28.91, 22381
28.92, 22381
28.93, 22381
28.94, 22381
28.95, 22381
28.96, 22381
28.97, 22381
28.98, 22381
28.99, 22381
29.0, 22381
29.01, 22381
29.02, 22381
29.03, 22381
29.04, 22381
29.05, 22381
29.06, 22381
29.07, 22381
29.08, 22381
29.09, 22381
29.1, 22381
29.11, 22381
29.12, 22381
29.13, 22381
29.14, 22381
29.15, 22381
29.16, 22381
29.17, 22381
29.18, 22381
29.19, 22381
29.2, 22381
29.21, 22381
29.22, 22381
29.23, 22381
29.24, 22381
29.25, 22381
29.26, 22381
29.27, 22381
29.28, 22381
29.29, 22381
29.3, 22381
29.31, 22381
29.32, 22381
29.33, 22381
29.34, 22381
29.35, 22381
29.36, 22381
29.37, 22381
29.38, 22381
29.39, 22381
29.4, 22381
29.41, 22381
29.42, 22381
29.43, 22381
29.44, 22381
29.45, 22381
29.46, 22381
29.47, 22381
29.48, 22381
29.49, 22381
29.5, 22381
29.51, 22381
29.52, 22381
29.53, 22381
29.54, 22381
29.55, 22381
29.56, 22198
29.57, 22198
29.58, 22198
29.59, 22198
29.6, 22198
29.61, 22198
29.62, 22198
29.63, 22198
29.64, 22198
29.65, 22198
29.66, 22198
29.67, 22198
29.68, 22198
29.69, 22198
29.7, 22198
29.71, 22198
29.72, 22198
29.73, 22198
29.74, 22198
29.75, 22198
29.76, 22198
29.77, 22198
29.78, 22198
29.79, 22198
29.8, 22198
29.81, 22198
29.82, 22198
29.83, 22198
29.84, 22198
29.85, 22198
29.86, 22198
29.87, 22198
29.88, 22198
29.89, 22198
29.9, 22198
29.91, 22198
29.92, 22198
29.93, 22198
29.94, 22198
29.95, 22198
29.96, 22198
29.97, 22198
29.98, 22198
29.99, 22198
30.0, 22198
30.01, 22198
30.02, 22198
30.03, 22198
30.04, 22198
30.05, 22198
30.06, 22198
30.07, 22198
30.08, 22198
30.09, 22198
30.1, 22198
30.11, 22198
30.12, 22198
30.13, 22198
30.14, 22198
30.15, 22198
30.16, 22198
30.17, 22198
30.18, 22198
30.19, 22198
30.2, 22198
30.21, 22198
30.22, 22198
30.23, 22198
30.24, 22198
30.25, 22198
30.26, 22198
30.27, 22198
30.28, 22198
30.29, 22198
30.3, 22198
30.31, 22198
30.32, 22198
30.33, 22198
30.34, 22198
30.35, 22198
30.36, 22198
30.37, 22198
30.38, 22198
30.39, 22198
30.4, 22198
30.41, 22198
30.42, 22198
30.43, 22198
30.44, 22198
30.45, 22198
30.46, 22198
30.47, 22198
30.48, 22198
30.49, 22198
30.5, 22198
30.51, 22198
30.52, 22198
30.53, 22198
30.54, 22198
30.55, 22198
30.56, 22198
30.57, 22198
30.58, 22198
30.59, 22198
30.6, 22198
30.61, 22198
30.62, 22198
30.63, 22198
30.64, 22198
30.65, 22198
30.66, 22198
30.67, 22198
30.68, 22198
30.69, 22198
30.7, 22198
30.71, 22198
30.72, 22198
30.73, 22198
30.74, 22198
30.75, 22198
30.76, 22198
30.77, 22198
30.78, 22198
30.79, 22198
30.8, 22198
30.81, 22198
30.82, 22198
30.83, 22198
30.84, 22198
30.85, 22198
30.86, 22198
30.87, 22198
30.88, 22198
30.89, 22198
30.9, 22198
30.91, 22198
30.92, 22198
30.93, 22198
30.94, 22198
30.95, 22198
30.96, 22198
30.97, 22198
30.98, 22198
30.99, 22198
31.0, 22198
31.01, 22198
31.02, 22198
31.03, 22198
31.04, 22198
31.05, 22198
31.06, 22198
31.07, 22198
31.08, 22198
31.09, 22198
31.1, 22198
31.11, 22198
31.12, 22198
31.13, 22198
31.14, 22198
31.15, 22198
31.16, 22198
31.17, 22198
31.18, 22198
31.19, 22198
31.2, 22198
31.21, 22198
31.22, 22198
31.23, 22198
31.24, 22198
31.25, 22198
31.26, 22198
31.27, 22198
31.28, 22198
31.29, 22198
31.3, 22198
31.31, 22198
31.32, 22198
31.33, 22198
31.34, 22198
31.35, 22198
31.36, 22198
31.37, 22198
31.38, 22198
31.39, 22198
31.4, 22198
31.41, 22198
31.42, 22198
31.43, 22198
31.44, 22198
31.45, 22198
31.46, 22198
31.47, 22198
31.48, 22198
31.49, 22198
31.5, 22198
31.51, 22198
31.52, 22198
31.53, 22198
31.54, 22198
31.55, 22198
31.56, 22198
31.57, 22198
31.58, 22198
31.59, 22198
31.6, 22198
31.61, 22198
31.62, 22198
31.63, 22198
31.64, 22198
31.65, 22198
31.66, 22198
31.67, 22198
31.68, 22198
31.69, 22198
31.7, 22198
31.71, 22198
31.72, 22198
31.73, 22198
31.74, 22198
31.75, 22198
31.76, 22198
31.77, 22198
31.78, 22198
31.79, 22198
31.8, 22198
31.81, 22198
31.82, 22198
31.83, 22198
31.84, 22198
31.85, 22198
31.86, 22198
31.87, 22198
31.88, 22198
31.89, 22198
31.9, 22198
31.91, 22198
31.92, 22198
31.93, 22198
31.94, 22198
31.95, 22198
31.96, 22198
31.97, 22198
31.98, 22198
31.99, 22198
32.0, 22198
32.01, 22198
32.02, 22198
32.03, 22198
32.04, 22198
32.05, 22198
32.06, 22198
32.07, 22198
32.08, 22198
32.09, 22198
32.1, 22198
32.11, 22198
32.12, 22198
32.13, 22198
32.14, 22198
32.15, 22198
32.16, 22198
32.17, 22198
32.18, 22198
32.19, 22198
32.2, 22198
32.21, 22198
32.22, 22198
32.23, 22198
32.24, 22198
32.25, 22198
32.26, 22198
32.27, 22198
32.28, 22198
32.29, 22198
32.3, 22198
32.31, 22198
32.32, 22198
32.33, 22198
32.34, 22198
32.35, 22198
32.36, 22198
32.37, 22198
32.38, 22198
32.39, 22198
32.4, 22198
32.41, 22198
32.42, 22198
32.43, 22198
32.44, 22198
32.45, 22198
32.46, 22198
32.47, 22198
32.48, 22198
32.49, 22198
32.5, 22198
32.51, 22198
32.52, 22198
32.53, 22198
32.54, 22198
32.55, 22198
32.56, 22198
32.57, 22198
32.58, 22198
32.59, 22198
32.6, 22198
32.61, 22198
32.62, 22198
32.63, 22198
32.64, 22198
32.65, 22198
32.66, 22198
32.67, 22198
32.68, 22198
32.69, 22198
32.7, 22198
32.71, 22198
32.72, 22198
32.73, 22198
32.74, 22198
32.75, 22198
32.76, 22198
32.77, 22198
32.78, 22198
32.79, 22198
32.8, 22198
32.81, 22198
32.82, 22198
32.83, 22198
32.84, 22198
32.85, 22198
32.86, 22198
32.87, 22198
32.88, 22198
32.89, 22198
32.9, 22198
32.91, 22198
32.92, 22198
32.93, 22198
32.94, 22198
32.95, 22198
32.96, 22198
32.97, 22198
32.98, 22198
32.99, 22198
33.0, 22198
33.01, 22198
33.02, 22198
33.03, 22198
33.04, 22198
33.05, 22198
33.06, 22198
33.07, 22198
33.08, 22198
33.09, 22198
33.1, 22198
33.11, 22198
33.12, 22198
33.13, 22198
33.14, 22198
33.15, 22198
33.16, 22198
33.17, 22198
33.18, 22198
33.19, 22198
33.2, 22198
33.21, 22198
33.22, 22198
33.23, 22198
33.24, 22198
33.25, 22198
33.26, 22198
33.27, 22198
33.28, 22198
33.29, 22198
33.3, 22198
33.31, 22198
33.32, 22198
33.33, 22198
33.34, 22198
33.35, 22198
33.36, 22198
33.37, 22198
33.38, 22198
33.39, 22198
33.4, 22198
33.41, 22198
33.42, 22198
33.43, 22198
33.44, 22198
33.45, 22198
33.46, 22198
33.47, 22198
33.48, 22198
33.49, 22198
33.5, 22198
33.51, 22198
33.52, 22198
33.53, 22198
33.54, 22198
33.55, 22198
33.56, 22198
33.57, 22198
33.58, 22198
33.59, 22198
33.6, 22198
33.61, 22198
33.62, 22198
33.63, 22198
33.64, 22198
33.65, 22198
33.66, 22198
33.67, 22198
33.68, 22198
33.69, 22198
33.7, 22198
33.71, 22198
33.72, 22198
33.73, 22198
33.74, 22198
33.75, 22198
33.76, 22198
33.77, 22198
33.78, 22198
33.79, 22198
33.8, 22198
33.81, 22198
33.82, 22198
33.83, 22198
33.84, 22198
33.85, 22198
33.86, 22198
33.87, 22198
33.88, 22198
33.89, 22198
33.9, 22198
33.91, 22198
33.92, 22198
33.93, 22198
33.94, 22198
33.95, 22198
33.96, 22198
33.97, 22198
33.98, 22198
33.99, 22198
34.0, 22198
34.01, 22198
34.02, 22198
34.03, 22198
34.04, 22198
34.05, 22198
34.06, 22198
34.07, 22198
34.08, 22198
34.09, 22198
34.1, 22198
34.11, 22198
34.12, 22198
34.13, 22198
34.14, 22198
34.15, 22198
34.16, 22198
34.17, 22198
34.18, 22198
34.19, 22198
34.2, 22198
34.21, 22198
34.22, 22198
34.23, 22198
34.24, 22198
34.25, 22198
34.26, 22198
34.27, 22198
34.28, 22198
34.29, 22198
34.3, 22198
34.31, 22198
34.32, 22198
34.33, 22198
34.34, 22198
34.35, 22198
34.36, 22198
34.37, 22198
34.38, 22198
34.39, 22198
34.4, 22198
34.41, 22198
34.42, 22198
34.43, 22198
34.44, 22198
34.45, 22198
34.46, 22198
34.47, 22198
34.48, 22198
34.49, 22198
34.5, 22198
34.51, 22198
34.52, 22198
34.53, 22198
34.54, 22198
34.55, 22198
34.56, 22198
34.57, 22198
34.58, 22198
34.59, 22198
34.6, 22198
34.61, 22198
34.62, 22198
34.63, 22198
34.64, 22198
34.65, 22198
34.66, 22198
34.67, 22198
34.68, 22198
34.69, 22198
34.7, 22198
34.71, 22198
34.72, 22198
34.73, 22198
34.74, 22198
34.75, 22198
34.76, 22198
34.77, 22198
34.78, 22198
34.79, 22198
34.8, 22198
34.81, 22198
34.82, 22198
34.83, 22198
34.84, 22198
34.85, 22198
34.86, 22198
34.87, 22198
34.88, 22198
34.89, 22198
34.9, 22198
34.91, 22198
34.92, 22198
34.93, 22198
34.94, 22198
34.95, 22198
34.96, 22198
34.97, 22198
34.98, 22198
34.99, 22198
35.0, 22198
35.01, 22198
35.02, 22198
35.03, 22198
35.04, 22198
35.05, 22198
35.06, 22198
35.07, 22198
35.08, 22198
35.09, 22198
35.1, 22198
35.11, 22198
35.12, 22198
35.13, 22198
35.14, 22198
35.15, 22198
35.16, 22198
35.17, 22198
35.18, 22198
35.19, 22198
35.2, 22198
35.21, 22198
35.22, 22198
35.23, 22198
35.24, 22198
35.25, 22198
35.26, 22198
35.27, 22198
35.28, 22198
35.29, 22198
35.3, 22198
35.31, 22198
35.32, 22198
35.33, 22198
35.34, 22198
35.35, 22198
35.36, 22198
35.37, 22198
35.38, 22198
35.39, 22198
35.4, 22198
35.41, 22198
35.42, 22198
35.43, 22198
35.44, 22198
35.45, 22198
35.46, 22198
35.47, 22198
35.48, 22198
35.49, 22198
35.5, 22198
35.51, 22198
35.52, 22198
35.53, 22198
35.54, 22198
35.55, 22198
35.56, 22198
35.57, 22198
35.58, 22198
35.59, 22198
35.6, 22198
35.61, 22198
35.62, 22198
35.63, 22198
35.64, 22198
35.65, 22198
35.66, 22198
35.67, 22198
35.68, 22198
35.69, 22198
35.7, 22198
35.71, 22198
35.72, 22198
35.73, 22198
35.74, 22198
35.75, 22198
35.76, 22198
35.77, 22198
35.78, 22198
35.79, 22198
35.8, 22198
35.81, 22198
35.82, 22198
35.83, 22198
35.84, 22198
35.85, 22198
35.86, 22198
35.87, 22198
35.88, 22198
35.89, 22198
35.9, 22198
35.91, 22198
35.92, 22198
35.93, 22198
35.94, 22198
35.95, 22198
35.96, 22198
35.97, 22198
35.98, 22198
35.99, 22198
36.0, 22198
36.01, 22198
36.02, 22198
36.03, 22198
36.04, 22198
36.05, 22198
36.06, 22198
36.07, 22198
36.08, 22198
36.09, 22198
36.1, 22198
36.11, 22198
36.12, 22198
36.13, 22198
36.14, 22198
36.15, 22198
36.16, 22198
36.17, 22198
36.18, 22198
36.19, 22198
36.2, 22198
36.21, 22198
36.22, 22198
36.23, 22198
36.24, 22198
36.25, 22198
36.26, 22198
36.27, 22198
36.28, 22198
36.29, 22198
36.3, 22198
36.31, 22198
36.32, 22198
36.33, 22198
36.34, 22198
36.35, 22198
36.36, 22198
36.37, 22198
36.38, 22198
36.39, 22198
36.4, 22198
36.41, 22198
36.42, 22198
36.43, 22198
36.44, 22198
36.45, 22198
36.46, 22198
36.47, 22198
36.48, 22198
36.49, 22198
36.5, 22198
36.51, 22198
36.52, 22198
36.53, 22198
36.54, 22198
36.55, 22198
36.56, 22198
36.57, 22198
36.58, 22198
36.59, 22198
36.6, 22198
36.61, 22198
36.62, 22198
36.63, 22198
36.64, 22198
36.65, 22198
36.66, 22198
36.67, 22198
36.68, 22198
36.69, 22198
36.7, 22198
36.71, 22198
36.72, 22198
36.73, 22198
36.74, 22198
36.75, 22198
36.76, 22198
36.77, 22198
36.78, 22198
36.79, 22198
36.8, 22198
36.81, 22198
36.82, 22198
36.83, 22198
36.84, 22198
36.85, 22198
36.86, 22198
36.87, 22198
36.88, 22198
36.89, 22198
36.9, 22198
36.91, 22198
36.92, 22198
36.93, 22198
36.94, 22198
36.95, 22198
36.96, 22198
36.97, 22198
36.98, 22198
36.99, 22198
37.0, 22198
37.01, 22198
37.02, 22198
37.03, 22198
37.04, 22198
37.05, 22198
37.06, 22198
37.07, 22198
37.08, 22198
37.09, 22198
37.1, 22198
37.11, 22198
37.12, 22198
37.13, 22198
37.14, 22198
37.15, 22198
37.16, 22198
37.17, 22198
37.18, 22198
37.19, 22198
37.2, 22198
37.21, 22198
37.22, 22198
37.23, 22198
37.24, 22198
37.25, 22198
37.26, 22198
37.27, 22198
37.28, 22198
37.29, 22198
37.3, 22198
37.31, 22198
37.32, 22198
37.33, 22198
37.34, 22198
37.35, 22198
37.36, 22198
37.37, 22198
37.38, 22198
37.39, 22198
37.4, 22198
37.41, 22198
37.42, 22198
37.43, 22198
37.44, 22198
37.45, 22198
37.46, 22198
37.47, 22198
37.48, 22198
37.49, 22198
37.5, 22198
37.51, 22198
37.52, 22198
37.53, 22198
37.54, 22198
37.55, 22198
37.56, 22198
37.57, 22198
37.58, 22198
37.59, 22198
37.6, 22198
37.61, 22198
37.62, 22198
37.63, 22198
37.64, 22198
37.65, 22198
37.66, 22198
37.67, 22198
37.68, 22198
37.69, 22198
37.7, 22198
37.71, 22198
37.72, 22198
37.73, 22198
37.74, 22198
37.75, 22198
37.76, 22198
37.77, 22198
37.78, 22198
37.79, 22198
37.8, 22198
37.81, 22198
37.82, 22198
37.83, 22198
37.84, 22198
37.85, 22198
37.86, 22198
37.87, 22198
37.88, 22198
37.89, 22198
37.9, 22198
37.91, 22198
37.92, 22198
37.93, 22198
37.94, 22198
37.95, 22198
37.96, 22198
37.97, 22198
37.98, 22198
37.99, 22198
38.0, 22198
38.01, 22198
38.02, 22198
38.03, 22198
38.04, 22198
38.05, 22198
38.06, 22198
38.07, 22198
38.08, 22198
38.09, 22198
38.1, 22198
38.11, 22198
38.12, 22198
38.13, 22198
38.14, 22198
38.15, 22198
38.16, 22198
38.17, 22198
38.18, 22198
38.19, 22198
38.2, 22198
38.21, 22198
38.22, 22198
38.23, 22198
38.24, 22198
38.25, 22198
38.26, 22198
38.27, 22198
38.28, 22198
38.29, 22198
38.3, 22198
38.31, 22198
38.32, 22198
38.33, 22198
38.34, 22198
38.35, 22198
38.36, 22198
38.37, 22198
38.38, 22198
38.39, 22198
38.4, 22198
38.41, 22198
38.42, 22198
38.43, 22198
38.44, 22198
38.45, 22198
38.46, 22198
38.47, 22198
38.48, 22198
38.49, 22198
38.5, 22198
38.51, 22198
38.52, 22198
38.53, 22198
38.54, 22198
38.55, 22198
38.56, 22198
38.57, 22198
38.58, 22198
38.59, 22198
38.6, 22198
38.61, 22198
38.62, 22198
38.63, 22198
38.64, 22198
38.65, 22198
38.66, 22198
38.67, 22198
38.68, 22198
38.69, 22198
38.7, 22198
38.71, 22198
38.72, 22198
38.73, 22198
38.74, 22198
38.75, 22198
38.76, 22198
38.77, 22198
38.78, 22198
38.79, 22198
38.8, 22198
38.81, 22198
38.82, 22198
38.83, 22198
38.84, 22198
38.85, 22198
38.86, 22198
38.87, 22198
38.88, 22198
38.89, 22198
38.9, 22198
38.91, 22198
38.92, 22198
38.93, 22198
38.94, 22198
38.95, 22198
38.96, 22198
38.97, 22198
38.98, 22198
38.99, 22198
39.0, 22198
39.01, 22198
39.02, 22198
39.03, 22198
39.04, 22198
39.05, 22198
39.06, 22198
39.07, 22198
39.08, 22198
39.09, 22198
39.1, 22198
39.11, 22198
39.12, 22198
39.13, 22198
39.14, 22198
39.15, 22198
39.16, 22198
39.17, 22198
39.18, 22198
39.19, 22198
39.2, 22198
39.21, 22198
39.22, 22198
39.23, 22198
39.24, 22198
39.25, 22198
39.26, 22198
39.27, 22198
39.28, 22198
39.29, 22198
39.3, 22198
39.31, 22198
39.32, 22198
39.33, 22198
39.34, 22198
39.35, 22198
39.36, 22198
39.37, 22198
39.38, 22198
39.39, 22198
39.4, 22198
39.41, 22198
39.42, 22198
39.43, 22198
39.44, 22198
39.45, 22198
39.46, 22198
39.47, 22198
39.48, 22198
39.49, 22198
39.5, 22198
39.51, 22198
39.52, 22198
39.53, 22198
39.54, 22198
39.55, 22198
39.56, 22198
39.57, 22198
39.58, 22198
39.59, 22198
39.6, 22198
39.61, 22198
39.62, 22198
39.63, 22198
39.64, 22198
39.65, 22198
39.66, 22198
39.67, 22198
39.68, 22198
39.69, 22198
39.7, 22198
39.71, 22198
39.72, 22198
39.73, 22198
39.74, 22198
39.75, 22198
39.76, 22198
39.77, 22198
39.78, 22198
39.79, 22198
39.8, 22198
39.81, 22198
39.82, 22198
39.83, 22198
39.84, 22198
39.85, 22198
39.86, 22198
39.87, 22198
39.88, 22198
39.89, 22198
39.9, 22198
39.91, 22198
39.92, 22198
39.93, 22198
39.94, 22198
39.95, 22198
39.96, 22198
39.97, 22198
39.98, 22198
39.99, 22198
40.0, 22198
40.01, 22198
40.02, 22198
40.03, 22198
40.04, 22198
40.05, 22198
40.06, 22198
40.07, 22198
40.08, 22198
40.09, 22198
40.1, 22198
40.11, 22198
40.12, 22198
40.13, 22198
40.14, 22198
40.15, 22198
40.16, 22198
40.17, 22198
40.18, 22198
40.19, 22198
40.2, 22198
40.21, 22198
40.22, 22198
40.23, 22198
40.24, 22198
40.25, 22198
40.26, 22198
40.27, 22198
40.28, 22198
40.29, 22198
40.3, 22198
40.31, 22198
40.32, 22198
40.33, 22198
40.34, 22198
40.35, 22198
40.36, 22198
40.37, 22198
40.38, 22198
40.39, 22198
40.4, 22198
40.41, 22198
40.42, 22198
40.43, 22198
40.44, 22198
40.45, 22198
40.46, 22198
40.47, 22198
40.48, 22198
40.49, 22198
40.5, 22198
40.51, 22198
40.52, 22198
40.53, 22198
40.54, 22198
40.55, 22198
40.56, 22198
40.57, 22198
40.58, 22198
40.59, 22198
40.6, 22198
40.61, 22198
40.62, 22198
40.63, 22198
40.64, 22198
40.65, 22198
40.66, 22198
40.67, 22198
40.68, 22198
40.69, 22198
40.7, 22198
40.71, 22198
40.72, 22198
40.73, 22198
40.74, 22198
40.75, 22198
40.76, 22198
40.77, 22198
40.78, 22198
40.79, 22198
40.8, 22198
40.81, 22198
40.82, 22198
40.83, 22198
40.84, 22198
40.85, 22198
40.86, 22198
40.87, 22198
40.88, 22198
40.89, 22198
40.9, 22198
40.91, 22198
40.92, 22198
40.93, 22198
40.94, 22198
40.95, 22198
40.96, 22198
40.97, 22198
40.98, 22198
40.99, 22198
41.0, 22198
41.01, 22198
41.02, 22198
41.03, 22198
41.04, 22198
41.07, 22198
41.08, 22198
41.09, 22198
41.1, 22198
41.11, 22198
41.12, 22198
41.13, 22198
41.14, 22198
41.15, 22198
41.16, 22198
41.17, 22198
41.18, 22198
41.19, 22198
41.2, 22198
41.21, 22198
41.22, 22198
41.23, 22198
41.24, 22198
41.25, 22198
41.26, 22198
41.27, 22198
41.28, 22198
41.29, 22198
41.3, 22198
41.31, 22198
41.32, 22198
41.33, 22198
41.34, 22198
41.35, 22198
41.36, 22198
41.37, 22198
41.38, 22198
41.39, 22198
41.4, 22198
41.41, 22198
41.42, 22198
41.43, 22198
41.44, 22198
41.45, 22198
41.46, 22198
41.47, 22198
41.48, 22198
41.49, 22198
41.5, 22198
41.51, 22198
41.52, 22198
41.53, 22198
41.54, 22198
41.55, 22198
41.56, 22198
41.57, 22198
41.58, 22198
41.59, 22198
41.6, 22198
41.61, 22198
41.62, 22198
41.63, 22198
41.64, 22198
41.65, 22198
41.66, 22198
41.67, 22198
41.68, 22198
41.69, 22198
41.7, 22198
41.71, 22198
41.72, 22198
41.73, 22198
41.74, 22198
41.75, 22198
41.76, 22198
41.77, 22198
41.78, 22198
41.79, 22198
41.8, 22198
41.81, 22198
41.82, 22198
41.83, 22198
41.84, 22198
41.85, 22198
41.86, 22198
41.87, 22198
41.88, 22198
41.89, 22198
41.9, 22198
41.91, 22198
41.92, 22198
41.93, 22198
41.94, 22198
41.95, 22198
41.96, 22198
41.97, 22198
41.98, 22198
41.99, 22198
42.0, 22198
42.01, 22198
42.02, 22198
42.03, 22198
42.04, 22198
42.05, 22198
42.06, 22198
42.07, 22198
42.08, 22198
42.09, 22198
42.1, 22198
42.11, 22198
42.12, 22198
42.13, 22198
42.14, 22198
42.15, 22198
42.16, 22198
42.17, 22198
42.18, 22198
42.19, 22198
42.2, 22198
42.21, 22198
42.22, 22198
42.23, 22198
42.24, 22198
42.25, 22198
42.26, 22198
42.27, 22198
42.28, 22198
42.29, 22198
42.3, 22198
42.31, 22198
42.32, 22198
42.33, 22198
42.34, 22198
42.35, 22198
42.36, 22198
42.37, 22198
42.38, 22198
42.39, 22198
42.4, 22198
42.41, 22198
42.42, 22198
42.43, 22198
42.44, 22198
42.45, 22198
42.46, 22198
42.47, 22198
42.48, 22198
42.49, 22198
42.5, 22198
42.51, 22198
42.52, 22198
42.53, 22198
42.54, 22198
42.55, 22198
42.56, 22198
42.57, 22198
42.58, 22198
42.59, 22198
42.6, 22198
42.61, 22198
42.62, 22198
42.63, 22198
42.64, 22198
42.65, 22198
42.66, 22198
42.67, 22198
42.68, 22198
42.69, 22198
42.7, 22198
42.71, 22198
42.72, 22198
42.73, 22198
42.74, 22198
42.75, 22198
42.76, 22198
42.77, 22198
42.78, 22198
42.79, 22198
42.8, 22198
42.81, 22198
42.82, 22198
42.83, 22198
42.84, 22198
42.85, 22198
42.86, 22198
42.87, 22198
42.88, 22198
42.89, 22198
42.9, 22198
42.91, 22198
42.92, 22198
42.93, 22198
42.94, 22198
42.95, 22198
42.96, 22198
42.97, 22198
42.98, 22198
42.99, 22198
43.0, 22198
43.01, 22198
43.02, 22198
43.03, 22198
43.04, 22198
43.05, 22198
43.06, 22198
43.07, 22198
43.08, 22198
43.09, 22198
43.1, 22198
43.11, 22198
43.12, 22198
43.13, 22198
43.14, 22198
43.15, 22198
43.16, 22198
43.17, 22198
43.18, 22198
43.19, 22198
43.2, 22198
43.21, 22198
43.22, 22198
43.23, 22198
43.24, 22198
43.25, 22198
43.26, 22198
43.27, 22198
43.28, 22198
43.29, 22198
43.3, 22198
43.31, 22198
43.32, 22198
43.33, 22198
43.34, 22198
43.35, 22198
43.36, 22198
43.37, 22198
43.38, 22198
43.39, 22198
43.4, 22198
43.41, 22198
43.42, 22198
43.43, 22198
43.44, 22198
43.45, 22198
43.46, 22198
43.47, 22198
43.48, 22198
43.49, 22198
43.5, 22198
43.51, 22198
43.52, 22198
43.53, 22198
43.54, 22198
43.55, 22198
43.56, 22198
43.57, 22198
43.58, 22198
43.59, 22198
43.6, 22198
43.61, 22198
43.62, 22198
43.63, 22198
43.64, 22198
43.65, 22198
43.66, 22198
43.67, 22198
43.68, 22198
43.69, 22198
43.7, 22198
43.71, 22198
43.72, 22198
43.73, 22198
43.74, 22198
43.75, 22198
43.76, 22198
43.77, 22198
43.78, 22198
43.79, 22198
43.8, 22198
43.81, 22198
43.82, 22198
43.83, 22198
43.84, 22198
43.85, 22198
43.86, 22198
43.87, 22198
43.88, 22198
43.89, 22198
43.9, 22198
43.91, 22198
43.92, 22198
43.93, 22198
43.94, 22198
43.95, 22198
43.96, 22198
43.97, 22198
43.98, 22198
43.99, 22198
44.0, 22198
44.01, 22198
44.02, 22198
44.03, 22198
44.04, 22198
44.05, 22198
44.06, 22198
44.07, 22198
44.08, 22198
44.09, 22198
44.1, 22198
44.11, 22198
44.12, 22198
44.13, 22198
44.14, 22198
44.15, 22198
44.16, 22198
44.17, 22198
44.18, 22198
44.19, 22198
44.2, 22198
44.21, 22198
44.22, 22198
44.23, 22198
44.24, 22198
44.25, 22198
44.26, 22198
44.27, 22198
44.28, 22198
44.29, 22198
44.3, 22198
44.31, 22198
44.32, 22198
44.33, 22198
44.34, 22198
44.35, 22198
44.36, 22198
44.37, 22198
44.38, 22198
44.39, 22198
44.4, 22198
44.41, 22198
44.42, 22198
44.43, 22198
44.44, 22198
44.45, 22198
44.46, 22198
44.47, 22198
44.48, 22198
44.49, 22198
44.5, 22198
44.51, 22198
44.52, 22198
44.53, 22198
44.54, 22198
44.55, 22198
44.56, 22198
44.57, 22198
44.58, 22198
44.59, 22198
44.6, 22198
44.61, 22198
44.62, 22198
44.63, 22198
44.64, 22198
44.65, 22198
44.66, 22198
44.67, 22198
44.68, 22198
44.69, 22198
44.7, 22198
44.71, 22198
44.72, 22198
44.73, 22198
44.74, 22198
44.75, 22198
44.76, 22198
44.77, 22198
44.78, 22198
44.79, 22198
44.8, 22198
44.81, 22198
44.82, 22198
44.83, 22198
44.84, 22198
44.85, 22198
44.86, 22198
44.87, 22198
44.88, 22198
44.89, 22198
44.9, 22198
44.91, 22198
44.92, 22198
44.93, 22198
44.94, 22198
44.95, 22198
44.96, 22198
44.97, 22198
44.98, 22198
44.99, 22198
45.0, 22198
45.01, 22198
45.02, 22198
45.03, 22198
45.04, 22198
45.05, 22198
45.06, 22198
45.07, 22198
45.08, 22198
45.09, 22198
45.1, 22198
45.11, 22198
45.12, 22198
45.13, 22198
45.14, 22198
45.15, 22198
45.16, 22198
45.17, 22198
45.18, 22198
45.19, 22198
45.2, 22198
45.21, 22198
45.22, 22198
45.23, 22198
45.24, 22198
45.25, 22198
45.26, 22198
45.27, 22198
45.28, 22198
45.29, 22198
45.3, 22198
45.31, 22198
45.32, 22198
45.33, 22198
45.34, 22198
45.35, 22198
45.36, 22198
45.37, 22198
45.38, 22198
45.39, 22198
45.4, 22198
45.41, 22198
45.42, 22198
45.43, 22198
45.44, 22198
45.45, 22198
45.46, 22198
45.47, 22198
45.48, 22198
45.49, 22198
45.5, 22198
45.51, 22198
45.52, 22198
45.53, 22198
45.54, 22198
45.55, 22198
45.56, 22198
45.57, 22198
45.58, 22198
45.59, 22198
45.6, 22198
45.61, 22198
45.62, 22198
45.63, 22198
45.64, 22198
45.65, 22198
45.66, 22198
45.67, 22198
45.68, 22198
45.69, 22198
45.7, 22198
45.71, 22198
45.72, 22198
45.73, 22198
45.74, 22198
45.75, 22198
45.76, 22198
45.77, 22198
45.78, 22198
45.79, 22198
45.8, 22198
45.81, 22198
45.82, 22198
45.83, 22198
45.84, 22198
45.85, 22198
45.86, 22198
45.87, 22198
45.88, 22198
45.89, 22198
45.9, 22198
45.91, 22198
45.92, 22198
45.93, 22198
45.94, 22198
45.95, 22198
45.96, 22198
45.97, 22198
45.98, 22198
45.99, 22198
46.0, 22198
46.01, 22198
46.02, 22198
46.03, 22198
46.04, 22198
46.05, 22198
46.06, 22198
46.07, 22198
46.08, 22198
46.09, 22198
46.1, 22198
46.11, 22198
46.12, 22198
46.13, 22198
46.14, 22198
46.15, 22198
46.16, 22198
46.17, 22198
46.18, 22198
46.19, 22198
46.2, 22198
46.21, 22198
46.22, 22198
46.23, 22198
46.24, 22198
46.25, 22198
46.26, 22198
46.27, 22198
46.28, 22198
46.29, 22198
46.3, 22198
46.31, 22198
46.32, 22198
46.33, 22198
46.34, 22198
46.35, 22198
46.36, 22198
46.37, 22198
46.38, 22198
46.39, 22198
46.4, 22198
46.41, 22198
46.42, 22198
46.43, 22198
46.44, 22198
46.45, 22198
46.46, 22198
46.47, 22198
46.48, 22198
46.49, 22198
46.5, 22198
46.51, 22198
46.52, 22198
46.53, 22198
46.54, 22198
46.55, 22198
46.56, 22198
46.57, 22198
46.58, 22198
46.59, 22198
46.6, 22198
46.61, 22198
46.62, 22198
46.63, 22198
46.64, 22198
46.65, 22198
46.66, 22198
46.67, 22198
46.68, 22198
46.69, 22198
46.7, 22198
46.71, 22198
46.72, 22198
46.73, 22198
46.74, 22198
46.75, 22198
46.76, 22198
46.77, 22198
46.78, 22198
46.79, 22198
46.8, 22198
46.81, 22198
46.82, 22198
46.83, 22198
46.84, 22198
46.85, 22198
46.86, 22198
46.87, 22198
46.88, 22198
46.89, 22198
46.9, 22198
46.91, 22198
46.92, 22198
46.93, 22198
46.94, 22198
46.95, 22198
46.96, 22198
46.97, 22198
46.98, 22198
46.99, 22198
47.0, 22198
47.01, 22198
47.02, 22198
47.03, 22198
47.04, 22198
47.05, 22198
47.06, 22198
47.07, 22198
47.08, 22198
47.09, 22198
47.1, 22198
47.11, 22198
47.12, 22198
47.13, 22198
47.14, 22198
47.15, 22198
47.16, 22198
47.17, 22198
47.18, 22198
47.19, 22198
47.2, 22198
47.21, 22198
47.22, 22198
47.23, 22198
47.24, 22198
47.25, 22198
47.26, 22198
47.27, 22198
47.28, 22198
47.29, 22198
47.3, 22198
47.31, 22198
47.32, 22198
47.33, 22198
47.34, 22198
47.35, 22198
47.36, 22198
47.37, 22198
47.38, 22198
47.39, 22198
47.4, 22198
47.41, 22198
47.42, 22198
47.43, 22198
47.44, 22198
47.45, 22198
47.46, 22198
47.47, 22198
47.48, 22198
47.49, 22198
47.5, 22198
47.51, 22198
47.52, 22198
47.53, 22198
47.54, 22198
47.55, 22198
47.56, 22198
47.57, 22198
47.58, 22198
47.59, 22198
47.6, 22198
47.61, 22198
47.62, 22198
47.63, 22198
47.64, 22198
47.65, 22198
47.66, 22198
47.67, 22198
47.68, 22198
47.69, 22198
47.7, 22198
47.71, 22198
47.72, 22198
47.73, 22198
47.74, 22198
47.75, 22198
47.76, 22198
47.77, 22198
47.78, 22198
47.79, 22198
47.8, 22198
47.81, 22198
47.82, 22198
47.83, 22198
47.84, 22198
47.85, 22198
47.86, 22198
47.87, 22198
47.88, 22198
47.89, 22198
47.9, 22198
47.91, 22198
47.92, 22198
47.93, 22198
47.94, 22198
47.95, 22198
47.96, 22198
47.97, 22198
47.98, 22198
47.99, 22198
48.0, 22198
48.01, 22198
48.02, 22198
48.03, 22198
48.04, 22198
48.05, 22198
48.06, 22198
48.07, 22198
48.08, 22198
48.09, 22198
48.1, 22198
48.11, 22198
48.12, 22198
48.13, 22198
48.14, 22198
48.15, 22198
48.16, 22198
48.17, 22198
48.18, 22198
48.19, 22198
48.2, 22198
48.21, 22198
48.22, 22198
48.23, 22198
48.24, 22198
48.25, 22198
48.26, 22198
48.27, 22198
48.28, 22198
48.29, 22198
48.3, 22198
48.31, 22198
48.32, 22198
48.33, 22198
48.34, 22198
48.35, 22198
48.36, 22198
48.37, 22198
48.38, 22198
48.39, 22198
48.4, 22198
48.41, 22198
48.42, 22198
48.43, 22198
48.44, 22198
48.45, 22198
48.46, 22198
48.47, 22198
48.48, 22198
48.49, 22198
48.5, 22198
48.51, 22198
48.52, 22198
48.53, 22198
48.54, 22198
48.55, 22198
48.56, 22198
48.57, 22198
48.58, 22198
48.59, 22198
48.6, 22198
48.61, 22198
48.62, 22198
48.63, 22198
48.64, 22198
48.65, 22198
48.66, 22198
48.67, 22198
48.68, 22198
48.69, 22198
48.7, 22198
48.71, 22198
48.72, 22198
48.73, 22198
48.74, 22198
48.75, 22198
48.76, 22198
48.77, 22198
48.78, 22198
48.79, 22198
48.8, 22198
48.81, 22198
48.82, 22198
48.83, 22198
48.84, 22198
48.85, 22198
48.86, 22198
48.87, 22198
48.88, 22198
48.89, 22198
48.9, 22198
48.91, 22198
48.92, 22198
48.93, 22198
48.94, 22198
48.95, 22198
48.96, 22198
48.97, 22198
48.98, 22198
48.99, 22198
49.0, 22198
49.01, 22198
49.02, 22198
49.03, 22198
49.04, 22198
49.05, 22198
49.06, 22198
49.07, 22198
49.08, 22198
49.09, 22198
49.1, 22198
49.11, 22198
49.12, 22198
49.13, 22198
49.14, 22198
49.15, 22198
49.16, 22198
49.17, 22198
49.18, 22198
49.19, 22198
49.2, 22198
49.21, 22198
49.22, 22198
49.25, 22198
49.26, 22198
49.27, 22198
49.28, 22198
49.29, 22198
49.3, 22198
49.31, 22198
49.32, 22198
49.33, 22198
49.34, 22198
49.35, 22198
49.36, 22198
49.37, 22198
49.38, 22198
49.39, 22198
49.4, 22198
49.41, 22198
49.42, 22198
49.43, 22198
49.44, 22198
49.45, 22198
49.46, 22198
49.47, 22198
49.48, 22198
49.49, 22198
49.5, 22198
49.51, 22198
49.52, 22198
49.53, 22198
49.54, 22198
49.55, 22198
49.56, 22198
49.57, 22198
49.58, 22198
49.59, 22198
49.6, 22198
49.61, 22198
49.62, 22198
49.63, 22198
49.64, 22198
49.65, 22198
49.66, 22198
49.67, 22198
49.68, 22198
49.69, 22198
49.7, 22198
49.71, 22198
49.72, 22198
49.73, 22198
49.74, 22198
49.75, 22198
49.76, 22198
49.77, 22198
49.78, 22198
49.79, 22198
49.8, 22198
49.81, 22198
49.82, 22198
49.83, 22198
49.84, 22198
49.85, 22198
49.86, 22198
49.87, 22198
49.88, 22198
49.89, 22198
49.9, 22198
49.91, 22198
49.92, 22198
49.93, 22198
49.94, 22198
49.95, 22198
49.96, 22198
49.97, 22198
49.98, 22198
49.99, 22198
50.0, 22198
50.01, 22198
50.02, 22198
50.03, 22198
50.04, 22198
50.05, 22198
50.06, 22198
50.07, 22198
50.08, 22198
50.09, 22198
50.1, 22198
50.11, 22198
50.12, 22198
50.13, 22198
50.14, 22198
50.15, 22198
50.16, 22198
50.17, 22198
50.18, 22198
50.19, 22198
50.2, 22198
50.21, 22198
50.22, 22198
50.23, 22198
50.24, 22198
50.25, 22198
50.26, 22198
50.27, 22198
50.28, 22198
50.29, 22198
50.3, 22198
50.31, 22198
50.32, 22198
50.33, 22198
50.34, 22198
50.35, 22198
50.36, 22198
50.37, 22198
50.38, 22198
50.39, 22198
50.4, 22198
50.41, 22198
50.42, 22198
50.43, 22198
50.44, 22198
50.45, 22198
50.46, 22198
50.47, 22198
50.48, 22198
50.49, 22198
50.5, 22198
50.51, 22198
50.52, 22198
50.53, 22198
50.54, 22198
50.55, 22198
50.56, 22198
50.57, 22198
50.58, 22198
50.59, 22198
50.6, 22198
50.61, 22198
50.62, 22198
50.63, 22198
50.64, 22198
50.65, 22198
50.66, 22198
50.67, 22198
50.68, 22198
50.69, 22198
50.7, 22198
50.71, 22198
50.72, 22198
50.73, 22198
50.74, 22198
50.75, 22198
50.76, 22198
50.77, 22198
50.78, 22198
50.79, 22198
50.8, 22198
50.81, 22198
50.82, 22198
50.83, 22198
50.84, 22198
50.85, 22198
50.86, 22198
50.87, 22198
50.88, 22198
50.89, 22198
50.9, 22198
50.91, 22198
50.92, 22198
50.93, 22198
50.94, 22198
50.95, 22198
50.96, 22198
50.97, 22198
50.98, 22198
50.99, 22198
51.0, 22198
51.01, 22198
51.02, 22198
51.03, 22198
51.04, 22198
51.05, 22198
51.06, 22198
51.07, 22198
51.08, 22198
51.09, 22198
51.1, 22198
51.11, 22198
51.12, 22198
51.13, 22198
51.14, 22198
51.15, 22198
51.16, 22198
51.17, 22198
51.18, 22198
51.19, 22198
51.2, 22198
51.21, 22198
51.22, 22198
51.23, 22198
51.24, 22198
51.25, 22198
51.26, 22198
51.27, 22198
51.28, 22198
51.29, 22198
51.3, 22198
51.31, 22198
51.32, 22198
51.33, 22198
51.34, 22198
51.35, 22198
51.36, 22198
51.37, 22198
51.38, 22198
51.39, 22198
51.4, 22198
51.41, 22198
51.42, 22198
51.43, 22198
51.44, 22198
51.45, 22198
51.46, 22198
51.47, 22198
51.48, 22198
51.49, 22198
51.5, 22198
51.51, 22198
51.52, 22198
51.53, 22198
51.54, 22198
51.55, 22198
51.56, 22198
51.57, 22198
51.58, 22198
51.59, 22198
51.6, 22198
51.61, 22198
51.62, 22198
51.63, 22198
51.64, 22198
51.65, 22198
51.66, 22198
51.67, 22198
51.68, 22198
51.69, 22198
51.7, 22198
51.71, 22198
51.72, 22198
51.73, 22198
51.74, 22198
51.75, 22198
51.76, 22198
51.77, 22198
51.78, 22198
51.79, 22198
51.8, 22198
51.81, 22198
51.82, 22198
51.83, 22198
51.84, 22198
51.85, 22198
51.86, 22198
51.87, 22198
51.88, 22198
51.89, 22198
51.9, 22198
51.91, 22198
51.92, 22198
51.93, 22198
51.94, 22198
51.95, 22198
51.96, 22198
51.97, 22198
51.98, 22198
51.99, 22198
52.0, 22198
52.01, 22198
52.02, 22198
52.03, 22198
52.04, 22198
52.05, 22198
52.06, 22198
52.07, 22198
52.08, 22198
52.09, 22198
52.1, 22198
52.11, 22198
52.12, 22198
52.13, 22198
52.14, 22198
52.15, 22198
52.16, 22198
52.17, 22198
52.18, 22198
52.19, 22198
52.2, 22198
52.21, 22198
52.22, 22198
52.23, 22198
52.24, 22198
52.25, 22198
52.26, 22198
52.27, 22198
52.28, 22198
52.29, 22198
52.3, 22198
52.31, 22198
52.32, 22198
52.33, 22198
52.34, 22198
52.35, 22198
52.36, 22198
52.37, 22198
52.38, 22198
52.39, 22198
52.4, 22198
52.41, 22198
52.42, 22198
52.43, 22198
52.44, 22198
52.45, 22198
52.46, 22198
52.47, 22198
52.48, 22198
52.49, 22198
52.5, 22198
52.51, 22198
52.52, 22198
52.53, 22198
52.54, 22198
52.55, 22198
52.56, 22198
52.57, 22198
52.58, 22198
52.59, 22198
52.6, 22198
52.61, 22198
52.62, 22198
52.63, 22198
52.64, 22198
52.65, 22198
52.66, 22198
52.67, 22198
52.68, 22198
52.69, 22198
52.7, 22198
52.71, 22198
52.72, 22198
52.73, 22198
52.74, 22198
52.75, 22198
52.76, 22198
52.77, 22198
52.78, 22198
52.79, 22198
52.8, 22198
52.81, 22198
52.82, 22198
52.83, 22198
52.84, 22198
52.85, 22198
52.86, 22198
52.87, 22198
52.88, 22198
52.89, 22198
52.9, 22198
52.91, 22198
52.92, 22198
52.93, 22198
52.94, 22198
52.95, 22198
52.96, 22198
52.97, 22198
52.98, 22198
52.99, 22198
53.0, 22198
53.01, 22198
53.02, 22198
53.03, 22198
53.04, 22198
53.05, 22198
53.06, 22198
53.07, 22198
53.08, 22198
53.09, 22198
53.1, 22198
53.11, 22198
53.12, 22198
53.13, 22198
53.14, 22198
53.15, 22198
53.16, 22198
53.17, 22198
53.18, 22198
53.19, 22198
53.2, 22198
53.21, 22198
53.22, 22198
53.23, 22198
53.24, 22198
53.25, 22198
53.26, 22198
53.27, 22198
53.28, 22198
53.29, 22198
53.3, 22198
53.31, 22198
53.32, 22198
53.33, 22198
53.34, 22198
53.35, 22198
53.36, 22198
53.37, 22198
53.38, 22198
53.39, 22198
53.4, 22198
53.41, 22198
53.42, 22198
53.43, 22198
53.44, 22198
53.45, 22198
53.46, 22198
53.47, 22198
53.48, 22198
53.49, 22198
53.5, 22198
53.51, 22198
53.52, 22198
53.53, 22198
53.54, 22198
53.55, 22198
53.56, 22198
53.57, 22198
53.58, 22198
53.59, 22198
53.6, 22198
53.61, 22198
53.62, 22198
53.63, 22198
53.64, 22198
53.65, 22198
53.66, 22198
53.67, 22198
53.68, 22198
53.69, 22198
53.7, 22198
53.71, 22198
53.72, 22198
53.73, 22198
53.74, 22198
53.75, 22198
53.76, 22198
53.77, 22198
53.78, 22198
53.79, 22198
53.8, 22198
53.81, 22198
53.82, 22198
53.83, 22198
53.84, 22198
53.85, 22198
53.86, 22198
53.87, 22198
53.88, 22198
53.89, 22198
53.9, 22198
53.91, 22198
53.92, 22198
53.93, 22198
53.94, 22198
53.95, 22198
53.96, 22198
53.97, 22198
53.98, 22198
53.99, 22198
54.0, 22198
54.01, 22198
54.02, 22198
54.03, 22198
54.04, 22198
54.05, 22198
54.06, 22198
54.07, 22198
54.08, 22198
54.09, 22198
54.1, 22198
54.11, 22198
54.12, 22198
54.13, 22198
54.14, 22198
54.15, 22198
54.16, 22198
54.17, 22198
54.18, 22198
54.19, 22198
54.2, 22198
54.21, 22198
54.22, 22198
54.23, 22198
54.24, 22198
54.25, 22198
54.26, 22198
54.27, 22198
54.28, 22198
54.29, 22198
54.3, 22198
54.31, 22198
54.32, 22198
54.33, 22198
54.34, 22198
54.35, 22198
54.36, 22198
54.37, 22198
54.38, 22198
54.39, 22198
54.4, 22198
54.41, 22198
54.42, 22198
54.43, 22198
54.44, 22198
54.45, 22198
54.46, 22198
54.47, 22198
54.48, 22198
54.49, 22198
54.5, 22198
54.51, 22198
54.52, 22198
54.53, 22198
54.54, 22198
54.55, 22198
54.56, 22198
54.57, 22198
54.58, 22198
54.59, 22198
54.6, 22198
54.61, 22198
54.62, 22198
54.63, 22198
54.64, 22198
54.65, 22198
54.66, 22198
54.67, 22198
54.68, 22198
54.69, 22198
54.7, 22198
54.71, 22198
54.72, 22198
54.73, 22198
54.74, 22198
54.75, 22198
54.76, 22198
54.77, 22198
54.78, 22198
54.79, 22198
54.8, 22198
54.81, 22198
54.82, 22198
54.83, 22198
54.84, 22198
54.85, 22198
54.86, 22198
54.87, 22198
54.88, 22198
54.89, 22198
54.9, 22198
54.91, 22198
54.92, 22198
54.93, 22198
54.94, 22198
54.95, 22198
54.96, 22198
54.97, 22198
54.98, 22198
54.99, 22198
55.0, 22198
55.01, 22198
55.02, 22198
55.03, 22198
55.04, 22198
55.05, 22198
55.06, 22198
55.07, 22198
55.08, 22198
55.09, 22198
55.1, 22198
55.11, 22198
55.12, 22198
55.13, 22198
55.14, 22198
55.15, 22198
55.16, 22198
55.17, 22198
55.18, 22198
55.19, 22198
55.2, 22198
55.21, 22198
55.22, 22198
55.23, 22198
55.24, 22198
55.25, 22198
55.26, 22198
55.27, 22198
55.28, 22198
55.29, 22198
55.3, 22198
55.31, 22198
55.32, 22198
55.33, 22198
55.34, 22198
55.35, 22198
55.36, 22198
55.37, 22198
55.38, 22198
55.39, 22198
55.4, 22198
55.41, 22198
55.42, 22198
55.43, 22198
55.44, 22198
55.45, 22198
55.46, 22198
55.47, 22198
55.48, 22198
55.49, 22198
55.5, 22198
55.51, 22198
55.52, 22198
55.53, 22198
55.54, 22198
55.55, 22198
55.56, 22198
55.57, 22198
55.58, 22198
55.59, 22198
55.6, 22198
55.61, 22198
55.62, 22198
55.63, 22198
55.64, 22198
55.65, 22198
55.66, 22198
55.67, 22198
55.68, 22198
55.69, 22198
55.7, 22198
55.71, 22198
55.72, 22198
55.73, 22198
55.74, 22198
55.75, 22198
55.76, 22198
55.77, 22198
55.78, 22198
55.79, 22198
55.8, 22198
55.81, 22198
55.82, 22198
55.83, 22198
55.84, 22198
55.85, 22198
55.86, 22198
55.87, 22198
55.88, 22198
55.89, 22198
55.9, 22198
55.91, 22198
55.92, 22198
55.93, 22198
55.94, 22198
55.95, 22198
55.96, 22198
55.97, 22198
55.98, 22198
55.99, 22198
56.0, 22198
56.01, 22198
56.02, 22198
56.03, 22198
56.04, 22198
56.05, 22198
56.06, 22198
56.07, 22198
56.08, 22198
56.09, 22198
56.1, 22198
56.11, 22198
56.12, 22198
56.13, 22198
56.14, 22198
56.15, 22198
56.16, 22198
56.17, 22198
56.18, 22198
56.19, 22198
56.2, 22198
56.21, 22198
56.22, 22198
56.23, 22198
56.24, 22198
56.25, 22198
56.26, 22198
56.27, 22198
56.28, 22198
56.29, 22198
56.3, 22198
56.31, 22198
56.32, 22198
56.33, 22198
56.34, 22198
56.35, 22198
56.36, 22198
56.37, 22198
56.38, 22198
56.39, 22198
56.4, 22198
56.41, 22198
56.42, 22198
56.43, 22198
56.44, 22198
56.45, 22198
56.46, 22198
56.47, 22198
56.48, 22198
56.49, 22198
56.5, 22198
56.51, 22198
56.52, 22198
56.53, 22198
56.54, 22198
56.55, 22198
56.56, 22198
56.57, 22198
56.58, 22198
56.59, 22198
56.6, 22198
56.61, 22198
56.62, 22198
56.63, 22198
56.64, 22198
56.65, 22198
56.66, 22198
56.67, 22198
56.68, 22198
56.69, 22198
56.7, 22198
56.71, 22198
56.72, 22198
56.73, 22198
56.74, 22198
56.75, 22198
56.76, 22198
56.77, 22198
56.78, 22198
56.79, 22198
56.8, 22198
56.81, 22198
56.82, 22198
56.83, 22198
56.84, 22198
56.85, 22198
56.86, 22198
56.87, 22198
56.88, 22198
56.89, 22198
56.9, 22198
56.91, 22198
56.92, 22198
56.93, 22198
56.94, 22198
56.95, 22198
56.96, 22198
56.97, 22198
56.98, 22198
56.99, 22198
57.0, 22198
57.01, 22198
57.02, 22198
57.03, 22198
57.04, 22198
57.05, 22198
57.06, 22198
57.07, 22198
57.08, 22198
57.09, 22198
57.1, 22198
57.11, 22198
57.12, 22198
57.13, 22198
57.14, 22198
57.15, 22198
57.16, 22198
57.17, 22198
57.18, 22198
57.19, 22198
57.2, 22198
57.21, 22198
57.22, 22198
57.23, 22198
57.24, 22198
57.25, 22198
57.26, 22198
57.27, 22198
57.28, 22198
57.29, 22198
57.3, 22198
57.31, 22198
57.32, 22198
57.33, 22198
57.34, 22198
57.35, 22198
57.36, 22198
57.37, 22198
57.38, 22198
57.39, 22198
57.4, 22198
57.41, 22198
57.42, 22198
57.43, 22198
57.44, 22198
57.45, 22198
57.46, 22198
57.47, 22198
57.48, 22198
57.49, 22198
57.5, 22198
57.51, 22198
57.52, 22198
57.53, 22198
57.54, 22198
57.55, 22198
57.56, 22198
57.57, 22198
57.58, 22198
57.59, 22198
57.6, 22198
57.61, 22198
57.62, 22198
57.63, 22198
57.64, 22198
57.65, 22198
57.66, 22198
57.67, 22198
57.68, 22198
57.69, 22198
57.7, 22198
57.71, 22198
57.72, 22198
57.73, 22198
57.74, 22198
57.75, 22198
57.76, 22198
57.77, 22198
57.78, 22198
57.79, 22198
57.8, 22198
57.81, 22198
57.82, 22198
57.83, 22198
57.84, 22198
57.85, 22198
57.86, 22198
57.87, 22198
57.88, 22198
57.89, 22198
57.9, 22198
57.91, 22198
57.92, 22198
57.93, 22198
57.94, 22198
57.95, 22198
57.96, 22198
57.97, 22198
57.98, 22198
57.99, 22198
58.0, 22198
58.01, 22198
58.02, 22198
58.03, 22198
58.04, 22198
58.05, 22198
58.06, 22198
58.07, 22198
58.08, 22198
58.09, 22198
58.1, 22198
58.11, 22198
58.12, 22198
58.13, 22198
58.14, 22198
58.15, 22198
58.16, 22198
58.17, 22198
58.18, 22198
58.19, 22198
58.2, 22198
58.21, 22198
58.22, 22198
58.23, 22198
58.24, 22198
58.25, 22198
58.26, 22198
58.27, 22198
58.28, 22198
58.29, 22198
58.3, 22198
58.31, 22198
58.32, 22198
58.33, 22198
58.34, 22198
58.35, 22198
58.36, 22198
58.37, 22198
58.38, 22198
58.39, 22198
58.4, 22198
58.41, 22198
58.42, 22198
58.43, 22198
58.44, 22198
58.45, 22198
58.46, 22198
58.47, 22198
58.48, 22198
58.49, 22198
58.5, 22198
58.51, 22198
58.52, 22198
58.53, 22198
58.54, 22198
58.55, 22198
58.56, 22198
58.57, 22198
58.58, 22198
58.59, 22198
58.6, 22198
58.61, 22198
58.62, 22198
58.63, 22198
58.64, 22198
58.65, 22198
58.66, 22198
58.67, 22198
58.68, 22198
58.69, 22198
58.7, 22198
58.71, 22198
58.72, 22198
58.73, 22198
58.74, 22198
58.75, 22198
58.76, 22198
58.77, 22198
58.78, 22198
58.79, 22198
58.8, 22198
58.81, 22198
58.82, 22198
58.83, 22198
58.84, 22198
58.85, 22198
58.86, 22198
58.87, 22198
58.88, 22198
58.89, 22198
58.9, 22198
58.91, 22198
58.92, 22198
58.93, 22198
58.94, 22198
58.95, 22198
58.96, 22198
58.97, 22198
58.98, 22198
58.99, 22198
59.0, 22198
59.01, 22198
59.02, 22198
59.03, 22198
59.04, 22198
59.05, 22198
59.06, 22198
59.07, 22198
59.08, 22198
59.09, 22198
59.1, 22198
59.11, 22198
59.12, 22198
59.13, 22198
59.14, 22198
59.15, 22198
59.16, 22198
59.17, 22198
59.18, 22198
59.19, 22198
59.2, 22198
59.21, 22198
59.22, 22198
59.23, 22198
59.24, 22198
59.25, 22198
59.26, 22198
59.27, 22198
59.28, 22198
59.29, 22198
59.3, 22198
59.31, 22198
59.32, 22198
59.33, 22198
59.34, 22198
59.35, 22198
59.36, 22198
59.37, 22198
59.38, 22198
59.39, 22198
59.4, 22198
59.41, 22198
59.42, 22198
59.43, 22198
59.44, 22198
59.45, 22198
59.46, 22198
59.47, 22198
59.48, 22198
59.49, 22198
59.5, 22198
59.51, 22198
59.52, 22198
59.53, 22198
59.54, 22198
59.55, 22198
59.56, 22198
59.57, 22198
59.58, 22198
59.59, 22198
59.6, 22198
59.61, 22198
59.62, 22198
59.63, 22198
59.64, 22198
59.65, 22198
59.66, 22198
59.67, 22198
59.68, 22198
59.69, 22198
59.7, 22198
59.71, 22198
59.72, 22198
59.73, 22198
59.74, 22198
59.75, 22198
59.76, 22198
59.77, 22198
59.78, 22198
59.79, 22198
59.8, 22198
59.81, 22198
59.82, 22198
59.83, 22198
59.84, 22198
59.85, 22198
59.86, 22198
59.87, 22198
59.88, 22198
59.89, 22198
59.9, 22198
59.91, 22198
59.92, 22198
59.93, 22198
59.94, 22198
59.95, 22198
59.96, 22198
59.97, 22198
59.98, 22198
59.99, 22198
