0.0, 27359
0.01, 25777
0.02, 25777
0.03, 25777
0.04, 25313
0.05, 25313
0.06, 25313
0.07, 25313
0.08, 25313
0.09, 24641
0.1, 24641
0.11, 24641
0.12, 24641
0.13, 24641
0.14, 24641
0.15, 24641
0.16, 24641
0.17, 24641
0.18, 24641
0.19, 24520
0.2, 24520
0.21, 24520
0.22, 24520
0.23, 24520
0.24, 24520
0.25, 24520
0.26, 24520
0.27, 24520
0.28, 24520
0.29, 24520
0.3, 24520
0.31, 24520
0.32, 24520
0.33, 24520
0.34, 24520
0.35, 24520
0.36, 24520
0.37, 24520
0.38, 24520
0.39, 24520
0.4, 24520
0.41, 24520
0.42, 24520
0.43, 24520
0.44, 23872
0.45, 23872
0.46, 23872
0.47, 23872
0.48, 23872
0.49, 23872
0.5, 23872
0.51, 23872
0.52, 23872
0.53, 23872
0.54, 23872
0.55, 23872
0.56, 23872
0.57, 23872
0.58, 23872
0.59, 23872
0.6, 23872
0.61, 23872
0.62, 23872
0.63, 23872
0.64, 23872
0.65, 23872
0.66, 23872
0.67, 23872
0.68, 23872
0.69, 23872
0.7, 23872
0.71, 23872
0.72, 23872
0.73, 23872
0.74, 23872
0.75, 23872
0.76, 23872
0.77, 23872
0.78, 23872
0.79, 23872
0.8, 23872
0.81, 23203
0.82, 23203
0.83, 23203
0.84, 23203
0.85, 23203
0.86, 23203
0.87, 23066
0.88, 23066
0.89, 23066
0.9, 23066
0.91, 23066
0.92, 23066
0.93, 23066
0.94, 23066
0.95, 23066
0.96, 23066
0.97, 23066
0.98, 23066
0.99, 23066
1.0, 23066
1.01, 23066
1.02, 23066
1.03, 23066
1.04, 23066
1.05, 23066
1.06, 23066
1.07, 23066
1.08, 23066
1.09, 23066
1.1, 23066
1.11, 23066
1.12, 23066
1.13, 23066
1.14, 23066
1.15, 23066
1.16, 23066
1.17, 23066
1.18, 23066
1.19, 23066
1.2, 23066
1.21, 23066
1.22, 23066
1.23, 23066
1.24, 23066
1.25, 23066
1.26, 23066
1.27, 23066
1.28, 23066
1.29, 23066
1.3, 23066
1.31, 23066
1.32, 23066
1.33, 23066
1.34, 23066
1.35, 23066
1.36, 23066
1.37, 23066
1.38, 23066
1.39, 23066
1.4, 23066
1.41, 23066
1.42, 23066
1.43, 23066
1.44, 23066
1.45, 23066
1.46, 23066
1.47, 23066
1.48, 23066
1.49, 23066
1.5, 23066
1.51, 23066
1.52, 23066
1.53, 23066
1.54, 23066
1.55, 23066
1.56, 23066
1.57, 23066
1.58, 23066
1.59, 23066
1.6, 23066
1.61, 23066
1.62, 23066
1.63, 23066
1.64, 23066
1.65, 23066
1.66, 23066
1.67, 23066
1.68, 23066
1.69, 23066
1.7, 23066
1.71, 23066
1.72, 23066
1.73, 23066
1.74, 23066
1.75, 23066
1.76, 23066
1.77, 23066
1.78, 23066
1.79, 23066
1.8, 23066
1.81, 23066
1.82, 23066
1.83, 23066
1.84, 23066
1.85, 23066
1.86, 23066
1.87, 23066
1.88, 23066
1.89, 23066
1.9, 23066
1.91, 23066
1.92, 23066
1.93, 23066
1.94, 23066
1.95, 23066
1.96, 23066
1.97, 23066
1.98, 23066
1.99, 23066
2.0, 23066
2.01, 23066
2.02, 23066
2.03, 23066
2.04, 23066
2.05, 23066
2.06, 23066
2.07, 23066
2.08, 23066
2.09, 23066
2.1, 23066
2.11, 23066
2.12, 23066
2.13, 23066
2.14, 23066
2.15, 23066
2.16, 23066
2.17, 23066
2.18, 23066
2.19, 23066
2.2, 23066
2.21, 23066
2.22, 23066
2.23, 23066
2.24, 23066
2.25, 23066
2.26, 23066
2.27, 23066
2.28, 23066
2.29, 23066
2.3, 23066
2.31, 23066
2.32, 23066
2.33, 23066
2.34, 23066
2.35, 23066
2.36, 23066
2.37, 23066
2.38, 23066
2.39, 23066
2.4, 23066
2.41, 23066
2.42, 23066
2.43, 23066
2.44, 23066
2.45, 23066
2.46, 23066
2.47, 23066
2.48, 23066
2.49, 23066
2.5, 23066
2.51, 23066
2.52, 23066
2.53, 23066
2.54, 23066
2.55, 23066
2.56, 23066
2.57, 23066
2.58, 23066
2.59, 23066
2.6, 23066
2.61, 23066
2.62, 23066
2.63, 23066
2.64, 23066
2.65, 23066
2.66, 23066
2.67, 23066
2.68, 23066
2.69, 23066
2.7, 23066
2.71, 23066
2.72, 23066
2.73, 23066
2.74, 23066
2.75, 23066
2.76, 23066
2.77, 23066
2.78, 23066
2.79, 23066
2.8, 23066
2.81, 23066
2.82, 23066
2.83, 23066
2.84, 23066
2.85, 23066
2.86, 23066
2.87, 23066
2.88, 23066
2.89, 23066
2.9, 23066
2.91, 23066
2.92, 23066
2.93, 23066
2.94, 23066
2.95, 22471
2.96, 22471
2.97, 22471
2.98, 22471
2.99, 22471
3.0, 22471
3.01, 22471
3.02, 22471
3.03, 22471
3.04, 22471
3.05, 22471
3.06, 22471
3.07, 22471
3.08, 22471
3.09, 22471
3.1, 22471
3.11, 22471
3.12, 22471
3.13, 22471
3.14, 22471
3.15, 22471
3.16, 22471
3.17, 22471
3.18, 22471
3.19, 22471
3.2, 22471
3.21, 22471
3.22, 22471
3.23, 22471
3.24, 22471
3.25, 22471
3.26, 22471
3.27, 22471
3.28, 22471
3.29, 22471
3.3, 22471
3.31, 22471
3.32, 22471
3.33, 22471
3.34, 22471
3.35, 22471
3.36, 22471
3.37, 22471
3.38, 22471
3.39, 22471
3.4, 22471
3.41, 22471
3.42, 22471
3.43, 22471
3.44, 22471
3.45, 22471
3.46, 22471
3.47, 22471
3.48, 22471
3.49, 22471
3.5, 22471
3.51, 22471
3.52, 22471
3.53, 22471
3.54, 22471
3.55, 22471
3.56, 22471
3.57, 22471
3.58, 22471
3.59, 22471
3.6, 22471
3.61, 22471
3.62, 22471
3.63, 22471
3.64, 22471
3.65, 22471
3.66, 22471
3.67, 22471
3.68, 22471
3.69, 22471
3.7, 22471
3.71, 22471
3.72, 22471
3.73, 22471
3.74, 22471
3.75, 22471
3.76, 22471
3.77, 22471
3.78, 22471
3.79, 22471
3.8, 22471
3.81, 22471
3.82, 22471
3.83, 22471
3.84, 22471
3.85, 22471
3.86, 22471
3.87, 22471
3.88, 22471
3.89, 22471
3.9, 22471
3.91, 22471
3.92, 22471
3.93, 22471
3.94, 22471
3.95, 22471
3.96, 22471
3.97, 22471
3.98, 22471
3.99, 22471
4.0, 22471
4.01, 22471
4.02, 22471
4.03, 22471
4.04, 22471
4.05, 22471
4.06, 22471
4.07, 22471
4.08, 22471
4.09, 22471
4.1, 22471
4.11, 22471
4.12, 22471
4.13, 22471
4.14, 22471
4.15, 22471
4.16, 22471
4.17, 22471
4.18, 22471
4.19, 22471
4.2, 22471
4.21, 22471
4.22, 22471
4.23, 22471
4.24, 22471
4.25, 22471
4.26, 22471
4.27, 22471
4.28, 22471
4.29, 22471
4.3, 22471
4.31, 22471
4.32, 22471
4.33, 22471
4.34, 22471
4.35, 22471
4.36, 22471
4.37, 22471
4.38, 22471
4.39, 22471
4.4, 22471
4.41, 22471
4.42, 22471
4.43, 22471
4.44, 22471
4.45, 22471
4.46, 22471
4.47, 22471
4.48, 22471
4.49, 22471
4.5, 22471
4.51, 22471
4.52, 22471
4.53, 22471
4.54, 22471
4.55, 22471
4.56, 22471
4.57, 22471
4.58, 22471
4.59, 22471
4.6, 22471
4.61, 22471
4.62, 22471
4.63, 22471
4.64, 22471
4.65, 22471
4.66, 22471
4.67, 22471
4.68, 22471
4.69, 22471
4.7, 22471
4.71, 22471
4.72, 22471
4.73, 22471
4.74, 22471
4.75, 22471
4.76, 22471
4.77, 22471
4.78, 22471
4.79, 22471
4.8, 22471
4.81, 22471
4.82, 22471
4.83, 22471
4.84, 22471
4.85, 22471
4.86, 22471
4.87, 22471
4.88, 22471
4.89, 22471
4.9, 22471
4.91, 22471
4.92, 22471
4.93, 22471
4.94, 22471
4.95, 22471
4.96, 22471
4.97, 22471
4.98, 22471
4.99, 22471
5.0, 22471
5.01, 22471
5.02, 22471
5.03, 22471
5.04, 22471
5.05, 22471
5.06, 22471
5.07, 22471
5.08, 22471
5.09, 22471
5.1, 22471
5.11, 22471
5.12, 22471
5.13, 22471
5.14, 22471
5.15, 22471
5.16, 22471
5.17, 22471
5.18, 22471
5.19, 22471
5.2, 22471
5.21, 22471
5.22, 22471
5.23, 22471
5.24, 22471
5.25, 22471
5.26, 22471
5.27, 22471
5.28, 22471
5.29, 22471
5.3, 22471
5.31, 22471
5.32, 22471
5.33, 22471
5.34, 22471
5.35, 22471
5.36, 22471
5.37, 22471
5.38, 22471
5.39, 22471
5.4, 22471
5.41, 22471
5.42, 22471
5.43, 22471
5.44, 22471
5.45, 22471
5.46, 22471
5.47, 22471
5.48, 22471
5.49, 22471
5.5, 22471
5.51, 22471
5.52, 22471
5.53, 22471
5.54, 22471
5.55, 22471
5.56, 22339
5.57, 22339
5.58, 22339
5.59, 22339
5.6, 22339
5.61, 22339
5.62, 22339
5.63, 22339
5.64, 22339
5.65, 22339
5.66, 22339
5.67, 22339
5.68, 22339
5.69, 22339
5.7, 22339
5.71, 22339
5.72, 22339
5.73, 22339
5.74, 22339
5.75, 22339
5.76, 22339
5.77, 22339
5.78, 22339
5.79, 22339
5.8, 22339
5.81, 22339
5.82, 22339
5.83, 22339
5.84, 22339
5.85, 22339
5.86, 22339
5.87, 22339
5.88, 22339
5.89, 22339
5.9, 22339
5.91, 22339
5.92, 22339
5.93, 22339
5.94, 22339
5.95, 22339
5.96, 22339
5.97, 22339
5.98, 22339
5.99, 22339
6.0, 22339
6.01, 22339
6.02, 22339
6.03, 22339
6.04, 22339
6.05, 22339
6.06, 22339
6.07, 22339
6.08, 22339
6.09, 22339
6.1, 22339
6.11, 22339
6.12, 22339
6.13, 22339
6.14, 22339
6.15, 22339
6.16, 22339
6.17, 22339
6.18, 22339
6.19, 22339
6.2, 22339
6.21, 22339
6.22, 22339
6.23, 22339
6.24, 22339
6.25, 22339
6.26, 22339
6.27, 22339
6.28, 22339
6.29, 22339
6.3, 22339
6.31, 22339
6.32, 22339
6.33, 22339
6.34, 22339
6.35, 22339
6.36, 22339
6.37, 22339
6.38, 22339
6.39, 22339
6.4, 22339
6.41, 22339
6.42, 22339
6.43, 22339
6.44, 22339
6.45, 22339
6.46, 22339
6.47, 22339
6.48, 22339
6.49, 22339
6.5, 22339
6.51, 22339
6.52, 22339
6.53, 22339
6.54, 22339
6.55, 22339
6.56, 22339
6.57, 22339
6.58, 22339
6.59, 22339
6.6, 22339
6.61, 22339
6.62, 22339
6.63, 22339
6.64, 22339
6.65, 22339
6.66, 22339
6.67, 22339
6.68, 22339
6.69, 22339
6.7, 22339
6.71, 22339
6.72, 22339
6.73, 22339
6.74, 22339
6.75, 22339
6.76, 22339
6.77, 22339
6.78, 22339
6.79, 22339
6.8, 22339
6.81, 22339
6.82, 22339
6.83, 22339
6.84, 22339
6.85, 22339
6.86, 22339
6.87, 22339
6.88, 22339
6.89, 22339
6.9, 22339
6.91, 22339
6.92, 22018
6.93, 22018
6.94, 22018
6.95, 22018
6.96, 22018
6.97, 22018
6.98, 22018
6.99, 22018
7.0, 22018
7.01, 22018
7.02, 22018
7.03, 22018
7.04, 22018
7.05, 22018
7.06, 22018
7.07, 22018
7.08, 22018
7.09, 22018
7.1, 22018
7.11, 22018
7.12, 22018
7.13, 22018
7.14, 22018
7.15, 22018
7.16, 22018
7.17, 22018
7.18, 22018
7.19, 22018
7.2, 22018
7.21, 22018
7.22, 22018
7.23, 22018
7.24, 22018
7.25, 22018
7.26, 22018
7.27, 22018
7.28, 22018
7.29, 22018
7.3, 22018
7.31, 22018
7.32, 22018
7.33, 22018
7.34, 22018
7.35, 22018
7.36, 22018
7.37, 22018
7.38, 22018
7.39, 22018
7.4, 22018
7.41, 22018
7.42, 22018
7.43, 22018
7.44, 22018
7.45, 22018
7.46, 22018
7.47, 22018
7.48, 22018
7.49, 22018
7.5, 22018
7.51, 22018
7.52, 22018
7.53, 22018
7.54, 22018
7.55, 22018
7.56, 22018
7.57, 22018
7.58, 22018
7.59, 22018
7.6, 22018
7.61, 22018
7.62, 22018
7.63, 22018
7.64, 22018
7.65, 22018
7.66, 22018
7.67, 22018
7.68, 22018
7.69, 22018
7.7, 22018
7.71, 22018
7.72, 22018
7.73, 22018
7.74, 22018
7.75, 22018
7.76, 22018
7.77, 22018
7.78, 22018
7.79, 22018
7.8, 22018
7.81, 22018
7.82, 22018
7.83, 22018
7.84, 22018
7.85, 22018
7.86, 22018
7.87, 22018
7.88, 22018
7.89, 22018
7.9, 22018
7.91, 22018
7.92, 22018
7.93, 22018
7.94, 22018
7.95, 22018
7.96, 22018
7.97, 22018
7.98, 22018
7.99, 22018
8.0, 22018
8.01, 22018
8.02, 22018
8.03, 22018
8.04, 22018
8.05, 22018
8.06, 22018
8.07, 22018
8.08, 22018
8.09, 22018
8.1, 22018
8.11, 22018
8.12, 22018
8.13, 22018
8.14, 22018
8.15, 22018
8.16, 22018
8.17, 22018
8.18, 22018
8.19, 22018
8.2, 22018
8.21, 22018
8.22, 22018
8.23, 22018
8.24, 22018
8.25, 22018
8.26, 22018
8.27, 22018
8.28, 22018
8.29, 22018
8.3, 22018
8.31, 22018
8.32, 22018
8.33, 22018
8.34, 22018
8.35, 22018
8.36, 22018
8.37, 22018
8.38, 22018
8.39, 22018
8.4, 22018
8.41, 22018
8.42, 22018
8.43, 22018
8.44, 22018
8.45, 22018
8.46, 22018
8.47, 22018
8.48, 22018
8.49, 22018
8.5, 22018
8.51, 22018
8.52, 22018
8.53, 22018
8.54, 22018
8.55, 22018
8.56, 22018
8.57, 22018
8.58, 22018
8.59, 22018
8.6, 22018
8.61, 22018
8.62, 22018
8.63, 22018
8.64, 22018
8.65, 22018
8.66, 22018
8.67, 22018
8.68, 22018
8.69, 22018
8.7, 22018
8.71, 22018
8.72, 22018
8.73, 22018
8.74, 22018
8.75, 22018
8.76, 22018
8.77, 22018
8.78, 22018
8.79, 22018
8.8, 22018
8.81, 22018
8.82, 22018
8.83, 22018
8.84, 22018
8.85, 22018
8.86, 22018
8.87, 22018
8.88, 22018
8.89, 22018
8.9, 22018
8.91, 22018
8.92, 22018
8.93, 22018
8.94, 22018
8.95, 22018
8.96, 22018
8.97, 22018
8.98, 22018
8.99, 22018
9.0, 22018
9.01, 22018
9.02, 22018
9.03, 22018
9.04, 22018
9.05, 22018
9.06, 22018
9.07, 22018
9.08, 22018
9.09, 22018
9.1, 22018
9.11, 22018
9.12, 22018
9.13, 22018
9.14, 22018
9.15, 22018
9.16, 22018
9.17, 22018
9.18, 22018
9.19, 22018
9.2, 22018
9.21, 22018
9.22, 22018
9.23, 22018
9.24, 22018
9.25, 22018
9.26, 22018
9.27, 22018
9.28, 22018
9.29, 22018
9.3, 22018
9.31, 22018
9.32, 22018
9.33, 22018
9.34, 22018
9.35, 22018
9.36, 22018
9.37, 22018
9.38, 22018
9.39, 22018
9.4, 22018
9.41, 22018
9.42, 22018
9.43, 22018
9.44, 22018
9.45, 22018
9.46, 22018
9.47, 22018
9.48, 22018
9.49, 22018
9.5, 22018
9.51, 22018
9.52, 22018
9.53, 22018
9.54, 22018
9.55, 22018
9.56, 22018
9.57, 22018
9.58, 22018
9.59, 22018
9.6, 22018
9.61, 22018
9.62, 22018
9.63, 22018
9.64, 22018
9.65, 22018
9.66, 22018
9.67, 22018
9.68, 22018
9.69, 22018
9.7, 22018
9.71, 22018
9.72, 22018
9.73, 22018
9.74, 22018
9.75, 22018
9.76, 22018
9.77, 22018
9.78, 22018
9.79, 22018
9.8, 22018
9.81, 22018
9.82, 22018
9.83, 22018
9.84, 22018
9.85, 22018
9.86, 22018
9.87, 22018
9.88, 22018
9.89, 22018
9.9, 22018
9.91, 22018
9.92, 22018
9.93, 22018
9.94, 22018
9.95, 22018
9.96, 22018
9.97, 22018
9.98, 22018
9.99, 22018
10.0, 22018
10.01, 22018
10.02, 22018
10.03, 22018
10.04, 22018
10.05, 22018
10.06, 22018
10.07, 22018
10.08, 22018
10.09, 22018
10.1, 22018
10.11, 22018
10.12, 22018
10.13, 22018
10.14, 22018
10.15, 22018
10.16, 22018
10.17, 22018
10.18, 22018
10.19, 22018
10.2, 22018
10.21, 22018
10.22, 22018
10.23, 22018
10.24, 22018
10.25, 22018
10.26, 22018
10.27, 22018
10.28, 22018
10.29, 22018
10.3, 22018
10.31, 22018
10.32, 22018
10.33, 22018
10.34, 22018
10.35, 22018
10.36, 22018
10.37, 22018
10.38, 22018
10.39, 22018
10.4, 22018
10.41, 22018
10.42, 22018
10.43, 22018
10.44, 22018
10.45, 22018
10.46, 22018
10.47, 22018
10.48, 22018
10.49, 22018
10.5, 22018
10.51, 22018
10.52, 22018
10.53, 22018
10.54, 22018
10.55, 22018
10.56, 22018
10.57, 22018
10.58, 22018
10.59, 22018
10.6, 22018
10.61, 22018
10.62, 22018
10.63, 22018
10.64, 22018
10.65, 22018
10.66, 22018
10.67, 22018
10.68, 22018
10.69, 22018
10.7, 22018
10.71, 22018
10.72, 22018
10.73, 22018
10.74, 22018
10.75, 22018
10.76, 22018
10.77, 22018
10.78, 22018
10.79, 22018
10.8, 22018
10.81, 22018
10.82, 22018
10.83, 22018
10.84, 22018
10.85, 22018
10.86, 22018
10.87, 22018
10.88, 22018
10.89, 22018
10.9, 22018
10.91, 22018
10.92, 22018
10.93, 22018
10.94, 22018
10.95, 22018
10.96, 22018
10.97, 22018
10.98, 22018
10.99, 22018
11.0, 22018
11.01, 22018
11.02, 22018
11.03, 22018
11.04, 22018
11.05, 22018
11.06, 22018
11.07, 22018
11.08, 22018
11.09, 22018
11.1, 22018
11.11, 22018
11.12, 22018
11.13, 22018
11.14, 22018
11.15, 22018
11.16, 22018
11.17, 22018
11.18, 22018
11.19, 22018
11.2, 22018
11.21, 22018
11.22, 22018
11.23, 22018
11.24, 22018
11.25, 22018
11.26, 22018
11.27, 22018
11.28, 22018
11.29, 22018
11.3, 22018
11.31, 22018
11.32, 22018
11.33, 22018
11.34, 22018
11.35, 22018
11.36, 22018
11.37, 22018
11.38, 22018
11.39, 22018
11.4, 22018
11.41, 22018
11.42, 22018
11.43, 22018
11.44, 22018
11.45, 22018
11.46, 22018
11.47, 22018
11.48, 22018
11.49, 22018
11.5, 22018
11.51, 22018
11.52, 22018
11.53, 22018
11.54, 22018
11.55, 22018
11.56, 22018
11.57, 22018
11.58, 22018
11.59, 22018
11.6, 22018
11.61, 22018
11.62, 22018
11.63, 22018
11.64, 22018
11.65, 22018
11.66, 22018
11.67, 22018
11.68, 22018
11.69, 22018
11.7, 22018
11.71, 22018
11.72, 22018
11.73, 22018
11.74, 22018
11.75, 22018
11.76, 22018
11.77, 22018
11.78, 22018
11.79, 22018
11.8, 22018
11.81, 22018
11.82, 22018
11.83, 22018
11.84, 22018
11.85, 22018
11.86, 22018
11.87, 22018
11.88, 22018
11.89, 22018
11.9, 22018
11.91, 22018
11.92, 22018
11.93, 22018
11.94, 22018
11.95, 22018
11.96, 22018
11.97, 22018
11.98, 22018
11.99, 22018
12.0, 22018
12.01, 22018
12.02, 22018
12.03, 22018
12.04, 22018
12.05, 22018
12.06, 22018
12.07, 22018
12.08, 22018
12.09, 22018
12.1, 22018
12.11, 22018
12.12, 22018
12.13, 22018
12.14, 22018
12.15, 22018
12.16, 22018
12.17, 22018
12.18, 22018
12.19, 22018
12.2, 22018
12.21, 22018
12.22, 22018
12.23, 22018
12.24, 22018
12.25, 22018
12.26, 22018
12.27, 22018
12.28, 22018
12.29, 22018
12.3, 22018
12.31, 22018
12.32, 22018
12.33, 22018
12.34, 22018
12.35, 22018
12.36, 22018
12.37, 22018
12.38, 22018
12.39, 22018
12.4, 22018
12.41, 22018
12.42, 22018
12.43, 22018
12.44, 22018
12.45, 22018
12.46, 22018
12.47, 22018
12.48, 22018
12.49, 22018
12.5, 22018
12.51, 22018
12.52, 22018
12.53, 22018
12.54, 22018
12.55, 22018
12.56, 22018
12.57, 22018
12.58, 22018
12.59, 22018
12.6, 22018
12.61, 22018
12.62, 22018
12.63, 22018
12.64, 22018
12.65, 22018
12.66, 22018
12.67, 22018
12.68, 22018
12.69, 22018
12.7, 22018
12.71, 22018
12.72, 22018
12.73, 22018
12.74, 22018
12.75, 22018
12.76, 22018
12.77, 22018
12.78, 22018
12.79, 22018
12.8, 22018
12.81, 22018
12.82, 22018
12.83, 22018
12.84, 22018
12.85, 22018
12.86, 22018
12.87, 22018
12.88, 22018
12.89, 22018
12.9, 22018
12.91, 22018
12.92, 22018
12.93, 22018
12.94, 22018
12.95, 22018
12.96, 22018
12.97, 22018
12.98, 22018
12.99, 22018
13.0, 22018
13.01, 22018
13.02, 22018
13.03, 22018
13.04, 22018
13.05, 22018
13.06, 22018
13.07, 22018
13.08, 22018
13.09, 22018
13.1, 22018
13.11, 22018
13.12, 22018
13.13, 22018
13.14, 22018
13.15, 22018
13.16, 22018
13.17, 22018
13.18, 22018
13.19, 22018
13.2, 22018
13.21, 22018
13.22, 22018
13.23, 22018
13.24, 22018
13.25, 22018
13.26, 22018
13.27, 22018
13.28, 22018
13.29, 22018
13.3, 22018
13.31, 22018
13.32, 22018
13.33, 22018
13.34, 22018
13.35, 22018
13.36, 22018
13.37, 22018
13.38, 22018
13.39, 22018
13.4, 22018
13.41, 22018
13.42, 22018
13.43, 22018
13.44, 22018
13.45, 22018
13.46, 22018
13.47, 22018
13.48, 22018
13.49, 22018
13.5, 22018
13.51, 22018
13.52, 22018
13.53, 22018
13.54, 22018
13.55, 22018
13.56, 22018
13.57, 22018
13.58, 22018
13.59, 22018
13.6, 22018
13.61, 22018
13.62, 22018
13.63, 22018
13.64, 22018
13.65, 22018
13.66, 22018
13.67, 22018
13.68, 22018
13.69, 22018
13.7, 22018
13.71, 22018
13.72, 22018
13.73, 22018
13.74, 22018
13.75, 22018
13.76, 22018
13.77, 22018
13.78, 22018
13.79, 22018
13.8, 22018
13.81, 22018
13.82, 22018
13.83, 22018
13.84, 22018
13.85, 22018
13.86, 22018
13.87, 22018
13.88, 22018
13.89, 22018
13.9, 22018
13.91, 22018
13.92, 22018
13.93, 22018
13.94, 22018
13.95, 22018
13.96, 22018
13.97, 22018
13.98, 22018
13.99, 22018
14.0, 22018
14.01, 22018
14.02, 22018
14.03, 22018
14.04, 22018
14.05, 22018
14.06, 22018
14.07, 22018
14.08, 22018
14.09, 22018
14.1, 22018
14.11, 22018
14.12, 22018
14.13, 22018
14.14, 22018
14.15, 22018
14.16, 22018
14.17, 22018
14.18, 22018
14.19, 22018
14.2, 22018
14.21, 22018
14.22, 22018
14.23, 22018
14.24, 22018
14.25, 22018
14.26, 22018
14.27, 22018
14.28, 22018
14.29, 22018
14.3, 22018
14.31, 22018
14.32, 22018
14.33, 22018
14.34, 22018
14.35, 22018
14.36, 22018
14.37, 22018
14.38, 22018
14.39, 22018
14.4, 22018
14.41, 22018
14.42, 22018
14.43, 22018
14.44, 22018
14.45, 22018
14.46, 22018
14.47, 22018
14.48, 22018
14.49, 22018
14.5, 22018
14.51, 22018
14.52, 22018
14.53, 22018
14.54, 22018
14.55, 22018
14.56, 22018
14.57, 22018
14.58, 22018
14.59, 22018
14.6, 22018
14.61, 22018
14.62, 22018
14.63, 22018
14.64, 22018
14.65, 22018
14.66, 22018
14.67, 22018
14.68, 22018
14.69, 22018
14.7, 22018
14.71, 22018
14.72, 22018
14.73, 22018
14.74, 22018
14.75, 22018
14.76, 22018
14.77, 22018
14.78, 22018
14.79, 22018
14.8, 22018
14.81, 22018
14.82, 22018
14.83, 22018
14.84, 22018
14.85, 22018
14.86, 22018
14.87, 22018
14.88, 22018
14.89, 22018
14.9, 22018
14.91, 22018
14.92, 22018
14.93, 22018
14.94, 22018
14.95, 22018
14.96, 22018
14.97, 22018
14.98, 22018
14.99, 22018
15.0, 22018
15.01, 22018
15.02, 22018
15.03, 22018
15.04, 22018
15.05, 22018
15.06, 22018
15.07, 22018
15.08, 22018
15.09, 22018
15.1, 22018
15.11, 22018
15.12, 22018
15.13, 22018
15.14, 22018
15.15, 22018
15.16, 22018
15.17, 22018
15.18, 22018
15.19, 22018
15.2, 22018
15.21, 22018
15.22, 22018
15.23, 22018
15.24, 22018
15.25, 22018
15.26, 22018
15.27, 22018
15.28, 22018
15.29, 22018
15.3, 22018
15.31, 22018
15.32, 22018
15.33, 22018
15.34, 22018
15.35, 22018
15.36, 22018
15.37, 22018
15.38, 22018
15.39, 22018
15.4, 22018
15.41, 22018
15.42, 22018
15.43, 22018
15.44, 22018
15.45, 22018
15.46, 22018
15.47, 22018
15.48, 22018
15.49, 22018
15.5, 22018
15.51, 22018
15.52, 22018
15.53, 22018
15.54, 22018
15.55, 22018
15.56, 22018
15.57, 22018
15.58, 22018
15.59, 22018
15.6, 22018
15.61, 22018
15.62, 22018
15.63, 22018
15.64, 22018
15.65, 22018
15.66, 22018
15.67, 22018
15.68, 22018
15.69, 22018
15.7, 22018
15.71, 22018
15.72, 22018
15.73, 22018
15.74, 22018
15.75, 22018
15.76, 22018
15.77, 22018
15.78, 22018
15.79, 22018
15.8, 22018
15.81, 22018
15.82, 22018
15.83, 22018
15.84, 22018
15.85, 22018
15.86, 22018
15.87, 22018
15.88, 22018
15.89, 22018
15.9, 22018
15.91, 22018
15.92, 22018
15.93, 22018
15.94, 22018
15.95, 22018
15.96, 22018
15.97, 22018
15.98, 22018
15.99, 22018
16.0, 22018
16.01, 22018
16.02, 22018
16.03, 22018
16.04, 22018
16.05, 22018
16.06, 22018
16.07, 22018
16.08, 22018
16.09, 22018
16.1, 22018
16.11, 22018
16.12, 22018
16.13, 22018
16.14, 22018
16.15, 22018
16.16, 22018
16.17, 22018
16.18, 22018
16.19, 22018
16.2, 22018
16.21, 22018
16.22, 22018
16.23, 22018
16.24, 22018
16.25, 22018
16.26, 22018
16.27, 22018
16.28, 22018
16.29, 22018
16.3, 22018
16.31, 22018
16.32, 22018
16.33, 22018
16.34, 22018
16.35, 22018
16.36, 22018
16.37, 22018
16.38, 22018
16.39, 22018
16.4, 22018
16.41, 22018
16.42, 22018
16.43, 22018
16.44, 22018
16.45, 22018
16.46, 22018
16.47, 22018
16.48, 22018
16.49, 22018
16.5, 22018
16.51, 22018
16.52, 22018
16.53, 22018
16.54, 22018
16.55, 22018
16.56, 22018
16.57, 22018
16.58, 22018
16.59, 22018
16.6, 22018
16.61, 22018
16.62, 22018
16.63, 22018
16.64, 22018
16.65, 22018
16.66, 22018
16.67, 22018
16.68, 22018
16.69, 22018
16.7, 22018
16.71, 22018
16.72, 22018
16.73, 22018
16.74, 22018
16.75, 22018
16.76, 22018
16.77, 22018
16.78, 22018
16.79, 22018
16.8, 22018
16.81, 22018
16.82, 22018
16.83, 22018
16.84, 22018
16.85, 22018
16.86, 22018
16.87, 22018
16.88, 22018
16.89, 22018
16.9, 22018
16.91, 22018
16.92, 22018
16.93, 22018
16.94, 22018
16.95, 22018
16.96, 22018
16.97, 22018
16.98, 22018
16.99, 22018
17.0, 22018
17.01, 22018
17.02, 22018
17.03, 22018
17.04, 22018
17.05, 22018
17.06, 22018
17.07, 22018
17.08, 22018
17.09, 22018
17.1, 22018
17.11, 22018
17.12, 22018
17.13, 22018
17.14, 22018
17.15, 22018
17.16, 22018
17.17, 22018
17.18, 22018
17.19, 22018
17.2, 22018
17.21, 22018
17.22, 22018
17.23, 22018
17.24, 22018
17.25, 22018
17.26, 22018
17.27, 22018
17.28, 22018
17.29, 22018
17.3, 22018
17.31, 22018
17.32, 22018
17.33, 22018
17.34, 22018
17.35, 22018
17.36, 22018
17.37, 22018
17.38, 22018
17.39, 22018
17.4, 22018
17.41, 22018
17.42, 22018
17.43, 22018
17.44, 22018
17.45, 22018
17.46, 22018
17.47, 22018
17.48, 22018
17.49, 22018
17.5, 22018
17.51, 22018
17.52, 22018
17.53, 22018
17.54, 22018
17.55, 22018
17.56, 22018
17.57, 22018
17.58, 22018
17.59, 22018
17.6, 22018
17.61, 22018
17.62, 22018
17.63, 22018
17.64, 22018
17.65, 22018
17.66, 22018
17.67, 22018
17.68, 22018
17.69, 22018
17.7, 22018
17.71, 22018
17.72, 22018
17.73, 22018
17.74, 22018
17.75, 22018
17.76, 22018
17.77, 22018
17.78, 22018
17.79, 22018
17.8, 22018
17.81, 22018
17.82, 22018
17.83, 22018
17.84, 22018
17.85, 22018
17.86, 22018
17.87, 22018
17.88, 22018
17.89, 22018
17.9, 22018
17.91, 22018
17.92, 22018
17.93, 22018
17.94, 22018
17.95, 22018
17.96, 22018
17.97, 22018
17.98, 22018
17.99, 22018
18.0, 22018
18.01, 22018
18.02, 22018
18.03, 22018
18.04, 22018
18.05, 22018
18.06, 22018
18.07, 22018
18.08, 22018
18.09, 22018
18.1, 22018
18.11, 22018
18.12, 22018
18.13, 22018
18.14, 22018
18.15, 22018
18.16, 22018
18.17, 22018
18.18, 22018
18.19, 22018
18.2, 22018
18.21, 22018
18.22, 22018
18.23, 22018
18.24, 22018
18.25, 22018
18.26, 22018
18.27, 22018
18.28, 22018
18.29, 22018
18.3, 22018
18.31, 22018
18.32, 22018
18.33, 22018
18.34, 22018
18.35, 22018
18.36, 22018
18.37, 22018
18.38, 22018
18.39, 22018
18.4, 22018
18.41, 22018
18.42, 22018
18.43, 22018
18.44, 22018
18.45, 22018
18.46, 22018
18.47, 22018
18.48, 22018
18.49, 22018
18.5, 22018
18.51, 22018
18.52, 22018
18.53, 22018
18.54, 22018
18.55, 22018
18.56, 22018
18.57, 22018
18.58, 22018
18.59, 22018
18.6, 22018
18.61, 22018
18.62, 22018
18.63, 22018
18.64, 22018
18.65, 22018
18.66, 22018
18.67, 22018
18.68, 22018
18.69, 22018
18.7, 22018
18.71, 22018
18.72, 22018
18.73, 22018
18.74, 22018
18.75, 22018
18.76, 22018
18.77, 22018
18.78, 22018
18.79, 22018
18.8, 22018
18.81, 22018
18.82, 22018
18.83, 22018
18.84, 22018
18.85, 22018
18.86, 22018
18.87, 22018
18.88, 22018
18.89, 22018
18.9, 22018
18.91, 22018
18.92, 22018
18.93, 22018
18.94, 22018
18.95, 22018
18.96, 22018
18.97, 22018
18.98, 22018
18.99, 22018
19.0, 22018
19.01, 22018
19.02, 22018
19.03, 22018
19.04, 22018
19.05, 22018
19.06, 22018
19.07, 22018
19.08, 22018
19.09, 22018
19.1, 22018
19.11, 22018
19.12, 22018
19.13, 22018
19.14, 22018
19.15, 22018
19.16, 22018
19.17, 22018
19.18, 22018
19.19, 22018
19.2, 22018
19.21, 22018
19.22, 22018
19.23, 22018
19.24, 22018
19.25, 22018
19.26, 22018
19.27, 22018
19.28, 22018
19.29, 22018
19.3, 22018
19.31, 22018
19.32, 22018
19.33, 22018
19.34, 22018
19.35, 22018
19.36, 22018
19.37, 22018
19.38, 22018
19.39, 22018
19.4, 22018
19.41, 22018
19.42, 22018
19.43, 22018
19.44, 22018
19.45, 22018
19.46, 22018
19.47, 22018
19.48, 22018
19.49, 22018
19.5, 22018
19.51, 22018
19.52, 22018
19.53, 22018
19.54, 22018
19.55, 22018
19.56, 22018
19.57, 22018
19.58, 22018
19.59, 22018
19.6, 22018
19.61, 22018
19.62, 22018
19.63, 22018
19.64, 22018
19.65, 22018
19.66, 22018
19.67, 22018
19.68, 22018
19.69, 22018
19.7, 22018
19.71, 22018
19.72, 22018
19.73, 22018
19.74, 22018
19.75, 22018
19.76, 22018
19.77, 22018
19.78, 22018
19.79, 22018
19.8, 22018
19.81, 22018
19.82, 22018
19.83, 22018
19.84, 22018
19.85, 22018
19.86, 22018
19.87, 22018
19.88, 22018
19.89, 22018
19.9, 22018
19.91, 22018
19.92, 22018
19.93, 22018
19.94, 22018
19.95, 22018
19.96, 22018
19.97, 22018
19.98, 22018
19.99, 22018
20.0, 22018
20.01, 22018
20.02, 22018
20.03, 22018
20.04, 22018
20.05, 22018
20.06, 22018
20.07, 22018
20.08, 22018
20.09, 22018
20.1, 22018
20.11, 22018
20.12, 22018
20.13, 22018
20.14, 22018
20.15, 22018
20.16, 22018
20.17, 22018
20.18, 22018
20.19, 22018
20.2, 22018
20.21, 22018
20.22, 22018
20.23, 22018
20.24, 22018
20.25, 22018
20.26, 22018
20.27, 22018
20.28, 22018
20.29, 22018
20.3, 22018
20.31, 22018
20.32, 22018
20.33, 22018
20.34, 22018
20.35, 22018
20.36, 22018
20.37, 22018
20.38, 22018
20.39, 22018
20.4, 22018
20.41, 22018
20.42, 22018
20.43, 22018
20.44, 22018
20.45, 22018
20.46, 22018
20.47, 22018
20.48, 22018
20.49, 22018
20.5, 22018
20.51, 22018
20.52, 22018
20.53, 22018
20.54, 22018
20.55, 22018
20.56, 22018
20.57, 22018
20.58, 22018
20.59, 22018
20.6, 22018
20.61, 22018
20.62, 22018
20.63, 22018
20.64, 22018
20.65, 22018
20.66, 22018
20.67, 22018
20.68, 22018
20.69, 22018
20.7, 22018
20.71, 22018
20.72, 22018
20.73, 22018
20.74, 22018
20.75, 22018
20.76, 22018
20.77, 22018
20.78, 22018
20.79, 22018
20.8, 22018
20.81, 22018
20.82, 22018
20.83, 22018
20.84, 22018
20.85, 22018
20.86, 22018
20.87, 22018
20.88, 22018
20.89, 22018
20.9, 22018
20.91, 22018
20.92, 22018
20.93, 22018
20.94, 22018
20.95, 22018
20.96, 22018
20.97, 22018
20.98, 22018
20.99, 22018
21.0, 22018
21.01, 22018
21.02, 22018
21.03, 22018
21.04, 22018
21.05, 22018
21.06, 22018
21.07, 22018
21.08, 22018
21.09, 22018
21.1, 22018
21.11, 22018
21.12, 22018
21.13, 22018
21.14, 22018
21.15, 22018
21.16, 22018
21.17, 22018
21.18, 22018
21.19, 22018
21.2, 22018
21.21, 22018
21.22, 22018
21.23, 22018
21.24, 22018
21.25, 22018
21.26, 22018
21.27, 22018
21.28, 22018
21.29, 22018
21.3, 22018
21.31, 22018
21.32, 22018
21.33, 22018
21.34, 22018
21.35, 22018
21.36, 22018
21.37, 22018
21.38, 22018
21.39, 22018
21.4, 22018
21.41, 22018
21.42, 22018
21.43, 22018
21.44, 22018
21.45, 22018
21.46, 22018
21.47, 22018
21.48, 22018
21.49, 22018
21.5, 22018
21.51, 22018
21.52, 22018
21.53, 22018
21.54, 22018
21.55, 22018
21.56, 22018
21.57, 22018
21.58, 22018
21.59, 22018
21.6, 22018
21.61, 22018
21.62, 22018
21.63, 22018
21.64, 22018
21.65, 22018
21.66, 22018
21.67, 22018
21.68, 22018
21.69, 22018
21.7, 22018
21.71, 22018
21.72, 22018
21.73, 22018
21.74, 22018
21.75, 22018
21.76, 22018
21.77, 22018
21.78, 22018
21.79, 22018
21.8, 22018
21.81, 22018
21.82, 22018
21.83, 22018
21.84, 22018
21.85, 22018
21.86, 22018
21.87, 22018
21.88, 22018
21.89, 22018
21.9, 22018
21.91, 22018
21.92, 22018
21.93, 22018
21.94, 22018
21.95, 22018
21.96, 22018
21.97, 22018
21.98, 22018
21.99, 22018
22.0, 22018
22.01, 22018
22.02, 22018
22.03, 22018
22.04, 22018
22.05, 22018
22.06, 22018
22.07, 22018
22.08, 22018
22.09, 22018
22.1, 22018
22.11, 22018
22.12, 22018
22.13, 22018
22.14, 22018
22.15, 22018
22.16, 22018
22.17, 22018
22.18, 22018
22.19, 22018
22.2, 22018
22.21, 22018
22.22, 22018
22.23, 22018
22.24, 22018
22.25, 22018
22.26, 22018
22.27, 22018
22.28, 22018
22.29, 22018
22.3, 22018
22.31, 22018
22.32, 22018
22.33, 22018
22.34, 22018
22.35, 22018
22.36, 22018
22.37, 22018
22.38, 22018
22.39, 22018
22.4, 22018
22.41, 22018
22.42, 22018
22.43, 22018
22.44, 22018
22.45, 22018
22.46, 22018
22.47, 22018
22.48, 22018
22.49, 22018
22.5, 22018
22.51, 22018
22.52, 22018
22.53, 22018
22.54, 22018
22.55, 22018
22.56, 22018
22.57, 22018
22.58, 22018
22.59, 22018
22.6, 22018
22.61, 22018
22.62, 22018
22.63, 22018
22.64, 22018
22.65, 22018
22.66, 22018
22.67, 22018
22.68, 22018
22.69, 22018
22.7, 22018
22.71, 22018
22.72, 22018
22.73, 22018
22.74, 22018
22.75, 22018
22.76, 22018
22.77, 22018
22.78, 22018
22.79, 22018
22.8, 22018
22.81, 22018
22.82, 22018
22.83, 22018
22.84, 22018
22.85, 22018
22.86, 22018
22.87, 22018
22.88, 22018
22.89, 22018
22.9, 22018
22.91, 22018
22.92, 22018
22.93, 22018
22.94, 22018
22.95, 22018
22.96, 22018
22.97, 22018
22.98, 22018
22.99, 22018
23.0, 22018
23.01, 22018
23.02, 22018
23.03, 22018
23.04, 22018
23.05, 22018
23.06, 22018
23.07, 22018
23.08, 22018
23.09, 22018
23.1, 22018
23.11, 22018
23.12, 22018
23.13, 22018
23.14, 22018
23.15, 22018
23.16, 22018
23.17, 22018
23.18, 22018
23.19, 22018
23.2, 22018
23.21, 22018
23.22, 22018
23.23, 22018
23.24, 22018
23.25, 22018
23.26, 22018
23.27, 22018
23.28, 22018
23.29, 22018
23.3, 22018
23.31, 22018
23.32, 22018
23.33, 22018
23.34, 22018
23.35, 22018
23.36, 22018
23.37, 22018
23.38, 22018
23.39, 22018
23.4, 22018
23.41, 22018
23.42, 22018
23.43, 22018
23.44, 22018
23.45, 22018
23.46, 22018
23.47, 22018
23.48, 22018
23.49, 22018
23.5, 22018
23.51, 22018
23.52, 22018
23.53, 22018
23.54, 22018
23.55, 22018
23.56, 22018
23.57, 22018
23.58, 22018
23.59, 22018
23.6, 22018
23.61, 22018
23.62, 22018
23.63, 22018
23.64, 22018
23.65, 22018
23.66, 22018
23.67, 22018
23.68, 22018
23.69, 22018
23.7, 22018
23.71, 22018
23.72, 22018
23.73, 22018
23.74, 22018
23.75, 22018
23.76, 22018
23.77, 22018
23.78, 22018
23.79, 22018
23.8, 22018
23.81, 22018
23.82, 22018
23.83, 22018
23.84, 22018
23.85, 22018
23.86, 22018
23.87, 22018
23.88, 22018
23.89, 22018
23.9, 22018
23.91, 22018
23.92, 22018
23.93, 22018
23.94, 22018
23.95, 22018
23.96, 22018
23.97, 22018
23.98, 22018
23.99, 22018
24.0, 22018
24.01, 22018
24.02, 22018
24.03, 22018
24.04, 22018
24.05, 22018
24.06, 22018
24.07, 22018
24.08, 22018
24.09, 22018
24.1, 22018
24.11, 22018
24.12, 22018
24.13, 22018
24.14, 22018
24.15, 22018
24.16, 22018
24.17, 22018
24.18, 22018
24.19, 22018
24.2, 22018
24.21, 22018
24.22, 22018
24.23, 22018
24.24, 22018
24.25, 22018
24.26, 22018
24.27, 22018
24.28, 22018
24.29, 22018
24.3, 22018
24.31, 22018
24.32, 22018
24.33, 22018
24.34, 22018
24.35, 22018
24.36, 22018
24.37, 22018
24.38, 22018
24.39, 22018
24.4, 22018
24.41, 22018
24.42, 22018
24.43, 22018
24.44, 22018
24.45, 22018
24.46, 22018
24.47, 22018
24.48, 22018
24.49, 22018
24.5, 22018
24.51, 22018
24.52, 22018
24.53, 22018
24.54, 22018
24.55, 22018
24.56, 22018
24.57, 22018
24.58, 22018
24.59, 22018
24.6, 22018
24.61, 22018
24.62, 22018
24.63, 22018
24.64, 22018
24.65, 22018
24.66, 22018
24.67, 22018
24.68, 22018
24.69, 22018
24.7, 22018
24.71, 22018
24.72, 22018
24.73, 22018
24.74, 22018
24.75, 22018
24.76, 22018
24.77, 22018
24.78, 22018
24.79, 22018
24.8, 22018
24.81, 22018
24.82, 22018
24.83, 22018
24.84, 22018
24.85, 22018
24.86, 22018
24.87, 22018
24.88, 22018
24.89, 22018
24.9, 22018
24.91, 22018
24.92, 22018
24.93, 22018
24.94, 22018
24.95, 22018
24.96, 22018
24.97, 22018
24.98, 22018
24.99, 22018
25.0, 22018
25.01, 22018
25.02, 22018
25.03, 22018
25.04, 22018
25.05, 22018
25.06, 22018
25.07, 22018
25.08, 22018
25.09, 22018
25.1, 22018
25.11, 22018
25.12, 22018
25.13, 22018
25.14, 22018
25.15, 22018
25.16, 22018
25.17, 22018
25.18, 22018
25.19, 22018
25.2, 22018
25.21, 22018
25.22, 22018
25.23, 22018
25.24, 22018
25.25, 22018
25.26, 22018
25.27, 22018
25.28, 22018
25.29, 22018
25.3, 22018
25.31, 22018
25.32, 22018
25.33, 22018
25.34, 22018
25.35, 22018
25.36, 22018
25.37, 22018
25.38, 22018
25.39, 22018
25.4, 22018
25.41, 22018
25.42, 22018
25.43, 22018
25.44, 22018
25.45, 22018
25.46, 22018
25.47, 22018
25.48, 22018
25.49, 22018
25.5, 22018
25.51, 22018
25.52, 22018
25.53, 22018
25.54, 22018
25.55, 22018
25.56, 22018
25.57, 22018
25.58, 22018
25.59, 22018
25.6, 22018
25.61, 22018
25.62, 22018
25.63, 22018
25.64, 22018
25.65, 22018
25.66, 22018
25.67, 22018
25.68, 22018
25.69, 22018
25.7, 22018
25.71, 22018
25.72, 22018
25.73, 22018
25.74, 22018
25.75, 22018
25.76, 22018
25.77, 22018
25.78, 22018
25.79, 22018
25.8, 22018
25.81, 22018
25.82, 22018
25.83, 22018
25.84, 22018
25.85, 22018
25.86, 22018
25.87, 22018
25.88, 22018
25.89, 22018
25.9, 22018
25.91, 22018
25.92, 22018
25.93, 22018
25.94, 22018
25.95, 22018
25.96, 22018
25.97, 22018
25.98, 22018
25.99, 22018
26.0, 22018
26.01, 22018
26.02, 22018
26.03, 22018
26.04, 22018
26.05, 22018
26.06, 22018
26.07, 22018
26.08, 22018
26.09, 22018
26.1, 22018
26.11, 22018
26.12, 22018
26.13, 22018
26.14, 22018
26.15, 22018
26.16, 22018
26.17, 22018
26.18, 22018
26.19, 22018
26.2, 22018
26.21, 22018
26.22, 22018
26.23, 22018
26.24, 22018
26.25, 22018
26.26, 22018
26.27, 22018
26.28, 22018
26.29, 22018
26.3, 22018
26.31, 22018
26.32, 22018
26.33, 22018
26.34, 22018
26.35, 22018
26.36, 22018
26.37, 22018
26.38, 22018
26.39, 22018
26.4, 22018
26.41, 22018
26.42, 22018
26.43, 22018
26.44, 22018
26.45, 22018
26.46, 22018
26.47, 22018
26.48, 22018
26.49, 22018
26.5, 22018
26.51, 22018
26.52, 22018
26.53, 22018
26.54, 22018
26.55, 22018
26.56, 22018
26.57, 22018
26.58, 22018
26.59, 22018
26.6, 22018
26.61, 22018
26.62, 22018
26.63, 22018
26.64, 22018
26.65, 22018
26.66, 22018
26.67, 22018
26.68, 22018
26.69, 22018
26.7, 22018
26.71, 22018
26.72, 22018
26.73, 22018
26.74, 22018
26.75, 22018
26.76, 22018
26.77, 22018
26.78, 22018
26.79, 22018
26.8, 22018
26.81, 22018
26.82, 22018
26.83, 22018
26.84, 22018
26.85, 22018
26.86, 22018
26.87, 22018
26.88, 22018
26.89, 22018
26.9, 22018
26.91, 22018
26.92, 22018
26.93, 22018
26.94, 22018
26.95, 22018
26.96, 22018
26.97, 22018
26.98, 22018
26.99, 22018
27.0, 22018
27.01, 22018
27.02, 22018
27.03, 22018
27.04, 22018
27.05, 22018
27.06, 22018
27.07, 22018
27.08, 22018
27.09, 22018
27.1, 22018
27.11, 22018
27.12, 22018
27.13, 22018
27.14, 22018
27.15, 22018
27.16, 22018
27.17, 22018
27.18, 22018
27.19, 22018
27.2, 22018
27.21, 22018
27.22, 22018
27.23, 22018
27.24, 22018
27.25, 22018
27.26, 22018
27.27, 22018
27.28, 22018
27.29, 22018
27.3, 22018
27.31, 22018
27.32, 22018
27.33, 22018
27.34, 22018
27.35, 22018
27.36, 22018
27.37, 22018
27.38, 22018
27.39, 22018
27.4, 22018
27.41, 22018
27.42, 22018
27.43, 22018
27.44, 22018
27.45, 22018
27.46, 22018
27.47, 22018
27.48, 22018
27.49, 22018
27.5, 22018
27.51, 22018
27.52, 22018
27.53, 22018
27.54, 22018
27.55, 22018
27.56, 22018
27.57, 22018
27.58, 22018
27.59, 22018
27.6, 22018
27.61, 22018
27.62, 22018
27.63, 22018
27.64, 22018
27.65, 22018
27.66, 22018
27.67, 22018
27.68, 22018
27.69, 22018
27.7, 22018
27.71, 22018
27.72, 22018
27.73, 22018
27.74, 22018
27.75, 22018
27.76, 22018
27.77, 22018
27.78, 22018
27.79, 22018
27.8, 22018
27.81, 22018
27.82, 22018
27.83, 22018
27.84, 22018
27.85, 22018
27.86, 22018
27.87, 22018
27.88, 22018
27.89, 22018
27.9, 22018
27.91, 22018
27.92, 22018
27.93, 22018
27.94, 22018
27.95, 22018
27.96, 22018
27.97, 22018
27.98, 22018
27.99, 22018
28.0, 22018
28.01, 22018
28.02, 22018
28.03, 22018
28.04, 22018
28.05, 22018
28.06, 22018
28.07, 22018
28.08, 22018
28.09, 22018
28.1, 22018
28.11, 22018
28.12, 22018
28.13, 22018
28.14, 22018
28.15, 22018
28.16, 22018
28.17, 22018
28.18, 22018
28.19, 22018
28.2, 22018
28.21, 22018
28.22, 22018
28.23, 22018
28.24, 22018
28.25, 22018
28.26, 22018
28.27, 22018
28.28, 22018
28.29, 22018
28.3, 22018
28.31, 22018
28.32, 22018
28.33, 22018
28.34, 22018
28.35, 22018
28.36, 22018
28.37, 22018
28.38, 22018
28.39, 22018
28.4, 22018
28.41, 22018
28.42, 22018
28.43, 22018
28.44, 22018
28.45, 22018
28.46, 22018
28.47, 22018
28.48, 22018
28.49, 22018
28.5, 22018
28.51, 22018
28.52, 22018
28.53, 22018
28.54, 22018
28.55, 22018
28.56, 22018
28.57, 22018
28.58, 22018
28.59, 22018
28.6, 22018
28.61, 22018
28.62, 22018
28.63, 22018
28.64, 22018
28.65, 22018
28.66, 22018
28.67, 22018
28.68, 22018
28.69, 22018
28.7, 22018
28.71, 22018
28.72, 22018
28.73, 22018
28.74, 22018
28.75, 22018
28.76, 22018
28.77, 22018
28.78, 22018
28.79, 22018
28.8, 22018
28.81, 22018
28.82, 22018
28.83, 22018
28.84, 22018
28.85, 22018
28.86, 22018
28.87, 22018
28.88, 22018
28.89, 22018
28.9, 22018
28.91, 22018
28.92, 22018
28.93, 22018
28.94, 22018
28.95, 22018
28.96, 22018
28.97, 22018
28.98, 22018
28.99, 22018
29.0, 22018
29.01, 22018
29.02, 22018
29.03, 22018
29.04, 22018
29.05, 22018
29.06, 22018
29.07, 22018
29.08, 22018
29.09, 22018
29.1, 22018
29.11, 22018
29.12, 22018
29.13, 22018
29.14, 22018
29.15, 22018
29.16, 22018
29.17, 22018
29.18, 22018
29.19, 22018
29.2, 22018
29.21, 22018
29.22, 22018
29.23, 22018
29.24, 22018
29.25, 22018
29.26, 22018
29.27, 22018
29.28, 22018
29.29, 22018
29.3, 22018
29.31, 22018
29.32, 22018
29.33, 22018
29.34, 22018
29.35, 22018
29.36, 22018
29.37, 22018
29.38, 22018
29.39, 22018
29.4, 22018
29.41, 22018
29.42, 22018
29.43, 22018
29.44, 22018
29.45, 22018
29.46, 22018
29.47, 22018
29.48, 22018
29.49, 22018
29.5, 22018
29.51, 22018
29.52, 22018
29.53, 22018
29.54, 22018
29.55, 22018
29.56, 22018
29.57, 22018
29.58, 22018
29.59, 22018
29.6, 22018
29.61, 22018
29.62, 22018
29.63, 22018
29.64, 22018
29.65, 22018
29.66, 22018
29.67, 22018
29.68, 22018
29.69, 22018
29.7, 22018
29.71, 22018
29.72, 22018
29.73, 22018
29.74, 22018
29.75, 22018
29.76, 22018
29.77, 22018
29.78, 22018
29.79, 22018
29.8, 22018
29.81, 22018
29.82, 22018
29.83, 22018
29.84, 22018
29.85, 22018
29.86, 22018
29.87, 22018
29.88, 22018
29.89, 22018
29.9, 22018
29.91, 22018
29.92, 22018
29.93, 22018
29.94, 22018
29.95, 22018
29.96, 22018
29.97, 22018
29.98, 22018
29.99, 22018
30.0, 22018
30.01, 22018
30.02, 22018
30.03, 22018
30.04, 22018
30.05, 22018
30.06, 22018
30.07, 22018
30.08, 22018
30.09, 22018
30.1, 22018
30.11, 22018
30.12, 22018
30.13, 22018
30.14, 22018
30.15, 22018
30.16, 22018
30.17, 22018
30.18, 22018
30.19, 22018
30.2, 22018
30.21, 22018
30.22, 22018
30.23, 22018
30.24, 22018
30.25, 22018
30.26, 22018
30.27, 22018
30.28, 22018
30.29, 22018
30.3, 22018
30.31, 22018
30.32, 22018
30.33, 22018
30.34, 22018
30.35, 22018
30.36, 22018
30.37, 22018
30.38, 22018
30.39, 22018
30.4, 22018
30.41, 22018
30.42, 22018
30.43, 22018
30.44, 22018
30.45, 22018
30.46, 22018
30.47, 22018
30.48, 22018
30.49, 22018
30.5, 22018
30.51, 22018
30.52, 22018
30.53, 22018
30.54, 22018
30.55, 22018
30.56, 22018
30.57, 22018
30.58, 22018
30.59, 22018
30.6, 22018
30.61, 22018
30.62, 22018
30.63, 22018
30.64, 22018
30.65, 22018
30.66, 22018
30.67, 22018
30.68, 22018
30.69, 22018
30.7, 22018
30.71, 22018
30.72, 22018
30.73, 22018
30.74, 22018
30.75, 22018
30.76, 22018
30.77, 22018
30.78, 22018
30.79, 22018
30.8, 22018
30.81, 22018
30.82, 22018
30.83, 22018
30.84, 22018
30.85, 22018
30.86, 22018
30.87, 22018
30.88, 22018
30.89, 22018
30.9, 22018
30.91, 22018
30.92, 22018
30.93, 22018
30.94, 22018
30.95, 22018
30.96, 22018
30.97, 22018
30.98, 22018
30.99, 22018
31.0, 22018
31.01, 22018
31.02, 22018
31.03, 22018
31.04, 22018
31.05, 22018
31.06, 22018
31.07, 22018
31.08, 22018
31.09, 22018
31.1, 22018
31.11, 22018
31.12, 22018
31.13, 22018
31.14, 22018
31.15, 22018
31.16, 22018
31.17, 22018
31.18, 22018
31.19, 22018
31.2, 22018
31.21, 22018
31.22, 22018
31.23, 22018
31.24, 22018
31.25, 22018
31.26, 22018
31.27, 22018
31.28, 22018
31.29, 22018
31.3, 22018
31.31, 22018
31.32, 22018
31.33, 22018
31.34, 22018
31.35, 22018
31.36, 22018
31.37, 22018
31.38, 22018
31.39, 22018
31.4, 22018
31.41, 22018
31.42, 22018
31.43, 22018
31.44, 22018
31.45, 22018
31.46, 22018
31.47, 22018
31.48, 22018
31.49, 22018
31.5, 22018
31.51, 22018
31.52, 22018
31.53, 22018
31.54, 22018
31.55, 22018
31.56, 22018
31.57, 22018
31.58, 22018
31.59, 22018
31.6, 22018
31.61, 22018
31.62, 22018
31.63, 22018
31.64, 22018
31.65, 22018
31.66, 22018
31.67, 22018
31.68, 22018
31.69, 22018
31.7, 22018
31.71, 22018
31.72, 22018
31.73, 22018
31.74, 22018
31.75, 22018
31.76, 22018
31.77, 22018
31.78, 22018
31.79, 22018
31.8, 22018
31.81, 22018
31.82, 22018
31.83, 22018
31.84, 22018
31.85, 22018
31.86, 22018
31.87, 22018
31.88, 22018
31.89, 22018
31.9, 22018
31.91, 22018
31.92, 22018
31.93, 22018
31.94, 22018
31.95, 22018
31.96, 22018
31.97, 22018
31.98, 22018
31.99, 22018
32.0, 22018
32.01, 22018
32.02, 22018
32.03, 22018
32.04, 22018
32.05, 22018
32.06, 22018
32.07, 22018
32.08, 22018
32.09, 22018
32.1, 22018
32.11, 22018
32.12, 22018
32.13, 22018
32.14, 22018
32.15, 22018
32.16, 22018
32.17, 22018
32.18, 22018
32.19, 22018
32.2, 22018
32.21, 22018
32.22, 22018
32.23, 22018
32.24, 22018
32.25, 22018
32.26, 22018
32.27, 22018
32.28, 22018
32.29, 22018
32.3, 22018
32.31, 22018
32.32, 22018
32.33, 22018
32.34, 22018
32.35, 22018
32.36, 22018
32.37, 22018
32.38, 22018
32.39, 22018
32.4, 22018
32.41, 22018
32.42, 22018
32.43, 22018
32.44, 22018
32.45, 22018
32.46, 22018
32.47, 22018
32.48, 22018
32.49, 22018
32.5, 22018
32.51, 22018
32.52, 22018
32.53, 22018
32.54, 22018
32.55, 22018
32.56, 22018
32.57, 22018
32.58, 22018
32.59, 22018
32.6, 22018
32.61, 22018
32.62, 22018
32.63, 22018
32.64, 22018
32.65, 22018
32.66, 22018
32.67, 22018
32.68, 22018
32.69, 22018
32.7, 22018
32.71, 22018
32.72, 22018
32.73, 22018
32.74, 22018
32.75, 22018
32.76, 22018
32.77, 22018
32.78, 22018
32.79, 22018
32.8, 22018
32.81, 22018
32.82, 22018
32.83, 22018
32.84, 22018
32.85, 22018
32.86, 22018
32.87, 22018
32.88, 22018
32.89, 22018
32.9, 22018
32.91, 22018
32.92, 22018
32.93, 22018
32.94, 22018
32.95, 22018
32.96, 22018
32.97, 22018
32.98, 22018
32.99, 22018
33.0, 22018
33.01, 22018
33.02, 22018
33.03, 22018
33.04, 22018
33.05, 22018
33.06, 22018
33.07, 22018
33.08, 22018
33.09, 22018
33.1, 22018
33.11, 22018
33.12, 22018
33.13, 22018
33.14, 22018
33.15, 22018
33.16, 22018
33.17, 22018
33.18, 22018
33.19, 22018
33.2, 22018
33.21, 22018
33.22, 22018
33.23, 22018
33.24, 22018
33.25, 22018
33.26, 22018
33.27, 22018
33.28, 22018
33.29, 22018
33.3, 22018
33.31, 22018
33.32, 22018
33.33, 22018
33.34, 22018
33.35, 22018
33.36, 22018
33.37, 22018
33.38, 22018
33.39, 22018
33.4, 22018
33.41, 22018
33.42, 22018
33.43, 22018
33.44, 22018
33.45, 22018
33.46, 22018
33.47, 22018
33.48, 22018
33.49, 22018
33.5, 22018
33.51, 22018
33.52, 22018
33.53, 22018
33.54, 22018
33.55, 22018
33.56, 22018
33.57, 22018
33.58, 22018
33.59, 22018
33.6, 22018
33.61, 22018
33.62, 22018
33.63, 22018
33.64, 22018
33.65, 22018
33.66, 22018
33.67, 22018
33.68, 22018
33.69, 22018
33.7, 22018
33.71, 22018
33.72, 22018
33.73, 22018
33.74, 22018
33.75, 22018
33.76, 22018
33.77, 22018
33.78, 22018
33.79, 22018
33.8, 22018
33.81, 22018
33.82, 22018
33.83, 22018
33.84, 22018
33.85, 22018
33.86, 22018
33.87, 22018
33.88, 22018
33.89, 22018
33.9, 22018
33.91, 22018
33.92, 22018
33.93, 22018
33.94, 22018
33.95, 22018
33.96, 22018
33.97, 22018
33.98, 22018
33.99, 22018
34.0, 22018
34.01, 22018
34.02, 22018
34.03, 22018
34.04, 22018
34.05, 22018
34.06, 22018
34.07, 22018
34.08, 22018
34.09, 22018
34.1, 22018
34.11, 22018
34.12, 22018
34.13, 22018
34.14, 22018
34.15, 22018
34.16, 22018
34.17, 22018
34.18, 22018
34.19, 22018
34.2, 22018
34.21, 22018
34.22, 22018
34.23, 22018
34.24, 22018
34.25, 22018
34.26, 22018
34.27, 22018
34.28, 22018
34.29, 22018
34.3, 22018
34.31, 22018
34.32, 22018
34.33, 22018
34.34, 22018
34.35, 22018
34.36, 22018
34.37, 22018
34.38, 22018
34.39, 22018
34.4, 22018
34.41, 22018
34.42, 22018
34.43, 22018
34.44, 22018
34.45, 22018
34.46, 22018
34.47, 22018
34.48, 22018
34.49, 22018
34.5, 22018
34.51, 22018
34.52, 22018
34.53, 22018
34.54, 22018
34.55, 22018
34.56, 22018
34.57, 22018
34.58, 22018
34.59, 22018
34.6, 22018
34.61, 22018
34.62, 22018
34.63, 22018
34.64, 22018
34.65, 22018
34.66, 22018
34.67, 22018
34.68, 22018
34.69, 22018
34.7, 22018
34.71, 22018
34.72, 22018
34.73, 22018
34.74, 22018
34.75, 22018
34.76, 22018
34.77, 22018
34.78, 22018
34.79, 22018
34.8, 22018
34.81, 22018
34.82, 22018
34.83, 22018
34.84, 22018
34.85, 22018
34.86, 22018
34.87, 22018
34.88, 22018
34.89, 22018
34.9, 22018
34.91, 22018
34.92, 22018
34.93, 22018
34.94, 22018
34.95, 22018
34.96, 22018
34.97, 22018
34.98, 22018
34.99, 22018
35.0, 22018
35.01, 22018
35.02, 22018
35.03, 22018
35.04, 22018
35.05, 22018
35.06, 22018
35.07, 22018
35.08, 22018
35.09, 22018
35.1, 22018
35.11, 22018
35.12, 22018
35.13, 22018
35.14, 22018
35.15, 22018
35.16, 22018
35.17, 22018
35.18, 22018
35.19, 22018
35.2, 22018
35.21, 22018
35.22, 22018
35.23, 22018
35.24, 22018
35.25, 22018
35.26, 22018
35.27, 22018
35.28, 22018
35.29, 22018
35.3, 22018
35.31, 22018
35.32, 22018
35.33, 22018
35.34, 22018
35.35, 22018
35.36, 22018
35.37, 22018
35.38, 22018
35.39, 22018
35.4, 22018
35.41, 22018
35.42, 22018
35.43, 22018
35.44, 22018
35.45, 22018
35.46, 22018
35.47, 22018
35.48, 22018
35.49, 22018
35.5, 22018
35.51, 22018
35.52, 22018
35.53, 22018
35.54, 22018
35.55, 22018
35.56, 22018
35.57, 22018
35.58, 22018
35.59, 22018
35.6, 22018
35.61, 22018
35.62, 22018
35.63, 22018
35.64, 22018
35.65, 22018
35.66, 22018
35.67, 22018
35.68, 22018
35.69, 22018
35.7, 22018
35.71, 22018
35.72, 22018
35.73, 22018
35.74, 22018
35.75, 22018
35.76, 22018
35.77, 22018
35.78, 22018
35.79, 22018
35.8, 22018
35.81, 22018
35.82, 22018
35.83, 22018
35.84, 22018
35.85, 22018
35.86, 22018
35.87, 22018
35.88, 22018
35.89, 22018
35.9, 22018
35.91, 22018
35.92, 22018
35.93, 22018
35.94, 22018
35.95, 22018
35.96, 22018
35.97, 22018
35.98, 22018
35.99, 22018
36.0, 22018
36.01, 22018
36.02, 22018
36.03, 22018
36.04, 22018
36.05, 22018
36.06, 22018
36.07, 22018
36.08, 22018
36.09, 22018
36.1, 22018
36.11, 22018
36.12, 22018
36.13, 22018
36.14, 22018
36.15, 22018
36.16, 22018
36.17, 22018
36.18, 22018
36.19, 22018
36.2, 22018
36.21, 22018
36.22, 22018
36.23, 22018
36.24, 22018
36.25, 22018
36.26, 22018
36.27, 22018
36.28, 22018
36.29, 22018
36.3, 22018
36.31, 22018
36.32, 22018
36.33, 22018
36.34, 22018
36.35, 22018
36.36, 22018
36.37, 22018
36.38, 22018
36.39, 22018
36.4, 22018
36.41, 22018
36.42, 22018
36.43, 22018
36.44, 22018
36.45, 22018
36.46, 22018
36.47, 22018
36.48, 22018
36.49, 22018
36.5, 22018
36.51, 22018
36.52, 22018
36.53, 22018
36.54, 22018
36.55, 22018
36.56, 22018
36.57, 22018
36.58, 22018
36.59, 22018
36.6, 22018
36.61, 22018
36.62, 22018
36.63, 22018
36.64, 22018
36.65, 22018
36.66, 22018
36.67, 22018
36.68, 22018
36.69, 22018
36.7, 22018
36.71, 22018
36.72, 22018
36.73, 22018
36.74, 22018
36.75, 22018
36.76, 22018
36.77, 22018
36.78, 22018
36.79, 22018
36.8, 22018
36.81, 22018
36.82, 22018
36.83, 22018
36.84, 22018
36.85, 22018
36.86, 22018
36.87, 22018
36.88, 22018
36.89, 22018
36.9, 22018
36.91, 22018
36.92, 22018
36.93, 22018
36.94, 22018
36.95, 22018
36.96, 22018
36.97, 22018
36.98, 22018
36.99, 22018
37.0, 22018
37.01, 22018
37.02, 22018
37.03, 22018
37.04, 22018
37.05, 22018
37.06, 22018
37.07, 22018
37.08, 22018
37.09, 22018
37.1, 22018
37.11, 22018
37.12, 22018
37.13, 22018
37.14, 22018
37.15, 22018
37.16, 22018
37.17, 22018
37.18, 22018
37.19, 22018
37.2, 22018
37.21, 22018
37.22, 22018
37.23, 22018
37.24, 22018
37.25, 22018
37.26, 22018
37.27, 22018
37.28, 22018
37.29, 22018
37.3, 22018
37.31, 22018
37.32, 22018
37.33, 22018
37.34, 22018
37.35, 22018
37.36, 22018
37.37, 22018
37.38, 22018
37.39, 22018
37.4, 22018
37.41, 22018
37.42, 22018
37.43, 22018
37.44, 22018
37.45, 22018
37.46, 22018
37.47, 22018
37.48, 22018
37.49, 22018
37.5, 22018
37.51, 22018
37.52, 22018
37.53, 22018
37.54, 22018
37.55, 22018
37.56, 22018
37.57, 22018
37.58, 22018
37.59, 22018
37.6, 22018
37.61, 22018
37.62, 22018
37.63, 22018
37.64, 22018
37.65, 22018
37.66, 22018
37.67, 22018
37.68, 22018
37.69, 22018
37.7, 22018
37.71, 22018
37.72, 22018
37.73, 22018
37.74, 22018
37.75, 22018
37.76, 22018
37.77, 22018
37.78, 22018
37.79, 22018
37.8, 22018
37.81, 22018
37.82, 22018
37.83, 22018
37.84, 22018
37.85, 22018
37.86, 22018
37.87, 22018
37.88, 22018
37.89, 22018
37.9, 22018
37.91, 22018
37.92, 22018
37.93, 22018
37.94, 22018
37.95, 22018
37.96, 22018
37.97, 22018
37.98, 22018
37.99, 22018
38.0, 22018
38.01, 22018
38.02, 22018
38.03, 22018
38.04, 22018
38.05, 22018
38.06, 22018
38.07, 22018
38.08, 22018
38.09, 22018
38.1, 22018
38.11, 22018
38.12, 22018
38.13, 22018
38.14, 22018
38.15, 22018
38.16, 22018
38.17, 22018
38.18, 22018
38.19, 22018
38.2, 22018
38.21, 22018
38.22, 22018
38.23, 22018
38.24, 22018
38.25, 22018
38.26, 22018
38.27, 22018
38.28, 22018
38.29, 22018
38.3, 22018
38.31, 22018
38.32, 22018
38.33, 22018
38.34, 22018
38.35, 22018
38.36, 22018
38.37, 22018
38.38, 22018
38.39, 22018
38.4, 22018
38.41, 22018
38.42, 22018
38.43, 22018
38.44, 22018
38.45, 22018
38.46, 22018
38.47, 22018
38.48, 22018
38.49, 22018
38.5, 22018
38.51, 22018
38.52, 22018
38.53, 22018
38.54, 22018
38.55, 22018
38.56, 22018
38.57, 22018
38.58, 22018
38.59, 22018
38.6, 22018
38.61, 22018
38.62, 22018
38.63, 22018
38.64, 22018
38.65, 22018
38.66, 22018
38.67, 22018
38.68, 22018
38.69, 22018
38.7, 22018
38.71, 22018
38.72, 22018
38.73, 22018
38.74, 22018
38.75, 22018
38.76, 22018
38.77, 22018
38.78, 22018
38.79, 22018
38.8, 22018
38.81, 22018
38.82, 22018
38.83, 22018
38.84, 22018
38.85, 22018
38.86, 22018
38.87, 22018
38.88, 22018
38.89, 22018
38.9, 22018
38.91, 22018
38.92, 22018
38.93, 22018
38.94, 22018
38.95, 22018
38.96, 22018
38.97, 22018
38.98, 22018
38.99, 22018
39.0, 22018
39.01, 22018
39.02, 22018
39.03, 22018
39.04, 22018
39.05, 22018
39.06, 22018
39.07, 22018
39.08, 22018
39.09, 22018
39.1, 22018
39.11, 22018
39.12, 22018
39.13, 22018
39.14, 22018
39.15, 22018
39.16, 22018
39.17, 22018
39.18, 22018
39.19, 22018
39.2, 22018
39.21, 22018
39.22, 22018
39.23, 22018
39.24, 22018
39.25, 22018
39.26, 22018
39.27, 22018
39.28, 22018
39.29, 22018
39.3, 22018
39.31, 22018
39.32, 22018
39.33, 22018
39.34, 22018
39.35, 22018
39.36, 22018
39.37, 22018
39.38, 22018
39.39, 22018
39.4, 22018
39.41, 22018
39.42, 22018
39.43, 22018
39.44, 22018
39.45, 22018
39.46, 22018
39.47, 22018
39.48, 22018
39.49, 22018
39.5, 22018
39.51, 22018
39.52, 22018
39.53, 22018
39.54, 22018
39.55, 22018
39.56, 22018
39.57, 22018
39.58, 22018
39.59, 22018
39.6, 22018
39.61, 22018
39.62, 22018
39.63, 22018
39.64, 22018
39.65, 22018
39.66, 22018
39.67, 22018
39.68, 22018
39.69, 22018
39.7, 22018
39.71, 22018
39.72, 22018
39.73, 22018
39.74, 22018
39.75, 22018
39.76, 22018
39.77, 22018
39.78, 22018
39.79, 22018
39.8, 22018
39.81, 22018
39.82, 22018
39.83, 22018
39.84, 22018
39.85, 22018
39.86, 22018
39.87, 22018
39.88, 22018
39.89, 22018
39.9, 22018
39.91, 22018
39.92, 22018
39.93, 22018
39.94, 22018
39.95, 22018
39.96, 22018
39.97, 22018
39.98, 22018
39.99, 22018
40.0, 22018
40.01, 22018
40.02, 22018
40.03, 22018
40.04, 22018
40.05, 22018
40.06, 22018
40.07, 22018
40.08, 22018
40.09, 22018
40.1, 22018
40.11, 22018
40.12, 22018
40.13, 22018
40.14, 22018
40.15, 22018
40.16, 22018
40.17, 22018
40.18, 22018
40.19, 22018
40.2, 22018
40.21, 22018
40.22, 22018
40.23, 22018
40.24, 22018
40.25, 22018
40.26, 22018
40.27, 22018
40.28, 22018
40.29, 22018
40.3, 22018
40.31, 22018
40.32, 22018
40.33, 22018
40.34, 22018
40.35, 22018
40.36, 22018
40.37, 22018
40.38, 22018
40.39, 22018
40.4, 22018
40.41, 22018
40.42, 22018
40.43, 22018
40.44, 22018
40.45, 22018
40.46, 22018
40.47, 22018
40.48, 22018
40.49, 22018
40.5, 22018
40.51, 22018
40.52, 22018
40.53, 22018
40.54, 22018
40.55, 22018
40.56, 22018
40.57, 22018
40.58, 22018
40.59, 22018
40.6, 22018
40.61, 22018
40.62, 22018
40.63, 22018
40.64, 22018
40.65, 22018
40.66, 22018
40.67, 22018
40.68, 22018
40.69, 22018
40.7, 22018
40.71, 22018
40.72, 22018
40.73, 22018
40.74, 22018
40.75, 22018
40.76, 22018
40.77, 22018
40.78, 22018
40.79, 22018
40.8, 22018
40.81, 22018
40.82, 22018
40.83, 22018
40.84, 22018
40.85, 22018
40.86, 22018
40.87, 22018
40.88, 22018
40.89, 22018
40.9, 22018
40.91, 22018
40.92, 22018
40.93, 22018
40.94, 22018
40.95, 22018
40.96, 22018
40.97, 22018
40.98, 22018
40.99, 22018
41.0, 22018
41.01, 22018
41.02, 22018
41.03, 22018
41.04, 22018
41.05, 22018
41.06, 22018
41.07, 22018
41.08, 22018
41.09, 22018
41.1, 22018
41.11, 22018
41.12, 22018
41.13, 22018
41.14, 22018
41.15, 22018
41.16, 22018
41.17, 22018
41.18, 22018
41.19, 22018
41.2, 22018
41.21, 22018
41.22, 22018
41.23, 22018
41.24, 22018
41.25, 22018
41.26, 22018
41.27, 22018
41.28, 22018
41.29, 22018
41.3, 22018
41.31, 22018
41.32, 22018
41.33, 22018
41.34, 22018
41.35, 22018
41.36, 22018
41.37, 22018
41.38, 22018
41.39, 22018
41.4, 22018
41.41, 22018
41.42, 22018
41.43, 22018
41.44, 22018
41.45, 22018
41.46, 22018
41.47, 22018
41.48, 22018
41.49, 22018
41.5, 22018
41.51, 22018
41.52, 22018
41.53, 22018
41.54, 22018
41.55, 22018
41.56, 22018
41.57, 22018
41.58, 22018
41.59, 22018
41.6, 22018
41.61, 22018
41.62, 22018
41.63, 22018
41.64, 22018
41.65, 22018
41.66, 22018
41.67, 22018
41.68, 22018
41.69, 22018
41.7, 22018
41.71, 22018
41.72, 22018
41.73, 22018
41.74, 22018
41.75, 22018
41.76, 22018
41.77, 22018
41.78, 22018
41.79, 22018
41.8, 22018
41.81, 22018
41.82, 22018
41.83, 22018
41.84, 22018
41.85, 22018
41.86, 22018
41.87, 22018
41.88, 22018
41.89, 22018
41.9, 22018
41.91, 22018
41.92, 22018
41.93, 22018
41.94, 22018
41.95, 22018
41.96, 22018
41.97, 22018
41.98, 22018
41.99, 22018
42.0, 22018
42.01, 22018
42.02, 22018
42.03, 22018
42.04, 22018
42.05, 22018
42.06, 22018
42.07, 22018
42.08, 22018
42.09, 22018
42.1, 22018
42.11, 22018
42.12, 22018
42.13, 22018
42.14, 22018
42.15, 22018
42.16, 22018
42.17, 22018
42.18, 22018
42.19, 22018
42.2, 22018
42.21, 22018
42.22, 22018
42.23, 22018
42.24, 22018
42.25, 22018
42.26, 22018
42.27, 22018
42.28, 22018
42.29, 22018
42.3, 22018
42.31, 22018
42.32, 22018
42.33, 22018
42.34, 22018
42.35, 22018
42.36, 22018
42.37, 22018
42.38, 22018
42.39, 22018
42.4, 22018
42.41, 22018
42.42, 22018
42.43, 22018
42.44, 22018
42.45, 22018
42.46, 22018
42.47, 22018
42.48, 22018
42.49, 22018
42.5, 22018
42.51, 22018
42.52, 22018
42.53, 22018
42.54, 22018
42.55, 22018
42.56, 22018
42.57, 22018
42.58, 22018
42.59, 22018
42.6, 22018
42.61, 22018
42.62, 22018
42.63, 22018
42.64, 22018
42.65, 22018
42.66, 22018
42.67, 22018
42.68, 22018
42.69, 22018
42.7, 22018
42.71, 22018
42.72, 22018
42.73, 22018
42.74, 22018
42.75, 22018
42.76, 22018
42.77, 22018
42.78, 22018
42.79, 22018
42.8, 22018
42.81, 22018
42.82, 22018
42.83, 22018
42.84, 22018
42.85, 22018
42.86, 22018
42.87, 22018
42.88, 22018
42.89, 22018
42.9, 22018
42.91, 22018
42.92, 22018
42.93, 22018
42.94, 22018
42.95, 22018
42.96, 22018
42.97, 22018
42.98, 22018
42.99, 22018
43.0, 22018
43.01, 22018
43.02, 22018
43.03, 22018
43.04, 22018
43.05, 22018
43.06, 22018
43.07, 22018
43.08, 22018
43.09, 22018
43.1, 22018
43.11, 22018
43.12, 22018
43.13, 22018
43.14, 22018
43.15, 22018
43.16, 22018
43.17, 22018
43.18, 22018
43.19, 22018
43.2, 22018
43.21, 22018
43.22, 22018
43.23, 22018
43.24, 22018
43.25, 22018
43.26, 22018
43.27, 22018
43.28, 22018
43.29, 22018
43.3, 22018
43.31, 22018
43.32, 22018
43.33, 22018
43.34, 22018
43.35, 22018
43.36, 22018
43.37, 22018
43.38, 22018
43.39, 22018
43.4, 22018
43.41, 22018
43.42, 22018
43.43, 22018
43.44, 22018
43.45, 22018
43.46, 22018
43.47, 22018
43.48, 22018
43.49, 22018
43.5, 22018
43.51, 22018
43.52, 22018
43.53, 22018
43.54, 22018
43.55, 22018
43.56, 22018
43.57, 22018
43.58, 22018
43.59, 22018
43.6, 22018
43.61, 22018
43.62, 22018
43.63, 22018
43.64, 22018
43.65, 22018
43.66, 22018
43.67, 22018
43.68, 22018
43.69, 22018
43.7, 22018
43.71, 22018
43.72, 22018
43.73, 22018
43.74, 22018
43.75, 22018
43.76, 22018
43.77, 22018
43.78, 22018
43.79, 22018
43.8, 22018
43.81, 22018
43.82, 22018
43.83, 22018
43.84, 22018
43.85, 22018
43.86, 22018
43.87, 22018
43.88, 22018
43.89, 22018
43.9, 22018
43.91, 22018
43.92, 22018
43.93, 22018
43.94, 22018
43.95, 22018
43.96, 22018
43.97, 22018
43.98, 22018
43.99, 22018
44.0, 22018
44.01, 22018
44.02, 22018
44.03, 22018
44.04, 22018
44.05, 22018
44.06, 22018
44.07, 22018
44.08, 22018
44.09, 22018
44.1, 22018
44.11, 22018
44.12, 22018
44.13, 22018
44.14, 22018
44.15, 22018
44.16, 22018
44.17, 22018
44.18, 22018
44.19, 22018
44.2, 22018
44.21, 22018
44.22, 22018
44.23, 22018
44.24, 22018
44.25, 22018
44.26, 22018
44.27, 22018
44.28, 22018
44.29, 22018
44.3, 22018
44.31, 22018
44.32, 22018
44.33, 22018
44.34, 22018
44.35, 22018
44.36, 22018
44.37, 22018
44.38, 22018
44.39, 22018
44.4, 22018
44.41, 22018
44.42, 22018
44.43, 22018
44.44, 22018
44.45, 22018
44.46, 22018
44.47, 22018
44.48, 22018
44.49, 22018
44.5, 22018
44.51, 22018
44.52, 22018
44.53, 22018
44.54, 22018
44.55, 22018
44.56, 22018
44.57, 22018
44.58, 22018
44.59, 22018
44.6, 22018
44.61, 22018
44.62, 22018
44.63, 22018
44.64, 22018
44.65, 22018
44.66, 22018
44.67, 22018
44.68, 22018
44.69, 22018
44.7, 22018
44.71, 22018
44.72, 22018
44.73, 22018
44.74, 22018
44.75, 22018
44.76, 22018
44.77, 22018
44.78, 22018
44.79, 22018
44.8, 22018
44.81, 22018
44.82, 22018
44.83, 22018
44.84, 22018
44.85, 22018
44.86, 22018
44.87, 22018
44.88, 22018
44.89, 22018
44.9, 22018
44.91, 22018
44.92, 22018
44.93, 22018
44.94, 22018
44.95, 22018
44.96, 22018
44.97, 22018
44.98, 22018
44.99, 22018
45.0, 22018
45.01, 22018
45.02, 22018
45.03, 22018
45.04, 22018
45.05, 22018
45.06, 22018
45.07, 22018
45.08, 22018
45.09, 22018
45.1, 22018
45.11, 22018
45.12, 22018
45.13, 22018
45.14, 22018
45.15, 22018
45.16, 22018
45.17, 22018
45.18, 22018
45.19, 22018
45.2, 22018
45.21, 22018
45.22, 22018
45.23, 22018
45.24, 22018
45.25, 22018
45.26, 22018
45.27, 22018
45.28, 22018
45.29, 22018
45.3, 22018
45.31, 22018
45.32, 22018
45.33, 22018
45.34, 22018
45.35, 22018
45.36, 22018
45.37, 22018
45.38, 22018
45.39, 22018
45.4, 22018
45.41, 22018
45.42, 22018
45.43, 22018
45.44, 22018
45.45, 22018
45.46, 22018
45.47, 22018
45.48, 22018
45.49, 22018
45.5, 22018
45.51, 22018
45.52, 22018
45.53, 22018
45.54, 22018
45.55, 22018
45.56, 22018
45.57, 22018
45.58, 22018
45.59, 22018
45.6, 22018
45.61, 22018
45.62, 22018
45.63, 22018
45.64, 22018
45.65, 22018
45.66, 22018
45.67, 22018
45.68, 22018
45.69, 22018
45.7, 22018
45.71, 22018
45.72, 22018
45.73, 22018
45.74, 22018
45.75, 22018
45.76, 22018
45.77, 22018
45.78, 22018
45.79, 22018
45.8, 22018
45.81, 22018
45.82, 22018
45.83, 22018
45.84, 22018
45.85, 22018
45.86, 22018
45.87, 22018
45.88, 22018
45.89, 22018
45.9, 22018
45.91, 22018
45.92, 22018
45.93, 22018
45.94, 22018
45.95, 22018
45.96, 22018
45.97, 22018
45.98, 22018
45.99, 22018
46.0, 22018
46.01, 22018
46.02, 22018
46.03, 22018
46.04, 22018
46.05, 22018
46.06, 22018
46.07, 22018
46.08, 22018
46.09, 22018
46.1, 22018
46.11, 22018
46.12, 22018
46.13, 22018
46.14, 22018
46.15, 22018
46.16, 22018
46.17, 22018
46.18, 22018
46.19, 22018
46.2, 22018
46.21, 22018
46.22, 22018
46.23, 22018
46.24, 22018
46.25, 22018
46.26, 22018
46.27, 22018
46.28, 22018
46.29, 22018
46.3, 22018
46.31, 22018
46.32, 22018
46.33, 22018
46.34, 22018
46.35, 22018
46.36, 22018
46.37, 22018
46.38, 22018
46.39, 22018
46.4, 22018
46.41, 22018
46.42, 22018
46.43, 22018
46.44, 22018
46.45, 22018
46.46, 22018
46.47, 22018
46.48, 22018
46.49, 22018
46.5, 22018
46.51, 22018
46.52, 22018
46.53, 22018
46.54, 22018
46.55, 22018
46.56, 22018
46.57, 22018
46.58, 22018
46.59, 22018
46.6, 22018
46.61, 22018
46.62, 22018
46.63, 22018
46.64, 22018
46.65, 22018
46.66, 22018
46.67, 22018
46.68, 22018
46.69, 22018
46.7, 22018
46.71, 22018
46.72, 22018
46.73, 22018
46.74, 22018
46.75, 22018
46.76, 22018
46.77, 22018
46.78, 22018
46.79, 22018
46.8, 22018
46.81, 22018
46.82, 22018
46.83, 22018
46.84, 22018
46.85, 22018
46.86, 22018
46.87, 22018
46.88, 22018
46.89, 22018
46.9, 22018
46.91, 22018
46.92, 22018
46.93, 22018
46.94, 22018
46.95, 22018
46.96, 22018
46.97, 22018
46.98, 22018
46.99, 22018
47.0, 22018
47.01, 22018
47.02, 22018
47.03, 22018
47.04, 22018
47.05, 22018
47.06, 22018
47.07, 22018
47.08, 22018
47.09, 22018
47.1, 22018
47.11, 22018
47.12, 22018
47.13, 22018
47.14, 22018
47.15, 22018
47.16, 22018
47.17, 22018
47.18, 22018
47.19, 22018
47.2, 22018
47.21, 22018
47.22, 22018
47.23, 22018
47.24, 22018
47.25, 22018
47.26, 22018
47.27, 22018
47.28, 22018
47.29, 22018
47.3, 22018
47.31, 22018
47.32, 22018
47.33, 22018
47.34, 22018
47.35, 22018
47.36, 22018
47.37, 22018
47.38, 22018
47.39, 22018
47.4, 22018
47.41, 22018
47.42, 22018
47.43, 22018
47.44, 22018
47.45, 22018
47.46, 22018
47.47, 22018
47.48, 22018
47.49, 22018
47.5, 22018
47.51, 22018
47.52, 22018
47.53, 22018
47.54, 22018
47.55, 22018
47.56, 22018
47.57, 22018
47.58, 22018
47.59, 22018
47.6, 22018
47.61, 22018
47.62, 22018
47.63, 22018
47.64, 22018
47.65, 22018
47.66, 22018
47.67, 22018
47.68, 22018
47.69, 22018
47.7, 22018
47.71, 22018
47.72, 22018
47.73, 22018
47.74, 22018
47.75, 22018
47.76, 22018
47.77, 22018
47.78, 22018
47.79, 22018
47.8, 22018
47.81, 22018
47.82, 22018
47.83, 22018
47.84, 22018
47.85, 22018
47.86, 22018
47.87, 22018
47.88, 22018
47.89, 22018
47.9, 22018
47.91, 22018
47.92, 22018
47.93, 22018
47.94, 22018
47.95, 22018
47.96, 22018
47.97, 22018
47.98, 22018
47.99, 22018
48.0, 22018
48.01, 22018
48.02, 22018
48.03, 22018
48.04, 22018
48.05, 22018
48.06, 22018
48.07, 22018
48.08, 22018
48.09, 22018
48.1, 22018
48.11, 22018
48.12, 22018
48.13, 22018
48.14, 22018
48.15, 22018
48.16, 22018
48.17, 22018
48.18, 22018
48.19, 22018
48.2, 22018
48.21, 22018
48.22, 22018
48.23, 22018
48.24, 22018
48.25, 22018
48.26, 22018
48.27, 22018
48.28, 22018
48.29, 22018
48.3, 22018
48.31, 22018
48.32, 22018
48.33, 22018
48.34, 22018
48.35, 22018
48.36, 22018
48.37, 22018
48.38, 22018
48.39, 22018
48.4, 22018
48.41, 22018
48.42, 22018
48.43, 22018
48.44, 22018
48.45, 22018
48.46, 22018
48.47, 22018
48.48, 22018
48.49, 22018
48.5, 22018
48.51, 22018
48.52, 22018
48.53, 22018
48.54, 22018
48.55, 22018
48.56, 22018
48.57, 22018
48.58, 22018
48.59, 22018
48.6, 22018
48.61, 22018
48.62, 22018
48.63, 22018
48.64, 22018
48.65, 22018
48.66, 22018
48.67, 22018
48.68, 22018
48.69, 22018
48.7, 22018
48.71, 22018
48.72, 22018
48.73, 22018
48.74, 22018
48.75, 22018
48.76, 22018
48.77, 22018
48.78, 22018
48.79, 22018
48.8, 22018
48.81, 22018
48.82, 22018
48.83, 22018
48.84, 22018
48.85, 22018
48.86, 22018
48.87, 22018
48.88, 22018
48.89, 22018
48.9, 22018
48.91, 22018
48.92, 22018
48.93, 22018
48.94, 22018
48.95, 22018
48.96, 22018
48.97, 22018
48.98, 22018
48.99, 22018
49.0, 22018
49.01, 22018
49.02, 22018
49.03, 22018
49.04, 22018
49.05, 22018
49.06, 22018
49.07, 22018
49.08, 22018
49.09, 22018
49.1, 22018
49.11, 22018
49.12, 22018
49.13, 22018
49.14, 22018
49.15, 22018
49.16, 22018
49.17, 22018
49.18, 22018
49.19, 22018
49.2, 22018
49.21, 22018
49.22, 22018
49.23, 22018
49.24, 22018
49.25, 22018
49.26, 22018
49.27, 22018
49.28, 22018
49.29, 22018
49.3, 22018
49.31, 22018
49.32, 22018
49.33, 22018
49.34, 22018
49.35, 22018
49.36, 22018
49.37, 22018
49.38, 22018
49.39, 22018
49.4, 22018
49.41, 22018
49.42, 22018
49.43, 22018
49.44, 22018
49.45, 22018
49.46, 22018
49.47, 22018
49.48, 22018
49.49, 22018
49.5, 22018
49.51, 22018
49.52, 22018
49.53, 22018
49.54, 22018
49.55, 22018
49.56, 22018
49.57, 22018
49.58, 22018
49.59, 22018
49.6, 22018
49.61, 22018
49.62, 22018
49.63, 22018
49.64, 22018
49.65, 22018
49.66, 22018
49.67, 22018
49.68, 22018
49.69, 22018
49.7, 22018
49.71, 22018
49.72, 22018
49.73, 22018
49.74, 22018
49.75, 22018
49.76, 22018
49.77, 22018
49.78, 22018
49.79, 22018
49.8, 22018
49.81, 22018
49.82, 22018
49.83, 22018
49.84, 22018
49.85, 22018
49.86, 22018
49.87, 22018
49.88, 22018
49.89, 22018
49.9, 22018
49.91, 22018
49.92, 22018
49.93, 22018
49.94, 22018
49.95, 22018
49.96, 22018
49.97, 22018
49.98, 22018
49.99, 22018
50.0, 22018
50.01, 22018
50.02, 22018
50.03, 22018
50.04, 22018
50.05, 22018
50.06, 22018
50.07, 22018
50.08, 22018
50.09, 22018
50.1, 22018
50.11, 22018
50.12, 22018
50.13, 22018
50.14, 22018
50.15, 22018
50.16, 22018
50.17, 22018
50.18, 22018
50.19, 22018
50.2, 22018
50.21, 22018
50.22, 22018
50.23, 22018
50.24, 22018
50.25, 22018
50.26, 22018
50.27, 22018
50.28, 22018
50.29, 22018
50.3, 22018
50.31, 22018
50.32, 22018
50.33, 22018
50.34, 22018
50.35, 22018
50.36, 22018
50.37, 22018
50.38, 22018
50.39, 22018
50.4, 22018
50.41, 22018
50.42, 22018
50.43, 22018
50.44, 22018
50.45, 22018
50.46, 22018
50.47, 22018
50.48, 22018
50.49, 22018
50.5, 22018
50.51, 22018
50.52, 22018
50.53, 22018
50.54, 22018
50.55, 22018
50.56, 22018
50.57, 22018
50.58, 22018
50.59, 22018
50.6, 22018
50.61, 22018
50.62, 22018
50.63, 22018
50.64, 22018
50.65, 22018
50.66, 22018
50.67, 22018
50.68, 22018
50.69, 22018
50.7, 22018
50.71, 22018
50.72, 22018
50.73, 22018
50.74, 22018
50.75, 22018
50.76, 22018
50.77, 22018
50.78, 22018
50.79, 22018
50.8, 22018
50.81, 22018
50.82, 22018
50.83, 22018
50.84, 22018
50.85, 22018
50.86, 22018
50.87, 22018
50.88, 22018
50.89, 22018
50.9, 22018
50.91, 22018
50.92, 22018
50.93, 22018
50.94, 22018
50.95, 22018
50.96, 22018
50.97, 22018
50.98, 22018
50.99, 22018
51.0, 22018
51.01, 22018
51.02, 22018
51.03, 22018
51.04, 22018
51.05, 22018
51.06, 22018
51.07, 22018
51.08, 22018
51.09, 22018
51.1, 22018
51.11, 22018
51.12, 22018
51.13, 22018
51.14, 22018
51.15, 22018
51.16, 22018
51.17, 22018
51.18, 22018
51.19, 22018
51.2, 22018
51.21, 22018
51.22, 22018
51.23, 22018
51.24, 22018
51.25, 22018
51.26, 22018
51.27, 22018
51.28, 22018
51.29, 22018
51.3, 22018
51.31, 22018
51.32, 22018
51.33, 22018
51.34, 22018
51.35, 22018
51.36, 22018
51.37, 22018
51.38, 22018
51.39, 22018
51.4, 22018
51.41, 22018
51.42, 22018
51.43, 22018
51.44, 22018
51.45, 22018
51.46, 22018
51.47, 22018
51.48, 22018
51.49, 22018
51.5, 22018
51.51, 22018
51.52, 22018
51.53, 22018
51.54, 22018
51.55, 22018
51.56, 22018
51.57, 22018
51.58, 22018
51.59, 22018
51.6, 22018
51.61, 22018
51.62, 22018
51.63, 22018
51.64, 22018
51.65, 22018
51.66, 22018
51.67, 22018
51.68, 22018
51.69, 22018
51.7, 22018
51.71, 22018
51.72, 22018
51.73, 22018
51.74, 22018
51.75, 22018
51.76, 22018
51.77, 22018
51.78, 22018
51.79, 22018
51.8, 22018
51.81, 22018
51.82, 22018
51.83, 22018
51.84, 22018
51.85, 22018
51.86, 22018
51.87, 22018
51.88, 22018
51.89, 22018
51.9, 22018
51.91, 22018
51.92, 22018
51.93, 22018
51.94, 22018
51.95, 22018
51.96, 22018
51.97, 22018
51.98, 22018
51.99, 22018
52.0, 22018
52.01, 22018
52.02, 22018
52.03, 22018
52.04, 22018
52.05, 22018
52.06, 22018
52.07, 22018
52.08, 22018
52.09, 22018
52.1, 22018
52.11, 22018
52.12, 22018
52.13, 22018
52.14, 22018
52.15, 22018
52.16, 22018
52.17, 22018
52.18, 22018
52.19, 22018
52.2, 22018
52.21, 22018
52.22, 22018
52.23, 22018
52.24, 22018
52.25, 22018
52.26, 22018
52.27, 22018
52.28, 22018
52.29, 22018
52.3, 22018
52.31, 22018
52.32, 22018
52.33, 22018
52.34, 22018
52.35, 22018
52.36, 22018
52.37, 22018
52.38, 22018
52.39, 22018
52.4, 22018
52.41, 22018
52.42, 22018
52.43, 22018
52.44, 22018
52.45, 22018
52.46, 22018
52.47, 22018
52.48, 22018
52.49, 22018
52.5, 22018
52.51, 22018
52.52, 22018
52.53, 22018
52.54, 22018
52.55, 22018
52.56, 22018
52.57, 22018
52.58, 22018
52.59, 22018
52.6, 22018
52.61, 22018
52.62, 22018
52.63, 22018
52.64, 22018
52.65, 22018
52.66, 22018
52.67, 22018
52.68, 22018
52.69, 22018
52.7, 22018
52.71, 22018
52.72, 22018
52.73, 22018
52.74, 22018
52.75, 22018
52.76, 22018
52.77, 22018
52.78, 22018
52.79, 22018
52.8, 22018
52.81, 22018
52.82, 22018
52.83, 22018
52.84, 22018
52.85, 22018
52.86, 22018
52.87, 22018
52.88, 22018
52.89, 22018
52.9, 22018
52.91, 22018
52.92, 22018
52.93, 22018
52.94, 22018
52.95, 22018
52.96, 22018
52.97, 22018
52.98, 22018
52.99, 22018
53.0, 22018
53.01, 22018
53.02, 22018
53.03, 22018
53.04, 22018
53.05, 22018
53.06, 22018
53.07, 22018
53.08, 22018
53.09, 22018
53.1, 22018
53.11, 22018
53.12, 22018
53.13, 22018
53.14, 22018
53.15, 22018
53.16, 22018
53.17, 22018
53.18, 22018
53.19, 22018
53.2, 22018
53.21, 22018
53.22, 22018
53.23, 22018
53.24, 22018
53.25, 22018
53.26, 22018
53.27, 22018
53.28, 22018
53.29, 22018
53.3, 22018
53.31, 22018
53.32, 22018
53.33, 22018
53.34, 22018
53.35, 22018
53.36, 22018
53.37, 22018
53.38, 22018
53.39, 22018
53.4, 22018
53.41, 22018
53.42, 22018
53.43, 22018
53.44, 22018
53.45, 22018
53.46, 22018
53.47, 22018
53.48, 22018
53.49, 22018
53.5, 22018
53.51, 22018
53.52, 22018
53.53, 22018
53.54, 22018
53.55, 22018
53.56, 22018
53.57, 22018
53.58, 22018
53.59, 22018
53.6, 22018
53.61, 22018
53.62, 22018
53.63, 22018
53.64, 22018
53.65, 22018
53.66, 22018
53.67, 22018
53.68, 22018
53.69, 22018
53.7, 22018
53.71, 22018
53.72, 22018
53.73, 22018
53.74, 22018
53.75, 22018
53.76, 22018
53.77, 22018
53.78, 22018
53.79, 22018
53.8, 22018
53.81, 22018
53.82, 22018
53.83, 22018
53.84, 22018
53.85, 22018
53.86, 22018
53.87, 22018
53.88, 22018
53.89, 22018
53.9, 22018
53.91, 22018
53.92, 22018
53.93, 22018
53.94, 22018
53.95, 22018
53.96, 22018
53.97, 22018
53.98, 22018
53.99, 22018
54.0, 22018
54.01, 22018
54.02, 22018
54.03, 22018
54.04, 22018
54.05, 22018
54.06, 22018
54.07, 22018
54.08, 22018
54.09, 22018
54.1, 22018
54.11, 22018
54.12, 22018
54.13, 22018
54.14, 22018
54.15, 22018
54.16, 22018
54.17, 22018
54.18, 22018
54.19, 22018
54.2, 22018
54.21, 22018
54.22, 22018
54.23, 22018
54.24, 22018
54.25, 22018
54.26, 22018
54.27, 22018
54.28, 22018
54.29, 22018
54.3, 22018
54.31, 22018
54.32, 22018
54.33, 22018
54.34, 22018
54.35, 22018
54.36, 22018
54.37, 22018
54.38, 22018
54.39, 22018
54.4, 22018
54.41, 22018
54.42, 22018
54.43, 22018
54.44, 22018
54.45, 22018
54.46, 22018
54.47, 22018
54.48, 22018
54.49, 22018
54.5, 22018
54.51, 22018
54.52, 22018
54.53, 22018
54.54, 22018
54.55, 22018
54.56, 22018
54.57, 22018
54.58, 22018
54.59, 22018
54.6, 22018
54.61, 22018
54.62, 22018
54.63, 22018
54.64, 22018
54.65, 22018
54.66, 22018
54.67, 22018
54.68, 22018
54.69, 22018
54.7, 22018
54.71, 22018
54.72, 22018
54.73, 22018
54.74, 22018
54.75, 22018
54.76, 22018
54.77, 22018
54.78, 22018
54.79, 22018
54.8, 22018
54.81, 22018
54.82, 22018
54.83, 22018
54.84, 22018
54.85, 22018
54.86, 22018
54.87, 22018
54.88, 22018
54.89, 22018
54.9, 22018
54.91, 22018
54.92, 22018
54.93, 22018
54.94, 22018
54.95, 22018
54.96, 22018
54.97, 22018
54.98, 22018
54.99, 22018
55.0, 22018
55.01, 22018
55.02, 22018
55.03, 22018
55.04, 22018
55.05, 22018
55.06, 22018
55.07, 22018
55.08, 22018
55.09, 22018
55.1, 22018
55.11, 22018
55.12, 22018
55.13, 22018
55.14, 22018
55.15, 22018
55.16, 22018
55.17, 22018
55.18, 22018
55.19, 22018
55.2, 22018
55.21, 22018
55.22, 22018
55.23, 22018
55.24, 22018
55.25, 22018
55.26, 22018
55.27, 22018
55.28, 22018
55.29, 22018
55.3, 22018
55.31, 22018
55.32, 22018
55.33, 22018
55.34, 22018
55.35, 22018
55.36, 22018
55.37, 22018
55.38, 22018
55.39, 22018
55.4, 22018
55.41, 22018
55.42, 22018
55.43, 22018
55.44, 22018
55.45, 22018
55.46, 22018
55.47, 22018
55.48, 22018
55.49, 22018
55.5, 22018
55.51, 22018
55.52, 22018
55.53, 22018
55.54, 22018
55.55, 22018
55.56, 22018
55.57, 22018
55.58, 22018
55.59, 22018
55.6, 22018
55.61, 22018
55.62, 22018
55.63, 22018
55.64, 22018
55.65, 22018
55.66, 22018
55.67, 22018
55.68, 22018
55.69, 22018
55.7, 22018
55.71, 22018
55.72, 22018
55.73, 22018
55.74, 22018
55.75, 22018
55.76, 22018
55.77, 22018
55.78, 22018
55.79, 22018
55.8, 22018
55.81, 22018
55.82, 22018
55.83, 22018
55.84, 22018
55.85, 22018
55.86, 22018
55.87, 22018
55.88, 22018
55.89, 22018
55.9, 22018
55.91, 22018
55.92, 22018
55.93, 22018
55.94, 22018
55.95, 22018
55.96, 22018
55.97, 22018
55.98, 22018
55.99, 22018
56.0, 22018
56.01, 22018
56.02, 22018
56.03, 22018
56.04, 22018
56.05, 22018
56.06, 22018
56.07, 22018
56.08, 22018
56.09, 22018
56.1, 22018
56.11, 22018
56.12, 22018
56.13, 22018
56.14, 22018
56.15, 22018
56.16, 22018
56.17, 22018
56.18, 22018
56.19, 22018
56.2, 22018
56.21, 22018
56.22, 22018
56.23, 22018
56.24, 22018
56.25, 22018
56.26, 22018
56.27, 22018
56.28, 22018
56.29, 22018
56.3, 22018
56.31, 22018
56.32, 22018
56.33, 22018
56.34, 22018
56.35, 22018
56.36, 22018
56.37, 22018
56.38, 22018
56.39, 22018
56.4, 22018
56.41, 22018
56.42, 22018
56.43, 22018
56.44, 22018
56.45, 22018
56.46, 22018
56.47, 22018
56.48, 22018
56.49, 22018
56.5, 22018
56.51, 22018
56.52, 22018
56.53, 22018
56.54, 22018
56.55, 22018
56.56, 22018
56.57, 22018
56.58, 22018
56.59, 22018
56.6, 22018
56.61, 22018
56.62, 22018
56.63, 22018
56.64, 22018
56.65, 22018
56.66, 22018
56.67, 22018
56.68, 22018
56.69, 22018
56.7, 22018
56.71, 22018
56.72, 22018
56.73, 22018
56.74, 22018
56.75, 22018
56.76, 22018
56.77, 22018
56.78, 22018
56.79, 22018
56.8, 22018
56.81, 22018
56.82, 22018
56.83, 22018
56.84, 22018
56.85, 22018
56.86, 22018
56.87, 22018
56.88, 22018
56.89, 22018
56.9, 22018
56.91, 22018
56.92, 22018
56.93, 22018
56.94, 22018
56.95, 22018
56.96, 22018
56.97, 22018
56.98, 22018
56.99, 22018
57.0, 22018
57.01, 22018
57.02, 22018
57.03, 22018
57.04, 22018
57.05, 22018
57.06, 22018
57.07, 22018
57.08, 22018
57.09, 22018
57.1, 22018
57.11, 22018
57.12, 22018
57.13, 22018
57.14, 22018
57.15, 22018
57.16, 22018
57.17, 22018
57.18, 22018
57.19, 22018
57.2, 22018
57.21, 22018
57.22, 22018
57.23, 22018
57.24, 22018
57.25, 22018
57.26, 22018
57.27, 22018
57.28, 22018
57.29, 22018
57.3, 22018
57.31, 22018
57.32, 22018
57.33, 22018
57.34, 22018
57.35, 22018
57.36, 22018
57.37, 22018
57.38, 22018
57.39, 22018
57.4, 22018
57.41, 22018
57.42, 22018
57.43, 22018
57.44, 22018
57.45, 22018
57.46, 22018
57.47, 22018
57.48, 22018
57.49, 22018
57.5, 22018
57.51, 22018
57.52, 22018
57.53, 22018
57.54, 22018
57.55, 22018
57.56, 22018
57.57, 22018
57.58, 22018
57.59, 22018
57.6, 22018
57.61, 22018
57.62, 22018
57.63, 22018
57.64, 22018
57.65, 22018
57.66, 22018
57.67, 22018
57.68, 22018
57.69, 22018
57.7, 22018
57.71, 22018
57.72, 22018
57.73, 22018
57.74, 22018
57.75, 22018
57.76, 22018
57.77, 22018
57.78, 22018
57.79, 22018
57.8, 22018
57.81, 22018
57.82, 22018
57.83, 22018
57.84, 22018
57.85, 22018
57.86, 22018
57.87, 22018
57.88, 22018
57.89, 22018
57.9, 22018
57.91, 22018
57.92, 22018
57.93, 22018
57.94, 22018
57.95, 22018
57.96, 22018
57.97, 22018
57.98, 22018
57.99, 22018
58.0, 22018
58.01, 22018
58.02, 22018
58.03, 22018
58.04, 22018
58.05, 22018
58.06, 22018
58.07, 22018
58.08, 22018
58.09, 22018
58.1, 22018
58.11, 22018
58.12, 22018
58.13, 22018
58.14, 22018
58.15, 22018
58.16, 22018
58.17, 22018
58.18, 22018
58.19, 22018
58.2, 22018
58.21, 22018
58.22, 22018
58.23, 22018
58.24, 22018
58.25, 22018
58.26, 22018
58.27, 21850
58.28, 21850
58.29, 21850
58.3, 21850
58.31, 21850
58.32, 21850
58.33, 21850
58.34, 21850
58.35, 21850
58.36, 21850
58.37, 21850
58.38, 21850
58.39, 21850
58.4, 21850
58.41, 21850
58.42, 21850
58.43, 21850
58.44, 21850
58.45, 21850
58.46, 21850
58.47, 21850
58.48, 21850
58.49, 21850
58.5, 21850
58.51, 21850
58.52, 21850
58.53, 21850
58.54, 21850
58.55, 21850
58.56, 21850
58.57, 21850
58.58, 21850
58.59, 21850
58.6, 21850
58.61, 21850
58.62, 21850
58.63, 21850
58.64, 21850
58.65, 21850
58.66, 21850
58.67, 21850
58.68, 21850
58.69, 21850
58.7, 21850
58.71, 21850
58.72, 21850
58.73, 21850
58.74, 21850
58.75, 21850
58.76, 21850
58.77, 21850
58.78, 21850
58.79, 21850
58.8, 21850
58.81, 21850
58.82, 21850
58.83, 21850
58.84, 21850
58.85, 21850
58.86, 21850
58.87, 21850
58.88, 21850
58.89, 21850
58.9, 21850
58.91, 21850
58.92, 21850
58.93, 21850
58.94, 21850
58.95, 21850
58.96, 21850
58.97, 21850
58.98, 21850
58.99, 21850
59.0, 21850
59.01, 21850
59.02, 21850
59.03, 21850
59.04, 21850
59.05, 21850
59.06, 21850
59.07, 21850
59.08, 21850
59.09, 21850
59.1, 21850
59.11, 21850
59.12, 21850
59.13, 21850
59.14, 21850
59.15, 21850
59.16, 21850
59.17, 21850
59.18, 21850
59.19, 21850
59.2, 21850
59.21, 21850
59.22, 21850
59.23, 21850
59.24, 21850
59.25, 21850
59.26, 21850
59.27, 21850
59.28, 21850
59.29, 21850
59.3, 21850
59.31, 21850
59.32, 21850
59.33, 21850
59.34, 21850
59.35, 21850
59.36, 21850
59.37, 21850
59.38, 21850
59.39, 21850
59.4, 21850
59.41, 21850
59.42, 21850
59.43, 21850
59.44, 21850
59.45, 21850
59.46, 21850
59.47, 21850
59.48, 21850
59.49, 21850
59.5, 21850
59.51, 21850
59.52, 21850
59.53, 21850
59.54, 21850
59.55, 21850
59.56, 21850
59.57, 21850
59.58, 21850
59.59, 21850
59.6, 21850
59.61, 21850
59.62, 21850
59.63, 21850
59.64, 21850
59.65, 21850
59.66, 21850
59.67, 21850
59.68, 21850
59.69, 21850
59.7, 21850
59.71, 21850
59.72, 21850
59.73, 21850
59.74, 21850
59.75, 21850
59.76, 21850
59.77, 21850
59.78, 21850
59.79, 21850
59.8, 21850
59.81, 21850
59.82, 21850
59.83, 21850
59.84, 21850
59.85, 21850
59.86, 21850
59.87, 21850
59.88, 21850
59.89, 21850
59.9, 21850
59.91, 21850
59.92, 21850
59.93, 21850
59.94, 21850
59.95, 21850
59.96, 21850
59.97, 21850
59.98, 21850
