0.0, 2375573
0.01, 2375573
0.02, 2311394
0.03, 2195186
0.04, 2195186
0.05, 2195186
0.06, 2195186
0.07, 2195186
0.08, 2195186
0.09, 2195186
0.1, 2195186
0.11, 2195186
0.12, 2195186
0.13, 2164259
0.14, 2164259
0.15, 2164259
0.16, 2164259
0.17, 2164259
0.18, 2164259
0.19, 2164259
0.2, 2164259
0.21, 2164259
0.22, 2164259
0.23, 2164259
0.24, 2164259
0.25, 2164259
0.26, 2164259
0.27, 2164259
0.28, 2164259
0.29, 2164259
0.3, 2164259
0.31, 2164259
0.32, 2164259
0.33, 2164259
0.34, 2164259
0.35, 2164259
0.36, 2164259
0.37, 2164259
0.38, 2164259
0.39, 2164259
0.4, 2164259
0.41, 2164259
0.42, 2164259
0.43, 2164259
0.44, 2164259
0.45, 2164259
0.46, 2164259
0.47, 2164259
0.48, 2164259
0.49, 2164259
0.5, 2164259
0.51, 2164259
0.52, 2164259
0.53, 2164259
0.54, 2164259
0.55, 2164259
0.56, 2164259
0.57, 2164259
0.58, 2164259
0.59, 2164259
0.6, 2164259
0.61, 2164259
0.62, 2164259
0.63, 2164259
0.64, 2164259
0.65, 2164259
0.66, 2164259
0.67, 2164259
0.68, 2164259
0.69, 2164259
0.7, 2164259
0.71, 2164259
0.72, 2164259
0.73, 2164259
0.74, 2164259
0.75, 2164259
0.76, 2164259
0.77, 2164259
0.78, 2164259
0.79, 2164259
0.8, 2164259
0.81, 2164259
0.82, 2164259
0.83, 2164259
0.84, 2164259
0.85, 2164259
0.86, 2164259
0.87, 2164259
0.88, 2164259
0.89, 2164259
0.9, 2164259
0.91, 2164259
0.92, 2164259
0.93, 2164259
0.94, 2164259
0.95, 2164259
0.96, 2164259
0.97, 2164259
0.98, 2164259
0.99, 2164259
1.0, 2164259
1.01, 2164259
1.02, 2164259
1.03, 2164259
1.04, 2164259
1.05, 2164259
1.06, 2164259
1.07, 2164259
1.08, 2164259
1.09, 2164259
1.1, 2164259
1.11, 2164259
1.12, 2164259
1.13, 2164259
1.14, 2164259
1.15, 2164259
1.16, 2164259
1.17, 2164259
1.18, 2164259
1.19, 2164259
1.2, 2164259
1.21, 2164259
1.22, 2164259
1.23, 2164259
1.24, 2164259
1.25, 2164259
1.26, 2164259
1.27, 2164259
1.28, 2164259
1.29, 2164259
1.3, 2164259
1.31, 2164259
1.32, 2164259
1.33, 2164259
1.34, 2164259
1.35, 2164259
1.36, 2164259
1.37, 2164259
1.38, 2164259
1.39, 2164259
1.4, 2164259
1.41, 2164259
1.42, 2164259
1.43, 2164259
1.44, 2164259
1.45, 2164259
1.46, 2164259
1.47, 2164259
1.48, 2164259
1.49, 2164259
1.5, 2164259
1.51, 2164259
1.52, 2164259
1.53, 2164259
1.54, 2164259
1.55, 2164259
1.56, 2164259
1.57, 2164259
1.58, 2164259
1.59, 2164259
1.6, 2164259
1.61, 2164259
1.62, 2164259
1.63, 2164259
1.64, 2164259
1.65, 2164259
1.66, 2164259
1.67, 2164259
1.68, 2164259
1.69, 2164259
1.7, 2164259
1.71, 2164259
1.72, 2164259
1.73, 2164259
1.74, 2164259
1.75, 2164259
1.76, 2164259
1.77, 2164259
1.78, 2164259
1.79, 2164259
1.8, 2164259
1.81, 2164259
1.82, 2164259
1.83, 2164259
1.84, 2164259
1.85, 2164259
1.86, 2164259
1.87, 2164259
1.88, 2164259
1.89, 2164259
1.9, 2164259
1.91, 2164259
1.92, 2164259
1.93, 2164259
1.94, 2164259
1.95, 2164259
1.96, 2164259
1.97, 2164259
1.98, 2164259
1.99, 2164259
2.0, 2164259
2.01, 2164259
2.02, 2164259
2.03, 2164259
2.04, 2164259
2.05, 2164259
2.06, 2164259
2.07, 2164259
2.08, 2164259
2.09, 2164259
2.1, 2164259
2.11, 2164259
2.12, 2153011
2.13, 2153011
2.14, 2153011
2.15, 2153011
2.16, 2153011
2.17, 2153011
2.18, 2153011
2.19, 2153011
2.2, 2153011
2.21, 2153011
2.22, 2153011
2.23, 2153011
2.24, 2153011
2.25, 2153011
2.26, 2153011
2.27, 2153011
2.28, 2153011
2.29, 2153011
2.3, 2153011
2.31, 2153011
2.32, 2153011
2.33, 2153011
2.34, 2153011
2.35, 2153011
2.36, 2153011
2.37, 2153011
2.38, 2153011
2.39, 2153011
2.4, 2153011
2.41, 2153011
2.42, 2153011
2.43, 2153011
2.44, 2153011
2.45, 2153011
2.46, 2153011
2.47, 2153011
2.48, 2153011
2.49, 2153011
2.5, 2153011
2.51, 2153011
2.52, 2153011
2.53, 2153011
2.54, 2153011
2.55, 2153011
2.56, 2153011
2.57, 2153011
2.58, 2153011
2.59, 2153011
2.6, 2153011
2.61, 2153011
2.62, 2153011
2.63, 2153011
2.64, 2153011
2.65, 2153011
2.66, 2153011
2.67, 2153011
2.68, 2153011
2.69, 2153011
2.7, 2153011
2.71, 2153011
2.72, 2153011
2.73, 2153011
2.74, 2153011
2.75, 2153011
2.76, 2153011
2.77, 2153011
2.78, 2153011
2.79, 2153011
2.8, 2153011
2.81, 2153011
2.82, 2153011
2.83, 2153011
2.84, 2153011
2.85, 2153011
2.86, 2153011
2.87, 2153011
2.88, 2153011
2.89, 2153011
2.9, 2153011
2.91, 2153011
2.92, 2153011
2.93, 2153011
2.94, 2153011
2.95, 2153011
2.96, 2153011
2.97, 2153011
2.98, 2153011
2.99, 2153011
3.0, 2153011
3.01, 2153011
3.02, 2153011
3.03, 2153011
3.04, 2153011
3.05, 2153011
3.06, 2153011
3.07, 2153011
3.08, 2153011
3.09, 2153011
3.1, 2153011
3.11, 2153011
3.12, 2153011
3.13, 2150061
3.14, 2150061
3.15, 2150061
3.16, 2150061
3.17, 2150061
3.18, 2150061
3.19, 2150061
3.2, 2150061
3.21, 2150061
3.22, 2150061
3.23, 2150061
3.24, 2150061
3.25, 2150061
3.26, 2150061
3.27, 2150061
3.28, 2150061
3.29, 2150061
3.3, 2150061
3.31, 2150061
3.32, 2150061
3.33, 2150061
3.34, 2150061
3.35, 2150061
3.36, 2150061
3.37, 2150061
3.38, 2150061
3.39, 2150061
3.4, 2150061
3.41, 2150061
3.42, 2150061
3.43, 2150061
3.44, 2150061
3.45, 2150061
3.46, 2150061
3.47, 2150061
3.48, 2150061
3.49, 2150061
3.5, 2150061
3.51, 2150061
3.52, 2150061
3.53, 2150061
3.54, 2150061
3.55, 2150061
3.56, 2150061
3.57, 2150061
3.58, 2150061
3.59, 2150061
3.6, 2150061
3.61, 2150061
3.62, 2150061
3.63, 2150061
3.64, 2150061
3.65, 2150061
3.66, 2150061
3.67, 2150061
3.68, 2150061
3.69, 2150061
3.7, 2150061
3.71, 2150061
3.72, 2150061
3.73, 2150061
3.74, 2150061
3.75, 2150061
3.76, 2150061
3.77, 2150061
3.78, 2150061
3.79, 2150061
3.8, 2150061
3.81, 2150061
3.82, 2150061
3.83, 2150061
3.84, 2150061
3.85, 2150061
3.86, 2150061
3.87, 2150061
3.88, 2150061
3.89, 2150061
3.9, 2150061
3.91, 2150061
3.92, 2150061
3.93, 2150061
3.94, 2150061
3.95, 2150061
3.96, 2150061
3.97, 2126166
3.98, 2126166
3.99, 2126166
4.0, 2126166
4.01, 2126166
4.02, 2126166
4.03, 2126166
4.04, 2126166
4.05, 2126166
4.06, 2126166
4.07, 2126166
4.08, 2126166
4.09, 2126166
4.1, 2126166
4.11, 2126166
4.12, 2126166
4.13, 2126166
4.14, 2126166
4.15, 2126166
4.16, 2126166
4.17, 2126166
4.18, 2126166
4.19, 2126166
4.2, 2126166
4.21, 2126166
4.22, 2126166
4.23, 2126166
4.24, 2126166
4.25, 2126166
4.26, 2126166
4.27, 2126166
4.28, 2126166
4.29, 2126166
4.3, 2126166
4.31, 2126166
4.32, 2126166
4.33, 2126166
4.34, 2126166
4.35, 2126166
4.36, 2126166
4.37, 2126166
4.38, 2126166
4.39, 2126166
4.4, 2126166
4.41, 2126166
4.42, 2126166
4.43, 2126166
4.44, 2126166
4.45, 2126166
4.46, 2126166
4.47, 2126166
4.48, 2126166
4.49, 2126166
4.5, 2126166
4.51, 2126166
4.52, 2126166
4.53, 2126166
4.54, 2126166
4.55, 2126166
4.56, 2126166
4.57, 2126166
4.58, 2126166
4.59, 2126166
4.6, 2126166
4.61, 2126166
4.62, 2126166
4.63, 2126166
4.64, 2126166
4.65, 2126166
4.66, 2126166
4.67, 2126166
4.68, 2126166
4.69, 2126166
4.7, 2126166
4.71, 2126166
4.72, 2126166
4.73, 2126166
4.74, 2126166
4.75, 2126166
4.76, 2126166
4.77, 2126166
4.78, 2126166
4.79, 2126166
4.8, 2126166
4.81, 2126166
4.82, 2126166
4.83, 2126166
4.84, 2126166
4.85, 2126166
4.86, 2126166
4.87, 2126166
4.88, 2126166
4.89, 2126166
4.9, 2126166
4.91, 2126166
4.92, 2126166
4.93, 2126166
4.94, 2126166
4.95, 2126166
4.96, 2126166
4.97, 2126166
4.98, 2126166
4.99, 2126166
5.0, 2126166
5.01, 2126166
5.02, 2126166
5.03, 2126166
5.04, 2126166
5.05, 2126166
5.06, 2126166
5.07, 2126166
5.08, 2126166
5.09, 2126166
5.1, 2126166
5.11, 2126166
5.12, 2126166
5.13, 2126166
5.14, 2126166
5.15, 2126166
5.16, 2126166
5.17, 2126166
5.18, 2126166
5.19, 2126166
5.2, 2126166
5.21, 2126166
5.22, 2126166
5.23, 2126166
5.24, 2126166
5.25, 2126166
5.26, 2126166
5.27, 2126166
5.28, 2126166
5.29, 2126166
5.3, 2126166
5.31, 2126166
5.32, 2126166
5.33, 2126166
5.34, 2126166
5.35, 2126166
5.36, 2126166
5.37, 2126166
5.38, 2126166
5.39, 2126166
5.4, 2126166
5.41, 2126166
5.42, 2126166
5.43, 2126166
5.44, 2126166
5.45, 2126166
5.46, 2126166
5.47, 2126166
5.48, 2126166
5.49, 2126166
5.5, 2126166
5.51, 2126166
5.52, 2126166
5.53, 2126166
5.54, 2126166
5.55, 2126166
5.56, 2126166
5.57, 2126166
5.58, 2126166
5.59, 2126166
5.6, 2126166
5.61, 2126166
5.62, 2126166
5.63, 2126166
5.64, 2126166
5.65, 2126166
5.66, 2126166
5.67, 2126166
5.68, 2126166
5.69, 2126166
5.7, 2126166
5.71, 2126166
5.72, 2126166
5.73, 2126166
5.74, 2126166
5.75, 2126166
5.76, 2126166
5.77, 2126166
5.78, 2126166
5.79, 2126166
5.8, 2126166
5.81, 2126166
5.82, 2126166
5.83, 2126166
5.84, 2126166
5.85, 2126166
5.86, 2126166
5.87, 2126166
5.88, 2126166
5.89, 2126166
5.9, 2126166
5.91, 2126166
5.92, 2126166
5.93, 2126166
5.94, 2126166
5.95, 2126166
5.96, 2126166
5.97, 2126166
5.98, 2126166
5.99, 2126166
6.0, 2126166
6.01, 2126166
6.02, 2126166
6.03, 2126166
6.04, 2126166
6.05, 2126166
6.06, 2126166
6.07, 2126166
6.08, 2126166
6.09, 2126166
6.1, 2126166
6.11, 2126166
6.12, 2126166
6.13, 2126166
6.14, 2126166
6.15, 2126166
6.16, 2126166
6.17, 2126166
6.18, 2126166
6.19, 2126166
6.2, 2126166
6.21, 2126166
6.22, 2126166
6.23, 2126166
6.24, 2126166
6.25, 2126166
6.26, 2126166
6.27, 2126166
6.28, 2126166
6.29, 2126166
6.3, 2126166
6.31, 2126166
6.32, 2126166
6.33, 2126166
6.34, 2126166
6.35, 2126166
6.36, 2126166
6.37, 2126166
6.38, 2126166
6.39, 2126166
6.4, 2126166
6.41, 2126166
6.42, 2126166
6.43, 2126166
6.44, 2126166
6.45, 2126166
6.46, 2126166
6.47, 2126166
6.48, 2126166
6.49, 2126166
6.5, 2126166
6.51, 2126166
6.52, 2126166
6.53, 2126166
6.54, 2126166
6.55, 2126166
6.56, 2126166
6.57, 2126166
6.58, 2126166
6.59, 2126166
6.6, 2126166
6.61, 2126166
6.62, 2126166
6.63, 2126166
6.64, 2126166
6.65, 2126166
6.66, 2126166
6.67, 2126166
6.68, 2126166
6.69, 2126166
6.7, 2126166
6.71, 2126166
6.72, 2126166
6.73, 2126166
6.74, 2126166
6.75, 2126166
6.76, 2126166
6.77, 2126166
6.78, 2126166
6.79, 2126166
6.8, 2126166
6.81, 2126166
6.82, 2126166
6.83, 2126166
6.84, 2126166
6.85, 2126166
6.86, 2126166
6.87, 2126166
6.88, 2126166
6.89, 2126166
6.9, 2126166
6.91, 2126166
6.92, 2126166
6.93, 2126166
6.94, 2126166
6.95, 2126166
6.96, 2126166
6.97, 2126166
6.98, 2126166
6.99, 2126166
7.0, 2126166
7.01, 2126166
7.02, 2126166
7.03, 2126166
7.04, 2126166
7.05, 2126166
7.06, 2126166
7.07, 2126166
7.08, 2126166
7.09, 2126166
7.1, 2126166
7.11, 2126166
7.12, 2126166
7.13, 2126166
7.14, 2126166
7.15, 2126166
7.16, 2126166
7.17, 2126166
7.18, 2126166
7.19, 2126166
7.2, 2126166
7.21, 2126166
7.22, 2126166
7.23, 2126166
7.24, 2126166
7.25, 2126166
7.26, 2126166
7.27, 2126166
7.28, 2126166
7.29, 2126166
7.3, 2126166
7.31, 2126166
7.32, 2126166
7.33, 2126166
7.34, 2126166
7.35, 2126166
7.36, 2126166
7.37, 2126166
7.38, 2126166
7.39, 2126166
7.4, 2126166
7.41, 2126166
7.42, 2126166
7.43, 2126166
7.44, 2126166
7.45, 2126166
7.46, 2126166
7.47, 2126166
7.48, 2020816
7.49, 2020816
7.5, 2020816
7.51, 2020816
7.52, 2020816
7.53, 2020816
7.54, 2020816
7.55, 2020816
7.56, 2020816
7.57, 2020816
7.58, 2020816
7.59, 2020816
7.6, 2020816
7.61, 2020816
7.62, 2020816
7.63, 2020816
7.64, 2020816
7.65, 2020816
7.66, 2020816
7.67, 2020816
7.68, 2020816
7.69, 2020816
7.7, 2020816
7.71, 2020816
7.72, 2020816
7.73, 2020816
7.74, 2020816
7.75, 2020816
7.76, 2020816
7.77, 2020816
7.78, 2020816
7.79, 2020816
7.8, 2020816
7.81, 2020816
7.82, 2020816
7.83, 2020816
7.84, 2020816
7.85, 2020816
7.86, 2020816
7.87, 2020816
7.88, 2020816
7.89, 2020816
7.9, 2020816
7.91, 2020816
7.92, 2020816
7.93, 2020816
7.94, 2020816
7.95, 2020816
7.96, 2020816
7.97, 2020816
7.98, 2020816
7.99, 2020816
8.0, 2020816
8.01, 2020816
8.02, 2020816
8.03, 2020816
8.04, 2020816
8.05, 2020816
8.06, 2020816
8.07, 2020816
8.08, 2020816
8.09, 2020816
8.1, 2020816
8.11, 2020816
8.12, 2020816
8.13, 2020816
8.14, 2020816
8.15, 2020816
8.16, 2020816
8.17, 2020816
8.18, 2020816
8.19, 2020816
8.2, 2020816
8.21, 2020816
8.22, 2020816
8.23, 2020816
8.24, 2020816
8.25, 2020816
8.26, 2020816
8.27, 2020816
8.28, 2020816
8.29, 2020816
8.3, 2020816
8.31, 2020816
8.32, 2020816
8.33, 2020816
8.34, 2020816
8.35, 2020816
8.36, 2020816
8.37, 2020816
8.38, 2020816
8.39, 2020816
8.4, 2020816
8.41, 2020816
8.42, 2020816
8.43, 2020816
8.44, 2020816
8.45, 2020816
8.46, 2020816
8.47, 2020816
8.48, 2020816
8.49, 2020816
8.5, 2020816
8.51, 2020816
8.52, 2020816
8.53, 2020816
8.54, 2020816
8.55, 2020816
8.56, 2020816
8.57, 2020816
8.58, 2020816
8.59, 2020816
8.6, 2020816
8.61, 2020816
8.62, 2020816
8.63, 2020816
8.64, 2020816
8.65, 2020816
8.66, 2020816
8.67, 2020816
8.68, 2020816
8.69, 2020816
8.7, 2020816
8.71, 2020816
8.72, 2020816
8.73, 2020816
8.74, 2020816
8.75, 2020816
8.76, 2020816
8.77, 2020816
8.78, 2020816
8.79, 2020816
8.8, 2020816
8.81, 2020816
8.82, 2020816
8.83, 2020816
8.84, 2020816
8.85, 2020816
8.86, 2020816
8.87, 2020816
8.88, 2020816
8.89, 2020816
8.9, 2020816
8.91, 2020816
8.92, 2020816
8.93, 2020816
8.94, 2020816
8.95, 2020816
8.96, 1998155
8.97, 1998155
8.98, 1998155
8.99, 1998155
9.0, 1998155
9.01, 1998155
9.02, 1998155
9.03, 1998155
9.04, 1998155
9.05, 1998155
9.06, 1998155
9.07, 1998155
9.08, 1998155
9.09, 1998155
9.1, 1998155
9.11, 1998155
9.12, 1998155
9.13, 1998155
9.14, 1998155
9.15, 1998155
9.16, 1998155
9.17, 1998155
9.18, 1998155
9.19, 1998155
9.2, 1998155
9.21, 1998155
9.22, 1998155
9.23, 1998155
9.24, 1998155
9.25, 1998155
9.26, 1998155
9.27, 1998155
9.28, 1998155
9.29, 1998155
9.3, 1998155
9.31, 1998155
9.32, 1998155
9.33, 1998155
9.34, 1998155
9.35, 1998155
9.36, 1998155
9.37, 1998155
9.38, 1998155
9.39, 1998155
9.4, 1998155
9.41, 1998155
9.42, 1998155
9.43, 1998155
9.44, 1998155
9.45, 1998155
9.46, 1998155
9.47, 1998155
9.48, 1998155
9.49, 1998155
9.5, 1998155
9.51, 1998155
9.52, 1998155
9.53, 1998155
9.54, 1998155
9.55, 1998155
9.56, 1998155
9.57, 1998155
9.58, 1998155
9.59, 1998155
9.6, 1998155
9.61, 1998155
9.62, 1998155
9.63, 1998155
9.64, 1998155
9.65, 1998155
9.66, 1998155
9.67, 1998155
9.68, 1998155
9.69, 1998155
9.7, 1998155
9.71, 1998155
9.72, 1998155
9.73, 1998155
9.74, 1998155
9.75, 1998155
9.76, 1998155
9.77, 1998155
9.78, 1998155
9.79, 1998155
9.8, 1998155
9.81, 1998155
9.82, 1998155
9.83, 1998155
9.84, 1998155
9.85, 1998155
9.86, 1998155
9.87, 1998155
9.88, 1998155
9.89, 1998155
9.9, 1998155
9.91, 1998155
9.92, 1998155
9.93, 1998155
9.94, 1998155
9.95, 1998155
9.96, 1998155
9.97, 1998155
9.98, 1998155
9.99, 1998155
10.0, 1998155
10.01, 1998155
10.02, 1998155
10.03, 1998155
10.04, 1998155
10.05, 1998155
10.06, 1998155
10.07, 1998155
10.08, 1998155
10.09, 1998155
10.1, 1998155
10.11, 1998155
10.12, 1998155
10.13, 1998155
10.14, 1998155
10.15, 1998155
10.16, 1998155
10.17, 1998155
10.18, 1998155
10.19, 1998155
10.2, 1998155
10.21, 1998155
10.22, 1998155
10.23, 1998155
10.24, 1998155
10.25, 1998155
10.26, 1998155
10.27, 1998155
10.28, 1998155
10.29, 1998155
10.3, 1998155
10.31, 1998155
10.32, 1998155
10.33, 1998155
10.34, 1998155
10.35, 1998155
10.36, 1998155
10.37, 1998155
10.38, 1998155
10.39, 1998155
10.4, 1998155
10.41, 1998155
10.42, 1998155
10.43, 1998155
10.44, 1998155
10.45, 1998155
10.46, 1998155
10.47, 1998155
10.48, 1998155
10.49, 1998155
10.5, 1998155
10.51, 1998155
10.52, 1998155
10.53, 1998155
10.54, 1998155
10.55, 1998155
10.56, 1998155
10.57, 1998155
10.58, 1998155
10.59, 1998155
10.6, 1998155
10.61, 1998155
10.62, 1998155
10.63, 1998155
10.64, 1998155
10.65, 1998155
10.66, 1998155
10.67, 1998155
10.68, 1998155
10.69, 1998155
10.7, 1998155
10.71, 1998155
10.72, 1998155
10.73, 1998155
10.74, 1998155
10.75, 1998155
10.76, 1998155
10.77, 1998155
10.78, 1998155
10.79, 1998155
10.8, 1998155
10.81, 1998155
10.82, 1998155
10.83, 1998155
10.84, 1998155
10.85, 1998155
10.86, 1998155
10.87, 1998155
10.88, 1998155
10.89, 1998155
10.9, 1998155
10.91, 1998155
10.92, 1998155
10.93, 1998155
10.94, 1998155
10.95, 1998155
10.96, 1998155
10.97, 1998155
10.98, 1998155
10.99, 1998155
11.0, 1998155
11.01, 1998155
11.02, 1998155
11.03, 1998155
11.04, 1998155
11.05, 1998155
11.06, 1998155
11.07, 1998155
11.08, 1998155
11.09, 1998155
11.1, 1998155
11.11, 1998155
11.12, 1998155
11.13, 1998155
11.14, 1998155
11.15, 1998155
11.16, 1998155
11.17, 1998155
11.18, 1998155
11.19, 1998155
11.2, 1998155
11.21, 1998155
11.22, 1998155
11.23, 1998155
11.24, 1998155
11.25, 1998155
11.26, 1998155
11.27, 1998155
11.28, 1998155
11.29, 1998155
11.3, 1998155
11.31, 1998155
11.32, 1998155
11.33, 1998155
11.34, 1998155
11.35, 1998155
11.36, 1998155
11.37, 1998155
11.38, 1998155
11.39, 1998155
11.4, 1986981
11.41, 1986981
11.42, 1986981
11.43, 1986981
11.44, 1986981
11.45, 1986981
11.46, 1986981
11.47, 1986981
11.48, 1986981
11.49, 1986981
11.5, 1986981
11.51, 1986981
11.52, 1986981
11.53, 1986981
11.54, 1986981
11.55, 1986981
11.56, 1986981
11.57, 1986981
11.58, 1986981
11.59, 1986981
11.6, 1986981
11.61, 1986981
11.62, 1986981
11.63, 1986981
11.64, 1986981
11.65, 1986981
11.66, 1986981
11.67, 1986981
11.68, 1986981
11.69, 1986981
11.7, 1986981
11.71, 1986981
11.72, 1986981
11.73, 1986981
11.74, 1986981
11.75, 1986981
11.76, 1986981
11.77, 1986981
11.78, 1986981
11.79, 1986981
11.8, 1986981
11.81, 1986981
11.82, 1986981
11.83, 1986981
11.84, 1986981
11.85, 1986981
11.86, 1986981
11.87, 1986981
11.88, 1986981
11.89, 1986981
11.9, 1986981
11.91, 1986981
11.92, 1986981
11.93, 1986981
11.94, 1986981
11.95, 1986981
11.96, 1986981
11.97, 1986981
11.98, 1986981
11.99, 1986981
12.0, 1986981
12.01, 1986981
12.02, 1986981
12.03, 1986981
12.04, 1986981
12.05, 1986981
12.06, 1986981
12.07, 1986981
12.08, 1986981
12.09, 1986981
12.1, 1986981
12.11, 1986981
12.12, 1986981
12.13, 1986981
12.14, 1986981
12.15, 1986981
12.16, 1986981
12.17, 1986981
12.18, 1986981
12.19, 1986981
12.2, 1986981
12.21, 1986981
12.22, 1986981
12.23, 1986981
12.24, 1986981
12.25, 1986981
12.26, 1986981
12.27, 1986981
12.28, 1986981
12.29, 1986981
12.3, 1986981
12.31, 1986981
12.32, 1986981
12.33, 1986981
12.34, 1986981
12.35, 1986981
12.36, 1986981
12.37, 1986981
12.38, 1986981
12.39, 1986981
12.4, 1986981
12.41, 1986981
12.42, 1986981
12.43, 1986981
12.44, 1986981
12.45, 1986981
12.46, 1986981
12.47, 1986981
12.48, 1986981
12.49, 1986981
12.5, 1986981
12.51, 1986981
12.52, 1986981
12.53, 1986981
12.54, 1986981
12.55, 1986981
12.56, 1986981
12.57, 1986981
12.58, 1986981
12.59, 1986981
12.6, 1986981
12.61, 1986981
12.62, 1986981
12.63, 1986981
12.64, 1986981
12.65, 1986981
12.66, 1986981
12.67, 1986981
12.68, 1986981
12.69, 1986981
12.7, 1986981
12.71, 1986981
12.72, 1986981
12.73, 1986981
12.74, 1986981
12.75, 1986981
12.76, 1986981
12.77, 1986981
12.78, 1986981
12.79, 1986981
12.8, 1986981
12.81, 1986981
12.82, 1986981
12.83, 1986981
12.84, 1986981
12.85, 1986981
12.86, 1986981
12.87, 1986981
12.88, 1986981
12.89, 1986981
12.9, 1986981
12.91, 1986981
12.92, 1986981
12.93, 1986981
12.94, 1986981
12.95, 1986981
12.96, 1986981
12.97, 1986981
12.98, 1986981
12.99, 1986981
13.0, 1986981
13.01, 1986981
13.02, 1986981
13.03, 1986981
13.04, 1986981
13.05, 1986981
13.06, 1986981
13.07, 1986981
13.08, 1986981
13.09, 1986981
13.1, 1986981
13.11, 1986981
13.12, 1986981
13.13, 1986981
13.14, 1986981
13.15, 1986981
13.16, 1986981
13.17, 1986981
13.18, 1986981
13.19, 1986981
13.2, 1986981
13.21, 1986981
13.22, 1986981
13.23, 1986981
13.24, 1986981
13.25, 1986981
13.26, 1986981
13.27, 1986981
13.28, 1986981
13.29, 1986981
13.3, 1986981
13.31, 1986981
13.32, 1986981
13.33, 1986981
13.34, 1986981
13.35, 1986981
13.36, 1986981
13.37, 1986981
13.38, 1986981
13.39, 1986981
13.4, 1986981
13.41, 1986981
13.42, 1986981
13.43, 1986981
13.44, 1986981
13.45, 1986981
13.46, 1986981
13.47, 1986981
13.48, 1986981
13.49, 1986981
13.5, 1986981
13.51, 1986981
13.52, 1986981
13.53, 1986981
13.54, 1986981
13.55, 1986981
13.56, 1986981
13.57, 1986981
13.58, 1986981
13.59, 1986981
13.6, 1986981
13.61, 1986981
13.62, 1986981
13.63, 1986981
13.64, 1986981
13.65, 1986981
13.66, 1986981
13.67, 1986981
13.68, 1986981
13.69, 1986981
13.7, 1986981
13.71, 1986981
13.72, 1986981
13.73, 1986981
13.74, 1986981
13.75, 1986981
13.76, 1986981
13.77, 1986981
13.78, 1986981
13.79, 1986981
13.8, 1986981
13.81, 1986981
13.82, 1986981
13.83, 1986981
13.84, 1986981
13.85, 1986981
13.86, 1986981
13.87, 1986981
13.88, 1986981
13.89, 1986981
13.9, 1986981
13.91, 1986981
13.92, 1986981
13.93, 1986981
13.94, 1986981
13.95, 1986981
13.96, 1986981
13.97, 1986981
13.98, 1986981
13.99, 1986981
14.0, 1986981
14.01, 1986981
14.02, 1986981
14.03, 1986981
14.04, 1986981
14.05, 1986981
14.06, 1986981
14.07, 1986981
14.08, 1986981
14.09, 1986981
14.1, 1986981
14.11, 1986981
14.12, 1986981
14.13, 1986981
14.14, 1986981
14.15, 1986981
14.16, 1986981
14.17, 1986981
14.18, 1986981
14.19, 1986981
14.2, 1986981
14.21, 1986981
14.22, 1986981
14.23, 1986981
14.24, 1986981
14.25, 1986981
14.26, 1986981
14.27, 1986981
14.28, 1986981
14.29, 1986981
14.3, 1986981
14.31, 1986981
14.32, 1986981
14.33, 1986981
14.34, 1986981
14.35, 1986981
14.36, 1986981
14.37, 1986981
14.38, 1986981
14.39, 1986981
14.4, 1986981
14.41, 1986981
14.42, 1986981
14.43, 1986981
14.44, 1986981
14.45, 1986981
14.46, 1986981
14.47, 1986981
14.48, 1986981
14.49, 1986981
14.5, 1986981
14.51, 1986981
14.52, 1986981
14.53, 1986981
14.54, 1986981
14.55, 1986981
14.56, 1986981
14.57, 1986981
14.58, 1986981
14.59, 1986981
14.6, 1986981
14.61, 1986981
14.62, 1986981
14.63, 1986981
14.64, 1986981
14.65, 1986981
14.66, 1986981
14.67, 1986981
14.68, 1986981
14.69, 1986981
14.7, 1986981
14.71, 1986981
14.72, 1986981
14.73, 1986981
14.74, 1986981
14.75, 1986981
14.76, 1986981
14.77, 1986981
14.78, 1986981
14.79, 1986981
14.8, 1986981
14.81, 1986981
14.82, 1986981
14.83, 1986981
14.84, 1986981
14.85, 1986981
14.86, 1986981
14.87, 1986981
14.88, 1986981
14.89, 1986981
14.9, 1986981
14.91, 1986981
14.92, 1986981
14.93, 1986981
14.94, 1986981
14.95, 1986981
14.96, 1986981
14.97, 1986981
14.98, 1986981
14.99, 1986981
15.0, 1986981
15.01, 1986981
15.02, 1986981
15.03, 1986981
15.04, 1986981
15.05, 1986981
15.06, 1986981
15.07, 1986981
15.08, 1986981
15.09, 1986981
15.1, 1986981
15.11, 1986981
15.12, 1986981
15.13, 1986981
15.14, 1986981
15.15, 1986981
15.16, 1986981
15.17, 1986981
15.18, 1986981
15.19, 1986981
15.2, 1986981
15.21, 1986981
15.22, 1986981
15.23, 1986981
15.24, 1986981
15.25, 1986981
15.26, 1986981
15.27, 1986981
15.28, 1986981
15.29, 1986981
15.3, 1986981
15.31, 1986981
15.32, 1986981
15.33, 1986981
15.34, 1986981
15.35, 1986981
15.36, 1986981
15.37, 1986981
15.38, 1986981
15.39, 1986981
15.4, 1986981
15.41, 1986981
15.42, 1986981
15.43, 1986981
15.44, 1986981
15.45, 1986981
15.46, 1986981
15.47, 1986981
15.48, 1986981
15.49, 1986981
15.5, 1986981
15.51, 1986981
15.52, 1986981
15.53, 1986981
15.54, 1986981
15.55, 1986981
15.56, 1986981
15.57, 1986981
15.58, 1986981
15.59, 1986981
15.6, 1986981
15.61, 1986981
15.62, 1986981
15.63, 1986981
15.64, 1986981
15.65, 1986981
15.66, 1986981
15.67, 1986981
15.68, 1986981
15.69, 1986981
15.7, 1986981
15.71, 1986981
15.72, 1986981
15.73, 1986981
15.74, 1986981
15.75, 1986981
15.76, 1986981
15.77, 1986981
15.78, 1986981
15.79, 1986981
15.8, 1986981
15.81, 1986981
15.82, 1986981
15.83, 1986981
15.84, 1986981
15.85, 1986981
15.86, 1986981
15.87, 1986981
15.88, 1986981
15.89, 1986981
15.9, 1986981
15.91, 1986981
15.92, 1986981
15.93, 1986981
15.94, 1986981
15.95, 1986981
15.96, 1986981
15.97, 1986981
15.98, 1986981
15.99, 1986981
16.0, 1986981
16.01, 1986981
16.02, 1986981
16.03, 1986981
16.04, 1986981
16.05, 1986981
16.06, 1986981
16.07, 1986981
16.08, 1986981
16.09, 1986981
16.1, 1986981
16.11, 1986981
16.12, 1986981
16.13, 1986981
16.14, 1986981
16.15, 1986981
16.16, 1986981
16.17, 1986981
16.18, 1986981
16.19, 1986981
16.2, 1986981
16.21, 1986981
16.22, 1986981
16.23, 1986981
16.24, 1986981
16.25, 1986981
16.26, 1986981
16.27, 1986981
16.28, 1986981
16.29, 1986981
16.3, 1986981
16.31, 1986981
16.32, 1986981
16.33, 1986981
16.34, 1986981
16.35, 1986981
16.36, 1986981
16.37, 1986981
16.38, 1986981
16.39, 1986981
16.4, 1986981
16.41, 1986981
16.42, 1986981
16.43, 1986981
16.44, 1986981
16.45, 1986981
16.46, 1986981
16.47, 1986981
16.48, 1986981
16.49, 1986981
16.5, 1986981
16.51, 1986981
16.52, 1986981
16.53, 1986981
16.54, 1986981
16.55, 1986981
16.56, 1986981
16.57, 1986981
16.58, 1986981
16.59, 1986981
16.6, 1986981
16.61, 1986981
16.62, 1986981
16.63, 1986981
16.64, 1986981
16.65, 1986981
16.66, 1986981
16.67, 1986981
16.68, 1986981
16.69, 1986981
16.7, 1986981
16.71, 1986981
16.72, 1986981
16.73, 1986981
16.74, 1986981
16.75, 1986981
16.76, 1986981
16.77, 1986981
16.78, 1986981
16.79, 1986981
16.8, 1986981
16.81, 1986981
16.82, 1986981
16.83, 1986981
16.84, 1986981
16.85, 1986981
16.86, 1986981
16.87, 1986981
16.88, 1986981
16.89, 1986981
16.9, 1986981
16.91, 1986981
16.92, 1986981
16.93, 1986981
16.94, 1986981
16.95, 1986981
16.96, 1986981
16.97, 1986981
16.98, 1986981
16.99, 1986981
17.0, 1986981
17.01, 1986981
17.02, 1986981
17.03, 1986981
17.04, 1986981
17.05, 1986981
17.06, 1986981
17.07, 1986981
17.08, 1986981
17.09, 1986981
17.1, 1986981
17.11, 1986981
17.12, 1986981
17.13, 1986981
17.14, 1986981
17.15, 1986981
17.16, 1986981
17.17, 1986981
17.18, 1986981
17.19, 1986981
17.2, 1986981
17.21, 1986981
17.22, 1986981
17.23, 1986981
17.24, 1986981
17.25, 1986981
17.26, 1986981
17.27, 1986981
17.28, 1986981
17.29, 1986981
17.3, 1986981
17.31, 1986981
17.32, 1986981
17.33, 1986981
17.34, 1986981
17.35, 1986981
17.36, 1986981
17.37, 1986981
17.38, 1986981
17.39, 1986981
17.4, 1986981
17.41, 1986981
17.42, 1986981
17.43, 1986981
17.44, 1986981
17.45, 1986981
17.46, 1986981
17.47, 1986981
17.48, 1986981
17.49, 1986981
17.5, 1986981
17.51, 1986981
17.52, 1986981
17.53, 1986981
17.54, 1986981
17.55, 1986981
17.56, 1986981
17.57, 1986981
17.58, 1986981
17.59, 1986981
17.6, 1986981
17.61, 1986981
17.62, 1986981
17.63, 1986981
17.64, 1986981
17.65, 1986981
17.66, 1986981
17.67, 1986981
17.68, 1986981
17.69, 1986981
17.7, 1986981
17.71, 1986981
17.72, 1986981
17.73, 1986981
17.74, 1986981
17.75, 1986981
17.76, 1986981
17.77, 1986981
17.78, 1986981
17.79, 1986981
17.8, 1986981
17.81, 1986981
17.82, 1986981
17.83, 1986981
17.84, 1986981
17.85, 1986981
17.86, 1986981
17.87, 1986981
17.88, 1986981
17.89, 1986981
17.9, 1986981
17.91, 1986981
17.92, 1986981
17.93, 1986981
17.94, 1986981
17.95, 1986981
17.96, 1986981
17.97, 1986981
17.98, 1986981
17.99, 1986981
18.0, 1986981
18.01, 1986981
18.02, 1986981
18.03, 1986981
18.04, 1986981
18.05, 1986981
18.06, 1986981
18.07, 1986981
18.08, 1986981
18.09, 1986981
18.1, 1986981
18.11, 1986981
18.12, 1986981
18.13, 1986981
18.14, 1986981
18.15, 1986981
18.16, 1986981
18.17, 1986981
18.18, 1986981
18.19, 1986981
18.2, 1986981
18.21, 1986981
18.22, 1986981
18.23, 1986981
18.24, 1986981
18.25, 1986981
18.26, 1986981
18.27, 1986981
18.28, 1986981
18.29, 1986981
18.3, 1986981
18.31, 1986981
18.32, 1986981
18.33, 1986981
18.34, 1986981
18.35, 1986981
18.36, 1986981
18.37, 1986981
18.38, 1986981
18.39, 1986981
18.4, 1986981
18.41, 1986981
18.42, 1986981
18.43, 1986981
18.44, 1986981
18.45, 1986981
18.46, 1986981
18.47, 1986981
18.48, 1986981
18.49, 1986981
18.5, 1986981
18.51, 1986981
18.52, 1986981
18.53, 1986981
18.54, 1986981
18.55, 1986981
18.56, 1986981
18.57, 1986981
18.58, 1986981
18.59, 1986981
18.6, 1986981
18.61, 1986981
18.62, 1986981
18.63, 1986981
18.64, 1986981
18.65, 1986981
18.66, 1986981
18.67, 1986981
18.68, 1986981
18.69, 1986981
18.7, 1986981
18.71, 1986981
18.72, 1986981
18.73, 1986981
18.74, 1986981
18.75, 1986981
18.76, 1986981
18.77, 1986981
18.78, 1986981
18.79, 1986981
18.8, 1986981
18.81, 1986981
18.82, 1986981
18.83, 1986981
18.84, 1986981
18.85, 1986981
18.86, 1986981
18.87, 1986981
18.88, 1986981
18.89, 1986981
18.9, 1986981
18.91, 1986981
18.92, 1986981
18.93, 1986981
18.94, 1986981
18.95, 1986981
18.96, 1986981
18.97, 1986981
18.98, 1986981
18.99, 1986981
19.0, 1986981
19.01, 1986981
19.02, 1986981
19.03, 1986981
19.04, 1986981
19.05, 1986981
19.06, 1986981
19.07, 1986981
19.08, 1986981
19.09, 1986981
19.1, 1986981
19.11, 1986981
19.12, 1986981
19.13, 1986981
19.14, 1986981
19.15, 1986981
19.16, 1986981
19.17, 1986981
19.18, 1986981
19.19, 1986981
19.2, 1986981
19.21, 1986981
19.22, 1986981
19.23, 1986981
19.24, 1986981
19.25, 1986981
19.26, 1986981
19.27, 1986981
19.28, 1986981
19.29, 1986981
19.3, 1986981
19.31, 1986981
19.32, 1986981
19.33, 1986981
19.34, 1986981
19.35, 1986981
19.36, 1986981
19.37, 1986981
19.38, 1986981
19.39, 1986981
19.4, 1986981
19.41, 1986981
19.42, 1986981
19.43, 1986981
19.44, 1986981
19.45, 1986981
19.46, 1986981
19.47, 1986981
19.48, 1986981
19.49, 1986981
19.5, 1986981
19.51, 1986981
19.52, 1986981
19.53, 1986981
19.54, 1986981
19.55, 1986981
19.56, 1986981
19.57, 1986981
19.58, 1986981
19.59, 1986981
19.6, 1986981
19.61, 1986981
19.62, 1986981
19.63, 1986981
19.64, 1986981
19.65, 1986981
19.66, 1986981
19.67, 1986981
19.68, 1986981
19.69, 1986981
19.7, 1986981
19.71, 1986981
19.72, 1986981
19.73, 1986981
19.74, 1986981
19.75, 1986981
19.76, 1986981
19.77, 1986981
19.78, 1986981
19.79, 1986981
19.8, 1986981
19.81, 1986981
19.82, 1986981
19.83, 1986981
19.84, 1986981
19.85, 1986981
19.86, 1986981
19.87, 1986981
19.88, 1986981
19.89, 1986981
19.9, 1986981
19.91, 1986981
19.92, 1986981
19.93, 1986981
19.94, 1986981
19.95, 1986981
19.96, 1986981
19.97, 1986981
19.98, 1986981
19.99, 1986981
20.0, 1986981
20.01, 1986981
20.02, 1986981
20.03, 1986981
20.04, 1986981
20.05, 1986981
20.06, 1986981
20.07, 1986981
20.08, 1986981
20.09, 1986981
20.1, 1986981
20.11, 1986981
20.12, 1986981
20.13, 1986981
20.14, 1986981
20.15, 1986981
20.16, 1986981
20.17, 1986981
20.18, 1986981
20.19, 1986981
20.2, 1986981
20.21, 1986981
20.22, 1986981
20.23, 1986981
20.24, 1986981
20.25, 1986981
20.26, 1986981
20.27, 1986981
20.28, 1986981
20.29, 1986981
20.3, 1986981
20.31, 1986981
20.32, 1986981
20.33, 1986981
20.34, 1986981
20.35, 1986981
20.36, 1986981
20.37, 1986981
20.38, 1986981
20.39, 1986981
20.4, 1986981
20.41, 1986981
20.42, 1986981
20.43, 1986981
20.44, 1986981
20.45, 1986981
20.46, 1986981
20.47, 1986981
20.48, 1986981
20.49, 1986981
20.5, 1986981
20.51, 1986981
20.52, 1986981
20.53, 1986981
20.54, 1986981
20.55, 1986981
20.56, 1986981
20.57, 1986981
20.58, 1986981
20.59, 1986981
20.6, 1986981
20.61, 1986981
20.62, 1986981
20.63, 1986981
20.64, 1986981
20.65, 1986981
20.66, 1986981
20.67, 1986981
20.68, 1986981
20.69, 1986981
20.7, 1986981
20.71, 1986981
20.72, 1986981
20.73, 1986981
20.74, 1986981
20.75, 1986981
20.76, 1986981
20.77, 1986981
20.78, 1986981
20.79, 1986981
20.8, 1986981
20.81, 1986981
20.82, 1986981
20.83, 1986981
20.84, 1986981
20.85, 1986981
20.86, 1986981
20.87, 1986981
20.88, 1986981
20.89, 1986981
20.9, 1986981
20.91, 1986981
20.92, 1986981
20.93, 1986981
20.94, 1986981
20.95, 1986981
20.96, 1986981
20.97, 1986981
20.98, 1986981
20.99, 1986981
21.0, 1986981
21.01, 1986981
21.02, 1986981
21.03, 1986981
21.04, 1986981
21.05, 1986981
21.06, 1986981
21.07, 1986981
21.08, 1986981
21.09, 1986981
21.1, 1986981
21.11, 1986981
21.12, 1986981
21.13, 1986981
21.14, 1986981
21.15, 1986981
21.16, 1986981
21.17, 1986981
21.18, 1986981
21.19, 1986981
21.2, 1986981
21.21, 1986981
21.22, 1986981
21.23, 1986981
21.24, 1986981
21.25, 1986981
21.26, 1986981
21.27, 1986981
21.28, 1986981
21.29, 1986981
21.3, 1986981
21.31, 1986981
21.32, 1986981
21.33, 1986981
21.34, 1986981
21.35, 1986981
21.36, 1986981
21.37, 1986981
21.38, 1986981
21.39, 1986981
21.4, 1986981
21.41, 1986981
21.42, 1986981
21.43, 1986981
21.44, 1986981
21.45, 1986981
21.46, 1986981
21.47, 1986981
21.48, 1986981
21.49, 1986981
21.5, 1986981
21.51, 1986981
21.52, 1986981
21.53, 1986981
21.54, 1986981
21.55, 1986981
21.56, 1986981
21.57, 1986981
21.58, 1986981
21.59, 1986981
21.6, 1986981
21.61, 1986981
21.62, 1986981
21.63, 1986981
21.64, 1986981
21.65, 1986981
21.66, 1986981
21.67, 1986981
21.68, 1986981
21.69, 1986981
21.7, 1986981
21.71, 1986981
21.72, 1986981
21.73, 1986981
21.74, 1986981
21.75, 1986981
21.76, 1986981
21.77, 1986981
21.78, 1986981
21.79, 1986981
21.8, 1986981
21.81, 1986981
21.82, 1986981
21.83, 1986981
21.84, 1986981
21.85, 1986981
21.86, 1986981
21.87, 1986981
21.88, 1986981
21.89, 1986981
21.9, 1986981
21.91, 1986981
21.92, 1986981
21.93, 1986981
21.94, 1986981
21.95, 1986981
21.96, 1986981
21.97, 1986981
21.98, 1986981
21.99, 1986981
22.0, 1986981
22.01, 1986981
22.02, 1986981
22.03, 1986981
22.04, 1986981
22.05, 1986981
22.06, 1986981
22.07, 1986981
22.08, 1986981
22.09, 1986981
22.1, 1986981
22.11, 1986981
22.12, 1986981
22.13, 1986981
22.14, 1986981
22.15, 1986981
22.16, 1986981
22.17, 1986981
22.18, 1986981
22.19, 1986981
22.2, 1986981
22.21, 1986981
22.22, 1986981
22.23, 1986981
22.24, 1986981
22.25, 1986981
22.26, 1986981
22.27, 1986981
22.28, 1986981
22.29, 1986981
22.3, 1986981
22.31, 1986981
22.32, 1986981
22.33, 1986981
22.34, 1986981
22.35, 1986981
22.36, 1986981
22.37, 1986981
22.38, 1986981
22.39, 1986981
22.4, 1986981
22.41, 1986981
22.42, 1986981
22.43, 1986981
22.44, 1986981
22.45, 1986981
22.46, 1986981
22.47, 1986981
22.48, 1986981
22.49, 1986981
22.5, 1986981
22.51, 1986981
22.52, 1986981
22.53, 1986981
22.54, 1986981
22.55, 1986981
22.56, 1986981
22.57, 1986981
22.58, 1986981
22.59, 1986981
22.6, 1986981
22.61, 1986981
22.62, 1986981
22.63, 1986981
22.64, 1986981
22.65, 1986981
22.66, 1986981
22.67, 1986981
22.68, 1986981
22.69, 1986981
22.7, 1986981
22.71, 1986981
22.72, 1986981
22.73, 1986981
22.74, 1986981
22.75, 1986981
22.76, 1986981
22.77, 1986981
22.78, 1986981
22.79, 1986981
22.8, 1986981
22.81, 1986981
22.82, 1986981
22.83, 1986981
22.84, 1986981
22.85, 1986981
22.86, 1986981
22.87, 1986981
22.88, 1986981
22.89, 1986981
22.9, 1986981
22.91, 1986981
22.92, 1986981
22.93, 1986981
22.94, 1986981
22.95, 1986981
22.96, 1986981
22.97, 1986981
22.98, 1986981
22.99, 1986981
23.0, 1986981
23.01, 1986981
23.02, 1986981
23.03, 1986981
23.04, 1986981
23.05, 1986981
23.06, 1986981
23.07, 1986981
23.08, 1986981
23.09, 1986981
23.1, 1986981
23.11, 1986981
23.12, 1986981
23.13, 1986981
23.14, 1986981
23.15, 1986981
23.16, 1986981
23.17, 1986981
23.18, 1986981
23.19, 1986981
23.2, 1986981
23.21, 1986981
23.22, 1986981
23.23, 1986981
23.24, 1986981
23.25, 1986981
23.26, 1986981
23.27, 1986981
23.28, 1986981
23.29, 1986981
23.3, 1986981
23.31, 1986981
23.32, 1986981
23.33, 1986981
23.34, 1986981
23.35, 1986981
23.36, 1986981
23.37, 1986981
23.38, 1986981
23.39, 1986981
23.4, 1986981
23.41, 1986981
23.42, 1986981
23.43, 1986981
23.44, 1986981
23.45, 1986981
23.46, 1986981
23.47, 1986981
23.48, 1986981
23.49, 1986981
23.5, 1986981
23.51, 1986981
23.52, 1986981
23.53, 1986981
23.54, 1986981
23.55, 1986981
23.56, 1986981
23.57, 1986981
23.58, 1986981
23.59, 1986981
23.6, 1986981
23.61, 1986981
23.62, 1986981
23.63, 1986981
23.64, 1986981
23.65, 1986981
23.66, 1986981
23.67, 1986981
23.68, 1986981
23.69, 1986981
23.7, 1986981
23.71, 1986981
23.72, 1986981
23.73, 1986981
23.74, 1986981
23.75, 1986981
23.76, 1986981
23.77, 1986981
23.78, 1986981
23.79, 1986981
23.8, 1986981
23.81, 1986981
23.82, 1986981
23.83, 1986981
23.84, 1986981
23.85, 1986981
23.86, 1986981
23.87, 1986981
23.88, 1986981
23.89, 1986981
23.9, 1986981
23.91, 1986981
23.92, 1986981
23.93, 1986981
23.94, 1986981
23.95, 1986981
23.96, 1986981
23.97, 1986981
23.98, 1986981
23.99, 1986981
24.0, 1986981
24.01, 1986981
24.02, 1986981
24.03, 1986981
24.04, 1986981
24.05, 1986981
24.06, 1986981
24.07, 1986981
24.08, 1986981
24.09, 1986981
24.1, 1986981
24.11, 1986981
24.12, 1986981
24.13, 1986981
24.14, 1986981
24.15, 1986981
24.16, 1986981
24.17, 1986981
24.18, 1986981
24.19, 1986981
24.2, 1986981
24.21, 1986981
24.22, 1986981
24.23, 1986981
24.24, 1986981
24.25, 1986981
24.26, 1986981
24.27, 1986981
24.28, 1986981
24.29, 1986981
24.3, 1986981
24.31, 1986981
24.32, 1986981
24.33, 1986981
24.34, 1986981
24.35, 1986981
24.36, 1986981
24.37, 1986981
24.38, 1986981
24.39, 1986981
24.4, 1986981
24.41, 1986981
24.42, 1986981
24.43, 1986981
24.44, 1986981
24.45, 1986981
24.46, 1986981
24.47, 1986981
24.48, 1986981
24.49, 1986981
24.5, 1986981
24.51, 1986981
24.52, 1986981
24.53, 1986981
24.54, 1986981
24.55, 1986981
24.56, 1986981
24.57, 1986981
24.58, 1986981
24.59, 1986981
24.6, 1986981
24.61, 1986981
24.62, 1986981
24.63, 1986981
24.64, 1986981
24.65, 1986981
24.66, 1986981
24.67, 1986981
24.68, 1986981
24.69, 1986981
24.7, 1986981
24.71, 1986981
24.72, 1986981
24.73, 1986981
24.74, 1986981
24.75, 1986981
24.76, 1986981
24.77, 1986981
24.78, 1986981
24.79, 1986981
24.8, 1986981
24.81, 1986981
24.82, 1986981
24.83, 1986981
24.84, 1986981
24.85, 1986981
24.86, 1986981
24.87, 1986981
24.88, 1986981
24.89, 1986981
24.9, 1986981
24.91, 1986981
24.92, 1986981
24.93, 1986981
24.94, 1986981
24.95, 1986981
24.96, 1986981
24.97, 1986981
24.98, 1986981
24.99, 1986981
25.0, 1986981
25.01, 1986981
25.02, 1986981
25.03, 1986981
25.04, 1986981
25.05, 1986981
25.06, 1986981
25.07, 1986981
25.08, 1986981
25.09, 1986981
25.1, 1986981
25.11, 1986981
25.12, 1986981
25.13, 1986981
25.14, 1986981
25.15, 1986981
25.16, 1986981
25.17, 1986981
25.18, 1986981
25.19, 1986981
25.2, 1986981
25.21, 1986981
25.22, 1986981
25.23, 1986981
25.24, 1986981
25.25, 1986981
25.26, 1986981
25.27, 1986981
25.28, 1986981
25.29, 1986981
25.3, 1986981
25.31, 1986981
25.32, 1986981
25.33, 1986981
25.34, 1986981
25.35, 1986981
25.36, 1986981
25.37, 1986981
25.38, 1986981
25.39, 1986981
25.4, 1986981
25.41, 1986981
25.42, 1986981
25.43, 1986981
25.44, 1986981
25.45, 1986981
25.46, 1986981
25.47, 1986981
25.48, 1986981
25.49, 1986981
25.5, 1986981
25.51, 1986981
25.52, 1986981
25.53, 1986981
25.54, 1986981
25.55, 1986981
25.56, 1986981
25.57, 1986981
25.58, 1986981
25.59, 1986981
25.6, 1986981
25.61, 1986981
25.62, 1986981
25.63, 1986981
25.64, 1986981
25.65, 1986981
25.66, 1986981
25.67, 1986981
25.68, 1986981
25.69, 1986981
25.7, 1986981
25.71, 1986981
25.72, 1986981
25.73, 1986981
25.74, 1986981
25.75, 1986981
25.76, 1986981
25.77, 1986981
25.78, 1986981
25.79, 1986981
25.8, 1986981
25.81, 1986981
25.82, 1986981
25.83, 1986981
25.84, 1986981
25.85, 1986981
25.86, 1986981
25.87, 1986981
25.88, 1986981
25.89, 1986981
25.9, 1986981
25.91, 1986981
25.92, 1986981
25.93, 1986981
25.94, 1986981
25.95, 1986981
25.96, 1986981
25.97, 1986981
25.98, 1986981
25.99, 1986981
26.0, 1986981
26.01, 1986981
26.02, 1986981
26.03, 1986981
26.04, 1986981
26.05, 1986981
26.06, 1986981
26.07, 1986981
26.08, 1986981
26.09, 1986981
26.1, 1986981
26.11, 1986981
26.12, 1986981
26.13, 1986981
26.14, 1986981
26.15, 1986981
26.16, 1986981
26.17, 1986981
26.18, 1986981
26.19, 1986981
26.2, 1986981
26.21, 1986981
26.22, 1986981
26.23, 1986981
26.24, 1986981
26.25, 1986981
26.26, 1986981
26.27, 1986981
26.28, 1986981
26.29, 1986981
26.3, 1986981
26.31, 1986981
26.32, 1986981
26.33, 1986981
26.34, 1986981
26.35, 1986981
26.36, 1986981
26.37, 1986981
26.38, 1986981
26.39, 1986981
26.4, 1986981
26.41, 1986981
26.42, 1986981
26.43, 1986981
26.44, 1986981
26.45, 1986981
26.46, 1986981
26.47, 1986981
26.48, 1986981
26.49, 1986981
26.5, 1986981
26.51, 1986981
26.52, 1986981
26.53, 1986981
26.54, 1986981
26.55, 1986981
26.56, 1986981
26.57, 1986981
26.58, 1986981
26.59, 1986981
26.6, 1986981
26.61, 1986981
26.62, 1986981
26.63, 1986981
26.64, 1986981
26.65, 1986981
26.66, 1966423
26.67, 1966423
26.68, 1966423
26.69, 1966423
26.7, 1966423
26.71, 1966423
26.72, 1966423
26.73, 1966423
26.74, 1966423
26.75, 1966423
26.76, 1966423
26.77, 1966423
26.78, 1966423
26.79, 1966423
26.8, 1966423
26.81, 1966423
26.82, 1966423
26.83, 1966423
26.84, 1966423
26.85, 1966423
26.86, 1966423
26.87, 1966423
26.88, 1966423
26.89, 1966423
26.9, 1966423
26.91, 1966423
26.92, 1966423
26.93, 1966423
26.94, 1966423
26.95, 1966423
26.96, 1966423
26.97, 1966423
26.98, 1966423
26.99, 1966423
27.0, 1966423
27.01, 1966423
27.02, 1966423
27.03, 1966423
27.04, 1966423
27.05, 1966423
27.06, 1966423
27.07, 1966423
27.08, 1966423
27.09, 1966423
27.1, 1966423
27.11, 1966423
27.12, 1966423
27.13, 1966423
27.14, 1966423
27.15, 1966423
27.16, 1966423
27.17, 1966423
27.18, 1966423
27.19, 1966423
27.2, 1966423
27.21, 1966423
27.22, 1966423
27.23, 1966423
27.24, 1966423
27.25, 1966423
27.26, 1966423
27.27, 1966423
27.28, 1966423
27.29, 1966423
27.3, 1966423
27.31, 1966423
27.32, 1966423
27.33, 1966423
27.34, 1966423
27.35, 1966423
27.36, 1966423
27.37, 1966423
27.38, 1966423
27.39, 1966423
27.4, 1966423
27.41, 1966423
27.42, 1966423
27.43, 1966423
27.44, 1966423
27.45, 1966423
27.46, 1966423
27.47, 1966423
27.48, 1966423
27.49, 1966423
27.5, 1966423
27.51, 1966423
27.52, 1966423
27.53, 1966423
27.54, 1966423
27.55, 1966423
27.56, 1966423
27.57, 1966423
27.58, 1966423
27.59, 1966423
27.6, 1966423
27.61, 1966423
27.62, 1966423
27.63, 1966423
27.64, 1966423
27.65, 1966423
27.66, 1966423
27.67, 1966423
27.68, 1966423
27.69, 1966423
27.7, 1966423
27.71, 1966423
27.72, 1966423
27.73, 1966423
27.74, 1966423
27.75, 1966423
27.76, 1966423
27.77, 1966423
27.78, 1966423
27.79, 1966423
27.8, 1966423
27.81, 1966423
27.82, 1966423
27.83, 1966423
27.84, 1966423
27.85, 1966423
27.86, 1966423
27.87, 1966423
27.88, 1966423
27.89, 1966423
27.9, 1966423
27.91, 1966423
27.92, 1966423
27.93, 1966423
27.94, 1966423
27.95, 1966423
27.96, 1966423
27.97, 1966423
27.98, 1966423
27.99, 1966423
28.0, 1966423
28.01, 1966423
28.02, 1966423
28.03, 1966423
28.04, 1966423
28.05, 1966423
28.06, 1966423
28.07, 1966423
28.08, 1966423
28.09, 1966423
28.1, 1966423
28.11, 1966423
28.12, 1966423
28.13, 1966423
28.14, 1966423
28.15, 1966423
28.16, 1966423
28.17, 1966423
28.18, 1966423
28.19, 1966423
28.2, 1966423
28.21, 1966423
28.22, 1966423
28.23, 1966423
28.24, 1966423
28.25, 1966423
28.26, 1966423
28.27, 1966423
28.28, 1966423
28.29, 1966423
28.3, 1966423
28.31, 1966423
28.32, 1966423
28.33, 1966423
28.34, 1966423
28.35, 1966423
28.36, 1966423
28.37, 1966423
28.38, 1966423
28.39, 1966423
28.4, 1966423
28.41, 1966423
28.42, 1966423
28.43, 1966423
28.44, 1966423
28.45, 1966423
28.46, 1966423
28.47, 1966423
28.48, 1966423
28.49, 1966423
28.5, 1966423
28.51, 1966423
28.52, 1966423
28.53, 1966423
28.54, 1966423
28.55, 1966423
28.56, 1966423
28.57, 1966423
28.58, 1966423
28.59, 1966423
28.6, 1966423
28.61, 1966423
28.62, 1966423
28.63, 1966423
28.64, 1966423
28.65, 1966423
28.66, 1966423
28.67, 1966423
28.68, 1966423
28.69, 1966423
28.7, 1966423
28.71, 1966423
28.72, 1966423
28.73, 1966423
28.74, 1966423
28.75, 1966423
28.76, 1966423
28.77, 1966423
28.78, 1966423
28.79, 1966423
28.8, 1966423
28.81, 1966423
28.82, 1966423
28.83, 1966423
28.84, 1966423
28.85, 1966423
28.86, 1966423
28.87, 1966423
28.88, 1966423
28.89, 1966423
28.9, 1966423
28.91, 1966423
28.92, 1966423
28.93, 1966423
28.94, 1966423
28.95, 1966423
28.96, 1966423
28.97, 1966423
28.98, 1966423
28.99, 1966423
29.0, 1966423
29.01, 1966423
29.02, 1966423
29.03, 1966423
29.04, 1966423
29.05, 1966423
29.06, 1966423
29.07, 1966423
29.08, 1966423
29.09, 1966423
29.1, 1966423
29.11, 1966423
29.12, 1966423
29.13, 1966423
29.14, 1966423
29.15, 1966423
29.16, 1966423
29.17, 1966423
29.18, 1966423
29.19, 1966423
29.2, 1966423
29.21, 1966423
29.22, 1966423
29.23, 1966423
29.24, 1966423
29.25, 1966423
29.26, 1966423
29.27, 1966423
29.28, 1966423
29.29, 1966423
29.3, 1966423
29.31, 1966423
29.32, 1966423
29.33, 1966423
29.34, 1966423
29.35, 1966423
29.36, 1966423
29.37, 1966423
29.38, 1966423
29.39, 1966423
29.4, 1966423
29.41, 1966423
29.42, 1966423
29.43, 1966423
29.44, 1966423
29.45, 1966423
29.46, 1966423
29.47, 1966423
29.48, 1966423
29.49, 1966423
29.5, 1966423
29.51, 1966423
29.52, 1966423
29.53, 1966423
29.54, 1966423
29.55, 1966423
29.56, 1966423
29.57, 1966423
29.58, 1966423
29.59, 1966423
29.6, 1966423
29.61, 1966423
29.62, 1966423
29.63, 1966423
29.64, 1966423
29.65, 1966423
29.66, 1966423
29.67, 1966423
29.68, 1966423
29.69, 1966423
29.7, 1966423
29.71, 1966423
29.72, 1966423
29.73, 1966423
29.74, 1966423
29.75, 1966423
29.76, 1966423
29.77, 1966423
29.78, 1966423
29.79, 1966423
29.8, 1966423
29.81, 1966423
29.82, 1966423
29.83, 1966423
29.84, 1966423
29.85, 1966423
29.86, 1966423
29.87, 1966423
29.88, 1966423
29.89, 1966423
29.9, 1966423
29.91, 1966423
29.92, 1966423
29.93, 1966423
29.94, 1966423
29.95, 1966423
29.96, 1966423
29.97, 1966423
29.98, 1966423
29.99, 1966423
30.0, 1966423
30.01, 1966423
30.02, 1966423
30.03, 1966423
30.04, 1966423
30.05, 1966423
30.06, 1966423
30.07, 1966423
30.08, 1966423
30.09, 1966423
30.1, 1966423
30.11, 1966423
30.12, 1966423
30.13, 1966423
30.14, 1966423
30.15, 1966423
30.16, 1966423
30.17, 1966423
30.18, 1966423
30.19, 1966423
30.2, 1966423
30.21, 1966423
30.22, 1966423
30.23, 1966423
30.24, 1966423
30.25, 1966423
30.26, 1966423
30.27, 1966423
30.28, 1966423
30.29, 1966423
30.3, 1966423
30.31, 1966423
30.32, 1966423
30.33, 1966423
30.34, 1966423
30.35, 1966423
30.36, 1966423
30.37, 1966423
30.38, 1966423
30.39, 1966423
30.4, 1966423
30.41, 1966423
30.42, 1966423
30.43, 1966423
30.44, 1966423
30.45, 1966423
30.46, 1966423
30.47, 1966423
30.48, 1966423
30.49, 1966423
30.5, 1966423
30.51, 1966423
30.52, 1966423
30.53, 1966423
30.54, 1966423
30.55, 1966423
30.56, 1966423
30.57, 1966423
30.58, 1966423
30.59, 1966423
30.6, 1966423
30.61, 1966423
30.62, 1966423
30.63, 1966423
30.64, 1966423
30.65, 1966423
30.66, 1966423
30.67, 1966423
30.68, 1966423
30.69, 1966423
30.7, 1966423
30.71, 1966423
30.72, 1966423
30.73, 1966423
30.74, 1966423
30.75, 1966423
30.76, 1966423
30.77, 1966423
30.78, 1966423
30.79, 1966423
30.8, 1966423
30.81, 1966423
30.82, 1966423
30.83, 1966423
30.84, 1966423
30.85, 1966423
30.86, 1966423
30.87, 1966423
30.88, 1966423
30.89, 1966423
30.9, 1966423
30.91, 1966423
30.92, 1966423
30.93, 1966423
30.94, 1966423
30.95, 1966423
30.96, 1966423
30.97, 1966423
30.98, 1966423
30.99, 1966423
31.0, 1966423
31.01, 1966423
31.02, 1966423
31.03, 1966423
31.04, 1966423
31.05, 1966423
31.06, 1966423
31.07, 1966423
31.08, 1966423
31.09, 1966423
31.1, 1966423
31.11, 1966423
31.12, 1966423
31.13, 1966423
31.14, 1966423
31.15, 1966423
31.16, 1966423
31.17, 1966423
31.18, 1966423
31.19, 1966423
31.2, 1966423
31.21, 1966423
31.22, 1966423
31.23, 1966423
31.24, 1966423
31.25, 1966423
31.26, 1966423
31.27, 1966423
31.28, 1966423
31.29, 1966423
31.3, 1966423
31.31, 1966423
31.32, 1966423
31.33, 1966423
31.34, 1966423
31.35, 1966423
31.36, 1966423
31.37, 1966423
31.38, 1966423
31.39, 1966423
31.4, 1966423
31.41, 1966423
31.42, 1966423
31.43, 1966423
31.44, 1966423
31.45, 1966423
31.46, 1966423
31.47, 1966423
31.48, 1966423
31.49, 1966423
31.5, 1966423
31.51, 1966423
31.52, 1966423
31.53, 1966423
31.54, 1966423
31.55, 1966423
31.56, 1966423
31.57, 1966423
31.58, 1966423
31.59, 1966423
31.6, 1966423
31.61, 1966423
31.62, 1966423
31.63, 1966423
31.64, 1966423
31.65, 1966423
31.66, 1966423
31.67, 1966423
31.68, 1966423
31.69, 1966423
31.7, 1966423
31.71, 1966423
31.72, 1966423
31.73, 1966423
31.74, 1966423
31.75, 1966423
31.76, 1966423
31.77, 1966423
31.78, 1966423
31.79, 1966423
31.8, 1966423
31.81, 1966423
31.82, 1966423
31.83, 1966423
31.84, 1966423
31.85, 1966423
31.86, 1966423
31.87, 1966423
31.88, 1966423
31.89, 1966423
31.9, 1966423
31.91, 1966423
31.92, 1966423
31.93, 1966423
31.94, 1966423
31.95, 1966423
31.96, 1966423
31.97, 1966423
31.98, 1966423
31.99, 1966423
32.0, 1966423
32.01, 1966423
32.02, 1966423
32.03, 1966423
32.04, 1966423
32.05, 1966423
32.06, 1966423
32.07, 1966423
32.08, 1966423
32.09, 1966423
32.1, 1966423
32.11, 1966423
32.12, 1966423
32.13, 1966423
32.14, 1966423
32.15, 1966423
32.16, 1966423
32.17, 1966423
32.18, 1966423
32.19, 1966423
32.2, 1966423
32.21, 1966423
32.22, 1966423
32.23, 1966423
32.24, 1966423
32.25, 1966423
32.26, 1966423
32.27, 1966423
32.28, 1966423
32.29, 1966423
32.3, 1966423
32.31, 1966423
32.32, 1966423
32.33, 1966423
32.34, 1966423
32.35, 1966423
32.36, 1966423
32.37, 1966423
32.38, 1966423
32.39, 1966423
32.4, 1966423
32.41, 1966423
32.42, 1966423
32.43, 1966423
32.44, 1966423
32.45, 1966423
32.46, 1966423
32.47, 1966423
32.48, 1966423
32.49, 1966423
32.5, 1966423
32.51, 1966423
32.52, 1966423
32.53, 1966423
32.54, 1966423
32.55, 1966423
32.56, 1966423
32.57, 1966423
32.58, 1966423
32.59, 1966423
32.6, 1966423
32.61, 1966423
32.62, 1966423
32.63, 1966423
32.64, 1966423
32.65, 1966423
32.66, 1966423
32.67, 1966423
32.68, 1966423
32.69, 1966423
32.7, 1966423
32.71, 1966423
32.72, 1966423
32.73, 1966423
32.74, 1966423
32.75, 1966423
32.76, 1966423
32.77, 1966423
32.78, 1966423
32.79, 1966423
32.8, 1966423
32.81, 1966423
32.82, 1966423
32.83, 1966423
32.84, 1966423
32.85, 1966423
32.86, 1966423
32.87, 1966423
32.88, 1966423
32.89, 1966423
32.9, 1966423
32.91, 1966423
32.92, 1966423
32.93, 1966423
32.94, 1966423
32.95, 1966423
32.96, 1966423
32.97, 1966423
32.98, 1966423
32.99, 1966423
33.0, 1966423
33.01, 1966423
33.02, 1966423
33.03, 1966423
33.04, 1966423
33.05, 1966423
33.06, 1966423
33.07, 1966423
33.08, 1966423
33.09, 1966423
33.1, 1966423
33.11, 1966423
33.12, 1966423
33.13, 1966423
33.14, 1966423
33.15, 1966423
33.16, 1966423
33.17, 1966423
33.18, 1966423
33.19, 1966423
33.2, 1966423
33.21, 1966423
33.22, 1966423
33.23, 1966423
33.24, 1966423
33.25, 1966423
33.26, 1966423
33.27, 1966423
33.28, 1966423
33.29, 1966423
33.3, 1966423
33.31, 1966423
33.32, 1966423
33.33, 1966423
33.34, 1966423
33.35, 1966423
33.36, 1966423
33.37, 1966423
33.38, 1966423
33.39, 1966423
33.4, 1966423
33.41, 1966423
33.42, 1966423
33.43, 1966423
33.44, 1966423
33.45, 1966423
33.46, 1966423
33.47, 1966423
33.48, 1966423
33.49, 1966423
33.5, 1966423
33.51, 1966423
33.52, 1966423
33.53, 1966423
33.54, 1966423
33.55, 1966423
33.56, 1966423
33.57, 1966423
33.58, 1966423
33.59, 1966423
33.6, 1966423
33.61, 1966423
33.62, 1966423
33.63, 1966423
33.64, 1966423
33.65, 1966423
33.66, 1966423
33.67, 1966423
33.68, 1966423
33.69, 1966423
33.7, 1966423
33.71, 1966423
33.72, 1966423
33.73, 1966423
33.74, 1966423
33.75, 1966423
33.76, 1966423
33.77, 1966423
33.78, 1966423
33.79, 1966423
33.8, 1966423
33.81, 1966423
33.82, 1966423
33.83, 1966423
33.84, 1966423
33.85, 1966423
33.86, 1966423
33.87, 1966423
33.88, 1966423
33.89, 1966423
33.9, 1966423
33.91, 1966423
33.92, 1966423
33.93, 1966423
33.94, 1966423
33.95, 1966423
33.96, 1966423
33.97, 1966423
33.98, 1966423
33.99, 1966423
34.0, 1966423
34.01, 1966423
34.02, 1966423
34.03, 1966423
34.04, 1966423
34.05, 1966423
34.06, 1966423
34.07, 1966423
34.08, 1966423
34.09, 1966423
34.1, 1966423
34.11, 1966423
34.12, 1966423
34.13, 1966423
34.14, 1966423
34.15, 1966423
34.16, 1966423
34.17, 1966423
34.18, 1966423
34.19, 1966423
34.2, 1966423
34.21, 1966423
34.22, 1966423
34.23, 1966423
34.24, 1966423
34.25, 1966423
34.26, 1966423
34.27, 1966423
34.28, 1966423
34.29, 1966423
34.3, 1966423
34.31, 1966423
34.32, 1966423
34.33, 1966423
34.34, 1966423
34.35, 1966423
34.36, 1966423
34.37, 1966423
34.38, 1966423
34.39, 1966423
34.4, 1966423
34.41, 1966423
34.42, 1966423
34.43, 1966423
34.44, 1966423
34.45, 1966423
34.46, 1966423
34.47, 1966423
34.48, 1966423
34.49, 1966423
34.5, 1966423
34.51, 1966423
34.52, 1966423
34.53, 1966423
34.54, 1966423
34.55, 1966423
34.56, 1966423
34.57, 1966423
34.58, 1966423
34.59, 1966423
34.6, 1966423
34.61, 1966423
34.62, 1966423
34.63, 1966423
34.64, 1966423
34.65, 1966423
34.66, 1966423
34.67, 1966423
34.68, 1966423
34.69, 1966423
34.7, 1966423
34.71, 1966423
34.72, 1966423
34.73, 1966423
34.74, 1966423
34.75, 1966423
34.76, 1966423
34.77, 1966423
34.78, 1966423
34.79, 1966423
34.8, 1966423
34.81, 1966423
34.82, 1966423
34.83, 1966423
34.84, 1966423
34.85, 1966423
34.86, 1966423
34.87, 1966423
34.88, 1966423
34.89, 1966423
34.9, 1966423
34.91, 1966423
34.92, 1966423
34.93, 1966423
34.94, 1966423
34.95, 1966423
34.96, 1966423
34.97, 1966423
34.98, 1966423
34.99, 1966423
35.0, 1966423
35.01, 1966423
35.02, 1966423
35.03, 1966423
35.04, 1966423
35.05, 1966423
35.06, 1966423
35.07, 1966423
35.08, 1966423
35.09, 1966423
35.1, 1966423
35.11, 1966423
35.12, 1966423
35.13, 1966423
35.14, 1966423
35.15, 1966423
35.16, 1966423
35.17, 1966423
35.2, 1966423
35.21, 1966423
35.22, 1966423
35.23, 1966423
35.24, 1966423
35.25, 1966423
35.26, 1966423
35.27, 1966423
35.28, 1966423
35.29, 1966423
35.3, 1966423
35.31, 1966423
35.32, 1966423
35.33, 1966423
35.34, 1966423
35.35, 1966423
35.36, 1966423
35.37, 1966423
35.38, 1966423
35.39, 1966423
35.4, 1966423
35.41, 1966423
35.42, 1966423
35.43, 1966423
35.44, 1966423
35.45, 1966423
35.46, 1966423
35.47, 1966423
35.48, 1966423
35.49, 1966423
35.5, 1966423
35.51, 1966423
35.52, 1966423
35.53, 1966423
35.54, 1966423
35.55, 1966423
35.56, 1966423
35.57, 1966423
35.58, 1966423
35.59, 1966423
35.6, 1966423
35.61, 1966423
35.62, 1966423
35.63, 1966423
35.64, 1966423
35.65, 1966423
35.66, 1966423
35.67, 1966423
35.68, 1966423
35.69, 1966423
35.7, 1966423
35.71, 1966423
35.72, 1966423
35.73, 1966423
35.74, 1966423
35.75, 1966423
35.76, 1966423
35.77, 1966423
35.78, 1966423
35.79, 1966423
35.8, 1966423
35.81, 1966423
35.82, 1966423
35.83, 1966423
35.84, 1966423
35.85, 1966423
35.86, 1966423
35.87, 1966423
35.88, 1966423
35.89, 1966423
35.9, 1966423
35.91, 1966423
35.92, 1966423
35.93, 1966423
35.94, 1966423
35.95, 1966423
35.96, 1966423
35.97, 1966423
35.98, 1966423
35.99, 1966423
36.0, 1966423
36.01, 1966423
36.02, 1966423
36.03, 1966423
36.04, 1966423
36.05, 1966423
36.06, 1966423
36.07, 1966423
36.08, 1966423
36.09, 1966423
36.1, 1966423
36.11, 1966423
36.12, 1966423
36.13, 1966423
36.14, 1966423
36.15, 1966423
36.16, 1966423
36.17, 1966423
36.18, 1966423
36.19, 1966423
36.2, 1966423
36.21, 1966423
36.22, 1966423
36.23, 1966423
36.24, 1966423
36.25, 1966423
36.26, 1966423
36.27, 1966423
36.28, 1966423
36.29, 1966423
36.3, 1966423
36.31, 1966423
36.32, 1966423
36.33, 1966423
36.34, 1966423
36.35, 1966423
36.36, 1966423
36.37, 1966423
36.38, 1966423
36.39, 1966423
36.4, 1966423
36.41, 1966423
36.42, 1966423
36.43, 1966423
36.44, 1966423
36.45, 1966423
36.46, 1966423
36.47, 1966423
36.48, 1966423
36.49, 1966423
36.5, 1966423
36.51, 1966423
36.52, 1966423
36.53, 1966423
36.54, 1966423
36.55, 1966423
36.56, 1966423
36.57, 1966423
36.58, 1966423
36.59, 1966423
36.6, 1966423
36.61, 1966423
36.62, 1966423
36.63, 1966423
36.64, 1966423
36.65, 1966423
36.66, 1966423
36.67, 1966423
36.68, 1966423
36.69, 1966423
36.7, 1966423
36.71, 1966423
36.72, 1966423
36.73, 1966423
36.74, 1966423
36.75, 1966423
36.76, 1966423
36.77, 1966423
36.78, 1966423
36.79, 1966423
36.8, 1966423
36.81, 1966423
36.82, 1966423
36.83, 1966423
36.84, 1966423
36.85, 1966423
36.86, 1966423
36.87, 1966423
36.88, 1966423
36.89, 1966423
36.9, 1966423
36.91, 1966423
36.92, 1966423
36.93, 1966423
36.94, 1966423
36.95, 1966423
36.96, 1966423
36.97, 1966423
36.98, 1966423
36.99, 1966423
37.0, 1966423
37.01, 1966423
37.02, 1966423
37.03, 1966423
37.04, 1966423
37.05, 1966423
37.06, 1966423
37.07, 1966423
37.08, 1966423
37.09, 1966423
37.1, 1966423
37.11, 1966423
37.12, 1966423
37.13, 1966423
37.14, 1966423
37.15, 1966423
37.16, 1966423
37.17, 1966423
37.18, 1966423
37.19, 1966423
37.2, 1966423
37.21, 1966423
37.22, 1966423
37.23, 1966423
37.24, 1966423
37.25, 1966423
37.26, 1966423
37.27, 1966423
37.28, 1966423
37.29, 1966423
37.3, 1966423
37.31, 1966423
37.32, 1966423
37.33, 1966423
37.34, 1966423
37.35, 1966423
37.36, 1966423
37.37, 1966423
37.38, 1966423
37.39, 1966423
37.4, 1966423
37.41, 1966423
37.42, 1966423
37.43, 1966423
37.44, 1966423
37.45, 1966423
37.46, 1966423
37.47, 1966423
37.48, 1966423
37.49, 1966423
37.5, 1966423
37.51, 1966423
37.52, 1966423
37.53, 1966423
37.54, 1966423
37.55, 1966423
37.56, 1966423
37.57, 1966423
37.58, 1966423
37.59, 1966423
37.6, 1966423
37.61, 1966423
37.62, 1966423
37.63, 1966423
37.64, 1966423
37.65, 1966423
37.66, 1966423
37.67, 1966423
37.68, 1966423
37.69, 1966423
37.7, 1966423
37.71, 1966423
37.72, 1966423
37.73, 1966423
37.74, 1966423
37.75, 1966423
37.76, 1966423
37.77, 1966423
37.78, 1966423
37.79, 1966423
37.8, 1966423
37.81, 1966423
37.82, 1966423
37.83, 1966423
37.84, 1966423
37.85, 1966423
37.86, 1966423
37.87, 1966423
37.88, 1966423
37.89, 1966423
37.9, 1966423
37.91, 1966423
37.92, 1966423
37.93, 1966423
37.94, 1966423
37.95, 1966423
37.96, 1966423
37.97, 1966423
37.98, 1966423
37.99, 1966423
38.0, 1966423
38.01, 1966423
38.02, 1966423
38.03, 1966423
38.04, 1966423
38.05, 1966423
38.06, 1966423
38.07, 1966423
38.08, 1966423
38.09, 1966423
38.1, 1966423
38.11, 1966423
38.12, 1966423
38.13, 1966423
38.14, 1966423
38.15, 1966423
38.16, 1966423
38.17, 1966423
38.18, 1966423
38.19, 1966423
38.2, 1966423
38.21, 1966423
38.22, 1966423
38.23, 1966423
38.24, 1966423
38.25, 1966423
38.26, 1966423
38.27, 1966423
38.28, 1966423
38.29, 1966423
38.3, 1966423
38.31, 1966423
38.32, 1966423
38.33, 1966423
38.34, 1966423
38.35, 1966423
38.36, 1966423
38.37, 1966423
38.38, 1966423
38.39, 1966423
38.4, 1966423
38.41, 1966423
38.42, 1966423
38.43, 1966423
38.44, 1966423
38.45, 1966423
38.46, 1966423
38.47, 1966423
38.48, 1966423
38.49, 1966423
38.5, 1966423
38.51, 1966423
38.52, 1966423
38.53, 1966423
38.54, 1966423
38.55, 1966423
38.56, 1966423
38.57, 1966423
38.58, 1966423
38.59, 1966423
38.6, 1966423
38.61, 1966423
38.62, 1966423
38.63, 1966423
38.64, 1966423
38.65, 1966423
38.66, 1966423
38.67, 1966423
38.68, 1966423
38.69, 1966423
38.7, 1966423
38.71, 1966423
38.72, 1966423
38.73, 1966423
38.74, 1966423
38.75, 1966423
38.76, 1966423
38.77, 1966423
38.78, 1966423
38.79, 1966423
38.8, 1966423
38.81, 1966423
38.82, 1966423
38.83, 1966423
38.84, 1966423
38.85, 1966423
38.86, 1966423
38.87, 1966423
38.88, 1966423
38.89, 1966423
38.9, 1966423
38.91, 1966423
38.92, 1966423
38.93, 1966423
38.94, 1966423
38.95, 1966423
38.96, 1966423
38.97, 1966423
38.98, 1966423
38.99, 1966423
39.0, 1966423
39.01, 1966423
39.02, 1966423
39.03, 1966423
39.04, 1966423
39.05, 1966423
39.06, 1966423
39.07, 1966423
39.08, 1966423
39.09, 1966423
39.1, 1966423
39.11, 1966423
39.12, 1966423
39.13, 1966423
39.14, 1966423
39.15, 1966423
39.16, 1966423
39.17, 1966423
39.18, 1966423
39.19, 1966423
39.2, 1966423
39.21, 1966423
39.22, 1966423
39.23, 1966423
39.24, 1966423
39.25, 1966423
39.26, 1966423
39.27, 1966423
39.28, 1966423
39.29, 1966423
39.3, 1966423
39.31, 1966423
39.32, 1966423
39.33, 1966423
39.34, 1966423
39.35, 1966423
39.36, 1966423
39.37, 1966423
39.38, 1966423
39.39, 1966423
39.4, 1966423
39.41, 1966423
39.42, 1966423
39.43, 1966423
39.44, 1966423
39.45, 1966423
39.46, 1966423
39.47, 1966423
39.48, 1966423
39.49, 1966423
39.5, 1966423
39.51, 1966423
39.52, 1966423
39.53, 1966423
39.54, 1966423
39.55, 1966423
39.56, 1966423
39.57, 1966423
39.58, 1966423
39.59, 1966423
39.6, 1966423
39.61, 1966423
39.62, 1966423
39.63, 1966423
39.64, 1966423
39.65, 1966423
39.66, 1966423
39.67, 1966423
39.68, 1966423
39.69, 1966423
39.7, 1966423
39.71, 1966423
39.72, 1966423
39.73, 1966423
39.74, 1966423
39.75, 1966423
39.76, 1966423
39.77, 1966423
39.78, 1966423
39.79, 1966423
39.8, 1966423
39.81, 1966423
39.82, 1966423
39.83, 1966423
39.84, 1966423
39.85, 1966423
39.86, 1966423
39.87, 1966423
39.88, 1966423
39.89, 1966423
39.9, 1966423
39.91, 1966423
39.92, 1966423
39.93, 1966423
39.94, 1966423
39.95, 1966423
39.96, 1966423
39.97, 1966423
39.98, 1966423
39.99, 1966423
40.0, 1966423
40.01, 1966423
40.02, 1966423
40.03, 1966423
40.04, 1966423
40.05, 1966423
40.06, 1966423
40.07, 1966423
40.08, 1966423
40.09, 1966423
40.1, 1966423
40.11, 1966423
40.12, 1966423
40.13, 1966423
40.14, 1966423
40.15, 1966423
40.16, 1966423
40.17, 1966423
40.18, 1966423
40.19, 1966423
40.2, 1966423
40.21, 1966423
40.22, 1966423
40.23, 1966423
40.24, 1966423
40.25, 1966423
40.26, 1966423
40.27, 1966423
40.28, 1966423
40.29, 1966423
40.3, 1966423
40.31, 1966423
40.32, 1966423
40.33, 1966423
40.34, 1966423
40.35, 1966423
40.36, 1966423
40.37, 1966423
40.38, 1966423
40.39, 1966423
40.4, 1966423
40.41, 1966423
40.42, 1966423
40.43, 1966423
40.44, 1966423
40.45, 1966423
40.46, 1966423
40.47, 1966423
40.48, 1966423
40.49, 1966423
40.5, 1966423
40.51, 1966423
40.52, 1966423
40.53, 1966423
40.54, 1966423
40.55, 1966423
40.56, 1966423
40.57, 1966423
40.58, 1966423
40.59, 1966423
40.6, 1966423
40.61, 1966423
40.62, 1966423
40.63, 1966423
40.64, 1966423
40.65, 1966423
40.66, 1966423
40.67, 1966423
40.68, 1966423
40.69, 1966423
40.7, 1966423
40.71, 1966423
40.72, 1966423
40.73, 1966423
40.74, 1966423
40.75, 1966423
40.76, 1966423
40.77, 1966423
40.78, 1966423
40.79, 1966423
40.8, 1966423
40.81, 1966423
40.82, 1966423
40.83, 1966423
40.84, 1966423
40.85, 1966423
40.86, 1966423
40.87, 1966423
40.88, 1966423
40.89, 1966423
40.9, 1966423
40.91, 1966423
40.92, 1966423
40.93, 1966423
40.94, 1966423
40.95, 1966423
40.96, 1966423
40.97, 1966423
40.98, 1966423
40.99, 1966423
41.0, 1966423
41.01, 1966423
41.02, 1966423
41.03, 1966423
41.04, 1966423
41.05, 1966423
41.06, 1966423
41.07, 1966423
41.08, 1966423
41.09, 1966423
41.1, 1966423
41.11, 1966423
41.12, 1966423
41.13, 1966423
41.14, 1966423
41.15, 1966423
41.16, 1966423
41.17, 1966423
41.18, 1966423
41.19, 1966423
41.2, 1966423
41.21, 1966423
41.22, 1966423
41.23, 1966423
41.24, 1966423
41.25, 1966423
41.26, 1966423
41.27, 1966423
41.28, 1966423
41.29, 1966423
41.3, 1966423
41.31, 1966423
41.32, 1966423
41.33, 1966423
41.34, 1966423
41.35, 1966423
41.36, 1966423
41.37, 1966423
41.38, 1966423
41.39, 1966423
41.4, 1966423
41.41, 1966423
41.42, 1966423
41.43, 1966423
41.44, 1966423
41.45, 1966423
41.46, 1966423
41.47, 1966423
41.48, 1966423
41.49, 1966423
41.5, 1966423
41.51, 1966423
41.52, 1966423
41.53, 1966423
41.54, 1966423
41.55, 1966423
41.56, 1966423
41.57, 1966423
41.58, 1966423
41.59, 1966423
41.6, 1966423
41.61, 1966423
41.62, 1966423
41.63, 1966423
41.64, 1966423
41.65, 1966423
41.66, 1966423
41.67, 1966423
41.68, 1966423
41.69, 1966423
41.7, 1966423
41.71, 1966423
41.72, 1966423
41.73, 1966423
41.74, 1966423
41.75, 1966423
41.76, 1966423
41.77, 1966423
41.78, 1966423
41.79, 1966423
41.8, 1966423
41.81, 1966423
41.82, 1966423
41.83, 1966423
41.84, 1966423
41.85, 1966423
41.86, 1966423
41.87, 1966423
41.88, 1966423
41.89, 1966423
41.9, 1966423
41.91, 1966423
41.92, 1966423
41.93, 1966423
41.94, 1966423
41.95, 1966423
41.96, 1966423
41.97, 1966423
41.98, 1966423
41.99, 1966423
42.0, 1966423
42.01, 1966423
42.02, 1966423
42.03, 1966423
42.04, 1966423
42.05, 1966423
42.06, 1966423
42.07, 1966423
42.08, 1966423
42.09, 1966423
42.1, 1966423
42.11, 1966423
42.12, 1966423
42.13, 1966423
42.14, 1966423
42.15, 1966423
42.16, 1966423
42.17, 1966423
42.18, 1966423
42.19, 1966423
42.2, 1966423
42.21, 1966423
42.22, 1966423
42.23, 1966423
42.24, 1966423
42.25, 1966423
42.26, 1966423
42.27, 1966423
42.28, 1966423
42.29, 1966423
42.3, 1966423
42.31, 1966423
42.32, 1966423
42.33, 1966423
42.34, 1966423
42.35, 1966423
42.36, 1966423
42.37, 1966423
42.38, 1966423
42.39, 1966423
42.4, 1966423
42.41, 1966423
42.42, 1966423
42.43, 1966423
42.44, 1966423
42.45, 1966423
42.46, 1966423
42.47, 1966423
42.48, 1966423
42.49, 1966423
42.5, 1966423
42.51, 1966423
42.52, 1966423
42.53, 1966423
42.54, 1966423
42.55, 1966423
42.56, 1966423
42.57, 1966423
42.58, 1966423
42.59, 1966423
42.6, 1966423
42.61, 1966423
42.62, 1966423
42.63, 1966423
42.64, 1966423
42.65, 1966423
42.66, 1966423
42.67, 1966423
42.68, 1966423
42.69, 1966423
42.7, 1966423
42.71, 1966423
42.72, 1966423
42.73, 1966423
42.74, 1966423
42.75, 1966423
42.76, 1966423
42.77, 1966423
42.78, 1966423
42.79, 1966423
42.8, 1966423
42.81, 1966423
42.82, 1966423
42.83, 1966423
42.84, 1966423
42.85, 1966423
42.86, 1966423
42.87, 1966423
42.88, 1966423
42.89, 1966423
42.9, 1966423
42.91, 1966423
42.92, 1966423
42.93, 1966423
42.94, 1966423
42.95, 1966423
42.96, 1966423
42.97, 1966423
42.98, 1966423
42.99, 1966423
43.0, 1966423
43.01, 1966423
43.02, 1966423
43.03, 1966423
43.04, 1966423
43.05, 1966423
43.06, 1966423
43.07, 1966423
43.08, 1966423
43.09, 1966423
43.1, 1966423
43.11, 1966423
43.12, 1966423
43.13, 1966423
43.14, 1966423
43.15, 1966423
43.16, 1966423
43.17, 1966423
43.18, 1966423
43.19, 1966423
43.2, 1966423
43.21, 1966423
43.22, 1966423
43.23, 1966423
43.24, 1966423
43.25, 1966423
43.26, 1966423
43.27, 1966423
43.28, 1966423
43.29, 1966423
43.3, 1966423
43.31, 1966423
43.32, 1966423
43.33, 1966423
43.34, 1966423
43.35, 1966423
43.36, 1966423
43.37, 1966423
43.38, 1966423
43.39, 1966423
43.4, 1966423
43.41, 1966423
43.42, 1966423
43.43, 1966423
43.44, 1966423
43.45, 1966423
43.46, 1966423
43.47, 1966423
43.48, 1966423
43.49, 1966423
43.5, 1966423
43.51, 1966423
43.52, 1966423
43.53, 1966423
43.54, 1966423
43.55, 1966423
43.56, 1966423
43.57, 1966423
43.58, 1966423
43.59, 1966423
43.6, 1966423
43.61, 1966423
43.62, 1966423
43.63, 1966423
43.64, 1966423
43.65, 1966423
43.66, 1966423
43.67, 1966423
43.68, 1966423
43.69, 1966423
43.7, 1966423
43.71, 1966423
43.72, 1966423
43.73, 1966423
43.74, 1966423
43.75, 1966423
43.76, 1966423
43.77, 1966423
43.78, 1966423
43.79, 1966423
43.8, 1966423
43.81, 1966423
43.82, 1966423
43.83, 1966423
43.84, 1966423
43.85, 1966423
43.86, 1966423
43.87, 1966423
43.88, 1966423
43.89, 1966423
43.9, 1966423
43.91, 1966423
43.92, 1966423
43.93, 1966423
43.94, 1966423
43.95, 1966423
43.96, 1966423
43.97, 1966423
43.98, 1966423
43.99, 1966423
44.0, 1966423
44.01, 1966423
44.02, 1966423
44.03, 1966423
44.04, 1966423
44.05, 1966423
44.06, 1966423
44.07, 1966423
44.08, 1966423
44.09, 1966423
44.1, 1966423
44.11, 1966423
44.12, 1966423
44.13, 1966423
44.14, 1966423
44.15, 1966423
44.16, 1966423
44.17, 1966423
44.18, 1966423
44.19, 1966423
44.2, 1966423
44.21, 1966423
44.22, 1966423
44.23, 1966423
44.24, 1966423
44.25, 1966423
44.26, 1966423
44.27, 1966423
44.28, 1966423
44.29, 1966423
44.3, 1966423
44.31, 1966423
44.32, 1966423
44.33, 1966423
44.34, 1966423
44.35, 1966423
44.36, 1966423
44.37, 1966423
44.38, 1966423
44.39, 1966423
44.4, 1966423
44.41, 1966423
44.42, 1966423
44.43, 1966423
44.44, 1966423
44.45, 1966423
44.46, 1966423
44.47, 1966423
44.48, 1966423
44.49, 1966423
44.5, 1966423
44.51, 1966423
44.52, 1966423
44.53, 1966423
44.54, 1966423
44.55, 1966423
44.56, 1966423
44.57, 1966423
44.58, 1966423
44.59, 1966423
44.6, 1966423
44.61, 1966423
44.62, 1966423
44.63, 1966423
44.64, 1966423
44.65, 1966423
44.66, 1966423
44.67, 1966423
44.68, 1966423
44.69, 1966423
44.7, 1966423
44.71, 1966423
44.72, 1966423
44.73, 1966423
44.74, 1966423
44.75, 1966423
44.76, 1966423
44.77, 1966423
44.78, 1966423
44.79, 1966423
44.8, 1966423
44.81, 1966423
44.82, 1966423
44.83, 1966423
44.84, 1966423
44.85, 1966423
44.86, 1966423
44.87, 1966423
44.88, 1966423
44.89, 1966423
44.9, 1966423
44.91, 1966423
44.92, 1966423
44.93, 1966423
44.94, 1966423
44.95, 1966423
44.96, 1966423
44.97, 1966423
44.98, 1966423
44.99, 1966423
45.0, 1966423
45.01, 1966423
45.02, 1966423
45.03, 1966423
45.04, 1966423
45.05, 1966423
45.06, 1966423
45.07, 1966423
45.08, 1966423
45.09, 1966423
45.1, 1966423
45.11, 1966423
45.12, 1966423
45.13, 1966423
45.14, 1966423
45.15, 1966423
45.16, 1966423
45.17, 1966423
45.18, 1966423
45.19, 1966423
45.2, 1966423
45.21, 1966423
45.22, 1966423
45.23, 1966423
45.24, 1966423
45.25, 1966423
45.26, 1966423
45.27, 1966423
45.28, 1966423
45.29, 1966423
45.3, 1966423
45.31, 1966423
45.32, 1966423
45.33, 1966423
45.34, 1966423
45.35, 1966423
45.36, 1966423
45.37, 1966423
45.38, 1966423
45.39, 1966423
45.4, 1966423
45.41, 1966423
45.42, 1966423
45.43, 1966423
45.44, 1966423
45.45, 1966423
45.46, 1966423
45.47, 1966423
45.48, 1966423
45.49, 1966423
45.5, 1966423
45.51, 1966423
45.52, 1966423
45.53, 1966423
45.54, 1966423
45.55, 1966423
45.56, 1966423
45.57, 1966423
45.58, 1966423
45.59, 1966423
45.6, 1966423
45.61, 1966423
45.62, 1966423
45.63, 1966423
45.64, 1966423
45.65, 1966423
45.66, 1966423
45.67, 1966423
45.68, 1966423
45.69, 1966423
45.7, 1966423
45.71, 1966423
45.72, 1966423
45.73, 1966423
45.74, 1966423
45.75, 1966423
45.76, 1966423
45.77, 1966423
45.78, 1966423
45.79, 1966423
45.8, 1966423
45.81, 1966423
45.82, 1966423
45.83, 1966423
45.84, 1966423
45.85, 1966423
45.86, 1966423
45.87, 1966423
45.88, 1966423
45.89, 1966423
45.9, 1966423
45.91, 1966423
45.92, 1966423
45.93, 1966423
45.94, 1966423
45.95, 1966423
45.96, 1966423
45.97, 1966423
45.98, 1966423
45.99, 1966423
46.0, 1966423
46.01, 1966423
46.02, 1966423
46.03, 1966423
46.04, 1966423
46.05, 1966423
46.06, 1966423
46.07, 1966423
46.08, 1966423
46.09, 1966423
46.1, 1966423
46.11, 1966423
46.12, 1966423
46.13, 1966423
46.14, 1966423
46.15, 1966423
46.16, 1966423
46.17, 1966423
46.18, 1966423
46.19, 1966423
46.2, 1966423
46.21, 1966423
46.22, 1966423
46.23, 1966423
46.24, 1966423
46.25, 1966423
46.26, 1966423
46.27, 1966423
46.28, 1966423
46.29, 1966423
46.3, 1966423
46.31, 1966423
46.32, 1966423
46.33, 1966423
46.34, 1966423
46.35, 1966423
46.36, 1966423
46.37, 1966423
46.38, 1966423
46.39, 1966423
46.4, 1966423
46.41, 1966423
46.42, 1966423
46.43, 1966423
46.44, 1966423
46.45, 1966423
46.46, 1966423
46.47, 1966423
46.48, 1966423
46.49, 1966423
46.5, 1966423
46.51, 1966423
46.52, 1966423
46.53, 1966423
46.54, 1966423
46.55, 1966423
46.56, 1966423
46.57, 1966423
46.58, 1966423
46.59, 1966423
46.6, 1966423
46.61, 1966423
46.62, 1966423
46.63, 1966423
46.64, 1966423
46.65, 1966423
46.66, 1966423
46.67, 1966423
46.68, 1966423
46.69, 1966423
46.7, 1966423
46.71, 1966423
46.72, 1966423
46.73, 1966423
46.74, 1966423
46.75, 1966423
46.76, 1966423
46.77, 1966423
46.78, 1966423
46.79, 1966423
46.8, 1966423
46.81, 1966423
46.82, 1966423
46.83, 1966423
46.84, 1966423
46.85, 1966423
46.86, 1966423
46.87, 1966423
46.88, 1966423
46.89, 1966423
46.9, 1966423
46.91, 1966423
46.92, 1966423
46.93, 1966423
46.94, 1966423
46.95, 1966423
46.96, 1966423
46.97, 1966423
46.98, 1966423
46.99, 1966423
47.0, 1966423
47.01, 1966423
47.02, 1966423
47.03, 1966423
47.04, 1966423
47.05, 1966423
47.06, 1966423
47.07, 1966423
47.08, 1966423
47.09, 1966423
47.1, 1966423
47.11, 1966423
47.12, 1966423
47.13, 1966423
47.14, 1966423
47.15, 1966423
47.16, 1966423
47.17, 1966423
47.18, 1966423
47.19, 1966423
47.2, 1966423
47.21, 1966423
47.22, 1966423
47.23, 1966423
47.24, 1966423
47.25, 1966423
47.26, 1966423
47.27, 1966423
47.28, 1966423
47.29, 1966423
47.3, 1966423
47.31, 1966423
47.32, 1966423
47.33, 1966423
47.34, 1966423
47.35, 1966423
47.36, 1966423
47.37, 1966423
47.38, 1966423
47.39, 1966423
47.4, 1966423
47.41, 1966423
47.42, 1966423
47.43, 1966423
47.44, 1966423
47.45, 1966423
47.46, 1966423
47.47, 1966423
47.48, 1966423
47.49, 1966423
47.5, 1966423
47.51, 1966423
47.52, 1966423
47.53, 1966423
47.54, 1966423
47.55, 1966423
47.56, 1966423
47.57, 1966423
47.58, 1966423
47.59, 1966423
47.6, 1966423
47.61, 1966423
47.62, 1966423
47.63, 1966423
47.64, 1966423
47.65, 1966423
47.66, 1966423
47.67, 1966423
47.68, 1966423
47.69, 1966423
47.7, 1966423
47.71, 1966423
47.72, 1966423
47.73, 1966423
47.74, 1966423
47.75, 1966423
47.76, 1966423
47.77, 1966423
47.78, 1966423
47.79, 1966423
47.8, 1966423
47.81, 1966423
47.82, 1966423
47.83, 1966423
47.84, 1966423
47.85, 1966423
47.86, 1966423
47.87, 1966423
47.88, 1966423
47.89, 1966423
47.9, 1931050
47.91, 1931050
47.92, 1931050
47.93, 1931050
47.94, 1931050
47.95, 1931050
47.96, 1931050
47.97, 1931050
47.98, 1931050
47.99, 1931050
48.0, 1931050
48.01, 1931050
48.02, 1931050
48.03, 1931050
48.04, 1931050
48.05, 1931050
48.06, 1931050
48.07, 1931050
48.08, 1931050
48.09, 1931050
48.1, 1931050
48.11, 1931050
48.12, 1931050
48.13, 1931050
48.14, 1931050
48.15, 1931050
48.16, 1931050
48.17, 1931050
48.18, 1931050
48.19, 1931050
48.2, 1931050
48.21, 1931050
48.22, 1931050
48.23, 1931050
48.24, 1931050
48.25, 1931050
48.26, 1931050
48.27, 1931050
48.28, 1931050
48.29, 1931050
48.3, 1931050
48.31, 1931050
48.32, 1931050
48.33, 1931050
48.34, 1931050
48.35, 1931050
48.36, 1931050
48.37, 1931050
48.38, 1931050
48.39, 1931050
48.4, 1931050
48.41, 1931050
48.42, 1931050
48.43, 1931050
48.44, 1931050
48.45, 1931050
48.46, 1931050
48.47, 1931050
48.48, 1931050
48.49, 1931050
48.5, 1931050
48.51, 1931050
48.52, 1931050
48.53, 1931050
48.54, 1931050
48.55, 1931050
48.56, 1931050
48.57, 1931050
48.58, 1931050
48.59, 1931050
48.6, 1931050
48.61, 1931050
48.62, 1931050
48.63, 1931050
48.64, 1931050
48.65, 1931050
48.66, 1931050
48.67, 1931050
48.68, 1931050
48.69, 1931050
48.7, 1931050
48.71, 1931050
48.72, 1931050
48.73, 1931050
48.74, 1931050
48.75, 1931050
48.76, 1931050
48.77, 1931050
48.78, 1931050
48.79, 1931050
48.8, 1931050
48.81, 1931050
48.82, 1931050
48.83, 1931050
48.84, 1931050
48.85, 1931050
48.86, 1931050
48.87, 1931050
48.88, 1931050
48.89, 1931050
48.9, 1931050
48.91, 1931050
48.92, 1931050
48.93, 1931050
48.94, 1931050
48.95, 1931050
48.96, 1931050
48.97, 1931050
48.98, 1931050
48.99, 1931050
49.0, 1931050
49.01, 1931050
49.02, 1931050
49.03, 1931050
49.04, 1931050
49.05, 1931050
49.06, 1931050
49.07, 1931050
49.08, 1931050
49.09, 1931050
49.1, 1931050
49.11, 1931050
49.12, 1931050
49.13, 1931050
49.14, 1931050
49.15, 1931050
49.16, 1931050
49.17, 1931050
49.18, 1931050
49.19, 1931050
49.2, 1931050
49.21, 1931050
49.22, 1931050
49.23, 1931050
49.24, 1931050
49.25, 1931050
49.26, 1931050
49.27, 1931050
49.28, 1931050
49.29, 1931050
49.3, 1931050
49.31, 1931050
49.32, 1931050
49.33, 1931050
49.34, 1931050
49.35, 1931050
49.36, 1931050
49.37, 1931050
49.38, 1931050
49.39, 1931050
49.4, 1931050
49.41, 1931050
49.42, 1931050
49.43, 1931050
49.44, 1931050
49.45, 1931050
49.46, 1931050
49.47, 1931050
49.48, 1931050
49.49, 1931050
49.5, 1931050
49.51, 1931050
49.52, 1931050
49.53, 1931050
49.54, 1931050
49.55, 1931050
49.56, 1931050
49.57, 1931050
49.58, 1931050
49.59, 1931050
49.6, 1931050
49.61, 1931050
49.62, 1931050
49.63, 1931050
49.64, 1931050
49.65, 1931050
49.66, 1931050
49.67, 1931050
49.68, 1931050
49.69, 1931050
49.7, 1931050
49.71, 1931050
49.72, 1931050
49.73, 1931050
49.74, 1931050
49.75, 1931050
49.76, 1931050
49.77, 1931050
49.78, 1931050
49.79, 1931050
49.8, 1931050
49.81, 1931050
49.82, 1931050
49.83, 1931050
49.84, 1931050
49.85, 1931050
49.86, 1931050
49.87, 1931050
49.88, 1931050
49.89, 1931050
49.9, 1931050
49.91, 1931050
49.92, 1931050
49.93, 1931050
49.94, 1931050
49.95, 1931050
49.96, 1931050
49.97, 1931050
49.98, 1931050
49.99, 1931050
50.0, 1931050
50.01, 1931050
50.02, 1931050
50.03, 1931050
50.04, 1931050
50.05, 1931050
50.06, 1931050
50.07, 1931050
50.08, 1931050
50.09, 1931050
50.1, 1931050
50.11, 1931050
50.12, 1931050
50.13, 1931050
50.14, 1931050
50.15, 1931050
50.16, 1931050
50.17, 1931050
50.18, 1931050
50.19, 1931050
50.2, 1931050
50.21, 1931050
50.22, 1931050
50.23, 1931050
50.24, 1931050
50.25, 1931050
50.26, 1931050
50.27, 1931050
50.28, 1931050
50.29, 1931050
50.3, 1931050
50.31, 1931050
50.32, 1931050
50.33, 1931050
50.34, 1931050
50.35, 1931050
50.36, 1931050
50.37, 1931050
50.38, 1931050
50.39, 1931050
50.4, 1931050
50.41, 1931050
50.42, 1931050
50.43, 1931050
50.44, 1931050
50.45, 1931050
50.46, 1931050
50.47, 1931050
50.48, 1931050
50.49, 1931050
50.5, 1931050
50.51, 1931050
50.52, 1931050
50.53, 1931050
50.54, 1931050
50.55, 1931050
50.56, 1931050
50.57, 1931050
50.58, 1931050
50.59, 1931050
50.6, 1931050
50.61, 1931050
50.62, 1931050
50.63, 1931050
50.64, 1931050
50.65, 1931050
50.66, 1931050
50.67, 1931050
50.68, 1931050
50.69, 1931050
50.7, 1931050
50.71, 1931050
50.72, 1931050
50.73, 1931050
50.74, 1931050
50.75, 1931050
50.76, 1931050
50.77, 1931050
50.78, 1931050
50.79, 1931050
50.8, 1931050
50.81, 1931050
50.82, 1931050
50.83, 1931050
50.84, 1931050
50.85, 1931050
50.86, 1931050
50.87, 1931050
50.88, 1931050
50.89, 1931050
50.9, 1931050
50.91, 1931050
50.92, 1931050
50.93, 1931050
50.94, 1931050
50.95, 1931050
50.96, 1931050
50.97, 1931050
50.98, 1931050
50.99, 1931050
51.0, 1931050
51.01, 1931050
51.02, 1931050
51.03, 1931050
51.04, 1931050
51.05, 1931050
51.06, 1931050
51.07, 1931050
51.08, 1931050
51.09, 1931050
51.1, 1931050
51.11, 1931050
51.12, 1931050
51.13, 1931050
51.14, 1931050
51.15, 1931050
51.16, 1931050
51.17, 1931050
51.18, 1931050
51.19, 1931050
51.2, 1931050
51.21, 1931050
51.22, 1931050
51.23, 1931050
51.24, 1931050
51.25, 1931050
51.26, 1931050
51.27, 1931050
51.28, 1931050
51.29, 1931050
51.3, 1931050
51.31, 1931050
51.32, 1931050
51.33, 1931050
51.34, 1931050
51.35, 1931050
51.36, 1931050
51.37, 1931050
51.38, 1931050
51.39, 1931050
51.4, 1931050
51.41, 1931050
51.42, 1931050
51.43, 1931050
51.44, 1931050
51.45, 1931050
51.46, 1931050
51.47, 1931050
51.48, 1931050
51.49, 1931050
51.5, 1931050
51.51, 1931050
51.52, 1931050
51.53, 1931050
51.54, 1931050
51.55, 1931050
51.56, 1931050
51.57, 1931050
51.58, 1931050
51.59, 1931050
51.6, 1931050
51.61, 1931050
51.62, 1931050
51.63, 1931050
51.64, 1931050
51.65, 1931050
51.66, 1931050
51.67, 1931050
51.68, 1931050
51.69, 1931050
51.7, 1931050
51.71, 1931050
51.72, 1931050
51.73, 1931050
51.74, 1931050
51.75, 1931050
51.76, 1931050
51.77, 1931050
51.78, 1931050
51.79, 1931050
51.8, 1931050
51.81, 1931050
51.82, 1931050
51.83, 1931050
51.84, 1931050
51.85, 1931050
51.86, 1931050
51.87, 1931050
51.88, 1931050
51.89, 1931050
51.9, 1931050
51.91, 1931050
51.92, 1931050
51.93, 1931050
51.94, 1931050
51.95, 1931050
51.96, 1931050
51.97, 1931050
51.98, 1931050
51.99, 1931050
52.0, 1931050
52.01, 1931050
52.02, 1931050
52.03, 1931050
52.04, 1931050
52.05, 1931050
52.06, 1931050
52.07, 1931050
52.08, 1931050
52.09, 1931050
52.1, 1931050
52.11, 1931050
52.12, 1931050
52.13, 1931050
52.14, 1931050
52.15, 1931050
52.16, 1931050
52.17, 1931050
52.18, 1931050
52.19, 1931050
52.2, 1931050
52.21, 1931050
52.22, 1931050
52.23, 1931050
52.24, 1931050
52.25, 1931050
52.26, 1931050
52.27, 1931050
52.28, 1931050
52.29, 1931050
52.3, 1931050
52.31, 1931050
52.32, 1931050
52.33, 1931050
52.34, 1931050
52.35, 1931050
52.36, 1931050
52.37, 1931050
52.38, 1931050
52.39, 1931050
52.4, 1931050
52.41, 1931050
52.42, 1931050
52.43, 1931050
52.44, 1931050
52.45, 1931050
52.46, 1931050
52.47, 1931050
52.48, 1931050
52.49, 1931050
52.5, 1931050
52.51, 1931050
52.52, 1931050
52.53, 1931050
52.54, 1931050
52.55, 1931050
52.56, 1931050
52.57, 1931050
52.58, 1931050
52.59, 1931050
52.6, 1931050
52.61, 1931050
52.62, 1931050
52.63, 1931050
52.64, 1931050
52.65, 1931050
52.66, 1931050
52.67, 1931050
52.68, 1931050
52.69, 1931050
52.7, 1931050
52.71, 1931050
52.72, 1931050
52.73, 1931050
52.74, 1931050
52.75, 1931050
52.76, 1931050
52.77, 1931050
52.78, 1931050
52.79, 1931050
52.8, 1931050
52.81, 1931050
52.82, 1931050
52.83, 1931050
52.84, 1931050
52.85, 1931050
52.86, 1931050
52.87, 1931050
52.88, 1931050
52.89, 1931050
52.9, 1931050
52.91, 1931050
52.92, 1931050
52.93, 1931050
52.94, 1931050
52.95, 1931050
52.96, 1931050
52.97, 1931050
52.98, 1931050
52.99, 1931050
53.0, 1931050
53.01, 1931050
53.02, 1931050
53.03, 1931050
53.04, 1931050
53.05, 1931050
53.06, 1931050
53.07, 1931050
53.08, 1931050
53.09, 1931050
53.1, 1931050
53.11, 1931050
53.12, 1931050
53.13, 1931050
53.14, 1931050
53.15, 1931050
53.16, 1931050
53.17, 1931050
53.18, 1931050
53.19, 1931050
53.2, 1931050
53.21, 1931050
53.22, 1931050
53.23, 1931050
53.24, 1931050
53.25, 1931050
53.26, 1931050
53.27, 1931050
53.28, 1931050
53.29, 1931050
53.3, 1931050
53.31, 1931050
53.32, 1931050
53.33, 1931050
53.34, 1931050
53.35, 1931050
53.36, 1931050
53.37, 1931050
53.38, 1931050
53.39, 1931050
53.4, 1931050
53.41, 1931050
53.42, 1931050
53.43, 1931050
53.44, 1931050
53.45, 1931050
53.46, 1931050
53.47, 1931050
53.48, 1931050
53.49, 1931050
53.5, 1931050
53.51, 1931050
53.52, 1931050
53.53, 1931050
53.54, 1931050
53.55, 1931050
53.56, 1931050
53.57, 1931050
53.58, 1931050
53.59, 1931050
53.6, 1931050
53.61, 1931050
53.62, 1931050
53.63, 1931050
53.64, 1931050
53.65, 1931050
53.66, 1931050
53.67, 1931050
53.68, 1931050
53.69, 1931050
53.7, 1931050
53.71, 1931050
53.72, 1931050
53.73, 1931050
53.74, 1931050
53.75, 1931050
53.76, 1931050
53.77, 1931050
53.78, 1931050
53.79, 1931050
53.8, 1931050
53.81, 1931050
53.82, 1931050
53.83, 1931050
53.84, 1931050
53.85, 1931050
53.86, 1931050
53.87, 1931050
53.88, 1931050
53.89, 1931050
53.9, 1931050
53.91, 1931050
53.92, 1931050
53.93, 1931050
53.94, 1931050
53.95, 1931050
53.96, 1931050
53.97, 1931050
53.98, 1931050
53.99, 1931050
54.0, 1931050
54.01, 1931050
54.02, 1931050
54.03, 1931050
54.04, 1931050
54.05, 1931050
54.06, 1931050
54.07, 1931050
54.08, 1931050
54.09, 1931050
54.1, 1931050
54.11, 1931050
54.12, 1931050
54.13, 1931050
54.14, 1931050
54.15, 1931050
54.16, 1931050
54.17, 1931050
54.18, 1931050
54.19, 1931050
54.2, 1931050
54.21, 1931050
54.22, 1931050
54.23, 1931050
54.24, 1931050
54.25, 1931050
54.26, 1931050
54.27, 1931050
54.28, 1931050
54.29, 1931050
54.3, 1931050
54.31, 1931050
54.32, 1931050
54.33, 1931050
54.34, 1931050
54.35, 1931050
54.36, 1931050
54.37, 1931050
54.38, 1931050
54.39, 1931050
54.4, 1931050
54.41, 1931050
54.42, 1931050
54.43, 1931050
54.44, 1931050
54.45, 1931050
54.46, 1931050
54.47, 1931050
54.48, 1931050
54.49, 1931050
54.5, 1931050
54.51, 1931050
54.52, 1931050
54.53, 1931050
54.54, 1931050
54.55, 1931050
54.56, 1931050
54.57, 1931050
54.58, 1931050
54.59, 1931050
54.6, 1931050
54.61, 1931050
54.62, 1931050
54.63, 1931050
54.64, 1931050
54.65, 1931050
54.66, 1931050
54.67, 1931050
54.68, 1931050
54.69, 1931050
54.7, 1931050
54.71, 1931050
54.72, 1931050
54.73, 1931050
54.74, 1931050
54.75, 1931050
54.76, 1931050
54.77, 1931050
54.78, 1931050
54.79, 1931050
54.8, 1931050
54.81, 1931050
54.82, 1931050
54.83, 1931050
54.84, 1931050
54.85, 1931050
54.86, 1931050
54.87, 1931050
54.88, 1931050
54.89, 1931050
54.9, 1931050
54.91, 1931050
54.92, 1931050
54.93, 1931050
54.94, 1931050
54.95, 1931050
54.96, 1931050
54.97, 1931050
54.98, 1931050
54.99, 1931050
55.0, 1931050
55.01, 1931050
55.02, 1931050
55.03, 1931050
55.04, 1931050
55.05, 1931050
55.06, 1931050
55.07, 1931050
55.08, 1931050
55.09, 1931050
55.1, 1931050
55.11, 1931050
55.12, 1931050
55.13, 1931050
55.14, 1931050
55.15, 1931050
55.16, 1931050
55.17, 1931050
55.18, 1931050
55.19, 1931050
55.2, 1931050
55.21, 1931050
55.22, 1931050
55.23, 1931050
55.24, 1931050
55.25, 1931050
55.26, 1931050
55.27, 1931050
55.28, 1931050
55.29, 1931050
55.3, 1931050
55.31, 1931050
55.32, 1931050
55.33, 1931050
55.34, 1931050
55.35, 1931050
55.36, 1931050
55.37, 1931050
55.38, 1931050
55.39, 1931050
55.4, 1931050
55.41, 1931050
55.42, 1931050
55.43, 1931050
55.44, 1931050
55.45, 1931050
55.46, 1931050
55.47, 1931050
55.48, 1931050
55.49, 1931050
55.5, 1931050
55.51, 1931050
55.52, 1931050
55.53, 1931050
55.54, 1931050
55.55, 1931050
55.56, 1931050
55.57, 1931050
55.58, 1931050
55.59, 1931050
55.6, 1931050
55.61, 1931050
55.62, 1931050
55.63, 1931050
55.64, 1931050
55.65, 1931050
55.66, 1931050
55.67, 1931050
55.68, 1931050
55.69, 1931050
55.7, 1931050
55.71, 1931050
55.72, 1931050
55.73, 1931050
55.74, 1931050
55.75, 1931050
55.76, 1931050
55.77, 1931050
55.78, 1931050
55.79, 1931050
55.8, 1931050
55.81, 1931050
55.82, 1931050
55.83, 1931050
55.84, 1931050
55.85, 1931050
55.86, 1931050
55.87, 1931050
55.88, 1931050
55.89, 1931050
55.9, 1931050
55.91, 1931050
55.92, 1931050
55.93, 1931050
55.94, 1931050
55.95, 1931050
55.96, 1931050
55.97, 1931050
55.98, 1931050
55.99, 1931050
56.0, 1931050
56.01, 1931050
56.02, 1931050
56.03, 1931050
56.04, 1931050
56.05, 1931050
56.06, 1931050
56.07, 1931050
56.08, 1931050
56.09, 1931050
56.1, 1931050
56.11, 1931050
56.12, 1931050
56.13, 1931050
56.14, 1931050
56.15, 1931050
56.16, 1931050
56.17, 1931050
56.18, 1931050
56.19, 1931050
56.2, 1931050
56.21, 1931050
56.22, 1931050
56.23, 1931050
56.24, 1931050
56.25, 1931050
56.26, 1931050
56.27, 1931050
56.28, 1931050
56.29, 1931050
56.3, 1931050
56.31, 1931050
56.32, 1931050
56.33, 1931050
56.34, 1931050
56.35, 1931050
56.36, 1931050
56.37, 1931050
56.38, 1931050
56.39, 1931050
56.4, 1931050
56.41, 1931050
56.42, 1931050
56.43, 1931050
56.44, 1931050
56.45, 1931050
56.46, 1931050
56.47, 1931050
56.48, 1931050
56.49, 1931050
56.5, 1931050
56.51, 1931050
56.52, 1931050
56.53, 1931050
56.54, 1931050
56.55, 1931050
56.56, 1931050
56.57, 1931050
56.58, 1931050
56.59, 1931050
56.6, 1931050
56.61, 1931050
56.62, 1931050
56.63, 1931050
56.64, 1931050
56.65, 1931050
56.66, 1931050
56.67, 1931050
56.68, 1931050
56.69, 1931050
56.7, 1931050
56.71, 1931050
56.72, 1931050
56.73, 1931050
56.74, 1931050
56.75, 1931050
56.76, 1931050
56.77, 1931050
56.78, 1931050
56.79, 1931050
56.8, 1931050
56.81, 1931050
56.82, 1931050
56.83, 1931050
56.84, 1931050
56.85, 1931050
56.86, 1931050
56.87, 1931050
56.88, 1931050
56.89, 1931050
56.9, 1931050
56.91, 1931050
56.92, 1931050
56.93, 1931050
56.94, 1931050
56.95, 1931050
56.96, 1931050
56.97, 1931050
56.98, 1931050
56.99, 1931050
57.0, 1931050
57.01, 1931050
57.02, 1931050
57.03, 1931050
57.04, 1931050
57.05, 1931050
57.06, 1931050
57.07, 1931050
57.08, 1931050
57.09, 1931050
57.1, 1931050
57.11, 1931050
57.12, 1931050
57.13, 1931050
57.14, 1931050
57.15, 1931050
57.16, 1931050
57.17, 1931050
57.18, 1931050
57.19, 1931050
57.2, 1931050
57.21, 1931050
57.22, 1931050
57.23, 1931050
57.24, 1931050
57.25, 1931050
57.26, 1931050
57.27, 1931050
57.28, 1931050
57.29, 1931050
57.3, 1931050
57.31, 1931050
57.32, 1931050
57.33, 1931050
57.34, 1931050
57.35, 1931050
57.36, 1931050
57.37, 1931050
57.38, 1931050
57.39, 1931050
57.4, 1931050
57.41, 1931050
57.42, 1931050
57.43, 1931050
57.44, 1931050
57.45, 1931050
57.46, 1931050
57.47, 1931050
57.48, 1931050
57.49, 1931050
57.5, 1931050
57.51, 1931050
57.52, 1931050
57.53, 1931050
57.54, 1931050
57.55, 1931050
57.56, 1931050
57.57, 1931050
57.58, 1931050
57.59, 1931050
57.6, 1931050
57.61, 1931050
57.62, 1931050
57.63, 1931050
57.64, 1931050
57.65, 1931050
57.66, 1931050
57.67, 1931050
57.68, 1931050
57.69, 1931050
57.7, 1931050
57.71, 1931050
57.72, 1931050
57.73, 1931050
57.74, 1931050
57.75, 1931050
57.76, 1931050
57.77, 1931050
57.78, 1931050
57.79, 1931050
57.8, 1931050
57.81, 1931050
57.82, 1931050
57.83, 1931050
57.84, 1931050
57.85, 1931050
57.86, 1931050
57.87, 1931050
57.88, 1931050
57.89, 1931050
57.9, 1931050
57.91, 1931050
57.92, 1931050
57.93, 1931050
57.94, 1931050
57.95, 1931050
57.96, 1931050
57.97, 1931050
57.98, 1931050
57.99, 1931050
58.0, 1931050
58.01, 1931050
58.02, 1931050
58.03, 1931050
58.04, 1931050
58.05, 1931050
58.06, 1931050
58.07, 1931050
58.08, 1931050
58.09, 1931050
58.1, 1931050
58.11, 1931050
58.12, 1931050
58.13, 1931050
58.14, 1931050
58.15, 1931050
58.16, 1931050
58.17, 1931050
58.18, 1931050
58.19, 1931050
58.2, 1931050
58.21, 1931050
58.22, 1931050
58.23, 1931050
58.24, 1931050
58.25, 1931050
58.26, 1931050
58.27, 1931050
58.28, 1931050
58.29, 1931050
58.3, 1931050
58.31, 1931050
58.32, 1931050
58.33, 1931050
58.34, 1931050
58.35, 1931050
58.36, 1931050
58.37, 1931050
58.38, 1931050
58.39, 1931050
58.4, 1931050
58.41, 1931050
58.42, 1931050
58.43, 1931050
58.44, 1931050
58.45, 1931050
58.46, 1931050
58.47, 1931050
58.48, 1931050
58.49, 1931050
58.5, 1931050
58.51, 1931050
58.52, 1931050
58.53, 1931050
58.54, 1931050
58.55, 1931050
58.56, 1931050
58.57, 1931050
58.58, 1931050
58.59, 1931050
58.6, 1931050
58.61, 1931050
58.62, 1931050
58.63, 1931050
58.64, 1931050
58.65, 1931050
58.66, 1931050
58.67, 1931050
58.68, 1931050
58.69, 1931050
58.7, 1931050
58.71, 1931050
58.72, 1931050
58.73, 1931050
58.74, 1931050
58.75, 1931050
58.76, 1931050
58.77, 1931050
58.78, 1931050
58.79, 1931050
58.8, 1931050
58.81, 1931050
58.82, 1931050
58.83, 1931050
58.84, 1931050
58.85, 1931050
58.86, 1931050
58.87, 1931050
58.88, 1931050
58.89, 1931050
58.9, 1931050
58.91, 1931050
58.92, 1931050
58.93, 1931050
58.94, 1931050
58.95, 1931050
58.96, 1931050
58.97, 1931050
58.98, 1931050
58.99, 1931050
59.0, 1931050
59.01, 1931050
59.02, 1931050
59.03, 1931050
59.04, 1931050
59.05, 1931050
59.06, 1931050
59.07, 1931050
59.08, 1931050
59.09, 1931050
59.1, 1931050
59.11, 1931050
59.12, 1931050
59.13, 1931050
59.14, 1931050
59.15, 1931050
59.16, 1931050
59.17, 1931050
59.18, 1931050
59.19, 1931050
59.2, 1931050
59.21, 1931050
59.22, 1931050
59.23, 1931050
59.24, 1931050
59.25, 1931050
59.26, 1931050
59.27, 1931050
59.28, 1931050
59.29, 1931050
59.3, 1931050
59.31, 1931050
59.32, 1931050
59.33, 1931050
59.34, 1931050
59.35, 1931050
59.36, 1931050
59.37, 1931050
59.38, 1931050
59.39, 1931050
59.4, 1931050
59.41, 1931050
59.42, 1931050
59.43, 1931050
59.44, 1931050
59.45, 1931050
59.46, 1931050
59.47, 1931050
59.48, 1931050
59.49, 1931050
59.5, 1931050
59.51, 1931050
59.52, 1931050
59.53, 1931050
59.54, 1931050
59.55, 1931050
59.56, 1931050
59.57, 1931050
59.58, 1931050
59.59, 1931050
59.6, 1931050
59.61, 1931050
59.62, 1931050
59.63, 1931050
59.64, 1931050
59.65, 1931050
59.66, 1931050
59.67, 1931050
59.68, 1931050
59.69, 1931050
59.7, 1931050
59.71, 1931050
59.72, 1931050
59.73, 1931050
59.74, 1931050
59.75, 1931050
59.76, 1931050
59.77, 1931050
59.78, 1931050
59.79, 1931050
59.8, 1931050
59.81, 1931050
59.82, 1931050
59.83, 1931050
59.84, 1931050
59.85, 1931050
59.86, 1931050
59.87, 1931050
59.88, 1931050
59.89, 1931050
59.9, 1931050
59.91, 1931050
59.92, 1931050
59.93, 1931050
59.94, 1931050
59.95, 1931050
59.96, 1931050
59.97, 1931050
59.98, 1931050
59.99, 1931050
