0.0, 2525149
0.01, 2351940
0.02, 2351940
0.03, 2281572
0.04, 2281572
0.05, 2281572
0.06, 2281572
0.07, 2281572
0.08, 2281572
0.09, 2281572
0.1, 2281572
0.11, 2281572
0.12, 2281572
0.13, 2196380
0.14, 2196380
0.15, 2196380
0.16, 2196380
0.17, 2196380
0.18, 2130651
0.19, 2130651
0.2, 2130651
0.21, 2130651
0.22, 2130651
0.23, 2130651
0.24, 2130651
0.25, 2130651
0.26, 2130651
0.27, 2130651
0.28, 2130651
0.29, 2130651
0.3, 2130651
0.31, 2057310
0.32, 2057310
0.33, 2057310
0.34, 2057310
0.35, 2057310
0.36, 2057310
0.37, 2057310
0.38, 2057310
0.39, 2057310
0.4, 2057310
0.41, 2057310
0.42, 2057310
0.43, 2057310
0.44, 2057310
0.45, 2057310
0.46, 2057310
0.47, 2057310
0.48, 2057310
0.49, 2057310
0.5, 2057310
0.51, 2057310
0.52, 2057310
0.53, 2057310
0.54, 2057310
0.55, 2057310
0.56, 2057310
0.57, 2057310
0.58, 2057310
0.59, 2057310
0.6, 2057310
0.61, 2057310
0.62, 2057310
0.63, 2057310
0.64, 2057310
0.65, 2057310
0.66, 2057310
0.67, 2057310
0.68, 2057310
0.69, 2057310
0.7, 2057310
0.71, 2057310
0.72, 2057310
0.73, 2057310
0.74, 2057310
0.75, 2057310
0.76, 2057310
0.77, 2057310
0.78, 2057310
0.79, 2057310
0.8, 2057310
0.81, 2057310
0.82, 2057310
0.83, 2057310
0.84, 2057310
0.85, 2057310
0.86, 2057310
0.87, 2057310
0.88, 2057310
0.89, 2057310
0.9, 2057310
0.91, 2057310
0.92, 2057310
0.93, 2057310
0.94, 2057310
0.95, 2057310
0.96, 2057310
0.97, 2057310
0.98, 2057310
0.99, 2057310
1.0, 2057310
1.01, 2057310
1.02, 2057310
1.03, 2057310
1.04, 2057310
1.05, 2057310
1.06, 2057310
1.07, 2057310
1.08, 2057310
1.09, 2057310
1.1, 2057310
1.11, 2057310
1.12, 2057310
1.13, 2057310
1.14, 2057310
1.15, 2057310
1.16, 2057310
1.17, 2057310
1.18, 2057310
1.19, 2057310
1.2, 2057310
1.21, 2057310
1.22, 2057310
1.23, 2057310
1.24, 2057310
1.25, 2057310
1.26, 2057310
1.27, 2057310
1.28, 2057310
1.29, 2057310
1.3, 2057310
1.31, 2057310
1.32, 2057310
1.33, 2057310
1.34, 2057310
1.35, 2057310
1.36, 2057310
1.37, 2057310
1.38, 2057310
1.39, 2057310
1.4, 2057310
1.41, 2057310
1.42, 2057310
1.43, 2057310
1.44, 2057310
1.45, 2057310
1.46, 2057310
1.47, 2057310
1.48, 2057310
1.49, 2057310
1.5, 2057310
1.51, 2057310
1.52, 2057310
1.53, 2057310
1.54, 2057310
1.55, 2057310
1.56, 2057310
1.57, 2057310
1.58, 2057310
1.59, 2057310
1.6, 2057310
1.61, 2057310
1.62, 2057310
1.63, 2057310
1.64, 2057310
1.65, 2057310
1.66, 2057310
1.67, 2057310
1.68, 2057310
1.69, 2057310
1.7, 2057310
1.71, 2057310
1.72, 2057310
1.73, 2057310
1.74, 2057310
1.75, 2057310
1.76, 2057310
1.77, 2057310
1.78, 2057310
1.79, 2057310
1.8, 2057310
1.81, 2057310
1.82, 2057310
1.83, 2057310
1.84, 2057310
1.85, 2057310
1.86, 2057310
1.87, 2057310
1.88, 2057310
1.89, 2057310
1.9, 2057310
1.91, 2057310
1.92, 2057310
1.93, 2057310
1.94, 2057310
1.95, 2057310
1.96, 2057310
1.97, 2057310
1.98, 2057310
1.99, 2057310
2.0, 2057310
2.01, 2057310
2.02, 2057310
2.03, 2057310
2.04, 2057310
2.05, 2057310
2.06, 2057310
2.07, 2057310
2.08, 2057310
2.09, 2057310
2.1, 2057310
2.11, 2057310
2.12, 2057310
2.13, 2057310
2.14, 2057310
2.15, 2057310
2.16, 2057310
2.17, 2057310
2.18, 2057310
2.19, 2057310
2.2, 2057310
2.21, 2057310
2.22, 2057310
2.23, 2057310
2.24, 2057310
2.25, 2057310
2.26, 2057310
2.27, 2057310
2.28, 2057310
2.29, 2057310
2.3, 2057310
2.31, 2057310
2.32, 2057310
2.33, 2057310
2.34, 2057310
2.35, 2057310
2.36, 2057310
2.37, 2057310
2.38, 2057310
2.39, 2057310
2.4, 2057310
2.41, 2057310
2.42, 2057310
2.43, 2057310
2.44, 2057310
2.45, 2057310
2.46, 2057310
2.47, 2057310
2.48, 2057310
2.49, 2057310
2.5, 2057310
2.51, 2057310
2.52, 2057310
2.53, 2057310
2.54, 2057310
2.55, 2057310
2.56, 2057310
2.57, 2057310
2.58, 2057310
2.59, 2057310
2.6, 2057310
2.61, 2057310
2.62, 2057310
2.63, 2057310
2.64, 2057310
2.65, 2057310
2.66, 2057310
2.67, 2057310
2.68, 2057310
2.69, 2057310
2.7, 2057310
2.71, 2057310
2.72, 2057310
2.73, 2057310
2.74, 2057310
2.75, 2057310
2.76, 2057310
2.77, 2057310
2.78, 2057310
2.79, 2057310
2.8, 2057310
2.81, 2057310
2.82, 2057310
2.83, 2057310
2.84, 2057310
2.85, 2057310
2.86, 2057310
2.87, 2057310
2.88, 2057310
2.89, 2057310
2.9, 2057310
2.91, 2057310
2.92, 2057310
2.93, 2057310
2.94, 2057310
2.95, 2057310
2.96, 2057310
2.97, 2057310
2.98, 2057310
2.99, 2057310
3.0, 2057310
3.01, 2057310
3.02, 2057310
3.03, 2057310
3.04, 2057310
3.05, 2057310
3.06, 2057310
3.07, 2057310
3.08, 2057310
3.09, 2057310
3.1, 2057310
3.11, 2057310
3.12, 2057310
3.13, 2057310
3.14, 2057310
3.15, 2057310
3.16, 2057310
3.17, 2057310
3.18, 2057310
3.19, 2057310
3.2, 2057310
3.21, 2057310
3.22, 2057310
3.23, 2057310
3.24, 2057310
3.25, 2057310
3.26, 2057310
3.27, 2057310
3.28, 2057310
3.29, 2057310
3.3, 2057310
3.31, 2057310
3.32, 2057310
3.33, 2057310
3.34, 2057310
3.35, 2057310
3.36, 2057310
3.37, 2057310
3.38, 2057310
3.39, 2057310
3.4, 2057310
3.41, 2057310
3.42, 2057310
3.43, 2057310
3.44, 2057310
3.45, 2057310
3.46, 2057310
3.47, 2057310
3.48, 2057310
3.49, 2057310
3.5, 2057310
3.51, 2057310
3.52, 2057310
3.53, 2057310
3.54, 2057310
3.55, 2057310
3.56, 2057310
3.57, 2057310
3.58, 2057310
3.59, 2057310
3.6, 2057310
3.61, 2057310
3.62, 2057310
3.63, 2057310
3.64, 2057310
3.65, 2057310
3.66, 2057310
3.67, 2057310
3.68, 2057310
3.69, 2057310
3.7, 2057310
3.71, 2057310
3.72, 2057310
3.73, 2057310
3.74, 2057310
3.75, 2057310
3.76, 2057310
3.77, 2057310
3.78, 2057310
3.79, 2057310
3.8, 2057310
3.81, 2057310
3.82, 2057310
3.83, 2057310
3.84, 2057310
3.85, 2057310
3.86, 2057310
3.87, 2057310
3.88, 2057310
3.89, 2057310
3.9, 2057310
3.91, 2057310
3.92, 2057310
3.93, 2057310
3.94, 2057310
3.95, 2057310
3.96, 2057310
3.97, 2057310
3.98, 2057310
3.99, 2057310
4.0, 2057310
4.01, 2057310
4.02, 2057310
4.03, 2057310
4.04, 2057310
4.05, 2057310
4.06, 2057310
4.07, 2057310
4.08, 2057310
4.09, 2057310
4.1, 2057310
4.11, 2057310
4.12, 2057310
4.13, 2057310
4.14, 2057310
4.15, 2057310
4.16, 2057310
4.17, 2057310
4.18, 2057310
4.19, 2057310
4.2, 2057310
4.21, 2057310
4.22, 2057310
4.23, 2057310
4.24, 2057310
4.25, 2057310
4.26, 2057310
4.27, 2057310
4.28, 2057310
4.29, 2057310
4.3, 2057310
4.31, 2057310
4.32, 2057310
4.33, 2057310
4.34, 2057310
4.35, 2057310
4.36, 2057310
4.37, 2057310
4.38, 2057310
4.39, 2057310
4.4, 2057310
4.41, 2057310
4.42, 2057310
4.43, 2057310
4.44, 2057310
4.45, 2057310
4.46, 2057310
4.47, 2057310
4.48, 2057310
4.49, 2057310
4.5, 2057310
4.51, 2057310
4.52, 2057310
4.53, 2057310
4.54, 2057310
4.55, 2057310
4.56, 2057310
4.57, 2057310
4.58, 2057310
4.59, 2057310
4.6, 2057310
4.61, 2057310
4.62, 2057310
4.63, 2057310
4.64, 2057310
4.65, 2057310
4.66, 2057310
4.67, 2057310
4.68, 2057310
4.69, 2057310
4.7, 2057310
4.71, 2057310
4.72, 2057310
4.73, 2057310
4.74, 2057310
4.75, 2057310
4.76, 2057310
4.77, 2057310
4.78, 2057310
4.79, 2057310
4.8, 2057310
4.81, 2057310
4.82, 2057310
4.83, 2057310
4.84, 2057310
4.85, 2057310
4.86, 2057310
4.87, 2057310
4.88, 2057310
4.89, 2057310
4.9, 2057310
4.91, 2057310
4.92, 2057310
4.93, 2057310
4.94, 2057310
4.95, 2057310
4.96, 2057310
4.97, 2057310
4.98, 2057310
4.99, 2057310
5.0, 2057310
5.01, 2057310
5.02, 2057310
5.03, 2057310
5.04, 2057310
5.05, 2057310
5.06, 2057310
5.07, 2057310
5.08, 2057310
5.09, 2057310
5.1, 2057310
5.11, 2057310
5.12, 2057310
5.13, 2057310
5.14, 2057310
5.15, 2057310
5.16, 2057310
5.17, 2057310
5.18, 2057310
5.19, 2057310
5.2, 2057310
5.21, 2057310
5.22, 2057310
5.23, 2057310
5.24, 2057310
5.25, 2057310
5.26, 2057310
5.27, 2057310
5.28, 2057310
5.29, 2057310
5.3, 2057310
5.31, 2057310
5.32, 2057310
5.33, 2057310
5.34, 2057310
5.35, 2057310
5.36, 2057310
5.37, 2057310
5.38, 2057310
5.39, 2057310
5.4, 2057310
5.41, 2057310
5.42, 2057310
5.43, 2057310
5.44, 2057310
5.45, 2057310
5.46, 2057310
5.47, 2057310
5.48, 2057310
5.49, 2057310
5.5, 2057310
5.51, 2057310
5.52, 2057310
5.53, 2057310
5.54, 2057310
5.55, 2057310
5.56, 2057310
5.57, 2057310
5.58, 2057310
5.59, 2057310
5.6, 2057310
5.61, 2057310
5.62, 2057310
5.63, 2057310
5.64, 2057310
5.65, 2057310
5.66, 2057310
5.67, 2057310
5.68, 2057310
5.69, 2057310
5.7, 2057310
5.71, 2057310
5.72, 2057310
5.73, 2057310
5.74, 2057310
5.75, 2057310
5.76, 2057310
5.77, 2057310
5.78, 2057310
5.79, 2057310
5.8, 2057310
5.81, 2057310
5.82, 2057310
5.83, 2057310
5.84, 2057310
5.85, 2057310
5.86, 2057310
5.87, 2057310
5.88, 2057310
5.89, 2057310
5.9, 2057310
5.91, 2057310
5.92, 2057310
5.93, 2057310
5.94, 2057310
5.95, 2057310
5.96, 2057310
5.97, 2057310
5.98, 2057310
5.99, 2057310
6.0, 2057310
6.01, 2057310
6.02, 2057310
6.03, 2057310
6.04, 2057310
6.05, 2057310
6.06, 2057310
6.07, 2057310
6.08, 2057310
6.09, 2057310
6.1, 2057310
6.11, 2057310
6.12, 2057310
6.13, 2057310
6.14, 2057310
6.15, 2057310
6.16, 2057310
6.17, 2057310
6.18, 2057310
6.19, 2057310
6.2, 2057310
6.21, 2057310
6.22, 2057310
6.23, 2057310
6.24, 2057310
6.25, 2057310
6.26, 2057310
6.27, 2057310
6.28, 2057310
6.29, 2057310
6.3, 2057310
6.31, 2057310
6.32, 2057310
6.33, 2057310
6.34, 2057310
6.35, 2057310
6.36, 2057310
6.37, 2057310
6.38, 2057310
6.39, 2057310
6.4, 2057310
6.41, 2057310
6.42, 2057310
6.43, 2057310
6.44, 2057310
6.45, 2057310
6.46, 2057310
6.47, 2057310
6.48, 2057310
6.49, 2057310
6.5, 2057310
6.51, 2057310
6.52, 2057310
6.53, 2057310
6.54, 2057310
6.55, 2057310
6.56, 2057310
6.57, 2057310
6.58, 2057310
6.59, 2057310
6.6, 2057310
6.61, 2057310
6.62, 2057310
6.63, 2057310
6.64, 2057310
6.65, 2057310
6.66, 2057310
6.67, 2057310
6.68, 2057310
6.69, 2057310
6.7, 2057310
6.71, 2057310
6.72, 2057310
6.73, 2057310
6.74, 2057310
6.75, 2057310
6.76, 2057310
6.77, 2057310
6.78, 2057310
6.79, 2057310
6.8, 1946066
6.81, 1946066
6.82, 1946066
6.83, 1946066
6.84, 1946066
6.85, 1946066
6.86, 1946066
6.87, 1946066
6.88, 1946066
6.89, 1946066
6.9, 1946066
6.91, 1946066
6.92, 1946066
6.93, 1946066
6.94, 1946066
6.95, 1946066
6.96, 1946066
6.97, 1946066
6.98, 1946066
6.99, 1946066
7.0, 1946066
7.01, 1946066
7.02, 1946066
7.03, 1946066
7.04, 1946066
7.05, 1946066
7.06, 1946066
7.07, 1946066
7.08, 1946066
7.09, 1946066
7.1, 1946066
7.11, 1946066
7.12, 1946066
7.13, 1946066
7.14, 1946066
7.15, 1946066
7.16, 1946066
7.17, 1946066
7.18, 1946066
7.19, 1946066
7.2, 1946066
7.21, 1946066
7.22, 1946066
7.23, 1946066
7.24, 1946066
7.25, 1946066
7.26, 1946066
7.27, 1946066
7.28, 1946066
7.29, 1946066
7.3, 1946066
7.31, 1946066
7.32, 1946066
7.33, 1946066
7.34, 1946066
7.35, 1946066
7.36, 1946066
7.37, 1946066
7.38, 1946066
7.39, 1946066
7.4, 1946066
7.41, 1946066
7.42, 1946066
7.43, 1946066
7.44, 1946066
7.45, 1946066
7.46, 1946066
7.47, 1946066
7.48, 1946066
7.49, 1946066
7.5, 1946066
7.51, 1946066
7.52, 1946066
7.53, 1946066
7.54, 1946066
7.55, 1946066
7.56, 1946066
7.57, 1946066
7.58, 1946066
7.59, 1946066
7.6, 1946066
7.61, 1946066
7.62, 1946066
7.63, 1946066
7.64, 1946066
7.65, 1946066
7.66, 1946066
7.67, 1946066
7.68, 1946066
7.69, 1946066
7.7, 1946066
7.71, 1946066
7.72, 1946066
7.73, 1946066
7.74, 1946066
7.75, 1946066
7.76, 1946066
7.77, 1946066
7.78, 1946066
7.79, 1946066
7.8, 1946066
7.81, 1946066
7.82, 1946066
7.83, 1946066
7.84, 1946066
7.85, 1946066
7.86, 1946066
7.87, 1946066
7.88, 1946066
7.89, 1946066
7.9, 1946066
7.91, 1946066
7.92, 1946066
7.93, 1946066
7.94, 1946066
7.95, 1946066
7.96, 1946066
7.97, 1946066
7.98, 1946066
7.99, 1946066
8.0, 1946066
8.01, 1946066
8.02, 1946066
8.03, 1946066
8.04, 1946066
8.05, 1946066
8.06, 1946066
8.07, 1946066
8.08, 1946066
8.09, 1946066
8.1, 1946066
8.11, 1946066
8.12, 1946066
8.13, 1946066
8.14, 1946066
8.15, 1946066
8.16, 1946066
8.17, 1946066
8.18, 1946066
8.19, 1946066
8.2, 1946066
8.21, 1946066
8.22, 1946066
8.23, 1946066
8.24, 1946066
8.25, 1946066
8.26, 1946066
8.27, 1946066
8.28, 1946066
8.29, 1946066
8.3, 1946066
8.31, 1946066
8.32, 1946066
8.33, 1946066
8.34, 1946066
8.35, 1946066
8.36, 1946066
8.37, 1946066
8.38, 1946066
8.39, 1946066
8.4, 1946066
8.41, 1946066
8.42, 1946066
8.43, 1946066
8.44, 1946066
8.45, 1946066
8.46, 1946066
8.47, 1946066
8.48, 1946066
8.49, 1946066
8.5, 1946066
8.51, 1946066
8.52, 1946066
8.53, 1946066
8.54, 1946066
8.55, 1946066
8.56, 1946066
8.57, 1946066
8.58, 1946066
8.59, 1946066
8.6, 1946066
8.61, 1946066
8.62, 1946066
8.63, 1946066
8.64, 1946066
8.65, 1946066
8.66, 1946066
8.67, 1946066
8.68, 1946066
8.69, 1946066
8.7, 1946066
8.71, 1946066
8.72, 1946066
8.73, 1946066
8.74, 1946066
8.75, 1946066
8.76, 1946066
8.77, 1946066
8.78, 1946066
8.79, 1946066
8.8, 1946066
8.81, 1946066
8.82, 1946066
8.83, 1946066
8.86, 1946066
8.87, 1946066
8.88, 1946066
8.89, 1946066
8.9, 1946066
8.91, 1946066
8.92, 1946066
8.93, 1946066
8.94, 1946066
8.95, 1946066
8.96, 1946066
8.97, 1946066
8.98, 1946066
8.99, 1946066
9.0, 1946066
9.01, 1946066
9.02, 1946066
9.03, 1946066
9.04, 1946066
9.05, 1946066
9.06, 1946066
9.07, 1946066
9.08, 1946066
9.09, 1946066
9.1, 1946066
9.11, 1946066
9.12, 1946066
9.13, 1946066
9.14, 1946066
9.15, 1946066
9.16, 1946066
9.17, 1946066
9.18, 1946066
9.19, 1946066
9.2, 1946066
9.21, 1946066
9.22, 1946066
9.23, 1946066
9.24, 1946066
9.25, 1946066
9.26, 1946066
9.27, 1946066
9.28, 1946066
9.29, 1946066
9.3, 1946066
9.31, 1946066
9.32, 1946066
9.33, 1946066
9.34, 1946066
9.35, 1946066
9.36, 1946066
9.37, 1946066
9.38, 1946066
9.39, 1946066
9.4, 1946066
9.41, 1946066
9.42, 1946066
9.43, 1946066
9.44, 1946066
9.45, 1946066
9.46, 1946066
9.47, 1946066
9.48, 1946066
9.49, 1946066
9.5, 1946066
9.51, 1946066
9.52, 1946066
9.53, 1946066
9.54, 1946066
9.55, 1946066
9.56, 1946066
9.57, 1946066
9.58, 1946066
9.59, 1946066
9.6, 1946066
9.61, 1946066
9.62, 1946066
9.63, 1946066
9.64, 1946066
9.65, 1946066
9.66, 1946066
9.67, 1946066
9.68, 1946066
9.69, 1946066
9.7, 1946066
9.71, 1946066
9.72, 1946066
9.73, 1946066
9.74, 1946066
9.75, 1946066
9.76, 1946066
9.77, 1946066
9.78, 1946066
9.79, 1946066
9.8, 1946066
9.81, 1946066
9.82, 1946066
9.83, 1946066
9.84, 1946066
9.85, 1946066
9.86, 1946066
9.87, 1946066
9.88, 1946066
9.89, 1946066
9.9, 1946066
9.91, 1946066
9.92, 1946066
9.93, 1946066
9.94, 1946066
9.95, 1946066
9.96, 1946066
9.97, 1946066
9.98, 1946066
9.99, 1946066
10.0, 1946066
10.01, 1946066
10.02, 1946066
10.03, 1946066
10.04, 1946066
10.05, 1946066
10.06, 1946066
10.07, 1946066
10.08, 1946066
10.09, 1946066
10.1, 1946066
10.11, 1946066
10.12, 1946066
10.13, 1946066
10.14, 1946066
10.15, 1946066
10.16, 1946066
10.17, 1946066
10.18, 1946066
10.19, 1946066
10.2, 1946066
10.21, 1946066
10.22, 1946066
10.23, 1946066
10.24, 1946066
10.25, 1946066
10.26, 1946066
10.27, 1946066
10.28, 1946066
10.29, 1946066
10.3, 1946066
10.31, 1946066
10.32, 1946066
10.33, 1946066
10.34, 1946066
10.35, 1946066
10.36, 1946066
10.37, 1946066
10.38, 1946066
10.39, 1946066
10.4, 1946066
10.41, 1946066
10.42, 1946066
10.43, 1946066
10.44, 1946066
10.45, 1946066
10.46, 1946066
10.47, 1946066
10.48, 1946066
10.49, 1946066
10.5, 1946066
10.51, 1946066
10.52, 1946066
10.53, 1946066
10.54, 1946066
10.55, 1946066
10.56, 1946066
10.57, 1946066
10.58, 1946066
10.59, 1946066
10.6, 1946066
10.61, 1946066
10.62, 1946066
10.63, 1946066
10.64, 1946066
10.65, 1946066
10.66, 1946066
10.67, 1946066
10.68, 1946066
10.69, 1946066
10.7, 1946066
10.71, 1946066
10.72, 1946066
10.73, 1946066
10.74, 1946066
10.75, 1946066
10.76, 1946066
10.77, 1946066
10.78, 1946066
10.79, 1946066
10.8, 1946066
10.81, 1946066
10.82, 1946066
10.83, 1946066
10.84, 1946066
10.85, 1946066
10.86, 1946066
10.87, 1946066
10.88, 1946066
10.89, 1946066
10.9, 1946066
10.91, 1946066
10.92, 1946066
10.93, 1946066
10.94, 1946066
10.95, 1946066
10.96, 1946066
10.97, 1946066
10.98, 1946066
10.99, 1946066
11.0, 1946066
11.01, 1946066
11.02, 1946066
11.03, 1946066
11.04, 1946066
11.05, 1946066
11.06, 1946066
11.07, 1946066
11.08, 1946066
11.09, 1946066
11.1, 1946066
11.11, 1946066
11.12, 1946066
11.13, 1946066
11.14, 1946066
11.15, 1946066
11.16, 1946066
11.17, 1946066
11.18, 1946066
11.19, 1946066
11.2, 1946066
11.21, 1946066
11.22, 1946066
11.23, 1946066
11.24, 1946066
11.25, 1946066
11.26, 1946066
11.27, 1946066
11.28, 1946066
11.29, 1946066
11.3, 1946066
11.31, 1946066
11.32, 1946066
11.33, 1946066
11.34, 1946066
11.35, 1946066
11.36, 1946066
11.37, 1946066
11.38, 1946066
11.39, 1946066
11.4, 1946066
11.41, 1946066
11.42, 1946066
11.43, 1946066
11.44, 1946066
11.45, 1946066
11.46, 1946066
11.47, 1946066
11.48, 1946066
11.49, 1946066
11.5, 1946066
11.51, 1946066
11.52, 1946066
11.53, 1946066
11.54, 1946066
11.55, 1946066
11.56, 1946066
11.57, 1946066
11.58, 1946066
11.59, 1946066
11.6, 1946066
11.61, 1946066
11.62, 1946066
11.63, 1946066
11.64, 1946066
11.65, 1946066
11.66, 1946066
11.67, 1946066
11.68, 1946066
11.69, 1946066
11.7, 1946066
11.71, 1946066
11.72, 1946066
11.73, 1946066
11.74, 1946066
11.75, 1946066
11.76, 1946066
11.77, 1946066
11.78, 1946066
11.79, 1946066
11.8, 1946066
11.81, 1946066
11.82, 1946066
11.83, 1946066
11.84, 1946066
11.85, 1946066
11.86, 1946066
11.87, 1946066
11.88, 1946066
11.89, 1946066
11.9, 1946066
11.91, 1946066
11.92, 1946066
11.93, 1946066
11.94, 1946066
11.95, 1946066
11.96, 1946066
11.97, 1946066
11.98, 1946066
11.99, 1946066
12.0, 1946066
12.01, 1946066
12.02, 1946066
12.03, 1946066
12.04, 1946066
12.05, 1946066
12.06, 1946066
12.07, 1946066
12.08, 1946066
12.09, 1946066
12.1, 1946066
12.11, 1946066
12.12, 1946066
12.13, 1946066
12.14, 1946066
12.15, 1946066
12.16, 1946066
12.17, 1946066
12.18, 1946066
12.19, 1946066
12.2, 1946066
12.21, 1946066
12.22, 1946066
12.23, 1946066
12.24, 1946066
12.25, 1946066
12.26, 1946066
12.27, 1946066
12.28, 1946066
12.29, 1946066
12.3, 1946066
12.31, 1946066
12.32, 1946066
12.33, 1946066
12.34, 1946066
12.35, 1946066
12.36, 1946066
12.37, 1946066
12.38, 1946066
12.39, 1946066
12.4, 1946066
12.41, 1946066
12.42, 1946066
12.43, 1946066
12.44, 1946066
12.45, 1946066
12.46, 1946066
12.47, 1946066
12.48, 1946066
12.49, 1946066
12.5, 1946066
12.51, 1946066
12.52, 1946066
12.53, 1946066
12.54, 1946066
12.55, 1946066
12.56, 1946066
12.57, 1946066
12.58, 1946066
12.59, 1946066
12.6, 1946066
12.61, 1946066
12.62, 1946066
12.63, 1946066
12.64, 1946066
12.65, 1946066
12.66, 1946066
12.67, 1946066
12.68, 1946066
12.69, 1946066
12.7, 1946066
12.71, 1946066
12.72, 1946066
12.73, 1946066
12.74, 1946066
12.75, 1946066
12.76, 1946066
12.77, 1946066
12.78, 1946066
12.79, 1946066
12.8, 1946066
12.81, 1946066
12.82, 1946066
12.83, 1946066
12.84, 1946066
12.85, 1946066
12.86, 1946066
12.87, 1946066
12.88, 1946066
12.89, 1946066
12.9, 1946066
12.91, 1946066
12.92, 1946066
12.93, 1946066
12.94, 1946066
12.95, 1946066
12.96, 1946066
12.97, 1946066
12.98, 1946066
12.99, 1946066
13.0, 1946066
13.01, 1946066
13.02, 1946066
13.03, 1946066
13.04, 1946066
13.05, 1946066
13.06, 1946066
13.07, 1946066
13.08, 1946066
13.09, 1946066
13.1, 1946066
13.11, 1946066
13.12, 1946066
13.13, 1946066
13.14, 1946066
13.15, 1946066
13.16, 1946066
13.17, 1946066
13.18, 1946066
13.19, 1946066
13.2, 1946066
13.21, 1946066
13.22, 1946066
13.23, 1946066
13.24, 1946066
13.25, 1946066
13.26, 1946066
13.27, 1946066
13.28, 1946066
13.29, 1946066
13.3, 1946066
13.31, 1946066
13.32, 1946066
13.33, 1946066
13.34, 1946066
13.35, 1946066
13.36, 1946066
13.37, 1946066
13.38, 1946066
13.39, 1946066
13.4, 1946066
13.41, 1946066
13.42, 1946066
13.43, 1946066
13.44, 1946066
13.45, 1946066
13.46, 1946066
13.47, 1946066
13.48, 1946066
13.49, 1946066
13.5, 1946066
13.51, 1946066
13.52, 1946066
13.53, 1946066
13.54, 1946066
13.55, 1946066
13.56, 1946066
13.57, 1946066
13.58, 1946066
13.59, 1946066
13.6, 1946066
13.61, 1946066
13.62, 1946066
13.63, 1946066
13.64, 1946066
13.65, 1946066
13.66, 1946066
13.67, 1946066
13.68, 1946066
13.69, 1946066
13.7, 1946066
13.71, 1946066
13.72, 1946066
13.73, 1946066
13.74, 1946066
13.75, 1946066
13.76, 1946066
13.77, 1946066
13.78, 1946066
13.79, 1946066
13.8, 1946066
13.81, 1946066
13.82, 1946066
13.83, 1946066
13.84, 1946066
13.85, 1946066
13.86, 1946066
13.87, 1946066
13.88, 1946066
13.89, 1946066
13.9, 1946066
13.91, 1946066
13.92, 1946066
13.93, 1946066
13.94, 1946066
13.95, 1946066
13.96, 1946066
13.97, 1946066
13.98, 1946066
13.99, 1946066
14.0, 1946066
14.01, 1946066
14.02, 1946066
14.03, 1946066
14.04, 1946066
14.05, 1946066
14.06, 1946066
14.07, 1946066
14.08, 1946066
14.09, 1946066
14.1, 1946066
14.11, 1946066
14.12, 1946066
14.13, 1946066
14.14, 1946066
14.15, 1946066
14.16, 1946066
14.17, 1946066
14.18, 1946066
14.19, 1946066
14.2, 1946066
14.21, 1946066
14.22, 1946066
14.23, 1946066
14.24, 1946066
14.25, 1946066
14.26, 1946066
14.27, 1946066
14.28, 1946066
14.29, 1946066
14.3, 1946066
14.31, 1946066
14.32, 1946066
14.33, 1946066
14.34, 1946066
14.35, 1946066
14.36, 1946066
14.37, 1946066
14.38, 1946066
14.39, 1946066
14.4, 1946066
14.41, 1946066
14.42, 1946066
14.43, 1946066
14.44, 1946066
14.45, 1946066
14.46, 1946066
14.47, 1946066
14.48, 1946066
14.49, 1946066
14.5, 1946066
14.51, 1946066
14.52, 1946066
14.53, 1946066
14.54, 1946066
14.55, 1946066
14.56, 1946066
14.57, 1946066
14.58, 1946066
14.59, 1946066
14.6, 1946066
14.61, 1946066
14.62, 1946066
14.63, 1946066
14.64, 1946066
14.65, 1946066
14.66, 1946066
14.67, 1946066
14.68, 1946066
14.69, 1946066
14.7, 1946066
14.71, 1946066
14.72, 1946066
14.73, 1946066
14.74, 1946066
14.75, 1946066
14.76, 1946066
14.77, 1946066
14.78, 1946066
14.79, 1946066
14.8, 1946066
14.81, 1946066
14.82, 1946066
14.83, 1946066
14.84, 1946066
14.85, 1946066
14.86, 1946066
14.87, 1946066
14.88, 1946066
14.89, 1946066
14.9, 1946066
14.91, 1946066
14.92, 1946066
14.93, 1946066
14.94, 1946066
14.95, 1946066
14.96, 1946066
14.97, 1946066
14.98, 1946066
14.99, 1946066
15.0, 1946066
15.01, 1946066
15.02, 1946066
15.03, 1946066
15.04, 1946066
15.05, 1946066
15.06, 1946066
15.07, 1946066
15.08, 1946066
15.09, 1946066
15.1, 1946066
15.11, 1946066
15.12, 1946066
15.13, 1946066
15.14, 1946066
15.15, 1946066
15.16, 1946066
15.17, 1946066
15.18, 1946066
15.19, 1946066
15.2, 1946066
15.21, 1946066
15.22, 1946066
15.23, 1946066
15.24, 1946066
15.25, 1946066
15.26, 1946066
15.27, 1946066
15.28, 1946066
15.29, 1946066
15.3, 1946066
15.31, 1946066
15.32, 1946066
15.33, 1946066
15.34, 1946066
15.35, 1946066
15.36, 1946066
15.37, 1946066
15.38, 1946066
15.39, 1946066
15.4, 1946066
15.41, 1946066
15.42, 1946066
15.43, 1946066
15.44, 1946066
15.45, 1946066
15.46, 1946066
15.47, 1946066
15.48, 1946066
15.49, 1946066
15.5, 1946066
15.51, 1946066
15.52, 1946066
15.53, 1946066
15.54, 1946066
15.55, 1946066
15.56, 1946066
15.57, 1946066
15.58, 1946066
15.59, 1946066
15.6, 1946066
15.61, 1946066
15.62, 1946066
15.63, 1946066
15.64, 1946066
15.65, 1946066
15.66, 1946066
15.67, 1946066
15.68, 1946066
15.69, 1946066
15.7, 1946066
15.71, 1946066
15.72, 1946066
15.73, 1946066
15.74, 1946066
15.75, 1946066
15.76, 1946066
15.77, 1946066
15.78, 1946066
15.79, 1946066
15.8, 1946066
15.81, 1946066
15.82, 1946066
15.83, 1946066
15.84, 1946066
15.85, 1946066
15.86, 1946066
15.87, 1946066
15.88, 1946066
15.89, 1946066
15.9, 1946066
15.91, 1946066
15.92, 1946066
15.93, 1946066
15.94, 1946066
15.95, 1946066
15.96, 1946066
15.97, 1946066
15.98, 1946066
15.99, 1946066
16.0, 1946066
16.01, 1946066
16.02, 1946066
16.03, 1946066
16.04, 1946066
16.05, 1946066
16.06, 1946066
16.07, 1946066
16.08, 1946066
16.09, 1946066
16.1, 1946066
16.11, 1946066
16.12, 1946066
16.13, 1946066
16.14, 1946066
16.15, 1946066
16.16, 1946066
16.17, 1946066
16.18, 1946066
16.19, 1946066
16.2, 1946066
16.21, 1946066
16.22, 1946066
16.23, 1946066
16.24, 1946066
16.25, 1946066
16.26, 1946066
16.27, 1946066
16.28, 1946066
16.29, 1946066
16.3, 1946066
16.31, 1946066
16.32, 1946066
16.33, 1946066
16.34, 1946066
16.35, 1946066
16.36, 1946066
16.37, 1946066
16.38, 1946066
16.39, 1946066
16.4, 1946066
16.41, 1946066
16.42, 1946066
16.43, 1946066
16.44, 1946066
16.45, 1946066
16.46, 1946066
16.47, 1946066
16.48, 1946066
16.49, 1946066
16.5, 1946066
16.51, 1946066
16.52, 1946066
16.53, 1946066
16.54, 1946066
16.55, 1946066
16.56, 1946066
16.57, 1946066
16.58, 1946066
16.59, 1946066
16.6, 1946066
16.61, 1946066
16.62, 1946066
16.63, 1946066
16.64, 1946066
16.65, 1946066
16.66, 1946066
16.67, 1946066
16.68, 1946066
16.69, 1946066
16.7, 1946066
16.71, 1946066
16.72, 1946066
16.73, 1946066
16.74, 1946066
16.75, 1946066
16.76, 1946066
16.77, 1946066
16.78, 1946066
16.79, 1946066
16.8, 1946066
16.81, 1946066
16.82, 1946066
16.83, 1946066
16.84, 1946066
16.85, 1946066
16.86, 1946066
16.87, 1946066
16.88, 1946066
16.89, 1946066
16.9, 1946066
16.91, 1946066
16.92, 1946066
16.93, 1946066
16.94, 1946066
16.95, 1946066
16.96, 1946066
16.97, 1946066
16.98, 1946066
16.99, 1946066
17.0, 1946066
17.01, 1946066
17.02, 1946066
17.03, 1946066
17.04, 1946066
17.05, 1946066
17.06, 1946066
17.07, 1946066
17.08, 1946066
17.09, 1946066
17.1, 1946066
17.11, 1946066
17.12, 1946066
17.13, 1946066
17.14, 1946066
17.15, 1946066
17.16, 1946066
17.17, 1946066
17.18, 1946066
17.19, 1946066
17.2, 1946066
17.21, 1946066
17.22, 1946066
17.23, 1946066
17.24, 1946066
17.25, 1946066
17.26, 1946066
17.27, 1946066
17.28, 1946066
17.29, 1946066
17.3, 1946066
17.31, 1946066
17.32, 1946066
17.33, 1946066
17.34, 1946066
17.35, 1946066
17.36, 1946066
17.37, 1946066
17.38, 1946066
17.39, 1946066
17.4, 1946066
17.41, 1946066
17.42, 1946066
17.43, 1946066
17.44, 1946066
17.45, 1946066
17.46, 1946066
17.47, 1946066
17.48, 1946066
17.49, 1946066
17.5, 1946066
17.51, 1946066
17.52, 1946066
17.53, 1946066
17.54, 1946066
17.55, 1946066
17.56, 1946066
17.57, 1946066
17.58, 1946066
17.59, 1946066
17.6, 1946066
17.61, 1946066
17.62, 1946066
17.63, 1946066
17.64, 1946066
17.65, 1946066
17.66, 1946066
17.67, 1946066
17.68, 1946066
17.69, 1946066
17.7, 1946066
17.71, 1946066
17.72, 1946066
17.73, 1946066
17.74, 1946066
17.75, 1946066
17.76, 1946066
17.77, 1946066
17.78, 1946066
17.79, 1946066
17.8, 1946066
17.81, 1946066
17.82, 1946066
17.83, 1946066
17.84, 1946066
17.85, 1946066
17.86, 1946066
17.87, 1946066
17.88, 1946066
17.89, 1946066
17.9, 1946066
17.91, 1946066
17.92, 1946066
17.93, 1946066
17.94, 1946066
17.95, 1946066
17.96, 1946066
17.97, 1946066
17.98, 1946066
17.99, 1946066
18.0, 1946066
18.01, 1946066
18.02, 1946066
18.03, 1946066
18.04, 1946066
18.05, 1946066
18.06, 1946066
18.07, 1946066
18.08, 1946066
18.09, 1946066
18.1, 1946066
18.11, 1946066
18.12, 1946066
18.13, 1946066
18.14, 1946066
18.15, 1946066
18.16, 1946066
18.17, 1946066
18.18, 1946066
18.19, 1946066
18.2, 1946066
18.21, 1946066
18.22, 1946066
18.23, 1946066
18.24, 1946066
18.25, 1946066
18.26, 1946066
18.27, 1946066
18.28, 1946066
18.29, 1946066
18.3, 1946066
18.31, 1946066
18.32, 1946066
18.33, 1946066
18.34, 1946066
18.35, 1946066
18.36, 1946066
18.37, 1946066
18.38, 1946066
18.39, 1946066
18.4, 1946066
18.41, 1946066
18.42, 1946066
18.43, 1946066
18.44, 1946066
18.45, 1946066
18.46, 1946066
18.47, 1946066
18.48, 1946066
18.49, 1946066
18.5, 1946066
18.51, 1946066
18.52, 1946066
18.53, 1946066
18.54, 1946066
18.55, 1946066
18.56, 1946066
18.57, 1946066
18.58, 1946066
18.59, 1946066
18.6, 1946066
18.61, 1946066
18.62, 1946066
18.63, 1946066
18.64, 1946066
18.65, 1946066
18.66, 1946066
18.67, 1946066
18.68, 1946066
18.69, 1946066
18.7, 1946066
18.71, 1946066
18.72, 1946066
18.73, 1946066
18.74, 1946066
18.75, 1946066
18.76, 1946066
18.77, 1946066
18.78, 1946066
18.79, 1946066
18.8, 1946066
18.81, 1946066
18.82, 1946066
18.83, 1946066
18.84, 1946066
18.85, 1946066
18.86, 1946066
18.87, 1946066
18.88, 1946066
18.89, 1946066
18.9, 1946066
18.91, 1946066
18.92, 1946066
18.93, 1946066
18.94, 1946066
18.95, 1946066
18.96, 1946066
18.97, 1946066
18.98, 1946066
18.99, 1946066
19.0, 1946066
19.01, 1946066
19.02, 1946066
19.03, 1946066
19.04, 1946066
19.05, 1946066
19.06, 1946066
19.07, 1946066
19.08, 1946066
19.09, 1946066
19.1, 1946066
19.11, 1946066
19.12, 1946066
19.13, 1946066
19.14, 1946066
19.15, 1946066
19.16, 1946066
19.17, 1946066
19.18, 1946066
19.19, 1946066
19.2, 1946066
19.21, 1946066
19.22, 1946066
19.23, 1946066
19.24, 1946066
19.25, 1946066
19.26, 1946066
19.27, 1946066
19.28, 1946066
19.29, 1946066
19.3, 1946066
19.31, 1946066
19.32, 1946066
19.33, 1946066
19.34, 1946066
19.35, 1946066
19.36, 1946066
19.37, 1946066
19.38, 1946066
19.39, 1946066
19.4, 1946066
19.41, 1946066
19.42, 1946066
19.43, 1946066
19.44, 1946066
19.45, 1946066
19.46, 1946066
19.47, 1946066
19.48, 1946066
19.49, 1946066
19.5, 1946066
19.51, 1946066
19.52, 1946066
19.53, 1946066
19.54, 1946066
19.55, 1946066
19.56, 1946066
19.57, 1946066
19.58, 1946066
19.59, 1946066
19.6, 1946066
19.61, 1946066
19.62, 1946066
19.63, 1946066
19.64, 1946066
19.65, 1946066
19.66, 1946066
19.67, 1946066
19.68, 1946066
19.69, 1946066
19.7, 1946066
19.71, 1946066
19.72, 1946066
19.73, 1946066
19.74, 1946066
19.75, 1946066
19.76, 1946066
19.77, 1946066
19.78, 1946066
19.79, 1946066
19.8, 1946066
19.81, 1946066
19.82, 1946066
19.83, 1946066
19.84, 1946066
19.85, 1946066
19.86, 1946066
19.87, 1946066
19.88, 1946066
19.89, 1946066
19.9, 1946066
19.91, 1946066
19.92, 1946066
19.93, 1946066
19.94, 1946066
19.95, 1946066
19.96, 1946066
19.97, 1946066
19.98, 1946066
19.99, 1946066
20.0, 1946066
20.01, 1946066
20.02, 1946066
20.03, 1946066
20.04, 1946066
20.05, 1946066
20.06, 1946066
20.07, 1946066
20.08, 1946066
20.09, 1946066
20.1, 1946066
20.11, 1946066
20.12, 1946066
20.13, 1946066
20.14, 1946066
20.15, 1946066
20.16, 1946066
20.17, 1946066
20.18, 1946066
20.19, 1946066
20.2, 1946066
20.21, 1946066
20.22, 1946066
20.23, 1946066
20.24, 1946066
20.25, 1946066
20.26, 1946066
20.27, 1946066
20.28, 1946066
20.29, 1946066
20.3, 1946066
20.31, 1946066
20.32, 1946066
20.33, 1946066
20.34, 1946066
20.35, 1946066
20.36, 1946066
20.37, 1946066
20.38, 1946066
20.39, 1946066
20.4, 1946066
20.41, 1946066
20.42, 1946066
20.43, 1946066
20.44, 1946066
20.45, 1946066
20.46, 1946066
20.47, 1946066
20.48, 1946066
20.49, 1946066
20.5, 1946066
20.51, 1946066
20.52, 1946066
20.53, 1946066
20.54, 1946066
20.55, 1946066
20.56, 1946066
20.57, 1946066
20.58, 1946066
20.59, 1946066
20.6, 1946066
20.61, 1946066
20.62, 1946066
20.63, 1946066
20.64, 1946066
20.65, 1946066
20.66, 1946066
20.67, 1946066
20.68, 1946066
20.69, 1946066
20.7, 1946066
20.71, 1946066
20.72, 1946066
20.73, 1946066
20.74, 1946066
20.75, 1946066
20.76, 1946066
20.77, 1946066
20.78, 1946066
20.79, 1946066
20.8, 1946066
20.81, 1946066
20.82, 1946066
20.83, 1946066
20.84, 1946066
20.85, 1946066
20.86, 1946066
20.87, 1946066
20.88, 1946066
20.89, 1946066
20.9, 1946066
20.91, 1946066
20.92, 1946066
20.93, 1946066
20.94, 1946066
20.95, 1946066
20.96, 1946066
20.97, 1946066
20.98, 1946066
20.99, 1946066
21.0, 1946066
21.01, 1946066
21.02, 1946066
21.03, 1946066
21.04, 1946066
21.05, 1946066
21.06, 1946066
21.07, 1946066
21.08, 1946066
21.09, 1946066
21.1, 1946066
21.11, 1946066
21.12, 1946066
21.13, 1946066
21.14, 1946066
21.15, 1946066
21.16, 1946066
21.17, 1946066
21.18, 1946066
21.19, 1946066
21.2, 1946066
21.21, 1946066
21.22, 1946066
21.23, 1946066
21.24, 1946066
21.25, 1946066
21.26, 1946066
21.27, 1946066
21.28, 1946066
21.29, 1946066
21.3, 1946066
21.31, 1946066
21.32, 1946066
21.33, 1946066
21.34, 1946066
21.35, 1946066
21.36, 1946066
21.37, 1946066
21.38, 1946066
21.39, 1946066
21.4, 1946066
21.41, 1946066
21.42, 1946066
21.43, 1946066
21.44, 1946066
21.45, 1946066
21.46, 1946066
21.47, 1946066
21.48, 1946066
21.49, 1946066
21.5, 1946066
21.51, 1946066
21.52, 1946066
21.53, 1946066
21.54, 1946066
21.55, 1946066
21.56, 1946066
21.57, 1946066
21.58, 1946066
21.59, 1946066
21.6, 1946066
21.61, 1946066
21.62, 1946066
21.63, 1946066
21.64, 1946066
21.65, 1946066
21.66, 1946066
21.67, 1946066
21.68, 1946066
21.69, 1946066
21.7, 1946066
21.71, 1946066
21.72, 1946066
21.73, 1946066
21.74, 1946066
21.75, 1946066
21.76, 1946066
21.77, 1946066
21.78, 1946066
21.79, 1946066
21.8, 1946066
21.81, 1946066
21.82, 1946066
21.83, 1946066
21.84, 1946066
21.85, 1946066
21.86, 1946066
21.87, 1946066
21.88, 1946066
21.89, 1946066
21.9, 1946066
21.91, 1946066
21.92, 1946066
21.93, 1946066
21.94, 1946066
21.95, 1946066
21.96, 1946066
21.97, 1946066
21.98, 1946066
21.99, 1946066
22.0, 1946066
22.01, 1946066
22.02, 1946066
22.03, 1946066
22.04, 1946066
22.05, 1946066
22.06, 1946066
22.07, 1946066
22.08, 1946066
22.09, 1946066
22.1, 1946066
22.11, 1946066
22.12, 1946066
22.13, 1946066
22.14, 1946066
22.15, 1946066
22.16, 1946066
22.17, 1946066
22.18, 1946066
22.19, 1946066
22.2, 1946066
22.21, 1946066
22.22, 1946066
22.23, 1946066
22.24, 1946066
22.25, 1946066
22.26, 1946066
22.27, 1946066
22.28, 1946066
22.29, 1946066
22.3, 1946066
22.31, 1946066
22.32, 1946066
22.33, 1946066
22.34, 1946066
22.35, 1946066
22.36, 1946066
22.37, 1946066
22.38, 1946066
22.39, 1946066
22.4, 1946066
22.41, 1946066
22.42, 1946066
22.43, 1946066
22.44, 1946066
22.45, 1946066
22.46, 1946066
22.47, 1946066
22.48, 1946066
22.49, 1946066
22.5, 1946066
22.51, 1946066
22.52, 1946066
22.53, 1946066
22.54, 1946066
22.55, 1946066
22.56, 1946066
22.57, 1946066
22.58, 1946066
22.59, 1946066
22.6, 1946066
22.61, 1946066
22.62, 1946066
22.63, 1946066
22.64, 1946066
22.65, 1946066
22.66, 1946066
22.67, 1946066
22.68, 1946066
22.69, 1946066
22.7, 1946066
22.71, 1946066
22.72, 1946066
22.73, 1946066
22.74, 1946066
22.75, 1946066
22.76, 1946066
22.77, 1946066
22.78, 1946066
22.79, 1946066
22.8, 1946066
22.81, 1946066
22.82, 1946066
22.83, 1946066
22.84, 1946066
22.85, 1946066
22.86, 1946066
22.87, 1946066
22.88, 1946066
22.89, 1946066
22.9, 1946066
22.91, 1946066
22.92, 1946066
22.93, 1946066
22.94, 1946066
22.95, 1946066
22.96, 1946066
22.97, 1946066
22.98, 1946066
22.99, 1946066
23.0, 1946066
23.01, 1946066
23.02, 1946066
23.03, 1946066
23.04, 1946066
23.05, 1946066
23.06, 1946066
23.07, 1946066
23.08, 1946066
23.09, 1946066
23.1, 1946066
23.11, 1946066
23.12, 1946066
23.13, 1946066
23.14, 1946066
23.15, 1946066
23.16, 1946066
23.17, 1946066
23.18, 1946066
23.19, 1946066
23.2, 1946066
23.21, 1946066
23.22, 1946066
23.23, 1946066
23.24, 1946066
23.25, 1946066
23.26, 1946066
23.27, 1946066
23.28, 1946066
23.29, 1946066
23.3, 1946066
23.31, 1946066
23.32, 1946066
23.33, 1946066
23.34, 1946066
23.35, 1946066
23.36, 1946066
23.37, 1946066
23.38, 1946066
23.39, 1946066
23.4, 1946066
23.41, 1946066
23.42, 1946066
23.43, 1946066
23.44, 1946066
23.45, 1946066
23.46, 1946066
23.47, 1946066
23.48, 1946066
23.49, 1946066
23.5, 1946066
23.51, 1946066
23.52, 1946066
23.53, 1946066
23.54, 1946066
23.55, 1946066
23.56, 1946066
23.57, 1946066
23.58, 1946066
23.59, 1946066
23.6, 1946066
23.61, 1946066
23.62, 1946066
23.63, 1946066
23.64, 1946066
23.65, 1946066
23.66, 1946066
23.67, 1946066
23.68, 1946066
23.69, 1946066
23.7, 1946066
23.71, 1946066
23.72, 1946066
23.73, 1946066
23.74, 1946066
23.75, 1946066
23.76, 1946066
23.77, 1946066
23.78, 1946066
23.79, 1946066
23.8, 1946066
23.81, 1946066
23.82, 1946066
23.83, 1946066
23.84, 1946066
23.85, 1946066
23.86, 1946066
23.87, 1946066
23.88, 1946066
23.89, 1946066
23.9, 1946066
23.91, 1946066
23.92, 1946066
23.93, 1946066
23.94, 1946066
23.95, 1946066
23.96, 1946066
23.97, 1946066
23.98, 1946066
23.99, 1946066
24.0, 1946066
24.01, 1946066
24.02, 1946066
24.03, 1946066
24.04, 1946066
24.05, 1946066
24.06, 1946066
24.07, 1946066
24.08, 1946066
24.09, 1946066
24.1, 1946066
24.11, 1946066
24.12, 1946066
24.13, 1946066
24.14, 1946066
24.15, 1946066
24.16, 1946066
24.17, 1946066
24.18, 1946066
24.19, 1946066
24.2, 1946066
24.21, 1946066
24.22, 1946066
24.23, 1946066
24.24, 1946066
24.25, 1946066
24.26, 1946066
24.27, 1946066
24.28, 1946066
24.29, 1946066
24.3, 1946066
24.31, 1946066
24.32, 1946066
24.33, 1946066
24.34, 1946066
24.35, 1946066
24.36, 1946066
24.37, 1946066
24.38, 1946066
24.39, 1946066
24.4, 1946066
24.41, 1946066
24.42, 1946066
24.43, 1946066
24.44, 1946066
24.45, 1946066
24.46, 1946066
24.47, 1946066
24.48, 1946066
24.49, 1946066
24.5, 1946066
24.51, 1946066
24.52, 1946066
24.53, 1946066
24.54, 1946066
24.55, 1946066
24.56, 1946066
24.57, 1946066
24.58, 1946066
24.59, 1946066
24.6, 1946066
24.61, 1946066
24.62, 1946066
24.63, 1946066
24.64, 1946066
24.65, 1946066
24.66, 1946066
24.67, 1946066
24.68, 1946066
24.69, 1946066
24.7, 1946066
24.71, 1946066
24.72, 1946066
24.73, 1946066
24.74, 1946066
24.75, 1946066
24.76, 1946066
24.77, 1946066
24.78, 1946066
24.79, 1946066
24.8, 1946066
24.81, 1946066
24.82, 1946066
24.83, 1946066
24.84, 1946066
24.85, 1946066
24.86, 1946066
24.87, 1946066
24.88, 1946066
24.89, 1946066
24.9, 1946066
24.91, 1946066
24.92, 1946066
24.93, 1946066
24.94, 1946066
24.95, 1946066
24.96, 1946066
24.97, 1946066
24.98, 1946066
24.99, 1946066
25.0, 1946066
25.01, 1946066
25.02, 1946066
25.03, 1946066
25.04, 1946066
25.05, 1946066
25.06, 1946066
25.07, 1946066
25.08, 1946066
25.09, 1946066
25.1, 1946066
25.11, 1946066
25.12, 1946066
25.13, 1946066
25.14, 1946066
25.15, 1946066
25.16, 1946066
25.17, 1946066
25.18, 1946066
25.19, 1946066
25.2, 1946066
25.21, 1946066
25.22, 1946066
25.23, 1946066
25.24, 1946066
25.25, 1946066
25.26, 1946066
25.27, 1946066
25.28, 1946066
25.29, 1946066
25.3, 1946066
25.31, 1946066
25.32, 1946066
25.33, 1946066
25.34, 1946066
25.35, 1946066
25.36, 1946066
25.37, 1946066
25.38, 1946066
25.39, 1946066
25.4, 1946066
25.41, 1946066
25.42, 1946066
25.43, 1946066
25.44, 1946066
25.45, 1946066
25.46, 1946066
25.47, 1946066
25.48, 1946066
25.49, 1946066
25.5, 1946066
25.51, 1946066
25.52, 1946066
25.53, 1946066
25.54, 1946066
25.55, 1946066
25.56, 1946066
25.57, 1946066
25.58, 1946066
25.59, 1946066
25.6, 1946066
25.61, 1946066
25.62, 1946066
25.63, 1946066
25.64, 1946066
25.65, 1946066
25.66, 1946066
25.67, 1946066
25.68, 1946066
25.69, 1946066
25.7, 1946066
25.71, 1946066
25.72, 1946066
25.73, 1946066
25.74, 1946066
25.75, 1946066
25.76, 1946066
25.77, 1946066
25.78, 1946066
25.79, 1946066
25.8, 1946066
25.81, 1946066
25.82, 1946066
25.83, 1946066
25.84, 1946066
25.85, 1946066
25.86, 1946066
25.87, 1946066
25.88, 1946066
25.89, 1946066
25.9, 1946066
25.91, 1946066
25.92, 1946066
25.93, 1946066
25.94, 1946066
25.95, 1946066
25.96, 1946066
25.97, 1946066
25.98, 1946066
25.99, 1946066
26.0, 1946066
26.01, 1946066
26.02, 1946066
26.03, 1946066
26.04, 1946066
26.05, 1946066
26.06, 1946066
26.07, 1946066
26.08, 1946066
26.09, 1946066
26.1, 1946066
26.11, 1946066
26.12, 1946066
26.13, 1946066
26.14, 1946066
26.15, 1946066
26.16, 1946066
26.17, 1946066
26.18, 1946066
26.19, 1946066
26.2, 1946066
26.21, 1946066
26.22, 1946066
26.23, 1946066
26.24, 1946066
26.25, 1946066
26.26, 1946066
26.27, 1946066
26.28, 1946066
26.29, 1946066
26.3, 1946066
26.31, 1946066
26.32, 1946066
26.33, 1946066
26.34, 1946066
26.35, 1946066
26.36, 1946066
26.37, 1946066
26.38, 1946066
26.39, 1946066
26.4, 1946066
26.41, 1946066
26.42, 1946066
26.43, 1946066
26.44, 1946066
26.45, 1946066
26.46, 1946066
26.47, 1946066
26.48, 1946066
26.49, 1946066
26.5, 1946066
26.51, 1946066
26.52, 1946066
26.53, 1946066
26.54, 1946066
26.55, 1946066
26.56, 1946066
26.57, 1946066
26.58, 1946066
26.59, 1946066
26.6, 1946066
26.61, 1946066
26.62, 1946066
26.63, 1946066
26.64, 1946066
26.65, 1946066
26.66, 1946066
26.67, 1946066
26.68, 1946066
26.69, 1946066
26.7, 1946066
26.71, 1946066
26.72, 1946066
26.73, 1946066
26.74, 1946066
26.75, 1946066
26.76, 1946066
26.77, 1946066
26.78, 1946066
26.79, 1946066
26.8, 1946066
26.81, 1946066
26.82, 1946066
26.83, 1946066
26.84, 1946066
26.85, 1946066
26.86, 1946066
26.87, 1946066
26.88, 1946066
26.89, 1946066
26.9, 1946066
26.91, 1946066
26.92, 1946066
26.93, 1946066
26.94, 1946066
26.95, 1946066
26.96, 1946066
26.97, 1946066
26.98, 1946066
26.99, 1946066
27.0, 1946066
27.01, 1946066
27.02, 1946066
27.03, 1946066
27.04, 1946066
27.05, 1946066
27.06, 1946066
27.07, 1946066
27.08, 1946066
27.09, 1946066
27.1, 1946066
27.11, 1946066
27.12, 1946066
27.13, 1946066
27.14, 1946066
27.15, 1946066
27.16, 1946066
27.17, 1946066
27.18, 1946066
27.19, 1946066
27.2, 1946066
27.21, 1946066
27.22, 1946066
27.23, 1946066
27.24, 1946066
27.25, 1946066
27.26, 1946066
27.27, 1946066
27.28, 1946066
27.29, 1946066
27.3, 1946066
27.31, 1946066
27.32, 1946066
27.33, 1946066
27.34, 1946066
27.35, 1946066
27.36, 1946066
27.37, 1946066
27.38, 1946066
27.39, 1946066
27.4, 1946066
27.41, 1946066
27.42, 1946066
27.43, 1946066
27.44, 1946066
27.45, 1946066
27.46, 1946066
27.47, 1946066
27.48, 1946066
27.49, 1946066
27.5, 1946066
27.51, 1946066
27.52, 1946066
27.53, 1946066
27.54, 1946066
27.55, 1946066
27.56, 1946066
27.57, 1946066
27.58, 1946066
27.59, 1946066
27.6, 1946066
27.61, 1946066
27.62, 1946066
27.63, 1946066
27.64, 1946066
27.65, 1946066
27.66, 1946066
27.67, 1946066
27.68, 1946066
27.69, 1946066
27.7, 1946066
27.71, 1946066
27.72, 1946066
27.73, 1946066
27.74, 1946066
27.75, 1946066
27.76, 1946066
27.77, 1946066
27.78, 1946066
27.79, 1946066
27.8, 1946066
27.81, 1946066
27.82, 1946066
27.83, 1946066
27.84, 1946066
27.85, 1946066
27.86, 1946066
27.87, 1946066
27.88, 1946066
27.89, 1946066
27.9, 1946066
27.91, 1946066
27.92, 1946066
27.93, 1946066
27.94, 1946066
27.95, 1946066
27.96, 1946066
27.97, 1946066
27.98, 1946066
27.99, 1946066
28.0, 1946066
28.01, 1946066
28.02, 1946066
28.03, 1946066
28.04, 1946066
28.08, 1946066
28.09, 1946066
28.1, 1946066
28.11, 1946066
28.12, 1946066
28.13, 1946066
28.14, 1946066
28.15, 1946066
28.16, 1946066
28.17, 1946066
28.18, 1946066
28.19, 1946066
28.2, 1946066
28.21, 1946066
28.22, 1946066
28.23, 1946066
28.24, 1946066
28.25, 1946066
28.26, 1946066
28.27, 1946066
28.28, 1946066
28.29, 1946066
28.3, 1946066
28.31, 1946066
28.32, 1946066
28.33, 1946066
28.34, 1946066
28.35, 1946066
28.36, 1946066
28.37, 1946066
28.38, 1946066
28.39, 1946066
28.4, 1946066
28.41, 1946066
28.42, 1946066
28.43, 1946066
28.44, 1946066
28.45, 1946066
28.46, 1946066
28.47, 1946066
28.48, 1946066
28.49, 1946066
28.5, 1946066
28.51, 1946066
28.52, 1946066
28.53, 1946066
28.54, 1946066
28.55, 1946066
28.56, 1946066
28.57, 1946066
28.58, 1946066
28.59, 1946066
28.6, 1946066
28.61, 1946066
28.62, 1946066
28.63, 1946066
28.64, 1946066
28.65, 1946066
28.66, 1946066
28.67, 1946066
28.68, 1946066
28.69, 1946066
28.7, 1946066
28.71, 1946066
28.72, 1946066
28.73, 1946066
28.74, 1946066
28.75, 1946066
28.76, 1946066
28.77, 1946066
28.78, 1946066
28.79, 1946066
28.8, 1946066
28.81, 1946066
28.82, 1946066
28.83, 1946066
28.84, 1946066
28.85, 1946066
28.86, 1946066
28.87, 1946066
28.88, 1946066
28.89, 1946066
28.9, 1946066
28.91, 1946066
28.92, 1946066
28.93, 1946066
28.94, 1946066
28.95, 1946066
28.96, 1946066
28.97, 1946066
28.98, 1946066
28.99, 1946066
29.0, 1946066
29.01, 1946066
29.02, 1946066
29.03, 1946066
29.04, 1946066
29.05, 1946066
29.06, 1946066
29.07, 1946066
29.08, 1946066
29.09, 1946066
29.1, 1946066
29.11, 1946066
29.12, 1946066
29.13, 1946066
29.14, 1946066
29.15, 1946066
29.16, 1946066
29.17, 1946066
29.18, 1946066
29.19, 1946066
29.2, 1946066
29.21, 1946066
29.22, 1946066
29.23, 1946066
29.24, 1946066
29.25, 1946066
29.26, 1946066
29.27, 1946066
29.28, 1946066
29.29, 1946066
29.3, 1946066
29.31, 1946066
29.32, 1946066
29.33, 1946066
29.34, 1946066
29.35, 1946066
29.36, 1946066
29.37, 1946066
29.38, 1946066
29.39, 1946066
29.4, 1946066
29.41, 1946066
29.42, 1946066
29.43, 1946066
29.44, 1946066
29.45, 1946066
29.46, 1946066
29.47, 1946066
29.48, 1946066
29.49, 1946066
29.5, 1946066
29.51, 1946066
29.52, 1946066
29.53, 1946066
29.54, 1946066
29.55, 1946066
29.56, 1946066
29.57, 1946066
29.58, 1946066
29.59, 1946066
29.6, 1946066
29.61, 1946066
29.62, 1946066
29.63, 1946066
29.64, 1946066
29.65, 1946066
29.66, 1946066
29.67, 1946066
29.68, 1946066
29.69, 1946066
29.7, 1946066
29.71, 1946066
29.72, 1946066
29.73, 1946066
29.74, 1946066
29.75, 1946066
29.76, 1946066
29.77, 1946066
29.78, 1946066
29.79, 1946066
29.8, 1946066
29.81, 1946066
29.82, 1946066
29.83, 1946066
29.84, 1946066
29.85, 1946066
29.86, 1946066
29.87, 1946066
29.88, 1946066
29.89, 1946066
29.9, 1946066
29.91, 1946066
29.92, 1946066
29.93, 1946066
29.94, 1946066
29.95, 1946066
29.96, 1946066
29.97, 1946066
29.98, 1946066
29.99, 1946066
30.0, 1946066
30.01, 1946066
30.02, 1946066
30.03, 1946066
30.04, 1946066
30.05, 1946066
30.06, 1946066
30.07, 1946066
30.08, 1946066
30.09, 1946066
30.1, 1946066
30.11, 1946066
30.12, 1946066
30.13, 1946066
30.14, 1946066
30.15, 1946066
30.16, 1946066
30.17, 1946066
30.18, 1946066
30.19, 1946066
30.2, 1946066
30.21, 1946066
30.22, 1946066
30.23, 1946066
30.24, 1946066
30.25, 1946066
30.26, 1946066
30.27, 1946066
30.28, 1946066
30.29, 1946066
30.3, 1946066
30.31, 1946066
30.32, 1946066
30.33, 1946066
30.34, 1946066
30.35, 1946066
30.36, 1946066
30.37, 1946066
30.38, 1946066
30.39, 1946066
30.4, 1946066
30.41, 1946066
30.42, 1946066
30.43, 1946066
30.44, 1946066
30.45, 1946066
30.46, 1946066
30.47, 1946066
30.48, 1946066
30.49, 1946066
30.5, 1946066
30.51, 1946066
30.52, 1946066
30.53, 1946066
30.54, 1946066
30.55, 1946066
30.56, 1946066
30.57, 1946066
30.58, 1946066
30.59, 1946066
30.6, 1946066
30.61, 1946066
30.62, 1946066
30.63, 1946066
30.64, 1946066
30.65, 1946066
30.66, 1946066
30.67, 1946066
30.68, 1946066
30.69, 1946066
30.7, 1946066
30.71, 1946066
30.72, 1946066
30.73, 1946066
30.74, 1946066
30.75, 1946066
30.76, 1946066
30.77, 1946066
30.78, 1946066
30.79, 1946066
30.8, 1946066
30.81, 1946066
30.82, 1946066
30.83, 1946066
30.84, 1946066
30.85, 1946066
30.86, 1946066
30.87, 1946066
30.88, 1946066
30.89, 1946066
30.9, 1946066
30.91, 1946066
30.92, 1946066
30.93, 1946066
30.94, 1946066
30.95, 1946066
30.96, 1946066
30.97, 1946066
30.98, 1946066
30.99, 1946066
31.0, 1946066
31.01, 1946066
31.02, 1946066
31.03, 1946066
31.04, 1946066
31.05, 1946066
31.06, 1946066
31.07, 1946066
31.08, 1946066
31.09, 1946066
31.1, 1946066
31.11, 1946066
31.12, 1946066
31.13, 1946066
31.14, 1946066
31.15, 1946066
31.16, 1946066
31.17, 1946066
31.18, 1946066
31.19, 1946066
31.2, 1946066
31.21, 1946066
31.22, 1946066
31.23, 1946066
31.24, 1946066
31.25, 1946066
31.26, 1946066
31.27, 1946066
31.28, 1946066
31.29, 1946066
31.3, 1946066
31.31, 1946066
31.32, 1946066
31.33, 1946066
31.34, 1946066
31.35, 1946066
31.36, 1946066
31.37, 1946066
31.38, 1946066
31.39, 1946066
31.4, 1946066
31.41, 1946066
31.42, 1946066
31.43, 1946066
31.44, 1946066
31.45, 1946066
31.46, 1946066
31.47, 1946066
31.48, 1946066
31.49, 1946066
31.5, 1946066
31.51, 1946066
31.52, 1946066
31.53, 1946066
31.54, 1946066
31.55, 1946066
31.56, 1946066
31.57, 1946066
31.58, 1946066
31.59, 1946066
31.6, 1946066
31.61, 1946066
31.62, 1946066
31.63, 1946066
31.64, 1946066
31.65, 1946066
31.66, 1946066
31.67, 1946066
31.68, 1946066
31.69, 1946066
31.7, 1946066
31.71, 1946066
31.72, 1946066
31.73, 1946066
31.74, 1946066
31.75, 1946066
31.76, 1946066
31.77, 1946066
31.78, 1946066
31.79, 1946066
31.8, 1946066
31.81, 1946066
31.82, 1946066
31.83, 1946066
31.84, 1946066
31.85, 1946066
31.86, 1946066
31.87, 1946066
31.88, 1946066
31.89, 1946066
31.9, 1946066
31.91, 1946066
31.92, 1946066
31.93, 1946066
31.94, 1946066
31.95, 1946066
31.96, 1946066
31.97, 1946066
31.98, 1946066
31.99, 1946066
32.0, 1946066
32.01, 1946066
32.02, 1946066
32.03, 1946066
32.04, 1946066
32.05, 1946066
32.06, 1946066
32.07, 1946066
32.08, 1946066
32.09, 1946066
32.1, 1946066
32.11, 1946066
32.12, 1946066
32.13, 1946066
32.14, 1946066
32.15, 1946066
32.16, 1946066
32.17, 1946066
32.18, 1946066
32.19, 1946066
32.2, 1946066
32.21, 1946066
32.22, 1946066
32.23, 1946066
32.24, 1946066
32.25, 1946066
32.26, 1946066
32.27, 1946066
32.28, 1946066
32.29, 1946066
32.3, 1946066
32.31, 1946066
32.32, 1946066
32.33, 1946066
32.34, 1946066
32.35, 1946066
32.36, 1946066
32.37, 1946066
32.38, 1946066
32.39, 1946066
32.4, 1946066
32.41, 1946066
32.42, 1946066
32.43, 1946066
32.44, 1946066
32.45, 1946066
32.46, 1946066
32.47, 1946066
32.48, 1946066
32.49, 1946066
32.5, 1946066
32.51, 1946066
32.52, 1946066
32.53, 1946066
32.54, 1946066
32.55, 1946066
32.56, 1946066
32.57, 1946066
32.58, 1946066
32.59, 1946066
32.6, 1946066
32.61, 1946066
32.62, 1946066
32.63, 1946066
32.64, 1946066
32.65, 1946066
32.66, 1946066
32.67, 1946066
32.68, 1946066
32.69, 1946066
32.7, 1946066
32.71, 1946066
32.72, 1946066
32.73, 1946066
32.74, 1946066
32.75, 1946066
32.76, 1946066
32.77, 1946066
32.78, 1946066
32.79, 1946066
32.8, 1946066
32.81, 1946066
32.82, 1946066
32.83, 1946066
32.84, 1946066
32.85, 1946066
32.86, 1946066
32.87, 1946066
32.88, 1946066
32.89, 1946066
32.9, 1946066
32.91, 1946066
32.92, 1946066
32.93, 1946066
32.94, 1946066
32.95, 1946066
32.96, 1946066
32.97, 1946066
32.98, 1946066
32.99, 1946066
33.0, 1946066
33.01, 1946066
33.02, 1946066
33.03, 1946066
33.04, 1946066
33.05, 1946066
33.06, 1946066
33.07, 1946066
33.08, 1946066
33.09, 1946066
33.1, 1946066
33.11, 1946066
33.12, 1946066
33.13, 1946066
33.14, 1946066
33.15, 1946066
33.16, 1946066
33.17, 1946066
33.18, 1946066
33.19, 1946066
33.2, 1946066
33.21, 1946066
33.22, 1946066
33.23, 1946066
33.24, 1946066
33.25, 1946066
33.26, 1946066
33.27, 1946066
33.28, 1946066
33.29, 1946066
33.3, 1946066
33.31, 1946066
33.32, 1946066
33.33, 1946066
33.34, 1946066
33.35, 1946066
33.36, 1946066
33.37, 1946066
33.38, 1946066
33.39, 1946066
33.4, 1946066
33.41, 1946066
33.42, 1946066
33.43, 1946066
33.44, 1946066
33.45, 1946066
33.46, 1946066
33.47, 1946066
33.48, 1946066
33.49, 1946066
33.5, 1946066
33.51, 1946066
33.52, 1946066
33.53, 1946066
33.54, 1946066
33.55, 1946066
33.56, 1946066
33.57, 1946066
33.58, 1946066
33.59, 1946066
33.6, 1946066
33.61, 1946066
33.62, 1946066
33.63, 1946066
33.64, 1946066
33.65, 1946066
33.66, 1946066
33.67, 1946066
33.68, 1946066
33.69, 1946066
33.7, 1946066
33.71, 1946066
33.72, 1946066
33.73, 1946066
33.74, 1946066
33.75, 1946066
33.76, 1946066
33.77, 1946066
33.78, 1946066
33.79, 1946066
33.8, 1946066
33.81, 1946066
33.82, 1946066
33.83, 1946066
33.84, 1946066
33.85, 1946066
33.86, 1946066
33.87, 1946066
33.88, 1946066
33.89, 1946066
33.9, 1946066
33.91, 1946066
33.92, 1946066
33.93, 1946066
33.94, 1946066
33.95, 1946066
33.96, 1946066
33.97, 1946066
33.98, 1946066
33.99, 1946066
34.0, 1946066
34.01, 1946066
34.02, 1946066
34.03, 1946066
34.04, 1946066
34.05, 1946066
34.06, 1946066
34.07, 1946066
34.08, 1946066
34.09, 1946066
34.1, 1946066
34.11, 1946066
34.12, 1946066
34.13, 1946066
34.14, 1946066
34.15, 1946066
34.16, 1946066
34.17, 1946066
34.18, 1946066
34.19, 1946066
34.2, 1946066
34.21, 1946066
34.22, 1946066
34.23, 1946066
34.24, 1946066
34.25, 1946066
34.26, 1946066
34.27, 1946066
34.28, 1946066
34.29, 1946066
34.3, 1946066
34.31, 1946066
34.32, 1946066
34.33, 1946066
34.34, 1946066
34.35, 1946066
34.36, 1946066
34.37, 1946066
34.38, 1946066
34.39, 1946066
34.4, 1946066
34.41, 1946066
34.42, 1946066
34.43, 1946066
34.44, 1946066
34.45, 1946066
34.46, 1946066
34.47, 1946066
34.48, 1946066
34.49, 1946066
34.5, 1946066
34.51, 1946066
34.52, 1946066
34.53, 1946066
34.54, 1946066
34.55, 1946066
34.56, 1946066
34.57, 1946066
34.58, 1946066
34.59, 1946066
34.6, 1946066
34.61, 1946066
34.62, 1946066
34.63, 1946066
34.64, 1946066
34.65, 1946066
34.66, 1946066
34.67, 1946066
34.68, 1946066
34.69, 1946066
34.7, 1946066
34.71, 1946066
34.72, 1946066
34.73, 1946066
34.74, 1946066
34.75, 1946066
34.76, 1946066
34.77, 1946066
34.78, 1946066
34.79, 1946066
34.8, 1946066
34.81, 1946066
34.82, 1946066
34.83, 1946066
34.84, 1946066
34.85, 1946066
34.86, 1946066
34.87, 1946066
34.88, 1946066
34.89, 1946066
34.9, 1946066
34.91, 1946066
34.92, 1946066
34.93, 1946066
34.94, 1946066
34.95, 1946066
34.96, 1946066
34.97, 1946066
34.98, 1946066
34.99, 1946066
35.0, 1946066
35.01, 1946066
35.02, 1946066
35.03, 1946066
35.04, 1946066
35.05, 1946066
35.06, 1946066
35.07, 1946066
35.08, 1946066
35.09, 1946066
35.1, 1946066
35.11, 1946066
35.12, 1946066
35.13, 1946066
35.14, 1946066
35.15, 1946066
35.16, 1946066
35.17, 1946066
35.18, 1946066
35.19, 1946066
35.2, 1946066
35.21, 1946066
35.22, 1946066
35.23, 1946066
35.24, 1946066
35.25, 1946066
35.26, 1946066
35.27, 1946066
35.28, 1946066
35.29, 1946066
35.3, 1946066
35.31, 1946066
35.32, 1946066
35.33, 1946066
35.34, 1946066
35.35, 1946066
35.36, 1946066
35.37, 1946066
35.38, 1946066
35.39, 1946066
35.4, 1946066
35.41, 1946066
35.42, 1946066
35.43, 1946066
35.44, 1946066
35.45, 1946066
35.46, 1946066
35.47, 1946066
35.48, 1946066
35.49, 1946066
35.5, 1946066
35.51, 1946066
35.52, 1946066
35.53, 1946066
35.54, 1946066
35.55, 1946066
35.56, 1946066
35.57, 1946066
35.58, 1946066
35.59, 1946066
35.6, 1946066
35.61, 1946066
35.62, 1946066
35.63, 1946066
35.64, 1946066
35.65, 1946066
35.66, 1946066
35.67, 1946066
35.68, 1946066
35.69, 1946066
35.7, 1946066
35.71, 1946066
35.72, 1946066
35.73, 1946066
35.74, 1946066
35.75, 1946066
35.76, 1946066
35.77, 1946066
35.78, 1946066
35.79, 1946066
35.8, 1946066
35.81, 1946066
35.82, 1946066
35.83, 1946066
35.84, 1946066
35.85, 1946066
35.86, 1946066
35.87, 1946066
35.88, 1946066
35.89, 1946066
35.9, 1946066
35.91, 1946066
35.92, 1946066
35.93, 1946066
35.94, 1946066
35.95, 1946066
35.96, 1946066
35.97, 1946066
35.98, 1946066
35.99, 1946066
36.0, 1946066
36.01, 1946066
36.02, 1946066
36.03, 1946066
36.04, 1946066
36.05, 1946066
36.06, 1946066
36.07, 1946066
36.08, 1946066
36.09, 1946066
36.1, 1946066
36.11, 1946066
36.12, 1946066
36.13, 1946066
36.14, 1946066
36.15, 1946066
36.16, 1946066
36.17, 1946066
36.18, 1946066
36.19, 1946066
36.2, 1946066
36.21, 1946066
36.22, 1946066
36.23, 1946066
36.24, 1946066
36.25, 1946066
36.26, 1946066
36.27, 1946066
36.28, 1946066
36.29, 1946066
36.3, 1946066
36.31, 1946066
36.32, 1946066
36.33, 1946066
36.34, 1946066
36.35, 1946066
36.36, 1946066
36.37, 1946066
36.38, 1946066
36.39, 1946066
36.4, 1946066
36.41, 1946066
36.42, 1946066
36.43, 1946066
36.44, 1946066
36.45, 1946066
36.46, 1946066
36.47, 1946066
36.48, 1946066
36.49, 1946066
36.5, 1946066
36.51, 1946066
36.52, 1946066
36.53, 1946066
36.54, 1946066
36.55, 1946066
36.56, 1946066
36.57, 1946066
36.58, 1946066
36.59, 1946066
36.6, 1946066
36.61, 1946066
36.62, 1946066
36.63, 1946066
36.64, 1946066
36.65, 1946066
36.66, 1946066
36.67, 1946066
36.68, 1946066
36.69, 1946066
36.7, 1946066
36.71, 1946066
36.72, 1946066
36.73, 1946066
36.74, 1946066
36.75, 1946066
36.76, 1946066
36.77, 1946066
36.78, 1946066
36.79, 1946066
36.8, 1946066
36.81, 1946066
36.82, 1946066
36.83, 1946066
36.84, 1946066
36.85, 1946066
36.86, 1946066
36.87, 1946066
36.88, 1946066
36.89, 1946066
36.9, 1946066
36.91, 1946066
36.92, 1946066
36.93, 1946066
36.94, 1946066
36.95, 1946066
36.96, 1946066
36.97, 1946066
36.98, 1946066
36.99, 1946066
37.0, 1946066
37.01, 1946066
37.02, 1946066
37.03, 1946066
37.04, 1946066
37.05, 1946066
37.06, 1946066
37.07, 1946066
37.08, 1946066
37.09, 1946066
37.1, 1946066
37.11, 1946066
37.12, 1946066
37.13, 1946066
37.14, 1946066
37.15, 1946066
37.16, 1946066
37.17, 1946066
37.18, 1946066
37.19, 1946066
37.2, 1946066
37.21, 1946066
37.22, 1946066
37.23, 1946066
37.24, 1946066
37.25, 1946066
37.26, 1946066
37.27, 1946066
37.28, 1946066
37.29, 1946066
37.3, 1946066
37.31, 1946066
37.32, 1946066
37.33, 1946066
37.34, 1946066
37.35, 1946066
37.36, 1946066
37.37, 1946066
37.38, 1946066
37.39, 1946066
37.4, 1946066
37.41, 1946066
37.42, 1946066
37.43, 1946066
37.44, 1946066
37.45, 1946066
37.46, 1946066
37.47, 1946066
37.48, 1946066
37.49, 1946066
37.5, 1946066
37.51, 1946066
37.52, 1946066
37.53, 1946066
37.54, 1946066
37.55, 1946066
37.56, 1946066
37.57, 1946066
37.58, 1946066
37.59, 1946066
37.6, 1946066
37.61, 1946066
37.62, 1946066
37.63, 1946066
37.64, 1946066
37.65, 1946066
37.66, 1946066
37.67, 1946066
37.68, 1946066
37.69, 1946066
37.7, 1946066
37.71, 1946066
37.72, 1946066
37.73, 1946066
37.74, 1946066
37.75, 1946066
37.76, 1946066
37.77, 1946066
37.78, 1946066
37.79, 1946066
37.8, 1946066
37.81, 1946066
37.82, 1946066
37.83, 1946066
37.84, 1946066
37.85, 1946066
37.86, 1946066
37.87, 1946066
37.88, 1946066
37.89, 1946066
37.9, 1946066
37.91, 1946066
37.92, 1946066
37.93, 1946066
37.94, 1946066
37.95, 1946066
37.96, 1946066
37.97, 1946066
37.98, 1946066
37.99, 1946066
38.0, 1946066
38.01, 1946066
38.02, 1946066
38.03, 1946066
38.04, 1946066
38.05, 1946066
38.06, 1946066
38.07, 1946066
38.08, 1946066
38.09, 1946066
38.1, 1946066
38.11, 1946066
38.12, 1946066
38.13, 1946066
38.14, 1946066
38.15, 1946066
38.16, 1946066
38.17, 1946066
38.18, 1946066
38.19, 1946066
38.2, 1946066
38.21, 1946066
38.22, 1946066
38.23, 1946066
38.24, 1946066
38.26, 1946066
38.27, 1946066
38.28, 1946066
38.29, 1946066
38.3, 1946066
38.31, 1946066
38.32, 1946066
38.33, 1946066
38.34, 1946066
38.35, 1946066
38.36, 1946066
38.37, 1946066
38.38, 1946066
38.39, 1946066
38.4, 1946066
38.41, 1946066
38.42, 1946066
38.43, 1946066
38.44, 1946066
38.45, 1946066
38.46, 1946066
38.47, 1946066
38.48, 1946066
38.49, 1946066
38.5, 1946066
38.51, 1946066
38.52, 1946066
38.53, 1946066
38.54, 1946066
38.55, 1946066
38.56, 1946066
38.57, 1946066
38.58, 1946066
38.59, 1946066
38.6, 1946066
38.61, 1946066
38.62, 1946066
38.63, 1946066
38.64, 1946066
38.65, 1946066
38.66, 1946066
38.67, 1946066
38.68, 1946066
38.69, 1946066
38.7, 1946066
38.71, 1946066
38.72, 1946066
38.73, 1946066
38.74, 1946066
38.75, 1946066
38.76, 1946066
38.77, 1946066
38.78, 1946066
38.79, 1946066
38.8, 1946066
38.81, 1946066
38.82, 1946066
38.83, 1946066
38.84, 1946066
38.85, 1946066
38.86, 1946066
38.87, 1946066
38.88, 1946066
38.89, 1946066
38.9, 1946066
38.91, 1946066
38.92, 1946066
38.93, 1946066
38.94, 1946066
38.95, 1946066
38.96, 1946066
38.97, 1946066
38.98, 1946066
38.99, 1946066
39.0, 1946066
39.01, 1946066
39.02, 1946066
39.03, 1946066
39.04, 1946066
39.05, 1946066
39.06, 1946066
39.07, 1946066
39.08, 1946066
39.09, 1946066
39.1, 1946066
39.11, 1946066
39.12, 1946066
39.13, 1946066
39.14, 1946066
39.15, 1946066
39.16, 1946066
39.17, 1946066
39.18, 1946066
39.19, 1946066
39.2, 1946066
39.21, 1946066
39.22, 1946066
39.23, 1946066
39.24, 1946066
39.25, 1946066
39.26, 1946066
39.27, 1946066
39.28, 1946066
39.29, 1946066
39.3, 1946066
39.31, 1946066
39.32, 1946066
39.33, 1946066
39.34, 1946066
39.35, 1946066
39.36, 1946066
39.37, 1946066
39.38, 1946066
39.39, 1946066
39.4, 1946066
39.41, 1946066
39.42, 1946066
39.43, 1946066
39.44, 1946066
39.45, 1946066
39.46, 1946066
39.47, 1946066
39.48, 1946066
39.49, 1946066
39.5, 1946066
39.51, 1946066
39.52, 1946066
39.53, 1946066
39.54, 1946066
39.55, 1946066
39.56, 1946066
39.57, 1946066
39.58, 1946066
39.59, 1946066
39.6, 1946066
39.61, 1946066
39.62, 1946066
39.63, 1946066
39.64, 1946066
39.65, 1946066
39.66, 1946066
39.67, 1946066
39.68, 1946066
39.69, 1946066
39.7, 1946066
39.71, 1946066
39.72, 1946066
39.73, 1946066
39.74, 1946066
39.75, 1946066
39.76, 1946066
39.77, 1946066
39.78, 1946066
39.79, 1946066
39.8, 1946066
39.81, 1946066
39.82, 1946066
39.83, 1946066
39.84, 1946066
39.85, 1946066
39.86, 1946066
39.87, 1946066
39.88, 1946066
39.89, 1946066
39.9, 1946066
39.91, 1946066
39.92, 1946066
39.93, 1946066
39.94, 1946066
39.95, 1946066
39.96, 1946066
39.97, 1946066
39.98, 1946066
39.99, 1946066
40.0, 1946066
40.01, 1946066
40.02, 1946066
40.03, 1946066
40.04, 1946066
40.05, 1946066
40.06, 1946066
40.07, 1946066
40.08, 1946066
40.09, 1946066
40.1, 1946066
40.11, 1946066
40.12, 1946066
40.13, 1946066
40.14, 1946066
40.15, 1946066
40.16, 1946066
40.17, 1946066
40.18, 1946066
40.19, 1946066
40.2, 1946066
40.21, 1946066
40.22, 1946066
40.23, 1946066
40.24, 1946066
40.25, 1946066
40.26, 1946066
40.27, 1946066
40.28, 1946066
40.29, 1946066
40.3, 1946066
40.31, 1946066
40.32, 1946066
40.33, 1946066
40.34, 1946066
40.35, 1946066
40.36, 1946066
40.37, 1946066
40.38, 1946066
40.39, 1946066
40.4, 1946066
40.41, 1946066
40.42, 1946066
40.43, 1946066
40.44, 1946066
40.45, 1946066
40.46, 1946066
40.47, 1946066
40.48, 1946066
40.49, 1946066
40.5, 1946066
40.51, 1946066
40.52, 1946066
40.53, 1946066
40.54, 1946066
40.55, 1946066
40.56, 1946066
40.57, 1946066
40.58, 1946066
40.59, 1946066
40.6, 1946066
40.61, 1946066
40.62, 1946066
40.63, 1946066
40.64, 1946066
40.65, 1946066
40.66, 1946066
40.67, 1946066
40.68, 1946066
40.69, 1946066
40.7, 1946066
40.71, 1946066
40.72, 1946066
40.73, 1946066
40.74, 1946066
40.75, 1946066
40.76, 1946066
40.77, 1946066
40.78, 1946066
40.79, 1946066
40.8, 1946066
40.81, 1946066
40.82, 1946066
40.83, 1946066
40.84, 1946066
40.85, 1946066
40.86, 1946066
40.87, 1946066
40.88, 1946066
40.89, 1946066
40.9, 1946066
40.91, 1946066
40.92, 1946066
40.93, 1946066
40.94, 1946066
40.95, 1946066
40.96, 1946066
40.97, 1946066
40.98, 1946066
40.99, 1946066
41.0, 1946066
41.01, 1946066
41.02, 1946066
41.03, 1946066
41.04, 1946066
41.05, 1946066
41.06, 1946066
41.07, 1946066
41.08, 1946066
41.09, 1946066
41.1, 1946066
41.11, 1946066
41.12, 1946066
41.13, 1946066
41.14, 1946066
41.15, 1946066
41.16, 1946066
41.17, 1946066
41.18, 1946066
41.19, 1946066
41.2, 1946066
41.21, 1946066
41.22, 1946066
41.23, 1946066
41.24, 1946066
41.25, 1946066
41.26, 1946066
41.27, 1946066
41.28, 1946066
41.29, 1946066
41.3, 1946066
41.31, 1946066
41.32, 1946066
41.33, 1946066
41.34, 1946066
41.35, 1946066
41.36, 1946066
41.37, 1946066
41.38, 1946066
41.39, 1946066
41.4, 1946066
41.41, 1946066
41.42, 1946066
41.43, 1946066
41.44, 1946066
41.45, 1946066
41.46, 1946066
41.47, 1946066
41.48, 1946066
41.49, 1946066
41.5, 1946066
41.51, 1946066
41.52, 1946066
41.53, 1946066
41.54, 1946066
41.55, 1946066
41.56, 1946066
41.57, 1946066
41.58, 1946066
41.59, 1946066
41.6, 1946066
41.61, 1946066
41.62, 1946066
41.63, 1946066
41.64, 1946066
41.65, 1946066
41.66, 1946066
41.67, 1946066
41.68, 1946066
41.69, 1946066
41.7, 1946066
41.71, 1946066
41.72, 1946066
41.73, 1946066
41.74, 1946066
41.75, 1946066
41.76, 1946066
41.77, 1946066
41.78, 1946066
41.79, 1946066
41.8, 1946066
41.81, 1946066
41.82, 1946066
41.83, 1946066
41.84, 1946066
41.85, 1946066
41.86, 1946066
41.87, 1946066
41.88, 1946066
41.89, 1946066
41.9, 1946066
41.91, 1946066
41.92, 1946066
41.93, 1946066
41.94, 1946066
41.95, 1946066
41.96, 1946066
41.97, 1946066
41.98, 1946066
41.99, 1946066
42.0, 1946066
42.01, 1946066
42.02, 1946066
42.03, 1946066
42.04, 1946066
42.05, 1946066
42.06, 1946066
42.07, 1946066
42.08, 1946066
42.09, 1946066
42.1, 1946066
42.11, 1946066
42.12, 1946066
42.13, 1946066
42.14, 1946066
42.15, 1946066
42.16, 1946066
42.17, 1946066
42.18, 1946066
42.19, 1946066
42.2, 1946066
42.21, 1946066
42.22, 1946066
42.23, 1946066
42.24, 1946066
42.25, 1946066
42.26, 1946066
42.27, 1946066
42.28, 1946066
42.29, 1946066
42.3, 1946066
42.31, 1946066
42.32, 1946066
42.33, 1946066
42.34, 1946066
42.35, 1946066
42.36, 1946066
42.37, 1946066
42.38, 1946066
42.39, 1946066
42.4, 1946066
42.41, 1946066
42.42, 1946066
42.43, 1946066
42.44, 1946066
42.45, 1946066
42.46, 1946066
42.47, 1946066
42.48, 1946066
42.49, 1946066
42.5, 1946066
42.51, 1946066
42.52, 1946066
42.53, 1946066
42.54, 1946066
42.55, 1946066
42.56, 1946066
42.57, 1946066
42.58, 1946066
42.59, 1946066
42.6, 1946066
42.61, 1946066
42.62, 1946066
42.63, 1946066
42.64, 1946066
42.65, 1946066
42.66, 1946066
42.67, 1946066
42.68, 1946066
42.69, 1946066
42.7, 1946066
42.71, 1946066
42.72, 1946066
42.73, 1946066
42.74, 1946066
42.75, 1946066
42.76, 1946066
42.77, 1946066
42.78, 1946066
42.79, 1946066
42.8, 1946066
42.81, 1946066
42.82, 1946066
42.83, 1946066
42.84, 1946066
42.85, 1946066
42.86, 1946066
42.87, 1946066
42.88, 1946066
42.89, 1946066
42.9, 1946066
42.91, 1946066
42.92, 1946066
42.93, 1946066
42.94, 1946066
42.95, 1946066
42.96, 1946066
42.97, 1946066
42.98, 1946066
42.99, 1946066
43.0, 1946066
43.01, 1946066
43.02, 1946066
43.03, 1946066
43.04, 1946066
43.05, 1946066
43.06, 1946066
43.07, 1946066
43.08, 1946066
43.09, 1946066
43.1, 1946066
43.11, 1946066
43.12, 1946066
43.13, 1946066
43.14, 1946066
43.15, 1946066
43.16, 1946066
43.17, 1946066
43.18, 1946066
43.19, 1946066
43.2, 1946066
43.21, 1946066
43.22, 1946066
43.23, 1946066
43.24, 1946066
43.25, 1946066
43.26, 1946066
43.27, 1946066
43.28, 1946066
43.29, 1946066
43.3, 1946066
43.31, 1946066
43.32, 1946066
43.33, 1946066
43.34, 1946066
43.35, 1946066
43.36, 1946066
43.37, 1946066
43.38, 1946066
43.39, 1946066
43.4, 1946066
43.41, 1946066
43.42, 1946066
43.43, 1946066
43.44, 1946066
43.45, 1946066
43.46, 1946066
43.47, 1946066
43.48, 1946066
43.49, 1946066
43.5, 1946066
43.51, 1946066
43.52, 1946066
43.53, 1946066
43.54, 1946066
43.55, 1946066
43.56, 1946066
43.57, 1946066
43.58, 1946066
43.59, 1946066
43.6, 1946066
43.61, 1946066
43.62, 1946066
43.63, 1946066
43.64, 1946066
43.65, 1946066
43.66, 1946066
43.67, 1946066
43.68, 1946066
43.69, 1946066
43.7, 1946066
43.71, 1946066
43.72, 1946066
43.73, 1946066
43.74, 1946066
43.75, 1946066
43.76, 1946066
43.77, 1946066
43.78, 1946066
43.79, 1946066
43.8, 1946066
43.81, 1946066
43.82, 1946066
43.83, 1946066
43.84, 1946066
43.85, 1946066
43.86, 1946066
43.87, 1946066
43.88, 1946066
43.89, 1946066
43.9, 1946066
43.91, 1946066
43.92, 1946066
43.93, 1946066
43.94, 1946066
43.95, 1946066
43.96, 1946066
43.97, 1946066
43.98, 1946066
43.99, 1946066
44.0, 1946066
44.01, 1946066
44.02, 1946066
44.03, 1946066
44.04, 1946066
44.05, 1946066
44.06, 1946066
44.07, 1946066
44.08, 1946066
44.09, 1946066
44.1, 1946066
44.11, 1946066
44.12, 1946066
44.13, 1946066
44.14, 1946066
44.15, 1946066
44.16, 1946066
44.17, 1946066
44.18, 1946066
44.19, 1946066
44.2, 1946066
44.21, 1946066
44.22, 1946066
44.23, 1946066
44.24, 1946066
44.25, 1946066
44.26, 1946066
44.27, 1946066
44.28, 1946066
44.29, 1946066
44.3, 1946066
44.31, 1946066
44.32, 1946066
44.33, 1946066
44.34, 1946066
44.35, 1946066
44.36, 1946066
44.37, 1946066
44.38, 1946066
44.39, 1946066
44.4, 1946066
44.41, 1946066
44.42, 1946066
44.43, 1946066
44.44, 1946066
44.45, 1946066
44.46, 1946066
44.47, 1946066
44.48, 1946066
44.49, 1946066
44.5, 1946066
44.51, 1946066
44.52, 1946066
44.53, 1946066
44.54, 1946066
44.55, 1946066
44.56, 1946066
44.57, 1946066
44.58, 1946066
44.59, 1946066
44.6, 1946066
44.61, 1946066
44.62, 1946066
44.63, 1946066
44.64, 1946066
44.65, 1946066
44.66, 1946066
44.67, 1946066
44.68, 1946066
44.69, 1946066
44.7, 1946066
44.71, 1946066
44.72, 1946066
44.73, 1946066
44.74, 1946066
44.75, 1946066
44.76, 1946066
44.77, 1946066
44.78, 1946066
44.79, 1946066
44.8, 1946066
44.81, 1946066
44.82, 1946066
44.83, 1946066
44.84, 1946066
44.85, 1946066
44.86, 1946066
44.87, 1946066
44.88, 1946066
44.89, 1946066
44.9, 1946066
44.91, 1946066
44.92, 1946066
44.93, 1946066
44.94, 1946066
44.95, 1946066
44.96, 1946066
44.97, 1946066
44.98, 1946066
44.99, 1946066
45.0, 1946066
45.01, 1946066
45.02, 1946066
45.03, 1946066
45.04, 1946066
45.05, 1946066
45.06, 1946066
45.07, 1946066
45.08, 1946066
45.09, 1946066
45.1, 1946066
45.11, 1946066
45.12, 1946066
45.13, 1946066
45.14, 1946066
45.15, 1946066
45.16, 1946066
45.17, 1946066
45.18, 1946066
45.19, 1946066
45.2, 1946066
45.21, 1946066
45.22, 1946066
45.23, 1946066
45.24, 1946066
45.25, 1946066
45.26, 1946066
45.27, 1946066
45.28, 1946066
45.29, 1946066
45.3, 1946066
45.31, 1946066
45.32, 1946066
45.33, 1946066
45.34, 1946066
45.35, 1946066
45.36, 1946066
45.37, 1946066
45.38, 1946066
45.39, 1946066
45.4, 1946066
45.41, 1946066
45.42, 1946066
45.43, 1946066
45.44, 1946066
45.45, 1946066
45.46, 1946066
45.47, 1946066
45.48, 1946066
45.49, 1946066
45.5, 1946066
45.51, 1946066
45.52, 1946066
45.53, 1946066
45.54, 1946066
45.55, 1946066
45.56, 1946066
45.57, 1946066
45.58, 1946066
45.59, 1946066
45.6, 1946066
45.61, 1946066
45.62, 1946066
45.63, 1946066
45.64, 1946066
45.65, 1946066
45.66, 1946066
45.67, 1946066
45.68, 1946066
45.69, 1946066
45.7, 1946066
45.71, 1946066
45.72, 1946066
45.73, 1946066
45.74, 1946066
45.75, 1946066
45.76, 1946066
45.77, 1946066
45.78, 1946066
45.79, 1946066
45.8, 1946066
45.81, 1946066
45.82, 1946066
45.83, 1946066
45.84, 1946066
45.85, 1946066
45.86, 1946066
45.87, 1946066
45.88, 1946066
45.89, 1946066
45.9, 1946066
45.91, 1946066
45.92, 1946066
45.93, 1946066
45.94, 1946066
45.95, 1946066
45.96, 1946066
45.97, 1946066
45.98, 1946066
45.99, 1946066
46.0, 1946066
46.01, 1946066
46.02, 1946066
46.03, 1946066
46.04, 1946066
46.05, 1946066
46.06, 1946066
46.07, 1946066
46.08, 1946066
46.09, 1946066
46.1, 1946066
46.11, 1946066
46.12, 1946066
46.13, 1946066
46.14, 1946066
46.15, 1946066
46.16, 1946066
46.17, 1946066
46.18, 1946066
46.19, 1946066
46.2, 1946066
46.21, 1946066
46.22, 1946066
46.23, 1946066
46.24, 1946066
46.25, 1946066
46.26, 1946066
46.27, 1946066
46.28, 1946066
46.29, 1946066
46.3, 1946066
46.31, 1946066
46.32, 1946066
46.33, 1946066
46.34, 1946066
46.35, 1946066
46.36, 1946066
46.37, 1946066
46.38, 1946066
46.39, 1946066
46.4, 1946066
46.41, 1946066
46.42, 1946066
46.43, 1946066
46.44, 1946066
46.45, 1946066
46.46, 1946066
46.47, 1946066
46.48, 1946066
46.49, 1946066
46.5, 1946066
46.51, 1946066
46.52, 1946066
46.53, 1946066
46.54, 1946066
46.55, 1946066
46.56, 1946066
46.57, 1946066
46.58, 1946066
46.59, 1946066
46.6, 1946066
46.61, 1946066
46.62, 1946066
46.63, 1946066
46.64, 1946066
46.65, 1946066
46.66, 1946066
46.67, 1946066
46.68, 1946066
46.69, 1946066
46.7, 1946066
46.71, 1946066
46.72, 1946066
46.73, 1946066
46.74, 1946066
46.75, 1946066
46.76, 1946066
46.77, 1946066
46.78, 1946066
46.79, 1946066
46.8, 1946066
46.81, 1946066
46.82, 1946066
46.83, 1946066
46.84, 1946066
46.85, 1946066
46.86, 1946066
46.87, 1946066
46.88, 1946066
46.89, 1946066
46.9, 1946066
46.91, 1946066
46.92, 1946066
46.93, 1946066
46.94, 1946066
46.95, 1946066
46.96, 1946066
46.97, 1946066
46.98, 1946066
46.99, 1946066
47.0, 1946066
47.01, 1946066
47.02, 1946066
47.03, 1946066
47.04, 1946066
47.05, 1946066
47.06, 1946066
47.07, 1946066
47.08, 1946066
47.09, 1946066
47.1, 1946066
47.11, 1946066
47.12, 1946066
47.13, 1946066
47.14, 1946066
47.15, 1946066
47.16, 1946066
47.17, 1946066
47.18, 1946066
47.19, 1946066
47.2, 1946066
47.21, 1946066
47.22, 1946066
47.23, 1946066
47.24, 1946066
47.25, 1946066
47.26, 1946066
47.27, 1946066
47.28, 1946066
47.29, 1946066
47.3, 1946066
47.31, 1946066
47.32, 1946066
47.33, 1946066
47.34, 1946066
47.35, 1946066
47.36, 1946066
47.37, 1946066
47.38, 1946066
47.39, 1946066
47.4, 1946066
47.41, 1946066
47.42, 1946066
47.43, 1946066
47.44, 1946066
47.45, 1946066
47.46, 1946066
47.47, 1946066
47.48, 1946066
47.49, 1946066
47.5, 1946066
47.51, 1946066
47.52, 1946066
47.53, 1946066
47.54, 1946066
47.55, 1946066
47.56, 1946066
47.57, 1946066
47.58, 1946066
47.59, 1946066
47.6, 1946066
47.61, 1946066
47.62, 1946066
47.63, 1946066
47.64, 1946066
47.65, 1946066
47.66, 1946066
47.67, 1946066
47.68, 1946066
47.69, 1946066
47.7, 1946066
47.71, 1946066
47.72, 1946066
47.73, 1946066
47.74, 1946066
47.75, 1946066
47.76, 1946066
47.77, 1946066
47.78, 1946066
47.79, 1946066
47.8, 1946066
47.81, 1946066
47.82, 1946066
47.83, 1946066
47.84, 1946066
47.85, 1946066
47.86, 1946066
47.87, 1946066
47.88, 1946066
47.89, 1946066
47.9, 1946066
47.91, 1946066
47.92, 1946066
47.93, 1946066
47.94, 1946066
47.95, 1946066
47.96, 1946066
47.97, 1946066
47.98, 1946066
47.99, 1946066
48.0, 1946066
48.01, 1946066
48.02, 1946066
48.03, 1946066
48.04, 1946066
48.05, 1946066
48.06, 1946066
48.07, 1946066
48.08, 1946066
48.09, 1946066
48.1, 1946066
48.11, 1946066
48.12, 1946066
48.13, 1946066
48.14, 1946066
48.15, 1946066
48.16, 1946066
48.17, 1946066
48.18, 1946066
48.19, 1946066
48.2, 1946066
48.21, 1946066
48.22, 1946066
48.23, 1946066
48.24, 1946066
48.25, 1946066
48.26, 1946066
48.27, 1946066
48.28, 1946066
48.29, 1946066
48.3, 1946066
48.31, 1946066
48.32, 1946066
48.33, 1946066
48.34, 1946066
48.35, 1946066
48.36, 1946066
48.37, 1946066
48.38, 1946066
48.39, 1946066
48.4, 1946066
48.41, 1946066
48.42, 1946066
48.43, 1946066
48.44, 1946066
48.45, 1946066
48.46, 1946066
48.47, 1946066
48.48, 1946066
48.49, 1946066
48.5, 1946066
48.51, 1946066
48.52, 1946066
48.53, 1946066
48.54, 1946066
48.55, 1946066
48.56, 1946066
48.57, 1946066
48.58, 1946066
48.59, 1946066
48.6, 1946066
48.61, 1946066
48.62, 1946066
48.63, 1946066
48.64, 1946066
48.65, 1946066
48.66, 1946066
48.67, 1946066
48.68, 1946066
48.69, 1946066
48.7, 1946066
48.71, 1946066
48.72, 1946066
48.73, 1946066
48.74, 1946066
48.75, 1946066
48.76, 1946066
48.77, 1946066
48.78, 1946066
48.79, 1946066
48.8, 1946066
48.81, 1946066
48.82, 1946066
48.83, 1946066
48.84, 1946066
48.85, 1946066
48.86, 1946066
48.87, 1946066
48.88, 1946066
48.89, 1946066
48.9, 1946066
48.91, 1946066
48.92, 1946066
48.93, 1946066
48.94, 1946066
48.95, 1946066
48.96, 1946066
48.97, 1946066
48.98, 1946066
48.99, 1946066
49.0, 1946066
49.01, 1946066
49.02, 1946066
49.03, 1946066
49.04, 1946066
49.05, 1946066
49.06, 1946066
49.07, 1946066
49.08, 1946066
49.09, 1946066
49.1, 1946066
49.11, 1946066
49.12, 1946066
49.13, 1946066
49.14, 1946066
49.15, 1946066
49.16, 1946066
49.17, 1946066
49.18, 1946066
49.19, 1946066
49.2, 1946066
49.21, 1946066
49.22, 1946066
49.23, 1946066
49.24, 1946066
49.25, 1946066
49.26, 1946066
49.27, 1946066
49.28, 1946066
49.29, 1946066
49.3, 1946066
49.31, 1946066
49.32, 1946066
49.33, 1946066
49.34, 1946066
49.35, 1946066
49.36, 1946066
49.37, 1946066
49.38, 1946066
49.39, 1946066
49.4, 1946066
49.41, 1946066
49.42, 1946066
49.43, 1946066
49.44, 1946066
49.45, 1946066
49.46, 1946066
49.47, 1946066
49.48, 1946066
49.49, 1946066
49.5, 1946066
49.51, 1946066
49.52, 1946066
49.53, 1946066
49.54, 1946066
49.55, 1946066
49.56, 1946066
49.57, 1946066
49.58, 1946066
49.59, 1946066
49.6, 1946066
49.61, 1946066
49.62, 1946066
49.63, 1946066
49.64, 1946066
49.65, 1946066
49.66, 1946066
49.67, 1946066
49.68, 1946066
49.69, 1946066
49.7, 1946066
49.71, 1946066
49.72, 1946066
49.73, 1946066
49.74, 1946066
49.75, 1946066
49.76, 1946066
49.77, 1946066
49.78, 1946066
49.79, 1946066
49.8, 1946066
49.81, 1946066
49.82, 1946066
49.83, 1946066
49.84, 1946066
49.85, 1946066
49.86, 1946066
49.87, 1946066
49.88, 1946066
49.89, 1946066
49.9, 1946066
49.91, 1946066
49.92, 1946066
49.93, 1946066
49.94, 1946066
49.95, 1946066
49.96, 1946066
49.97, 1946066
49.98, 1946066
49.99, 1946066
50.0, 1946066
50.01, 1946066
50.02, 1946066
50.03, 1946066
50.04, 1946066
50.05, 1946066
50.06, 1946066
50.07, 1946066
50.08, 1946066
50.09, 1946066
50.1, 1946066
50.11, 1946066
50.12, 1946066
50.13, 1946066
50.14, 1946066
50.15, 1946066
50.16, 1946066
50.17, 1946066
50.18, 1946066
50.19, 1946066
50.2, 1946066
50.21, 1946066
50.22, 1946066
50.23, 1946066
50.24, 1946066
50.25, 1946066
50.26, 1946066
50.27, 1946066
50.28, 1946066
50.29, 1946066
50.3, 1946066
50.31, 1946066
50.32, 1946066
50.33, 1946066
50.34, 1946066
50.35, 1946066
50.36, 1946066
50.37, 1946066
50.38, 1946066
50.39, 1946066
50.4, 1946066
50.41, 1946066
50.42, 1946066
50.43, 1946066
50.44, 1946066
50.45, 1946066
50.46, 1946066
50.47, 1946066
50.48, 1946066
50.49, 1946066
50.5, 1946066
50.51, 1946066
50.52, 1946066
50.53, 1946066
50.54, 1946066
50.55, 1946066
50.56, 1946066
50.57, 1946066
50.58, 1946066
50.59, 1946066
50.6, 1946066
50.61, 1946066
50.62, 1946066
50.63, 1946066
50.64, 1946066
50.65, 1946066
50.66, 1946066
50.67, 1946066
50.68, 1946066
50.69, 1946066
50.7, 1946066
50.71, 1946066
50.72, 1946066
50.73, 1946066
50.74, 1946066
50.75, 1946066
50.76, 1946066
50.77, 1946066
50.78, 1946066
50.79, 1946066
50.8, 1946066
50.81, 1946066
50.82, 1946066
50.83, 1946066
50.84, 1946066
50.85, 1946066
50.86, 1946066
50.87, 1946066
50.88, 1946066
50.89, 1946066
50.9, 1946066
50.91, 1946066
50.92, 1946066
50.93, 1946066
50.94, 1946066
50.95, 1946066
50.96, 1946066
50.97, 1946066
50.98, 1946066
50.99, 1946066
51.0, 1946066
51.01, 1946066
51.02, 1946066
51.03, 1946066
51.04, 1946066
51.05, 1946066
51.06, 1946066
51.07, 1946066
51.08, 1946066
51.09, 1946066
51.1, 1946066
51.11, 1946066
51.12, 1946066
51.13, 1946066
51.14, 1946066
51.15, 1946066
51.16, 1946066
51.17, 1946066
51.18, 1946066
51.19, 1946066
51.2, 1946066
51.21, 1946066
51.22, 1946066
51.23, 1946066
51.24, 1946066
51.25, 1946066
51.26, 1946066
51.27, 1946066
51.28, 1946066
51.29, 1946066
51.3, 1946066
51.31, 1946066
51.32, 1946066
51.33, 1946066
51.34, 1946066
51.35, 1946066
51.36, 1946066
51.37, 1946066
51.38, 1946066
51.39, 1946066
51.4, 1946066
51.41, 1946066
51.42, 1946066
51.43, 1946066
51.44, 1946066
51.45, 1946066
51.46, 1946066
51.47, 1946066
51.48, 1946066
51.49, 1946066
51.5, 1946066
51.51, 1946066
51.52, 1946066
51.53, 1946066
51.54, 1946066
51.55, 1946066
51.56, 1946066
51.57, 1946066
51.58, 1946066
51.59, 1946066
51.6, 1946066
51.61, 1946066
51.62, 1946066
51.63, 1946066
51.64, 1946066
51.65, 1946066
51.66, 1946066
51.67, 1946066
51.68, 1946066
51.69, 1946066
51.7, 1946066
51.71, 1946066
51.72, 1946066
51.73, 1946066
51.74, 1946066
51.75, 1946066
51.76, 1946066
51.77, 1946066
51.78, 1946066
51.79, 1946066
51.8, 1946066
51.81, 1946066
51.82, 1946066
51.83, 1946066
51.84, 1946066
51.85, 1946066
51.86, 1946066
51.87, 1946066
51.88, 1946066
51.89, 1946066
51.9, 1946066
51.91, 1946066
51.92, 1946066
51.93, 1946066
51.94, 1946066
51.95, 1946066
51.96, 1946066
51.97, 1946066
51.98, 1946066
51.99, 1946066
52.0, 1946066
52.01, 1946066
52.02, 1946066
52.03, 1946066
52.04, 1946066
52.05, 1946066
52.06, 1946066
52.07, 1946066
52.08, 1946066
52.09, 1946066
52.1, 1946066
52.11, 1946066
52.12, 1946066
52.13, 1946066
52.14, 1946066
52.15, 1946066
52.16, 1946066
52.17, 1946066
52.18, 1946066
52.19, 1946066
52.2, 1946066
52.21, 1946066
52.22, 1946066
52.23, 1946066
52.24, 1946066
52.25, 1946066
52.26, 1946066
52.27, 1946066
52.28, 1946066
52.29, 1946066
52.3, 1946066
52.31, 1946066
52.32, 1946066
52.33, 1946066
52.34, 1946066
52.35, 1946066
52.36, 1946066
52.37, 1946066
52.38, 1946066
52.39, 1946066
52.4, 1946066
52.41, 1946066
52.42, 1946066
52.43, 1946066
52.44, 1946066
52.45, 1946066
52.46, 1946066
52.47, 1946066
52.48, 1946066
52.49, 1946066
52.5, 1946066
52.51, 1946066
52.52, 1946066
52.53, 1946066
52.54, 1946066
52.55, 1946066
52.56, 1946066
52.57, 1946066
52.58, 1946066
52.59, 1946066
52.6, 1946066
52.61, 1946066
52.62, 1946066
52.63, 1946066
52.64, 1946066
52.65, 1946066
52.66, 1946066
52.67, 1946066
52.68, 1946066
52.69, 1946066
52.7, 1946066
52.71, 1946066
52.72, 1946066
52.73, 1946066
52.74, 1946066
52.75, 1946066
52.76, 1946066
52.77, 1946066
52.78, 1946066
52.79, 1946066
52.8, 1946066
52.81, 1946066
52.82, 1946066
52.83, 1946066
52.84, 1946066
52.85, 1946066
52.86, 1946066
52.87, 1946066
52.88, 1946066
52.89, 1946066
52.9, 1946066
52.91, 1946066
52.92, 1946066
52.93, 1946066
52.94, 1946066
52.95, 1946066
52.96, 1946066
52.97, 1946066
52.98, 1946066
52.99, 1946066
53.0, 1946066
53.01, 1946066
53.02, 1946066
53.03, 1946066
53.04, 1946066
53.05, 1946066
53.06, 1946066
53.07, 1946066
53.08, 1946066
53.09, 1946066
53.1, 1946066
53.11, 1946066
53.12, 1946066
53.13, 1946066
53.14, 1946066
53.15, 1946066
53.16, 1946066
53.17, 1946066
53.18, 1946066
53.19, 1946066
53.2, 1946066
53.21, 1946066
53.22, 1946066
53.23, 1946066
53.24, 1946066
53.25, 1946066
53.26, 1946066
53.27, 1946066
53.28, 1946066
53.29, 1946066
53.3, 1946066
53.31, 1946066
53.32, 1946066
53.33, 1946066
53.34, 1946066
53.35, 1946066
53.36, 1946066
53.37, 1946066
53.38, 1946066
53.39, 1946066
53.4, 1946066
53.41, 1946066
53.42, 1946066
53.43, 1946066
53.44, 1946066
53.45, 1946066
53.46, 1946066
53.47, 1946066
53.48, 1946066
53.49, 1946066
53.5, 1946066
53.51, 1946066
53.52, 1946066
53.53, 1946066
53.54, 1946066
53.55, 1946066
53.56, 1946066
53.57, 1946066
53.58, 1946066
53.59, 1946066
53.6, 1946066
53.61, 1946066
53.62, 1946066
53.63, 1946066
53.64, 1946066
53.65, 1946066
53.66, 1946066
53.67, 1946066
53.68, 1946066
53.69, 1946066
53.7, 1946066
53.71, 1946066
53.72, 1946066
53.73, 1946066
53.74, 1946066
53.75, 1946066
53.76, 1946066
53.77, 1946066
53.78, 1946066
53.79, 1946066
53.8, 1946066
53.81, 1946066
53.82, 1946066
53.83, 1946066
53.84, 1946066
53.85, 1946066
53.86, 1946066
53.87, 1946066
53.88, 1946066
53.89, 1946066
53.9, 1946066
53.91, 1946066
53.92, 1946066
53.93, 1946066
53.94, 1946066
53.95, 1946066
53.96, 1946066
53.97, 1946066
53.98, 1946066
53.99, 1946066
54.0, 1946066
54.01, 1946066
54.02, 1946066
54.03, 1946066
54.04, 1946066
54.05, 1946066
54.06, 1946066
54.07, 1946066
54.08, 1946066
54.09, 1946066
54.1, 1946066
54.11, 1946066
54.12, 1946066
54.13, 1946066
54.14, 1946066
54.15, 1946066
54.16, 1946066
54.17, 1946066
54.18, 1946066
54.19, 1946066
54.2, 1946066
54.21, 1946066
54.22, 1946066
54.23, 1946066
54.24, 1946066
54.25, 1946066
54.26, 1946066
54.27, 1946066
54.28, 1946066
54.29, 1946066
54.3, 1946066
54.31, 1946066
54.32, 1946066
54.33, 1946066
54.34, 1946066
54.35, 1946066
54.36, 1946066
54.37, 1946066
54.38, 1946066
54.39, 1946066
54.4, 1946066
54.41, 1946066
54.42, 1946066
54.43, 1946066
54.44, 1946066
54.45, 1946066
54.46, 1946066
54.47, 1946066
54.48, 1946066
54.49, 1946066
54.5, 1946066
54.51, 1946066
54.52, 1946066
54.53, 1946066
54.54, 1946066
54.55, 1946066
54.56, 1946066
54.57, 1946066
54.58, 1946066
54.59, 1946066
54.6, 1946066
54.61, 1946066
54.62, 1946066
54.63, 1946066
54.64, 1946066
54.65, 1946066
54.66, 1946066
54.67, 1946066
54.68, 1946066
54.69, 1946066
54.7, 1946066
54.71, 1946066
54.72, 1946066
54.73, 1946066
54.74, 1946066
54.75, 1946066
54.76, 1946066
54.77, 1946066
54.78, 1946066
54.79, 1946066
54.8, 1946066
54.81, 1946066
54.82, 1946066
54.83, 1946066
54.84, 1946066
54.85, 1946066
54.86, 1946066
54.87, 1946066
54.88, 1946066
54.89, 1946066
54.9, 1946066
54.91, 1946066
54.92, 1946066
54.93, 1946066
54.94, 1946066
54.95, 1946066
54.96, 1946066
54.97, 1946066
54.98, 1946066
54.99, 1946066
55.0, 1946066
55.01, 1946066
55.02, 1946066
55.03, 1946066
55.04, 1946066
55.05, 1946066
55.06, 1946066
55.07, 1946066
55.08, 1946066
55.09, 1946066
55.1, 1946066
55.11, 1946066
55.12, 1946066
55.13, 1946066
55.14, 1946066
55.15, 1946066
55.16, 1946066
55.17, 1946066
55.18, 1946066
55.19, 1946066
55.2, 1946066
55.21, 1946066
55.22, 1946066
55.23, 1946066
55.24, 1946066
55.25, 1946066
55.26, 1946066
55.27, 1946066
55.28, 1946066
55.29, 1946066
55.3, 1946066
55.31, 1946066
55.32, 1946066
55.33, 1946066
55.34, 1946066
55.35, 1946066
55.36, 1946066
55.37, 1946066
55.38, 1946066
55.39, 1946066
55.4, 1946066
55.41, 1946066
55.42, 1946066
55.43, 1946066
55.44, 1946066
55.45, 1946066
55.46, 1946066
55.47, 1946066
55.48, 1946066
55.49, 1946066
55.5, 1946066
55.51, 1946066
55.52, 1946066
55.53, 1946066
55.54, 1946066
55.55, 1946066
55.56, 1946066
55.57, 1946066
55.58, 1946066
55.59, 1946066
55.6, 1946066
55.61, 1946066
55.62, 1946066
55.63, 1946066
55.64, 1946066
55.65, 1946066
55.66, 1946066
55.67, 1946066
55.68, 1946066
55.69, 1946066
55.7, 1946066
55.71, 1946066
55.72, 1946066
55.73, 1946066
55.74, 1946066
55.75, 1946066
55.76, 1946066
55.77, 1946066
55.78, 1946066
55.79, 1946066
55.8, 1946066
55.81, 1946066
55.82, 1946066
55.83, 1946066
55.84, 1946066
55.85, 1946066
55.86, 1946066
55.87, 1946066
55.88, 1946066
55.89, 1946066
55.9, 1946066
55.91, 1946066
55.92, 1946066
55.93, 1946066
55.94, 1946066
55.95, 1946066
55.96, 1946066
55.97, 1946066
55.98, 1946066
55.99, 1946066
56.0, 1946066
56.01, 1946066
56.02, 1946066
56.03, 1946066
56.04, 1946066
56.05, 1946066
56.06, 1946066
56.07, 1946066
56.08, 1946066
56.09, 1946066
56.1, 1946066
56.11, 1946066
56.12, 1946066
56.13, 1946066
56.14, 1946066
56.15, 1946066
56.16, 1946066
56.17, 1946066
56.18, 1946066
56.19, 1946066
56.2, 1946066
56.21, 1946066
56.22, 1946066
56.23, 1946066
56.24, 1946066
56.25, 1946066
56.26, 1946066
56.27, 1946066
56.28, 1946066
56.29, 1946066
56.3, 1946066
56.31, 1946066
56.32, 1946066
56.33, 1946066
56.34, 1946066
56.35, 1946066
56.36, 1946066
56.37, 1946066
56.38, 1946066
56.39, 1946066
56.4, 1946066
56.41, 1946066
56.42, 1946066
56.43, 1946066
56.44, 1946066
56.45, 1946066
56.46, 1946066
56.47, 1946066
56.48, 1946066
56.49, 1946066
56.5, 1946066
56.51, 1946066
56.52, 1946066
56.53, 1946066
56.54, 1946066
56.55, 1946066
56.56, 1946066
56.57, 1946066
56.58, 1946066
56.59, 1946066
56.6, 1946066
56.61, 1946066
56.62, 1946066
56.63, 1946066
56.64, 1946066
56.65, 1946066
56.66, 1946066
56.67, 1946066
56.68, 1946066
56.69, 1946066
56.7, 1946066
56.71, 1946066
56.72, 1946066
56.73, 1946066
56.74, 1946066
56.75, 1946066
56.76, 1946066
56.77, 1946066
56.78, 1946066
56.79, 1946066
56.8, 1946066
56.81, 1946066
56.82, 1946066
56.83, 1946066
56.84, 1946066
56.85, 1946066
56.86, 1946066
56.87, 1946066
56.88, 1946066
56.89, 1946066
56.9, 1946066
56.91, 1946066
56.92, 1946066
56.93, 1946066
56.94, 1946066
56.95, 1946066
56.96, 1946066
56.97, 1946066
56.98, 1946066
56.99, 1946066
57.0, 1946066
57.01, 1946066
57.02, 1946066
57.03, 1946066
57.04, 1946066
57.05, 1946066
57.06, 1946066
57.07, 1946066
57.08, 1946066
57.09, 1946066
57.1, 1946066
57.11, 1946066
57.14, 1946066
57.15, 1946066
57.16, 1946066
57.17, 1946066
57.18, 1946066
57.19, 1946066
57.2, 1946066
57.21, 1946066
57.22, 1946066
57.23, 1946066
57.24, 1946066
57.25, 1946066
57.26, 1946066
57.27, 1946066
57.28, 1946066
57.29, 1946066
57.3, 1946066
57.31, 1946066
57.32, 1946066
57.33, 1946066
57.34, 1946066
57.35, 1946066
57.36, 1946066
57.37, 1946066
57.38, 1946066
57.39, 1946066
57.4, 1946066
57.41, 1946066
57.42, 1946066
57.43, 1946066
57.44, 1946066
57.45, 1946066
57.46, 1946066
57.47, 1946066
57.48, 1946066
57.49, 1946066
57.5, 1946066
57.51, 1946066
57.52, 1946066
57.53, 1946066
57.54, 1946066
57.55, 1946066
57.56, 1946066
57.57, 1946066
57.58, 1946066
57.59, 1946066
57.6, 1946066
57.61, 1946066
57.62, 1946066
57.63, 1946066
57.64, 1946066
57.65, 1946066
57.66, 1946066
57.67, 1946066
57.68, 1946066
57.69, 1946066
57.7, 1946066
57.71, 1946066
57.72, 1946066
57.73, 1946066
57.74, 1946066
57.75, 1946066
57.76, 1946066
57.77, 1946066
57.78, 1946066
57.79, 1946066
57.8, 1946066
57.81, 1946066
57.82, 1946066
57.83, 1946066
57.84, 1946066
57.85, 1946066
57.86, 1946066
57.87, 1946066
57.88, 1946066
57.89, 1946066
57.9, 1946066
57.91, 1946066
57.92, 1946066
57.93, 1946066
57.94, 1946066
57.95, 1946066
57.96, 1946066
57.97, 1946066
57.98, 1946066
57.99, 1946066
58.0, 1946066
58.01, 1946066
58.02, 1946066
58.03, 1946066
58.04, 1946066
58.05, 1946066
58.06, 1946066
58.07, 1946066
58.08, 1946066
58.09, 1946066
58.1, 1946066
58.11, 1946066
58.12, 1946066
58.13, 1946066
58.14, 1946066
58.15, 1946066
58.16, 1946066
58.17, 1946066
58.18, 1946066
58.19, 1946066
58.2, 1946066
58.21, 1946066
58.22, 1946066
58.23, 1946066
58.24, 1946066
58.25, 1946066
58.26, 1946066
58.27, 1946066
58.28, 1946066
58.29, 1946066
58.3, 1946066
58.31, 1946066
58.32, 1946066
58.33, 1946066
58.34, 1946066
58.35, 1946066
58.36, 1946066
58.37, 1946066
58.38, 1946066
58.39, 1946066
58.4, 1946066
58.41, 1946066
58.42, 1946066
58.43, 1946066
58.44, 1946066
58.45, 1946066
58.46, 1946066
58.47, 1946066
58.48, 1946066
58.49, 1946066
58.5, 1946066
58.51, 1946066
58.52, 1946066
58.53, 1946066
58.54, 1946066
58.55, 1946066
58.56, 1946066
58.57, 1946066
58.58, 1946066
58.59, 1946066
58.6, 1946066
58.61, 1946066
58.62, 1946066
58.63, 1946066
58.64, 1946066
58.65, 1946066
58.66, 1946066
58.67, 1946066
58.68, 1946066
58.69, 1946066
58.7, 1946066
58.71, 1946066
58.72, 1946066
58.73, 1946066
58.74, 1946066
58.75, 1946066
58.76, 1946066
58.77, 1946066
58.78, 1946066
58.79, 1946066
58.8, 1946066
58.81, 1946066
58.82, 1946066
58.83, 1946066
58.84, 1946066
58.85, 1946066
58.86, 1946066
58.87, 1946066
58.88, 1946066
58.89, 1946066
58.9, 1946066
58.91, 1946066
58.92, 1946066
58.93, 1946066
58.94, 1946066
58.95, 1946066
58.96, 1946066
58.97, 1946066
58.98, 1946066
58.99, 1946066
59.0, 1946066
59.01, 1946066
59.02, 1946066
59.03, 1946066
59.04, 1946066
59.05, 1946066
59.06, 1946066
59.07, 1946066
59.08, 1946066
59.09, 1946066
59.1, 1946066
59.11, 1946066
59.12, 1946066
59.13, 1946066
59.14, 1946066
59.15, 1946066
59.16, 1946066
59.17, 1946066
59.18, 1946066
59.19, 1946066
59.2, 1946066
59.21, 1946066
59.22, 1946066
59.23, 1946066
59.24, 1946066
59.25, 1946066
59.26, 1946066
59.27, 1946066
59.28, 1946066
59.29, 1946066
59.3, 1946066
59.31, 1946066
59.32, 1946066
59.33, 1946066
59.34, 1946066
59.35, 1946066
59.36, 1946066
59.37, 1946066
59.38, 1946066
59.39, 1946066
59.4, 1946066
59.41, 1946066
59.42, 1946066
59.43, 1946066
59.44, 1946066
59.45, 1946066
59.46, 1946066
59.47, 1946066
59.48, 1946066
59.49, 1946066
59.5, 1946066
59.51, 1946066
59.52, 1946066
59.53, 1946066
59.54, 1946066
59.55, 1946066
59.56, 1946066
59.57, 1946066
59.58, 1946066
59.59, 1946066
59.6, 1946066
59.61, 1946066
59.62, 1946066
59.63, 1946066
59.64, 1946066
59.65, 1946066
59.66, 1946066
59.67, 1946066
59.68, 1946066
59.69, 1946066
59.7, 1946066
59.71, 1946066
59.72, 1946066
59.73, 1946066
59.74, 1946066
59.75, 1946066
59.76, 1946066
59.77, 1946066
59.78, 1946066
59.79, 1946066
59.8, 1946066
59.81, 1946066
59.82, 1946066
59.83, 1946066
59.84, 1946066
59.85, 1946066
59.86, 1946066
59.87, 1946066
59.88, 1946066
59.89, 1946066
59.9, 1946066
59.91, 1946066
59.92, 1946066
59.93, 1946066
59.94, 1946066
59.95, 1946066
59.96, 1946066
59.97, 1946066
59.98, 1946066
59.99, 1946066
