0.0, 2682582
0.01, 2324375
0.02, 2324375
0.03, 2324375
0.04, 2324375
0.05, 2324375
0.06, 2324375
0.07, 2324375
0.08, 2324375
0.09, 2324375
0.1, 2324375
0.11, 2324375
0.12, 2324375
0.13, 2324375
0.14, 2324375
0.15, 2324375
0.16, 2288574
0.17, 2288574
0.18, 2288574
0.19, 2288574
0.2, 2288574
0.21, 2288574
0.22, 2288574
0.23, 2288574
0.24, 2288574
0.25, 2288574
0.26, 2288574
0.27, 2288574
0.28, 2288574
0.29, 2288574
0.3, 2288574
0.31, 2288574
0.32, 2288574
0.33, 2288574
0.34, 2205682
0.35, 2205682
0.36, 2205682
0.37, 2205682
0.38, 2205682
0.39, 2205682
0.4, 2205682
0.41, 2205682
0.42, 2205682
0.43, 2205682
0.44, 2205682
0.45, 2205682
0.46, 2205682
0.47, 2205682
0.48, 2205682
0.49, 2205682
0.5, 2205682
0.51, 2205682
0.52, 2205682
0.53, 2205682
0.54, 2205682
0.55, 2205682
0.56, 2205682
0.57, 2205682
0.58, 2205682
0.59, 2205682
0.6, 2205682
0.61, 2205682
0.62, 2205682
0.63, 2205682
0.64, 2205682
0.65, 2205682
0.66, 2205682
0.67, 2205682
0.68, 2205682
0.69, 2205682
0.7, 2205682
0.71, 2205682
0.72, 2205682
0.73, 2205682
0.74, 2205682
0.75, 2205682
0.76, 2205682
0.77, 2205682
0.78, 2205682
0.79, 2205682
0.8, 2205682
0.81, 2205682
0.82, 2205682
0.83, 2205682
0.84, 2205682
0.85, 2205682
0.86, 2205682
0.87, 2205682
0.88, 2124349
0.89, 2124349
0.9, 2124349
0.91, 2124349
0.92, 2124349
0.93, 1994127
0.94, 1994127
0.95, 1994127
0.96, 1994127
0.97, 1994127
0.98, 1994127
0.99, 1994127
1.0, 1994127
1.01, 1994127
1.02, 1994127
1.03, 1994127
1.04, 1994127
1.05, 1994127
1.06, 1994127
1.07, 1994127
1.08, 1994127
1.09, 1994127
1.1, 1994127
1.11, 1994127
1.12, 1994127
1.13, 1994127
1.14, 1994127
1.15, 1994127
1.16, 1994127
1.17, 1994127
1.18, 1994127
1.19, 1994127
1.2, 1994127
1.21, 1994127
1.22, 1994127
1.23, 1994127
1.24, 1994127
1.25, 1994127
1.26, 1994127
1.27, 1994127
1.28, 1994127
1.29, 1994127
1.3, 1994127
1.31, 1994127
1.32, 1994127
1.33, 1994127
1.34, 1994127
1.35, 1994127
1.36, 1994127
1.37, 1994127
1.38, 1994127
1.39, 1994127
1.4, 1994127
1.41, 1994127
1.42, 1994127
1.43, 1994127
1.44, 1994127
1.45, 1994127
1.46, 1994127
1.47, 1994127
1.48, 1994127
1.49, 1994127
1.5, 1994127
1.51, 1994127
1.52, 1994127
1.53, 1994127
1.54, 1994127
1.55, 1994127
1.56, 1994127
1.57, 1994127
1.58, 1994127
1.59, 1994127
1.6, 1994127
1.61, 1994127
1.62, 1994127
1.63, 1994127
1.64, 1994127
1.65, 1994127
1.66, 1994127
1.67, 1994127
1.68, 1994127
1.69, 1994127
1.7, 1994127
1.71, 1994127
1.72, 1994127
1.73, 1994127
1.74, 1994127
1.75, 1994127
1.76, 1994127
1.77, 1994127
1.78, 1994127
1.79, 1994127
1.8, 1994127
1.81, 1994127
1.82, 1994127
1.83, 1994127
1.84, 1994127
1.85, 1994127
1.86, 1994127
1.87, 1994127
1.88, 1994127
1.89, 1994127
1.9, 1994127
1.91, 1994127
1.92, 1994127
1.93, 1994127
1.94, 1994127
1.95, 1994127
1.96, 1994127
1.97, 1994127
1.98, 1994127
1.99, 1994127
2.0, 1994127
2.01, 1994127
2.02, 1994127
2.03, 1994127
2.04, 1994127
2.05, 1994127
2.06, 1994127
2.07, 1994127
2.08, 1994127
2.09, 1994127
2.1, 1994127
2.11, 1994127
2.12, 1994127
2.13, 1994127
2.14, 1994127
2.15, 1994127
2.16, 1994127
2.17, 1994127
2.18, 1994127
2.19, 1994127
2.2, 1994127
2.21, 1994127
2.22, 1994127
2.23, 1994127
2.24, 1994127
2.25, 1994127
2.26, 1994127
2.27, 1994127
2.28, 1994127
2.29, 1994127
2.3, 1994127
2.31, 1994127
2.32, 1994127
2.33, 1994127
2.34, 1994127
2.35, 1994127
2.38, 1994127
2.39, 1994127
2.4, 1994127
2.41, 1994127
2.42, 1994127
2.43, 1994127
2.44, 1994127
2.45, 1994127
2.46, 1994127
2.47, 1994127
2.48, 1994127
2.49, 1994127
2.5, 1994127
2.51, 1994127
2.52, 1994127
2.53, 1994127
2.54, 1994127
2.55, 1994127
2.56, 1994127
2.57, 1994127
2.58, 1994127
2.59, 1994127
2.6, 1994127
2.61, 1994127
2.62, 1994127
2.63, 1994127
2.64, 1994127
2.65, 1994127
2.66, 1994127
2.67, 1994127
2.68, 1994127
2.69, 1994127
2.7, 1994127
2.71, 1994127
2.72, 1994127
2.73, 1994127
2.74, 1994127
2.75, 1994127
2.76, 1994127
2.77, 1994127
2.78, 1994127
2.79, 1994127
2.8, 1994127
2.81, 1994127
2.82, 1994127
2.83, 1994127
2.84, 1994127
2.85, 1994127
2.86, 1994127
2.87, 1994127
2.88, 1994127
2.89, 1994127
2.9, 1994127
2.91, 1994127
2.92, 1994127
2.93, 1994127
2.94, 1994127
2.95, 1994127
2.96, 1994127
2.97, 1994127
2.98, 1994127
2.99, 1994127
3.0, 1994127
3.01, 1994127
3.02, 1994127
3.03, 1994127
3.04, 1994127
3.05, 1994127
3.06, 1994127
3.07, 1994127
3.08, 1994127
3.09, 1994127
3.1, 1994127
3.11, 1994127
3.12, 1994127
3.13, 1994127
3.14, 1994127
3.15, 1994127
3.16, 1994127
3.17, 1994127
3.18, 1994127
3.19, 1994127
3.2, 1994127
3.21, 1994127
3.22, 1994127
3.23, 1994127
3.24, 1994127
3.25, 1994127
3.26, 1994127
3.27, 1994127
3.28, 1994127
3.29, 1994127
3.3, 1994127
3.31, 1994127
3.32, 1994127
3.33, 1994127
3.34, 1994127
3.35, 1994127
3.36, 1994127
3.37, 1994127
3.38, 1994127
3.39, 1994127
3.4, 1994127
3.41, 1994127
3.42, 1994127
3.43, 1994127
3.44, 1994127
3.45, 1994127
3.46, 1994127
3.47, 1994127
3.48, 1994127
3.49, 1994127
3.5, 1994127
3.51, 1994127
3.52, 1994127
3.53, 1994127
3.54, 1994127
3.55, 1994127
3.56, 1994127
3.57, 1994127
3.58, 1994127
3.59, 1994127
3.6, 1994127
3.61, 1994127
3.62, 1994127
3.63, 1994127
3.64, 1994127
3.65, 1994127
3.66, 1994127
3.67, 1994127
3.68, 1994127
3.69, 1994127
3.7, 1994127
3.71, 1994127
3.72, 1994127
3.73, 1994127
3.74, 1994127
3.75, 1994127
3.76, 1994127
3.77, 1994127
3.78, 1994127
3.79, 1994127
3.8, 1994127
3.81, 1994127
3.82, 1994127
3.83, 1994127
3.84, 1994127
3.85, 1994127
3.86, 1994127
3.87, 1994127
3.88, 1994127
3.89, 1994127
3.9, 1994127
3.91, 1994127
3.92, 1994127
3.93, 1994127
3.94, 1994127
3.95, 1994127
3.96, 1994127
3.97, 1994127
3.98, 1994127
3.99, 1994127
4.0, 1994127
4.01, 1994127
4.02, 1994127
4.03, 1994127
4.04, 1994127
4.05, 1994127
4.06, 1994127
4.07, 1994127
4.08, 1994127
4.09, 1994127
4.1, 1994127
4.11, 1994127
4.12, 1994127
4.13, 1994127
4.14, 1994127
4.15, 1994127
4.16, 1994127
4.17, 1994127
4.18, 1994127
4.19, 1994127
4.2, 1994127
4.21, 1994127
4.22, 1994127
4.23, 1994127
4.24, 1994127
4.25, 1994127
4.26, 1994127
4.27, 1994127
4.28, 1994127
4.29, 1994127
4.3, 1994127
4.31, 1994127
4.32, 1994127
4.33, 1994127
4.34, 1994127
4.35, 1994127
4.36, 1994127
4.37, 1994127
4.38, 1994127
4.39, 1994127
4.4, 1994127
4.41, 1994127
4.42, 1994127
4.43, 1994127
4.44, 1994127
4.45, 1994127
4.46, 1994127
4.47, 1994127
4.48, 1994127
4.49, 1994127
4.5, 1994127
4.51, 1994127
4.52, 1994127
4.53, 1994127
4.54, 1994127
4.55, 1994127
4.56, 1994127
4.57, 1994127
4.58, 1994127
4.59, 1994127
4.6, 1994127
4.61, 1994127
4.62, 1994127
4.63, 1994127
4.64, 1994127
4.65, 1994127
4.66, 1994127
4.67, 1994127
4.68, 1994127
4.69, 1994127
4.7, 1994127
4.71, 1994127
4.72, 1994127
4.73, 1994127
4.74, 1994127
4.75, 1994127
4.76, 1994127
4.77, 1994127
4.78, 1994127
4.79, 1994127
4.8, 1994127
4.81, 1994127
4.82, 1994127
4.83, 1994127
4.84, 1994127
4.85, 1994127
4.86, 1994127
4.87, 1994127
4.88, 1994127
4.89, 1994127
4.9, 1994127
4.91, 1994127
4.92, 1994127
4.93, 1994127
4.94, 1994127
4.95, 1994127
4.96, 1994127
4.97, 1994127
4.98, 1994127
4.99, 1994127
5.0, 1994127
5.01, 1994127
5.02, 1994127
5.03, 1994127
5.04, 1994127
5.05, 1994127
5.06, 1994127
5.07, 1994127
5.08, 1994127
5.09, 1994127
5.1, 1994127
5.11, 1994127
5.12, 1994127
5.13, 1994127
5.14, 1994127
5.15, 1994127
5.16, 1994127
5.17, 1994127
5.18, 1994127
5.19, 1994127
5.2, 1994127
5.21, 1994127
5.22, 1994127
5.23, 1994127
5.24, 1994127
5.25, 1994127
5.26, 1994127
5.27, 1994127
5.28, 1994127
5.29, 1994127
5.3, 1994127
5.31, 1994127
5.32, 1994127
5.33, 1994127
5.34, 1994127
5.35, 1994127
5.36, 1994127
5.37, 1994127
5.38, 1994127
5.39, 1994127
5.4, 1994127
5.41, 1994127
5.42, 1994127
5.43, 1994127
5.44, 1994127
5.45, 1994127
5.46, 1994127
5.47, 1994127
5.48, 1994127
5.49, 1994127
5.5, 1994127
5.51, 1994127
5.52, 1994127
5.53, 1994127
5.54, 1994127
5.55, 1994127
5.56, 1994127
5.57, 1994127
5.58, 1994127
5.59, 1994127
5.6, 1994127
5.61, 1994127
5.62, 1994127
5.63, 1994127
5.64, 1994127
5.65, 1994127
5.66, 1994127
5.67, 1994127
5.68, 1994127
5.69, 1994127
5.7, 1994127
5.71, 1994127
5.72, 1994127
5.73, 1994127
5.74, 1994127
5.75, 1994127
5.76, 1994127
5.77, 1994127
5.78, 1994127
5.79, 1994127
5.8, 1994127
5.81, 1994127
5.82, 1994127
5.83, 1994127
5.84, 1994127
5.85, 1994127
5.86, 1994127
5.87, 1994127
5.88, 1994127
5.89, 1994127
5.9, 1994127
5.91, 1994127
5.92, 1994127
5.93, 1994127
5.94, 1994127
5.95, 1994127
5.96, 1994127
5.97, 1994127
5.98, 1994127
5.99, 1994127
6.0, 1994127
6.01, 1994127
6.02, 1994127
6.03, 1994127
6.04, 1994127
6.05, 1994127
6.06, 1994127
6.07, 1994127
6.08, 1994127
6.09, 1994127
6.1, 1994127
6.11, 1994127
6.12, 1994127
6.13, 1994127
6.14, 1994127
6.15, 1994127
6.16, 1994127
6.17, 1994127
6.18, 1994127
6.19, 1994127
6.2, 1994127
6.21, 1994127
6.22, 1994127
6.23, 1994127
6.24, 1994127
6.25, 1994127
6.26, 1994127
6.27, 1994127
6.28, 1994127
6.29, 1994127
6.3, 1994127
6.31, 1994127
6.32, 1994127
6.33, 1994127
6.34, 1994127
6.35, 1994127
6.36, 1994127
6.37, 1994127
6.38, 1994127
6.39, 1994127
6.4, 1994127
6.41, 1994127
6.42, 1994127
6.43, 1994127
6.44, 1994127
6.45, 1994127
6.46, 1994127
6.47, 1994127
6.48, 1994127
6.49, 1994127
6.5, 1994127
6.51, 1994127
6.52, 1994127
6.53, 1994127
6.54, 1994127
6.55, 1994127
6.56, 1994127
6.57, 1994127
6.58, 1994127
6.59, 1994127
6.6, 1994127
6.61, 1994127
6.62, 1994127
6.63, 1994127
6.64, 1994127
6.65, 1994127
6.66, 1994127
6.67, 1994127
6.68, 1994127
6.69, 1994127
6.7, 1994127
6.71, 1994127
6.72, 1994127
6.73, 1994127
6.74, 1994127
6.75, 1994127
6.76, 1994127
6.77, 1994127
6.78, 1994127
6.79, 1994127
6.8, 1994127
6.81, 1994127
6.82, 1994127
6.83, 1994127
6.84, 1994127
6.85, 1994127
6.86, 1994127
6.87, 1994127
6.88, 1994127
6.89, 1994127
6.9, 1994127
6.91, 1994127
6.92, 1994127
6.93, 1994127
6.94, 1994127
6.95, 1994127
6.96, 1994127
6.97, 1994127
6.98, 1994127
6.99, 1994127
7.0, 1994127
7.01, 1994127
7.02, 1994127
7.03, 1994127
7.04, 1994127
7.05, 1994127
7.06, 1994127
7.07, 1994127
7.08, 1994127
7.09, 1994127
7.1, 1994127
7.11, 1994127
7.12, 1994127
7.13, 1994127
7.14, 1994127
7.15, 1994127
7.16, 1994127
7.17, 1994127
7.18, 1994127
7.19, 1994127
7.2, 1994127
7.21, 1994127
7.22, 1994127
7.23, 1994127
7.24, 1994127
7.25, 1994127
7.26, 1994127
7.27, 1994127
7.28, 1994127
7.29, 1994127
7.3, 1994127
7.31, 1994127
7.32, 1994127
7.33, 1994127
7.34, 1994127
7.35, 1994127
7.36, 1994127
7.37, 1994127
7.38, 1994127
7.39, 1994127
7.4, 1994127
7.41, 1994127
7.42, 1994127
7.43, 1994127
7.44, 1994127
7.45, 1994127
7.46, 1994127
7.47, 1994127
7.48, 1994127
7.49, 1994127
7.5, 1994127
7.51, 1994127
7.52, 1994127
7.53, 1994127
7.54, 1994127
7.55, 1994127
7.56, 1994127
7.57, 1994127
7.58, 1994127
7.59, 1994127
7.6, 1994127
7.61, 1994127
7.62, 1994127
7.63, 1994127
7.64, 1994127
7.65, 1994127
7.66, 1994127
7.67, 1994127
7.68, 1994127
7.69, 1994127
7.7, 1994127
7.71, 1994127
7.72, 1994127
7.73, 1994127
7.74, 1994127
7.75, 1994127
7.76, 1994127
7.77, 1994127
7.78, 1994127
7.79, 1994127
7.8, 1994127
7.81, 1994127
7.82, 1994127
7.83, 1994127
7.84, 1994127
7.85, 1994127
7.86, 1994127
7.87, 1994127
7.88, 1994127
7.89, 1994127
7.9, 1994127
7.91, 1994127
7.92, 1994127
7.93, 1994127
7.94, 1994127
7.95, 1994127
7.96, 1994127
7.97, 1994127
7.98, 1994127
7.99, 1994127
8.0, 1994127
8.01, 1994127
8.02, 1994127
8.03, 1994127
8.04, 1994127
8.05, 1994127
8.06, 1994127
8.07, 1994127
8.08, 1994127
8.09, 1994127
8.1, 1994127
8.11, 1994127
8.12, 1994127
8.13, 1994127
8.14, 1994127
8.15, 1994127
8.16, 1994127
8.17, 1994127
8.18, 1994127
8.19, 1994127
8.2, 1994127
8.21, 1994127
8.22, 1994127
8.23, 1994127
8.24, 1994127
8.25, 1994127
8.26, 1994127
8.27, 1994127
8.28, 1994127
8.29, 1994127
8.3, 1994127
8.31, 1994127
8.32, 1994127
8.33, 1994127
8.34, 1994127
8.35, 1994127
8.36, 1994127
8.37, 1994127
8.38, 1994127
8.39, 1994127
8.4, 1994127
8.41, 1994127
8.42, 1994127
8.43, 1994127
8.44, 1994127
8.45, 1994127
8.46, 1994127
8.47, 1994127
8.48, 1994127
8.49, 1994127
8.5, 1994127
8.51, 1994127
8.52, 1994127
8.53, 1994127
8.54, 1994127
8.55, 1994127
8.56, 1994127
8.57, 1994127
8.58, 1994127
8.59, 1994127
8.6, 1994127
8.61, 1994127
8.62, 1994127
8.63, 1994127
8.64, 1994127
8.65, 1994127
8.66, 1994127
8.67, 1994127
8.68, 1994127
8.69, 1994127
8.7, 1994127
8.71, 1994127
8.72, 1994127
8.73, 1994127
8.74, 1994127
8.75, 1994127
8.76, 1994127
8.77, 1994127
8.78, 1994127
8.79, 1994127
8.8, 1994127
8.81, 1994127
8.82, 1994127
8.83, 1994127
8.84, 1994127
8.85, 1994127
8.86, 1994127
8.87, 1994127
8.88, 1994127
8.89, 1994127
8.9, 1994127
8.91, 1994127
8.92, 1994127
8.93, 1994127
8.94, 1994127
8.95, 1994127
8.96, 1994127
8.97, 1994127
8.98, 1994127
8.99, 1994127
9.0, 1994127
9.01, 1994127
9.02, 1994127
9.03, 1994127
9.04, 1994127
9.05, 1994127
9.06, 1994127
9.07, 1994127
9.08, 1994127
9.09, 1994127
9.1, 1994127
9.11, 1994127
9.12, 1994127
9.13, 1994127
9.14, 1994127
9.15, 1994127
9.16, 1994127
9.17, 1994127
9.18, 1994127
9.19, 1994127
9.2, 1994127
9.21, 1994127
9.22, 1994127
9.23, 1994127
9.24, 1994127
9.25, 1994127
9.26, 1994127
9.27, 1994127
9.28, 1994127
9.29, 1994127
9.3, 1994127
9.31, 1994127
9.32, 1994127
9.33, 1994127
9.34, 1994127
9.35, 1994127
9.36, 1994127
9.37, 1994127
9.38, 1994127
9.39, 1994127
9.4, 1994127
9.41, 1994127
9.42, 1994127
9.43, 1994127
9.44, 1994127
9.45, 1994127
9.46, 1994127
9.47, 1994127
9.48, 1994127
9.49, 1994127
9.5, 1994127
9.51, 1994127
9.52, 1994127
9.53, 1994127
9.54, 1994127
9.55, 1994127
9.56, 1994127
9.57, 1994127
9.58, 1994127
9.59, 1994127
9.6, 1994127
9.61, 1994127
9.62, 1994127
9.63, 1994127
9.64, 1994127
9.65, 1994127
9.66, 1994127
9.67, 1994127
9.68, 1994127
9.69, 1994127
9.7, 1994127
9.71, 1994127
9.72, 1994127
9.73, 1994127
9.74, 1994127
9.75, 1994127
9.76, 1994127
9.77, 1994127
9.78, 1994127
9.79, 1994127
9.8, 1994127
9.81, 1994127
9.82, 1994127
9.83, 1994127
9.84, 1994127
9.85, 1994127
9.86, 1994127
9.87, 1994127
9.88, 1994127
9.89, 1994127
9.9, 1994127
9.91, 1994127
9.92, 1994127
9.93, 1994127
9.94, 1994127
9.95, 1994127
9.96, 1994127
9.97, 1994127
9.98, 1994127
9.99, 1994127
10.0, 1994127
10.01, 1994127
10.02, 1994127
10.03, 1994127
10.04, 1994127
10.05, 1994127
10.06, 1994127
10.07, 1994127
10.08, 1994127
10.09, 1994127
10.1, 1994127
10.11, 1994127
10.12, 1994127
10.13, 1994127
10.14, 1994127
10.15, 1994127
10.16, 1994127
10.17, 1994127
10.18, 1994127
10.19, 1994127
10.2, 1994127
10.21, 1994127
10.22, 1994127
10.23, 1994127
10.24, 1994127
10.25, 1994127
10.26, 1994127
10.27, 1994127
10.28, 1994127
10.29, 1994127
10.3, 1994127
10.31, 1994127
10.32, 1994127
10.33, 1994127
10.34, 1994127
10.35, 1994127
10.36, 1994127
10.37, 1994127
10.38, 1994127
10.39, 1994127
10.4, 1994127
10.41, 1994127
10.42, 1994127
10.43, 1994127
10.44, 1994127
10.45, 1994127
10.46, 1994127
10.47, 1994127
10.48, 1994127
10.49, 1994127
10.5, 1994127
10.51, 1994127
10.52, 1994127
10.53, 1994127
10.54, 1994127
10.55, 1994127
10.56, 1994127
10.57, 1994127
10.58, 1994127
10.59, 1994127
10.6, 1994127
10.61, 1994127
10.62, 1994127
10.63, 1994127
10.64, 1994127
10.65, 1994127
10.66, 1994127
10.67, 1994127
10.68, 1994127
10.69, 1994127
10.7, 1994127
10.71, 1994127
10.72, 1994127
10.73, 1994127
10.74, 1994127
10.75, 1994127
10.76, 1994127
10.77, 1994127
10.78, 1994127
10.79, 1994127
10.8, 1994127
10.81, 1994127
10.82, 1994127
10.83, 1994127
10.84, 1994127
10.85, 1994127
10.86, 1994127
10.87, 1994127
10.88, 1994127
10.89, 1994127
10.9, 1994127
10.91, 1994127
10.92, 1994127
10.93, 1994127
10.94, 1994127
10.95, 1994127
10.96, 1994127
10.97, 1994127
10.98, 1994127
10.99, 1994127
11.0, 1994127
11.01, 1994127
11.02, 1994127
11.03, 1994127
11.04, 1994127
11.05, 1994127
11.06, 1994127
11.07, 1994127
11.08, 1994127
11.09, 1994127
11.1, 1994127
11.11, 1994127
11.12, 1994127
11.13, 1994127
11.14, 1994127
11.15, 1994127
11.16, 1994127
11.17, 1994127
11.18, 1994127
11.19, 1994127
11.2, 1994127
11.21, 1994127
11.22, 1994127
11.23, 1994127
11.24, 1994127
11.25, 1994127
11.26, 1994127
11.27, 1994127
11.28, 1994127
11.29, 1994127
11.3, 1994127
11.31, 1994127
11.32, 1994127
11.33, 1994127
11.34, 1994127
11.35, 1994127
11.36, 1994127
11.37, 1994127
11.38, 1994127
11.39, 1994127
11.4, 1994127
11.41, 1994127
11.42, 1994127
11.43, 1994127
11.44, 1994127
11.45, 1994127
11.46, 1994127
11.47, 1994127
11.48, 1994127
11.49, 1994127
11.5, 1994127
11.51, 1994127
11.52, 1994127
11.53, 1994127
11.54, 1994127
11.55, 1994127
11.56, 1994127
11.57, 1994127
11.58, 1994127
11.59, 1994127
11.6, 1994127
11.61, 1994127
11.62, 1994127
11.63, 1994127
11.64, 1994127
11.65, 1994127
11.66, 1994127
11.67, 1994127
11.68, 1994127
11.69, 1994127
11.7, 1994127
11.71, 1994127
11.72, 1994127
11.73, 1994127
11.74, 1994127
11.75, 1994127
11.76, 1994127
11.77, 1994127
11.78, 1994127
11.79, 1994127
11.8, 1994127
11.81, 1994127
11.82, 1994127
11.83, 1994127
11.84, 1994127
11.85, 1994127
11.86, 1994127
11.87, 1994127
11.88, 1994127
11.89, 1994127
11.9, 1994127
11.91, 1994127
11.92, 1994127
11.93, 1994127
11.94, 1994127
11.95, 1994127
11.96, 1994127
11.97, 1994127
11.98, 1994127
11.99, 1994127
12.0, 1994127
12.01, 1994127
12.02, 1994127
12.03, 1994127
12.04, 1994127
12.05, 1994127
12.06, 1994127
12.07, 1994127
12.08, 1994127
12.09, 1994127
12.1, 1994127
12.11, 1994127
12.12, 1994127
12.13, 1994127
12.14, 1994127
12.15, 1994127
12.16, 1994127
12.17, 1994127
12.18, 1994127
12.19, 1994127
12.2, 1994127
12.21, 1994127
12.22, 1994127
12.23, 1994127
12.24, 1994127
12.25, 1994127
12.26, 1994127
12.27, 1994127
12.28, 1994127
12.29, 1994127
12.3, 1994127
12.31, 1994127
12.32, 1994127
12.33, 1994127
12.34, 1994127
12.35, 1994127
12.36, 1994127
12.37, 1994127
12.38, 1994127
12.39, 1994127
12.4, 1994127
12.41, 1994127
12.42, 1994127
12.43, 1994127
12.44, 1994127
12.45, 1994127
12.46, 1994127
12.47, 1994127
12.48, 1994127
12.49, 1994127
12.5, 1994127
12.51, 1994127
12.52, 1994127
12.53, 1994127
12.54, 1994127
12.55, 1994127
12.56, 1994127
12.57, 1994127
12.58, 1994127
12.59, 1994127
12.6, 1994127
12.61, 1994127
12.62, 1994127
12.63, 1994127
12.64, 1994127
12.65, 1994127
12.66, 1994127
12.67, 1994127
12.68, 1994127
12.69, 1994127
12.7, 1994127
12.71, 1994127
12.72, 1994127
12.73, 1994127
12.74, 1994127
12.75, 1994127
12.76, 1994127
12.77, 1994127
12.78, 1994127
12.79, 1994127
12.8, 1994127
12.81, 1994127
12.82, 1994127
12.83, 1994127
12.84, 1994127
12.85, 1994127
12.86, 1994127
12.87, 1994127
12.88, 1994127
12.89, 1994127
12.9, 1994127
12.91, 1994127
12.92, 1994127
12.93, 1994127
12.94, 1994127
12.95, 1994127
12.96, 1994127
12.97, 1994127
12.98, 1994127
12.99, 1994127
13.0, 1994127
13.01, 1994127
13.02, 1994127
13.03, 1994127
13.04, 1994127
13.05, 1994127
13.06, 1994127
13.07, 1994127
13.08, 1994127
13.09, 1994127
13.1, 1994127
13.11, 1994127
13.12, 1994127
13.13, 1994127
13.14, 1994127
13.15, 1994127
13.16, 1994127
13.17, 1994127
13.18, 1994127
13.19, 1994127
13.2, 1994127
13.21, 1994127
13.22, 1994127
13.23, 1994127
13.24, 1994127
13.25, 1994127
13.26, 1994127
13.27, 1994127
13.28, 1994127
13.29, 1994127
13.3, 1994127
13.31, 1994127
13.32, 1994127
13.33, 1994127
13.34, 1994127
13.35, 1994127
13.36, 1994127
13.37, 1994127
13.38, 1994127
13.39, 1994127
13.4, 1994127
13.41, 1994127
13.42, 1994127
13.43, 1994127
13.44, 1994127
13.45, 1994127
13.46, 1994127
13.47, 1994127
13.48, 1994127
13.49, 1994127
13.5, 1994127
13.51, 1994127
13.52, 1994127
13.53, 1994127
13.54, 1994127
13.55, 1994127
13.56, 1994127
13.57, 1994127
13.58, 1994127
13.59, 1994127
13.6, 1994127
13.61, 1994127
13.62, 1994127
13.63, 1994127
13.64, 1994127
13.65, 1994127
13.66, 1994127
13.67, 1994127
13.68, 1994127
13.69, 1994127
13.7, 1994127
13.71, 1994127
13.72, 1994127
13.73, 1994127
13.74, 1994127
13.75, 1994127
13.76, 1994127
13.77, 1994127
13.78, 1994127
13.79, 1994127
13.8, 1994127
13.81, 1994127
13.82, 1994127
13.83, 1994127
13.84, 1994127
13.85, 1994127
13.86, 1994127
13.87, 1994127
13.88, 1994127
13.89, 1994127
13.9, 1994127
13.91, 1994127
13.92, 1994127
13.93, 1994127
13.94, 1994127
13.95, 1994127
13.96, 1994127
13.97, 1994127
13.98, 1994127
13.99, 1994127
14.0, 1994127
14.01, 1994127
14.02, 1994127
14.03, 1994127
14.04, 1994127
14.05, 1994127
14.06, 1994127
14.07, 1994127
14.08, 1994127
14.09, 1994127
14.1, 1994127
14.11, 1994127
14.12, 1994127
14.13, 1994127
14.14, 1994127
14.15, 1994127
14.16, 1994127
14.17, 1994127
14.18, 1994127
14.19, 1994127
14.2, 1994127
14.21, 1994127
14.22, 1994127
14.23, 1994127
14.24, 1994127
14.25, 1994127
14.26, 1994127
14.27, 1994127
14.28, 1994127
14.29, 1994127
14.3, 1994127
14.31, 1994127
14.32, 1994127
14.33, 1994127
14.34, 1994127
14.35, 1994127
14.36, 1994127
14.37, 1994127
14.38, 1994127
14.39, 1994127
14.4, 1994127
14.41, 1994127
14.42, 1994127
14.43, 1994127
14.44, 1994127
14.45, 1994127
14.46, 1994127
14.47, 1994127
14.48, 1994127
14.49, 1994127
14.5, 1994127
14.51, 1994127
14.52, 1994127
14.53, 1994127
14.54, 1994127
14.55, 1994127
14.56, 1994127
14.57, 1994127
14.58, 1994127
14.59, 1994127
14.6, 1994127
14.61, 1994127
14.62, 1994127
14.63, 1994127
14.64, 1994127
14.65, 1994127
14.66, 1994127
14.67, 1994127
14.68, 1994127
14.69, 1994127
14.7, 1994127
14.71, 1994127
14.72, 1994127
14.73, 1994127
14.74, 1994127
14.75, 1994127
14.76, 1994127
14.77, 1994127
14.78, 1994127
14.79, 1994127
14.8, 1994127
14.81, 1994127
14.82, 1994127
14.83, 1994127
14.84, 1994127
14.85, 1994127
14.86, 1994127
14.87, 1994127
14.88, 1994127
14.89, 1994127
14.9, 1994127
14.91, 1994127
14.92, 1994127
14.93, 1994127
14.94, 1994127
14.95, 1994127
14.96, 1994127
14.97, 1994127
14.98, 1994127
14.99, 1994127
15.0, 1994127
15.01, 1994127
15.02, 1994127
15.03, 1994127
15.04, 1994127
15.05, 1994127
15.06, 1994127
15.07, 1994127
15.08, 1994127
15.09, 1994127
15.1, 1994127
15.11, 1994127
15.12, 1994127
15.13, 1994127
15.14, 1994127
15.15, 1994127
15.16, 1994127
15.17, 1994127
15.18, 1994127
15.19, 1994127
15.2, 1994127
15.21, 1994127
15.22, 1994127
15.23, 1994127
15.24, 1994127
15.25, 1994127
15.26, 1994127
15.27, 1994127
15.28, 1994127
15.29, 1994127
15.3, 1994127
15.31, 1994127
15.32, 1994127
15.33, 1994127
15.34, 1994127
15.35, 1994127
15.36, 1994127
15.37, 1994127
15.38, 1994127
15.39, 1994127
15.4, 1994127
15.41, 1994127
15.42, 1994127
15.43, 1994127
15.44, 1994127
15.45, 1994127
15.46, 1994127
15.47, 1994127
15.48, 1994127
15.49, 1994127
15.5, 1994127
15.51, 1994127
15.52, 1994127
15.53, 1994127
15.54, 1994127
15.55, 1994127
15.56, 1994127
15.57, 1994127
15.58, 1994127
15.59, 1994127
15.6, 1994127
15.61, 1994127
15.62, 1994127
15.63, 1994127
15.64, 1994127
15.65, 1994127
15.66, 1994127
15.67, 1994127
15.68, 1994127
15.69, 1994127
15.7, 1994127
15.71, 1994127
15.72, 1994127
15.73, 1994127
15.74, 1994127
15.75, 1994127
15.76, 1994127
15.77, 1994127
15.78, 1994127
15.79, 1994127
15.8, 1994127
15.81, 1994127
15.82, 1994127
15.83, 1994127
15.84, 1994127
15.85, 1994127
15.86, 1994127
15.87, 1994127
15.88, 1994127
15.89, 1994127
15.9, 1994127
15.91, 1994127
15.92, 1994127
15.93, 1994127
15.94, 1994127
15.95, 1994127
15.96, 1994127
15.97, 1994127
15.98, 1994127
15.99, 1994127
16.0, 1994127
16.01, 1994127
16.02, 1994127
16.03, 1994127
16.04, 1994127
16.05, 1994127
16.06, 1994127
16.07, 1994127
16.08, 1994127
16.09, 1994127
16.1, 1994127
16.11, 1994127
16.12, 1994127
16.13, 1994127
16.14, 1994127
16.15, 1994127
16.16, 1994127
16.17, 1994127
16.18, 1994127
16.19, 1994127
16.2, 1994127
16.21, 1994127
16.22, 1994127
16.23, 1994127
16.24, 1994127
16.25, 1994127
16.26, 1994127
16.27, 1994127
16.28, 1994127
16.29, 1994127
16.3, 1994127
16.31, 1994127
16.32, 1994127
16.33, 1994127
16.34, 1994127
16.35, 1994127
16.36, 1994127
16.37, 1994127
16.38, 1994127
16.39, 1994127
16.4, 1994127
16.41, 1994127
16.42, 1994127
16.43, 1994127
16.44, 1994127
16.45, 1994127
16.46, 1994127
16.47, 1994127
16.48, 1994127
16.49, 1994127
16.5, 1994127
16.51, 1994127
16.52, 1994127
16.53, 1994127
16.54, 1994127
16.55, 1994127
16.56, 1994127
16.57, 1994127
16.58, 1994127
16.59, 1994127
16.6, 1994127
16.61, 1994127
16.62, 1994127
16.63, 1994127
16.64, 1994127
16.65, 1994127
16.66, 1994127
16.67, 1994127
16.68, 1994127
16.69, 1994127
16.7, 1994127
16.71, 1994127
16.72, 1994127
16.73, 1994127
16.74, 1994127
16.75, 1994127
16.76, 1994127
16.77, 1994127
16.78, 1994127
16.79, 1994127
16.8, 1994127
16.81, 1994127
16.82, 1994127
16.83, 1994127
16.84, 1994127
16.85, 1994127
16.86, 1994127
16.87, 1994127
16.88, 1994127
16.89, 1994127
16.9, 1994127
16.91, 1994127
16.92, 1994127
16.93, 1994127
16.94, 1994127
16.95, 1994127
16.96, 1994127
16.97, 1994127
16.98, 1994127
16.99, 1994127
17.0, 1994127
17.01, 1994127
17.02, 1994127
17.03, 1994127
17.04, 1994127
17.05, 1994127
17.06, 1994127
17.07, 1994127
17.08, 1994127
17.09, 1994127
17.1, 1994127
17.11, 1994127
17.12, 1994127
17.13, 1994127
17.14, 1994127
17.15, 1994127
17.16, 1994127
17.17, 1994127
17.18, 1994127
17.19, 1994127
17.2, 1994127
17.21, 1994127
17.22, 1994127
17.23, 1994127
17.24, 1994127
17.25, 1994127
17.26, 1994127
17.27, 1994127
17.28, 1994127
17.29, 1994127
17.3, 1994127
17.31, 1994127
17.32, 1994127
17.33, 1994127
17.34, 1994127
17.35, 1994127
17.36, 1994127
17.37, 1994127
17.38, 1994127
17.39, 1994127
17.4, 1994127
17.41, 1994127
17.42, 1994127
17.43, 1994127
17.44, 1994127
17.45, 1994127
17.46, 1994127
17.47, 1994127
17.48, 1994127
17.49, 1994127
17.5, 1994127
17.51, 1994127
17.52, 1994127
17.53, 1994127
17.54, 1994127
17.55, 1994127
17.56, 1994127
17.57, 1994127
17.58, 1994127
17.59, 1994127
17.6, 1994127
17.61, 1994127
17.62, 1994127
17.63, 1994127
17.64, 1994127
17.65, 1994127
17.66, 1994127
17.67, 1994127
17.68, 1994127
17.69, 1994127
17.7, 1994127
17.71, 1994127
17.72, 1994127
17.73, 1994127
17.74, 1994127
17.75, 1994127
17.76, 1994127
17.77, 1994127
17.78, 1994127
17.79, 1994127
17.8, 1994127
17.81, 1994127
17.82, 1994127
17.83, 1994127
17.84, 1994127
17.85, 1994127
17.86, 1994127
17.87, 1994127
17.88, 1994127
17.89, 1994127
17.9, 1994127
17.91, 1994127
17.92, 1994127
17.93, 1994127
17.94, 1994127
17.95, 1994127
17.96, 1994127
17.97, 1994127
17.98, 1994127
17.99, 1994127
18.0, 1994127
18.01, 1994127
18.02, 1994127
18.03, 1994127
18.04, 1994127
18.05, 1994127
18.06, 1994127
18.07, 1994127
18.08, 1994127
18.09, 1994127
18.1, 1994127
18.11, 1994127
18.12, 1994127
18.13, 1994127
18.14, 1994127
18.15, 1994127
18.16, 1994127
18.17, 1994127
18.18, 1994127
18.19, 1994127
18.2, 1994127
18.21, 1994127
18.22, 1994127
18.23, 1994127
18.24, 1994127
18.25, 1994127
18.26, 1994127
18.27, 1994127
18.28, 1994127
18.29, 1994127
18.3, 1994127
18.31, 1994127
18.32, 1994127
18.33, 1994127
18.34, 1994127
18.35, 1994127
18.36, 1994127
18.37, 1994127
18.38, 1994127
18.39, 1994127
18.4, 1994127
18.41, 1994127
18.42, 1994127
18.43, 1994127
18.44, 1994127
18.45, 1994127
18.46, 1994127
18.47, 1994127
18.48, 1994127
18.49, 1994127
18.5, 1994127
18.51, 1994127
18.52, 1994127
18.53, 1994127
18.54, 1994127
18.55, 1994127
18.56, 1994127
18.57, 1994127
18.58, 1994127
18.59, 1994127
18.6, 1994127
18.61, 1994127
18.62, 1994127
18.63, 1994127
18.64, 1994127
18.65, 1994127
18.66, 1994127
18.67, 1994127
18.68, 1994127
18.69, 1994127
18.7, 1994127
18.71, 1994127
18.72, 1994127
18.73, 1994127
18.74, 1994127
18.75, 1994127
18.76, 1994127
18.77, 1994127
18.78, 1994127
18.79, 1994127
18.8, 1994127
18.81, 1994127
18.82, 1994127
18.83, 1994127
18.84, 1994127
18.85, 1994127
18.86, 1994127
18.87, 1994127
18.88, 1994127
18.89, 1994127
18.9, 1994127
18.91, 1994127
18.92, 1994127
18.93, 1994127
18.94, 1994127
18.95, 1994127
18.96, 1994127
18.97, 1994127
18.98, 1994127
18.99, 1994127
19.0, 1994127
19.01, 1994127
19.02, 1994127
19.03, 1994127
19.04, 1994127
19.05, 1994127
19.06, 1994127
19.07, 1994127
19.08, 1994127
19.09, 1994127
19.1, 1994127
19.11, 1994127
19.12, 1994127
19.13, 1994127
19.14, 1994127
19.15, 1994127
19.16, 1994127
19.17, 1994127
19.18, 1994127
19.19, 1994127
19.2, 1994127
19.21, 1994127
19.22, 1994127
19.23, 1994127
19.24, 1994127
19.25, 1994127
19.26, 1994127
19.27, 1994127
19.28, 1994127
19.29, 1994127
19.3, 1994127
19.31, 1994127
19.32, 1994127
19.33, 1994127
19.34, 1994127
19.35, 1994127
19.36, 1994127
19.37, 1994127
19.38, 1994127
19.39, 1994127
19.4, 1994127
19.41, 1994127
19.42, 1994127
19.43, 1994127
19.44, 1994127
19.45, 1994127
19.46, 1994127
19.47, 1994127
19.48, 1994127
19.49, 1994127
19.5, 1994127
19.51, 1994127
19.52, 1994127
19.53, 1994127
19.54, 1994127
19.55, 1994127
19.56, 1994127
19.57, 1994127
19.58, 1994127
19.59, 1994127
19.6, 1994127
19.61, 1994127
19.62, 1994127
19.63, 1994127
19.64, 1994127
19.65, 1994127
19.66, 1994127
19.67, 1994127
19.68, 1994127
19.69, 1994127
19.7, 1994127
19.71, 1994127
19.72, 1994127
19.73, 1994127
19.74, 1994127
19.75, 1994127
19.76, 1994127
19.77, 1994127
19.78, 1994127
19.79, 1994127
19.8, 1994127
19.81, 1994127
19.82, 1994127
19.83, 1994127
19.84, 1994127
19.85, 1994127
19.86, 1994127
19.87, 1994127
19.88, 1994127
19.89, 1994127
19.9, 1994127
19.91, 1994127
19.92, 1994127
19.93, 1994127
19.94, 1994127
19.95, 1994127
19.96, 1994127
19.97, 1994127
19.98, 1994127
19.99, 1994127
20.0, 1994127
20.01, 1994127
20.02, 1994127
20.03, 1994127
20.04, 1994127
20.05, 1994127
20.06, 1994127
20.07, 1994127
20.08, 1994127
20.09, 1994127
20.1, 1994127
20.11, 1994127
20.12, 1994127
20.13, 1994127
20.14, 1994127
20.15, 1994127
20.16, 1994127
20.17, 1994127
20.18, 1994127
20.19, 1994127
20.2, 1994127
20.21, 1994127
20.22, 1994127
20.23, 1994127
20.24, 1994127
20.25, 1994127
20.26, 1994127
20.27, 1994127
20.28, 1994127
20.29, 1994127
20.3, 1994127
20.31, 1994127
20.32, 1994127
20.33, 1994127
20.34, 1994127
20.35, 1994127
20.36, 1994127
20.37, 1994127
20.38, 1994127
20.39, 1994127
20.4, 1994127
20.41, 1994127
20.42, 1994127
20.43, 1994127
20.44, 1994127
20.45, 1994127
20.46, 1994127
20.47, 1994127
20.48, 1994127
20.49, 1994127
20.5, 1994127
20.51, 1994127
20.52, 1994127
20.53, 1994127
20.54, 1994127
20.55, 1994127
20.56, 1994127
20.57, 1994127
20.58, 1994127
20.59, 1994127
20.6, 1994127
20.61, 1994127
20.62, 1994127
20.63, 1994127
20.64, 1994127
20.65, 1994127
20.66, 1994127
20.67, 1994127
20.68, 1994127
20.69, 1994127
20.7, 1994127
20.71, 1994127
20.72, 1994127
20.73, 1994127
20.74, 1994127
20.75, 1994127
20.76, 1994127
20.77, 1994127
20.78, 1994127
20.79, 1994127
20.8, 1994127
20.81, 1994127
20.82, 1994127
20.83, 1994127
20.84, 1994127
20.85, 1994127
20.86, 1994127
20.87, 1994127
20.88, 1994127
20.89, 1994127
20.9, 1994127
20.91, 1994127
20.92, 1994127
20.93, 1994127
20.94, 1994127
20.95, 1994127
20.96, 1994127
20.97, 1994127
20.98, 1994127
20.99, 1994127
21.0, 1994127
21.01, 1994127
21.02, 1994127
21.03, 1994127
21.04, 1994127
21.05, 1994127
21.06, 1994127
21.07, 1994127
21.08, 1994127
21.09, 1994127
21.1, 1994127
21.11, 1994127
21.12, 1994127
21.13, 1994127
21.14, 1994127
21.15, 1994127
21.16, 1994127
21.17, 1994127
21.18, 1994127
21.19, 1994127
21.2, 1994127
21.21, 1994127
21.22, 1994127
21.23, 1994127
21.24, 1994127
21.25, 1994127
21.26, 1994127
21.27, 1994127
21.28, 1994127
21.29, 1994127
21.3, 1994127
21.31, 1994127
21.32, 1994127
21.33, 1994127
21.34, 1994127
21.35, 1994127
21.36, 1994127
21.37, 1994127
21.38, 1994127
21.39, 1994127
21.4, 1994127
21.41, 1994127
21.42, 1994127
21.43, 1994127
21.44, 1994127
21.45, 1994127
21.46, 1994127
21.47, 1994127
21.48, 1994127
21.49, 1994127
21.5, 1994127
21.51, 1994127
21.52, 1994127
21.53, 1994127
21.54, 1994127
21.55, 1994127
21.56, 1994127
21.57, 1994127
21.58, 1994127
21.59, 1994127
21.6, 1994127
21.61, 1994127
21.62, 1994127
21.63, 1994127
21.64, 1994127
21.65, 1994127
21.66, 1994127
21.67, 1994127
21.68, 1994127
21.69, 1994127
21.7, 1994127
21.71, 1994127
21.72, 1994127
21.73, 1994127
21.74, 1994127
21.75, 1994127
21.76, 1994127
21.77, 1994127
21.78, 1994127
21.79, 1994127
21.8, 1994127
21.81, 1994127
21.82, 1994127
21.83, 1994127
21.84, 1994127
21.85, 1994127
21.86, 1994127
21.87, 1994127
21.88, 1994127
21.89, 1994127
21.9, 1994127
21.91, 1994127
21.92, 1994127
21.93, 1994127
21.94, 1994127
21.95, 1994127
21.96, 1994127
21.97, 1994127
21.98, 1994127
21.99, 1994127
22.0, 1994127
22.01, 1994127
22.02, 1994127
22.03, 1994127
22.04, 1994127
22.05, 1994127
22.06, 1994127
22.07, 1994127
22.08, 1994127
22.09, 1994127
22.1, 1994127
22.11, 1994127
22.12, 1994127
22.13, 1994127
22.14, 1994127
22.15, 1994127
22.16, 1994127
22.17, 1994127
22.18, 1994127
22.19, 1994127
22.2, 1994127
22.21, 1994127
22.22, 1994127
22.23, 1994127
22.24, 1994127
22.25, 1994127
22.26, 1994127
22.27, 1994127
22.28, 1994127
22.29, 1994127
22.3, 1994127
22.31, 1994127
22.32, 1994127
22.33, 1994127
22.34, 1994127
22.35, 1994127
22.36, 1994127
22.37, 1994127
22.38, 1994127
22.39, 1994127
22.4, 1994127
22.41, 1994127
22.42, 1994127
22.43, 1994127
22.44, 1994127
22.45, 1994127
22.46, 1994127
22.47, 1994127
22.48, 1994127
22.49, 1994127
22.5, 1994127
22.51, 1994127
22.52, 1994127
22.53, 1994127
22.54, 1994127
22.55, 1994127
22.56, 1994127
22.57, 1994127
22.58, 1994127
22.59, 1994127
22.6, 1994127
22.61, 1994127
22.62, 1994127
22.63, 1994127
22.64, 1994127
22.65, 1994127
22.66, 1994127
22.67, 1994127
22.68, 1994127
22.69, 1994127
22.7, 1994127
22.71, 1994127
22.72, 1994127
22.73, 1994127
22.74, 1994127
22.75, 1994127
22.76, 1994127
22.77, 1994127
22.78, 1994127
22.79, 1994127
22.8, 1994127
22.81, 1994127
22.82, 1994127
22.83, 1994127
22.84, 1994127
22.85, 1994127
22.86, 1994127
22.87, 1994127
22.88, 1994127
22.89, 1994127
22.9, 1994127
22.91, 1994127
22.92, 1994127
22.93, 1994127
22.94, 1994127
22.95, 1994127
22.96, 1994127
22.97, 1994127
22.98, 1994127
22.99, 1994127
23.0, 1994127
23.01, 1994127
23.02, 1994127
23.03, 1994127
23.04, 1994127
23.05, 1994127
23.06, 1994127
23.07, 1994127
23.08, 1994127
23.09, 1994127
23.1, 1994127
23.11, 1994127
23.12, 1994127
23.13, 1994127
23.14, 1994127
23.15, 1994127
23.16, 1994127
23.17, 1994127
23.18, 1994127
23.19, 1994127
23.2, 1994127
23.21, 1994127
23.22, 1994127
23.23, 1994127
23.24, 1994127
23.25, 1994127
23.26, 1994127
23.27, 1994127
23.28, 1994127
23.29, 1994127
23.3, 1994127
23.31, 1994127
23.32, 1994127
23.33, 1994127
23.34, 1994127
23.35, 1994127
23.36, 1994127
23.37, 1994127
23.38, 1994127
23.39, 1994127
23.4, 1994127
23.41, 1994127
23.42, 1994127
23.43, 1994127
23.44, 1994127
23.45, 1994127
23.46, 1994127
23.47, 1994127
23.48, 1994127
23.49, 1994127
23.5, 1994127
23.51, 1994127
23.52, 1994127
23.53, 1994127
23.54, 1994127
23.55, 1994127
23.56, 1994127
23.57, 1994127
23.58, 1994127
23.59, 1994127
23.6, 1994127
23.61, 1994127
23.62, 1994127
23.63, 1994127
23.64, 1994127
23.65, 1994127
23.66, 1994127
23.67, 1994127
23.68, 1994127
23.69, 1994127
23.7, 1994127
23.71, 1994127
23.72, 1994127
23.73, 1994127
23.74, 1994127
23.75, 1994127
23.76, 1994127
23.77, 1994127
23.78, 1994127
23.79, 1994127
23.8, 1994127
23.81, 1994127
23.82, 1994127
23.83, 1994127
23.84, 1994127
23.85, 1994127
23.86, 1994127
23.87, 1994127
23.88, 1994127
23.89, 1994127
23.9, 1994127
23.91, 1994127
23.92, 1994127
23.93, 1994127
23.94, 1994127
23.95, 1994127
23.96, 1994127
23.97, 1994127
23.98, 1994127
23.99, 1994127
24.0, 1994127
24.01, 1994127
24.02, 1994127
24.03, 1994127
24.04, 1994127
24.05, 1994127
24.06, 1994127
24.07, 1994127
24.08, 1994127
24.09, 1994127
24.1, 1994127
24.11, 1994127
24.12, 1994127
24.13, 1994127
24.14, 1994127
24.15, 1994127
24.16, 1994127
24.17, 1994127
24.18, 1994127
24.19, 1994127
24.2, 1994127
24.21, 1994127
24.22, 1994127
24.23, 1994127
24.24, 1994127
24.25, 1994127
24.26, 1994127
24.27, 1994127
24.28, 1994127
24.29, 1994127
24.3, 1994127
24.31, 1994127
24.32, 1994127
24.33, 1994127
24.34, 1994127
24.35, 1994127
24.36, 1994127
24.37, 1994127
24.38, 1994127
24.39, 1994127
24.4, 1994127
24.41, 1994127
24.42, 1994127
24.43, 1994127
24.44, 1994127
24.45, 1994127
24.46, 1994127
24.47, 1994127
24.48, 1994127
24.49, 1994127
24.5, 1994127
24.51, 1994127
24.52, 1994127
24.53, 1994127
24.54, 1994127
24.55, 1994127
24.56, 1994127
24.57, 1994127
24.58, 1994127
24.59, 1994127
24.6, 1994127
24.61, 1994127
24.62, 1994127
24.63, 1994127
24.64, 1994127
24.65, 1994127
24.66, 1994127
24.67, 1994127
24.68, 1994127
24.69, 1994127
24.7, 1994127
24.71, 1994127
24.72, 1994127
24.73, 1994127
24.74, 1994127
24.75, 1994127
24.76, 1994127
24.77, 1994127
24.78, 1994127
24.79, 1994127
24.8, 1994127
24.81, 1994127
24.82, 1994127
24.83, 1994127
24.84, 1994127
24.85, 1994127
24.86, 1994127
24.87, 1994127
24.88, 1994127
24.89, 1994127
24.9, 1994127
24.91, 1994127
24.92, 1994127
24.93, 1994127
24.94, 1994127
24.95, 1994127
24.96, 1994127
24.97, 1994127
24.98, 1994127
24.99, 1994127
25.0, 1994127
25.01, 1994127
25.02, 1994127
25.03, 1994127
25.04, 1994127
25.05, 1994127
25.06, 1994127
25.07, 1994127
25.08, 1994127
25.09, 1994127
25.1, 1994127
25.11, 1994127
25.12, 1994127
25.13, 1994127
25.14, 1994127
25.15, 1994127
25.16, 1994127
25.17, 1994127
25.18, 1994127
25.19, 1994127
25.2, 1994127
25.21, 1994127
25.22, 1994127
25.23, 1994127
25.24, 1994127
25.25, 1994127
25.26, 1994127
25.27, 1994127
25.28, 1994127
25.29, 1994127
25.3, 1994127
25.31, 1994127
25.32, 1994127
25.33, 1994127
25.34, 1994127
25.35, 1994127
25.36, 1994127
25.37, 1994127
25.38, 1994127
25.39, 1994127
25.4, 1994127
25.41, 1994127
25.42, 1994127
25.43, 1994127
25.44, 1994127
25.45, 1994127
25.46, 1994127
25.47, 1994127
25.48, 1994127
25.49, 1994127
25.5, 1994127
25.51, 1994127
25.52, 1994127
25.53, 1994127
25.54, 1994127
25.55, 1994127
25.56, 1994127
25.57, 1994127
25.58, 1994127
25.59, 1994127
25.6, 1994127
25.61, 1994127
25.62, 1994127
25.63, 1994127
25.64, 1994127
25.65, 1994127
25.66, 1994127
25.67, 1994127
25.68, 1994127
25.69, 1994127
25.7, 1994127
25.71, 1994127
25.72, 1994127
25.73, 1994127
25.74, 1994127
25.75, 1994127
25.76, 1994127
25.77, 1994127
25.78, 1994127
25.79, 1994127
25.8, 1994127
25.81, 1994127
25.82, 1994127
25.83, 1994127
25.84, 1994127
25.85, 1994127
25.86, 1994127
25.87, 1994127
25.88, 1994127
25.89, 1994127
25.9, 1994127
25.91, 1994127
25.92, 1994127
25.93, 1994127
25.94, 1994127
25.95, 1994127
25.96, 1994127
25.97, 1994127
25.98, 1994127
25.99, 1994127
26.0, 1994127
26.01, 1994127
26.02, 1994127
26.03, 1994127
26.04, 1994127
26.05, 1994127
26.06, 1994127
26.07, 1994127
26.08, 1994127
26.09, 1994127
26.1, 1994127
26.11, 1994127
26.12, 1994127
26.13, 1994127
26.14, 1994127
26.15, 1994127
26.16, 1994127
26.17, 1994127
26.18, 1994127
26.19, 1994127
26.2, 1994127
26.21, 1994127
26.22, 1994127
26.23, 1994127
26.24, 1994127
26.25, 1994127
26.26, 1994127
26.27, 1994127
26.28, 1994127
26.29, 1994127
26.3, 1994127
26.31, 1994127
26.32, 1994127
26.33, 1994127
26.34, 1994127
26.35, 1994127
26.36, 1994127
26.37, 1994127
26.38, 1994127
26.39, 1994127
26.4, 1994127
26.41, 1994127
26.42, 1994127
26.43, 1994127
26.44, 1994127
26.45, 1994127
26.46, 1994127
26.47, 1994127
26.48, 1994127
26.49, 1994127
26.5, 1994127
26.51, 1994127
26.52, 1994127
26.53, 1994127
26.54, 1994127
26.55, 1994127
26.56, 1994127
26.57, 1994127
26.58, 1994127
26.59, 1994127
26.6, 1994127
26.61, 1994127
26.62, 1994127
26.63, 1994127
26.64, 1994127
26.65, 1994127
26.66, 1994127
26.67, 1994127
26.68, 1994127
26.69, 1994127
26.7, 1994127
26.71, 1994127
26.72, 1994127
26.73, 1994127
26.74, 1994127
26.75, 1994127
26.76, 1994127
26.77, 1994127
26.78, 1994127
26.79, 1994127
26.8, 1994127
26.81, 1994127
26.82, 1994127
26.83, 1994127
26.84, 1994127
26.85, 1994127
26.86, 1994127
26.87, 1994127
26.88, 1994127
26.89, 1994127
26.9, 1994127
26.91, 1994127
26.92, 1994127
26.93, 1994127
26.94, 1994127
26.95, 1994127
26.96, 1994127
26.97, 1994127
26.98, 1994127
26.99, 1994127
27.0, 1994127
27.01, 1994127
27.02, 1994127
27.03, 1994127
27.04, 1994127
27.05, 1994127
27.06, 1994127
27.07, 1994127
27.08, 1994127
27.09, 1994127
27.1, 1994127
27.11, 1994127
27.12, 1994127
27.13, 1994127
27.14, 1994127
27.15, 1994127
27.16, 1994127
27.17, 1994127
27.18, 1994127
27.19, 1994127
27.2, 1994127
27.21, 1994127
27.22, 1994127
27.23, 1994127
27.24, 1994127
27.25, 1994127
27.26, 1994127
27.27, 1994127
27.28, 1994127
27.29, 1994127
27.3, 1994127
27.31, 1994127
27.32, 1994127
27.33, 1994127
27.34, 1994127
27.35, 1994127
27.36, 1994127
27.37, 1994127
27.38, 1994127
27.39, 1994127
27.4, 1994127
27.41, 1994127
27.42, 1994127
27.43, 1994127
27.44, 1994127
27.45, 1994127
27.46, 1994127
27.47, 1994127
27.48, 1994127
27.49, 1994127
27.5, 1994127
27.51, 1994127
27.52, 1994127
27.53, 1994127
27.54, 1994127
27.55, 1994127
27.56, 1994127
27.57, 1994127
27.58, 1994127
27.59, 1994127
27.6, 1994127
27.61, 1994127
27.62, 1994127
27.63, 1994127
27.64, 1994127
27.65, 1994127
27.66, 1994127
27.67, 1994127
27.68, 1994127
27.69, 1994127
27.7, 1994127
27.71, 1994127
27.72, 1994127
27.73, 1994127
27.74, 1994127
27.75, 1994127
27.76, 1994127
27.77, 1994127
27.78, 1994127
27.79, 1994127
27.8, 1994127
27.81, 1994127
27.82, 1994127
27.83, 1994127
27.84, 1994127
27.85, 1994127
27.86, 1994127
27.87, 1994127
27.88, 1994127
27.89, 1994127
27.9, 1994127
27.91, 1994127
27.92, 1994127
27.93, 1994127
27.94, 1994127
27.95, 1994127
27.96, 1994127
27.97, 1994127
27.98, 1994127
27.99, 1994127
28.0, 1994127
28.01, 1994127
28.02, 1994127
28.03, 1994127
28.04, 1994127
28.05, 1994127
28.06, 1994127
28.07, 1994127
28.08, 1994127
28.09, 1994127
28.1, 1994127
28.11, 1994127
28.12, 1994127
28.13, 1994127
28.14, 1994127
28.15, 1994127
28.16, 1994127
28.17, 1994127
28.18, 1994127
28.19, 1994127
28.2, 1994127
28.21, 1994127
28.22, 1994127
28.23, 1994127
28.24, 1994127
28.25, 1994127
28.26, 1994127
28.27, 1994127
28.28, 1994127
28.29, 1994127
28.3, 1994127
28.31, 1994127
28.32, 1994127
28.33, 1994127
28.34, 1994127
28.35, 1994127
28.36, 1994127
28.37, 1994127
28.38, 1994127
28.39, 1994127
28.4, 1994127
28.41, 1994127
28.42, 1994127
28.43, 1994127
28.44, 1994127
28.45, 1994127
28.46, 1994127
28.47, 1994127
28.48, 1994127
28.49, 1994127
28.5, 1994127
28.51, 1994127
28.52, 1994127
28.53, 1994127
28.54, 1994127
28.55, 1994127
28.56, 1994127
28.57, 1994127
28.58, 1994127
28.59, 1994127
28.6, 1994127
28.61, 1994127
28.62, 1994127
28.63, 1994127
28.64, 1994127
28.65, 1994127
28.66, 1994127
28.67, 1994127
28.68, 1994127
28.69, 1994127
28.7, 1994127
28.71, 1994127
28.72, 1994127
28.73, 1994127
28.74, 1994127
28.75, 1994127
28.76, 1994127
28.77, 1994127
28.78, 1994127
28.79, 1994127
28.8, 1994127
28.81, 1994127
28.82, 1994127
28.83, 1994127
28.84, 1994127
28.85, 1994127
28.86, 1994127
28.87, 1994127
28.88, 1994127
28.89, 1994127
28.9, 1994127
28.91, 1994127
28.92, 1994127
28.93, 1994127
28.94, 1994127
28.95, 1994127
28.96, 1994127
28.97, 1994127
28.98, 1994127
28.99, 1994127
29.0, 1994127
29.01, 1994127
29.02, 1994127
29.03, 1994127
29.04, 1994127
29.05, 1994127
29.06, 1994127
29.07, 1994127
29.08, 1994127
29.09, 1994127
29.1, 1994127
29.11, 1994127
29.12, 1994127
29.13, 1994127
29.14, 1994127
29.15, 1994127
29.16, 1994127
29.17, 1994127
29.18, 1994127
29.19, 1994127
29.2, 1994127
29.21, 1994127
29.22, 1994127
29.23, 1994127
29.24, 1994127
29.25, 1994127
29.26, 1994127
29.27, 1994127
29.28, 1994127
29.29, 1994127
29.3, 1994127
29.31, 1994127
29.32, 1994127
29.33, 1994127
29.34, 1994127
29.35, 1994127
29.36, 1994127
29.37, 1994127
29.38, 1994127
29.39, 1994127
29.4, 1994127
29.41, 1994127
29.42, 1994127
29.43, 1994127
29.44, 1994127
29.45, 1994127
29.46, 1994127
29.47, 1994127
29.48, 1994127
29.49, 1994127
29.5, 1994127
29.51, 1994127
29.52, 1994127
29.53, 1994127
29.54, 1994127
29.55, 1994127
29.56, 1994127
29.57, 1994127
29.58, 1994127
29.59, 1994127
29.6, 1994127
29.61, 1994127
29.62, 1994127
29.63, 1994127
29.64, 1994127
29.65, 1994127
29.66, 1994127
29.67, 1994127
29.68, 1994127
29.69, 1994127
29.7, 1994127
29.71, 1994127
29.72, 1994127
29.73, 1994127
29.74, 1994127
29.75, 1994127
29.76, 1994127
29.77, 1994127
29.78, 1994127
29.79, 1994127
29.8, 1994127
29.81, 1994127
29.82, 1994127
29.83, 1994127
29.84, 1994127
29.85, 1994127
29.86, 1994127
29.87, 1994127
29.88, 1994127
29.89, 1994127
29.9, 1994127
29.91, 1994127
29.92, 1994127
29.93, 1994127
29.94, 1994127
29.95, 1994127
29.96, 1994127
29.97, 1994127
29.98, 1994127
29.99, 1994127
30.0, 1994127
30.01, 1994127
30.02, 1994127
30.03, 1994127
30.04, 1994127
30.05, 1994127
30.06, 1994127
30.07, 1994127
30.08, 1994127
30.09, 1994127
30.1, 1994127
30.11, 1994127
30.12, 1994127
30.13, 1994127
30.14, 1994127
30.15, 1994127
30.16, 1994127
30.17, 1994127
30.18, 1994127
30.19, 1994127
30.2, 1994127
30.21, 1994127
30.22, 1994127
30.23, 1994127
30.24, 1994127
30.25, 1994127
30.26, 1994127
30.27, 1994127
30.28, 1994127
30.29, 1994127
30.3, 1994127
30.31, 1994127
30.32, 1994127
30.33, 1994127
30.34, 1994127
30.35, 1994127
30.36, 1994127
30.37, 1994127
30.38, 1994127
30.39, 1994127
30.4, 1994127
30.41, 1994127
30.42, 1994127
30.43, 1994127
30.44, 1994127
30.45, 1994127
30.46, 1994127
30.47, 1994127
30.48, 1994127
30.49, 1994127
30.5, 1994127
30.51, 1994127
30.52, 1994127
30.53, 1994127
30.54, 1994127
30.55, 1994127
30.56, 1994127
30.57, 1994127
30.58, 1994127
30.59, 1994127
30.6, 1994127
30.61, 1994127
30.62, 1994127
30.63, 1994127
30.64, 1994127
30.65, 1994127
30.66, 1994127
30.67, 1994127
30.68, 1994127
30.69, 1994127
30.7, 1994127
30.71, 1994127
30.72, 1994127
30.73, 1994127
30.74, 1994127
30.75, 1994127
30.76, 1994127
30.77, 1994127
30.78, 1994127
30.79, 1994127
30.8, 1994127
30.81, 1994127
30.82, 1994127
30.83, 1994127
30.84, 1994127
30.85, 1994127
30.86, 1994127
30.87, 1994127
30.88, 1994127
30.89, 1994127
30.9, 1994127
30.91, 1994127
30.92, 1994127
30.93, 1994127
30.94, 1994127
30.95, 1994127
30.96, 1994127
30.97, 1994127
30.98, 1994127
30.99, 1994127
31.0, 1994127
31.01, 1994127
31.02, 1994127
31.03, 1994127
31.04, 1994127
31.05, 1994127
31.06, 1994127
31.07, 1994127
31.08, 1994127
31.09, 1994127
31.1, 1994127
31.11, 1994127
31.12, 1994127
31.13, 1994127
31.14, 1994127
31.15, 1994127
31.16, 1994127
31.17, 1994127
31.18, 1994127
31.19, 1994127
31.2, 1994127
31.21, 1994127
31.22, 1994127
31.23, 1994127
31.24, 1994127
31.25, 1994127
31.26, 1994127
31.27, 1994127
31.28, 1994127
31.29, 1994127
31.3, 1994127
31.31, 1994127
31.32, 1994127
31.33, 1994127
31.34, 1994127
31.35, 1994127
31.36, 1994127
31.37, 1994127
31.38, 1994127
31.39, 1994127
31.4, 1994127
31.41, 1994127
31.42, 1994127
31.43, 1994127
31.44, 1994127
31.45, 1994127
31.46, 1994127
31.47, 1994127
31.48, 1994127
31.49, 1994127
31.5, 1994127
31.51, 1994127
31.52, 1994127
31.53, 1994127
31.54, 1994127
31.55, 1994127
31.56, 1994127
31.57, 1994127
31.58, 1994127
31.59, 1994127
31.6, 1994127
31.61, 1994127
31.62, 1994127
31.63, 1994127
31.64, 1994127
31.65, 1994127
31.66, 1994127
31.67, 1994127
31.68, 1994127
31.69, 1994127
31.7, 1994127
31.71, 1994127
31.72, 1994127
31.73, 1994127
31.74, 1994127
31.75, 1994127
31.76, 1994127
31.77, 1994127
31.78, 1994127
31.79, 1994127
31.8, 1994127
31.81, 1994127
31.82, 1994127
31.83, 1994127
31.84, 1994127
31.85, 1994127
31.86, 1994127
31.87, 1994127
31.88, 1994127
31.89, 1994127
31.9, 1994127
31.91, 1994127
31.92, 1994127
31.93, 1994127
31.94, 1994127
31.95, 1994127
31.96, 1994127
31.97, 1994127
31.98, 1994127
31.99, 1994127
32.0, 1994127
32.01, 1994127
32.02, 1994127
32.03, 1994127
32.04, 1994127
32.05, 1994127
32.06, 1994127
32.07, 1994127
32.08, 1994127
32.09, 1994127
32.1, 1994127
32.11, 1994127
32.12, 1994127
32.13, 1994127
32.14, 1994127
32.15, 1994127
32.16, 1994127
32.17, 1994127
32.18, 1994127
32.19, 1994127
32.2, 1994127
32.21, 1994127
32.22, 1994127
32.23, 1994127
32.24, 1994127
32.25, 1994127
32.26, 1994127
32.27, 1994127
32.28, 1994127
32.29, 1994127
32.3, 1994127
32.31, 1994127
32.32, 1994127
32.33, 1994127
32.34, 1994127
32.35, 1994127
32.36, 1994127
32.37, 1994127
32.38, 1994127
32.39, 1994127
32.4, 1994127
32.41, 1994127
32.42, 1994127
32.43, 1994127
32.44, 1994127
32.45, 1994127
32.46, 1994127
32.47, 1994127
32.48, 1994127
32.49, 1994127
32.5, 1994127
32.51, 1994127
32.52, 1994127
32.53, 1994127
32.54, 1994127
32.55, 1994127
32.56, 1994127
32.57, 1994127
32.58, 1994127
32.59, 1994127
32.6, 1994127
32.61, 1994127
32.62, 1994127
32.63, 1994127
32.64, 1994127
32.65, 1994127
32.66, 1994127
32.67, 1994127
32.68, 1994127
32.69, 1994127
32.7, 1994127
32.71, 1994127
32.72, 1994127
32.73, 1994127
32.74, 1994127
32.75, 1994127
32.76, 1994127
32.77, 1994127
32.78, 1994127
32.79, 1994127
32.8, 1994127
32.81, 1994127
32.82, 1994127
32.83, 1994127
32.84, 1994127
32.85, 1994127
32.86, 1994127
32.87, 1994127
32.88, 1994127
32.89, 1994127
32.9, 1994127
32.91, 1994127
32.92, 1994127
32.93, 1994127
32.94, 1994127
32.95, 1994127
32.96, 1994127
32.97, 1994127
32.98, 1994127
32.99, 1994127
33.0, 1994127
33.01, 1994127
33.02, 1994127
33.03, 1994127
33.04, 1994127
33.05, 1994127
33.06, 1994127
33.07, 1994127
33.08, 1994127
33.09, 1994127
33.1, 1994127
33.11, 1994127
33.12, 1994127
33.13, 1994127
33.14, 1994127
33.15, 1994127
33.16, 1994127
33.17, 1994127
33.18, 1994127
33.19, 1994127
33.2, 1994127
33.21, 1994127
33.22, 1994127
33.23, 1994127
33.24, 1994127
33.25, 1994127
33.26, 1994127
33.27, 1994127
33.28, 1994127
33.29, 1994127
33.3, 1994127
33.31, 1994127
33.32, 1994127
33.33, 1994127
33.34, 1994127
33.35, 1994127
33.36, 1994127
33.37, 1994127
33.38, 1994127
33.39, 1994127
33.4, 1994127
33.41, 1994127
33.42, 1994127
33.43, 1994127
33.44, 1994127
33.45, 1994127
33.46, 1994127
33.47, 1994127
33.48, 1994127
33.49, 1994127
33.5, 1994127
33.51, 1994127
33.52, 1994127
33.53, 1994127
33.54, 1994127
33.55, 1994127
33.56, 1994127
33.57, 1994127
33.58, 1994127
33.59, 1994127
33.6, 1994127
33.61, 1994127
33.62, 1994127
33.63, 1994127
33.64, 1994127
33.65, 1994127
33.66, 1994127
33.67, 1994127
33.68, 1994127
33.69, 1994127
33.7, 1994127
33.71, 1994127
33.72, 1994127
33.73, 1994127
33.74, 1994127
33.75, 1994127
33.76, 1994127
33.77, 1994127
33.78, 1994127
33.79, 1994127
33.8, 1994127
33.81, 1994127
33.82, 1994127
33.83, 1994127
33.84, 1994127
33.85, 1994127
33.86, 1994127
33.87, 1994127
33.88, 1994127
33.89, 1994127
33.9, 1994127
33.91, 1994127
33.92, 1994127
33.93, 1994127
33.94, 1994127
33.95, 1994127
33.96, 1994127
33.97, 1994127
33.98, 1994127
33.99, 1994127
34.0, 1994127
34.01, 1994127
34.02, 1994127
34.03, 1994127
34.04, 1994127
34.05, 1994127
34.06, 1994127
34.07, 1994127
34.08, 1994127
34.09, 1994127
34.1, 1994127
34.11, 1994127
34.12, 1994127
34.13, 1994127
34.14, 1994127
34.15, 1994127
34.16, 1994127
34.17, 1994127
34.18, 1994127
34.19, 1994127
34.2, 1994127
34.21, 1994127
34.22, 1994127
34.23, 1994127
34.24, 1994127
34.25, 1994127
34.26, 1994127
34.27, 1994127
34.28, 1994127
34.29, 1994127
34.3, 1994127
34.31, 1994127
34.32, 1994127
34.33, 1994127
34.34, 1994127
34.35, 1994127
34.36, 1994127
34.37, 1994127
34.38, 1994127
34.39, 1994127
34.4, 1994127
34.41, 1994127
34.42, 1994127
34.43, 1994127
34.44, 1994127
34.45, 1994127
34.46, 1994127
34.47, 1994127
34.48, 1994127
34.49, 1994127
34.5, 1994127
34.51, 1994127
34.52, 1994127
34.53, 1994127
34.54, 1994127
34.55, 1994127
34.56, 1994127
34.57, 1994127
34.58, 1994127
34.59, 1994127
34.6, 1994127
34.61, 1994127
34.62, 1994127
34.63, 1994127
34.64, 1994127
34.65, 1994127
34.66, 1994127
34.67, 1994127
34.68, 1994127
34.69, 1994127
34.7, 1994127
34.71, 1994127
34.72, 1994127
34.73, 1994127
34.74, 1994127
34.75, 1994127
34.76, 1994127
34.77, 1994127
34.78, 1994127
34.79, 1994127
34.8, 1994127
34.81, 1994127
34.82, 1994127
34.83, 1994127
34.84, 1994127
34.85, 1994127
34.86, 1994127
34.87, 1994127
34.88, 1994127
34.89, 1994127
34.9, 1994127
34.91, 1994127
34.92, 1994127
34.93, 1994127
34.94, 1994127
34.95, 1994127
34.96, 1994127
34.97, 1994127
34.98, 1994127
34.99, 1994127
35.0, 1994127
35.01, 1994127
35.02, 1994127
35.03, 1994127
35.04, 1994127
35.05, 1994127
35.06, 1994127
35.07, 1994127
35.08, 1994127
35.09, 1994127
35.1, 1994127
35.11, 1994127
35.12, 1994127
35.13, 1994127
35.14, 1994127
35.15, 1994127
35.16, 1994127
35.17, 1994127
35.18, 1994127
35.19, 1994127
35.2, 1994127
35.21, 1994127
35.22, 1994127
35.23, 1994127
35.24, 1994127
35.25, 1994127
35.26, 1994127
35.27, 1994127
35.28, 1994127
35.29, 1994127
35.3, 1994127
35.31, 1994127
35.32, 1994127
35.33, 1994127
35.34, 1994127
35.35, 1994127
35.36, 1994127
35.37, 1994127
35.38, 1994127
35.39, 1994127
35.4, 1994127
35.41, 1994127
35.42, 1994127
35.43, 1994127
35.44, 1994127
35.45, 1994127
35.46, 1994127
35.47, 1994127
35.48, 1994127
35.49, 1994127
35.5, 1994127
35.51, 1994127
35.52, 1994127
35.53, 1994127
35.54, 1994127
35.55, 1994127
35.56, 1994127
35.57, 1994127
35.58, 1994127
35.59, 1994127
35.6, 1994127
35.61, 1994127
35.62, 1994127
35.63, 1994127
35.64, 1994127
35.65, 1994127
35.66, 1994127
35.67, 1994127
35.68, 1994127
35.69, 1994127
35.7, 1994127
35.71, 1994127
35.72, 1994127
35.73, 1994127
35.74, 1994127
35.75, 1994127
35.76, 1994127
35.77, 1994127
35.78, 1994127
35.79, 1994127
35.8, 1994127
35.81, 1994127
35.82, 1994127
35.83, 1994127
35.84, 1994127
35.85, 1994127
35.86, 1994127
35.87, 1994127
35.88, 1994127
35.89, 1994127
35.9, 1994127
35.91, 1994127
35.92, 1994127
35.93, 1994127
35.94, 1994127
35.95, 1994127
35.96, 1994127
35.97, 1994127
35.98, 1994127
35.99, 1994127
36.0, 1994127
36.01, 1994127
36.02, 1994127
36.03, 1994127
36.04, 1994127
36.05, 1994127
36.06, 1994127
36.07, 1994127
36.08, 1994127
36.09, 1994127
36.1, 1994127
36.11, 1994127
36.12, 1994127
36.13, 1994127
36.14, 1994127
36.15, 1994127
36.16, 1994127
36.17, 1994127
36.18, 1994127
36.19, 1994127
36.2, 1994127
36.21, 1994127
36.22, 1994127
36.23, 1994127
36.24, 1994127
36.25, 1994127
36.26, 1994127
36.27, 1994127
36.28, 1994127
36.29, 1994127
36.3, 1994127
36.31, 1994127
36.32, 1994127
36.33, 1994127
36.34, 1994127
36.35, 1994127
36.36, 1994127
36.37, 1994127
36.38, 1994127
36.39, 1994127
36.4, 1994127
36.41, 1994127
36.42, 1994127
36.43, 1994127
36.44, 1994127
36.45, 1994127
36.46, 1994127
36.47, 1994127
36.48, 1994127
36.49, 1994127
36.5, 1994127
36.51, 1994127
36.52, 1994127
36.53, 1994127
36.54, 1994127
36.55, 1994127
36.56, 1994127
36.57, 1994127
36.58, 1994127
36.59, 1994127
36.6, 1994127
36.61, 1994127
36.62, 1994127
36.63, 1994127
36.64, 1994127
36.65, 1994127
36.66, 1994127
36.67, 1994127
36.68, 1994127
36.69, 1994127
36.7, 1994127
36.71, 1994127
36.72, 1994127
36.73, 1994127
36.74, 1994127
36.75, 1994127
36.76, 1994127
36.77, 1994127
36.78, 1994127
36.79, 1994127
36.8, 1994127
36.81, 1994127
36.82, 1994127
36.83, 1994127
36.84, 1994127
36.85, 1994127
36.86, 1994127
36.87, 1994127
36.88, 1994127
36.89, 1994127
36.9, 1994127
36.91, 1994127
36.92, 1994127
36.93, 1994127
36.94, 1994127
36.95, 1994127
36.96, 1994127
36.97, 1994127
36.98, 1994127
36.99, 1994127
37.0, 1994127
37.01, 1994127
37.02, 1994127
37.03, 1994127
37.04, 1994127
37.05, 1994127
37.06, 1994127
37.07, 1994127
37.08, 1994127
37.09, 1994127
37.1, 1994127
37.11, 1994127
37.12, 1994127
37.13, 1994127
37.14, 1994127
37.15, 1994127
37.16, 1994127
37.17, 1994127
37.18, 1994127
37.19, 1994127
37.2, 1994127
37.21, 1994127
37.22, 1994127
37.23, 1994127
37.24, 1994127
37.25, 1994127
37.26, 1994127
37.27, 1994127
37.28, 1994127
37.29, 1994127
37.3, 1994127
37.31, 1994127
37.32, 1994127
37.33, 1994127
37.34, 1994127
37.35, 1994127
37.36, 1994127
37.37, 1994127
37.38, 1994127
37.39, 1994127
37.4, 1994127
37.41, 1994127
37.42, 1994127
37.43, 1994127
37.44, 1994127
37.45, 1994127
37.46, 1994127
37.47, 1994127
37.48, 1994127
37.49, 1994127
37.5, 1994127
37.51, 1994127
37.52, 1994127
37.53, 1994127
37.54, 1994127
37.55, 1994127
37.56, 1994127
37.57, 1994127
37.58, 1994127
37.59, 1994127
37.6, 1994127
37.61, 1994127
37.62, 1994127
37.63, 1994127
37.64, 1994127
37.65, 1994127
37.66, 1994127
37.67, 1994127
37.68, 1994127
37.69, 1994127
37.7, 1994127
37.71, 1994127
37.72, 1994127
37.73, 1994127
37.74, 1994127
37.75, 1994127
37.76, 1994127
37.77, 1994127
37.78, 1994127
37.79, 1994127
37.8, 1994127
37.81, 1994127
37.82, 1994127
37.83, 1994127
37.84, 1994127
37.85, 1994127
37.86, 1994127
37.87, 1994127
37.88, 1994127
37.89, 1994127
37.9, 1994127
37.91, 1994127
37.92, 1994127
37.93, 1994127
37.94, 1994127
37.95, 1994127
37.96, 1994127
37.97, 1994127
37.98, 1994127
37.99, 1994127
38.0, 1994127
38.01, 1994127
38.02, 1994127
38.03, 1994127
38.04, 1994127
38.05, 1994127
38.06, 1994127
38.07, 1994127
38.08, 1994127
38.09, 1994127
38.1, 1994127
38.11, 1994127
38.12, 1994127
38.13, 1994127
38.14, 1994127
38.15, 1994127
38.16, 1994127
38.17, 1994127
38.18, 1994127
38.19, 1994127
38.2, 1994127
38.21, 1994127
38.22, 1994127
38.23, 1994127
38.24, 1994127
38.25, 1994127
38.26, 1994127
38.27, 1994127
38.28, 1994127
38.29, 1994127
38.3, 1994127
38.31, 1994127
38.32, 1994127
38.33, 1994127
38.34, 1994127
38.35, 1994127
38.36, 1994127
38.37, 1994127
38.38, 1994127
38.39, 1994127
38.4, 1994127
38.41, 1994127
38.42, 1994127
38.43, 1994127
38.44, 1994127
38.45, 1994127
38.46, 1994127
38.47, 1994127
38.48, 1994127
38.49, 1994127
38.5, 1994127
38.51, 1994127
38.52, 1994127
38.53, 1994127
38.54, 1994127
38.55, 1994127
38.56, 1994127
38.57, 1994127
38.58, 1994127
38.59, 1994127
38.6, 1994127
38.61, 1994127
38.62, 1994127
38.63, 1994127
38.64, 1994127
38.65, 1994127
38.66, 1994127
38.67, 1994127
38.68, 1994127
38.69, 1994127
38.7, 1994127
38.71, 1994127
38.72, 1994127
38.73, 1994127
38.74, 1994127
38.75, 1994127
38.76, 1994127
38.77, 1994127
38.78, 1994127
38.79, 1994127
38.8, 1994127
38.81, 1994127
38.82, 1994127
38.83, 1994127
38.84, 1994127
38.85, 1994127
38.86, 1994127
38.87, 1994127
38.88, 1994127
38.89, 1994127
38.9, 1994127
38.91, 1994127
38.92, 1994127
38.93, 1994127
38.94, 1994127
38.95, 1994127
38.96, 1994127
38.97, 1994127
38.98, 1994127
38.99, 1994127
39.0, 1994127
39.01, 1994127
39.02, 1994127
39.03, 1994127
39.04, 1994127
39.05, 1994127
39.06, 1994127
39.07, 1994127
39.08, 1994127
39.09, 1994127
39.1, 1994127
39.11, 1994127
39.12, 1994127
39.13, 1994127
39.14, 1994127
39.15, 1994127
39.16, 1994127
39.17, 1994127
39.18, 1994127
39.19, 1994127
39.2, 1994127
39.21, 1994127
39.22, 1994127
39.23, 1994127
39.24, 1994127
39.25, 1994127
39.26, 1994127
39.27, 1994127
39.28, 1994127
39.29, 1994127
39.3, 1994127
39.31, 1994127
39.32, 1994127
39.33, 1994127
39.34, 1994127
39.35, 1994127
39.36, 1994127
39.37, 1994127
39.38, 1994127
39.39, 1994127
39.4, 1994127
39.41, 1994127
39.42, 1994127
39.43, 1994127
39.44, 1994127
39.45, 1994127
39.46, 1994127
39.47, 1994127
39.48, 1994127
39.49, 1994127
39.5, 1994127
39.51, 1994127
39.52, 1994127
39.53, 1994127
39.54, 1994127
39.55, 1994127
39.56, 1994127
39.57, 1994127
39.58, 1994127
39.59, 1994127
39.6, 1994127
39.61, 1994127
39.62, 1994127
39.63, 1994127
39.64, 1994127
39.65, 1994127
39.66, 1994127
39.67, 1994127
39.68, 1994127
39.69, 1994127
39.7, 1994127
39.71, 1994127
39.72, 1994127
39.73, 1994127
39.74, 1994127
39.75, 1994127
39.76, 1994127
39.77, 1994127
39.78, 1994127
39.79, 1994127
39.8, 1994127
39.81, 1994127
39.82, 1994127
39.83, 1994127
39.84, 1994127
39.85, 1994127
39.86, 1994127
39.87, 1994127
39.88, 1994127
39.89, 1994127
39.9, 1994127
39.91, 1994127
39.92, 1994127
39.93, 1994127
39.94, 1994127
39.95, 1994127
39.96, 1994127
39.97, 1994127
39.98, 1994127
39.99, 1994127
40.0, 1994127
40.01, 1994127
40.02, 1994127
40.03, 1994127
40.04, 1994127
40.05, 1994127
40.06, 1994127
40.07, 1994127
40.08, 1994127
40.09, 1994127
40.1, 1994127
40.11, 1994127
40.12, 1994127
40.13, 1994127
40.14, 1994127
40.15, 1994127
40.16, 1994127
40.17, 1994127
40.18, 1994127
40.19, 1994127
40.2, 1994127
40.21, 1994127
40.22, 1994127
40.23, 1994127
40.24, 1994127
40.25, 1994127
40.26, 1994127
40.27, 1994127
40.28, 1994127
40.29, 1994127
40.3, 1994127
40.31, 1994127
40.32, 1994127
40.33, 1994127
40.34, 1994127
40.35, 1994127
40.36, 1994127
40.37, 1994127
40.38, 1994127
40.39, 1994127
40.4, 1994127
40.41, 1994127
40.42, 1994127
40.43, 1994127
40.44, 1994127
40.45, 1994127
40.46, 1994127
40.47, 1994127
40.48, 1994127
40.49, 1994127
40.5, 1994127
40.51, 1994127
40.52, 1994127
40.53, 1994127
40.54, 1994127
40.55, 1994127
40.56, 1994127
40.57, 1994127
40.58, 1994127
40.59, 1994127
40.6, 1994127
40.61, 1994127
40.62, 1994127
40.63, 1994127
40.64, 1994127
40.65, 1994127
40.66, 1994127
40.67, 1994127
40.68, 1994127
40.69, 1994127
40.7, 1994127
40.71, 1994127
40.72, 1994127
40.73, 1994127
40.74, 1994127
40.75, 1994127
40.76, 1994127
40.77, 1994127
40.78, 1994127
40.79, 1994127
40.8, 1994127
40.81, 1994127
40.82, 1994127
40.83, 1994127
40.84, 1994127
40.85, 1994127
40.86, 1994127
40.87, 1994127
40.88, 1994127
40.89, 1994127
40.9, 1994127
40.91, 1994127
40.92, 1994127
40.93, 1994127
40.94, 1994127
40.95, 1994127
40.96, 1994127
40.97, 1994127
40.98, 1994127
40.99, 1994127
41.0, 1994127
41.01, 1994127
41.02, 1994127
41.03, 1994127
41.04, 1994127
41.05, 1994127
41.06, 1994127
41.07, 1994127
41.08, 1994127
41.09, 1994127
41.1, 1994127
41.11, 1994127
41.12, 1994127
41.13, 1994127
41.14, 1994127
41.15, 1994127
41.16, 1994127
41.17, 1994127
41.18, 1994127
41.19, 1994127
41.2, 1994127
41.21, 1994127
41.22, 1994127
41.23, 1994127
41.24, 1994127
41.25, 1994127
41.26, 1994127
41.27, 1994127
41.28, 1994127
41.29, 1994127
41.3, 1994127
41.31, 1994127
41.32, 1994127
41.33, 1994127
41.34, 1994127
41.35, 1994127
41.36, 1994127
41.37, 1994127
41.38, 1994127
41.39, 1994127
41.4, 1994127
41.41, 1994127
41.42, 1994127
41.43, 1994127
41.44, 1994127
41.45, 1994127
41.46, 1994127
41.47, 1994127
41.48, 1994127
41.49, 1994127
41.5, 1994127
41.51, 1994127
41.52, 1994127
41.53, 1994127
41.54, 1994127
41.55, 1994127
41.56, 1994127
41.57, 1994127
41.58, 1994127
41.59, 1994127
41.6, 1994127
41.61, 1994127
41.62, 1994127
41.63, 1994127
41.64, 1994127
41.65, 1994127
41.66, 1994127
41.67, 1994127
41.68, 1994127
41.69, 1994127
41.7, 1994127
41.71, 1994127
41.72, 1994127
41.73, 1994127
41.74, 1994127
41.75, 1994127
41.76, 1994127
41.77, 1994127
41.78, 1994127
41.79, 1994127
41.8, 1994127
41.81, 1994127
41.82, 1994127
41.83, 1994127
41.84, 1994127
41.85, 1994127
41.86, 1994127
41.87, 1994127
41.88, 1994127
41.89, 1994127
41.9, 1994127
41.91, 1994127
41.92, 1994127
41.93, 1994127
41.94, 1994127
41.95, 1994127
41.96, 1994127
41.97, 1994127
41.98, 1994127
41.99, 1994127
42.0, 1994127
42.01, 1994127
42.02, 1994127
42.03, 1994127
42.04, 1994127
42.05, 1994127
42.06, 1994127
42.07, 1994127
42.08, 1994127
42.09, 1994127
42.1, 1994127
42.11, 1994127
42.12, 1994127
42.13, 1994127
42.14, 1994127
42.15, 1994127
42.16, 1994127
42.17, 1994127
42.18, 1994127
42.19, 1994127
42.2, 1994127
42.21, 1994127
42.22, 1994127
42.23, 1994127
42.24, 1994127
42.25, 1994127
42.26, 1994127
42.27, 1994127
42.28, 1994127
42.29, 1994127
42.3, 1994127
42.31, 1994127
42.32, 1994127
42.33, 1994127
42.34, 1994127
42.35, 1994127
42.36, 1994127
42.37, 1994127
42.38, 1994127
42.39, 1994127
42.4, 1994127
42.41, 1994127
42.42, 1994127
42.43, 1994127
42.44, 1994127
42.45, 1994127
42.46, 1994127
42.47, 1994127
42.48, 1994127
42.49, 1994127
42.5, 1994127
42.51, 1994127
42.52, 1994127
42.53, 1994127
42.54, 1994127
42.55, 1994127
42.56, 1994127
42.57, 1994127
42.58, 1994127
42.59, 1994127
42.6, 1994127
42.61, 1994127
42.62, 1994127
42.63, 1994127
42.64, 1994127
42.65, 1994127
42.66, 1994127
42.67, 1994127
42.68, 1994127
42.69, 1994127
42.7, 1994127
42.71, 1994127
42.72, 1994127
42.73, 1994127
42.74, 1994127
42.75, 1994127
42.76, 1994127
42.77, 1994127
42.78, 1994127
42.79, 1994127
42.8, 1994127
42.81, 1994127
42.82, 1994127
42.83, 1994127
42.84, 1994127
42.85, 1994127
42.86, 1994127
42.87, 1994127
42.88, 1994127
42.89, 1994127
42.9, 1994127
42.91, 1994127
42.92, 1994127
42.93, 1994127
42.94, 1994127
42.95, 1994127
42.96, 1994127
42.97, 1994127
42.98, 1994127
42.99, 1994127
43.0, 1994127
43.01, 1994127
43.02, 1994127
43.03, 1994127
43.04, 1994127
43.05, 1994127
43.06, 1994127
43.07, 1994127
43.08, 1994127
43.09, 1994127
43.1, 1994127
43.11, 1994127
43.12, 1994127
43.13, 1994127
43.14, 1994127
43.15, 1994127
43.16, 1994127
43.17, 1994127
43.18, 1994127
43.19, 1994127
43.2, 1994127
43.21, 1994127
43.22, 1994127
43.23, 1994127
43.24, 1994127
43.25, 1994127
43.26, 1994127
43.27, 1994127
43.28, 1994127
43.29, 1994127
43.3, 1994127
43.31, 1994127
43.32, 1994127
43.33, 1994127
43.34, 1994127
43.35, 1994127
43.36, 1994127
43.37, 1994127
43.38, 1994127
43.39, 1994127
43.4, 1994127
43.41, 1994127
43.42, 1994127
43.43, 1994127
43.44, 1994127
43.45, 1994127
43.46, 1994127
43.47, 1994127
43.48, 1994127
43.49, 1994127
43.5, 1994127
43.51, 1994127
43.52, 1994127
43.53, 1994127
43.54, 1994127
43.55, 1994127
43.56, 1994127
43.57, 1994127
43.58, 1994127
43.59, 1994127
43.6, 1994127
43.61, 1994127
43.62, 1994127
43.63, 1994127
43.64, 1994127
43.65, 1994127
43.66, 1994127
43.67, 1994127
43.68, 1994127
43.69, 1994127
43.7, 1994127
43.71, 1994127
43.72, 1994127
43.73, 1994127
43.74, 1994127
43.75, 1994127
43.76, 1994127
43.77, 1994127
43.78, 1994127
43.79, 1994127
43.8, 1994127
43.81, 1994127
43.82, 1994127
43.83, 1994127
43.84, 1994127
43.85, 1994127
43.86, 1994127
43.87, 1994127
43.88, 1994127
43.89, 1994127
43.9, 1994127
43.91, 1994127
43.92, 1994127
43.93, 1994127
43.94, 1994127
43.95, 1994127
43.96, 1994127
43.97, 1994127
43.98, 1994127
43.99, 1994127
44.0, 1994127
44.01, 1994127
44.02, 1994127
44.03, 1994127
44.04, 1994127
44.05, 1994127
44.06, 1994127
44.07, 1994127
44.08, 1994127
44.09, 1994127
44.1, 1994127
44.11, 1994127
44.12, 1994127
44.13, 1994127
44.14, 1994127
44.15, 1994127
44.16, 1994127
44.17, 1994127
44.18, 1994127
44.19, 1994127
44.2, 1994127
44.21, 1994127
44.22, 1994127
44.23, 1994127
44.24, 1994127
44.25, 1994127
44.26, 1994127
44.27, 1994127
44.28, 1994127
44.29, 1994127
44.3, 1994127
44.31, 1994127
44.32, 1994127
44.33, 1994127
44.34, 1994127
44.35, 1994127
44.36, 1994127
44.37, 1994127
44.38, 1994127
44.39, 1994127
44.4, 1994127
44.41, 1994127
44.42, 1994127
44.43, 1994127
44.44, 1994127
44.45, 1994127
44.46, 1994127
44.47, 1994127
44.48, 1994127
44.49, 1994127
44.5, 1994127
44.51, 1994127
44.52, 1994127
44.53, 1994127
44.54, 1994127
44.55, 1994127
44.56, 1994127
44.57, 1994127
44.58, 1994127
44.59, 1994127
44.6, 1994127
44.61, 1994127
44.62, 1994127
44.63, 1994127
44.64, 1994127
44.65, 1994127
44.66, 1994127
44.67, 1994127
44.68, 1994127
44.69, 1994127
44.7, 1994127
44.71, 1994127
44.72, 1994127
44.73, 1994127
44.74, 1994127
44.75, 1994127
44.76, 1994127
44.77, 1994127
44.78, 1994127
44.79, 1994127
44.8, 1994127
44.81, 1994127
44.82, 1994127
44.83, 1994127
44.84, 1994127
44.85, 1994127
44.86, 1994127
44.87, 1994127
44.88, 1994127
44.89, 1994127
44.9, 1994127
44.91, 1994127
44.92, 1994127
44.93, 1994127
44.94, 1994127
44.95, 1994127
44.96, 1994127
44.97, 1994127
44.98, 1994127
44.99, 1994127
45.0, 1994127
45.01, 1994127
45.02, 1994127
45.03, 1994127
45.04, 1994127
45.05, 1994127
45.06, 1994127
45.07, 1994127
45.08, 1994127
45.09, 1994127
45.1, 1994127
45.11, 1994127
45.12, 1994127
45.13, 1994127
45.14, 1994127
45.15, 1994127
45.16, 1994127
45.17, 1994127
45.18, 1994127
45.19, 1994127
45.2, 1994127
45.21, 1994127
45.22, 1994127
45.23, 1994127
45.24, 1994127
45.25, 1994127
45.26, 1994127
45.27, 1994127
45.28, 1994127
45.29, 1994127
45.3, 1994127
45.31, 1994127
45.32, 1994127
45.33, 1994127
45.34, 1994127
45.35, 1994127
45.36, 1994127
45.37, 1994127
45.38, 1994127
45.39, 1994127
45.4, 1994127
45.41, 1994127
45.42, 1994127
45.43, 1994127
45.44, 1994127
45.45, 1994127
45.46, 1994127
45.47, 1994127
45.48, 1994127
45.49, 1994127
45.5, 1994127
45.51, 1994127
45.52, 1994127
45.53, 1994127
45.54, 1994127
45.55, 1994127
45.56, 1994127
45.57, 1994127
45.58, 1994127
45.59, 1994127
45.6, 1994127
45.61, 1994127
45.62, 1994127
45.63, 1994127
45.64, 1994127
45.65, 1994127
45.66, 1994127
45.67, 1994127
45.68, 1994127
45.69, 1994127
45.7, 1994127
45.71, 1994127
45.72, 1994127
45.73, 1994127
45.74, 1994127
45.75, 1994127
45.76, 1994127
45.77, 1994127
45.78, 1994127
45.79, 1994127
45.8, 1994127
45.81, 1994127
45.82, 1994127
45.83, 1994127
45.84, 1994127
45.85, 1994127
45.86, 1994127
45.87, 1994127
45.88, 1994127
45.89, 1994127
45.9, 1994127
45.91, 1994127
45.92, 1994127
45.93, 1994127
45.94, 1994127
45.95, 1994127
45.96, 1994127
45.97, 1994127
45.98, 1994127
45.99, 1994127
46.0, 1994127
46.01, 1994127
46.02, 1994127
46.03, 1994127
46.04, 1994127
46.05, 1994127
46.06, 1994127
46.07, 1962749
46.08, 1962749
46.09, 1962749
46.1, 1962749
46.11, 1962749
46.12, 1962749
46.13, 1962749
46.14, 1962749
46.15, 1962749
46.16, 1962749
46.17, 1962749
46.18, 1962749
46.19, 1962749
46.2, 1962749
46.21, 1962749
46.22, 1962749
46.23, 1962749
46.24, 1962749
46.25, 1962749
46.26, 1962749
46.27, 1962749
46.28, 1962749
46.29, 1962749
46.3, 1962749
46.31, 1962749
46.32, 1962749
46.33, 1962749
46.34, 1962749
46.35, 1962749
46.36, 1962749
46.37, 1962749
46.38, 1962749
46.39, 1962749
46.4, 1962749
46.41, 1962749
46.42, 1962749
46.43, 1962749
46.44, 1962749
46.45, 1962749
46.46, 1962749
46.47, 1962749
46.48, 1962749
46.49, 1962749
46.5, 1962749
46.51, 1962749
46.52, 1962749
46.53, 1962749
46.54, 1962749
46.55, 1962749
46.56, 1962749
46.57, 1962749
46.58, 1962749
46.59, 1962749
46.6, 1962749
46.61, 1962749
46.62, 1962749
46.63, 1962749
46.64, 1962749
46.65, 1962749
46.66, 1962749
46.67, 1962749
46.68, 1962749
46.69, 1962749
46.7, 1962749
46.71, 1962749
46.72, 1962749
46.73, 1962749
46.74, 1962749
46.75, 1962749
46.76, 1962749
46.77, 1962749
46.78, 1962749
46.79, 1962749
46.8, 1962749
46.81, 1962749
46.82, 1962749
46.83, 1962749
46.84, 1962749
46.85, 1962749
46.86, 1962749
46.87, 1962749
46.88, 1962749
46.89, 1962749
46.9, 1962749
46.91, 1962749
46.92, 1962749
46.93, 1962749
46.94, 1962749
46.95, 1962749
46.96, 1962749
46.97, 1962749
46.98, 1962749
46.99, 1962749
47.0, 1962749
47.01, 1962749
47.02, 1962749
47.03, 1962749
47.04, 1962749
47.05, 1962749
47.06, 1962749
47.07, 1962749
47.08, 1962749
47.09, 1962749
47.1, 1962749
47.11, 1962749
47.12, 1962749
47.13, 1962749
47.14, 1962749
47.15, 1962749
47.16, 1962749
47.17, 1962749
47.18, 1962749
47.19, 1962749
47.2, 1962749
47.21, 1962749
47.22, 1962749
47.23, 1962749
47.24, 1962749
47.25, 1962749
47.26, 1962749
47.27, 1962749
47.28, 1962749
47.29, 1962749
47.3, 1962749
47.31, 1962749
47.32, 1962749
47.33, 1962749
47.34, 1962749
47.35, 1962749
47.36, 1962749
47.37, 1962749
47.38, 1962749
47.39, 1962749
47.4, 1962749
47.41, 1962749
47.42, 1962749
47.43, 1962749
47.44, 1962749
47.45, 1962749
47.46, 1962749
47.47, 1962749
47.48, 1962749
47.49, 1962749
47.5, 1962749
47.51, 1962749
47.52, 1962749
47.53, 1962749
47.54, 1962749
47.55, 1962749
47.56, 1962749
47.57, 1962749
47.58, 1962749
47.59, 1962749
47.6, 1962749
47.61, 1962749
47.62, 1962749
47.63, 1962749
47.64, 1962749
47.65, 1962749
47.66, 1962749
47.67, 1962749
47.68, 1962749
47.69, 1962749
47.7, 1962749
47.71, 1962749
47.72, 1962749
47.73, 1962749
47.74, 1962749
47.75, 1962749
47.76, 1962749
47.77, 1962749
47.78, 1962749
47.79, 1962749
47.8, 1962749
47.81, 1962749
47.82, 1962749
47.83, 1962749
47.84, 1962749
47.85, 1962749
47.86, 1962749
47.87, 1962749
47.88, 1962749
47.89, 1962749
47.9, 1962749
47.91, 1962749
47.92, 1962749
47.93, 1962749
47.94, 1962749
47.95, 1962749
47.96, 1962749
47.97, 1962749
47.98, 1962749
47.99, 1962749
48.0, 1962749
48.01, 1962749
48.02, 1962749
48.03, 1962749
48.04, 1962749
48.05, 1962749
48.06, 1962749
48.07, 1962749
48.08, 1962749
48.09, 1962749
48.1, 1962749
48.11, 1962749
48.12, 1962749
48.13, 1962749
48.14, 1962749
48.15, 1962749
48.16, 1962749
48.17, 1962749
48.18, 1962749
48.19, 1962749
48.2, 1962749
48.21, 1962749
48.22, 1962749
48.23, 1962749
48.24, 1962749
48.25, 1962749
48.26, 1962749
48.27, 1962749
48.28, 1962749
48.29, 1962749
48.3, 1962749
48.31, 1962749
48.32, 1962749
48.33, 1962749
48.34, 1962749
48.35, 1962749
48.36, 1962749
48.37, 1962749
48.38, 1962749
48.39, 1962749
48.4, 1962749
48.41, 1962749
48.42, 1962749
48.43, 1962749
48.44, 1962749
48.45, 1962749
48.46, 1962749
48.47, 1962749
48.48, 1962749
48.49, 1962749
48.5, 1962749
48.51, 1962749
48.52, 1962749
48.53, 1962749
48.54, 1962749
48.55, 1962749
48.56, 1962749
48.57, 1962749
48.58, 1962749
48.59, 1962749
48.6, 1962749
48.61, 1962749
48.62, 1962749
48.63, 1962749
48.64, 1962749
48.65, 1962749
48.66, 1962749
48.67, 1962749
48.68, 1962749
48.69, 1962749
48.7, 1962749
48.71, 1962749
48.72, 1962749
48.73, 1962749
48.74, 1962749
48.75, 1962749
48.76, 1962749
48.77, 1962749
48.78, 1962749
48.79, 1962749
48.8, 1962749
48.81, 1962749
48.82, 1962749
48.83, 1962749
48.84, 1962749
48.85, 1962749
48.86, 1962749
48.87, 1962749
48.88, 1962749
48.89, 1962749
48.9, 1962749
48.91, 1962749
48.92, 1962749
48.93, 1962749
48.94, 1962749
48.95, 1962749
48.96, 1962749
48.97, 1962749
48.98, 1962749
48.99, 1962749
49.0, 1962749
49.01, 1962749
49.02, 1962749
49.03, 1962749
49.04, 1962749
49.05, 1962749
49.06, 1962749
49.07, 1962749
49.08, 1962749
49.09, 1962749
49.1, 1962749
49.11, 1962749
49.12, 1962749
49.13, 1962749
49.14, 1962749
49.15, 1962749
49.16, 1962749
49.17, 1962749
49.18, 1962749
49.19, 1962749
49.2, 1962749
49.21, 1962749
49.22, 1962749
49.23, 1962749
49.24, 1962749
49.25, 1962749
49.26, 1962749
49.27, 1962749
49.28, 1962749
49.29, 1962749
49.3, 1962749
49.31, 1962749
49.32, 1962749
49.33, 1962749
49.34, 1962749
49.35, 1962749
49.36, 1962749
49.37, 1962749
49.38, 1962749
49.39, 1962749
49.4, 1962749
49.41, 1962749
49.42, 1962749
49.43, 1962749
49.44, 1962749
49.45, 1962749
49.46, 1962749
49.47, 1962749
49.48, 1962749
49.49, 1962749
49.5, 1962749
49.51, 1962749
49.52, 1962749
49.53, 1962749
49.54, 1962749
49.55, 1962749
49.56, 1962749
49.57, 1962749
49.58, 1962749
49.59, 1962749
49.6, 1962749
49.61, 1962749
49.62, 1962749
49.63, 1962749
49.64, 1962749
49.65, 1962749
49.66, 1962749
49.67, 1962749
49.68, 1962749
49.69, 1962749
49.7, 1962749
49.71, 1962749
49.72, 1962749
49.73, 1962749
49.74, 1962749
49.75, 1962749
49.76, 1962749
49.77, 1962749
49.78, 1962749
49.79, 1962749
49.8, 1962749
49.81, 1962749
49.82, 1962749
49.83, 1962749
49.84, 1962749
49.85, 1962749
49.86, 1962749
49.87, 1962749
49.88, 1962749
49.89, 1962749
49.9, 1962749
49.91, 1962749
49.92, 1962749
49.93, 1962749
49.94, 1962749
49.95, 1962749
49.96, 1962749
49.97, 1962749
49.98, 1962749
49.99, 1962749
50.0, 1962749
50.01, 1962749
50.02, 1962749
50.03, 1962749
50.04, 1962749
50.05, 1962749
50.06, 1962749
50.07, 1962749
50.08, 1962749
50.09, 1962749
50.1, 1962749
50.11, 1962749
50.12, 1962749
50.13, 1962749
50.14, 1962749
50.15, 1962749
50.16, 1962749
50.17, 1962749
50.18, 1962749
50.19, 1962749
50.2, 1962749
50.21, 1962749
50.22, 1962749
50.23, 1962749
50.24, 1962749
50.25, 1962749
50.26, 1962749
50.27, 1962749
50.28, 1962749
50.29, 1962749
50.3, 1962749
50.31, 1962749
50.32, 1962749
50.33, 1962749
50.34, 1962749
50.35, 1962749
50.36, 1962749
50.37, 1962749
50.38, 1962749
50.39, 1962749
50.4, 1962749
50.41, 1962749
50.42, 1962749
50.43, 1962749
50.44, 1962749
50.45, 1962749
50.46, 1962749
50.47, 1962749
50.48, 1962749
50.49, 1962749
50.5, 1962749
50.51, 1962749
50.52, 1962749
50.53, 1962749
50.54, 1962749
50.55, 1962749
50.56, 1962749
50.57, 1962749
50.58, 1962749
50.59, 1962749
50.6, 1962749
50.61, 1962749
50.62, 1962749
50.63, 1962749
50.64, 1962749
50.65, 1962749
50.66, 1962749
50.67, 1962749
50.68, 1962749
50.69, 1962749
50.7, 1962749
50.71, 1962749
50.72, 1962749
50.73, 1962749
50.74, 1962749
50.75, 1962749
50.76, 1962749
50.77, 1962749
50.78, 1962749
50.79, 1962749
50.8, 1962749
50.81, 1962749
50.82, 1962749
50.83, 1962749
50.84, 1962749
50.85, 1962749
50.86, 1962749
50.87, 1962749
50.88, 1962749
50.89, 1962749
50.9, 1962749
50.91, 1962749
50.92, 1962749
50.93, 1962749
50.94, 1962749
50.95, 1962749
50.96, 1962749
50.97, 1962749
50.98, 1962749
50.99, 1962749
51.0, 1962749
51.01, 1962749
51.02, 1962749
51.03, 1962749
51.04, 1962749
51.05, 1962749
51.06, 1962749
51.07, 1962749
51.08, 1962749
51.09, 1962749
51.1, 1962749
51.11, 1962749
51.12, 1962749
51.13, 1962749
51.14, 1962749
51.15, 1962749
51.16, 1962749
51.17, 1962749
51.18, 1962749
51.19, 1962749
51.2, 1962749
51.21, 1962749
51.22, 1962749
51.23, 1962749
51.24, 1962749
51.25, 1962749
51.26, 1962749
51.27, 1962749
51.28, 1962749
51.29, 1962749
51.3, 1962749
51.31, 1962749
51.32, 1962749
51.33, 1962749
51.34, 1962749
51.35, 1962749
51.36, 1962749
51.37, 1962749
51.38, 1962749
51.39, 1962749
51.4, 1962749
51.41, 1962749
51.42, 1962749
51.43, 1962749
51.44, 1962749
51.45, 1962749
51.46, 1962749
51.47, 1962749
51.48, 1962749
51.49, 1962749
51.5, 1962749
51.51, 1962749
51.52, 1962749
51.53, 1962749
51.54, 1962749
51.55, 1962749
51.56, 1962749
51.57, 1962749
51.58, 1962749
51.59, 1962749
51.6, 1962749
51.61, 1962749
51.62, 1962749
51.63, 1962749
51.64, 1962749
51.65, 1962749
51.66, 1962749
51.67, 1962749
51.68, 1962749
51.69, 1962749
51.7, 1962749
51.71, 1962749
51.72, 1962749
51.73, 1962749
51.74, 1962749
51.75, 1962749
51.76, 1962749
51.77, 1962749
51.78, 1962749
51.79, 1962749
51.8, 1962749
51.81, 1962749
51.82, 1962749
51.83, 1962749
51.84, 1962749
51.85, 1962749
51.86, 1962749
51.87, 1962749
51.88, 1962749
51.89, 1962749
51.9, 1962749
51.91, 1962749
51.92, 1962749
51.93, 1962749
51.94, 1962749
51.95, 1962749
51.96, 1962749
51.97, 1962749
51.98, 1962749
51.99, 1962749
52.0, 1962749
52.01, 1962749
52.02, 1962749
52.03, 1962749
52.04, 1962749
52.05, 1962749
52.06, 1962749
52.07, 1962749
52.08, 1962749
52.09, 1962749
52.1, 1962749
52.11, 1962749
52.12, 1962749
52.13, 1962749
52.14, 1962749
52.15, 1962749
52.16, 1962749
52.17, 1962749
52.18, 1962749
52.19, 1962749
52.2, 1962749
52.21, 1962749
52.22, 1962749
52.23, 1962749
52.24, 1962749
52.25, 1962749
52.26, 1962749
52.27, 1962749
52.28, 1962749
52.29, 1962749
52.3, 1962749
52.31, 1962749
52.32, 1962749
52.33, 1962749
52.34, 1962749
52.35, 1962749
52.36, 1962749
52.37, 1962749
52.38, 1962749
52.39, 1962749
52.4, 1962749
52.41, 1962749
52.42, 1962749
52.43, 1962749
52.44, 1962749
52.45, 1962749
52.46, 1962749
52.47, 1962749
52.48, 1962749
52.49, 1962749
52.5, 1962749
52.51, 1962749
52.52, 1962749
52.53, 1962749
52.54, 1962749
52.55, 1962749
52.56, 1962749
52.57, 1962749
52.58, 1962749
52.59, 1962749
52.6, 1962749
52.61, 1962749
52.62, 1962749
52.63, 1962749
52.64, 1962749
52.65, 1962749
52.66, 1962749
52.67, 1962749
52.68, 1962749
52.69, 1962749
52.7, 1962749
52.71, 1962749
52.72, 1962749
52.73, 1962749
52.74, 1962749
52.75, 1962749
52.76, 1962749
52.77, 1962749
52.78, 1962749
52.79, 1962749
52.8, 1962749
52.81, 1962749
52.82, 1962749
52.83, 1962749
52.84, 1962749
52.85, 1962749
52.86, 1962749
52.87, 1962749
52.88, 1962749
52.89, 1962749
52.9, 1962749
52.91, 1962749
52.92, 1962749
52.93, 1962749
52.94, 1962749
52.95, 1962749
52.96, 1962749
52.97, 1962749
52.98, 1962749
52.99, 1962749
53.0, 1962749
53.01, 1962749
53.02, 1962749
53.03, 1962749
53.04, 1962749
53.05, 1962749
53.06, 1962749
53.07, 1962749
53.08, 1962749
53.09, 1962749
53.1, 1962749
53.11, 1962749
53.12, 1962749
53.13, 1962749
53.14, 1962749
53.15, 1962749
53.16, 1962749
53.17, 1962749
53.18, 1962749
53.19, 1962749
53.2, 1962749
53.21, 1962749
53.22, 1962749
53.23, 1962749
53.24, 1962749
53.25, 1962749
53.26, 1962749
53.27, 1962749
53.28, 1962749
53.29, 1962749
53.3, 1962749
53.31, 1962749
53.32, 1962749
53.33, 1962749
53.34, 1962749
53.35, 1962749
53.36, 1962749
53.37, 1962749
53.38, 1962749
53.39, 1962749
53.4, 1962749
53.41, 1962749
53.42, 1962749
53.43, 1962749
53.44, 1962749
53.45, 1962749
53.46, 1962749
53.47, 1962749
53.48, 1962749
53.49, 1962749
53.5, 1962749
53.51, 1962749
53.52, 1962749
53.53, 1962749
53.54, 1962749
53.55, 1962749
53.56, 1962749
53.57, 1962749
53.58, 1962749
53.59, 1962749
53.6, 1962749
53.61, 1962749
53.62, 1962749
53.63, 1962749
53.64, 1962749
53.65, 1962749
53.66, 1962749
53.67, 1962749
53.68, 1962749
53.69, 1962749
53.7, 1962749
53.71, 1962749
53.72, 1962749
53.73, 1962749
53.74, 1962749
53.75, 1962749
53.76, 1962749
53.77, 1962749
53.78, 1962749
53.79, 1962749
53.8, 1962749
53.81, 1962749
53.82, 1962749
53.83, 1962749
53.84, 1962749
53.85, 1962749
53.86, 1962749
53.87, 1962749
53.88, 1962749
53.89, 1962749
53.9, 1962749
53.91, 1962749
53.92, 1962749
53.93, 1962749
53.94, 1962749
53.95, 1962749
53.96, 1962749
53.97, 1962749
53.98, 1962749
53.99, 1962749
54.0, 1962749
54.01, 1962749
54.02, 1962749
54.03, 1962749
54.04, 1962749
54.05, 1962749
54.06, 1962749
54.07, 1962749
54.08, 1962749
54.09, 1962749
54.1, 1962749
54.11, 1962749
54.12, 1962749
54.13, 1962749
54.14, 1962749
54.15, 1962749
54.16, 1962749
54.17, 1962749
54.18, 1962749
54.19, 1962749
54.2, 1962749
54.21, 1962749
54.22, 1962749
54.23, 1962749
54.24, 1962749
54.25, 1962749
54.26, 1962749
54.27, 1962749
54.28, 1962749
54.29, 1962749
54.3, 1962749
54.31, 1962749
54.32, 1962749
54.33, 1962749
54.34, 1962749
54.35, 1962749
54.36, 1962749
54.37, 1962749
54.38, 1962749
54.39, 1962749
54.4, 1962749
54.41, 1962749
54.42, 1962749
54.43, 1962749
54.44, 1962749
54.45, 1962749
54.46, 1962749
54.47, 1962749
54.48, 1962749
54.49, 1962749
54.5, 1962749
54.51, 1962749
54.52, 1962749
54.53, 1962749
54.54, 1962749
54.55, 1962749
54.56, 1962749
54.57, 1962749
54.58, 1962749
54.59, 1962749
54.6, 1962749
54.61, 1962749
54.62, 1962749
54.63, 1962749
54.64, 1962749
54.65, 1962749
54.66, 1962749
54.67, 1962749
54.68, 1962749
54.69, 1962749
54.7, 1962749
54.71, 1962749
54.72, 1962749
54.73, 1962749
54.74, 1962749
54.75, 1962749
54.76, 1962749
54.77, 1962749
54.78, 1962749
54.79, 1962749
54.8, 1962749
54.81, 1962749
54.82, 1962749
54.83, 1962749
54.84, 1962749
54.85, 1962749
54.86, 1962749
54.87, 1962749
54.88, 1962749
54.89, 1962749
54.9, 1962749
54.91, 1962749
54.92, 1962749
54.93, 1962749
54.94, 1962749
54.95, 1962749
54.96, 1962749
54.97, 1962749
54.98, 1962749
54.99, 1962749
55.0, 1962749
55.01, 1962749
55.02, 1962749
55.03, 1962749
55.04, 1962749
55.05, 1962749
55.06, 1962749
55.07, 1962749
55.08, 1962749
55.09, 1962749
55.1, 1962749
55.11, 1962749
55.12, 1962749
55.13, 1962749
55.14, 1962749
55.15, 1962749
55.16, 1962749
55.17, 1962749
55.18, 1962749
55.19, 1962749
55.2, 1962749
55.21, 1962749
55.22, 1962749
55.23, 1962749
55.24, 1962749
55.25, 1962749
55.26, 1962749
55.27, 1962749
55.28, 1962749
55.29, 1962749
55.3, 1962749
55.31, 1962749
55.32, 1962749
55.33, 1962749
55.34, 1962749
55.35, 1962749
55.36, 1962749
55.37, 1962749
55.38, 1962749
55.39, 1962749
55.4, 1962749
55.41, 1962749
55.42, 1962749
55.43, 1962749
55.44, 1962749
55.45, 1962749
55.46, 1962749
55.47, 1962749
55.48, 1962749
55.49, 1962749
55.5, 1962749
55.51, 1962749
55.52, 1962749
55.53, 1962749
55.54, 1962749
55.55, 1962749
55.56, 1962749
55.57, 1962749
55.58, 1962749
55.59, 1962749
55.6, 1962749
55.61, 1962749
55.62, 1962749
55.63, 1962749
55.64, 1962749
55.65, 1962749
55.66, 1962749
55.67, 1962749
55.68, 1962749
55.69, 1962749
55.7, 1962749
55.71, 1962749
55.72, 1962749
55.73, 1962749
55.74, 1962749
55.75, 1962749
55.76, 1962749
55.77, 1962749
55.78, 1962749
55.79, 1962749
55.8, 1962749
55.81, 1962749
55.82, 1962749
55.83, 1962749
55.84, 1962749
55.85, 1962749
55.86, 1962749
55.87, 1962749
55.88, 1962749
55.89, 1962749
55.9, 1962749
55.91, 1962749
55.92, 1962749
55.93, 1962749
55.94, 1962749
55.95, 1962749
55.96, 1962749
55.97, 1962749
55.98, 1962749
55.99, 1962749
56.0, 1962749
56.01, 1962749
56.02, 1962749
56.03, 1962749
56.04, 1962749
56.05, 1962749
56.06, 1962749
56.07, 1962749
56.08, 1962749
56.09, 1962749
56.1, 1962749
56.11, 1962749
56.12, 1962749
56.13, 1962749
56.14, 1962749
56.15, 1962749
56.16, 1962749
56.17, 1962749
56.18, 1962749
56.19, 1962749
56.2, 1962749
56.21, 1962749
56.22, 1962749
56.23, 1962749
56.24, 1962749
56.25, 1962749
56.26, 1962749
56.27, 1962749
56.28, 1962749
56.29, 1962749
56.3, 1962749
56.31, 1962749
56.32, 1962749
56.33, 1962749
56.34, 1962749
56.35, 1962749
56.36, 1962749
56.37, 1962749
56.38, 1962749
56.39, 1962749
56.4, 1962749
56.41, 1962749
56.42, 1962749
56.43, 1962749
56.44, 1962749
56.45, 1962749
56.46, 1962749
56.47, 1962749
56.48, 1962749
56.49, 1962749
56.5, 1962749
56.51, 1962749
56.52, 1962749
56.53, 1962749
56.54, 1962749
56.55, 1962749
56.56, 1962749
56.57, 1962749
56.58, 1962749
56.59, 1962749
56.6, 1962749
56.61, 1962749
56.62, 1962749
56.63, 1962749
56.64, 1962749
56.65, 1962749
56.66, 1962749
56.67, 1962749
56.68, 1962749
56.69, 1962749
56.7, 1962749
56.71, 1962749
56.72, 1962749
56.73, 1962749
56.74, 1962749
56.75, 1962749
56.76, 1962749
56.77, 1962749
56.78, 1962749
56.79, 1962749
56.8, 1962749
56.81, 1962749
56.82, 1962749
56.83, 1962749
56.84, 1962749
56.85, 1962749
56.86, 1962749
56.87, 1962749
56.88, 1962749
56.89, 1962749
56.9, 1962749
56.91, 1962749
56.92, 1962749
56.93, 1962749
56.94, 1962749
56.95, 1962749
56.96, 1962749
56.97, 1962749
56.98, 1962749
56.99, 1962749
57.0, 1962749
57.01, 1962749
57.02, 1962749
57.03, 1962749
57.04, 1962749
57.05, 1962749
57.06, 1962749
57.07, 1962749
57.08, 1962749
57.09, 1962749
57.1, 1962749
57.11, 1962749
57.12, 1962749
57.15, 1962749
57.16, 1962749
57.17, 1962749
57.18, 1962749
57.19, 1962749
57.2, 1962749
57.21, 1962749
57.22, 1962749
57.23, 1962749
57.24, 1962749
57.25, 1962749
57.26, 1962749
57.27, 1962749
57.28, 1962749
57.29, 1962749
57.3, 1962749
57.31, 1962749
57.32, 1962749
57.33, 1962749
57.34, 1962749
57.35, 1962749
57.36, 1962749
57.37, 1962749
57.38, 1962749
57.39, 1962749
57.4, 1962749
57.41, 1962749
57.42, 1962749
57.43, 1962749
57.44, 1962749
57.45, 1962749
57.46, 1962749
57.47, 1962749
57.48, 1962749
57.49, 1962749
57.5, 1962749
57.51, 1962749
57.52, 1962749
57.53, 1962749
57.54, 1962749
57.55, 1962749
57.56, 1962749
57.57, 1962749
57.58, 1962749
57.59, 1962749
57.6, 1962749
57.61, 1962749
57.62, 1962749
57.63, 1962749
57.64, 1962749
57.65, 1962749
57.66, 1962749
57.67, 1962749
57.68, 1962749
57.69, 1962749
57.7, 1962749
57.71, 1962749
57.72, 1962749
57.73, 1962749
57.74, 1962749
57.75, 1962749
57.76, 1962749
57.77, 1962749
57.78, 1962749
57.79, 1962749
57.8, 1962749
57.81, 1962749
57.82, 1962749
57.83, 1962749
57.84, 1962749
57.85, 1962749
57.86, 1962749
57.87, 1962749
57.88, 1962749
57.89, 1962749
57.9, 1962749
57.91, 1962749
57.92, 1962749
57.93, 1962749
57.94, 1962749
57.95, 1962749
57.96, 1962749
57.97, 1962749
57.98, 1962749
57.99, 1962749
58.0, 1962749
58.01, 1962749
58.02, 1962749
58.03, 1962749
58.04, 1962749
58.05, 1962749
58.06, 1962749
58.07, 1962749
58.08, 1962749
58.09, 1962749
58.1, 1962749
58.11, 1962749
58.12, 1962749
58.13, 1962749
58.14, 1962749
58.15, 1962749
58.16, 1962749
58.17, 1962749
58.18, 1962749
58.19, 1962749
58.2, 1962749
58.21, 1962749
58.22, 1962749
58.23, 1962749
58.24, 1962749
58.25, 1962749
58.26, 1962749
58.27, 1962749
58.28, 1962749
58.29, 1962749
58.3, 1962749
58.31, 1962749
58.32, 1962749
58.33, 1962749
58.34, 1962749
58.35, 1962749
58.36, 1962749
58.37, 1962749
58.38, 1962749
58.39, 1962749
58.4, 1962749
58.41, 1962749
58.42, 1962749
58.43, 1962749
58.44, 1962749
58.45, 1962749
58.46, 1962749
58.47, 1962749
58.48, 1962749
58.49, 1962749
58.5, 1962749
58.51, 1962749
58.52, 1962749
58.53, 1962749
58.54, 1962749
58.55, 1962749
58.56, 1962749
58.57, 1962749
58.58, 1962749
58.59, 1962749
58.6, 1962749
58.61, 1962749
58.62, 1962749
58.63, 1962749
58.64, 1962749
58.65, 1962749
58.66, 1962749
58.67, 1962749
58.68, 1962749
58.69, 1962749
58.7, 1962749
58.71, 1962749
58.72, 1962749
58.73, 1962749
58.74, 1962749
58.75, 1962749
58.76, 1962749
58.77, 1962749
58.78, 1962749
58.79, 1962749
58.8, 1962749
58.81, 1962749
58.82, 1962749
58.83, 1962749
58.84, 1962749
58.85, 1962749
58.86, 1962749
58.87, 1962749
58.88, 1962749
58.89, 1962749
58.9, 1962749
58.91, 1962749
58.92, 1962749
58.93, 1962749
58.94, 1962749
58.95, 1962749
58.96, 1962749
58.97, 1962749
58.98, 1962749
58.99, 1962749
59.0, 1962749
59.01, 1962749
59.02, 1962749
59.03, 1962749
59.04, 1962749
59.05, 1962749
59.06, 1962749
59.07, 1962749
59.08, 1962749
59.09, 1962749
59.1, 1962749
59.11, 1962749
59.12, 1962749
59.13, 1962749
59.14, 1962749
59.15, 1962749
59.16, 1962749
59.17, 1962749
59.18, 1962749
59.19, 1962749
59.2, 1962749
59.21, 1962749
59.22, 1962749
59.23, 1962749
59.24, 1962749
59.25, 1962749
59.26, 1962749
59.27, 1962749
59.28, 1962749
59.29, 1962749
59.3, 1962749
59.31, 1962749
59.32, 1962749
59.33, 1962749
59.34, 1962749
59.35, 1962749
59.36, 1962749
59.37, 1962749
59.38, 1962749
59.39, 1962749
59.4, 1962749
59.41, 1962749
59.42, 1962749
59.43, 1962749
59.44, 1962749
59.45, 1962749
59.46, 1962749
59.47, 1962749
59.48, 1962749
59.49, 1962749
59.5, 1962749
59.51, 1962749
59.52, 1962749
59.53, 1962749
59.54, 1962749
59.55, 1962749
59.56, 1962749
59.57, 1962749
59.58, 1962749
59.59, 1962749
59.6, 1962749
59.61, 1962749
59.62, 1962749
59.63, 1962749
59.64, 1962749
59.65, 1962749
59.66, 1962749
59.67, 1962749
59.68, 1962749
59.69, 1962749
59.7, 1962749
59.71, 1962749
59.72, 1962749
59.73, 1962749
59.74, 1962749
59.75, 1962749
59.76, 1962749
59.77, 1962749
59.78, 1962749
59.79, 1962749
59.8, 1962749
59.81, 1962749
59.82, 1962749
59.83, 1962749
59.84, 1962749
59.85, 1962749
59.86, 1962749
59.87, 1962749
59.88, 1962749
59.89, 1962749
59.9, 1962749
59.91, 1962749
59.92, 1962749
59.93, 1962749
59.94, 1962749
59.95, 1962749
59.96, 1962749
59.97, 1962749
59.98, 1962749
59.99, 1962749
