0.0, 2527887
0.01, 2479554
0.02, 2479554
0.03, 2410021
0.04, 2410021
0.05, 2410021
0.06, 2410021
0.07, 2410021
0.08, 2410021
0.09, 2410021
0.1, 2410021
0.11, 2410021
0.12, 2410021
0.13, 2325297
0.14, 2325297
0.15, 2325297
0.16, 2325297
0.17, 2325297
0.18, 2184450
0.19, 2184450
0.2, 2184450
0.21, 2184450
0.22, 2184450
0.23, 2184450
0.24, 2184450
0.25, 2184450
0.26, 2184450
0.27, 2184450
0.28, 2184450
0.29, 2184450
0.3, 2184450
0.31, 2184450
0.32, 2184450
0.33, 2184450
0.34, 2184450
0.35, 2184450
0.36, 2184450
0.37, 2184450
0.38, 2184450
0.39, 2184450
0.4, 2184450
0.41, 2184450
0.42, 2184450
0.43, 2184450
0.44, 2184450
0.45, 2184450
0.46, 2184450
0.47, 2184450
0.48, 2184450
0.49, 2184450
0.5, 2184450
0.51, 2184450
0.52, 2184450
0.53, 2184450
0.54, 2184450
0.55, 2184450
0.56, 2184450
0.57, 2184450
0.58, 2184450
0.59, 2184450
0.6, 2184450
0.61, 2184450
0.62, 2184450
0.63, 2184450
0.64, 2184450
0.65, 2184450
0.66, 2184450
0.67, 2184450
0.68, 2184450
0.69, 2184450
0.7, 2184450
0.71, 2184450
0.72, 2184450
0.73, 2184450
0.74, 2184450
0.75, 2184450
0.76, 2184450
0.77, 2184450
0.78, 2184450
0.79, 2184450
0.8, 2184450
0.81, 2184450
0.82, 2184450
0.83, 2184450
0.84, 2184450
0.85, 2184450
0.86, 2116983
0.87, 2116983
0.88, 2116983
0.89, 2116983
0.9, 2116983
0.91, 2116983
0.92, 2116983
0.93, 2116983
0.94, 2116983
0.95, 2116983
0.96, 2116983
0.97, 2116983
0.98, 2116983
0.99, 2116983
1.0, 2116983
1.01, 2116983
1.02, 2116983
1.03, 2116983
1.04, 2116983
1.05, 2116983
1.06, 2116983
1.07, 2116983
1.08, 2116983
1.09, 2116983
1.1, 2116983
1.11, 2116983
1.12, 2116983
1.13, 2116983
1.14, 2116983
1.15, 2116983
1.16, 2116983
1.17, 2116983
1.18, 2116983
1.19, 2116983
1.2, 2116983
1.21, 2116983
1.22, 2116983
1.23, 2116983
1.24, 2116983
1.25, 2116983
1.26, 2116983
1.27, 2116983
1.28, 2116983
1.29, 2116983
1.3, 2116983
1.31, 2116983
1.32, 2116983
1.33, 2116983
1.34, 2116983
1.35, 2116983
1.36, 2116983
1.37, 2116983
1.38, 2116983
1.39, 2116983
1.4, 2116983
1.41, 2116983
1.42, 2116983
1.43, 2116983
1.44, 2116983
1.45, 2116983
1.46, 2116983
1.47, 2116983
1.48, 2116983
1.49, 2116983
1.5, 2116983
1.51, 2116983
1.52, 2116983
1.53, 2116983
1.54, 2116983
1.55, 2116983
1.56, 2116983
1.57, 2116983
1.58, 2116983
1.59, 2116983
1.6, 2116983
1.61, 2116983
1.62, 2116983
1.63, 2116983
1.64, 2116983
1.65, 2116983
1.66, 2116983
1.67, 2116983
1.68, 2116983
1.69, 2116983
1.7, 2116983
1.71, 2116983
1.72, 2116983
1.73, 2116983
1.74, 2116983
1.75, 2116983
1.76, 2116983
1.77, 2116983
1.78, 2116983
1.79, 2116983
1.8, 2116983
1.81, 2116983
1.82, 2116983
1.83, 2116983
1.84, 2116983
1.85, 2116983
1.86, 2116983
1.87, 2116983
1.88, 2116983
1.89, 2116983
1.9, 2116983
1.91, 2116983
1.92, 2116983
1.93, 2116983
1.94, 2116983
1.95, 2116983
1.96, 2116983
1.97, 2116983
1.98, 2116983
1.99, 2116983
2.0, 2116983
2.01, 2116983
2.02, 2116983
2.03, 2116983
2.04, 2116983
2.05, 2116983
2.06, 2116983
2.07, 2116983
2.08, 2116983
2.09, 2116983
2.1, 2116983
2.11, 2116983
2.12, 2116983
2.13, 2116983
2.14, 2116983
2.15, 2116983
2.16, 2116983
2.17, 2116983
2.18, 2116983
2.19, 2116983
2.2, 2116983
2.21, 2116983
2.22, 2116983
2.23, 2116983
2.24, 2116983
2.25, 2116983
2.26, 2116983
2.27, 2116983
2.28, 2116983
2.29, 2116983
2.3, 2116983
2.31, 2116983
2.32, 2116983
2.33, 2116983
2.34, 2116983
2.35, 2116983
2.36, 2116983
2.37, 2116983
2.38, 2116983
2.39, 2116983
2.4, 2116983
2.41, 2116983
2.42, 2116983
2.43, 2116983
2.44, 2116983
2.45, 2116983
2.46, 2116983
2.47, 2116983
2.48, 2116983
2.49, 2116983
2.5, 2116983
2.51, 2116983
2.52, 2116983
2.53, 2116983
2.54, 2116983
2.55, 2116983
2.56, 2116983
2.57, 2116983
2.58, 2116983
2.59, 2116983
2.6, 2116983
2.61, 2116983
2.62, 2116983
2.63, 2116983
2.64, 2116983
2.65, 2116983
2.66, 2116983
2.67, 2116983
2.68, 2116983
2.69, 2116983
2.7, 2116983
2.71, 2116983
2.72, 2116983
2.73, 2116983
2.74, 2116983
2.75, 2116983
2.76, 2116983
2.77, 2116983
2.78, 2116983
2.79, 2116983
2.8, 2116983
2.81, 2116983
2.82, 2116983
2.83, 2116983
2.84, 2116983
2.85, 2116983
2.86, 2116983
2.87, 2116983
2.88, 2116983
2.89, 2116983
2.9, 2116983
2.91, 2116983
2.92, 2116983
2.93, 2116983
2.94, 2116983
2.95, 2116983
2.96, 2116983
2.97, 2116983
2.98, 2116983
2.99, 2116983
3.0, 2116983
3.01, 2116983
3.02, 2116983
3.03, 2116983
3.04, 2116983
3.05, 2116983
3.06, 2116983
3.07, 2116983
3.08, 2116983
3.09, 2116983
3.1, 2116983
3.11, 2116983
3.12, 2116983
3.13, 2116983
3.14, 2116983
3.15, 2116983
3.16, 2116983
3.17, 2116983
3.18, 2116983
3.19, 2116983
3.2, 2116983
3.21, 2116983
3.22, 2116983
3.23, 2116983
3.24, 2116983
3.25, 2116983
3.26, 2116983
3.27, 2116983
3.28, 2116983
3.29, 2116983
3.3, 2116983
3.31, 2116983
3.32, 2116983
3.33, 2116983
3.34, 2116983
3.35, 2116983
3.36, 2116983
3.37, 2116983
3.38, 2116983
3.39, 2116983
3.4, 2116983
3.41, 2116983
3.42, 2116983
3.43, 2116983
3.44, 2116983
3.45, 2116983
3.46, 2116983
3.47, 2116983
3.48, 2116983
3.49, 2116983
3.5, 2116983
3.51, 2116983
3.52, 2116983
3.53, 2116983
3.54, 2116983
3.55, 2116983
3.56, 2116983
3.57, 2116983
3.58, 2116983
3.59, 2116983
3.6, 2116983
3.61, 2116983
3.62, 2116983
3.63, 2116983
3.64, 2116983
3.65, 2116983
3.66, 2116983
3.67, 2116983
3.68, 2116983
3.69, 2116983
3.7, 2116983
3.71, 2116983
3.72, 2116983
3.73, 2116983
3.74, 2116983
3.75, 2116983
3.76, 2116983
3.77, 2116983
3.78, 2116983
3.79, 2116983
3.8, 2116983
3.81, 2116983
3.82, 2116983
3.83, 2116983
3.84, 2116983
3.85, 2116983
3.86, 2026986
3.87, 2026986
3.88, 2026986
3.89, 2026986
3.9, 2026986
3.91, 2026986
3.92, 2026986
3.93, 2026986
3.94, 2026986
3.95, 2026986
3.96, 2026986
3.97, 2026986
3.98, 2026986
3.99, 2026986
4.0, 2026986
4.01, 2026986
4.02, 2026986
4.03, 2026986
4.04, 2026986
4.05, 2026986
4.06, 2026986
4.07, 2026986
4.08, 2026986
4.09, 2026986
4.1, 2026986
4.11, 2026986
4.12, 2026986
4.13, 2026986
4.14, 2026986
4.15, 2026986
4.16, 2026986
4.17, 2026986
4.18, 2026986
4.19, 2026986
4.2, 2026986
4.21, 2026986
4.22, 2026986
4.23, 2026986
4.24, 2026986
4.25, 2026986
4.26, 2026986
4.27, 2026986
4.28, 2026986
4.29, 2026986
4.3, 2026986
4.31, 2026986
4.32, 2026986
4.33, 2026986
4.34, 2026986
4.35, 2026986
4.36, 2026986
4.37, 2026986
4.38, 2026986
4.39, 2026986
4.4, 2026986
4.41, 2026986
4.42, 2026986
4.43, 2026986
4.44, 2026986
4.45, 2026986
4.46, 2026986
4.47, 2026986
4.48, 2026986
4.49, 2026986
4.5, 2026986
4.51, 2026986
4.52, 2026986
4.53, 2026986
4.54, 2026986
4.55, 2026986
4.56, 2026986
4.57, 2026986
4.58, 2026986
4.59, 2026986
4.6, 2026986
4.61, 2026986
4.62, 2026986
4.63, 2026986
4.64, 2026986
4.65, 2026986
4.66, 2026986
4.67, 2026986
4.68, 2026986
4.69, 2026986
4.7, 2026986
4.71, 2026986
4.72, 2026986
4.73, 2026986
4.74, 2026986
4.75, 2026986
4.76, 2026986
4.77, 2026986
4.78, 2026986
4.79, 2026986
4.8, 2026986
4.81, 2026986
4.82, 2026986
4.83, 2026986
4.84, 2026986
4.85, 2026986
4.86, 2026986
4.87, 2026986
4.88, 2026986
4.89, 2026986
4.9, 2026986
4.91, 2026986
4.92, 2026986
4.93, 2026986
4.94, 2026986
4.95, 2026986
4.96, 2026986
4.97, 2026986
4.98, 2026986
4.99, 2026986
5.0, 2026986
5.01, 2026986
5.02, 2026986
5.03, 2026986
5.04, 2026986
5.05, 2026986
5.06, 2026986
5.07, 2026986
5.08, 2026986
5.09, 2026986
5.1, 2026986
5.11, 2026986
5.12, 2026986
5.13, 2026986
5.14, 2026986
5.15, 2026986
5.16, 2026986
5.17, 2026986
5.18, 2026986
5.19, 2026986
5.2, 2026986
5.21, 2026986
5.22, 2026986
5.23, 2026986
5.24, 2026986
5.25, 2026986
5.26, 2026986
5.27, 2026986
5.28, 2026986
5.29, 2026986
5.3, 2026986
5.31, 2026986
5.32, 2026986
5.33, 2026986
5.34, 2026986
5.35, 2026986
5.36, 2026986
5.37, 2026986
5.38, 2026986
5.39, 2026986
5.4, 2026986
5.41, 2026986
5.42, 2026986
5.43, 2026986
5.44, 2026986
5.45, 2026986
5.46, 2026986
5.47, 2026986
5.48, 2026986
5.49, 2026986
5.5, 2026986
5.51, 2026986
5.52, 2026986
5.53, 2026986
5.54, 2026986
5.55, 2026986
5.56, 2026986
5.57, 2026986
5.58, 2026986
5.59, 2026986
5.6, 2026986
5.61, 2026986
5.62, 2026986
5.63, 2026986
5.64, 2026986
5.65, 2026986
5.66, 2026986
5.67, 2026986
5.68, 2026986
5.69, 2026986
5.7, 2026986
5.71, 2026986
5.72, 2026986
5.73, 2026986
5.74, 2026986
5.75, 2026986
5.76, 2026986
5.77, 2026986
5.78, 2026986
5.79, 2026986
5.8, 2026986
5.81, 2026986
5.82, 2026986
5.83, 2026986
5.84, 2026986
5.85, 2026986
5.86, 2026986
5.87, 2026986
5.88, 2026986
5.89, 2026986
5.9, 2026986
5.91, 2026986
5.92, 2026986
5.93, 2026986
5.94, 2026986
5.95, 2026986
5.96, 2026986
5.97, 2026986
5.98, 2026986
5.99, 2026986
6.0, 2026986
6.01, 2026986
6.02, 2026986
6.03, 2026986
6.04, 2026986
6.05, 2026986
6.06, 2026986
6.07, 2026986
6.08, 2026986
6.09, 2026986
6.1, 2026986
6.11, 2026986
6.12, 2026986
6.13, 2026986
6.14, 2026986
6.15, 2026986
6.16, 2026986
6.17, 2026986
6.18, 2026986
6.19, 2026986
6.2, 2026986
6.21, 2026986
6.22, 2026986
6.23, 2026986
6.24, 2026986
6.25, 2026986
6.26, 2026986
6.27, 2026986
6.28, 2026986
6.29, 2026986
6.3, 2026986
6.31, 2026986
6.32, 2026986
6.33, 2026986
6.34, 2026986
6.35, 2026986
6.36, 2026986
6.37, 2026986
6.38, 2026986
6.39, 2026986
6.4, 2026986
6.41, 2026986
6.42, 2026986
6.43, 2026986
6.44, 2026986
6.45, 2026986
6.46, 2026986
6.47, 2026986
6.48, 2026986
6.49, 2026986
6.5, 2026986
6.51, 2026986
6.52, 2026986
6.53, 2026986
6.54, 2026986
6.55, 2026986
6.56, 2026986
6.57, 2026986
6.58, 2026986
6.59, 2026986
6.6, 2026986
6.61, 2026986
6.62, 2026986
6.63, 2026986
6.64, 2026986
6.65, 2026986
6.66, 2026986
6.67, 2026986
6.68, 2026986
6.69, 2026986
6.7, 2026986
6.71, 2026986
6.72, 2026986
6.73, 2026986
6.74, 2026986
6.75, 2026986
6.76, 2026986
6.77, 2026986
6.78, 2026986
6.79, 2026986
6.8, 2026986
6.81, 2026986
6.82, 2026986
6.83, 2026986
6.84, 2026986
6.85, 2026986
6.86, 2026986
6.87, 2026986
6.88, 2026986
6.89, 2026986
6.9, 2026986
6.91, 2026986
6.92, 2026986
6.93, 2026986
6.94, 2026986
6.95, 2026986
6.96, 2026986
6.97, 2026986
6.98, 2026986
6.99, 2026986
7.0, 2026986
7.01, 2026986
7.02, 2026986
7.03, 2026986
7.04, 2026986
7.05, 2026986
7.06, 2026986
7.07, 2026986
7.08, 2026986
7.09, 2026986
7.1, 2026986
7.11, 2026986
7.12, 2026986
7.13, 2026986
7.14, 2026986
7.15, 2026986
7.16, 2026986
7.17, 2026986
7.18, 2026986
7.19, 2026986
7.2, 2026986
7.21, 2026986
7.22, 2026986
7.23, 2026986
7.24, 2026986
7.25, 2026986
7.26, 2026986
7.27, 2026986
7.28, 2026986
7.29, 2026986
7.3, 2026986
7.31, 2026986
7.32, 2026986
7.33, 2026986
7.34, 2026986
7.35, 2026986
7.36, 2026986
7.37, 2026986
7.38, 2026986
7.39, 2026986
7.4, 2026986
7.41, 2026986
7.42, 2026986
7.43, 2026986
7.44, 2026986
7.45, 2026986
7.46, 2026986
7.47, 2026986
7.48, 2026986
7.49, 2026986
7.5, 2026986
7.51, 2026986
7.52, 2026986
7.53, 2026986
7.54, 2026986
7.55, 2026986
7.56, 2026986
7.57, 2026986
7.58, 2026986
7.59, 2026986
7.6, 2026986
7.61, 2026986
7.62, 2026986
7.63, 2026986
7.64, 2026986
7.65, 2026986
7.66, 2026986
7.67, 2026986
7.68, 2026986
7.69, 2026986
7.7, 2026986
7.71, 2026986
7.72, 2026986
7.73, 2026986
7.74, 2026986
7.75, 2026986
7.76, 2026986
7.77, 2026986
7.78, 2026986
7.79, 2026986
7.8, 2026986
7.81, 2026986
7.82, 2026986
7.83, 2026986
7.84, 2026986
7.85, 2026986
7.86, 2026986
7.87, 2026986
7.88, 2026986
7.89, 2026986
7.9, 2026986
7.91, 2026986
7.92, 2026986
7.93, 2026986
7.94, 2026986
7.95, 2026986
7.96, 2026986
7.97, 2026986
7.98, 2026986
7.99, 2026986
8.0, 2026986
8.01, 2026986
8.02, 2026986
8.03, 2026986
8.04, 2026986
8.05, 2026986
8.06, 2026986
8.07, 2026986
8.08, 2026986
8.09, 2026986
8.1, 2026986
8.11, 2026986
8.12, 2026986
8.13, 2026986
8.14, 2026986
8.15, 2026986
8.16, 2026986
8.17, 2026986
8.18, 2026986
8.19, 2026986
8.2, 2026986
8.21, 2026986
8.22, 2026986
8.23, 2026986
8.24, 2026986
8.25, 2026986
8.26, 2026986
8.27, 2026986
8.28, 2026986
8.29, 2026986
8.3, 2026986
8.31, 2026986
8.32, 2026986
8.33, 2026986
8.34, 2026986
8.35, 2026986
8.36, 2026986
8.37, 2026986
8.38, 2026986
8.39, 2026986
8.4, 2026986
8.41, 2026986
8.42, 2026986
8.43, 2026986
8.44, 2026986
8.45, 2026986
8.46, 2026986
8.47, 2026986
8.48, 2026986
8.49, 2026986
8.5, 2026986
8.51, 2026986
8.52, 2026986
8.53, 2026986
8.54, 2026986
8.55, 2026986
8.56, 2026986
8.57, 2026986
8.58, 2026986
8.59, 2026986
8.6, 2026986
8.61, 2026986
8.62, 2026986
8.63, 2026986
8.64, 2026986
8.65, 2026986
8.66, 2026986
8.67, 2026986
8.68, 2026986
8.69, 2026986
8.7, 2026986
8.71, 2026986
8.72, 2026986
8.73, 2026986
8.74, 2026986
8.75, 2026986
8.76, 2026986
8.77, 2026986
8.78, 2026986
8.79, 2026986
8.8, 2026986
8.81, 2026986
8.82, 2026986
8.83, 2026986
8.84, 2026986
8.85, 2026986
8.86, 2026986
8.87, 2026986
8.88, 2026986
8.89, 2026986
8.9, 2026986
8.91, 2026986
8.92, 2026986
8.93, 2026986
8.94, 2026986
8.95, 2026986
8.96, 2026986
8.97, 2026986
8.98, 2026986
8.99, 2026986
9.0, 2026986
9.01, 2026986
9.02, 2026986
9.03, 2026986
9.04, 2026986
9.05, 2026986
9.06, 2026986
9.07, 2026986
9.08, 2026986
9.09, 2026986
9.1, 2026986
9.11, 2026986
9.12, 2026986
9.13, 2026986
9.14, 2026986
9.15, 2026986
9.16, 2026986
9.17, 2026986
9.18, 2026986
9.19, 2026986
9.2, 2026986
9.21, 2026986
9.22, 2026986
9.23, 2026986
9.24, 2026986
9.25, 2026986
9.26, 2026986
9.27, 2026986
9.28, 2026986
9.29, 2026986
9.3, 2026986
9.31, 2026986
9.32, 2026986
9.33, 2026986
9.34, 2026986
9.35, 2026986
9.36, 2026986
9.37, 2026986
9.38, 2026986
9.39, 2026986
9.4, 2026986
9.41, 2026986
9.42, 2026986
9.43, 2026986
9.44, 2026986
9.45, 2026986
9.46, 2026986
9.47, 2026986
9.48, 2026986
9.49, 2026986
9.5, 2026986
9.51, 2026986
9.52, 2026986
9.53, 2026986
9.54, 2026986
9.55, 2026986
9.56, 2026986
9.57, 2026986
9.58, 2026986
9.59, 2026986
9.6, 2026986
9.61, 2026986
9.62, 2026986
9.63, 2026986
9.64, 2026986
9.65, 2026986
9.66, 2026986
9.67, 2026986
9.68, 2026986
9.69, 2026986
9.7, 2026986
9.71, 2026986
9.72, 2026986
9.73, 2026986
9.74, 2026986
9.75, 2026986
9.76, 2026986
9.77, 2026986
9.78, 2026986
9.79, 2026986
9.8, 2026986
9.81, 2026986
9.82, 2026986
9.83, 2026986
9.84, 2026986
9.85, 2026986
9.86, 2026986
9.87, 2026986
9.88, 2026986
9.89, 2026986
9.9, 2026986
9.91, 2026986
9.92, 2026986
9.93, 2026986
9.94, 2026986
9.95, 2026986
9.96, 2026986
9.97, 2026986
9.98, 2026986
9.99, 2026986
10.0, 2026986
10.01, 2026986
10.02, 2026986
10.03, 2026986
10.04, 2026986
10.05, 2026986
10.06, 2026986
10.07, 2026986
10.08, 2026986
10.09, 2026986
10.1, 2026986
10.11, 2026986
10.12, 2026986
10.13, 2026986
10.14, 2026986
10.15, 2026986
10.16, 2026986
10.17, 2026986
10.18, 2026986
10.19, 2026986
10.2, 2026986
10.21, 2026986
10.22, 2026986
10.23, 2026986
10.24, 2026986
10.25, 2026986
10.26, 2026986
10.27, 2026986
10.28, 2026986
10.29, 2026986
10.3, 2026986
10.31, 2026986
10.32, 2026986
10.33, 2026986
10.34, 2026986
10.35, 2026986
10.36, 2026986
10.37, 2026986
10.38, 2026986
10.39, 2026986
10.4, 2026986
10.41, 2026986
10.42, 2026986
10.43, 2026986
10.44, 2026986
10.45, 2026986
10.46, 2026986
10.47, 2026986
10.48, 2026986
10.49, 2026986
10.5, 2026986
10.51, 2026986
10.52, 2026986
10.53, 2026986
10.54, 2026986
10.55, 2026986
10.56, 2026986
10.57, 2026986
10.58, 2026986
10.59, 2026986
10.6, 2026986
10.61, 2026986
10.62, 2026986
10.63, 2026986
10.64, 2026986
10.65, 2026986
10.66, 2026986
10.67, 2026986
10.68, 2026986
10.69, 2026986
10.7, 2026986
10.71, 2026986
10.72, 2026986
10.73, 2026986
10.74, 2026986
10.75, 2026986
10.76, 2026986
10.77, 2026986
10.78, 2026986
10.79, 2026986
10.8, 2026986
10.81, 2026986
10.82, 2026986
10.83, 2026986
10.84, 2026986
10.85, 2026986
10.86, 2026986
10.87, 2026986
10.88, 2026986
10.89, 2026986
10.9, 2026986
10.91, 2026986
10.92, 2026986
10.93, 2026986
10.94, 2026986
10.95, 2026986
10.96, 2026986
10.97, 2026986
10.98, 2026986
10.99, 2026986
11.0, 2026986
11.01, 2026986
11.02, 2026986
11.03, 2026986
11.04, 2026986
11.05, 2026986
11.06, 2026986
11.07, 2026986
11.08, 2026986
11.09, 2026986
11.1, 2026986
11.11, 2026986
11.12, 2026986
11.13, 2026986
11.14, 2026986
11.15, 2026986
11.16, 2026986
11.17, 2026986
11.18, 2026986
11.19, 2026986
11.2, 2026986
11.21, 2026986
11.22, 2026986
11.23, 2026986
11.26, 2026986
11.27, 2026986
11.28, 2026986
11.29, 2026986
11.3, 2026986
11.31, 2026986
11.32, 2026986
11.33, 2026986
11.34, 2026986
11.35, 2026986
11.36, 2026986
11.37, 2026986
11.38, 2026986
11.39, 2026986
11.4, 2026986
11.41, 2026986
11.42, 2026986
11.43, 2026986
11.44, 2026986
11.45, 2026986
11.46, 2026986
11.47, 2026986
11.48, 2026986
11.49, 2026986
11.5, 2026986
11.51, 2026986
11.52, 2026986
11.53, 2026986
11.54, 2026986
11.55, 2026986
11.56, 2026986
11.57, 2026986
11.58, 2026986
11.59, 2026986
11.6, 2026986
11.61, 2026986
11.62, 2026986
11.63, 2026986
11.64, 2026986
11.65, 2026986
11.66, 2026986
11.67, 2026986
11.68, 2026986
11.69, 2026986
11.7, 2026986
11.71, 2026986
11.72, 2026986
11.73, 2026986
11.74, 2026986
11.75, 2026986
11.76, 2026986
11.77, 2026986
11.78, 2026986
11.79, 2026986
11.8, 2026986
11.81, 2026986
11.82, 2026986
11.83, 2026986
11.84, 2026986
11.85, 2026986
11.86, 2026986
11.87, 2026986
11.88, 2026986
11.89, 2026986
11.9, 2026986
11.91, 2026986
11.92, 2026986
11.93, 2026986
11.94, 2026986
11.95, 2026986
11.96, 2026986
11.97, 2026986
11.98, 2026986
11.99, 2026986
12.0, 2026986
12.01, 2026986
12.02, 2026986
12.03, 2026986
12.04, 2026986
12.05, 2026986
12.06, 2026986
12.07, 2026986
12.08, 2026986
12.09, 2026986
12.1, 2026986
12.11, 2026986
12.12, 2026986
12.13, 2026986
12.14, 2026986
12.15, 2026986
12.16, 2026986
12.17, 2026986
12.18, 2026986
12.19, 2026986
12.2, 2026986
12.21, 2026986
12.22, 2026986
12.23, 2026986
12.24, 2026986
12.25, 2026986
12.26, 2026986
12.27, 2026986
12.28, 2026986
12.29, 2026986
12.3, 2026986
12.31, 2026986
12.32, 2026986
12.33, 2026986
12.34, 2026986
12.35, 2026986
12.36, 2026986
12.37, 2026986
12.38, 2026986
12.39, 2026986
12.4, 2026986
12.41, 2026986
12.42, 2026986
12.43, 2026986
12.44, 2026986
12.45, 2026986
12.46, 2026986
12.47, 2026986
12.48, 2026986
12.49, 2026986
12.5, 2026986
12.51, 2026986
12.52, 2026986
12.53, 2026986
12.54, 2026986
12.55, 2026986
12.56, 2026986
12.57, 2026986
12.58, 2026986
12.59, 2026986
12.6, 2026986
12.61, 2026986
12.62, 2026986
12.63, 2026986
12.64, 2026986
12.65, 2026986
12.66, 2026986
12.67, 2026986
12.68, 2026986
12.69, 2026986
12.7, 2026986
12.71, 2026986
12.72, 2026986
12.73, 2026986
12.74, 2026986
12.75, 2026986
12.76, 2026986
12.77, 2026986
12.78, 2026986
12.79, 2026986
12.8, 2026986
12.81, 2026986
12.82, 2026986
12.83, 2026986
12.84, 2026986
12.85, 2026986
12.86, 2026986
12.87, 2026986
12.88, 2026986
12.89, 2026986
12.9, 2026986
12.91, 2026986
12.92, 2026986
12.93, 2026986
12.94, 2026986
12.95, 2026986
12.96, 2026986
12.97, 2026986
12.98, 2026986
12.99, 2026986
13.0, 2026986
13.01, 2026986
13.02, 2026986
13.03, 2026986
13.04, 2026986
13.05, 2026986
13.06, 2026986
13.07, 2026986
13.08, 2026986
13.09, 2026986
13.1, 2026986
13.11, 2026986
13.12, 2026986
13.13, 2026986
13.14, 2026986
13.15, 2026986
13.16, 2026986
13.17, 2026986
13.18, 2026986
13.19, 2026986
13.2, 2026986
13.21, 2026986
13.22, 2026986
13.23, 2026986
13.24, 2026986
13.25, 2026986
13.26, 2026986
13.27, 2026986
13.28, 2026986
13.29, 2026986
13.3, 2026986
13.31, 2026986
13.32, 2026986
13.33, 2026986
13.34, 2026986
13.35, 2026986
13.36, 2026986
13.37, 2026986
13.38, 2026986
13.39, 2026986
13.4, 2026986
13.41, 2026986
13.42, 2026986
13.43, 2026986
13.44, 2026986
13.45, 2026986
13.46, 2026986
13.47, 2026986
13.48, 2026986
13.49, 2026986
13.5, 2026986
13.51, 2026986
13.52, 2026986
13.53, 2026986
13.54, 2026986
13.55, 2026986
13.56, 2026986
13.57, 2026986
13.58, 2026986
13.59, 2026986
13.6, 2026986
13.61, 2026986
13.62, 2026986
13.63, 2026986
13.64, 2026986
13.65, 2026986
13.66, 2026986
13.67, 2026986
13.68, 2026986
13.69, 2026986
13.7, 2026986
13.71, 2026986
13.72, 2026986
13.73, 2026986
13.74, 2026986
13.75, 2026986
13.76, 2026986
13.77, 2026986
13.78, 2026986
13.79, 2026986
13.8, 2026986
13.81, 2026986
13.82, 2026986
13.83, 2026986
13.84, 2026986
13.85, 2026986
13.86, 2026986
13.87, 2026986
13.88, 2026986
13.89, 2026986
13.9, 2026986
13.91, 2026986
13.92, 2026986
13.93, 2026986
13.94, 2026986
13.95, 2026986
13.96, 2026986
13.97, 2026986
13.98, 2026986
13.99, 2026986
14.0, 2026986
14.01, 2026986
14.02, 2026986
14.03, 2026986
14.04, 2026986
14.05, 2026986
14.06, 2026986
14.07, 2026986
14.08, 2026986
14.09, 2026986
14.1, 2026986
14.11, 2026986
14.12, 2026986
14.13, 2026986
14.14, 2026986
14.15, 2026986
14.16, 2026986
14.17, 2026986
14.18, 2026986
14.19, 2026986
14.2, 2026986
14.21, 2026986
14.22, 2026986
14.23, 2026986
14.24, 2026986
14.25, 2026986
14.26, 2026986
14.27, 2026986
14.28, 2026986
14.29, 2026986
14.3, 2026986
14.31, 2026986
14.32, 2026986
14.33, 2026986
14.34, 2026986
14.35, 2026986
14.36, 2026986
14.37, 2026986
14.38, 2026986
14.39, 2026986
14.4, 2026986
14.41, 2026986
14.42, 2026986
14.43, 2026986
14.44, 2026986
14.45, 2026986
14.46, 2026986
14.47, 2026986
14.48, 2026986
14.49, 2026986
14.5, 2026986
14.51, 2026986
14.52, 2026986
14.53, 2026986
14.54, 2026986
14.55, 2026986
14.56, 2026986
14.57, 2026986
14.58, 2026986
14.59, 2026986
14.6, 2026986
14.61, 2026986
14.62, 2026986
14.63, 2026986
14.64, 2026986
14.65, 2026986
14.66, 2026986
14.67, 2026986
14.68, 2026986
14.69, 2026986
14.7, 2026986
14.71, 2026986
14.72, 2026986
14.73, 2026986
14.74, 2026986
14.75, 2026986
14.76, 2026986
14.77, 2026986
14.78, 2026986
14.79, 2026986
14.8, 2026986
14.81, 2026986
14.82, 2026986
14.83, 2026986
14.84, 2026986
14.85, 2026986
14.86, 2026986
14.87, 2026986
14.88, 2026986
14.89, 2026986
14.9, 2026986
14.91, 2026986
14.92, 2026986
14.93, 2026986
14.94, 2026986
14.95, 2026986
14.96, 2026986
14.97, 2026986
14.98, 2026986
14.99, 2026986
15.0, 2026986
15.01, 2026986
15.02, 2026986
15.03, 2026986
15.04, 2026986
15.05, 2026986
15.06, 2026986
15.07, 2026986
15.08, 2026986
15.09, 2026986
15.1, 2026986
15.11, 2026986
15.12, 2026986
15.13, 2026986
15.14, 2026986
15.15, 2026986
15.16, 2026986
15.17, 2026986
15.18, 2026986
15.19, 2026986
15.2, 2026986
15.21, 2026986
15.22, 2026986
15.23, 2026986
15.24, 2026986
15.25, 2026986
15.26, 2026986
15.27, 2026986
15.28, 2026986
15.29, 2026986
15.3, 2026986
15.31, 2026986
15.32, 2026986
15.33, 2026986
15.34, 2026986
15.35, 2026986
15.36, 2026986
15.37, 2026986
15.38, 2026986
15.39, 2026986
15.4, 2026986
15.41, 2026986
15.42, 2026986
15.43, 2026986
15.44, 2026986
15.45, 2026986
15.46, 2026986
15.47, 2026986
15.48, 2026986
15.49, 2026986
15.5, 2026986
15.51, 2026986
15.52, 2026986
15.53, 2026986
15.54, 2026986
15.55, 2026986
15.56, 2026986
15.57, 2026986
15.58, 2026986
15.59, 2026986
15.6, 2026986
15.61, 2026986
15.62, 2026986
15.63, 2026986
15.64, 2026986
15.65, 2026986
15.66, 2026986
15.67, 2026986
15.68, 2026986
15.69, 2026986
15.7, 2026986
15.71, 2026986
15.72, 2026986
15.73, 2026986
15.74, 2026986
15.75, 2026986
15.76, 2026986
15.77, 2026986
15.78, 2026986
15.79, 2026986
15.8, 2026986
15.81, 2026986
15.82, 2026986
15.83, 2026986
15.84, 2026986
15.85, 2026986
15.86, 2026986
15.87, 2026986
15.88, 2026986
15.89, 2026986
15.9, 2026986
15.91, 2026986
15.92, 2026986
15.93, 2026986
15.94, 2026986
15.95, 2026986
15.96, 2026986
15.97, 2026986
15.98, 2026986
15.99, 2026986
16.0, 2026986
16.01, 2026986
16.02, 2026986
16.03, 2026986
16.04, 2026986
16.05, 2026986
16.06, 2026986
16.07, 2026986
16.08, 2026986
16.09, 2026986
16.1, 2026986
16.11, 2026986
16.12, 2026986
16.13, 2026986
16.14, 2026986
16.15, 2026986
16.16, 2026986
16.17, 2026986
16.18, 2026986
16.19, 2026986
16.2, 2026986
16.21, 2026986
16.22, 2026986
16.23, 2026986
16.24, 2026986
16.25, 2026986
16.26, 2026986
16.27, 2026986
16.28, 2026986
16.29, 2026986
16.3, 2026986
16.31, 2026986
16.32, 2026986
16.33, 2026986
16.34, 2026986
16.35, 2026986
16.36, 2026986
16.37, 2026986
16.38, 2026986
16.39, 2026986
16.4, 2026986
16.41, 2026986
16.42, 2026986
16.43, 2026986
16.44, 2026986
16.45, 2026986
16.46, 2026986
16.47, 2026986
16.48, 2026986
16.49, 2026986
16.5, 2026986
16.51, 2026986
16.52, 2026986
16.53, 2026986
16.54, 2026986
16.55, 2026986
16.56, 2026986
16.57, 2026986
16.58, 2026986
16.59, 2026986
16.6, 2026986
16.61, 2026986
16.62, 2026986
16.63, 2026986
16.64, 2026986
16.65, 2026986
16.66, 2026986
16.67, 2026986
16.68, 2026986
16.69, 2026986
16.7, 2026986
16.71, 2026986
16.72, 2026986
16.73, 2026986
16.74, 2026986
16.75, 2026986
16.76, 2026986
16.77, 2026986
16.78, 2026986
16.79, 2026986
16.8, 2026986
16.81, 2026986
16.82, 2026986
16.83, 2026986
16.84, 2026986
16.85, 2026986
16.86, 2026986
16.87, 2026986
16.88, 2026986
16.89, 2026986
16.9, 2026986
16.91, 2026986
16.92, 2026986
16.93, 2026986
16.94, 2026986
16.95, 2026986
16.96, 2026986
16.97, 2026986
16.98, 2026986
16.99, 2026986
17.0, 2026986
17.01, 2026986
17.02, 2026986
17.03, 2026986
17.04, 2026986
17.05, 2026986
17.06, 2026986
17.07, 2026986
17.08, 2026986
17.09, 2026986
17.1, 2026986
17.11, 2026986
17.12, 2026986
17.13, 2026986
17.14, 2026986
17.15, 2026986
17.16, 2026986
17.17, 2026986
17.18, 2026986
17.19, 2026986
17.2, 2026986
17.21, 2026986
17.22, 2026986
17.23, 2026986
17.24, 2026986
17.25, 2026986
17.26, 2026986
17.27, 2026986
17.28, 2026986
17.29, 2026986
17.3, 2026986
17.31, 2026986
17.32, 2026986
17.33, 2026986
17.34, 2026986
17.35, 2026986
17.36, 2026986
17.37, 2026986
17.38, 2026986
17.39, 2026986
17.4, 2026986
17.41, 2026986
17.42, 2026986
17.43, 2026986
17.44, 2026986
17.45, 2026986
17.46, 2026986
17.47, 2026986
17.48, 2026986
17.49, 2026986
17.5, 2026986
17.51, 2026986
17.52, 2026986
17.53, 2026986
17.54, 2026986
17.55, 2026986
17.56, 2026986
17.57, 2026986
17.58, 2026986
17.59, 2026986
17.6, 2026986
17.61, 2026986
17.62, 2026986
17.63, 2026986
17.64, 2026986
17.65, 2026986
17.66, 2026986
17.67, 2026986
17.68, 2026986
17.69, 2026986
17.7, 2026986
17.71, 2026986
17.72, 2026986
17.73, 2026986
17.74, 2026986
17.75, 2026986
17.76, 2026986
17.77, 2026986
17.78, 2026986
17.79, 2026986
17.8, 2026986
17.81, 2026986
17.82, 2026986
17.83, 2026986
17.84, 2026986
17.85, 2026986
17.86, 2026986
17.87, 2026986
17.88, 2026986
17.89, 2026986
17.9, 2026986
17.91, 2026986
17.92, 2026986
17.93, 2026986
17.94, 2026986
17.95, 2026986
17.96, 2026986
17.97, 2026986
17.98, 2026986
17.99, 2026986
18.0, 2026986
18.01, 2026986
18.02, 2026986
18.03, 2026986
18.04, 2026986
18.05, 2026986
18.06, 2026986
18.07, 2026986
18.08, 2026986
18.09, 2026986
18.1, 2026986
18.11, 2026986
18.12, 2026986
18.13, 2026986
18.14, 2026986
18.15, 2026986
18.16, 2026986
18.17, 2026986
18.18, 2026986
18.19, 2026986
18.2, 2026986
18.21, 2026986
18.22, 2026986
18.23, 2026986
18.24, 2026986
18.25, 2026986
18.26, 2026986
18.27, 2026986
18.28, 2026986
18.29, 2026986
18.3, 2026986
18.31, 2026986
18.32, 2026986
18.33, 2026986
18.34, 2026986
18.35, 2026986
18.36, 2026986
18.37, 2026986
18.38, 2026986
18.39, 2026986
18.4, 2026986
18.41, 2026986
18.42, 2026986
18.43, 2026986
18.44, 2026986
18.45, 2026986
18.46, 2026986
18.47, 2026986
18.48, 2026986
18.49, 2026986
18.5, 2026986
18.51, 2026986
18.52, 2026986
18.53, 2026986
18.54, 2026986
18.55, 2026986
18.56, 2026986
18.57, 2026986
18.58, 2026986
18.59, 2026986
18.6, 2026986
18.61, 2026986
18.62, 2026986
18.63, 2026986
18.64, 2026986
18.65, 2026986
18.66, 2026986
18.67, 2026986
18.68, 2026986
18.69, 2026986
18.7, 2026986
18.71, 2026986
18.72, 2026986
18.73, 2026986
18.74, 2026986
18.75, 2026986
18.76, 2026986
18.77, 2026986
18.78, 2026986
18.79, 2026986
18.8, 2026986
18.81, 2026986
18.82, 2026986
18.83, 2026986
18.84, 2026986
18.85, 2026986
18.86, 2026986
18.87, 2026986
18.88, 2026986
18.89, 2026986
18.9, 2026986
18.91, 2026986
18.92, 2026986
18.93, 2026986
18.94, 2026986
18.95, 2026986
18.96, 2026986
18.97, 2026986
18.98, 2026986
18.99, 2026986
19.0, 2026986
19.01, 2026986
19.02, 2026986
19.03, 2026986
19.04, 2026986
19.05, 2026986
19.06, 2026986
19.07, 2026986
19.08, 2026986
19.09, 2026986
19.1, 2026986
19.11, 2026986
19.12, 2026986
19.13, 2026986
19.14, 2026986
19.15, 2026986
19.16, 2026986
19.17, 2026986
19.18, 2026986
19.19, 2026986
19.2, 2026986
19.21, 2026986
19.22, 2026986
19.23, 2026986
19.24, 2026986
19.25, 2026986
19.26, 2026986
19.27, 2026986
19.28, 2026986
19.29, 2026986
19.3, 2026986
19.31, 2026986
19.32, 2026986
19.33, 2026986
19.34, 2026986
19.35, 2026986
19.36, 2026986
19.37, 2026986
19.38, 2026986
19.39, 2026986
19.4, 2026986
19.41, 2026986
19.42, 2026986
19.43, 2026986
19.44, 2026986
19.45, 2026986
19.46, 2026986
19.47, 2026986
19.48, 2026986
19.49, 2026986
19.5, 2026986
19.51, 2026986
19.52, 2026986
19.53, 2026986
19.54, 2026986
19.55, 2026986
19.56, 2026986
19.57, 2026986
19.58, 2026986
19.59, 2026986
19.6, 2026986
19.61, 2026986
19.62, 2026986
19.63, 2026986
19.64, 2026986
19.65, 2026986
19.66, 2026986
19.67, 2026986
19.68, 2026986
19.69, 2026986
19.7, 2026986
19.71, 2026986
19.72, 2026986
19.73, 2026986
19.74, 2026986
19.75, 2026986
19.76, 2026986
19.77, 2026986
19.78, 2026986
19.79, 2026986
19.8, 2026986
19.81, 2026986
19.82, 2026986
19.83, 2026986
19.84, 2026986
19.85, 2026986
19.86, 2026986
19.87, 2026986
19.88, 2026986
19.89, 2026986
19.9, 2026986
19.91, 2026986
19.92, 2026986
19.93, 2026986
19.94, 2026986
19.95, 2026986
19.96, 2026986
19.97, 2026986
19.98, 2026986
19.99, 2026986
20.0, 2026986
20.01, 2026986
20.02, 2026986
20.03, 2026986
20.04, 2026986
20.05, 2026986
20.06, 2026986
20.07, 2026986
20.08, 2026986
20.09, 2026986
20.1, 2026986
20.11, 2026986
20.12, 2026986
20.13, 2026986
20.14, 2026986
20.15, 2026986
20.16, 2026986
20.17, 2026986
20.18, 2026986
20.19, 2026986
20.2, 2026986
20.21, 2026986
20.22, 2026986
20.23, 2026986
20.24, 2026986
20.25, 2026986
20.26, 2026986
20.27, 2026986
20.28, 2026986
20.29, 2026986
20.3, 2026986
20.31, 2026986
20.32, 2026986
20.33, 2026986
20.34, 2026986
20.35, 2026986
20.36, 2026986
20.37, 2026986
20.38, 2026986
20.39, 2026986
20.4, 2026986
20.41, 2026986
20.42, 2026986
20.43, 2026986
20.44, 2026986
20.45, 2026986
20.46, 2026986
20.47, 2026986
20.48, 2026986
20.49, 2026986
20.5, 2026986
20.51, 2026986
20.52, 2026986
20.53, 2026986
20.54, 2026986
20.55, 2026986
20.56, 2026986
20.57, 2026986
20.58, 2026986
20.59, 2026986
20.6, 2026986
20.61, 2026986
20.62, 2026986
20.63, 2026986
20.64, 2026986
20.65, 2026986
20.66, 2026986
20.67, 2026986
20.68, 2026986
20.69, 2026986
20.7, 2026986
20.71, 2026986
20.72, 2026986
20.73, 2026986
20.74, 2026986
20.75, 2026986
20.76, 2026986
20.77, 2026986
20.78, 2026986
20.79, 2026986
20.8, 2026986
20.81, 2026986
20.82, 2026986
20.83, 2026986
20.84, 2026986
20.85, 2026986
20.86, 2026986
20.87, 2026986
20.88, 2026986
20.89, 2026986
20.9, 2026986
20.91, 2026986
20.92, 2026986
20.93, 2026986
20.94, 2026986
20.95, 2026986
20.96, 2026986
20.97, 2026986
20.98, 2026986
20.99, 2026986
21.0, 2026986
21.01, 2026986
21.02, 2026986
21.03, 2026986
21.04, 2026986
21.05, 2026986
21.06, 2026986
21.07, 2026986
21.08, 2026986
21.09, 2026986
21.1, 2026986
21.11, 2026986
21.12, 2026986
21.13, 2026986
21.14, 2026986
21.15, 2026986
21.16, 2026986
21.17, 2026986
21.18, 2026986
21.19, 2026986
21.2, 2026986
21.21, 2026986
21.22, 2026986
21.23, 2026986
21.24, 2026986
21.25, 2026986
21.26, 2026986
21.27, 2026986
21.28, 2026986
21.29, 2026986
21.3, 2026986
21.31, 2026986
21.32, 2026986
21.33, 2026986
21.34, 2026986
21.35, 2026986
21.36, 2026986
21.37, 2026986
21.38, 2026986
21.39, 2026986
21.4, 2026986
21.41, 2026986
21.42, 2026986
21.43, 2026986
21.44, 2026986
21.45, 2026986
21.46, 2026986
21.47, 2026986
21.48, 2026986
21.49, 2026986
21.5, 2026986
21.51, 2026986
21.52, 2026986
21.53, 2026986
21.54, 2026986
21.55, 2026986
21.56, 2026986
21.57, 2026986
21.58, 2026986
21.59, 2026986
21.6, 2026986
21.61, 2026986
21.62, 2026986
21.63, 2026986
21.64, 2026986
21.65, 2026986
21.66, 2026986
21.67, 2026986
21.68, 2026986
21.69, 2026986
21.7, 2026986
21.71, 2026986
21.72, 2026986
21.73, 2026986
21.74, 2026986
21.75, 2026986
21.76, 2026986
21.77, 2026986
21.78, 2026986
21.79, 2026986
21.8, 2026986
21.81, 2026986
21.82, 2026986
21.83, 2026986
21.84, 2026986
21.85, 2026986
21.86, 2026986
21.87, 2026986
21.88, 2026986
21.89, 2026986
21.9, 2026986
21.91, 2026986
21.92, 2026986
21.93, 2026986
21.94, 2026986
21.95, 2026986
21.96, 2026986
21.97, 2026986
21.98, 2026986
21.99, 2026986
22.0, 2026986
22.01, 2026986
22.02, 2026986
22.03, 2026986
22.04, 2026986
22.05, 2026986
22.06, 2026986
22.07, 2026986
22.08, 2026986
22.09, 2026986
22.1, 2026986
22.11, 2026986
22.12, 2026986
22.13, 2026986
22.14, 2026986
22.15, 2026986
22.16, 2026986
22.17, 2026986
22.18, 2026986
22.19, 2026986
22.2, 2026986
22.21, 2026986
22.22, 2026986
22.23, 2026986
22.24, 2026986
22.25, 2026986
22.26, 2026986
22.27, 2026986
22.28, 2026986
22.29, 2026986
22.3, 2026986
22.31, 2026986
22.32, 2026986
22.33, 2026986
22.34, 2026986
22.35, 2026986
22.36, 2026986
22.37, 2026986
22.38, 2026986
22.39, 2026986
22.4, 2026986
22.41, 2026986
22.42, 2026986
22.43, 2026986
22.44, 2026986
22.45, 2026986
22.46, 2026986
22.47, 2026986
22.48, 2026986
22.49, 2026986
22.5, 2026986
22.51, 2026986
22.52, 2026986
22.53, 2026986
22.54, 2026986
22.55, 2026986
22.56, 2026986
22.57, 2026986
22.58, 2026986
22.59, 2026986
22.6, 2026986
22.61, 2026986
22.62, 2026986
22.63, 2026986
22.64, 2026986
22.65, 2026986
22.66, 2026986
22.67, 2026986
22.68, 2026986
22.69, 2026986
22.7, 2026986
22.71, 2026986
22.72, 2026986
22.73, 2026986
22.74, 2026986
22.75, 2026986
22.76, 2026986
22.77, 2026986
22.78, 2026986
22.79, 2026986
22.8, 2026986
22.81, 2026986
22.82, 2026986
22.83, 2026986
22.84, 2026986
22.85, 2026986
22.86, 2026986
22.87, 2026986
22.88, 2026986
22.89, 2026986
22.9, 2026986
22.91, 2026986
22.92, 2026986
22.93, 2026986
22.94, 2026986
22.95, 2026986
22.96, 2026986
22.97, 2026986
22.98, 2026986
22.99, 2026986
23.0, 2026986
23.01, 2026986
23.02, 2026986
23.03, 2026986
23.04, 2026986
23.05, 2026986
23.06, 2026986
23.07, 2026986
23.08, 2026986
23.09, 2026986
23.1, 2026986
23.11, 2026986
23.12, 2026986
23.13, 2026986
23.14, 2026986
23.15, 2026986
23.16, 2026986
23.17, 2026986
23.18, 2026986
23.19, 2026986
23.2, 2026986
23.21, 2026986
23.22, 2026986
23.23, 2026986
23.24, 2026986
23.25, 2026986
23.26, 2026986
23.27, 2026986
23.28, 2026986
23.29, 2026986
23.3, 2026986
23.31, 2026986
23.32, 2026986
23.33, 2026986
23.34, 2026986
23.35, 2026986
23.36, 2026986
23.37, 2026986
23.38, 2026986
23.39, 2026986
23.4, 2026986
23.41, 2026986
23.42, 2026986
23.43, 2026986
23.44, 2026986
23.45, 2026986
23.46, 2026986
23.47, 2026986
23.48, 2026986
23.49, 2026986
23.5, 2026986
23.51, 2026986
23.52, 2026986
23.53, 2026986
23.54, 2026986
23.55, 2026986
23.56, 2026986
23.57, 2026986
23.58, 2026986
23.59, 2026986
23.6, 2026986
23.61, 2026986
23.62, 2026986
23.63, 2026986
23.64, 2026986
23.65, 2026986
23.66, 2026986
23.67, 2026986
23.68, 2026986
23.69, 2026986
23.7, 2026986
23.71, 2026986
23.72, 2026986
23.73, 2026986
23.74, 2026986
23.75, 2026986
23.76, 2026986
23.77, 2026986
23.78, 2026986
23.79, 2026986
23.8, 2026986
23.81, 2026986
23.82, 2026986
23.83, 2026986
23.84, 2026986
23.85, 2026986
23.86, 2026986
23.87, 2026986
23.88, 2026986
23.89, 2026986
23.9, 2026986
23.91, 2026986
23.92, 2026986
23.93, 2026986
23.94, 2026986
23.95, 2026986
23.96, 2026986
23.97, 2026986
23.98, 2026986
23.99, 2026986
24.0, 2026986
24.01, 2026986
24.02, 2026986
24.03, 2026986
24.04, 2026986
24.05, 2026986
24.06, 2026986
24.07, 2026986
24.08, 2026986
24.09, 2026986
24.1, 2026986
24.11, 2026986
24.12, 2026986
24.13, 2026986
24.14, 2026986
24.15, 2026986
24.16, 2026986
24.17, 2026986
24.18, 2026986
24.19, 2026986
24.2, 2026986
24.21, 2026986
24.22, 2026986
24.23, 2026986
24.24, 2026986
24.25, 2026986
24.26, 2026986
24.27, 2026986
24.28, 2026986
24.29, 2026986
24.3, 2026986
24.31, 2026986
24.32, 2026986
24.33, 2026986
24.34, 2026986
24.35, 2026986
24.36, 2026986
24.37, 2026986
24.38, 2026986
24.39, 2026986
24.4, 2026986
24.41, 2026986
24.42, 2026986
24.43, 2026986
24.44, 2026986
24.45, 2026986
24.46, 2026986
24.47, 2026986
24.48, 2026986
24.49, 2026986
24.5, 2026986
24.51, 2026986
24.52, 2026986
24.53, 2026986
24.54, 2026986
24.55, 2026986
24.56, 2026986
24.57, 2026986
24.58, 2026986
24.59, 2026986
24.6, 2026986
24.61, 2026986
24.62, 2026986
24.63, 2026986
24.64, 2026986
24.65, 2026986
24.66, 2026986
24.67, 2026986
24.68, 2026986
24.69, 2026986
24.7, 2026986
24.71, 2026986
24.72, 2026986
24.73, 2026986
24.74, 2026986
24.75, 2026986
24.76, 2026986
24.77, 2026986
24.78, 2026986
24.79, 2026986
24.8, 2026986
24.81, 2026986
24.82, 2026986
24.83, 2026986
24.84, 2026986
24.85, 2026986
24.86, 2026986
24.87, 2026986
24.88, 2026986
24.89, 2026986
24.9, 2026986
24.91, 2026986
24.92, 2026986
24.93, 2026986
24.94, 2026986
24.95, 2026986
24.96, 2026986
24.97, 2026986
24.98, 2026986
24.99, 2026986
25.0, 2026986
25.01, 2026986
25.02, 2026986
25.03, 2026986
25.04, 2026986
25.05, 2026986
25.06, 2026986
25.07, 2026986
25.08, 2026986
25.09, 2026986
25.1, 2026986
25.11, 2026986
25.12, 2026986
25.13, 2026986
25.14, 2026986
25.15, 2026986
25.16, 2026986
25.17, 2026986
25.18, 2026986
25.19, 2026986
25.2, 2026986
25.21, 2026986
25.22, 2026986
25.23, 2026986
25.24, 2026986
25.25, 2026986
25.26, 2026986
25.27, 2026986
25.28, 2026986
25.29, 2026986
25.3, 2026986
25.31, 2026986
25.32, 2026986
25.33, 2026986
25.34, 2026986
25.35, 2026986
25.36, 2026986
25.37, 2026986
25.38, 2026986
25.39, 2026986
25.4, 2026986
25.41, 2026986
25.42, 2026986
25.43, 2026986
25.44, 2026986
25.45, 2026986
25.46, 2026986
25.47, 2026986
25.48, 2026986
25.49, 2026986
25.5, 2026986
25.51, 2026986
25.52, 2026986
25.53, 2026986
25.54, 2026986
25.55, 2026986
25.56, 2026986
25.57, 2026986
25.58, 2026986
25.59, 2026986
25.6, 2026986
25.61, 2026986
25.62, 2026986
25.63, 2026986
25.64, 2026986
25.65, 2026986
25.66, 2026986
25.67, 2026986
25.68, 2026986
25.69, 2026986
25.7, 2026986
25.71, 2026986
25.72, 2026986
25.73, 2026986
25.74, 2026986
25.75, 2026986
25.76, 2026986
25.77, 2026986
25.78, 2026986
25.79, 2026986
25.8, 2026986
25.81, 2026986
25.82, 2026986
25.83, 2026986
25.84, 2026986
25.85, 2026986
25.86, 2026986
25.87, 2026986
25.88, 2026986
25.89, 2026986
25.9, 2026986
25.91, 2026986
25.92, 2026986
25.93, 2026986
25.94, 2026986
25.95, 2026986
25.96, 2026986
25.97, 2026986
25.98, 2026986
25.99, 2026986
26.0, 2026986
26.01, 2026986
26.02, 2026986
26.03, 2026986
26.04, 2026986
26.05, 2026986
26.06, 2026986
26.07, 2026986
26.08, 2026986
26.09, 2026986
26.1, 2026986
26.11, 2026986
26.12, 2026986
26.13, 2026986
26.14, 2026986
26.15, 2026986
26.16, 2026986
26.17, 2026986
26.18, 2026986
26.19, 2026986
26.2, 2026986
26.21, 2026986
26.22, 2026986
26.23, 2026986
26.24, 2026986
26.25, 2026986
26.26, 2026986
26.27, 2026986
26.28, 2026986
26.29, 2026986
26.3, 2026986
26.31, 2026986
26.32, 2026986
26.33, 2026986
26.34, 2026986
26.35, 2026986
26.36, 2026986
26.37, 2026986
26.38, 2026986
26.39, 2026986
26.4, 2026986
26.41, 2026986
26.42, 2026986
26.43, 2026986
26.44, 2026986
26.45, 2026986
26.46, 2026986
26.47, 2026986
26.48, 2026986
26.49, 2026986
26.5, 2026986
26.51, 2026986
26.52, 2026986
26.53, 2026986
26.54, 2026986
26.55, 2026986
26.56, 2026986
26.57, 2026986
26.58, 2026986
26.59, 2026986
26.6, 2026986
26.61, 2026986
26.62, 2026986
26.63, 2026986
26.64, 2026986
26.65, 2026986
26.66, 2026986
26.67, 2026986
26.68, 2026986
26.69, 2026986
26.7, 2026986
26.71, 2026986
26.72, 2026986
26.73, 2026986
26.74, 2026986
26.75, 2026986
26.76, 2026986
26.77, 2026986
26.78, 2026986
26.79, 2026986
26.8, 2026986
26.81, 2026986
26.82, 2026986
26.83, 2026986
26.84, 2026986
26.85, 2026986
26.86, 2026986
26.87, 2026986
26.88, 2026986
26.89, 2026986
26.9, 2026986
26.91, 2026986
26.92, 2026986
26.93, 2026986
26.94, 2026986
26.95, 2026986
26.96, 2026986
26.97, 2026986
26.98, 2026986
26.99, 2026986
27.0, 2026986
27.01, 2026986
27.02, 2026986
27.03, 2026986
27.04, 2026986
27.05, 2026986
27.06, 2026986
27.07, 2026986
27.08, 2026986
27.09, 2026986
27.1, 2026986
27.11, 2026986
27.12, 2026986
27.13, 2026986
27.14, 2026986
27.15, 2026986
27.16, 2026986
27.17, 2026986
27.18, 2026986
27.19, 2026986
27.2, 2026986
27.21, 2026986
27.22, 2026986
27.23, 2026986
27.24, 2026986
27.25, 2026986
27.26, 2026986
27.27, 2026986
27.28, 2026986
27.29, 2026986
27.3, 2026986
27.31, 2026986
27.32, 2026986
27.33, 2026986
27.34, 2026986
27.35, 2026986
27.36, 2026986
27.37, 2026986
27.38, 2026986
27.39, 2026986
27.4, 2026986
27.41, 2026986
27.42, 2026986
27.43, 2026986
27.44, 2026986
27.45, 2026986
27.46, 2026986
27.47, 2026986
27.48, 2026986
27.49, 2026986
27.5, 2026986
27.51, 2026986
27.52, 2026986
27.53, 2026986
27.54, 2026986
27.55, 2026986
27.56, 2026986
27.57, 2026986
27.58, 2026986
27.59, 2026986
27.6, 2026986
27.61, 2026986
27.62, 2026986
27.63, 2026986
27.64, 2026986
27.65, 2026986
27.66, 2026986
27.67, 2026986
27.68, 2026986
27.69, 2026986
27.7, 2026986
27.71, 2026986
27.72, 2026986
27.73, 2026986
27.74, 2026986
27.75, 2026986
27.76, 2026986
27.77, 2026986
27.78, 2026986
27.79, 2026986
27.8, 2026986
27.81, 2026986
27.82, 2026986
27.83, 2026986
27.84, 2026986
27.85, 2026986
27.86, 2026986
27.87, 2026986
27.88, 2026986
27.89, 2026986
27.9, 2026986
27.91, 2026986
27.92, 2026986
27.93, 2026986
27.94, 2026986
27.95, 2026986
27.96, 2026986
27.97, 2026986
27.98, 2026986
27.99, 2026986
28.0, 2026986
28.01, 2026986
28.02, 2026986
28.03, 2026986
28.04, 2026986
28.05, 2026986
28.06, 2026986
28.07, 2026986
28.08, 2026986
28.09, 2026986
28.1, 2026986
28.11, 2026986
28.12, 2026986
28.13, 2026986
28.14, 2026986
28.15, 2026986
28.16, 2026986
28.17, 2026986
28.18, 2026986
28.19, 2026986
28.2, 2026986
28.21, 2026986
28.22, 2026986
28.23, 2026986
28.24, 2026986
28.25, 2026986
28.26, 2026986
28.27, 2026986
28.28, 2026986
28.29, 2026986
28.3, 2026986
28.31, 2026986
28.32, 2026986
28.33, 2026986
28.34, 2026986
28.35, 2026986
28.36, 2026986
28.37, 2026986
28.38, 2026986
28.39, 2026986
28.4, 2026986
28.41, 2026986
28.42, 2026986
28.43, 2026986
28.44, 2026986
28.45, 2026986
28.46, 2026986
28.47, 2026986
28.48, 2026986
28.49, 2026986
28.5, 2026986
28.51, 2026986
28.52, 2026986
28.53, 2026986
28.54, 2026986
28.55, 2026986
28.56, 2026986
28.57, 2026986
28.58, 2026986
28.59, 2026986
28.6, 2026986
28.61, 2026986
28.62, 2026986
28.63, 2026986
28.64, 2026986
28.65, 2026986
28.66, 2026986
28.67, 2026986
28.68, 2026986
28.69, 2026986
28.7, 2026986
28.71, 2026986
28.72, 2026986
28.73, 2026986
28.74, 2026986
28.75, 2026986
28.76, 2026986
28.77, 2026986
28.78, 2026986
28.79, 2026986
28.8, 2026986
28.81, 2026986
28.82, 2026986
28.83, 2026986
28.84, 2026986
28.85, 2026986
28.86, 2026986
28.87, 2026986
28.88, 2026986
28.89, 2026986
28.9, 2026986
28.91, 2026986
28.92, 2026986
28.93, 2026986
28.94, 2026986
28.95, 2026986
28.96, 2026986
28.97, 2026986
28.98, 2026986
28.99, 2026986
29.0, 2026986
29.01, 2026986
29.02, 2026986
29.03, 2026986
29.04, 2026986
29.05, 2026986
29.06, 2026986
29.07, 2026986
29.08, 2026986
29.09, 2026986
29.1, 2026986
29.11, 2026986
29.12, 2026986
29.13, 2026986
29.14, 2026986
29.15, 2026986
29.16, 2026986
29.17, 2026986
29.18, 2026986
29.19, 2026986
29.2, 2026986
29.21, 2026986
29.22, 2026986
29.23, 2026986
29.24, 2026986
29.25, 2026986
29.26, 2026986
29.27, 2026986
29.28, 2026986
29.29, 2026986
29.3, 2026986
29.31, 2026986
29.32, 2026986
29.33, 2026986
29.34, 2026986
29.35, 2026986
29.36, 2026986
29.37, 2026986
29.38, 2026986
29.42, 2026986
29.43, 2026986
29.44, 2026986
29.45, 2026986
29.46, 2026986
29.47, 2026986
29.48, 2026986
29.49, 2026986
29.5, 2026986
29.51, 2026986
29.52, 2026986
29.53, 2026986
29.54, 2026986
29.55, 2026986
29.56, 2026986
29.57, 2026986
29.58, 2026986
29.59, 2026986
29.6, 2026986
29.61, 2026986
29.62, 2026986
29.63, 2026986
29.64, 2026986
29.65, 2026986
29.66, 2026986
29.67, 2026986
29.68, 2026986
29.69, 2026986
29.7, 2026986
29.71, 2026986
29.72, 2026986
29.73, 2026986
29.74, 2026986
29.75, 2026986
29.76, 2026986
29.77, 2026986
29.78, 2026986
29.79, 2026986
29.8, 2026986
29.81, 2026986
29.82, 2026986
29.83, 2026986
29.84, 2026986
29.85, 2026986
29.86, 2026986
29.87, 2026986
29.88, 2026986
29.89, 2026986
29.9, 2026986
29.91, 2026986
29.92, 2026986
29.93, 2026986
29.94, 2026986
29.95, 2026986
29.96, 2026986
29.97, 2026986
29.98, 2026986
29.99, 2026986
30.0, 2026986
30.01, 2026986
30.02, 2026986
30.03, 2026986
30.04, 2026986
30.05, 2026986
30.09, 2026986
30.1, 2026986
30.11, 2026986
30.12, 2026986
30.13, 2026986
30.14, 2026986
30.15, 2026986
30.16, 2026986
30.17, 2026986
30.18, 2026986
30.19, 2026986
30.2, 2026986
30.21, 2026986
30.22, 2026986
30.23, 2026986
30.24, 2026986
30.25, 2026986
30.26, 2026986
30.27, 2026986
30.28, 2026986
30.29, 2026986
30.3, 2026986
30.31, 2026986
30.32, 2026986
30.33, 2026986
30.34, 2026986
30.35, 2026986
30.36, 2026986
30.37, 2026986
30.38, 2026986
30.39, 2026986
30.4, 2026986
30.41, 2026986
30.42, 2026986
30.43, 2026986
30.44, 2026986
30.45, 2026986
30.46, 2026986
30.47, 2026986
30.48, 2026986
30.49, 2026986
30.5, 2026986
30.51, 2026986
30.52, 2026986
30.53, 2026986
30.54, 2026986
30.55, 2026986
30.56, 2026986
30.57, 2026986
30.58, 2026986
30.59, 2026986
30.6, 2026986
30.61, 2026986
30.62, 2026986
30.63, 2026986
30.64, 2026986
30.65, 2026986
30.66, 2026986
30.67, 2026986
30.68, 2026986
30.69, 2026986
30.7, 2026986
30.71, 2026986
30.72, 2026986
30.73, 2026986
30.74, 2026986
30.75, 2026986
30.76, 2026986
30.77, 2026986
30.78, 2026986
30.79, 2026986
30.8, 2026986
30.81, 2026986
30.82, 2026986
30.83, 2026986
30.84, 2026986
30.85, 2026986
30.86, 2026986
30.87, 2026986
30.88, 2026986
30.89, 2026986
30.9, 2026986
30.91, 2026986
30.92, 2026986
30.93, 2026986
30.94, 2026986
30.95, 2026986
30.96, 2026986
30.97, 2026986
30.98, 2026986
30.99, 2026986
31.0, 2026986
31.01, 2026986
31.02, 2026986
31.03, 2026986
31.04, 2026986
31.05, 2026986
31.06, 2026986
31.07, 2026986
31.08, 2026986
31.09, 2026986
31.1, 2026986
31.11, 2026986
31.12, 2026986
31.13, 2026986
31.14, 2026986
31.15, 2026986
31.16, 2026986
31.17, 2026986
31.18, 2026986
31.19, 2026986
31.2, 2026986
31.21, 2026986
31.22, 2026986
31.23, 2026986
31.24, 2026986
31.25, 2026986
31.26, 2026986
31.27, 2026986
31.28, 2026986
31.29, 2026986
31.3, 2026986
31.31, 2026986
31.32, 2026986
31.33, 2026986
31.34, 2026986
31.35, 2026986
31.36, 2026986
31.37, 2026986
31.38, 2026986
31.39, 2026986
31.4, 2026986
31.41, 2026986
31.42, 2026986
31.43, 2026986
31.44, 2026986
31.45, 2026986
31.46, 2026986
31.47, 2026986
31.48, 2026986
31.49, 2026986
31.5, 2026986
31.51, 2026986
31.52, 2026986
31.53, 2026986
31.54, 2026986
31.55, 2026986
31.56, 2026986
31.57, 2026986
31.58, 2026986
31.59, 2026986
31.6, 2026986
31.61, 2026986
31.62, 2026986
31.63, 2026986
31.64, 2026986
31.65, 2026986
31.66, 2026986
31.67, 2026986
31.68, 2026986
31.69, 2026986
31.7, 2026986
31.71, 2026986
31.72, 2026986
31.73, 2026986
31.74, 2026986
31.75, 2026986
31.76, 2026986
31.77, 2026986
31.78, 2026986
31.79, 2026986
31.8, 2026986
31.81, 2026986
31.82, 2026986
31.83, 2026986
31.84, 2026986
31.85, 2026986
31.86, 2026986
31.87, 2026986
31.88, 2026986
31.89, 2026986
31.9, 2000365
31.91, 2000365
31.92, 2000365
31.93, 2000365
31.94, 2000365
31.95, 2000365
31.96, 2000365
31.97, 2000365
31.98, 2000365
31.99, 2000365
32.0, 2000365
32.01, 2000365
32.02, 2000365
32.03, 2000365
32.04, 2000365
32.05, 2000365
32.06, 2000365
32.07, 2000365
32.08, 2000365
32.09, 2000365
32.1, 2000365
32.11, 2000365
32.12, 2000365
32.13, 2000365
32.14, 2000365
32.15, 2000365
32.16, 2000365
32.17, 2000365
32.18, 2000365
32.19, 2000365
32.2, 2000365
32.21, 2000365
32.22, 2000365
32.23, 2000365
32.24, 2000365
32.25, 2000365
32.26, 2000365
32.27, 2000365
32.28, 2000365
32.29, 2000365
32.3, 2000365
32.31, 2000365
32.32, 2000365
32.33, 2000365
32.34, 2000365
32.35, 2000365
32.36, 2000365
32.37, 2000365
32.38, 2000365
32.39, 2000365
32.4, 2000365
32.41, 2000365
32.42, 2000365
32.43, 2000365
32.44, 2000365
32.45, 2000365
32.46, 2000365
32.47, 2000365
32.48, 2000365
32.49, 2000365
32.5, 2000365
32.51, 2000365
32.52, 2000365
32.53, 2000365
32.54, 2000365
32.55, 2000365
32.56, 2000365
32.57, 2000365
32.58, 2000365
32.59, 2000365
32.6, 2000365
32.61, 2000365
32.62, 2000365
32.63, 2000365
32.64, 2000365
32.65, 2000365
32.66, 2000365
32.67, 2000365
32.68, 2000365
32.69, 2000365
32.7, 2000365
32.71, 2000365
32.72, 2000365
32.73, 2000365
32.74, 2000365
32.75, 2000365
32.76, 2000365
32.77, 2000365
32.78, 2000365
32.79, 2000365
32.8, 2000365
32.81, 2000365
32.82, 2000365
32.83, 2000365
32.84, 2000365
32.85, 2000365
32.86, 2000365
32.87, 2000365
32.88, 2000365
32.89, 2000365
32.9, 2000365
32.91, 2000365
32.92, 2000365
32.93, 2000365
32.94, 2000365
32.95, 2000365
32.96, 2000365
32.97, 2000365
32.98, 2000365
32.99, 2000365
33.0, 2000365
33.01, 2000365
33.02, 2000365
33.03, 2000365
33.04, 2000365
33.05, 2000365
33.06, 2000365
33.07, 2000365
33.08, 2000365
33.09, 2000365
33.1, 2000365
33.11, 2000365
33.12, 2000365
33.13, 2000365
33.14, 2000365
33.15, 2000365
33.16, 2000365
33.17, 2000365
33.18, 2000365
33.19, 2000365
33.2, 2000365
33.21, 2000365
33.22, 2000365
33.23, 2000365
33.24, 2000365
33.25, 2000365
33.26, 2000365
33.27, 2000365
33.28, 2000365
33.29, 2000365
33.3, 2000365
33.31, 2000365
33.32, 2000365
33.33, 2000365
33.34, 2000365
33.35, 2000365
33.36, 2000365
33.37, 2000365
33.38, 2000365
33.39, 2000365
33.4, 2000365
33.41, 2000365
33.42, 2000365
33.43, 2000365
33.44, 2000365
33.45, 2000365
33.46, 2000365
33.47, 2000365
33.48, 2000365
33.49, 2000365
33.5, 2000365
33.51, 2000365
33.52, 2000365
33.53, 2000365
33.54, 2000365
33.55, 2000365
33.56, 2000365
33.57, 2000365
33.58, 2000365
33.59, 2000365
33.6, 2000365
33.61, 2000365
33.62, 2000365
33.63, 2000365
33.64, 2000365
33.65, 2000365
33.66, 2000365
33.67, 2000365
33.68, 2000365
33.69, 2000365
33.7, 2000365
33.71, 2000365
33.72, 2000365
33.73, 2000365
33.74, 2000365
33.75, 2000365
33.76, 2000365
33.77, 2000365
33.78, 2000365
33.79, 2000365
33.8, 2000365
33.81, 2000365
33.82, 2000365
33.83, 2000365
33.84, 2000365
33.85, 2000365
33.86, 2000365
33.87, 2000365
33.88, 2000365
33.89, 2000365
33.9, 2000365
33.91, 2000365
33.92, 2000365
33.93, 2000365
33.94, 2000365
33.95, 2000365
33.96, 2000365
33.97, 2000365
33.98, 2000365
33.99, 2000365
34.0, 2000365
34.01, 2000365
34.02, 2000365
34.03, 2000365
34.04, 2000365
34.05, 2000365
34.06, 2000365
34.07, 2000365
34.08, 2000365
34.09, 2000365
34.1, 2000365
34.11, 2000365
34.12, 2000365
34.13, 2000365
34.14, 2000365
34.15, 2000365
34.16, 2000365
34.17, 2000365
34.18, 2000365
34.19, 2000365
34.2, 2000365
34.21, 2000365
34.22, 2000365
34.23, 2000365
34.24, 2000365
34.25, 2000365
34.26, 2000365
34.27, 2000365
34.28, 2000365
34.29, 2000365
34.3, 2000365
34.31, 2000365
34.32, 2000365
34.33, 2000365
34.34, 2000365
34.35, 2000365
34.36, 2000365
34.37, 2000365
34.38, 2000365
34.39, 2000365
34.4, 2000365
34.41, 2000365
34.42, 2000365
34.43, 2000365
34.44, 2000365
34.45, 2000365
34.46, 2000365
34.47, 2000365
34.48, 2000365
34.49, 2000365
34.5, 2000365
34.51, 2000365
34.52, 2000365
34.53, 2000365
34.54, 2000365
34.55, 2000365
34.56, 2000365
34.57, 2000365
34.58, 2000365
34.59, 2000365
34.6, 2000365
34.61, 2000365
34.62, 2000365
34.63, 2000365
34.64, 2000365
34.65, 2000365
34.66, 2000365
34.67, 2000365
34.68, 2000365
34.69, 2000365
34.7, 2000365
34.71, 2000365
34.72, 2000365
34.73, 2000365
34.74, 2000365
34.75, 2000365
34.76, 2000365
34.77, 2000365
34.78, 2000365
34.79, 2000365
34.8, 2000365
34.81, 2000365
34.82, 2000365
34.83, 2000365
34.84, 2000365
34.85, 2000365
34.86, 2000365
34.87, 2000365
34.88, 2000365
34.89, 2000365
34.9, 2000365
34.91, 2000365
34.92, 2000365
34.93, 2000365
34.94, 2000365
34.95, 2000365
34.96, 2000365
34.97, 2000365
34.98, 2000365
34.99, 2000365
35.0, 2000365
35.01, 2000365
35.02, 2000365
35.03, 2000365
35.04, 2000365
35.05, 2000365
35.06, 2000365
35.07, 2000365
35.08, 2000365
35.09, 2000365
35.1, 2000365
35.11, 2000365
35.12, 2000365
35.13, 2000365
35.14, 2000365
35.15, 2000365
35.16, 2000365
35.17, 2000365
35.18, 2000365
35.19, 2000365
35.2, 2000365
35.21, 2000365
35.22, 2000365
35.23, 2000365
35.24, 2000365
35.25, 2000365
35.26, 2000365
35.27, 2000365
35.28, 2000365
35.29, 2000365
35.3, 2000365
35.31, 2000365
35.32, 2000365
35.33, 2000365
35.34, 2000365
35.35, 2000365
35.36, 2000365
35.37, 2000365
35.38, 2000365
35.39, 2000365
35.4, 2000365
35.41, 2000365
35.42, 2000365
35.43, 2000365
35.44, 2000365
35.45, 2000365
35.46, 2000365
35.47, 2000365
35.48, 2000365
35.49, 2000365
35.5, 2000365
35.51, 2000365
35.52, 2000365
35.53, 2000365
35.54, 2000365
35.55, 2000365
35.56, 2000365
35.57, 2000365
35.58, 2000365
35.59, 2000365
35.6, 2000365
35.61, 2000365
35.62, 2000365
35.63, 2000365
35.64, 2000365
35.65, 2000365
35.66, 2000365
35.67, 2000365
35.68, 2000365
35.69, 2000365
35.7, 2000365
35.71, 2000365
35.72, 2000365
35.73, 2000365
35.74, 2000365
35.75, 2000365
35.76, 2000365
35.77, 2000365
35.78, 2000365
35.79, 2000365
35.8, 2000365
35.81, 2000365
35.82, 2000365
35.83, 2000365
35.84, 2000365
35.85, 2000365
35.86, 2000365
35.87, 2000365
35.88, 2000365
35.89, 2000365
35.9, 2000365
35.91, 2000365
35.92, 2000365
35.93, 2000365
35.94, 2000365
35.95, 2000365
35.96, 2000365
35.97, 2000365
35.98, 2000365
35.99, 2000365
36.0, 2000365
36.01, 2000365
36.02, 2000365
36.03, 2000365
36.04, 2000365
36.05, 2000365
36.06, 2000365
36.07, 2000365
36.08, 2000365
36.09, 2000365
36.1, 2000365
36.11, 2000365
36.12, 2000365
36.13, 2000365
36.14, 2000365
36.15, 2000365
36.16, 2000365
36.17, 2000365
36.18, 2000365
36.19, 2000365
36.2, 2000365
36.21, 2000365
36.22, 2000365
36.23, 2000365
36.24, 2000365
36.25, 2000365
36.26, 2000365
36.27, 2000365
36.28, 2000365
36.29, 2000365
36.3, 2000365
36.31, 2000365
36.32, 2000365
36.33, 2000365
36.34, 2000365
36.35, 2000365
36.36, 2000365
36.37, 2000365
36.38, 2000365
36.39, 2000365
36.4, 2000365
36.41, 2000365
36.42, 2000365
36.43, 2000365
36.44, 2000365
36.45, 2000365
36.46, 2000365
36.47, 2000365
36.48, 2000365
36.49, 2000365
36.5, 2000365
36.51, 2000365
36.52, 2000365
36.53, 2000365
36.54, 2000365
36.55, 2000365
36.56, 2000365
36.57, 2000365
36.58, 2000365
36.59, 2000365
36.6, 2000365
36.61, 2000365
36.62, 2000365
36.63, 2000365
36.64, 2000365
36.65, 2000365
36.66, 2000365
36.67, 2000365
36.68, 2000365
36.69, 2000365
36.7, 2000365
36.71, 2000365
36.72, 2000365
36.73, 2000365
36.74, 2000365
36.75, 2000365
36.76, 2000365
36.77, 2000365
36.78, 2000365
36.79, 2000365
36.8, 2000365
36.81, 2000365
36.82, 2000365
36.83, 2000365
36.84, 2000365
36.85, 2000365
36.86, 2000365
36.87, 2000365
36.88, 2000365
36.89, 2000365
36.9, 2000365
36.91, 2000365
36.92, 2000365
36.93, 2000365
36.94, 2000365
36.95, 2000365
36.96, 2000365
36.97, 2000365
36.98, 2000365
36.99, 2000365
37.0, 2000365
37.01, 2000365
37.02, 2000365
37.03, 2000365
37.04, 2000365
37.05, 2000365
37.06, 2000365
37.07, 2000365
37.08, 2000365
37.09, 2000365
37.1, 2000365
37.11, 2000365
37.12, 2000365
37.13, 2000365
37.14, 2000365
37.15, 2000365
37.16, 2000365
37.17, 2000365
37.18, 2000365
37.19, 2000365
37.2, 2000365
37.21, 2000365
37.22, 2000365
37.23, 2000365
37.24, 2000365
37.25, 2000365
37.26, 2000365
37.27, 2000365
37.28, 2000365
37.29, 2000365
37.3, 2000365
37.31, 2000365
37.32, 2000365
37.33, 2000365
37.34, 2000365
37.35, 2000365
37.36, 2000365
37.37, 2000365
37.38, 2000365
37.39, 2000365
37.4, 2000365
37.41, 2000365
37.42, 2000365
37.43, 2000365
37.44, 2000365
37.45, 2000365
37.46, 2000365
37.47, 2000365
37.48, 2000365
37.49, 2000365
37.5, 2000365
37.51, 2000365
37.52, 2000365
37.53, 2000365
37.54, 2000365
37.55, 2000365
37.56, 2000365
37.57, 2000365
37.58, 2000365
37.59, 2000365
37.6, 2000365
37.61, 2000365
37.62, 2000365
37.63, 2000365
37.64, 2000365
37.65, 2000365
37.66, 2000365
37.67, 2000365
37.68, 2000365
37.69, 2000365
37.7, 2000365
37.71, 2000365
37.72, 2000365
37.73, 2000365
37.74, 2000365
37.75, 2000365
37.76, 2000365
37.77, 2000365
37.78, 2000365
37.79, 2000365
37.8, 2000365
37.81, 2000365
37.82, 2000365
37.83, 2000365
37.84, 2000365
37.85, 2000365
37.86, 2000365
37.87, 2000365
37.88, 2000365
37.89, 2000365
37.9, 2000365
37.91, 2000365
37.92, 2000365
37.93, 2000365
37.94, 2000365
37.95, 2000365
37.96, 2000365
37.97, 2000365
37.98, 2000365
37.99, 2000365
38.0, 2000365
38.01, 2000365
38.02, 2000365
38.03, 2000365
38.04, 2000365
38.05, 2000365
38.06, 2000365
38.07, 2000365
38.08, 2000365
38.09, 2000365
38.1, 2000365
38.11, 2000365
38.12, 2000365
38.13, 2000365
38.14, 2000365
38.15, 2000365
38.16, 2000365
38.17, 2000365
38.18, 2000365
38.19, 2000365
38.2, 2000365
38.21, 2000365
38.22, 2000365
38.23, 2000365
38.24, 2000365
38.25, 2000365
38.26, 2000365
38.27, 2000365
38.28, 2000365
38.29, 2000365
38.3, 2000365
38.31, 2000365
38.32, 2000365
38.33, 2000365
38.34, 2000365
38.35, 2000365
38.36, 2000365
38.37, 2000365
38.38, 2000365
38.39, 2000365
38.4, 2000365
38.41, 2000365
38.42, 2000365
38.43, 2000365
38.44, 2000365
38.45, 2000365
38.46, 2000365
38.47, 2000365
38.48, 2000365
38.49, 2000365
38.5, 2000365
38.51, 2000365
38.52, 2000365
38.53, 2000365
38.54, 2000365
38.55, 2000365
38.56, 2000365
38.57, 2000365
38.58, 2000365
38.59, 2000365
38.6, 2000365
38.61, 2000365
38.62, 2000365
38.63, 2000365
38.64, 2000365
38.65, 2000365
38.66, 2000365
38.67, 2000365
38.68, 2000365
38.69, 2000365
38.7, 2000365
38.71, 2000365
38.72, 2000365
38.73, 2000365
38.74, 2000365
38.75, 2000365
38.76, 2000365
38.77, 2000365
38.78, 2000365
38.79, 2000365
38.8, 2000365
38.81, 2000365
38.82, 2000365
38.83, 2000365
38.84, 2000365
38.85, 2000365
38.86, 2000365
38.87, 2000365
38.88, 2000365
38.89, 2000365
38.9, 2000365
38.91, 2000365
38.92, 2000365
38.93, 2000365
38.94, 2000365
38.95, 2000365
38.96, 2000365
38.97, 2000365
38.98, 2000365
38.99, 2000365
39.0, 2000365
39.01, 2000365
39.02, 2000365
39.03, 2000365
39.04, 2000365
39.05, 2000365
39.06, 2000365
39.07, 2000365
39.08, 2000365
39.09, 2000365
39.1, 2000365
39.11, 2000365
39.12, 2000365
39.13, 2000365
39.14, 2000365
39.15, 2000365
39.16, 2000365
39.17, 2000365
39.18, 2000365
39.19, 2000365
39.2, 2000365
39.21, 2000365
39.22, 2000365
39.23, 2000365
39.24, 2000365
39.25, 2000365
39.26, 2000365
39.27, 2000365
39.28, 2000365
39.29, 2000365
39.3, 2000365
39.31, 2000365
39.32, 2000365
39.33, 2000365
39.34, 2000365
39.35, 2000365
39.36, 2000365
39.37, 2000365
39.38, 2000365
39.39, 2000365
39.4, 2000365
39.41, 2000365
39.42, 2000365
39.43, 2000365
39.44, 2000365
39.45, 2000365
39.46, 2000365
39.47, 2000365
39.48, 2000365
39.49, 2000365
39.5, 2000365
39.51, 2000365
39.52, 2000365
39.53, 2000365
39.54, 2000365
39.55, 2000365
39.56, 2000365
39.57, 2000365
39.58, 2000365
39.59, 2000365
39.6, 2000365
39.61, 2000365
39.62, 2000365
39.63, 2000365
39.64, 2000365
39.65, 2000365
39.66, 2000365
39.67, 2000365
39.68, 2000365
39.69, 2000365
39.7, 2000365
39.71, 2000365
39.72, 2000365
39.73, 2000365
39.74, 2000365
39.75, 2000365
39.76, 2000365
39.77, 2000365
39.78, 2000365
39.79, 2000365
39.8, 2000365
39.81, 2000365
39.82, 2000365
39.83, 2000365
39.84, 2000365
39.85, 2000365
39.86, 2000365
39.87, 2000365
39.88, 2000365
39.89, 2000365
39.9, 2000365
39.91, 2000365
39.92, 2000365
39.93, 2000365
39.94, 2000365
39.95, 2000365
39.96, 2000365
39.97, 2000365
39.98, 2000365
39.99, 2000365
40.0, 2000365
40.01, 2000365
40.02, 2000365
40.03, 2000365
40.04, 2000365
40.05, 2000365
40.06, 2000365
40.07, 2000365
40.08, 2000365
40.09, 2000365
40.1, 2000365
40.11, 2000365
40.12, 2000365
40.13, 2000365
40.14, 2000365
40.15, 2000365
40.16, 2000365
40.17, 2000365
40.18, 2000365
40.19, 2000365
40.2, 2000365
40.21, 2000365
40.22, 2000365
40.23, 2000365
40.24, 2000365
40.25, 2000365
40.26, 2000365
40.27, 2000365
40.28, 2000365
40.29, 2000365
40.3, 2000365
40.31, 2000365
40.32, 2000365
40.33, 2000365
40.34, 2000365
40.35, 2000365
40.36, 2000365
40.37, 2000365
40.38, 2000365
40.39, 2000365
40.4, 2000365
40.41, 2000365
40.42, 2000365
40.43, 2000365
40.44, 2000365
40.45, 2000365
40.46, 2000365
40.47, 2000365
40.48, 2000365
40.49, 2000365
40.5, 2000365
40.51, 2000365
40.52, 2000365
40.53, 2000365
40.54, 2000365
40.55, 2000365
40.56, 2000365
40.57, 2000365
40.58, 2000365
40.59, 2000365
40.6, 2000365
40.61, 2000365
40.62, 2000365
40.63, 2000365
40.64, 2000365
40.65, 2000365
40.66, 2000365
40.67, 2000365
40.68, 2000365
40.69, 2000365
40.7, 2000365
40.71, 2000365
40.72, 2000365
40.73, 2000365
40.74, 2000365
40.75, 2000365
40.76, 2000365
40.77, 2000365
40.78, 2000365
40.79, 2000365
40.8, 2000365
40.81, 2000365
40.82, 2000365
40.83, 2000365
40.84, 2000365
40.85, 2000365
40.86, 2000365
40.87, 2000365
40.88, 2000365
40.89, 2000365
40.9, 2000365
40.91, 2000365
40.92, 2000365
40.93, 2000365
40.94, 2000365
40.95, 2000365
40.96, 2000365
40.97, 2000365
40.98, 2000365
40.99, 2000365
41.0, 2000365
41.01, 2000365
41.02, 2000365
41.03, 2000365
41.04, 2000365
41.05, 2000365
41.06, 2000365
41.07, 2000365
41.08, 2000365
41.09, 2000365
41.1, 2000365
41.11, 2000365
41.12, 2000365
41.13, 2000365
41.14, 2000365
41.15, 2000365
41.16, 2000365
41.17, 2000365
41.18, 2000365
41.19, 2000365
41.2, 2000365
41.21, 2000365
41.22, 2000365
41.23, 2000365
41.24, 2000365
41.25, 2000365
41.26, 2000365
41.27, 2000365
41.28, 2000365
41.29, 2000365
41.3, 2000365
41.31, 2000365
41.32, 2000365
41.33, 2000365
41.34, 2000365
41.35, 2000365
41.36, 2000365
41.37, 2000365
41.4, 2000365
41.41, 2000365
41.42, 2000365
41.43, 2000365
41.44, 2000365
41.45, 2000365
41.46, 2000365
41.47, 2000365
41.48, 2000365
41.49, 2000365
41.5, 2000365
41.51, 2000365
41.52, 2000365
41.53, 2000365
41.54, 2000365
41.55, 2000365
41.56, 2000365
41.57, 2000365
41.58, 2000365
41.59, 2000365
41.6, 2000365
41.61, 2000365
41.62, 2000365
41.63, 2000365
41.64, 2000365
41.65, 2000365
41.66, 2000365
41.67, 2000365
41.68, 2000365
41.69, 2000365
41.7, 2000365
41.71, 2000365
41.72, 2000365
41.73, 2000365
41.74, 2000365
41.75, 2000365
41.76, 2000365
41.77, 2000365
41.78, 2000365
41.79, 2000365
41.8, 2000365
41.81, 2000365
41.82, 2000365
41.83, 2000365
41.84, 2000365
41.85, 2000365
41.86, 2000365
41.87, 2000365
41.88, 2000365
41.89, 2000365
41.9, 2000365
41.91, 2000365
41.92, 2000365
41.93, 2000365
41.94, 2000365
41.95, 2000365
41.96, 2000365
41.97, 2000365
41.98, 2000365
41.99, 2000365
42.0, 2000365
42.01, 2000365
42.02, 2000365
42.03, 2000365
42.04, 2000365
42.05, 2000365
42.06, 2000365
42.07, 2000365
42.08, 2000365
42.09, 2000365
42.1, 2000365
42.11, 2000365
42.12, 2000365
42.13, 2000365
42.14, 2000365
42.15, 2000365
42.16, 2000365
42.17, 2000365
42.18, 2000365
42.19, 2000365
42.2, 2000365
42.21, 2000365
42.22, 2000365
42.23, 2000365
42.24, 2000365
42.25, 2000365
42.26, 2000365
42.27, 2000365
42.28, 2000365
42.29, 2000365
42.3, 2000365
42.31, 2000365
42.32, 2000365
42.33, 2000365
42.34, 2000365
42.35, 2000365
42.36, 2000365
42.37, 2000365
42.38, 2000365
42.39, 2000365
42.4, 2000365
42.41, 2000365
42.42, 2000365
42.43, 2000365
42.44, 2000365
42.45, 2000365
42.46, 2000365
42.47, 2000365
42.48, 2000365
42.49, 2000365
42.5, 2000365
42.51, 2000365
42.52, 2000365
42.53, 2000365
42.54, 2000365
42.55, 2000365
42.56, 2000365
42.57, 2000365
42.58, 2000365
42.59, 2000365
42.6, 2000365
42.61, 2000365
42.62, 2000365
42.63, 2000365
42.64, 2000365
42.65, 2000365
42.66, 2000365
42.67, 2000365
42.68, 2000365
42.69, 2000365
42.7, 2000365
42.71, 2000365
42.72, 2000365
42.73, 2000365
42.74, 2000365
42.75, 2000365
42.76, 2000365
42.77, 2000365
42.78, 2000365
42.79, 2000365
42.8, 2000365
42.81, 2000365
42.82, 2000365
42.83, 2000365
42.84, 2000365
42.85, 2000365
42.86, 2000365
42.87, 2000365
42.88, 2000365
42.89, 2000365
42.9, 2000365
42.91, 2000365
42.92, 2000365
42.93, 2000365
42.94, 2000365
42.95, 2000365
42.96, 2000365
42.97, 2000365
42.98, 2000365
42.99, 2000365
43.0, 2000365
43.01, 2000365
43.02, 2000365
43.03, 2000365
43.04, 2000365
43.05, 2000365
43.06, 2000365
43.07, 2000365
43.08, 2000365
43.09, 2000365
43.1, 2000365
43.11, 2000365
43.12, 2000365
43.13, 2000365
43.14, 2000365
43.15, 2000365
43.16, 2000365
43.17, 2000365
43.18, 2000365
43.19, 2000365
43.2, 2000365
43.21, 2000365
43.22, 2000365
43.23, 2000365
43.24, 2000365
43.25, 2000365
43.26, 2000365
43.27, 2000365
43.28, 2000365
43.29, 2000365
43.3, 2000365
43.31, 2000365
43.32, 2000365
43.33, 2000365
43.34, 2000365
43.35, 2000365
43.36, 2000365
43.37, 2000365
43.38, 2000365
43.39, 2000365
43.4, 2000365
43.41, 2000365
43.42, 2000365
43.43, 2000365
43.44, 2000365
43.45, 2000365
43.46, 2000365
43.47, 2000365
43.48, 2000365
43.49, 2000365
43.5, 2000365
43.51, 2000365
43.52, 2000365
43.53, 2000365
43.54, 2000365
43.55, 2000365
43.56, 2000365
43.57, 2000365
43.58, 2000365
43.59, 2000365
43.6, 2000365
43.61, 2000365
43.62, 2000365
43.63, 2000365
43.64, 2000365
43.65, 2000365
43.66, 2000365
43.67, 2000365
43.68, 2000365
43.69, 2000365
43.7, 2000365
43.71, 2000365
43.72, 2000365
43.73, 2000365
43.74, 2000365
43.75, 2000365
43.76, 2000365
43.77, 2000365
43.78, 2000365
43.79, 2000365
43.8, 2000365
43.81, 2000365
43.82, 2000365
43.83, 2000365
43.84, 2000365
43.85, 2000365
43.86, 2000365
43.87, 2000365
43.88, 2000365
43.89, 2000365
43.9, 2000365
43.91, 2000365
43.92, 2000365
43.93, 2000365
43.94, 2000365
43.95, 2000365
43.96, 2000365
43.97, 2000365
43.98, 2000365
43.99, 2000365
44.0, 2000365
44.01, 2000365
44.02, 2000365
44.03, 2000365
44.04, 2000365
44.05, 2000365
44.06, 2000365
44.07, 2000365
44.08, 2000365
44.09, 2000365
44.1, 2000365
44.11, 2000365
44.12, 2000365
44.13, 2000365
44.14, 2000365
44.15, 2000365
44.16, 2000365
44.17, 2000365
44.18, 2000365
44.19, 2000365
44.2, 2000365
44.21, 2000365
44.22, 2000365
44.23, 2000365
44.24, 2000365
44.25, 2000365
44.26, 2000365
44.27, 2000365
44.28, 2000365
44.29, 2000365
44.3, 2000365
44.31, 2000365
44.32, 2000365
44.33, 2000365
44.34, 2000365
44.35, 2000365
44.36, 2000365
44.37, 2000365
44.38, 2000365
44.39, 2000365
44.4, 2000365
44.41, 2000365
44.42, 2000365
44.43, 2000365
44.44, 2000365
44.45, 2000365
44.46, 2000365
44.47, 2000365
44.48, 2000365
44.49, 2000365
44.5, 2000365
44.51, 2000365
44.52, 2000365
44.53, 2000365
44.54, 2000365
44.55, 2000365
44.56, 2000365
44.57, 2000365
44.58, 2000365
44.59, 2000365
44.6, 2000365
44.61, 2000365
44.62, 2000365
44.63, 2000365
44.64, 2000365
44.65, 2000365
44.66, 2000365
44.67, 2000365
44.68, 2000365
44.69, 2000365
44.7, 2000365
44.71, 2000365
44.72, 2000365
44.73, 2000365
44.74, 2000365
44.75, 2000365
44.76, 2000365
44.77, 2000365
44.78, 2000365
44.79, 2000365
44.8, 2000365
44.81, 2000365
44.82, 2000365
44.83, 2000365
44.84, 2000365
44.85, 2000365
44.86, 2000365
44.87, 2000365
44.88, 2000365
44.89, 2000365
44.9, 2000365
44.91, 2000365
44.92, 2000365
44.93, 2000365
44.94, 2000365
44.95, 2000365
44.96, 2000365
44.97, 2000365
44.98, 2000365
44.99, 2000365
45.0, 2000365
45.01, 2000365
45.02, 2000365
45.03, 2000365
45.04, 2000365
45.05, 2000365
45.06, 2000365
45.07, 2000365
45.08, 2000365
45.09, 2000365
45.1, 2000365
45.11, 2000365
45.12, 2000365
45.13, 2000365
45.14, 2000365
45.15, 2000365
45.16, 2000365
45.17, 2000365
45.18, 2000365
45.19, 2000365
45.2, 2000365
45.21, 2000365
45.22, 2000365
45.23, 2000365
45.24, 2000365
45.25, 2000365
45.26, 2000365
45.27, 2000365
45.28, 2000365
45.29, 2000365
45.3, 2000365
45.31, 2000365
45.32, 2000365
45.33, 2000365
45.34, 2000365
45.35, 2000365
45.36, 2000365
45.37, 2000365
45.38, 2000365
45.39, 2000365
45.4, 2000365
45.41, 2000365
45.42, 2000365
45.43, 2000365
45.44, 2000365
45.45, 2000365
45.46, 2000365
45.47, 2000365
45.48, 2000365
45.49, 2000365
45.5, 2000365
45.51, 2000365
45.52, 2000365
45.53, 2000365
45.54, 2000365
45.55, 2000365
45.56, 1962719
45.57, 1962719
45.58, 1962719
45.59, 1962719
45.6, 1962719
45.61, 1962719
45.62, 1962719
45.63, 1962719
45.64, 1962719
45.65, 1962719
45.66, 1962719
45.67, 1962719
45.68, 1962719
45.69, 1962719
45.7, 1962719
45.71, 1962719
45.72, 1962719
45.73, 1962719
45.74, 1962719
45.75, 1962719
45.76, 1962719
45.77, 1962719
45.78, 1962719
45.79, 1962719
45.8, 1962719
45.81, 1962719
45.82, 1962719
45.83, 1962719
45.84, 1962719
45.85, 1962719
45.86, 1962719
45.87, 1962719
45.88, 1962719
45.89, 1962719
45.9, 1962719
45.91, 1962719
45.92, 1962719
45.93, 1962719
45.94, 1962719
45.95, 1962719
45.96, 1962719
45.97, 1962719
45.98, 1962719
45.99, 1962719
46.0, 1962719
46.01, 1962719
46.02, 1962719
46.03, 1962719
46.04, 1962719
46.05, 1962719
46.06, 1962719
46.07, 1962719
46.08, 1962719
46.09, 1962719
46.1, 1962719
46.11, 1962719
46.12, 1962719
46.13, 1962719
46.14, 1962719
46.15, 1962719
46.16, 1962719
46.17, 1962719
46.18, 1962719
46.19, 1962719
46.2, 1962719
46.21, 1962719
46.22, 1962719
46.23, 1962719
46.24, 1962719
46.25, 1962719
46.26, 1962719
46.27, 1962719
46.28, 1962719
46.29, 1962719
46.3, 1962719
46.31, 1962719
46.32, 1962719
46.33, 1962719
46.34, 1962719
46.35, 1962719
46.36, 1962719
46.37, 1962719
46.38, 1962719
46.39, 1962719
46.4, 1962719
46.41, 1962719
46.42, 1962719
46.43, 1962719
46.44, 1962719
46.45, 1962719
46.46, 1962719
46.47, 1962719
46.48, 1962719
46.49, 1962719
46.5, 1962719
46.51, 1962719
46.52, 1962719
46.53, 1962719
46.54, 1962719
46.55, 1962719
46.56, 1962719
46.57, 1962719
46.58, 1962719
46.59, 1962719
46.6, 1962719
46.61, 1962719
46.62, 1962719
46.63, 1962719
46.64, 1962719
46.65, 1962719
46.66, 1962719
46.67, 1962719
46.68, 1962719
46.69, 1962719
46.7, 1962719
46.71, 1962719
46.72, 1962719
46.73, 1962719
46.74, 1962719
46.75, 1962719
46.76, 1962719
46.77, 1962719
46.78, 1962719
46.79, 1962719
46.8, 1962719
46.81, 1962719
46.82, 1962719
46.83, 1962719
46.84, 1962719
46.85, 1962719
46.86, 1962719
46.87, 1962719
46.88, 1962719
46.89, 1962719
46.9, 1962719
46.91, 1962719
46.92, 1962719
46.93, 1962719
46.94, 1962719
46.95, 1962719
46.96, 1962719
46.97, 1962719
46.98, 1962719
46.99, 1962719
47.0, 1962719
47.01, 1962719
47.02, 1962719
47.03, 1962719
47.04, 1962719
47.05, 1962719
47.06, 1962719
47.07, 1962719
47.08, 1962719
47.09, 1962719
47.1, 1962719
47.11, 1962719
47.12, 1962719
47.13, 1962719
47.14, 1962719
47.15, 1962719
47.16, 1962719
47.17, 1962719
47.18, 1962719
47.19, 1962719
47.2, 1962719
47.21, 1962719
47.22, 1962719
47.23, 1962719
47.24, 1962719
47.25, 1962719
47.26, 1962719
47.27, 1962719
47.28, 1962719
47.29, 1962719
47.3, 1962719
47.31, 1962719
47.32, 1962719
47.33, 1962719
47.34, 1962719
47.35, 1962719
47.36, 1962719
47.37, 1962719
47.38, 1962719
47.39, 1962719
47.4, 1962719
47.41, 1962719
47.42, 1962719
47.43, 1962719
47.44, 1962719
47.45, 1962719
47.46, 1962719
47.47, 1962719
47.48, 1962719
47.49, 1962719
47.5, 1962719
47.51, 1962719
47.52, 1962719
47.53, 1962719
47.54, 1962719
47.55, 1962719
47.56, 1962719
47.57, 1962719
47.58, 1962719
47.59, 1962719
47.6, 1962719
47.61, 1962719
47.62, 1962719
47.63, 1962719
47.64, 1962719
47.65, 1962719
47.66, 1962719
47.67, 1962719
47.68, 1962719
47.69, 1962719
47.7, 1962719
47.71, 1962719
47.72, 1962719
47.73, 1962719
47.74, 1962719
47.75, 1962719
47.76, 1962719
47.77, 1962719
47.78, 1962719
47.79, 1962719
47.8, 1962719
47.81, 1962719
47.82, 1962719
47.83, 1962719
47.84, 1962719
47.85, 1962719
47.86, 1962719
47.87, 1962719
47.88, 1962719
47.89, 1962719
47.9, 1962719
47.91, 1962719
47.92, 1962719
47.93, 1962719
47.94, 1962719
47.95, 1962719
47.96, 1962719
47.97, 1962719
47.98, 1962719
47.99, 1962719
48.0, 1962719
48.01, 1962719
48.02, 1962719
48.03, 1962719
48.04, 1962719
48.05, 1962719
48.06, 1962719
48.07, 1962719
48.08, 1962719
48.09, 1962719
48.1, 1962719
48.11, 1962719
48.12, 1962719
48.13, 1962719
48.14, 1962719
48.15, 1962719
48.16, 1962719
48.17, 1962719
48.18, 1962719
48.19, 1962719
48.2, 1962719
48.21, 1962719
48.22, 1962719
48.23, 1962719
48.24, 1962719
48.25, 1962719
48.26, 1962719
48.27, 1962719
48.28, 1962719
48.29, 1962719
48.3, 1962719
48.31, 1962719
48.32, 1962719
48.33, 1962719
48.34, 1962719
48.35, 1962719
48.36, 1962719
48.37, 1962719
48.38, 1962719
48.39, 1962719
48.4, 1962719
48.41, 1962719
48.42, 1962719
48.43, 1962719
48.44, 1962719
48.45, 1962719
48.46, 1962719
48.47, 1962719
48.48, 1962719
48.49, 1962719
48.5, 1962719
48.51, 1962719
48.52, 1962719
48.53, 1962719
48.54, 1962719
48.55, 1962719
48.56, 1962719
48.57, 1962719
48.58, 1962719
48.59, 1962719
48.6, 1962719
48.61, 1962719
48.62, 1962719
48.63, 1962719
48.64, 1962719
48.65, 1962719
48.66, 1962719
48.67, 1962719
48.68, 1962719
48.69, 1962719
48.7, 1962719
48.71, 1962719
48.72, 1962719
48.73, 1962719
48.74, 1962719
48.75, 1962719
48.76, 1962719
48.77, 1962719
48.78, 1962719
48.79, 1962719
48.8, 1962719
48.81, 1962719
48.82, 1962719
48.83, 1962719
48.84, 1962719
48.85, 1962719
48.86, 1962719
48.87, 1962719
48.88, 1962719
48.89, 1962719
48.9, 1962719
48.91, 1962719
48.92, 1962719
48.93, 1962719
48.94, 1962719
48.95, 1962719
48.96, 1962719
48.97, 1962719
48.98, 1962719
48.99, 1962719
49.0, 1962719
49.01, 1962719
49.02, 1962719
49.03, 1962719
49.04, 1962719
49.05, 1962719
49.06, 1962719
49.07, 1962719
49.08, 1962719
49.09, 1962719
49.1, 1962719
49.11, 1962719
49.12, 1962719
49.13, 1962719
49.14, 1962719
49.15, 1962719
49.16, 1962719
49.17, 1962719
49.18, 1962719
49.19, 1962719
49.2, 1962719
49.21, 1962719
49.22, 1962719
49.23, 1962719
49.24, 1962719
49.25, 1962719
49.26, 1962719
49.27, 1962719
49.28, 1962719
49.29, 1962719
49.3, 1962719
49.31, 1962719
49.32, 1962719
49.33, 1962719
49.34, 1962719
49.35, 1962719
49.36, 1962719
49.37, 1962719
49.38, 1962719
49.39, 1962719
49.4, 1962719
49.41, 1962719
49.42, 1962719
49.43, 1962719
49.44, 1962719
49.45, 1962719
49.46, 1962719
49.47, 1962719
49.48, 1962719
49.49, 1962719
49.5, 1962719
49.51, 1962719
49.52, 1962719
49.53, 1962719
49.54, 1962719
49.55, 1962719
49.56, 1962719
49.57, 1962719
49.58, 1962719
49.59, 1962719
49.6, 1962719
49.61, 1962719
49.62, 1962719
49.63, 1962719
49.64, 1962719
49.65, 1962719
49.66, 1962719
49.67, 1962719
49.68, 1962719
49.69, 1962719
49.7, 1962719
49.71, 1962719
49.72, 1962719
49.73, 1962719
49.74, 1962719
49.75, 1962719
49.76, 1962719
49.77, 1962719
49.78, 1962719
49.79, 1962719
49.8, 1962719
49.81, 1962719
49.82, 1962719
49.83, 1962719
49.84, 1962719
49.85, 1962719
49.86, 1962719
49.87, 1962719
49.88, 1962719
49.89, 1962719
49.9, 1962719
49.91, 1962719
49.92, 1962719
49.93, 1962719
49.94, 1962719
49.95, 1962719
49.96, 1962719
49.97, 1962719
49.98, 1962719
49.99, 1962719
50.0, 1962719
50.01, 1962719
50.02, 1962719
50.03, 1962719
50.04, 1962719
50.05, 1962719
50.06, 1962719
50.07, 1962719
50.08, 1962719
50.09, 1962719
50.1, 1962719
50.11, 1962719
50.12, 1962719
50.13, 1962719
50.14, 1962719
50.15, 1962719
50.16, 1962719
50.17, 1962719
50.18, 1962719
50.19, 1962719
50.2, 1962719
50.21, 1962719
50.22, 1962719
50.23, 1962719
50.24, 1962719
50.25, 1962719
50.26, 1962719
50.27, 1962719
50.28, 1962719
50.29, 1962719
50.3, 1962719
50.31, 1962719
50.32, 1962719
50.33, 1962719
50.34, 1962719
50.35, 1962719
50.36, 1962719
50.37, 1962719
50.38, 1962719
50.39, 1962719
50.4, 1962719
50.41, 1962719
50.42, 1962719
50.43, 1962719
50.44, 1962719
50.45, 1962719
50.46, 1962719
50.47, 1962719
50.48, 1962719
50.49, 1962719
50.5, 1962719
50.51, 1962719
50.52, 1962719
50.53, 1962719
50.54, 1962719
50.55, 1962719
50.56, 1962719
50.57, 1962719
50.58, 1962719
50.59, 1962719
50.6, 1962719
50.61, 1962719
50.62, 1962719
50.63, 1962719
50.64, 1962719
50.65, 1962719
50.66, 1962719
50.67, 1962719
50.68, 1962719
50.69, 1962719
50.7, 1962719
50.71, 1962719
50.72, 1962719
50.73, 1962719
50.74, 1962719
50.75, 1962719
50.76, 1962719
50.77, 1962719
50.78, 1962719
50.79, 1962719
50.8, 1962719
50.81, 1962719
50.82, 1962719
50.83, 1962719
50.84, 1962719
50.85, 1962719
50.86, 1962719
50.87, 1962719
50.88, 1962719
50.89, 1962719
50.9, 1962719
50.91, 1962719
50.92, 1962719
50.93, 1962719
50.94, 1962719
50.95, 1962719
50.96, 1962719
50.97, 1962719
50.98, 1962719
50.99, 1962719
51.0, 1962719
51.01, 1962719
51.02, 1962719
51.03, 1962719
51.04, 1962719
51.05, 1962719
51.06, 1962719
51.07, 1962719
51.08, 1962719
51.09, 1962719
51.1, 1962719
51.11, 1962719
51.12, 1962719
51.13, 1962719
51.14, 1962719
51.15, 1962719
51.16, 1962719
51.17, 1962719
51.18, 1962719
51.19, 1962719
51.2, 1962719
51.21, 1962719
51.22, 1962719
51.23, 1962719
51.24, 1962719
51.25, 1962719
51.26, 1962719
51.27, 1962719
51.28, 1962719
51.29, 1962719
51.3, 1962719
51.31, 1962719
51.32, 1962719
51.33, 1962719
51.34, 1962719
51.35, 1962719
51.36, 1962719
51.37, 1962719
51.38, 1962719
51.39, 1962719
51.4, 1962719
51.41, 1962719
51.42, 1962719
51.43, 1962719
51.44, 1962719
51.45, 1962719
51.46, 1962719
51.47, 1962719
51.48, 1962719
51.49, 1962719
51.5, 1962719
51.51, 1962719
51.52, 1962719
51.53, 1962719
51.54, 1962719
51.55, 1962719
51.56, 1962719
51.57, 1962719
51.58, 1962719
51.59, 1962719
51.6, 1962719
51.61, 1962719
51.62, 1962719
51.63, 1962719
51.64, 1962719
51.65, 1962719
51.66, 1962719
51.67, 1962719
51.68, 1962719
51.69, 1962719
51.7, 1962719
51.71, 1962719
51.72, 1962719
51.73, 1962719
51.74, 1962719
51.75, 1962719
51.76, 1962719
51.77, 1962719
51.78, 1962719
51.79, 1962719
51.8, 1962719
51.81, 1962719
51.82, 1962719
51.83, 1962719
51.84, 1962719
51.85, 1962719
51.86, 1962719
51.87, 1962719
51.88, 1962719
51.89, 1962719
51.9, 1962719
51.91, 1962719
51.92, 1962719
51.93, 1962719
51.94, 1962719
51.95, 1962719
51.96, 1962719
51.97, 1962719
51.98, 1962719
51.99, 1962719
52.0, 1962719
52.01, 1962719
52.02, 1962719
52.03, 1962719
52.04, 1962719
52.05, 1962719
52.06, 1962719
52.07, 1962719
52.08, 1962719
52.09, 1962719
52.1, 1962719
52.11, 1962719
52.12, 1962719
52.13, 1962719
52.14, 1962719
52.15, 1962719
52.16, 1962719
52.17, 1962719
52.18, 1962719
52.19, 1962719
52.2, 1962719
52.21, 1962719
52.22, 1962719
52.23, 1962719
52.24, 1962719
52.25, 1962719
52.26, 1962719
52.27, 1962719
52.28, 1962719
52.29, 1962719
52.3, 1962719
52.31, 1962719
52.32, 1962719
52.33, 1962719
52.34, 1962719
52.35, 1962719
52.36, 1962719
52.37, 1962719
52.38, 1962719
52.39, 1962719
52.4, 1962719
52.41, 1962719
52.42, 1962719
52.43, 1962719
52.44, 1962719
52.45, 1962719
52.46, 1962719
52.47, 1962719
52.48, 1962719
52.49, 1962719
52.5, 1962719
52.51, 1962719
52.52, 1962719
52.53, 1962719
52.54, 1962719
52.55, 1962719
52.56, 1962719
52.57, 1962719
52.58, 1962719
52.59, 1962719
52.6, 1962719
52.61, 1962719
52.62, 1962719
52.63, 1962719
52.64, 1962719
52.65, 1962719
52.66, 1962719
52.67, 1962719
52.68, 1962719
52.69, 1962719
52.7, 1962719
52.71, 1962719
52.72, 1962719
52.73, 1962719
52.74, 1962719
52.75, 1962719
52.76, 1962719
52.77, 1962719
52.78, 1962719
52.79, 1962719
52.8, 1962719
52.81, 1962719
52.82, 1962719
52.83, 1962719
52.84, 1962719
52.85, 1962719
52.86, 1962719
52.87, 1962719
52.88, 1962719
52.89, 1962719
52.9, 1962719
52.91, 1962719
52.92, 1962719
52.93, 1962719
52.94, 1962719
52.95, 1962719
52.96, 1962719
52.97, 1962719
52.98, 1962719
52.99, 1962719
53.0, 1962719
53.01, 1962719
53.02, 1962719
53.03, 1962719
53.04, 1962719
53.05, 1962719
53.06, 1962719
53.07, 1962719
53.08, 1962719
53.09, 1962719
53.1, 1962719
53.11, 1962719
53.12, 1962719
53.13, 1962719
53.14, 1962719
53.15, 1962719
53.16, 1962719
53.17, 1962719
53.18, 1962719
53.19, 1962719
53.2, 1962719
53.21, 1962719
53.22, 1962719
53.23, 1962719
53.24, 1962719
53.25, 1962719
53.26, 1962719
53.27, 1962719
53.28, 1962719
53.29, 1962719
53.3, 1962719
53.31, 1962719
53.32, 1962719
53.33, 1962719
53.34, 1962719
53.35, 1962719
53.36, 1962719
53.37, 1962719
53.38, 1962719
53.39, 1962719
53.4, 1962719
53.41, 1962719
53.42, 1962719
53.43, 1962719
53.44, 1962719
53.45, 1962719
53.46, 1962719
53.47, 1962719
53.48, 1962719
53.49, 1962719
53.5, 1962719
53.51, 1962719
53.52, 1962719
53.53, 1962719
53.54, 1962719
53.55, 1962719
53.56, 1962719
53.57, 1962719
53.58, 1962719
53.59, 1962719
53.6, 1962719
53.61, 1962719
53.62, 1962719
53.63, 1962719
53.64, 1962719
53.65, 1962719
53.66, 1962719
53.67, 1962719
53.68, 1962719
53.69, 1962719
53.7, 1962719
53.71, 1962719
53.72, 1962719
53.73, 1962719
53.74, 1962719
53.75, 1962719
53.76, 1962719
53.77, 1962719
53.78, 1962719
53.79, 1962719
53.8, 1962719
53.81, 1962719
53.82, 1962719
53.83, 1962719
53.84, 1962719
53.85, 1962719
53.86, 1962719
53.87, 1962719
53.88, 1962719
53.89, 1962719
53.9, 1962719
53.91, 1962719
53.92, 1962719
53.93, 1962719
53.94, 1962719
53.95, 1962719
53.96, 1962719
53.97, 1962719
53.98, 1962719
53.99, 1962719
54.0, 1962719
54.01, 1962719
54.02, 1962719
54.03, 1962719
54.04, 1962719
54.05, 1962719
54.06, 1962719
54.07, 1962719
54.08, 1962719
54.09, 1962719
54.1, 1962719
54.11, 1962719
54.12, 1962719
54.13, 1962719
54.14, 1962719
54.15, 1962719
54.16, 1962719
54.17, 1962719
54.18, 1962719
54.19, 1962719
54.2, 1962719
54.21, 1962719
54.22, 1962719
54.23, 1962719
54.24, 1962719
54.25, 1962719
54.26, 1962719
54.27, 1962719
54.28, 1962719
54.29, 1962719
54.3, 1962719
54.31, 1962719
54.32, 1962719
54.33, 1962719
54.34, 1962719
54.35, 1962719
54.36, 1962719
54.37, 1962719
54.38, 1962719
54.39, 1962719
54.4, 1962719
54.41, 1962719
54.42, 1962719
54.43, 1962719
54.44, 1962719
54.45, 1962719
54.46, 1962719
54.47, 1962719
54.48, 1962719
54.49, 1962719
54.5, 1962719
54.51, 1962719
54.52, 1962719
54.53, 1962719
54.54, 1962719
54.55, 1962719
54.56, 1962719
54.57, 1962719
54.58, 1962719
54.59, 1962719
54.6, 1962719
54.61, 1962719
54.62, 1962719
54.63, 1962719
54.64, 1962719
54.65, 1962719
54.66, 1962719
54.67, 1962719
54.68, 1962719
54.69, 1962719
54.7, 1962719
54.71, 1962719
54.72, 1962719
54.73, 1962719
54.74, 1962719
54.75, 1962719
54.76, 1962719
54.77, 1962719
54.78, 1962719
54.79, 1962719
54.8, 1962719
54.81, 1962719
54.82, 1962719
54.83, 1962719
54.84, 1962719
54.85, 1962719
54.86, 1962719
54.87, 1962719
54.88, 1962719
54.89, 1962719
54.9, 1962719
54.91, 1962719
54.92, 1962719
54.93, 1962719
54.94, 1962719
54.95, 1962719
54.96, 1962719
54.97, 1962719
54.98, 1962719
54.99, 1962719
55.0, 1962719
55.01, 1962719
55.02, 1962719
55.03, 1962719
55.04, 1962719
55.05, 1962719
55.06, 1962719
55.07, 1962719
55.08, 1962719
55.09, 1962719
55.1, 1962719
55.11, 1962719
55.12, 1962719
55.13, 1962719
55.14, 1962719
55.15, 1962719
55.16, 1962719
55.17, 1962719
55.18, 1962719
55.19, 1962719
55.2, 1962719
55.21, 1962719
55.22, 1962719
55.23, 1962719
55.24, 1962719
55.25, 1962719
55.26, 1962719
55.27, 1962719
55.28, 1962719
55.29, 1962719
55.3, 1962719
55.31, 1962719
55.32, 1962719
55.33, 1962719
55.34, 1962719
55.35, 1962719
55.36, 1962719
55.37, 1962719
55.38, 1962719
55.39, 1962719
55.4, 1962719
55.41, 1962719
55.42, 1962719
55.43, 1962719
55.44, 1962719
55.45, 1962719
55.46, 1962719
55.47, 1962719
55.48, 1962719
55.49, 1962719
55.5, 1962719
55.51, 1962719
55.52, 1962719
55.53, 1962719
55.54, 1962719
55.55, 1962719
55.56, 1962719
55.57, 1962719
55.58, 1962719
55.59, 1962719
55.6, 1962719
55.61, 1962719
55.62, 1962719
55.63, 1962719
55.64, 1962719
55.65, 1962719
55.66, 1962719
55.67, 1962719
55.68, 1962719
55.69, 1962719
55.7, 1962719
55.71, 1962719
55.72, 1962719
55.73, 1962719
55.74, 1962719
55.75, 1962719
55.76, 1962719
55.77, 1962719
55.78, 1962719
55.79, 1962719
55.8, 1962719
55.81, 1962719
55.82, 1962719
55.83, 1962719
55.84, 1962719
55.85, 1962719
55.86, 1962719
55.87, 1962719
55.88, 1962719
55.89, 1962719
55.9, 1962719
55.91, 1962719
55.92, 1962719
55.93, 1962719
55.94, 1962719
55.95, 1962719
55.96, 1962719
55.97, 1962719
55.98, 1962719
55.99, 1962719
56.0, 1962719
56.01, 1962719
56.02, 1962719
56.03, 1962719
56.04, 1962719
56.05, 1962719
56.06, 1962719
56.07, 1962719
56.08, 1962719
56.09, 1962719
56.1, 1962719
56.11, 1962719
56.12, 1962719
56.13, 1962719
56.14, 1962719
56.15, 1962719
56.16, 1962719
56.17, 1962719
56.18, 1962719
56.19, 1962719
56.2, 1962719
56.21, 1962719
56.22, 1962719
56.23, 1962719
56.24, 1962719
56.25, 1962719
56.26, 1962719
56.27, 1962719
56.28, 1962719
56.29, 1962719
56.3, 1962719
56.31, 1962719
56.32, 1962719
56.33, 1962719
56.34, 1962719
56.35, 1962719
56.36, 1962719
56.37, 1962719
56.38, 1962719
56.39, 1962719
56.4, 1962719
56.41, 1962719
56.42, 1962719
56.43, 1962719
56.44, 1962719
56.45, 1962719
56.46, 1962719
56.47, 1962719
56.48, 1962719
56.49, 1962719
56.5, 1962719
56.51, 1962719
56.52, 1962719
56.53, 1962719
56.54, 1962719
56.55, 1962719
56.56, 1962719
56.57, 1962719
56.58, 1962719
56.59, 1962719
56.6, 1962719
56.61, 1962719
56.62, 1962719
56.63, 1962719
56.64, 1962719
56.65, 1962719
56.66, 1962719
56.67, 1962719
56.68, 1962719
56.69, 1962719
56.7, 1962719
56.71, 1962719
56.72, 1962719
56.73, 1962719
56.74, 1962719
56.75, 1962719
56.76, 1962719
56.77, 1962719
56.78, 1962719
56.79, 1962719
56.8, 1962719
56.81, 1962719
56.82, 1962719
56.83, 1962719
56.84, 1962719
56.85, 1962719
56.86, 1962719
56.87, 1962719
56.88, 1962719
56.89, 1962719
56.9, 1962719
56.91, 1962719
56.92, 1962719
56.93, 1962719
56.94, 1962719
56.95, 1962719
56.96, 1962719
56.97, 1962719
56.98, 1962719
56.99, 1962719
57.0, 1962719
57.01, 1962719
57.02, 1962719
57.03, 1962719
57.04, 1962719
57.05, 1962719
57.06, 1962719
57.07, 1962719
57.08, 1962719
57.09, 1962719
57.1, 1962719
57.11, 1962719
57.12, 1962719
57.13, 1962719
57.14, 1962719
57.15, 1962719
57.16, 1962719
57.17, 1962719
57.18, 1962719
57.19, 1962719
57.2, 1962719
57.21, 1962719
57.22, 1962719
57.23, 1962719
57.24, 1962719
57.25, 1962719
57.26, 1962719
57.27, 1962719
57.28, 1962719
57.29, 1962719
57.3, 1962719
57.31, 1962719
57.32, 1962719
57.33, 1962719
57.34, 1962719
57.35, 1962719
57.36, 1962719
57.37, 1962719
57.38, 1962719
57.39, 1962719
57.4, 1962719
57.41, 1962719
57.42, 1962719
57.43, 1962719
57.44, 1962719
57.45, 1962719
57.46, 1962719
57.47, 1962719
57.48, 1962719
57.49, 1962719
57.5, 1962719
57.51, 1962719
57.52, 1962719
57.53, 1962719
57.54, 1962719
57.55, 1962719
57.56, 1962719
57.57, 1962719
57.58, 1962719
57.59, 1962719
57.6, 1962719
57.61, 1962719
57.62, 1962719
57.63, 1962719
57.64, 1962719
57.65, 1962719
57.66, 1962719
57.67, 1962719
57.68, 1962719
57.69, 1962719
57.7, 1962719
57.71, 1962719
57.72, 1962719
57.73, 1962719
57.74, 1962719
57.75, 1962719
57.76, 1962719
57.77, 1962719
57.78, 1962719
57.79, 1962719
57.8, 1962719
57.81, 1962719
57.82, 1962719
57.83, 1962719
57.84, 1962719
57.85, 1962719
57.86, 1962719
57.87, 1962719
57.88, 1962719
57.89, 1962719
57.9, 1962719
57.91, 1962719
57.92, 1962719
57.93, 1962719
57.94, 1962719
57.95, 1962719
57.96, 1962719
57.97, 1962719
57.98, 1962719
57.99, 1962719
58.0, 1962719
58.01, 1962719
58.02, 1962719
58.03, 1962719
58.04, 1962719
58.05, 1962719
58.06, 1962719
58.07, 1962719
58.08, 1962719
58.09, 1962719
58.1, 1962719
58.11, 1962719
58.12, 1962719
58.13, 1962719
58.14, 1962719
58.15, 1962719
58.16, 1962719
58.17, 1962719
58.18, 1962719
58.19, 1962719
58.2, 1962719
58.21, 1962719
58.22, 1962719
58.23, 1962719
58.24, 1962719
58.25, 1962719
58.26, 1962719
58.27, 1962719
58.28, 1962719
58.29, 1962719
58.3, 1962719
58.31, 1962719
58.32, 1962719
58.33, 1962719
58.34, 1962719
58.35, 1962719
58.36, 1962719
58.37, 1962719
58.38, 1962719
58.39, 1962719
58.4, 1962719
58.41, 1962719
58.42, 1962719
58.43, 1962719
58.44, 1962719
58.45, 1962719
58.46, 1962719
58.47, 1962719
58.48, 1962719
58.49, 1962719
58.5, 1962719
58.51, 1962719
58.52, 1962719
58.53, 1962719
58.54, 1962719
58.55, 1962719
58.56, 1962719
58.57, 1962719
58.58, 1962719
58.59, 1962719
58.6, 1962719
58.61, 1962719
58.62, 1962719
58.63, 1962719
58.64, 1962719
58.65, 1962719
58.66, 1962719
58.67, 1962719
58.68, 1962719
58.69, 1962719
58.7, 1962719
58.71, 1962719
58.72, 1962719
58.73, 1962719
58.74, 1962719
58.75, 1962719
58.76, 1962719
58.77, 1962719
58.78, 1962719
58.79, 1962719
58.8, 1962719
58.81, 1962719
58.82, 1962719
58.83, 1962719
58.84, 1962719
58.85, 1962719
58.86, 1962719
58.87, 1962719
58.88, 1962719
58.89, 1962719
58.9, 1962719
58.91, 1962719
58.92, 1962719
58.93, 1962719
58.94, 1962719
58.95, 1962719
58.96, 1962719
58.97, 1962719
58.98, 1962719
58.99, 1962719
59.0, 1962719
59.01, 1962719
59.02, 1962719
59.03, 1962719
59.04, 1962719
59.05, 1962719
59.06, 1962719
59.07, 1962719
59.08, 1962719
59.09, 1962719
59.1, 1962719
59.11, 1962719
59.12, 1962719
59.13, 1962719
59.14, 1962719
59.15, 1962719
59.16, 1962719
59.17, 1962719
59.18, 1962719
59.19, 1962719
59.2, 1962719
59.21, 1962719
59.22, 1962719
59.23, 1962719
59.24, 1962719
59.25, 1962719
59.26, 1962719
59.27, 1962719
59.28, 1962719
59.29, 1962719
59.3, 1962719
59.31, 1962719
59.32, 1962719
59.33, 1962719
59.34, 1962719
59.35, 1962719
59.36, 1962719
59.37, 1962719
59.38, 1962719
59.39, 1962719
59.4, 1962719
59.41, 1962719
59.42, 1962719
59.43, 1962719
59.44, 1962719
59.45, 1962719
59.46, 1962719
59.47, 1962719
59.48, 1962719
59.49, 1962719
59.5, 1962719
59.51, 1962719
59.52, 1962719
59.53, 1962719
59.54, 1962719
59.55, 1962719
59.56, 1962719
59.57, 1962719
59.58, 1962719
59.59, 1962719
59.6, 1962719
59.61, 1962719
59.62, 1962719
59.63, 1962719
59.64, 1962719
59.65, 1962719
59.66, 1962719
59.67, 1962719
59.68, 1962719
59.69, 1962719
59.7, 1962719
59.71, 1962719
59.72, 1962719
59.73, 1962719
59.74, 1962719
59.75, 1962719
59.76, 1962719
59.77, 1962719
59.78, 1962719
59.79, 1962719
59.8, 1962719
59.81, 1962719
59.82, 1962719
59.83, 1962719
59.84, 1962719
59.85, 1962719
59.86, 1962719
59.87, 1962719
59.88, 1962719
59.89, 1962719
59.9, 1962719
59.91, 1962719
59.92, 1962719
59.93, 1962719
59.94, 1962719
59.95, 1962719
59.96, 1962719
59.97, 1962719
59.98, 1962719
59.99, 1962719
