0.0, 187262
0.01, 185190
0.02, 177890
0.03, 172556
0.04, 172556
0.05, 172556
0.06, 172556
0.07, 172556
0.08, 172556
0.09, 172556
0.1, 172556
0.11, 172556
0.12, 172556
0.13, 172556
0.14, 172556
0.15, 172556
0.16, 172556
0.17, 171869
0.18, 171869
0.19, 171869
0.2, 171869
0.21, 169424
0.22, 169424
0.23, 169424
0.24, 169424
0.25, 169424
0.26, 169424
0.27, 169424
0.28, 162025
0.29, 162025
0.3, 162025
0.31, 162025
0.32, 162025
0.33, 162025
0.34, 162025
0.35, 162025
0.36, 162025
0.37, 162025
0.38, 162025
0.39, 162025
0.4, 162025
0.41, 162025
0.42, 162025
0.43, 162025
0.44, 162025
0.45, 162025
0.46, 162025
0.47, 162025
0.48, 162025
0.49, 162025
0.5, 162025
0.51, 162025
0.52, 162025
0.53, 162025
0.54, 162025
0.55, 162025
0.56, 162025
0.57, 162025
0.6, 162025
0.61, 162025
0.62, 162025
0.63, 162025
0.64, 162025
0.65, 162025
0.66, 162025
0.67, 162025
0.68, 162025
0.69, 162025
0.7, 162025
0.71, 162025
0.72, 162025
0.73, 162025
0.74, 162025
0.75, 162025
0.76, 162025
0.77, 162025
0.78, 162025
0.79, 162025
0.8, 162025
0.81, 162025
0.82, 162025
0.83, 162025
0.84, 162025
0.85, 162025
0.86, 162025
0.87, 162025
0.88, 162025
0.89, 162025
0.9, 162025
0.91, 162025
0.92, 162025
0.93, 162025
0.94, 162025
0.95, 162025
0.96, 162025
0.97, 162025
0.98, 162025
0.99, 162025
1.0, 162025
1.01, 162025
1.02, 162025
1.03, 162025
1.04, 162025
1.05, 162025
1.06, 162025
1.07, 162025
1.08, 162025
1.09, 162025
1.1, 162025
1.11, 162025
1.12, 162025
1.13, 162025
1.14, 162025
1.15, 162025
1.16, 162025
1.17, 162025
1.18, 162025
1.19, 162025
1.2, 162025
1.21, 162025
1.22, 162025
1.23, 162025
1.24, 162025
1.25, 162025
1.26, 162025
1.27, 162025
1.28, 162025
1.29, 162025
1.3, 162025
1.31, 162025
1.32, 162025
1.33, 162025
1.34, 162025
1.35, 162025
1.36, 162025
1.37, 162025
1.38, 162025
1.39, 162025
1.4, 162025
1.41, 162025
1.42, 162025
1.43, 162025
1.44, 162025
1.45, 162025
1.46, 162025
1.47, 162025
1.48, 162025
1.49, 162025
1.5, 162025
1.51, 162025
1.52, 162025
1.53, 162025
1.54, 162025
1.55, 162025
1.56, 162025
1.57, 162025
1.58, 162025
1.59, 162025
1.6, 162025
1.61, 162025
1.62, 162025
1.63, 162025
1.64, 162025
1.65, 162025
1.66, 162025
1.67, 162025
1.68, 162025
1.69, 162025
1.7, 162025
1.71, 162025
1.72, 162025
1.73, 162025
1.74, 162025
1.75, 162025
1.76, 162025
1.77, 162025
1.78, 162025
1.79, 162025
1.8, 162025
1.81, 162025
1.82, 162025
1.83, 162025
1.84, 162025
1.85, 162025
1.86, 162025
1.87, 162025
1.88, 162025
1.89, 162025
1.9, 162025
1.91, 162025
1.92, 162025
1.93, 162025
1.94, 162025
1.95, 162025
1.96, 162025
1.97, 162025
1.98, 162025
1.99, 162025
2.0, 162025
2.01, 162025
2.02, 162025
2.03, 162025
2.04, 162025
2.05, 162025
2.06, 162025
2.07, 162025
2.08, 162025
2.09, 162025
2.1, 162025
2.11, 162025
2.12, 162025
2.13, 162025
2.14, 162025
2.15, 162025
2.16, 162025
2.17, 162025
2.18, 162025
2.19, 162025
2.2, 162025
2.21, 162025
2.22, 162025
2.23, 162025
2.24, 162025
2.25, 162025
2.26, 162025
2.27, 162025
2.28, 162025
2.29, 162025
2.3, 162025
2.31, 162025
2.32, 162025
2.33, 162025
2.34, 162025
2.35, 162025
2.36, 162025
2.37, 162025
2.38, 162025
2.39, 162025
2.4, 162025
2.41, 162025
2.42, 162025
2.43, 162025
2.44, 162025
2.45, 162025
2.46, 162025
2.47, 162025
2.48, 162025
2.49, 162025
2.5, 162025
2.51, 162025
2.52, 162025
2.53, 162025
2.54, 162025
2.55, 162025
2.56, 162025
2.57, 162025
2.58, 162025
2.59, 162025
2.6, 162025
2.61, 162025
2.62, 162025
2.63, 162025
2.64, 162025
2.65, 162025
2.66, 162025
2.67, 162025
2.68, 162025
2.69, 162025
2.7, 162025
2.71, 162025
2.72, 162025
2.73, 162025
2.74, 162025
2.75, 162025
2.76, 162025
2.77, 162025
2.78, 162025
2.79, 162025
2.8, 162025
2.81, 162025
2.82, 162025
2.83, 162025
2.84, 162025
2.85, 162025
2.86, 162025
2.87, 162025
2.88, 162025
2.89, 162025
2.9, 162025
2.91, 162025
2.92, 162025
2.93, 162025
2.94, 162025
2.95, 162025
2.96, 162025
2.97, 162025
2.98, 162025
2.99, 162025
3.0, 162025
3.01, 162025
3.02, 162025
3.03, 162025
3.04, 162025
3.05, 162025
3.06, 162025
3.07, 162025
3.08, 162025
3.09, 162025
3.1, 162025
3.11, 162025
3.12, 162025
3.13, 162025
3.14, 162025
3.15, 162025
3.16, 162025
3.17, 162025
3.18, 162025
3.19, 162025
3.2, 162025
3.21, 162025
3.22, 162025
3.23, 162025
3.24, 162025
3.25, 162025
3.26, 162025
3.27, 162025
3.28, 162025
3.29, 162025
3.3, 162025
3.31, 162025
3.32, 162025
3.33, 162025
3.34, 162025
3.35, 162025
3.36, 162025
3.37, 162025
3.38, 162025
3.39, 162025
3.4, 162025
3.41, 162025
3.42, 162025
3.43, 162025
3.44, 162025
3.45, 162025
3.46, 162025
3.47, 162025
3.48, 162025
3.49, 162025
3.5, 162025
3.51, 162025
3.52, 162025
3.53, 162025
3.54, 162025
3.55, 162025
3.56, 162025
3.57, 162025
3.58, 162025
3.59, 162025
3.6, 162025
3.61, 162025
3.62, 162025
3.63, 162025
3.64, 162025
3.65, 162025
3.66, 162025
3.67, 162025
3.68, 162025
3.69, 162025
3.7, 162025
3.71, 162025
3.72, 162025
3.73, 162025
3.74, 162025
3.75, 162025
3.76, 162025
3.77, 162025
3.78, 162025
3.79, 162025
3.8, 162025
3.81, 162025
3.82, 162025
3.83, 162025
3.84, 162025
3.85, 162025
3.86, 162025
3.87, 162025
3.88, 162025
3.89, 162025
3.9, 162025
3.91, 162025
3.92, 162025
3.93, 162025
3.94, 162025
3.95, 162025
3.96, 162025
3.97, 162025
3.98, 162025
3.99, 162025
4.0, 162025
4.01, 162025
4.02, 162025
4.03, 162025
4.04, 162025
4.05, 162025
4.06, 162025
4.07, 162025
4.08, 162025
4.09, 162025
4.1, 162025
4.11, 162025
4.12, 162025
4.13, 162025
4.14, 162025
4.15, 162025
4.16, 162025
4.17, 162025
4.18, 162025
4.19, 162025
4.2, 162025
4.21, 162025
4.22, 162025
4.23, 162025
4.24, 162025
4.25, 162025
4.26, 162025
4.27, 162025
4.28, 162025
4.29, 162025
4.3, 162025
4.31, 162025
4.32, 162025
4.33, 162025
4.34, 162025
4.35, 162025
4.36, 162025
4.37, 162025
4.38, 162025
4.39, 162025
4.4, 162025
4.41, 162025
4.42, 162025
4.43, 162025
4.44, 162025
4.45, 162025
4.46, 162025
4.47, 162025
4.48, 162025
4.49, 162025
4.5, 162025
4.51, 162025
4.52, 162025
4.53, 162025
4.54, 162025
4.55, 162025
4.56, 162025
4.57, 162025
4.58, 162025
4.59, 162025
4.6, 162025
4.61, 162025
4.62, 162025
4.63, 162025
4.64, 162025
4.65, 162025
4.66, 162025
4.67, 162025
4.68, 162025
4.69, 162025
4.7, 162025
4.71, 162025
4.72, 162025
4.73, 162025
4.74, 162025
4.75, 162025
4.76, 162025
4.77, 162025
4.78, 162025
4.79, 162025
4.8, 162025
4.81, 162025
4.82, 162025
4.83, 162025
4.84, 162025
4.85, 162025
4.86, 162025
4.87, 162025
4.88, 162025
4.89, 162025
4.9, 162025
4.91, 162025
4.92, 162025
4.93, 162025
4.94, 162025
4.95, 162025
4.96, 162025
4.97, 162025
4.98, 162025
4.99, 162025
5.0, 162025
5.01, 162025
5.02, 162025
5.03, 162025
5.04, 162025
5.05, 162025
5.06, 162025
5.07, 162025
5.08, 162025
5.09, 162025
5.1, 162025
5.11, 162025
5.12, 162025
5.13, 162025
5.14, 162025
5.15, 162025
5.16, 162025
5.17, 162025
5.18, 162025
5.19, 162025
5.2, 162025
5.21, 162025
5.22, 162025
5.23, 162025
5.24, 162025
5.25, 162025
5.26, 162025
5.27, 162025
5.28, 162025
5.29, 162025
5.3, 162025
5.31, 162025
5.32, 162025
5.33, 162025
5.34, 162025
5.35, 162025
5.36, 162025
5.37, 162025
5.38, 162025
5.39, 162025
5.4, 162025
5.41, 162025
5.42, 162025
5.43, 162025
5.44, 162025
5.45, 162025
5.46, 162025
5.47, 162025
5.48, 162025
5.49, 162025
5.5, 162025
5.51, 162025
5.52, 162025
5.53, 162025
5.54, 162025
5.55, 162025
5.56, 162025
5.57, 162025
5.58, 162025
5.59, 162025
5.6, 162025
5.61, 162025
5.62, 162025
5.63, 162025
5.64, 162025
5.65, 162025
5.66, 162025
5.67, 162025
5.68, 162025
5.69, 162025
5.7, 162025
5.71, 162025
5.72, 162025
5.73, 162025
5.74, 162025
5.75, 162025
5.76, 162025
5.77, 162025
5.78, 162025
5.79, 162025
5.8, 162025
5.81, 162025
5.82, 162025
5.83, 162025
5.84, 162025
5.85, 162025
5.86, 162025
5.87, 162025
5.88, 162025
5.89, 162025
5.9, 162025
5.91, 162025
5.92, 162025
5.93, 162025
5.94, 162025
5.95, 162025
5.96, 162025
5.97, 162025
5.98, 162025
5.99, 162025
6.0, 162025
6.01, 162025
6.02, 162025
6.03, 162025
6.04, 162025
6.05, 162025
6.06, 162025
6.07, 162025
6.08, 162025
6.09, 162025
6.1, 162025
6.11, 162025
6.12, 162025
6.13, 162025
6.14, 162025
6.15, 162025
6.16, 162025
6.17, 162025
6.18, 162025
6.19, 162025
6.2, 162025
6.21, 162025
6.22, 162025
6.23, 162025
6.24, 162025
6.25, 162025
6.26, 162025
6.27, 162025
6.28, 162025
6.29, 162025
6.3, 162025
6.31, 162025
6.32, 162025
6.33, 162025
6.34, 162025
6.35, 162025
6.36, 162025
6.37, 162025
6.38, 162025
6.39, 162025
6.4, 162025
6.41, 162025
6.42, 162025
6.43, 162025
6.44, 162025
6.45, 162025
6.46, 162025
6.47, 162025
6.48, 162025
6.49, 162025
6.5, 162025
6.51, 162025
6.52, 162025
6.53, 162025
6.54, 162025
6.55, 162025
6.56, 162025
6.57, 162025
6.58, 162025
6.59, 162025
6.6, 162025
6.61, 162025
6.62, 162025
6.63, 162025
6.64, 162025
6.65, 162025
6.66, 162025
6.67, 162025
6.68, 162025
6.69, 162025
6.7, 162025
6.71, 162025
6.72, 162025
6.73, 162025
6.74, 162025
6.75, 162025
6.76, 162025
6.77, 162025
6.78, 162025
6.79, 162025
6.8, 162025
6.81, 162025
6.82, 162025
6.83, 162025
6.84, 162025
6.85, 162025
6.86, 162025
6.87, 162025
6.88, 162025
6.89, 162025
6.9, 162025
6.91, 162025
6.92, 162025
6.93, 162025
6.94, 162025
6.95, 162025
6.96, 162025
6.97, 162025
6.98, 162025
6.99, 162025
7.0, 162025
7.01, 162025
7.02, 162025
7.03, 162025
7.04, 162025
7.05, 162025
7.06, 162025
7.07, 162025
7.08, 162025
7.09, 162025
7.1, 162025
7.11, 162025
7.12, 162025
7.13, 162025
7.14, 162025
7.15, 162025
7.16, 162025
7.17, 162025
7.18, 162025
7.19, 162025
7.2, 162025
7.21, 162025
7.22, 162025
7.23, 162025
7.24, 162025
7.25, 162025
7.26, 162025
7.27, 162025
7.28, 162025
7.29, 162025
7.3, 162025
7.31, 162025
7.32, 162025
7.33, 162025
7.34, 162025
7.35, 162025
7.36, 162025
7.37, 162025
7.38, 162025
7.39, 162025
7.4, 162025
7.41, 162025
7.42, 162025
7.43, 162025
7.44, 162025
7.45, 162025
7.46, 162025
7.47, 162025
7.48, 162025
7.49, 162025
7.5, 162025
7.51, 162025
7.52, 162025
7.53, 162025
7.54, 162025
7.55, 162025
7.56, 162025
7.57, 162025
7.58, 162025
7.59, 162025
7.6, 162025
7.61, 162025
7.62, 162025
7.63, 162025
7.64, 162025
7.65, 162025
7.66, 162025
7.67, 162025
7.68, 162025
7.69, 162025
7.7, 162025
7.71, 162025
7.72, 162025
7.73, 162025
7.74, 162025
7.75, 162025
7.76, 162025
7.77, 162025
7.78, 162025
7.79, 162025
7.8, 162025
7.81, 162025
7.82, 162025
7.83, 162025
7.84, 162025
7.85, 162025
7.86, 162025
7.87, 162025
7.88, 162025
7.89, 162025
7.9, 162025
7.91, 162025
7.92, 162025
7.93, 162025
7.94, 162025
7.95, 162025
7.96, 162025
7.97, 162025
7.98, 162025
7.99, 162025
8.0, 162025
8.01, 162025
8.02, 162025
8.03, 162025
8.04, 162025
8.05, 162025
8.06, 162025
8.07, 162025
8.08, 162025
8.09, 162025
8.1, 162025
8.11, 162025
8.12, 162025
8.13, 162025
8.14, 162025
8.15, 162025
8.16, 162025
8.17, 162025
8.18, 162025
8.19, 162025
8.2, 162025
8.21, 162025
8.22, 162025
8.23, 162025
8.24, 162025
8.25, 162025
8.26, 162025
8.27, 162025
8.28, 153378
8.29, 153378
8.3, 153378
8.31, 153378
8.32, 153378
8.33, 153378
8.34, 153378
8.35, 153378
8.36, 153378
8.37, 153378
8.38, 153378
8.39, 153378
8.4, 153378
8.41, 153378
8.42, 153378
8.43, 153378
8.44, 153378
8.45, 153378
8.46, 153378
8.47, 153378
8.48, 153378
8.49, 153378
8.5, 153378
8.51, 153378
8.52, 153378
8.53, 153378
8.54, 153378
8.55, 153378
8.56, 153378
8.57, 153378
8.58, 153378
8.59, 153378
8.6, 153378
8.61, 153378
8.62, 153378
8.63, 153378
8.64, 153378
8.65, 153378
8.66, 153378
8.67, 153378
8.68, 153378
8.69, 153378
8.7, 153378
8.71, 153378
8.72, 153378
8.73, 153378
8.74, 153378
8.75, 153378
8.76, 153378
8.77, 153378
8.78, 153378
8.79, 153378
8.8, 153378
8.81, 153378
8.82, 153378
8.83, 153378
8.84, 153378
8.85, 153378
8.86, 153378
8.87, 153378
8.88, 153378
8.89, 153378
8.9, 153378
8.91, 153378
8.92, 153378
8.93, 153378
8.94, 153378
8.95, 153378
8.96, 153378
8.97, 153378
8.98, 153378
8.99, 153378
9.0, 153378
9.01, 153378
9.02, 153378
9.03, 153378
9.04, 153378
9.05, 153378
9.06, 153378
9.07, 153378
9.08, 153378
9.09, 153378
9.1, 153378
9.11, 153378
9.12, 153378
9.13, 153378
9.14, 153378
9.15, 153378
9.16, 153378
9.17, 153378
9.18, 153378
9.19, 153378
9.2, 153378
9.21, 153378
9.22, 153378
9.23, 153378
9.24, 153378
9.25, 153378
9.26, 153378
9.27, 153378
9.28, 153378
9.29, 153378
9.3, 153378
9.31, 153378
9.32, 153378
9.33, 153378
9.34, 153378
9.35, 153378
9.36, 153378
9.37, 153378
9.38, 153378
9.39, 153378
9.4, 153378
9.41, 153378
9.42, 153378
9.43, 153378
9.44, 153378
9.45, 153378
9.46, 153378
9.47, 153378
9.48, 153378
9.49, 153378
9.5, 153378
9.51, 153378
9.52, 153378
9.53, 153378
9.54, 153378
9.55, 153378
9.56, 153378
9.57, 153378
9.58, 153378
9.59, 153378
9.6, 153378
9.61, 153378
9.62, 153378
9.63, 153378
9.64, 153378
9.65, 153378
9.66, 153378
9.67, 153378
9.68, 153378
9.69, 153378
9.7, 153378
9.71, 153378
9.72, 153378
9.73, 153378
9.74, 153378
9.75, 153378
9.76, 153378
9.77, 153378
9.78, 153378
9.79, 153378
9.8, 153378
9.81, 153378
9.82, 153378
9.83, 153378
9.84, 153378
9.85, 153378
9.86, 153378
9.87, 153378
9.88, 153378
9.89, 153378
9.9, 153378
9.91, 153378
9.92, 153378
9.93, 153378
9.94, 153378
9.95, 153378
9.96, 153378
9.97, 153378
9.98, 153378
9.99, 153378
10.0, 153378
10.01, 153378
10.02, 153378
10.03, 153378
10.04, 153378
10.05, 153378
10.06, 153378
10.07, 153378
10.08, 153378
10.09, 153378
10.1, 153378
10.11, 153378
10.12, 153378
10.13, 153378
10.14, 153378
10.15, 153378
10.16, 153378
10.17, 153378
10.18, 153378
10.19, 153378
10.2, 153378
10.21, 153378
10.22, 153378
10.23, 153378
10.24, 153378
10.25, 153378
10.26, 149488
10.27, 149488
10.28, 149488
10.29, 149488
10.3, 149488
10.31, 149488
10.32, 149488
10.33, 149488
10.34, 149488
10.35, 149488
10.36, 149488
10.37, 149488
10.38, 149488
10.39, 149488
10.4, 149488
10.41, 149488
10.42, 149488
10.43, 149488
10.44, 149488
10.45, 149488
10.46, 149488
10.47, 149488
10.48, 149488
10.49, 149488
10.5, 149488
10.51, 149488
10.52, 149488
10.53, 149488
10.54, 149488
10.55, 149488
10.56, 149488
10.57, 149488
10.58, 149488
10.59, 149488
10.6, 149488
10.61, 149488
10.62, 149488
10.63, 149488
10.64, 149488
10.65, 149488
10.66, 149488
10.67, 149488
10.68, 149488
10.69, 149488
10.7, 149488
10.71, 149488
10.72, 149488
10.73, 149488
10.74, 149488
10.75, 149488
10.76, 149488
10.77, 149488
10.78, 149488
10.79, 149488
10.8, 149488
10.81, 149488
10.82, 149488
10.83, 149488
10.84, 149488
10.85, 149488
10.86, 149488
10.87, 149488
10.88, 149488
10.89, 149488
10.9, 149488
10.91, 149488
10.92, 149488
10.93, 149488
10.94, 149488
10.95, 149488
10.96, 149488
10.97, 149488
10.98, 149488
10.99, 149488
11.0, 149488
11.01, 149488
11.02, 149488
11.03, 149488
11.04, 149488
11.05, 149488
11.06, 149488
11.07, 149488
11.08, 149488
11.09, 149488
11.1, 149488
11.11, 149488
11.12, 149488
11.13, 149488
11.14, 149488
11.15, 149488
11.16, 149488
11.17, 149488
11.18, 149488
11.19, 149488
11.2, 149488
11.21, 149488
11.22, 149488
11.23, 149488
11.24, 149488
11.25, 149488
11.26, 149488
11.27, 149488
11.28, 149488
11.29, 149488
11.3, 149488
11.31, 149488
11.32, 149488
11.33, 149488
11.34, 149488
11.35, 149488
11.36, 149488
11.37, 149488
11.38, 149488
11.39, 149488
11.4, 149488
11.41, 149488
11.42, 149488
11.43, 149488
11.44, 149488
11.45, 149488
11.46, 149488
11.47, 149488
11.48, 149488
11.49, 149488
11.5, 149488
11.51, 149488
11.52, 149488
11.53, 149488
11.54, 149488
11.55, 149488
11.56, 149488
11.57, 149488
11.58, 149488
11.59, 149488
11.6, 149488
11.61, 149488
11.62, 149488
11.63, 149488
11.64, 149488
11.65, 149488
11.66, 149488
11.67, 149488
11.68, 149488
11.69, 149488
11.7, 149488
11.71, 149488
11.72, 149488
11.73, 149488
11.74, 149488
11.75, 149488
11.76, 149488
11.77, 149488
11.78, 149488
11.79, 149488
11.8, 149488
11.81, 149488
11.82, 149488
11.83, 149488
11.84, 149488
11.85, 149488
11.86, 149488
11.87, 149488
11.88, 149488
11.89, 149488
11.9, 149488
11.91, 149488
11.92, 149488
11.93, 149488
11.94, 149488
11.95, 149488
11.96, 149488
11.97, 149488
11.98, 149488
11.99, 149488
12.0, 149488
12.01, 149488
12.02, 149488
12.03, 149488
12.04, 149488
12.05, 149488
12.06, 149488
12.07, 149488
12.08, 149488
12.09, 149488
12.1, 149488
12.11, 149488
12.12, 149488
12.13, 149488
12.14, 149488
12.15, 149488
12.16, 149488
12.17, 149488
12.18, 149488
12.19, 149488
12.2, 149488
12.21, 149488
12.22, 149488
12.23, 149488
12.24, 149488
12.25, 149488
12.26, 149488
12.27, 149488
12.28, 149488
12.29, 149488
12.3, 149488
12.31, 149488
12.32, 149488
12.33, 149488
12.34, 149488
12.35, 149488
12.36, 149488
12.37, 149488
12.38, 149488
12.39, 149488
12.4, 149488
12.41, 149488
12.42, 149488
12.43, 149488
12.44, 149488
12.45, 149488
12.46, 149488
12.47, 149488
12.48, 149488
12.49, 149488
12.5, 149488
12.51, 149488
12.52, 149488
12.53, 149488
12.54, 149488
12.55, 149488
12.56, 149488
12.57, 149488
12.58, 149488
12.59, 149488
12.6, 149488
12.61, 149488
12.62, 149488
12.63, 149488
12.64, 149488
12.65, 149488
12.66, 149488
12.67, 149488
12.68, 149488
12.69, 149488
12.7, 149488
12.71, 149488
12.72, 149488
12.73, 149488
12.74, 149488
12.75, 149488
12.76, 149488
12.77, 149488
12.78, 149488
12.79, 149488
12.8, 149488
12.81, 149488
12.82, 149488
12.83, 149488
12.84, 149488
12.85, 149488
12.86, 149488
12.87, 149488
12.88, 149488
12.89, 149488
12.9, 149488
12.91, 149488
12.92, 149488
12.93, 149488
12.94, 149488
12.95, 149488
12.96, 149488
12.97, 149488
12.98, 149488
12.99, 149488
13.0, 149488
13.01, 149488
13.02, 149488
13.03, 149488
13.04, 149488
13.05, 149488
13.06, 149488
13.07, 149488
13.08, 149488
13.09, 149488
13.1, 149488
13.11, 149488
13.12, 149488
13.13, 149488
13.14, 149488
13.15, 149488
13.16, 149488
13.17, 149488
13.18, 149488
13.19, 149488
13.2, 149488
13.21, 149488
13.22, 149488
13.23, 149488
13.24, 149488
13.25, 149488
13.26, 149488
13.27, 149488
13.28, 149488
13.29, 149488
13.3, 149488
13.31, 149488
13.32, 149488
13.33, 149488
13.34, 149488
13.35, 149488
13.36, 149488
13.37, 149488
13.38, 149488
13.39, 149488
13.4, 149488
13.41, 149488
13.42, 149488
13.43, 149488
13.44, 149488
13.45, 149488
13.46, 149488
13.47, 149488
13.48, 149488
13.49, 149488
13.5, 149488
13.51, 149488
13.52, 149488
13.53, 149488
13.54, 149488
13.55, 149488
13.56, 149488
13.57, 149488
13.58, 149488
13.59, 149488
13.6, 149488
13.61, 149488
13.62, 149488
13.63, 149488
13.64, 149488
13.65, 149488
13.66, 149488
13.67, 149488
13.68, 149488
13.69, 149488
13.7, 149488
13.71, 149488
13.72, 149488
13.73, 149488
13.74, 149488
13.75, 149488
13.76, 149488
13.77, 149488
13.78, 149488
13.79, 149488
13.8, 149488
13.81, 149488
13.82, 149488
13.83, 149488
13.84, 149488
13.85, 149488
13.86, 149488
13.87, 149488
13.88, 149488
13.89, 149488
13.9, 149488
13.91, 149488
13.92, 149488
13.93, 149488
13.94, 149488
13.95, 149488
13.96, 149488
13.97, 149488
13.98, 149488
13.99, 149488
14.0, 149488
14.01, 149488
14.02, 149488
14.03, 149488
14.04, 149488
14.05, 149488
14.06, 149488
14.07, 149488
14.08, 149488
14.09, 149488
14.1, 149488
14.11, 149488
14.12, 149488
14.13, 149488
14.14, 149488
14.15, 149488
14.16, 149488
14.17, 149488
14.18, 149488
14.19, 149488
14.2, 149488
14.21, 149488
14.22, 149488
14.24, 149488
14.25, 149488
14.26, 149488
14.27, 149488
14.28, 149488
14.29, 149488
14.3, 149488
14.31, 149488
14.32, 149488
14.33, 149488
14.34, 149488
14.35, 149488
14.36, 149488
14.37, 149488
14.38, 149488
14.39, 149488
14.4, 149488
14.41, 149488
14.42, 149488
14.43, 149488
14.44, 149488
14.45, 149488
14.46, 149488
14.47, 149488
14.48, 149488
14.49, 149488
14.5, 149488
14.51, 149488
14.52, 149488
14.53, 149488
14.54, 149488
14.55, 149488
14.56, 149488
14.57, 149488
14.58, 149488
14.59, 149488
14.6, 149488
14.61, 149488
14.62, 149488
14.63, 149488
14.64, 149488
14.65, 149488
14.66, 149488
14.67, 149488
14.68, 149488
14.69, 149488
14.7, 149488
14.71, 149488
14.72, 149488
14.73, 149488
14.74, 149488
14.75, 149488
14.76, 149488
14.77, 149488
14.78, 149488
14.79, 149488
14.8, 149488
14.81, 149488
14.82, 149488
14.83, 149488
14.84, 149488
14.85, 149488
14.86, 149488
14.87, 149488
14.88, 149488
14.89, 149488
14.9, 149488
14.91, 149488
14.92, 149488
14.93, 149488
14.94, 149488
14.95, 149488
14.96, 149488
14.97, 149488
14.98, 149488
14.99, 149488
15.0, 149488
15.01, 149488
15.02, 149488
15.03, 149488
15.04, 149488
15.05, 149488
15.06, 149488
15.07, 149488
15.08, 149488
15.09, 149488
15.1, 149488
15.11, 149488
15.12, 149488
15.13, 149488
15.14, 149488
15.15, 149488
15.16, 149488
15.17, 149488
15.18, 149488
15.19, 149488
15.2, 149488
15.21, 149488
15.22, 149488
15.23, 149488
15.24, 149488
15.25, 149488
15.26, 149488
15.27, 149488
15.28, 149488
15.29, 149488
15.3, 149488
15.31, 149488
15.32, 149488
15.33, 149488
15.34, 149488
15.35, 149488
15.36, 149488
15.37, 149488
15.38, 149488
15.39, 149488
15.4, 149488
15.41, 149488
15.42, 149488
15.43, 149488
15.44, 149488
15.45, 149488
15.46, 149488
15.47, 149488
15.48, 149488
15.49, 149488
15.5, 149488
15.51, 149488
15.52, 149488
15.53, 149488
15.54, 149488
15.55, 149488
15.56, 149488
15.57, 149488
15.58, 149488
15.59, 149488
15.6, 149488
15.61, 149488
15.62, 149488
15.63, 149488
15.64, 149488
15.65, 149488
15.66, 149488
15.67, 149488
15.68, 149488
15.69, 149488
15.7, 149488
15.71, 149488
15.72, 149488
15.73, 149488
15.74, 149488
15.75, 149488
15.76, 149488
15.77, 149488
15.78, 149488
15.79, 149488
15.8, 149488
15.81, 149488
15.82, 149488
15.83, 149488
15.84, 149488
15.85, 149488
15.86, 149488
15.87, 149488
15.88, 149488
15.89, 149488
15.9, 149488
15.91, 149488
15.92, 149488
15.93, 149488
15.94, 149488
15.95, 149488
15.96, 149488
15.97, 149488
15.98, 149488
15.99, 149488
16.0, 149488
16.01, 149488
16.02, 149488
16.03, 149488
16.04, 149488
16.05, 149488
16.06, 149488
16.07, 149488
16.08, 149488
16.09, 149488
16.1, 149488
16.11, 149488
16.12, 149488
16.13, 149488
16.14, 149488
16.15, 149488
16.16, 149488
16.17, 149488
16.18, 149488
16.19, 149488
16.2, 149488
16.21, 149488
16.22, 149488
16.23, 149488
16.24, 149488
16.25, 149488
16.26, 149488
16.27, 149488
16.28, 149488
16.29, 149488
16.3, 149488
16.31, 149488
16.32, 149488
16.33, 149488
16.34, 149488
16.35, 149488
16.36, 149488
16.37, 149488
16.38, 149488
16.39, 149488
16.4, 149488
16.41, 149488
16.42, 149488
16.43, 149488
16.44, 149488
16.45, 149488
16.46, 149488
16.47, 149488
16.48, 149488
16.49, 149488
16.5, 149488
16.51, 149488
16.52, 149488
16.53, 149488
16.54, 149488
16.55, 149488
16.56, 149488
16.57, 149488
16.58, 149488
16.59, 149488
16.6, 149488
16.61, 149488
16.62, 149488
16.63, 149488
16.64, 149488
16.65, 149488
16.66, 149488
16.67, 149488
16.68, 149488
16.69, 149488
16.7, 149488
16.71, 149488
16.72, 149488
16.73, 149488
16.74, 149488
16.75, 149488
16.76, 149488
16.77, 149488
16.78, 149488
16.79, 149488
16.8, 149488
16.81, 149488
16.82, 149488
16.83, 149488
16.84, 149488
16.85, 149488
16.86, 149488
16.87, 149488
16.88, 149488
16.89, 149488
16.9, 149488
16.91, 149488
16.92, 149488
16.93, 149488
16.94, 149488
16.95, 149488
16.96, 149488
16.97, 149488
16.98, 149488
16.99, 149488
17.0, 149488
17.01, 149488
17.02, 149488
17.03, 149488
17.04, 149488
17.05, 149488
17.06, 149488
17.07, 149488
17.08, 149488
17.09, 149488
17.1, 149488
17.11, 149488
17.12, 149488
17.13, 149488
17.14, 149488
17.15, 149488
17.16, 149488
17.17, 149488
17.18, 149488
17.19, 149488
17.2, 149488
17.21, 149488
17.22, 149488
17.23, 149488
17.24, 149488
17.25, 149488
17.26, 149488
17.27, 149488
17.28, 149488
17.29, 149488
17.3, 149488
17.31, 149488
17.32, 149488
17.33, 149488
17.34, 149488
17.35, 149488
17.36, 149488
17.37, 149488
17.38, 149488
17.39, 149488
17.4, 149488
17.41, 149488
17.42, 149488
17.43, 149488
17.44, 149488
17.45, 149488
17.46, 149488
17.47, 149488
17.48, 149488
17.49, 149488
17.5, 149488
17.51, 149488
17.52, 149488
17.53, 149488
17.54, 149488
17.55, 149488
17.56, 149488
17.57, 149488
17.58, 149488
17.59, 149488
17.6, 149488
17.61, 149488
17.62, 149488
17.63, 149488
17.64, 149488
17.65, 149488
17.66, 149488
17.67, 149488
17.68, 149488
17.69, 149488
17.7, 149488
17.71, 149488
17.72, 149488
17.73, 149488
17.74, 149488
17.75, 149488
17.76, 149488
17.77, 149488
17.78, 149488
17.79, 149488
17.8, 149488
17.81, 149488
17.82, 149488
17.83, 149488
17.84, 149488
17.85, 149488
17.86, 149488
17.87, 149488
17.88, 149488
17.89, 149488
17.9, 149488
17.91, 149488
17.92, 149488
17.93, 149488
17.94, 149488
17.95, 149488
17.96, 149488
17.97, 149488
17.98, 149488
17.99, 149488
18.0, 149488
18.01, 149488
18.02, 149488
18.03, 149488
18.04, 149488
18.05, 149488
18.06, 149488
18.07, 149488
18.08, 149488
18.09, 149488
18.1, 149488
18.11, 149488
18.12, 149488
18.13, 149488
18.14, 149488
18.15, 149488
18.16, 149488
18.17, 149488
18.18, 149488
18.19, 149488
18.2, 149488
18.21, 149488
18.22, 149488
18.23, 149488
18.24, 149488
18.25, 149488
18.26, 149488
18.27, 149488
18.28, 149488
18.29, 149488
18.3, 149488
18.31, 149488
18.32, 149488
18.33, 149488
18.34, 149488
18.35, 149488
18.36, 149488
18.37, 149488
18.38, 149488
18.39, 149488
18.4, 149488
18.41, 149488
18.42, 149488
18.43, 149488
18.44, 149488
18.45, 149488
18.46, 149488
18.47, 149488
18.48, 149488
18.49, 149488
18.5, 149488
18.51, 149488
18.52, 149488
18.53, 149488
18.54, 149488
18.55, 149488
18.56, 149488
18.57, 149488
18.58, 149488
18.59, 149488
18.6, 149488
18.61, 149488
18.62, 149488
18.63, 149488
18.64, 149488
18.65, 149488
18.66, 149488
18.67, 149488
18.68, 149488
18.69, 149488
18.7, 149488
18.71, 149488
18.72, 149488
18.73, 149488
18.74, 149488
18.75, 149488
18.76, 149488
18.77, 149488
18.78, 149488
18.79, 149488
18.8, 149488
18.81, 149488
18.82, 149488
18.83, 149488
18.84, 149488
18.85, 149488
18.86, 149488
18.87, 149488
18.88, 149488
18.89, 149488
18.9, 149488
18.91, 149488
18.92, 149488
18.93, 149488
18.94, 149488
18.95, 149488
18.96, 149488
18.97, 149488
18.98, 149488
18.99, 149488
19.0, 149488
19.01, 149488
19.02, 149488
19.03, 149488
19.04, 149488
19.05, 149488
19.06, 149488
19.07, 149488
19.08, 149488
19.09, 149488
19.1, 149488
19.11, 149488
19.12, 149488
19.13, 149488
19.14, 149488
19.15, 149488
19.16, 149488
19.17, 149488
19.18, 149488
19.19, 149488
19.2, 149488
19.21, 149488
19.22, 149488
19.23, 149488
19.24, 149488
19.25, 149488
19.26, 149488
19.27, 149488
19.28, 149488
19.29, 149488
19.3, 149488
19.31, 149488
19.32, 149488
19.33, 149488
19.34, 149488
19.35, 149488
19.36, 149488
19.37, 149488
19.38, 149488
19.39, 149488
19.4, 149488
19.41, 149488
19.42, 149488
19.43, 149488
19.44, 149488
19.45, 149488
19.46, 149488
19.47, 149488
19.48, 149488
19.49, 149488
19.5, 149488
19.51, 149488
19.52, 149488
19.53, 149488
19.54, 149488
19.55, 149488
19.56, 149488
19.57, 149488
19.58, 149488
19.59, 149488
19.6, 149488
19.61, 149488
19.62, 149488
19.63, 149488
19.64, 149488
19.65, 149488
19.66, 149488
19.67, 149488
19.68, 149488
19.69, 149488
19.7, 149488
19.71, 149488
19.72, 149488
19.73, 149488
19.74, 149488
19.75, 149488
19.76, 149488
19.77, 149488
19.78, 149488
19.79, 149488
19.8, 149488
19.81, 149488
19.82, 149488
19.83, 149488
19.84, 149488
19.85, 149488
19.86, 149488
19.87, 149488
19.88, 149488
19.89, 149488
19.9, 149488
19.91, 149488
19.92, 149488
19.93, 149488
19.94, 149488
19.95, 149488
19.96, 149488
19.97, 149488
19.98, 149488
19.99, 149488
20.0, 149488
20.01, 149488
20.02, 149488
20.03, 149488
20.04, 149488
20.05, 149488
20.06, 149488
20.07, 149488
20.08, 149488
20.09, 149488
20.1, 149488
20.11, 149488
20.12, 149488
20.13, 149488
20.14, 149488
20.15, 149488
20.16, 149488
20.17, 149488
20.18, 149488
20.19, 149488
20.2, 149488
20.21, 149488
20.22, 149488
20.23, 149488
20.24, 149488
20.25, 149488
20.26, 149488
20.27, 149488
20.28, 149488
20.29, 149488
20.3, 149488
20.31, 149488
20.32, 149488
20.33, 149488
20.34, 149488
20.35, 149488
20.36, 149488
20.37, 149488
20.38, 149488
20.39, 149488
20.4, 149488
20.41, 149488
20.42, 149488
20.43, 149488
20.44, 149488
20.45, 149488
20.46, 149488
20.47, 149488
20.48, 149488
20.49, 149488
20.5, 149488
20.51, 149488
20.52, 149488
20.53, 149488
20.54, 149488
20.55, 149488
20.56, 149488
20.57, 149488
20.58, 149488
20.59, 149488
20.6, 149488
20.61, 149488
20.62, 149488
20.63, 149488
20.64, 149488
20.65, 149488
20.66, 149488
20.67, 149488
20.68, 149488
20.69, 149488
20.7, 149488
20.71, 149488
20.72, 149488
20.73, 149488
20.74, 149488
20.75, 149488
20.76, 149488
20.77, 149488
20.78, 149488
20.79, 149488
20.8, 149488
20.81, 149488
20.82, 149488
20.83, 149488
20.84, 149488
20.85, 149488
20.86, 149488
20.87, 149488
20.88, 149488
20.89, 149488
20.9, 149488
20.91, 149488
20.92, 149488
20.93, 149488
20.94, 149488
20.95, 149488
20.96, 149488
20.97, 149488
20.98, 149488
20.99, 149488
21.0, 149488
21.01, 149488
21.02, 149488
21.03, 149488
21.04, 149488
21.05, 149488
21.06, 149488
21.07, 149488
21.08, 149488
21.09, 149488
21.1, 149488
21.11, 149488
21.12, 149488
21.13, 149488
21.14, 149488
21.15, 149488
21.16, 149488
21.17, 149488
21.18, 149488
21.19, 149488
21.2, 149488
21.21, 149488
21.22, 149488
21.23, 149488
21.24, 149488
21.25, 149488
21.26, 149488
21.27, 149488
21.28, 149488
21.29, 149488
21.3, 149488
21.31, 149488
21.32, 149488
21.33, 149488
21.34, 149488
21.35, 149488
21.36, 149488
21.37, 149488
21.38, 149488
21.39, 149488
21.4, 149488
21.41, 149488
21.42, 149488
21.43, 149488
21.44, 149488
21.45, 149488
21.46, 149488
21.47, 149488
21.48, 149488
21.49, 149488
21.5, 149488
21.51, 149488
21.52, 149488
21.53, 149488
21.54, 149488
21.55, 149488
21.56, 149488
21.57, 149488
21.58, 149488
21.59, 149488
21.6, 149488
21.61, 149488
21.62, 149488
21.63, 149488
21.64, 149488
21.65, 149488
21.66, 149488
21.67, 149488
21.68, 149488
21.69, 149488
21.7, 149488
21.71, 149488
21.72, 149488
21.73, 149488
21.74, 149488
21.75, 149488
21.76, 149488
21.77, 149488
21.78, 149488
21.79, 149488
21.8, 149488
21.81, 149488
21.82, 149488
21.83, 149488
21.84, 149488
21.85, 149488
21.86, 149488
21.87, 149488
21.88, 149488
21.89, 149488
21.9, 149488
21.91, 149488
21.92, 149488
21.93, 149488
21.94, 149488
21.95, 149488
21.96, 149488
21.97, 149488
21.98, 149488
21.99, 149488
22.0, 149488
22.01, 149488
22.02, 149488
22.03, 149488
22.04, 149488
22.05, 149488
22.06, 149488
22.07, 149488
22.08, 149488
22.09, 149488
22.1, 149488
22.11, 149488
22.12, 149488
22.13, 149488
22.14, 149488
22.15, 149488
22.16, 149488
22.17, 149488
22.18, 149488
22.19, 149488
22.2, 149488
22.21, 149488
22.22, 149488
22.23, 149488
22.24, 149488
22.25, 149488
22.26, 149488
22.27, 149488
22.28, 149488
22.29, 149488
22.3, 149488
22.31, 149488
22.32, 149488
22.33, 149488
22.34, 149488
22.35, 149488
22.36, 149488
22.37, 149488
22.38, 149488
22.39, 149488
22.4, 149488
22.41, 149488
22.42, 149488
22.43, 149488
22.44, 149488
22.45, 149488
22.46, 149488
22.47, 149488
22.48, 149488
22.49, 149488
22.5, 149488
22.51, 149488
22.52, 149488
22.53, 149488
22.54, 149488
22.55, 149488
22.56, 149488
22.57, 149488
22.58, 149488
22.59, 149488
22.6, 149488
22.61, 149488
22.62, 149488
22.63, 149488
22.64, 149488
22.65, 149488
22.66, 149488
22.67, 149488
22.68, 149488
22.69, 149488
22.7, 149488
22.71, 149488
22.72, 149488
22.73, 149488
22.74, 149488
22.75, 149488
22.76, 149488
22.77, 149488
22.78, 149488
22.79, 149488
22.8, 149488
22.81, 149488
22.82, 149488
22.83, 149488
22.84, 149488
22.85, 149488
22.86, 149488
22.87, 149488
22.88, 149488
22.89, 149488
22.9, 149488
22.91, 149488
22.92, 149488
22.93, 149488
22.94, 149488
22.95, 149488
22.96, 149488
22.97, 149488
22.98, 149488
22.99, 149488
23.0, 149488
23.01, 149488
23.02, 149488
23.03, 149488
23.04, 149488
23.05, 149488
23.06, 149488
23.07, 149488
23.08, 149488
23.09, 149488
23.1, 149488
23.11, 149488
23.12, 149488
23.13, 149488
23.14, 149488
23.15, 149488
23.16, 149488
23.17, 149488
23.18, 149488
23.19, 149488
23.2, 149488
23.21, 149488
23.22, 149488
23.23, 149488
23.24, 149488
23.25, 149488
23.26, 149488
23.27, 149488
23.28, 149488
23.29, 149488
23.3, 149488
23.31, 149488
23.32, 149488
23.33, 149488
23.34, 149488
23.35, 149488
23.36, 149488
23.37, 149488
23.38, 149488
23.39, 149488
23.4, 149488
23.41, 149488
23.42, 149488
23.43, 149488
23.44, 149488
23.45, 149488
23.46, 149488
23.47, 149488
23.48, 149488
23.49, 149488
23.5, 149488
23.51, 149488
23.52, 149488
23.53, 149488
23.54, 149488
23.55, 149488
23.56, 149488
23.57, 149488
23.58, 149488
23.59, 149488
23.6, 149488
23.61, 149488
23.62, 149488
23.63, 149488
23.64, 149488
23.65, 149488
23.66, 149488
23.67, 149488
23.68, 149488
23.69, 149488
23.7, 149488
23.71, 149488
23.72, 149488
23.73, 149488
23.74, 149488
23.75, 149488
23.76, 149488
23.77, 149488
23.78, 149488
23.79, 149488
23.8, 149488
23.81, 149488
23.82, 149488
23.83, 149488
23.84, 149488
23.85, 149488
23.86, 149488
23.87, 149488
23.88, 149488
23.89, 149488
23.9, 149488
23.91, 149488
23.92, 149488
23.93, 149488
23.94, 149488
23.95, 149488
23.96, 149488
23.97, 149488
23.98, 149488
23.99, 149488
24.0, 149488
24.01, 149488
24.02, 149488
24.03, 149488
24.04, 149488
24.05, 149488
24.06, 149488
24.07, 149488
24.08, 149488
24.09, 149488
24.1, 149488
24.11, 149488
24.12, 149488
24.13, 149488
24.14, 149488
24.15, 149488
24.16, 149488
24.17, 149488
24.18, 149488
24.19, 149488
24.2, 149488
24.21, 149488
24.22, 149488
24.23, 149488
24.24, 149488
24.25, 149488
24.26, 149488
24.27, 149488
24.28, 149488
24.29, 149488
24.3, 149488
24.31, 149488
24.32, 149488
24.33, 149488
24.34, 149488
24.35, 149488
24.36, 149488
24.37, 149488
24.38, 149488
24.39, 149488
24.4, 149488
24.41, 149488
24.42, 149488
24.43, 149488
24.44, 149488
24.45, 149488
24.46, 149488
24.47, 149488
24.48, 149488
24.49, 149488
24.5, 149488
24.51, 149488
24.52, 149488
24.53, 149488
24.54, 149488
24.55, 149488
24.56, 149488
24.57, 149488
24.58, 149488
24.59, 149488
24.6, 149488
24.61, 149488
24.62, 149488
24.63, 149488
24.64, 149488
24.65, 149488
24.66, 149488
24.67, 149488
24.68, 149488
24.69, 149488
24.7, 149488
24.71, 149488
24.72, 149488
24.73, 149488
24.74, 149488
24.75, 149488
24.76, 149488
24.77, 149488
24.78, 149488
24.79, 149488
24.8, 149488
24.81, 149488
24.82, 149488
24.83, 149488
24.84, 149488
24.85, 149488
24.86, 149488
24.87, 149488
24.88, 149488
24.89, 149488
24.9, 149488
24.91, 149488
24.92, 149488
24.93, 149488
24.94, 149488
24.95, 149488
24.96, 149488
24.97, 149488
24.98, 149488
24.99, 149488
25.03, 149488
25.04, 149488
25.05, 149488
25.06, 149488
25.07, 149488
25.08, 149488
25.09, 149488
25.1, 149488
25.11, 149488
25.12, 149488
25.13, 149488
25.14, 149488
25.15, 149488
25.16, 149488
25.17, 149488
25.18, 149488
25.19, 149488
25.2, 149488
25.21, 149488
25.22, 149488
25.23, 149488
25.24, 149488
25.25, 149488
25.26, 149488
25.27, 149488
25.28, 149488
25.29, 149488
25.3, 149488
25.31, 149488
25.32, 149488
25.33, 149488
25.34, 149488
25.35, 149488
25.36, 149488
25.37, 149488
25.38, 149488
25.39, 149488
25.4, 149488
25.41, 149488
25.42, 149488
25.43, 149488
25.44, 149488
25.45, 149488
25.46, 149488
25.47, 149488
25.48, 149488
25.49, 149488
25.5, 149488
25.51, 149488
25.52, 149488
25.53, 149488
25.54, 149488
25.55, 149488
25.56, 149488
25.57, 149488
25.58, 149488
25.59, 149488
25.6, 149488
25.61, 149488
25.62, 149488
25.63, 149488
25.64, 149488
25.65, 149488
25.66, 149488
25.67, 149488
25.68, 149488
25.69, 149488
25.7, 149488
25.71, 149488
25.72, 149488
25.73, 149488
25.74, 149488
25.75, 149488
25.76, 149488
25.77, 149488
25.78, 149488
25.79, 149488
25.8, 149488
25.81, 149488
25.82, 149488
25.83, 149488
25.84, 149488
25.85, 149488
25.86, 149488
25.87, 149488
25.88, 149488
25.89, 149488
25.9, 149488
25.91, 149488
25.92, 149488
25.93, 149488
25.94, 149488
25.95, 149488
25.96, 149488
25.97, 149488
25.98, 149488
25.99, 149488
26.0, 149488
26.01, 149488
26.02, 149488
26.03, 149488
26.04, 149488
26.05, 149488
26.06, 149488
26.07, 149488
26.08, 149488
26.09, 149488
26.1, 149488
26.11, 149488
26.12, 149488
26.13, 149488
26.14, 149488
26.15, 149488
26.16, 149488
26.17, 149488
26.18, 149488
26.19, 149488
26.2, 149488
26.21, 149488
26.22, 149488
26.23, 149488
26.24, 149488
26.25, 149488
26.26, 149488
26.27, 149488
26.28, 149488
26.29, 149488
26.3, 149488
26.31, 149488
26.32, 149488
26.33, 149488
26.34, 149488
26.35, 149488
26.36, 149488
26.37, 149488
26.38, 149488
26.39, 149488
26.4, 149488
26.41, 149488
26.42, 149488
26.43, 149488
26.44, 149488
26.45, 149488
26.46, 149488
26.47, 149488
26.48, 149488
26.49, 149488
26.5, 149488
26.51, 149488
26.52, 149488
26.53, 149488
26.54, 149488
26.55, 149488
26.56, 149488
26.57, 149488
26.58, 149488
26.59, 149488
26.6, 149488
26.61, 149488
26.62, 149488
26.63, 149488
26.64, 149488
26.65, 149488
26.66, 149488
26.67, 149488
26.68, 149488
26.69, 149488
26.7, 149488
26.71, 149488
26.72, 149488
26.73, 149488
26.74, 149488
26.75, 149488
26.76, 149488
26.77, 149488
26.78, 149488
26.79, 149488
26.8, 149488
26.81, 149488
26.82, 149488
26.83, 149488
26.84, 149488
26.85, 149488
26.86, 149488
26.87, 149488
26.88, 149488
26.89, 149488
26.9, 149488
26.91, 149488
26.92, 149488
26.93, 149488
26.94, 149488
26.95, 149488
26.96, 149488
26.97, 149488
26.98, 149488
26.99, 149488
27.0, 149488
27.01, 149488
27.02, 149488
27.03, 149488
27.04, 149488
27.05, 149488
27.06, 149488
27.07, 149488
27.08, 149488
27.09, 149488
27.1, 149488
27.11, 149488
27.12, 149488
27.13, 149488
27.14, 149488
27.15, 149488
27.16, 149488
27.17, 149488
27.18, 149488
27.19, 149488
27.2, 149488
27.21, 149488
27.22, 149488
27.23, 149488
27.24, 149488
27.25, 149488
27.26, 149488
27.27, 149488
27.28, 149488
27.29, 149488
27.3, 149488
27.31, 149488
27.32, 149488
27.33, 149488
27.34, 149488
27.35, 149488
27.36, 149488
27.37, 149488
27.38, 149488
27.39, 149488
27.4, 149488
27.41, 149488
27.42, 149488
27.43, 149488
27.44, 149488
27.45, 149488
27.46, 149488
27.47, 149488
27.48, 149488
27.49, 149488
27.5, 149488
27.51, 149488
27.52, 149488
27.53, 149488
27.54, 149488
27.55, 149488
27.56, 149488
27.57, 149488
27.58, 149488
27.59, 149488
27.6, 149488
27.61, 149488
27.62, 149488
27.63, 149488
27.64, 149488
27.65, 149488
27.66, 149488
27.67, 149488
27.68, 149488
27.69, 149488
27.7, 149488
27.71, 149488
27.72, 149488
27.73, 149488
27.74, 149488
27.75, 149488
27.76, 149488
27.77, 149488
27.78, 149488
27.79, 149488
27.8, 149488
27.81, 149488
27.82, 149488
27.83, 149488
27.84, 149488
27.85, 149488
27.86, 149488
27.87, 149488
27.88, 149488
27.89, 149488
27.9, 149488
27.91, 149488
27.92, 149488
27.93, 149488
27.94, 149488
27.95, 149488
27.96, 149488
27.97, 149488
27.98, 149488
27.99, 149488
28.0, 149488
28.01, 149488
28.02, 149488
28.03, 149488
28.04, 149488
28.05, 149488
28.06, 149488
28.07, 149488
28.08, 149488
28.09, 149488
28.1, 149488
28.11, 149488
28.12, 149488
28.13, 149488
28.14, 149488
28.15, 149488
28.16, 149488
28.17, 149488
28.18, 149488
28.19, 149488
28.2, 149488
28.21, 149488
28.22, 149488
28.23, 149488
28.24, 149488
28.25, 149488
28.26, 149488
28.27, 149488
28.28, 149488
28.29, 149488
28.3, 149488
28.31, 149488
28.32, 149488
28.33, 149488
28.34, 149488
28.35, 149488
28.36, 149488
28.37, 149488
28.38, 149488
28.39, 149488
28.4, 149488
28.41, 149488
28.42, 149488
28.43, 149488
28.44, 149488
28.45, 149488
28.46, 149488
28.47, 149488
28.48, 149488
28.49, 149488
28.5, 149488
28.51, 149488
28.52, 149488
28.53, 149488
28.54, 149488
28.55, 149488
28.56, 149488
28.57, 149488
28.58, 149488
28.59, 149488
28.6, 149488
28.61, 149488
28.62, 149488
28.63, 149488
28.64, 149488
28.65, 149488
28.66, 149488
28.67, 149488
28.68, 149488
28.69, 149488
28.7, 149488
28.71, 149488
28.72, 149488
28.73, 149488
28.74, 149488
28.75, 149488
28.76, 149488
28.77, 149488
28.78, 149488
28.79, 149488
28.8, 149488
28.81, 149488
28.82, 149488
28.83, 149488
28.84, 149488
28.85, 149488
28.86, 149488
28.87, 149488
28.88, 149488
28.89, 149488
28.9, 149488
28.91, 149488
28.92, 149488
28.93, 149488
28.94, 149488
28.95, 149488
28.96, 149488
28.97, 149488
28.98, 149488
28.99, 149488
29.0, 149488
29.01, 149488
29.02, 149488
29.03, 149488
29.04, 149488
29.05, 149488
29.06, 149488
29.07, 149488
29.08, 149488
29.09, 149488
29.1, 149488
29.11, 149488
29.12, 149488
29.13, 149488
29.14, 149488
29.15, 149488
29.16, 149488
29.17, 149488
29.18, 149488
29.19, 149488
29.2, 149488
29.21, 149488
29.22, 149488
29.23, 149488
29.24, 149488
29.25, 149488
29.26, 149488
29.27, 149488
29.28, 149488
29.29, 149488
29.3, 149488
29.31, 149488
29.32, 149488
29.33, 149488
29.34, 149488
29.35, 149488
29.36, 149488
29.37, 149488
29.38, 149488
29.39, 149488
29.4, 149488
29.41, 149488
29.42, 149488
29.43, 149488
29.44, 149488
29.45, 149488
29.46, 149488
29.47, 149488
29.48, 149488
29.49, 149488
29.5, 149488
29.51, 149488
29.52, 149488
29.53, 149488
29.54, 149488
29.55, 149488
29.56, 149488
29.57, 149488
29.58, 149488
29.59, 149488
29.6, 149488
29.61, 149488
29.62, 149488
29.63, 149488
29.64, 149488
29.65, 149488
29.66, 149488
29.67, 149488
29.68, 149488
29.69, 149488
29.7, 149488
29.71, 149488
29.72, 149488
29.73, 149488
29.74, 149488
29.75, 149488
29.76, 149488
29.77, 149488
29.78, 149488
29.79, 149488
29.8, 149488
29.81, 149488
29.82, 149488
29.83, 149488
29.84, 149488
29.85, 149488
29.86, 149488
29.87, 149488
29.88, 149488
29.89, 149488
29.9, 149488
29.91, 149488
29.92, 149488
29.93, 149488
29.94, 149488
29.95, 149488
29.96, 149488
29.97, 149488
29.98, 149488
29.99, 149488
30.0, 149488
30.01, 149488
30.02, 149488
30.03, 149488
30.04, 149488
30.05, 149488
30.06, 149488
30.07, 149488
30.08, 149488
30.09, 149488
30.1, 149488
30.11, 149488
30.12, 149488
30.13, 149488
30.14, 149488
30.15, 149488
30.16, 149488
30.17, 149488
30.18, 149488
30.19, 149488
30.2, 149488
30.21, 149488
30.22, 149488
30.23, 149488
30.24, 149488
30.25, 149488
30.26, 149488
30.27, 149488
30.28, 149488
30.29, 149488
30.3, 149488
30.31, 149488
30.32, 149488
30.33, 149488
30.34, 149488
30.35, 149488
30.36, 149488
30.37, 149488
30.38, 149488
30.39, 149488
30.4, 149488
30.41, 149488
30.42, 149488
30.43, 149488
30.44, 149488
30.45, 149488
30.46, 149488
30.47, 149488
30.48, 149488
30.49, 149488
30.5, 149488
30.51, 149488
30.52, 149488
30.53, 149488
30.54, 149488
30.55, 149488
30.56, 149488
30.57, 149488
30.58, 149488
30.59, 149488
30.6, 149488
30.61, 149488
30.62, 149488
30.63, 149488
30.64, 149488
30.65, 149488
30.66, 149488
30.67, 149488
30.68, 149488
30.69, 149488
30.7, 149488
30.71, 149488
30.72, 149488
30.73, 149488
30.74, 149488
30.75, 149488
30.76, 149488
30.77, 149488
30.78, 149488
30.79, 149488
30.8, 149488
30.81, 149488
30.82, 149488
30.83, 149488
30.84, 149488
30.85, 149488
30.86, 149488
30.87, 149488
30.88, 149488
30.89, 149488
30.9, 149488
30.91, 149488
30.92, 149488
30.93, 149488
30.94, 149488
30.95, 149488
30.96, 149488
30.97, 149488
30.98, 149488
30.99, 149488
31.0, 149488
31.01, 149488
31.02, 149488
31.03, 149488
31.04, 149488
31.05, 149488
31.06, 149488
31.07, 149488
31.08, 149488
31.09, 149488
31.1, 149488
31.11, 149488
31.12, 149488
31.13, 149488
31.14, 149488
31.15, 149488
31.16, 149488
31.17, 149488
31.18, 149488
31.19, 149488
31.2, 149488
31.21, 149488
31.22, 149488
31.23, 149488
31.24, 149488
31.25, 149488
31.26, 149488
31.27, 149488
31.28, 149488
31.29, 149488
31.3, 149488
31.31, 149488
31.32, 149488
31.33, 149488
31.34, 149488
31.35, 149488
31.36, 149488
31.37, 149488
31.38, 149488
31.39, 149488
31.4, 149488
31.41, 149488
31.42, 149488
31.43, 149488
31.44, 149488
31.45, 149488
31.46, 149488
31.47, 149488
31.48, 149488
31.49, 149488
31.5, 149488
31.51, 149488
31.52, 149488
31.53, 149488
31.54, 149488
31.55, 149488
31.56, 149488
31.57, 149488
31.58, 149488
31.59, 149488
31.6, 149488
31.61, 149488
31.62, 149488
31.63, 149488
31.64, 149488
31.65, 149488
31.66, 149488
31.67, 149488
31.68, 149488
31.69, 149488
31.7, 149488
31.71, 149488
31.72, 149488
31.73, 149488
31.74, 149488
31.75, 149488
31.76, 149488
31.77, 149488
31.78, 149488
31.79, 149488
31.8, 149488
31.81, 149488
31.82, 149488
31.83, 149488
31.84, 149488
31.85, 149488
31.86, 149488
31.87, 149488
31.88, 149488
31.89, 149488
31.9, 149488
31.91, 149488
31.92, 149488
31.93, 149488
31.94, 149488
31.95, 149488
31.96, 149488
31.97, 149488
31.98, 149488
31.99, 149488
32.0, 149488
32.01, 149488
32.02, 149488
32.03, 149488
32.04, 149488
32.05, 149488
32.06, 149488
32.07, 149488
32.08, 149488
32.09, 149488
32.1, 149488
32.11, 149488
32.12, 149488
32.13, 149488
32.14, 149488
32.15, 149488
32.16, 149488
32.17, 149488
32.18, 149488
32.19, 149488
32.2, 149488
32.21, 149488
32.22, 149488
32.23, 149488
32.24, 149488
32.25, 149488
32.26, 149488
32.27, 149488
32.28, 149488
32.29, 149488
32.3, 149488
32.31, 149488
32.32, 149488
32.33, 149488
32.34, 149488
32.35, 149488
32.36, 149488
32.37, 149488
32.38, 149488
32.39, 149488
32.4, 149488
32.41, 149488
32.42, 149488
32.43, 149488
32.44, 149488
32.45, 149488
32.46, 149488
32.47, 149488
32.48, 149488
32.49, 149488
32.5, 149488
32.51, 149488
32.52, 149488
32.53, 149488
32.54, 149488
32.55, 149488
32.56, 149488
32.57, 149488
32.58, 149488
32.59, 149488
32.6, 149488
32.61, 149488
32.62, 149488
32.63, 149488
32.64, 149488
32.65, 149488
32.66, 149488
32.67, 149488
32.68, 149488
32.69, 149488
32.7, 149488
32.71, 149488
32.72, 149488
32.73, 149488
32.74, 149488
32.75, 149488
32.76, 149488
32.77, 149488
32.78, 149488
32.79, 149488
32.8, 149488
32.81, 149488
32.82, 149488
32.83, 149488
32.84, 149488
32.85, 149488
32.86, 149488
32.87, 149488
32.88, 149488
32.89, 149488
32.9, 149488
32.91, 149488
32.92, 149488
32.93, 149488
32.94, 149488
32.95, 149488
32.96, 149488
32.97, 149488
32.98, 149488
32.99, 149488
33.0, 149488
33.01, 149488
33.02, 149488
33.03, 149488
33.04, 149488
33.05, 149488
33.06, 149488
33.07, 149488
33.08, 149488
33.09, 149488
33.1, 149488
33.11, 149488
33.12, 149488
33.13, 149488
33.14, 149488
33.15, 149488
33.16, 149488
33.17, 149488
33.18, 149488
33.19, 149488
33.2, 149488
33.21, 149488
33.22, 149488
33.23, 149488
33.24, 149488
33.25, 149488
33.26, 149488
33.27, 149488
33.28, 149488
33.29, 149488
33.3, 149488
33.31, 149488
33.32, 149488
33.33, 149488
33.34, 149488
33.35, 149488
33.36, 149488
33.37, 149488
33.38, 149488
33.39, 149488
33.4, 149488
33.41, 149488
33.42, 149488
33.43, 149488
33.44, 149488
33.45, 149488
33.46, 149488
33.47, 149488
33.48, 149488
33.49, 149488
33.5, 149488
33.51, 149488
33.52, 149488
33.53, 149488
33.54, 149488
33.55, 149488
33.56, 149488
33.57, 149488
33.58, 149488
33.59, 149488
33.6, 149488
33.61, 149488
33.62, 149488
33.63, 149488
33.64, 149488
33.65, 149488
33.66, 149488
33.67, 149488
33.68, 149488
33.69, 149488
33.7, 149488
33.71, 149488
33.72, 149488
33.73, 149488
33.74, 149488
33.75, 149488
33.76, 149488
33.77, 149488
33.78, 149488
33.79, 149488
33.8, 149488
33.81, 149488
33.82, 149488
33.83, 149488
33.84, 149488
33.85, 149488
33.86, 149488
33.87, 149488
33.88, 149488
33.89, 149488
33.9, 149488
33.91, 149488
33.92, 149488
33.93, 149488
33.94, 149488
33.95, 149488
33.96, 149488
33.97, 149488
33.98, 149488
33.99, 149488
34.0, 149488
34.01, 149488
34.02, 149488
34.03, 149488
34.04, 149488
34.05, 149488
34.06, 149488
34.07, 149488
34.08, 149488
34.09, 149488
34.1, 149488
34.11, 149488
34.12, 149488
34.13, 149488
34.14, 149488
34.15, 149488
34.16, 149488
34.17, 149488
34.18, 149488
34.19, 149488
34.2, 149488
34.21, 149488
34.22, 149488
34.23, 149488
34.24, 149488
34.25, 149488
34.26, 149488
34.27, 149488
34.28, 149488
34.29, 149488
34.3, 149488
34.31, 149488
34.32, 149488
34.33, 149488
34.34, 149488
34.35, 149488
34.36, 149488
34.37, 149488
34.38, 149488
34.39, 149488
34.4, 149488
34.41, 149488
34.42, 149488
34.43, 149488
34.44, 149488
34.45, 149488
34.46, 149488
34.47, 149488
34.48, 149488
34.49, 149488
34.5, 149488
34.51, 149488
34.52, 149488
34.53, 149488
34.54, 149488
34.55, 149488
34.56, 149488
34.57, 149488
34.58, 149488
34.59, 149488
34.6, 149488
34.61, 149488
34.62, 149488
34.63, 149488
34.64, 149488
34.65, 149488
34.66, 149488
34.67, 149488
34.68, 149488
34.69, 149488
34.7, 149488
34.71, 149488
34.72, 149488
34.73, 149488
34.74, 149488
34.75, 149488
34.76, 149488
34.77, 149488
34.78, 149488
34.79, 149488
34.8, 149488
34.81, 149488
34.82, 149488
34.83, 149488
34.84, 149488
34.85, 149488
34.86, 149488
34.87, 149488
34.88, 149488
34.89, 149488
34.9, 149488
34.91, 149488
34.92, 149488
34.93, 149488
34.94, 149488
34.95, 149488
34.96, 149488
34.97, 149488
34.98, 149488
34.99, 149488
35.0, 149488
35.01, 149488
35.02, 149488
35.03, 149488
35.04, 149488
35.05, 149488
35.06, 149488
35.07, 149488
35.08, 149488
35.09, 149488
35.1, 149488
35.11, 149488
35.12, 149488
35.13, 149488
35.14, 149488
35.15, 149488
35.16, 149488
35.17, 149488
35.18, 149488
35.19, 149488
35.2, 149488
35.21, 149488
35.22, 149488
35.23, 149488
35.24, 149488
35.25, 149488
35.26, 149488
35.27, 149488
35.28, 149488
35.29, 149488
35.3, 149488
35.31, 149488
35.32, 149488
35.33, 149488
35.34, 149488
35.35, 149488
35.36, 149488
35.37, 149488
35.38, 149488
35.39, 149488
35.4, 149488
35.41, 149488
35.42, 149488
35.43, 149488
35.44, 149488
35.45, 149488
35.46, 149488
35.47, 149488
35.48, 149488
35.49, 149488
35.5, 149488
35.51, 149488
35.52, 149488
35.53, 149488
35.54, 149488
35.55, 149488
35.56, 149488
35.57, 149488
35.58, 149488
35.59, 149488
35.6, 149488
35.61, 149488
35.62, 149488
35.63, 149488
35.64, 149488
35.65, 149488
35.66, 149488
35.67, 149488
35.68, 149488
35.69, 149488
35.7, 149488
35.71, 149488
35.72, 149488
35.73, 149488
35.74, 149488
35.75, 149488
35.76, 149488
35.77, 149488
35.78, 149488
35.79, 149488
35.8, 149488
35.81, 149488
35.82, 149488
35.83, 149488
35.84, 149488
35.85, 149488
35.86, 149488
35.87, 149488
35.88, 149488
35.89, 149488
35.9, 149488
35.91, 149488
35.92, 149488
35.93, 149488
35.94, 149488
35.95, 149488
35.96, 149488
35.97, 149488
35.98, 149488
35.99, 149488
36.0, 149488
36.01, 149488
36.02, 149488
36.03, 149488
36.04, 149488
36.05, 149488
36.06, 149488
36.07, 149488
36.08, 149488
36.09, 149488
36.1, 149488
36.11, 149488
36.12, 149488
36.13, 149488
36.14, 149488
36.15, 149488
36.16, 149488
36.17, 149488
36.18, 149488
36.19, 149488
36.2, 149488
36.21, 149488
36.22, 149488
36.23, 149488
36.24, 149488
36.25, 149488
36.26, 149488
36.27, 149488
36.28, 149488
36.29, 149488
36.3, 149488
36.31, 149488
36.32, 149488
36.33, 149488
36.34, 149488
36.35, 149488
36.36, 149488
36.37, 149488
36.38, 149488
36.39, 149488
36.4, 149488
36.41, 149488
36.42, 149488
36.43, 149488
36.44, 149488
36.45, 149488
36.46, 149488
36.47, 149488
36.48, 149488
36.49, 149488
36.5, 149488
36.51, 149488
36.52, 149488
36.53, 149488
36.54, 149488
36.55, 149488
36.56, 149488
36.57, 149488
36.58, 149488
36.59, 149488
36.6, 149488
36.61, 149488
36.62, 149488
36.63, 149488
36.64, 149488
36.65, 149488
36.66, 149488
36.67, 149488
36.68, 149488
36.69, 149488
36.7, 149488
36.71, 149488
36.72, 149488
36.73, 149488
36.74, 149488
36.75, 149488
36.76, 149488
36.77, 149488
36.78, 149488
36.79, 149488
36.8, 149488
36.81, 149488
36.82, 149488
36.83, 149488
36.84, 149488
36.85, 149488
36.86, 149488
36.87, 149488
36.88, 149488
36.89, 149488
36.9, 149488
36.91, 149488
36.92, 149488
36.93, 149488
36.94, 149488
36.95, 149488
36.96, 149488
36.97, 149488
36.98, 149488
36.99, 149488
37.0, 149488
37.01, 149488
37.02, 149488
37.03, 149488
37.04, 149488
37.05, 149488
37.06, 149488
37.07, 149488
37.08, 149488
37.09, 149488
37.1, 149488
37.11, 149488
37.12, 149488
37.13, 149488
37.14, 149488
37.15, 149488
37.16, 149488
37.17, 149488
37.18, 149488
37.19, 149488
37.2, 149488
37.21, 149488
37.22, 149488
37.23, 149488
37.24, 149488
37.25, 149488
37.26, 149488
37.27, 149488
37.28, 149488
37.29, 149488
37.3, 149488
37.31, 149488
37.32, 149488
37.33, 149488
37.34, 149488
37.35, 149488
37.36, 149488
37.37, 149488
37.38, 149488
37.39, 149488
37.4, 149488
37.41, 149488
37.42, 149488
37.43, 149488
37.44, 149488
37.45, 149488
37.46, 149488
37.47, 149488
37.48, 149488
37.49, 149488
37.5, 149488
37.51, 149488
37.52, 149488
37.53, 149488
37.54, 149488
37.55, 149488
37.56, 149488
37.57, 149488
37.58, 149488
37.59, 149488
37.6, 149488
37.61, 149488
37.62, 149488
37.63, 149488
37.64, 149488
37.65, 149488
37.66, 149488
37.67, 149488
37.68, 149488
37.69, 149488
37.7, 149488
37.71, 149488
37.72, 149488
37.73, 149488
37.74, 149488
37.75, 149488
37.76, 149488
37.77, 149488
37.78, 149488
37.79, 149488
37.8, 149488
37.81, 149488
37.82, 149488
37.83, 149488
37.84, 149488
37.85, 149488
37.86, 149488
37.87, 149488
37.88, 149488
37.89, 149488
37.9, 149488
37.91, 149488
37.92, 149488
37.93, 149488
37.94, 149488
37.95, 149488
37.96, 149488
37.97, 149488
37.98, 149488
37.99, 149488
38.0, 149488
38.01, 149488
38.02, 149488
38.03, 149488
38.04, 149488
38.05, 149488
38.06, 149488
38.07, 149488
38.08, 149488
38.09, 149488
38.1, 149488
38.11, 149488
38.12, 149488
38.13, 149488
38.14, 149488
38.15, 149488
38.16, 149488
38.17, 149488
38.18, 149488
38.19, 149488
38.2, 149488
38.21, 149488
38.22, 149488
38.23, 149488
38.24, 149488
38.25, 149488
38.26, 149488
38.27, 149488
38.28, 149488
38.29, 149488
38.3, 149488
38.31, 149488
38.32, 149488
38.33, 149488
38.34, 149488
38.35, 149488
38.36, 149488
38.37, 149488
38.38, 149488
38.39, 149488
38.4, 149488
38.41, 149488
38.42, 149488
38.43, 149488
38.44, 149488
38.45, 149488
38.46, 149488
38.47, 149488
38.48, 149488
38.49, 149488
38.5, 149488
38.51, 149488
38.52, 149488
38.53, 149488
38.54, 149488
38.55, 149488
38.56, 149488
38.57, 149488
38.58, 149488
38.59, 149488
38.6, 149488
38.61, 149488
38.62, 149488
38.63, 149488
38.64, 149488
38.65, 149488
38.66, 149488
38.67, 149488
38.68, 149488
38.69, 149488
38.7, 149488
38.71, 149488
38.72, 149488
38.73, 149488
38.74, 149488
38.75, 149488
38.76, 149488
38.77, 149488
38.78, 149488
38.79, 149488
38.8, 149488
38.81, 149488
38.82, 149488
38.83, 149488
38.84, 149488
38.85, 149488
38.86, 149488
38.87, 149488
38.88, 149488
38.89, 149488
38.9, 149488
38.91, 149488
38.92, 149488
38.93, 149488
38.94, 149488
38.95, 149488
38.96, 149488
38.97, 149488
38.98, 149488
38.99, 149488
39.0, 149488
39.01, 149488
39.02, 149488
39.03, 149488
39.04, 149488
39.05, 149488
39.06, 149488
39.07, 149488
39.08, 149488
39.09, 149488
39.1, 149488
39.11, 149488
39.12, 149488
39.13, 149488
39.14, 149488
39.15, 149488
39.16, 149488
39.17, 149488
39.18, 149488
39.19, 149488
39.2, 149488
39.21, 149488
39.22, 149488
39.23, 149488
39.24, 149488
39.25, 149488
39.26, 149488
39.27, 149488
39.28, 149488
39.29, 149488
39.3, 149488
39.31, 149488
39.32, 149488
39.33, 149488
39.34, 149488
39.35, 149488
39.36, 149488
39.37, 149488
39.38, 149488
39.39, 149488
39.4, 149488
39.41, 149488
39.42, 149488
39.43, 149488
39.44, 149488
39.45, 149488
39.46, 149488
39.47, 149488
39.48, 149488
39.49, 149488
39.5, 149488
39.51, 149488
39.52, 149488
39.53, 149488
39.54, 149488
39.55, 149488
39.56, 149488
39.57, 149488
39.58, 149488
39.59, 149488
39.6, 149488
39.61, 149488
39.62, 149488
39.63, 149488
39.64, 149488
39.65, 149488
39.66, 149488
39.67, 149488
39.68, 149488
39.69, 149488
39.7, 149488
39.71, 149488
39.72, 149488
39.73, 149488
39.74, 149488
39.75, 149488
39.76, 149488
39.77, 149488
39.78, 149488
39.79, 149488
39.8, 149488
39.81, 149488
39.82, 149488
39.83, 149488
39.84, 149488
39.85, 149488
39.86, 149488
39.87, 149488
39.88, 149488
39.89, 149488
39.9, 149488
39.91, 149488
39.92, 149488
39.93, 149488
39.94, 149488
39.95, 149488
39.96, 149488
39.97, 149488
39.98, 149488
39.99, 149488
40.0, 149488
40.01, 149488
40.02, 149488
40.03, 149488
40.04, 149488
40.05, 149488
40.06, 149488
40.07, 149488
40.08, 149488
40.09, 149488
40.1, 149488
40.11, 149488
40.12, 149488
40.13, 149488
40.14, 149488
40.15, 149488
40.16, 149488
40.17, 149488
40.18, 149488
40.19, 149488
40.2, 149488
40.21, 149488
40.22, 149488
40.23, 149488
40.24, 149488
40.25, 149488
40.26, 149488
40.27, 149488
40.28, 149488
40.29, 149488
40.3, 149488
40.31, 149488
40.32, 149488
40.33, 149488
40.34, 149488
40.35, 149488
40.36, 149488
40.37, 149488
40.38, 149488
40.39, 149488
40.4, 149488
40.41, 149488
40.42, 149488
40.43, 149488
40.44, 149488
40.45, 149488
40.46, 149488
40.47, 149488
40.48, 149488
40.49, 149488
40.5, 149488
40.51, 149488
40.52, 149488
40.53, 149488
40.54, 149488
40.55, 149488
40.56, 149488
40.57, 149488
40.58, 149488
40.59, 149488
40.6, 149488
40.61, 149488
40.62, 149488
40.63, 149488
40.64, 149488
40.65, 149488
40.66, 149488
40.67, 149488
40.68, 149488
40.69, 149488
40.7, 149488
40.71, 149488
40.72, 149488
40.73, 149488
40.74, 149488
40.75, 149488
40.76, 149488
40.77, 149488
40.78, 149488
40.79, 149488
40.8, 149488
40.81, 149488
40.82, 149488
40.83, 149488
40.84, 149488
40.85, 149488
40.86, 149488
40.87, 149488
40.88, 149488
40.89, 149488
40.9, 149488
40.91, 149488
40.92, 149488
40.93, 149488
40.94, 149488
40.95, 149488
40.96, 149488
40.97, 149488
40.98, 149488
40.99, 149488
41.0, 149488
41.01, 149488
41.02, 149488
41.03, 149488
41.04, 149488
41.05, 149488
41.06, 149488
41.07, 149488
41.08, 149488
41.09, 149488
41.1, 149488
41.11, 149488
41.12, 149488
41.13, 149488
41.14, 149488
41.15, 149488
41.16, 149488
41.17, 149488
41.18, 149488
41.19, 149488
41.2, 149488
41.21, 149488
41.22, 149488
41.23, 149488
41.24, 149488
41.25, 149488
41.26, 149488
41.27, 149488
41.28, 149488
41.29, 149488
41.3, 149488
41.31, 149488
41.32, 149488
41.33, 149488
41.34, 149488
41.35, 149488
41.36, 149488
41.37, 149488
41.38, 149488
41.39, 149488
41.4, 149488
41.41, 149488
41.42, 149488
41.43, 149488
41.44, 149488
41.45, 149488
41.46, 149488
41.47, 149488
41.48, 149488
41.49, 149488
41.5, 149488
41.51, 149488
41.52, 149488
41.53, 149488
41.54, 149488
41.55, 149488
41.56, 149488
41.57, 149488
41.58, 149488
41.59, 149488
41.6, 149488
41.61, 149488
41.62, 149488
41.63, 149488
41.64, 149488
41.65, 149488
41.66, 149488
41.67, 149488
41.68, 149488
41.69, 149488
41.7, 149488
41.71, 149488
41.72, 149488
41.73, 149488
41.74, 149488
41.75, 149488
41.76, 149488
41.77, 149488
41.78, 149488
41.79, 149488
41.8, 149488
41.81, 149488
41.82, 149488
41.83, 149488
41.84, 149488
41.85, 149488
41.86, 149488
41.87, 149488
41.88, 149488
41.89, 149488
41.9, 149488
41.91, 149488
41.92, 149488
41.93, 149488
41.94, 149488
41.95, 149488
41.96, 149488
41.97, 149488
41.98, 149488
41.99, 149488
42.0, 149488
42.01, 149488
42.02, 149488
42.03, 149488
42.04, 149488
42.05, 149488
42.06, 149488
42.07, 149488
42.08, 149488
42.09, 149488
42.1, 149488
42.11, 149488
42.12, 149488
42.13, 149488
42.14, 149488
42.15, 149488
42.16, 149488
42.17, 149488
42.18, 149488
42.19, 149488
42.2, 149488
42.21, 149488
42.22, 149488
42.23, 149488
42.24, 149488
42.25, 149488
42.26, 149488
42.27, 149488
42.28, 149488
42.29, 149488
42.3, 149488
42.31, 149488
42.32, 149488
42.33, 149488
42.34, 149488
42.35, 149488
42.36, 149488
42.37, 149488
42.38, 149488
42.39, 149488
42.4, 149488
42.41, 149488
42.42, 149488
42.43, 149488
42.44, 149488
42.45, 149488
42.46, 149488
42.47, 149488
42.48, 149488
42.49, 149488
42.5, 149488
42.51, 149488
42.52, 149488
42.53, 149488
42.54, 149488
42.55, 149488
42.56, 149488
42.57, 149488
42.58, 149488
42.59, 149488
42.6, 149488
42.61, 149488
42.62, 149488
42.63, 149488
42.64, 149488
42.65, 149488
42.66, 149488
42.67, 149488
42.68, 149488
42.69, 149488
42.7, 149488
42.71, 149488
42.72, 149488
42.73, 149488
42.74, 149488
42.75, 149488
42.76, 149488
42.77, 149488
42.78, 149488
42.79, 149488
42.8, 149488
42.81, 149488
42.82, 149488
42.83, 149488
42.84, 149488
42.85, 149488
42.86, 149488
42.87, 149488
42.88, 149488
42.89, 149488
42.9, 149488
42.91, 149488
42.92, 149488
42.93, 149488
42.94, 149488
42.95, 149488
42.96, 149488
42.97, 149488
42.98, 149488
42.99, 149488
43.0, 149488
43.01, 149488
43.02, 149488
43.03, 149488
43.04, 149488
43.05, 149488
43.06, 149488
43.07, 149488
43.08, 149488
43.09, 149488
43.1, 149488
43.11, 149488
43.12, 149488
43.13, 149488
43.14, 149488
43.15, 149488
43.16, 149488
43.17, 149488
43.18, 149488
43.19, 149488
43.2, 149488
43.21, 149488
43.22, 149488
43.23, 149488
43.24, 149488
43.25, 149488
43.26, 149488
43.27, 149488
43.28, 149488
43.29, 149488
43.3, 149488
43.31, 149488
43.32, 149488
43.33, 149488
43.34, 149488
43.35, 149488
43.36, 149488
43.37, 149488
43.38, 149488
43.39, 149488
43.4, 149488
43.41, 149488
43.42, 149488
43.43, 149488
43.44, 149488
43.45, 149488
43.46, 149488
43.47, 149488
43.48, 149488
43.49, 149488
43.5, 149488
43.51, 149488
43.52, 149488
43.53, 149488
43.54, 149488
43.55, 149488
43.56, 149488
43.57, 149488
43.58, 149488
43.59, 149488
43.6, 149488
43.61, 149488
43.62, 149488
43.63, 149488
43.64, 149488
43.65, 149488
43.66, 149488
43.67, 149488
43.68, 149488
43.69, 149488
43.7, 149488
43.71, 149488
43.72, 149488
43.73, 149488
43.74, 149488
43.75, 149488
43.76, 149488
43.77, 149488
43.78, 149488
43.79, 149488
43.8, 149488
43.81, 149488
43.82, 149488
43.83, 149488
43.84, 149488
43.85, 149488
43.86, 149488
43.87, 149488
43.88, 149488
43.89, 149488
43.9, 149488
43.91, 149488
43.92, 149488
43.93, 149488
43.94, 149488
43.95, 149488
43.96, 149488
43.97, 149488
43.98, 149488
43.99, 149488
44.0, 149488
44.01, 149488
44.02, 149488
44.03, 149488
44.04, 149488
44.05, 149488
44.06, 149488
44.07, 149488
44.08, 149488
44.09, 149488
44.1, 149488
44.11, 149488
44.12, 149488
44.13, 149488
44.14, 149488
44.15, 149488
44.16, 149488
44.17, 149488
44.18, 149488
44.19, 149488
44.2, 149488
44.21, 149488
44.22, 149488
44.23, 149488
44.24, 149488
44.25, 149488
44.26, 149488
44.27, 149488
44.28, 149488
44.29, 149488
44.3, 149488
44.31, 149488
44.32, 149488
44.33, 149488
44.34, 149488
44.35, 149488
44.36, 149488
44.37, 149488
44.38, 149488
44.39, 149488
44.4, 149488
44.41, 149488
44.42, 149488
44.43, 149488
44.44, 149488
44.45, 149488
44.46, 149488
44.47, 149488
44.48, 149488
44.49, 149488
44.5, 149488
44.51, 149488
44.52, 149488
44.53, 149488
44.54, 149488
44.55, 149488
44.56, 149488
44.57, 149488
44.58, 149488
44.59, 149488
44.6, 149488
44.61, 149488
44.62, 149488
44.63, 149488
44.64, 149488
44.65, 149488
44.66, 149488
44.67, 149488
44.68, 149488
44.69, 149488
44.7, 149488
44.71, 149488
44.72, 149488
44.73, 149488
44.74, 149488
44.75, 149488
44.76, 149488
44.77, 149488
44.78, 149488
44.79, 149488
44.8, 149488
44.81, 149488
44.82, 149488
44.83, 149488
44.84, 149488
44.85, 149488
44.86, 149488
44.87, 149488
44.88, 149488
44.89, 149488
44.9, 149488
44.91, 149488
44.92, 149488
44.93, 149488
44.94, 149488
44.95, 149488
44.96, 149488
44.97, 149488
44.98, 149488
44.99, 149488
45.0, 149488
45.01, 149488
45.02, 149488
45.03, 149488
45.04, 149488
45.05, 149488
45.06, 149488
45.07, 149488
45.08, 149488
45.09, 149488
45.1, 149488
45.11, 149488
45.12, 149488
45.13, 149488
45.14, 149488
45.15, 149488
45.16, 149488
45.17, 149488
45.18, 149488
45.19, 149488
45.2, 149488
45.21, 149488
45.22, 149488
45.23, 149488
45.24, 149488
45.25, 149488
45.26, 149488
45.27, 149488
45.28, 149488
45.29, 149488
45.3, 149488
45.31, 149488
45.32, 149488
45.33, 149488
45.34, 149488
45.35, 149488
45.36, 149488
45.37, 149488
45.38, 149488
45.39, 149488
45.4, 149488
45.41, 149488
45.42, 149488
45.43, 149488
45.44, 149488
45.45, 149488
45.46, 149488
45.47, 149488
45.48, 149488
45.49, 149488
45.5, 149488
45.51, 149488
45.52, 149488
45.53, 149488
45.54, 149488
45.55, 149488
45.56, 149488
45.57, 149488
45.58, 149488
45.59, 149488
45.6, 149488
45.61, 149488
45.62, 149488
45.63, 149488
45.64, 149488
45.65, 149488
45.66, 149488
45.67, 149488
45.68, 149488
45.69, 149488
45.7, 149488
45.71, 149488
45.72, 149488
45.73, 149488
45.74, 149488
45.75, 149488
45.76, 149488
45.77, 149488
45.78, 149488
45.79, 149488
45.8, 149488
45.81, 149488
45.82, 149488
45.83, 149488
45.84, 149488
45.85, 149488
45.86, 149488
45.87, 149488
45.88, 149488
45.89, 149488
45.9, 149488
45.91, 149488
45.92, 149488
45.93, 149488
45.94, 149488
45.95, 149488
45.96, 149488
45.97, 149488
45.98, 149488
45.99, 149488
46.0, 149488
46.01, 149488
46.02, 149488
46.03, 149488
46.04, 149488
46.05, 149488
46.06, 149488
46.07, 149488
46.08, 149488
46.09, 149488
46.1, 149488
46.11, 149488
46.12, 149488
46.13, 149488
46.14, 149488
46.15, 149488
46.16, 149488
46.17, 149488
46.18, 149488
46.19, 149488
46.2, 149488
46.21, 149488
46.22, 149488
46.23, 149488
46.24, 149488
46.25, 149488
46.26, 149488
46.27, 149488
46.28, 149488
46.29, 149488
46.3, 149488
46.31, 149488
46.32, 149488
46.33, 149488
46.34, 149488
46.35, 149488
46.36, 149488
46.37, 149488
46.38, 149488
46.39, 149488
46.4, 149488
46.41, 149488
46.42, 149488
46.43, 149488
46.44, 149488
46.45, 149488
46.46, 149488
46.47, 149488
46.48, 149488
46.49, 149488
46.5, 149488
46.51, 149488
46.52, 149488
46.53, 149488
46.54, 149488
46.55, 149488
46.56, 149488
46.57, 149488
46.58, 149488
46.59, 149488
46.6, 149488
46.61, 149488
46.62, 149488
46.63, 149488
46.64, 149488
46.65, 149488
46.66, 149488
46.67, 149488
46.68, 149488
46.69, 149488
46.7, 149488
46.71, 149488
46.72, 149488
46.73, 149488
46.74, 149488
46.75, 149488
46.76, 149488
46.77, 149488
46.78, 149488
46.79, 149488
46.8, 149488
46.81, 149488
46.82, 149488
46.83, 149488
46.84, 149488
46.85, 149488
46.86, 149488
46.87, 149488
46.88, 149488
46.89, 149488
46.9, 149488
46.91, 149488
46.92, 149488
46.93, 149488
46.94, 149488
46.95, 149488
46.96, 149488
46.97, 149488
46.98, 149488
46.99, 149488
47.0, 149488
47.01, 149488
47.02, 149488
47.03, 149488
47.04, 149488
47.05, 149488
47.06, 149488
47.07, 149488
47.08, 149488
47.09, 149488
47.1, 149488
47.11, 149488
47.12, 149488
47.13, 149488
47.14, 149488
47.15, 149488
47.16, 149488
47.17, 149488
47.18, 149488
47.19, 149488
47.2, 149488
47.21, 149488
47.22, 149488
47.23, 149488
47.24, 149488
47.25, 149488
47.26, 149488
47.27, 149488
47.28, 149488
47.29, 149488
47.3, 149488
47.31, 149488
47.32, 149488
47.33, 149488
47.34, 149488
47.35, 149488
47.36, 149488
47.37, 149488
47.38, 149488
47.39, 149488
47.4, 149488
47.41, 149488
47.42, 149488
47.43, 149488
47.44, 149488
47.45, 149488
47.46, 149488
47.47, 149488
47.48, 149488
47.49, 149488
47.5, 149488
47.51, 149488
47.52, 149488
47.53, 149488
47.54, 149488
47.55, 149488
47.56, 149488
47.57, 149488
47.58, 149488
47.59, 149488
47.6, 149488
47.61, 149488
47.62, 149488
47.63, 149488
47.64, 149488
47.65, 149488
47.66, 149488
47.67, 149488
47.68, 149488
47.69, 149488
47.7, 149488
47.71, 149488
47.72, 149488
47.73, 149488
47.74, 149488
47.75, 149488
47.76, 149488
47.77, 149488
47.78, 149488
47.79, 149488
47.8, 149488
47.81, 149488
47.82, 149488
47.83, 149488
47.84, 149488
47.85, 149488
47.86, 149488
47.87, 149488
47.88, 149488
47.89, 149488
47.9, 149488
47.91, 149488
47.92, 149488
47.93, 149488
47.94, 149488
47.95, 149488
47.96, 149488
47.97, 149488
47.98, 149488
47.99, 149488
48.0, 149488
48.01, 149488
48.02, 149488
48.03, 149488
48.04, 149488
48.05, 149488
48.06, 149488
48.07, 149488
48.08, 149488
48.09, 149488
48.1, 149488
48.11, 149488
48.12, 149488
48.13, 149488
48.14, 149488
48.15, 149488
48.16, 149488
48.17, 149488
48.18, 149488
48.19, 149488
48.2, 149488
48.21, 149488
48.22, 149488
48.23, 149488
48.24, 149488
48.25, 149488
48.26, 149488
48.27, 149488
48.28, 149488
48.29, 149488
48.3, 149488
48.31, 149488
48.32, 149488
48.33, 149488
48.34, 149488
48.35, 149488
48.36, 149488
48.37, 149488
48.38, 149488
48.39, 149488
48.4, 149488
48.41, 149488
48.42, 149488
48.43, 149488
48.44, 149488
48.45, 149488
48.46, 149488
48.47, 149488
48.48, 149488
48.49, 149488
48.5, 149488
48.51, 149488
48.52, 149488
48.53, 149488
48.54, 149488
48.55, 149488
48.56, 149488
48.57, 149488
48.58, 149488
48.59, 149488
48.6, 149488
48.61, 149488
48.62, 149488
48.63, 149488
48.64, 149488
48.65, 149488
48.66, 149488
48.67, 149488
48.68, 149488
48.69, 149488
48.7, 149488
48.71, 149488
48.72, 149488
48.73, 149488
48.74, 149488
48.75, 149488
48.76, 149488
48.77, 149488
48.78, 149488
48.79, 149488
48.8, 149488
48.81, 149488
48.82, 149488
48.83, 149488
48.84, 149488
48.85, 149488
48.86, 149488
48.87, 149488
48.88, 149488
48.89, 149488
48.9, 149488
48.91, 149488
48.92, 149488
48.93, 149488
48.94, 149488
48.95, 149488
48.96, 149488
48.97, 149488
48.98, 149488
48.99, 149488
49.0, 149488
49.01, 149488
49.02, 149488
49.03, 149488
49.04, 149488
49.05, 149488
49.06, 149488
49.07, 149488
49.08, 149488
49.09, 149488
49.1, 149488
49.11, 149488
49.12, 149488
49.13, 149488
49.14, 149488
49.15, 149488
49.16, 149488
49.17, 149488
49.18, 149488
49.19, 149488
49.2, 149488
49.21, 149488
49.22, 149488
49.23, 149488
49.24, 149488
49.25, 149488
49.26, 149488
49.27, 149488
49.28, 149488
49.29, 149488
49.3, 149488
49.31, 149488
49.32, 149488
49.33, 149488
49.34, 149488
49.35, 149488
49.36, 149488
49.37, 149488
49.38, 149488
49.39, 149488
49.4, 149488
49.41, 149488
49.42, 149488
49.43, 149488
49.44, 149488
49.45, 149488
49.46, 149488
49.47, 149488
49.48, 149488
49.49, 149488
49.5, 149488
49.51, 149488
49.52, 149488
49.53, 149488
49.54, 149488
49.55, 149488
49.56, 149488
49.57, 149488
49.58, 149488
49.59, 149488
49.6, 149488
49.61, 149488
49.62, 149488
49.63, 149488
49.64, 149488
49.65, 149488
49.66, 149488
49.67, 149488
49.68, 149488
49.69, 149488
49.7, 149488
49.71, 149488
49.72, 149488
49.73, 149488
49.74, 149488
49.75, 149488
49.76, 149488
49.77, 149488
49.78, 149488
49.79, 149488
49.8, 149488
49.81, 149488
49.82, 149488
49.83, 149488
49.84, 149488
49.85, 149488
49.86, 149488
49.87, 149488
49.88, 149488
49.89, 149488
49.9, 149488
49.91, 149488
49.92, 149488
49.93, 149488
49.94, 149488
49.95, 149488
49.96, 149488
49.97, 149488
49.98, 149488
49.99, 149488
50.0, 149488
50.01, 149488
50.02, 149488
50.03, 149488
50.04, 149488
50.05, 149488
50.06, 149488
50.07, 149488
50.08, 149488
50.09, 149488
50.1, 149488
50.11, 149488
50.12, 149488
50.13, 149488
50.14, 149488
50.15, 149488
50.16, 149488
50.17, 149488
50.18, 149488
50.19, 149488
50.2, 149488
50.21, 149488
50.22, 149488
50.23, 149488
50.24, 149488
50.25, 149488
50.26, 149488
50.27, 149488
50.28, 149488
50.29, 149488
50.3, 149488
50.31, 149488
50.32, 149488
50.33, 149488
50.34, 149488
50.35, 149488
50.36, 149488
50.37, 149488
50.38, 149488
50.39, 149488
50.4, 149488
50.41, 149488
50.42, 149488
50.43, 149488
50.44, 149488
50.45, 149488
50.46, 149488
50.47, 149488
50.48, 149488
50.49, 149488
50.5, 149488
50.51, 149488
50.52, 149488
50.53, 149488
50.54, 149488
50.55, 149488
50.56, 149488
50.57, 149488
50.58, 149488
50.59, 149488
50.6, 149488
50.61, 149488
50.62, 149488
50.63, 149488
50.64, 149488
50.65, 149488
50.66, 149488
50.67, 149488
50.68, 149488
50.69, 149488
50.7, 149488
50.71, 149488
50.72, 149488
50.73, 149488
50.74, 149488
50.75, 149488
50.76, 149488
50.77, 149488
50.78, 149488
50.79, 149488
50.8, 149488
50.81, 149488
50.82, 149488
50.83, 149488
50.84, 149488
50.85, 149488
50.86, 149488
50.87, 149488
50.88, 149488
50.89, 149488
50.9, 149488
50.91, 149488
50.92, 149488
50.93, 149488
50.94, 149488
50.95, 149488
50.96, 149488
50.97, 149488
50.98, 149488
50.99, 149488
51.0, 149488
51.01, 149488
51.02, 149488
51.03, 149488
51.04, 149488
51.05, 149488
51.06, 149488
51.07, 149488
51.08, 149488
51.09, 149488
51.1, 149488
51.11, 149488
51.12, 149488
51.13, 149488
51.14, 149488
51.15, 149488
51.16, 149488
51.17, 149488
51.18, 149488
51.19, 149488
51.2, 149488
51.21, 149488
51.22, 149488
51.23, 149488
51.24, 149488
51.25, 149488
51.26, 149488
51.27, 149488
51.28, 149488
51.29, 149488
51.3, 149488
51.31, 149488
51.32, 149488
51.33, 149488
51.34, 149488
51.35, 149488
51.36, 149488
51.37, 149488
51.38, 149488
51.39, 149488
51.4, 149488
51.41, 149488
51.42, 149488
51.43, 149488
51.44, 149488
51.45, 149488
51.46, 149488
51.47, 149488
51.48, 149488
51.49, 149488
51.5, 149488
51.51, 149488
51.52, 149488
51.53, 149488
51.54, 149488
51.55, 149488
51.56, 149488
51.57, 149488
51.58, 149488
51.59, 149488
51.6, 149488
51.61, 149488
51.62, 149488
51.63, 149488
51.64, 149488
51.65, 149488
51.66, 149488
51.67, 149488
51.68, 149488
51.69, 149488
51.7, 149488
51.71, 149488
51.72, 149488
51.73, 149488
51.74, 149488
51.75, 149488
51.76, 149488
51.77, 149488
51.78, 149488
51.79, 149488
51.8, 149488
51.81, 149488
51.82, 149488
51.83, 149488
51.84, 149488
51.85, 149488
51.86, 149488
51.87, 149488
51.88, 149488
51.89, 149488
51.9, 149488
51.91, 149488
51.92, 149488
51.93, 149488
51.94, 149488
51.95, 149488
51.96, 149488
51.97, 149488
51.98, 149488
51.99, 149488
52.0, 149488
52.01, 149488
52.02, 149488
52.03, 149488
52.04, 149488
52.05, 149488
52.06, 149488
52.07, 149488
52.08, 149488
52.09, 149488
52.1, 149488
52.11, 149488
52.12, 149488
52.13, 149488
52.14, 149488
52.15, 149488
52.16, 149488
52.17, 149488
52.18, 149488
52.19, 149488
52.2, 149488
52.21, 149488
52.22, 149488
52.23, 149488
52.24, 149488
52.25, 149488
52.26, 149488
52.27, 149488
52.28, 149488
52.29, 149488
52.3, 149488
52.31, 149488
52.32, 149488
52.33, 149488
52.34, 149488
52.35, 149488
52.36, 149488
52.37, 149488
52.38, 149488
52.39, 149488
52.4, 149488
52.41, 149488
52.42, 149488
52.43, 149488
52.44, 149488
52.45, 149488
52.46, 149488
52.47, 149488
52.48, 149488
52.49, 149488
52.5, 149488
52.51, 149488
52.52, 149488
52.53, 149488
52.54, 149488
52.55, 149488
52.56, 149488
52.57, 149488
52.58, 149488
52.59, 149488
52.6, 149488
52.61, 149488
52.62, 149488
52.63, 149488
52.64, 149488
52.65, 149488
52.66, 149488
52.67, 149488
52.68, 149488
52.69, 149488
52.7, 149488
52.71, 149488
52.72, 149488
52.73, 149488
52.74, 149488
52.75, 149488
52.76, 149488
52.77, 149488
52.78, 149488
52.79, 149488
52.8, 149488
52.81, 149488
52.82, 149488
52.83, 149488
52.84, 149488
52.85, 149488
52.86, 149488
52.87, 149488
52.88, 149488
52.89, 149488
52.9, 149488
52.91, 149488
52.92, 149488
52.93, 149488
52.94, 149488
52.95, 149488
52.96, 149488
52.97, 149488
52.98, 149488
52.99, 149488
53.0, 149488
53.01, 149488
53.02, 149488
53.03, 149488
53.04, 149488
53.05, 149488
53.06, 149488
53.07, 149488
53.08, 149488
53.09, 149488
53.1, 149488
53.11, 149488
53.12, 149488
53.13, 149488
53.14, 149488
53.15, 149488
53.16, 149488
53.17, 149488
53.18, 149488
53.19, 149488
53.2, 149488
53.21, 149488
53.22, 149488
53.23, 149488
53.24, 149488
53.25, 149488
53.26, 149488
53.27, 149488
53.28, 149488
53.29, 149488
53.3, 149488
53.31, 149488
53.32, 149488
53.33, 149488
53.34, 149488
53.35, 149488
53.36, 149488
53.37, 149488
53.38, 149488
53.39, 149488
53.4, 149488
53.41, 149488
53.42, 149488
53.43, 149488
53.44, 149488
53.45, 149488
53.46, 149488
53.47, 149488
53.48, 149488
53.49, 149488
53.5, 149488
53.51, 149488
53.52, 149488
53.53, 149488
53.54, 149488
53.55, 149488
53.56, 149488
53.57, 149488
53.58, 149488
53.59, 149488
53.6, 149488
53.61, 149488
53.62, 149488
53.63, 149488
53.64, 149488
53.65, 149488
53.66, 149488
53.67, 149488
53.68, 149488
53.69, 149488
53.7, 149488
53.71, 149488
53.72, 149488
53.73, 149488
53.74, 149488
53.75, 149488
53.76, 149488
53.77, 149488
53.78, 149488
53.79, 149488
53.8, 149488
53.81, 149488
53.82, 149488
53.83, 149488
53.84, 149488
53.85, 149488
53.86, 149488
53.87, 149488
53.88, 149488
53.89, 149488
53.9, 149488
53.91, 149488
53.92, 149488
53.93, 149488
53.94, 149488
53.95, 149488
53.96, 149488
53.97, 149488
53.98, 149488
53.99, 149488
54.0, 149488
54.01, 149488
54.02, 149488
54.03, 149488
54.04, 149488
54.05, 149488
54.06, 149488
54.07, 149488
54.08, 149488
54.09, 149488
54.1, 149488
54.11, 149488
54.12, 149488
54.13, 149488
54.14, 149488
54.15, 149488
54.16, 149488
54.17, 149488
54.18, 149488
54.19, 149488
54.2, 149488
54.21, 149488
54.22, 149488
54.23, 149488
54.24, 149488
54.25, 149488
54.26, 149488
54.27, 149488
54.28, 149488
54.29, 149488
54.3, 149488
54.31, 149488
54.32, 149488
54.33, 149488
54.34, 149488
54.35, 149488
54.36, 149488
54.37, 149488
54.38, 149488
54.39, 149488
54.4, 149488
54.41, 149488
54.42, 149488
54.43, 149488
54.44, 149488
54.45, 149488
54.46, 149488
54.47, 149488
54.48, 149488
54.49, 149488
54.5, 149488
54.51, 149488
54.52, 149488
54.53, 149488
54.54, 149488
54.55, 149488
54.56, 149488
54.57, 149488
54.58, 149488
54.59, 149488
54.6, 149488
54.61, 149488
54.62, 149488
54.63, 149488
54.64, 149488
54.65, 149488
54.66, 149488
54.67, 149488
54.68, 149488
54.69, 149488
54.7, 149488
54.71, 149488
54.72, 149488
54.73, 149488
54.74, 149488
54.75, 149488
54.76, 149488
54.77, 149488
54.78, 149488
54.79, 149488
54.8, 149488
54.81, 149488
54.82, 149488
54.83, 149488
54.84, 149488
54.85, 149488
54.86, 149488
54.87, 149488
54.88, 149488
54.89, 149488
54.9, 149488
54.91, 149488
54.92, 149488
54.93, 149488
54.94, 149488
54.95, 149488
54.96, 149488
54.97, 149488
54.98, 149488
54.99, 149488
55.0, 149488
55.01, 149488
55.02, 149488
55.03, 149488
55.04, 149488
55.05, 149488
55.06, 149488
55.07, 149488
55.08, 149488
55.09, 149488
55.1, 149488
55.11, 149488
55.12, 149488
55.13, 149488
55.14, 149488
55.15, 149488
55.16, 149488
55.17, 149488
55.18, 149488
55.19, 149488
55.2, 149488
55.21, 149488
55.22, 149488
55.23, 149488
55.24, 149488
55.25, 149488
55.26, 149488
55.27, 149488
55.28, 149488
55.29, 149488
55.3, 149488
55.31, 149488
55.32, 149488
55.33, 149488
55.34, 149488
55.35, 149488
55.36, 149488
55.37, 149488
55.38, 149488
55.39, 149488
55.4, 149488
55.41, 149488
55.42, 149488
55.43, 149488
55.44, 149488
55.45, 149488
55.46, 149488
55.47, 149488
55.48, 149488
55.49, 149488
55.5, 149488
55.51, 149488
55.52, 149488
55.53, 149488
55.54, 149488
55.55, 149488
55.56, 149488
55.57, 149488
55.58, 149488
55.59, 149488
55.6, 149488
55.61, 149488
55.62, 149488
55.63, 149488
55.64, 149488
55.65, 149488
55.66, 149488
55.67, 149488
55.68, 149488
55.69, 149488
55.7, 149488
55.71, 149488
55.72, 149488
55.73, 149488
55.74, 149488
55.75, 149488
55.76, 149488
55.77, 149488
55.78, 149488
55.79, 149488
55.8, 149488
55.81, 149488
55.82, 149488
55.83, 149488
55.84, 149488
55.85, 149488
55.86, 149488
55.87, 149488
55.88, 149488
55.89, 149488
55.9, 149488
55.91, 149488
55.92, 149488
55.93, 149488
55.94, 149488
55.95, 149488
55.96, 149488
55.97, 149488
55.98, 149488
55.99, 149488
56.0, 149488
56.01, 149488
56.02, 149488
56.03, 149488
56.04, 149488
56.05, 149488
56.06, 149488
56.07, 149488
56.08, 149488
56.09, 149488
56.1, 149488
56.11, 149488
56.12, 149488
56.13, 149488
56.14, 149488
56.15, 149488
56.16, 149488
56.17, 149488
56.18, 149488
56.19, 149488
56.2, 149488
56.21, 149488
56.22, 149488
56.23, 149488
56.24, 149488
56.25, 149488
56.26, 149488
56.27, 149488
56.28, 149488
56.29, 149488
56.3, 149488
56.31, 149488
56.32, 149488
56.33, 149488
56.34, 149488
56.35, 149488
56.36, 149488
56.37, 149488
56.38, 149488
56.39, 149488
56.4, 149488
56.41, 149488
56.42, 149488
56.43, 149488
56.44, 149488
56.45, 149488
56.46, 149488
56.47, 149488
56.48, 149488
56.49, 149488
56.5, 149488
56.51, 149488
56.52, 149488
56.53, 149488
56.54, 149488
56.55, 149488
56.56, 149488
56.57, 149488
56.58, 149488
56.59, 149488
56.6, 149488
56.61, 149488
56.62, 149488
56.63, 149488
56.64, 149488
56.65, 149488
56.66, 149488
56.67, 149488
56.68, 149488
56.69, 149488
56.7, 149488
56.71, 149488
56.72, 149488
56.73, 149488
56.74, 149488
56.75, 149488
56.76, 149488
56.77, 149488
56.78, 149488
56.79, 149488
56.8, 149488
56.81, 149488
56.82, 149488
56.83, 149488
56.84, 149488
56.85, 149488
56.86, 149488
56.87, 149488
56.88, 149488
56.89, 149488
56.9, 149488
56.91, 149488
56.92, 149488
56.93, 149488
56.94, 149488
56.95, 149488
56.96, 149488
56.97, 149488
56.98, 149488
56.99, 149488
57.0, 149488
57.01, 149488
57.02, 149488
57.03, 149488
57.04, 149488
57.05, 149488
57.06, 149488
57.07, 149488
57.08, 149488
57.09, 149488
57.1, 149488
57.11, 149488
57.12, 149488
57.13, 149488
57.14, 149488
57.15, 149488
57.16, 149488
57.17, 149488
57.18, 149488
57.19, 149488
57.2, 149488
57.21, 149488
57.22, 149488
57.23, 149488
57.24, 149488
57.25, 149488
57.26, 149488
57.27, 149488
57.28, 149488
57.29, 149488
57.3, 149488
57.31, 149488
57.32, 149488
57.33, 149488
57.34, 149488
57.35, 149488
57.36, 149488
57.37, 149488
57.38, 149488
57.39, 149488
57.4, 149488
57.41, 149488
57.42, 149488
57.43, 149488
57.44, 149488
57.45, 149488
57.46, 149488
57.47, 149488
57.48, 149488
57.49, 149488
57.5, 149488
57.51, 149488
57.52, 149488
57.53, 149488
57.54, 149488
57.55, 149488
57.56, 149488
57.57, 149488
57.58, 149488
57.59, 149488
57.6, 149488
57.61, 149488
57.62, 149488
57.63, 149488
57.64, 149488
57.65, 149488
57.66, 149488
57.67, 149488
57.68, 149488
57.69, 149488
57.7, 149488
57.71, 149488
57.72, 149488
57.73, 149488
57.74, 149488
57.75, 149488
57.76, 149488
57.77, 149488
57.78, 149488
57.79, 149488
57.8, 149488
57.81, 149488
57.82, 149488
57.83, 149488
57.84, 149488
57.85, 149488
57.86, 149488
57.87, 149488
57.88, 149488
57.89, 149488
57.9, 149488
57.91, 149488
57.92, 149488
57.93, 149488
57.94, 149488
57.95, 149488
57.96, 149488
57.97, 149488
57.98, 149488
57.99, 149488
58.0, 149488
58.01, 149488
58.02, 149488
58.03, 149488
58.04, 149488
58.05, 149488
58.06, 149488
58.07, 149488
58.08, 149488
58.09, 149488
58.1, 149488
58.11, 149488
58.12, 149488
58.13, 149488
58.14, 149488
58.15, 149488
58.16, 149488
58.17, 149488
58.18, 149488
58.19, 149488
58.2, 149488
58.21, 149488
58.22, 149488
58.23, 149488
58.24, 149488
58.25, 149488
58.26, 149488
58.27, 149488
58.28, 149488
58.29, 149488
58.3, 149488
58.31, 149488
58.32, 149488
58.33, 149488
58.34, 149488
58.35, 149488
58.36, 149488
58.37, 149488
58.38, 149488
58.39, 149488
58.4, 149488
58.41, 149488
58.42, 149488
58.43, 149488
58.44, 149488
58.45, 149488
58.46, 149488
58.47, 149488
58.48, 149488
58.49, 149488
58.5, 149488
58.51, 149488
58.52, 149488
58.53, 149488
58.54, 149488
58.55, 149488
58.56, 149488
58.57, 149488
58.58, 149488
58.59, 149488
58.6, 149488
58.61, 149488
58.62, 149488
58.63, 149488
58.64, 149488
58.65, 149488
58.66, 149488
58.67, 149488
58.68, 149488
58.69, 149488
58.7, 149488
58.71, 149488
58.72, 149488
58.73, 149488
58.74, 149488
58.75, 149488
58.76, 149488
58.77, 149488
58.78, 149488
58.79, 149488
58.8, 149488
58.81, 149488
58.82, 149488
58.83, 149488
58.84, 149488
58.85, 149488
58.86, 149488
58.87, 149488
58.88, 149488
58.89, 149488
58.9, 149488
58.91, 149488
58.92, 149488
58.93, 149488
58.94, 149488
58.95, 149488
58.96, 149488
58.97, 149488
58.98, 149488
58.99, 149488
59.0, 149488
59.01, 149488
59.02, 149488
59.03, 149488
59.04, 149488
59.05, 149488
59.06, 149488
59.07, 149488
59.08, 149488
59.09, 149488
59.1, 149488
59.11, 149488
59.12, 149488
59.13, 149488
59.14, 149488
59.15, 149488
59.16, 149488
59.17, 149488
59.18, 149488
59.19, 149488
59.2, 149488
59.21, 149488
59.22, 149488
59.23, 149488
59.24, 149488
59.25, 149488
59.26, 149488
59.27, 149488
59.28, 149488
59.29, 149488
59.3, 149488
59.31, 149488
59.32, 149488
59.33, 149488
59.34, 149488
59.35, 149488
59.36, 149488
59.37, 149488
59.38, 149488
59.39, 149488
59.4, 149488
59.41, 149488
59.42, 149488
59.43, 149488
59.44, 149488
59.45, 149488
59.46, 149488
59.47, 149488
59.48, 149488
59.49, 149488
59.5, 149488
59.51, 149488
59.52, 149488
59.53, 149488
59.54, 149488
59.55, 149488
59.56, 149488
59.57, 149488
59.58, 149488
59.59, 149488
59.6, 149488
59.61, 149488
59.62, 149488
59.63, 149488
59.64, 149488
59.65, 149488
59.66, 149488
59.67, 149488
59.68, 149488
59.69, 149488
59.7, 149488
59.71, 149488
59.72, 149488
59.73, 149488
59.74, 149488
59.75, 149488
59.76, 149488
59.77, 149488
59.78, 149488
59.79, 149488
59.8, 149488
59.81, 149488
59.82, 149488
59.83, 149488
59.84, 149488
59.85, 149488
59.86, 149488
59.87, 149488
59.88, 149488
59.89, 149488
59.9, 149488
59.91, 149488
59.92, 149488
59.93, 149488
59.94, 149488
59.95, 149488
59.96, 149488
59.97, 149488
59.98, 149488
59.99, 149488
