0.0, 184317
0.01, 184317
0.02, 177840
0.03, 177840
0.04, 177840
0.05, 177840
0.06, 177840
0.07, 177840
0.08, 177840
0.09, 177840
0.1, 177840
0.11, 177840
0.12, 177840
0.13, 177840
0.14, 172059
0.15, 172059
0.16, 172059
0.17, 172059
0.18, 172059
0.19, 172059
0.2, 172059
0.21, 172059
0.22, 172059
0.23, 172059
0.24, 172059
0.25, 168421
0.26, 168421
0.27, 168421
0.28, 168421
0.29, 168421
0.3, 168421
0.31, 168421
0.32, 168421
0.33, 168421
0.34, 168421
0.35, 168421
0.36, 168421
0.37, 168421
0.38, 168421
0.39, 168421
0.4, 168421
0.41, 168421
0.42, 168421
0.43, 168421
0.44, 168421
0.45, 168421
0.46, 168421
0.47, 168089
0.48, 168089
0.49, 168089
0.5, 168089
0.51, 168089
0.52, 168089
0.53, 168089
0.54, 168089
0.55, 168089
0.56, 168089
0.57, 168089
0.58, 167166
0.59, 167166
0.6, 167166
0.61, 167166
0.62, 167166
0.63, 167166
0.64, 167166
0.65, 167166
0.66, 167166
0.67, 167166
0.68, 167166
0.69, 167166
0.7, 167166
0.71, 167166
0.72, 167166
0.73, 167166
0.74, 167166
0.75, 167166
0.76, 167166
0.77, 167166
0.78, 167166
0.79, 167166
0.8, 167166
0.81, 167166
0.82, 167166
0.83, 167166
0.84, 167166
0.85, 167166
0.86, 167166
0.87, 167166
0.88, 167166
0.89, 167166
0.9, 167166
0.91, 167166
0.92, 167166
0.93, 167166
0.94, 167166
0.95, 167166
0.96, 167166
0.97, 167166
0.98, 167166
0.99, 167166
1.0, 167166
1.01, 167166
1.02, 167166
1.03, 167166
1.04, 167166
1.05, 167166
1.06, 167166
1.07, 167166
1.08, 167166
1.09, 167166
1.1, 167166
1.11, 167166
1.12, 167166
1.13, 167166
1.14, 167166
1.15, 167166
1.16, 167166
1.17, 167166
1.18, 167166
1.19, 167166
1.2, 167166
1.21, 167166
1.22, 167166
1.23, 167166
1.24, 167166
1.25, 167166
1.26, 167166
1.27, 167166
1.28, 167166
1.29, 167166
1.3, 167166
1.31, 167166
1.32, 167166
1.33, 167166
1.34, 167166
1.35, 167166
1.36, 167166
1.37, 167166
1.38, 167166
1.39, 167166
1.4, 167166
1.41, 167166
1.42, 167166
1.43, 167166
1.44, 167166
1.45, 167166
1.46, 167166
1.47, 167166
1.48, 167166
1.49, 167166
1.5, 167166
1.51, 167166
1.52, 167166
1.53, 167166
1.54, 167166
1.55, 167166
1.56, 167166
1.57, 167166
1.58, 167166
1.59, 167166
1.6, 167166
1.61, 167166
1.62, 167166
1.63, 167166
1.64, 167166
1.65, 167166
1.66, 167166
1.67, 167166
1.68, 167166
1.69, 167166
1.7, 167166
1.71, 167166
1.72, 167166
1.73, 167166
1.74, 167166
1.75, 167166
1.76, 159436
1.77, 159436
1.78, 159436
1.79, 159436
1.8, 159436
1.81, 159436
1.82, 159436
1.83, 159436
1.84, 159436
1.85, 159436
1.86, 159436
1.87, 159436
1.88, 159436
1.89, 159436
1.92, 159436
1.93, 159436
1.94, 159436
1.95, 159436
1.96, 159436
1.97, 159436
1.98, 159436
1.99, 159436
2.0, 159436
2.01, 159436
2.02, 159436
2.03, 159436
2.04, 159436
2.05, 159436
2.06, 159436
2.07, 159436
2.08, 159436
2.09, 159436
2.1, 159436
2.11, 159436
2.12, 159436
2.13, 159436
2.14, 159436
2.15, 159436
2.16, 159436
2.17, 159436
2.18, 159436
2.19, 159436
2.2, 159436
2.21, 159436
2.22, 159436
2.23, 159436
2.24, 159436
2.25, 159436
2.26, 159436
2.27, 159436
2.28, 159436
2.29, 159436
2.3, 159436
2.31, 159436
2.32, 159436
2.33, 159436
2.34, 159436
2.35, 159436
2.36, 159436
2.37, 159436
2.38, 159436
2.39, 159436
2.4, 159436
2.41, 159436
2.42, 159436
2.43, 159436
2.44, 159436
2.45, 159436
2.46, 159436
2.47, 159436
2.48, 159436
2.49, 159436
2.5, 159436
2.51, 159436
2.52, 159436
2.53, 159436
2.54, 159436
2.55, 159436
2.56, 159436
2.57, 159436
2.58, 159436
2.59, 159436
2.6, 159436
2.61, 159436
2.62, 159436
2.63, 159436
2.64, 159436
2.65, 159436
2.66, 159436
2.67, 159436
2.68, 159436
2.69, 159436
2.7, 159436
2.71, 159436
2.72, 159436
2.73, 159436
2.74, 159436
2.75, 159436
2.76, 159436
2.77, 159436
2.78, 159436
2.79, 159436
2.8, 159436
2.81, 159436
2.82, 159436
2.83, 159436
2.84, 159436
2.85, 159436
2.86, 159436
2.87, 159436
2.88, 159436
2.89, 159436
2.9, 159436
2.91, 159436
2.92, 159436
2.93, 159436
2.94, 159436
2.95, 159436
2.96, 159436
2.97, 159436
2.98, 159436
2.99, 159436
3.0, 159436
3.01, 159436
3.02, 159436
3.03, 159436
3.04, 159436
3.05, 159436
3.06, 159436
3.07, 159436
3.08, 159436
3.09, 159436
3.1, 159436
3.11, 159436
3.12, 159436
3.13, 159436
3.14, 159436
3.15, 159436
3.16, 159436
3.17, 159436
3.18, 159436
3.19, 159436
3.2, 159436
3.21, 159436
3.22, 159436
3.23, 159436
3.24, 159436
3.25, 159436
3.26, 159436
3.27, 159436
3.28, 159436
3.29, 159436
3.3, 159436
3.31, 159436
3.32, 159436
3.33, 159436
3.34, 159436
3.35, 159436
3.36, 159436
3.37, 159436
3.38, 159436
3.39, 159436
3.4, 159436
3.41, 159436
3.42, 159436
3.43, 159436
3.44, 159436
3.45, 159436
3.46, 159436
3.47, 159436
3.48, 159436
3.49, 159436
3.5, 159436
3.51, 159436
3.52, 159436
3.53, 159436
3.54, 159436
3.55, 159436
3.56, 159436
3.57, 159436
3.58, 159436
3.59, 159436
3.6, 159436
3.61, 159436
3.62, 159436
3.63, 159436
3.64, 159436
3.65, 159436
3.66, 159436
3.67, 159436
3.68, 159436
3.69, 159436
3.7, 159436
3.71, 159436
3.72, 159436
3.73, 159436
3.74, 159436
3.75, 159436
3.76, 159436
3.77, 159436
3.78, 159436
3.79, 159436
3.8, 159436
3.81, 159436
3.82, 159436
3.83, 159436
3.84, 159436
3.85, 159436
3.86, 159436
3.87, 159436
3.88, 159436
3.89, 159436
3.9, 159436
3.91, 159436
3.92, 159436
3.93, 159436
3.94, 159436
3.95, 159436
3.96, 159436
3.97, 159436
3.98, 159436
3.99, 159436
4.0, 159436
4.01, 159436
4.02, 159436
4.03, 159436
4.04, 159436
4.05, 159436
4.06, 159436
4.07, 159436
4.08, 159436
4.09, 159436
4.1, 159436
4.11, 159436
4.12, 159436
4.13, 159436
4.14, 159436
4.15, 159436
4.16, 159436
4.17, 159436
4.18, 159436
4.19, 159436
4.2, 159436
4.21, 159436
4.22, 159436
4.23, 159436
4.24, 159436
4.25, 159436
4.26, 159436
4.27, 159436
4.28, 159436
4.29, 159436
4.3, 159436
4.31, 159436
4.32, 159436
4.33, 159436
4.34, 159436
4.35, 159436
4.36, 159436
4.37, 159436
4.38, 159436
4.39, 159436
4.4, 159436
4.41, 159436
4.42, 159436
4.43, 159436
4.44, 159436
4.45, 159436
4.46, 159436
4.47, 159436
4.48, 159436
4.49, 159436
4.5, 159436
4.51, 159436
4.52, 159436
4.53, 159436
4.54, 159436
4.55, 159436
4.56, 159436
4.57, 159436
4.58, 159436
4.59, 159436
4.6, 159436
4.61, 159436
4.62, 159436
4.63, 159436
4.64, 159436
4.65, 159436
4.66, 159436
4.67, 159436
4.68, 159436
4.69, 159436
4.7, 159436
4.71, 159436
4.72, 159436
4.73, 159436
4.74, 159436
4.75, 159436
4.76, 159436
4.77, 159436
4.78, 159436
4.79, 159436
4.8, 159436
4.81, 159436
4.82, 159436
4.83, 159436
4.84, 159436
4.85, 159436
4.86, 159436
4.87, 159436
4.88, 159436
4.89, 159436
4.9, 159436
4.91, 159436
4.92, 150391
4.93, 150391
4.94, 150391
4.95, 150391
4.96, 150391
4.97, 150391
4.98, 150391
4.99, 150391
5.0, 150391
5.01, 150391
5.02, 150391
5.03, 150391
5.04, 150391
5.05, 150391
5.06, 150391
5.07, 150391
5.08, 150391
5.09, 150391
5.1, 150391
5.11, 150391
5.12, 150391
5.13, 150391
5.14, 150391
5.15, 150391
5.16, 150391
5.17, 150391
5.18, 150391
5.19, 150391
5.2, 150391
5.21, 150391
5.22, 150391
5.23, 150391
5.24, 150391
5.25, 150391
5.26, 150391
5.27, 150391
5.28, 150391
5.29, 150391
5.3, 150391
5.31, 150391
5.32, 150391
5.33, 150391
5.34, 150391
5.35, 150391
5.36, 150391
5.37, 150391
5.38, 150391
5.39, 150391
5.4, 150391
5.41, 150391
5.42, 150391
5.43, 150391
5.44, 150391
5.45, 150391
5.46, 150391
5.47, 150391
5.48, 150391
5.49, 150391
5.5, 150391
5.51, 150391
5.52, 150391
5.53, 150391
5.54, 150391
5.55, 150391
5.56, 150391
5.57, 150391
5.58, 150391
5.59, 150391
5.6, 150391
5.61, 150391
5.62, 150391
5.63, 150391
5.64, 150391
5.65, 150391
5.66, 150391
5.67, 150391
5.68, 150391
5.69, 150391
5.7, 150391
5.71, 150391
5.72, 150391
5.73, 150391
5.74, 150391
5.75, 150391
5.76, 150391
5.77, 150391
5.78, 150391
5.79, 150391
5.8, 150391
5.81, 150391
5.82, 150391
5.83, 150391
5.84, 150391
5.85, 150391
5.86, 150391
5.87, 150391
5.88, 150391
5.89, 150391
5.9, 150391
5.91, 150391
5.92, 150391
5.93, 150391
5.94, 150391
5.95, 150391
5.96, 150391
5.97, 150391
5.98, 150391
5.99, 150391
6.0, 150391
6.01, 150391
6.02, 150391
6.03, 150391
6.04, 150391
6.05, 150391
6.06, 150391
6.07, 150391
6.08, 150391
6.09, 150391
6.1, 150391
6.11, 150391
6.12, 150391
6.13, 150391
6.14, 150391
6.15, 150391
6.16, 150391
6.17, 150391
6.18, 150391
6.19, 150391
6.2, 150391
6.21, 150391
6.22, 150391
6.23, 150391
6.24, 150391
6.25, 150391
6.26, 150391
6.27, 150391
6.28, 150391
6.29, 150391
6.3, 150391
6.31, 150391
6.32, 150391
6.33, 150391
6.34, 150391
6.35, 150391
6.36, 150391
6.37, 150391
6.38, 150391
6.39, 150391
6.4, 150391
6.41, 150391
6.42, 150391
6.43, 150391
6.44, 150391
6.45, 150391
6.46, 150391
6.47, 150391
6.48, 150391
6.49, 150391
6.5, 150391
6.51, 150391
6.52, 150391
6.53, 150391
6.54, 150391
6.55, 150391
6.56, 150391
6.57, 150391
6.58, 150391
6.59, 150391
6.6, 150391
6.61, 150391
6.62, 150391
6.63, 150391
6.64, 150391
6.65, 150391
6.66, 150391
6.67, 150391
6.68, 150391
6.69, 150391
6.7, 150391
6.71, 150391
6.72, 150391
6.73, 150391
6.74, 150391
6.75, 150391
6.76, 150391
6.77, 150391
6.78, 150391
6.79, 150391
6.8, 150391
6.81, 150391
6.82, 150391
6.83, 150391
6.84, 150391
6.85, 150391
6.86, 150391
6.87, 150391
6.88, 150391
6.89, 150391
6.9, 150391
6.91, 150391
6.92, 150391
6.93, 150391
6.94, 150391
6.95, 150391
6.96, 150391
6.97, 150391
6.98, 150391
6.99, 150391
7.0, 150391
7.01, 150391
7.02, 150391
7.03, 150391
7.04, 150391
7.05, 150391
7.06, 150391
7.07, 150391
7.08, 150391
7.09, 150391
7.1, 150391
7.11, 150391
7.12, 150391
7.13, 150391
7.14, 150391
7.15, 150391
7.16, 150391
7.17, 150391
7.18, 150391
7.19, 150391
7.2, 150391
7.21, 150391
7.22, 150391
7.23, 150391
7.24, 150391
7.25, 150391
7.26, 150391
7.27, 150391
7.28, 150391
7.29, 150391
7.3, 150391
7.31, 150391
7.32, 150391
7.33, 150391
7.34, 150391
7.35, 150391
7.36, 150391
7.37, 150391
7.38, 150391
7.39, 150391
7.4, 150391
7.41, 150391
7.42, 150391
7.43, 150391
7.44, 150391
7.45, 150391
7.46, 150391
7.47, 150391
7.48, 150391
7.49, 150391
7.5, 150391
7.51, 150391
7.52, 150391
7.53, 150391
7.54, 150391
7.55, 150391
7.56, 150391
7.57, 150391
7.58, 150391
7.59, 150391
7.6, 150391
7.61, 150391
7.62, 150391
7.63, 150391
7.64, 150391
7.65, 150391
7.66, 150391
7.67, 150391
7.68, 150391
7.69, 150391
7.7, 150391
7.71, 150391
7.72, 150391
7.73, 150391
7.74, 150391
7.75, 150391
7.76, 150391
7.77, 150391
7.78, 150391
7.79, 150391
7.8, 150391
7.81, 150391
7.82, 150391
7.83, 150391
7.84, 150391
7.85, 150391
7.86, 150391
7.87, 150391
7.88, 150391
7.89, 150391
7.9, 150391
7.91, 150391
7.92, 150391
7.93, 150391
7.94, 150391
7.95, 150391
7.96, 150391
7.97, 150391
7.98, 150391
7.99, 150391
8.0, 150391
8.01, 150391
8.02, 150391
8.03, 150391
8.04, 150391
8.05, 150391
8.06, 150391
8.07, 150391
8.08, 150391
8.09, 150391
8.1, 150391
8.11, 150391
8.12, 150391
8.13, 150391
8.14, 150391
8.15, 150391
8.16, 150391
8.17, 150391
8.18, 150391
8.19, 150391
8.2, 150391
8.21, 150391
8.22, 150391
8.23, 150391
8.24, 150391
8.25, 150391
8.26, 150391
8.27, 150391
8.28, 150391
8.29, 150391
8.3, 150391
8.31, 150391
8.32, 150391
8.33, 150391
8.34, 150391
8.35, 150391
8.36, 150391
8.37, 150391
8.38, 150391
8.39, 150391
8.4, 150391
8.41, 150391
8.42, 150391
8.43, 150391
8.44, 150391
8.45, 150391
8.46, 150391
8.47, 150391
8.48, 150391
8.49, 150391
8.5, 150391
8.51, 150391
8.52, 150391
8.53, 150391
8.54, 150391
8.55, 150391
8.56, 150391
8.57, 150391
8.58, 150391
8.59, 150391
8.6, 150391
8.61, 150391
8.62, 150391
8.63, 150391
8.64, 150391
8.65, 150391
8.66, 150391
8.67, 150391
8.68, 150391
8.69, 150391
8.7, 150391
8.71, 150391
8.72, 150391
8.73, 150391
8.74, 150391
8.75, 150391
8.76, 150391
8.77, 150391
8.78, 150391
8.79, 150391
8.8, 150391
8.81, 150391
8.82, 150391
8.83, 150391
8.84, 150391
8.85, 150391
8.86, 150391
8.87, 150391
8.88, 150391
8.89, 150391
8.9, 150391
8.91, 150391
8.92, 150391
8.93, 150391
8.94, 150391
8.95, 150391
8.96, 150391
8.97, 150391
8.98, 150391
8.99, 150391
9.0, 150391
9.01, 150391
9.02, 150391
9.03, 150391
9.04, 150391
9.05, 150391
9.06, 150391
9.07, 150391
9.08, 150391
9.09, 150391
9.1, 150391
9.11, 150391
9.12, 150391
9.13, 150391
9.14, 150391
9.15, 150391
9.16, 150391
9.17, 150391
9.18, 150391
9.19, 150391
9.2, 150391
9.21, 150391
9.22, 150391
9.23, 150391
9.24, 150391
9.25, 150391
9.26, 150391
9.27, 150391
9.28, 150391
9.29, 150391
9.3, 150391
9.31, 150391
9.32, 150391
9.33, 150391
9.34, 150391
9.35, 150391
9.36, 150391
9.37, 150391
9.38, 150391
9.39, 150391
9.4, 150391
9.41, 150391
9.42, 150391
9.43, 150391
9.44, 150391
9.45, 150391
9.46, 150391
9.47, 150391
9.48, 150391
9.49, 150391
9.5, 150391
9.51, 150391
9.52, 150391
9.53, 150391
9.54, 150391
9.55, 150391
9.56, 150391
9.57, 150391
9.58, 150391
9.59, 150391
9.6, 150391
9.61, 150391
9.62, 150391
9.63, 150391
9.64, 150391
9.65, 150391
9.66, 150391
9.67, 150391
9.68, 150391
9.69, 150391
9.7, 150391
9.71, 150391
9.72, 150391
9.73, 150391
9.74, 150391
9.75, 150391
9.76, 150391
9.77, 150391
9.78, 150391
9.79, 150391
9.8, 150391
9.81, 150391
9.82, 150391
9.83, 150391
9.84, 150391
9.85, 150391
9.86, 150391
9.87, 150391
9.88, 150391
9.89, 150391
9.9, 150391
9.91, 150391
9.92, 150391
9.93, 150391
9.94, 150391
9.95, 150391
9.96, 150391
9.97, 150391
9.98, 150391
9.99, 150391
10.0, 150391
10.01, 150391
10.02, 150391
10.03, 150391
10.04, 150391
10.05, 150391
10.06, 150391
10.07, 150391
10.08, 150391
10.09, 150391
10.1, 150391
10.11, 150391
10.12, 150391
10.13, 150391
10.14, 150391
10.15, 150391
10.16, 150391
10.17, 150391
10.18, 150391
10.19, 150391
10.2, 150391
10.21, 150391
10.22, 150391
10.23, 150391
10.24, 150391
10.25, 150391
10.26, 150391
10.27, 150391
10.28, 150391
10.29, 150391
10.3, 150391
10.31, 150391
10.32, 150391
10.33, 150391
10.34, 150391
10.35, 150391
10.36, 150391
10.37, 150391
10.38, 150391
10.39, 150391
10.4, 150391
10.41, 150391
10.42, 150391
10.43, 150391
10.44, 150391
10.45, 150391
10.46, 150391
10.47, 150391
10.48, 150391
10.49, 150391
10.5, 150391
10.51, 150391
10.52, 150391
10.53, 150391
10.54, 150391
10.55, 150391
10.56, 150391
10.57, 150391
10.58, 150391
10.59, 150391
10.6, 150391
10.61, 150391
10.62, 150391
10.63, 150391
10.64, 150391
10.65, 150391
10.66, 150391
10.67, 150391
10.68, 150391
10.69, 150391
10.7, 150391
10.71, 150391
10.72, 150391
10.73, 150391
10.74, 150391
10.75, 150391
10.76, 150391
10.77, 150391
10.78, 150391
10.79, 150391
10.8, 150391
10.81, 150391
10.82, 150391
10.83, 150391
10.84, 150391
10.85, 150391
10.86, 150391
10.87, 150391
10.88, 150391
10.89, 150391
10.9, 150391
10.91, 150391
10.92, 150391
10.93, 150391
10.94, 150391
10.95, 150391
10.96, 150391
10.97, 150391
10.98, 150391
10.99, 150391
11.0, 150391
11.01, 150391
11.02, 150391
11.03, 150391
11.04, 150391
11.05, 150391
11.06, 150391
11.07, 150391
11.08, 150391
11.09, 150391
11.1, 150391
11.11, 150391
11.12, 150391
11.13, 150391
11.14, 150391
11.15, 150391
11.16, 150391
11.17, 150391
11.18, 150391
11.19, 150391
11.2, 150391
11.21, 150391
11.22, 150391
11.23, 150391
11.24, 150391
11.25, 150391
11.26, 150391
11.27, 150391
11.28, 150391
11.29, 150391
11.3, 150391
11.31, 150391
11.32, 150391
11.33, 150391
11.34, 150391
11.35, 150391
11.36, 150391
11.37, 150391
11.38, 150391
11.39, 150391
11.4, 150391
11.41, 150391
11.42, 150391
11.43, 150391
11.44, 150391
11.45, 150391
11.46, 150391
11.47, 150391
11.48, 150391
11.49, 150391
11.5, 150391
11.51, 150391
11.52, 150391
11.53, 150391
11.54, 150391
11.55, 150391
11.56, 150391
11.57, 150391
11.58, 150391
11.59, 150391
11.6, 150391
11.61, 150391
11.62, 150391
11.63, 150391
11.64, 150391
11.65, 150391
11.66, 150391
11.67, 150391
11.68, 150391
11.69, 150391
11.7, 150391
11.71, 150391
11.72, 150391
11.73, 150391
11.74, 150391
11.75, 150391
11.76, 150391
11.77, 150391
11.78, 150391
11.79, 150391
11.8, 150391
11.81, 150391
11.82, 150391
11.83, 150391
11.84, 150391
11.86, 150391
11.87, 150391
11.88, 150391
11.89, 150391
11.9, 150391
11.91, 150391
11.92, 150391
11.93, 150391
11.94, 150391
11.95, 150391
11.96, 150391
11.97, 150391
11.98, 150391
11.99, 150391
12.0, 150391
12.01, 150391
12.02, 150391
12.03, 150391
12.04, 150391
12.05, 150391
12.06, 150391
12.07, 150391
12.08, 150391
12.09, 150391
12.1, 150391
12.11, 150391
12.12, 150391
12.13, 150391
12.14, 150391
12.15, 150391
12.16, 150391
12.17, 150391
12.18, 150391
12.19, 150391
12.2, 150391
12.21, 150391
12.22, 150391
12.23, 150391
12.24, 150391
12.25, 150391
12.26, 150391
12.27, 150391
12.28, 150391
12.29, 150391
12.3, 150391
12.31, 150391
12.32, 150391
12.33, 150391
12.34, 150391
12.35, 150391
12.36, 150391
12.37, 150391
12.38, 150391
12.39, 150391
12.4, 150391
12.41, 150391
12.42, 150391
12.43, 150391
12.44, 150391
12.45, 150391
12.46, 150391
12.47, 150391
12.48, 150391
12.49, 150391
12.5, 150391
12.51, 150391
12.52, 150391
12.53, 150391
12.54, 150391
12.55, 150391
12.56, 150391
12.57, 150391
12.58, 150391
12.59, 150391
12.6, 150391
12.61, 150391
12.62, 150391
12.63, 150391
12.64, 150391
12.65, 150391
12.66, 150391
12.67, 150391
12.68, 150391
12.69, 150391
12.7, 150391
12.71, 150391
12.72, 150391
12.73, 150391
12.74, 150391
12.75, 150391
12.76, 150391
12.77, 150391
12.78, 150391
12.79, 150391
12.8, 150391
12.81, 150391
12.82, 150391
12.83, 150391
12.84, 150391
12.85, 150391
12.86, 150391
12.87, 150391
12.88, 150391
12.89, 150391
12.9, 150391
12.91, 150391
12.92, 150391
12.93, 150391
12.94, 150391
12.95, 150391
12.96, 150391
12.97, 150391
12.98, 150391
12.99, 150391
13.0, 150391
13.01, 150391
13.02, 150391
13.03, 150391
13.04, 150391
13.05, 150391
13.06, 150391
13.07, 150391
13.08, 150391
13.09, 150391
13.1, 150391
13.11, 150391
13.12, 150391
13.13, 150391
13.14, 150391
13.15, 150391
13.16, 150391
13.17, 150391
13.18, 150391
13.19, 150391
13.2, 150391
13.21, 150391
13.22, 150391
13.23, 150391
13.24, 150391
13.25, 150391
13.26, 150391
13.27, 150391
13.28, 150391
13.29, 150391
13.3, 150391
13.31, 150391
13.32, 150391
13.33, 150391
13.34, 150391
13.35, 150391
13.36, 150391
13.37, 150391
13.38, 150391
13.39, 150391
13.4, 150391
13.41, 150391
13.42, 150391
13.43, 150391
13.44, 150391
13.45, 150391
13.46, 150391
13.47, 150391
13.48, 150391
13.49, 150391
13.5, 150391
13.51, 150391
13.52, 150391
13.53, 150391
13.54, 150391
13.55, 150391
13.56, 150391
13.57, 150391
13.58, 150391
13.59, 150391
13.6, 150391
13.61, 150391
13.62, 150391
13.63, 150391
13.64, 150391
13.65, 150391
13.66, 150391
13.67, 150391
13.68, 150391
13.69, 150391
13.7, 150391
13.71, 150391
13.72, 150391
13.73, 150391
13.74, 150391
13.75, 150391
13.76, 150391
13.77, 150391
13.78, 150391
13.79, 150391
13.8, 150391
13.81, 150391
13.82, 150391
13.83, 150391
13.84, 150391
13.85, 150391
13.86, 150391
13.87, 150391
13.88, 150391
13.89, 150391
13.9, 150391
13.91, 150391
13.92, 150391
13.93, 150391
13.94, 150391
13.95, 150391
13.96, 150391
13.97, 150391
13.98, 150391
13.99, 150391
14.0, 150391
14.01, 150391
14.02, 150391
14.03, 150391
14.04, 150391
14.05, 150391
14.06, 150391
14.07, 150391
14.08, 150391
14.09, 150391
14.1, 150391
14.11, 150391
14.12, 150391
14.13, 150391
14.14, 150391
14.15, 150391
14.16, 150391
14.17, 150391
14.18, 150391
14.19, 150391
14.2, 150391
14.21, 150391
14.22, 150391
14.23, 150391
14.24, 150391
14.25, 150391
14.26, 150391
14.27, 150391
14.28, 150391
14.29, 150391
14.3, 150391
14.31, 150391
14.32, 150391
14.33, 150391
14.34, 150391
14.35, 150391
14.36, 150391
14.37, 150391
14.38, 150391
14.39, 150391
14.4, 150391
14.41, 150391
14.42, 150391
14.43, 150391
14.44, 150391
14.45, 150391
14.46, 150391
14.47, 150391
14.48, 150391
14.49, 150391
14.5, 150391
14.51, 150391
14.52, 150391
14.53, 150391
14.54, 150391
14.55, 150391
14.56, 150391
14.57, 150391
14.58, 150391
14.59, 150391
14.6, 150391
14.61, 150391
14.62, 150391
14.63, 150391
14.64, 150391
14.65, 150391
14.66, 150391
14.67, 150391
14.68, 150391
14.69, 150391
14.7, 150391
14.71, 150391
14.72, 150391
14.73, 150391
14.74, 150391
14.75, 150391
14.76, 150391
14.77, 150391
14.78, 150391
14.79, 150391
14.8, 150391
14.81, 150391
14.82, 150391
14.83, 150391
14.84, 150391
14.85, 150391
14.86, 150391
14.87, 150391
14.88, 150391
14.89, 150391
14.9, 150391
14.91, 150391
14.92, 150391
14.93, 150391
14.94, 150391
14.95, 150391
14.96, 150391
14.97, 150391
14.98, 150391
14.99, 150391
15.0, 150391
15.01, 150391
15.02, 150391
15.03, 150391
15.04, 150391
15.05, 150391
15.06, 150391
15.07, 150391
15.08, 150391
15.09, 150391
15.1, 150391
15.11, 150391
15.12, 150391
15.13, 150391
15.14, 150391
15.15, 150391
15.16, 150391
15.17, 150391
15.18, 150391
15.19, 150391
15.2, 150391
15.21, 150391
15.22, 150391
15.23, 150391
15.24, 150391
15.25, 150391
15.26, 150391
15.27, 150391
15.28, 150391
15.29, 150391
15.3, 150391
15.31, 150391
15.32, 150391
15.33, 150391
15.34, 150391
15.35, 150391
15.36, 150391
15.37, 150391
15.38, 150391
15.39, 150391
15.4, 150391
15.41, 150391
15.42, 150391
15.43, 150391
15.44, 150391
15.45, 150391
15.46, 150391
15.47, 150391
15.48, 150391
15.49, 150391
15.5, 150391
15.51, 150391
15.52, 150391
15.53, 150391
15.54, 150391
15.55, 150391
15.56, 150391
15.57, 150391
15.58, 150391
15.59, 150391
15.6, 150391
15.61, 150391
15.62, 150391
15.63, 150391
15.64, 150391
15.65, 150391
15.66, 150391
15.67, 150391
15.68, 150391
15.69, 150391
15.7, 150391
15.71, 150391
15.72, 150391
15.73, 150391
15.74, 150391
15.75, 150391
15.76, 150391
15.77, 150391
15.78, 150391
15.79, 150391
15.8, 150391
15.81, 150391
15.82, 150391
15.83, 150391
15.84, 150391
15.85, 150391
15.86, 150391
15.87, 150391
15.88, 150391
15.89, 150391
15.9, 150391
15.91, 150391
15.92, 150391
15.93, 150391
15.94, 150391
15.95, 150391
15.96, 150391
15.97, 150391
15.98, 150391
15.99, 150391
16.0, 150391
16.01, 150391
16.02, 150391
16.03, 150391
16.04, 150391
16.05, 150391
16.06, 150391
16.07, 150391
16.08, 150391
16.09, 150391
16.1, 150391
16.11, 150391
16.12, 150391
16.13, 150391
16.14, 150391
16.15, 150391
16.16, 150391
16.17, 150391
16.18, 150391
16.19, 150391
16.2, 150391
16.21, 150391
16.22, 150391
16.23, 150391
16.24, 150391
16.25, 150391
16.26, 150391
16.27, 150391
16.28, 150391
16.29, 150391
16.3, 150391
16.31, 150391
16.32, 150391
16.33, 150391
16.34, 150391
16.35, 150391
16.36, 150391
16.37, 150391
16.38, 150391
16.39, 150391
16.4, 150391
16.41, 150391
16.42, 150391
16.43, 150391
16.44, 150391
16.45, 150391
16.46, 150391
16.47, 150391
16.48, 150391
16.49, 150391
16.5, 150391
16.51, 150391
16.52, 150391
16.53, 150391
16.54, 150391
16.55, 150391
16.56, 150391
16.57, 150391
16.58, 150391
16.59, 150391
16.6, 150391
16.61, 150391
16.62, 150391
16.63, 150391
16.64, 150391
16.65, 150391
16.66, 150391
16.67, 150391
16.68, 150391
16.69, 150391
16.7, 150391
16.71, 150391
16.72, 150391
16.73, 150391
16.74, 150391
16.75, 150391
16.76, 150391
16.77, 150391
16.78, 150391
16.79, 150391
16.8, 150391
16.81, 150391
16.82, 150391
16.83, 150391
16.84, 150391
16.85, 150391
16.86, 150391
16.87, 150391
16.88, 150391
16.89, 150391
16.9, 150391
16.91, 150391
16.92, 150391
16.93, 150391
16.94, 150391
16.95, 150391
16.96, 150391
16.97, 150391
16.98, 150391
16.99, 150391
17.0, 150391
17.01, 150391
17.02, 150391
17.03, 150391
17.04, 150391
17.05, 150391
17.06, 150391
17.07, 150391
17.08, 150391
17.09, 150391
17.1, 150391
17.11, 150391
17.12, 150391
17.13, 150391
17.14, 150391
17.15, 150391
17.16, 150391
17.17, 150391
17.18, 150391
17.19, 150391
17.2, 150391
17.21, 150391
17.22, 150391
17.23, 150391
17.24, 150391
17.25, 150391
17.26, 150391
17.27, 150391
17.28, 150391
17.29, 150391
17.3, 150391
17.31, 150391
17.32, 150391
17.33, 150391
17.34, 150391
17.35, 150391
17.36, 150391
17.37, 150391
17.38, 150391
17.39, 150391
17.4, 150391
17.41, 150391
17.42, 150391
17.43, 150391
17.44, 150391
17.45, 150391
17.46, 150391
17.47, 150391
17.48, 150391
17.49, 150391
17.5, 150391
17.51, 150391
17.52, 150391
17.53, 150391
17.54, 150391
17.55, 150391
17.56, 150391
17.57, 150391
17.58, 150391
17.59, 150391
17.6, 150391
17.61, 150391
17.62, 150391
17.63, 150391
17.64, 150391
17.65, 150391
17.66, 150391
17.67, 150391
17.68, 150391
17.69, 150391
17.7, 150391
17.71, 150391
17.72, 150391
17.73, 150391
17.74, 150391
17.75, 150391
17.76, 150391
17.77, 150391
17.78, 150391
17.79, 150391
17.8, 150391
17.81, 150391
17.82, 150391
17.83, 150391
17.84, 150391
17.85, 150391
17.86, 150391
17.87, 150391
17.88, 150391
17.89, 150391
17.9, 150391
17.91, 150391
17.92, 150391
17.93, 150391
17.94, 150391
17.95, 150391
17.96, 150391
17.97, 150391
17.98, 150391
17.99, 150391
18.0, 150391
18.01, 150391
18.02, 150391
18.03, 150391
18.04, 150391
18.05, 150391
18.06, 150391
18.07, 150391
18.08, 150391
18.09, 150391
18.1, 150391
18.11, 150391
18.12, 150391
18.13, 150391
18.14, 150391
18.15, 150391
18.16, 150391
18.17, 150391
18.18, 150391
18.19, 150391
18.2, 150391
18.21, 150391
18.22, 150391
18.23, 150391
18.24, 150391
18.25, 150391
18.26, 150391
18.27, 150391
18.28, 150391
18.29, 150391
18.3, 150391
18.31, 150391
18.32, 150391
18.33, 150391
18.34, 150391
18.35, 150391
18.36, 150391
18.37, 150391
18.38, 150391
18.39, 150391
18.4, 150391
18.41, 150391
18.42, 150391
18.43, 150391
18.44, 150391
18.45, 150391
18.46, 150391
18.47, 150391
18.48, 150391
18.49, 150391
18.5, 150391
18.51, 150391
18.52, 150391
18.53, 150391
18.54, 150391
18.55, 150391
18.56, 150391
18.57, 150391
18.58, 150391
18.59, 150391
18.6, 150391
18.61, 150391
18.62, 150391
18.63, 150391
18.64, 150391
18.65, 150391
18.66, 150391
18.67, 150391
18.68, 150391
18.69, 150391
18.7, 150391
18.71, 150391
18.72, 150391
18.73, 150391
18.74, 150391
18.75, 150391
18.76, 150391
18.77, 150391
18.78, 150391
18.79, 150391
18.8, 150391
18.81, 150391
18.82, 150391
18.83, 150391
18.84, 150391
18.85, 150391
18.86, 150391
18.87, 150391
18.88, 150391
18.89, 150391
18.9, 150391
18.91, 150391
18.92, 150391
18.93, 150391
18.94, 150391
18.95, 150391
18.96, 150391
18.97, 150391
18.98, 150391
18.99, 150391
19.0, 150391
19.01, 150391
19.02, 150391
19.03, 150391
19.04, 150391
19.05, 150391
19.06, 150391
19.07, 150391
19.08, 150391
19.09, 150391
19.1, 150391
19.11, 150391
19.12, 150391
19.13, 150391
19.14, 150391
19.15, 150391
19.16, 150391
19.17, 150391
19.18, 150391
19.19, 150391
19.2, 150391
19.21, 150391
19.22, 150391
19.23, 150391
19.24, 150391
19.25, 150391
19.26, 150391
19.27, 150391
19.28, 150391
19.29, 150391
19.3, 150391
19.31, 150391
19.32, 150391
19.33, 150391
19.34, 150391
19.35, 150391
19.36, 150391
19.37, 150391
19.38, 150391
19.39, 150391
19.4, 150391
19.41, 150391
19.42, 150391
19.43, 150391
19.44, 150391
19.45, 150391
19.46, 150391
19.47, 150391
19.48, 150391
19.49, 150391
19.5, 150391
19.51, 150391
19.52, 150391
19.53, 150391
19.54, 150391
19.55, 150391
19.56, 150391
19.57, 150391
19.58, 150391
19.59, 150391
19.6, 150391
19.61, 150391
19.62, 150391
19.63, 150391
19.64, 150391
19.65, 150391
19.66, 150391
19.67, 150391
19.68, 150391
19.69, 150391
19.7, 150391
19.71, 150391
19.72, 150391
19.73, 150391
19.74, 150391
19.75, 150391
19.76, 150391
19.77, 150391
19.78, 150391
19.79, 150391
19.8, 150391
19.81, 150391
19.82, 150391
19.83, 150391
19.84, 150391
19.85, 150391
19.86, 150391
19.87, 150391
19.88, 150391
19.89, 150391
19.9, 150391
19.91, 150391
19.92, 150391
19.93, 150391
19.94, 150391
19.95, 150391
19.96, 150391
19.97, 150391
19.98, 150391
19.99, 150391
20.0, 150391
20.01, 150391
20.02, 150391
20.03, 150391
20.04, 150391
20.05, 150391
20.06, 150391
20.07, 150391
20.08, 150391
20.09, 150391
20.1, 150391
20.11, 150391
20.12, 150391
20.13, 150391
20.14, 150391
20.15, 150391
20.16, 150391
20.17, 150391
20.18, 150391
20.19, 150391
20.2, 150391
20.21, 150391
20.22, 150391
20.23, 150391
20.24, 150391
20.25, 150391
20.26, 150391
20.27, 150391
20.28, 150391
20.29, 150391
20.3, 150391
20.31, 150391
20.32, 150391
20.33, 150391
20.34, 150391
20.35, 150391
20.36, 150391
20.37, 150391
20.38, 150391
20.39, 150391
20.4, 150391
20.41, 150391
20.42, 150391
20.43, 150391
20.44, 150391
20.45, 150391
20.46, 150391
20.47, 150391
20.48, 150391
20.49, 150391
20.5, 150391
20.51, 150391
20.52, 150391
20.53, 150391
20.54, 150391
20.55, 150391
20.56, 150391
20.57, 150391
20.58, 150391
20.59, 150391
20.6, 150391
20.61, 150391
20.62, 150391
20.63, 150391
20.64, 150391
20.65, 150391
20.66, 150391
20.67, 150391
20.68, 150391
20.69, 150391
20.7, 150391
20.71, 150391
20.72, 150391
20.73, 150391
20.74, 150391
20.75, 150391
20.76, 150391
20.77, 150391
20.78, 150391
20.79, 150391
20.8, 150391
20.81, 150391
20.82, 150391
20.83, 150391
20.84, 150391
20.85, 150391
20.86, 150391
20.87, 150391
20.88, 150391
20.89, 150391
20.9, 150391
20.91, 150391
20.92, 150391
20.93, 150391
20.94, 150391
20.95, 150391
20.96, 150391
20.97, 150391
20.98, 150391
20.99, 150391
21.0, 150391
21.01, 150391
21.02, 150391
21.03, 150391
21.04, 150391
21.05, 150391
21.06, 150391
21.07, 150391
21.08, 150391
21.09, 150391
21.1, 150391
21.11, 150391
21.12, 150391
21.13, 150391
21.14, 150391
21.15, 150391
21.16, 150391
21.17, 150391
21.18, 150391
21.19, 150391
21.2, 150391
21.21, 150391
21.22, 150391
21.23, 150391
21.24, 150391
21.25, 150391
21.26, 150391
21.27, 150391
21.28, 150391
21.29, 150391
21.3, 150391
21.31, 150391
21.32, 150391
21.33, 150391
21.34, 150391
21.35, 150391
21.36, 150391
21.37, 150391
21.38, 150391
21.39, 150391
21.4, 150391
21.41, 150391
21.42, 150391
21.43, 150391
21.44, 150391
21.45, 150391
21.46, 150391
21.47, 150391
21.48, 150391
21.49, 150391
21.5, 150391
21.51, 150391
21.52, 150391
21.53, 150391
21.54, 150391
21.55, 150391
21.56, 150391
21.57, 150391
21.58, 150391
21.59, 150391
21.6, 150391
21.61, 150391
21.62, 150391
21.63, 150391
21.64, 150391
21.65, 150391
21.66, 150391
21.67, 150391
21.68, 150391
21.69, 150391
21.7, 150391
21.71, 150391
21.72, 150391
21.73, 150391
21.74, 150391
21.75, 150391
21.76, 150391
21.77, 150391
21.78, 150391
21.79, 150391
21.8, 150391
21.81, 150391
21.82, 150391
21.83, 150391
21.84, 150391
21.85, 150391
21.86, 150391
21.87, 150391
21.88, 150391
21.89, 150391
21.9, 150391
21.91, 150391
21.92, 150391
21.93, 150391
21.94, 150391
21.95, 150391
21.96, 150391
21.97, 150391
21.98, 150391
21.99, 150391
22.0, 150391
22.01, 150391
22.02, 150391
22.03, 150391
22.04, 150391
22.05, 150391
22.06, 150391
22.07, 150391
22.08, 150391
22.09, 150391
22.1, 150391
22.11, 150391
22.12, 150391
22.13, 150391
22.14, 150391
22.15, 150391
22.16, 150391
22.17, 150391
22.18, 150391
22.19, 150391
22.2, 150391
22.21, 150391
22.22, 150391
22.23, 150391
22.24, 150391
22.25, 150391
22.26, 150391
22.27, 150391
22.28, 150391
22.29, 150391
22.3, 150391
22.31, 150391
22.32, 150391
22.33, 150391
22.34, 150391
22.35, 150391
22.36, 150391
22.37, 150391
22.38, 150391
22.39, 150391
22.4, 150391
22.41, 150391
22.42, 150391
22.43, 150391
22.44, 150391
22.45, 150391
22.46, 150391
22.47, 150391
22.48, 150391
22.49, 150391
22.5, 150391
22.51, 150391
22.52, 150391
22.53, 150391
22.54, 150391
22.55, 150391
22.56, 150391
22.57, 150391
22.58, 150391
22.59, 150391
22.6, 150391
22.61, 150391
22.62, 150391
22.63, 150391
22.64, 150391
22.65, 150391
22.66, 150391
22.67, 150391
22.68, 150391
22.69, 150391
22.7, 150391
22.71, 150391
22.72, 150391
22.73, 150391
22.74, 150391
22.75, 150391
22.76, 150391
22.77, 150391
22.78, 150391
22.79, 150391
22.8, 150391
22.81, 150391
22.82, 150391
22.83, 150391
22.84, 150391
22.85, 150391
22.86, 150391
22.87, 150391
22.88, 150391
22.89, 150391
22.9, 150391
22.91, 150391
22.92, 150391
22.93, 150391
22.94, 150391
22.95, 150391
22.96, 150391
22.97, 150391
22.98, 150391
22.99, 150391
23.0, 150391
23.01, 150391
23.02, 150391
23.03, 150391
23.04, 150391
23.05, 150391
23.06, 150391
23.07, 150391
23.08, 150391
23.09, 150391
23.1, 150391
23.11, 150391
23.12, 150391
23.13, 150391
23.14, 150391
23.15, 150391
23.16, 150391
23.17, 150391
23.18, 150391
23.19, 150391
23.2, 150391
23.21, 150391
23.22, 150391
23.23, 150391
23.24, 150391
23.25, 150391
23.26, 150391
23.27, 150391
23.28, 150391
23.29, 150391
23.3, 150391
23.31, 150391
23.32, 150391
23.33, 150391
23.34, 150391
23.35, 150391
23.36, 150391
23.37, 150391
23.38, 150391
23.39, 150391
23.4, 150391
23.41, 150391
23.42, 150391
23.43, 150391
23.44, 150391
23.45, 150391
23.46, 150391
23.47, 150391
23.48, 150391
23.49, 150391
23.5, 150391
23.51, 150391
23.52, 150391
23.53, 150391
23.54, 150391
23.55, 150391
23.56, 150391
23.57, 150391
23.58, 150391
23.59, 150391
23.6, 150391
23.61, 150391
23.62, 150391
23.63, 150391
23.64, 150391
23.65, 150391
23.66, 150391
23.67, 150391
23.68, 150391
23.69, 150391
23.7, 150391
23.71, 150391
23.72, 150391
23.73, 150391
23.74, 150391
23.75, 150391
23.76, 150391
23.77, 150391
23.78, 150391
23.79, 150391
23.8, 150391
23.81, 150391
23.82, 150391
23.83, 150391
23.84, 150391
23.85, 150391
23.86, 150391
23.87, 150391
23.88, 150391
23.89, 150391
23.9, 150391
23.91, 150391
23.92, 150391
23.93, 150391
23.94, 150391
23.95, 150391
23.96, 150391
23.97, 150391
23.98, 150391
23.99, 150391
24.0, 150391
24.01, 150391
24.02, 150391
24.03, 150391
24.04, 150391
24.05, 150391
24.06, 150391
24.07, 150391
24.08, 150391
24.09, 150391
24.1, 150391
24.11, 150391
24.12, 150391
24.13, 150391
24.14, 150391
24.15, 150391
24.16, 150391
24.17, 150391
24.18, 150391
24.19, 150391
24.2, 150391
24.21, 150391
24.22, 150391
24.23, 150391
24.24, 150391
24.25, 150391
24.26, 150391
24.27, 150391
24.28, 150391
24.29, 150391
24.3, 150391
24.31, 150391
24.32, 150391
24.33, 150391
24.34, 150391
24.35, 150391
24.36, 150391
24.37, 150391
24.38, 150391
24.39, 150391
24.4, 150391
24.41, 150391
24.42, 150391
24.43, 150391
24.44, 150391
24.45, 150391
24.46, 150391
24.47, 150391
24.48, 150391
24.49, 150391
24.5, 150391
24.51, 150391
24.52, 150391
24.53, 150391
24.54, 150391
24.55, 150391
24.56, 150391
24.57, 150391
24.58, 150391
24.59, 150391
24.6, 150391
24.61, 150391
24.62, 150391
24.63, 150391
24.64, 150391
24.65, 150391
24.66, 150391
24.67, 150391
24.68, 150391
24.69, 150391
24.7, 150391
24.71, 150391
24.72, 150391
24.73, 150391
24.74, 150391
24.75, 150391
24.76, 150391
24.77, 150391
24.78, 150391
24.79, 150391
24.8, 150391
24.81, 150391
24.82, 150391
24.83, 150391
24.84, 150391
24.85, 150391
24.86, 150391
24.87, 150391
24.88, 150391
24.89, 150391
24.9, 150391
24.91, 150391
24.92, 150391
24.93, 150391
24.94, 150391
24.95, 150391
24.96, 150391
24.97, 150391
24.98, 150391
24.99, 150391
25.0, 150391
25.01, 150391
25.02, 150391
25.03, 150391
25.04, 150391
25.05, 150391
25.06, 150391
25.07, 150391
25.08, 150391
25.09, 150391
25.1, 150391
25.11, 150391
25.12, 150391
25.13, 150391
25.14, 150391
25.15, 150391
25.16, 150391
25.17, 150391
25.18, 150391
25.19, 150391
25.2, 150391
25.21, 150391
25.22, 150391
25.23, 150391
25.24, 150391
25.25, 150391
25.26, 150391
25.27, 150391
25.28, 150391
25.29, 150391
25.3, 150391
25.31, 150391
25.32, 150391
25.33, 150391
25.34, 150391
25.35, 150391
25.36, 150391
25.37, 150391
25.38, 150391
25.39, 150391
25.4, 150391
25.41, 150391
25.42, 150391
25.43, 150391
25.44, 150391
25.45, 150391
25.46, 150391
25.47, 150391
25.48, 150391
25.49, 150391
25.5, 150391
25.51, 150391
25.52, 150391
25.53, 150391
25.54, 150391
25.55, 150391
25.56, 150391
25.57, 150391
25.58, 150391
25.59, 150391
25.6, 150391
25.61, 150391
25.62, 150391
25.63, 150391
25.64, 150391
25.65, 150391
25.66, 150391
25.67, 150391
25.68, 150391
25.69, 150391
25.7, 150391
25.71, 150391
25.72, 150391
25.73, 150391
25.74, 150391
25.75, 150391
25.76, 150391
25.77, 150391
25.78, 150391
25.79, 150391
25.8, 150391
25.81, 150391
25.82, 150391
25.83, 150391
25.84, 150391
25.85, 150391
25.86, 150391
25.87, 150391
25.88, 150391
25.89, 150391
25.9, 150391
25.91, 150391
25.92, 150391
25.93, 150391
25.94, 150391
25.95, 150391
25.96, 150391
25.97, 150391
25.98, 150391
25.99, 150391
26.0, 150391
26.01, 150391
26.02, 150391
26.03, 150391
26.04, 150391
26.05, 150391
26.06, 150391
26.07, 150391
26.08, 150391
26.09, 150391
26.1, 150391
26.11, 150391
26.12, 150391
26.13, 150391
26.14, 150391
26.15, 150391
26.16, 150391
26.17, 150391
26.18, 150391
26.19, 150391
26.2, 150391
26.21, 150391
26.22, 150391
26.23, 150391
26.24, 150391
26.25, 150391
26.26, 150391
26.27, 150391
26.28, 150391
26.29, 150391
26.3, 150391
26.31, 150391
26.32, 150391
26.33, 150391
26.34, 150391
26.35, 150391
26.36, 150391
26.37, 150391
26.38, 150391
26.39, 150391
26.4, 150391
26.41, 150391
26.42, 150391
26.43, 150391
26.44, 150391
26.45, 150391
26.46, 150391
26.47, 150391
26.48, 150391
26.49, 150391
26.5, 150391
26.51, 150391
26.52, 150391
26.53, 150391
26.54, 150391
26.55, 150391
26.56, 150391
26.57, 150391
26.58, 150391
26.59, 150391
26.6, 150391
26.61, 150391
26.62, 150391
26.63, 150391
26.64, 150391
26.65, 150391
26.66, 150391
26.67, 150391
26.68, 150391
26.69, 150391
26.7, 150391
26.71, 150391
26.72, 150391
26.73, 150391
26.74, 150391
26.75, 150391
26.76, 150391
26.77, 150391
26.78, 150391
26.79, 150391
26.8, 150391
26.81, 150391
26.82, 150391
26.83, 150391
26.84, 150391
26.85, 150391
26.86, 150391
26.87, 150391
26.88, 150391
26.89, 150391
26.9, 150391
26.91, 150391
26.92, 150391
26.93, 150391
26.94, 150391
26.95, 150391
26.96, 150391
26.97, 150391
26.98, 150391
26.99, 150391
27.0, 150391
27.01, 150391
27.02, 150391
27.03, 150391
27.04, 150391
27.05, 150391
27.06, 150391
27.07, 150391
27.08, 150391
27.09, 150391
27.1, 150391
27.11, 150391
27.12, 150391
27.13, 150391
27.14, 150391
27.15, 150391
27.16, 150391
27.17, 150391
27.18, 150391
27.19, 150391
27.2, 150391
27.21, 150391
27.22, 150391
27.23, 150391
27.24, 150391
27.25, 150391
27.26, 150391
27.27, 150391
27.28, 150391
27.29, 150391
27.3, 150391
27.31, 150391
27.32, 150391
27.33, 150391
27.34, 150391
27.35, 150391
27.36, 150391
27.37, 150391
27.38, 150391
27.39, 150391
27.4, 150391
27.41, 150391
27.42, 150391
27.43, 150391
27.44, 150391
27.45, 150391
27.46, 150391
27.47, 150391
27.48, 150391
27.49, 150391
27.5, 150391
27.51, 150391
27.52, 150391
27.53, 150391
27.54, 150391
27.55, 150391
27.56, 150391
27.57, 150391
27.58, 150391
27.59, 150391
27.6, 150391
27.61, 150391
27.62, 150391
27.63, 150391
27.64, 150391
27.65, 150391
27.66, 150391
27.67, 150391
27.68, 150391
27.69, 150391
27.7, 150391
27.71, 150391
27.72, 150391
27.73, 150391
27.74, 150391
27.75, 150391
27.76, 150391
27.77, 150391
27.78, 150391
27.79, 150391
27.8, 150391
27.81, 150391
27.82, 150391
27.83, 150391
27.84, 150391
27.85, 150391
27.86, 150391
27.87, 150391
27.88, 150391
27.89, 150391
27.9, 150391
27.91, 150391
27.92, 150391
27.93, 150391
27.94, 150391
27.95, 150391
27.96, 150391
27.97, 150391
27.98, 150391
27.99, 150391
28.0, 150391
28.01, 150391
28.02, 150391
28.03, 150391
28.04, 150391
28.05, 150391
28.06, 150391
28.07, 150391
28.08, 150391
28.09, 150391
28.1, 150391
28.11, 150391
28.12, 150391
28.13, 150391
28.14, 150391
28.15, 150391
28.16, 150391
28.17, 150391
28.18, 150391
28.19, 150391
28.2, 150391
28.21, 150391
28.22, 150391
28.23, 150391
28.24, 150391
28.25, 150391
28.26, 150391
28.27, 150391
28.28, 150391
28.29, 150391
28.3, 150391
28.31, 150391
28.32, 150391
28.33, 150391
28.34, 150391
28.35, 150391
28.36, 150391
28.37, 150391
28.38, 150391
28.39, 150391
28.4, 150391
28.41, 150391
28.42, 150391
28.43, 150391
28.44, 150391
28.45, 150391
28.46, 150391
28.47, 150391
28.48, 150391
28.49, 150391
28.5, 150391
28.51, 150391
28.52, 150391
28.53, 150391
28.54, 150391
28.55, 150391
28.56, 150391
28.57, 150391
28.58, 150391
28.59, 150391
28.6, 150391
28.61, 150391
28.62, 150391
28.63, 150391
28.64, 150391
28.65, 150391
28.66, 150391
28.67, 150391
28.68, 150391
28.69, 150391
28.7, 150391
28.71, 150391
28.72, 150391
28.73, 150391
28.74, 150391
28.75, 150391
28.76, 150391
28.77, 150391
28.78, 150391
28.79, 150391
28.8, 150391
28.81, 150391
28.82, 150391
28.83, 150391
28.84, 150391
28.85, 150391
28.86, 150391
28.87, 150391
28.88, 150391
28.89, 150391
28.9, 150391
28.91, 150391
28.92, 150391
28.93, 150391
28.94, 150391
28.95, 150391
28.96, 150391
28.97, 150391
28.98, 150391
28.99, 150391
29.0, 150391
29.01, 150391
29.02, 150391
29.03, 150391
29.04, 150391
29.05, 150391
29.06, 150391
29.07, 150391
29.08, 150391
29.09, 150391
29.1, 150391
29.11, 150391
29.12, 150391
29.13, 150391
29.14, 150391
29.18, 150391
29.19, 150391
29.2, 150391
29.21, 150391
29.22, 150391
29.23, 150391
29.24, 150391
29.25, 150391
29.26, 150391
29.27, 150391
29.28, 150391
29.29, 150391
29.3, 150391
29.31, 150391
29.32, 150391
29.33, 150391
29.34, 150391
29.35, 150391
29.36, 150391
29.37, 150391
29.38, 150391
29.39, 150391
29.4, 150391
29.41, 150391
29.42, 150391
29.43, 150391
29.44, 150391
29.45, 150391
29.46, 150391
29.47, 150391
29.48, 150391
29.49, 150391
29.5, 150391
29.51, 150391
29.52, 150391
29.53, 150391
29.54, 150391
29.55, 150391
29.56, 150391
29.57, 150391
29.58, 150391
29.59, 150391
29.6, 150391
29.61, 150391
29.62, 150391
29.63, 150391
29.64, 150391
29.65, 150391
29.66, 150391
29.67, 150391
29.68, 150391
29.69, 150391
29.7, 150391
29.71, 150391
29.72, 150391
29.73, 150391
29.74, 150391
29.75, 150391
29.76, 150391
29.77, 150391
29.78, 150391
29.79, 150391
29.8, 150391
29.81, 150391
29.82, 150391
29.83, 150391
29.84, 150391
29.85, 150391
29.86, 150391
29.87, 150391
29.88, 150391
29.89, 150391
29.9, 150391
29.91, 150391
29.92, 150391
29.93, 150391
29.94, 150391
29.95, 150391
29.96, 150391
29.97, 150391
29.98, 150391
29.99, 150391
30.0, 150391
30.01, 150391
30.02, 150391
30.03, 150391
30.04, 150391
30.05, 150391
30.06, 150391
30.07, 150391
30.08, 150391
30.09, 150391
30.1, 150391
30.11, 150391
30.12, 150391
30.13, 150391
30.14, 150391
30.15, 150391
30.16, 150391
30.17, 150391
30.18, 150391
30.19, 150391
30.2, 150391
30.21, 150391
30.22, 150391
30.23, 150391
30.24, 150391
30.25, 150391
30.26, 150391
30.27, 150391
30.28, 150391
30.29, 150391
30.3, 150391
30.31, 150391
30.32, 150391
30.33, 150391
30.34, 150391
30.35, 150391
30.36, 150391
30.37, 150391
30.38, 150391
30.39, 150391
30.4, 150391
30.41, 150391
30.42, 150391
30.43, 150391
30.44, 150391
30.45, 150391
30.46, 150391
30.47, 150391
30.48, 150391
30.49, 150391
30.5, 150391
30.51, 150391
30.52, 150391
30.53, 150391
30.54, 150391
30.55, 150391
30.56, 150391
30.57, 150391
30.58, 150391
30.59, 150391
30.6, 150391
30.61, 150391
30.62, 150391
30.63, 150391
30.64, 150391
30.65, 150391
30.66, 150391
30.67, 150391
30.68, 150391
30.69, 150391
30.7, 150391
30.71, 150391
30.72, 150391
30.73, 150391
30.74, 150391
30.75, 150391
30.76, 150391
30.77, 150391
30.78, 150391
30.79, 150391
30.8, 150391
30.81, 150391
30.82, 150391
30.83, 150391
30.84, 150391
30.85, 150391
30.86, 150391
30.87, 150391
30.88, 150391
30.89, 150391
30.9, 150391
30.91, 150391
30.92, 150391
30.93, 150391
30.94, 150391
30.95, 150391
30.96, 150391
30.97, 150391
30.98, 150391
30.99, 150391
31.0, 150391
31.01, 150391
31.02, 150391
31.03, 150391
31.04, 150391
31.05, 150391
31.06, 150391
31.07, 150391
31.08, 150391
31.09, 150391
31.1, 150391
31.11, 150391
31.12, 150391
31.13, 150391
31.14, 150391
31.15, 150391
31.16, 150391
31.17, 150391
31.18, 150391
31.19, 150391
31.2, 150391
31.21, 150391
31.22, 150391
31.23, 150391
31.24, 150391
31.25, 150391
31.26, 150391
31.27, 150391
31.28, 150391
31.29, 150391
31.3, 150391
31.31, 150391
31.32, 150391
31.33, 150391
31.34, 150391
31.35, 150391
31.36, 150391
31.37, 150391
31.38, 150391
31.39, 150391
31.4, 150391
31.41, 150391
31.42, 150391
31.43, 150391
31.44, 150391
31.45, 150391
31.46, 150391
31.47, 150391
31.48, 150391
31.49, 150391
31.5, 150391
31.51, 150391
31.52, 150391
31.53, 150391
31.54, 150391
31.55, 150391
31.56, 150391
31.57, 150391
31.58, 150391
31.59, 150391
31.6, 150391
31.61, 150391
31.62, 150391
31.63, 150391
31.64, 150391
31.65, 150391
31.66, 150391
31.67, 150391
31.68, 150391
31.69, 150391
31.7, 150391
31.71, 150391
31.72, 150391
31.73, 150391
31.74, 150391
31.75, 150391
31.76, 150391
31.77, 150391
31.78, 150391
31.79, 150391
31.8, 150391
31.81, 150391
31.82, 150391
31.83, 150391
31.84, 150391
31.85, 150391
31.86, 150391
31.87, 150391
31.88, 150391
31.89, 150391
31.9, 150391
31.91, 150391
31.92, 150391
31.93, 150391
31.94, 150391
31.95, 150391
31.96, 150391
31.97, 150391
31.98, 150391
31.99, 150391
32.0, 150391
32.01, 150391
32.02, 150391
32.03, 150391
32.04, 150391
32.05, 150391
32.06, 150391
32.07, 150391
32.08, 150391
32.09, 150391
32.1, 150391
32.11, 150391
32.12, 150391
32.13, 150391
32.14, 150391
32.15, 150391
32.16, 150391
32.17, 150391
32.18, 150391
32.19, 150391
32.2, 150391
32.21, 150391
32.22, 150391
32.23, 150391
32.24, 150391
32.25, 150391
32.26, 150391
32.27, 150391
32.28, 150391
32.29, 150391
32.3, 150391
32.31, 150391
32.32, 150391
32.33, 150391
32.34, 150391
32.35, 150391
32.36, 150391
32.37, 150391
32.38, 150391
32.39, 150391
32.4, 150391
32.41, 150391
32.42, 150391
32.43, 150391
32.44, 150391
32.45, 150391
32.46, 150391
32.47, 150391
32.48, 150391
32.49, 150391
32.5, 150391
32.51, 150391
32.52, 150391
32.53, 150391
32.54, 150391
32.55, 150391
32.56, 150391
32.57, 150391
32.58, 150391
32.59, 150391
32.6, 150391
32.61, 150391
32.62, 150391
32.63, 150391
32.64, 150391
32.65, 150391
32.66, 150391
32.67, 150391
32.68, 150391
32.69, 150391
32.7, 150391
32.71, 150391
32.72, 150391
32.73, 150391
32.74, 150391
32.75, 150391
32.76, 150391
32.77, 150391
32.78, 150391
32.79, 150391
32.8, 150391
32.81, 150391
32.82, 150391
32.83, 150391
32.84, 150391
32.85, 150391
32.86, 150391
32.87, 150391
32.88, 150391
32.89, 150391
32.9, 150391
32.91, 150391
32.92, 150391
32.93, 150391
32.94, 150391
32.95, 150391
32.96, 150391
32.97, 150391
32.98, 150391
32.99, 150391
33.0, 150391
33.01, 150391
33.02, 150391
33.03, 150391
33.04, 150391
33.05, 150391
33.06, 150391
33.07, 150391
33.08, 150391
33.09, 150391
33.1, 150391
33.11, 150391
33.12, 150391
33.13, 150391
33.14, 150391
33.15, 150391
33.16, 150391
33.17, 150391
33.18, 150391
33.19, 150391
33.2, 150391
33.21, 150391
33.22, 150391
33.23, 150391
33.24, 150391
33.25, 150391
33.26, 150391
33.27, 150391
33.28, 150391
33.29, 150391
33.3, 150391
33.31, 150391
33.32, 150391
33.33, 150391
33.34, 150391
33.35, 150391
33.36, 150391
33.37, 150391
33.38, 150391
33.39, 150391
33.4, 150391
33.41, 150391
33.42, 150391
33.43, 150391
33.44, 150391
33.45, 150391
33.46, 150391
33.47, 150391
33.48, 150391
33.49, 150391
33.5, 150391
33.51, 150391
33.52, 150391
33.53, 150391
33.54, 150391
33.55, 150391
33.56, 150391
33.57, 150391
33.58, 150391
33.59, 150391
33.6, 150391
33.61, 150391
33.62, 150391
33.63, 150391
33.64, 150391
33.65, 150391
33.66, 150391
33.67, 150391
33.68, 150391
33.69, 150391
33.7, 150391
33.71, 150391
33.72, 150391
33.73, 150391
33.74, 150391
33.75, 150391
33.76, 150391
33.77, 150391
33.78, 150391
33.79, 150391
33.8, 150391
33.81, 150391
33.82, 150391
33.83, 150391
33.84, 150391
33.85, 150391
33.86, 150391
33.87, 150391
33.88, 150391
33.89, 150391
33.9, 150391
33.91, 150391
33.92, 150391
33.93, 150391
33.94, 150391
33.95, 150391
33.96, 150391
33.97, 150391
33.98, 150391
33.99, 150391
34.0, 150391
34.01, 150391
34.02, 150391
34.03, 150391
34.04, 150391
34.05, 150391
34.06, 150391
34.07, 150391
34.08, 150391
34.09, 150391
34.1, 150391
34.11, 150391
34.12, 150391
34.13, 150391
34.14, 150391
34.15, 150391
34.16, 150391
34.17, 150391
34.18, 150391
34.19, 150391
34.2, 150391
34.21, 150391
34.22, 150391
34.23, 150391
34.24, 150391
34.25, 150391
34.26, 150391
34.27, 150391
34.28, 150391
34.29, 150391
34.3, 150391
34.31, 150391
34.32, 150391
34.33, 150391
34.34, 150391
34.35, 150391
34.36, 150391
34.37, 150391
34.38, 150391
34.39, 150391
34.4, 150391
34.41, 150391
34.42, 150391
34.43, 150391
34.44, 150391
34.45, 150391
34.46, 150391
34.47, 150391
34.48, 150391
34.49, 150391
34.5, 150391
34.51, 150391
34.52, 150391
34.53, 150391
34.54, 150391
34.55, 150391
34.56, 150391
34.57, 150391
34.58, 150391
34.59, 150391
34.6, 150391
34.61, 150391
34.62, 150391
34.63, 150391
34.64, 150391
34.65, 150391
34.66, 150391
34.67, 150391
34.68, 150391
34.69, 150391
34.7, 150391
34.71, 150391
34.72, 150391
34.73, 150391
34.74, 150391
34.75, 150391
34.76, 150391
34.77, 150391
34.78, 150391
34.79, 150391
34.8, 150391
34.81, 150391
34.82, 150391
34.83, 150391
34.84, 150391
34.85, 150391
34.86, 150391
34.87, 150391
34.88, 150391
34.89, 150391
34.9, 150391
34.91, 150391
34.92, 150391
34.93, 150391
34.94, 150391
34.95, 150391
34.96, 150391
34.97, 150391
34.98, 150391
34.99, 150391
35.0, 150391
35.01, 150391
35.02, 150391
35.03, 150391
35.04, 150391
35.05, 150391
35.06, 150391
35.07, 150391
35.08, 150391
35.09, 150391
35.1, 150391
35.11, 150391
35.12, 150391
35.13, 150391
35.14, 150391
35.15, 150391
35.16, 150391
35.17, 150391
35.18, 150391
35.19, 150391
35.2, 150391
35.21, 150391
35.22, 150391
35.23, 150391
35.24, 150391
35.25, 150391
35.26, 150391
35.27, 150391
35.28, 150391
35.29, 150391
35.3, 150391
35.31, 150391
35.32, 150391
35.33, 150391
35.34, 150391
35.35, 150391
35.36, 150391
35.37, 150391
35.38, 150391
35.39, 150391
35.4, 150391
35.41, 150391
35.42, 150391
35.43, 150391
35.44, 150391
35.45, 150391
35.46, 150391
35.47, 150391
35.48, 150391
35.49, 150391
35.5, 150391
35.51, 150391
35.52, 150391
35.53, 150391
35.54, 150391
35.55, 150391
35.56, 150391
35.57, 150391
35.58, 150391
35.59, 150391
35.6, 150391
35.61, 150391
35.62, 150391
35.63, 150391
35.64, 150391
35.65, 150391
35.66, 150391
35.67, 150391
35.68, 150391
35.69, 150391
35.7, 150391
35.71, 150391
35.72, 150391
35.73, 150391
35.74, 150391
35.75, 150391
35.76, 150391
35.77, 150391
35.78, 150391
35.79, 150391
35.8, 150391
35.81, 150391
35.82, 150391
35.83, 150391
35.84, 150391
35.85, 150391
35.86, 150391
35.87, 150391
35.88, 150391
35.89, 150391
35.9, 150391
35.91, 150391
35.92, 150391
35.93, 150391
35.94, 150391
35.95, 150391
35.96, 150391
35.97, 150391
35.98, 150391
35.99, 150391
36.0, 150391
36.01, 150391
36.02, 150391
36.03, 150391
36.04, 150391
36.05, 150391
36.06, 150391
36.07, 150391
36.08, 150391
36.09, 150391
36.1, 150391
36.11, 150391
36.12, 150391
36.13, 150391
36.14, 150391
36.15, 150391
36.16, 150391
36.17, 150391
36.18, 150391
36.19, 150391
36.2, 150391
36.21, 150391
36.22, 150391
36.23, 150391
36.24, 150391
36.25, 150391
36.26, 150391
36.27, 150391
36.28, 150391
36.29, 150391
36.3, 150391
36.31, 150391
36.32, 150391
36.33, 150391
36.34, 150391
36.35, 150391
36.36, 150391
36.37, 150391
36.38, 150391
36.39, 150391
36.4, 150391
36.41, 150391
36.42, 150391
36.43, 150391
36.44, 150391
36.45, 150391
36.46, 150391
36.47, 150391
36.48, 150391
36.49, 150391
36.5, 150391
36.51, 150391
36.52, 150391
36.53, 150391
36.54, 150391
36.55, 150391
36.56, 150391
36.57, 150391
36.58, 150391
36.59, 150391
36.6, 150391
36.61, 150391
36.62, 150391
36.63, 150391
36.64, 150391
36.65, 150391
36.66, 150391
36.67, 150391
36.68, 150391
36.69, 150391
36.7, 150391
36.71, 150391
36.72, 150391
36.73, 150391
36.74, 150391
36.75, 150391
36.76, 150391
36.77, 150391
36.78, 150391
36.79, 150391
36.8, 150391
36.81, 150391
36.82, 150391
36.83, 150391
36.84, 150391
36.85, 150391
36.86, 150391
36.87, 150391
36.88, 150391
36.89, 150391
36.9, 150391
36.91, 150391
36.92, 150391
36.93, 150391
36.94, 150391
36.95, 150391
36.96, 150391
36.97, 150391
36.98, 150391
36.99, 150391
37.0, 150391
37.01, 150391
37.02, 150391
37.03, 150391
37.04, 150391
37.05, 150391
37.06, 150391
37.07, 150391
37.08, 150391
37.09, 150391
37.1, 150391
37.11, 150391
37.12, 150391
37.13, 150391
37.14, 150391
37.15, 150391
37.16, 150391
37.17, 150391
37.18, 150391
37.19, 150391
37.2, 150391
37.21, 150391
37.22, 150391
37.23, 150391
37.24, 150391
37.25, 150391
37.26, 150391
37.27, 150391
37.28, 150391
37.29, 150391
37.3, 150391
37.31, 150391
37.32, 150391
37.33, 150391
37.34, 150391
37.35, 150391
37.36, 150391
37.37, 150391
37.38, 150391
37.39, 150391
37.4, 150391
37.41, 150391
37.42, 150391
37.43, 150391
37.44, 150391
37.45, 150391
37.46, 150391
37.47, 150391
37.48, 150391
37.49, 150391
37.5, 150391
37.51, 150391
37.52, 150391
37.53, 150391
37.54, 150391
37.55, 150391
37.56, 150391
37.57, 150391
37.58, 150391
37.59, 150391
37.6, 150391
37.61, 150391
37.62, 150391
37.63, 150391
37.64, 150391
37.65, 150391
37.66, 150391
37.67, 150391
37.68, 150391
37.69, 150391
37.7, 150391
37.71, 150391
37.72, 150391
37.73, 150391
37.74, 150391
37.75, 150391
37.76, 150391
37.77, 150391
37.78, 150391
37.79, 150391
37.8, 150391
37.81, 150391
37.82, 150391
37.83, 150391
37.84, 150391
37.85, 150391
37.86, 150391
37.87, 150391
37.88, 150391
37.89, 150391
37.9, 150391
37.91, 150391
37.92, 150391
37.93, 150391
37.94, 150391
37.95, 150391
37.96, 150391
37.97, 150391
37.98, 150391
37.99, 150391
38.0, 150391
38.01, 150391
38.02, 150391
38.03, 150391
38.04, 150391
38.05, 150391
38.06, 150391
38.07, 150391
38.08, 150391
38.09, 150391
38.1, 150391
38.11, 150391
38.12, 150391
38.13, 150391
38.14, 150391
38.15, 150391
38.16, 150391
38.17, 150391
38.18, 150391
38.19, 150391
38.2, 150391
38.21, 150391
38.22, 150391
38.23, 150391
38.24, 150391
38.25, 150391
38.26, 150391
38.27, 150391
38.28, 150391
38.29, 150391
38.3, 150391
38.31, 150391
38.32, 150391
38.33, 150391
38.34, 150391
38.35, 150391
38.36, 150391
38.37, 150391
38.38, 150391
38.39, 150391
38.4, 150391
38.41, 150391
38.42, 150391
38.43, 150391
38.44, 150391
38.45, 150391
38.46, 150391
38.47, 150391
38.48, 150391
38.49, 150391
38.5, 150391
38.51, 150391
38.52, 150391
38.53, 150391
38.54, 150391
38.55, 150391
38.56, 150391
38.57, 150391
38.58, 150391
38.59, 150391
38.6, 150391
38.61, 150391
38.62, 150391
38.63, 150391
38.64, 150391
38.65, 150391
38.66, 150391
38.67, 150391
38.68, 150391
38.69, 150391
38.7, 150391
38.71, 150391
38.72, 150391
38.73, 150391
38.74, 150391
38.75, 150391
38.76, 150391
38.77, 150391
38.78, 150391
38.79, 150391
38.8, 150391
38.81, 150391
38.82, 150391
38.83, 150391
38.84, 150391
38.85, 150391
38.86, 150391
38.87, 150391
38.88, 150391
38.89, 150391
38.9, 150391
38.91, 150391
38.92, 150391
38.93, 150391
38.94, 150391
38.95, 150391
38.96, 150391
38.97, 150391
38.98, 150391
38.99, 150391
39.0, 150391
39.01, 150391
39.02, 150391
39.03, 150391
39.04, 150391
39.05, 150391
39.06, 150391
39.07, 150391
39.08, 150391
39.09, 150391
39.1, 150391
39.11, 150391
39.12, 150391
39.13, 150391
39.14, 150391
39.15, 150391
39.16, 150391
39.17, 150391
39.18, 150391
39.19, 150391
39.2, 150391
39.21, 150391
39.22, 150391
39.23, 150391
39.24, 150391
39.25, 150391
39.26, 150391
39.27, 150391
39.28, 150391
39.29, 150391
39.3, 150391
39.31, 150391
39.32, 150391
39.33, 150391
39.34, 150391
39.35, 150391
39.36, 150391
39.37, 150391
39.38, 150391
39.39, 150391
39.4, 150391
39.41, 150391
39.42, 150391
39.43, 150391
39.44, 150391
39.45, 150391
39.46, 150391
39.47, 150391
39.48, 150391
39.49, 150391
39.5, 150391
39.51, 150391
39.52, 150391
39.53, 150391
39.54, 150391
39.55, 150391
39.56, 150391
39.57, 150391
39.58, 150391
39.59, 150391
39.6, 150391
39.61, 150391
39.62, 150391
39.63, 150391
39.64, 150391
39.65, 150391
39.66, 150391
39.67, 150391
39.68, 150391
39.69, 150391
39.7, 150391
39.71, 150391
39.72, 150391
39.73, 150391
39.74, 150391
39.75, 150391
39.76, 150391
39.77, 150391
39.78, 150391
39.79, 150391
39.8, 150391
39.81, 150391
39.82, 150391
39.83, 150391
39.84, 150391
39.85, 150391
39.86, 150391
39.87, 150391
39.88, 150391
39.89, 150391
39.9, 150391
39.91, 150391
39.92, 150391
39.93, 150391
39.94, 150391
39.95, 150391
39.96, 150391
39.97, 150391
39.98, 150391
39.99, 150391
40.0, 150391
40.01, 150391
40.02, 150391
40.03, 150391
40.04, 150391
40.05, 150391
40.06, 150391
40.07, 150391
40.08, 150391
40.09, 150391
40.1, 150391
40.11, 150391
40.12, 150391
40.13, 150391
40.14, 150391
40.15, 150391
40.16, 150391
40.17, 150391
40.18, 150391
40.19, 150391
40.2, 150391
40.21, 150391
40.22, 150391
40.23, 150391
40.24, 150391
40.25, 150391
40.26, 150391
40.27, 150391
40.28, 150391
40.29, 150391
40.3, 150391
40.31, 150391
40.32, 150391
40.33, 150391
40.34, 150391
40.35, 150391
40.36, 150391
40.37, 150391
40.38, 150391
40.39, 150391
40.4, 150391
40.41, 150391
40.42, 150391
40.43, 150391
40.44, 150391
40.45, 150391
40.46, 150391
40.47, 150391
40.48, 150391
40.49, 150391
40.5, 150391
40.51, 150391
40.52, 150391
40.53, 150391
40.54, 150391
40.55, 150391
40.56, 150391
40.57, 150391
40.58, 150391
40.59, 150391
40.6, 150391
40.61, 150391
40.62, 150391
40.63, 150391
40.64, 150391
40.65, 150391
40.66, 150391
40.67, 150391
40.68, 150391
40.69, 150391
40.7, 150391
40.71, 150391
40.72, 150391
40.73, 150391
40.74, 150391
40.75, 150391
40.76, 150391
40.77, 150391
40.78, 150391
40.79, 150391
40.8, 150391
40.81, 150391
40.82, 150391
40.83, 150391
40.84, 150391
40.85, 150391
40.86, 150391
40.87, 150391
40.88, 150391
40.89, 150391
40.9, 150391
40.91, 150391
40.92, 150391
40.93, 150391
40.94, 150391
40.95, 150391
40.96, 150391
40.97, 150391
40.98, 150391
40.99, 150391
41.0, 150391
41.01, 150391
41.02, 150391
41.03, 150391
41.04, 150391
41.05, 150391
41.06, 150391
41.07, 150391
41.08, 150391
41.09, 150391
41.1, 150391
41.11, 150391
41.12, 150391
41.13, 150391
41.14, 150391
41.15, 150391
41.16, 150391
41.17, 150391
41.18, 150391
41.19, 150391
41.2, 150391
41.21, 150391
41.22, 150391
41.23, 150391
41.24, 150391
41.25, 150391
41.26, 150391
41.27, 150391
41.28, 150391
41.29, 150391
41.3, 150391
41.31, 150391
41.32, 150391
41.33, 150391
41.34, 150391
41.35, 150391
41.36, 150391
41.37, 150391
41.38, 150391
41.39, 150391
41.4, 150391
41.41, 150391
41.42, 150391
41.43, 150391
41.44, 150391
41.45, 150391
41.46, 150391
41.47, 150391
41.48, 150391
41.49, 150391
41.5, 150391
41.51, 150391
41.52, 150391
41.53, 150391
41.54, 150391
41.55, 150391
41.56, 150391
41.57, 150391
41.58, 150391
41.59, 150391
41.6, 150391
41.61, 150391
41.62, 150391
41.63, 150391
41.64, 150391
41.65, 150391
41.66, 150391
41.67, 150391
41.68, 150391
41.69, 150391
41.7, 150391
41.71, 150391
41.72, 150391
41.73, 150391
41.74, 150391
41.75, 150391
41.76, 150391
41.77, 150391
41.78, 150391
41.79, 150391
41.8, 150391
41.81, 150391
41.82, 150391
41.83, 150391
41.84, 150391
41.85, 150391
41.86, 150391
41.87, 150391
41.88, 150391
41.89, 150391
41.9, 150391
41.91, 150391
41.92, 150391
41.93, 150391
41.94, 150391
41.95, 150391
41.96, 150391
41.97, 150391
41.98, 150391
41.99, 150391
42.0, 150391
42.01, 150391
42.02, 150391
42.03, 150391
42.04, 150391
42.05, 150391
42.06, 150391
42.07, 150391
42.08, 150391
42.09, 150391
42.1, 150391
42.11, 150391
42.12, 150391
42.13, 150391
42.14, 150391
42.15, 150391
42.16, 150391
42.17, 150391
42.18, 150391
42.19, 150391
42.2, 150391
42.21, 150391
42.22, 150391
42.23, 150391
42.24, 150391
42.25, 150391
42.26, 150391
42.27, 150391
42.28, 150391
42.29, 150391
42.3, 150391
42.31, 150391
42.32, 150391
42.33, 150391
42.34, 150391
42.35, 150391
42.36, 150391
42.37, 150391
42.38, 150391
42.39, 150391
42.4, 150391
42.41, 150391
42.42, 150391
42.43, 150391
42.44, 150391
42.45, 150391
42.46, 150391
42.47, 150391
42.48, 150391
42.49, 150391
42.5, 150391
42.51, 150391
42.52, 150391
42.53, 150391
42.54, 150391
42.55, 150391
42.56, 150391
42.57, 150391
42.58, 150391
42.59, 150391
42.6, 150391
42.61, 150391
42.62, 150391
42.63, 150391
42.64, 150391
42.65, 150391
42.66, 150391
42.67, 150391
42.68, 150391
42.69, 150391
42.7, 150391
42.71, 150391
42.72, 150391
42.73, 150391
42.74, 150391
42.75, 150391
42.76, 150391
42.77, 150391
42.78, 150391
42.79, 150391
42.8, 150391
42.81, 150391
42.82, 150391
42.83, 150391
42.84, 150391
42.85, 150391
42.86, 150391
42.87, 150391
42.88, 150391
42.89, 150391
42.9, 150391
42.91, 150391
42.92, 150391
42.93, 150391
42.94, 150391
42.95, 150391
42.96, 150391
42.97, 150391
42.98, 150391
42.99, 150391
43.0, 150391
43.01, 150391
43.02, 150391
43.03, 150391
43.04, 150391
43.05, 150391
43.06, 150391
43.07, 150391
43.08, 150391
43.09, 150391
43.1, 150391
43.11, 150391
43.12, 150391
43.13, 150391
43.14, 150391
43.15, 150391
43.16, 150391
43.17, 150391
43.18, 150391
43.19, 150391
43.2, 150391
43.21, 150391
43.22, 150391
43.23, 150391
43.24, 150391
43.25, 150391
43.26, 150391
43.27, 150391
43.28, 150391
43.29, 150391
43.3, 150391
43.31, 150391
43.32, 150391
43.33, 150391
43.34, 150391
43.35, 150391
43.36, 150391
43.37, 150391
43.38, 150391
43.39, 150391
43.4, 150391
43.41, 150391
43.42, 150391
43.43, 150391
43.44, 150391
43.45, 150391
43.46, 150391
43.47, 150391
43.48, 150391
43.49, 150391
43.5, 150391
43.51, 150391
43.52, 150391
43.53, 150391
43.54, 150391
43.55, 150391
43.56, 150391
43.57, 150391
43.58, 150391
43.59, 150391
43.6, 150391
43.61, 150391
43.62, 150391
43.63, 150391
43.64, 150391
43.65, 150391
43.66, 150391
43.67, 150391
43.68, 150391
43.69, 150391
43.7, 150391
43.71, 150391
43.72, 150391
43.73, 150391
43.74, 150391
43.75, 150391
43.76, 150391
43.77, 150391
43.78, 150391
43.79, 150391
43.8, 150391
43.81, 150391
43.82, 150391
43.83, 150391
43.84, 150391
43.85, 150391
43.86, 150391
43.87, 150391
43.88, 150391
43.89, 150391
43.9, 150391
43.91, 150391
43.92, 150391
43.93, 150391
43.94, 150391
43.95, 150391
43.96, 150391
43.97, 150391
43.98, 150391
43.99, 150391
44.0, 150391
44.01, 150391
44.02, 150391
44.03, 150391
44.04, 150391
44.05, 150391
44.06, 150391
44.07, 150391
44.08, 150391
44.09, 150391
44.1, 150391
44.11, 150391
44.12, 150391
44.13, 150391
44.14, 150391
44.15, 150391
44.16, 150391
44.17, 150391
44.18, 150391
44.19, 150391
44.2, 150391
44.21, 150391
44.22, 150391
44.23, 150391
44.24, 150391
44.25, 150391
44.26, 150391
44.27, 150391
44.28, 150391
44.29, 150391
44.3, 150391
44.31, 150391
44.32, 150391
44.33, 150391
44.34, 150391
44.35, 150391
44.36, 150391
44.37, 150391
44.38, 150391
44.39, 150391
44.4, 150391
44.41, 150391
44.42, 150391
44.43, 150391
44.44, 150391
44.45, 150391
44.46, 150391
44.47, 150391
44.48, 150391
44.49, 150391
44.5, 150391
44.51, 150391
44.52, 150391
44.53, 150391
44.54, 150391
44.55, 150391
44.56, 150391
44.57, 150391
44.58, 150391
44.59, 150391
44.6, 150391
44.61, 150391
44.62, 150391
44.63, 150391
44.64, 150391
44.65, 150391
44.66, 150391
44.67, 150391
44.68, 150391
44.69, 150391
44.7, 150391
44.71, 150391
44.72, 150391
44.73, 150391
44.74, 150391
44.75, 150391
44.76, 150391
44.77, 150391
44.78, 150391
44.79, 150391
44.8, 150391
44.81, 150391
44.82, 150391
44.83, 150391
44.84, 150391
44.85, 150391
44.86, 150391
44.87, 150391
44.88, 150391
44.89, 150391
44.9, 150391
44.91, 150391
44.92, 150391
44.93, 150391
44.94, 150391
44.95, 150391
44.96, 150391
44.97, 150391
44.98, 150391
44.99, 150391
45.0, 150391
45.01, 150391
45.02, 150391
45.03, 150391
45.04, 150391
45.05, 150391
45.06, 150391
45.07, 150391
45.08, 150391
45.09, 150391
45.1, 150391
45.11, 150391
45.12, 150391
45.13, 150391
45.14, 150391
45.15, 150391
45.16, 150391
45.17, 150391
45.18, 150391
45.19, 150391
45.2, 150391
45.21, 150391
45.22, 150391
45.23, 150391
45.24, 150391
45.25, 150391
45.26, 150391
45.27, 150391
45.28, 150391
45.29, 150391
45.3, 150391
45.31, 150391
45.32, 150391
45.33, 150391
45.34, 150391
45.35, 150391
45.36, 150391
45.37, 150391
45.38, 150391
45.39, 150391
45.4, 150391
45.41, 150391
45.42, 150391
45.43, 150391
45.44, 150391
45.45, 150391
45.46, 150391
45.47, 150391
45.48, 150391
45.49, 150391
45.5, 150391
45.51, 150391
45.52, 150391
45.53, 150391
45.54, 150391
45.55, 150391
45.56, 150391
45.57, 150391
45.58, 150391
45.59, 150391
45.6, 150391
45.61, 150391
45.62, 150391
45.63, 150391
45.64, 150391
45.65, 150391
45.66, 150391
45.67, 150391
45.68, 150391
45.69, 150391
45.7, 150391
45.71, 150391
45.72, 150391
45.73, 150391
45.74, 150391
45.75, 150391
45.76, 150391
45.77, 150391
45.78, 150391
45.79, 150391
45.8, 150391
45.81, 150391
45.82, 150391
45.83, 150391
45.84, 150391
45.85, 150391
45.86, 150391
45.87, 150391
45.88, 150391
45.89, 150391
45.9, 150391
45.91, 150391
45.92, 150391
45.93, 150391
45.94, 150391
45.95, 150391
45.96, 150391
45.97, 150391
45.98, 150391
45.99, 150391
46.0, 150391
46.01, 150391
46.02, 150391
46.03, 150391
46.04, 150391
46.05, 150391
46.06, 150391
46.07, 150391
46.08, 150391
46.09, 150391
46.1, 150391
46.11, 150391
46.12, 150391
46.13, 150391
46.14, 150391
46.15, 150391
46.16, 150391
46.17, 150391
46.18, 150391
46.19, 150391
46.2, 150391
46.21, 150391
46.22, 150391
46.23, 150391
46.24, 150391
46.25, 150391
46.26, 150391
46.27, 150391
46.28, 150391
46.29, 150391
46.3, 150391
46.31, 150391
46.32, 150391
46.33, 150391
46.34, 150391
46.35, 150391
46.36, 150391
46.37, 150391
46.38, 150391
46.39, 150391
46.4, 150391
46.41, 150391
46.42, 150391
46.43, 150391
46.44, 150391
46.45, 150391
46.46, 150391
46.47, 150391
46.48, 150391
46.49, 150391
46.5, 150391
46.51, 150391
46.52, 150391
46.53, 150391
46.54, 150391
46.55, 150391
46.56, 150391
46.57, 150391
46.58, 150391
46.59, 150391
46.6, 150391
46.61, 150391
46.62, 150391
46.63, 150391
46.64, 150391
46.65, 150391
46.66, 150391
46.67, 150391
46.68, 150391
46.69, 150391
46.7, 150391
46.71, 150391
46.72, 150391
46.73, 150391
46.74, 150391
46.75, 150391
46.76, 150391
46.77, 150391
46.78, 150391
46.79, 150391
46.8, 150391
46.81, 150391
46.82, 150391
46.83, 150391
46.84, 150391
46.85, 150391
46.86, 150391
46.87, 150391
46.88, 150391
46.89, 150391
46.9, 150391
46.91, 150391
46.92, 150391
46.93, 150391
46.94, 150391
46.95, 150391
46.96, 150391
46.97, 150391
46.98, 150391
46.99, 150391
47.0, 150391
47.01, 150391
47.02, 150391
47.03, 150391
47.04, 150391
47.05, 150391
47.06, 150391
47.07, 150391
47.08, 150391
47.09, 150391
47.1, 150391
47.11, 150391
47.12, 150391
47.13, 150391
47.14, 150391
47.15, 150391
47.16, 150391
47.17, 150391
47.18, 150391
47.19, 150391
47.2, 150391
47.21, 150391
47.22, 150391
47.23, 150391
47.24, 150391
47.25, 150391
47.26, 150391
47.27, 150391
47.28, 150391
47.29, 150391
47.3, 150391
47.31, 150391
47.32, 150391
47.33, 150391
47.34, 150391
47.35, 150391
47.36, 150391
47.37, 150391
47.38, 150391
47.39, 150391
47.4, 150391
47.41, 150391
47.42, 150391
47.43, 150391
47.44, 150391
47.45, 150391
47.46, 150391
47.47, 150391
47.48, 150391
47.49, 150391
47.5, 150391
47.51, 150391
47.52, 150391
47.53, 150391
47.54, 150391
47.55, 150391
47.56, 150391
47.57, 150391
47.58, 150391
47.59, 150391
47.6, 150391
47.61, 150391
47.62, 150391
47.63, 150391
47.64, 150391
47.65, 150391
47.66, 150391
47.67, 150391
47.68, 150391
47.69, 150391
47.7, 150391
47.71, 150391
47.72, 150391
47.73, 150391
47.74, 150391
47.75, 150391
47.76, 150391
47.77, 150391
47.78, 150391
47.79, 150391
47.8, 150391
47.81, 150391
47.82, 150391
47.83, 150391
47.84, 150391
47.85, 150391
47.86, 150391
47.87, 150391
47.88, 150391
47.89, 150391
47.9, 150391
47.91, 150391
47.92, 150391
47.93, 150391
47.94, 150391
47.95, 150391
47.96, 150391
47.97, 150391
47.98, 150391
47.99, 150391
48.0, 150391
48.01, 150391
48.02, 150391
48.03, 150391
48.04, 150391
48.05, 150391
48.06, 150391
48.07, 150391
48.08, 150391
48.09, 150391
48.1, 150391
48.11, 150391
48.12, 150391
48.13, 150391
48.14, 150391
48.15, 150391
48.16, 150391
48.17, 150391
48.18, 150391
48.19, 150391
48.2, 150391
48.21, 150391
48.22, 150391
48.23, 150391
48.24, 150391
48.25, 150391
48.26, 150391
48.27, 150391
48.28, 150391
48.29, 150391
48.3, 150391
48.31, 150391
48.32, 150391
48.33, 150391
48.34, 150391
48.35, 150391
48.36, 150391
48.37, 150391
48.38, 150391
48.39, 150391
48.4, 150391
48.41, 150391
48.42, 150391
48.43, 150391
48.44, 150391
48.45, 150391
48.46, 150391
48.47, 150391
48.48, 150391
48.49, 150391
48.5, 150391
48.51, 150391
48.52, 150391
48.53, 150391
48.54, 150391
48.55, 150391
48.56, 150391
48.57, 150391
48.58, 150391
48.59, 150391
48.6, 150391
48.61, 150391
48.62, 150391
48.63, 150391
48.64, 150391
48.65, 150391
48.66, 150391
48.67, 150391
48.68, 150391
48.69, 150391
48.7, 150391
48.71, 150391
48.72, 150391
48.73, 150391
48.74, 150391
48.75, 150391
48.76, 150391
48.77, 150391
48.78, 150391
48.79, 150391
48.8, 150391
48.81, 150391
48.82, 150391
48.83, 150391
48.84, 150391
48.85, 150391
48.86, 150391
48.87, 150391
48.88, 150391
48.89, 150391
48.9, 150391
48.91, 150391
48.92, 150391
48.93, 150391
48.94, 150391
48.95, 150391
48.96, 150391
48.97, 150391
48.98, 150391
48.99, 150391
49.0, 150391
49.01, 150391
49.02, 150391
49.03, 150391
49.04, 150391
49.05, 150391
49.06, 150391
49.07, 150391
49.08, 150391
49.09, 150391
49.1, 150391
49.11, 150391
49.12, 150391
49.13, 150391
49.14, 150391
49.15, 150391
49.16, 150391
49.17, 150391
49.18, 150391
49.19, 150391
49.2, 150391
49.21, 150391
49.22, 150391
49.23, 150391
49.24, 150391
49.25, 150391
49.26, 150391
49.27, 150391
49.28, 150391
49.29, 150391
49.3, 150391
49.31, 150391
49.32, 150391
49.33, 150391
49.34, 150391
49.35, 150391
49.36, 150391
49.37, 150391
49.38, 150391
49.39, 150391
49.4, 150391
49.41, 150391
49.42, 150391
49.43, 150391
49.44, 150391
49.45, 150391
49.46, 150391
49.47, 150391
49.48, 150391
49.49, 150391
49.5, 150391
49.51, 150391
49.52, 150391
49.53, 150391
49.54, 150391
49.55, 150391
49.56, 150391
49.57, 150391
49.58, 150391
49.59, 150391
49.6, 150391
49.61, 150391
49.62, 150391
49.63, 150391
49.64, 150391
49.65, 150391
49.66, 150391
49.67, 150391
49.68, 150391
49.69, 150391
49.7, 150391
49.71, 150391
49.72, 150391
49.73, 150391
49.74, 150391
49.75, 150391
49.76, 150391
49.77, 150391
49.78, 150391
49.79, 150391
49.8, 150391
49.81, 150391
49.82, 150391
49.83, 150391
49.84, 150391
49.85, 150391
49.86, 150391
49.87, 150391
49.88, 150391
49.89, 150391
49.9, 150391
49.91, 150391
49.92, 150391
49.93, 150391
49.94, 150391
49.95, 150391
49.96, 150391
49.97, 150391
49.98, 150391
49.99, 150391
50.0, 150391
50.01, 150391
50.02, 150391
50.03, 150391
50.04, 150391
50.05, 150391
50.06, 150391
50.07, 150391
50.08, 150391
50.09, 150391
50.1, 150391
50.11, 150391
50.12, 150391
50.13, 150391
50.14, 150391
50.15, 150391
50.16, 150391
50.17, 150391
50.18, 150391
50.19, 150391
50.2, 150391
50.21, 150391
50.22, 150391
50.23, 150391
50.24, 150391
50.25, 150391
50.26, 150391
50.27, 150391
50.28, 150391
50.29, 150391
50.3, 150391
50.31, 150391
50.32, 150391
50.33, 150391
50.34, 150391
50.35, 150391
50.36, 150391
50.37, 150391
50.38, 150391
50.39, 150391
50.4, 150391
50.41, 150391
50.42, 150391
50.43, 150391
50.44, 150391
50.45, 150391
50.46, 150391
50.47, 150391
50.48, 150391
50.49, 150391
50.5, 150391
50.51, 150391
50.52, 150391
50.53, 150391
50.54, 150391
50.55, 150391
50.56, 150391
50.57, 150391
50.58, 150391
50.59, 150391
50.6, 150391
50.61, 150391
50.62, 150391
50.63, 150391
50.64, 150391
50.65, 150391
50.66, 150391
50.67, 150391
50.68, 150391
50.69, 150391
50.7, 150391
50.71, 150391
50.72, 150391
50.73, 150391
50.74, 150391
50.75, 150391
50.76, 150391
50.77, 150391
50.78, 150391
50.79, 150391
50.8, 150391
50.81, 150391
50.82, 150391
50.83, 150391
50.84, 150391
50.85, 150391
50.86, 150391
50.87, 150391
50.88, 150391
50.89, 150391
50.9, 150391
50.91, 150391
50.92, 150391
50.93, 150391
50.94, 150391
50.95, 150391
50.96, 150391
50.97, 150391
50.98, 150391
50.99, 150391
51.0, 150391
51.01, 150391
51.02, 150391
51.03, 150391
51.04, 150391
51.05, 150391
51.06, 150391
51.07, 150391
51.08, 150391
51.09, 150391
51.1, 150391
51.11, 150391
51.12, 150391
51.13, 150391
51.14, 150391
51.15, 150391
51.16, 150391
51.17, 150391
51.18, 150391
51.19, 150391
51.2, 150391
51.21, 150391
51.22, 150391
51.23, 150391
51.24, 150391
51.25, 150391
51.26, 150391
51.27, 150391
51.28, 150391
51.29, 150391
51.3, 150391
51.31, 150391
51.32, 150391
51.33, 150391
51.34, 150391
51.35, 150391
51.36, 150391
51.37, 150391
51.38, 150391
51.39, 150391
51.4, 150391
51.41, 150391
51.42, 150391
51.43, 150391
51.44, 150391
51.45, 150391
51.46, 150391
51.47, 150391
51.48, 150391
51.49, 150391
51.5, 150391
51.51, 150391
51.52, 150391
51.53, 150391
51.54, 150391
51.55, 150391
51.56, 150391
51.57, 150391
51.58, 150391
51.59, 150391
51.6, 150391
51.61, 150391
51.62, 150391
51.63, 150391
51.64, 150391
51.65, 150391
51.66, 150391
51.67, 150391
51.68, 150391
51.69, 150391
51.7, 150391
51.71, 150391
51.72, 150391
51.73, 150391
51.74, 150391
51.75, 150391
51.76, 150391
51.77, 150391
51.78, 150391
51.79, 150391
51.8, 150391
51.81, 150391
51.82, 150391
51.83, 150391
51.84, 150391
51.85, 150391
51.86, 150391
51.87, 150391
51.88, 150391
51.89, 150391
51.9, 150391
51.91, 150391
51.92, 150391
51.93, 150391
51.94, 150391
51.95, 150391
51.96, 150391
51.97, 150391
51.98, 150391
51.99, 150391
52.0, 150391
52.01, 150391
52.02, 150391
52.03, 150391
52.04, 150391
52.05, 150391
52.06, 150391
52.07, 150391
52.08, 150391
52.09, 150391
52.1, 150391
52.11, 150391
52.12, 150391
52.13, 150391
52.14, 150391
52.15, 150391
52.16, 150391
52.17, 150391
52.18, 150391
52.19, 150391
52.2, 150391
52.21, 150391
52.22, 150391
52.23, 150391
52.24, 150391
52.25, 150391
52.26, 150391
52.27, 150391
52.28, 150391
52.29, 150391
52.3, 150391
52.31, 150391
52.32, 150391
52.33, 150391
52.34, 150391
52.35, 150391
52.36, 150391
52.37, 150391
52.38, 150391
52.39, 150391
52.4, 150391
52.41, 150391
52.42, 150391
52.43, 150391
52.44, 150391
52.45, 150391
52.46, 150391
52.47, 150391
52.48, 150391
52.49, 150391
52.5, 150391
52.51, 150391
52.52, 150391
52.53, 150391
52.54, 150391
52.55, 150391
52.56, 150391
52.57, 150391
52.58, 150391
52.59, 150391
52.6, 150391
52.61, 150391
52.62, 150391
52.63, 150391
52.64, 150391
52.65, 150391
52.66, 150391
52.67, 150391
52.68, 150391
52.69, 150391
52.7, 150391
52.71, 150391
52.72, 150391
52.73, 150391
52.74, 150391
52.75, 150391
52.76, 150391
52.77, 150391
52.78, 150391
52.79, 150391
52.8, 150391
52.81, 150391
52.82, 150391
52.83, 150391
52.84, 150391
52.85, 150391
52.86, 150391
52.87, 150391
52.88, 150391
52.89, 150391
52.9, 150391
52.91, 150391
52.92, 150391
52.93, 150391
52.94, 150391
52.95, 150391
52.96, 150391
52.97, 150391
52.98, 150391
52.99, 150391
53.0, 150391
53.01, 150391
53.02, 150391
53.03, 150391
53.04, 150391
53.05, 150391
53.06, 150391
53.07, 150391
53.08, 150391
53.09, 150391
53.1, 150391
53.11, 150391
53.12, 150391
53.13, 150391
53.14, 150391
53.15, 150391
53.16, 150391
53.17, 150391
53.18, 150391
53.19, 150391
53.2, 150391
53.21, 150391
53.22, 150391
53.23, 150391
53.24, 150391
53.25, 150391
53.26, 150391
53.27, 150391
53.28, 150391
53.29, 150391
53.3, 150391
53.31, 150391
53.32, 150391
53.33, 150391
53.34, 150391
53.35, 150391
53.36, 150391
53.37, 150391
53.38, 150391
53.39, 150391
53.4, 150391
53.41, 150391
53.42, 150391
53.43, 150391
53.44, 150391
53.45, 150391
53.46, 150391
53.47, 150391
53.48, 150391
53.49, 150391
53.5, 150391
53.51, 150391
53.52, 150391
53.53, 150391
53.54, 150391
53.55, 150391
53.56, 150391
53.57, 150391
53.58, 150391
53.59, 150391
53.6, 150391
53.61, 150391
53.62, 150391
53.63, 150391
53.64, 150391
53.65, 150391
53.66, 150391
53.67, 150391
53.68, 150391
53.69, 150391
53.7, 150391
53.71, 150391
53.72, 150391
53.73, 150391
53.74, 150391
53.75, 150391
53.76, 150391
53.77, 150391
53.78, 150391
53.79, 150391
53.8, 150391
53.81, 150391
53.82, 150391
53.83, 150391
53.84, 150391
53.85, 150391
53.86, 150391
53.87, 150391
53.88, 150391
53.89, 150391
53.9, 150391
53.91, 150391
53.92, 150391
53.93, 150391
53.94, 150391
53.95, 150391
53.96, 150391
53.97, 150391
53.98, 150391
53.99, 150391
54.0, 150391
54.01, 150391
54.02, 150391
54.03, 150391
54.04, 150391
54.05, 150391
54.06, 150391
54.07, 150391
54.08, 150391
54.09, 150391
54.1, 150391
54.11, 150391
54.12, 150391
54.13, 150391
54.14, 150391
54.15, 150391
54.16, 150391
54.17, 150391
54.18, 150391
54.19, 150391
54.2, 150391
54.21, 150391
54.22, 150391
54.23, 150391
54.24, 150391
54.25, 150391
54.26, 150391
54.27, 150391
54.28, 150391
54.29, 150391
54.3, 150391
54.31, 150391
54.32, 150391
54.33, 150391
54.34, 150391
54.35, 150391
54.36, 150391
54.37, 150391
54.38, 150391
54.39, 150391
54.4, 150391
54.41, 150391
54.42, 150391
54.43, 150391
54.44, 150391
54.45, 150391
54.46, 150391
54.47, 150391
54.48, 150391
54.49, 150391
54.5, 150391
54.51, 150391
54.52, 150391
54.53, 150391
54.54, 150391
54.55, 150391
54.56, 150391
54.57, 150391
54.58, 150391
54.59, 150391
54.6, 150391
54.61, 150391
54.62, 150391
54.63, 150391
54.64, 150391
54.65, 150391
54.66, 150391
54.67, 150391
54.68, 150391
54.69, 150391
54.7, 150391
54.71, 150391
54.72, 150391
54.73, 150391
54.74, 150391
54.75, 150391
54.76, 150391
54.77, 150391
54.78, 150391
54.79, 150391
54.8, 150391
54.81, 150391
54.82, 150391
54.83, 150391
54.84, 150391
54.85, 150391
54.86, 150391
54.87, 150391
54.88, 150391
54.89, 150391
54.9, 150391
54.91, 150391
54.92, 150391
54.93, 150391
54.94, 150391
54.95, 150391
54.96, 150391
54.97, 150391
54.98, 150391
54.99, 150391
55.0, 150391
55.01, 150391
55.02, 150391
55.03, 150391
55.04, 150391
55.05, 150391
55.06, 150391
55.07, 150391
55.08, 150391
55.09, 150391
55.1, 150391
55.11, 150391
55.12, 150391
55.13, 150391
55.14, 150391
55.15, 150391
55.16, 150391
55.17, 150391
55.18, 150391
55.19, 150391
55.2, 150391
55.21, 150391
55.22, 150391
55.23, 150391
55.24, 150391
55.25, 150391
55.26, 150391
55.27, 150391
55.28, 150391
55.29, 150391
55.3, 150391
55.31, 150391
55.32, 150391
55.33, 150391
55.34, 150391
55.35, 150391
55.36, 150391
55.37, 150391
55.38, 150391
55.39, 150391
55.4, 150391
55.41, 150391
55.42, 150391
55.43, 150391
55.44, 150391
55.45, 150391
55.46, 150391
55.47, 150391
55.48, 150391
55.49, 150391
55.5, 150391
55.51, 150391
55.52, 150391
55.53, 150391
55.54, 150391
55.55, 150391
55.56, 150391
55.57, 150391
55.58, 150391
55.59, 150391
55.6, 150391
55.61, 150391
55.62, 150391
55.63, 150391
55.64, 150391
55.65, 150391
55.66, 150391
55.67, 150391
55.68, 150391
55.69, 150391
55.7, 150391
55.71, 150391
55.72, 150391
55.73, 150391
55.74, 150391
55.75, 150391
55.76, 150391
55.77, 150391
55.78, 150391
55.79, 150391
55.8, 150391
55.81, 150391
55.82, 150391
55.83, 150391
55.84, 150391
55.85, 150391
55.86, 150391
55.87, 150391
55.88, 150391
55.89, 150391
55.9, 150391
55.91, 150391
55.92, 150391
55.93, 150391
55.94, 150391
55.95, 150391
55.96, 150391
55.97, 150391
55.98, 150391
55.99, 150391
56.0, 150391
56.01, 150391
56.02, 150391
56.03, 150391
56.04, 150391
56.05, 150391
56.06, 150391
56.07, 150391
56.08, 150391
56.09, 150391
56.1, 150391
56.11, 150391
56.12, 150391
56.13, 150391
56.14, 150391
56.15, 150391
56.16, 150391
56.17, 150391
56.18, 150391
56.19, 150391
56.2, 150391
56.21, 150391
56.22, 150391
56.23, 150391
56.24, 150391
56.25, 150391
56.26, 150391
56.27, 150391
56.28, 150391
56.29, 150391
56.3, 150391
56.31, 150391
56.32, 150391
56.33, 150391
56.34, 150391
56.35, 150391
56.36, 150391
56.37, 150391
56.38, 150391
56.39, 150391
56.4, 150391
56.41, 150391
56.42, 150391
56.43, 150391
56.44, 150391
56.45, 150391
56.46, 150391
56.47, 150391
56.48, 150391
56.49, 150391
56.5, 150391
56.51, 150391
56.52, 150391
56.53, 150391
56.54, 150391
56.55, 150391
56.56, 150391
56.57, 150391
56.58, 150391
56.59, 150391
56.6, 150391
56.61, 150391
56.62, 150391
56.63, 150391
56.64, 150391
56.65, 150391
56.66, 150391
56.67, 150391
56.68, 150391
56.69, 150391
56.7, 150391
56.71, 150391
56.72, 150391
56.73, 150391
56.74, 150391
56.75, 150391
56.76, 150391
56.77, 150391
56.78, 150391
56.79, 150391
56.8, 150391
56.81, 150391
56.82, 150391
56.83, 150391
56.84, 150391
56.85, 150391
56.86, 150391
56.87, 150391
56.88, 150391
56.89, 150391
56.9, 150391
56.91, 150391
56.92, 150391
56.93, 150391
56.94, 150391
56.95, 150391
56.96, 150391
56.97, 150391
56.98, 150391
56.99, 150391
57.0, 150391
57.01, 150391
57.02, 150391
57.03, 150391
57.04, 150391
57.05, 150391
57.06, 150391
57.07, 150391
57.08, 150391
57.09, 150391
57.1, 150391
57.11, 150391
57.12, 150391
57.13, 150391
57.14, 150391
57.15, 150391
57.16, 150391
57.17, 150391
57.18, 150391
57.19, 150391
57.2, 150391
57.21, 150391
57.22, 150391
57.23, 150391
57.24, 150391
57.25, 150391
57.26, 150391
57.27, 150391
57.28, 150391
57.29, 150391
57.3, 150391
57.31, 150391
57.32, 150391
57.33, 150391
57.34, 150391
57.35, 150391
57.36, 150391
57.37, 150391
57.38, 150391
57.39, 150391
57.4, 150391
57.41, 150391
57.42, 150391
57.43, 150391
57.44, 150391
57.45, 150391
57.46, 150391
57.47, 150391
57.48, 150391
57.49, 150391
57.5, 150391
57.51, 150391
57.52, 150391
57.53, 150391
57.54, 150391
57.55, 150391
57.56, 150391
57.57, 150391
57.58, 150391
57.59, 150391
57.6, 150391
57.61, 150391
57.62, 150391
57.63, 150391
57.64, 150391
57.65, 150391
57.66, 150391
57.67, 150391
57.68, 150391
57.69, 150391
57.7, 150391
57.71, 150391
57.72, 150391
57.73, 150391
57.74, 150391
57.75, 150391
57.76, 150391
57.77, 150391
57.78, 150391
57.79, 150391
57.8, 150391
57.81, 150391
57.82, 150391
57.83, 150391
57.84, 150391
57.85, 150391
57.86, 150391
57.87, 150391
57.88, 150391
57.89, 150391
57.9, 150391
57.91, 150391
57.92, 150391
57.93, 150391
57.94, 150391
57.95, 150391
57.96, 150391
57.97, 150391
57.98, 150391
57.99, 150391
58.0, 150391
58.01, 150391
58.02, 150391
58.03, 150391
58.04, 150391
58.05, 150391
58.06, 150391
58.07, 150391
58.08, 150391
58.09, 150391
58.1, 150391
58.11, 150391
58.12, 150391
58.13, 150391
58.14, 150391
58.15, 150391
58.16, 150391
58.17, 150391
58.18, 150391
58.19, 150391
58.2, 150391
58.21, 150391
58.22, 150391
58.23, 150391
58.24, 150391
58.25, 150391
58.26, 150391
58.27, 150391
58.28, 150391
58.29, 150391
58.3, 150391
58.31, 150391
58.32, 150391
58.33, 150391
58.34, 150391
58.35, 150391
58.36, 150391
58.37, 150391
58.38, 150391
58.39, 150391
58.4, 150391
58.41, 150391
58.42, 150391
58.43, 150391
58.44, 150391
58.45, 150391
58.46, 150391
58.47, 150391
58.48, 150391
58.49, 150391
58.5, 150391
58.51, 150391
58.52, 150391
58.53, 150391
58.54, 150391
58.55, 150391
58.56, 150391
58.57, 150391
58.58, 150391
58.59, 150391
58.6, 150391
58.61, 150391
58.62, 150391
58.63, 150391
58.64, 150391
58.65, 150391
58.66, 150391
58.67, 150391
58.68, 150391
58.69, 150391
58.7, 150391
58.71, 150391
58.72, 150391
58.73, 150391
58.74, 150391
58.75, 150391
58.76, 150391
58.77, 150391
58.78, 150391
58.79, 150391
58.8, 150391
58.81, 150391
58.82, 150391
58.83, 150391
58.84, 150391
58.85, 150391
58.86, 150391
58.87, 150391
58.88, 150391
58.89, 150391
58.9, 150391
58.91, 150391
58.92, 150391
58.93, 150391
58.94, 150391
58.95, 150391
58.96, 150391
58.97, 150391
58.98, 150391
58.99, 150391
59.0, 150391
59.01, 150391
59.02, 150391
59.03, 150391
59.04, 150391
59.05, 150391
59.06, 150391
59.07, 150391
59.08, 150391
59.09, 150391
59.1, 150391
59.11, 150391
59.12, 150391
59.13, 150391
59.14, 150391
59.15, 150391
59.16, 150391
59.17, 150391
59.18, 150391
59.19, 150391
59.2, 150391
59.21, 150391
59.22, 150391
59.23, 150391
59.24, 150391
59.25, 150391
59.26, 150391
59.27, 150391
59.28, 150391
59.29, 150391
59.3, 150391
59.31, 150391
59.32, 150391
59.33, 150391
59.34, 150391
59.35, 150391
59.36, 150391
59.37, 150391
59.38, 150391
59.39, 150391
59.4, 150391
59.41, 150391
59.42, 150391
59.43, 150391
59.44, 150391
59.45, 150391
59.46, 150391
59.47, 150391
59.48, 150391
59.49, 150391
59.5, 150391
59.51, 150391
59.52, 150391
59.53, 150391
59.54, 150391
59.55, 150391
59.56, 150391
59.57, 150391
59.58, 150391
59.59, 150391
59.6, 150391
59.61, 150391
59.62, 150391
59.63, 150391
59.64, 150391
59.65, 150391
59.66, 150391
59.67, 150391
59.68, 150391
59.69, 150391
59.7, 150391
59.71, 150391
59.72, 150391
59.73, 150391
59.74, 150391
59.75, 150391
59.76, 150391
59.77, 150391
59.78, 150391
59.79, 150391
59.8, 150391
59.81, 150391
59.82, 150391
59.83, 150391
59.84, 150391
59.85, 150391
59.86, 150391
59.87, 150391
59.88, 150391
59.89, 150391
59.9, 150391
59.91, 150391
59.92, 150391
59.93, 150391
59.94, 150391
59.95, 150391
59.96, 150391
59.97, 150391
59.98, 150391
59.99, 150391
