0.0, 185862
0.01, 179416
0.02, 155205
0.03, 155205
0.04, 155205
0.05, 155205
0.06, 155205
0.07, 155205
0.08, 155205
0.09, 155205
0.1, 155205
0.11, 155205
0.12, 155205
0.13, 155205
0.14, 155205
0.15, 155205
0.16, 155205
0.17, 155205
0.18, 155205
0.19, 155205
0.2, 155205
0.21, 155205
0.22, 155205
0.23, 155205
0.24, 155205
0.25, 155205
0.26, 155205
0.27, 155205
0.28, 155205
0.29, 155205
0.3, 155205
0.31, 155205
0.32, 155205
0.33, 155205
0.34, 155205
0.35, 155205
0.36, 155205
0.37, 155205
0.38, 155205
0.39, 155205
0.4, 155205
0.41, 155205
0.42, 155205
0.43, 155205
0.44, 155205
0.45, 155205
0.46, 155205
0.47, 155205
0.48, 155205
0.49, 155205
0.5, 155205
0.51, 155205
0.52, 155205
0.53, 155205
0.54, 155205
0.55, 155205
0.56, 155205
0.57, 155205
0.58, 155205
0.59, 155205
0.6, 155205
0.61, 155205
0.62, 155205
0.63, 155205
0.64, 155205
0.65, 155205
0.66, 155205
0.67, 155205
0.68, 155205
0.69, 155205
0.7, 155205
0.71, 155205
0.72, 155205
0.73, 155205
0.74, 155205
0.75, 155205
0.76, 155205
0.77, 155205
0.78, 155205
0.79, 155205
0.8, 155205
0.81, 155205
0.82, 155205
0.83, 155205
0.84, 155205
0.85, 155205
0.86, 155205
0.87, 155205
0.88, 155205
0.89, 155205
0.9, 155205
0.91, 155205
0.92, 155205
0.93, 155205
0.94, 155205
0.95, 155205
0.96, 155205
0.97, 155205
0.98, 155205
0.99, 155205
1.0, 155205
1.01, 155205
1.02, 155205
1.03, 155205
1.04, 155205
1.05, 155205
1.06, 155205
1.07, 155205
1.08, 155205
1.09, 155205
1.1, 155205
1.11, 155205
1.12, 155205
1.13, 155205
1.14, 155205
1.15, 155205
1.16, 155205
1.17, 155205
1.18, 155205
1.19, 155205
1.2, 155205
1.21, 155205
1.22, 155205
1.23, 155205
1.24, 155205
1.25, 155205
1.26, 155205
1.27, 155205
1.28, 155205
1.29, 155205
1.3, 155205
1.31, 155205
1.32, 155205
1.33, 155205
1.34, 155205
1.35, 155205
1.36, 155205
1.37, 155205
1.38, 155205
1.39, 155205
1.4, 155205
1.41, 155205
1.42, 155205
1.43, 155205
1.44, 155205
1.45, 155205
1.46, 155205
1.47, 155205
1.48, 155205
1.49, 155205
1.5, 155205
1.51, 155205
1.52, 155205
1.53, 155205
1.54, 155205
1.55, 155205
1.56, 155205
1.57, 155205
1.58, 155205
1.59, 155205
1.6, 155205
1.61, 155205
1.62, 155205
1.63, 155205
1.64, 155205
1.65, 155205
1.66, 155205
1.67, 155205
1.68, 155205
1.69, 155205
1.7, 155205
1.71, 155205
1.72, 155205
1.73, 155205
1.74, 155205
1.75, 155205
1.76, 155205
1.77, 155205
1.78, 155205
1.79, 155205
1.8, 155205
1.81, 155205
1.82, 155205
1.83, 155205
1.84, 155205
1.85, 155205
1.86, 155205
1.87, 155205
1.88, 155205
1.89, 155205
1.9, 155205
1.91, 155205
1.92, 155205
1.93, 155205
1.94, 155205
1.95, 155205
1.96, 155205
1.97, 155205
1.98, 155205
1.99, 155205
2.0, 155205
2.01, 155205
2.02, 155205
2.03, 155205
2.04, 155205
2.05, 155205
2.06, 155205
2.07, 155205
2.08, 155205
2.09, 155205
2.1, 155205
2.11, 155205
2.12, 155205
2.13, 155205
2.14, 155205
2.15, 155205
2.16, 155205
2.17, 155205
2.18, 155205
2.19, 155205
2.2, 155205
2.21, 155205
2.22, 155205
2.23, 155205
2.24, 155205
2.25, 155205
2.26, 155205
2.27, 155205
2.28, 155205
2.29, 155205
2.3, 155205
2.31, 155205
2.32, 155205
2.33, 155205
2.34, 155205
2.35, 155205
2.36, 155205
2.37, 155205
2.38, 155205
2.39, 155205
2.4, 155205
2.41, 155205
2.42, 155205
2.43, 155205
2.44, 155205
2.45, 155205
2.46, 155205
2.47, 155205
2.48, 155205
2.49, 155205
2.5, 155205
2.51, 155205
2.52, 155205
2.53, 155205
2.54, 155205
2.55, 155205
2.56, 155205
2.57, 155205
2.58, 155205
2.59, 155205
2.6, 155205
2.61, 155205
2.62, 155205
2.63, 155205
2.64, 155205
2.65, 155205
2.66, 155205
2.67, 155205
2.68, 155205
2.69, 155205
2.7, 155205
2.71, 155205
2.72, 155205
2.73, 155205
2.74, 155205
2.75, 155205
2.76, 155205
2.77, 155205
2.78, 155205
2.79, 155205
2.8, 155205
2.81, 155205
2.82, 155205
2.83, 155205
2.84, 155205
2.85, 155205
2.86, 155205
2.87, 155205
2.88, 155205
2.89, 155205
2.9, 155205
2.91, 155205
2.92, 155205
2.93, 155205
2.94, 155205
2.95, 155205
2.96, 155205
2.97, 155205
2.98, 155205
2.99, 155205
3.0, 155205
3.01, 155205
3.02, 155205
3.03, 155205
3.04, 155205
3.05, 155205
3.06, 155205
3.07, 155205
3.08, 155205
3.09, 155205
3.1, 155205
3.11, 155205
3.12, 155205
3.13, 155205
3.14, 155205
3.15, 155205
3.16, 155205
3.17, 155205
3.18, 155205
3.19, 155205
3.2, 155205
3.21, 155205
3.22, 155205
3.23, 155205
3.24, 155205
3.25, 155205
3.26, 155205
3.27, 155205
3.28, 155205
3.29, 155205
3.3, 155205
3.31, 155205
3.32, 155205
3.33, 155205
3.34, 155205
3.35, 155205
3.36, 155205
3.37, 155205
3.38, 155205
3.39, 155205
3.4, 155205
3.41, 155205
3.42, 155205
3.43, 155205
3.44, 155205
3.45, 155205
3.46, 151902
3.47, 151902
3.48, 151902
3.49, 151902
3.5, 151902
3.51, 151902
3.52, 151902
3.53, 151902
3.54, 151902
3.55, 151902
3.56, 151902
3.57, 151902
3.58, 151902
3.59, 151902
3.6, 151902
3.61, 151902
3.62, 151902
3.63, 151902
3.64, 151902
3.65, 151902
3.66, 151902
3.67, 151902
3.68, 151902
3.69, 151902
3.7, 151902
3.71, 151902
3.72, 151902
3.73, 151902
3.74, 151902
3.75, 151902
3.76, 151902
3.77, 151902
3.78, 151902
3.79, 151902
3.8, 151902
3.81, 151902
3.82, 151902
3.83, 151902
3.84, 151902
3.85, 151902
3.86, 151902
3.87, 151902
3.88, 151902
3.89, 151902
3.9, 151902
3.91, 151902
3.92, 151902
3.93, 151902
3.94, 151902
3.95, 151902
3.96, 151902
3.97, 151902
3.98, 151902
3.99, 151902
4.0, 151902
4.01, 151902
4.02, 151902
4.03, 151902
4.04, 151902
4.05, 151902
4.06, 151902
4.07, 151902
4.08, 151902
4.09, 151902
4.1, 151902
4.11, 151902
4.12, 151902
4.13, 151902
4.14, 151902
4.15, 151902
4.16, 151902
4.17, 151902
4.18, 151902
4.19, 151902
4.2, 151902
4.21, 151902
4.22, 151902
4.23, 151902
4.24, 151902
4.25, 151902
4.26, 151902
4.27, 151902
4.28, 151902
4.29, 151902
4.3, 151902
4.31, 151902
4.32, 151902
4.33, 151902
4.34, 151902
4.35, 151902
4.36, 151902
4.37, 151902
4.38, 151902
4.39, 151902
4.4, 151902
4.41, 151902
4.42, 151902
4.43, 151902
4.44, 151902
4.45, 151902
4.46, 151902
4.47, 151902
4.48, 151902
4.49, 151902
4.5, 151902
4.51, 151902
4.52, 151902
4.53, 151902
4.54, 151902
4.55, 151902
4.56, 151902
4.57, 151902
4.58, 151902
4.59, 151902
4.6, 151902
4.61, 151902
4.62, 151902
4.63, 151902
4.64, 151902
4.65, 151902
4.66, 151902
4.67, 151902
4.68, 151902
4.69, 151902
4.7, 151902
4.71, 151902
4.72, 151902
4.73, 151902
4.74, 151902
4.75, 151902
4.76, 151902
4.77, 151902
4.78, 151902
4.79, 151902
4.8, 151902
4.81, 151902
4.82, 151902
4.83, 151902
4.84, 151902
4.85, 151902
4.86, 151902
4.87, 151902
4.88, 151902
4.89, 151902
4.9, 151902
4.91, 151902
4.92, 151902
4.93, 151902
4.94, 151902
4.95, 151902
4.96, 151902
4.97, 151902
4.98, 151902
4.99, 151902
5.0, 151902
5.01, 151902
5.02, 151902
5.03, 151902
5.04, 151902
5.05, 151902
5.06, 151902
5.07, 151902
5.08, 151902
5.09, 151902
5.1, 151902
5.11, 151902
5.12, 151902
5.13, 151902
5.14, 151902
5.15, 151902
5.16, 151902
5.17, 151902
5.18, 151902
5.19, 151902
5.2, 151902
5.21, 151902
5.22, 151902
5.23, 151902
5.24, 151902
5.25, 151902
5.26, 151902
5.27, 151902
5.28, 151902
5.29, 151902
5.3, 151902
5.31, 151902
5.32, 151902
5.33, 151902
5.34, 151902
5.35, 151902
5.36, 151902
5.37, 151902
5.38, 151902
5.39, 151902
5.4, 151902
5.41, 151902
5.42, 151902
5.43, 151902
5.44, 151902
5.45, 151902
5.46, 151902
5.47, 151902
5.48, 151902
5.49, 151902
5.5, 151902
5.51, 151902
5.52, 151902
5.53, 151902
5.54, 151902
5.55, 151902
5.56, 151902
5.57, 151902
5.58, 151902
5.59, 151902
5.6, 151902
5.61, 151902
5.62, 151902
5.63, 151902
5.64, 151902
5.65, 151902
5.66, 151902
5.67, 151902
5.68, 151902
5.69, 151902
5.7, 151902
5.71, 151902
5.72, 151902
5.73, 151902
5.74, 151902
5.75, 151902
5.76, 151902
5.77, 151902
5.78, 151902
5.79, 151902
5.8, 151902
5.81, 151902
5.82, 151902
5.83, 151902
5.84, 151902
5.85, 151902
5.86, 151902
5.87, 151902
5.88, 151902
5.89, 151902
5.9, 151902
5.91, 151902
5.92, 151902
5.93, 151902
5.94, 151902
5.95, 151902
5.96, 151902
5.97, 151902
5.98, 151902
5.99, 151902
6.0, 151902
6.01, 151902
6.02, 151902
6.03, 151902
6.04, 151902
6.05, 151902
6.06, 151902
6.07, 151902
6.08, 151902
6.09, 151902
6.1, 151902
6.11, 151902
6.12, 151902
6.13, 151902
6.14, 151902
6.15, 151902
6.16, 151902
6.17, 151902
6.18, 151902
6.19, 151902
6.2, 151902
6.21, 151902
6.22, 151902
6.23, 151902
6.24, 151902
6.25, 151902
6.26, 151902
6.27, 151902
6.28, 151902
6.29, 151902
6.3, 151902
6.31, 151902
6.32, 151902
6.33, 151902
6.34, 151902
6.35, 151902
6.36, 151902
6.37, 151902
6.38, 151902
6.39, 151902
6.4, 151902
6.41, 151902
6.42, 151902
6.43, 151902
6.44, 151902
6.45, 151902
6.46, 151902
6.47, 151902
6.48, 151902
6.49, 151902
6.5, 151902
6.51, 151902
6.52, 151902
6.53, 151902
6.54, 151902
6.55, 151902
6.56, 151902
6.57, 151902
6.58, 151902
6.59, 151902
6.6, 151902
6.61, 151902
6.62, 151902
6.63, 151902
6.64, 151902
6.65, 151902
6.66, 151902
6.67, 151902
6.68, 151902
6.69, 151902
6.7, 151902
6.71, 151902
6.72, 151902
6.73, 151902
6.74, 151902
6.75, 151902
6.76, 151902
6.77, 151902
6.78, 151902
6.79, 151902
6.8, 151902
6.81, 151902
6.82, 151902
6.83, 151902
6.84, 151902
6.85, 151902
6.86, 151902
6.87, 151902
6.88, 151902
6.89, 151902
6.9, 151902
6.91, 151902
6.92, 151902
6.93, 151902
6.94, 151902
6.95, 151902
6.96, 151902
6.97, 151902
6.98, 151902
6.99, 151902
7.0, 151902
7.01, 151902
7.02, 151902
7.03, 151902
7.04, 151902
7.05, 151902
7.06, 151902
7.07, 151902
7.08, 151902
7.09, 151902
7.1, 151902
7.11, 151902
7.12, 151902
7.13, 151902
7.14, 151902
7.15, 151902
7.16, 151902
7.17, 151902
7.18, 151902
7.19, 151902
7.2, 151902
7.21, 151902
7.22, 151902
7.23, 151902
7.24, 151902
7.25, 151902
7.26, 151902
7.27, 151902
7.28, 151902
7.29, 151902
7.3, 151902
7.31, 151902
7.32, 151902
7.33, 151902
7.34, 151902
7.35, 151902
7.36, 151902
7.37, 151902
7.38, 151902
7.39, 151902
7.4, 151902
7.41, 151902
7.42, 151902
7.43, 151902
7.44, 151902
7.45, 151902
7.46, 151902
7.47, 151902
7.48, 151902
7.49, 151902
7.5, 151902
7.51, 151902
7.52, 151902
7.53, 151902
7.54, 151902
7.55, 151902
7.56, 151902
7.57, 151902
7.58, 151902
7.59, 151902
7.6, 151902
7.61, 151902
7.62, 151902
7.63, 151902
7.64, 151902
7.65, 151902
7.66, 151902
7.67, 151902
7.68, 151902
7.69, 151902
7.7, 151902
7.71, 151902
7.72, 151902
7.73, 151902
7.74, 151902
7.75, 151902
7.76, 151902
7.77, 151902
7.78, 151902
7.79, 151902
7.8, 151902
7.81, 151902
7.82, 151902
7.83, 151902
7.84, 151902
7.85, 151902
7.86, 151902
7.87, 151902
7.88, 151902
7.89, 151902
7.9, 151902
7.91, 151902
7.92, 151902
7.93, 151902
7.94, 151902
7.95, 151902
7.96, 151902
7.97, 151902
7.98, 151902
7.99, 151902
8.0, 151902
8.01, 151902
8.02, 151902
8.03, 151902
8.04, 151902
8.05, 151902
8.06, 151902
8.07, 151902
8.08, 151902
8.09, 151902
8.1, 151902
8.11, 151902
8.12, 151902
8.13, 151902
8.14, 151902
8.15, 151902
8.16, 151902
8.17, 151902
8.18, 151902
8.19, 151902
8.2, 151902
8.21, 151902
8.22, 151902
8.23, 151902
8.24, 151902
8.25, 151902
8.26, 151902
8.27, 151902
8.28, 151902
8.29, 151902
8.3, 151902
8.31, 151902
8.32, 151902
8.33, 151902
8.34, 151902
8.35, 151902
8.36, 151902
8.37, 151902
8.38, 151902
8.39, 151902
8.4, 151902
8.41, 151902
8.42, 151902
8.43, 151902
8.44, 151902
8.45, 151902
8.46, 151902
8.47, 151902
8.48, 151902
8.49, 151902
8.5, 151902
8.51, 151902
8.52, 151902
8.53, 151902
8.54, 151902
8.55, 151902
8.56, 151902
8.57, 151902
8.58, 151902
8.59, 151902
8.6, 151902
8.61, 151902
8.62, 151902
8.63, 151902
8.64, 151902
8.65, 151902
8.66, 151902
8.67, 151902
8.68, 151902
8.69, 151902
8.7, 151902
8.71, 151902
8.72, 151902
8.73, 151902
8.74, 151902
8.75, 151902
8.76, 151902
8.77, 151902
8.78, 151902
8.79, 151902
8.8, 151902
8.81, 151902
8.82, 151902
8.83, 151902
8.84, 151902
8.85, 151902
8.86, 151902
8.87, 151902
8.88, 151902
8.89, 151902
8.9, 151902
8.91, 151902
8.92, 151902
8.93, 151902
8.94, 151902
8.95, 151902
8.96, 151902
8.97, 151902
8.98, 151902
8.99, 151902
9.0, 151902
9.01, 151902
9.02, 151902
9.03, 151902
9.04, 151902
9.05, 151902
9.06, 151902
9.07, 151902
9.08, 151902
9.09, 151902
9.1, 151902
9.11, 151902
9.12, 151902
9.13, 151902
9.14, 151902
9.15, 151902
9.16, 151902
9.17, 151902
9.18, 151902
9.19, 151902
9.2, 151902
9.21, 151902
9.22, 151902
9.23, 151902
9.24, 151902
9.25, 151902
9.26, 151902
9.27, 151902
9.28, 151902
9.29, 151902
9.3, 151902
9.31, 151902
9.32, 151902
9.33, 151902
9.34, 151902
9.35, 151902
9.36, 151902
9.37, 151902
9.38, 151902
9.39, 151902
9.42, 151902
9.43, 151902
9.44, 151902
9.45, 151902
9.46, 151902
9.47, 151902
9.48, 151902
9.49, 151902
9.5, 151902
9.51, 151902
9.52, 151902
9.53, 151902
9.54, 151902
9.55, 151902
9.56, 151902
9.57, 151902
9.58, 151902
9.59, 151902
9.6, 151902
9.61, 151902
9.62, 151902
9.63, 151902
9.64, 151902
9.65, 151902
9.66, 151902
9.67, 151902
9.68, 151902
9.69, 151902
9.7, 151902
9.71, 151902
9.72, 151902
9.73, 151902
9.74, 151902
9.75, 151902
9.76, 151902
9.77, 151902
9.78, 151902
9.79, 151902
9.8, 151902
9.81, 151902
9.82, 151902
9.83, 151902
9.84, 151902
9.85, 151902
9.86, 151902
9.87, 151902
9.88, 151902
9.89, 151902
9.9, 151902
9.91, 151902
9.92, 151902
9.93, 151902
9.94, 151902
9.95, 151902
9.96, 151902
9.97, 151902
9.98, 151902
9.99, 151902
10.0, 151902
10.01, 151902
10.02, 151902
10.03, 151902
10.04, 151902
10.05, 151902
10.06, 151902
10.07, 151902
10.08, 151902
10.09, 151902
10.1, 151902
10.11, 151902
10.12, 151902
10.13, 151902
10.14, 151902
10.15, 151902
10.16, 151902
10.17, 151902
10.18, 151902
10.19, 151902
10.2, 151902
10.21, 151902
10.22, 151902
10.23, 151902
10.24, 151902
10.25, 151902
10.26, 151902
10.27, 151902
10.28, 151902
10.29, 151902
10.3, 151902
10.31, 151902
10.32, 151902
10.33, 151902
10.34, 151902
10.35, 151902
10.36, 151902
10.37, 151902
10.38, 151902
10.39, 151902
10.4, 151902
10.41, 151902
10.42, 151902
10.43, 151902
10.44, 151902
10.45, 151902
10.46, 151902
10.47, 151902
10.48, 151902
10.49, 151902
10.5, 151902
10.51, 151902
10.52, 151902
10.53, 151902
10.54, 151902
10.55, 151902
10.56, 151902
10.57, 151902
10.58, 151902
10.59, 151902
10.6, 151902
10.61, 151902
10.62, 151902
10.63, 151902
10.64, 151902
10.65, 151902
10.66, 151902
10.67, 151902
10.68, 151902
10.69, 151902
10.7, 151902
10.71, 151902
10.72, 151902
10.73, 151902
10.74, 151902
10.75, 151902
10.76, 151902
10.77, 151902
10.78, 151902
10.79, 151902
10.8, 151902
10.81, 151902
10.82, 151902
10.83, 151902
10.84, 151902
10.85, 151902
10.86, 151902
10.87, 151902
10.88, 151902
10.89, 151902
10.9, 151902
10.91, 151902
10.92, 151902
10.93, 151902
10.94, 151902
10.95, 151902
10.96, 151902
10.97, 151902
10.98, 151902
10.99, 151902
11.0, 151902
11.01, 151902
11.02, 151902
11.03, 151902
11.04, 151902
11.05, 151902
11.06, 151902
11.07, 151902
11.08, 151902
11.09, 151902
11.1, 151902
11.11, 151902
11.12, 151902
11.13, 151902
11.14, 151902
11.15, 151902
11.16, 151902
11.17, 151902
11.18, 151902
11.19, 151902
11.2, 151902
11.21, 151902
11.22, 151902
11.23, 151902
11.24, 151902
11.25, 151902
11.26, 151902
11.27, 151902
11.28, 151902
11.29, 151902
11.3, 151902
11.31, 151902
11.32, 151902
11.33, 151902
11.34, 151902
11.35, 151902
11.36, 151902
11.37, 151902
11.38, 151902
11.39, 151902
11.4, 151902
11.41, 151902
11.42, 151902
11.43, 151902
11.44, 151902
11.45, 151902
11.46, 151902
11.47, 151902
11.48, 151902
11.49, 151902
11.5, 151902
11.51, 151902
11.52, 151902
11.53, 151902
11.54, 151902
11.55, 151902
11.56, 151902
11.57, 151902
11.58, 151902
11.59, 151902
11.6, 151902
11.61, 151902
11.62, 151902
11.63, 151902
11.64, 151902
11.65, 151902
11.66, 151902
11.67, 151902
11.68, 151902
11.69, 151902
11.7, 151902
11.71, 151902
11.72, 151902
11.73, 151902
11.74, 151902
11.75, 151902
11.76, 151902
11.77, 151902
11.78, 151902
11.79, 151902
11.8, 151902
11.81, 151902
11.82, 151902
11.83, 151902
11.84, 151902
11.85, 151902
11.86, 151902
11.87, 151902
11.88, 151902
11.89, 151902
11.9, 151902
11.91, 151902
11.92, 151902
11.93, 151902
11.94, 151902
11.95, 151902
11.96, 151902
11.97, 151902
11.98, 151902
11.99, 151902
12.0, 151902
12.01, 151902
12.02, 151902
12.03, 151902
12.04, 151902
12.05, 151902
12.06, 151902
12.07, 151902
12.08, 151902
12.09, 151902
12.1, 151902
12.11, 151902
12.12, 151902
12.13, 151902
12.14, 151902
12.15, 151902
12.16, 151902
12.17, 151902
12.18, 151902
12.19, 151902
12.2, 151902
12.21, 151902
12.22, 151902
12.23, 151902
12.24, 151902
12.25, 151902
12.26, 151902
12.27, 151902
12.28, 151902
12.29, 151902
12.3, 151902
12.31, 151902
12.32, 151902
12.33, 151902
12.34, 151902
12.35, 151902
12.36, 151902
12.37, 151902
12.38, 151902
12.39, 151902
12.4, 151902
12.41, 151902
12.42, 151902
12.43, 151902
12.44, 151902
12.45, 151902
12.46, 151902
12.47, 151902
12.48, 151902
12.49, 151902
12.5, 151902
12.51, 151902
12.52, 151902
12.53, 151902
12.54, 151902
12.55, 151902
12.56, 151902
12.57, 151902
12.58, 151902
12.59, 151902
12.6, 151902
12.61, 151902
12.62, 151902
12.63, 151902
12.64, 151902
12.65, 151902
12.66, 151902
12.67, 151902
12.68, 151902
12.69, 151902
12.7, 151902
12.71, 151902
12.72, 151902
12.73, 151902
12.74, 151902
12.75, 151902
12.76, 151902
12.77, 151902
12.78, 151902
12.79, 151902
12.8, 151902
12.81, 151902
12.82, 151902
12.83, 151902
12.84, 151902
12.85, 151902
12.86, 151902
12.87, 151902
12.88, 151902
12.89, 151902
12.9, 151902
12.91, 151902
12.92, 151902
12.93, 151902
12.94, 151902
12.95, 151902
12.96, 151902
12.97, 151902
12.98, 151902
12.99, 151902
13.0, 151902
13.01, 151902
13.02, 151902
13.03, 151902
13.04, 151902
13.05, 151902
13.06, 151902
13.07, 151902
13.08, 151902
13.09, 151902
13.1, 151902
13.11, 151902
13.12, 151902
13.13, 151902
13.14, 151902
13.15, 151902
13.16, 151902
13.17, 151902
13.18, 151902
13.19, 151902
13.2, 151902
13.21, 151902
13.22, 151902
13.23, 151902
13.24, 151902
13.25, 151902
13.26, 151902
13.27, 151902
13.28, 151902
13.29, 151902
13.3, 151902
13.31, 151902
13.32, 151902
13.33, 151902
13.34, 151902
13.35, 151902
13.36, 151902
13.37, 151902
13.38, 151902
13.39, 151902
13.4, 151902
13.41, 151902
13.42, 151902
13.43, 151902
13.44, 151902
13.45, 151902
13.46, 151902
13.47, 151902
13.48, 151902
13.49, 151902
13.5, 151902
13.51, 151902
13.52, 151902
13.53, 151902
13.54, 151902
13.55, 151902
13.56, 151902
13.57, 151902
13.58, 151902
13.59, 151902
13.6, 151902
13.61, 151902
13.62, 151902
13.63, 151902
13.64, 151902
13.65, 151902
13.66, 151902
13.67, 151902
13.68, 151902
13.69, 151902
13.7, 151902
13.71, 151902
13.72, 151902
13.73, 151902
13.74, 151902
13.75, 151902
13.76, 151902
13.77, 151902
13.78, 151902
13.79, 151902
13.8, 151902
13.81, 151902
13.82, 151902
13.83, 151902
13.84, 151902
13.85, 151902
13.86, 151902
13.87, 151902
13.88, 151902
13.89, 151902
13.9, 151902
13.91, 151902
13.92, 151902
13.93, 151902
13.94, 151902
13.95, 151902
13.96, 151902
13.97, 151902
13.98, 151902
13.99, 151902
14.0, 151902
14.01, 151902
14.02, 151902
14.03, 151902
14.04, 151902
14.05, 151902
14.06, 151902
14.07, 151902
14.08, 151902
14.09, 151902
14.1, 151902
14.11, 151902
14.12, 151902
14.13, 151902
14.14, 151902
14.15, 151902
14.16, 151902
14.17, 151902
14.18, 151902
14.19, 151902
14.2, 151902
14.21, 151902
14.22, 151902
14.23, 151902
14.24, 151902
14.25, 151902
14.26, 151902
14.27, 151902
14.28, 151902
14.29, 151902
14.3, 151902
14.31, 151902
14.32, 151902
14.33, 151902
14.34, 151902
14.35, 151902
14.36, 151902
14.37, 151902
14.38, 151902
14.39, 151902
14.4, 151902
14.41, 151902
14.42, 151902
14.43, 151902
14.44, 151902
14.45, 151902
14.46, 151902
14.47, 151902
14.48, 151902
14.49, 151902
14.5, 151902
14.51, 151902
14.52, 151902
14.53, 151902
14.54, 151902
14.55, 151902
14.56, 151902
14.57, 151902
14.58, 151902
14.59, 151902
14.6, 151902
14.61, 151902
14.62, 151902
14.63, 151902
14.64, 151902
14.65, 151902
14.66, 151902
14.67, 151902
14.68, 151902
14.69, 151902
14.7, 151902
14.71, 151902
14.72, 151902
14.73, 151902
14.74, 151902
14.75, 151902
14.76, 151902
14.77, 151902
14.78, 151902
14.79, 151902
14.8, 151902
14.81, 151902
14.82, 151902
14.83, 151902
14.84, 151902
14.85, 151902
14.86, 151902
14.87, 151902
14.88, 151902
14.89, 151902
14.9, 151902
14.91, 151902
14.92, 151902
14.93, 151902
14.94, 151902
14.95, 151902
14.96, 151902
14.97, 151902
14.98, 151902
14.99, 151902
15.0, 151902
15.01, 151902
15.02, 151902
15.03, 151902
15.04, 151902
15.05, 151902
15.06, 151902
15.07, 151902
15.08, 151902
15.09, 151902
15.1, 151902
15.11, 151902
15.12, 151902
15.13, 151902
15.14, 151902
15.15, 151902
15.16, 151902
15.17, 151902
15.18, 151902
15.19, 151902
15.2, 151902
15.21, 151902
15.22, 151902
15.23, 151902
15.24, 151902
15.25, 151902
15.26, 151902
15.27, 151902
15.28, 151902
15.29, 151902
15.3, 151902
15.31, 151902
15.32, 151902
15.33, 151902
15.34, 151902
15.35, 151902
15.36, 151902
15.37, 151902
15.38, 151902
15.39, 151902
15.4, 151902
15.41, 151902
15.42, 151902
15.43, 151902
15.44, 151902
15.45, 151902
15.46, 151902
15.47, 151902
15.48, 151902
15.49, 151902
15.5, 151902
15.51, 151902
15.52, 151902
15.53, 151902
15.54, 151902
15.55, 151902
15.56, 151902
15.57, 151902
15.58, 151902
15.59, 151902
15.6, 151902
15.61, 151902
15.62, 151902
15.63, 151902
15.64, 151902
15.65, 151902
15.66, 151902
15.67, 151902
15.68, 151902
15.69, 151902
15.7, 151902
15.71, 151902
15.72, 151902
15.73, 151902
15.74, 151902
15.75, 151902
15.76, 151902
15.77, 151902
15.78, 151902
15.79, 151902
15.8, 151902
15.81, 151902
15.82, 151902
15.83, 151902
15.84, 151902
15.85, 151902
15.86, 151902
15.87, 151902
15.88, 151902
15.89, 151902
15.9, 151902
15.91, 151902
15.92, 151902
15.93, 151902
15.94, 151902
15.95, 151902
15.96, 151902
15.97, 151902
15.98, 151902
15.99, 151902
16.0, 151902
16.01, 151902
16.02, 151902
16.03, 151902
16.04, 151902
16.05, 151902
16.06, 151902
16.07, 151902
16.08, 151902
16.09, 151902
16.1, 151902
16.11, 151902
16.12, 151902
16.13, 151902
16.14, 151902
16.15, 151902
16.16, 151902
16.17, 151902
16.18, 151902
16.19, 151902
16.2, 151902
16.21, 151902
16.22, 151902
16.23, 151902
16.24, 151902
16.25, 151902
16.26, 151902
16.27, 151902
16.28, 151902
16.29, 151902
16.3, 151902
16.31, 151902
16.32, 151902
16.33, 151902
16.34, 151902
16.35, 151902
16.36, 151902
16.37, 151902
16.38, 151902
16.39, 151902
16.4, 151902
16.41, 151902
16.42, 151902
16.43, 151902
16.44, 151902
16.45, 151902
16.46, 151902
16.47, 151902
16.48, 151902
16.49, 151902
16.5, 151902
16.51, 151902
16.52, 151902
16.53, 151902
16.54, 151902
16.55, 151902
16.56, 151902
16.57, 151902
16.58, 151902
16.59, 151902
16.6, 151902
16.61, 151902
16.62, 151902
16.63, 151902
16.64, 151902
16.65, 151902
16.66, 151902
16.67, 151902
16.68, 151902
16.69, 151902
16.7, 151902
16.71, 151902
16.72, 151902
16.73, 151902
16.74, 151902
16.75, 151902
16.76, 151902
16.77, 151902
16.78, 151902
16.79, 151902
16.8, 151902
16.81, 151902
16.82, 151902
16.83, 151902
16.84, 151902
16.85, 151902
16.86, 151902
16.87, 151902
16.88, 151902
16.89, 151902
16.9, 151902
16.91, 151902
16.92, 151902
16.93, 151902
16.94, 151902
16.95, 151902
16.96, 151902
16.97, 151902
16.98, 151902
16.99, 151902
17.0, 151902
17.01, 151902
17.02, 151902
17.03, 151902
17.04, 151902
17.05, 151902
17.06, 151902
17.07, 151902
17.08, 151902
17.09, 151902
17.1, 151902
17.11, 151902
17.12, 151902
17.13, 151902
17.14, 151902
17.15, 151902
17.16, 151902
17.17, 151902
17.18, 151902
17.19, 151902
17.2, 151902
17.21, 151902
17.22, 151902
17.23, 151902
17.24, 151902
17.25, 151902
17.26, 151902
17.27, 151902
17.28, 151902
17.29, 151902
17.3, 151902
17.31, 151902
17.32, 151902
17.33, 151902
17.34, 151902
17.35, 151902
17.36, 151902
17.37, 151902
17.38, 151902
17.39, 151902
17.4, 151902
17.41, 151902
17.42, 151902
17.43, 151902
17.44, 151902
17.45, 151902
17.46, 151902
17.47, 151902
17.48, 151902
17.49, 151902
17.5, 151902
17.51, 151902
17.52, 151902
17.53, 151902
17.54, 151902
17.55, 151902
17.56, 151902
17.57, 151902
17.58, 151902
17.59, 151902
17.6, 151902
17.61, 151902
17.62, 151902
17.63, 151902
17.64, 151902
17.65, 151902
17.66, 151902
17.67, 151902
17.68, 151902
17.69, 151902
17.7, 151902
17.71, 151902
17.72, 151902
17.73, 151902
17.74, 151902
17.75, 151902
17.76, 151902
17.77, 151902
17.78, 151902
17.79, 151902
17.8, 151902
17.81, 151902
17.82, 151902
17.83, 151902
17.84, 151902
17.85, 151902
17.86, 151902
17.87, 151902
17.88, 151902
17.89, 151902
17.9, 151902
17.91, 151902
17.92, 151902
17.93, 151902
17.94, 151902
17.95, 151902
17.96, 151902
17.97, 151902
17.98, 151902
17.99, 151902
18.0, 151902
18.01, 151902
18.02, 151902
18.03, 151902
18.04, 151902
18.05, 151902
18.06, 151902
18.07, 151902
18.08, 151902
18.09, 151902
18.1, 151902
18.11, 151902
18.12, 151902
18.13, 151902
18.14, 151902
18.15, 151902
18.16, 151902
18.17, 151902
18.18, 151902
18.19, 151902
18.2, 151902
18.21, 151902
18.22, 151902
18.23, 151902
18.24, 151902
18.25, 151902
18.26, 151902
18.27, 151902
18.28, 151902
18.29, 151902
18.3, 151902
18.31, 151902
18.32, 151902
18.33, 151902
18.34, 151902
18.35, 151902
18.36, 151902
18.37, 151902
18.38, 151902
18.39, 151902
18.4, 151902
18.41, 151902
18.42, 151902
18.43, 151902
18.44, 151902
18.45, 151902
18.46, 151902
18.47, 151902
18.48, 151902
18.49, 151902
18.5, 151902
18.51, 151902
18.52, 151902
18.53, 151902
18.54, 151902
18.55, 151902
18.56, 151902
18.57, 151902
18.58, 151902
18.59, 151902
18.6, 151902
18.61, 151902
18.62, 151902
18.63, 151902
18.64, 151902
18.65, 151902
18.66, 151902
18.67, 151902
18.68, 151902
18.69, 151902
18.7, 151902
18.71, 151902
18.72, 151902
18.73, 151902
18.74, 151902
18.75, 151902
18.76, 151902
18.77, 151902
18.78, 151902
18.79, 151902
18.8, 151902
18.81, 151902
18.82, 151902
18.83, 151902
18.84, 151902
18.85, 151902
18.86, 151902
18.87, 151902
18.88, 151902
18.89, 151902
18.9, 151902
18.91, 151902
18.92, 151902
18.93, 151902
18.94, 151902
18.95, 151902
18.96, 151902
18.97, 151902
18.98, 151902
18.99, 151902
19.0, 151902
19.01, 151902
19.02, 151902
19.03, 151902
19.04, 151902
19.05, 151902
19.06, 151902
19.07, 151902
19.08, 151902
19.09, 151902
19.1, 151902
19.11, 151902
19.12, 151902
19.13, 151902
19.14, 151902
19.15, 151902
19.16, 151902
19.17, 151902
19.18, 151902
19.19, 151902
19.2, 151902
19.21, 151902
19.22, 151902
19.23, 151902
19.24, 151902
19.25, 151902
19.26, 151902
19.27, 151902
19.28, 151902
19.29, 151902
19.3, 151902
19.31, 151902
19.32, 151902
19.33, 151902
19.34, 151902
19.35, 151902
19.36, 151902
19.37, 151902
19.38, 151902
19.39, 151902
19.4, 151902
19.41, 151902
19.42, 151902
19.43, 151902
19.44, 151902
19.45, 151902
19.46, 151902
19.47, 151902
19.48, 151902
19.49, 151902
19.5, 151902
19.51, 151902
19.52, 151902
19.53, 151902
19.54, 151902
19.55, 151902
19.56, 151902
19.57, 151902
19.58, 151902
19.59, 151902
19.6, 151902
19.61, 151902
19.62, 151902
19.63, 151902
19.64, 151902
19.65, 151902
19.66, 151902
19.67, 151902
19.68, 151902
19.69, 151902
19.7, 151902
19.71, 151902
19.72, 151902
19.73, 151902
19.74, 151902
19.75, 151902
19.76, 151902
19.77, 151902
19.78, 151902
19.79, 151902
19.8, 151902
19.81, 151902
19.82, 151902
19.83, 151902
19.84, 151902
19.85, 151902
19.86, 151902
19.87, 151902
19.88, 151902
19.89, 151902
19.9, 151902
19.91, 151902
19.92, 151902
19.93, 151902
19.94, 151902
19.95, 151902
19.96, 151902
19.97, 151902
19.98, 151902
19.99, 151902
20.0, 151902
20.01, 151902
20.02, 151902
20.03, 151902
20.04, 151902
20.05, 151902
20.06, 151902
20.07, 151902
20.08, 151902
20.09, 151902
20.1, 151902
20.11, 151902
20.12, 151902
20.13, 151902
20.14, 151902
20.15, 151902
20.16, 151902
20.17, 151902
20.18, 151902
20.19, 151902
20.2, 151902
20.21, 151902
20.22, 151902
20.23, 151902
20.24, 151902
20.25, 151902
20.26, 151902
20.27, 151902
20.28, 151902
20.29, 151902
20.3, 151902
20.31, 151902
20.32, 151902
20.33, 151902
20.34, 151902
20.35, 151902
20.36, 151902
20.37, 151902
20.38, 151902
20.39, 151902
20.4, 151902
20.41, 151902
20.42, 151902
20.43, 151902
20.44, 151902
20.45, 151902
20.46, 151902
20.47, 151902
20.48, 151902
20.49, 151902
20.5, 151902
20.51, 151902
20.52, 151902
20.53, 151902
20.54, 151902
20.55, 151902
20.56, 151902
20.57, 151902
20.58, 151902
20.59, 151902
20.6, 151902
20.61, 151902
20.62, 151902
20.63, 151902
20.64, 151902
20.65, 151902
20.66, 151902
20.67, 151902
20.68, 151902
20.69, 151902
20.7, 151902
20.71, 151902
20.72, 151902
20.73, 151902
20.74, 151902
20.75, 151902
20.76, 151902
20.77, 151902
20.78, 151902
20.79, 151902
20.8, 151902
20.81, 151902
20.82, 151902
20.83, 151902
20.84, 151902
20.85, 151902
20.86, 151902
20.87, 151902
20.88, 151902
20.89, 151902
20.9, 151902
20.91, 151902
20.92, 151902
20.93, 151902
20.94, 151902
20.95, 151902
20.96, 151902
20.97, 151902
20.98, 151902
20.99, 151902
21.0, 151902
21.01, 151902
21.02, 151902
21.03, 151902
21.04, 151902
21.05, 151902
21.06, 151902
21.07, 151902
21.08, 151902
21.09, 151902
21.1, 151902
21.11, 151902
21.12, 151902
21.13, 151902
21.14, 151902
21.15, 151902
21.16, 151902
21.17, 151902
21.18, 151902
21.19, 151902
21.2, 151902
21.21, 151902
21.22, 151902
21.23, 151902
21.24, 151902
21.25, 151902
21.26, 151902
21.27, 151902
21.28, 151902
21.29, 151902
21.3, 151902
21.31, 151902
21.32, 151902
21.33, 151902
21.34, 151902
21.35, 151902
21.36, 151902
21.37, 151902
21.38, 151902
21.39, 151902
21.4, 151902
21.41, 151902
21.42, 151902
21.43, 151902
21.44, 151902
21.45, 151902
21.46, 151902
21.47, 151902
21.48, 151902
21.49, 151902
21.5, 151902
21.51, 151902
21.52, 151902
21.53, 151902
21.54, 151902
21.55, 151902
21.56, 151902
21.57, 151902
21.58, 151902
21.59, 151902
21.6, 151902
21.61, 151902
21.62, 151902
21.63, 151902
21.64, 151902
21.65, 151902
21.66, 151902
21.67, 151902
21.68, 151902
21.69, 151902
21.7, 151902
21.71, 151902
21.72, 151902
21.73, 151902
21.74, 151902
21.75, 151902
21.76, 151902
21.77, 151902
21.78, 151902
21.79, 151902
21.8, 151902
21.81, 151902
21.82, 151902
21.83, 151902
21.84, 151902
21.85, 151902
21.86, 151902
21.87, 151902
21.88, 151902
21.89, 151902
21.9, 151902
21.91, 151902
21.92, 151902
21.93, 151902
21.94, 151902
21.95, 151902
21.96, 151902
21.97, 151902
21.98, 151902
21.99, 151902
22.0, 151902
22.01, 151902
22.02, 151902
22.03, 151902
22.04, 151902
22.05, 151902
22.06, 151902
22.07, 151902
22.08, 151902
22.09, 151902
22.1, 151902
22.11, 151902
22.12, 151902
22.13, 151902
22.14, 151902
22.15, 151902
22.16, 151902
22.17, 151902
22.18, 151902
22.19, 151902
22.2, 151902
22.21, 151902
22.22, 151902
22.23, 151902
22.24, 151902
22.25, 151902
22.26, 151902
22.27, 151902
22.28, 151902
22.29, 151902
22.3, 151902
22.31, 151902
22.32, 151902
22.33, 151902
22.34, 151902
22.35, 151902
22.36, 151902
22.37, 151902
22.38, 151902
22.39, 151902
22.4, 151902
22.41, 151902
22.42, 151902
22.43, 151902
22.44, 151902
22.45, 151902
22.46, 151902
22.47, 151902
22.48, 151902
22.49, 151902
22.5, 151902
22.51, 151902
22.52, 151902
22.53, 151902
22.54, 151902
22.55, 151902
22.56, 151902
22.57, 151902
22.58, 151902
22.59, 151902
22.6, 151902
22.61, 151902
22.62, 151902
22.63, 151902
22.64, 151902
22.65, 151902
22.66, 151902
22.67, 151902
22.68, 151902
22.69, 151902
22.7, 151902
22.71, 151902
22.72, 151902
22.73, 151902
22.74, 151902
22.75, 151902
22.76, 151902
22.77, 151902
22.78, 151902
22.79, 151902
22.8, 151902
22.81, 151902
22.82, 151902
22.83, 151902
22.84, 151902
22.85, 151902
22.86, 151902
22.87, 151902
22.88, 151902
22.89, 151902
22.9, 151902
22.91, 151902
22.92, 151902
22.93, 151902
22.94, 151902
22.95, 151902
22.96, 151902
22.97, 151902
22.98, 151902
22.99, 151902
23.0, 151902
23.01, 151902
23.02, 151902
23.03, 151902
23.04, 151902
23.05, 151902
23.06, 151902
23.07, 151902
23.08, 151902
23.09, 151902
23.1, 151902
23.11, 151902
23.12, 151902
23.13, 151902
23.14, 151902
23.15, 151902
23.16, 151902
23.17, 151902
23.18, 151902
23.19, 151902
23.2, 151902
23.21, 151902
23.22, 151902
23.23, 151902
23.24, 151902
23.25, 151902
23.26, 151902
23.27, 151902
23.28, 151902
23.29, 151902
23.3, 151902
23.31, 151902
23.32, 151902
23.33, 151902
23.34, 151902
23.35, 151902
23.36, 151902
23.37, 151902
23.38, 151902
23.39, 151902
23.4, 151902
23.41, 151902
23.42, 151902
23.43, 151902
23.44, 151902
23.45, 151902
23.46, 151902
23.47, 151902
23.48, 151902
23.49, 151902
23.5, 151902
23.51, 151902
23.52, 151902
23.53, 151902
23.54, 151902
23.55, 151902
23.56, 151902
23.57, 151902
23.58, 151902
23.59, 151902
23.6, 151902
23.61, 151902
23.62, 151902
23.63, 151902
23.64, 151902
23.65, 151902
23.66, 151902
23.67, 151902
23.68, 151902
23.69, 151902
23.7, 151902
23.71, 151902
23.72, 151902
23.73, 151902
23.74, 151902
23.75, 151902
23.76, 151902
23.77, 151902
23.78, 151902
23.79, 151902
23.8, 151902
23.81, 151902
23.82, 151902
23.83, 151902
23.84, 151902
23.85, 151902
23.86, 151902
23.87, 151902
23.88, 151902
23.89, 151902
23.9, 151902
23.91, 151902
23.92, 151902
23.93, 151902
23.94, 151902
23.95, 151902
23.96, 151902
23.97, 151902
23.98, 151902
23.99, 151902
24.0, 151902
24.01, 151902
24.02, 151902
24.03, 151902
24.04, 151902
24.05, 151902
24.06, 151902
24.07, 151902
24.08, 151902
24.09, 151902
24.1, 151902
24.11, 151902
24.12, 151902
24.13, 151902
24.14, 151902
24.15, 151902
24.16, 151902
24.17, 151902
24.18, 151902
24.19, 151902
24.2, 151902
24.21, 151902
24.22, 151902
24.23, 151902
24.24, 151902
24.25, 151902
24.26, 151902
24.27, 151902
24.28, 151902
24.29, 151902
24.3, 151902
24.31, 151902
24.32, 151902
24.33, 151902
24.34, 151902
24.35, 151902
24.36, 151902
24.37, 151902
24.38, 151902
24.39, 151902
24.4, 151902
24.41, 151902
24.42, 151902
24.43, 151902
24.44, 151902
24.45, 151902
24.46, 151902
24.47, 151902
24.48, 151902
24.49, 151902
24.5, 151902
24.51, 151902
24.52, 151902
24.53, 151902
24.54, 151902
24.55, 151902
24.56, 151902
24.57, 151902
24.58, 151902
24.59, 151902
24.6, 151902
24.61, 151902
24.62, 151902
24.63, 151902
24.64, 151902
24.65, 151902
24.66, 151902
24.67, 151902
24.68, 151902
24.69, 151902
24.7, 151902
24.71, 151902
24.72, 151902
24.73, 151902
24.74, 151902
24.75, 151902
24.76, 151902
24.77, 151902
24.78, 151902
24.79, 151902
24.8, 151902
24.81, 151902
24.82, 151902
24.83, 151902
24.84, 151902
24.85, 151902
24.86, 151902
24.87, 151902
24.88, 151902
24.89, 151902
24.9, 151902
24.91, 151902
24.92, 151902
24.93, 151902
24.94, 151902
24.95, 151902
24.96, 151902
24.97, 151902
24.98, 151902
24.99, 151902
25.0, 151902
25.01, 151902
25.02, 151902
25.03, 151902
25.04, 151902
25.05, 151902
25.06, 151902
25.07, 151902
25.08, 151902
25.09, 151902
25.1, 151902
25.11, 151902
25.12, 151902
25.13, 151902
25.14, 151902
25.15, 151902
25.16, 151902
25.17, 151902
25.18, 151902
25.19, 151902
25.2, 151902
25.21, 151902
25.22, 151902
25.23, 151902
25.24, 151902
25.25, 151902
25.26, 151902
25.27, 151902
25.28, 151902
25.29, 151902
25.3, 151902
25.31, 151902
25.32, 151902
25.33, 151902
25.34, 151902
25.35, 151902
25.36, 151902
25.37, 151902
25.38, 151902
25.39, 151902
25.4, 151902
25.41, 151902
25.42, 151902
25.43, 151902
25.44, 151902
25.45, 151902
25.46, 151902
25.47, 151902
25.48, 151902
25.49, 151902
25.5, 151902
25.51, 151902
25.52, 151902
25.53, 151902
25.54, 151902
25.55, 151902
25.56, 151902
25.57, 151902
25.58, 151902
25.59, 151902
25.6, 151902
25.61, 151902
25.62, 151902
25.63, 151902
25.64, 151902
25.65, 151902
25.66, 151902
25.67, 151902
25.68, 151902
25.69, 151902
25.7, 151902
25.71, 151902
25.72, 151902
25.73, 151902
25.74, 151902
25.75, 151902
25.76, 151902
25.77, 151902
25.78, 151902
25.79, 151902
25.8, 151902
25.81, 151902
25.82, 151902
25.83, 151902
25.84, 151902
25.85, 151902
25.86, 151902
25.87, 151902
25.88, 151902
25.89, 151902
25.9, 151902
25.91, 151902
25.92, 151902
25.93, 151902
25.94, 151902
25.95, 151902
25.96, 151902
25.97, 151902
25.98, 151902
25.99, 151902
26.0, 151902
26.01, 151902
26.02, 151902
26.03, 151902
26.04, 151902
26.05, 151902
26.06, 151902
26.07, 151902
26.08, 151902
26.09, 151902
26.1, 151902
26.11, 151902
26.12, 151902
26.13, 151902
26.14, 151902
26.15, 151902
26.16, 151902
26.17, 151902
26.18, 151902
26.19, 151902
26.2, 151902
26.21, 151902
26.22, 151902
26.23, 151902
26.24, 151902
26.25, 151902
26.26, 151902
26.27, 151902
26.28, 151902
26.29, 151902
26.3, 151902
26.31, 151902
26.32, 151902
26.33, 151902
26.34, 151902
26.35, 151902
26.36, 151902
26.37, 151902
26.38, 151902
26.39, 151902
26.4, 151902
26.41, 151902
26.42, 151902
26.43, 151902
26.44, 151902
26.45, 151902
26.46, 151902
26.47, 151902
26.48, 151902
26.49, 151902
26.5, 151902
26.51, 151902
26.52, 151902
26.53, 151902
26.54, 151902
26.55, 151902
26.56, 151902
26.57, 151902
26.58, 151902
26.59, 151902
26.6, 151902
26.61, 151902
26.62, 151902
26.63, 151902
26.64, 151902
26.65, 151902
26.66, 151902
26.67, 151902
26.68, 151902
26.69, 151902
26.7, 151902
26.71, 151902
26.72, 151902
26.73, 151902
26.74, 151902
26.75, 151902
26.76, 151902
26.77, 151902
26.78, 151902
26.79, 151902
26.8, 151902
26.81, 151902
26.82, 151902
26.83, 151902
26.84, 151902
26.85, 151902
26.86, 151902
26.87, 151902
26.88, 151902
26.89, 151902
26.9, 151902
26.91, 151902
26.92, 151902
26.93, 151902
26.94, 151902
26.95, 151902
26.96, 151902
26.97, 151902
26.98, 151902
26.99, 151902
27.0, 151902
27.01, 151902
27.02, 151902
27.03, 151902
27.04, 151902
27.05, 151902
27.06, 151902
27.07, 151902
27.08, 151902
27.09, 151902
27.1, 151902
27.11, 151902
27.12, 151902
27.13, 151902
27.14, 151902
27.15, 151902
27.16, 151902
27.17, 151902
27.18, 151902
27.19, 151902
27.2, 151902
27.21, 151902
27.22, 151902
27.23, 151902
27.24, 151902
27.25, 151902
27.26, 151902
27.27, 151902
27.28, 151902
27.29, 151902
27.3, 151902
27.31, 151902
27.32, 151902
27.33, 151902
27.34, 151902
27.35, 151902
27.36, 151902
27.37, 151902
27.38, 151902
27.39, 151902
27.4, 151902
27.41, 151902
27.42, 151902
27.43, 151902
27.44, 151902
27.45, 151902
27.46, 151902
27.47, 151902
27.48, 151902
27.49, 151902
27.5, 151902
27.51, 151902
27.52, 151902
27.53, 151902
27.54, 151902
27.55, 151902
27.56, 151902
27.57, 151902
27.58, 151902
27.59, 151902
27.6, 151902
27.61, 151902
27.62, 151902
27.63, 151902
27.64, 151902
27.65, 151902
27.66, 151902
27.67, 151902
27.68, 151902
27.69, 151902
27.7, 151902
27.71, 151902
27.72, 151902
27.73, 151902
27.74, 151902
27.75, 151902
27.76, 151902
27.77, 151902
27.78, 151902
27.79, 151902
27.8, 151902
27.81, 151902
27.82, 151902
27.83, 151902
27.84, 151902
27.85, 151902
27.86, 151902
27.87, 151902
27.88, 151902
27.89, 151902
27.9, 151902
27.91, 151902
27.92, 151902
27.93, 151902
27.94, 151902
27.95, 151902
27.96, 151902
27.97, 151902
27.98, 151902
27.99, 151902
28.0, 151902
28.01, 151902
28.02, 151902
28.03, 151902
28.04, 151902
28.05, 151902
28.06, 151902
28.07, 151902
28.08, 151902
28.09, 151902
28.1, 151902
28.11, 151902
28.12, 151902
28.13, 151902
28.14, 151902
28.15, 151902
28.16, 151902
28.17, 151902
28.18, 151902
28.19, 151902
28.2, 151902
28.21, 151902
28.22, 151902
28.23, 151902
28.24, 151902
28.25, 151902
28.26, 151902
28.27, 151902
28.28, 151902
28.29, 151902
28.3, 151902
28.31, 151902
28.32, 151902
28.33, 151902
28.34, 151902
28.35, 151902
28.36, 151902
28.37, 151902
28.38, 151902
28.39, 151902
28.4, 151902
28.41, 151902
28.42, 151902
28.43, 151902
28.44, 151902
28.45, 151902
28.46, 151902
28.47, 151902
28.48, 151902
28.49, 151902
28.5, 151902
28.51, 151902
28.52, 151902
28.53, 151902
28.54, 151902
28.55, 151902
28.56, 151902
28.57, 151902
28.58, 151902
28.59, 151902
28.6, 151902
28.61, 151902
28.62, 151902
28.63, 151902
28.64, 151902
28.65, 151902
28.66, 151902
28.67, 151902
28.68, 151902
28.69, 151902
28.7, 151902
28.71, 151902
28.72, 151902
28.73, 151902
28.74, 151902
28.75, 151902
28.76, 151902
28.77, 151902
28.78, 151902
28.79, 151902
28.8, 151902
28.81, 151902
28.82, 151902
28.83, 151902
28.84, 151902
28.85, 151902
28.86, 151902
28.87, 151902
28.88, 151902
28.89, 151902
28.9, 151902
28.91, 151902
28.92, 151902
28.93, 151902
28.94, 151902
28.95, 151902
28.96, 151902
28.97, 151902
28.98, 151902
28.99, 151902
29.0, 151902
29.01, 151902
29.02, 151902
29.03, 151902
29.04, 151902
29.05, 151902
29.06, 151902
29.07, 151902
29.08, 151902
29.09, 151902
29.1, 151902
29.11, 151902
29.12, 151902
29.13, 151902
29.14, 151902
29.15, 151902
29.16, 151902
29.17, 151902
29.18, 151902
29.19, 151902
29.2, 151902
29.21, 151902
29.22, 151902
29.23, 151902
29.24, 151902
29.25, 151902
29.26, 151902
29.27, 151902
29.28, 151902
29.29, 151902
29.3, 151902
29.31, 151902
29.32, 151902
29.33, 151902
29.34, 151902
29.35, 151902
29.36, 151902
29.37, 151902
29.38, 151902
29.39, 151902
29.4, 151902
29.41, 151902
29.42, 151902
29.43, 151902
29.44, 151902
29.45, 151902
29.46, 151902
29.47, 151902
29.48, 151902
29.49, 151902
29.5, 151902
29.51, 151902
29.52, 151902
29.53, 151902
29.54, 151902
29.55, 151902
29.56, 151902
29.57, 151902
29.58, 151902
29.59, 151902
29.6, 151902
29.61, 151902
29.62, 151902
29.63, 151902
29.64, 151902
29.65, 151902
29.66, 151902
29.67, 151902
29.68, 151902
29.69, 151902
29.7, 151902
29.71, 151902
29.72, 151902
29.73, 151902
29.74, 151902
29.75, 151902
29.76, 151902
29.77, 151902
29.78, 151902
29.79, 151902
29.8, 151902
29.81, 151902
29.82, 151902
29.83, 151902
29.84, 151902
29.85, 151902
29.86, 151902
29.87, 151902
29.88, 151902
29.89, 151902
29.9, 151902
29.91, 151902
29.92, 151902
29.93, 151902
29.94, 151902
29.95, 151902
29.96, 151902
29.97, 151902
29.98, 151902
29.99, 151902
30.0, 151902
30.01, 151902
30.02, 151902
30.03, 151902
30.04, 151902
30.05, 151902
30.06, 151902
30.07, 151902
30.08, 151902
30.09, 151902
30.1, 151902
30.11, 151902
30.12, 151902
30.13, 151902
30.14, 151902
30.15, 151902
30.16, 151902
30.17, 151902
30.18, 151902
30.19, 151902
30.2, 151902
30.21, 151902
30.22, 151902
30.23, 151902
30.24, 151902
30.25, 151902
30.26, 151902
30.27, 151902
30.28, 151902
30.29, 151902
30.3, 151902
30.31, 151902
30.32, 151902
30.33, 151902
30.34, 151902
30.35, 151902
30.36, 151902
30.37, 151902
30.38, 151902
30.39, 151902
30.4, 151902
30.41, 151902
30.42, 151902
30.43, 151902
30.44, 151902
30.45, 151902
30.46, 151902
30.47, 151902
30.48, 151902
30.49, 151902
30.5, 151902
30.51, 151902
30.52, 151902
30.53, 151902
30.54, 151902
30.55, 151902
30.56, 151902
30.57, 151902
30.58, 151902
30.59, 151902
30.6, 151902
30.61, 151902
30.62, 151902
30.63, 151902
30.64, 151902
30.65, 151902
30.66, 151902
30.67, 151902
30.68, 151902
30.69, 151902
30.7, 151902
30.71, 151902
30.72, 151902
30.73, 151902
30.74, 151902
30.75, 151902
30.76, 151902
30.77, 151902
30.78, 151902
30.79, 151902
30.8, 151902
30.81, 151902
30.82, 151902
30.83, 151902
30.84, 151902
30.85, 151902
30.86, 151902
30.87, 151902
30.88, 151902
30.89, 151902
30.9, 151902
30.91, 151902
30.92, 151902
30.93, 151902
30.94, 151902
30.95, 151902
30.96, 151902
30.97, 151902
30.98, 151902
30.99, 151902
31.0, 151902
31.01, 151902
31.02, 151902
31.03, 151902
31.04, 151902
31.05, 151902
31.06, 151902
31.07, 151902
31.08, 151902
31.09, 151902
31.1, 151902
31.11, 151902
31.12, 151902
31.13, 151902
31.14, 151902
31.15, 151902
31.16, 151902
31.17, 151902
31.18, 151902
31.19, 151902
31.2, 151902
31.21, 151902
31.22, 151902
31.23, 151902
31.24, 151902
31.25, 151902
31.26, 151902
31.27, 151902
31.28, 151902
31.29, 151902
31.3, 151902
31.31, 151902
31.32, 151902
31.33, 151902
31.34, 151902
31.35, 151902
31.36, 151902
31.37, 151902
31.38, 151902
31.39, 151902
31.4, 151902
31.41, 151902
31.42, 151902
31.43, 151902
31.44, 151902
31.45, 151902
31.46, 151902
31.47, 151902
31.48, 151902
31.49, 151902
31.5, 151902
31.51, 151902
31.52, 151902
31.53, 151902
31.54, 151902
31.55, 151902
31.56, 151902
31.57, 151902
31.58, 151902
31.59, 151902
31.6, 151902
31.61, 151902
31.62, 151902
31.63, 151902
31.64, 151902
31.65, 151902
31.66, 151902
31.67, 151902
31.68, 151902
31.69, 151902
31.7, 151902
31.71, 151902
31.72, 151902
31.73, 151902
31.74, 151902
31.75, 151902
31.76, 151902
31.77, 151902
31.78, 151902
31.79, 151902
31.8, 151902
31.81, 151902
31.82, 151902
31.83, 151902
31.84, 151902
31.85, 151902
31.86, 151902
31.87, 151902
31.88, 151902
31.89, 151902
31.9, 151902
31.91, 151902
31.92, 151902
31.93, 151902
31.94, 151902
31.95, 151902
31.96, 151902
31.97, 151902
31.98, 151902
31.99, 151902
32.0, 151902
32.01, 151902
32.02, 151902
32.03, 151902
32.04, 151902
32.05, 151902
32.06, 151902
32.07, 151902
32.08, 151902
32.09, 151902
32.1, 151902
32.11, 151902
32.12, 151902
32.13, 151902
32.14, 151902
32.15, 151902
32.16, 151902
32.17, 151902
32.18, 151902
32.19, 151902
32.2, 151902
32.21, 151902
32.22, 151902
32.23, 151902
32.24, 151902
32.25, 151902
32.26, 151902
32.27, 151902
32.28, 151902
32.29, 151902
32.3, 151902
32.31, 151902
32.32, 151902
32.33, 151902
32.34, 151902
32.35, 151902
32.36, 151902
32.37, 151902
32.38, 151902
32.39, 151902
32.4, 151902
32.41, 151902
32.42, 151902
32.43, 151902
32.44, 151902
32.45, 151902
32.46, 151902
32.47, 151902
32.48, 151902
32.49, 151902
32.5, 151902
32.51, 151902
32.52, 151902
32.53, 151902
32.54, 151902
32.55, 151902
32.56, 151902
32.57, 151902
32.58, 151902
32.59, 151902
32.6, 151902
32.61, 151902
32.62, 151902
32.63, 151902
32.64, 151902
32.65, 151902
32.66, 151902
32.67, 151902
32.68, 151902
32.69, 151902
32.7, 151902
32.71, 151902
32.72, 151902
32.73, 151902
32.74, 151902
32.75, 151902
32.76, 151902
32.77, 151902
32.78, 151902
32.79, 151902
32.8, 151902
32.81, 151902
32.82, 151902
32.83, 151902
32.84, 151902
32.85, 151902
32.86, 151902
32.87, 151902
32.88, 151902
32.89, 151902
32.9, 151902
32.91, 151902
32.92, 151902
32.93, 151902
32.94, 151902
32.95, 151902
32.96, 151902
32.97, 151902
32.98, 151902
32.99, 151902
33.0, 151902
33.01, 151902
33.02, 151902
33.03, 151902
33.04, 151902
33.05, 151902
33.06, 151902
33.07, 151902
33.08, 151902
33.09, 151902
33.1, 151902
33.11, 151902
33.12, 151902
33.13, 151902
33.14, 151902
33.15, 151902
33.16, 151902
33.17, 151902
33.18, 151902
33.19, 151902
33.2, 151902
33.21, 151902
33.22, 151902
33.23, 151902
33.24, 151902
33.25, 151902
33.26, 151902
33.27, 151902
33.28, 151902
33.29, 151902
33.3, 151902
33.31, 151902
33.32, 151902
33.33, 151902
33.34, 151902
33.35, 151902
33.36, 151902
33.37, 151902
33.38, 151902
33.39, 151902
33.4, 151902
33.41, 151902
33.42, 151902
33.43, 151902
33.44, 151902
33.45, 151902
33.46, 151902
33.47, 151902
33.48, 151902
33.49, 151902
33.5, 151902
33.51, 151902
33.52, 151902
33.53, 151902
33.54, 151902
33.55, 151902
33.56, 151902
33.57, 151902
33.58, 151902
33.59, 151902
33.6, 151902
33.61, 151902
33.62, 151902
33.63, 151902
33.64, 151902
33.65, 151902
33.66, 151902
33.67, 151902
33.68, 151902
33.69, 151902
33.7, 151902
33.71, 151902
33.72, 151902
33.73, 151902
33.74, 151902
33.75, 151902
33.76, 151902
33.77, 151902
33.78, 151902
33.79, 151902
33.8, 151902
33.81, 151902
33.82, 151902
33.83, 151902
33.84, 151902
33.85, 151902
33.86, 151902
33.87, 151902
33.88, 151902
33.89, 151902
33.9, 151902
33.91, 151902
33.92, 151902
33.93, 151902
33.94, 151902
33.95, 151902
33.96, 151902
33.97, 151902
33.98, 151902
33.99, 151902
34.0, 151902
34.01, 151902
34.02, 151902
34.03, 151902
34.04, 151902
34.05, 151902
34.06, 151902
34.07, 151902
34.08, 151902
34.09, 151902
34.1, 151902
34.11, 151902
34.12, 151902
34.13, 151902
34.14, 151902
34.15, 151902
34.16, 151902
34.17, 151902
34.18, 151902
34.19, 151902
34.2, 151902
34.21, 151902
34.22, 151902
34.23, 151902
34.24, 151902
34.25, 151902
34.26, 151902
34.27, 151902
34.28, 151902
34.29, 151902
34.3, 151902
34.31, 151902
34.32, 151902
34.33, 151902
34.34, 151902
34.35, 151902
34.36, 151902
34.37, 151902
34.38, 151902
34.39, 151902
34.4, 151902
34.41, 151902
34.42, 151902
34.43, 151902
34.44, 151902
34.45, 151902
34.46, 151902
34.47, 151902
34.48, 151902
34.49, 151902
34.5, 151902
34.51, 151902
34.52, 151902
34.53, 151902
34.54, 151902
34.55, 151902
34.56, 151902
34.57, 151902
34.58, 151902
34.59, 151902
34.6, 151902
34.61, 151902
34.62, 151902
34.63, 151902
34.64, 151902
34.65, 151902
34.66, 151902
34.67, 151902
34.68, 151902
34.69, 151902
34.7, 151902
34.71, 151902
34.72, 151902
34.73, 151902
34.74, 151902
34.75, 151902
34.76, 151902
34.77, 151902
34.78, 151902
34.79, 151902
34.8, 151902
34.81, 151902
34.82, 151902
34.83, 151902
34.84, 151902
34.85, 151902
34.86, 151902
34.87, 151902
34.88, 151902
34.89, 151902
34.9, 151902
34.91, 151902
34.92, 151902
34.93, 151902
34.94, 151902
34.95, 151902
34.96, 151902
34.97, 151902
34.98, 151902
34.99, 151902
35.0, 151902
35.01, 151902
35.02, 151902
35.03, 151902
35.04, 151902
35.05, 151902
35.06, 151902
35.07, 151902
35.08, 151902
35.09, 151902
35.1, 151902
35.11, 151902
35.12, 151902
35.13, 151902
35.14, 151902
35.15, 151902
35.16, 151902
35.17, 151902
35.18, 151902
35.19, 151902
35.2, 151902
35.21, 151902
35.22, 151902
35.23, 151902
35.24, 151902
35.25, 151902
35.26, 151902
35.27, 151902
35.28, 151902
35.29, 151902
35.3, 151902
35.31, 151902
35.32, 151902
35.33, 151902
35.34, 151902
35.35, 151902
35.36, 151902
35.37, 151902
35.38, 151902
35.39, 151902
35.4, 151902
35.41, 151902
35.42, 151902
35.43, 151902
35.44, 151902
35.45, 151902
35.46, 151902
35.47, 151902
35.48, 151902
35.49, 151902
35.5, 151902
35.51, 151902
35.52, 151902
35.53, 151902
35.54, 151902
35.55, 151902
35.56, 151902
35.57, 151902
35.58, 151902
35.59, 151902
35.6, 151902
35.61, 151902
35.62, 151902
35.63, 151902
35.64, 151902
35.65, 151902
35.66, 151902
35.67, 151902
35.68, 151902
35.69, 151902
35.7, 151902
35.71, 151902
35.72, 151902
35.73, 151902
35.74, 151902
35.75, 151902
35.76, 151902
35.77, 151902
35.78, 151902
35.79, 151902
35.8, 151902
35.81, 151902
35.82, 151902
35.83, 151902
35.84, 151902
35.85, 151902
35.86, 151902
35.87, 151902
35.88, 151902
35.89, 151902
35.9, 151902
35.91, 151902
35.92, 151902
35.93, 151902
35.94, 151902
35.95, 151902
35.96, 151902
35.97, 151902
35.98, 151902
35.99, 151902
36.0, 151902
36.01, 151902
36.02, 151902
36.03, 151902
36.04, 151902
36.05, 151902
36.06, 151902
36.07, 151902
36.08, 151902
36.09, 151902
36.1, 151902
36.11, 151902
36.12, 151902
36.13, 151902
36.14, 151902
36.15, 151902
36.16, 151902
36.17, 151902
36.18, 151902
36.19, 151902
36.2, 151902
36.21, 151902
36.22, 151902
36.23, 151902
36.24, 151902
36.25, 151902
36.26, 151902
36.27, 151902
36.28, 151902
36.29, 151902
36.3, 151902
36.31, 151902
36.32, 151902
36.33, 151902
36.34, 151902
36.35, 151902
36.36, 151902
36.37, 151902
36.38, 151902
36.39, 151902
36.4, 151902
36.41, 151902
36.42, 151902
36.43, 151902
36.44, 151902
36.45, 151902
36.46, 151902
36.47, 151902
36.48, 151902
36.49, 151902
36.5, 151902
36.51, 151902
36.52, 151902
36.53, 151902
36.54, 151902
36.55, 151902
36.56, 151902
36.57, 151902
36.58, 151902
36.59, 151902
36.6, 151902
36.61, 151902
36.62, 151902
36.63, 151902
36.64, 151902
36.65, 151902
36.66, 151902
36.67, 151902
36.68, 151902
36.69, 151902
36.7, 151902
36.71, 151902
36.72, 151902
36.73, 151902
36.74, 151902
36.75, 151902
36.76, 151902
36.77, 151902
36.78, 151902
36.79, 151902
36.8, 151902
36.81, 151902
36.82, 151902
36.83, 151902
36.84, 151902
36.85, 151902
36.86, 151902
36.87, 151902
36.88, 151902
36.89, 151902
36.9, 151902
36.91, 151902
36.92, 151902
36.93, 151902
36.94, 151902
36.95, 151902
36.96, 151902
36.97, 151902
36.98, 151902
36.99, 151902
37.0, 151902
37.01, 151902
37.02, 151902
37.03, 151902
37.04, 151902
37.05, 151902
37.06, 151902
37.07, 151902
37.08, 151902
37.09, 151902
37.1, 151902
37.11, 151902
37.12, 151902
37.13, 151902
37.14, 151902
37.15, 151902
37.16, 151902
37.17, 151902
37.18, 151902
37.19, 151902
37.2, 151902
37.21, 151902
37.22, 151902
37.23, 151902
37.24, 151902
37.25, 151902
37.26, 151902
37.27, 151902
37.28, 151902
37.29, 151902
37.3, 151902
37.31, 151902
37.32, 151902
37.33, 151902
37.34, 151902
37.35, 151902
37.36, 151902
37.37, 151902
37.38, 151902
37.39, 151902
37.4, 151902
37.41, 151902
37.42, 151902
37.43, 151902
37.44, 151902
37.45, 151902
37.46, 151902
37.47, 151902
37.48, 151902
37.49, 151902
37.5, 151902
37.51, 151902
37.52, 151902
37.53, 151902
37.54, 151902
37.55, 151902
37.56, 151902
37.57, 151902
37.58, 151902
37.59, 151902
37.6, 151902
37.61, 151902
37.62, 151902
37.63, 151902
37.64, 151902
37.65, 151902
37.66, 151902
37.67, 151902
37.68, 151902
37.69, 151902
37.7, 151902
37.71, 151902
37.72, 151902
37.73, 151902
37.74, 151902
37.75, 151902
37.76, 151902
37.77, 151902
37.78, 151902
37.79, 151902
37.8, 151902
37.81, 151902
37.82, 151902
37.83, 151902
37.84, 151902
37.85, 151902
37.86, 151902
37.87, 151902
37.88, 151902
37.89, 151902
37.9, 151902
37.91, 151902
37.92, 151902
37.93, 151902
37.94, 151902
37.95, 151902
37.96, 151902
37.97, 151902
37.98, 151902
37.99, 151902
38.0, 151902
38.01, 151902
38.02, 151902
38.03, 151902
38.04, 151902
38.05, 151902
38.06, 151902
38.07, 151902
38.08, 151902
38.09, 151902
38.1, 151902
38.11, 151902
38.12, 151902
38.13, 151902
38.14, 151902
38.15, 151902
38.16, 151902
38.17, 151902
38.18, 151902
38.19, 151902
38.2, 151902
38.21, 151902
38.22, 151902
38.23, 151902
38.24, 151902
38.25, 151902
38.26, 151902
38.27, 151902
38.28, 151902
38.29, 151902
38.3, 151902
38.31, 151902
38.32, 151902
38.33, 151902
38.34, 151902
38.35, 151902
38.36, 151902
38.37, 151902
38.38, 151902
38.39, 151902
38.4, 151902
38.41, 151902
38.42, 151902
38.43, 151902
38.44, 151902
38.45, 151902
38.46, 151902
38.47, 151902
38.48, 151902
38.49, 151902
38.5, 151902
38.51, 151902
38.52, 151902
38.53, 151902
38.54, 151902
38.55, 151902
38.56, 151902
38.57, 151902
38.58, 151902
38.59, 151902
38.6, 151902
38.61, 151902
38.62, 151902
38.63, 151902
38.64, 151902
38.65, 151902
38.66, 151902
38.67, 151902
38.68, 151902
38.69, 151902
38.7, 151902
38.71, 151902
38.72, 151902
38.73, 151902
38.74, 151902
38.75, 151902
38.76, 151902
38.77, 151902
38.78, 151902
38.79, 151902
38.8, 151902
38.81, 151902
38.82, 151902
38.83, 151902
38.84, 151902
38.85, 151902
38.86, 151902
38.87, 151902
38.88, 151902
38.89, 151902
38.9, 151902
38.91, 151902
38.92, 151902
38.93, 151902
38.94, 151902
38.95, 151902
38.96, 151902
38.97, 151902
38.98, 151902
38.99, 151902
39.0, 151902
39.01, 151902
39.02, 151902
39.03, 151902
39.04, 151902
39.05, 151902
39.06, 151902
39.07, 151902
39.08, 151902
39.09, 151902
39.1, 151902
39.11, 151902
39.12, 151902
39.13, 151902
39.14, 151902
39.15, 151902
39.16, 151902
39.17, 151902
39.18, 151902
39.19, 151902
39.2, 151902
39.21, 151902
39.22, 151902
39.23, 151902
39.24, 151902
39.25, 151902
39.26, 151902
39.27, 151902
39.28, 151902
39.29, 151902
39.3, 151902
39.31, 151902
39.32, 151902
39.33, 151902
39.34, 151902
39.35, 151902
39.36, 151902
39.37, 151902
39.38, 151902
39.39, 151902
39.4, 151902
39.41, 151902
39.42, 151902
39.43, 151902
39.44, 151902
39.45, 151902
39.46, 151902
39.47, 151902
39.48, 151902
39.49, 151902
39.5, 151902
39.51, 151902
39.52, 151902
39.53, 151902
39.54, 151902
39.55, 151902
39.56, 151902
39.57, 151902
39.58, 151902
39.59, 151902
39.6, 151902
39.61, 151902
39.62, 151902
39.63, 151902
39.64, 151902
39.65, 151902
39.66, 151902
39.67, 151902
39.68, 151902
39.69, 151902
39.7, 151902
39.71, 151902
39.72, 151902
39.73, 151902
39.74, 151902
39.75, 151902
39.76, 151902
39.77, 151902
39.78, 151902
39.79, 151902
39.8, 151902
39.81, 151902
39.82, 151902
39.83, 151902
39.84, 151902
39.85, 151902
39.86, 151902
39.87, 151902
39.88, 151902
39.89, 151902
39.9, 151902
39.91, 151902
39.92, 151902
39.93, 151902
39.94, 151902
39.95, 151902
39.96, 151902
39.97, 151902
39.98, 151902
39.99, 151902
40.0, 151902
40.01, 151902
40.02, 151902
40.03, 151902
40.04, 151902
40.05, 151902
40.06, 151902
40.07, 151902
40.08, 151902
40.09, 151902
40.1, 151902
40.11, 151902
40.12, 151902
40.13, 151902
40.14, 151902
40.15, 151902
40.16, 151902
40.17, 151902
40.18, 151902
40.19, 151902
40.2, 151902
40.21, 151902
40.22, 151902
40.23, 151902
40.24, 151902
40.25, 151902
40.26, 151902
40.27, 151902
40.28, 151902
40.29, 151902
40.3, 151902
40.31, 151902
40.32, 151902
40.33, 151902
40.34, 151902
40.35, 151902
40.36, 151902
40.37, 151902
40.38, 151902
40.39, 151902
40.4, 151902
40.41, 151902
40.42, 151902
40.43, 151902
40.44, 151902
40.45, 151902
40.46, 151902
40.47, 151902
40.48, 151902
40.49, 151902
40.5, 151902
40.51, 151902
40.52, 151902
40.53, 151902
40.54, 151902
40.55, 151902
40.56, 151902
40.57, 151902
40.58, 151902
40.59, 151902
40.6, 151902
40.61, 151902
40.62, 151902
40.63, 151902
40.64, 151902
40.65, 151902
40.66, 151902
40.67, 151902
40.68, 151902
40.69, 151902
40.7, 151902
40.71, 151902
40.72, 151902
40.73, 151902
40.74, 151902
40.75, 151902
40.76, 151902
40.77, 151902
40.78, 151902
40.79, 151902
40.8, 151902
40.81, 151902
40.82, 151902
40.83, 151902
40.84, 151902
40.85, 151902
40.86, 151902
40.87, 151902
40.88, 151902
40.89, 151902
40.9, 151902
40.91, 151902
40.92, 151902
40.93, 151902
40.94, 151902
40.95, 151902
40.96, 151902
40.97, 151902
40.98, 151902
40.99, 151902
41.0, 151902
41.01, 151902
41.02, 151902
41.03, 151902
41.04, 151902
41.05, 151902
41.06, 151902
41.07, 151902
41.08, 151902
41.09, 151902
41.1, 151902
41.11, 151902
41.12, 151902
41.13, 151902
41.14, 151902
41.15, 151902
41.16, 151902
41.17, 151902
41.18, 151902
41.19, 151902
41.2, 151902
41.21, 151902
41.22, 151902
41.23, 151902
41.24, 151902
41.25, 151902
41.26, 151902
41.27, 151902
41.28, 151902
41.29, 151902
41.3, 151902
41.31, 151902
41.32, 151902
41.33, 151902
41.34, 151902
41.35, 151902
41.36, 151902
41.37, 151902
41.38, 151902
41.39, 151902
41.4, 151902
41.41, 151902
41.42, 151902
41.43, 151902
41.44, 151902
41.45, 151902
41.46, 151902
41.47, 151902
41.48, 151902
41.49, 151902
41.5, 151902
41.51, 151902
41.52, 151902
41.53, 151902
41.54, 151902
41.55, 151902
41.56, 151902
41.57, 151902
41.58, 151902
41.59, 151902
41.6, 151902
41.61, 151902
41.62, 151902
41.63, 151902
41.64, 151902
41.65, 151902
41.66, 151902
41.67, 151902
41.68, 151902
41.69, 151902
41.7, 151902
41.71, 151902
41.72, 151902
41.73, 151902
41.74, 151902
41.75, 151902
41.76, 151902
41.77, 151902
41.78, 151902
41.79, 151902
41.8, 151902
41.81, 151902
41.82, 151902
41.83, 151902
41.84, 151902
41.85, 151902
41.86, 151902
41.87, 151902
41.88, 151902
41.89, 151902
41.9, 151902
41.91, 151902
41.92, 151902
41.93, 151902
41.94, 151902
41.95, 151902
41.96, 151902
41.97, 151902
41.98, 151902
41.99, 151902
42.0, 151902
42.01, 151902
42.02, 151902
42.03, 151902
42.04, 151902
42.05, 151902
42.06, 151902
42.07, 151902
42.08, 151902
42.09, 151902
42.1, 151902
42.11, 151902
42.12, 151902
42.13, 151902
42.14, 151902
42.15, 151902
42.16, 151902
42.17, 151902
42.18, 151902
42.19, 151902
42.2, 151902
42.21, 151902
42.22, 151902
42.23, 151902
42.24, 151902
42.25, 151902
42.26, 151902
42.27, 151902
42.28, 151902
42.29, 151902
42.3, 151902
42.31, 151902
42.32, 151902
42.33, 151902
42.34, 151902
42.35, 151902
42.36, 151902
42.37, 151902
42.38, 151902
42.39, 151902
42.4, 151902
42.41, 151902
42.42, 151902
42.43, 151902
42.44, 151902
42.45, 151902
42.46, 151902
42.47, 151902
42.48, 151902
42.49, 151902
42.5, 151902
42.51, 151902
42.52, 151902
42.53, 151902
42.54, 151902
42.55, 151902
42.56, 151902
42.57, 151902
42.58, 151902
42.59, 151902
42.6, 151902
42.61, 151902
42.62, 151902
42.63, 151902
42.64, 151902
42.65, 151902
42.66, 151902
42.67, 151902
42.68, 151902
42.69, 151902
42.7, 151902
42.71, 151902
42.72, 151902
42.73, 151902
42.74, 151902
42.75, 151902
42.76, 151902
42.77, 151902
42.78, 151902
42.79, 151902
42.8, 151902
42.81, 151902
42.82, 151902
42.83, 151902
42.84, 151902
42.85, 151902
42.86, 151902
42.87, 151902
42.88, 151902
42.89, 151902
42.9, 151902
42.91, 151902
42.92, 151902
42.93, 151902
42.94, 151902
42.95, 151902
42.96, 151902
42.97, 151902
42.98, 151902
42.99, 151902
43.0, 151902
43.01, 151902
43.02, 151902
43.03, 151902
43.04, 151902
43.05, 151902
43.06, 151902
43.07, 151902
43.08, 151902
43.09, 151902
43.1, 151902
43.11, 151902
43.12, 151902
43.13, 151902
43.14, 151902
43.15, 151902
43.16, 151902
43.17, 151902
43.18, 151902
43.19, 151902
43.2, 151902
43.21, 151902
43.22, 151902
43.23, 151902
43.24, 151902
43.25, 151902
43.26, 151902
43.27, 151902
43.28, 151902
43.29, 151902
43.3, 151902
43.31, 151902
43.32, 151902
43.33, 151902
43.34, 151902
43.35, 151902
43.36, 151902
43.37, 151902
43.38, 151902
43.39, 151902
43.4, 151902
43.41, 151902
43.42, 151902
43.43, 151902
43.44, 151902
43.45, 151902
43.46, 151902
43.47, 151902
43.48, 151902
43.49, 151902
43.5, 151902
43.51, 151902
43.52, 151902
43.53, 151902
43.54, 151902
43.55, 151902
43.56, 151902
43.57, 151902
43.58, 151902
43.59, 151902
43.6, 151902
43.61, 151902
43.62, 151902
43.63, 151902
43.64, 151902
43.65, 151902
43.66, 151902
43.67, 151902
43.68, 151902
43.69, 151902
43.7, 151902
43.71, 151902
43.72, 151902
43.73, 151902
43.74, 151902
43.75, 151902
43.76, 151902
43.77, 151902
43.78, 151902
43.79, 151902
43.8, 151902
43.81, 151902
43.82, 151902
43.83, 151902
43.84, 151902
43.85, 151902
43.86, 151902
43.87, 151902
43.88, 151902
43.89, 151902
43.9, 151902
43.91, 151902
43.92, 151902
43.93, 151902
43.94, 151902
43.95, 151902
43.96, 151902
43.97, 151902
43.98, 151902
43.99, 151902
44.0, 151902
44.01, 151902
44.02, 151902
44.03, 151902
44.04, 151902
44.05, 151902
44.06, 151902
44.07, 151902
44.08, 151902
44.09, 151902
44.1, 151902
44.11, 151902
44.12, 151902
44.13, 151902
44.14, 151902
44.15, 151902
44.16, 151902
44.17, 151902
44.18, 151902
44.19, 151902
44.2, 151902
44.21, 151902
44.22, 151902
44.23, 151902
44.24, 151902
44.25, 151902
44.26, 151902
44.27, 151902
44.28, 151902
44.29, 151902
44.3, 151902
44.31, 151902
44.32, 151902
44.33, 151902
44.34, 151902
44.35, 151902
44.36, 151902
44.37, 151902
44.38, 151902
44.39, 151902
44.4, 151902
44.41, 151902
44.42, 151902
44.43, 151902
44.44, 151902
44.45, 151902
44.46, 151902
44.47, 151902
44.48, 151902
44.49, 151902
44.5, 151902
44.51, 151902
44.52, 151902
44.53, 151902
44.54, 151902
44.55, 151902
44.56, 151902
44.57, 151902
44.58, 151902
44.59, 151902
44.6, 151902
44.61, 151902
44.62, 151902
44.63, 151902
44.64, 151902
44.65, 151902
44.66, 151902
44.67, 151902
44.68, 151902
44.69, 151902
44.7, 151902
44.71, 151902
44.72, 151902
44.73, 151902
44.74, 151902
44.75, 151902
44.76, 151902
44.77, 151902
44.78, 151902
44.79, 151902
44.8, 151902
44.81, 151902
44.82, 151902
44.83, 151902
44.84, 151902
44.85, 151902
44.86, 151902
44.87, 151902
44.88, 151902
44.89, 151902
44.9, 151902
44.91, 151902
44.92, 151902
44.93, 151902
44.94, 151902
44.95, 151902
44.96, 151902
44.97, 151902
44.98, 151902
44.99, 151902
45.0, 151902
45.01, 151902
45.02, 151902
45.03, 151902
45.04, 151902
45.05, 151902
45.06, 151902
45.07, 151902
45.08, 151902
45.09, 151902
45.1, 151902
45.11, 151902
45.12, 151902
45.13, 151902
45.14, 151902
45.15, 151902
45.16, 151902
45.17, 151902
45.18, 151902
45.19, 151902
45.2, 151902
45.21, 151902
45.22, 151902
45.23, 151902
45.24, 151902
45.25, 151902
45.26, 151902
45.27, 151902
45.28, 151902
45.29, 151902
45.3, 151902
45.31, 151902
45.32, 151902
45.33, 151902
45.34, 151902
45.35, 151902
45.36, 151902
45.37, 151902
45.38, 151902
45.39, 151902
45.4, 151902
45.41, 151902
45.42, 151902
45.43, 151902
45.44, 151902
45.45, 151902
45.46, 151902
45.47, 151902
45.48, 151902
45.49, 151902
45.5, 151902
45.51, 151902
45.52, 151902
45.53, 151902
45.54, 151902
45.55, 151902
45.56, 151902
45.57, 151902
45.58, 151902
45.59, 151902
45.6, 151902
45.61, 151902
45.62, 151902
45.63, 151902
45.64, 151902
45.65, 151902
45.66, 151902
45.67, 151902
45.68, 151902
45.69, 151902
45.7, 151902
45.71, 151902
45.72, 151902
45.73, 151902
45.74, 151902
45.75, 151902
45.76, 151902
45.77, 151902
45.78, 151902
45.79, 151902
45.8, 151902
45.81, 151902
45.82, 151902
45.83, 151902
45.84, 151902
45.85, 151902
45.86, 151902
45.87, 151902
45.88, 151902
45.89, 151902
45.9, 151902
45.91, 151902
45.92, 151902
45.93, 151902
45.94, 151902
45.95, 151902
45.96, 151902
45.97, 151902
45.98, 151902
45.99, 151902
46.0, 151902
46.01, 151902
46.02, 151902
46.03, 151902
46.04, 151902
46.05, 151902
46.06, 151902
46.07, 151902
46.08, 151902
46.09, 151902
46.1, 151902
46.11, 151902
46.12, 151902
46.13, 151902
46.14, 151902
46.15, 151902
46.16, 151902
46.17, 151902
46.18, 151902
46.19, 151902
46.2, 151902
46.21, 151902
46.22, 151902
46.23, 151902
46.24, 151902
46.25, 151902
46.26, 151902
46.27, 151902
46.28, 151902
46.29, 151902
46.3, 151902
46.31, 151902
46.32, 151902
46.33, 151902
46.34, 151902
46.35, 151902
46.36, 151902
46.37, 151902
46.38, 151902
46.39, 151902
46.4, 151902
46.41, 151902
46.42, 151902
46.43, 151902
46.44, 151902
46.45, 151902
46.46, 151902
46.47, 151902
46.48, 151902
46.49, 151902
46.5, 151902
46.51, 151902
46.52, 151902
46.53, 151902
46.54, 151902
46.55, 151902
46.56, 151902
46.57, 151902
46.58, 151902
46.59, 151902
46.6, 151902
46.61, 151902
46.62, 151902
46.63, 151902
46.64, 151902
46.65, 151902
46.66, 151902
46.67, 151902
46.68, 151902
46.69, 151902
46.7, 151902
46.71, 151902
46.72, 151902
46.73, 151902
46.74, 151902
46.75, 151902
46.76, 151902
46.77, 151902
46.78, 151902
46.79, 151902
46.8, 151902
46.81, 151902
46.82, 151902
46.83, 151902
46.84, 151902
46.85, 151902
46.86, 151902
46.87, 151902
46.88, 151902
46.89, 151902
46.9, 151902
46.91, 151902
46.92, 151902
46.93, 151902
46.94, 151902
46.95, 151902
46.96, 151902
46.97, 151902
46.98, 151902
46.99, 151902
47.0, 151902
47.01, 151902
47.02, 151902
47.03, 151902
47.04, 151902
47.05, 151902
47.06, 151902
47.07, 151902
47.08, 151902
47.09, 151902
47.1, 151902
47.11, 151902
47.12, 151902
47.13, 151902
47.14, 151902
47.15, 151902
47.16, 151902
47.17, 151902
47.18, 151902
47.19, 151902
47.2, 151902
47.21, 151902
47.22, 151902
47.23, 151902
47.24, 151902
47.25, 151902
47.26, 151902
47.27, 151902
47.28, 151902
47.29, 151902
47.3, 151902
47.31, 151902
47.32, 151902
47.33, 151902
47.34, 151902
47.35, 151902
47.36, 151902
47.37, 151902
47.38, 151902
47.39, 151902
47.4, 151902
47.41, 151902
47.42, 151902
47.43, 151902
47.44, 151902
47.45, 151902
47.46, 151902
47.47, 151902
47.48, 151902
47.49, 151902
47.5, 151902
47.51, 151902
47.52, 151902
47.53, 151902
47.54, 151902
47.55, 151902
47.56, 151902
47.57, 151902
47.58, 151902
47.59, 151902
47.6, 151902
47.61, 151902
47.62, 151902
47.63, 151902
47.64, 151902
47.65, 151902
47.66, 151902
47.67, 151902
47.68, 151902
47.69, 151902
47.7, 151902
47.71, 151902
47.72, 151902
47.73, 151902
47.74, 151902
47.75, 151902
47.76, 151902
47.77, 151902
47.78, 151902
47.79, 151902
47.8, 151902
47.81, 151902
47.82, 151902
47.83, 151902
47.84, 151902
47.85, 151902
47.86, 151902
47.87, 151902
47.88, 151902
47.89, 151902
47.9, 151902
47.91, 151902
47.92, 151902
47.93, 151902
47.94, 151902
47.95, 151902
47.96, 151902
47.97, 151902
47.98, 151902
47.99, 151902
48.0, 151902
48.01, 151902
48.02, 151902
48.03, 151902
48.04, 151902
48.05, 151902
48.06, 151902
48.07, 151902
48.08, 151902
48.09, 151902
48.1, 151902
48.11, 151902
48.12, 151902
48.13, 151902
48.14, 151902
48.15, 151902
48.16, 151902
48.17, 151902
48.18, 151902
48.19, 151902
48.2, 151902
48.21, 151902
48.22, 151902
48.23, 151902
48.24, 151902
48.25, 151902
48.26, 151902
48.27, 151902
48.28, 151902
48.29, 151902
48.3, 151902
48.31, 151902
48.32, 151902
48.33, 151902
48.34, 151902
48.35, 151902
48.36, 151902
48.37, 151902
48.38, 151902
48.39, 151902
48.4, 151902
48.41, 151902
48.42, 151902
48.43, 151902
48.44, 151902
48.45, 151902
48.46, 151902
48.47, 151902
48.48, 151902
48.49, 151902
48.5, 151902
48.51, 151902
48.52, 151902
48.53, 151902
48.54, 151902
48.55, 151902
48.56, 151902
48.57, 151902
48.58, 151902
48.59, 151902
48.6, 151902
48.61, 151902
48.62, 151902
48.63, 151902
48.64, 151902
48.65, 151902
48.66, 151902
48.67, 151902
48.68, 151902
48.69, 151902
48.7, 151902
48.71, 151902
48.72, 151902
48.73, 151902
48.74, 151902
48.75, 151902
48.76, 151902
48.77, 151902
48.78, 151902
48.79, 151902
48.8, 151902
48.81, 151902
48.82, 151902
48.83, 151902
48.84, 151902
48.85, 151902
48.86, 151902
48.87, 151902
48.88, 151902
48.89, 151902
48.9, 151902
48.91, 151902
48.92, 151902
48.93, 151902
48.94, 151902
48.95, 151902
48.96, 151902
48.97, 151902
48.98, 151902
48.99, 151902
49.0, 151902
49.01, 151902
49.02, 151902
49.03, 151902
49.04, 151902
49.05, 151902
49.06, 151902
49.07, 151902
49.08, 151902
49.09, 151902
49.1, 151902
49.11, 151902
49.12, 151902
49.13, 151902
49.14, 151902
49.15, 151902
49.16, 151902
49.17, 151902
49.18, 151902
49.19, 151902
49.2, 151902
49.21, 151902
49.22, 151902
49.23, 151902
49.24, 151902
49.25, 151902
49.26, 151902
49.27, 151902
49.28, 151902
49.29, 151902
49.3, 151902
49.31, 151902
49.32, 151902
49.33, 151902
49.34, 151902
49.35, 151902
49.36, 151902
49.37, 151902
49.38, 151902
49.39, 151902
49.4, 151902
49.41, 151902
49.42, 151902
49.43, 151902
49.44, 151902
49.45, 151902
49.46, 151902
49.47, 151902
49.48, 151902
49.49, 151902
49.5, 151902
49.51, 151902
49.52, 151902
49.53, 151902
49.54, 151902
49.55, 151902
49.56, 151902
49.57, 151902
49.58, 151902
49.59, 151902
49.6, 151902
49.61, 151902
49.62, 151902
49.63, 151902
49.64, 151902
49.65, 151902
49.66, 151902
49.67, 151902
49.68, 151902
49.69, 151902
49.7, 151902
49.71, 151902
49.72, 151902
49.73, 151902
49.74, 151902
49.75, 151902
49.76, 151902
49.77, 151902
49.78, 151902
49.79, 151902
49.8, 151902
49.81, 151902
49.82, 151902
49.83, 151902
49.84, 151902
49.85, 151902
49.86, 151902
49.87, 151902
49.88, 151902
49.89, 151902
49.9, 151902
49.91, 151902
49.92, 151902
49.93, 151902
49.94, 151902
49.95, 151902
49.96, 151902
49.97, 151902
49.98, 151902
49.99, 151902
50.0, 151902
50.01, 151902
50.02, 151902
50.03, 151902
50.04, 151902
50.05, 151902
50.06, 151902
50.07, 151902
50.08, 151902
50.09, 151902
50.1, 151902
50.11, 151902
50.12, 151902
50.13, 151902
50.14, 151902
50.15, 151902
50.16, 151902
50.17, 151902
50.18, 151902
50.19, 151902
50.2, 151902
50.21, 151902
50.22, 151902
50.23, 151902
50.24, 151902
50.25, 151902
50.26, 151902
50.27, 151902
50.28, 151902
50.29, 151902
50.3, 151902
50.31, 151902
50.32, 151902
50.33, 151902
50.34, 151902
50.35, 151902
50.36, 151902
50.37, 151902
50.38, 151902
50.39, 151902
50.4, 151902
50.41, 151902
50.42, 151902
50.43, 151902
50.44, 151902
50.45, 151902
50.46, 151902
50.47, 151902
50.48, 151902
50.49, 151902
50.5, 151902
50.51, 151902
50.52, 151902
50.53, 151902
50.54, 151902
50.55, 151902
50.56, 151902
50.57, 151902
50.58, 151902
50.59, 151902
50.6, 151902
50.61, 151902
50.62, 151902
50.63, 151902
50.64, 151902
50.65, 151902
50.66, 151902
50.67, 151902
50.68, 151902
50.69, 151902
50.7, 151902
50.71, 151902
50.72, 151902
50.73, 151902
50.74, 151902
50.75, 151902
50.76, 151902
50.77, 151902
50.78, 151902
50.79, 151902
50.8, 151902
50.81, 151902
50.82, 151902
50.83, 151902
50.84, 151902
50.85, 151902
50.86, 151902
50.87, 151902
50.88, 151902
50.89, 151902
50.9, 151902
50.91, 151902
50.92, 151902
50.93, 151902
50.94, 151902
50.95, 151902
50.96, 151902
50.97, 151902
50.98, 151902
50.99, 151902
51.0, 151902
51.01, 151902
51.02, 151902
51.03, 151902
51.04, 151902
51.05, 151902
51.06, 151902
51.07, 151902
51.08, 151902
51.09, 151902
51.1, 151902
51.11, 151902
51.12, 151902
51.13, 151902
51.14, 151902
51.15, 151902
51.16, 151902
51.17, 151902
51.18, 151902
51.19, 151902
51.2, 151902
51.21, 151902
51.22, 151902
51.23, 151902
51.24, 151902
51.25, 151902
51.26, 151902
51.27, 151902
51.28, 151902
51.29, 151902
51.3, 151902
51.31, 151902
51.32, 151902
51.33, 151902
51.34, 151902
51.35, 151902
51.36, 151902
51.37, 151902
51.38, 151902
51.39, 151902
51.4, 151902
51.41, 151902
51.42, 151902
51.43, 151902
51.44, 151902
51.45, 151902
51.46, 151902
51.47, 151902
51.48, 151902
51.49, 151902
51.5, 151902
51.51, 151902
51.52, 151902
51.53, 151902
51.54, 151902
51.55, 151902
51.56, 151902
51.57, 151902
51.58, 151902
51.59, 151902
51.6, 151902
51.61, 151902
51.62, 151902
51.63, 151902
51.64, 151902
51.65, 151902
51.66, 151902
51.67, 151902
51.68, 151902
51.69, 151902
51.7, 151902
51.71, 151902
51.72, 151902
51.73, 151902
51.74, 151902
51.75, 151902
51.76, 151902
51.77, 151902
51.78, 151902
51.79, 151902
51.8, 151902
51.81, 151902
51.82, 151902
51.83, 151902
51.84, 151902
51.85, 151902
51.86, 151902
51.87, 151902
51.88, 151902
51.89, 151902
51.9, 151902
51.91, 151902
51.92, 151902
51.93, 151902
51.94, 151902
51.95, 151902
51.96, 151902
51.97, 151902
51.98, 151902
51.99, 151902
52.0, 151902
52.01, 151902
52.02, 151902
52.03, 151902
52.04, 151902
52.05, 151902
52.06, 151902
52.07, 151902
52.08, 151902
52.09, 151902
52.1, 151902
52.11, 151902
52.12, 151902
52.13, 151902
52.14, 151902
52.15, 151902
52.16, 151902
52.17, 151902
52.18, 151902
52.19, 151902
52.2, 151902
52.21, 151902
52.22, 151902
52.23, 151902
52.24, 151902
52.25, 151902
52.26, 151902
52.27, 151902
52.28, 151902
52.29, 151902
52.3, 151902
52.31, 151902
52.32, 151902
52.33, 151902
52.34, 151902
52.35, 151902
52.36, 151902
52.37, 151902
52.38, 151902
52.39, 151902
52.4, 151902
52.41, 151902
52.42, 151902
52.43, 151902
52.44, 151902
52.45, 151902
52.46, 151902
52.47, 151902
52.48, 151902
52.49, 151902
52.5, 151902
52.51, 151902
52.52, 151902
52.53, 151902
52.54, 151902
52.55, 151902
52.56, 151902
52.57, 151902
52.58, 151902
52.59, 151902
52.6, 151902
52.61, 151902
52.62, 151902
52.63, 151902
52.64, 151902
52.65, 151902
52.66, 151902
52.67, 151902
52.68, 151902
52.69, 151902
52.7, 151902
52.71, 151902
52.72, 151902
52.73, 151902
52.74, 151902
52.75, 151902
52.76, 151902
52.77, 151902
52.78, 151902
52.79, 151902
52.8, 151902
52.81, 151902
52.82, 151902
52.83, 151902
52.84, 151902
52.85, 151902
52.86, 151902
52.87, 151902
52.88, 151902
52.89, 151902
52.9, 151902
52.91, 151902
52.92, 151902
52.93, 151902
52.94, 151902
52.95, 151902
52.96, 151902
52.97, 151902
52.98, 151902
52.99, 151902
53.0, 151902
53.01, 151902
53.02, 151902
53.03, 151902
53.04, 151902
53.05, 151902
53.06, 151902
53.07, 151902
53.08, 151902
53.09, 151902
53.1, 151902
53.11, 151902
53.12, 151902
53.13, 151902
53.14, 151902
53.15, 151902
53.16, 151902
53.17, 151902
53.18, 151902
53.19, 151902
53.2, 151902
53.21, 151902
53.22, 151902
53.23, 151902
53.24, 151902
53.25, 151902
53.26, 151902
53.27, 151902
53.28, 151902
53.29, 151902
53.3, 151902
53.31, 151902
53.32, 151902
53.33, 151902
53.34, 151902
53.35, 151902
53.36, 151902
53.37, 151902
53.38, 151902
53.39, 151902
53.4, 151902
53.41, 151902
53.42, 151902
53.43, 151902
53.44, 151902
53.45, 151902
53.46, 151902
53.47, 151902
53.48, 151902
53.49, 151902
53.5, 151902
53.51, 151902
53.52, 151902
53.53, 151902
53.54, 151902
53.55, 151902
53.56, 151902
53.57, 151902
53.58, 151902
53.59, 151902
53.6, 151902
53.61, 151902
53.62, 151902
53.63, 151902
53.64, 151902
53.65, 151902
53.66, 151902
53.67, 151902
53.68, 151902
53.69, 151902
53.7, 151902
53.71, 151902
53.72, 151902
53.73, 151902
53.74, 151902
53.75, 151902
53.76, 151902
53.77, 151902
53.78, 151902
53.79, 151902
53.8, 151902
53.81, 151902
53.82, 151902
53.83, 151902
53.84, 151902
53.85, 151902
53.86, 151902
53.87, 151902
53.88, 151902
53.89, 151902
53.9, 151902
53.91, 151902
53.92, 151902
53.93, 151902
53.94, 151902
53.95, 151902
53.96, 151902
53.97, 151902
53.98, 151902
53.99, 151902
54.0, 151902
54.01, 151902
54.02, 151902
54.03, 151902
54.04, 151902
54.05, 151902
54.06, 151902
54.07, 151902
54.08, 151902
54.09, 151902
54.1, 151902
54.11, 151902
54.12, 151902
54.13, 151902
54.14, 151902
54.15, 151902
54.16, 151902
54.17, 151902
54.18, 151902
54.19, 151902
54.2, 151902
54.21, 151902
54.22, 151902
54.23, 151902
54.24, 151902
54.25, 151902
54.26, 151902
54.27, 151902
54.28, 151902
54.29, 151902
54.3, 151902
54.31, 151902
54.32, 151902
54.33, 151902
54.34, 151902
54.35, 151902
54.36, 151902
54.37, 151902
54.38, 151902
54.39, 151902
54.4, 151902
54.41, 151902
54.42, 151902
54.43, 151902
54.44, 151902
54.45, 151902
54.46, 151902
54.47, 151902
54.48, 151902
54.49, 151902
54.5, 151902
54.51, 151902
54.52, 151902
54.53, 151902
54.54, 151902
54.55, 151902
54.56, 151902
54.57, 151902
54.58, 151902
54.59, 151902
54.6, 151902
54.61, 151902
54.62, 151902
54.63, 151902
54.64, 151902
54.65, 151902
54.66, 151902
54.67, 151902
54.68, 151902
54.69, 151902
54.7, 151902
54.71, 151902
54.72, 151902
54.73, 151902
54.74, 151902
54.75, 151902
54.76, 151902
54.77, 151902
54.78, 151902
54.79, 151902
54.8, 151902
54.81, 151902
54.82, 151902
54.83, 151902
54.84, 151902
54.85, 151902
54.86, 151902
54.87, 151902
54.88, 151902
54.89, 151902
54.9, 151902
54.91, 151902
54.92, 151902
54.93, 151902
54.94, 151902
54.95, 151902
54.96, 151902
54.97, 151902
54.98, 151902
54.99, 151902
55.0, 151902
55.01, 151902
55.02, 151902
55.03, 151902
55.04, 151902
55.05, 151902
55.06, 151902
55.07, 151902
55.08, 151902
55.09, 151902
55.1, 151902
55.11, 151902
55.12, 151902
55.13, 151902
55.14, 151902
55.15, 151902
55.16, 151902
55.17, 151902
55.18, 151902
55.19, 151902
55.2, 151902
55.21, 151902
55.22, 151902
55.23, 151902
55.24, 151902
55.25, 151902
55.26, 151902
55.27, 151902
55.28, 151902
55.29, 151902
55.3, 151902
55.31, 151902
55.34, 151902
55.35, 151902
55.36, 151902
55.37, 151902
55.38, 151902
55.39, 151902
55.4, 151902
55.41, 151902
55.42, 151902
55.43, 151902
55.44, 151902
55.45, 151902
55.46, 151902
55.47, 151902
55.48, 151902
55.49, 151902
55.5, 151902
55.51, 151902
55.52, 151902
55.53, 151902
55.54, 151902
55.55, 151902
55.56, 151902
55.57, 151902
55.58, 151902
55.59, 151902
55.6, 151902
55.61, 151902
55.62, 151902
55.63, 151902
55.64, 151902
55.65, 151902
55.66, 151902
55.67, 151902
55.68, 151902
55.69, 151902
55.7, 151902
55.71, 151902
55.72, 151902
55.73, 151902
55.74, 151902
55.75, 151902
55.76, 151902
55.77, 151902
55.78, 151902
55.79, 151902
55.8, 151902
55.81, 151902
55.82, 151902
55.83, 151902
55.84, 151902
55.85, 151902
55.86, 151902
55.87, 151902
55.88, 151902
55.89, 151902
55.9, 151902
55.91, 151902
55.92, 151902
55.93, 151902
55.94, 151902
55.95, 151902
55.96, 151902
55.97, 151902
55.98, 151902
55.99, 151902
56.0, 151902
56.01, 151902
56.02, 151902
56.03, 151902
56.04, 151902
56.05, 151902
56.06, 151902
56.07, 151902
56.08, 151902
56.09, 151902
56.1, 151902
56.11, 151902
56.12, 151902
56.13, 151902
56.14, 151902
56.15, 151902
56.16, 151902
56.17, 151902
56.18, 151902
56.19, 151902
56.2, 151902
56.21, 151902
56.22, 151902
56.23, 151902
56.24, 151902
56.25, 151902
56.26, 151902
56.27, 151902
56.28, 151902
56.29, 151902
56.3, 151902
56.31, 151902
56.32, 151902
56.33, 151902
56.34, 151902
56.35, 151902
56.36, 151902
56.37, 151902
56.38, 151902
56.39, 151902
56.4, 151902
56.41, 151902
56.42, 151902
56.43, 151902
56.44, 151902
56.45, 151902
56.46, 151902
56.47, 151902
56.48, 151902
56.49, 151902
56.5, 151902
56.51, 151902
56.52, 151902
56.53, 151902
56.54, 151902
56.55, 151902
56.56, 151902
56.57, 151902
56.58, 151902
56.59, 151902
56.6, 151902
56.61, 151902
56.62, 151902
56.63, 151902
56.64, 151902
56.65, 151902
56.66, 151902
56.67, 151902
56.68, 151902
56.69, 151902
56.7, 151902
56.71, 151902
56.72, 151902
56.73, 151902
56.74, 151902
56.75, 151902
56.76, 151902
56.77, 151902
56.78, 151902
56.79, 151902
56.8, 151902
56.81, 151902
56.82, 151902
56.83, 151902
56.84, 151902
56.85, 151902
56.86, 151902
56.87, 151902
56.88, 151902
56.89, 151902
56.9, 151902
56.91, 151902
56.92, 151902
56.93, 151902
56.94, 151902
56.95, 151902
56.96, 151902
56.97, 151902
56.98, 151902
56.99, 151902
57.0, 151902
57.01, 151902
57.02, 151902
57.03, 151902
57.04, 151902
57.05, 151902
57.06, 151902
57.07, 151902
57.08, 151902
57.09, 151902
57.1, 151902
57.11, 151902
57.12, 151902
57.13, 151902
57.14, 151902
57.15, 151902
57.16, 151902
57.17, 151902
57.18, 151902
57.19, 151902
57.2, 151902
57.21, 151902
57.22, 151902
57.23, 151902
57.24, 151902
57.25, 151902
57.26, 151902
57.27, 151902
57.28, 151902
57.29, 151902
57.3, 151902
57.31, 151902
57.32, 151902
57.33, 151902
57.34, 151902
57.35, 151902
57.36, 151902
57.37, 151902
57.38, 151902
57.39, 151902
57.4, 151902
57.41, 151902
57.42, 151902
57.43, 151902
57.44, 151902
57.45, 151902
57.46, 151902
57.47, 151902
57.48, 151902
57.49, 151902
57.5, 151902
57.51, 151902
57.52, 151902
57.53, 151902
57.54, 151902
57.55, 151902
57.56, 151902
57.57, 151902
57.58, 151902
57.59, 151902
57.6, 151902
57.61, 151902
57.62, 151902
57.63, 151902
57.64, 151902
57.65, 151902
57.66, 151902
57.67, 151902
57.68, 151902
57.69, 151902
57.7, 151902
57.71, 151902
57.72, 151902
57.73, 151902
57.74, 151902
57.75, 151902
57.76, 151902
57.77, 151902
57.78, 151902
57.79, 151902
57.8, 151902
57.81, 151902
57.82, 151902
57.83, 151902
57.84, 151902
57.85, 151902
57.86, 151902
57.87, 151902
57.88, 151902
57.89, 151902
57.9, 151902
57.91, 151902
57.92, 151902
57.93, 151902
57.94, 151902
57.95, 151902
57.96, 151902
57.97, 151902
57.98, 151902
57.99, 151902
58.0, 151902
58.01, 151902
58.02, 151902
58.03, 151902
58.04, 151902
58.05, 151902
58.06, 151902
58.07, 151902
58.08, 151902
58.09, 151902
58.1, 151902
58.11, 151902
58.12, 151902
58.13, 151902
58.14, 151902
58.15, 151902
58.16, 151902
58.17, 151902
58.18, 151902
58.19, 151902
58.2, 151902
58.21, 151902
58.22, 151902
58.23, 151902
58.24, 151902
58.25, 151902
58.26, 151902
58.27, 151902
58.28, 151902
58.29, 151902
58.3, 151902
58.31, 151902
58.32, 151902
58.33, 151902
58.34, 151902
58.35, 151902
58.36, 151902
58.37, 151902
58.38, 151902
58.39, 151902
58.4, 151902
58.41, 151902
58.42, 151902
58.43, 151902
58.44, 151902
58.45, 151902
58.46, 151902
58.47, 151902
58.48, 151902
58.49, 151902
58.5, 151902
58.51, 151902
58.52, 151902
58.53, 151902
58.54, 151902
58.55, 151902
58.56, 151902
58.57, 151902
58.58, 151902
58.59, 151902
58.6, 151902
58.61, 151902
58.62, 151902
58.63, 151902
58.64, 151902
58.65, 151902
58.66, 151902
58.67, 151902
58.68, 151902
58.69, 151902
58.7, 151902
58.71, 151902
58.72, 151902
58.73, 151902
58.74, 151902
58.75, 151902
58.76, 151902
58.77, 151902
58.78, 151902
58.79, 151902
58.8, 151902
58.81, 151902
58.82, 151902
58.83, 151902
58.84, 151902
58.85, 151902
58.86, 151902
58.87, 151902
58.88, 151902
58.89, 151902
58.9, 151902
58.91, 151902
58.92, 151902
58.93, 151902
58.94, 151902
58.95, 151902
58.96, 151902
58.97, 151902
58.98, 151902
58.99, 151902
59.0, 151902
59.01, 151902
59.02, 151902
59.03, 151902
59.04, 151902
59.05, 151902
59.06, 151902
59.07, 151902
59.08, 151902
59.09, 151902
59.1, 151902
59.11, 151902
59.12, 151902
59.13, 151902
59.14, 151902
59.15, 151902
59.16, 151902
59.17, 151902
59.18, 151902
59.19, 151902
59.2, 151902
59.21, 151902
59.22, 151902
59.23, 151902
59.24, 151902
59.25, 151902
59.26, 151902
59.27, 151902
59.28, 151902
59.29, 151902
59.3, 151902
59.31, 151902
59.32, 151902
59.33, 151902
59.34, 151902
59.35, 151902
59.36, 151902
59.37, 151902
59.38, 151902
59.39, 151902
59.4, 151902
59.41, 151902
59.42, 151902
59.43, 151902
59.44, 151902
59.45, 151902
59.46, 151902
59.47, 151902
59.48, 151902
59.49, 151902
59.5, 151902
59.51, 151902
59.52, 151902
59.53, 151902
59.54, 151902
59.55, 151902
59.56, 151902
59.57, 151902
59.58, 151902
59.59, 151902
59.6, 151902
59.61, 151902
59.62, 151902
59.63, 151902
59.64, 151902
59.65, 151902
59.66, 151902
59.67, 151902
59.68, 151902
59.69, 151902
59.7, 151902
59.71, 151902
59.72, 151902
59.73, 151902
59.74, 151902
59.75, 151902
59.76, 151902
59.77, 151902
59.78, 151902
59.79, 151902
59.8, 151902
59.81, 151902
59.82, 151902
59.83, 151902
59.84, 151902
59.85, 151902
59.86, 151902
59.87, 151902
59.88, 151902
59.89, 151902
59.9, 151902
59.91, 151902
59.92, 151902
59.93, 151902
59.94, 151902
59.95, 151902
59.96, 151902
59.97, 151902
59.98, 151902
59.99, 151902
