0.0, 188348
0.01, 181601
0.02, 181601
0.03, 181601
0.04, 181601
0.05, 181601
0.06, 172775
0.07, 172775
0.08, 172775
0.09, 172775
0.1, 172775
0.11, 172775
0.12, 172775
0.13, 172775
0.14, 172775
0.15, 172775
0.16, 172775
0.17, 172775
0.18, 172775
0.19, 172775
0.2, 172775
0.21, 172775
0.22, 172775
0.23, 172775
0.24, 172775
0.25, 172775
0.26, 172775
0.27, 172775
0.28, 172775
0.29, 172775
0.3, 172775
0.31, 172775
0.32, 172775
0.33, 172775
0.34, 172775
0.35, 172775
0.36, 172775
0.37, 172775
0.38, 172775
0.39, 172775
0.4, 172775
0.41, 172775
0.42, 172775
0.43, 168766
0.44, 168766
0.45, 168766
0.46, 168766
0.47, 168766
0.48, 168766
0.49, 168766
0.5, 168766
0.51, 168766
0.52, 168766
0.53, 168766
0.54, 168766
0.55, 168766
0.56, 168766
0.57, 168766
0.58, 168766
0.59, 168766
0.6, 168766
0.61, 168766
0.62, 168766
0.63, 168766
0.64, 168766
0.65, 168766
0.66, 168766
0.67, 168766
0.68, 168766
0.69, 168766
0.7, 168766
0.71, 168766
0.72, 168766
0.73, 168766
0.74, 168766
0.75, 168766
0.76, 168766
0.77, 168766
0.78, 168766
0.79, 168766
0.8, 168766
0.81, 168766
0.82, 168766
0.83, 168766
0.84, 168766
0.85, 168766
0.86, 168766
0.87, 165058
0.88, 165058
0.89, 165058
0.9, 165058
0.91, 165058
0.92, 165058
0.93, 165058
0.94, 165058
0.95, 165058
0.96, 165058
0.97, 165058
0.98, 165058
0.99, 165058
1.0, 165058
1.01, 165058
1.02, 165058
1.03, 165058
1.04, 165058
1.05, 165058
1.06, 165058
1.07, 165058
1.08, 165058
1.09, 165058
1.1, 165058
1.11, 165058
1.12, 165058
1.13, 165058
1.14, 165058
1.15, 165058
1.16, 165058
1.17, 165058
1.18, 165058
1.19, 165058
1.2, 165058
1.21, 165058
1.22, 165058
1.23, 165058
1.24, 165058
1.25, 165058
1.26, 165058
1.27, 165058
1.28, 165058
1.29, 165058
1.3, 165058
1.31, 165058
1.32, 165058
1.33, 165058
1.34, 165058
1.35, 165058
1.36, 165058
1.37, 165058
1.38, 165058
1.39, 165058
1.4, 165058
1.41, 165058
1.42, 165058
1.43, 165058
1.44, 165058
1.45, 165058
1.46, 165058
1.47, 165058
1.48, 165058
1.49, 165058
1.5, 165058
1.51, 165058
1.52, 165058
1.53, 165058
1.54, 165058
1.55, 165058
1.56, 165058
1.57, 165058
1.58, 165058
1.59, 165058
1.6, 165058
1.61, 165058
1.62, 165058
1.63, 165058
1.64, 165058
1.65, 165058
1.66, 165058
1.67, 165058
1.68, 165058
1.69, 165058
1.7, 165058
1.71, 165058
1.72, 165058
1.73, 165058
1.74, 165058
1.75, 165058
1.76, 165058
1.77, 165058
1.78, 165058
1.79, 165058
1.8, 165058
1.81, 165058
1.82, 165058
1.83, 165058
1.84, 165058
1.85, 165058
1.86, 165058
1.87, 165058
1.88, 165058
1.89, 165058
1.9, 165058
1.91, 165058
1.92, 165058
1.93, 165058
1.94, 165058
1.95, 165058
1.96, 165058
1.97, 165058
1.98, 165058
1.99, 165058
2.0, 165058
2.01, 165058
2.02, 165058
2.03, 165058
2.04, 165058
2.05, 165058
2.06, 165058
2.07, 165058
2.08, 165058
2.09, 165058
2.1, 165058
2.11, 165058
2.12, 165058
2.13, 165058
2.14, 165058
2.15, 165058
2.16, 165058
2.17, 165058
2.18, 165058
2.19, 165058
2.2, 165058
2.21, 165058
2.22, 165058
2.23, 165058
2.24, 165058
2.25, 165058
2.26, 165058
2.27, 165058
2.28, 165058
2.29, 165058
2.3, 165058
2.31, 165058
2.32, 165058
2.33, 165058
2.34, 165058
2.35, 165058
2.36, 165058
2.37, 165058
2.38, 165058
2.39, 165058
2.4, 165058
2.41, 165058
2.42, 165058
2.43, 165058
2.44, 165058
2.45, 165058
2.46, 165058
2.47, 165058
2.48, 165058
2.49, 165058
2.5, 165058
2.51, 165058
2.52, 165058
2.53, 165058
2.54, 165058
2.55, 165058
2.56, 165058
2.57, 165058
2.58, 165058
2.59, 165058
2.6, 165058
2.61, 165058
2.62, 165058
2.63, 165058
2.64, 165058
2.65, 165058
2.66, 165058
2.67, 165058
2.68, 165058
2.69, 165058
2.7, 165058
2.71, 165058
2.72, 165058
2.73, 165058
2.74, 165058
2.75, 165058
2.76, 165058
2.77, 165058
2.78, 165058
2.79, 165058
2.8, 165058
2.81, 165058
2.82, 165058
2.83, 165058
2.84, 165058
2.85, 165058
2.86, 165058
2.87, 165058
2.88, 165058
2.89, 165058
2.9, 165058
2.91, 165058
2.92, 165058
2.93, 164439
2.94, 164439
2.95, 164439
2.96, 164439
2.97, 164439
2.98, 164439
2.99, 164439
3.0, 164439
3.01, 164439
3.02, 164439
3.03, 164439
3.04, 164439
3.05, 164439
3.06, 164439
3.07, 164439
3.08, 164439
3.09, 164439
3.1, 164439
3.11, 164439
3.12, 164439
3.13, 164439
3.14, 164439
3.15, 164439
3.16, 164439
3.17, 164439
3.18, 164439
3.19, 164439
3.2, 164439
3.21, 164439
3.22, 164439
3.23, 164439
3.24, 164439
3.25, 164439
3.26, 164439
3.27, 164439
3.28, 164439
3.29, 164439
3.3, 164439
3.31, 164439
3.32, 164439
3.33, 164439
3.34, 164439
3.35, 164439
3.36, 164439
3.37, 164439
3.38, 164439
3.39, 164439
3.4, 164439
3.41, 164439
3.42, 164439
3.43, 164439
3.44, 164439
3.45, 164439
3.46, 164439
3.47, 164439
3.48, 164439
3.49, 164439
3.5, 164439
3.51, 164439
3.52, 164439
3.53, 164439
3.54, 164439
3.55, 164439
3.56, 164439
3.57, 164439
3.58, 164439
3.59, 164439
3.6, 164439
3.61, 164439
3.62, 164439
3.63, 164439
3.64, 164439
3.65, 164439
3.66, 164439
3.67, 164439
3.68, 164439
3.69, 164439
3.7, 164439
3.71, 164439
3.72, 164439
3.73, 164439
3.74, 164439
3.75, 164439
3.76, 164439
3.77, 164439
3.78, 164439
3.79, 164439
3.8, 164439
3.81, 164439
3.82, 164439
3.83, 164439
3.84, 164439
3.85, 164439
3.86, 164439
3.87, 164439
3.88, 164439
3.89, 164439
3.9, 164439
3.91, 164439
3.92, 164439
3.93, 164439
3.94, 164439
3.95, 164439
3.96, 164439
3.97, 164439
3.98, 164439
3.99, 164439
4.0, 164439
4.01, 164439
4.02, 164439
4.03, 164439
4.04, 164439
4.05, 164439
4.06, 164439
4.07, 164439
4.08, 164439
4.09, 164439
4.1, 164439
4.11, 164439
4.12, 164439
4.13, 164439
4.14, 164439
4.15, 164439
4.16, 164439
4.17, 164439
4.18, 164439
4.19, 164439
4.2, 164439
4.21, 164439
4.22, 164439
4.23, 164439
4.24, 164439
4.25, 164439
4.26, 164439
4.27, 164439
4.28, 164439
4.29, 164439
4.3, 164439
4.31, 161591
4.32, 161591
4.33, 161591
4.34, 161591
4.35, 161591
4.36, 161591
4.37, 161591
4.38, 161591
4.39, 161591
4.4, 161591
4.41, 161591
4.42, 161591
4.43, 161591
4.44, 161591
4.45, 161591
4.46, 161591
4.47, 161591
4.48, 161591
4.49, 161591
4.5, 161591
4.51, 161591
4.52, 161591
4.53, 161591
4.54, 161591
4.55, 161591
4.56, 161591
4.57, 161591
4.58, 161591
4.59, 161591
4.6, 161591
4.61, 161591
4.62, 161591
4.63, 161591
4.64, 161591
4.65, 161591
4.66, 161591
4.67, 161591
4.68, 161591
4.69, 161591
4.7, 161591
4.71, 161591
4.72, 161591
4.73, 161591
4.74, 161591
4.75, 161591
4.76, 161591
4.77, 161591
4.78, 161591
4.79, 161591
4.8, 161591
4.81, 161591
4.82, 161591
4.83, 161591
4.84, 161591
4.85, 161591
4.86, 161591
4.87, 161591
4.88, 161591
4.89, 161591
4.9, 161591
4.91, 161591
4.92, 161591
4.93, 161591
4.94, 161591
4.95, 161591
4.96, 161591
4.97, 161591
4.98, 161591
4.99, 161591
5.0, 161591
5.01, 161591
5.02, 161591
5.03, 161591
5.04, 161591
5.05, 161591
5.06, 161591
5.07, 161591
5.08, 161591
5.09, 161591
5.1, 161591
5.11, 161591
5.12, 161591
5.13, 161591
5.14, 161591
5.15, 161591
5.16, 161591
5.17, 161591
5.18, 161591
5.19, 161591
5.2, 161591
5.21, 161591
5.22, 161591
5.23, 161591
5.24, 161591
5.25, 161591
5.26, 161591
5.27, 161591
5.28, 161591
5.29, 161591
5.3, 161591
5.31, 161591
5.32, 161591
5.33, 161591
5.34, 161591
5.35, 161591
5.36, 161591
5.37, 161591
5.38, 161591
5.39, 161591
5.4, 161591
5.41, 161591
5.42, 161591
5.43, 161591
5.44, 161591
5.45, 161591
5.46, 161591
5.47, 161591
5.48, 161591
5.49, 161591
5.5, 161591
5.51, 161591
5.52, 161591
5.53, 161591
5.54, 161591
5.55, 161591
5.56, 161591
5.57, 161591
5.58, 161591
5.59, 161591
5.6, 161591
5.61, 161591
5.62, 161591
5.63, 161591
5.64, 161591
5.65, 161591
5.66, 161591
5.67, 161591
5.68, 161591
5.69, 161591
5.7, 161591
5.71, 161591
5.72, 161591
5.73, 161591
5.74, 161591
5.75, 161591
5.76, 161591
5.77, 161591
5.78, 161591
5.79, 161591
5.8, 161591
5.81, 161591
5.82, 161591
5.83, 161591
5.84, 161591
5.85, 161591
5.86, 161591
5.87, 161591
5.88, 161591
5.89, 161591
5.9, 161591
5.91, 161591
5.92, 161591
5.93, 161591
5.94, 161591
5.95, 161591
5.96, 161591
5.97, 161591
5.98, 161591
5.99, 161591
6.0, 161591
6.01, 161591
6.02, 161591
6.03, 161591
6.04, 161591
6.05, 161591
6.06, 161591
6.07, 161591
6.08, 161591
6.09, 161591
6.1, 161591
6.11, 161591
6.12, 161591
6.13, 161591
6.14, 161591
6.15, 161591
6.16, 161591
6.17, 161591
6.18, 161591
6.19, 161591
6.2, 161591
6.21, 161591
6.22, 161591
6.23, 161591
6.24, 161591
6.25, 161591
6.26, 161591
6.27, 161591
6.28, 161591
6.29, 161591
6.3, 161591
6.31, 161591
6.32, 161591
6.33, 161591
6.34, 161591
6.35, 161591
6.36, 161591
6.37, 161591
6.38, 161591
6.39, 161591
6.4, 161591
6.41, 161591
6.42, 161591
6.43, 161591
6.44, 161591
6.45, 161591
6.46, 161591
6.47, 161591
6.48, 161591
6.49, 161591
6.5, 161591
6.51, 161591
6.52, 161591
6.53, 161591
6.54, 161591
6.55, 161591
6.56, 161591
6.57, 161591
6.58, 161591
6.59, 161591
6.6, 161591
6.61, 161591
6.62, 161591
6.63, 161591
6.64, 161591
6.65, 161591
6.66, 161591
6.67, 161591
6.68, 161591
6.69, 161591
6.7, 161591
6.71, 161591
6.72, 161591
6.73, 161591
6.74, 161591
6.75, 161591
6.76, 161591
6.77, 161591
6.78, 161591
6.79, 161591
6.8, 161591
6.81, 161591
6.82, 161591
6.83, 161591
6.84, 161591
6.85, 161591
6.86, 161591
6.87, 161591
6.88, 161591
6.89, 161591
6.9, 161591
6.91, 161591
6.92, 161591
6.93, 161591
6.94, 161591
6.95, 161591
6.96, 161591
6.97, 161591
6.98, 161591
6.99, 161591
7.0, 161591
7.01, 161591
7.02, 161591
7.03, 161591
7.04, 161591
7.05, 161591
7.06, 161591
7.07, 161591
7.08, 161591
7.09, 161591
7.1, 161591
7.11, 161591
7.12, 161591
7.13, 161591
7.14, 161591
7.15, 161591
7.16, 161591
7.17, 161591
7.18, 161591
7.19, 161591
7.2, 161591
7.21, 161591
7.22, 161591
7.23, 161591
7.24, 161591
7.25, 161591
7.26, 161591
7.27, 161591
7.28, 161591
7.29, 161591
7.3, 161591
7.31, 161591
7.32, 161591
7.33, 161591
7.34, 161591
7.35, 161591
7.36, 161591
7.37, 161591
7.38, 161591
7.39, 161591
7.4, 161591
7.41, 161591
7.42, 161591
7.43, 161591
7.44, 161591
7.45, 161591
7.46, 161591
7.47, 161591
7.48, 161591
7.49, 161591
7.5, 161591
7.51, 161591
7.52, 161591
7.53, 161591
7.54, 161591
7.55, 161591
7.56, 161591
7.57, 161591
7.58, 161591
7.59, 161591
7.6, 161591
7.61, 161591
7.62, 161591
7.63, 161591
7.64, 161591
7.65, 161591
7.66, 161591
7.67, 161591
7.68, 161591
7.69, 161591
7.7, 161591
7.71, 161591
7.72, 161591
7.73, 161591
7.74, 161591
7.75, 161591
7.76, 161591
7.77, 161591
7.78, 161591
7.79, 161591
7.8, 161591
7.81, 161591
7.82, 161591
7.83, 161591
7.84, 161591
7.85, 161591
7.86, 161591
7.87, 161591
7.88, 161591
7.89, 161591
7.9, 161591
7.91, 161591
7.92, 161591
7.93, 161591
7.94, 161591
7.95, 161591
7.96, 161591
7.97, 161591
7.98, 161591
7.99, 161591
8.0, 161591
8.01, 161591
8.02, 161591
8.03, 161591
8.04, 161591
8.05, 161591
8.06, 161591
8.07, 161591
8.08, 161591
8.09, 161591
8.1, 161591
8.11, 161591
8.12, 161591
8.13, 161591
8.14, 161591
8.15, 161591
8.16, 161591
8.17, 161591
8.18, 161591
8.19, 161591
8.2, 161591
8.21, 161591
8.22, 161591
8.23, 161591
8.24, 161591
8.25, 161591
8.26, 161591
8.27, 161591
8.28, 161591
8.29, 161591
8.3, 161591
8.31, 161591
8.32, 161591
8.33, 161591
8.34, 161591
8.35, 161591
8.36, 161591
8.37, 161591
8.38, 161591
8.39, 161591
8.4, 161591
8.41, 161591
8.42, 161591
8.43, 161591
8.44, 161591
8.45, 161591
8.46, 161591
8.47, 161591
8.48, 161591
8.49, 161591
8.5, 161591
8.51, 161591
8.52, 161591
8.53, 161591
8.54, 161591
8.55, 161591
8.56, 161591
8.57, 161591
8.58, 161591
8.59, 161591
8.6, 161591
8.61, 161591
8.62, 161591
8.63, 161591
8.64, 161591
8.65, 161591
8.66, 161591
8.67, 161591
8.68, 161591
8.69, 161591
8.7, 161591
8.71, 161591
8.72, 161591
8.73, 161591
8.74, 161591
8.75, 161591
8.76, 161591
8.77, 161591
8.78, 161591
8.79, 161591
8.8, 161591
8.81, 161591
8.82, 161591
8.83, 161591
8.84, 161591
8.85, 161591
8.86, 161591
8.87, 161591
8.88, 161591
8.89, 161591
8.9, 161591
8.91, 161591
8.92, 161591
8.93, 161591
8.94, 161591
8.95, 161591
8.96, 161591
8.97, 161591
8.98, 161591
8.99, 161591
9.0, 161591
9.01, 161591
9.02, 161591
9.03, 161591
9.04, 161591
9.05, 161591
9.06, 161591
9.07, 161591
9.08, 161591
9.09, 161591
9.1, 161591
9.11, 161591
9.12, 161591
9.13, 161591
9.14, 161591
9.15, 161591
9.16, 161591
9.17, 161591
9.18, 161591
9.19, 161591
9.2, 161591
9.21, 161591
9.22, 161591
9.23, 161591
9.24, 161591
9.25, 161591
9.26, 161591
9.27, 161591
9.28, 161591
9.29, 161591
9.3, 161591
9.31, 161591
9.32, 161591
9.33, 161591
9.34, 161591
9.35, 161591
9.36, 161591
9.37, 161591
9.38, 161591
9.39, 161591
9.4, 161591
9.41, 161591
9.42, 161591
9.43, 161591
9.44, 161591
9.45, 161591
9.46, 161591
9.47, 161591
9.48, 161591
9.49, 161591
9.5, 161591
9.51, 161591
9.52, 161591
9.53, 161591
9.54, 161591
9.55, 161591
9.56, 161591
9.57, 159822
9.58, 159822
9.59, 159822
9.6, 159822
9.61, 159822
9.62, 159822
9.63, 159822
9.64, 159822
9.65, 159822
9.66, 159822
9.67, 159822
9.68, 159822
9.69, 159822
9.7, 159822
9.71, 159822
9.72, 159822
9.73, 159822
9.74, 159822
9.75, 159822
9.76, 159822
9.77, 159822
9.78, 159822
9.79, 159822
9.8, 159822
9.81, 159822
9.82, 159822
9.83, 159822
9.84, 159822
9.85, 159822
9.86, 159822
9.87, 159822
9.88, 159822
9.89, 159822
9.9, 159822
9.91, 159822
9.92, 159822
9.93, 159822
9.94, 159822
9.95, 159822
9.96, 159822
9.97, 159822
9.98, 159822
9.99, 159822
10.0, 159822
10.01, 159822
10.02, 159822
10.03, 159822
10.04, 159822
10.05, 159822
10.06, 159822
10.07, 159822
10.08, 159822
10.09, 159822
10.1, 159822
10.11, 159822
10.12, 159822
10.13, 159822
10.14, 159822
10.15, 159822
10.16, 159822
10.17, 159822
10.18, 159822
10.19, 159822
10.2, 159822
10.21, 159822
10.22, 159822
10.23, 159822
10.24, 159822
10.25, 159822
10.26, 159822
10.27, 159822
10.28, 159822
10.29, 159822
10.3, 159822
10.31, 159822
10.32, 159822
10.33, 159822
10.34, 159822
10.35, 159822
10.36, 159822
10.37, 159822
10.38, 159822
10.39, 159822
10.4, 159822
10.41, 159822
10.42, 159822
10.43, 159822
10.44, 159822
10.45, 159822
10.46, 159822
10.47, 159822
10.48, 159822
10.49, 159822
10.5, 159822
10.51, 159822
10.52, 159822
10.53, 159822
10.54, 159822
10.55, 159822
10.56, 159822
10.57, 159822
10.58, 159822
10.59, 159822
10.6, 159822
10.61, 159822
10.62, 159822
10.63, 159822
10.64, 159822
10.65, 159822
10.66, 159822
10.67, 159822
10.68, 159822
10.69, 159822
10.7, 159822
10.71, 159822
10.72, 159822
10.73, 159822
10.74, 159822
10.75, 159822
10.76, 159822
10.77, 159822
10.78, 159822
10.79, 159822
10.8, 159822
10.81, 159822
10.82, 159822
10.83, 159822
10.84, 159822
10.85, 159822
10.86, 159822
10.87, 159822
10.88, 159822
10.89, 159822
10.9, 159822
10.91, 159822
10.92, 159822
10.93, 159822
10.94, 159822
10.95, 159822
10.96, 159822
10.97, 159822
10.98, 159822
10.99, 159822
11.0, 159822
11.01, 159822
11.02, 159822
11.03, 159822
11.04, 159822
11.05, 159822
11.06, 159822
11.07, 159822
11.08, 159822
11.09, 159822
11.1, 159822
11.11, 159822
11.12, 159822
11.13, 159822
11.16, 159822
11.17, 159822
11.18, 159822
11.19, 159822
11.2, 159822
11.21, 159822
11.22, 159822
11.23, 159822
11.24, 159822
11.25, 159822
11.26, 159822
11.27, 159822
11.28, 159822
11.29, 159822
11.3, 159822
11.31, 159822
11.32, 159822
11.33, 159822
11.34, 159822
11.35, 159822
11.36, 159822
11.37, 159822
11.38, 159822
11.39, 159822
11.4, 159822
11.41, 159822
11.42, 159822
11.43, 159822
11.44, 159822
11.45, 159822
11.46, 159822
11.47, 159822
11.48, 159822
11.49, 159822
11.5, 159822
11.51, 159822
11.52, 159822
11.53, 159822
11.54, 159822
11.55, 159822
11.56, 159822
11.57, 159822
11.58, 159822
11.59, 159822
11.6, 159822
11.61, 159822
11.62, 159822
11.63, 159822
11.64, 159822
11.65, 159822
11.66, 159822
11.67, 159822
11.68, 159822
11.69, 159822
11.7, 159822
11.71, 159822
11.72, 159822
11.73, 159822
11.74, 159822
11.75, 159822
11.76, 159822
11.77, 159822
11.78, 159822
11.79, 159822
11.8, 159822
11.81, 159822
11.82, 159822
11.83, 159822
11.84, 159822
11.85, 159822
11.86, 159822
11.87, 159822
11.88, 159822
11.89, 159822
11.9, 159822
11.91, 159822
11.92, 159822
11.93, 159822
11.94, 159822
11.95, 159822
11.96, 159822
11.97, 159822
11.98, 159822
11.99, 159822
12.0, 159822
12.01, 159822
12.02, 159822
12.03, 159822
12.04, 159822
12.05, 159822
12.06, 159822
12.07, 159822
12.08, 159822
12.09, 159822
12.1, 159822
12.11, 159822
12.12, 159822
12.13, 159822
12.14, 159822
12.15, 159822
12.16, 159822
12.17, 159822
12.18, 159822
12.19, 159822
12.2, 159822
12.21, 159822
12.22, 159822
12.23, 159822
12.24, 159822
12.25, 159822
12.26, 159822
12.27, 159822
12.28, 159822
12.29, 159822
12.3, 159822
12.31, 159822
12.32, 159822
12.33, 159822
12.34, 159822
12.35, 159822
12.36, 159822
12.37, 159822
12.38, 159822
12.39, 159822
12.4, 159822
12.41, 159822
12.42, 159822
12.43, 159822
12.44, 159822
12.45, 159822
12.46, 159822
12.47, 159822
12.48, 159822
12.49, 159822
12.5, 159822
12.51, 159822
12.52, 159822
12.53, 159822
12.54, 159822
12.55, 159822
12.56, 159822
12.57, 159822
12.58, 159822
12.59, 159822
12.6, 159822
12.61, 159822
12.62, 159822
12.63, 159822
12.64, 159822
12.65, 159822
12.66, 159822
12.67, 159822
12.68, 159822
12.69, 159822
12.7, 159822
12.71, 159822
12.72, 159822
12.73, 159822
12.74, 159822
12.75, 159822
12.76, 159822
12.77, 159822
12.78, 159822
12.79, 159822
12.8, 159822
12.81, 159822
12.82, 159822
12.83, 159822
12.84, 159822
12.85, 159822
12.86, 159822
12.87, 159822
12.88, 159822
12.89, 159822
12.9, 159822
12.91, 159822
12.92, 159822
12.93, 159822
12.94, 159822
12.95, 159822
12.96, 159822
12.97, 159822
12.98, 159822
12.99, 159822
13.0, 159822
13.01, 159822
13.02, 159822
13.03, 159822
13.04, 159822
13.05, 159822
13.06, 159822
13.07, 159822
13.08, 159822
13.09, 159822
13.1, 159822
13.11, 159822
13.12, 159822
13.13, 159822
13.14, 159822
13.15, 159822
13.16, 159822
13.17, 159822
13.18, 159822
13.19, 159822
13.2, 159822
13.21, 159822
13.22, 159822
13.23, 159822
13.24, 159822
13.25, 159822
13.26, 159822
13.27, 159822
13.28, 159822
13.29, 159822
13.3, 159822
13.31, 159822
13.32, 159822
13.33, 159822
13.34, 159822
13.35, 159822
13.36, 159822
13.37, 159822
13.38, 159822
13.39, 159822
13.4, 159822
13.41, 159822
13.42, 159822
13.43, 159822
13.44, 159822
13.45, 159822
13.46, 159822
13.47, 159822
13.48, 159822
13.49, 159822
13.5, 159822
13.51, 159822
13.52, 159822
13.53, 159822
13.54, 159822
13.55, 159822
13.56, 159822
13.57, 159822
13.58, 159822
13.59, 159822
13.6, 159822
13.61, 159822
13.62, 159822
13.63, 159822
13.64, 159822
13.65, 159822
13.66, 159822
13.67, 159822
13.68, 159822
13.69, 159822
13.7, 159822
13.71, 159822
13.72, 159822
13.73, 159822
13.74, 159822
13.75, 159822
13.76, 159822
13.77, 159822
13.78, 159822
13.79, 159822
13.8, 159822
13.81, 159822
13.82, 159822
13.83, 159822
13.84, 159822
13.85, 159822
13.86, 159822
13.87, 159822
13.88, 159822
13.89, 159822
13.9, 159822
13.91, 159822
13.92, 159822
13.93, 159822
13.94, 159822
13.95, 159822
13.96, 159822
13.97, 159822
13.98, 159822
13.99, 159822
14.0, 159822
14.01, 159822
14.02, 159822
14.03, 159822
14.04, 159822
14.05, 159822
14.06, 159822
14.07, 159822
14.08, 159822
14.09, 159822
14.1, 159822
14.11, 159822
14.12, 159822
14.13, 159822
14.14, 159822
14.15, 159822
14.16, 159822
14.17, 159822
14.18, 159822
14.19, 159822
14.2, 159822
14.21, 159822
14.22, 159822
14.23, 159822
14.24, 159822
14.25, 159822
14.26, 159822
14.27, 159822
14.28, 159822
14.29, 159822
14.3, 159822
14.31, 159822
14.32, 159822
14.33, 159822
14.34, 159822
14.35, 159822
14.36, 159822
14.37, 159822
14.38, 159822
14.39, 159822
14.4, 159822
14.41, 159822
14.42, 159822
14.43, 159822
14.44, 159822
14.45, 159822
14.46, 159822
14.47, 159822
14.48, 159822
14.49, 159822
14.5, 159822
14.51, 159822
14.52, 159822
14.53, 159822
14.54, 159822
14.55, 159822
14.56, 159822
14.57, 159822
14.58, 159822
14.59, 159822
14.6, 159822
14.61, 159822
14.62, 159822
14.63, 159822
14.64, 159822
14.65, 159822
14.66, 159822
14.67, 159822
14.68, 159822
14.69, 159822
14.7, 159822
14.71, 159822
14.72, 159822
14.73, 159822
14.74, 159822
14.75, 159822
14.76, 159822
14.77, 159822
14.78, 159822
14.79, 159822
14.8, 159822
14.81, 159822
14.82, 159822
14.83, 159822
14.84, 155079
14.85, 155079
14.86, 155079
14.87, 155079
14.88, 155079
14.89, 155079
14.9, 155079
14.91, 155079
14.92, 155079
14.93, 155079
14.94, 155079
14.95, 155079
14.96, 155079
14.97, 155079
14.98, 155079
14.99, 155079
15.0, 155079
15.01, 155079
15.02, 155079
15.03, 155079
15.04, 155079
15.05, 155079
15.06, 155079
15.07, 155079
15.08, 155079
15.09, 155079
15.1, 155079
15.11, 155079
15.12, 155079
15.13, 155079
15.14, 155079
15.15, 155079
15.16, 155079
15.17, 155079
15.18, 155079
15.19, 155079
15.2, 155079
15.21, 155079
15.22, 155079
15.23, 155079
15.24, 155079
15.25, 155079
15.26, 155079
15.27, 155079
15.28, 155079
15.29, 155079
15.3, 155079
15.31, 155079
15.32, 155079
15.33, 155079
15.34, 155079
15.35, 155079
15.36, 155079
15.37, 155079
15.38, 155079
15.39, 155079
15.4, 155079
15.41, 155079
15.42, 155079
15.43, 155079
15.44, 155079
15.45, 155079
15.46, 155079
15.47, 155079
15.48, 155079
15.49, 155079
15.5, 155079
15.51, 155079
15.52, 155079
15.53, 155079
15.54, 155079
15.55, 155079
15.56, 155079
15.57, 155079
15.58, 155079
15.59, 155079
15.6, 155079
15.61, 155079
15.62, 155079
15.63, 155079
15.64, 155079
15.65, 155079
15.66, 155079
15.67, 155079
15.68, 155079
15.69, 155079
15.7, 155079
15.71, 155079
15.72, 155079
15.73, 155079
15.74, 155079
15.75, 155079
15.76, 155079
15.77, 155079
15.78, 155079
15.79, 155079
15.8, 155079
15.81, 155079
15.82, 155079
15.83, 155079
15.84, 155079
15.85, 155079
15.86, 155079
15.87, 155079
15.88, 155079
15.89, 155079
15.9, 155079
15.91, 155079
15.92, 155079
15.93, 155079
15.94, 155079
15.95, 155079
15.96, 155079
15.97, 155079
15.98, 155079
15.99, 155079
16.0, 155079
16.01, 155079
16.02, 155079
16.03, 155079
16.04, 155079
16.05, 155079
16.06, 155079
16.07, 155079
16.08, 155079
16.09, 155079
16.1, 155079
16.11, 155079
16.12, 155079
16.13, 155079
16.14, 155079
16.15, 155079
16.16, 155079
16.17, 155079
16.18, 155079
16.19, 155079
16.2, 155079
16.21, 155079
16.22, 155079
16.23, 155079
16.24, 155079
16.25, 155079
16.26, 155079
16.27, 155079
16.28, 155079
16.29, 155079
16.3, 155079
16.31, 155079
16.32, 155079
16.33, 155079
16.34, 155079
16.35, 155079
16.36, 155079
16.37, 155079
16.38, 155079
16.39, 155079
16.4, 155079
16.41, 155079
16.42, 155079
16.43, 155079
16.44, 155079
16.45, 155079
16.46, 155079
16.47, 155079
16.48, 155079
16.49, 155079
16.5, 155079
16.51, 155079
16.52, 155079
16.53, 155079
16.54, 155079
16.55, 155079
16.56, 155079
16.57, 155079
16.58, 155079
16.59, 155079
16.6, 155079
16.61, 155079
16.62, 155079
16.63, 155079
16.64, 155079
16.65, 155079
16.66, 155079
16.67, 155079
16.68, 155079
16.69, 155079
16.7, 155079
16.71, 155079
16.72, 155079
16.73, 155079
16.74, 155079
16.75, 155079
16.76, 155079
16.77, 155079
16.78, 155079
16.79, 155079
16.8, 155079
16.81, 155079
16.82, 155079
16.83, 155079
16.84, 155079
16.85, 155079
16.86, 155079
16.87, 155079
16.88, 155079
16.89, 155079
16.9, 155079
16.91, 155079
16.92, 155079
16.93, 155079
16.94, 155079
16.95, 155079
16.96, 155079
16.97, 155079
16.98, 155079
16.99, 155079
17.0, 155079
17.01, 155079
17.02, 155079
17.03, 155079
17.04, 155079
17.05, 155079
17.06, 155079
17.07, 155079
17.08, 155079
17.09, 155079
17.1, 155079
17.11, 155079
17.12, 155079
17.13, 155079
17.14, 155079
17.15, 155079
17.16, 155079
17.17, 155079
17.18, 155079
17.19, 155079
17.2, 155079
17.21, 155079
17.22, 155079
17.23, 155079
17.24, 155079
17.25, 155079
17.26, 155079
17.27, 155079
17.28, 155079
17.29, 155079
17.3, 155079
17.31, 155079
17.32, 155079
17.33, 155079
17.34, 155079
17.35, 155079
17.36, 155079
17.37, 155079
17.38, 155079
17.39, 155079
17.4, 155079
17.41, 155079
17.42, 155079
17.43, 155079
17.44, 155079
17.45, 155079
17.46, 155079
17.47, 155079
17.48, 155079
17.49, 155079
17.5, 155079
17.51, 155079
17.52, 155079
17.53, 155079
17.54, 155079
17.55, 155079
17.56, 155079
17.57, 155079
17.58, 155079
17.59, 155079
17.6, 155079
17.61, 155079
17.62, 155079
17.63, 155079
17.64, 155079
17.65, 155079
17.66, 155079
17.67, 155079
17.68, 155079
17.69, 155079
17.7, 155079
17.71, 155079
17.72, 155079
17.73, 155079
17.74, 155079
17.75, 155079
17.76, 155079
17.77, 155079
17.78, 155079
17.79, 155079
17.8, 155079
17.81, 155079
17.82, 155079
17.83, 155079
17.84, 155079
17.85, 155079
17.86, 155079
17.87, 155079
17.88, 155079
17.89, 155079
17.9, 155079
17.91, 155079
17.92, 155079
17.93, 155079
17.94, 155079
17.95, 155079
17.96, 155079
17.97, 155079
17.98, 155079
17.99, 155079
18.0, 155079
18.01, 155079
18.02, 155079
18.03, 155079
18.04, 155079
18.05, 155079
18.06, 155079
18.07, 155079
18.08, 155079
18.09, 155079
18.1, 155079
18.11, 155079
18.12, 155079
18.13, 155079
18.14, 155079
18.15, 155079
18.16, 155079
18.17, 155079
18.18, 155079
18.19, 155079
18.2, 155079
18.21, 155079
18.22, 155079
18.23, 155079
18.24, 155079
18.25, 155079
18.26, 155079
18.27, 155079
18.28, 155079
18.29, 155079
18.3, 155079
18.31, 155079
18.32, 155079
18.33, 155079
18.34, 155079
18.35, 155079
18.36, 155079
18.37, 155079
18.38, 155079
18.39, 155079
18.4, 155079
18.41, 155079
18.42, 155079
18.43, 155079
18.44, 155079
18.45, 155079
18.46, 155079
18.47, 155079
18.48, 155079
18.49, 155079
18.5, 155079
18.51, 155079
18.52, 155079
18.53, 155079
18.54, 155079
18.55, 155079
18.56, 155079
18.57, 155079
18.58, 155079
18.59, 155079
18.6, 155079
18.61, 155079
18.62, 155079
18.63, 155079
18.64, 155079
18.65, 155079
18.66, 155079
18.67, 155079
18.68, 155079
18.69, 155079
18.7, 155079
18.71, 155079
18.72, 155079
18.73, 155079
18.74, 155079
18.75, 155079
18.76, 155079
18.77, 155079
18.78, 155079
18.79, 155079
18.8, 155079
18.81, 155079
18.82, 155079
18.83, 155079
18.84, 155079
18.85, 155079
18.86, 155079
18.87, 155079
18.88, 155079
18.89, 155079
18.9, 155079
18.91, 155079
18.92, 155079
18.93, 155079
18.94, 155079
18.95, 155079
18.96, 155079
18.97, 155079
18.98, 155079
18.99, 155079
19.0, 155079
19.01, 155079
19.02, 155079
19.03, 155079
19.04, 155079
19.05, 155079
19.06, 155079
19.07, 155079
19.08, 155079
19.09, 155079
19.1, 155079
19.11, 155079
19.12, 155079
19.13, 155079
19.14, 155079
19.15, 155079
19.16, 155079
19.17, 155079
19.18, 155079
19.19, 155079
19.2, 155079
19.21, 155079
19.22, 155079
19.23, 155079
19.24, 155079
19.25, 155079
19.26, 155079
19.27, 155079
19.28, 155079
19.29, 155079
19.3, 155079
19.31, 155079
19.32, 155079
19.33, 155079
19.34, 155079
19.35, 155079
19.36, 155079
19.37, 155079
19.38, 155079
19.39, 155079
19.4, 155079
19.41, 155079
19.42, 155079
19.43, 155079
19.44, 155079
19.45, 155079
19.46, 155079
19.47, 155079
19.48, 155079
19.49, 155079
19.5, 155079
19.51, 155079
19.52, 155079
19.53, 155079
19.54, 155079
19.55, 155079
19.56, 155079
19.57, 155079
19.58, 155079
19.59, 155079
19.6, 155079
19.61, 155079
19.62, 155079
19.63, 155079
19.64, 155079
19.65, 155079
19.66, 155079
19.67, 155079
19.68, 155079
19.69, 155079
19.7, 155079
19.71, 155079
19.72, 155079
19.73, 155079
19.74, 155079
19.75, 155079
19.76, 155079
19.77, 155079
19.78, 155079
19.79, 155079
19.8, 155079
19.81, 155079
19.82, 155079
19.83, 155079
19.84, 155079
19.85, 155079
19.86, 155079
19.87, 155079
19.88, 155079
19.89, 155079
19.9, 155079
19.91, 155079
19.92, 155079
19.93, 155079
19.94, 155079
19.95, 155079
19.96, 155079
19.97, 155079
19.98, 155079
19.99, 155079
20.0, 155079
20.01, 155079
20.02, 155079
20.03, 155079
20.04, 155079
20.05, 155079
20.06, 155079
20.07, 155079
20.08, 155079
20.09, 155079
20.1, 155079
20.11, 155079
20.12, 155079
20.13, 155079
20.14, 155079
20.15, 155079
20.16, 155079
20.17, 155079
20.18, 155079
20.19, 155079
20.2, 155079
20.21, 155079
20.22, 155079
20.23, 155079
20.24, 155079
20.25, 155079
20.26, 155079
20.27, 155079
20.28, 155079
20.29, 155079
20.3, 155079
20.31, 155079
20.32, 155079
20.33, 155079
20.34, 155079
20.35, 155079
20.36, 155079
20.37, 155079
20.38, 155079
20.39, 155079
20.4, 155079
20.41, 155079
20.42, 155079
20.43, 155079
20.44, 155079
20.45, 155079
20.46, 155079
20.47, 155079
20.48, 155079
20.49, 155079
20.5, 155079
20.51, 155079
20.52, 155079
20.53, 155079
20.54, 155079
20.55, 155079
20.56, 155079
20.57, 155079
20.58, 155079
20.59, 155079
20.6, 155079
20.61, 155079
20.62, 155079
20.63, 155079
20.64, 155079
20.65, 155079
20.66, 155079
20.67, 155079
20.68, 155079
20.69, 155079
20.7, 155079
20.71, 155079
20.72, 155079
20.73, 155079
20.74, 155079
20.75, 155079
20.76, 155079
20.77, 155079
20.78, 155079
20.79, 155079
20.8, 155079
20.81, 155079
20.82, 155079
20.83, 155079
20.84, 155079
20.85, 155079
20.86, 155079
20.87, 155079
20.88, 155079
20.89, 155079
20.9, 155079
20.91, 155079
20.92, 155079
20.93, 155079
20.94, 155079
20.95, 155079
20.96, 155079
20.97, 155079
20.98, 155079
20.99, 155079
21.0, 155079
21.01, 155079
21.02, 155079
21.03, 155079
21.04, 155079
21.05, 155079
21.06, 155079
21.07, 155079
21.08, 155079
21.09, 155079
21.1, 155079
21.11, 155079
21.12, 155079
21.13, 155079
21.14, 155079
21.15, 155079
21.16, 155079
21.17, 155079
21.18, 155079
21.19, 155079
21.2, 155079
21.21, 155079
21.22, 155079
21.23, 155079
21.24, 155079
21.25, 155079
21.26, 155079
21.27, 155079
21.28, 155079
21.29, 155079
21.3, 155079
21.31, 155079
21.32, 155079
21.33, 155079
21.34, 155079
21.35, 155079
21.36, 155079
21.37, 155079
21.38, 155079
21.39, 155079
21.4, 155079
21.41, 155079
21.42, 155079
21.43, 155079
21.44, 155079
21.45, 155079
21.47, 155079
21.48, 155079
21.49, 155079
21.5, 155079
21.51, 155079
21.52, 155079
21.53, 155079
21.54, 155079
21.55, 155079
21.56, 155079
21.57, 155079
21.58, 155079
21.59, 155079
21.6, 155079
21.61, 155079
21.62, 155079
21.63, 155079
21.64, 155079
21.65, 155079
21.66, 155079
21.67, 155079
21.68, 155079
21.69, 155079
21.7, 155079
21.71, 155079
21.72, 155079
21.73, 155079
21.74, 155079
21.75, 155079
21.76, 155079
21.77, 155079
21.78, 155079
21.79, 155079
21.8, 155079
21.81, 155079
21.82, 155079
21.83, 155079
21.84, 155079
21.85, 155079
21.86, 155079
21.87, 155079
21.88, 155079
21.89, 155079
21.9, 155079
21.91, 155079
21.92, 155079
21.93, 155079
21.94, 155079
21.95, 155079
21.96, 155079
21.97, 155079
21.98, 155079
21.99, 155079
22.0, 155079
22.01, 155079
22.02, 155079
22.03, 155079
22.04, 155079
22.05, 155079
22.06, 155079
22.07, 155079
22.08, 155079
22.09, 155079
22.1, 155079
22.11, 155079
22.12, 155079
22.13, 155079
22.14, 155079
22.15, 155079
22.16, 155079
22.17, 155079
22.18, 155079
22.19, 155079
22.2, 155079
22.21, 155079
22.22, 155079
22.23, 155079
22.24, 155079
22.25, 155079
22.26, 155079
22.27, 155079
22.28, 155079
22.29, 155079
22.3, 155079
22.31, 155079
22.32, 155079
22.33, 155079
22.34, 155079
22.35, 155079
22.36, 155079
22.37, 155079
22.38, 155079
22.39, 155079
22.4, 155079
22.41, 155079
22.42, 155079
22.43, 155079
22.44, 155079
22.45, 155079
22.46, 155079
22.47, 155079
22.48, 155079
22.49, 155079
22.5, 155079
22.51, 155079
22.52, 155079
22.53, 155079
22.54, 155079
22.55, 155079
22.56, 155079
22.57, 155079
22.58, 155079
22.59, 155079
22.6, 155079
22.61, 155079
22.62, 155079
22.63, 155079
22.64, 155079
22.65, 155079
22.66, 155079
22.67, 155079
22.68, 155079
22.69, 155079
22.7, 155079
22.71, 155079
22.72, 155079
22.73, 155079
22.74, 155079
22.75, 155079
22.76, 155079
22.77, 155079
22.78, 155079
22.79, 155079
22.8, 155079
22.81, 155079
22.82, 155079
22.83, 155079
22.84, 155079
22.85, 155079
22.86, 155079
22.87, 155079
22.88, 155079
22.89, 155079
22.9, 155079
22.91, 155079
22.92, 155079
22.93, 155079
22.94, 155079
22.95, 155079
22.96, 155079
22.97, 155079
22.98, 155079
22.99, 155079
23.0, 155079
23.01, 155079
23.02, 155079
23.03, 155079
23.04, 155079
23.05, 155079
23.06, 155079
23.07, 155079
23.08, 155079
23.09, 155079
23.1, 155079
23.11, 155079
23.12, 155079
23.13, 155079
23.14, 155079
23.15, 155079
23.16, 155079
23.17, 155079
23.18, 155079
23.19, 155079
23.2, 155079
23.21, 155079
23.22, 155079
23.23, 155079
23.24, 155079
23.25, 155079
23.26, 155079
23.27, 155079
23.28, 155079
23.29, 155079
23.3, 155079
23.31, 155079
23.32, 155079
23.33, 155079
23.34, 155079
23.35, 155079
23.36, 155079
23.37, 155079
23.38, 155079
23.39, 155079
23.4, 155079
23.41, 155079
23.42, 155079
23.43, 155079
23.44, 155079
23.45, 155079
23.46, 155079
23.47, 155079
23.48, 155079
23.49, 155079
23.5, 155079
23.51, 155079
23.52, 155079
23.53, 155079
23.54, 155079
23.55, 155079
23.56, 155079
23.57, 155079
23.58, 155079
23.59, 155079
23.6, 155079
23.61, 155079
23.62, 155079
23.63, 155079
23.64, 155079
23.65, 155079
23.66, 155079
23.67, 155079
23.68, 155079
23.69, 155079
23.7, 155079
23.71, 155079
23.72, 155079
23.73, 155079
23.74, 155079
23.75, 155079
23.76, 155079
23.77, 155079
23.78, 155079
23.79, 155079
23.8, 155079
23.81, 155079
23.82, 155079
23.83, 155079
23.84, 155079
23.85, 155079
23.86, 155079
23.87, 155079
23.88, 155079
23.89, 155079
23.9, 155079
23.91, 155079
23.92, 155079
23.93, 155079
23.94, 155079
23.95, 155079
23.96, 155079
23.97, 155079
23.98, 155079
23.99, 155079
24.0, 155079
24.01, 155079
24.02, 155079
24.03, 155079
24.04, 155079
24.05, 155079
24.06, 155079
24.07, 155079
24.08, 155079
24.09, 155079
24.1, 155079
24.11, 155079
24.12, 155079
24.13, 155079
24.14, 155079
24.15, 155079
24.16, 155079
24.17, 155079
24.18, 155079
24.19, 155079
24.2, 155079
24.21, 155079
24.22, 155079
24.23, 155079
24.24, 155079
24.25, 155079
24.26, 155079
24.27, 155079
24.28, 155079
24.29, 155079
24.3, 155079
24.31, 155079
24.32, 155079
24.33, 155079
24.34, 155079
24.35, 155079
24.36, 155079
24.37, 155079
24.38, 155079
24.39, 155079
24.4, 155079
24.41, 155079
24.42, 155079
24.43, 155079
24.44, 155079
24.45, 155079
24.46, 155079
24.47, 155079
24.48, 155079
24.49, 155079
24.5, 155079
24.51, 155079
24.52, 155079
24.53, 155079
24.54, 155079
24.55, 155079
24.56, 155079
24.57, 155079
24.58, 155079
24.59, 155079
24.6, 155079
24.61, 155079
24.62, 155079
24.63, 155079
24.64, 155079
24.65, 155079
24.66, 155079
24.67, 155079
24.68, 155079
24.69, 155079
24.7, 155079
24.71, 155079
24.72, 155079
24.73, 155079
24.74, 155079
24.75, 155079
24.76, 155079
24.77, 155079
24.78, 155079
24.79, 155079
24.8, 155079
24.81, 155079
24.82, 155079
24.83, 155079
24.84, 155079
24.85, 155079
24.86, 155079
24.87, 155079
24.88, 155079
24.89, 155079
24.9, 155079
24.91, 155079
24.92, 155079
24.93, 155079
24.94, 155079
24.95, 155079
24.96, 155079
24.97, 155079
24.98, 155079
24.99, 155079
25.0, 155079
25.01, 155079
25.02, 155079
25.03, 155079
25.04, 155079
25.05, 155079
25.06, 155079
25.07, 155079
25.08, 155079
25.09, 155079
25.1, 155079
25.11, 155079
25.12, 155079
25.13, 155079
25.14, 155079
25.15, 155079
25.16, 155079
25.17, 155079
25.18, 155079
25.19, 155079
25.2, 155079
25.21, 155079
25.22, 155079
25.23, 155079
25.24, 155079
25.25, 155079
25.26, 155079
25.27, 155079
25.28, 155079
25.29, 155079
25.3, 155079
25.31, 155079
25.32, 155079
25.33, 155079
25.34, 155079
25.35, 155079
25.36, 155079
25.37, 155079
25.38, 155079
25.39, 155079
25.4, 155079
25.41, 155079
25.42, 155079
25.43, 155079
25.44, 155079
25.45, 155079
25.46, 155079
25.47, 155079
25.48, 155079
25.49, 155079
25.5, 155079
25.51, 155079
25.52, 155079
25.53, 155079
25.54, 155079
25.55, 155079
25.56, 155079
25.57, 155079
25.58, 155079
25.59, 155079
25.6, 155079
25.61, 155079
25.62, 155079
25.63, 155079
25.64, 155079
25.65, 155079
25.66, 155079
25.67, 155079
25.68, 155079
25.69, 155079
25.7, 155079
25.71, 155079
25.72, 155079
25.73, 155079
25.74, 155079
25.75, 155079
25.76, 155079
25.77, 155079
25.78, 155079
25.79, 155079
25.8, 155079
25.81, 155079
25.82, 155079
25.83, 155079
25.84, 155079
25.85, 155079
25.86, 155079
25.87, 155079
25.88, 155079
25.89, 155079
25.9, 155079
25.91, 155079
25.92, 155079
25.93, 155079
25.94, 155079
25.95, 155079
25.96, 155079
25.97, 155079
25.98, 155079
25.99, 155079
26.0, 155079
26.01, 155079
26.02, 155079
26.03, 155079
26.04, 155079
26.05, 155079
26.06, 155079
26.07, 155079
26.08, 155079
26.09, 155079
26.1, 155079
26.11, 155079
26.12, 155079
26.13, 155079
26.14, 155079
26.15, 155079
26.16, 155079
26.17, 155079
26.18, 155079
26.19, 155079
26.2, 155079
26.21, 155079
26.22, 155079
26.23, 155079
26.24, 155079
26.25, 155079
26.26, 155079
26.27, 155079
26.28, 155079
26.29, 155079
26.3, 155079
26.31, 155079
26.32, 155079
26.33, 155079
26.34, 155079
26.35, 155079
26.36, 155079
26.37, 155079
26.38, 155079
26.39, 155079
26.4, 155079
26.41, 155079
26.42, 155079
26.43, 155079
26.44, 155079
26.45, 155079
26.46, 155079
26.47, 155079
26.48, 155079
26.49, 155079
26.5, 155079
26.51, 155079
26.52, 155079
26.53, 155079
26.54, 155079
26.55, 155079
26.56, 155079
26.57, 155079
26.58, 155079
26.59, 155079
26.6, 155079
26.61, 155079
26.62, 155079
26.63, 155079
26.64, 155079
26.65, 155079
26.66, 155079
26.67, 155079
26.68, 155079
26.69, 155079
26.7, 155079
26.71, 155079
26.72, 155079
26.73, 155079
26.74, 155079
26.75, 155079
26.76, 155079
26.77, 155079
26.78, 155079
26.79, 155079
26.8, 155079
26.81, 155079
26.82, 155079
26.83, 155079
26.84, 155079
26.85, 155079
26.86, 155079
26.87, 155079
26.88, 155079
26.89, 155079
26.9, 155079
26.91, 155079
26.92, 155079
26.93, 155079
26.94, 155079
26.95, 155079
26.96, 155079
26.97, 155079
26.98, 155079
26.99, 155079
27.0, 155079
27.01, 155079
27.02, 155079
27.03, 155079
27.04, 155079
27.05, 155079
27.06, 155079
27.07, 155079
27.08, 155079
27.09, 155079
27.1, 155079
27.11, 155079
27.12, 155079
27.13, 155079
27.14, 155079
27.15, 155079
27.16, 155079
27.17, 155079
27.18, 155079
27.19, 155079
27.2, 155079
27.21, 155079
27.22, 155079
27.23, 155079
27.24, 155079
27.25, 155079
27.26, 155079
27.27, 155079
27.28, 155079
27.29, 155079
27.3, 155079
27.31, 155079
27.32, 155079
27.33, 155079
27.34, 155079
27.35, 155079
27.36, 155079
27.37, 155079
27.38, 155079
27.39, 155079
27.4, 155079
27.41, 155079
27.42, 155079
27.43, 155079
27.44, 155079
27.45, 155079
27.46, 155079
27.47, 155079
27.48, 155079
27.49, 155079
27.5, 155079
27.51, 155079
27.52, 155079
27.53, 155079
27.54, 155079
27.55, 155079
27.56, 155079
27.57, 155079
27.58, 155079
27.59, 155079
27.6, 155079
27.61, 155079
27.62, 155079
27.63, 155079
27.64, 155079
27.65, 155079
27.66, 155079
27.67, 155079
27.68, 155079
27.69, 155079
27.7, 155079
27.71, 155079
27.72, 155079
27.73, 155079
27.74, 155079
27.75, 155079
27.76, 155079
27.77, 155079
27.78, 155079
27.79, 155079
27.8, 155079
27.81, 155079
27.82, 155079
27.83, 155079
27.84, 155079
27.85, 155079
27.86, 155079
27.87, 155079
27.88, 155079
27.89, 155079
27.9, 155079
27.91, 155079
27.92, 155079
27.93, 155079
27.94, 155079
27.95, 155079
27.96, 155079
27.97, 155079
27.98, 155079
27.99, 155079
28.0, 155079
28.01, 155079
28.02, 155079
28.03, 155079
28.04, 155079
28.05, 155079
28.06, 155079
28.07, 155079
28.08, 155079
28.09, 155079
28.1, 155079
28.11, 155079
28.12, 155079
28.13, 155079
28.14, 155079
28.15, 155079
28.16, 155079
28.17, 155079
28.18, 155079
28.19, 155079
28.2, 155079
28.21, 155079
28.22, 155079
28.23, 155079
28.24, 155079
28.25, 155079
28.26, 155079
28.27, 155079
28.28, 155079
28.29, 155079
28.3, 155079
28.31, 155079
28.32, 155079
28.33, 155079
28.34, 155079
28.35, 155079
28.36, 155079
28.37, 155079
28.38, 155079
28.39, 155079
28.4, 155079
28.41, 155079
28.42, 155079
28.43, 155079
28.44, 155079
28.45, 155079
28.46, 155079
28.47, 155079
28.48, 155079
28.49, 155079
28.5, 155079
28.51, 155079
28.52, 155079
28.53, 155079
28.54, 155079
28.55, 155079
28.56, 155079
28.57, 155079
28.58, 155079
28.59, 155079
28.6, 155079
28.61, 155079
28.62, 155079
28.63, 155079
28.64, 155079
28.65, 155079
28.66, 155079
28.67, 155079
28.68, 155079
28.69, 155079
28.7, 155079
28.71, 155079
28.72, 155079
28.73, 155079
28.74, 155079
28.75, 155079
28.76, 155079
28.77, 155079
28.78, 155079
28.79, 155079
28.8, 155079
28.81, 155079
28.82, 155079
28.83, 155079
28.84, 155079
28.85, 155079
28.86, 155079
28.87, 155079
28.88, 155079
28.89, 155079
28.9, 155079
28.91, 155079
28.92, 155079
28.93, 155079
28.94, 155079
28.95, 155079
28.96, 155079
28.97, 155079
28.98, 155079
28.99, 155079
29.0, 155079
29.01, 155079
29.02, 155079
29.03, 155079
29.04, 155079
29.05, 155079
29.06, 155079
29.07, 155079
29.08, 155079
29.09, 155079
29.1, 155079
29.11, 155079
29.12, 155079
29.13, 155079
29.14, 155079
29.15, 155079
29.16, 155079
29.17, 155079
29.18, 155079
29.19, 155079
29.2, 155079
29.21, 155079
29.22, 155079
29.23, 155079
29.24, 155079
29.25, 155079
29.26, 155079
29.27, 155079
29.28, 155079
29.29, 155079
29.3, 155079
29.31, 155079
29.32, 155079
29.33, 155079
29.34, 155079
29.35, 155079
29.36, 155079
29.37, 155079
29.38, 155079
29.39, 155079
29.4, 155079
29.41, 155079
29.42, 155079
29.43, 155079
29.44, 155079
29.45, 155079
29.46, 155079
29.47, 155079
29.48, 155079
29.49, 155079
29.5, 155079
29.51, 155079
29.52, 155079
29.53, 155079
29.54, 155079
29.55, 155079
29.56, 155079
29.57, 155079
29.58, 155079
29.59, 155079
29.6, 155079
29.61, 155079
29.62, 155079
29.63, 155079
29.64, 155079
29.65, 155079
29.66, 155079
29.67, 155079
29.68, 155079
29.69, 155079
29.7, 155079
29.71, 155079
29.72, 155079
29.73, 155079
29.74, 155079
29.75, 155079
29.76, 155079
29.77, 155079
29.78, 155079
29.79, 155079
29.8, 155079
29.81, 155079
29.82, 155079
29.83, 155079
29.84, 155079
29.85, 155079
29.86, 155079
29.87, 155079
29.88, 155079
29.89, 155079
29.9, 155079
29.91, 155079
29.92, 155079
29.93, 155079
29.94, 155079
29.95, 155079
29.96, 155079
29.97, 155079
29.98, 155079
29.99, 155079
30.0, 155079
30.01, 155079
30.02, 155079
30.03, 155079
30.04, 155079
30.05, 155079
30.06, 155079
30.07, 155079
30.08, 155079
30.09, 155079
30.1, 155079
30.11, 155079
30.12, 155079
30.13, 155079
30.14, 155079
30.15, 155079
30.16, 155079
30.17, 155079
30.18, 155079
30.19, 155079
30.2, 155079
30.21, 155079
30.22, 155079
30.23, 155079
30.24, 155079
30.25, 155079
30.26, 155079
30.27, 155079
30.28, 155079
30.29, 155079
30.3, 155079
30.31, 155079
30.32, 155079
30.33, 155079
30.34, 155079
30.35, 155079
30.36, 155079
30.37, 155079
30.38, 155079
30.39, 155079
30.4, 155079
30.41, 155079
30.42, 155079
30.43, 155079
30.44, 155079
30.45, 155079
30.46, 155079
30.47, 155079
30.48, 155079
30.49, 155079
30.5, 155079
30.51, 155079
30.52, 155079
30.53, 155079
30.54, 155079
30.55, 155079
30.56, 155079
30.57, 155079
30.58, 155079
30.59, 155079
30.6, 155079
30.61, 155079
30.62, 155079
30.63, 155079
30.64, 155079
30.65, 155079
30.66, 155079
30.67, 155079
30.68, 155079
30.69, 155079
30.7, 155079
30.71, 155079
30.72, 155079
30.73, 155079
30.74, 155079
30.75, 155079
30.76, 155079
30.77, 155079
30.78, 155079
30.79, 155079
30.8, 155079
30.81, 155079
30.82, 155079
30.83, 155079
30.84, 155079
30.85, 155079
30.86, 155079
30.87, 155079
30.88, 155079
30.89, 155079
30.9, 155079
30.91, 155079
30.92, 155079
30.93, 155079
30.94, 155079
30.95, 155079
30.96, 155079
30.97, 155079
30.98, 155079
30.99, 155079
31.0, 155079
31.01, 155079
31.02, 155079
31.03, 155079
31.04, 155079
31.05, 155079
31.06, 155079
31.07, 155079
31.08, 155079
31.09, 155079
31.1, 155079
31.11, 155079
31.12, 155079
31.13, 155079
31.14, 155079
31.15, 155079
31.16, 155079
31.17, 155079
31.18, 155079
31.19, 155079
31.2, 155079
31.21, 155079
31.22, 155079
31.23, 155079
31.24, 155079
31.25, 155079
31.26, 155079
31.27, 155079
31.28, 155079
31.29, 155079
31.3, 155079
31.31, 155079
31.32, 155079
31.33, 155079
31.34, 155079
31.35, 155079
31.36, 155079
31.37, 155079
31.38, 155079
31.39, 155079
31.4, 155079
31.41, 155079
31.42, 155079
31.43, 155079
31.44, 155079
31.45, 155079
31.46, 155079
31.47, 155079
31.48, 155079
31.49, 155079
31.5, 155079
31.51, 155079
31.52, 155079
31.53, 155079
31.54, 155079
31.55, 155079
31.56, 155079
31.57, 155079
31.58, 155079
31.59, 155079
31.6, 155079
31.61, 155079
31.62, 155079
31.63, 155079
31.64, 155079
31.65, 155079
31.66, 155079
31.67, 155079
31.68, 155079
31.69, 155079
31.7, 155079
31.71, 155079
31.72, 155079
31.73, 155079
31.74, 155079
31.75, 155079
31.76, 155079
31.77, 155079
31.78, 155079
31.79, 155079
31.8, 155079
31.81, 155079
31.82, 155079
31.83, 155079
31.84, 155079
31.85, 155079
31.86, 155079
31.87, 155079
31.88, 155079
31.89, 155079
31.9, 155079
31.91, 155079
31.92, 155079
31.93, 155079
31.94, 155079
31.95, 155079
31.96, 155079
31.97, 155079
31.98, 155079
31.99, 155079
32.0, 155079
32.01, 155079
32.02, 155079
32.03, 155079
32.04, 155079
32.05, 155079
32.06, 155079
32.07, 155079
32.08, 155079
32.09, 155079
32.1, 155079
32.11, 155079
32.12, 155079
32.13, 155079
32.14, 155079
32.15, 155079
32.16, 155079
32.17, 155079
32.18, 155079
32.19, 155079
32.2, 155079
32.21, 155079
32.22, 155079
32.23, 155079
32.24, 155079
32.25, 155079
32.26, 155079
32.27, 155079
32.28, 155079
32.29, 155079
32.3, 155079
32.31, 155079
32.32, 155079
32.33, 155079
32.34, 155079
32.35, 155079
32.36, 155079
32.37, 155079
32.38, 155079
32.39, 155079
32.4, 155079
32.41, 155079
32.42, 155079
32.43, 155079
32.44, 155079
32.45, 155079
32.46, 155079
32.47, 155079
32.48, 155079
32.49, 155079
32.5, 155079
32.51, 155079
32.52, 155079
32.53, 155079
32.54, 155079
32.55, 155079
32.56, 155079
32.57, 155079
32.58, 155079
32.59, 155079
32.6, 155079
32.61, 155079
32.62, 155079
32.63, 155079
32.64, 155079
32.65, 155079
32.66, 155079
32.67, 155079
32.68, 155079
32.69, 155079
32.7, 155079
32.71, 155079
32.72, 155079
32.73, 155079
32.74, 155079
32.75, 155079
32.76, 155079
32.77, 155079
32.78, 155079
32.79, 155079
32.8, 155079
32.81, 155079
32.82, 155079
32.83, 155079
32.84, 155079
32.85, 155079
32.86, 155079
32.87, 155079
32.88, 155079
32.89, 155079
32.9, 155079
32.91, 155079
32.92, 155079
32.93, 155079
32.94, 155079
32.95, 155079
32.96, 155079
32.97, 155079
32.98, 155079
32.99, 155079
33.0, 155079
33.01, 155079
33.02, 155079
33.03, 155079
33.04, 155079
33.05, 155079
33.06, 155079
33.07, 155079
33.08, 155079
33.09, 155079
33.1, 155079
33.11, 155079
33.12, 155079
33.13, 155079
33.14, 155079
33.15, 155079
33.16, 155079
33.17, 155079
33.18, 155079
33.19, 155079
33.2, 155079
33.21, 155079
33.22, 155079
33.23, 155079
33.24, 155079
33.25, 155079
33.26, 155079
33.27, 155079
33.28, 155079
33.29, 155079
33.3, 155079
33.31, 155079
33.32, 155079
33.33, 155079
33.34, 155079
33.35, 155079
33.36, 155079
33.37, 155079
33.38, 155079
33.39, 155079
33.4, 155079
33.41, 155079
33.42, 155079
33.43, 155079
33.44, 155079
33.45, 155079
33.46, 155079
33.47, 155079
33.48, 155079
33.49, 155079
33.5, 155079
33.51, 155079
33.52, 155079
33.53, 155079
33.54, 155079
33.55, 155079
33.56, 155079
33.57, 155079
33.58, 155079
33.59, 155079
33.6, 155079
33.61, 155079
33.62, 155079
33.63, 155079
33.64, 155079
33.65, 155079
33.66, 155079
33.67, 155079
33.68, 155079
33.69, 155079
33.7, 155079
33.71, 155079
33.72, 155079
33.73, 155079
33.74, 155079
33.75, 155079
33.76, 155079
33.77, 155079
33.78, 155079
33.79, 155079
33.8, 155079
33.81, 155079
33.82, 155079
33.83, 155079
33.84, 155079
33.85, 155079
33.86, 155079
33.87, 155079
33.88, 155079
33.89, 155079
33.9, 155079
33.91, 155079
33.92, 155079
33.93, 155079
33.94, 155079
33.95, 155079
33.96, 155079
33.97, 155079
33.98, 155079
33.99, 155079
34.0, 155079
34.01, 155079
34.02, 155079
34.03, 155079
34.04, 155079
34.05, 155079
34.06, 155079
34.07, 155079
34.08, 155079
34.09, 155079
34.1, 155079
34.11, 155079
34.12, 155079
34.13, 155079
34.14, 155079
34.15, 155079
34.16, 155079
34.17, 155079
34.18, 155079
34.19, 155079
34.2, 155079
34.21, 155079
34.22, 155079
34.23, 155079
34.24, 155079
34.25, 155079
34.26, 155079
34.27, 155079
34.28, 155079
34.29, 155079
34.3, 155079
34.31, 155079
34.32, 155079
34.33, 155079
34.34, 155079
34.35, 155079
34.36, 155079
34.37, 155079
34.38, 155079
34.39, 155079
34.4, 155079
34.41, 155079
34.42, 155079
34.43, 155079
34.44, 155079
34.45, 155079
34.46, 155079
34.47, 155079
34.48, 155079
34.49, 155079
34.5, 155079
34.51, 155079
34.52, 155079
34.53, 155079
34.54, 155079
34.55, 155079
34.56, 155079
34.57, 155079
34.58, 155079
34.59, 155079
34.6, 155079
34.61, 155079
34.62, 155079
34.63, 155079
34.64, 155079
34.65, 155079
34.66, 155079
34.67, 155079
34.68, 155079
34.69, 155079
34.7, 155079
34.71, 155079
34.72, 155079
34.73, 155079
34.74, 155079
34.75, 155079
34.76, 155079
34.77, 155079
34.78, 155079
34.79, 155079
34.8, 155079
34.81, 155079
34.82, 155079
34.83, 155079
34.84, 155079
34.85, 155079
34.86, 155079
34.87, 155079
34.88, 155079
34.89, 155079
34.9, 155079
34.91, 155079
34.92, 155079
34.93, 155079
34.94, 155079
34.95, 155079
34.96, 155079
34.97, 155079
34.98, 155079
34.99, 155079
35.0, 155079
35.01, 155079
35.02, 155079
35.03, 155079
35.04, 155079
35.05, 155079
35.06, 155079
35.07, 155079
35.08, 155079
35.09, 155079
35.1, 155079
35.11, 155079
35.12, 155079
35.13, 155079
35.14, 155079
35.15, 155079
35.16, 155079
35.17, 155079
35.18, 155079
35.19, 155079
35.2, 155079
35.21, 155079
35.22, 155079
35.23, 155079
35.24, 155079
35.25, 155079
35.26, 155079
35.27, 155079
35.28, 155079
35.29, 155079
35.3, 155079
35.31, 155079
35.32, 155079
35.33, 155079
35.34, 155079
35.35, 155079
35.36, 155079
35.37, 155079
35.38, 155079
35.39, 155079
35.4, 155079
35.41, 155079
35.42, 155079
35.43, 155079
35.44, 155079
35.45, 155079
35.46, 155079
35.47, 155079
35.48, 155079
35.49, 155079
35.5, 155079
35.51, 155079
35.52, 155079
35.53, 155079
35.54, 155079
35.55, 155079
35.56, 155079
35.57, 155079
35.58, 155079
35.59, 155079
35.6, 155079
35.61, 155079
35.62, 155079
35.63, 155079
35.64, 155079
35.65, 155079
35.66, 155079
35.67, 155079
35.68, 155079
35.69, 155079
35.7, 155079
35.71, 155079
35.72, 155079
35.73, 155079
35.74, 155079
35.75, 155079
35.76, 155079
35.77, 155079
35.78, 155079
35.79, 155079
35.8, 155079
35.81, 155079
35.82, 155079
35.83, 155079
35.84, 155079
35.85, 155079
35.86, 155079
35.87, 155079
35.88, 155079
35.89, 155079
35.9, 155079
35.91, 155079
35.92, 155079
35.93, 155079
35.94, 155079
35.95, 155079
35.96, 155079
35.97, 155079
35.98, 155079
35.99, 155079
36.0, 155079
36.01, 155079
36.02, 155079
36.03, 155079
36.04, 155079
36.05, 155079
36.06, 155079
36.07, 155079
36.08, 155079
36.09, 155079
36.1, 155079
36.11, 155079
36.12, 155079
36.13, 155079
36.14, 155079
36.15, 155079
36.16, 155079
36.17, 155079
36.18, 155079
36.19, 155079
36.2, 155079
36.21, 155079
36.22, 155079
36.23, 155079
36.24, 155079
36.25, 155079
36.26, 155079
36.27, 155079
36.28, 155079
36.29, 155079
36.3, 155079
36.31, 155079
36.32, 155079
36.33, 155079
36.34, 155079
36.35, 155079
36.36, 155079
36.37, 155079
36.38, 155079
36.39, 155079
36.4, 155079
36.41, 155079
36.42, 155079
36.43, 155079
36.44, 155079
36.45, 155079
36.46, 155079
36.47, 155079
36.48, 155079
36.49, 155079
36.5, 155079
36.51, 155079
36.52, 155079
36.53, 155079
36.54, 155079
36.55, 155079
36.56, 155079
36.57, 155079
36.58, 155079
36.59, 155079
36.6, 155079
36.61, 155079
36.62, 155079
36.63, 155079
36.64, 155079
36.65, 155079
36.66, 155079
36.67, 155079
36.68, 155079
36.69, 155079
36.7, 155079
36.71, 155079
36.72, 155079
36.73, 155079
36.74, 155079
36.75, 155079
36.76, 155079
36.77, 155079
36.78, 155079
36.79, 155079
36.8, 155079
36.81, 155079
36.82, 155079
36.83, 155079
36.84, 155079
36.85, 155079
36.86, 155079
36.87, 155079
36.88, 155079
36.89, 155079
36.9, 155079
36.91, 155079
36.92, 155079
36.93, 155079
36.94, 155079
36.95, 155079
36.96, 155079
36.97, 155079
36.98, 155079
36.99, 155079
37.0, 155079
37.01, 155079
37.02, 155079
37.03, 155079
37.04, 155079
37.05, 155079
37.06, 155079
37.07, 155079
37.08, 155079
37.09, 155079
37.1, 155079
37.11, 155079
37.12, 155079
37.13, 155079
37.14, 155079
37.15, 155079
37.16, 155079
37.17, 155079
37.18, 155079
37.19, 155079
37.2, 155079
37.21, 155079
37.22, 155079
37.23, 155079
37.24, 155079
37.25, 155079
37.26, 155079
37.27, 155079
37.28, 155079
37.29, 155079
37.3, 155079
37.31, 155079
37.32, 155079
37.33, 155079
37.34, 155079
37.35, 155079
37.36, 155079
37.37, 155079
37.38, 155079
37.39, 155079
37.4, 155079
37.41, 155079
37.42, 155079
37.43, 155079
37.44, 155079
37.45, 155079
37.46, 155079
37.47, 155079
37.48, 155079
37.49, 155079
37.5, 155079
37.51, 155079
37.52, 155079
37.53, 155079
37.54, 155079
37.55, 155079
37.56, 155079
37.57, 155079
37.58, 155079
37.59, 155079
37.6, 155079
37.61, 155079
37.62, 155079
37.63, 155079
37.64, 155079
37.65, 155079
37.66, 155079
37.67, 155079
37.68, 155079
37.69, 155079
37.7, 155079
37.71, 155079
37.72, 155079
37.73, 155079
37.74, 155079
37.75, 155079
37.76, 155079
37.77, 155079
37.78, 155079
37.79, 155079
37.8, 155079
37.81, 155079
37.82, 155079
37.83, 155079
37.84, 155079
37.87, 155079
37.88, 155079
37.89, 155079
37.9, 155079
37.91, 155079
37.92, 155079
37.93, 155079
37.94, 155079
37.95, 155079
37.96, 155079
37.97, 155079
37.98, 155079
37.99, 155079
38.0, 155079
38.01, 155079
38.02, 155079
38.03, 155079
38.04, 155079
38.05, 155079
38.06, 155079
38.07, 155079
38.08, 155079
38.09, 155079
38.1, 155079
38.11, 155079
38.12, 155079
38.13, 155079
38.14, 155079
38.15, 155079
38.16, 155079
38.17, 155079
38.18, 155079
38.19, 155079
38.2, 155079
38.21, 155079
38.22, 155079
38.23, 155079
38.24, 155079
38.25, 155079
38.26, 155079
38.27, 155079
38.28, 155079
38.29, 155079
38.3, 155079
38.31, 155079
38.32, 155079
38.33, 155079
38.34, 155079
38.35, 155079
38.36, 155079
38.37, 155079
38.38, 155079
38.39, 155079
38.4, 155079
38.41, 155079
38.42, 155079
38.43, 155079
38.44, 155079
38.45, 155079
38.46, 155079
38.47, 155079
38.48, 155079
38.49, 155079
38.5, 155079
38.51, 155079
38.52, 155079
38.53, 155079
38.54, 155079
38.55, 155079
38.56, 155079
38.57, 155079
38.58, 155079
38.59, 155079
38.6, 155079
38.61, 155079
38.62, 155079
38.63, 155079
38.64, 155079
38.65, 155079
38.66, 155079
38.67, 155079
38.68, 155079
38.69, 155079
38.7, 155079
38.71, 155079
38.72, 155079
38.73, 155079
38.74, 155079
38.75, 155079
38.76, 155079
38.77, 155079
38.78, 155079
38.79, 155079
38.8, 155079
38.81, 155079
38.82, 155079
38.83, 155079
38.84, 155079
38.85, 155079
38.86, 155079
38.87, 155079
38.88, 155079
38.89, 155079
38.9, 155079
38.91, 155079
38.92, 155079
38.93, 155079
38.94, 155079
38.95, 155079
38.96, 155079
38.97, 155079
38.98, 155079
38.99, 155079
39.0, 155079
39.01, 155079
39.02, 155079
39.03, 155079
39.04, 155079
39.05, 155079
39.06, 155079
39.07, 155079
39.08, 155079
39.09, 155079
39.1, 155079
39.11, 155079
39.12, 155079
39.13, 155079
39.14, 155079
39.15, 155079
39.16, 155079
39.17, 155079
39.18, 155079
39.19, 155079
39.2, 155079
39.21, 155079
39.22, 155079
39.23, 155079
39.24, 155079
39.25, 155079
39.26, 155079
39.27, 155079
39.28, 155079
39.29, 155079
39.3, 155079
39.31, 155079
39.32, 155079
39.33, 155079
39.34, 155079
39.35, 155079
39.36, 155079
39.37, 155079
39.38, 155079
39.39, 155079
39.4, 155079
39.41, 155079
39.42, 155079
39.43, 155079
39.44, 155079
39.45, 155079
39.46, 155079
39.47, 155079
39.48, 155079
39.49, 155079
39.5, 155079
39.51, 155079
39.52, 155079
39.53, 155079
39.54, 155079
39.55, 155079
39.56, 155079
39.57, 155079
39.58, 155079
39.59, 155079
39.6, 155079
39.61, 155079
39.62, 155079
39.63, 155079
39.64, 155079
39.65, 155079
39.66, 155079
39.67, 155079
39.68, 155079
39.69, 155079
39.7, 155079
39.71, 155079
39.72, 155079
39.73, 155079
39.74, 155079
39.75, 155079
39.76, 155079
39.77, 155079
39.78, 155079
39.79, 155079
39.8, 155079
39.81, 155079
39.82, 155079
39.83, 155079
39.84, 155079
39.85, 155079
39.86, 155079
39.87, 155079
39.88, 155079
39.89, 155079
39.9, 155079
39.91, 155079
39.92, 155079
39.93, 155079
39.94, 155079
39.95, 155079
39.96, 155079
39.97, 155079
39.98, 155079
39.99, 155079
40.0, 155079
40.01, 155079
40.02, 155079
40.03, 155079
40.04, 155079
40.05, 155079
40.06, 155079
40.07, 155079
40.08, 155079
40.09, 155079
40.1, 155079
40.11, 155079
40.12, 155079
40.13, 155079
40.14, 155079
40.15, 155079
40.16, 155079
40.17, 155079
40.18, 155079
40.19, 155079
40.2, 155079
40.21, 155079
40.22, 155079
40.23, 155079
40.24, 155079
40.25, 155079
40.26, 155079
40.27, 155079
40.28, 155079
40.29, 155079
40.3, 155079
40.31, 155079
40.32, 155079
40.33, 155079
40.34, 155079
40.35, 155079
40.36, 155079
40.37, 155079
40.38, 155079
40.39, 155079
40.4, 155079
40.41, 155079
40.42, 155079
40.43, 155079
40.44, 155079
40.45, 155079
40.46, 155079
40.47, 155079
40.48, 155079
40.49, 155079
40.5, 155079
40.51, 155079
40.52, 155079
40.53, 155079
40.54, 155079
40.55, 155079
40.56, 155079
40.57, 155079
40.58, 155079
40.59, 155079
40.6, 155079
40.61, 155079
40.62, 155079
40.63, 155079
40.64, 155079
40.65, 155079
40.66, 155079
40.67, 155079
40.68, 155079
40.69, 155079
40.7, 155079
40.71, 155079
40.72, 155079
40.73, 155079
40.74, 155079
40.75, 155079
40.76, 155079
40.77, 155079
40.78, 155079
40.79, 155079
40.8, 155079
40.81, 155079
40.82, 155079
40.83, 155079
40.84, 155079
40.85, 155079
40.86, 155079
40.87, 155079
40.88, 155079
40.89, 155079
40.9, 155079
40.91, 155079
40.92, 155079
40.93, 155079
40.94, 155079
40.95, 155079
40.96, 155079
40.97, 155079
40.98, 155079
40.99, 155079
41.0, 155079
41.01, 155079
41.02, 155079
41.03, 155079
41.04, 155079
41.05, 155079
41.06, 155079
41.07, 155079
41.08, 155079
41.09, 155079
41.1, 155079
41.11, 155079
41.12, 155079
41.13, 155079
41.14, 155079
41.15, 155079
41.16, 155079
41.17, 155079
41.18, 155079
41.19, 155079
41.2, 155079
41.21, 155079
41.22, 155079
41.23, 155079
41.24, 155079
41.25, 155079
41.26, 155079
41.27, 155079
41.28, 155079
41.29, 155079
41.3, 155079
41.31, 155079
41.32, 155079
41.33, 155079
41.34, 155079
41.35, 155079
41.36, 155079
41.37, 155079
41.38, 155079
41.39, 155079
41.4, 155079
41.41, 155079
41.42, 155079
41.43, 155079
41.44, 155079
41.45, 155079
41.46, 155079
41.47, 155079
41.48, 155079
41.49, 155079
41.5, 155079
41.51, 155079
41.52, 155079
41.53, 155079
41.54, 155079
41.55, 155079
41.56, 155079
41.57, 155079
41.58, 155079
41.59, 155079
41.6, 155079
41.61, 155079
41.62, 155079
41.63, 155079
41.64, 155079
41.65, 155079
41.66, 155079
41.67, 155079
41.68, 155079
41.69, 155079
41.7, 155079
41.71, 155079
41.72, 155079
41.73, 155079
41.74, 155079
41.75, 155079
41.76, 155079
41.77, 155079
41.78, 155079
41.79, 155079
41.8, 155079
41.81, 155079
41.82, 155079
41.83, 155079
41.84, 155079
41.85, 155079
41.86, 155079
41.87, 155079
41.88, 155079
41.89, 155079
41.9, 155079
41.91, 155079
41.92, 155079
41.93, 155079
41.94, 155079
41.95, 155079
41.96, 155079
41.97, 155079
41.98, 155079
41.99, 155079
42.0, 155079
42.01, 155079
42.02, 155079
42.03, 155079
42.04, 155079
42.05, 155079
42.06, 155079
42.07, 155079
42.08, 155079
42.09, 155079
42.1, 155079
42.11, 155079
42.12, 155079
42.13, 155079
42.14, 155079
42.15, 155079
42.16, 155079
42.17, 155079
42.18, 155079
42.19, 155079
42.2, 155079
42.21, 155079
42.22, 155079
42.23, 155079
42.24, 155079
42.25, 155079
42.26, 155079
42.27, 154208
42.28, 154208
42.29, 154208
42.3, 154208
42.31, 154208
42.32, 154208
42.33, 154208
42.34, 154208
42.35, 154208
42.36, 154208
42.37, 154208
42.38, 154208
42.39, 154208
42.4, 154208
42.41, 154208
42.42, 154208
42.43, 154208
42.44, 154208
42.45, 154208
42.46, 154208
42.47, 154208
42.48, 154208
42.49, 154208
42.5, 154208
42.51, 154208
42.52, 154208
42.53, 154208
42.54, 154208
42.55, 154208
42.56, 154208
42.57, 154208
42.58, 154208
42.59, 154208
42.6, 154208
42.61, 154208
42.62, 154208
42.63, 154208
42.64, 154208
42.65, 154208
42.66, 154208
42.67, 154208
42.68, 154208
42.69, 154208
42.7, 154208
42.71, 154208
42.72, 154208
42.73, 154208
42.74, 154208
42.75, 154208
42.76, 154208
42.77, 154208
42.78, 154208
42.79, 154208
42.8, 154208
42.81, 154208
42.82, 154208
42.83, 154208
42.84, 154208
42.85, 154208
42.86, 154208
42.87, 154208
42.88, 154208
42.89, 154208
42.9, 154208
42.91, 154208
42.92, 154208
42.93, 154208
42.94, 154208
42.95, 154208
42.96, 154208
42.97, 154208
42.98, 154208
42.99, 154208
43.0, 154208
43.01, 154208
43.02, 154208
43.03, 154208
43.04, 154208
43.05, 154208
43.06, 154208
43.07, 154208
43.08, 154208
43.09, 154208
43.1, 154208
43.11, 154208
43.12, 154208
43.13, 154208
43.14, 154208
43.15, 154208
43.16, 154208
43.17, 154208
43.18, 154208
43.19, 154208
43.2, 154208
43.21, 154208
43.22, 154208
43.23, 154208
43.24, 154208
43.25, 154208
43.26, 154208
43.27, 154208
43.28, 154208
43.29, 154208
43.3, 154208
43.31, 154208
43.32, 154208
43.33, 154208
43.34, 154208
43.35, 154208
43.36, 154208
43.37, 154208
43.38, 154208
43.39, 154208
43.4, 154208
43.41, 154208
43.42, 154208
43.43, 154208
43.44, 154208
43.45, 154208
43.46, 154208
43.47, 154208
43.48, 154208
43.49, 154208
43.5, 154208
43.51, 154208
43.52, 154208
43.53, 154208
43.54, 154208
43.55, 154208
43.56, 154208
43.57, 154208
43.58, 154208
43.59, 154208
43.6, 154208
43.61, 154208
43.62, 154208
43.63, 154208
43.64, 154208
43.65, 154208
43.66, 154208
43.67, 154208
43.68, 154208
43.69, 154208
43.7, 154208
43.71, 154208
43.72, 154208
43.73, 154208
43.74, 154208
43.75, 154208
43.76, 154208
43.77, 154208
43.78, 154208
43.79, 154208
43.8, 154208
43.81, 154208
43.82, 154208
43.83, 154208
43.84, 154208
43.85, 154208
43.86, 154208
43.87, 154208
43.88, 154208
43.89, 154208
43.9, 154208
43.91, 154208
43.92, 154208
43.93, 154208
43.94, 154208
43.95, 154208
43.96, 154208
43.97, 154208
43.98, 154208
43.99, 154208
44.0, 154208
44.01, 154208
44.02, 154208
44.03, 154208
44.04, 154208
44.05, 154208
44.06, 154208
44.07, 154208
44.08, 154208
44.09, 154208
44.1, 154208
44.11, 154208
44.12, 154208
44.13, 154208
44.14, 154208
44.15, 154208
44.16, 154208
44.17, 154208
44.18, 154208
44.19, 154208
44.2, 154208
44.21, 154208
44.22, 154208
44.23, 154208
44.24, 154208
44.25, 154208
44.26, 154208
44.27, 154208
44.28, 154208
44.29, 154208
44.3, 154208
44.31, 154208
44.32, 154208
44.33, 154208
44.34, 154208
44.35, 154208
44.36, 154208
44.37, 154208
44.38, 154208
44.39, 154208
44.4, 154208
44.41, 154208
44.42, 154208
44.43, 154208
44.44, 154208
44.45, 154208
44.46, 154208
44.47, 154208
44.48, 154208
44.49, 154208
44.5, 154208
44.51, 154208
44.52, 154208
44.53, 154208
44.54, 154208
44.55, 154208
44.56, 154208
44.57, 154208
44.58, 154208
44.59, 154208
44.6, 154208
44.61, 154208
44.62, 154208
44.63, 154208
44.64, 154208
44.65, 154208
44.66, 154208
44.67, 154208
44.68, 154208
44.69, 154208
44.7, 154208
44.71, 154208
44.72, 154208
44.73, 154208
44.74, 154208
44.75, 154208
44.76, 154208
44.77, 154208
44.78, 154208
44.79, 154208
44.8, 154208
44.81, 154208
44.82, 154208
44.83, 154208
44.84, 154208
44.85, 154208
44.86, 154208
44.87, 154208
44.88, 154208
44.89, 154208
44.9, 154208
44.91, 154208
44.92, 154208
44.93, 154208
44.94, 154208
44.95, 154208
44.96, 154208
44.97, 154208
44.98, 154208
44.99, 154208
45.0, 154208
45.01, 154208
45.02, 154208
45.03, 154208
45.04, 154208
45.05, 154208
45.06, 154208
45.07, 154208
45.08, 154208
45.09, 154208
45.1, 154208
45.11, 154208
45.12, 154208
45.13, 154208
45.14, 154208
45.15, 154208
45.16, 154208
45.17, 154208
45.18, 154208
45.19, 154208
45.2, 154208
45.21, 154208
45.22, 154208
45.23, 154208
45.24, 154208
45.25, 154208
45.26, 154208
45.27, 154208
45.28, 154208
45.29, 154208
45.3, 154208
45.31, 154208
45.32, 154208
45.33, 154208
45.34, 154208
45.35, 154208
45.36, 154208
45.37, 154208
45.38, 154208
45.39, 154208
45.4, 154208
45.41, 154208
45.42, 154208
45.43, 154208
45.44, 154208
45.45, 154208
45.46, 154208
45.47, 154208
45.48, 154208
45.49, 154208
45.5, 154208
45.51, 154208
45.52, 154208
45.53, 154208
45.54, 154208
45.55, 154208
45.56, 154208
45.57, 154208
45.58, 154208
45.59, 154208
45.6, 154208
45.61, 154208
45.62, 154208
45.63, 154208
45.64, 154208
45.65, 154208
45.66, 154208
45.67, 154208
45.68, 154208
45.69, 154208
45.7, 154208
45.71, 154208
45.72, 154208
45.73, 154208
45.74, 154208
45.75, 154208
45.76, 154208
45.77, 154208
45.78, 154208
45.79, 154208
45.8, 154208
45.81, 154208
45.82, 154208
45.83, 154208
45.84, 154208
45.85, 154208
45.86, 154208
45.87, 154208
45.88, 154208
45.89, 154208
45.9, 154208
45.91, 154208
45.92, 154208
45.93, 154208
45.94, 154208
45.95, 154208
45.96, 154208
45.97, 154208
45.98, 154208
45.99, 154208
46.0, 154208
46.01, 154208
46.02, 154208
46.03, 154208
46.04, 154208
46.05, 154208
46.06, 154208
46.07, 154208
46.08, 154208
46.09, 154208
46.1, 154208
46.11, 154208
46.12, 154208
46.13, 154208
46.14, 154208
46.15, 154208
46.16, 154208
46.17, 154208
46.18, 154208
46.19, 154208
46.2, 154208
46.21, 154208
46.22, 154208
46.23, 154208
46.24, 154208
46.25, 154208
46.26, 154208
46.27, 154208
46.28, 154208
46.29, 154208
46.3, 154208
46.31, 154208
46.32, 154208
46.33, 154208
46.34, 154208
46.35, 154208
46.36, 154208
46.37, 154208
46.38, 154208
46.39, 154208
46.4, 154208
46.41, 154208
46.42, 154208
46.43, 154208
46.44, 154208
46.45, 154208
46.46, 154208
46.47, 154208
46.48, 154208
46.49, 154208
46.5, 154208
46.51, 154208
46.52, 154208
46.53, 154208
46.54, 154208
46.55, 154208
46.56, 154208
46.57, 154208
46.58, 154208
46.59, 154208
46.6, 154208
46.61, 154208
46.62, 154208
46.63, 154208
46.64, 154208
46.65, 154208
46.66, 154208
46.67, 154208
46.68, 154208
46.69, 154208
46.7, 154208
46.71, 154208
46.72, 154208
46.73, 154208
46.74, 154208
46.75, 154208
46.76, 154208
46.77, 154208
46.78, 154208
46.79, 154208
46.8, 154208
46.81, 154208
46.82, 154208
46.83, 154208
46.84, 154208
46.85, 154208
46.86, 154208
46.87, 154208
46.88, 154208
46.89, 154208
46.9, 154208
46.91, 154208
46.92, 154208
46.93, 154208
46.94, 154208
46.95, 154208
46.96, 154208
46.97, 154208
46.98, 154208
46.99, 154208
47.0, 154208
47.01, 154208
47.02, 154208
47.03, 154208
47.04, 154208
47.05, 154208
47.06, 154208
47.07, 154208
47.08, 154208
47.09, 154208
47.1, 154208
47.11, 154208
47.12, 154208
47.13, 154208
47.14, 154208
47.15, 154208
47.16, 154208
47.17, 154208
47.18, 154208
47.19, 154208
47.2, 154208
47.21, 154208
47.22, 154208
47.23, 154208
47.24, 154208
47.25, 154208
47.26, 154208
47.27, 154208
47.28, 154208
47.29, 154208
47.3, 154208
47.31, 154208
47.32, 154208
47.33, 154208
47.34, 154208
47.35, 154208
47.36, 154208
47.37, 154208
47.38, 154208
47.39, 154208
47.4, 154208
47.41, 154208
47.42, 154208
47.43, 154208
47.44, 154208
47.45, 154208
47.46, 154208
47.47, 154208
47.48, 154208
47.49, 154208
47.5, 154208
47.51, 154208
47.52, 154208
47.53, 154208
47.54, 154208
47.55, 154208
47.56, 154208
47.57, 154208
47.58, 154208
47.59, 154208
47.6, 154208
47.61, 154208
47.62, 154208
47.63, 154208
47.64, 154208
47.65, 154208
47.66, 154208
47.67, 154208
47.68, 154208
47.69, 154208
47.7, 154208
47.71, 154208
47.72, 154208
47.73, 154208
47.74, 154208
47.75, 154208
47.76, 154208
47.77, 154208
47.78, 154208
47.79, 154208
47.8, 154208
47.81, 154208
47.82, 154208
47.83, 154208
47.84, 154208
47.85, 154208
47.86, 154208
47.87, 154208
47.88, 154208
47.89, 154208
47.9, 154208
47.91, 154208
47.92, 154208
47.93, 154208
47.94, 154208
47.95, 154208
47.96, 154208
47.97, 154208
47.98, 154208
47.99, 154208
48.0, 154208
48.01, 154208
48.02, 154208
48.03, 154208
48.04, 154208
48.05, 154208
48.06, 154208
48.07, 154208
48.08, 154208
48.09, 154208
48.1, 154208
48.11, 154208
48.12, 154208
48.13, 154208
48.14, 154208
48.15, 154208
48.16, 154208
48.17, 154208
48.18, 154208
48.19, 154208
48.2, 154208
48.21, 154208
48.22, 154208
48.23, 154208
48.24, 154208
48.25, 154208
48.26, 154208
48.27, 154208
48.28, 154208
48.29, 154208
48.3, 154208
48.31, 154208
48.32, 154208
48.33, 154208
48.34, 154208
48.35, 154208
48.36, 154208
48.37, 154208
48.38, 154208
48.39, 154208
48.4, 154208
48.41, 154208
48.42, 154208
48.43, 154208
48.44, 154208
48.45, 154208
48.46, 154208
48.47, 154208
48.48, 154208
48.49, 154208
48.5, 154208
48.51, 154208
48.52, 154208
48.53, 154208
48.54, 154208
48.55, 154208
48.56, 154208
48.57, 154208
48.58, 154208
48.59, 154208
48.6, 154208
48.61, 154208
48.62, 154208
48.63, 154208
48.64, 154208
48.65, 154208
48.66, 154208
48.67, 154208
48.68, 154208
48.69, 154208
48.7, 154208
48.71, 154208
48.72, 154208
48.73, 154208
48.74, 154208
48.75, 154208
48.76, 154208
48.77, 154208
48.78, 154208
48.79, 154208
48.8, 154208
48.81, 154208
48.82, 154208
48.83, 154208
48.84, 154208
48.85, 154208
48.86, 154208
48.87, 154208
48.88, 154208
48.89, 154208
48.9, 154208
48.91, 154208
48.92, 154208
48.93, 154208
48.94, 154208
48.95, 154208
48.96, 154208
48.97, 154208
48.98, 154208
48.99, 154208
49.0, 154208
49.01, 154208
49.02, 154208
49.03, 154208
49.04, 154208
49.05, 154208
49.06, 154208
49.07, 154208
49.08, 154208
49.09, 154208
49.1, 154208
49.11, 154208
49.12, 154208
49.13, 154208
49.14, 154208
49.15, 154208
49.16, 154208
49.17, 154208
49.18, 154208
49.19, 154208
49.22, 154208
49.23, 154208
49.24, 154208
49.25, 154208
49.26, 154208
49.27, 154208
49.28, 154208
49.29, 154208
49.3, 154208
49.31, 154208
49.32, 154208
49.33, 154208
49.34, 154208
49.35, 154208
49.36, 154208
49.37, 154208
49.38, 154208
49.39, 154208
49.4, 154208
49.41, 154208
49.42, 154208
49.43, 154208
49.44, 154208
49.45, 154208
49.46, 154208
49.47, 154208
49.48, 154208
49.49, 154208
49.5, 154208
49.51, 154208
49.52, 154208
49.53, 154208
49.54, 154208
49.55, 154208
49.56, 154208
49.57, 154208
49.58, 154208
49.59, 154208
49.6, 154208
49.61, 154208
49.62, 154208
49.63, 154208
49.64, 154208
49.65, 154208
49.66, 154208
49.67, 154208
49.68, 154208
49.69, 154208
49.7, 154208
49.71, 154208
49.72, 154208
49.73, 154208
49.74, 154208
49.75, 154208
49.76, 154208
49.77, 154208
49.78, 154208
49.79, 154208
49.8, 154208
49.81, 154208
49.82, 154208
49.83, 154208
49.84, 154208
49.85, 154208
49.86, 154208
49.87, 154208
49.88, 154208
49.89, 154208
49.9, 154208
49.91, 154208
49.92, 154208
49.93, 154208
49.94, 154208
49.95, 154208
49.96, 154208
49.97, 154208
49.98, 154208
49.99, 154208
50.0, 154208
50.01, 154208
50.02, 154208
50.03, 154208
50.04, 154208
50.05, 154208
50.06, 154208
50.07, 154208
50.08, 154208
50.09, 154208
50.1, 154208
50.11, 154208
50.12, 154208
50.13, 154208
50.14, 154208
50.15, 154208
50.16, 154208
50.17, 154208
50.18, 154208
50.19, 154208
50.2, 154208
50.21, 154208
50.22, 154208
50.23, 154208
50.24, 154208
50.25, 154208
50.26, 154208
50.27, 154208
50.28, 154208
50.29, 154208
50.3, 154208
50.31, 154208
50.32, 154208
50.33, 154208
50.34, 154208
50.35, 154208
50.36, 154208
50.37, 154208
50.38, 154208
50.39, 154208
50.4, 154208
50.41, 154208
50.42, 154208
50.43, 154208
50.44, 154208
50.45, 154208
50.46, 154208
50.47, 154208
50.48, 154208
50.49, 154208
50.5, 154208
50.51, 154208
50.52, 154208
50.53, 154208
50.54, 154208
50.55, 154208
50.56, 154208
50.57, 154208
50.58, 154208
50.59, 154208
50.6, 154208
50.61, 154208
50.62, 154208
50.63, 154208
50.64, 154208
50.65, 154208
50.66, 154208
50.67, 154208
50.68, 154208
50.69, 154208
50.7, 154208
50.71, 154208
50.72, 154208
50.73, 154208
50.74, 154208
50.75, 154208
50.76, 154208
50.77, 154208
50.78, 154208
50.79, 154208
50.8, 154208
50.81, 154208
50.82, 154208
50.83, 154208
50.84, 154208
50.85, 154208
50.86, 154208
50.87, 154208
50.88, 154208
50.89, 154208
50.9, 154208
50.91, 154208
50.92, 154208
50.93, 154208
50.94, 154208
50.95, 154208
50.96, 154208
50.97, 154208
50.98, 154208
50.99, 154208
51.0, 154208
51.01, 154208
51.02, 154208
51.03, 154208
51.04, 154208
51.05, 154208
51.06, 154208
51.07, 154208
51.08, 154208
51.09, 154208
51.1, 154208
51.11, 154208
51.12, 154208
51.13, 154208
51.14, 154208
51.15, 154208
51.16, 154208
51.17, 154208
51.18, 154208
51.19, 154208
51.2, 154208
51.21, 154208
51.22, 154208
51.23, 154208
51.24, 154208
51.25, 154208
51.26, 154208
51.27, 154208
51.28, 154208
51.29, 154208
51.3, 154208
51.31, 154208
51.32, 154208
51.33, 154208
51.34, 154208
51.35, 154208
51.36, 154208
51.37, 154208
51.38, 154208
51.39, 154208
51.4, 154208
51.41, 154208
51.42, 154208
51.43, 154208
51.44, 154208
51.45, 154208
51.46, 154208
51.47, 154208
51.48, 154208
51.49, 154208
51.5, 154208
51.51, 154208
51.52, 154208
51.53, 154208
51.54, 154208
51.55, 154208
51.56, 154208
51.57, 154208
51.58, 154208
51.59, 154208
51.6, 154208
51.61, 154208
51.62, 154208
51.63, 154208
51.64, 154208
51.65, 154208
51.66, 154208
51.67, 154208
51.68, 154208
51.69, 154208
51.7, 154208
51.71, 154208
51.72, 154208
51.73, 154208
51.74, 154208
51.75, 154208
51.76, 154208
51.77, 154208
51.78, 154208
51.79, 154208
51.8, 154208
51.81, 154208
51.82, 154208
51.83, 154208
51.84, 154208
51.85, 154208
51.86, 154208
51.87, 154208
51.88, 154208
51.89, 154208
51.9, 154208
51.91, 154208
51.92, 154208
51.93, 154208
51.94, 154208
51.95, 154208
51.96, 154208
51.97, 154208
51.98, 154208
51.99, 154208
52.0, 154208
52.01, 154208
52.02, 154208
52.03, 154208
52.04, 154208
52.05, 154208
52.06, 154208
52.07, 154208
52.08, 154208
52.09, 154208
52.1, 154208
52.11, 154208
52.12, 154208
52.13, 154208
52.14, 154208
52.15, 154208
52.16, 154208
52.17, 154208
52.18, 154208
52.19, 154208
52.2, 154208
52.21, 154208
52.22, 154208
52.23, 154208
52.24, 154208
52.25, 154208
52.26, 154208
52.27, 154208
52.28, 154208
52.29, 154208
52.3, 154208
52.31, 154208
52.32, 154208
52.33, 154208
52.34, 154208
52.35, 154208
52.36, 154208
52.37, 154208
52.38, 154208
52.39, 154208
52.4, 154208
52.41, 154208
52.42, 154208
52.43, 154208
52.44, 154208
52.45, 154208
52.46, 154208
52.47, 154208
52.48, 154208
52.49, 154208
52.5, 154208
52.51, 154208
52.52, 154208
52.53, 154208
52.54, 154208
52.55, 154208
52.56, 154208
52.57, 154208
52.58, 154208
52.59, 154208
52.6, 154208
52.61, 154208
52.62, 154208
52.63, 154208
52.64, 154208
52.65, 154208
52.66, 154208
52.67, 154208
52.68, 154208
52.69, 154208
52.7, 154208
52.71, 154208
52.72, 154208
52.73, 154208
52.74, 154208
52.75, 154208
52.76, 154208
52.77, 154208
52.78, 154208
52.79, 154208
52.8, 154208
52.81, 154208
52.82, 154208
52.83, 154208
52.84, 154208
52.85, 154208
52.86, 154208
52.87, 154208
52.88, 154208
52.89, 154208
52.9, 154208
52.91, 154208
52.92, 154208
52.93, 154208
52.94, 154208
52.95, 154208
52.96, 154208
52.97, 154208
52.98, 154208
52.99, 154208
53.0, 154208
53.01, 154208
53.02, 154208
53.03, 154208
53.04, 154208
53.05, 154208
53.06, 154208
53.07, 154208
53.08, 154208
53.09, 154208
53.1, 154208
53.11, 154208
53.12, 154208
53.13, 154208
53.14, 154208
53.15, 154208
53.16, 154208
53.17, 154208
53.18, 154208
53.19, 154208
53.2, 154208
53.21, 154208
53.22, 154208
53.23, 154208
53.24, 154208
53.25, 154208
53.26, 154208
53.27, 154208
53.28, 154208
53.29, 154208
53.3, 154208
53.31, 154208
53.32, 154208
53.33, 154208
53.34, 154208
53.35, 154208
53.36, 154208
53.37, 154208
53.38, 154208
53.39, 154208
53.4, 154208
53.41, 154208
53.42, 154208
53.43, 154208
53.44, 154208
53.45, 154208
53.46, 154208
53.47, 154208
53.48, 154208
53.49, 154208
53.5, 154208
53.51, 154208
53.52, 154208
53.53, 154208
53.54, 154208
53.55, 154208
53.56, 154208
53.57, 154208
53.58, 154208
53.59, 154208
53.6, 154208
53.61, 154208
53.62, 154208
53.63, 154208
53.64, 154208
53.65, 154208
53.66, 154208
53.67, 154208
53.68, 154208
53.69, 154208
53.7, 154208
53.71, 154208
53.72, 154208
53.73, 154208
53.74, 154208
53.75, 154208
53.76, 154208
53.77, 154208
53.78, 154208
53.79, 154208
53.8, 154208
53.81, 154208
53.82, 154208
53.83, 154208
53.84, 154208
53.85, 154208
53.86, 154208
53.87, 154208
53.88, 154208
53.89, 154208
53.9, 154208
53.91, 154208
53.92, 154208
53.93, 154208
53.94, 154208
53.95, 154208
53.96, 154208
53.97, 154208
53.98, 154208
53.99, 154208
54.0, 154208
54.01, 154208
54.02, 154208
54.03, 154208
54.04, 154208
54.05, 154208
54.06, 154208
54.07, 154208
54.08, 154208
54.09, 154208
54.1, 154208
54.11, 154208
54.12, 154208
54.13, 154208
54.14, 154208
54.15, 154208
54.16, 154208
54.17, 154208
54.18, 154208
54.19, 154208
54.2, 154208
54.21, 154208
54.22, 154208
54.23, 154208
54.24, 154208
54.25, 154208
54.26, 154208
54.27, 154208
54.28, 154208
54.29, 154208
54.3, 154208
54.31, 154208
54.32, 154208
54.33, 154208
54.34, 154208
54.35, 154208
54.36, 154208
54.37, 154208
54.38, 154208
54.39, 154208
54.4, 154208
54.41, 154208
54.42, 154208
54.43, 154208
54.44, 154208
54.45, 154208
54.46, 154208
54.47, 154208
54.48, 154208
54.49, 154208
54.5, 154208
54.51, 154208
54.52, 154208
54.53, 154208
54.54, 154208
54.55, 154208
54.56, 154208
54.57, 154208
54.58, 154208
54.59, 154208
54.6, 154208
54.61, 154208
54.62, 154208
54.63, 154208
54.64, 154208
54.65, 154208
54.66, 154208
54.67, 154208
54.68, 154208
54.69, 154208
54.7, 154208
54.71, 154208
54.72, 154208
54.73, 154208
54.74, 154208
54.75, 154208
54.76, 154208
54.77, 154208
54.78, 154208
54.79, 154208
54.8, 154208
54.81, 154208
54.82, 154208
54.83, 154208
54.84, 154208
54.85, 154208
54.86, 154208
54.87, 154208
54.88, 154208
54.89, 154208
54.9, 154208
54.91, 154208
54.92, 154208
54.93, 154208
54.94, 154208
54.95, 154208
54.96, 154208
54.97, 154208
54.98, 154208
54.99, 154208
55.0, 154208
55.01, 154208
55.02, 154208
55.03, 154208
55.04, 154208
55.05, 154208
55.06, 154208
55.07, 154208
55.08, 154208
55.09, 154208
55.1, 154208
55.11, 154208
55.12, 154208
55.13, 154208
55.14, 154208
55.15, 154208
55.16, 154208
55.17, 154208
55.18, 154208
55.19, 154208
55.2, 154208
55.21, 154208
55.22, 154208
55.23, 154208
55.24, 154208
55.25, 154208
55.26, 154208
55.27, 154208
55.28, 154208
55.29, 154208
55.3, 154208
55.31, 154208
55.32, 154208
55.33, 154208
55.34, 154208
55.35, 154208
55.36, 154208
55.37, 154208
55.38, 154208
55.39, 154208
55.4, 154208
55.41, 154208
55.42, 154208
55.43, 154208
55.44, 154208
55.45, 154208
55.46, 154208
55.47, 154208
55.48, 154208
55.49, 154208
55.5, 154208
55.51, 154208
55.52, 154208
55.53, 154208
55.54, 154208
55.55, 154208
55.56, 154208
55.57, 154208
55.58, 154208
55.59, 154208
55.6, 154208
55.61, 154208
55.62, 154208
55.63, 154208
55.64, 154208
55.65, 154208
55.66, 154208
55.67, 154208
55.68, 154208
55.69, 154208
55.7, 154208
55.71, 154208
55.72, 154208
55.73, 154208
55.74, 154208
55.75, 154208
55.76, 154208
55.77, 154208
55.78, 154208
55.79, 154208
55.8, 154208
55.81, 154208
55.82, 154208
55.83, 154208
55.84, 154208
55.85, 154208
55.86, 154208
55.87, 154208
55.88, 154208
55.89, 154208
55.9, 154208
55.91, 154208
55.92, 154208
55.93, 154208
55.94, 154208
55.95, 154208
55.96, 154208
55.97, 154208
55.98, 154208
55.99, 154208
56.0, 154208
56.01, 154208
56.02, 154208
56.03, 154208
56.04, 154208
56.05, 154208
56.06, 154208
56.07, 154208
56.08, 154208
56.09, 154208
56.1, 154208
56.11, 154208
56.12, 154208
56.13, 154208
56.14, 154208
56.15, 154208
56.16, 154208
56.17, 154208
56.18, 154208
56.19, 154208
56.2, 154208
56.21, 154208
56.22, 154208
56.23, 154208
56.24, 154208
56.25, 154208
56.26, 154208
56.27, 154208
56.28, 154208
56.29, 154208
56.3, 154208
56.31, 154208
56.32, 154208
56.33, 154208
56.34, 154208
56.35, 154208
56.36, 154208
56.37, 154208
56.38, 154208
56.39, 154208
56.4, 154208
56.41, 154208
56.42, 154208
56.43, 154208
56.44, 154208
56.45, 154208
56.46, 154208
56.47, 154208
56.48, 154208
56.49, 154208
56.5, 154208
56.51, 154208
56.52, 154208
56.53, 154208
56.54, 154208
56.55, 154208
56.56, 154208
56.57, 154208
56.58, 154208
56.59, 154208
56.6, 154208
56.61, 154208
56.62, 154208
56.63, 154208
56.64, 154208
56.65, 154208
56.66, 154208
56.67, 154208
56.68, 154208
56.69, 154208
56.7, 154208
56.71, 154208
56.72, 154208
56.73, 154208
56.74, 154208
56.75, 154208
56.76, 154208
56.77, 154208
56.78, 154208
56.79, 154208
56.8, 154208
56.81, 154208
56.82, 154208
56.83, 154208
56.84, 154208
56.85, 154208
56.86, 154208
56.87, 154208
56.88, 154208
56.89, 154208
56.9, 154208
56.91, 154208
56.92, 154208
56.93, 154208
56.94, 154208
56.95, 154208
56.96, 154208
56.97, 154208
56.98, 154208
56.99, 154208
57.0, 154208
57.01, 154208
57.02, 154208
57.03, 154208
57.04, 154208
57.05, 154208
57.06, 154208
57.07, 154208
57.08, 154208
57.09, 154208
57.1, 154208
57.11, 154208
57.12, 154208
57.13, 154208
57.14, 154208
57.15, 154208
57.16, 154208
57.17, 154208
57.18, 154208
57.19, 154208
57.2, 154208
57.21, 154208
57.22, 154208
57.23, 154208
57.24, 154208
57.25, 154208
57.26, 154208
57.27, 154208
57.28, 154208
57.29, 154208
57.3, 154208
57.31, 154208
57.33, 154208
57.34, 154208
57.35, 154208
57.36, 154208
57.37, 154208
57.38, 154208
57.39, 154208
57.4, 154208
57.41, 154208
57.42, 154208
57.43, 154208
57.44, 154208
57.45, 154208
57.46, 154208
57.47, 154208
57.48, 154208
57.49, 154208
57.5, 154208
57.51, 154208
57.52, 154208
57.53, 154208
57.54, 154208
57.55, 154208
57.56, 154208
57.57, 154208
57.58, 154208
57.59, 154208
57.6, 154208
57.61, 154208
57.62, 154208
57.63, 154208
57.64, 154208
57.65, 154208
57.66, 154208
57.67, 154208
57.68, 154208
57.69, 154208
57.7, 154208
57.71, 154208
57.72, 154208
57.73, 154208
57.74, 154208
57.75, 154208
57.76, 154208
57.77, 154208
57.78, 154208
57.79, 154208
57.8, 154208
57.81, 154208
57.82, 154208
57.83, 154208
57.84, 154208
57.85, 154208
57.86, 154208
57.87, 154208
57.88, 154208
57.89, 154208
57.9, 154208
57.91, 154208
57.92, 154208
57.93, 154208
57.94, 154208
57.95, 154208
57.96, 154208
57.97, 154208
57.98, 154208
57.99, 154208
58.0, 154208
58.01, 154208
58.02, 154208
58.03, 154208
58.04, 154208
58.05, 154208
58.06, 154208
58.07, 154208
58.08, 154208
58.09, 154208
58.1, 154208
58.11, 154208
58.12, 154208
58.13, 154208
58.14, 154208
58.15, 154208
58.16, 154208
58.17, 154208
58.18, 154208
58.19, 154208
58.2, 154208
58.21, 154208
58.22, 154208
58.23, 154208
58.24, 154208
58.25, 154208
58.26, 154208
58.27, 154208
58.28, 154208
58.29, 154208
58.3, 154208
58.31, 154208
58.32, 154208
58.33, 154208
58.34, 154208
58.35, 154208
58.36, 154208
58.37, 154208
58.38, 154208
58.39, 154208
58.4, 154208
58.41, 154208
58.42, 154208
58.43, 154208
58.44, 154208
58.45, 154208
58.46, 154208
58.47, 154208
58.48, 154208
58.49, 154208
58.5, 154208
58.51, 154208
58.52, 154208
58.53, 154208
58.54, 154208
58.55, 154208
58.56, 154208
58.57, 154208
58.58, 154208
58.59, 154208
58.6, 154208
58.61, 154208
58.62, 154208
58.63, 154208
58.64, 154208
58.65, 154208
58.66, 154208
58.67, 154208
58.68, 154208
58.69, 154208
58.7, 154208
58.71, 154208
58.72, 154208
58.73, 154208
58.74, 154208
58.75, 154208
58.76, 154208
58.77, 154208
58.78, 154208
58.79, 154208
58.8, 154208
58.81, 154208
58.82, 154208
58.83, 154208
58.84, 154208
58.85, 154208
58.86, 154208
58.87, 154208
58.88, 154208
58.89, 154208
58.9, 154208
58.91, 154208
58.92, 154208
58.93, 154208
58.94, 154208
58.95, 154208
58.96, 154208
58.97, 154208
58.98, 154208
58.99, 154208
59.0, 154208
59.01, 154208
59.02, 154208
59.03, 154208
59.04, 154208
59.05, 154208
59.06, 154208
59.07, 154208
59.08, 154208
59.09, 154208
59.1, 154208
59.11, 154208
59.12, 154208
59.13, 154208
59.14, 154208
59.15, 154208
59.16, 154208
59.17, 154208
59.18, 154208
59.19, 154208
59.2, 154208
59.21, 154208
59.22, 154208
59.23, 154208
59.24, 154208
59.25, 154208
59.26, 154208
59.27, 154208
59.28, 154208
59.29, 154208
59.3, 154208
59.31, 154208
59.32, 154208
59.33, 154208
59.34, 154208
59.35, 154208
59.36, 154208
59.37, 154208
59.38, 154208
59.39, 154208
59.4, 154208
59.41, 154208
59.42, 154208
59.43, 154208
59.44, 154208
59.45, 154208
59.46, 154208
59.47, 154208
59.48, 154208
59.49, 154208
59.5, 154208
59.51, 154208
59.52, 154208
59.53, 154208
59.54, 154208
59.55, 154208
59.56, 154208
59.57, 154208
59.58, 154208
59.59, 154208
59.6, 154208
59.61, 154208
59.62, 154208
59.63, 154208
59.64, 154208
59.65, 154208
59.66, 154208
59.67, 154208
59.68, 154208
59.69, 154208
59.7, 154208
59.71, 154208
59.72, 154208
59.73, 154208
59.74, 154208
59.75, 154208
59.76, 154208
59.77, 154208
59.78, 154208
59.79, 154208
59.8, 154208
59.81, 154208
59.82, 154208
59.83, 154208
59.84, 154208
59.85, 154208
59.86, 154208
59.87, 154208
59.88, 154208
59.89, 154208
59.9, 154208
59.91, 154208
59.92, 154208
59.93, 154208
59.94, 154208
59.95, 154208
59.96, 154208
59.97, 154208
59.98, 154208
59.99, 154208
