0.0, 180724
0.01, 180724
0.02, 178993
0.03, 178993
0.04, 178993
0.05, 178993
0.06, 177234
0.07, 177234
0.08, 177234
0.09, 176021
0.1, 176021
0.11, 176021
0.12, 176021
0.13, 176021
0.14, 176021
0.15, 176021
0.16, 176021
0.17, 176021
0.18, 176021
0.19, 176021
0.2, 176021
0.21, 176021
0.22, 176021
0.23, 176021
0.24, 169314
0.25, 169314
0.26, 169314
0.27, 169314
0.28, 169314
0.29, 169314
0.3, 169314
0.31, 169314
0.32, 169314
0.33, 169314
0.34, 169314
0.35, 169314
0.36, 169314
0.37, 169314
0.38, 169314
0.39, 169314
0.4, 169314
0.41, 169314
0.42, 169314
0.43, 169314
0.44, 169314
0.45, 169314
0.46, 169314
0.47, 169314
0.48, 169314
0.49, 169314
0.5, 169314
0.51, 169314
0.52, 169314
0.53, 169314
0.54, 169314
0.55, 169314
0.56, 169314
0.57, 169314
0.58, 169314
0.59, 169314
0.6, 169314
0.61, 169314
0.62, 169314
0.63, 169314
0.64, 169314
0.65, 169314
0.66, 169314
0.67, 169314
0.68, 169314
0.69, 169314
0.7, 169314
0.71, 169314
0.72, 169314
0.73, 169314
0.74, 169314
0.75, 169314
0.76, 169314
0.77, 166827
0.78, 166827
0.79, 166827
0.8, 166827
0.81, 166827
0.82, 166827
0.83, 166827
0.84, 166827
0.85, 166827
0.86, 166827
0.87, 166827
0.88, 166827
0.89, 166827
0.9, 166827
0.91, 166827
0.92, 166827
0.93, 166827
0.94, 166827
0.95, 166827
0.96, 166827
0.97, 166827
0.98, 166827
0.99, 166827
1.0, 166827
1.01, 166827
1.02, 166827
1.03, 166827
1.04, 166827
1.05, 166827
1.06, 166827
1.07, 166827
1.08, 166827
1.09, 166827
1.1, 163934
1.11, 163934
1.12, 163934
1.13, 163934
1.14, 163934
1.15, 163934
1.16, 163934
1.17, 163934
1.18, 163934
1.19, 163934
1.2, 163934
1.21, 163934
1.22, 163934
1.23, 163934
1.24, 163934
1.25, 163934
1.26, 163934
1.27, 163934
1.28, 163934
1.29, 163934
1.3, 157712
1.31, 157712
1.32, 157712
1.33, 157712
1.34, 157712
1.35, 157712
1.36, 157712
1.37, 157712
1.38, 157712
1.39, 157712
1.4, 157712
1.41, 157712
1.42, 157712
1.43, 157712
1.44, 153533
1.45, 153533
1.46, 153533
1.47, 153533
1.48, 153533
1.49, 153533
1.5, 153533
1.51, 153533
1.52, 153533
1.53, 153533
1.54, 153533
1.55, 153533
1.56, 153533
1.57, 153533
1.58, 153533
1.59, 153533
1.6, 153533
1.61, 153533
1.62, 153533
1.63, 153533
1.64, 153533
1.65, 153533
1.66, 153533
1.67, 153533
1.68, 153533
1.69, 153533
1.7, 153533
1.71, 153533
1.72, 153533
1.73, 153533
1.74, 153533
1.75, 153533
1.76, 153533
1.77, 153533
1.78, 153533
1.79, 153533
1.8, 153533
1.81, 153533
1.82, 153533
1.83, 153533
1.84, 153533
1.85, 153533
1.86, 153533
1.87, 153533
1.88, 153533
1.89, 153533
1.9, 153533
1.91, 153533
1.92, 153533
1.93, 153533
1.94, 153533
1.95, 153533
1.96, 153533
1.97, 153533
1.98, 153533
1.99, 153533
2.0, 153533
2.01, 153533
2.02, 153533
2.03, 153533
2.04, 153533
2.05, 153533
2.06, 153533
2.07, 153533
2.08, 153533
2.09, 153533
2.1, 153533
2.11, 153533
2.12, 153533
2.13, 153533
2.14, 153533
2.15, 153533
2.16, 153533
2.17, 153533
2.18, 153533
2.19, 153533
2.2, 153533
2.21, 153533
2.22, 153533
2.23, 153533
2.24, 153533
2.25, 153533
2.26, 153533
2.27, 153533
2.28, 153533
2.29, 153533
2.3, 153533
2.31, 153533
2.32, 153533
2.33, 153533
2.34, 153533
2.35, 153533
2.36, 153533
2.37, 153533
2.38, 153533
2.39, 153533
2.4, 153533
2.41, 153533
2.42, 153533
2.43, 153533
2.44, 153533
2.45, 153533
2.46, 153533
2.47, 153533
2.48, 153533
2.49, 153533
2.5, 153533
2.51, 153533
2.52, 153533
2.53, 153533
2.54, 153533
2.55, 153533
2.56, 153533
2.57, 153533
2.58, 153533
2.59, 153533
2.6, 153533
2.61, 153533
2.62, 153533
2.63, 153533
2.64, 153533
2.65, 153533
2.66, 153533
2.67, 153533
2.68, 153533
2.69, 153533
2.7, 153533
2.71, 153533
2.72, 153533
2.73, 153533
2.74, 153533
2.75, 153533
2.76, 153533
2.77, 153533
2.78, 153533
2.79, 153533
2.8, 153533
2.81, 153533
2.82, 153533
2.83, 153533
2.84, 153533
2.85, 153533
2.86, 153533
2.87, 153533
2.88, 153533
2.89, 153533
2.9, 153533
2.91, 153533
2.92, 153533
2.93, 153533
2.94, 153533
2.95, 153533
2.96, 153533
2.97, 153533
2.98, 153533
2.99, 153533
3.0, 153533
3.01, 153533
3.02, 153533
3.03, 153533
3.04, 153533
3.05, 153533
3.06, 153533
3.07, 153533
3.08, 153533
3.09, 153533
3.1, 153533
3.11, 153533
3.12, 153533
3.13, 153533
3.14, 153533
3.15, 153533
3.16, 153533
3.17, 153533
3.18, 153533
3.19, 153533
3.2, 153533
3.21, 153533
3.22, 153533
3.23, 153533
3.24, 153533
3.25, 153533
3.26, 153533
3.27, 153533
3.28, 153533
3.29, 153533
3.3, 153533
3.31, 153533
3.32, 153533
3.33, 153533
3.34, 153533
3.35, 153533
3.36, 153533
3.37, 153533
3.38, 153533
3.39, 153533
3.4, 153533
3.41, 153533
3.42, 153533
3.43, 153533
3.44, 153533
3.45, 153533
3.46, 153533
3.47, 153533
3.48, 153533
3.49, 153533
3.5, 153533
3.51, 153533
3.52, 153533
3.53, 153533
3.54, 153533
3.55, 153533
3.56, 153533
3.57, 153533
3.58, 153533
3.59, 153533
3.6, 153533
3.61, 153533
3.62, 153533
3.63, 153533
3.64, 153533
3.65, 153533
3.66, 153533
3.67, 153533
3.68, 153533
3.69, 153533
3.7, 153533
3.71, 153533
3.72, 153533
3.73, 153533
3.74, 153533
3.75, 153533
3.76, 153533
3.77, 153533
3.78, 153533
3.79, 153533
3.8, 153533
3.81, 153533
3.82, 153533
3.83, 153533
3.84, 153533
3.85, 153533
3.86, 153533
3.87, 153533
3.88, 153533
3.89, 153533
3.9, 153533
3.91, 153533
3.92, 153533
3.93, 153533
3.94, 153533
3.95, 153533
3.96, 153533
3.97, 153533
3.98, 153533
3.99, 153533
4.0, 153533
4.01, 153533
4.02, 153533
4.03, 153533
4.04, 153533
4.05, 153533
4.06, 153533
4.07, 153533
4.08, 153533
4.09, 153533
4.1, 153533
4.11, 153533
4.12, 153533
4.13, 153533
4.14, 153533
4.15, 153533
4.16, 153533
4.17, 153533
4.18, 153533
4.19, 153533
4.2, 153533
4.21, 153533
4.22, 153533
4.23, 153533
4.24, 153533
4.25, 153533
4.26, 153533
4.27, 153533
4.28, 153533
4.29, 153533
4.3, 153533
4.31, 153533
4.32, 153533
4.33, 153533
4.34, 153533
4.35, 153533
4.36, 153533
4.37, 153533
4.38, 153533
4.39, 153533
4.4, 153533
4.41, 153533
4.42, 153533
4.43, 153533
4.44, 153533
4.45, 153533
4.46, 153533
4.47, 153533
4.48, 153533
4.49, 153533
4.5, 153533
4.51, 153533
4.52, 153533
4.53, 153533
4.54, 153533
4.55, 153533
4.56, 153533
4.57, 153533
4.58, 153533
4.59, 153533
4.6, 153533
4.61, 153533
4.62, 153533
4.63, 153533
4.64, 153533
4.65, 153533
4.66, 153533
4.67, 153533
4.68, 153533
4.69, 153533
4.7, 153533
4.71, 153533
4.72, 153533
4.73, 153533
4.74, 153533
4.75, 153533
4.76, 153533
4.77, 153533
4.78, 153533
4.79, 153533
4.8, 153533
4.81, 153533
4.82, 153533
4.83, 153533
4.84, 153533
4.85, 153533
4.86, 153533
4.87, 153533
4.88, 153533
4.89, 153533
4.9, 153533
4.91, 153533
4.92, 153533
4.93, 153533
4.94, 153533
4.95, 153533
4.96, 153533
4.97, 153533
4.98, 153533
4.99, 153533
5.0, 153533
5.01, 153533
5.02, 153533
5.03, 153533
5.04, 153533
5.05, 153533
5.06, 153533
5.07, 153533
5.08, 153533
5.09, 153533
5.1, 153533
5.11, 153533
5.12, 153533
5.13, 153533
5.14, 153533
5.15, 153533
5.16, 153533
5.17, 153533
5.18, 153533
5.19, 153533
5.2, 153533
5.21, 153533
5.22, 153533
5.23, 153533
5.24, 153533
5.25, 153533
5.26, 153533
5.27, 153533
5.28, 153533
5.29, 153533
5.3, 153533
5.31, 153533
5.32, 153533
5.33, 153533
5.34, 153533
5.35, 153533
5.36, 153533
5.37, 153533
5.38, 153533
5.39, 153533
5.4, 153533
5.41, 153533
5.42, 153533
5.43, 153533
5.44, 153533
5.45, 153533
5.46, 153533
5.47, 153533
5.48, 153533
5.49, 153533
5.5, 153533
5.51, 153533
5.52, 153533
5.53, 153533
5.54, 153533
5.55, 153533
5.56, 153533
5.57, 153533
5.58, 153533
5.59, 153533
5.6, 153533
5.61, 153533
5.62, 153533
5.63, 153533
5.64, 153533
5.65, 153533
5.66, 153533
5.67, 153533
5.68, 153533
5.69, 153533
5.7, 153533
5.71, 153533
5.72, 153533
5.73, 153533
5.74, 153533
5.75, 153533
5.76, 153533
5.77, 153533
5.78, 153533
5.79, 153533
5.8, 153533
5.81, 153533
5.82, 153533
5.83, 153533
5.84, 153533
5.85, 153533
5.86, 153533
5.87, 153533
5.88, 153533
5.89, 153533
5.9, 153533
5.91, 153533
5.92, 153533
5.93, 153533
5.94, 153533
5.95, 153533
5.96, 153533
5.97, 153533
5.98, 153533
5.99, 153533
6.0, 153533
6.01, 153533
6.02, 153533
6.03, 153533
6.04, 153533
6.05, 153533
6.06, 153533
6.07, 153533
6.08, 153533
6.09, 153533
6.1, 153533
6.11, 153533
6.12, 153533
6.13, 153533
6.14, 153533
6.15, 153533
6.16, 153533
6.17, 153533
6.18, 153533
6.19, 153533
6.2, 153533
6.21, 153533
6.22, 153533
6.23, 153533
6.24, 153533
6.25, 153533
6.26, 153533
6.27, 153533
6.28, 153533
6.29, 153533
6.3, 153533
6.31, 153533
6.32, 153533
6.33, 153533
6.34, 153533
6.35, 153533
6.36, 153533
6.37, 153533
6.38, 153533
6.39, 153533
6.4, 153533
6.41, 153533
6.42, 153533
6.43, 153533
6.44, 153533
6.45, 153533
6.46, 153533
6.47, 153533
6.48, 153533
6.49, 153533
6.5, 153533
6.51, 153533
6.52, 153533
6.53, 153533
6.54, 153533
6.55, 153533
6.56, 153533
6.57, 153533
6.58, 153533
6.59, 153533
6.6, 153533
6.61, 153533
6.62, 153533
6.63, 153533
6.64, 153533
6.65, 153533
6.66, 153533
6.67, 153533
6.68, 153533
6.69, 153533
6.7, 153533
6.71, 153533
6.72, 153533
6.73, 153533
6.74, 153533
6.75, 153533
6.76, 153533
6.77, 153533
6.78, 153533
6.79, 153533
6.8, 153533
6.81, 153533
6.82, 153533
6.83, 153533
6.84, 153533
6.85, 153533
6.86, 153533
6.87, 153533
6.88, 153533
6.89, 153533
6.9, 153533
6.91, 153533
6.92, 153533
6.93, 153533
6.94, 153533
6.95, 153533
6.96, 153533
6.97, 153533
6.98, 153533
6.99, 153533
7.0, 153533
7.01, 153533
7.02, 153533
7.03, 153533
7.04, 153533
7.05, 153533
7.06, 153533
7.07, 153533
7.08, 153533
7.09, 153533
7.1, 153533
7.11, 153533
7.12, 153533
7.13, 153533
7.14, 153533
7.15, 153533
7.16, 153533
7.17, 153533
7.18, 153533
7.19, 153533
7.2, 153533
7.21, 153533
7.22, 153533
7.23, 153533
7.24, 153533
7.25, 153533
7.26, 153533
7.27, 153533
7.28, 153533
7.29, 153533
7.3, 153533
7.31, 153533
7.32, 153533
7.33, 153533
7.34, 153533
7.35, 153533
7.36, 153533
7.37, 153533
7.38, 153533
7.39, 153533
7.4, 153533
7.41, 153533
7.42, 153533
7.43, 153533
7.44, 153533
7.45, 153533
7.46, 153533
7.47, 153533
7.48, 153533
7.49, 153533
7.5, 153533
7.51, 153533
7.52, 153533
7.53, 153533
7.54, 153533
7.55, 153533
7.56, 153533
7.57, 153533
7.58, 153533
7.59, 153533
7.6, 153533
7.61, 153533
7.62, 153533
7.63, 153533
7.64, 153533
7.65, 153533
7.66, 153533
7.67, 153533
7.68, 153533
7.69, 153533
7.7, 153533
7.71, 153533
7.72, 153533
7.73, 153533
7.74, 153533
7.75, 153533
7.76, 153533
7.77, 153533
7.78, 153533
7.79, 153533
7.8, 153533
7.81, 153533
7.82, 153533
7.83, 153533
7.84, 153533
7.85, 153533
7.86, 153533
7.87, 153533
7.88, 153533
7.89, 153533
7.9, 153533
7.91, 153533
7.92, 153533
7.93, 153533
7.94, 153533
7.95, 153533
7.96, 153533
7.97, 153533
7.98, 153533
7.99, 153533
8.0, 153533
8.01, 153533
8.02, 153533
8.03, 153533
8.04, 153533
8.05, 153533
8.06, 153533
8.07, 153533
8.08, 153533
8.09, 153533
8.1, 153533
8.11, 153533
8.12, 153533
8.13, 153533
8.14, 153533
8.15, 153533
8.16, 153533
8.17, 153533
8.18, 153533
8.19, 153533
8.2, 153533
8.21, 153533
8.22, 153533
8.23, 153533
8.24, 153533
8.25, 153533
8.26, 153533
8.27, 153533
8.28, 153533
8.29, 153533
8.3, 153533
8.31, 153533
8.32, 153533
8.33, 153533
8.34, 153533
8.35, 153533
8.36, 153533
8.37, 153533
8.38, 153533
8.39, 153533
8.4, 153533
8.41, 153533
8.42, 153533
8.43, 153533
8.44, 153533
8.45, 153533
8.46, 153533
8.47, 153533
8.48, 153533
8.49, 153533
8.5, 153533
8.51, 153533
8.52, 153533
8.53, 153533
8.54, 153533
8.55, 153533
8.56, 153533
8.57, 153533
8.58, 153533
8.59, 153533
8.6, 153533
8.61, 153533
8.62, 153533
8.63, 153533
8.64, 153533
8.65, 153533
8.66, 153533
8.67, 153533
8.68, 153533
8.69, 153533
8.7, 153533
8.71, 153533
8.72, 153533
8.73, 153533
8.74, 153533
8.75, 153533
8.76, 153533
8.77, 153533
8.78, 153533
8.79, 153533
8.8, 153533
8.81, 153533
8.82, 153533
8.83, 153533
8.84, 153533
8.85, 153533
8.86, 153533
8.87, 153533
8.88, 153533
8.89, 153533
8.9, 153533
8.91, 153533
8.92, 153533
8.93, 153533
8.94, 153533
8.95, 153533
8.96, 153533
8.97, 153533
8.98, 153533
8.99, 153533
9.0, 153533
9.01, 153533
9.02, 153533
9.03, 153533
9.04, 153533
9.05, 153533
9.06, 153533
9.07, 153533
9.08, 153533
9.09, 153533
9.1, 153533
9.11, 153533
9.12, 153533
9.13, 153533
9.14, 153533
9.15, 153533
9.16, 153533
9.17, 153533
9.18, 153533
9.19, 153533
9.2, 153533
9.21, 153533
9.22, 153533
9.23, 153533
9.24, 153533
9.25, 153533
9.26, 153533
9.27, 153533
9.28, 153533
9.29, 153533
9.3, 153533
9.31, 153533
9.32, 153533
9.33, 153533
9.34, 153533
9.35, 153533
9.36, 153533
9.37, 153533
9.38, 153533
9.39, 153533
9.4, 153533
9.41, 153533
9.42, 153533
9.43, 153533
9.44, 153533
9.45, 153533
9.46, 153533
9.47, 153533
9.48, 153533
9.49, 153533
9.5, 153533
9.51, 153533
9.52, 153533
9.53, 153533
9.54, 153533
9.55, 153533
9.56, 153533
9.57, 153533
9.58, 153533
9.59, 153533
9.6, 153533
9.61, 153533
9.62, 153533
9.63, 153533
9.64, 153533
9.65, 153533
9.66, 153533
9.67, 153533
9.68, 153533
9.69, 153533
9.7, 153533
9.71, 153533
9.72, 153533
9.73, 153533
9.74, 153533
9.75, 153533
9.76, 153533
9.77, 153533
9.78, 153533
9.79, 153533
9.8, 153533
9.81, 153533
9.82, 153533
9.83, 153533
9.84, 153533
9.85, 153533
9.86, 153533
9.87, 153533
9.88, 153533
9.89, 153533
9.9, 153533
9.91, 153533
9.92, 153533
9.93, 153533
9.94, 153533
9.95, 153533
9.96, 153533
9.97, 153533
9.98, 153533
9.99, 153533
10.0, 153533
10.01, 153533
10.02, 153533
10.03, 153533
10.04, 153533
10.05, 153533
10.06, 153533
10.07, 153533
10.08, 153533
10.09, 153533
10.1, 153533
10.11, 153533
10.12, 153533
10.13, 153533
10.14, 153533
10.15, 153533
10.16, 153533
10.17, 153533
10.18, 153533
10.19, 153533
10.2, 153533
10.21, 153533
10.22, 153533
10.23, 153533
10.24, 153533
10.25, 153533
10.26, 153533
10.27, 153533
10.28, 153533
10.29, 153533
10.3, 153533
10.31, 153533
10.32, 153533
10.33, 153533
10.34, 153533
10.35, 153533
10.36, 153533
10.37, 153533
10.38, 153533
10.39, 153533
10.4, 153533
10.41, 153533
10.42, 153533
10.43, 153533
10.44, 153533
10.45, 153533
10.46, 153533
10.47, 153533
10.48, 153533
10.49, 153533
10.5, 153533
10.51, 153533
10.52, 153533
10.53, 153533
10.54, 153533
10.55, 153533
10.56, 153533
10.57, 153533
10.58, 153533
10.59, 153533
10.6, 153533
10.61, 153533
10.62, 153533
10.63, 153533
10.64, 153533
10.65, 153533
10.66, 153533
10.67, 153533
10.68, 153533
10.69, 153533
10.7, 153533
10.71, 153533
10.72, 153533
10.73, 153533
10.74, 153533
10.75, 153533
10.76, 153533
10.77, 153533
10.78, 153533
10.79, 153533
10.8, 153533
10.81, 153533
10.82, 153533
10.83, 153533
10.84, 153533
10.85, 153533
10.86, 153533
10.87, 153533
10.88, 153533
10.89, 153533
10.9, 153533
10.91, 153533
10.92, 153533
10.93, 153533
10.94, 153533
10.95, 153533
10.96, 153533
10.97, 153533
10.98, 153533
10.99, 153533
11.0, 153533
11.01, 153533
11.02, 153533
11.03, 153533
11.04, 153533
11.05, 153533
11.06, 153533
11.07, 153533
11.08, 153533
11.09, 153533
11.1, 153533
11.11, 153533
11.12, 153533
11.13, 153533
11.14, 153533
11.15, 153533
11.16, 153533
11.17, 153533
11.18, 153533
11.19, 153533
11.2, 153533
11.21, 153533
11.22, 153533
11.23, 153533
11.24, 153533
11.25, 153533
11.26, 153533
11.27, 153533
11.28, 153533
11.29, 153533
11.3, 153533
11.31, 153533
11.32, 153533
11.33, 153533
11.34, 153533
11.35, 153533
11.36, 153533
11.37, 153533
11.38, 153533
11.39, 153533
11.4, 153533
11.41, 153533
11.42, 153533
11.43, 153533
11.44, 153533
11.45, 153533
11.46, 153533
11.47, 153533
11.48, 153533
11.49, 153533
11.5, 153533
11.51, 153533
11.52, 153533
11.53, 153533
11.54, 153533
11.55, 153533
11.56, 153533
11.57, 153533
11.58, 153533
11.59, 153533
11.6, 153533
11.61, 153533
11.62, 153533
11.63, 153533
11.64, 153533
11.65, 153533
11.66, 153533
11.67, 153533
11.68, 153533
11.69, 153533
11.7, 153533
11.71, 153533
11.72, 153533
11.73, 153533
11.74, 153533
11.75, 153533
11.76, 153533
11.77, 153533
11.78, 153533
11.79, 153533
11.8, 153533
11.81, 153533
11.82, 153533
11.83, 153533
11.84, 153533
11.85, 153533
11.86, 153533
11.87, 153533
11.88, 153533
11.89, 153533
11.9, 153533
11.91, 153533
11.92, 153533
11.93, 153533
11.94, 153533
11.95, 153533
11.96, 153533
11.97, 153533
11.98, 153533
11.99, 153533
12.0, 153533
12.01, 153533
12.02, 153533
12.03, 153533
12.04, 153533
12.05, 153533
12.06, 153533
12.07, 153533
12.08, 153533
12.09, 153533
12.1, 153533
12.11, 153533
12.12, 153533
12.13, 153533
12.14, 153533
12.15, 153533
12.16, 153533
12.17, 153533
12.18, 153533
12.19, 153533
12.2, 153533
12.21, 153533
12.22, 153533
12.23, 153533
12.24, 153533
12.25, 153533
12.26, 153533
12.27, 153533
12.28, 153533
12.29, 153533
12.3, 153533
12.31, 153533
12.32, 153533
12.33, 153533
12.34, 153533
12.35, 153533
12.36, 153533
12.37, 153533
12.38, 153533
12.39, 153533
12.4, 153533
12.41, 153533
12.42, 153533
12.43, 153533
12.44, 153533
12.45, 153533
12.46, 153533
12.47, 153533
12.48, 153533
12.49, 153533
12.5, 153533
12.51, 153533
12.52, 153533
12.53, 153533
12.54, 153533
12.55, 153533
12.56, 153533
12.57, 153533
12.58, 153533
12.59, 153533
12.6, 153533
12.61, 153533
12.62, 153533
12.63, 153533
12.64, 153533
12.65, 153533
12.66, 153533
12.67, 153533
12.68, 153533
12.69, 153533
12.7, 153533
12.71, 153533
12.72, 153533
12.73, 153533
12.74, 153533
12.75, 153533
12.76, 153533
12.77, 153533
12.78, 153533
12.79, 153533
12.8, 153533
12.81, 153533
12.82, 153533
12.83, 153533
12.84, 153533
12.85, 153533
12.86, 153533
12.87, 153533
12.88, 153533
12.89, 153533
12.9, 153533
12.91, 153533
12.92, 153533
12.93, 153533
12.94, 153533
12.95, 153533
12.96, 153533
12.97, 153533
12.98, 153533
12.99, 153533
13.0, 153533
13.01, 153533
13.02, 153533
13.03, 153533
13.04, 153533
13.05, 153533
13.06, 153533
13.07, 153533
13.08, 153533
13.09, 153533
13.1, 153533
13.11, 153533
13.12, 153533
13.13, 153533
13.14, 153533
13.15, 153533
13.16, 153533
13.17, 153533
13.18, 153533
13.19, 153533
13.2, 153533
13.21, 153533
13.22, 153533
13.23, 153533
13.24, 153533
13.25, 153533
13.26, 153533
13.27, 153533
13.28, 153533
13.29, 153533
13.3, 153533
13.31, 153533
13.32, 153533
13.33, 153533
13.34, 153533
13.35, 153533
13.36, 153533
13.37, 153533
13.38, 153533
13.39, 153533
13.4, 153533
13.41, 153533
13.42, 153533
13.43, 153533
13.44, 153533
13.45, 153533
13.46, 153533
13.47, 153533
13.48, 153533
13.49, 153533
13.5, 153533
13.51, 153533
13.52, 153533
13.53, 153533
13.54, 153533
13.55, 153533
13.56, 153533
13.57, 153533
13.58, 153533
13.59, 153533
13.6, 153533
13.61, 153533
13.62, 153533
13.63, 153533
13.64, 153533
13.65, 153533
13.66, 153533
13.67, 153533
13.68, 153533
13.69, 153533
13.7, 153533
13.71, 153533
13.72, 153533
13.73, 153533
13.74, 153533
13.75, 153533
13.76, 153533
13.77, 153533
13.78, 153533
13.79, 153533
13.8, 153533
13.81, 153533
13.82, 153533
13.83, 153533
13.84, 153533
13.85, 153533
13.86, 153533
13.87, 153533
13.88, 153533
13.89, 153533
13.9, 153533
13.91, 153533
13.92, 153533
13.93, 153533
13.94, 153533
13.95, 153533
13.96, 153533
13.97, 153533
13.98, 153533
13.99, 153533
14.0, 153533
14.01, 153533
14.02, 153533
14.03, 153533
14.04, 153533
14.05, 153533
14.06, 153533
14.07, 153533
14.08, 153533
14.09, 153533
14.1, 153533
14.11, 153533
14.12, 153533
14.13, 153533
14.14, 153533
14.15, 153533
14.16, 153533
14.17, 153533
14.18, 153533
14.19, 153533
14.2, 153533
14.21, 153533
14.22, 153533
14.23, 153533
14.24, 153533
14.25, 153533
14.26, 153533
14.27, 153533
14.28, 153533
14.29, 153533
14.3, 153533
14.31, 153533
14.32, 153533
14.33, 153533
14.34, 153533
14.35, 153533
14.36, 153533
14.37, 153533
14.38, 153533
14.39, 153533
14.4, 153533
14.41, 153533
14.42, 153533
14.43, 153533
14.44, 153533
14.45, 153533
14.46, 153533
14.47, 153533
14.48, 153533
14.49, 153533
14.5, 153533
14.51, 153533
14.52, 153533
14.53, 153533
14.54, 153533
14.55, 153533
14.56, 153533
14.57, 153533
14.58, 153533
14.59, 153533
14.6, 153533
14.61, 153533
14.62, 153533
14.63, 153533
14.64, 153533
14.65, 153533
14.66, 153533
14.67, 153533
14.68, 153533
14.69, 153533
14.7, 153533
14.71, 153533
14.72, 153533
14.73, 153533
14.74, 153533
14.75, 153533
14.76, 153533
14.77, 153533
14.78, 153533
14.79, 153533
14.8, 153533
14.81, 153533
14.82, 153533
14.83, 153533
14.84, 153533
14.85, 153533
14.86, 153533
14.87, 153533
14.88, 153533
14.89, 153533
14.9, 153533
14.91, 153533
14.92, 153533
14.93, 153533
14.94, 153533
14.95, 153533
14.96, 153533
14.97, 153533
14.98, 153533
14.99, 153533
15.0, 153533
15.01, 153533
15.02, 153533
15.03, 153533
15.04, 153533
15.05, 153533
15.06, 153533
15.07, 153533
15.08, 153533
15.09, 153533
15.1, 153533
15.11, 153533
15.12, 153533
15.13, 153533
15.14, 153533
15.15, 153533
15.16, 153533
15.17, 153533
15.18, 153533
15.19, 153533
15.2, 153533
15.21, 153533
15.22, 153533
15.23, 153533
15.24, 153533
15.25, 153533
15.26, 153533
15.27, 153533
15.28, 153533
15.29, 153533
15.3, 153533
15.31, 153533
15.32, 153533
15.33, 153533
15.34, 153533
15.35, 153533
15.36, 153533
15.37, 153533
15.38, 153533
15.39, 153533
15.4, 153533
15.41, 153533
15.42, 153533
15.43, 153533
15.44, 153533
15.45, 153533
15.46, 153533
15.47, 153533
15.48, 153533
15.49, 153533
15.5, 153533
15.51, 153533
15.52, 153533
15.53, 153533
15.54, 153533
15.55, 153533
15.56, 153533
15.57, 153533
15.58, 153533
15.59, 153533
15.6, 153533
15.61, 153533
15.62, 153533
15.63, 153533
15.64, 153533
15.65, 153533
15.66, 153533
15.67, 153533
15.68, 153533
15.69, 153533
15.7, 153533
15.71, 153533
15.72, 153533
15.73, 153533
15.74, 153533
15.75, 153533
15.76, 153533
15.77, 153533
15.78, 153533
15.79, 153533
15.8, 153533
15.81, 153533
15.82, 153533
15.83, 153533
15.84, 153533
15.85, 153533
15.86, 153533
15.87, 153533
15.88, 153533
15.89, 153533
15.9, 153533
15.91, 153533
15.92, 153533
15.93, 153533
15.94, 153533
15.95, 153533
15.96, 153533
15.97, 153533
15.98, 153533
15.99, 153533
16.0, 153533
16.01, 153533
16.02, 153533
16.03, 153533
16.04, 153533
16.05, 153533
16.06, 153533
16.07, 153533
16.08, 153533
16.09, 153533
16.1, 153533
16.11, 153533
16.12, 153533
16.13, 153533
16.14, 153533
16.15, 153533
16.16, 153533
16.17, 153533
16.18, 153533
16.19, 153533
16.2, 153533
16.21, 153533
16.22, 153533
16.23, 153533
16.24, 153533
16.25, 153533
16.26, 153533
16.27, 153533
16.28, 153533
16.29, 153533
16.3, 153533
16.31, 153533
16.32, 153533
16.33, 153533
16.34, 153533
16.35, 153533
16.36, 153533
16.37, 153533
16.38, 153533
16.39, 153533
16.4, 153533
16.41, 153533
16.42, 153533
16.43, 153533
16.44, 153533
16.45, 153533
16.46, 153533
16.47, 153533
16.48, 153533
16.49, 153533
16.5, 153533
16.51, 153533
16.52, 153533
16.53, 153533
16.54, 153533
16.55, 153533
16.56, 153533
16.57, 153533
16.58, 153533
16.59, 153533
16.6, 153533
16.61, 153533
16.62, 153533
16.63, 153533
16.64, 153533
16.65, 153533
16.66, 153533
16.67, 153533
16.68, 153533
16.69, 153533
16.7, 153533
16.71, 153533
16.72, 153533
16.73, 153533
16.74, 153533
16.75, 153533
16.76, 153533
16.77, 153533
16.78, 153533
16.79, 153533
16.8, 153533
16.81, 153533
16.82, 153533
16.83, 153533
16.84, 153533
16.85, 153533
16.86, 153533
16.87, 153533
16.88, 153533
16.89, 153533
16.9, 153533
16.91, 153533
16.92, 153533
16.93, 153533
16.94, 153533
16.95, 153533
16.96, 153533
16.97, 153533
16.98, 153533
16.99, 153533
17.0, 153533
17.01, 153533
17.02, 153533
17.03, 153533
17.04, 153533
17.05, 153533
17.06, 153533
17.07, 153533
17.08, 153533
17.09, 153533
17.1, 153533
17.11, 153533
17.12, 153533
17.13, 153533
17.14, 153533
17.15, 153533
17.16, 153533
17.17, 153533
17.18, 153533
17.19, 153533
17.2, 153533
17.21, 153533
17.22, 153533
17.23, 153533
17.24, 153533
17.25, 153533
17.26, 153533
17.27, 153533
17.28, 153533
17.29, 153533
17.3, 153533
17.31, 153533
17.32, 153533
17.33, 153533
17.34, 153533
17.35, 153533
17.36, 153533
17.37, 153533
17.38, 153533
17.39, 153533
17.4, 153533
17.41, 153533
17.42, 153533
17.43, 153533
17.44, 153533
17.45, 153533
17.46, 153533
17.47, 153533
17.48, 153533
17.49, 153533
17.5, 153533
17.51, 153533
17.52, 153533
17.53, 153533
17.54, 153533
17.55, 153533
17.56, 153533
17.57, 153533
17.58, 153533
17.59, 153533
17.6, 153533
17.61, 153533
17.62, 153533
17.63, 153533
17.64, 153533
17.65, 153533
17.66, 153533
17.67, 153533
17.68, 153533
17.69, 153533
17.7, 153533
17.71, 153533
17.72, 153533
17.73, 153533
17.74, 153533
17.75, 153533
17.76, 153533
17.77, 153533
17.78, 153533
17.79, 153533
17.8, 153533
17.81, 153533
17.82, 153533
17.83, 153533
17.84, 153533
17.85, 153533
17.86, 153533
17.87, 153533
17.88, 153533
17.89, 153533
17.9, 153533
17.91, 153533
17.92, 153533
17.93, 153533
17.94, 153533
17.95, 153533
17.96, 153533
17.97, 153533
17.98, 153533
17.99, 153533
18.0, 153533
18.01, 153533
18.02, 153533
18.03, 153533
18.04, 153533
18.05, 153533
18.06, 153533
18.07, 153533
18.08, 153533
18.09, 153533
18.1, 153533
18.11, 153533
18.12, 153533
18.13, 153533
18.14, 153533
18.15, 153533
18.16, 153533
18.17, 153533
18.18, 153533
18.19, 153533
18.2, 153533
18.21, 153533
18.22, 153533
18.23, 153533
18.24, 153533
18.25, 153533
18.26, 153533
18.27, 153533
18.28, 153533
18.29, 153533
18.3, 153533
18.31, 153533
18.32, 153533
18.33, 153533
18.34, 153533
18.35, 153533
18.36, 153533
18.37, 153533
18.38, 153533
18.39, 153533
18.4, 153533
18.41, 153533
18.42, 153533
18.43, 153533
18.44, 153533
18.45, 153533
18.46, 153533
18.47, 153533
18.48, 153533
18.49, 153533
18.5, 153533
18.51, 153533
18.52, 153533
18.53, 153533
18.54, 153533
18.55, 153533
18.56, 153533
18.57, 153533
18.58, 153533
18.59, 153533
18.6, 153533
18.61, 153533
18.62, 153533
18.63, 153533
18.64, 153533
18.65, 153533
18.66, 153533
18.67, 153533
18.68, 153533
18.69, 153533
18.7, 153533
18.71, 153533
18.72, 153533
18.73, 153533
18.74, 153533
18.75, 153533
18.76, 153533
18.77, 153533
18.78, 153533
18.79, 153533
18.8, 153533
18.81, 153533
18.82, 153533
18.83, 153533
18.84, 153533
18.85, 153533
18.86, 153533
18.87, 153533
18.88, 153533
18.89, 153533
18.9, 153533
18.91, 153533
18.92, 153533
18.93, 153533
18.94, 153533
18.95, 153533
18.96, 153533
18.97, 153533
18.98, 153533
18.99, 153533
19.0, 153533
19.01, 153533
19.02, 153533
19.03, 153533
19.04, 153533
19.05, 153533
19.06, 153533
19.07, 153533
19.08, 153533
19.09, 153533
19.1, 153533
19.11, 153533
19.12, 153533
19.13, 153533
19.14, 153533
19.15, 153533
19.16, 153533
19.17, 153533
19.18, 153533
19.19, 153533
19.2, 153533
19.21, 153533
19.22, 153533
19.23, 153533
19.24, 153533
19.25, 153533
19.26, 153533
19.27, 153533
19.28, 153533
19.29, 153533
19.3, 153533
19.31, 153533
19.32, 153533
19.33, 153533
19.34, 153533
19.35, 153533
19.36, 153533
19.37, 153533
19.38, 153533
19.39, 153533
19.4, 153533
19.41, 153533
19.42, 153533
19.43, 153533
19.44, 153533
19.45, 153533
19.46, 153533
19.47, 153533
19.48, 153533
19.49, 153533
19.5, 153533
19.51, 153533
19.52, 153533
19.53, 153533
19.54, 153533
19.55, 153533
19.56, 153533
19.57, 153533
19.58, 153533
19.59, 153533
19.6, 153533
19.61, 153533
19.62, 153533
19.63, 153533
19.64, 153533
19.65, 153533
19.66, 153533
19.67, 153533
19.68, 153533
19.69, 153533
19.7, 153533
19.71, 153533
19.72, 153533
19.73, 153533
19.74, 153533
19.75, 153533
19.76, 153533
19.77, 153533
19.78, 153533
19.79, 153533
19.8, 153533
19.81, 153533
19.82, 153533
19.83, 153533
19.84, 153533
19.85, 153533
19.86, 153533
19.87, 153533
19.88, 153533
19.89, 153533
19.9, 153533
19.91, 153533
19.92, 153533
19.93, 153533
19.94, 153533
19.95, 153533
19.96, 153533
19.97, 153533
19.98, 153533
19.99, 153533
20.0, 153533
20.01, 153533
20.02, 153533
20.03, 153533
20.04, 153533
20.05, 153533
20.06, 153533
20.07, 153533
20.08, 153533
20.09, 153533
20.1, 153533
20.11, 153533
20.12, 153533
20.13, 153533
20.14, 153533
20.15, 153533
20.16, 153533
20.17, 153533
20.18, 153533
20.19, 153533
20.2, 153533
20.21, 153533
20.22, 153533
20.23, 153533
20.24, 153533
20.25, 153533
20.26, 153533
20.27, 153533
20.28, 153533
20.29, 153533
20.3, 153533
20.31, 153533
20.32, 153533
20.33, 153533
20.34, 153533
20.35, 153533
20.36, 153533
20.37, 153533
20.38, 153533
20.39, 153533
20.4, 153533
20.41, 153533
20.42, 153533
20.43, 153533
20.44, 153533
20.45, 153533
20.46, 153533
20.47, 153533
20.48, 153533
20.49, 153533
20.5, 153533
20.51, 153533
20.52, 153533
20.53, 153533
20.54, 153533
20.55, 153533
20.56, 153533
20.57, 153533
20.58, 153533
20.59, 153533
20.6, 153533
20.61, 153533
20.62, 153533
20.63, 153533
20.64, 153533
20.65, 153533
20.66, 153533
20.67, 153533
20.68, 153533
20.69, 153533
20.7, 153533
20.71, 153533
20.72, 153533
20.73, 153533
20.74, 153533
20.75, 153533
20.76, 153533
20.77, 153533
20.78, 153533
20.79, 153533
20.8, 153533
20.81, 153533
20.82, 153533
20.83, 153533
20.84, 153533
20.85, 153533
20.86, 153533
20.87, 153533
20.88, 153533
20.89, 153533
20.9, 153533
20.91, 153533
20.92, 153533
20.93, 153533
20.94, 153533
20.95, 153533
20.96, 153533
20.97, 153533
20.98, 153533
20.99, 153533
21.0, 153533
21.01, 153533
21.02, 153533
21.03, 153533
21.04, 153533
21.05, 153533
21.06, 153533
21.07, 153533
21.08, 153533
21.09, 153533
21.1, 153533
21.11, 153533
21.12, 153533
21.13, 153533
21.14, 153533
21.15, 153533
21.16, 153533
21.17, 153533
21.18, 153533
21.19, 153533
21.2, 153533
21.21, 153533
21.22, 153533
21.23, 153533
21.24, 153533
21.25, 153533
21.26, 153533
21.27, 153533
21.28, 153533
21.29, 153533
21.3, 153533
21.31, 153533
21.32, 153533
21.33, 153533
21.34, 153533
21.35, 153533
21.36, 153533
21.37, 153533
21.38, 153533
21.39, 153533
21.4, 153533
21.41, 153533
21.42, 153533
21.43, 153533
21.44, 153533
21.45, 153533
21.46, 153533
21.47, 153533
21.48, 153533
21.49, 153533
21.5, 153533
21.51, 153533
21.52, 153533
21.53, 153533
21.54, 153533
21.55, 153533
21.56, 153533
21.57, 153533
21.58, 153533
21.59, 153533
21.6, 153533
21.61, 151498
21.62, 151498
21.63, 151498
21.64, 151498
21.65, 151498
21.66, 151498
21.67, 151498
21.68, 151498
21.69, 151498
21.7, 151498
21.71, 151498
21.72, 151498
21.73, 151498
21.74, 151498
21.75, 151498
21.76, 151498
21.77, 151498
21.78, 151498
21.79, 151498
21.8, 151498
21.81, 151498
21.82, 151498
21.83, 151498
21.84, 151498
21.85, 151498
21.86, 151498
21.87, 151498
21.88, 151498
21.89, 151498
21.9, 151498
21.91, 151498
21.92, 151498
21.93, 151498
21.94, 151498
21.95, 151498
21.96, 151498
21.97, 151498
21.98, 151498
21.99, 151498
22.0, 151498
22.01, 151498
22.02, 151498
22.03, 151498
22.04, 151498
22.05, 151498
22.06, 151498
22.07, 151498
22.08, 151498
22.09, 151498
22.1, 151498
22.11, 151498
22.12, 151498
22.13, 151498
22.14, 151498
22.15, 151498
22.16, 151498
22.17, 151498
22.18, 151498
22.19, 151498
22.2, 151498
22.21, 151498
22.22, 151498
22.23, 151498
22.24, 151498
22.25, 151498
22.26, 151498
22.27, 151498
22.28, 151498
22.29, 151498
22.3, 151498
22.31, 151498
22.32, 151498
22.33, 151498
22.34, 151498
22.35, 151498
22.36, 151498
22.37, 151498
22.38, 151498
22.39, 151498
22.4, 151498
22.41, 151498
22.42, 151498
22.43, 151498
22.44, 151498
22.45, 151498
22.46, 151498
22.47, 151498
22.48, 151498
22.49, 151498
22.5, 151498
22.51, 151498
22.52, 151498
22.53, 151498
22.54, 151498
22.55, 151498
22.56, 151498
22.57, 151498
22.58, 151498
22.59, 151498
22.6, 151498
22.61, 151498
22.62, 151498
22.63, 151498
22.64, 151498
22.65, 151498
22.66, 151498
22.67, 151498
22.68, 151498
22.69, 151498
22.7, 151498
22.71, 151498
22.72, 151498
22.73, 151498
22.74, 151498
22.75, 151498
22.76, 151498
22.77, 151498
22.78, 151498
22.79, 151498
22.8, 151498
22.81, 151498
22.82, 151498
22.83, 151498
22.84, 151498
22.85, 151498
22.86, 151498
22.87, 151498
22.88, 151498
22.89, 151498
22.9, 151498
22.91, 151498
22.92, 151498
22.93, 151498
22.94, 151498
22.95, 151498
22.96, 151498
22.97, 151498
22.98, 151498
22.99, 151498
23.0, 151498
23.01, 151498
23.02, 151498
23.03, 151498
23.04, 151498
23.05, 151498
23.06, 151498
23.07, 151498
23.08, 151498
23.09, 151498
23.1, 151498
23.11, 151498
23.12, 151498
23.13, 151498
23.14, 151498
23.15, 151498
23.16, 151498
23.17, 151498
23.18, 151498
23.19, 151498
23.2, 151498
23.21, 151498
23.22, 151498
23.23, 151498
23.24, 151498
23.25, 151498
23.26, 151498
23.27, 151498
23.28, 151498
23.29, 151498
23.3, 151498
23.31, 151498
23.32, 151498
23.33, 151498
23.34, 151498
23.35, 151498
23.36, 151498
23.37, 151498
23.38, 151498
23.39, 151498
23.4, 151498
23.41, 151498
23.42, 151498
23.43, 151498
23.44, 151498
23.45, 151498
23.46, 151498
23.47, 151498
23.48, 151498
23.49, 151498
23.5, 151498
23.51, 151498
23.52, 151498
23.53, 151498
23.54, 151498
23.55, 151498
23.56, 151498
23.57, 151498
23.58, 151498
23.59, 151498
23.6, 151498
23.61, 151498
23.62, 151498
23.63, 151498
23.64, 151498
23.65, 151498
23.66, 151498
23.67, 151498
23.68, 151498
23.69, 151498
23.7, 151498
23.71, 151498
23.72, 151498
23.73, 151498
23.74, 151498
23.75, 151498
23.76, 151498
23.77, 151498
23.78, 151498
23.79, 151498
23.8, 151498
23.81, 151498
23.82, 151498
23.83, 151498
23.84, 151498
23.85, 151498
23.86, 151498
23.87, 151498
23.88, 151498
23.89, 151498
23.9, 151498
23.91, 151498
23.92, 151498
23.93, 151498
23.94, 151498
23.95, 151498
23.96, 151498
23.97, 151498
23.98, 151498
23.99, 151498
24.0, 151498
24.01, 151498
24.02, 151498
24.03, 151498
24.04, 151498
24.05, 151498
24.06, 151498
24.07, 151498
24.08, 151498
24.09, 151498
24.1, 151498
24.11, 151498
24.12, 151498
24.13, 151498
24.14, 151498
24.15, 151498
24.16, 151498
24.17, 151498
24.18, 151498
24.19, 151498
24.2, 151498
24.21, 151498
24.22, 151498
24.23, 151498
24.24, 151498
24.25, 151498
24.26, 151498
24.27, 151498
24.28, 151498
24.29, 151498
24.3, 151498
24.31, 151498
24.32, 151498
24.33, 151498
24.34, 151498
24.35, 151498
24.36, 151498
24.37, 151498
24.38, 151498
24.39, 151498
24.4, 151498
24.41, 151498
24.42, 151498
24.43, 151498
24.44, 151498
24.45, 151498
24.46, 151498
24.47, 151498
24.48, 151498
24.49, 151498
24.5, 151498
24.51, 151498
24.52, 151498
24.53, 151498
24.54, 151498
24.55, 151498
24.56, 151498
24.57, 151498
24.58, 151498
24.59, 151498
24.6, 151498
24.61, 151498
24.62, 151498
24.63, 151498
24.64, 151498
24.65, 151498
24.66, 151498
24.67, 151498
24.68, 151498
24.69, 151498
24.7, 151498
24.71, 151498
24.72, 151498
24.73, 151498
24.74, 151498
24.75, 151498
24.76, 151498
24.77, 151498
24.78, 151498
24.79, 151498
24.8, 151498
24.81, 151498
24.82, 151498
24.83, 151498
24.84, 151498
24.85, 151498
24.86, 151498
24.87, 151498
24.88, 151498
24.89, 151498
24.9, 151498
24.91, 151498
24.92, 151498
24.93, 151498
24.94, 151498
24.95, 151498
24.96, 151498
24.97, 151498
24.98, 151498
24.99, 151498
25.0, 151498
25.01, 151498
25.02, 151498
25.03, 151498
25.04, 151498
25.05, 151498
25.06, 151498
25.07, 151498
25.08, 151498
25.09, 151498
25.1, 151498
25.11, 151498
25.12, 151498
25.13, 151498
25.14, 151498
25.15, 151498
25.16, 151498
25.17, 151498
25.18, 151498
25.19, 151498
25.2, 151498
25.21, 151498
25.22, 151498
25.23, 151498
25.24, 151498
25.25, 151498
25.26, 151498
25.27, 151498
25.28, 151498
25.29, 151498
25.3, 151498
25.31, 151498
25.32, 151498
25.33, 151498
25.34, 151498
25.35, 151498
25.36, 151498
25.37, 151498
25.38, 151498
25.39, 151498
25.4, 151498
25.41, 151498
25.42, 151498
25.43, 151498
25.44, 151498
25.45, 151498
25.46, 151498
25.47, 151498
25.48, 151498
25.49, 151498
25.5, 151498
25.51, 151498
25.52, 151498
25.53, 151498
25.54, 151498
25.55, 151498
25.56, 151498
25.57, 151498
25.58, 151498
25.59, 151498
25.6, 151498
25.61, 151498
25.62, 151498
25.63, 151498
25.64, 151498
25.65, 151498
25.66, 151498
25.67, 151498
25.68, 151498
25.69, 151498
25.7, 151498
25.71, 151498
25.72, 151498
25.73, 151498
25.74, 151498
25.75, 151498
25.76, 151498
25.77, 151498
25.78, 151498
25.79, 151498
25.8, 151498
25.81, 151498
25.82, 151498
25.83, 151498
25.84, 151498
25.85, 151498
25.86, 151498
25.87, 151498
25.88, 151498
25.89, 151498
25.9, 151498
25.91, 151498
25.92, 151498
25.93, 151498
25.94, 151498
25.95, 151498
25.96, 151498
25.97, 151498
25.98, 151498
25.99, 151498
26.0, 151498
26.01, 151498
26.02, 151498
26.03, 151498
26.04, 151498
26.05, 151498
26.06, 151498
26.07, 151498
26.08, 151498
26.09, 151498
26.1, 151498
26.11, 151498
26.12, 151498
26.13, 151498
26.14, 151498
26.15, 151498
26.16, 151498
26.17, 151498
26.18, 151498
26.19, 151498
26.2, 151498
26.21, 151498
26.22, 151498
26.23, 151498
26.24, 151498
26.25, 151498
26.26, 151498
26.27, 151498
26.28, 151498
26.29, 151498
26.3, 151498
26.31, 151498
26.32, 151498
26.33, 151498
26.34, 151498
26.35, 151498
26.36, 151498
26.37, 151498
26.38, 151498
26.39, 151498
26.4, 151498
26.41, 151498
26.42, 151498
26.43, 151498
26.44, 151498
26.45, 151498
26.46, 151498
26.47, 151498
26.48, 151498
26.49, 151498
26.5, 151498
26.51, 151498
26.52, 151498
26.53, 151498
26.54, 151498
26.55, 151498
26.56, 151498
26.57, 151498
26.58, 151498
26.59, 151498
26.6, 151498
26.61, 151498
26.62, 151498
26.63, 151498
26.64, 151498
26.65, 151498
26.66, 151498
26.67, 151498
26.68, 151498
26.69, 151498
26.7, 151498
26.71, 151498
26.72, 151498
26.73, 151498
26.74, 151498
26.75, 151498
26.76, 151498
26.77, 151498
26.78, 151498
26.79, 151498
26.8, 151498
26.81, 151498
26.82, 151498
26.83, 151498
26.84, 151498
26.85, 151498
26.86, 151498
26.87, 151498
26.88, 151498
26.89, 151498
26.9, 151498
26.91, 151498
26.92, 151498
26.93, 151498
26.94, 151498
26.95, 151498
26.96, 151498
26.97, 151498
26.98, 151498
26.99, 151498
27.0, 151498
27.01, 151498
27.02, 151498
27.03, 151498
27.04, 151498
27.05, 151498
27.06, 151498
27.07, 151498
27.08, 151498
27.09, 151498
27.1, 151498
27.11, 151498
27.12, 151498
27.13, 151498
27.14, 151498
27.15, 151498
27.16, 151498
27.17, 151498
27.18, 151498
27.19, 151498
27.2, 151498
27.21, 151498
27.22, 151498
27.23, 151498
27.24, 151498
27.25, 151498
27.26, 151498
27.27, 151498
27.28, 151498
27.29, 151498
27.3, 151498
27.31, 151498
27.32, 151498
27.33, 151498
27.34, 151498
27.35, 151498
27.36, 151498
27.37, 151498
27.38, 151498
27.39, 151498
27.4, 151498
27.41, 151498
27.42, 151498
27.43, 151498
27.44, 151498
27.45, 151498
27.46, 151498
27.47, 151498
27.48, 151498
27.49, 151498
27.5, 151498
27.51, 151498
27.52, 151498
27.53, 151498
27.54, 151498
27.55, 151498
27.56, 151498
27.57, 151498
27.58, 151498
27.59, 151498
27.6, 151498
27.61, 151498
27.62, 151498
27.63, 151498
27.64, 151498
27.65, 151498
27.66, 151498
27.67, 151498
27.68, 151498
27.69, 151498
27.7, 151498
27.71, 151498
27.72, 151498
27.73, 151498
27.74, 151498
27.75, 151498
27.76, 151498
27.77, 151498
27.78, 151498
27.79, 151498
27.8, 151498
27.81, 151498
27.82, 151498
27.83, 151498
27.84, 151498
27.85, 151498
27.86, 151498
27.87, 151498
27.88, 151498
27.89, 151498
27.9, 151498
27.91, 151498
27.92, 151498
27.93, 151498
27.94, 151498
27.95, 151498
27.96, 151498
27.97, 151498
27.98, 151498
27.99, 151498
28.0, 151498
28.01, 151498
28.02, 151498
28.03, 151498
28.04, 151498
28.05, 151498
28.06, 151498
28.07, 151498
28.08, 151498
28.09, 151498
28.1, 151498
28.11, 151498
28.12, 151498
28.13, 151498
28.14, 151498
28.15, 151498
28.16, 151498
28.17, 151498
28.18, 151498
28.19, 151498
28.2, 151498
28.21, 151498
28.22, 151498
28.23, 151498
28.24, 151498
28.25, 151498
28.26, 151498
28.27, 151498
28.28, 151498
28.29, 151498
28.3, 151498
28.31, 151498
28.32, 151498
28.33, 151498
28.34, 151498
28.35, 151498
28.36, 151498
28.37, 151498
28.38, 151498
28.39, 151498
28.4, 151498
28.41, 151498
28.42, 151498
28.43, 151498
28.44, 151498
28.45, 151498
28.46, 151498
28.47, 151498
28.48, 151498
28.49, 151498
28.5, 151498
28.51, 151498
28.52, 151498
28.53, 151498
28.54, 151498
28.55, 151498
28.56, 151498
28.57, 151498
28.58, 151498
28.59, 151498
28.6, 151498
28.61, 151498
28.62, 151498
28.63, 151498
28.64, 151498
28.65, 151498
28.66, 151498
28.67, 151498
28.68, 151498
28.69, 151498
28.7, 151498
28.71, 151498
28.72, 151498
28.73, 151498
28.74, 151498
28.75, 151498
28.76, 151498
28.77, 151498
28.78, 151498
28.79, 151498
28.8, 151498
28.81, 151498
28.82, 151498
28.83, 151498
28.84, 151498
28.85, 151498
28.86, 151498
28.87, 151498
28.88, 151498
28.89, 151498
28.9, 151498
28.91, 151498
28.92, 151498
28.93, 151498
28.94, 151498
28.95, 151498
28.96, 151498
28.97, 151498
28.98, 151498
28.99, 151498
29.0, 151498
29.01, 151498
29.02, 151498
29.03, 151498
29.04, 151498
29.05, 151498
29.06, 151498
29.07, 151498
29.08, 151498
29.09, 151498
29.1, 151498
29.11, 151498
29.12, 151498
29.13, 151498
29.14, 151498
29.15, 151498
29.16, 151498
29.17, 151498
29.18, 151498
29.19, 151498
29.2, 151498
29.21, 151498
29.22, 151498
29.23, 151498
29.24, 151498
29.25, 151498
29.26, 151498
29.27, 151498
29.28, 151498
29.29, 151498
29.3, 151498
29.31, 151498
29.32, 151498
29.33, 151498
29.34, 151498
29.35, 151498
29.36, 151498
29.37, 151498
29.38, 151498
29.39, 151498
29.4, 151498
29.41, 151498
29.42, 151498
29.43, 151498
29.44, 151498
29.45, 151498
29.46, 151498
29.47, 151498
29.48, 151498
29.49, 151498
29.5, 151498
29.51, 151498
29.52, 151498
29.53, 151498
29.54, 151498
29.55, 151498
29.56, 151498
29.57, 151498
29.58, 151498
29.59, 151498
29.6, 151498
29.61, 151498
29.62, 151498
29.63, 151498
29.64, 151498
29.65, 151498
29.66, 151498
29.67, 151498
29.68, 151498
29.69, 151498
29.7, 151498
29.71, 151498
29.72, 151498
29.73, 151498
29.74, 151498
29.75, 151498
29.76, 151498
29.77, 151498
29.78, 151498
29.79, 151498
29.8, 151498
29.81, 151498
29.82, 151498
29.83, 151498
29.84, 151498
29.85, 151498
29.86, 151498
29.87, 151498
29.88, 151498
29.89, 151498
29.9, 151498
29.91, 151498
29.92, 151498
29.93, 151498
29.94, 151498
29.95, 151498
29.96, 151498
29.97, 151498
29.98, 151498
29.99, 151498
30.0, 151498
30.01, 151498
30.02, 151498
30.03, 151498
30.04, 151498
30.05, 151498
30.06, 151498
30.07, 151498
30.08, 151498
30.09, 151498
30.1, 151498
30.11, 151498
30.12, 151498
30.13, 151498
30.14, 151498
30.15, 151498
30.16, 151498
30.17, 151498
30.18, 151498
30.19, 151498
30.2, 151498
30.21, 151498
30.22, 151498
30.23, 151498
30.24, 151498
30.25, 151498
30.26, 151498
30.27, 151498
30.28, 151498
30.29, 151498
30.3, 151498
30.31, 151498
30.32, 151498
30.33, 151498
30.34, 151498
30.35, 151498
30.36, 151498
30.37, 151498
30.38, 151498
30.39, 151498
30.4, 151498
30.41, 151498
30.42, 151498
30.43, 151498
30.44, 151498
30.45, 151498
30.46, 151498
30.47, 151498
30.48, 151498
30.49, 151498
30.5, 151498
30.51, 151498
30.52, 151498
30.53, 151498
30.54, 151498
30.55, 151498
30.56, 151498
30.57, 151498
30.58, 151498
30.59, 151498
30.6, 151498
30.61, 151498
30.62, 151498
30.63, 151498
30.64, 151498
30.65, 151498
30.66, 151498
30.67, 151498
30.68, 151498
30.69, 151498
30.7, 151498
30.71, 151498
30.72, 151498
30.73, 151498
30.74, 151498
30.75, 151498
30.76, 151498
30.77, 151498
30.78, 151498
30.79, 151498
30.8, 151498
30.81, 151498
30.82, 151498
30.83, 151498
30.84, 151498
30.85, 151498
30.86, 151498
30.87, 151498
30.88, 151498
30.89, 151498
30.9, 151498
30.91, 151498
30.92, 151498
30.93, 151498
30.94, 151498
30.95, 151498
30.96, 151498
30.97, 151498
30.98, 151498
30.99, 151498
31.0, 151498
31.01, 151498
31.02, 151498
31.03, 151498
31.04, 151498
31.05, 151498
31.06, 151498
31.07, 151498
31.08, 151498
31.09, 151498
31.1, 151498
31.11, 151498
31.12, 151498
31.13, 151498
31.14, 151498
31.15, 151498
31.16, 151498
31.17, 151498
31.18, 151498
31.19, 151498
31.2, 151498
31.21, 151498
31.22, 151498
31.23, 151498
31.24, 151498
31.25, 151498
31.26, 151498
31.27, 151498
31.28, 151498
31.29, 151498
31.3, 151498
31.31, 151498
31.32, 151498
31.33, 151498
31.34, 151498
31.35, 151498
31.36, 151498
31.37, 151498
31.38, 151498
31.39, 151498
31.4, 151498
31.41, 151498
31.42, 151498
31.43, 151498
31.44, 151498
31.45, 151498
31.46, 151498
31.47, 151498
31.48, 151498
31.49, 151498
31.5, 151498
31.51, 151498
31.52, 151498
31.53, 151498
31.54, 151498
31.55, 151498
31.56, 151498
31.57, 151498
31.58, 151498
31.59, 151498
31.6, 151498
31.61, 151498
31.62, 151498
31.63, 151498
31.64, 151498
31.65, 151498
31.66, 151498
31.67, 151498
31.68, 151498
31.69, 151498
31.7, 151498
31.71, 151498
31.72, 151498
31.73, 151498
31.74, 151498
31.75, 151498
31.76, 151498
31.77, 151498
31.78, 151498
31.79, 151498
31.8, 151498
31.81, 151498
31.82, 151498
31.83, 151498
31.84, 151498
31.85, 151498
31.86, 151498
31.87, 151498
31.88, 151498
31.89, 151498
31.9, 151498
31.91, 151498
31.92, 151498
31.93, 151498
31.94, 151498
31.95, 151498
31.96, 151498
31.97, 151498
31.98, 151498
31.99, 151498
32.0, 151498
32.01, 151498
32.02, 151498
32.03, 151498
32.04, 151498
32.05, 151498
32.06, 151498
32.07, 151498
32.08, 151498
32.09, 151498
32.1, 151498
32.11, 151498
32.12, 151498
32.13, 151498
32.14, 151498
32.15, 151498
32.16, 151498
32.17, 151498
32.18, 151498
32.19, 151498
32.2, 151498
32.21, 151498
32.22, 151498
32.23, 151498
32.24, 151498
32.25, 151498
32.26, 151498
32.27, 151498
32.28, 151498
32.29, 151498
32.3, 151498
32.31, 151498
32.32, 151498
32.33, 151498
32.34, 151498
32.35, 151498
32.36, 151498
32.37, 151498
32.38, 151498
32.39, 151498
32.4, 151498
32.41, 151498
32.42, 151498
32.43, 151498
32.44, 151498
32.45, 151498
32.46, 151498
32.47, 151498
32.48, 151498
32.49, 151498
32.5, 151498
32.51, 151498
32.52, 151498
32.53, 151498
32.54, 151498
32.55, 151498
32.56, 151498
32.57, 151498
32.58, 151498
32.59, 151498
32.6, 151498
32.61, 151498
32.62, 151498
32.63, 151498
32.64, 151498
32.65, 151498
32.66, 151498
32.67, 151498
32.68, 151498
32.69, 151498
32.7, 151498
32.71, 151498
32.72, 151498
32.73, 151498
32.74, 151498
32.75, 151498
32.76, 151498
32.77, 151498
32.78, 151498
32.79, 151498
32.8, 151498
32.81, 151498
32.82, 151498
32.83, 151498
32.84, 151498
32.85, 151498
32.86, 151498
32.87, 151498
32.88, 151498
32.89, 151498
32.9, 151498
32.91, 151498
32.92, 151498
32.93, 151498
32.94, 151498
32.95, 151498
32.96, 151498
32.97, 151498
32.98, 151498
32.99, 151498
33.0, 151498
33.01, 151498
33.02, 151498
33.03, 151498
33.04, 151498
33.05, 151498
33.06, 151498
33.07, 151498
33.08, 151498
33.09, 151498
33.1, 151498
33.11, 151498
33.12, 151498
33.13, 151498
33.14, 151498
33.15, 151498
33.16, 151498
33.17, 151498
33.18, 151498
33.19, 151498
33.2, 151498
33.21, 151498
33.22, 151498
33.23, 151498
33.24, 151498
33.25, 151498
33.26, 151498
33.27, 151498
33.28, 151498
33.29, 151498
33.3, 151498
33.31, 151498
33.32, 151498
33.33, 151498
33.34, 151498
33.35, 151498
33.36, 151498
33.37, 151498
33.38, 151498
33.39, 151498
33.4, 151498
33.41, 151498
33.42, 151498
33.43, 151498
33.44, 151498
33.45, 151498
33.46, 151498
33.47, 151498
33.48, 151498
33.49, 151498
33.5, 151498
33.51, 151498
33.52, 151498
33.53, 151498
33.54, 151498
33.55, 151498
33.56, 151498
33.57, 151498
33.58, 151498
33.59, 151498
33.6, 151498
33.61, 151498
33.62, 151498
33.63, 151498
33.64, 151498
33.65, 151498
33.66, 151498
33.67, 151498
33.68, 151498
33.69, 151498
33.7, 151498
33.71, 151498
33.72, 151498
33.73, 151498
33.74, 151498
33.75, 151498
33.76, 151498
33.77, 151498
33.78, 151498
33.79, 151498
33.8, 151498
33.81, 151498
33.82, 151498
33.83, 151498
33.84, 151498
33.85, 151498
33.86, 151498
33.87, 151498
33.88, 151498
33.89, 151498
33.9, 151498
33.91, 151498
33.92, 151498
33.93, 151498
33.94, 151498
33.95, 151498
33.96, 151498
33.97, 151498
33.98, 151498
33.99, 151498
34.0, 151498
34.01, 151498
34.02, 151498
34.03, 151498
34.04, 151498
34.05, 151498
34.06, 151498
34.07, 151498
34.08, 151498
34.09, 151498
34.1, 151498
34.11, 151498
34.12, 151498
34.13, 151498
34.14, 151498
34.15, 151498
34.16, 151498
34.17, 151498
34.18, 151498
34.19, 151498
34.2, 151498
34.21, 151498
34.22, 151498
34.23, 151498
34.24, 151498
34.25, 151498
34.26, 151498
34.27, 151498
34.28, 151498
34.29, 151498
34.3, 151498
34.31, 151498
34.32, 151498
34.33, 151498
34.34, 151498
34.35, 151498
34.36, 151498
34.37, 151498
34.38, 151498
34.39, 151498
34.4, 151498
34.41, 151498
34.42, 151498
34.43, 151498
34.44, 151498
34.45, 151498
34.46, 151498
34.47, 151498
34.48, 151498
34.49, 151498
34.5, 151498
34.51, 151498
34.52, 151498
34.53, 151498
34.54, 151498
34.55, 151498
34.56, 151498
34.57, 151498
34.58, 151498
34.59, 151498
34.6, 151498
34.61, 151498
34.62, 151498
34.63, 151498
34.64, 151498
34.65, 151498
34.66, 151498
34.67, 151498
34.68, 151498
34.69, 151498
34.7, 151498
34.71, 151498
34.72, 151498
34.73, 151498
34.74, 151498
34.75, 151498
34.76, 151498
34.77, 151498
34.78, 151498
34.79, 151498
34.8, 151498
34.81, 151498
34.82, 151498
34.83, 151498
34.84, 151498
34.85, 151498
34.86, 151498
34.87, 151498
34.88, 151498
34.89, 151498
34.9, 151498
34.91, 151498
34.92, 151498
34.93, 151498
34.94, 151498
34.95, 151498
34.96, 151498
34.97, 151498
34.98, 151498
34.99, 151498
35.0, 151498
35.01, 151498
35.02, 151498
35.03, 151498
35.04, 151498
35.05, 151498
35.06, 151498
35.07, 151498
35.08, 151498
35.09, 151498
35.1, 151498
35.11, 151498
35.12, 151498
35.13, 151498
35.14, 151498
35.15, 151498
35.16, 151498
35.17, 151498
35.18, 151498
35.19, 151498
35.2, 151498
35.21, 151498
35.22, 151498
35.23, 151498
35.24, 151498
35.25, 151498
35.26, 151498
35.27, 151498
35.28, 151498
35.29, 151498
35.3, 151498
35.31, 151498
35.32, 151498
35.33, 151498
35.34, 151498
35.35, 151498
35.36, 151498
35.37, 151498
35.38, 151498
35.39, 151498
35.4, 151498
35.41, 151498
35.42, 151498
35.43, 151498
35.44, 151498
35.45, 151498
35.46, 151498
35.47, 151498
35.48, 151498
35.49, 151498
35.5, 151498
35.51, 151498
35.52, 151498
35.53, 151498
35.54, 151498
35.55, 151498
35.56, 151498
35.57, 151498
35.58, 151498
35.59, 151498
35.6, 151498
35.61, 151498
35.62, 151498
35.63, 151498
35.64, 151498
35.65, 151498
35.66, 151498
35.67, 151498
35.68, 151498
35.69, 151498
35.7, 151498
35.71, 151498
35.72, 151498
35.73, 151498
35.74, 151498
35.75, 151498
35.76, 151498
35.77, 151498
35.78, 151498
35.79, 151498
35.8, 151498
35.81, 151498
35.82, 151498
35.83, 151498
35.84, 151498
35.85, 151498
35.86, 151498
35.87, 151498
35.88, 151498
35.89, 151498
35.9, 151498
35.91, 151498
35.92, 151498
35.93, 151498
35.94, 151498
35.95, 151498
35.96, 151498
35.97, 151498
35.98, 151498
35.99, 151498
36.0, 151498
36.01, 151498
36.02, 151498
36.03, 151498
36.04, 151498
36.05, 151498
36.06, 151498
36.07, 151498
36.08, 151498
36.09, 151498
36.1, 151498
36.11, 151498
36.12, 151498
36.13, 151498
36.14, 151498
36.15, 151498
36.16, 151498
36.17, 151498
36.18, 151498
36.19, 151498
36.2, 151498
36.21, 151498
36.22, 151498
36.23, 151498
36.24, 151498
36.25, 151498
36.26, 151498
36.27, 151498
36.28, 151498
36.29, 151498
36.3, 151498
36.31, 151498
36.32, 151498
36.33, 151498
36.34, 151498
36.35, 151498
36.36, 151498
36.37, 151498
36.38, 151498
36.39, 151498
36.4, 151498
36.41, 151498
36.42, 151498
36.43, 151498
36.44, 151498
36.45, 151498
36.46, 151498
36.47, 151498
36.48, 151498
36.49, 151498
36.5, 151498
36.51, 151498
36.52, 151498
36.53, 151498
36.54, 151498
36.55, 151498
36.56, 151498
36.57, 151498
36.58, 151498
36.59, 151498
36.6, 151498
36.61, 151498
36.62, 151498
36.63, 151498
36.64, 151498
36.65, 151498
36.66, 151498
36.67, 151498
36.68, 151498
36.69, 151498
36.7, 151498
36.71, 151498
36.72, 151498
36.73, 151498
36.74, 151498
36.75, 151498
36.76, 151498
36.77, 151498
36.78, 151498
36.79, 151498
36.8, 151498
36.81, 151498
36.82, 151498
36.83, 151498
36.84, 151498
36.85, 151498
36.86, 151498
36.87, 151498
36.88, 151498
36.89, 151498
36.9, 151498
36.91, 151498
36.92, 151498
36.93, 151498
36.94, 151498
36.95, 151498
36.96, 151498
36.97, 151498
36.98, 151498
36.99, 151498
37.0, 151498
37.01, 151498
37.02, 151498
37.03, 151498
37.04, 151498
37.05, 151498
37.06, 151498
37.07, 151498
37.08, 151498
37.09, 151498
37.1, 151498
37.11, 151498
37.12, 151498
37.13, 151498
37.14, 151498
37.15, 151498
37.16, 151498
37.17, 151498
37.18, 151498
37.19, 151498
37.2, 151498
37.21, 151498
37.22, 151498
37.23, 151498
37.24, 151498
37.25, 151498
37.26, 151498
37.27, 151498
37.28, 151498
37.29, 151498
37.3, 151498
37.31, 151498
37.32, 151498
37.33, 151498
37.34, 151498
37.35, 151498
37.36, 151498
37.37, 151498
37.38, 151498
37.39, 151498
37.4, 151498
37.41, 151498
37.42, 151498
37.43, 151498
37.44, 151498
37.45, 151498
37.46, 151498
37.47, 151498
37.48, 151498
37.49, 151498
37.5, 151498
37.51, 151498
37.52, 151498
37.53, 151498
37.54, 151498
37.55, 151498
37.56, 151498
37.57, 151498
37.58, 151498
37.59, 151498
37.6, 151498
37.61, 151498
37.62, 151498
37.63, 151498
37.64, 151498
37.65, 151498
37.66, 151498
37.67, 151498
37.68, 151498
37.69, 151498
37.7, 151498
37.71, 151498
37.72, 151498
37.73, 151498
37.74, 151498
37.75, 151498
37.76, 151498
37.77, 151498
37.78, 151498
37.79, 151498
37.8, 151498
37.81, 151498
37.82, 151498
37.83, 151498
37.84, 151498
37.85, 151498
37.86, 151498
37.87, 151498
37.88, 151498
37.89, 151498
37.9, 151498
37.91, 151498
37.92, 151498
37.93, 151498
37.94, 151498
37.95, 151498
37.96, 151498
37.97, 151498
37.98, 151498
37.99, 151498
38.0, 151498
38.01, 151498
38.02, 151498
38.03, 151498
38.04, 151498
38.05, 151498
38.06, 151498
38.07, 151498
38.08, 151498
38.09, 151498
38.1, 151498
38.11, 151498
38.12, 151498
38.13, 151498
38.14, 151498
38.15, 151498
38.16, 151498
38.17, 151498
38.18, 151498
38.19, 151498
38.2, 151498
38.21, 151498
38.22, 151498
38.23, 151498
38.24, 151498
38.25, 151498
38.26, 151498
38.27, 151498
38.28, 151498
38.29, 151498
38.3, 151498
38.31, 151498
38.32, 151498
38.33, 151498
38.34, 151498
38.35, 151498
38.36, 151498
38.37, 151498
38.38, 151498
38.39, 151498
38.4, 151498
38.41, 151498
38.42, 151498
38.43, 151498
38.44, 151498
38.45, 151498
38.46, 151498
38.47, 151498
38.48, 151498
38.49, 151498
38.5, 151498
38.51, 151498
38.52, 151498
38.53, 151498
38.54, 151498
38.55, 151498
38.56, 151498
38.57, 151498
38.58, 151498
38.59, 151498
38.6, 151498
38.61, 151498
38.62, 151498
38.63, 151498
38.64, 151498
38.65, 151498
38.66, 151498
38.67, 151498
38.68, 151498
38.69, 151498
38.7, 151498
38.71, 151498
38.72, 151498
38.73, 151498
38.74, 151498
38.75, 151498
38.76, 151498
38.77, 151498
38.78, 151498
38.79, 151498
38.8, 151498
38.81, 151498
38.82, 151498
38.83, 151498
38.84, 151498
38.85, 151498
38.86, 151498
38.87, 151498
38.88, 151498
38.89, 151498
38.9, 151498
38.91, 151498
38.92, 151498
38.93, 151498
38.94, 151498
38.95, 151498
38.96, 151498
38.97, 151498
38.98, 151498
38.99, 151498
39.0, 151498
39.01, 151498
39.02, 151498
39.03, 151498
39.04, 151498
39.05, 151498
39.06, 151498
39.07, 151498
39.08, 151498
39.09, 151498
39.1, 151498
39.11, 151498
39.12, 151498
39.13, 151498
39.14, 151498
39.15, 151498
39.16, 151498
39.17, 151498
39.18, 151498
39.19, 151498
39.2, 151498
39.21, 151498
39.22, 151498
39.23, 151498
39.24, 151498
39.25, 151498
39.26, 151498
39.27, 151498
39.28, 151498
39.29, 151498
39.3, 151498
39.31, 151498
39.32, 151498
39.33, 151498
39.34, 151498
39.35, 151498
39.36, 151498
39.37, 151498
39.38, 151498
39.39, 151498
39.4, 151498
39.41, 151498
39.42, 151498
39.43, 151498
39.44, 151498
39.45, 151498
39.46, 151498
39.47, 151498
39.48, 151498
39.49, 151498
39.5, 151498
39.51, 151498
39.52, 151498
39.53, 151498
39.54, 151498
39.55, 151498
39.56, 151498
39.57, 151498
39.58, 151498
39.59, 151498
39.6, 151498
39.61, 151498
39.62, 151498
39.63, 151498
39.64, 151498
39.65, 151498
39.66, 151498
39.67, 151498
39.68, 151498
39.69, 151498
39.7, 151498
39.71, 151498
39.72, 151498
39.73, 151498
39.74, 151498
39.75, 151498
39.76, 151498
39.77, 151498
39.78, 151498
39.79, 151498
39.8, 151498
39.81, 151498
39.82, 151498
39.83, 151498
39.84, 151498
39.85, 151498
39.86, 151498
39.87, 151498
39.88, 151498
39.89, 151498
39.9, 151498
39.91, 151498
39.92, 151498
39.93, 151498
39.94, 151498
39.95, 151498
39.96, 151498
39.97, 151498
39.98, 151498
39.99, 151498
40.0, 151498
40.01, 151498
40.02, 151498
40.03, 151498
40.04, 151498
40.05, 151498
40.06, 151498
40.07, 151498
40.08, 151498
40.09, 151498
40.1, 151498
40.11, 151498
40.12, 151498
40.13, 151498
40.14, 151498
40.15, 151498
40.16, 151498
40.17, 151498
40.18, 151498
40.19, 151498
40.2, 151498
40.21, 151498
40.22, 151498
40.23, 151498
40.24, 151498
40.25, 151498
40.26, 151498
40.27, 151498
40.28, 151498
40.29, 151498
40.3, 151498
40.31, 151498
40.32, 151498
40.33, 151498
40.34, 151498
40.35, 151498
40.36, 151498
40.37, 151498
40.38, 151498
40.39, 151498
40.4, 151498
40.41, 151498
40.42, 151498
40.43, 151498
40.44, 151498
40.45, 151498
40.46, 151498
40.47, 151498
40.48, 151498
40.49, 151498
40.5, 151498
40.51, 151498
40.52, 151498
40.53, 151498
40.54, 151498
40.55, 151498
40.56, 151498
40.57, 151498
40.58, 151498
40.59, 151498
40.6, 151498
40.61, 151498
40.62, 151498
40.63, 151498
40.64, 151498
40.65, 151498
40.66, 151498
40.67, 151498
40.68, 151498
40.69, 151498
40.7, 151498
40.71, 151498
40.72, 151498
40.73, 151498
40.74, 151498
40.75, 151498
40.76, 151498
40.77, 151498
40.78, 151498
40.79, 151498
40.8, 151498
40.81, 151498
40.82, 151498
40.83, 151498
40.84, 151498
40.85, 151498
40.86, 151498
40.87, 151498
40.88, 151498
40.89, 151498
40.9, 151498
40.91, 151498
40.92, 151498
40.93, 151498
40.94, 151498
40.95, 151498
40.96, 151498
40.97, 151498
40.98, 151498
40.99, 151498
41.0, 151498
41.01, 151498
41.02, 151498
41.03, 151498
41.04, 151498
41.05, 151498
41.06, 151498
41.07, 151498
41.08, 151498
41.09, 151498
41.1, 151498
41.11, 151498
41.12, 151498
41.13, 151498
41.14, 151498
41.15, 151498
41.16, 151498
41.17, 151498
41.18, 151498
41.19, 151498
41.2, 151498
41.21, 151498
41.22, 151498
41.23, 151498
41.24, 151498
41.25, 151498
41.26, 151498
41.27, 151498
41.28, 151498
41.29, 151498
41.3, 151498
41.31, 151498
41.32, 151498
41.33, 151498
41.34, 151498
41.35, 151498
41.36, 151498
41.37, 151498
41.38, 151498
41.39, 151498
41.4, 151498
41.41, 151498
41.42, 151498
41.43, 151498
41.44, 151498
41.45, 151498
41.46, 151498
41.47, 151498
41.48, 151498
41.49, 151498
41.5, 151498
41.51, 151498
41.52, 151498
41.53, 151498
41.54, 151498
41.55, 151498
41.56, 151498
41.57, 151498
41.58, 151498
41.59, 151498
41.6, 151498
41.61, 151498
41.62, 151498
41.63, 151498
41.64, 151498
41.65, 151498
41.66, 151498
41.67, 151498
41.68, 151498
41.69, 151498
41.7, 151498
41.71, 151498
41.72, 151498
41.73, 151498
41.74, 151498
41.75, 151498
41.76, 151498
41.77, 151498
41.78, 151498
41.79, 151498
41.8, 151498
41.81, 151498
41.82, 151498
41.83, 151498
41.84, 151498
41.85, 151498
41.86, 151498
41.87, 151498
41.88, 151498
41.89, 151498
41.9, 151498
41.91, 151498
41.92, 151498
41.93, 151498
41.94, 151498
41.95, 151498
41.96, 151498
41.97, 151498
41.98, 151498
41.99, 151498
42.0, 151498
42.01, 151498
42.02, 151498
42.03, 151498
42.04, 151498
42.05, 151498
42.06, 151498
42.07, 151498
42.08, 151498
42.09, 151498
42.1, 151498
42.11, 151498
42.12, 151498
42.13, 151498
42.14, 151498
42.15, 151498
42.16, 151498
42.17, 151498
42.18, 151498
42.19, 151498
42.2, 151498
42.21, 151498
42.22, 151498
42.23, 151498
42.24, 151498
42.25, 151498
42.26, 151498
42.27, 151498
42.28, 151498
42.29, 151498
42.3, 151498
42.31, 151498
42.32, 151498
42.33, 151498
42.34, 151498
42.35, 151498
42.36, 151498
42.37, 151498
42.38, 151498
42.39, 151498
42.4, 151498
42.41, 151498
42.42, 151498
42.43, 151498
42.44, 151498
42.45, 151498
42.46, 151498
42.47, 151498
42.48, 151498
42.49, 151498
42.5, 151498
42.51, 151498
42.52, 151498
42.53, 151498
42.54, 151498
42.55, 151498
42.56, 151498
42.57, 151498
42.58, 151498
42.59, 151498
42.6, 151498
42.61, 151498
42.62, 151498
42.63, 151498
42.64, 151498
42.65, 151498
42.66, 151498
42.67, 151498
42.68, 151498
42.69, 151498
42.7, 151498
42.71, 151498
42.72, 151498
42.73, 151498
42.74, 151498
42.75, 151498
42.76, 151498
42.77, 151498
42.78, 151498
42.79, 151498
42.8, 151498
42.81, 151498
42.82, 151498
42.83, 151498
42.84, 151498
42.85, 151498
42.86, 151498
42.87, 151498
42.88, 151498
42.89, 151498
42.9, 151498
42.91, 151498
42.92, 151498
42.93, 151498
42.94, 151498
42.95, 151498
42.96, 151498
42.97, 151498
42.98, 151498
42.99, 151498
43.0, 151498
43.01, 151498
43.02, 151498
43.03, 151498
43.04, 151498
43.05, 151498
43.06, 151498
43.07, 151498
43.08, 151498
43.09, 151498
43.1, 151498
43.11, 151498
43.12, 151498
43.13, 151498
43.14, 151498
43.15, 151498
43.16, 151498
43.17, 151498
43.18, 151498
43.19, 151498
43.2, 151498
43.21, 151498
43.22, 151498
43.23, 151498
43.24, 151498
43.25, 151498
43.26, 151498
43.27, 151498
43.28, 151498
43.29, 151498
43.3, 151498
43.31, 151498
43.32, 151498
43.33, 151498
43.34, 151498
43.35, 151498
43.36, 151498
43.37, 151498
43.38, 151498
43.39, 151498
43.4, 151498
43.41, 151498
43.42, 151498
43.43, 151498
43.44, 151498
43.45, 151498
43.46, 151498
43.47, 151498
43.48, 151498
43.49, 151498
43.5, 151498
43.51, 151498
43.52, 151498
43.53, 151498
43.54, 151498
43.55, 151498
43.56, 151498
43.57, 151498
43.58, 151498
43.59, 151498
43.6, 151498
43.61, 151498
43.62, 151498
43.63, 151498
43.64, 151498
43.65, 151498
43.66, 151498
43.67, 151498
43.68, 151498
43.69, 151498
43.7, 151498
43.71, 151498
43.72, 151498
43.73, 151498
43.74, 151498
43.75, 151498
43.76, 151498
43.77, 151498
43.78, 151498
43.79, 151498
43.8, 151498
43.81, 151498
43.82, 151498
43.83, 151498
43.84, 151498
43.85, 151498
43.86, 151498
43.87, 151498
43.88, 151498
43.89, 151498
43.9, 151498
43.91, 151498
43.92, 151498
43.93, 151498
43.94, 151498
43.95, 151498
43.96, 151498
43.97, 151498
43.98, 151498
43.99, 151498
44.0, 151498
44.01, 151498
44.02, 151498
44.03, 151498
44.04, 151498
44.05, 151498
44.06, 151498
44.07, 151498
44.08, 151498
44.09, 151498
44.1, 151498
44.11, 151498
44.12, 151498
44.13, 151498
44.14, 151498
44.15, 151498
44.16, 151498
44.17, 151498
44.18, 151498
44.19, 151498
44.2, 151498
44.21, 151498
44.22, 151498
44.23, 151498
44.24, 151498
44.25, 151498
44.26, 151498
44.27, 151498
44.28, 151498
44.29, 151498
44.3, 151498
44.31, 151498
44.32, 151498
44.33, 151498
44.34, 151498
44.35, 151498
44.36, 151498
44.37, 151498
44.38, 151498
44.39, 151498
44.4, 151498
44.41, 151498
44.42, 151498
44.43, 151498
44.44, 151498
44.45, 151498
44.46, 151498
44.47, 151498
44.48, 151498
44.49, 151498
44.5, 151498
44.51, 151498
44.52, 151498
44.53, 151498
44.54, 151498
44.55, 151498
44.56, 151498
44.57, 151498
44.58, 151498
44.59, 151498
44.6, 151498
44.61, 151498
44.62, 151498
44.63, 151498
44.64, 151498
44.65, 151498
44.66, 151498
44.67, 151498
44.68, 151498
44.69, 151498
44.7, 151498
44.71, 151498
44.72, 151498
44.73, 151498
44.74, 151498
44.75, 151498
44.76, 151498
44.77, 151498
44.78, 151498
44.79, 151498
44.8, 151498
44.81, 151498
44.82, 151498
44.83, 151498
44.84, 151498
44.85, 151498
44.86, 151498
44.87, 151498
44.88, 151498
44.89, 151498
44.9, 151498
44.91, 151498
44.92, 151498
44.93, 151498
44.94, 151498
44.95, 151498
44.96, 151498
44.97, 151498
44.98, 151498
44.99, 151498
45.0, 151498
45.01, 151498
45.02, 151498
45.03, 151498
45.04, 151498
45.05, 151498
45.06, 151498
45.07, 151498
45.08, 151498
45.09, 151498
45.1, 151498
45.11, 151498
45.12, 151498
45.13, 151498
45.14, 151498
45.15, 151498
45.16, 151498
45.17, 151498
45.18, 151498
45.19, 151498
45.2, 151498
45.21, 151498
45.22, 151498
45.23, 151498
45.24, 151498
45.25, 151498
45.26, 151498
45.27, 151498
45.28, 151498
45.29, 151498
45.3, 151498
45.31, 151498
45.32, 151498
45.33, 151498
45.34, 151498
45.35, 151498
45.36, 151498
45.37, 151498
45.38, 151498
45.39, 151498
45.4, 151498
45.41, 151498
45.42, 151498
45.43, 151498
45.44, 151498
45.45, 151498
45.46, 151498
45.47, 151498
45.48, 151498
45.49, 151498
45.5, 151498
45.51, 151498
45.52, 151498
45.53, 151498
45.54, 151498
45.55, 151498
45.56, 151498
45.57, 151498
45.58, 151498
45.59, 151498
45.6, 151498
45.61, 151498
45.62, 151498
45.63, 151498
45.64, 151498
45.65, 151498
45.66, 151498
45.67, 151498
45.68, 151498
45.69, 151498
45.7, 151498
45.71, 151498
45.72, 151498
45.73, 151498
45.74, 151498
45.75, 151498
45.76, 151498
45.77, 151498
45.78, 151498
45.79, 151498
45.8, 151498
45.81, 151498
45.82, 151498
45.83, 151498
45.84, 151498
45.85, 151498
45.86, 151498
45.87, 151498
45.88, 151498
45.89, 151498
45.9, 151498
45.91, 151498
45.92, 151498
45.93, 151498
45.94, 151498
45.95, 151498
45.96, 151498
45.97, 151498
45.98, 151498
45.99, 151498
46.0, 151498
46.01, 151498
46.02, 151498
46.03, 151498
46.04, 151498
46.05, 151498
46.06, 151498
46.07, 151498
46.08, 151498
46.09, 151498
46.1, 151498
46.11, 151498
46.12, 151498
46.13, 151498
46.14, 151498
46.15, 151498
46.16, 151498
46.17, 151498
46.18, 151498
46.19, 151498
46.2, 151498
46.21, 151498
46.22, 151498
46.23, 151498
46.24, 151498
46.25, 151498
46.26, 151498
46.27, 151498
46.28, 151498
46.29, 151498
46.3, 151498
46.31, 151498
46.32, 151498
46.33, 151498
46.34, 151498
46.35, 151498
46.36, 151498
46.37, 151498
46.38, 151498
46.39, 151498
46.4, 151498
46.41, 151498
46.42, 151498
46.43, 151498
46.44, 151498
46.45, 151498
46.46, 151498
46.47, 151498
46.48, 151498
46.49, 151498
46.5, 151498
46.51, 151498
46.52, 151498
46.53, 151498
46.54, 151498
46.55, 151498
46.56, 151498
46.57, 151498
46.58, 151498
46.59, 151498
46.6, 151498
46.61, 151498
46.62, 151498
46.63, 151498
46.64, 151498
46.65, 151498
46.66, 151498
46.67, 151498
46.68, 151498
46.69, 151498
46.7, 151498
46.71, 151498
46.72, 151498
46.73, 151498
46.74, 151498
46.75, 151498
46.76, 151498
46.77, 151498
46.78, 151498
46.79, 151498
46.8, 151498
46.81, 151498
46.82, 151498
46.83, 151498
46.84, 151498
46.85, 151498
46.86, 151498
46.87, 151498
46.88, 151498
46.89, 151498
46.9, 151498
46.91, 151498
46.92, 151498
46.93, 151498
46.94, 151498
46.95, 151498
46.96, 151498
46.97, 151498
46.98, 151498
46.99, 151498
47.0, 151498
47.01, 151498
47.02, 151498
47.03, 151498
47.04, 151498
47.05, 151498
47.06, 151498
47.07, 151498
47.08, 151498
47.09, 151498
47.1, 151498
47.11, 151498
47.12, 151498
47.13, 151498
47.14, 151498
47.15, 151498
47.16, 151498
47.17, 151498
47.18, 151498
47.19, 151498
47.2, 151498
47.21, 151498
47.22, 151498
47.23, 151498
47.24, 151498
47.25, 151498
47.26, 151498
47.27, 151498
47.28, 151498
47.29, 151498
47.3, 151498
47.31, 151498
47.32, 151498
47.33, 151498
47.34, 151498
47.35, 151498
47.36, 151498
47.37, 151498
47.38, 151498
47.39, 151498
47.4, 151498
47.41, 151498
47.42, 151498
47.43, 151498
47.44, 151498
47.45, 151498
47.46, 151498
47.47, 151498
47.48, 151498
47.49, 151498
47.5, 151498
47.51, 151498
47.52, 151498
47.53, 151498
47.54, 151498
47.55, 151498
47.56, 151498
47.57, 151498
47.58, 151498
47.59, 151498
47.6, 151498
47.61, 151498
47.62, 151498
47.63, 151498
47.64, 151498
47.65, 151498
47.66, 151498
47.67, 151498
47.68, 151498
47.69, 151498
47.7, 151498
47.71, 151498
47.72, 151498
47.73, 151498
47.74, 151498
47.75, 151498
47.76, 151498
47.77, 151498
47.78, 151498
47.79, 151498
47.8, 151498
47.81, 151498
47.82, 151498
47.83, 151498
47.84, 151498
47.85, 151498
47.86, 151498
47.87, 151498
47.88, 151498
47.89, 151498
47.9, 151498
47.91, 151498
47.92, 151498
47.93, 151498
47.94, 151498
47.95, 151498
47.96, 151498
47.97, 151498
47.98, 151498
47.99, 151498
48.0, 151498
48.01, 151498
48.02, 151498
48.03, 151498
48.04, 151498
48.05, 151498
48.06, 151498
48.07, 151498
48.08, 151498
48.09, 151498
48.1, 151498
48.11, 151498
48.12, 151498
48.13, 151498
48.14, 151498
48.15, 151498
48.16, 151498
48.17, 151498
48.18, 151498
48.19, 151498
48.2, 151498
48.21, 151498
48.22, 151498
48.23, 151498
48.24, 151498
48.25, 151498
48.26, 151498
48.27, 151498
48.28, 151498
48.29, 151498
48.3, 151498
48.31, 151498
48.32, 151498
48.33, 151498
48.34, 151498
48.35, 151498
48.36, 151498
48.37, 151498
48.38, 151498
48.39, 151498
48.4, 151498
48.41, 151498
48.42, 151498
48.43, 151498
48.44, 151498
48.45, 151498
48.46, 151498
48.47, 151498
48.48, 151498
48.49, 151498
48.5, 151498
48.51, 151498
48.52, 151498
48.53, 151498
48.54, 151498
48.55, 151498
48.56, 151498
48.57, 151498
48.58, 151498
48.59, 151498
48.6, 151498
48.61, 151498
48.62, 151498
48.63, 151498
48.64, 151498
48.65, 151498
48.66, 151498
48.67, 151498
48.68, 151498
48.69, 151498
48.7, 151498
48.71, 151498
48.72, 151498
48.73, 151498
48.74, 151498
48.75, 151498
48.76, 151498
48.77, 151498
48.78, 151498
48.79, 151498
48.8, 151498
48.81, 151498
48.82, 151498
48.83, 151498
48.84, 151498
48.85, 151498
48.86, 151498
48.87, 151498
48.88, 151498
48.89, 151498
48.9, 151498
48.91, 151498
48.92, 151498
48.93, 151498
48.94, 151498
48.95, 151498
48.96, 151498
48.97, 151498
48.98, 151498
48.99, 151498
49.0, 151498
49.01, 151498
49.02, 151498
49.03, 151498
49.04, 151498
49.05, 151498
49.06, 151498
49.07, 151498
49.08, 151498
49.09, 151498
49.1, 151498
49.11, 151498
49.12, 151498
49.13, 151498
49.14, 151498
49.15, 151498
49.16, 151498
49.17, 151498
49.18, 151498
49.19, 151498
49.2, 151498
49.21, 151498
49.22, 151498
49.23, 151498
49.24, 151498
49.25, 151498
49.26, 151498
49.27, 151498
49.28, 151498
49.29, 151498
49.3, 151498
49.31, 151498
49.32, 151498
49.33, 151498
49.34, 151498
49.35, 151498
49.36, 151498
49.37, 151498
49.38, 151498
49.39, 151498
49.4, 151498
49.41, 151498
49.42, 151498
49.43, 151498
49.44, 151498
49.45, 151498
49.46, 151498
49.47, 151498
49.48, 151498
49.49, 151498
49.5, 151498
49.51, 151498
49.52, 151498
49.53, 151498
49.54, 151498
49.55, 151498
49.56, 151498
49.57, 151498
49.58, 151498
49.59, 151498
49.6, 151498
49.61, 151498
49.62, 151498
49.63, 151498
49.64, 151498
49.65, 151498
49.66, 151498
49.67, 151498
49.68, 151498
49.69, 151498
49.7, 151498
49.71, 151498
49.72, 151498
49.73, 151498
49.74, 151498
49.75, 151498
49.76, 151498
49.77, 151498
49.78, 151498
49.79, 151498
49.8, 151498
49.81, 151498
49.82, 151498
49.83, 151498
49.84, 151498
49.85, 151498
49.86, 151498
49.87, 151498
49.88, 151498
49.89, 151498
49.9, 151498
49.91, 151498
49.92, 151498
49.93, 151498
49.94, 151498
49.95, 151498
49.96, 151498
49.97, 151498
49.98, 151498
49.99, 151498
50.0, 151498
50.01, 151498
50.02, 151498
50.03, 151498
50.04, 151498
50.05, 151498
50.06, 151498
50.07, 151498
50.08, 151498
50.09, 151498
50.1, 151498
50.11, 151498
50.12, 151498
50.13, 151498
50.14, 151498
50.15, 151498
50.16, 151498
50.17, 151498
50.18, 151498
50.19, 151498
50.2, 151498
50.21, 151498
50.22, 151498
50.23, 151498
50.24, 151498
50.25, 151498
50.26, 151498
50.27, 151498
50.28, 151498
50.29, 151498
50.3, 151498
50.31, 151498
50.32, 151498
50.33, 151498
50.34, 151498
50.35, 151498
50.36, 151498
50.37, 151498
50.38, 151498
50.39, 151498
50.4, 151498
50.41, 151498
50.42, 151498
50.43, 151498
50.44, 151498
50.45, 151498
50.46, 151498
50.47, 151498
50.48, 151498
50.49, 151498
50.5, 151498
50.51, 151498
50.52, 151498
50.53, 151498
50.54, 151498
50.55, 151498
50.56, 151498
50.57, 151498
50.58, 151498
50.59, 151498
50.6, 151498
50.61, 151498
50.62, 151498
50.63, 151498
50.64, 151498
50.65, 151498
50.66, 151498
50.67, 151498
50.68, 151498
50.69, 151498
50.7, 151498
50.71, 151498
50.72, 151498
50.73, 151498
50.74, 151498
50.75, 151498
50.76, 151498
50.77, 151498
50.78, 151498
50.79, 151498
50.8, 151498
50.81, 151498
50.82, 151498
50.83, 151498
50.84, 151498
50.85, 151498
50.86, 151498
50.87, 151498
50.88, 151498
50.89, 151498
50.9, 151498
50.91, 151498
50.92, 151498
50.93, 151498
50.94, 151498
50.95, 151498
50.96, 151498
50.97, 151498
50.98, 151498
50.99, 151498
51.0, 151498
51.01, 151498
51.02, 151498
51.03, 151498
51.04, 151498
51.05, 151498
51.06, 151498
51.07, 151498
51.08, 151498
51.09, 151498
51.1, 151498
51.11, 151498
51.12, 151498
51.13, 151498
51.14, 151498
51.15, 151498
51.16, 151498
51.17, 151498
51.18, 151498
51.19, 151498
51.2, 151498
51.21, 151498
51.22, 151498
51.23, 151498
51.24, 151498
51.25, 151498
51.26, 151498
51.27, 151498
51.28, 151498
51.29, 151498
51.3, 151498
51.31, 151498
51.32, 151498
51.33, 151498
51.34, 151498
51.35, 151498
51.36, 151498
51.37, 151498
51.38, 151498
51.39, 151498
51.4, 151498
51.41, 151498
51.42, 151498
51.43, 151498
51.44, 151498
51.45, 151498
51.46, 151498
51.47, 151498
51.48, 151498
51.49, 151498
51.5, 151498
51.51, 151498
51.52, 151498
51.53, 151498
51.54, 151498
51.55, 151498
51.56, 151498
51.57, 151498
51.58, 151498
51.59, 151498
51.6, 151498
51.61, 151498
51.62, 151498
51.63, 151498
51.64, 151498
51.65, 151498
51.66, 151498
51.67, 151498
51.68, 151498
51.69, 151498
51.7, 151498
51.71, 151498
51.72, 151498
51.73, 151498
51.74, 151498
51.75, 151498
51.76, 151498
51.77, 151498
51.78, 151498
51.79, 151498
51.8, 151498
51.81, 151498
51.82, 151498
51.83, 151498
51.84, 151498
51.85, 151498
51.86, 151498
51.87, 151498
51.88, 151498
51.89, 151498
51.9, 151498
51.91, 151498
51.92, 151498
51.93, 151498
51.94, 151498
51.95, 151498
51.96, 151498
51.97, 151498
51.98, 151498
51.99, 151498
52.0, 151498
52.01, 151498
52.02, 151498
52.03, 151498
52.04, 151498
52.05, 151498
52.06, 151498
52.07, 151498
52.08, 151498
52.09, 151498
52.1, 151498
52.11, 151498
52.12, 151498
52.13, 151498
52.14, 151498
52.15, 151498
52.16, 151498
52.17, 151498
52.18, 151498
52.19, 151498
52.2, 151498
52.21, 151498
52.22, 151498
52.23, 151498
52.24, 151498
52.25, 151498
52.26, 151498
52.27, 151498
52.28, 151498
52.29, 151498
52.3, 151498
52.31, 151498
52.32, 151498
52.33, 151498
52.34, 151498
52.35, 151498
52.36, 151498
52.37, 151498
52.38, 151498
52.39, 151498
52.4, 151498
52.41, 151498
52.42, 151498
52.43, 151498
52.44, 151498
52.45, 151498
52.46, 151498
52.47, 151498
52.48, 151498
52.49, 151498
52.5, 151498
52.51, 151498
52.52, 151498
52.53, 151498
52.54, 151498
52.55, 151498
52.56, 151498
52.57, 151498
52.58, 151498
52.59, 151498
52.6, 151498
52.61, 151498
52.62, 151498
52.63, 151498
52.64, 151498
52.65, 151498
52.66, 151498
52.67, 151498
52.68, 151498
52.69, 151498
52.7, 151498
52.71, 151498
52.72, 151498
52.73, 151498
52.74, 151498
52.75, 151498
52.76, 151498
52.77, 151498
52.78, 151498
52.79, 151498
52.8, 151498
52.81, 151498
52.82, 151498
52.83, 151498
52.84, 151498
52.85, 151498
52.86, 151498
52.87, 151498
52.88, 151498
52.89, 151498
52.9, 151498
52.91, 151498
52.92, 151498
52.93, 151498
52.94, 151498
52.95, 151498
52.96, 151498
52.97, 151498
52.98, 151498
52.99, 151498
53.0, 151498
53.01, 151498
53.02, 151498
53.03, 151498
53.04, 151498
53.05, 151498
53.06, 151498
53.07, 151498
53.08, 151498
53.09, 151498
53.1, 151498
53.11, 151498
53.12, 151498
53.13, 151498
53.14, 151498
53.15, 151498
53.16, 151498
53.17, 151498
53.18, 151498
53.19, 151498
53.2, 151498
53.21, 151498
53.22, 151498
53.23, 151498
53.24, 151498
53.25, 151498
53.26, 151498
53.27, 151498
53.28, 151498
53.29, 151498
53.3, 151498
53.31, 151498
53.32, 151498
53.33, 151498
53.34, 151498
53.35, 151498
53.36, 151498
53.37, 151498
53.38, 151498
53.39, 151498
53.4, 151498
53.41, 151498
53.42, 151498
53.43, 151498
53.44, 151498
53.45, 151498
53.46, 151498
53.47, 151498
53.48, 151498
53.49, 151498
53.5, 151498
53.51, 151498
53.52, 151498
53.53, 151498
53.54, 151498
53.55, 151498
53.56, 151498
53.57, 151498
53.58, 151498
53.59, 151498
53.6, 151498
53.61, 151498
53.62, 151498
53.63, 151498
53.64, 151498
53.65, 151498
53.66, 151498
53.67, 151498
53.68, 151498
53.69, 151498
53.7, 151498
53.71, 151498
53.72, 151498
53.73, 151498
53.74, 151498
53.75, 151498
53.76, 151498
53.77, 151498
53.78, 151498
53.79, 151498
53.8, 151498
53.81, 151498
53.82, 151498
53.83, 151498
53.84, 151498
53.85, 151498
53.86, 151498
53.87, 151498
53.88, 151498
53.89, 151498
53.9, 151498
53.91, 151498
53.92, 151498
53.93, 151498
53.94, 151498
53.95, 151498
53.96, 151498
53.97, 151498
53.98, 151498
53.99, 151498
54.0, 151498
54.01, 151498
54.02, 151498
54.03, 151498
54.04, 151498
54.05, 151498
54.06, 151498
54.07, 151498
54.08, 151498
54.09, 151498
54.1, 151498
54.11, 151498
54.12, 151498
54.13, 151498
54.14, 151498
54.15, 151498
54.16, 151498
54.17, 151498
54.18, 151498
54.19, 151498
54.2, 151498
54.21, 151498
54.22, 151498
54.23, 151498
54.24, 151498
54.25, 151498
54.26, 151498
54.27, 151498
54.28, 151498
54.29, 151498
54.3, 151498
54.31, 151498
54.32, 151498
54.33, 151498
54.34, 151498
54.35, 151498
54.36, 151498
54.37, 151498
54.38, 151498
54.39, 151498
54.4, 151498
54.41, 151498
54.42, 151498
54.43, 151498
54.44, 151498
54.45, 151498
54.46, 151498
54.47, 151498
54.48, 151498
54.49, 151498
54.5, 151498
54.51, 151498
54.52, 151498
54.53, 151498
54.54, 151498
54.55, 151498
54.56, 151498
54.57, 151498
54.58, 151498
54.59, 151498
54.6, 151498
54.61, 151498
54.62, 151498
54.63, 151498
54.64, 151498
54.65, 151498
54.66, 151498
54.67, 151498
54.68, 151498
54.69, 151498
54.7, 151498
54.71, 151498
54.72, 151498
54.73, 151498
54.74, 151498
54.75, 151498
54.76, 151498
54.77, 151498
54.78, 151498
54.79, 151498
54.8, 151498
54.81, 151498
54.82, 151498
54.83, 151498
54.84, 151498
54.85, 151498
54.86, 151498
54.87, 151498
54.88, 151498
54.89, 151498
54.9, 151498
54.91, 151498
54.92, 151498
54.93, 151498
54.94, 151498
54.95, 151498
54.96, 151498
54.97, 151498
54.98, 151498
54.99, 151498
55.0, 151498
55.01, 151498
55.02, 151498
55.03, 151498
55.04, 151498
55.05, 151498
55.06, 151498
55.07, 151498
55.08, 151498
55.09, 151498
55.1, 151498
55.11, 151498
55.12, 151498
55.13, 151498
55.14, 151498
55.15, 151498
55.16, 151498
55.17, 151498
55.18, 151498
55.19, 151498
55.2, 151498
55.21, 151498
55.22, 151498
55.23, 151498
55.24, 151498
55.25, 151498
55.26, 151498
55.27, 151498
55.28, 151498
55.29, 151498
55.3, 151498
55.31, 151498
55.32, 151498
55.33, 151498
55.34, 151498
55.35, 151498
55.36, 151498
55.37, 151498
55.38, 151498
55.39, 151498
55.4, 151498
55.41, 151498
55.42, 151498
55.43, 151498
55.44, 151498
55.45, 151498
55.46, 151498
55.47, 151498
55.48, 151498
55.49, 151498
55.5, 151498
55.51, 151498
55.52, 151498
55.53, 151498
55.54, 151498
55.55, 151498
55.56, 151498
55.57, 151498
55.58, 151498
55.59, 151498
55.6, 151498
55.61, 151498
55.62, 151498
55.63, 151498
55.64, 151498
55.65, 151498
55.66, 151498
55.67, 151498
55.68, 151498
55.69, 151498
55.7, 151498
55.71, 151498
55.72, 151498
55.73, 151498
55.74, 151498
55.75, 151498
55.76, 151498
55.77, 151498
55.78, 151498
55.79, 151498
55.8, 151498
55.81, 151498
55.82, 151498
55.83, 151498
55.84, 151498
55.85, 151498
55.86, 151498
55.87, 151498
55.88, 151498
55.89, 151498
55.9, 151498
55.91, 151498
55.92, 151498
55.93, 151498
55.94, 151498
55.95, 151498
55.96, 151498
55.97, 151498
55.98, 151498
55.99, 151498
56.0, 151498
56.01, 151498
56.02, 151498
56.03, 151498
56.04, 151498
56.05, 151498
56.06, 151498
56.07, 151498
56.08, 151498
56.09, 151498
56.1, 151498
56.11, 151498
56.12, 151498
56.13, 151498
56.14, 151498
56.15, 151498
56.16, 151498
56.17, 151498
56.18, 151498
56.19, 151498
56.2, 151498
56.21, 151498
56.22, 151498
56.23, 151498
56.24, 151498
56.25, 151498
56.26, 151498
56.27, 151498
56.28, 151498
56.29, 151498
56.3, 151498
56.31, 151498
56.32, 151498
56.33, 151498
56.34, 151498
56.35, 151498
56.36, 151498
56.37, 151498
56.38, 151498
56.39, 151498
56.4, 151498
56.41, 151498
56.42, 151498
56.43, 151498
56.44, 151498
56.45, 151498
56.46, 151498
56.47, 151498
56.48, 151498
56.49, 151498
56.5, 151498
56.51, 151498
56.52, 151498
56.53, 151498
56.54, 151498
56.55, 151498
56.56, 151498
56.57, 151498
56.58, 151498
56.59, 151498
56.6, 151498
56.61, 151498
56.62, 151498
56.63, 151498
56.64, 151498
56.65, 151498
56.66, 151498
56.67, 151498
56.68, 151498
56.69, 151498
56.7, 151498
56.71, 151498
56.72, 151498
56.73, 151498
56.74, 151498
56.75, 151498
56.76, 151498
56.77, 151498
56.78, 151498
56.79, 151498
56.8, 151498
56.81, 151498
56.82, 151498
56.83, 151498
56.84, 151498
56.85, 151498
56.86, 151498
56.87, 151498
56.88, 151498
56.89, 151498
56.9, 151498
56.91, 151498
56.92, 151498
56.93, 151498
56.94, 151498
56.95, 151498
56.96, 151498
56.97, 151498
56.98, 151498
56.99, 151498
57.0, 151498
57.01, 151498
57.02, 151498
57.03, 151498
57.04, 151498
57.05, 151498
57.06, 151498
57.07, 151498
57.08, 151498
57.09, 151498
57.1, 151498
57.11, 151498
57.12, 151498
57.13, 151498
57.14, 151498
57.15, 151498
57.16, 151498
57.17, 151498
57.18, 151498
57.19, 151498
57.2, 151498
57.21, 151498
57.22, 151498
57.23, 151498
57.24, 151498
57.25, 151498
57.26, 151498
57.27, 151498
57.28, 151498
57.29, 151498
57.3, 151498
57.31, 151498
57.32, 151498
57.33, 151498
57.34, 151498
57.35, 151498
57.36, 151498
57.37, 151498
57.38, 151498
57.39, 151498
57.4, 151498
57.41, 151498
57.42, 151498
57.43, 151498
57.44, 151498
57.45, 151498
57.46, 151498
57.47, 151498
57.48, 151498
57.49, 151498
57.5, 151498
57.51, 151498
57.52, 151498
57.53, 151498
57.54, 151498
57.55, 151498
57.56, 151498
57.57, 151498
57.58, 151498
57.59, 151498
57.6, 151498
57.61, 151498
57.62, 151498
57.63, 151498
57.64, 151498
57.65, 151498
57.66, 151498
57.67, 151498
57.68, 151498
57.69, 151498
57.7, 151498
57.71, 151498
57.72, 151498
57.73, 151498
57.74, 151498
57.75, 151498
57.76, 151498
57.77, 151498
57.78, 151498
57.79, 151498
57.8, 151498
57.81, 151498
57.82, 151498
57.83, 151498
57.84, 151498
57.85, 151498
57.86, 151498
57.87, 151498
57.88, 151498
57.89, 151498
57.9, 151498
57.91, 151498
57.92, 151498
57.93, 151498
57.94, 151498
57.95, 151498
57.96, 151498
57.97, 151498
57.98, 151498
57.99, 151498
58.0, 151498
58.01, 151498
58.02, 151498
58.03, 151498
58.04, 151498
58.05, 151498
58.06, 151498
58.07, 151498
58.08, 151498
58.09, 151498
58.1, 151498
58.11, 151498
58.12, 151498
58.13, 151498
58.14, 151498
58.15, 151498
58.16, 151498
58.17, 151498
58.18, 151498
58.19, 151498
58.2, 151498
58.21, 151498
58.22, 151498
58.23, 151498
58.24, 151498
58.25, 151498
58.26, 151498
58.27, 151498
58.28, 151498
58.29, 151498
58.3, 151498
58.31, 151498
58.32, 151498
58.33, 151498
58.34, 151498
58.35, 151498
58.36, 151498
58.37, 151498
58.38, 151498
58.39, 151498
58.4, 151498
58.41, 151498
58.42, 151498
58.43, 151498
58.44, 151498
58.45, 151498
58.46, 151498
58.47, 151498
58.48, 151498
58.49, 151498
58.5, 151498
58.51, 151498
58.52, 151498
58.53, 151498
58.54, 151498
58.55, 151498
58.56, 151498
58.57, 151498
58.58, 151498
58.59, 151498
58.6, 151498
58.61, 151498
58.62, 151498
58.63, 151498
58.64, 151498
58.65, 151498
58.66, 151498
58.67, 151498
58.68, 151498
58.69, 151498
58.7, 151498
58.71, 151498
58.72, 151498
58.73, 151498
58.74, 151498
58.75, 151498
58.76, 151498
58.77, 151498
58.78, 151498
58.79, 151498
58.8, 151498
58.81, 151498
58.82, 151498
58.83, 151498
58.84, 151498
58.85, 151498
58.86, 151498
58.87, 151498
58.88, 151498
58.89, 151498
58.9, 151498
58.91, 151498
58.92, 151498
58.93, 151498
58.94, 151498
58.95, 151498
58.96, 151498
58.97, 151498
58.98, 151498
58.99, 151498
59.0, 151498
59.01, 151498
59.02, 151498
59.03, 151498
59.04, 151498
59.05, 151498
59.06, 151498
59.07, 151498
59.08, 151498
59.09, 151498
59.1, 151498
59.11, 151498
59.12, 151498
59.13, 151498
59.14, 151498
59.15, 151498
59.16, 151498
59.17, 151498
59.18, 151498
59.19, 151498
59.2, 151498
59.21, 151498
59.22, 151498
59.23, 151498
59.24, 151498
59.25, 151498
59.26, 151498
59.27, 151498
59.28, 151498
59.29, 151498
59.3, 151498
59.31, 151498
59.32, 151498
59.33, 151498
59.34, 151498
59.35, 151498
59.36, 151498
59.37, 151498
59.38, 151498
59.39, 151498
59.4, 151498
59.41, 151498
59.42, 151498
59.43, 151498
59.44, 151498
59.45, 151498
59.46, 151498
59.47, 151498
59.48, 151498
59.49, 151498
59.5, 151498
59.51, 151498
59.52, 151498
59.53, 151498
59.54, 151498
59.55, 151498
59.56, 151498
59.57, 151498
59.58, 151498
59.59, 151498
59.6, 151498
59.61, 151498
59.62, 151498
59.63, 151498
59.64, 151498
59.65, 151498
59.66, 151498
59.67, 151498
59.68, 151498
59.69, 151498
59.7, 151498
59.71, 151498
59.72, 151498
59.73, 151498
59.74, 151498
59.75, 151498
59.76, 151498
59.77, 151498
59.78, 151498
59.79, 151498
59.8, 151498
59.81, 151498
59.82, 151498
59.83, 151498
59.84, 151498
59.85, 151498
59.86, 151498
59.87, 151498
59.88, 151498
59.89, 151498
59.9, 151498
59.91, 151498
59.92, 151498
59.93, 151498
59.94, 151498
59.95, 151498
59.96, 151498
59.97, 151498
59.98, 151498
59.99, 151498
